Fri 06 Feb 2026 09:43:58 INFO  ['scripts\\run_grid.py', '--models', 'timeweaver_tvf', '--datasets', 'amazon-beauty-5core-subset,amazon-electronics-5core-subset', '--seeds', '42,2023,2024', '--device', 'gpu', '--timeweaver-variant', 'base']
Fri 06 Feb 2026 09:43:58 INFO  
General Hyper Parameters:
gpu_id = 0
use_gpu = True
seed = 42
state = INFO
reproducibility = True
data_path = data/amazon\amazon-beauty-5core-subset
checkpoint_dir = saved
show_progress = True
save_dataset = False
dataset_save_path = None
save_dataloaders = False
dataloaders_save_path = None
log_wandb = False

Training Hyper Parameters:
epochs = 100
train_batch_size = 256
learner = adam
learning_rate = 0.001
train_neg_sample_args = {'distribution': 'none', 'sample_num': 'none', 'alpha': 'none', 'dynamic': False, 'candidate_num': 0}
eval_step = 1
stopping_step = 10
clip_grad_norm = None
weight_decay = 0.0
loss_decimal_place = 4

Evaluation Hyper Parameters:
eval_args = {'split': {'LS': 'valid_and_test'}, 'order': 'TO', 'group_by': 'user', 'mode': {'valid': 'uni100', 'test': 'uni100'}}
repeatable = True
metrics = ['Hit', 'NDCG', 'MRR']
topk = [10]
valid_metric = MRR@10
valid_metric_bigger = True
eval_batch_size = 512
metric_decimal_place = 4

Dataset Hyper Parameters:
field_separator = 	
seq_separator =  
USER_ID_FIELD = user_id
ITEM_ID_FIELD = item_id
RATING_FIELD = rating
TIME_FIELD = timestamp
seq_len = None
LABEL_FIELD = label
threshold = None
NEG_PREFIX = neg_
load_col = {'inter': ['user_id', 'item_id', 'rating', 'timestamp']}
unload_col = None
unused_col = None
additional_feat_suffix = None
rm_dup_inter = None
val_interval = None
filter_inter_by_user_or_item = True
user_inter_num_interval = [0,inf)
item_inter_num_interval = [0,inf)
alias_of_user_id = None
alias_of_item_id = None
alias_of_entity_id = None
alias_of_relation_id = None
preload_weight = None
normalize_field = None
normalize_all = None
ITEM_LIST_LENGTH_FIELD = item_length
LIST_SUFFIX = _list
MAX_ITEM_LIST_LENGTH = 32
POSITION_FIELD = position_id
HEAD_ENTITY_ID_FIELD = head_id
TAIL_ENTITY_ID_FIELD = tail_id
RELATION_ID_FIELD = relation_id
ENTITY_ID_FIELD = entity_id
benchmark_filename = None

Other Hyper Parameters: 
worker = 0
wandb_project = recbole
shuffle = True
require_pow = False
enable_amp = False
enable_scaler = False
transform = None
numerical_features = []
discretization = None
kg_reverse_r = False
entity_kg_num_interval = [0,inf)
relation_kg_num_interval = [0,inf)
MODEL_TYPE = ModelType.SEQUENTIAL
model_name = TimeWeaverTVF
hidden_size = 64
num_layers = 2
hidden_dropout_prob = 0.5
initializer_range = 0.02
time_bucket_size = 1000
ema_decay = 0.1
tcn_kernel_size = -1
ffn_hidden_size = 256
tvf_m = 8
tvf_poly_order = -1
tvf_reg_weight = 0.0001
loss_type = CE
early_stop = 10
neg_sampling = None
device = cuda
use_continuous_time = False
use_time_gate = False
use_time_augmentation = False
MODEL_INPUT_TYPE = InputType.POINTWISE
eval_type = EvaluatorType.RANKING
single_spec = True
local_rank = 0
valid_neg_sample_args = {'distribution': 'uniform', 'sample_num': 100}
test_neg_sample_args = {'distribution': 'uniform', 'sample_num': 100}


Fri 06 Feb 2026 09:43:59 INFO  amazon-beauty-5core-subset
The number of users: 7001
Average actions of users: 15.458
The number of items: 11924
Average actions of items: 9.075400486454752
The number of inters: 108206
The sparsity of the dataset: 99.87038081155896%
Remain Fields: ['user_id', 'item_id', 'rating', 'timestamp']
Fri 06 Feb 2026 09:44:01 INFO  [Training]: train_batch_size = [256] train_neg_sample_args: [{'distribution': 'none', 'sample_num': 'none', 'alpha': 'none', 'dynamic': False, 'candidate_num': 0}]
Fri 06 Feb 2026 09:44:01 INFO  [Evaluation]: eval_batch_size = [512] eval_args: [{'split': {'LS': 'valid_and_test'}, 'order': 'TO', 'group_by': 'user', 'mode': {'valid': 'uni100', 'test': 'uni100'}}]
Fri 06 Feb 2026 09:44:01 INFO  TimeWeaverTVF(
  (item_embedding): Embedding(11924, 64, padding_idx=0)
  (time_aug): TimeAwareAugmentation(
    (pos_embedding): Embedding(32, 64)
    (time_embedding): Embedding(1000, 64)
    (layer_norm): LayerNorm((64,), eps=1e-05, elementwise_affine=True)
    (drop): Dropout(p=0.5, inplace=False)
  )
  (context_layers): ModuleList(
    (0-1): 2 x TVFContextBlock(
      (drop): Dropout(p=0.5, inplace=False)
      (norm1): LayerNorm((64,), eps=1e-05, elementwise_affine=True)
      (ffn): Sequential(
        (0): Linear(in_features=64, out_features=256, bias=True)
        (1): GELU(approximate='none')
        (2): Dropout(p=0.5, inplace=False)
        (3): Linear(in_features=256, out_features=64, bias=True)
        (4): Dropout(p=0.5, inplace=False)
      )
      (norm2): LayerNorm((64,), eps=1e-05, elementwise_affine=True)
    )
  )
  (dynamic_layers): ModuleList(
    (0-1): 2 x EMAStream(
      (proj): Linear(in_features=64, out_features=64, bias=True)
    )
  )
  (weavers): ModuleList(
    (0-1): 2 x StreamWeaver(
      (proj): Linear(in_features=128, out_features=64, bias=True)
      (norm): LayerNorm((64,), eps=1e-05, elementwise_affine=True)
    )
  )
  (loss_fct): CrossEntropyLoss()
)
Trainable parameters: 923153.0
Fri 06 Feb 2026 09:44:01 INFO  FLOPs: 2918400.0
Fri 06 Feb 2026 09:44:46 INFO  epoch 0 training [time: 43.03s, train loss: 2930.8138]
Fri 06 Feb 2026 09:44:56 INFO  epoch 0 evaluating [time: 10.33s, valid_score: 0.228400]
Fri 06 Feb 2026 09:44:56 INFO  valid result: 
hit@10 : 0.4706    ndcg@10 : 0.2858    mrr@10 : 0.2284
Fri 06 Feb 2026 09:44:56 INFO  Saving current: saved\TimeWeaverTVF-Feb-06-2026_09-44-01.pth
Fri 06 Feb 2026 09:45:39 INFO  epoch 1 training [time: 42.64s, train loss: 2686.3151]
Fri 06 Feb 2026 09:45:49 INFO  epoch 1 evaluating [time: 10.31s, valid_score: 0.290700]
Fri 06 Feb 2026 09:45:49 INFO  valid result: 
hit@10 : 0.5083    ndcg@10 : 0.3426    mrr@10 : 0.2907
Fri 06 Feb 2026 09:45:49 INFO  Saving current: saved\TimeWeaverTVF-Feb-06-2026_09-44-01.pth
Fri 06 Feb 2026 09:46:33 INFO  epoch 2 training [time: 43.37s, train loss: 2535.7645]
Fri 06 Feb 2026 09:46:42 INFO  epoch 2 evaluating [time: 9.74s, valid_score: 0.330900]
Fri 06 Feb 2026 09:46:42 INFO  valid result: 
hit@10 : 0.5367    ndcg@10 : 0.38    mrr@10 : 0.3309
Fri 06 Feb 2026 09:46:42 INFO  Saving current: saved\TimeWeaverTVF-Feb-06-2026_09-44-01.pth
Fri 06 Feb 2026 09:47:26 INFO  epoch 3 training [time: 43.34s, train loss: 2419.8468]
Fri 06 Feb 2026 09:47:36 INFO  epoch 3 evaluating [time: 10.22s, valid_score: 0.343200]
Fri 06 Feb 2026 09:47:36 INFO  valid result: 
hit@10 : 0.5409    ndcg@10 : 0.3904    mrr@10 : 0.3432
Fri 06 Feb 2026 09:47:36 INFO  Saving current: saved\TimeWeaverTVF-Feb-06-2026_09-44-01.pth
Fri 06 Feb 2026 09:48:19 INFO  epoch 4 training [time: 43.07s, train loss: 2324.9654]
Fri 06 Feb 2026 09:48:29 INFO  epoch 4 evaluating [time: 10.10s, valid_score: 0.351300]
Fri 06 Feb 2026 09:48:29 INFO  valid result: 
hit@10 : 0.5429    ndcg@10 : 0.3969    mrr@10 : 0.3513
Fri 06 Feb 2026 09:48:29 INFO  Saving current: saved\TimeWeaverTVF-Feb-06-2026_09-44-01.pth
Fri 06 Feb 2026 09:49:12 INFO  epoch 5 training [time: 43.10s, train loss: 2245.8399]
Fri 06 Feb 2026 09:49:22 INFO  epoch 5 evaluating [time: 9.90s, valid_score: 0.352600]
Fri 06 Feb 2026 09:49:22 INFO  valid result: 
hit@10 : 0.5386    ndcg@10 : 0.397    mrr@10 : 0.3526
Fri 06 Feb 2026 09:49:22 INFO  Saving current: saved\TimeWeaverTVF-Feb-06-2026_09-44-01.pth
Fri 06 Feb 2026 09:50:04 INFO  epoch 6 training [time: 41.86s, train loss: 2176.9576]
Fri 06 Feb 2026 09:50:14 INFO  epoch 6 evaluating [time: 9.90s, valid_score: 0.351900]
Fri 06 Feb 2026 09:50:14 INFO  valid result: 
hit@10 : 0.542    ndcg@10 : 0.3974    mrr@10 : 0.3519
Fri 06 Feb 2026 09:50:56 INFO  epoch 7 training [time: 42.19s, train loss: 2120.4781]
Fri 06 Feb 2026 09:51:06 INFO  epoch 7 evaluating [time: 10.25s, valid_score: 0.351400]
Fri 06 Feb 2026 09:51:06 INFO  valid result: 
hit@10 : 0.5389    ndcg@10 : 0.3961    mrr@10 : 0.3514
Fri 06 Feb 2026 09:51:51 INFO  epoch 8 training [time: 44.70s, train loss: 2077.3785]
Fri 06 Feb 2026 09:52:02 INFO  epoch 8 evaluating [time: 10.43s, valid_score: 0.353200]
Fri 06 Feb 2026 09:52:02 INFO  valid result: 
hit@10 : 0.5409    ndcg@10 : 0.3978    mrr@10 : 0.3532
Fri 06 Feb 2026 09:52:02 INFO  Saving current: saved\TimeWeaverTVF-Feb-06-2026_09-44-01.pth
Fri 06 Feb 2026 09:52:45 INFO  epoch 9 training [time: 43.46s, train loss: 2037.8564]
Fri 06 Feb 2026 09:52:55 INFO  epoch 9 evaluating [time: 10.25s, valid_score: 0.352200]
Fri 06 Feb 2026 09:52:55 INFO  valid result: 
hit@10 : 0.5417    ndcg@10 : 0.3975    mrr@10 : 0.3522
Fri 06 Feb 2026 09:53:38 INFO  epoch 10 training [time: 43.11s, train loss: 2007.3471]
Fri 06 Feb 2026 09:53:49 INFO  epoch 10 evaluating [time: 10.17s, valid_score: 0.350700]
Fri 06 Feb 2026 09:53:49 INFO  valid result: 
hit@10 : 0.544    ndcg@10 : 0.3968    mrr@10 : 0.3507
Fri 06 Feb 2026 09:54:31 INFO  epoch 11 training [time: 42.39s, train loss: 1978.3039]
Fri 06 Feb 2026 09:54:41 INFO  epoch 11 evaluating [time: 10.36s, valid_score: 0.354400]
Fri 06 Feb 2026 09:54:41 INFO  valid result: 
hit@10 : 0.5394    ndcg@10 : 0.3986    mrr@10 : 0.3544
Fri 06 Feb 2026 09:54:41 INFO  Saving current: saved\TimeWeaverTVF-Feb-06-2026_09-44-01.pth
Fri 06 Feb 2026 09:55:26 INFO  epoch 12 training [time: 44.68s, train loss: 1952.9480]
Fri 06 Feb 2026 09:55:36 INFO  epoch 12 evaluating [time: 10.32s, valid_score: 0.353800]
Fri 06 Feb 2026 09:55:36 INFO  valid result: 
hit@10 : 0.5441    ndcg@10 : 0.3992    mrr@10 : 0.3538
Fri 06 Feb 2026 09:56:19 INFO  epoch 13 training [time: 42.68s, train loss: 1932.0461]
Fri 06 Feb 2026 09:56:29 INFO  epoch 13 evaluating [time: 9.75s, valid_score: 0.355000]
Fri 06 Feb 2026 09:56:29 INFO  valid result: 
hit@10 : 0.5437    ndcg@10 : 0.4    mrr@10 : 0.355
Fri 06 Feb 2026 09:56:29 INFO  Saving current: saved\TimeWeaverTVF-Feb-06-2026_09-44-01.pth
Fri 06 Feb 2026 09:57:12 INFO  epoch 14 training [time: 42.79s, train loss: 1910.4986]
Fri 06 Feb 2026 09:57:22 INFO  epoch 14 evaluating [time: 9.87s, valid_score: 0.353600]
Fri 06 Feb 2026 09:57:22 INFO  valid result: 
hit@10 : 0.5461    ndcg@10 : 0.3994    mrr@10 : 0.3536
Fri 06 Feb 2026 09:58:04 INFO  epoch 15 training [time: 42.76s, train loss: 1893.7041]
Fri 06 Feb 2026 09:58:14 INFO  epoch 15 evaluating [time: 10.14s, valid_score: 0.352300]
Fri 06 Feb 2026 09:58:14 INFO  valid result: 
hit@10 : 0.5426    ndcg@10 : 0.3977    mrr@10 : 0.3523
Fri 06 Feb 2026 09:58:57 INFO  epoch 16 training [time: 42.41s, train loss: 1877.8255]
Fri 06 Feb 2026 09:59:07 INFO  epoch 16 evaluating [time: 10.07s, valid_score: 0.354100]
Fri 06 Feb 2026 09:59:07 INFO  valid result: 
hit@10 : 0.5449    ndcg@10 : 0.3996    mrr@10 : 0.3541
Fri 06 Feb 2026 10:00:04 INFO  epoch 17 training [time: 57.44s, train loss: 1861.8134]
Fri 06 Feb 2026 10:00:16 INFO  epoch 17 evaluating [time: 11.23s, valid_score: 0.351400]
Fri 06 Feb 2026 10:00:16 INFO  valid result: 
hit@10 : 0.5434    ndcg@10 : 0.3972    mrr@10 : 0.3514
Fri 06 Feb 2026 10:01:03 INFO  epoch 18 training [time: 47.60s, train loss: 1846.5676]
Fri 06 Feb 2026 10:01:14 INFO  epoch 18 evaluating [time: 10.76s, valid_score: 0.353400]
Fri 06 Feb 2026 10:01:14 INFO  valid result: 
hit@10 : 0.5476    ndcg@10 : 0.3996    mrr@10 : 0.3534
Fri 06 Feb 2026 10:02:02 INFO  epoch 19 training [time: 47.79s, train loss: 1833.0698]
Fri 06 Feb 2026 10:02:12 INFO  epoch 19 evaluating [time: 10.78s, valid_score: 0.352600]
Fri 06 Feb 2026 10:02:12 INFO  valid result: 
hit@10 : 0.5466    ndcg@10 : 0.3987    mrr@10 : 0.3526
Fri 06 Feb 2026 10:03:01 INFO  epoch 20 training [time: 48.69s, train loss: 1819.8956]
Fri 06 Feb 2026 10:03:13 INFO  epoch 20 evaluating [time: 11.49s, valid_score: 0.355700]
Fri 06 Feb 2026 10:03:13 INFO  valid result: 
hit@10 : 0.5477    ndcg@10 : 0.4014    mrr@10 : 0.3557
Fri 06 Feb 2026 10:03:13 INFO  Saving current: saved\TimeWeaverTVF-Feb-06-2026_09-44-01.pth
Fri 06 Feb 2026 10:04:02 INFO  epoch 21 training [time: 49.51s, train loss: 1807.6978]
Fri 06 Feb 2026 10:04:13 INFO  epoch 21 evaluating [time: 10.63s, valid_score: 0.354300]
Fri 06 Feb 2026 10:04:13 INFO  valid result: 
hit@10 : 0.5496    ndcg@10 : 0.4008    mrr@10 : 0.3543
Fri 06 Feb 2026 10:05:00 INFO  epoch 22 training [time: 46.93s, train loss: 1794.0517]
Fri 06 Feb 2026 10:05:10 INFO  epoch 22 evaluating [time: 10.72s, valid_score: 0.355100]
Fri 06 Feb 2026 10:05:10 INFO  valid result: 
hit@10 : 0.5451    ndcg@10 : 0.4003    mrr@10 : 0.3551
Fri 06 Feb 2026 10:05:58 INFO  epoch 23 training [time: 47.94s, train loss: 1784.8182]
Fri 06 Feb 2026 10:06:10 INFO  epoch 23 evaluating [time: 11.35s, valid_score: 0.351800]
Fri 06 Feb 2026 10:06:10 INFO  valid result: 
hit@10 : 0.5486    ndcg@10 : 0.3987    mrr@10 : 0.3518
Fri 06 Feb 2026 10:07:01 INFO  epoch 24 training [time: 51.43s, train loss: 1769.1588]
Fri 06 Feb 2026 10:07:13 INFO  epoch 24 evaluating [time: 11.89s, valid_score: 0.353100]
Fri 06 Feb 2026 10:07:13 INFO  valid result: 
hit@10 : 0.5497    ndcg@10 : 0.3998    mrr@10 : 0.3531
Fri 06 Feb 2026 10:08:04 INFO  epoch 25 training [time: 50.82s, train loss: 1760.8506]
Fri 06 Feb 2026 10:08:15 INFO  epoch 25 evaluating [time: 11.29s, valid_score: 0.349500]
Fri 06 Feb 2026 10:08:15 INFO  valid result: 
hit@10 : 0.5446    ndcg@10 : 0.3959    mrr@10 : 0.3495
Fri 06 Feb 2026 10:09:11 INFO  epoch 26 training [time: 55.87s, train loss: 1751.7878]
Fri 06 Feb 2026 10:09:24 INFO  epoch 26 evaluating [time: 13.19s, valid_score: 0.354100]
Fri 06 Feb 2026 10:09:24 INFO  valid result: 
hit@10 : 0.551    ndcg@10 : 0.4009    mrr@10 : 0.3541
Fri 06 Feb 2026 10:10:21 INFO  epoch 27 training [time: 56.48s, train loss: 1741.7686]
Fri 06 Feb 2026 10:10:32 INFO  epoch 27 evaluating [time: 11.45s, valid_score: 0.354800]
Fri 06 Feb 2026 10:10:32 INFO  valid result: 
hit@10 : 0.5446    ndcg@10 : 0.4    mrr@10 : 0.3548
Fri 06 Feb 2026 10:11:23 INFO  epoch 28 training [time: 50.79s, train loss: 1729.0506]
Fri 06 Feb 2026 10:11:35 INFO  epoch 28 evaluating [time: 12.03s, valid_score: 0.351600]
Fri 06 Feb 2026 10:11:35 INFO  valid result: 
hit@10 : 0.5463    ndcg@10 : 0.3978    mrr@10 : 0.3516
Fri 06 Feb 2026 10:12:26 INFO  epoch 29 training [time: 51.10s, train loss: 1721.1047]
Fri 06 Feb 2026 10:12:37 INFO  epoch 29 evaluating [time: 11.29s, valid_score: 0.348800]
Fri 06 Feb 2026 10:12:37 INFO  valid result: 
hit@10 : 0.5443    ndcg@10 : 0.3954    mrr@10 : 0.3488
Fri 06 Feb 2026 10:13:28 INFO  epoch 30 training [time: 50.66s, train loss: 1711.2585]
Fri 06 Feb 2026 10:13:39 INFO  epoch 30 evaluating [time: 11.20s, valid_score: 0.350400]
Fri 06 Feb 2026 10:13:39 INFO  valid result: 
hit@10 : 0.5453    ndcg@10 : 0.3968    mrr@10 : 0.3504
Fri 06 Feb 2026 10:14:33 INFO  epoch 31 training [time: 53.23s, train loss: 1701.4476]
Fri 06 Feb 2026 10:14:43 INFO  epoch 31 evaluating [time: 10.95s, valid_score: 0.353200]
Fri 06 Feb 2026 10:14:43 INFO  valid result: 
hit@10 : 0.5477    ndcg@10 : 0.3995    mrr@10 : 0.3532
Fri 06 Feb 2026 10:14:43 INFO  Finished training, best eval result in epoch 20
Fri 06 Feb 2026 10:14:44 INFO  Loading model structure and parameters from saved\TimeWeaverTVF-Feb-06-2026_09-44-01.pth
Fri 06 Feb 2026 10:14:54 INFO  The running environment of this training is as follows:
+-------------+----------------+
| Environment |     Usage      |
+=============+================+
| CPU         |     4.70 %     |
+-------------+----------------+
| GPU         | 0.20 G/6.00 G  |
+-------------+----------------+
| Memory      | 0.38 G/15.63 G |
+-------------+----------------+
Fri 06 Feb 2026 10:14:54 INFO  best valid : OrderedDict([('hit@10', 0.5477), ('ndcg@10', 0.4014), ('mrr@10', 0.3557)])
Fri 06 Feb 2026 10:14:54 INFO  test result: OrderedDict([('hit@10', 0.5029), ('ndcg@10', 0.3571), ('mrr@10', 0.3118)])
Fri 06 Feb 2026 10:14:54 WARNING  command line args [--models timeweaver_tvf --datasets amazon-beauty-5core-subset,amazon-electronics-5core-subset --seeds 42,2023,2024 --device gpu --timeweaver-variant base] will not be used in RecBole
Fri 06 Feb 2026 10:14:54 INFO  ['scripts\\run_grid.py', '--models', 'timeweaver_tvf', '--datasets', 'amazon-beauty-5core-subset,amazon-electronics-5core-subset', '--seeds', '42,2023,2024', '--device', 'gpu', '--timeweaver-variant', 'base']
Fri 06 Feb 2026 10:14:54 INFO  
General Hyper Parameters:
gpu_id = 0
use_gpu = True
seed = 2023
state = INFO
reproducibility = True
data_path = data/amazon\amazon-beauty-5core-subset
checkpoint_dir = saved
show_progress = True
save_dataset = False
dataset_save_path = None
save_dataloaders = False
dataloaders_save_path = None
log_wandb = False

Training Hyper Parameters:
epochs = 100
train_batch_size = 256
learner = adam
learning_rate = 0.001
train_neg_sample_args = {'distribution': 'none', 'sample_num': 'none', 'alpha': 'none', 'dynamic': False, 'candidate_num': 0}
eval_step = 1
stopping_step = 10
clip_grad_norm = None
weight_decay = 0.0
loss_decimal_place = 4

Evaluation Hyper Parameters:
eval_args = {'split': {'LS': 'valid_and_test'}, 'order': 'TO', 'group_by': 'user', 'mode': {'valid': 'uni100', 'test': 'uni100'}}
repeatable = True
metrics = ['Hit', 'NDCG', 'MRR']
topk = [10]
valid_metric = MRR@10
valid_metric_bigger = True
eval_batch_size = 512
metric_decimal_place = 4

Dataset Hyper Parameters:
field_separator = 	
seq_separator =  
USER_ID_FIELD = user_id
ITEM_ID_FIELD = item_id
RATING_FIELD = rating
TIME_FIELD = timestamp
seq_len = None
LABEL_FIELD = label
threshold = None
NEG_PREFIX = neg_
load_col = {'inter': ['user_id', 'item_id', 'rating', 'timestamp']}
unload_col = None
unused_col = None
additional_feat_suffix = None
rm_dup_inter = None
val_interval = None
filter_inter_by_user_or_item = True
user_inter_num_interval = [0,inf)
item_inter_num_interval = [0,inf)
alias_of_user_id = None
alias_of_item_id = None
alias_of_entity_id = None
alias_of_relation_id = None
preload_weight = None
normalize_field = None
normalize_all = None
ITEM_LIST_LENGTH_FIELD = item_length
LIST_SUFFIX = _list
MAX_ITEM_LIST_LENGTH = 32
POSITION_FIELD = position_id
HEAD_ENTITY_ID_FIELD = head_id
TAIL_ENTITY_ID_FIELD = tail_id
RELATION_ID_FIELD = relation_id
ENTITY_ID_FIELD = entity_id
benchmark_filename = None

Other Hyper Parameters: 
worker = 0
wandb_project = recbole
shuffle = True
require_pow = False
enable_amp = False
enable_scaler = False
transform = None
numerical_features = []
discretization = None
kg_reverse_r = False
entity_kg_num_interval = [0,inf)
relation_kg_num_interval = [0,inf)
MODEL_TYPE = ModelType.SEQUENTIAL
model_name = TimeWeaverTVF
hidden_size = 64
num_layers = 2
hidden_dropout_prob = 0.5
initializer_range = 0.02
time_bucket_size = 1000
ema_decay = 0.1
tcn_kernel_size = -1
ffn_hidden_size = 256
tvf_m = 8
tvf_poly_order = -1
tvf_reg_weight = 0.0001
loss_type = CE
early_stop = 10
neg_sampling = None
device = cuda
use_continuous_time = False
use_time_gate = False
use_time_augmentation = False
MODEL_INPUT_TYPE = InputType.POINTWISE
eval_type = EvaluatorType.RANKING
single_spec = True
local_rank = 0
valid_neg_sample_args = {'distribution': 'uniform', 'sample_num': 100}
test_neg_sample_args = {'distribution': 'uniform', 'sample_num': 100}


Fri 06 Feb 2026 10:14:55 INFO  amazon-beauty-5core-subset
The number of users: 7001
Average actions of users: 15.458
The number of items: 11924
Average actions of items: 9.075400486454752
The number of inters: 108206
The sparsity of the dataset: 99.87038081155896%
Remain Fields: ['user_id', 'item_id', 'rating', 'timestamp']
Fri 06 Feb 2026 10:14:57 INFO  [Training]: train_batch_size = [256] train_neg_sample_args: [{'distribution': 'none', 'sample_num': 'none', 'alpha': 'none', 'dynamic': False, 'candidate_num': 0}]
Fri 06 Feb 2026 10:14:57 INFO  [Evaluation]: eval_batch_size = [512] eval_args: [{'split': {'LS': 'valid_and_test'}, 'order': 'TO', 'group_by': 'user', 'mode': {'valid': 'uni100', 'test': 'uni100'}}]
Fri 06 Feb 2026 10:14:57 INFO  TimeWeaverTVF(
  (item_embedding): Embedding(11924, 64, padding_idx=0)
  (time_aug): TimeAwareAugmentation(
    (pos_embedding): Embedding(32, 64)
    (time_embedding): Embedding(1000, 64)
    (layer_norm): LayerNorm((64,), eps=1e-05, elementwise_affine=True)
    (drop): Dropout(p=0.5, inplace=False)
  )
  (context_layers): ModuleList(
    (0-1): 2 x TVFContextBlock(
      (drop): Dropout(p=0.5, inplace=False)
      (norm1): LayerNorm((64,), eps=1e-05, elementwise_affine=True)
      (ffn): Sequential(
        (0): Linear(in_features=64, out_features=256, bias=True)
        (1): GELU(approximate='none')
        (2): Dropout(p=0.5, inplace=False)
        (3): Linear(in_features=256, out_features=64, bias=True)
        (4): Dropout(p=0.5, inplace=False)
      )
      (norm2): LayerNorm((64,), eps=1e-05, elementwise_affine=True)
    )
  )
  (dynamic_layers): ModuleList(
    (0-1): 2 x EMAStream(
      (proj): Linear(in_features=64, out_features=64, bias=True)
    )
  )
  (weavers): ModuleList(
    (0-1): 2 x StreamWeaver(
      (proj): Linear(in_features=128, out_features=64, bias=True)
      (norm): LayerNorm((64,), eps=1e-05, elementwise_affine=True)
    )
  )
  (loss_fct): CrossEntropyLoss()
)
Trainable parameters: 923153.0
Fri 06 Feb 2026 10:14:57 INFO  FLOPs: 2918400.0
Fri 06 Feb 2026 10:15:44 INFO  epoch 0 training [time: 46.53s, train loss: 2928.4481]
Fri 06 Feb 2026 10:15:54 INFO  epoch 0 evaluating [time: 10.71s, valid_score: 0.221800]
Fri 06 Feb 2026 10:15:54 INFO  valid result: 
hit@10 : 0.4613    ndcg@10 : 0.2786    mrr@10 : 0.2218
Fri 06 Feb 2026 10:15:54 INFO  Saving current: saved\TimeWeaverTVF-Feb-06-2026_10-14-57.pth
Fri 06 Feb 2026 10:16:40 INFO  epoch 1 training [time: 45.59s, train loss: 2678.0172]
Fri 06 Feb 2026 10:16:51 INFO  epoch 1 evaluating [time: 11.25s, valid_score: 0.298700]
Fri 06 Feb 2026 10:16:51 INFO  valid result: 
hit@10 : 0.5153    ndcg@10 : 0.3503    mrr@10 : 0.2987
Fri 06 Feb 2026 10:16:51 INFO  Saving current: saved\TimeWeaverTVF-Feb-06-2026_10-14-57.pth
Fri 06 Feb 2026 10:17:36 INFO  epoch 2 training [time: 45.25s, train loss: 2521.3118]
Fri 06 Feb 2026 10:17:47 INFO  epoch 2 evaluating [time: 10.49s, valid_score: 0.330700]
Fri 06 Feb 2026 10:17:47 INFO  valid result: 
hit@10 : 0.5387    ndcg@10 : 0.3803    mrr@10 : 0.3307
Fri 06 Feb 2026 10:17:47 INFO  Saving current: saved\TimeWeaverTVF-Feb-06-2026_10-14-57.pth
Fri 06 Feb 2026 10:18:32 INFO  epoch 3 training [time: 45.32s, train loss: 2407.2577]
Fri 06 Feb 2026 10:18:42 INFO  epoch 3 evaluating [time: 10.11s, valid_score: 0.345100]
Fri 06 Feb 2026 10:18:42 INFO  valid result: 
hit@10 : 0.5454    ndcg@10 : 0.3929    mrr@10 : 0.3451
Fri 06 Feb 2026 10:18:42 INFO  Saving current: saved\TimeWeaverTVF-Feb-06-2026_10-14-57.pth
Fri 06 Feb 2026 10:20:27 INFO  epoch 4 training [time: 104.76s, train loss: 2314.6548]
Fri 06 Feb 2026 10:20:54 INFO  epoch 4 evaluating [time: 27.05s, valid_score: 0.353100]
Fri 06 Feb 2026 10:20:54 INFO  valid result: 
hit@10 : 0.541    ndcg@10 : 0.3978    mrr@10 : 0.3531
Fri 06 Feb 2026 10:20:54 INFO  Saving current: saved\TimeWeaverTVF-Feb-06-2026_10-14-57.pth
Fri 06 Feb 2026 10:23:08 INFO  epoch 5 training [time: 134.06s, train loss: 2235.2051]
Fri 06 Feb 2026 10:23:33 INFO  epoch 5 evaluating [time: 24.88s, valid_score: 0.353800]
Fri 06 Feb 2026 10:23:33 INFO  valid result: 
hit@10 : 0.5411    ndcg@10 : 0.3984    mrr@10 : 0.3538
Fri 06 Feb 2026 10:23:33 INFO  Saving current: saved\TimeWeaverTVF-Feb-06-2026_10-14-57.pth
Fri 06 Feb 2026 10:25:44 INFO  epoch 6 training [time: 130.65s, train loss: 2171.4580]
Fri 06 Feb 2026 10:26:10 INFO  epoch 6 evaluating [time: 26.09s, valid_score: 0.354500]
Fri 06 Feb 2026 10:26:10 INFO  valid result: 
hit@10 : 0.5411    ndcg@10 : 0.3991    mrr@10 : 0.3545
Fri 06 Feb 2026 10:26:10 INFO  Saving current: saved\TimeWeaverTVF-Feb-06-2026_10-14-57.pth
Fri 06 Feb 2026 10:28:04 INFO  epoch 7 training [time: 113.58s, train loss: 2116.1811]
Fri 06 Feb 2026 10:28:28 INFO  epoch 7 evaluating [time: 24.09s, valid_score: 0.356600]
Fri 06 Feb 2026 10:28:28 INFO  valid result: 
hit@10 : 0.5409    ndcg@10 : 0.4005    mrr@10 : 0.3566
Fri 06 Feb 2026 10:28:28 INFO  Saving current: saved\TimeWeaverTVF-Feb-06-2026_10-14-57.pth
Fri 06 Feb 2026 10:29:53 INFO  epoch 8 training [time: 85.71s, train loss: 2070.3419]
Fri 06 Feb 2026 10:30:04 INFO  epoch 8 evaluating [time: 10.59s, valid_score: 0.352200]
Fri 06 Feb 2026 10:30:04 INFO  valid result: 
hit@10 : 0.537    ndcg@10 : 0.3961    mrr@10 : 0.3522
Fri 06 Feb 2026 10:31:18 INFO  epoch 9 training [time: 73.80s, train loss: 2033.4203]
Fri 06 Feb 2026 10:31:43 INFO  epoch 9 evaluating [time: 25.42s, valid_score: 0.357800]
Fri 06 Feb 2026 10:31:43 INFO  valid result: 
hit@10 : 0.5397    ndcg@10 : 0.4011    mrr@10 : 0.3578
Fri 06 Feb 2026 10:31:43 INFO  Saving current: saved\TimeWeaverTVF-Feb-06-2026_10-14-57.pth
Fri 06 Feb 2026 10:34:00 INFO  epoch 10 training [time: 137.07s, train loss: 1997.1947]
Fri 06 Feb 2026 10:34:26 INFO  epoch 10 evaluating [time: 25.99s, valid_score: 0.351300]
Fri 06 Feb 2026 10:34:26 INFO  valid result: 
hit@10 : 0.5401    ndcg@10 : 0.3963    mrr@10 : 0.3513
Fri 06 Feb 2026 10:36:43 INFO  epoch 11 training [time: 136.35s, train loss: 1969.9629]
Fri 06 Feb 2026 10:37:10 INFO  epoch 11 evaluating [time: 26.84s, valid_score: 0.354200]
Fri 06 Feb 2026 10:37:10 INFO  valid result: 
hit@10 : 0.5393    ndcg@10 : 0.3983    mrr@10 : 0.3542
Fri 06 Feb 2026 10:39:24 INFO  epoch 12 training [time: 134.71s, train loss: 1943.1171]
Fri 06 Feb 2026 10:39:51 INFO  epoch 12 evaluating [time: 26.65s, valid_score: 0.354900]
Fri 06 Feb 2026 10:39:51 INFO  valid result: 
hit@10 : 0.5433    ndcg@10 : 0.3997    mrr@10 : 0.3549
Fri 06 Feb 2026 10:41:58 INFO  epoch 13 training [time: 126.78s, train loss: 1921.5764]
Fri 06 Feb 2026 10:42:23 INFO  epoch 13 evaluating [time: 24.93s, valid_score: 0.353100]
Fri 06 Feb 2026 10:42:23 INFO  valid result: 
hit@10 : 0.5426    ndcg@10 : 0.3981    mrr@10 : 0.3531
