Fri 06 Feb 2026 14:48:26 INFO  ['F:\\桌面\\recommendation_system\\scripts\\run_grid.py', '--models', 'timeweaver_tvf', '--datasets', 'amazon-beauty-5core-subset,amazon-electronics-5core-subset', '--seeds', '42', '--device', 'gpu', '--timeweaver-variant', 'cont', '--tw-gate-hidden', '8', '--tw-aug-strength', '0.1', '--tw-aug-prob', '1.0', '--tw-contrastive-weight', '0.03', '--tw-contrastive-temp', '0.2', '--tag', 'g8_s0p1_c0p03_m8_r0p0001', '--output', 'results/run_grid_timeweaver_tvf_tune_cont_v2.json', '--tvf-m', '8', '--tvf-reg-weight', '0.0001']
Fri 06 Feb 2026 14:48:26 INFO  
General Hyper Parameters:
gpu_id = 0
use_gpu = True
seed = 42
state = INFO
reproducibility = True
data_path = data/amazon\amazon-beauty-5core-subset
checkpoint_dir = saved
show_progress = True
save_dataset = False
dataset_save_path = None
save_dataloaders = False
dataloaders_save_path = None
log_wandb = False

Training Hyper Parameters:
epochs = 100
train_batch_size = 256
learner = adam
learning_rate = 0.001
train_neg_sample_args = {'distribution': 'none', 'sample_num': 'none', 'alpha': 'none', 'dynamic': False, 'candidate_num': 0}
eval_step = 1
stopping_step = 10
clip_grad_norm = None
weight_decay = 0.0
loss_decimal_place = 4

Evaluation Hyper Parameters:
eval_args = {'split': {'LS': 'valid_and_test'}, 'order': 'TO', 'group_by': 'user', 'mode': {'valid': 'uni100', 'test': 'uni100'}}
repeatable = True
metrics = ['Hit', 'NDCG', 'MRR']
topk = [10]
valid_metric = MRR@10
valid_metric_bigger = True
eval_batch_size = 512
metric_decimal_place = 4

Dataset Hyper Parameters:
field_separator = 	
seq_separator =  
USER_ID_FIELD = user_id
ITEM_ID_FIELD = item_id
RATING_FIELD = rating
TIME_FIELD = timestamp
seq_len = None
LABEL_FIELD = label
threshold = None
NEG_PREFIX = neg_
load_col = {'inter': ['user_id', 'item_id', 'rating', 'timestamp']}
unload_col = None
unused_col = None
additional_feat_suffix = None
rm_dup_inter = None
val_interval = None
filter_inter_by_user_or_item = True
user_inter_num_interval = [0,inf)
item_inter_num_interval = [0,inf)
alias_of_user_id = None
alias_of_item_id = None
alias_of_entity_id = None
alias_of_relation_id = None
preload_weight = None
normalize_field = None
normalize_all = None
ITEM_LIST_LENGTH_FIELD = item_length
LIST_SUFFIX = _list
MAX_ITEM_LIST_LENGTH = 32
POSITION_FIELD = position_id
HEAD_ENTITY_ID_FIELD = head_id
TAIL_ENTITY_ID_FIELD = tail_id
RELATION_ID_FIELD = relation_id
ENTITY_ID_FIELD = entity_id
benchmark_filename = None

Other Hyper Parameters: 
worker = 0
wandb_project = recbole
shuffle = True
require_pow = False
enable_amp = False
enable_scaler = False
transform = None
numerical_features = []
discretization = None
kg_reverse_r = False
entity_kg_num_interval = [0,inf)
relation_kg_num_interval = [0,inf)
MODEL_TYPE = ModelType.SEQUENTIAL
model_name = TimeWeaverTVF
hidden_size = 64
num_layers = 2
hidden_dropout_prob = 0.5
initializer_range = 0.02
time_bucket_size = 1000
ema_decay = 0.1
tcn_kernel_size = -1
ffn_hidden_size = 256
tvf_m = 8
tvf_poly_order = -1
tvf_reg_weight = 0.0001
loss_type = CE
early_stop = 10
neg_sampling = None
device = cuda
use_continuous_time = True
use_time_gate = False
use_time_augmentation = False
time_gate_hidden = 8
time_aug_strength = 0.1
time_aug_prob = 1.0
contrastive_weight = 0.03
contrastive_temp = 0.2
MODEL_INPUT_TYPE = InputType.POINTWISE
eval_type = EvaluatorType.RANKING
single_spec = True
local_rank = 0
valid_neg_sample_args = {'distribution': 'uniform', 'sample_num': 100}
test_neg_sample_args = {'distribution': 'uniform', 'sample_num': 100}


Fri 06 Feb 2026 14:48:26 INFO  amazon-beauty-5core-subset
The number of users: 7001
Average actions of users: 15.458
The number of items: 11924
Average actions of items: 9.075400486454752
The number of inters: 108206
The sparsity of the dataset: 99.87038081155896%
Remain Fields: ['user_id', 'item_id', 'rating', 'timestamp']
Fri 06 Feb 2026 14:48:28 INFO  [Training]: train_batch_size = [256] train_neg_sample_args: [{'distribution': 'none', 'sample_num': 'none', 'alpha': 'none', 'dynamic': False, 'candidate_num': 0}]
Fri 06 Feb 2026 14:48:28 INFO  [Evaluation]: eval_batch_size = [512] eval_args: [{'split': {'LS': 'valid_and_test'}, 'order': 'TO', 'group_by': 'user', 'mode': {'valid': 'uni100', 'test': 'uni100'}}]
Fri 06 Feb 2026 14:48:28 INFO  TimeWeaverTVF(
  (item_embedding): Embedding(11924, 64, padding_idx=0)
  (time_aug): TimeAwareAugmentation(
    (pos_embedding): Embedding(32, 64)
    (time_embedder): ContinuousTimeEmbedding(
      (time2vec): Time2Vec()
    )
    (layer_norm): LayerNorm((64,), eps=1e-05, elementwise_affine=True)
    (drop): Dropout(p=0.5, inplace=False)
  )
  (context_layers): ModuleList(
    (0-1): 2 x TVFContextBlock(
      (drop): Dropout(p=0.5, inplace=False)
      (norm1): LayerNorm((64,), eps=1e-05, elementwise_affine=True)
      (ffn): Sequential(
        (0): Linear(in_features=64, out_features=256, bias=True)
        (1): GELU(approximate='none')
        (2): Dropout(p=0.5, inplace=False)
        (3): Linear(in_features=256, out_features=64, bias=True)
        (4): Dropout(p=0.5, inplace=False)
      )
      (norm2): LayerNorm((64,), eps=1e-05, elementwise_affine=True)
    )
  )
  (dynamic_layers): ModuleList(
    (0-1): 2 x EMAStream(
      (proj): Linear(in_features=64, out_features=64, bias=True)
    )
  )
  (weavers): ModuleList(
    (0-1): 2 x StreamWeaver(
      (proj): Linear(in_features=128, out_features=64, bias=True)
      (norm): LayerNorm((64,), eps=1e-05, elementwise_affine=True)
    )
  )
  (loss_fct): CrossEntropyLoss()
)
Trainable parameters: 859281.0
Fri 06 Feb 2026 14:48:28 INFO  FLOPs: 2916352.0
Fri 06 Feb 2026 14:49:13 INFO  epoch 0 training [time: 43.87s, train loss: 2931.5939]
Fri 06 Feb 2026 14:49:23 INFO  epoch 0 evaluating [time: 10.09s, valid_score: 0.218900]
Fri 06 Feb 2026 14:49:23 INFO  valid result: 
hit@10 : 0.4641    ndcg@10 : 0.277    mrr@10 : 0.2189
Fri 06 Feb 2026 14:49:23 INFO  Saving current: saved\TimeWeaverTVF-Feb-06-2026_14-48-28.pth
Fri 06 Feb 2026 14:50:08 INFO  epoch 1 training [time: 44.26s, train loss: 2701.3124]
Fri 06 Feb 2026 14:50:18 INFO  epoch 1 evaluating [time: 10.53s, valid_score: 0.286200]
Fri 06 Feb 2026 14:50:18 INFO  valid result: 
hit@10 : 0.5103    ndcg@10 : 0.3395    mrr@10 : 0.2862
Fri 06 Feb 2026 14:50:18 INFO  Saving current: saved\TimeWeaverTVF-Feb-06-2026_14-48-28.pth
Fri 06 Feb 2026 14:51:02 INFO  epoch 2 training [time: 43.79s, train loss: 2545.0891]
Fri 06 Feb 2026 14:51:12 INFO  epoch 2 evaluating [time: 10.44s, valid_score: 0.328200]
Fri 06 Feb 2026 14:51:12 INFO  valid result: 
hit@10 : 0.5414    ndcg@10 : 0.3791    mrr@10 : 0.3282
Fri 06 Feb 2026 14:51:13 INFO  Saving current: saved\TimeWeaverTVF-Feb-06-2026_14-48-28.pth
Fri 06 Feb 2026 14:51:58 INFO  epoch 3 training [time: 45.15s, train loss: 2426.1622]
Fri 06 Feb 2026 14:52:08 INFO  epoch 3 evaluating [time: 10.19s, valid_score: 0.338100]
Fri 06 Feb 2026 14:52:08 INFO  valid result: 
hit@10 : 0.5401    ndcg@10 : 0.3863    mrr@10 : 0.3381
Fri 06 Feb 2026 14:52:08 INFO  Saving current: saved\TimeWeaverTVF-Feb-06-2026_14-48-28.pth
Fri 06 Feb 2026 14:52:51 INFO  epoch 4 training [time: 43.51s, train loss: 2331.1651]
Fri 06 Feb 2026 14:53:02 INFO  epoch 4 evaluating [time: 10.34s, valid_score: 0.347200]
Fri 06 Feb 2026 14:53:02 INFO  valid result: 
hit@10 : 0.54    ndcg@10 : 0.3931    mrr@10 : 0.3472
Fri 06 Feb 2026 14:53:02 INFO  Saving current: saved\TimeWeaverTVF-Feb-06-2026_14-48-28.pth
Fri 06 Feb 2026 14:53:46 INFO  epoch 5 training [time: 44.02s, train loss: 2249.4751]
Fri 06 Feb 2026 14:53:56 INFO  epoch 5 evaluating [time: 10.43s, valid_score: 0.350000]
Fri 06 Feb 2026 14:53:56 INFO  valid result: 
hit@10 : 0.5369    ndcg@10 : 0.3945    mrr@10 : 0.35
Fri 06 Feb 2026 14:53:56 INFO  Saving current: saved\TimeWeaverTVF-Feb-06-2026_14-48-28.pth
Fri 06 Feb 2026 14:54:40 INFO  epoch 6 training [time: 43.84s, train loss: 2178.1684]
Fri 06 Feb 2026 14:54:50 INFO  epoch 6 evaluating [time: 10.14s, valid_score: 0.350700]
Fri 06 Feb 2026 14:54:50 INFO  valid result: 
hit@10 : 0.5411    ndcg@10 : 0.396    mrr@10 : 0.3507
Fri 06 Feb 2026 14:54:50 INFO  Saving current: saved\TimeWeaverTVF-Feb-06-2026_14-48-28.pth
Fri 06 Feb 2026 14:55:35 INFO  epoch 7 training [time: 45.11s, train loss: 2123.4498]
Fri 06 Feb 2026 14:55:46 INFO  epoch 7 evaluating [time: 10.63s, valid_score: 0.349900]
Fri 06 Feb 2026 14:55:46 INFO  valid result: 
hit@10 : 0.5401    ndcg@10 : 0.3952    mrr@10 : 0.3499
Fri 06 Feb 2026 14:56:29 INFO  epoch 8 training [time: 43.49s, train loss: 2075.1624]
Fri 06 Feb 2026 14:56:40 INFO  epoch 8 evaluating [time: 10.50s, valid_score: 0.352700]
Fri 06 Feb 2026 14:56:40 INFO  valid result: 
hit@10 : 0.5367    ndcg@10 : 0.3965    mrr@10 : 0.3527
Fri 06 Feb 2026 14:56:40 INFO  Saving current: saved\TimeWeaverTVF-Feb-06-2026_14-48-28.pth
Fri 06 Feb 2026 14:57:24 INFO  epoch 9 training [time: 44.31s, train loss: 2035.5385]
Fri 06 Feb 2026 14:57:34 INFO  epoch 9 evaluating [time: 10.21s, valid_score: 0.347400]
Fri 06 Feb 2026 14:57:34 INFO  valid result: 
hit@10 : 0.5357    ndcg@10 : 0.3923    mrr@10 : 0.3474
Fri 06 Feb 2026 14:58:19 INFO  epoch 10 training [time: 44.05s, train loss: 2000.7068]
Fri 06 Feb 2026 14:58:29 INFO  epoch 10 evaluating [time: 10.36s, valid_score: 0.347300]
Fri 06 Feb 2026 14:58:29 INFO  valid result: 
hit@10 : 0.5399    ndcg@10 : 0.3931    mrr@10 : 0.3473
Fri 06 Feb 2026 14:59:13 INFO  epoch 11 training [time: 43.86s, train loss: 1970.5484]
Fri 06 Feb 2026 14:59:23 INFO  epoch 11 evaluating [time: 10.42s, valid_score: 0.353400]
Fri 06 Feb 2026 14:59:23 INFO  valid result: 
hit@10 : 0.542    ndcg@10 : 0.3983    mrr@10 : 0.3534
Fri 06 Feb 2026 14:59:23 INFO  Saving current: saved\TimeWeaverTVF-Feb-06-2026_14-48-28.pth
Fri 06 Feb 2026 15:00:08 INFO  epoch 12 training [time: 44.87s, train loss: 1944.9385]
Fri 06 Feb 2026 15:00:18 INFO  epoch 12 evaluating [time: 10.08s, valid_score: 0.351300]
Fri 06 Feb 2026 15:00:18 INFO  valid result: 
hit@10 : 0.5453    ndcg@10 : 0.3974    mrr@10 : 0.3513
Fri 06 Feb 2026 15:01:02 INFO  epoch 13 training [time: 44.02s, train loss: 1922.2446]
Fri 06 Feb 2026 15:01:12 INFO  epoch 13 evaluating [time: 10.15s, valid_score: 0.347500]
Fri 06 Feb 2026 15:01:12 INFO  valid result: 
hit@10 : 0.5369    ndcg@10 : 0.3926    mrr@10 : 0.3475
Fri 06 Feb 2026 15:01:57 INFO  epoch 14 training [time: 44.21s, train loss: 1899.0036]
Fri 06 Feb 2026 15:02:07 INFO  epoch 14 evaluating [time: 10.40s, valid_score: 0.348000]
Fri 06 Feb 2026 15:02:07 INFO  valid result: 
hit@10 : 0.5364    ndcg@10 : 0.3927    mrr@10 : 0.348
Fri 06 Feb 2026 15:02:51 INFO  epoch 15 training [time: 44.04s, train loss: 1881.2311]
Fri 06 Feb 2026 15:03:01 INFO  epoch 15 evaluating [time: 10.07s, valid_score: 0.342600]
Fri 06 Feb 2026 15:03:01 INFO  valid result: 
hit@10 : 0.5346    ndcg@10 : 0.3882    mrr@10 : 0.3426
Fri 06 Feb 2026 15:03:47 INFO  epoch 16 training [time: 45.72s, train loss: 1862.3836]
Fri 06 Feb 2026 15:03:57 INFO  epoch 16 evaluating [time: 10.65s, valid_score: 0.343700]
Fri 06 Feb 2026 15:03:57 INFO  valid result: 
hit@10 : 0.5394    ndcg@10 : 0.3904    mrr@10 : 0.3437
Fri 06 Feb 2026 15:04:41 INFO  epoch 17 training [time: 43.52s, train loss: 1846.3551]
Fri 06 Feb 2026 15:04:51 INFO  epoch 17 evaluating [time: 10.48s, valid_score: 0.343200]
Fri 06 Feb 2026 15:04:51 INFO  valid result: 
hit@10 : 0.5364    ndcg@10 : 0.3891    mrr@10 : 0.3432
Fri 06 Feb 2026 15:05:35 INFO  epoch 18 training [time: 43.85s, train loss: 1829.5053]
Fri 06 Feb 2026 15:05:46 INFO  epoch 18 evaluating [time: 10.43s, valid_score: 0.344400]
Fri 06 Feb 2026 15:05:46 INFO  valid result: 
hit@10 : 0.5376    ndcg@10 : 0.3904    mrr@10 : 0.3444
Fri 06 Feb 2026 15:06:30 INFO  epoch 19 training [time: 44.48s, train loss: 1813.7981]
Fri 06 Feb 2026 15:06:40 INFO  epoch 19 evaluating [time: 10.06s, valid_score: 0.342700]
Fri 06 Feb 2026 15:06:40 INFO  valid result: 
hit@10 : 0.5336    ndcg@10 : 0.3879    mrr@10 : 0.3427
Fri 06 Feb 2026 15:07:25 INFO  epoch 20 training [time: 44.65s, train loss: 1802.0651]
Fri 06 Feb 2026 15:07:35 INFO  epoch 20 evaluating [time: 10.50s, valid_score: 0.337900]
Fri 06 Feb 2026 15:07:35 INFO  valid result: 
hit@10 : 0.5284    ndcg@10 : 0.3832    mrr@10 : 0.3379
Fri 06 Feb 2026 15:08:19 INFO  epoch 21 training [time: 43.93s, train loss: 1788.1759]
Fri 06 Feb 2026 15:08:29 INFO  epoch 21 evaluating [time: 10.06s, valid_score: 0.341200]
Fri 06 Feb 2026 15:08:29 INFO  valid result: 
hit@10 : 0.5303    ndcg@10 : 0.3862    mrr@10 : 0.3412
Fri 06 Feb 2026 15:09:13 INFO  epoch 22 training [time: 44.00s, train loss: 1774.7592]
Fri 06 Feb 2026 15:09:24 INFO  epoch 22 evaluating [time: 10.21s, valid_score: 0.340600]
Fri 06 Feb 2026 15:09:24 INFO  valid result: 
hit@10 : 0.5333    ndcg@10 : 0.3862    mrr@10 : 0.3406
Fri 06 Feb 2026 15:09:24 INFO  Finished training, best eval result in epoch 11
Fri 06 Feb 2026 15:09:24 INFO  Loading model structure and parameters from saved\TimeWeaverTVF-Feb-06-2026_14-48-28.pth
Fri 06 Feb 2026 15:09:35 INFO  The running environment of this training is as follows:
+-------------+----------------+
| Environment |     Usage      |
+=============+================+
| CPU         |     3.70 %     |
+-------------+----------------+
| GPU         | 0.21 G/6.00 G  |
+-------------+----------------+
| Memory      | 1.46 G/15.63 G |
+-------------+----------------+
Fri 06 Feb 2026 15:09:35 INFO  best valid : OrderedDict([('hit@10', 0.542), ('ndcg@10', 0.3983), ('mrr@10', 0.3534)])
Fri 06 Feb 2026 15:09:35 INFO  test result: OrderedDict([('hit@10', 0.497), ('ndcg@10', 0.3527), ('mrr@10', 0.3078)])
Fri 06 Feb 2026 15:09:35 WARNING  command line args [--models timeweaver_tvf --datasets amazon-beauty-5core-subset,amazon-electronics-5core-subset --seeds 42 --device gpu --timeweaver-variant cont --tw-gate-hidden 8 --tw-aug-strength 0.1 --tw-aug-prob 1.0 --tw-contrastive-weight 0.03 --tw-contrastive-temp 0.2 --tag g8_s0p1_c0p03_m8_r0p0001 --output results/run_grid_timeweaver_tvf_tune_cont_v2.json --tvf-m 8 --tvf-reg-weight 0.0001] will not be used in RecBole
Fri 06 Feb 2026 15:09:35 INFO  ['F:\\桌面\\recommendation_system\\scripts\\run_grid.py', '--models', 'timeweaver_tvf', '--datasets', 'amazon-beauty-5core-subset,amazon-electronics-5core-subset', '--seeds', '42', '--device', 'gpu', '--timeweaver-variant', 'cont', '--tw-gate-hidden', '8', '--tw-aug-strength', '0.1', '--tw-aug-prob', '1.0', '--tw-contrastive-weight', '0.03', '--tw-contrastive-temp', '0.2', '--tag', 'g8_s0p1_c0p03_m8_r0p0001', '--output', 'results/run_grid_timeweaver_tvf_tune_cont_v2.json', '--tvf-m', '8', '--tvf-reg-weight', '0.0001']
Fri 06 Feb 2026 15:09:35 INFO  
General Hyper Parameters:
gpu_id = 0
use_gpu = True
seed = 42
state = INFO
reproducibility = True
data_path = data/amazon\amazon-electronics-5core-subset
checkpoint_dir = saved
show_progress = True
save_dataset = False
dataset_save_path = None
save_dataloaders = False
dataloaders_save_path = None
log_wandb = False

Training Hyper Parameters:
epochs = 100
train_batch_size = 256
learner = adam
learning_rate = 0.001
train_neg_sample_args = {'distribution': 'none', 'sample_num': 'none', 'alpha': 'none', 'dynamic': False, 'candidate_num': 0}
eval_step = 1
stopping_step = 10
clip_grad_norm = None
weight_decay = 0.0
loss_decimal_place = 4

Evaluation Hyper Parameters:
eval_args = {'split': {'LS': 'valid_and_test'}, 'order': 'TO', 'group_by': 'user', 'mode': {'valid': 'uni100', 'test': 'uni100'}}
repeatable = True
metrics = ['Hit', 'NDCG', 'MRR']
topk = [10]
valid_metric = MRR@10
valid_metric_bigger = True
eval_batch_size = 512
metric_decimal_place = 4

Dataset Hyper Parameters:
field_separator = 	
seq_separator =  
USER_ID_FIELD = user_id
ITEM_ID_FIELD = item_id
RATING_FIELD = rating
TIME_FIELD = timestamp
seq_len = None
LABEL_FIELD = label
threshold = None
NEG_PREFIX = neg_
load_col = {'inter': ['user_id', 'item_id', 'rating', 'timestamp']}
unload_col = None
unused_col = None
additional_feat_suffix = None
rm_dup_inter = None
val_interval = None
filter_inter_by_user_or_item = True
user_inter_num_interval = [0,inf)
item_inter_num_interval = [0,inf)
alias_of_user_id = None
alias_of_item_id = None
alias_of_entity_id = None
alias_of_relation_id = None
preload_weight = None
normalize_field = None
normalize_all = None
ITEM_LIST_LENGTH_FIELD = item_length
LIST_SUFFIX = _list
MAX_ITEM_LIST_LENGTH = 32
POSITION_FIELD = position_id
HEAD_ENTITY_ID_FIELD = head_id
TAIL_ENTITY_ID_FIELD = tail_id
RELATION_ID_FIELD = relation_id
ENTITY_ID_FIELD = entity_id
benchmark_filename = None

Other Hyper Parameters: 
worker = 0
wandb_project = recbole
shuffle = True
require_pow = False
enable_amp = False
enable_scaler = False
transform = None
numerical_features = []
discretization = None
kg_reverse_r = False
entity_kg_num_interval = [0,inf)
relation_kg_num_interval = [0,inf)
MODEL_TYPE = ModelType.SEQUENTIAL
model_name = TimeWeaverTVF
hidden_size = 64
num_layers = 2
hidden_dropout_prob = 0.5
initializer_range = 0.02
time_bucket_size = 1000
ema_decay = 0.1
tcn_kernel_size = -1
ffn_hidden_size = 256
tvf_m = 8
tvf_poly_order = -1
tvf_reg_weight = 0.0001
loss_type = CE
early_stop = 10
neg_sampling = None
device = cuda
use_continuous_time = True
use_time_gate = False
use_time_augmentation = False
time_gate_hidden = 8
time_aug_strength = 0.1
time_aug_prob = 1.0
contrastive_weight = 0.03
contrastive_temp = 0.2
MODEL_INPUT_TYPE = InputType.POINTWISE
eval_type = EvaluatorType.RANKING
single_spec = True
local_rank = 0
valid_neg_sample_args = {'distribution': 'uniform', 'sample_num': 100}
test_neg_sample_args = {'distribution': 'uniform', 'sample_num': 100}


Fri 06 Feb 2026 15:09:35 INFO  amazon-electronics-5core-subset
The number of users: 1501
Average actions of users: 108.42733333333334
The number of items: 54722
Average actions of items: 2.9721861808080994
The number of inters: 162641
The sparsity of the dataset: 99.80198988231011%
Remain Fields: ['user_id', 'item_id', 'rating', 'timestamp']
Fri 06 Feb 2026 15:09:38 INFO  [Training]: train_batch_size = [256] train_neg_sample_args: [{'distribution': 'none', 'sample_num': 'none', 'alpha': 'none', 'dynamic': False, 'candidate_num': 0}]
Fri 06 Feb 2026 15:09:38 INFO  [Evaluation]: eval_batch_size = [512] eval_args: [{'split': {'LS': 'valid_and_test'}, 'order': 'TO', 'group_by': 'user', 'mode': {'valid': 'uni100', 'test': 'uni100'}}]
Fri 06 Feb 2026 15:09:38 INFO  TimeWeaverTVF(
  (item_embedding): Embedding(54722, 64, padding_idx=0)
  (time_aug): TimeAwareAugmentation(
    (pos_embedding): Embedding(32, 64)
    (time_embedder): ContinuousTimeEmbedding(
      (time2vec): Time2Vec()
    )
    (layer_norm): LayerNorm((64,), eps=1e-05, elementwise_affine=True)
    (drop): Dropout(p=0.5, inplace=False)
  )
  (context_layers): ModuleList(
    (0-1): 2 x TVFContextBlock(
      (drop): Dropout(p=0.5, inplace=False)
      (norm1): LayerNorm((64,), eps=1e-05, elementwise_affine=True)
      (ffn): Sequential(
        (0): Linear(in_features=64, out_features=256, bias=True)
        (1): GELU(approximate='none')
        (2): Dropout(p=0.5, inplace=False)
        (3): Linear(in_features=256, out_features=64, bias=True)
        (4): Dropout(p=0.5, inplace=False)
      )
      (norm2): LayerNorm((64,), eps=1e-05, elementwise_affine=True)
    )
  )
  (dynamic_layers): ModuleList(
    (0-1): 2 x EMAStream(
      (proj): Linear(in_features=64, out_features=64, bias=True)
    )
  )
  (weavers): ModuleList(
    (0-1): 2 x StreamWeaver(
      (proj): Linear(in_features=128, out_features=64, bias=True)
      (norm): LayerNorm((64,), eps=1e-05, elementwise_affine=True)
    )
  )
  (loss_fct): CrossEntropyLoss()
)
Trainable parameters: 3598353.0
Fri 06 Feb 2026 15:09:38 INFO  FLOPs: 2916352.0
Fri 06 Feb 2026 15:11:01 INFO  epoch 0 training [time: 82.65s, train loss: 6490.5781]
Fri 06 Feb 2026 15:11:03 INFO  epoch 0 evaluating [time: 2.59s, valid_score: 0.199700]
Fri 06 Feb 2026 15:11:03 INFO  valid result: 
hit@10 : 0.3853    ndcg@10 : 0.2438    mrr@10 : 0.1997
Fri 06 Feb 2026 15:11:03 INFO  Saving current: saved\TimeWeaverTVF-Feb-06-2026_15-09-38.pth
Fri 06 Feb 2026 15:12:26 INFO  epoch 1 training [time: 82.84s, train loss: 6026.6247]
Fri 06 Feb 2026 15:12:29 INFO  epoch 1 evaluating [time: 2.54s, valid_score: 0.233700]
Fri 06 Feb 2026 15:12:29 INFO  valid result: 
hit@10 : 0.4227    ndcg@10 : 0.2787    mrr@10 : 0.2337
Fri 06 Feb 2026 15:12:29 INFO  Saving current: saved\TimeWeaverTVF-Feb-06-2026_15-09-38.pth
Fri 06 Feb 2026 15:13:50 INFO  epoch 2 training [time: 81.81s, train loss: 5590.6378]
Fri 06 Feb 2026 15:13:53 INFO  epoch 2 evaluating [time: 2.59s, valid_score: 0.241400]
Fri 06 Feb 2026 15:13:53 INFO  valid result: 
hit@10 : 0.4227    ndcg@10 : 0.2845    mrr@10 : 0.2414
Fri 06 Feb 2026 15:13:53 INFO  Saving current: saved\TimeWeaverTVF-Feb-06-2026_15-09-38.pth
Fri 06 Feb 2026 15:15:15 INFO  epoch 3 training [time: 82.26s, train loss: 5143.1275]
Fri 06 Feb 2026 15:15:18 INFO  epoch 3 evaluating [time: 2.54s, valid_score: 0.252200]
Fri 06 Feb 2026 15:15:18 INFO  valid result: 
hit@10 : 0.4293    ndcg@10 : 0.2941    mrr@10 : 0.2522
Fri 06 Feb 2026 15:15:18 INFO  Saving current: saved\TimeWeaverTVF-Feb-06-2026_15-09-38.pth
Fri 06 Feb 2026 15:16:41 INFO  epoch 4 training [time: 82.70s, train loss: 4719.4583]
Fri 06 Feb 2026 15:16:43 INFO  epoch 4 evaluating [time: 2.62s, valid_score: 0.249900]
Fri 06 Feb 2026 15:16:43 INFO  valid result: 
hit@10 : 0.412    ndcg@10 : 0.2883    mrr@10 : 0.2499
Fri 06 Feb 2026 15:18:05 INFO  epoch 5 training [time: 81.91s, train loss: 4367.2808]
Fri 06 Feb 2026 15:18:08 INFO  epoch 5 evaluating [time: 2.57s, valid_score: 0.239800]
Fri 06 Feb 2026 15:18:08 INFO  valid result: 
hit@10 : 0.4013    ndcg@10 : 0.2782    mrr@10 : 0.2398
Fri 06 Feb 2026 15:19:30 INFO  epoch 6 training [time: 82.61s, train loss: 4085.8138]
Fri 06 Feb 2026 15:19:33 INFO  epoch 6 evaluating [time: 2.69s, valid_score: 0.227100]
Fri 06 Feb 2026 15:19:33 INFO  valid result: 
hit@10 : 0.3847    ndcg@10 : 0.2645    mrr@10 : 0.2271
Fri 06 Feb 2026 15:20:55 INFO  epoch 7 training [time: 82.13s, train loss: 3869.8547]
Fri 06 Feb 2026 15:20:58 INFO  epoch 7 evaluating [time: 2.58s, valid_score: 0.231000]
Fri 06 Feb 2026 15:20:58 INFO  valid result: 
hit@10 : 0.4    ndcg@10 : 0.2708    mrr@10 : 0.231
Fri 06 Feb 2026 15:22:20 INFO  epoch 8 training [time: 81.71s, train loss: 3698.8708]
Fri 06 Feb 2026 15:22:22 INFO  epoch 8 evaluating [time: 2.59s, valid_score: 0.228300]
Fri 06 Feb 2026 15:22:22 INFO  valid result: 
hit@10 : 0.3927    ndcg@10 : 0.2669    mrr@10 : 0.2283
Fri 06 Feb 2026 15:23:45 INFO  epoch 9 training [time: 82.90s, train loss: 3554.6537]
Fri 06 Feb 2026 15:23:48 INFO  epoch 9 evaluating [time: 2.60s, valid_score: 0.220100]
Fri 06 Feb 2026 15:23:48 INFO  valid result: 
hit@10 : 0.3967    ndcg@10 : 0.2618    mrr@10 : 0.2201
Fri 06 Feb 2026 15:25:09 INFO  epoch 10 training [time: 81.55s, train loss: 3426.2209]
Fri 06 Feb 2026 15:25:12 INFO  epoch 10 evaluating [time: 2.50s, valid_score: 0.220200]
Fri 06 Feb 2026 15:25:12 INFO  valid result: 
hit@10 : 0.3967    ndcg@10 : 0.2616    mrr@10 : 0.2202
Fri 06 Feb 2026 15:26:33 INFO  epoch 11 training [time: 81.61s, train loss: 3314.1033]
Fri 06 Feb 2026 15:26:36 INFO  epoch 11 evaluating [time: 2.49s, valid_score: 0.216100]
Fri 06 Feb 2026 15:26:36 INFO  valid result: 
hit@10 : 0.3913    ndcg@10 : 0.2574    mrr@10 : 0.2161
Fri 06 Feb 2026 15:27:59 INFO  epoch 12 training [time: 82.77s, train loss: 3209.8511]
Fri 06 Feb 2026 15:28:01 INFO  epoch 12 evaluating [time: 2.59s, valid_score: 0.209500]
Fri 06 Feb 2026 15:28:01 INFO  valid result: 
hit@10 : 0.3913    ndcg@10 : 0.2523    mrr@10 : 0.2095
Fri 06 Feb 2026 15:29:22 INFO  epoch 13 training [time: 80.52s, train loss: 3112.8758]
Fri 06 Feb 2026 15:29:24 INFO  epoch 13 evaluating [time: 2.50s, valid_score: 0.207400]
Fri 06 Feb 2026 15:29:24 INFO  valid result: 
hit@10 : 0.3853    ndcg@10 : 0.2495    mrr@10 : 0.2074
Fri 06 Feb 2026 15:30:45 INFO  epoch 14 training [time: 81.11s, train loss: 3023.3594]
Fri 06 Feb 2026 15:30:48 INFO  epoch 14 evaluating [time: 2.49s, valid_score: 0.211800]
Fri 06 Feb 2026 15:30:48 INFO  valid result: 
hit@10 : 0.382    ndcg@10 : 0.2518    mrr@10 : 0.2118
Fri 06 Feb 2026 15:30:48 INFO  Finished training, best eval result in epoch 3
Fri 06 Feb 2026 15:30:48 INFO  Loading model structure and parameters from saved\TimeWeaverTVF-Feb-06-2026_15-09-38.pth
Fri 06 Feb 2026 15:30:51 INFO  The running environment of this training is as follows:
+-------------+----------------+
| Environment |     Usage      |
+=============+================+
| CPU         |     7.00 %     |
+-------------+----------------+
| GPU         | 0.47 G/6.00 G  |
+-------------+----------------+
| Memory      | 1.58 G/15.63 G |
+-------------+----------------+
Fri 06 Feb 2026 15:30:51 INFO  best valid : OrderedDict([('hit@10', 0.4293), ('ndcg@10', 0.2941), ('mrr@10', 0.2522)])
Fri 06 Feb 2026 15:30:51 INFO  test result: OrderedDict([('hit@10', 0.384), ('ndcg@10', 0.2568), ('mrr@10', 0.2172)])
