Thu 29 Jan 2026 10:28:34 INFO  ['scripts/run_grid.py', '--models', 'smlprec', '--datasets', 'ml-100k']
Thu 29 Jan 2026 10:28:34 INFO  
General Hyper Parameters:
gpu_id = 0
use_gpu = True
seed = 42
state = INFO
reproducibility = True
data_path = F:\anaconda3\envs\rec39\Lib\site-packages\recbole\config\../dataset_example/ml-100k
checkpoint_dir = saved
show_progress = True
save_dataset = False
dataset_save_path = None
save_dataloaders = False
dataloaders_save_path = None
log_wandb = False

Training Hyper Parameters:
epochs = 100
train_batch_size = 256
learner = adam
learning_rate = 0.0001
train_neg_sample_args = {'distribution': 'uniform', 'sample_num': 1, 'alpha': 1.0, 'dynamic': False, 'candidate_num': 0}
eval_step = 1
stopping_step = 10
clip_grad_norm = None
weight_decay = 0.0
loss_decimal_place = 4

Evaluation Hyper Parameters:
eval_args = {'split': {'LS': 'valid_and_test'}, 'order': 'TO', 'group_by': 'user', 'mode': {'valid': 'uni100', 'test': 'uni100'}}
repeatable = True
metrics = ['Hit', 'NDCG', 'MRR']
topk = [10]
valid_metric = MRR@10
valid_metric_bigger = True
eval_batch_size = 512
metric_decimal_place = 4

Dataset Hyper Parameters:
field_separator = 	
seq_separator =  
USER_ID_FIELD = user_id
ITEM_ID_FIELD = item_id
RATING_FIELD = rating
TIME_FIELD = timestamp
seq_len = None
LABEL_FIELD = label
threshold = None
NEG_PREFIX = neg_
load_col = {'inter': ['user_id', 'item_id', 'rating', 'timestamp'], 'user': ['user_id', 'age', 'gender', 'occupation', 'zip_code'], 'item': ['item_id', 'movie_title', 'release_year', 'class']}
unload_col = None
unused_col = None
additional_feat_suffix = None
rm_dup_inter = None
val_interval = None
filter_inter_by_user_or_item = True
user_inter_num_interval = None
item_inter_num_interval = None
alias_of_user_id = None
alias_of_item_id = None
alias_of_entity_id = None
alias_of_relation_id = None
preload_weight = None
normalize_field = None
normalize_all = True
ITEM_LIST_LENGTH_FIELD = item_length
LIST_SUFFIX = _list
MAX_ITEM_LIST_LENGTH = 32
POSITION_FIELD = position_id
HEAD_ENTITY_ID_FIELD = head_id
TAIL_ENTITY_ID_FIELD = tail_id
RELATION_ID_FIELD = relation_id
ENTITY_ID_FIELD = entity_id
kg_reverse_r = False
entity_kg_num_interval = None
relation_kg_num_interval = None
benchmark_filename = None

Other Hyper Parameters: 
worker = 0
wandb_project = recbole
shuffle = True
require_pow = False
enable_amp = False
enable_scaler = False
transform = None
numerical_features = []
discretization = None
MODEL_TYPE = ModelType.SEQUENTIAL
n_layers = 4
n_heads = 1
hidden_size = 128
hidden_dropout_prob = 0.5
hidden_act = gelu
layer_norm_eps = 1e-12
initializer_range = 0.02
loss_type = BPR
early_stop = 10
neg_sampling = None
selected_features = ['class', 'release_year']
pooling_mode = mean
device = cuda
MODEL_INPUT_TYPE = InputType.PAIRWISE
eval_type = EvaluatorType.RANKING
single_spec = True
local_rank = 0
valid_neg_sample_args = {'distribution': 'uniform', 'sample_num': 100}
test_neg_sample_args = {'distribution': 'uniform', 'sample_num': 100}


Thu 29 Jan 2026 10:28:34 INFO  ml-100k
The number of users: 944
Average actions of users: 106.04453870625663
The number of items: 1683
Average actions of items: 59.45303210463734
The number of inters: 100000
The sparsity of the dataset: 93.70575143257098%
Remain Fields: ['user_id', 'item_id', 'rating', 'timestamp', 'age', 'gender', 'occupation', 'zip_code', 'movie_title', 'release_year', 'class']
Thu 29 Jan 2026 10:28:36 INFO  [Training]: train_batch_size = [256] train_neg_sample_args: [{'distribution': 'uniform', 'sample_num': 1, 'alpha': 1.0, 'dynamic': False, 'candidate_num': 0}]
Thu 29 Jan 2026 10:28:36 INFO  [Evaluation]: eval_batch_size = [512] eval_args: [{'split': {'LS': 'valid_and_test'}, 'order': 'TO', 'group_by': 'user', 'mode': {'valid': 'uni100', 'test': 'uni100'}}]
Thu 29 Jan 2026 10:28:36 INFO  SMLPREC(
  (item_embedding): Embedding(1683, 128, padding_idx=0)
  (feature_embed_layer): FeatureSeqEmbLayer(
    (token_embedding_table): ModuleDict(
      (item): FMEmbedding(
        (embedding): Embedding(74, 128)
      )
    )
    (float_embedding_table): ModuleDict()
    (token_seq_embedding_table): ModuleDict(
      (item): ModuleList(
        (0): Embedding(20, 128)
      )
    )
    (float_seq_embedding_table): ModuleDict(
      (item): ModuleList()
    )
  )
  (layers): ModuleList(
    (0-3): 4 x SMLPBlock(
      (seq_mlp): MLPBranch(
        (fc1): Linear(in_features=32, out_features=32, bias=True)
        (fc2): Linear(in_features=32, out_features=32, bias=True)
        (act): GELU(approximate='none')
        (drop): Dropout(p=0.5, inplace=False)
      )
      (feat_mlp): MLPBranch(
        (fc1): Linear(in_features=3, out_features=3, bias=True)
        (fc2): Linear(in_features=3, out_features=3, bias=True)
        (act): GELU(approximate='none')
        (drop): Dropout(p=0.5, inplace=False)
      )
      (chan_mlp): MLPBranch(
        (fc1): Linear(in_features=128, out_features=128, bias=True)
        (fc2): Linear(in_features=128, out_features=128, bias=True)
        (act): GELU(approximate='none')
        (drop): Dropout(p=0.5, inplace=False)
      )
      (norm): LayerNorm((128,), eps=1e-05, elementwise_affine=True)
    )
  )
  (output_norm): LayerNorm((128,), eps=1e-12, elementwise_affine=True)
  (loss_fct): BPRLoss()
)
Trainable parameters: 369376
Thu 29 Jan 2026 10:28:36 INFO  FLOPs: 16155008.0
Thu 29 Jan 2026 10:29:30 INFO  epoch 0 training [time: 52.56s, train loss: 220.2333]
Thu 29 Jan 2026 10:29:36 INFO  epoch 0 evaluating [time: 5.66s, valid_score: 0.126900]
Thu 29 Jan 2026 10:29:36 INFO  valid result: 
hit@10 : 0.3775    ndcg@10 : 0.1847    mrr@10 : 0.1269
Thu 29 Jan 2026 10:29:36 INFO  Saving current: saved\SMLPREC-Jan-29-2026_10-28-36.pth
Thu 29 Jan 2026 10:30:27 INFO  epoch 1 training [time: 51.13s, train loss: 164.7631]
Thu 29 Jan 2026 10:30:33 INFO  epoch 1 evaluating [time: 5.64s, valid_score: 0.143800]
Thu 29 Jan 2026 10:30:33 INFO  valid result: 
hit@10 : 0.4062    ndcg@10 : 0.2045    mrr@10 : 0.1438
Thu 29 Jan 2026 10:30:33 INFO  Saving current: saved\SMLPREC-Jan-29-2026_10-28-36.pth
Thu 29 Jan 2026 10:31:27 INFO  epoch 2 training [time: 53.95s, train loss: 141.6472]
Thu 29 Jan 2026 10:31:33 INFO  epoch 2 evaluating [time: 6.02s, valid_score: 0.206700]
Thu 29 Jan 2026 10:31:33 INFO  valid result: 
hit@10 : 0.5249    ndcg@10 : 0.2815    mrr@10 : 0.2067
Thu 29 Jan 2026 10:31:33 INFO  Saving current: saved\SMLPREC-Jan-29-2026_10-28-36.pth
Thu 29 Jan 2026 10:32:32 INFO  epoch 3 training [time: 59.40s, train loss: 118.3276]
Thu 29 Jan 2026 10:32:38 INFO  epoch 3 evaluating [time: 5.91s, valid_score: 0.249400]
Thu 29 Jan 2026 10:32:38 INFO  valid result: 
hit@10 : 0.6087    ndcg@10 : 0.3337    mrr@10 : 0.2494
Thu 29 Jan 2026 10:32:38 INFO  Saving current: saved\SMLPREC-Jan-29-2026_10-28-36.pth
Thu 29 Jan 2026 10:33:31 INFO  epoch 4 training [time: 52.55s, train loss: 104.1711]
Thu 29 Jan 2026 10:33:36 INFO  epoch 4 evaluating [time: 5.66s, valid_score: 0.263800]
Thu 29 Jan 2026 10:33:36 INFO  valid result: 
hit@10 : 0.6437    ndcg@10 : 0.3531    mrr@10 : 0.2638
Thu 29 Jan 2026 10:33:36 INFO  Saving current: saved\SMLPREC-Jan-29-2026_10-28-36.pth
Thu 29 Jan 2026 10:34:27 INFO  epoch 5 training [time: 50.15s, train loss: 95.9360]
Thu 29 Jan 2026 10:34:32 INFO  epoch 5 evaluating [time: 5.57s, valid_score: 0.265700]
Thu 29 Jan 2026 10:34:32 INFO  valid result: 
hit@10 : 0.6299    ndcg@10 : 0.3516    mrr@10 : 0.2657
Thu 29 Jan 2026 10:34:32 INFO  Saving current: saved\SMLPREC-Jan-29-2026_10-28-36.pth
Thu 29 Jan 2026 10:35:23 INFO  epoch 6 training [time: 51.36s, train loss: 88.9648]
Thu 29 Jan 2026 10:35:29 INFO  epoch 6 evaluating [time: 5.62s, valid_score: 0.289000]
Thu 29 Jan 2026 10:35:29 INFO  valid result: 
hit@10 : 0.684    ndcg@10 : 0.3815    mrr@10 : 0.289
Thu 29 Jan 2026 10:35:29 INFO  Saving current: saved\SMLPREC-Jan-29-2026_10-28-36.pth
Thu 29 Jan 2026 10:36:19 INFO  epoch 7 training [time: 50.24s, train loss: 86.4537]
Thu 29 Jan 2026 10:36:25 INFO  epoch 7 evaluating [time: 5.58s, valid_score: 0.280700]
Thu 29 Jan 2026 10:36:25 INFO  valid result: 
hit@10 : 0.6744    ndcg@10 : 0.3734    mrr@10 : 0.2807
Thu 29 Jan 2026 10:37:15 INFO  epoch 8 training [time: 50.47s, train loss: 83.0431]
Thu 29 Jan 2026 10:37:21 INFO  epoch 8 evaluating [time: 5.61s, valid_score: 0.292000]
Thu 29 Jan 2026 10:37:21 INFO  valid result: 
hit@10 : 0.684    ndcg@10 : 0.3841    mrr@10 : 0.292
Thu 29 Jan 2026 10:37:21 INFO  Saving current: saved\SMLPREC-Jan-29-2026_10-28-36.pth
Thu 29 Jan 2026 10:38:13 INFO  epoch 9 training [time: 51.95s, train loss: 80.3367]
Thu 29 Jan 2026 10:38:19 INFO  epoch 9 evaluating [time: 5.61s, valid_score: 0.300100]
Thu 29 Jan 2026 10:38:19 INFO  valid result: 
hit@10 : 0.6925    ndcg@10 : 0.3925    mrr@10 : 0.3001
Thu 29 Jan 2026 10:38:19 INFO  Saving current: saved\SMLPREC-Jan-29-2026_10-28-36.pth
Thu 29 Jan 2026 10:39:10 INFO  epoch 10 training [time: 51.80s, train loss: 78.9813]
Thu 29 Jan 2026 10:39:16 INFO  epoch 10 evaluating [time: 5.67s, valid_score: 0.295800]
Thu 29 Jan 2026 10:39:16 INFO  valid result: 
hit@10 : 0.6808    ndcg@10 : 0.3865    mrr@10 : 0.2958
Thu 29 Jan 2026 10:40:08 INFO  epoch 11 training [time: 51.82s, train loss: 76.9309]
Thu 29 Jan 2026 10:40:14 INFO  epoch 11 evaluating [time: 5.60s, valid_score: 0.293900]
Thu 29 Jan 2026 10:40:14 INFO  valid result: 
hit@10 : 0.6999    ndcg@10 : 0.3894    mrr@10 : 0.2939
Thu 29 Jan 2026 10:41:04 INFO  epoch 12 training [time: 50.58s, train loss: 74.4895]
Thu 29 Jan 2026 10:41:10 INFO  epoch 12 evaluating [time: 5.58s, valid_score: 0.297500]
Thu 29 Jan 2026 10:41:10 INFO  valid result: 
hit@10 : 0.7137    ndcg@10 : 0.3953    mrr@10 : 0.2975
Thu 29 Jan 2026 10:42:01 INFO  epoch 13 training [time: 50.97s, train loss: 74.1957]
Thu 29 Jan 2026 10:42:06 INFO  epoch 13 evaluating [time: 5.66s, valid_score: 0.306700]
Thu 29 Jan 2026 10:42:06 INFO  valid result: 
hit@10 : 0.719    ndcg@10 : 0.4042    mrr@10 : 0.3067
Thu 29 Jan 2026 10:42:06 INFO  Saving current: saved\SMLPREC-Jan-29-2026_10-28-36.pth
Thu 29 Jan 2026 10:42:57 INFO  epoch 14 training [time: 50.68s, train loss: 73.1025]
Thu 29 Jan 2026 10:43:03 INFO  epoch 14 evaluating [time: 5.60s, valid_score: 0.310200]
Thu 29 Jan 2026 10:43:03 INFO  valid result: 
hit@10 : 0.7306    ndcg@10 : 0.4093    mrr@10 : 0.3102
Thu 29 Jan 2026 10:43:03 INFO  Saving current: saved\SMLPREC-Jan-29-2026_10-28-36.pth
Thu 29 Jan 2026 10:43:55 INFO  epoch 15 training [time: 52.06s, train loss: 71.7165]
Thu 29 Jan 2026 10:44:00 INFO  epoch 15 evaluating [time: 5.59s, valid_score: 0.307300]
Thu 29 Jan 2026 10:44:00 INFO  valid result: 
hit@10 : 0.72    ndcg@10 : 0.4053    mrr@10 : 0.3073
Thu 29 Jan 2026 10:44:51 INFO  epoch 16 training [time: 50.29s, train loss: 71.1455]
Thu 29 Jan 2026 10:44:56 INFO  epoch 16 evaluating [time: 5.62s, valid_score: 0.305700]
Thu 29 Jan 2026 10:44:56 INFO  valid result: 
hit@10 : 0.7179    ndcg@10 : 0.4034    mrr@10 : 0.3057
Thu 29 Jan 2026 10:45:47 INFO  epoch 17 training [time: 50.76s, train loss: 70.1052]
Thu 29 Jan 2026 10:45:53 INFO  epoch 17 evaluating [time: 5.62s, valid_score: 0.307100]
Thu 29 Jan 2026 10:45:53 INFO  valid result: 
hit@10 : 0.7285    ndcg@10 : 0.4067    mrr@10 : 0.3071
Thu 29 Jan 2026 10:46:43 INFO  epoch 18 training [time: 50.38s, train loss: 68.7808]
Thu 29 Jan 2026 10:46:49 INFO  epoch 18 evaluating [time: 5.58s, valid_score: 0.322500]
Thu 29 Jan 2026 10:46:49 INFO  valid result: 
hit@10 : 0.7317    ndcg@10 : 0.419    mrr@10 : 0.3225
Thu 29 Jan 2026 10:46:49 INFO  Saving current: saved\SMLPREC-Jan-29-2026_10-28-36.pth
Thu 29 Jan 2026 10:47:41 INFO  epoch 19 training [time: 52.83s, train loss: 68.0146]
Thu 29 Jan 2026 10:47:47 INFO  epoch 19 evaluating [time: 5.71s, valid_score: 0.323500]
Thu 29 Jan 2026 10:47:47 INFO  valid result: 
hit@10 : 0.7275    ndcg@10 : 0.4183    mrr@10 : 0.3235
Thu 29 Jan 2026 10:47:47 INFO  Saving current: saved\SMLPREC-Jan-29-2026_10-28-36.pth
Thu 29 Jan 2026 10:48:39 INFO  epoch 20 training [time: 51.81s, train loss: 67.3192]
Thu 29 Jan 2026 10:48:45 INFO  epoch 20 evaluating [time: 5.63s, valid_score: 0.316400]
Thu 29 Jan 2026 10:48:45 INFO  valid result: 
hit@10 : 0.7328    ndcg@10 : 0.4145    mrr@10 : 0.3164
Thu 29 Jan 2026 10:49:36 INFO  epoch 21 training [time: 51.07s, train loss: 66.4028]
Thu 29 Jan 2026 10:49:41 INFO  epoch 21 evaluating [time: 5.61s, valid_score: 0.311500]
Thu 29 Jan 2026 10:49:41 INFO  valid result: 
hit@10 : 0.7338    ndcg@10 : 0.4116    mrr@10 : 0.3115
Thu 29 Jan 2026 10:50:32 INFO  epoch 22 training [time: 51.15s, train loss: 66.0254]
Thu 29 Jan 2026 10:50:38 INFO  epoch 22 evaluating [time: 5.59s, valid_score: 0.319200]
Thu 29 Jan 2026 10:50:38 INFO  valid result: 
hit@10 : 0.7359    ndcg@10 : 0.418    mrr@10 : 0.3192
Thu 29 Jan 2026 10:51:30 INFO  epoch 23 training [time: 52.04s, train loss: 65.6668]
Thu 29 Jan 2026 10:51:36 INFO  epoch 23 evaluating [time: 5.65s, valid_score: 0.321900]
Thu 29 Jan 2026 10:51:36 INFO  valid result: 
hit@10 : 0.7349    ndcg@10 : 0.4195    mrr@10 : 0.3219
Thu 29 Jan 2026 10:52:41 INFO  epoch 24 training [time: 65.53s, train loss: 64.9818]
Thu 29 Jan 2026 10:52:47 INFO  epoch 24 evaluating [time: 5.83s, valid_score: 0.313000]
Thu 29 Jan 2026 10:52:47 INFO  valid result: 
hit@10 : 0.7423    ndcg@10 : 0.4143    mrr@10 : 0.313
Thu 29 Jan 2026 10:53:42 INFO  epoch 25 training [time: 54.83s, train loss: 64.1285]
Thu 29 Jan 2026 10:53:48 INFO  epoch 25 evaluating [time: 5.78s, valid_score: 0.323600]
Thu 29 Jan 2026 10:53:48 INFO  valid result: 
hit@10 : 0.7328    ndcg@10 : 0.4205    mrr@10 : 0.3236
Thu 29 Jan 2026 10:53:48 INFO  Saving current: saved\SMLPREC-Jan-29-2026_10-28-36.pth
Thu 29 Jan 2026 10:54:42 INFO  epoch 26 training [time: 54.79s, train loss: 63.5260]
Thu 29 Jan 2026 10:54:48 INFO  epoch 26 evaluating [time: 5.72s, valid_score: 0.324000]
Thu 29 Jan 2026 10:54:48 INFO  valid result: 
hit@10 : 0.7391    ndcg@10 : 0.4218    mrr@10 : 0.324
Thu 29 Jan 2026 10:54:48 INFO  Saving current: saved\SMLPREC-Jan-29-2026_10-28-36.pth
Thu 29 Jan 2026 10:55:44 INFO  epoch 27 training [time: 56.29s, train loss: 62.2777]
Thu 29 Jan 2026 10:55:50 INFO  epoch 27 evaluating [time: 5.79s, valid_score: 0.330500]
Thu 29 Jan 2026 10:55:50 INFO  valid result: 
hit@10 : 0.737    ndcg@10 : 0.4264    mrr@10 : 0.3305
Thu 29 Jan 2026 10:55:50 INFO  Saving current: saved\SMLPREC-Jan-29-2026_10-28-36.pth
Thu 29 Jan 2026 10:56:45 INFO  epoch 28 training [time: 55.22s, train loss: 63.0164]
Thu 29 Jan 2026 10:56:51 INFO  epoch 28 evaluating [time: 5.78s, valid_score: 0.328200]
Thu 29 Jan 2026 10:56:51 INFO  valid result: 
hit@10 : 0.7423    ndcg@10 : 0.4258    mrr@10 : 0.3282
Thu 29 Jan 2026 10:57:46 INFO  epoch 29 training [time: 54.79s, train loss: 62.3131]
Thu 29 Jan 2026 10:57:52 INFO  epoch 29 evaluating [time: 5.78s, valid_score: 0.323800]
Thu 29 Jan 2026 10:57:52 INFO  valid result: 
hit@10 : 0.737    ndcg@10 : 0.4213    mrr@10 : 0.3238
Thu 29 Jan 2026 10:58:47 INFO  epoch 30 training [time: 55.09s, train loss: 62.1387]
Thu 29 Jan 2026 10:58:53 INFO  epoch 30 evaluating [time: 5.75s, valid_score: 0.333500]
Thu 29 Jan 2026 10:58:53 INFO  valid result: 
hit@10 : 0.7317    ndcg@10 : 0.4274    mrr@10 : 0.3335
Thu 29 Jan 2026 10:58:53 INFO  Saving current: saved\SMLPREC-Jan-29-2026_10-28-36.pth
Thu 29 Jan 2026 10:59:49 INFO  epoch 31 training [time: 56.29s, train loss: 61.3905]
Thu 29 Jan 2026 10:59:55 INFO  epoch 31 evaluating [time: 5.82s, valid_score: 0.319200]
Thu 29 Jan 2026 10:59:55 INFO  valid result: 
hit@10 : 0.7455    ndcg@10 : 0.4202    mrr@10 : 0.3192
Thu 29 Jan 2026 11:00:50 INFO  epoch 32 training [time: 54.73s, train loss: 61.5059]
Thu 29 Jan 2026 11:00:55 INFO  epoch 32 evaluating [time: 5.76s, valid_score: 0.328300]
Thu 29 Jan 2026 11:00:55 INFO  valid result: 
hit@10 : 0.7328    ndcg@10 : 0.4242    mrr@10 : 0.3283
Thu 29 Jan 2026 11:01:50 INFO  epoch 33 training [time: 54.85s, train loss: 61.2723]
Thu 29 Jan 2026 11:01:56 INFO  epoch 33 evaluating [time: 5.74s, valid_score: 0.327800]
Thu 29 Jan 2026 11:01:56 INFO  valid result: 
hit@10 : 0.7434    ndcg@10 : 0.4268    mrr@10 : 0.3278
Thu 29 Jan 2026 11:02:51 INFO  epoch 34 training [time: 55.03s, train loss: 60.3387]
Thu 29 Jan 2026 11:02:57 INFO  epoch 34 evaluating [time: 5.77s, valid_score: 0.320500]
Thu 29 Jan 2026 11:02:57 INFO  valid result: 
hit@10 : 0.7349    ndcg@10 : 0.4188    mrr@10 : 0.3205
Thu 29 Jan 2026 11:03:53 INFO  epoch 35 training [time: 56.40s, train loss: 59.3666]
Thu 29 Jan 2026 11:03:59 INFO  epoch 35 evaluating [time: 5.79s, valid_score: 0.336600]
Thu 29 Jan 2026 11:03:59 INFO  valid result: 
hit@10 : 0.754    ndcg@10 : 0.4353    mrr@10 : 0.3366
Thu 29 Jan 2026 11:03:59 INFO  Saving current: saved\SMLPREC-Jan-29-2026_10-28-36.pth
Thu 29 Jan 2026 11:04:52 INFO  epoch 36 training [time: 52.60s, train loss: 58.8550]
Thu 29 Jan 2026 11:04:57 INFO  epoch 36 evaluating [time: 5.66s, valid_score: 0.328200]
Thu 29 Jan 2026 11:04:57 INFO  valid result: 
hit@10 : 0.7275    ndcg@10 : 0.4231    mrr@10 : 0.3282
Thu 29 Jan 2026 11:05:49 INFO  epoch 37 training [time: 51.35s, train loss: 58.7414]
Thu 29 Jan 2026 11:05:54 INFO  epoch 37 evaluating [time: 5.64s, valid_score: 0.328400]
Thu 29 Jan 2026 11:05:54 INFO  valid result: 
hit@10 : 0.7328    ndcg@10 : 0.4241    mrr@10 : 0.3284
Thu 29 Jan 2026 11:06:46 INFO  epoch 38 training [time: 51.43s, train loss: 58.7857]
Thu 29 Jan 2026 11:06:51 INFO  epoch 38 evaluating [time: 5.58s, valid_score: 0.330200]
Thu 29 Jan 2026 11:06:51 INFO  valid result: 
hit@10 : 0.737    ndcg@10 : 0.4266    mrr@10 : 0.3302
Thu 29 Jan 2026 11:07:44 INFO  epoch 39 training [time: 52.53s, train loss: 58.4809]
Thu 29 Jan 2026 11:07:49 INFO  epoch 39 evaluating [time: 5.65s, valid_score: 0.338100]
Thu 29 Jan 2026 11:07:49 INFO  valid result: 
hit@10 : 0.7328    ndcg@10 : 0.4316    mrr@10 : 0.3381
Thu 29 Jan 2026 11:07:49 INFO  Saving current: saved\SMLPREC-Jan-29-2026_10-28-36.pth
Thu 29 Jan 2026 11:08:41 INFO  epoch 40 training [time: 51.23s, train loss: 58.0585]
Thu 29 Jan 2026 11:08:46 INFO  epoch 40 evaluating [time: 5.66s, valid_score: 0.343700]
Thu 29 Jan 2026 11:08:46 INFO  valid result: 
hit@10 : 0.7508    ndcg@10 : 0.44    mrr@10 : 0.3437
Thu 29 Jan 2026 11:08:46 INFO  Saving current: saved\SMLPREC-Jan-29-2026_10-28-36.pth
Thu 29 Jan 2026 11:09:37 INFO  epoch 41 training [time: 51.08s, train loss: 57.4436]
Thu 29 Jan 2026 11:09:43 INFO  epoch 41 evaluating [time: 5.64s, valid_score: 0.322600]
Thu 29 Jan 2026 11:09:43 INFO  valid result: 
hit@10 : 0.7306    ndcg@10 : 0.4192    mrr@10 : 0.3226
Thu 29 Jan 2026 11:10:34 INFO  epoch 42 training [time: 51.37s, train loss: 57.2680]
Thu 29 Jan 2026 11:10:40 INFO  epoch 42 evaluating [time: 5.58s, valid_score: 0.341300]
Thu 29 Jan 2026 11:10:40 INFO  valid result: 
hit@10 : 0.737    ndcg@10 : 0.435    mrr@10 : 0.3413
Thu 29 Jan 2026 11:11:32 INFO  epoch 43 training [time: 52.33s, train loss: 56.0520]
Thu 29 Jan 2026 11:11:38 INFO  epoch 43 evaluating [time: 5.67s, valid_score: 0.337500]
Thu 29 Jan 2026 11:11:38 INFO  valid result: 
hit@10 : 0.7561    ndcg@10 : 0.4364    mrr@10 : 0.3375
Thu 29 Jan 2026 11:12:29 INFO  epoch 44 training [time: 51.42s, train loss: 55.3328]
Thu 29 Jan 2026 11:12:35 INFO  epoch 44 evaluating [time: 5.65s, valid_score: 0.320300]
Thu 29 Jan 2026 11:12:35 INFO  valid result: 
hit@10 : 0.737    ndcg@10 : 0.4192    mrr@10 : 0.3203
Thu 29 Jan 2026 11:13:26 INFO  epoch 45 training [time: 51.00s, train loss: 55.5332]
Thu 29 Jan 2026 11:13:32 INFO  epoch 45 evaluating [time: 5.64s, valid_score: 0.338300]
Thu 29 Jan 2026 11:13:32 INFO  valid result: 
hit@10 : 0.754    ndcg@10 : 0.4369    mrr@10 : 0.3383
Thu 29 Jan 2026 11:14:23 INFO  epoch 46 training [time: 51.51s, train loss: 56.0957]
Thu 29 Jan 2026 11:14:29 INFO  epoch 46 evaluating [time: 5.61s, valid_score: 0.331800]
Thu 29 Jan 2026 11:14:29 INFO  valid result: 
hit@10 : 0.7359    ndcg@10 : 0.4276    mrr@10 : 0.3318
Thu 29 Jan 2026 11:15:21 INFO  epoch 47 training [time: 52.05s, train loss: 56.2844]
Thu 29 Jan 2026 11:15:26 INFO  epoch 47 evaluating [time: 5.62s, valid_score: 0.341100]
Thu 29 Jan 2026 11:15:26 INFO  valid result: 
hit@10 : 0.7497    ndcg@10 : 0.4382    mrr@10 : 0.3411
Thu 29 Jan 2026 11:16:18 INFO  epoch 48 training [time: 51.38s, train loss: 55.0123]
Thu 29 Jan 2026 11:16:23 INFO  epoch 48 evaluating [time: 5.59s, valid_score: 0.328300]
Thu 29 Jan 2026 11:16:23 INFO  valid result: 
hit@10 : 0.7402    ndcg@10 : 0.426    mrr@10 : 0.3283
Thu 29 Jan 2026 11:17:15 INFO  epoch 49 training [time: 51.47s, train loss: 54.1231]
Thu 29 Jan 2026 11:17:21 INFO  epoch 49 evaluating [time: 5.60s, valid_score: 0.335600]
Thu 29 Jan 2026 11:17:21 INFO  valid result: 
hit@10 : 0.7349    ndcg@10 : 0.4308    mrr@10 : 0.3356
Thu 29 Jan 2026 11:18:12 INFO  epoch 50 training [time: 51.62s, train loss: 54.1807]
Thu 29 Jan 2026 11:18:18 INFO  epoch 50 evaluating [time: 5.65s, valid_score: 0.324000]
Thu 29 Jan 2026 11:18:18 INFO  valid result: 
hit@10 : 0.7434    ndcg@10 : 0.4237    mrr@10 : 0.324
Thu 29 Jan 2026 11:19:10 INFO  epoch 51 training [time: 52.13s, train loss: 54.5374]
Thu 29 Jan 2026 11:19:16 INFO  epoch 51 evaluating [time: 5.67s, valid_score: 0.329300]
Thu 29 Jan 2026 11:19:16 INFO  valid result: 
hit@10 : 0.7243    ndcg@10 : 0.4232    mrr@10 : 0.3293
Thu 29 Jan 2026 11:19:16 INFO  Finished training, best eval result in epoch 40
Thu 29 Jan 2026 11:19:16 WARNING  command line args [--models smlprec --datasets ml-100k] will not be used in RecBole
Thu 29 Jan 2026 11:19:16 INFO  ['scripts/run_grid.py', '--models', 'smlprec', '--datasets', 'ml-100k']
Thu 29 Jan 2026 11:19:16 INFO  
General Hyper Parameters:
gpu_id = 0
use_gpu = True
seed = 2023
state = INFO
reproducibility = True
data_path = F:\anaconda3\envs\rec39\Lib\site-packages\recbole\config\../dataset_example/ml-100k
checkpoint_dir = saved
show_progress = True
save_dataset = False
dataset_save_path = None
save_dataloaders = False
dataloaders_save_path = None
log_wandb = False

Training Hyper Parameters:
epochs = 100
train_batch_size = 256
learner = adam
learning_rate = 0.0001
train_neg_sample_args = {'distribution': 'uniform', 'sample_num': 1, 'alpha': 1.0, 'dynamic': False, 'candidate_num': 0}
eval_step = 1
stopping_step = 10
clip_grad_norm = None
weight_decay = 0.0
loss_decimal_place = 4

Evaluation Hyper Parameters:
eval_args = {'split': {'LS': 'valid_and_test'}, 'order': 'TO', 'group_by': 'user', 'mode': {'valid': 'uni100', 'test': 'uni100'}}
repeatable = True
metrics = ['Hit', 'NDCG', 'MRR']
topk = [10]
valid_metric = MRR@10
valid_metric_bigger = True
eval_batch_size = 512
metric_decimal_place = 4

Dataset Hyper Parameters:
field_separator = 	
seq_separator =  
USER_ID_FIELD = user_id
ITEM_ID_FIELD = item_id
RATING_FIELD = rating
TIME_FIELD = timestamp
seq_len = None
LABEL_FIELD = label
threshold = None
NEG_PREFIX = neg_
load_col = {'inter': ['user_id', 'item_id', 'rating', 'timestamp'], 'user': ['user_id', 'age', 'gender', 'occupation', 'zip_code'], 'item': ['item_id', 'movie_title', 'release_year', 'class']}
unload_col = None
unused_col = None
additional_feat_suffix = None
rm_dup_inter = None
val_interval = None
filter_inter_by_user_or_item = True
user_inter_num_interval = None
item_inter_num_interval = None
alias_of_user_id = None
alias_of_item_id = None
alias_of_entity_id = None
alias_of_relation_id = None
preload_weight = None
normalize_field = None
normalize_all = True
ITEM_LIST_LENGTH_FIELD = item_length
LIST_SUFFIX = _list
MAX_ITEM_LIST_LENGTH = 32
POSITION_FIELD = position_id
HEAD_ENTITY_ID_FIELD = head_id
TAIL_ENTITY_ID_FIELD = tail_id
RELATION_ID_FIELD = relation_id
ENTITY_ID_FIELD = entity_id
kg_reverse_r = False
entity_kg_num_interval = None
relation_kg_num_interval = None
benchmark_filename = None

Other Hyper Parameters: 
worker = 0
wandb_project = recbole
shuffle = True
require_pow = False
enable_amp = False
enable_scaler = False
transform = None
numerical_features = []
discretization = None
MODEL_TYPE = ModelType.SEQUENTIAL
n_layers = 4
n_heads = 1
hidden_size = 128
hidden_dropout_prob = 0.5
hidden_act = gelu
layer_norm_eps = 1e-12
initializer_range = 0.02
loss_type = BPR
early_stop = 10
neg_sampling = None
selected_features = ['class', 'release_year']
pooling_mode = mean
device = cuda
MODEL_INPUT_TYPE = InputType.PAIRWISE
eval_type = EvaluatorType.RANKING
single_spec = True
local_rank = 0
valid_neg_sample_args = {'distribution': 'uniform', 'sample_num': 100}
test_neg_sample_args = {'distribution': 'uniform', 'sample_num': 100}


Thu 29 Jan 2026 11:19:16 INFO  ml-100k
The number of users: 944
Average actions of users: 106.04453870625663
The number of items: 1683
Average actions of items: 59.45303210463734
The number of inters: 100000
The sparsity of the dataset: 93.70575143257098%
Remain Fields: ['user_id', 'item_id', 'rating', 'timestamp', 'age', 'gender', 'occupation', 'zip_code', 'movie_title', 'release_year', 'class']
Thu 29 Jan 2026 11:19:18 INFO  [Training]: train_batch_size = [256] train_neg_sample_args: [{'distribution': 'uniform', 'sample_num': 1, 'alpha': 1.0, 'dynamic': False, 'candidate_num': 0}]
Thu 29 Jan 2026 11:19:18 INFO  [Evaluation]: eval_batch_size = [512] eval_args: [{'split': {'LS': 'valid_and_test'}, 'order': 'TO', 'group_by': 'user', 'mode': {'valid': 'uni100', 'test': 'uni100'}}]
Thu 29 Jan 2026 11:19:18 INFO  SMLPREC(
  (item_embedding): Embedding(1683, 128, padding_idx=0)
  (feature_embed_layer): FeatureSeqEmbLayer(
    (token_embedding_table): ModuleDict(
      (item): FMEmbedding(
        (embedding): Embedding(74, 128)
      )
    )
    (float_embedding_table): ModuleDict()
    (token_seq_embedding_table): ModuleDict(
      (item): ModuleList(
        (0): Embedding(20, 128)
      )
    )
    (float_seq_embedding_table): ModuleDict(
      (item): ModuleList()
    )
  )
  (layers): ModuleList(
    (0-3): 4 x SMLPBlock(
      (seq_mlp): MLPBranch(
        (fc1): Linear(in_features=32, out_features=32, bias=True)
        (fc2): Linear(in_features=32, out_features=32, bias=True)
        (act): GELU(approximate='none')
        (drop): Dropout(p=0.5, inplace=False)
      )
      (feat_mlp): MLPBranch(
        (fc1): Linear(in_features=3, out_features=3, bias=True)
        (fc2): Linear(in_features=3, out_features=3, bias=True)
        (act): GELU(approximate='none')
        (drop): Dropout(p=0.5, inplace=False)
      )
      (chan_mlp): MLPBranch(
        (fc1): Linear(in_features=128, out_features=128, bias=True)
        (fc2): Linear(in_features=128, out_features=128, bias=True)
        (act): GELU(approximate='none')
        (drop): Dropout(p=0.5, inplace=False)
      )
      (norm): LayerNorm((128,), eps=1e-05, elementwise_affine=True)
    )
  )
  (output_norm): LayerNorm((128,), eps=1e-12, elementwise_affine=True)
  (loss_fct): BPRLoss()
)
Trainable parameters: 369376
Thu 29 Jan 2026 11:19:18 INFO  FLOPs: 16155008.0
Thu 29 Jan 2026 11:20:10 INFO  epoch 0 training [time: 52.38s, train loss: 218.8123]
Thu 29 Jan 2026 11:20:16 INFO  epoch 0 evaluating [time: 5.61s, valid_score: 0.142200]
Thu 29 Jan 2026 11:20:16 INFO  valid result: 
hit@10 : 0.3839    ndcg@10 : 0.1982    mrr@10 : 0.1422
Thu 29 Jan 2026 11:20:16 INFO  Saving current: saved\SMLPREC-Jan-29-2026_11-19-18.pth
Thu 29 Jan 2026 11:21:07 INFO  epoch 1 training [time: 51.68s, train loss: 161.7207]
Thu 29 Jan 2026 11:21:13 INFO  epoch 1 evaluating [time: 5.64s, valid_score: 0.168400]
Thu 29 Jan 2026 11:21:13 INFO  valid result: 
hit@10 : 0.4348    ndcg@10 : 0.2303    mrr@10 : 0.1684
Thu 29 Jan 2026 11:21:13 INFO  Saving current: saved\SMLPREC-Jan-29-2026_11-19-18.pth
Thu 29 Jan 2026 11:22:05 INFO  epoch 2 training [time: 52.00s, train loss: 135.5031]
Thu 29 Jan 2026 11:22:11 INFO  epoch 2 evaluating [time: 5.68s, valid_score: 0.221500]
Thu 29 Jan 2026 11:22:11 INFO  valid result: 
hit@10 : 0.5472    ndcg@10 : 0.2982    mrr@10 : 0.2215
Thu 29 Jan 2026 11:22:11 INFO  Saving current: saved\SMLPREC-Jan-29-2026_11-19-18.pth
Thu 29 Jan 2026 11:23:03 INFO  epoch 3 training [time: 52.15s, train loss: 114.8627]
Thu 29 Jan 2026 11:23:08 INFO  epoch 3 evaluating [time: 5.64s, valid_score: 0.245900]
Thu 29 Jan 2026 11:23:08 INFO  valid result: 
hit@10 : 0.6023    ndcg@10 : 0.3298    mrr@10 : 0.2459
Thu 29 Jan 2026 11:23:08 INFO  Saving current: saved\SMLPREC-Jan-29-2026_11-19-18.pth
Thu 29 Jan 2026 11:24:01 INFO  epoch 4 training [time: 52.69s, train loss: 102.3992]
Thu 29 Jan 2026 11:24:07 INFO  epoch 4 evaluating [time: 5.62s, valid_score: 0.270400]
Thu 29 Jan 2026 11:24:07 INFO  valid result: 
hit@10 : 0.6235    ndcg@10 : 0.3534    mrr@10 : 0.2704
Thu 29 Jan 2026 11:24:07 INFO  Saving current: saved\SMLPREC-Jan-29-2026_11-19-18.pth
Thu 29 Jan 2026 11:24:58 INFO  epoch 5 training [time: 51.45s, train loss: 95.2218]
Thu 29 Jan 2026 11:25:04 INFO  epoch 5 evaluating [time: 5.73s, valid_score: 0.286500]
Thu 29 Jan 2026 11:25:04 INFO  valid result: 
hit@10 : 0.6585    ndcg@10 : 0.3738    mrr@10 : 0.2865
Thu 29 Jan 2026 11:25:04 INFO  Saving current: saved\SMLPREC-Jan-29-2026_11-19-18.pth
Thu 29 Jan 2026 11:25:56 INFO  epoch 6 training [time: 52.05s, train loss: 89.5466]
Thu 29 Jan 2026 11:26:02 INFO  epoch 6 evaluating [time: 5.68s, valid_score: 0.270100]
Thu 29 Jan 2026 11:26:02 INFO  valid result: 
hit@10 : 0.6734    ndcg@10 : 0.3646    mrr@10 : 0.2701
Thu 29 Jan 2026 11:26:54 INFO  epoch 7 training [time: 51.79s, train loss: 86.4139]
Thu 29 Jan 2026 11:26:59 INFO  epoch 7 evaluating [time: 5.64s, valid_score: 0.276000]
Thu 29 Jan 2026 11:26:59 INFO  valid result: 
hit@10 : 0.6766    ndcg@10 : 0.3706    mrr@10 : 0.276
Thu 29 Jan 2026 11:27:52 INFO  epoch 8 training [time: 53.12s, train loss: 82.4675]
Thu 29 Jan 2026 11:27:58 INFO  epoch 8 evaluating [time: 5.65s, valid_score: 0.292400]
Thu 29 Jan 2026 11:27:58 INFO  valid result: 
hit@10 : 0.6734    ndcg@10 : 0.3816    mrr@10 : 0.2924
Thu 29 Jan 2026 11:27:58 INFO  Saving current: saved\SMLPREC-Jan-29-2026_11-19-18.pth
Thu 29 Jan 2026 11:28:49 INFO  epoch 9 training [time: 51.49s, train loss: 80.4381]
Thu 29 Jan 2026 11:28:55 INFO  epoch 9 evaluating [time: 5.66s, valid_score: 0.291200]
Thu 29 Jan 2026 11:28:55 INFO  valid result: 
hit@10 : 0.6967    ndcg@10 : 0.3858    mrr@10 : 0.2912
Thu 29 Jan 2026 11:29:47 INFO  epoch 10 training [time: 51.52s, train loss: 78.7942]
Thu 29 Jan 2026 11:29:52 INFO  epoch 10 evaluating [time: 5.66s, valid_score: 0.293800]
Thu 29 Jan 2026 11:29:52 INFO  valid result: 
hit@10 : 0.6861    ndcg@10 : 0.386    mrr@10 : 0.2938
Thu 29 Jan 2026 11:29:52 INFO  Saving current: saved\SMLPREC-Jan-29-2026_11-19-18.pth
Thu 29 Jan 2026 11:30:44 INFO  epoch 11 training [time: 51.66s, train loss: 77.4906]
Thu 29 Jan 2026 11:30:50 INFO  epoch 11 evaluating [time: 5.60s, valid_score: 0.291400]
Thu 29 Jan 2026 11:30:50 INFO  valid result: 
hit@10 : 0.6914    ndcg@10 : 0.3858    mrr@10 : 0.2914
Thu 29 Jan 2026 11:31:43 INFO  epoch 12 training [time: 52.99s, train loss: 75.4747]
Thu 29 Jan 2026 11:31:48 INFO  epoch 12 evaluating [time: 5.69s, valid_score: 0.299300]
Thu 29 Jan 2026 11:31:48 INFO  valid result: 
hit@10 : 0.7126    ndcg@10 : 0.3967    mrr@10 : 0.2993
Thu 29 Jan 2026 11:31:48 INFO  Saving current: saved\SMLPREC-Jan-29-2026_11-19-18.pth
Thu 29 Jan 2026 11:32:39 INFO  epoch 13 training [time: 51.17s, train loss: 74.7710]
Thu 29 Jan 2026 11:32:45 INFO  epoch 13 evaluating [time: 5.66s, valid_score: 0.307700]
Thu 29 Jan 2026 11:32:45 INFO  valid result: 
hit@10 : 0.7137    ndcg@10 : 0.4029    mrr@10 : 0.3077
Thu 29 Jan 2026 11:32:45 INFO  Saving current: saved\SMLPREC-Jan-29-2026_11-19-18.pth
Thu 29 Jan 2026 11:33:37 INFO  epoch 14 training [time: 51.74s, train loss: 73.0441]
Thu 29 Jan 2026 11:33:43 INFO  epoch 14 evaluating [time: 5.65s, valid_score: 0.297800]
Thu 29 Jan 2026 11:33:43 INFO  valid result: 
hit@10 : 0.7084    ndcg@10 : 0.3944    mrr@10 : 0.2978
Thu 29 Jan 2026 11:34:34 INFO  epoch 15 training [time: 51.49s, train loss: 72.0884]
Thu 29 Jan 2026 11:34:40 INFO  epoch 15 evaluating [time: 5.60s, valid_score: 0.296600]
Thu 29 Jan 2026 11:34:40 INFO  valid result: 
hit@10 : 0.7243    ndcg@10 : 0.3972    mrr@10 : 0.2966
Thu 29 Jan 2026 11:35:32 INFO  epoch 16 training [time: 52.77s, train loss: 71.5309]
Thu 29 Jan 2026 11:35:38 INFO  epoch 16 evaluating [time: 5.67s, valid_score: 0.300500]
Thu 29 Jan 2026 11:35:38 INFO  valid result: 
hit@10 : 0.7105    ndcg@10 : 0.3972    mrr@10 : 0.3005
Thu 29 Jan 2026 11:36:29 INFO  epoch 17 training [time: 51.06s, train loss: 70.6787]
Thu 29 Jan 2026 11:36:35 INFO  epoch 17 evaluating [time: 5.66s, valid_score: 0.302700]
Thu 29 Jan 2026 11:36:35 INFO  valid result: 
hit@10 : 0.7158    ndcg@10 : 0.3995    mrr@10 : 0.3027
Thu 29 Jan 2026 11:37:27 INFO  epoch 18 training [time: 52.09s, train loss: 69.7207]
Thu 29 Jan 2026 11:37:33 INFO  epoch 18 evaluating [time: 5.67s, valid_score: 0.313200]
Thu 29 Jan 2026 11:37:33 INFO  valid result: 
hit@10 : 0.72    ndcg@10 : 0.4093    mrr@10 : 0.3132
Thu 29 Jan 2026 11:37:33 INFO  Saving current: saved\SMLPREC-Jan-29-2026_11-19-18.pth
Thu 29 Jan 2026 11:38:25 INFO  epoch 19 training [time: 52.04s, train loss: 69.4733]
Thu 29 Jan 2026 11:38:30 INFO  epoch 19 evaluating [time: 5.62s, valid_score: 0.310500]
Thu 29 Jan 2026 11:38:30 INFO  valid result: 
hit@10 : 0.7222    ndcg@10 : 0.4075    mrr@10 : 0.3105
Thu 29 Jan 2026 11:39:23 INFO  epoch 20 training [time: 52.79s, train loss: 67.3015]
Thu 29 Jan 2026 11:39:29 INFO  epoch 20 evaluating [time: 5.66s, valid_score: 0.302400]
Thu 29 Jan 2026 11:39:29 INFO  valid result: 
hit@10 : 0.7296    ndcg@10 : 0.4033    mrr@10 : 0.3024
Thu 29 Jan 2026 11:40:21 INFO  epoch 21 training [time: 51.88s, train loss: 66.8436]
Thu 29 Jan 2026 11:40:26 INFO  epoch 21 evaluating [time: 5.64s, valid_score: 0.315000]
Thu 29 Jan 2026 11:40:26 INFO  valid result: 
hit@10 : 0.719    ndcg@10 : 0.4109    mrr@10 : 0.315
Thu 29 Jan 2026 11:40:26 INFO  Saving current: saved\SMLPREC-Jan-29-2026_11-19-18.pth
Thu 29 Jan 2026 11:41:18 INFO  epoch 22 training [time: 51.97s, train loss: 66.2176]
Thu 29 Jan 2026 11:41:24 INFO  epoch 22 evaluating [time: 5.62s, valid_score: 0.321900]
Thu 29 Jan 2026 11:41:24 INFO  valid result: 
hit@10 : 0.7317    ndcg@10 : 0.4188    mrr@10 : 0.3219
Thu 29 Jan 2026 11:41:24 INFO  Saving current: saved\SMLPREC-Jan-29-2026_11-19-18.pth
Thu 29 Jan 2026 11:42:16 INFO  epoch 23 training [time: 51.94s, train loss: 66.3135]
Thu 29 Jan 2026 11:42:21 INFO  epoch 23 evaluating [time: 5.66s, valid_score: 0.318400]
Thu 29 Jan 2026 11:42:21 INFO  valid result: 
hit@10 : 0.7306    ndcg@10 : 0.4156    mrr@10 : 0.3184
Thu 29 Jan 2026 11:43:14 INFO  epoch 24 training [time: 52.46s, train loss: 64.7564]
Thu 29 Jan 2026 11:43:20 INFO  epoch 24 evaluating [time: 5.63s, valid_score: 0.317400]
Thu 29 Jan 2026 11:43:20 INFO  valid result: 
hit@10 : 0.7423    ndcg@10 : 0.418    mrr@10 : 0.3174
Thu 29 Jan 2026 11:44:12 INFO  epoch 25 training [time: 52.01s, train loss: 65.6901]
Thu 29 Jan 2026 11:44:17 INFO  epoch 25 evaluating [time: 5.62s, valid_score: 0.323900]
Thu 29 Jan 2026 11:44:17 INFO  valid result: 
hit@10 : 0.7359    ndcg@10 : 0.4214    mrr@10 : 0.3239
Thu 29 Jan 2026 11:44:17 INFO  Saving current: saved\SMLPREC-Jan-29-2026_11-19-18.pth
Thu 29 Jan 2026 11:45:09 INFO  epoch 26 training [time: 51.72s, train loss: 63.6960]
Thu 29 Jan 2026 11:45:15 INFO  epoch 26 evaluating [time: 5.62s, valid_score: 0.311400]
Thu 29 Jan 2026 11:45:15 INFO  valid result: 
hit@10 : 0.7306    ndcg@10 : 0.4105    mrr@10 : 0.3114
Thu 29 Jan 2026 11:46:06 INFO  epoch 27 training [time: 51.61s, train loss: 63.8965]
Thu 29 Jan 2026 11:46:12 INFO  epoch 27 evaluating [time: 5.65s, valid_score: 0.317000]
Thu 29 Jan 2026 11:46:12 INFO  valid result: 
hit@10 : 0.7253    ndcg@10 : 0.4135    mrr@10 : 0.317
Thu 29 Jan 2026 11:47:04 INFO  epoch 28 training [time: 51.96s, train loss: 63.9979]
Thu 29 Jan 2026 11:47:09 INFO  epoch 28 evaluating [time: 5.65s, valid_score: 0.326100]
Thu 29 Jan 2026 11:47:09 INFO  valid result: 
hit@10 : 0.7306    ndcg@10 : 0.4222    mrr@10 : 0.3261
Thu 29 Jan 2026 11:47:09 INFO  Saving current: saved\SMLPREC-Jan-29-2026_11-19-18.pth
Thu 29 Jan 2026 11:48:02 INFO  epoch 29 training [time: 52.67s, train loss: 62.9241]
Thu 29 Jan 2026 11:48:08 INFO  epoch 29 evaluating [time: 5.63s, valid_score: 0.306800]
Thu 29 Jan 2026 11:48:08 INFO  valid result: 
hit@10 : 0.7232    ndcg@10 : 0.4052    mrr@10 : 0.3068
Thu 29 Jan 2026 11:48:59 INFO  epoch 30 training [time: 51.37s, train loss: 62.1358]
Thu 29 Jan 2026 11:49:05 INFO  epoch 30 evaluating [time: 5.65s, valid_score: 0.315800]
Thu 29 Jan 2026 11:49:05 INFO  valid result: 
hit@10 : 0.7359    ndcg@10 : 0.4153    mrr@10 : 0.3158
Thu 29 Jan 2026 11:49:57 INFO  epoch 31 training [time: 51.81s, train loss: 61.7760]
Thu 29 Jan 2026 11:50:02 INFO  epoch 31 evaluating [time: 5.66s, valid_score: 0.320600]
Thu 29 Jan 2026 11:50:02 INFO  valid result: 
hit@10 : 0.7232    ndcg@10 : 0.416    mrr@10 : 0.3206
Thu 29 Jan 2026 11:50:54 INFO  epoch 32 training [time: 51.42s, train loss: 61.4533]
Thu 29 Jan 2026 11:50:59 INFO  epoch 32 evaluating [time: 5.62s, valid_score: 0.328900]
Thu 29 Jan 2026 11:50:59 INFO  valid result: 
hit@10 : 0.7306    ndcg@10 : 0.4242    mrr@10 : 0.3289
Thu 29 Jan 2026 11:50:59 INFO  Saving current: saved\SMLPREC-Jan-29-2026_11-19-18.pth
Thu 29 Jan 2026 11:51:52 INFO  epoch 33 training [time: 53.07s, train loss: 60.3791]
Thu 29 Jan 2026 11:51:58 INFO  epoch 33 evaluating [time: 5.66s, valid_score: 0.326600]
Thu 29 Jan 2026 11:51:58 INFO  valid result: 
hit@10 : 0.7359    ndcg@10 : 0.4235    mrr@10 : 0.3266
Thu 29 Jan 2026 11:52:49 INFO  epoch 34 training [time: 51.49s, train loss: 60.0869]
Thu 29 Jan 2026 11:52:55 INFO  epoch 34 evaluating [time: 5.64s, valid_score: 0.338600]
Thu 29 Jan 2026 11:52:55 INFO  valid result: 
hit@10 : 0.7349    ndcg@10 : 0.4323    mrr@10 : 0.3386
Thu 29 Jan 2026 11:52:55 INFO  Saving current: saved\SMLPREC-Jan-29-2026_11-19-18.pth
Thu 29 Jan 2026 11:53:47 INFO  epoch 35 training [time: 51.98s, train loss: 59.7437]
Thu 29 Jan 2026 11:53:53 INFO  epoch 35 evaluating [time: 5.67s, valid_score: 0.327300]
Thu 29 Jan 2026 11:53:53 INFO  valid result: 
hit@10 : 0.7391    ndcg@10 : 0.4244    mrr@10 : 0.3273
Thu 29 Jan 2026 11:54:45 INFO  epoch 36 training [time: 51.98s, train loss: 59.5732]
Thu 29 Jan 2026 11:54:50 INFO  epoch 36 evaluating [time: 5.62s, valid_score: 0.323400]
Thu 29 Jan 2026 11:54:50 INFO  valid result: 
hit@10 : 0.737    ndcg@10 : 0.4212    mrr@10 : 0.3234
Thu 29 Jan 2026 11:55:44 INFO  epoch 37 training [time: 53.43s, train loss: 58.7738]
Thu 29 Jan 2026 11:55:50 INFO  epoch 37 evaluating [time: 5.69s, valid_score: 0.323800]
Thu 29 Jan 2026 11:55:50 INFO  valid result: 
hit@10 : 0.7328    ndcg@10 : 0.4207    mrr@10 : 0.3238
Thu 29 Jan 2026 11:56:41 INFO  epoch 38 training [time: 51.65s, train loss: 58.7403]
Thu 29 Jan 2026 11:56:47 INFO  epoch 38 evaluating [time: 5.68s, valid_score: 0.324300]
Thu 29 Jan 2026 11:56:47 INFO  valid result: 
hit@10 : 0.7593    ndcg@10 : 0.4269    mrr@10 : 0.3243
Thu 29 Jan 2026 11:57:39 INFO  epoch 39 training [time: 52.13s, train loss: 57.9978]
Thu 29 Jan 2026 11:57:45 INFO  epoch 39 evaluating [time: 5.66s, valid_score: 0.329900]
Thu 29 Jan 2026 11:57:45 INFO  valid result: 
hit@10 : 0.7317    ndcg@10 : 0.4251    mrr@10 : 0.3299
Thu 29 Jan 2026 11:58:37 INFO  epoch 40 training [time: 51.99s, train loss: 58.3668]
Thu 29 Jan 2026 11:58:42 INFO  epoch 40 evaluating [time: 5.63s, valid_score: 0.326500]
Thu 29 Jan 2026 11:58:42 INFO  valid result: 
hit@10 : 0.7413    ndcg@10 : 0.4244    mrr@10 : 0.3265
Thu 29 Jan 2026 11:59:35 INFO  epoch 41 training [time: 53.20s, train loss: 56.6299]
Thu 29 Jan 2026 11:59:41 INFO  epoch 41 evaluating [time: 5.68s, valid_score: 0.327600]
Thu 29 Jan 2026 11:59:41 INFO  valid result: 
hit@10 : 0.7317    ndcg@10 : 0.4233    mrr@10 : 0.3276
Thu 29 Jan 2026 12:00:33 INFO  epoch 42 training [time: 51.91s, train loss: 56.6406]
Thu 29 Jan 2026 12:00:39 INFO  epoch 42 evaluating [time: 5.66s, valid_score: 0.335100]
Thu 29 Jan 2026 12:00:39 INFO  valid result: 
hit@10 : 0.7391    ndcg@10 : 0.4311    mrr@10 : 0.3351
Thu 29 Jan 2026 12:01:31 INFO  epoch 43 training [time: 51.94s, train loss: 57.4193]
Thu 29 Jan 2026 12:01:36 INFO  epoch 43 evaluating [time: 5.66s, valid_score: 0.335700]
Thu 29 Jan 2026 12:01:36 INFO  valid result: 
hit@10 : 0.7561    ndcg@10 : 0.4351    mrr@10 : 0.3357
Thu 29 Jan 2026 12:02:32 INFO  epoch 44 training [time: 55.72s, train loss: 56.2803]
Thu 29 Jan 2026 12:02:38 INFO  epoch 44 evaluating [time: 5.75s, valid_score: 0.336700]
Thu 29 Jan 2026 12:02:38 INFO  valid result: 
hit@10 : 0.7402    ndcg@10 : 0.4325    mrr@10 : 0.3367
Thu 29 Jan 2026 12:03:32 INFO  epoch 45 training [time: 53.94s, train loss: 55.4680]
Thu 29 Jan 2026 12:03:37 INFO  epoch 45 evaluating [time: 5.68s, valid_score: 0.342600]
Thu 29 Jan 2026 12:03:37 INFO  valid result: 
hit@10 : 0.7413    ndcg@10 : 0.4373    mrr@10 : 0.3426
Thu 29 Jan 2026 12:03:37 INFO  Saving current: saved\SMLPREC-Jan-29-2026_11-19-18.pth
Thu 29 Jan 2026 12:04:29 INFO  epoch 46 training [time: 51.37s, train loss: 55.5595]
Thu 29 Jan 2026 12:04:34 INFO  epoch 46 evaluating [time: 5.67s, valid_score: 0.332300]
Thu 29 Jan 2026 12:04:34 INFO  valid result: 
hit@10 : 0.7391    ndcg@10 : 0.4284    mrr@10 : 0.3323
Thu 29 Jan 2026 12:05:27 INFO  epoch 47 training [time: 52.14s, train loss: 54.0600]
Thu 29 Jan 2026 12:05:32 INFO  epoch 47 evaluating [time: 5.66s, valid_score: 0.321900]
Thu 29 Jan 2026 12:05:32 INFO  valid result: 
hit@10 : 0.7232    ndcg@10 : 0.4173    mrr@10 : 0.3219
Thu 29 Jan 2026 12:06:24 INFO  epoch 48 training [time: 52.02s, train loss: 54.4607]
Thu 29 Jan 2026 12:06:30 INFO  epoch 48 evaluating [time: 5.64s, valid_score: 0.339500]
Thu 29 Jan 2026 12:06:30 INFO  valid result: 
hit@10 : 0.7434    ndcg@10 : 0.4353    mrr@10 : 0.3395
Thu 29 Jan 2026 12:07:23 INFO  epoch 49 training [time: 53.25s, train loss: 54.7993]
Thu 29 Jan 2026 12:07:29 INFO  epoch 49 evaluating [time: 5.67s, valid_score: 0.326200]
Thu 29 Jan 2026 12:07:29 INFO  valid result: 
hit@10 : 0.7264    ndcg@10 : 0.4215    mrr@10 : 0.3262
Thu 29 Jan 2026 12:08:21 INFO  epoch 50 training [time: 51.73s, train loss: 54.7487]
Thu 29 Jan 2026 12:08:26 INFO  epoch 50 evaluating [time: 5.63s, valid_score: 0.336600]
Thu 29 Jan 2026 12:08:26 INFO  valid result: 
hit@10 : 0.7402    ndcg@10 : 0.4325    mrr@10 : 0.3366
Thu 29 Jan 2026 12:09:18 INFO  epoch 51 training [time: 52.10s, train loss: 54.0296]
Thu 29 Jan 2026 12:09:24 INFO  epoch 51 evaluating [time: 5.64s, valid_score: 0.328800]
Thu 29 Jan 2026 12:09:24 INFO  valid result: 
hit@10 : 0.737    ndcg@10 : 0.4254    mrr@10 : 0.3288
Thu 29 Jan 2026 12:10:16 INFO  epoch 52 training [time: 52.07s, train loss: 53.9833]
Thu 29 Jan 2026 12:10:22 INFO  epoch 52 evaluating [time: 5.69s, valid_score: 0.336800]
Thu 29 Jan 2026 12:10:22 INFO  valid result: 
hit@10 : 0.7434    ndcg@10 : 0.433    mrr@10 : 0.3368
Thu 29 Jan 2026 12:11:14 INFO  epoch 53 training [time: 52.59s, train loss: 53.5411]
Thu 29 Jan 2026 12:11:20 INFO  epoch 53 evaluating [time: 5.65s, valid_score: 0.316800]
Thu 29 Jan 2026 12:11:20 INFO  valid result: 
hit@10 : 0.7253    ndcg@10 : 0.4143    mrr@10 : 0.3168
Thu 29 Jan 2026 12:12:12 INFO  epoch 54 training [time: 52.15s, train loss: 52.3975]
Thu 29 Jan 2026 12:12:18 INFO  epoch 54 evaluating [time: 5.61s, valid_score: 0.319700]
Thu 29 Jan 2026 12:12:18 INFO  valid result: 
hit@10 : 0.7306    ndcg@10 : 0.4171    mrr@10 : 0.3197
Thu 29 Jan 2026 12:13:10 INFO  epoch 55 training [time: 51.81s, train loss: 52.8937]
Thu 29 Jan 2026 12:13:15 INFO  epoch 55 evaluating [time: 5.63s, valid_score: 0.317900]
Thu 29 Jan 2026 12:13:15 INFO  valid result: 
hit@10 : 0.7444    ndcg@10 : 0.4184    mrr@10 : 0.3179
Thu 29 Jan 2026 12:14:07 INFO  epoch 56 training [time: 52.24s, train loss: 52.5527]
Thu 29 Jan 2026 12:14:13 INFO  epoch 56 evaluating [time: 5.68s, valid_score: 0.338000]
Thu 29 Jan 2026 12:14:13 INFO  valid result: 
hit@10 : 0.7338    ndcg@10 : 0.432    mrr@10 : 0.338
Thu 29 Jan 2026 12:14:13 INFO  Finished training, best eval result in epoch 45
Thu 29 Jan 2026 12:14:13 WARNING  command line args [--models smlprec --datasets ml-100k] will not be used in RecBole
Thu 29 Jan 2026 12:14:13 INFO  ['scripts/run_grid.py', '--models', 'smlprec', '--datasets', 'ml-100k']
Thu 29 Jan 2026 12:14:13 INFO  
General Hyper Parameters:
gpu_id = 0
use_gpu = True
seed = 2024
state = INFO
reproducibility = True
data_path = F:\anaconda3\envs\rec39\Lib\site-packages\recbole\config\../dataset_example/ml-100k
checkpoint_dir = saved
show_progress = True
save_dataset = False
dataset_save_path = None
save_dataloaders = False
dataloaders_save_path = None
log_wandb = False

Training Hyper Parameters:
epochs = 100
train_batch_size = 256
learner = adam
learning_rate = 0.0001
train_neg_sample_args = {'distribution': 'uniform', 'sample_num': 1, 'alpha': 1.0, 'dynamic': False, 'candidate_num': 0}
eval_step = 1
stopping_step = 10
clip_grad_norm = None
weight_decay = 0.0
loss_decimal_place = 4

Evaluation Hyper Parameters:
eval_args = {'split': {'LS': 'valid_and_test'}, 'order': 'TO', 'group_by': 'user', 'mode': {'valid': 'uni100', 'test': 'uni100'}}
repeatable = True
metrics = ['Hit', 'NDCG', 'MRR']
topk = [10]
valid_metric = MRR@10
valid_metric_bigger = True
eval_batch_size = 512
metric_decimal_place = 4

Dataset Hyper Parameters:
field_separator = 	
seq_separator =  
USER_ID_FIELD = user_id
ITEM_ID_FIELD = item_id
RATING_FIELD = rating
TIME_FIELD = timestamp
seq_len = None
LABEL_FIELD = label
threshold = None
NEG_PREFIX = neg_
load_col = {'inter': ['user_id', 'item_id', 'rating', 'timestamp'], 'user': ['user_id', 'age', 'gender', 'occupation', 'zip_code'], 'item': ['item_id', 'movie_title', 'release_year', 'class']}
unload_col = None
unused_col = None
additional_feat_suffix = None
rm_dup_inter = None
val_interval = None
filter_inter_by_user_or_item = True
user_inter_num_interval = None
item_inter_num_interval = None
alias_of_user_id = None
alias_of_item_id = None
alias_of_entity_id = None
alias_of_relation_id = None
preload_weight = None
normalize_field = None
normalize_all = True
ITEM_LIST_LENGTH_FIELD = item_length
LIST_SUFFIX = _list
MAX_ITEM_LIST_LENGTH = 32
POSITION_FIELD = position_id
HEAD_ENTITY_ID_FIELD = head_id
TAIL_ENTITY_ID_FIELD = tail_id
RELATION_ID_FIELD = relation_id
ENTITY_ID_FIELD = entity_id
kg_reverse_r = False
entity_kg_num_interval = None
relation_kg_num_interval = None
benchmark_filename = None

Other Hyper Parameters: 
worker = 0
wandb_project = recbole
shuffle = True
require_pow = False
enable_amp = False
enable_scaler = False
transform = None
numerical_features = []
discretization = None
MODEL_TYPE = ModelType.SEQUENTIAL
n_layers = 4
n_heads = 1
hidden_size = 128
hidden_dropout_prob = 0.5
hidden_act = gelu
layer_norm_eps = 1e-12
initializer_range = 0.02
loss_type = BPR
early_stop = 10
neg_sampling = None
selected_features = ['class', 'release_year']
pooling_mode = mean
device = cuda
MODEL_INPUT_TYPE = InputType.PAIRWISE
eval_type = EvaluatorType.RANKING
single_spec = True
local_rank = 0
valid_neg_sample_args = {'distribution': 'uniform', 'sample_num': 100}
test_neg_sample_args = {'distribution': 'uniform', 'sample_num': 100}


Thu 29 Jan 2026 12:14:13 INFO  ml-100k
The number of users: 944
Average actions of users: 106.04453870625663
The number of items: 1683
Average actions of items: 59.45303210463734
The number of inters: 100000
The sparsity of the dataset: 93.70575143257098%
Remain Fields: ['user_id', 'item_id', 'rating', 'timestamp', 'age', 'gender', 'occupation', 'zip_code', 'movie_title', 'release_year', 'class']
Thu 29 Jan 2026 12:14:15 INFO  [Training]: train_batch_size = [256] train_neg_sample_args: [{'distribution': 'uniform', 'sample_num': 1, 'alpha': 1.0, 'dynamic': False, 'candidate_num': 0}]
Thu 29 Jan 2026 12:14:15 INFO  [Evaluation]: eval_batch_size = [512] eval_args: [{'split': {'LS': 'valid_and_test'}, 'order': 'TO', 'group_by': 'user', 'mode': {'valid': 'uni100', 'test': 'uni100'}}]
Thu 29 Jan 2026 12:14:15 INFO  SMLPREC(
  (item_embedding): Embedding(1683, 128, padding_idx=0)
  (feature_embed_layer): FeatureSeqEmbLayer(
    (token_embedding_table): ModuleDict(
      (item): FMEmbedding(
        (embedding): Embedding(74, 128)
      )
    )
    (float_embedding_table): ModuleDict()
    (token_seq_embedding_table): ModuleDict(
      (item): ModuleList(
        (0): Embedding(20, 128)
      )
    )
    (float_seq_embedding_table): ModuleDict(
      (item): ModuleList()
    )
  )
  (layers): ModuleList(
    (0-3): 4 x SMLPBlock(
      (seq_mlp): MLPBranch(
        (fc1): Linear(in_features=32, out_features=32, bias=True)
        (fc2): Linear(in_features=32, out_features=32, bias=True)
        (act): GELU(approximate='none')
        (drop): Dropout(p=0.5, inplace=False)
      )
      (feat_mlp): MLPBranch(
        (fc1): Linear(in_features=3, out_features=3, bias=True)
        (fc2): Linear(in_features=3, out_features=3, bias=True)
        (act): GELU(approximate='none')
        (drop): Dropout(p=0.5, inplace=False)
      )
      (chan_mlp): MLPBranch(
        (fc1): Linear(in_features=128, out_features=128, bias=True)
        (fc2): Linear(in_features=128, out_features=128, bias=True)
        (act): GELU(approximate='none')
        (drop): Dropout(p=0.5, inplace=False)
      )
      (norm): LayerNorm((128,), eps=1e-05, elementwise_affine=True)
    )
  )
  (output_norm): LayerNorm((128,), eps=1e-12, elementwise_affine=True)
  (loss_fct): BPRLoss()
)
Trainable parameters: 369376
Thu 29 Jan 2026 12:14:15 INFO  FLOPs: 16155008.0
Thu 29 Jan 2026 12:15:08 INFO  epoch 0 training [time: 52.74s, train loss: 224.0572]
Thu 29 Jan 2026 12:15:13 INFO  epoch 0 evaluating [time: 5.66s, valid_score: 0.141500]
Thu 29 Jan 2026 12:15:13 INFO  valid result: 
hit@10 : 0.3839    ndcg@10 : 0.1976    mrr@10 : 0.1415
Thu 29 Jan 2026 12:15:14 INFO  Saving current: saved\SMLPREC-Jan-29-2026_12-14-15.pth
Thu 29 Jan 2026 12:16:06 INFO  epoch 1 training [time: 52.63s, train loss: 165.2529]
Thu 29 Jan 2026 12:16:12 INFO  epoch 1 evaluating [time: 5.65s, valid_score: 0.141000]
Thu 29 Jan 2026 12:16:12 INFO  valid result: 
hit@10 : 0.3902    ndcg@10 : 0.1987    mrr@10 : 0.141
Thu 29 Jan 2026 12:17:04 INFO  epoch 2 training [time: 51.77s, train loss: 146.5336]
Thu 29 Jan 2026 12:17:09 INFO  epoch 2 evaluating [time: 5.65s, valid_score: 0.202100]
Thu 29 Jan 2026 12:17:09 INFO  valid result: 
hit@10 : 0.5037    ndcg@10 : 0.2727    mrr@10 : 0.2021
Thu 29 Jan 2026 12:17:09 INFO  Saving current: saved\SMLPREC-Jan-29-2026_12-14-15.pth
Thu 29 Jan 2026 12:18:01 INFO  epoch 3 training [time: 52.18s, train loss: 120.6031]
Thu 29 Jan 2026 12:18:07 INFO  epoch 3 evaluating [time: 5.71s, valid_score: 0.251600]
Thu 29 Jan 2026 12:18:07 INFO  valid result: 
hit@10 : 0.5907    ndcg@10 : 0.331    mrr@10 : 0.2516
Thu 29 Jan 2026 12:18:07 INFO  Saving current: saved\SMLPREC-Jan-29-2026_12-14-15.pth
Thu 29 Jan 2026 12:18:59 INFO  epoch 4 training [time: 51.95s, train loss: 105.7914]
Thu 29 Jan 2026 12:19:05 INFO  epoch 4 evaluating [time: 5.65s, valid_score: 0.257200]
Thu 29 Jan 2026 12:19:05 INFO  valid result: 
hit@10 : 0.6204    ndcg@10 : 0.3427    mrr@10 : 0.2572
Thu 29 Jan 2026 12:19:05 INFO  Saving current: saved\SMLPREC-Jan-29-2026_12-14-15.pth
Thu 29 Jan 2026 12:19:58 INFO  epoch 5 training [time: 52.91s, train loss: 96.9158]
Thu 29 Jan 2026 12:20:03 INFO  epoch 5 evaluating [time: 5.65s, valid_score: 0.272900]
Thu 29 Jan 2026 12:20:03 INFO  valid result: 
hit@10 : 0.6501    ndcg@10 : 0.3615    mrr@10 : 0.2729
Thu 29 Jan 2026 12:20:03 INFO  Saving current: saved\SMLPREC-Jan-29-2026_12-14-15.pth
Thu 29 Jan 2026 12:20:55 INFO  epoch 6 training [time: 51.34s, train loss: 90.3640]
Thu 29 Jan 2026 12:21:00 INFO  epoch 6 evaluating [time: 5.65s, valid_score: 0.288300]
Thu 29 Jan 2026 12:21:00 INFO  valid result: 
hit@10 : 0.6713    ndcg@10 : 0.378    mrr@10 : 0.2883
Thu 29 Jan 2026 12:21:00 INFO  Saving current: saved\SMLPREC-Jan-29-2026_12-14-15.pth
Thu 29 Jan 2026 12:21:52 INFO  epoch 7 training [time: 52.13s, train loss: 87.8302]
Thu 29 Jan 2026 12:21:58 INFO  epoch 7 evaluating [time: 5.68s, valid_score: 0.275400]
Thu 29 Jan 2026 12:21:58 INFO  valid result: 
hit@10 : 0.6776    ndcg@10 : 0.3699    mrr@10 : 0.2754
Thu 29 Jan 2026 12:22:50 INFO  epoch 8 training [time: 51.94s, train loss: 84.0169]
Thu 29 Jan 2026 12:22:56 INFO  epoch 8 evaluating [time: 5.64s, valid_score: 0.283400]
Thu 29 Jan 2026 12:22:56 INFO  valid result: 
hit@10 : 0.6882    ndcg@10 : 0.3783    mrr@10 : 0.2834
Thu 29 Jan 2026 12:23:49 INFO  epoch 9 training [time: 53.43s, train loss: 81.5583]
Thu 29 Jan 2026 12:23:55 INFO  epoch 9 evaluating [time: 5.71s, valid_score: 0.288600]
Thu 29 Jan 2026 12:23:55 INFO  valid result: 
hit@10 : 0.6903    ndcg@10 : 0.3831    mrr@10 : 0.2886
Thu 29 Jan 2026 12:23:55 INFO  Saving current: saved\SMLPREC-Jan-29-2026_12-14-15.pth
Thu 29 Jan 2026 12:24:47 INFO  epoch 10 training [time: 51.85s, train loss: 78.8538]
Thu 29 Jan 2026 12:24:52 INFO  epoch 10 evaluating [time: 5.68s, valid_score: 0.274600]
Thu 29 Jan 2026 12:24:52 INFO  valid result: 
hit@10 : 0.684    ndcg@10 : 0.3705    mrr@10 : 0.2746
Thu 29 Jan 2026 12:25:45 INFO  epoch 11 training [time: 52.21s, train loss: 76.8987]
Thu 29 Jan 2026 12:25:50 INFO  epoch 11 evaluating [time: 5.77s, valid_score: 0.287800]
Thu 29 Jan 2026 12:25:50 INFO  valid result: 
hit@10 : 0.6914    ndcg@10 : 0.3823    mrr@10 : 0.2878
Thu 29 Jan 2026 12:26:43 INFO  epoch 12 training [time: 52.14s, train loss: 75.0245]
Thu 29 Jan 2026 12:26:48 INFO  epoch 12 evaluating [time: 5.64s, valid_score: 0.295300]
Thu 29 Jan 2026 12:26:48 INFO  valid result: 
hit@10 : 0.6914    ndcg@10 : 0.3887    mrr@10 : 0.2953
Thu 29 Jan 2026 12:26:48 INFO  Saving current: saved\SMLPREC-Jan-29-2026_12-14-15.pth
Thu 29 Jan 2026 12:27:42 INFO  epoch 13 training [time: 53.64s, train loss: 75.1901]
Thu 29 Jan 2026 12:27:48 INFO  epoch 13 evaluating [time: 5.70s, valid_score: 0.294700]
Thu 29 Jan 2026 12:27:48 INFO  valid result: 
hit@10 : 0.6967    ndcg@10 : 0.3895    mrr@10 : 0.2947
Thu 29 Jan 2026 12:28:39 INFO  epoch 14 training [time: 51.93s, train loss: 72.6890]
Thu 29 Jan 2026 12:28:45 INFO  epoch 14 evaluating [time: 5.68s, valid_score: 0.291300]
Thu 29 Jan 2026 12:28:45 INFO  valid result: 
hit@10 : 0.7158    ndcg@10 : 0.3914    mrr@10 : 0.2913
Thu 29 Jan 2026 12:29:37 INFO  epoch 15 training [time: 52.21s, train loss: 71.8086]
Thu 29 Jan 2026 12:29:43 INFO  epoch 15 evaluating [time: 5.67s, valid_score: 0.301800]
Thu 29 Jan 2026 12:29:43 INFO  valid result: 
hit@10 : 0.7073    ndcg@10 : 0.3976    mrr@10 : 0.3018
Thu 29 Jan 2026 12:29:43 INFO  Saving current: saved\SMLPREC-Jan-29-2026_12-14-15.pth
Thu 29 Jan 2026 12:30:35 INFO  epoch 16 training [time: 52.39s, train loss: 70.6794]
Thu 29 Jan 2026 12:30:41 INFO  epoch 16 evaluating [time: 5.64s, valid_score: 0.303300]
Thu 29 Jan 2026 12:30:41 INFO  valid result: 
hit@10 : 0.7179    ndcg@10 : 0.401    mrr@10 : 0.3033
Thu 29 Jan 2026 12:30:41 INFO  Saving current: saved\SMLPREC-Jan-29-2026_12-14-15.pth
Thu 29 Jan 2026 12:31:34 INFO  epoch 17 training [time: 53.03s, train loss: 69.9977]
Thu 29 Jan 2026 12:31:40 INFO  epoch 17 evaluating [time: 5.73s, valid_score: 0.307100]
Thu 29 Jan 2026 12:31:40 INFO  valid result: 
hit@10 : 0.719    ndcg@10 : 0.404    mrr@10 : 0.3071
Thu 29 Jan 2026 12:31:40 INFO  Saving current: saved\SMLPREC-Jan-29-2026_12-14-15.pth
Thu 29 Jan 2026 12:32:32 INFO  epoch 18 training [time: 51.95s, train loss: 69.5175]
Thu 29 Jan 2026 12:32:38 INFO  epoch 18 evaluating [time: 5.69s, valid_score: 0.303900]
Thu 29 Jan 2026 12:32:38 INFO  valid result: 
hit@10 : 0.7222    ndcg@10 : 0.4027    mrr@10 : 0.3039
Thu 29 Jan 2026 12:33:29 INFO  epoch 19 training [time: 51.48s, train loss: 68.1325]
Thu 29 Jan 2026 12:33:35 INFO  epoch 19 evaluating [time: 5.67s, valid_score: 0.306100]
Thu 29 Jan 2026 12:33:35 INFO  valid result: 
hit@10 : 0.7413    ndcg@10 : 0.4084    mrr@10 : 0.3061
Thu 29 Jan 2026 12:34:27 INFO  epoch 20 training [time: 51.88s, train loss: 67.9356]
Thu 29 Jan 2026 12:34:32 INFO  epoch 20 evaluating [time: 5.63s, valid_score: 0.310100]
Thu 29 Jan 2026 12:34:32 INFO  valid result: 
hit@10 : 0.7317    ndcg@10 : 0.4093    mrr@10 : 0.3101
Thu 29 Jan 2026 12:34:32 INFO  Saving current: saved\SMLPREC-Jan-29-2026_12-14-15.pth
Thu 29 Jan 2026 12:35:25 INFO  epoch 21 training [time: 52.86s, train loss: 67.0223]
Thu 29 Jan 2026 12:35:31 INFO  epoch 21 evaluating [time: 5.69s, valid_score: 0.314700]
Thu 29 Jan 2026 12:35:31 INFO  valid result: 
hit@10 : 0.7285    ndcg@10 : 0.4124    mrr@10 : 0.3147
Thu 29 Jan 2026 12:35:31 INFO  Saving current: saved\SMLPREC-Jan-29-2026_12-14-15.pth
Thu 29 Jan 2026 12:36:23 INFO  epoch 22 training [time: 52.19s, train loss: 66.6286]
Thu 29 Jan 2026 12:36:29 INFO  epoch 22 evaluating [time: 5.68s, valid_score: 0.323800]
Thu 29 Jan 2026 12:36:29 INFO  valid result: 
hit@10 : 0.7296    ndcg@10 : 0.4194    mrr@10 : 0.3238
Thu 29 Jan 2026 12:36:29 INFO  Saving current: saved\SMLPREC-Jan-29-2026_12-14-15.pth
Thu 29 Jan 2026 12:37:21 INFO  epoch 23 training [time: 51.91s, train loss: 65.9513]
Thu 29 Jan 2026 12:37:26 INFO  epoch 23 evaluating [time: 5.68s, valid_score: 0.317400]
Thu 29 Jan 2026 12:37:26 INFO  valid result: 
hit@10 : 0.7211    ndcg@10 : 0.4128    mrr@10 : 0.3174
Thu 29 Jan 2026 12:38:19 INFO  epoch 24 training [time: 52.36s, train loss: 64.5869]
Thu 29 Jan 2026 12:38:24 INFO  epoch 24 evaluating [time: 5.69s, valid_score: 0.312200]
Thu 29 Jan 2026 12:38:24 INFO  valid result: 
hit@10 : 0.7253    ndcg@10 : 0.4099    mrr@10 : 0.3122
Thu 29 Jan 2026 12:39:16 INFO  epoch 25 training [time: 52.17s, train loss: 65.4890]
Thu 29 Jan 2026 12:39:22 INFO  epoch 25 evaluating [time: 5.64s, valid_score: 0.316800]
Thu 29 Jan 2026 12:39:22 INFO  valid result: 
hit@10 : 0.7285    ndcg@10 : 0.4142    mrr@10 : 0.3168
Thu 29 Jan 2026 12:40:14 INFO  epoch 26 training [time: 52.05s, train loss: 64.8706]
Thu 29 Jan 2026 12:40:20 INFO  epoch 26 evaluating [time: 5.65s, valid_score: 0.310900]
Thu 29 Jan 2026 12:40:20 INFO  valid result: 
hit@10 : 0.7338    ndcg@10 : 0.4111    mrr@10 : 0.3109
Thu 29 Jan 2026 12:41:12 INFO  epoch 27 training [time: 51.71s, train loss: 63.5289]
Thu 29 Jan 2026 12:41:17 INFO  epoch 27 evaluating [time: 5.65s, valid_score: 0.316100]
Thu 29 Jan 2026 12:41:17 INFO  valid result: 
hit@10 : 0.7306    ndcg@10 : 0.4146    mrr@10 : 0.3161
Thu 29 Jan 2026 12:42:09 INFO  epoch 28 training [time: 52.05s, train loss: 62.8011]
Thu 29 Jan 2026 12:42:15 INFO  epoch 28 evaluating [time: 5.70s, valid_score: 0.319200]
Thu 29 Jan 2026 12:42:15 INFO  valid result: 
hit@10 : 0.7285    ndcg@10 : 0.4159    mrr@10 : 0.3192
Thu 29 Jan 2026 12:43:07 INFO  epoch 29 training [time: 52.11s, train loss: 62.3779]
Thu 29 Jan 2026 12:43:13 INFO  epoch 29 evaluating [time: 5.67s, valid_score: 0.326600]
Thu 29 Jan 2026 12:43:13 INFO  valid result: 
hit@10 : 0.7381    ndcg@10 : 0.4237    mrr@10 : 0.3266
Thu 29 Jan 2026 12:43:13 INFO  Saving current: saved\SMLPREC-Jan-29-2026_12-14-15.pth
Thu 29 Jan 2026 12:44:05 INFO  epoch 30 training [time: 52.25s, train loss: 61.7916]
Thu 29 Jan 2026 12:44:11 INFO  epoch 30 evaluating [time: 5.65s, valid_score: 0.327400]
Thu 29 Jan 2026 12:44:11 INFO  valid result: 
hit@10 : 0.7338    ndcg@10 : 0.4235    mrr@10 : 0.3274
Thu 29 Jan 2026 12:44:11 INFO  Saving current: saved\SMLPREC-Jan-29-2026_12-14-15.pth
Thu 29 Jan 2026 12:45:02 INFO  epoch 31 training [time: 51.36s, train loss: 61.9375]
Thu 29 Jan 2026 12:45:08 INFO  epoch 31 evaluating [time: 5.67s, valid_score: 0.332400]
Thu 29 Jan 2026 12:45:08 INFO  valid result: 
hit@10 : 0.7243    ndcg@10 : 0.4253    mrr@10 : 0.3324
Thu 29 Jan 2026 12:45:08 INFO  Saving current: saved\SMLPREC-Jan-29-2026_12-14-15.pth
Thu 29 Jan 2026 12:46:00 INFO  epoch 32 training [time: 52.67s, train loss: 61.2974]
Thu 29 Jan 2026 12:46:06 INFO  epoch 32 evaluating [time: 5.69s, valid_score: 0.320600]
Thu 29 Jan 2026 12:46:06 INFO  valid result: 
hit@10 : 0.7306    ndcg@10 : 0.4177    mrr@10 : 0.3206
Thu 29 Jan 2026 12:46:59 INFO  epoch 33 training [time: 52.62s, train loss: 61.0105]
Thu 29 Jan 2026 12:47:04 INFO  epoch 33 evaluating [time: 5.67s, valid_score: 0.316700]
Thu 29 Jan 2026 12:47:04 INFO  valid result: 
hit@10 : 0.7211    ndcg@10 : 0.4131    mrr@10 : 0.3167
Thu 29 Jan 2026 12:47:58 INFO  epoch 34 training [time: 53.56s, train loss: 60.2365]
Thu 29 Jan 2026 12:48:04 INFO  epoch 34 evaluating [time: 5.66s, valid_score: 0.335800]
Thu 29 Jan 2026 12:48:04 INFO  valid result: 
hit@10 : 0.7253    ndcg@10 : 0.4285    mrr@10 : 0.3358
Thu 29 Jan 2026 12:48:04 INFO  Saving current: saved\SMLPREC-Jan-29-2026_12-14-15.pth
Thu 29 Jan 2026 12:48:56 INFO  epoch 35 training [time: 52.03s, train loss: 59.4120]
Thu 29 Jan 2026 12:49:01 INFO  epoch 35 evaluating [time: 5.64s, valid_score: 0.327600]
Thu 29 Jan 2026 12:49:01 INFO  valid result: 
hit@10 : 0.7402    ndcg@10 : 0.4251    mrr@10 : 0.3276
Thu 29 Jan 2026 12:49:54 INFO  epoch 36 training [time: 52.67s, train loss: 59.3384]
Thu 29 Jan 2026 12:50:00 INFO  epoch 36 evaluating [time: 5.69s, valid_score: 0.327600]
Thu 29 Jan 2026 12:50:00 INFO  valid result: 
hit@10 : 0.7232    ndcg@10 : 0.4215    mrr@10 : 0.3276
Thu 29 Jan 2026 12:50:52 INFO  epoch 37 training [time: 52.30s, train loss: 58.8531]
Thu 29 Jan 2026 12:50:58 INFO  epoch 37 evaluating [time: 5.65s, valid_score: 0.339200]
Thu 29 Jan 2026 12:50:58 INFO  valid result: 
hit@10 : 0.7349    ndcg@10 : 0.4329    mrr@10 : 0.3392
Thu 29 Jan 2026 12:50:58 INFO  Saving current: saved\SMLPREC-Jan-29-2026_12-14-15.pth
Thu 29 Jan 2026 12:51:51 INFO  epoch 38 training [time: 53.79s, train loss: 58.1837]
Thu 29 Jan 2026 12:51:57 INFO  epoch 38 evaluating [time: 5.69s, valid_score: 0.331900]
Thu 29 Jan 2026 12:51:57 INFO  valid result: 
hit@10 : 0.7381    ndcg@10 : 0.4281    mrr@10 : 0.3319
Thu 29 Jan 2026 12:52:50 INFO  epoch 39 training [time: 52.67s, train loss: 58.2129]
Thu 29 Jan 2026 12:52:55 INFO  epoch 39 evaluating [time: 5.71s, valid_score: 0.342200]
Thu 29 Jan 2026 12:52:55 INFO  valid result: 
hit@10 : 0.7338    ndcg@10 : 0.4352    mrr@10 : 0.3422
Thu 29 Jan 2026 12:52:55 INFO  Saving current: saved\SMLPREC-Jan-29-2026_12-14-15.pth
Thu 29 Jan 2026 12:53:48 INFO  epoch 40 training [time: 52.41s, train loss: 58.5444]
Thu 29 Jan 2026 12:53:54 INFO  epoch 40 evaluating [time: 5.70s, valid_score: 0.329400]
Thu 29 Jan 2026 12:53:54 INFO  valid result: 
hit@10 : 0.7296    ndcg@10 : 0.4245    mrr@10 : 0.3294
Thu 29 Jan 2026 12:54:45 INFO  epoch 41 training [time: 51.88s, train loss: 57.2781]
Thu 29 Jan 2026 12:54:51 INFO  epoch 41 evaluating [time: 5.66s, valid_score: 0.327700]
Thu 29 Jan 2026 12:54:51 INFO  valid result: 
hit@10 : 0.7402    ndcg@10 : 0.4253    mrr@10 : 0.3277
Thu 29 Jan 2026 12:55:45 INFO  epoch 42 training [time: 53.48s, train loss: 56.8816]
Thu 29 Jan 2026 12:55:50 INFO  epoch 42 evaluating [time: 5.75s, valid_score: 0.334300]
Thu 29 Jan 2026 12:55:50 INFO  valid result: 
hit@10 : 0.7349    ndcg@10 : 0.4291    mrr@10 : 0.3343
Thu 29 Jan 2026 12:56:42 INFO  epoch 43 training [time: 51.64s, train loss: 56.2952]
Thu 29 Jan 2026 12:56:48 INFO  epoch 43 evaluating [time: 5.70s, valid_score: 0.327900]
Thu 29 Jan 2026 12:56:48 INFO  valid result: 
hit@10 : 0.7328    ndcg@10 : 0.4236    mrr@10 : 0.3279
Thu 29 Jan 2026 12:57:40 INFO  epoch 44 training [time: 52.01s, train loss: 56.6987]
Thu 29 Jan 2026 12:57:45 INFO  epoch 44 evaluating [time: 5.69s, valid_score: 0.333500]
Thu 29 Jan 2026 12:57:45 INFO  valid result: 
hit@10 : 0.7338    ndcg@10 : 0.4284    mrr@10 : 0.3335
Thu 29 Jan 2026 12:58:37 INFO  epoch 45 training [time: 51.85s, train loss: 55.9964]
Thu 29 Jan 2026 12:58:43 INFO  epoch 45 evaluating [time: 5.65s, valid_score: 0.326500]
Thu 29 Jan 2026 12:58:43 INFO  valid result: 
hit@10 : 0.7359    ndcg@10 : 0.4236    mrr@10 : 0.3265
Thu 29 Jan 2026 12:59:36 INFO  epoch 46 training [time: 52.97s, train loss: 56.0817]
Thu 29 Jan 2026 12:59:42 INFO  epoch 46 evaluating [time: 5.71s, valid_score: 0.329400]
Thu 29 Jan 2026 12:59:42 INFO  valid result: 
hit@10 : 0.7381    ndcg@10 : 0.4263    mrr@10 : 0.3294
Thu 29 Jan 2026 13:00:34 INFO  epoch 47 training [time: 52.51s, train loss: 55.4078]
Thu 29 Jan 2026 13:00:40 INFO  epoch 47 evaluating [time: 5.69s, valid_score: 0.329600]
Thu 29 Jan 2026 13:00:40 INFO  valid result: 
hit@10 : 0.7402    ndcg@10 : 0.427    mrr@10 : 0.3296
Thu 29 Jan 2026 13:01:32 INFO  epoch 48 training [time: 51.92s, train loss: 55.7164]
Thu 29 Jan 2026 13:01:37 INFO  epoch 48 evaluating [time: 5.70s, valid_score: 0.331500]
Thu 29 Jan 2026 13:01:37 INFO  valid result: 
hit@10 : 0.7349    ndcg@10 : 0.4273    mrr@10 : 0.3315
Thu 29 Jan 2026 13:02:30 INFO  epoch 49 training [time: 53.06s, train loss: 54.6162]
Thu 29 Jan 2026 13:02:36 INFO  epoch 49 evaluating [time: 5.64s, valid_score: 0.333000]
Thu 29 Jan 2026 13:02:36 INFO  valid result: 
hit@10 : 0.7402    ndcg@10 : 0.4293    mrr@10 : 0.333
Thu 29 Jan 2026 13:03:29 INFO  epoch 50 training [time: 53.14s, train loss: 54.5701]
Thu 29 Jan 2026 13:03:35 INFO  epoch 50 evaluating [time: 5.73s, valid_score: 0.328400]
Thu 29 Jan 2026 13:03:35 INFO  valid result: 
hit@10 : 0.7402    ndcg@10 : 0.426    mrr@10 : 0.3284
Thu 29 Jan 2026 13:03:35 INFO  Finished training, best eval result in epoch 39
