Tue 27 Jan 2026 17:44:03 INFO  ['scripts/run_recbole_smlprec.py']
Tue 27 Jan 2026 17:44:03 INFO  
General Hyper Parameters:
gpu_id = 0
use_gpu = True
seed = 2022
state = INFO
reproducibility = True
data_path = F:\anaconda3\envs\rec39\Lib\site-packages\recbole\config\../dataset_example/ml-100k
checkpoint_dir = saved
show_progress = True
save_dataset = False
dataset_save_path = None
save_dataloaders = False
dataloaders_save_path = None
log_wandb = False

Training Hyper Parameters:
epochs = 100
train_batch_size = 256
learner = adam
learning_rate = 0.0001
train_neg_sample_args = {'distribution': 'uniform', 'sample_num': 1, 'alpha': 1.0, 'dynamic': False, 'candidate_num': 0}
eval_step = 1
stopping_step = 10
clip_grad_norm = None
weight_decay = 0.0
loss_decimal_place = 4

Evaluation Hyper Parameters:
eval_args = {'split': {'LS': 'valid_and_test'}, 'order': 'TO', 'group_by': 'user', 'mode': {'valid': 'uni100', 'test': 'uni100'}}
repeatable = True
metrics = ['Hit', 'NDCG', 'MRR']
topk = [10]
valid_metric = MRR@10
valid_metric_bigger = True
eval_batch_size = 512
metric_decimal_place = 4

Dataset Hyper Parameters:
field_separator = 	
seq_separator =  
USER_ID_FIELD = user_id
ITEM_ID_FIELD = item_id
RATING_FIELD = rating
TIME_FIELD = timestamp
seq_len = None
LABEL_FIELD = label
threshold = None
NEG_PREFIX = neg_
load_col = {'inter': ['user_id', 'item_id', 'rating', 'timestamp'], 'user': ['user_id', 'age', 'gender', 'occupation', 'zip_code'], 'item': ['item_id', 'movie_title', 'release_year', 'class']}
unload_col = None
unused_col = None
additional_feat_suffix = None
rm_dup_inter = None
val_interval = None
filter_inter_by_user_or_item = True
user_inter_num_interval = None
item_inter_num_interval = None
alias_of_user_id = None
alias_of_item_id = None
alias_of_entity_id = None
alias_of_relation_id = None
preload_weight = None
normalize_field = None
normalize_all = True
ITEM_LIST_LENGTH_FIELD = item_length
LIST_SUFFIX = _list
MAX_ITEM_LIST_LENGTH = 32
POSITION_FIELD = position_id
HEAD_ENTITY_ID_FIELD = head_id
TAIL_ENTITY_ID_FIELD = tail_id
RELATION_ID_FIELD = relation_id
ENTITY_ID_FIELD = entity_id
kg_reverse_r = False
entity_kg_num_interval = None
relation_kg_num_interval = None
benchmark_filename = None

Other Hyper Parameters: 
worker = 0
wandb_project = recbole
shuffle = True
require_pow = False
enable_amp = False
enable_scaler = False
transform = None
numerical_features = []
discretization = None
MODEL_TYPE = ModelType.SEQUENTIAL
n_layers = 4
n_heads = 1
hidden_size = 128
hidden_dropout_prob = 0.5
hidden_act = gelu
layer_norm_eps = 1e-12
initializer_range = 0.02
loss_type = BPR
early_stop = 10
neg_sampling = None
selected_features = ['class', 'release_year']
pooling_mode = mean
device = cuda
MODEL_INPUT_TYPE = InputType.PAIRWISE
eval_type = EvaluatorType.RANKING
single_spec = True
local_rank = 0
valid_neg_sample_args = {'distribution': 'uniform', 'sample_num': 100}
test_neg_sample_args = {'distribution': 'uniform', 'sample_num': 100}


Tue 27 Jan 2026 17:44:03 INFO  ml-100k
The number of users: 944
Average actions of users: 106.04453870625663
The number of items: 1683
Average actions of items: 59.45303210463734
The number of inters: 100000
The sparsity of the dataset: 93.70575143257098%
Remain Fields: ['user_id', 'item_id', 'rating', 'timestamp', 'age', 'gender', 'occupation', 'zip_code', 'movie_title', 'release_year', 'class']
Tue 27 Jan 2026 17:44:05 INFO  [Training]: train_batch_size = [256] train_neg_sample_args: [{'distribution': 'uniform', 'sample_num': 1, 'alpha': 1.0, 'dynamic': False, 'candidate_num': 0}]
Tue 27 Jan 2026 17:44:05 INFO  [Evaluation]: eval_batch_size = [512] eval_args: [{'split': {'LS': 'valid_and_test'}, 'order': 'TO', 'group_by': 'user', 'mode': {'valid': 'uni100', 'test': 'uni100'}}]
Tue 27 Jan 2026 17:44:05 INFO  SMLPREC(
  (item_embedding): Embedding(1683, 128, padding_idx=0)
  (feature_embed_layer): FeatureSeqEmbLayer(
    (token_embedding_table): ModuleDict(
      (item): FMEmbedding(
        (embedding): Embedding(74, 128)
      )
    )
    (float_embedding_table): ModuleDict()
    (token_seq_embedding_table): ModuleDict(
      (item): ModuleList(
        (0): Embedding(20, 128)
      )
    )
    (float_seq_embedding_table): ModuleDict(
      (item): ModuleList()
    )
  )
  (layers): ModuleList(
    (0-3): 4 x SMLPBlock(
      (seq_mlp): MLPBranch(
        (fc1): Linear(in_features=32, out_features=32, bias=True)
        (fc2): Linear(in_features=32, out_features=32, bias=True)
        (act): GELU(approximate='none')
        (drop): Dropout(p=0.5, inplace=False)
      )
      (feat_mlp): MLPBranch(
        (fc1): Linear(in_features=3, out_features=3, bias=True)
        (fc2): Linear(in_features=3, out_features=3, bias=True)
        (act): GELU(approximate='none')
        (drop): Dropout(p=0.5, inplace=False)
      )
      (chan_mlp): MLPBranch(
        (fc1): Linear(in_features=128, out_features=128, bias=True)
        (fc2): Linear(in_features=128, out_features=128, bias=True)
        (act): GELU(approximate='none')
        (drop): Dropout(p=0.5, inplace=False)
      )
      (norm): LayerNorm((128,), eps=1e-05, elementwise_affine=True)
    )
  )
  (output_norm): LayerNorm((128,), eps=1e-12, elementwise_affine=True)
  (loss_fct): BPRLoss()
)
Trainable parameters: 369376
Tue 27 Jan 2026 17:44:06 INFO  FLOPs: 16155008.0
Tue 27 Jan 2026 17:45:08 INFO  epoch 0 training [time: 60.47s, train loss: 218.8885]
Tue 27 Jan 2026 17:45:14 INFO  epoch 0 evaluating [time: 6.48s, valid_score: 0.126100]
Tue 27 Jan 2026 17:45:14 INFO  valid result: 
hit@10 : 0.3754    ndcg@10 : 0.1837    mrr@10 : 0.1261
Tue 27 Jan 2026 17:45:14 INFO  Saving current: saved\SMLPREC-Jan-27-2026_17-44-06.pth
Tue 27 Jan 2026 17:46:14 INFO  epoch 1 training [time: 59.95s, train loss: 163.1465]
Tue 27 Jan 2026 17:46:20 INFO  epoch 1 evaluating [time: 5.79s, valid_score: 0.152800]
Tue 27 Jan 2026 17:46:20 INFO  valid result: 
hit@10 : 0.4072    ndcg@10 : 0.2121    mrr@10 : 0.1528
Tue 27 Jan 2026 17:46:20 INFO  Saving current: saved\SMLPREC-Jan-27-2026_17-44-06.pth
Tue 27 Jan 2026 17:47:20 INFO  epoch 2 training [time: 59.55s, train loss: 140.8352]
Tue 27 Jan 2026 17:47:26 INFO  epoch 2 evaluating [time: 5.97s, valid_score: 0.199900]
Tue 27 Jan 2026 17:47:26 INFO  valid result: 
hit@10 : 0.5207    ndcg@10 : 0.2751    mrr@10 : 0.1999
