Tue 27 Jan 2026 17:49:50 INFO  ['scripts/run_recbole_smlprec.py']
Tue 27 Jan 2026 17:49:50 INFO  
General Hyper Parameters:
gpu_id = 0
use_gpu = True
seed = 2022
state = INFO
reproducibility = True
data_path = F:\anaconda3\envs\rec39\Lib\site-packages\recbole\config\../dataset_example/ml-100k
checkpoint_dir = saved
show_progress = True
save_dataset = False
dataset_save_path = None
save_dataloaders = False
dataloaders_save_path = None
log_wandb = False

Training Hyper Parameters:
epochs = 100
train_batch_size = 256
learner = adam
learning_rate = 0.0001
train_neg_sample_args = {'distribution': 'uniform', 'sample_num': 1, 'alpha': 1.0, 'dynamic': False, 'candidate_num': 0}
eval_step = 1
stopping_step = 10
clip_grad_norm = None
weight_decay = 0.0
loss_decimal_place = 4

Evaluation Hyper Parameters:
eval_args = {'split': {'LS': 'valid_and_test'}, 'order': 'TO', 'group_by': 'user', 'mode': {'valid': 'uni100', 'test': 'uni100'}}
repeatable = True
metrics = ['Hit', 'NDCG', 'MRR']
topk = [10]
valid_metric = MRR@10
valid_metric_bigger = True
eval_batch_size = 512
metric_decimal_place = 4

Dataset Hyper Parameters:
field_separator = 	
seq_separator =  
USER_ID_FIELD = user_id
ITEM_ID_FIELD = item_id
RATING_FIELD = rating
TIME_FIELD = timestamp
seq_len = None
LABEL_FIELD = label
threshold = None
NEG_PREFIX = neg_
load_col = {'inter': ['user_id', 'item_id', 'rating', 'timestamp'], 'user': ['user_id', 'age', 'gender', 'occupation', 'zip_code'], 'item': ['item_id', 'movie_title', 'release_year', 'class']}
unload_col = None
unused_col = None
additional_feat_suffix = None
rm_dup_inter = None
val_interval = None
filter_inter_by_user_or_item = True
user_inter_num_interval = None
item_inter_num_interval = None
alias_of_user_id = None
alias_of_item_id = None
alias_of_entity_id = None
alias_of_relation_id = None
preload_weight = None
normalize_field = None
normalize_all = True
ITEM_LIST_LENGTH_FIELD = item_length
LIST_SUFFIX = _list
MAX_ITEM_LIST_LENGTH = 32
POSITION_FIELD = position_id
HEAD_ENTITY_ID_FIELD = head_id
TAIL_ENTITY_ID_FIELD = tail_id
RELATION_ID_FIELD = relation_id
ENTITY_ID_FIELD = entity_id
kg_reverse_r = False
entity_kg_num_interval = None
relation_kg_num_interval = None
benchmark_filename = None

Other Hyper Parameters: 
worker = 0
wandb_project = recbole
shuffle = True
require_pow = False
enable_amp = False
enable_scaler = False
transform = None
numerical_features = []
discretization = None
MODEL_TYPE = ModelType.SEQUENTIAL
n_layers = 4
n_heads = 1
hidden_size = 128
hidden_dropout_prob = 0.5
hidden_act = gelu
layer_norm_eps = 1e-12
initializer_range = 0.02
loss_type = BPR
early_stop = 10
neg_sampling = None
selected_features = ['class', 'release_year']
pooling_mode = mean
device = cuda
MODEL_INPUT_TYPE = InputType.PAIRWISE
eval_type = EvaluatorType.RANKING
single_spec = True
local_rank = 0
valid_neg_sample_args = {'distribution': 'uniform', 'sample_num': 100}
test_neg_sample_args = {'distribution': 'uniform', 'sample_num': 100}


Tue 27 Jan 2026 17:49:50 INFO  ml-100k
The number of users: 944
Average actions of users: 106.04453870625663
The number of items: 1683
Average actions of items: 59.45303210463734
The number of inters: 100000
The sparsity of the dataset: 93.70575143257098%
Remain Fields: ['user_id', 'item_id', 'rating', 'timestamp', 'age', 'gender', 'occupation', 'zip_code', 'movie_title', 'release_year', 'class']
Tue 27 Jan 2026 17:49:52 INFO  [Training]: train_batch_size = [256] train_neg_sample_args: [{'distribution': 'uniform', 'sample_num': 1, 'alpha': 1.0, 'dynamic': False, 'candidate_num': 0}]
Tue 27 Jan 2026 17:49:52 INFO  [Evaluation]: eval_batch_size = [512] eval_args: [{'split': {'LS': 'valid_and_test'}, 'order': 'TO', 'group_by': 'user', 'mode': {'valid': 'uni100', 'test': 'uni100'}}]
Tue 27 Jan 2026 17:49:52 INFO  SMLPREC(
  (item_embedding): Embedding(1683, 128, padding_idx=0)
  (feature_embed_layer): FeatureSeqEmbLayer(
    (token_embedding_table): ModuleDict(
      (item): FMEmbedding(
        (embedding): Embedding(74, 128)
      )
    )
    (float_embedding_table): ModuleDict()
    (token_seq_embedding_table): ModuleDict(
      (item): ModuleList(
        (0): Embedding(20, 128)
      )
    )
    (float_seq_embedding_table): ModuleDict(
      (item): ModuleList()
    )
  )
  (layers): ModuleList(
    (0-3): 4 x SMLPBlock(
      (seq_mlp): MLPBranch(
        (fc1): Linear(in_features=32, out_features=32, bias=True)
        (fc2): Linear(in_features=32, out_features=32, bias=True)
        (act): GELU(approximate='none')
        (drop): Dropout(p=0.5, inplace=False)
      )
      (feat_mlp): MLPBranch(
        (fc1): Linear(in_features=3, out_features=3, bias=True)
        (fc2): Linear(in_features=3, out_features=3, bias=True)
        (act): GELU(approximate='none')
        (drop): Dropout(p=0.5, inplace=False)
      )
      (chan_mlp): MLPBranch(
        (fc1): Linear(in_features=128, out_features=128, bias=True)
        (fc2): Linear(in_features=128, out_features=128, bias=True)
        (act): GELU(approximate='none')
        (drop): Dropout(p=0.5, inplace=False)
      )
      (norm): LayerNorm((128,), eps=1e-05, elementwise_affine=True)
    )
  )
  (output_norm): LayerNorm((128,), eps=1e-12, elementwise_affine=True)
  (loss_fct): BPRLoss()
)
Trainable parameters: 369376
Tue 27 Jan 2026 17:49:53 INFO  FLOPs: 16155008.0
Tue 27 Jan 2026 17:50:55 INFO  epoch 0 training [time: 60.94s, train loss: 218.8885]
Tue 27 Jan 2026 17:51:02 INFO  epoch 0 evaluating [time: 6.83s, valid_score: 0.126100]
Tue 27 Jan 2026 17:51:02 INFO  valid result: 
hit@10 : 0.3754    ndcg@10 : 0.1837    mrr@10 : 0.1261
Tue 27 Jan 2026 17:51:02 INFO  Saving current: saved\SMLPREC-Jan-27-2026_17-49-53.pth
Tue 27 Jan 2026 17:52:05 INFO  epoch 1 training [time: 62.93s, train loss: 163.1465]
Tue 27 Jan 2026 17:52:12 INFO  epoch 1 evaluating [time: 6.54s, valid_score: 0.152800]
Tue 27 Jan 2026 17:52:12 INFO  valid result: 
hit@10 : 0.4072    ndcg@10 : 0.2121    mrr@10 : 0.1528
Tue 27 Jan 2026 17:52:12 INFO  Saving current: saved\SMLPREC-Jan-27-2026_17-49-53.pth
Tue 27 Jan 2026 17:53:14 INFO  epoch 2 training [time: 62.19s, train loss: 140.8352]
Tue 27 Jan 2026 17:53:20 INFO  epoch 2 evaluating [time: 6.52s, valid_score: 0.199900]
Tue 27 Jan 2026 17:53:20 INFO  valid result: 
hit@10 : 0.5207    ndcg@10 : 0.2751    mrr@10 : 0.1999
Tue 27 Jan 2026 17:53:20 INFO  Saving current: saved\SMLPREC-Jan-27-2026_17-49-53.pth
Tue 27 Jan 2026 17:54:23 INFO  epoch 3 training [time: 62.87s, train loss: 118.9073]
Tue 27 Jan 2026 17:54:30 INFO  epoch 3 evaluating [time: 6.55s, valid_score: 0.235700]
Tue 27 Jan 2026 17:54:30 INFO  valid result: 
hit@10 : 0.5864    ndcg@10 : 0.3178    mrr@10 : 0.2357
Tue 27 Jan 2026 17:54:30 INFO  Saving current: saved\SMLPREC-Jan-27-2026_17-49-53.pth
Tue 27 Jan 2026 17:55:33 INFO  epoch 4 training [time: 63.06s, train loss: 106.1261]
Tue 27 Jan 2026 17:55:39 INFO  epoch 4 evaluating [time: 6.64s, valid_score: 0.255700]
Tue 27 Jan 2026 17:55:39 INFO  valid result: 
hit@10 : 0.6278    ndcg@10 : 0.3429    mrr@10 : 0.2557
Tue 27 Jan 2026 17:55:39 INFO  Saving current: saved\SMLPREC-Jan-27-2026_17-49-53.pth
Tue 27 Jan 2026 17:56:44 INFO  epoch 5 training [time: 64.69s, train loss: 97.5838]
Tue 27 Jan 2026 17:56:51 INFO  epoch 5 evaluating [time: 6.47s, valid_score: 0.266600]
Tue 27 Jan 2026 17:56:51 INFO  valid result: 
hit@10 : 0.6341    ndcg@10 : 0.3529    mrr@10 : 0.2666
Tue 27 Jan 2026 17:56:51 INFO  Saving current: saved\SMLPREC-Jan-27-2026_17-49-53.pth
Tue 27 Jan 2026 17:57:54 INFO  epoch 6 training [time: 62.95s, train loss: 91.6329]
Tue 27 Jan 2026 17:58:00 INFO  epoch 6 evaluating [time: 6.51s, valid_score: 0.281700]
Tue 27 Jan 2026 17:58:00 INFO  valid result: 
hit@10 : 0.6596    ndcg@10 : 0.3705    mrr@10 : 0.2817
Tue 27 Jan 2026 17:58:00 INFO  Saving current: saved\SMLPREC-Jan-27-2026_17-49-53.pth
Tue 27 Jan 2026 17:59:03 INFO  epoch 7 training [time: 63.15s, train loss: 86.6883]
Tue 27 Jan 2026 17:59:10 INFO  epoch 7 evaluating [time: 6.56s, valid_score: 0.272500]
Tue 27 Jan 2026 17:59:10 INFO  valid result: 
hit@10 : 0.667    ndcg@10 : 0.3654    mrr@10 : 0.2725
Tue 27 Jan 2026 18:00:15 INFO  epoch 8 training [time: 65.21s, train loss: 84.0772]
Tue 27 Jan 2026 18:00:22 INFO  epoch 8 evaluating [time: 6.49s, valid_score: 0.284700]
Tue 27 Jan 2026 18:00:22 INFO  valid result: 
hit@10 : 0.6744    ndcg@10 : 0.3763    mrr@10 : 0.2847
Tue 27 Jan 2026 18:00:22 INFO  Saving current: saved\SMLPREC-Jan-27-2026_17-49-53.pth
Tue 27 Jan 2026 18:01:25 INFO  epoch 9 training [time: 63.16s, train loss: 80.5197]
Tue 27 Jan 2026 18:01:31 INFO  epoch 9 evaluating [time: 6.56s, valid_score: 0.287500]
Tue 27 Jan 2026 18:01:31 INFO  valid result: 
hit@10 : 0.685    ndcg@10 : 0.3812    mrr@10 : 0.2875
Tue 27 Jan 2026 18:01:31 INFO  Saving current: saved\SMLPREC-Jan-27-2026_17-49-53.pth
Tue 27 Jan 2026 18:02:35 INFO  epoch 10 training [time: 63.40s, train loss: 78.9865]
Tue 27 Jan 2026 18:02:41 INFO  epoch 10 evaluating [time: 6.55s, valid_score: 0.296000]
Tue 27 Jan 2026 18:02:41 INFO  valid result: 
hit@10 : 0.6914    ndcg@10 : 0.3889    mrr@10 : 0.296
Tue 27 Jan 2026 18:02:41 INFO  Saving current: saved\SMLPREC-Jan-27-2026_17-49-53.pth
Tue 27 Jan 2026 18:03:45 INFO  epoch 11 training [time: 64.03s, train loss: 77.9560]
Tue 27 Jan 2026 18:03:52 INFO  epoch 11 evaluating [time: 6.70s, valid_score: 0.305500]
Tue 27 Jan 2026 18:03:52 INFO  valid result: 
hit@10 : 0.7126    ndcg@10 : 0.4013    mrr@10 : 0.3055
Tue 27 Jan 2026 18:03:52 INFO  Saving current: saved\SMLPREC-Jan-27-2026_17-49-53.pth
Tue 27 Jan 2026 18:04:56 INFO  epoch 12 training [time: 64.12s, train loss: 75.9702]
Tue 27 Jan 2026 18:05:03 INFO  epoch 12 evaluating [time: 6.50s, valid_score: 0.300200]
Tue 27 Jan 2026 18:05:03 INFO  valid result: 
hit@10 : 0.7084    ndcg@10 : 0.3958    mrr@10 : 0.3002
Tue 27 Jan 2026 18:06:06 INFO  epoch 13 training [time: 63.85s, train loss: 74.6370]
Tue 27 Jan 2026 18:06:13 INFO  epoch 13 evaluating [time: 6.61s, valid_score: 0.292400]
Tue 27 Jan 2026 18:06:13 INFO  valid result: 
hit@10 : 0.6978    ndcg@10 : 0.388    mrr@10 : 0.2924
Tue 27 Jan 2026 18:07:17 INFO  epoch 14 training [time: 63.51s, train loss: 73.0191]
Tue 27 Jan 2026 18:07:23 INFO  epoch 14 evaluating [time: 6.56s, valid_score: 0.305500]
Tue 27 Jan 2026 18:07:23 INFO  valid result: 
hit@10 : 0.701    ndcg@10 : 0.3988    mrr@10 : 0.3055
Tue 27 Jan 2026 18:07:23 INFO  Saving current: saved\SMLPREC-Jan-27-2026_17-49-53.pth
Tue 27 Jan 2026 18:08:28 INFO  epoch 15 training [time: 64.79s, train loss: 71.4973]
Tue 27 Jan 2026 18:08:35 INFO  epoch 15 evaluating [time: 6.54s, valid_score: 0.311600]
Tue 27 Jan 2026 18:08:35 INFO  valid result: 
hit@10 : 0.7169    ndcg@10 : 0.4069    mrr@10 : 0.3116
Tue 27 Jan 2026 18:08:35 INFO  Saving current: saved\SMLPREC-Jan-27-2026_17-49-53.pth
Tue 27 Jan 2026 18:09:38 INFO  epoch 16 training [time: 63.05s, train loss: 71.0309]
Tue 27 Jan 2026 18:09:44 INFO  epoch 16 evaluating [time: 6.56s, valid_score: 0.303100]
Tue 27 Jan 2026 18:09:44 INFO  valid result: 
hit@10 : 0.7211    ndcg@10 : 0.4013    mrr@10 : 0.3031
Tue 27 Jan 2026 18:10:51 INFO  epoch 17 training [time: 66.59s, train loss: 69.8625]
Tue 27 Jan 2026 18:10:57 INFO  epoch 17 evaluating [time: 6.60s, valid_score: 0.306000]
Tue 27 Jan 2026 18:10:57 INFO  valid result: 
hit@10 : 0.719    ndcg@10 : 0.4029    mrr@10 : 0.306
Tue 27 Jan 2026 18:12:03 INFO  epoch 18 training [time: 65.67s, train loss: 68.4488]
Tue 27 Jan 2026 18:12:10 INFO  epoch 18 evaluating [time: 6.58s, valid_score: 0.311600]
Tue 27 Jan 2026 18:12:10 INFO  valid result: 
hit@10 : 0.7306    ndcg@10 : 0.4105    mrr@10 : 0.3116
Tue 27 Jan 2026 18:12:10 INFO  Saving current: saved\SMLPREC-Jan-27-2026_17-49-53.pth
Tue 27 Jan 2026 18:13:13 INFO  epoch 19 training [time: 63.18s, train loss: 68.3982]
Tue 27 Jan 2026 18:13:19 INFO  epoch 19 evaluating [time: 6.57s, valid_score: 0.311600]
Tue 27 Jan 2026 18:13:19 INFO  valid result: 
hit@10 : 0.7243    ndcg@10 : 0.4091    mrr@10 : 0.3116
Tue 27 Jan 2026 18:13:19 INFO  Saving current: saved\SMLPREC-Jan-27-2026_17-49-53.pth
Tue 27 Jan 2026 18:14:23 INFO  epoch 20 training [time: 63.73s, train loss: 66.8201]
Tue 27 Jan 2026 18:14:30 INFO  epoch 20 evaluating [time: 6.66s, valid_score: 0.317800]
Tue 27 Jan 2026 18:14:30 INFO  valid result: 
hit@10 : 0.7222    ndcg@10 : 0.4135    mrr@10 : 0.3178
Tue 27 Jan 2026 18:14:30 INFO  Saving current: saved\SMLPREC-Jan-27-2026_17-49-53.pth
Tue 27 Jan 2026 18:15:34 INFO  epoch 21 training [time: 64.15s, train loss: 66.7640]
Tue 27 Jan 2026 18:15:41 INFO  epoch 21 evaluating [time: 6.71s, valid_score: 0.313000]
Tue 27 Jan 2026 18:15:41 INFO  valid result: 
hit@10 : 0.7296    ndcg@10 : 0.4116    mrr@10 : 0.313
Tue 27 Jan 2026 18:16:46 INFO  epoch 22 training [time: 65.13s, train loss: 66.0992]
Tue 27 Jan 2026 18:16:52 INFO  epoch 22 evaluating [time: 6.52s, valid_score: 0.323700]
Tue 27 Jan 2026 18:16:52 INFO  valid result: 
hit@10 : 0.7296    ndcg@10 : 0.4197    mrr@10 : 0.3237
Tue 27 Jan 2026 18:16:52 INFO  Saving current: saved\SMLPREC-Jan-27-2026_17-49-53.pth
Tue 27 Jan 2026 18:17:55 INFO  epoch 23 training [time: 63.00s, train loss: 65.2067]
Tue 27 Jan 2026 18:18:02 INFO  epoch 23 evaluating [time: 6.58s, valid_score: 0.312500]
Tue 27 Jan 2026 18:18:02 INFO  valid result: 
hit@10 : 0.7349    ndcg@10 : 0.4124    mrr@10 : 0.3125
Tue 27 Jan 2026 18:19:06 INFO  epoch 24 training [time: 63.78s, train loss: 65.7142]
Tue 27 Jan 2026 18:19:12 INFO  epoch 24 evaluating [time: 6.60s, valid_score: 0.316300]
Tue 27 Jan 2026 18:19:12 INFO  valid result: 
hit@10 : 0.737    ndcg@10 : 0.4153    mrr@10 : 0.3163
Tue 27 Jan 2026 18:20:17 INFO  epoch 25 training [time: 64.48s, train loss: 64.8866]
Tue 27 Jan 2026 18:20:23 INFO  epoch 25 evaluating [time: 6.55s, valid_score: 0.325800]
Tue 27 Jan 2026 18:20:23 INFO  valid result: 
hit@10 : 0.7306    ndcg@10 : 0.4218    mrr@10 : 0.3258
Tue 27 Jan 2026 18:20:23 INFO  Saving current: saved\SMLPREC-Jan-27-2026_17-49-53.pth
Tue 27 Jan 2026 18:21:26 INFO  epoch 26 training [time: 63.03s, train loss: 64.0714]
Tue 27 Jan 2026 18:21:33 INFO  epoch 26 evaluating [time: 6.60s, valid_score: 0.321200]
Tue 27 Jan 2026 18:21:33 INFO  valid result: 
hit@10 : 0.7423    ndcg@10 : 0.4208    mrr@10 : 0.3212
Tue 27 Jan 2026 18:22:37 INFO  epoch 27 training [time: 64.42s, train loss: 63.7855]
Tue 27 Jan 2026 18:22:44 INFO  epoch 27 evaluating [time: 6.58s, valid_score: 0.326100]
Tue 27 Jan 2026 18:22:44 INFO  valid result: 
hit@10 : 0.7317    ndcg@10 : 0.4222    mrr@10 : 0.3261
Tue 27 Jan 2026 18:22:44 INFO  Saving current: saved\SMLPREC-Jan-27-2026_17-49-53.pth
Tue 27 Jan 2026 18:23:52 INFO  epoch 28 training [time: 67.68s, train loss: 62.7854]
Tue 27 Jan 2026 18:23:58 INFO  epoch 28 evaluating [time: 6.68s, valid_score: 0.330800]
Tue 27 Jan 2026 18:23:58 INFO  valid result: 
hit@10 : 0.7317    ndcg@10 : 0.4255    mrr@10 : 0.3308
Tue 27 Jan 2026 18:23:58 INFO  Saving current: saved\SMLPREC-Jan-27-2026_17-49-53.pth
Tue 27 Jan 2026 18:25:03 INFO  epoch 29 training [time: 64.85s, train loss: 62.8118]
Tue 27 Jan 2026 18:25:10 INFO  epoch 29 evaluating [time: 6.74s, valid_score: 0.320700]
Tue 27 Jan 2026 18:25:10 INFO  valid result: 
hit@10 : 0.7466    ndcg@10 : 0.4215    mrr@10 : 0.3207
Tue 27 Jan 2026 18:26:15 INFO  epoch 30 training [time: 65.27s, train loss: 61.4602]
Tue 27 Jan 2026 18:26:22 INFO  epoch 30 evaluating [time: 6.73s, valid_score: 0.329600]
Tue 27 Jan 2026 18:26:22 INFO  valid result: 
hit@10 : 0.7444    ndcg@10 : 0.4277    mrr@10 : 0.3296
Tue 27 Jan 2026 18:27:28 INFO  epoch 31 training [time: 65.95s, train loss: 61.5277]
Tue 27 Jan 2026 18:27:35 INFO  epoch 31 evaluating [time: 6.72s, valid_score: 0.334100]
Tue 27 Jan 2026 18:27:35 INFO  valid result: 
hit@10 : 0.7466    ndcg@10 : 0.4316    mrr@10 : 0.3341
Tue 27 Jan 2026 18:27:35 INFO  Saving current: saved\SMLPREC-Jan-27-2026_17-49-53.pth
Tue 27 Jan 2026 18:28:40 INFO  epoch 32 training [time: 65.00s, train loss: 60.7965]
Tue 27 Jan 2026 18:28:46 INFO  epoch 32 evaluating [time: 6.61s, valid_score: 0.322200]
Tue 27 Jan 2026 18:28:46 INFO  valid result: 
hit@10 : 0.7338    ndcg@10 : 0.4202    mrr@10 : 0.3222
Tue 27 Jan 2026 18:29:52 INFO  epoch 33 training [time: 65.68s, train loss: 61.3252]
Tue 27 Jan 2026 18:29:59 INFO  epoch 33 evaluating [time: 6.67s, valid_score: 0.336000]
Tue 27 Jan 2026 18:29:59 INFO  valid result: 
hit@10 : 0.7349    ndcg@10 : 0.4306    mrr@10 : 0.336
Tue 27 Jan 2026 18:29:59 INFO  Saving current: saved\SMLPREC-Jan-27-2026_17-49-53.pth
Tue 27 Jan 2026 18:31:03 INFO  epoch 34 training [time: 64.63s, train loss: 60.0205]
Tue 27 Jan 2026 18:31:10 INFO  epoch 34 evaluating [time: 6.69s, valid_score: 0.321900]
Tue 27 Jan 2026 18:31:10 INFO  valid result: 
hit@10 : 0.7328    ndcg@10 : 0.4195    mrr@10 : 0.3219
Tue 27 Jan 2026 18:32:20 INFO  epoch 35 training [time: 70.23s, train loss: 60.4006]
Tue 27 Jan 2026 18:32:27 INFO  epoch 35 evaluating [time: 6.93s, valid_score: 0.324300]
Tue 27 Jan 2026 18:32:27 INFO  valid result: 
hit@10 : 0.7338    ndcg@10 : 0.4216    mrr@10 : 0.3243
Tue 27 Jan 2026 18:33:39 INFO  epoch 36 training [time: 71.61s, train loss: 59.9249]
Tue 27 Jan 2026 18:33:46 INFO  epoch 36 evaluating [time: 7.08s, valid_score: 0.341800]
Tue 27 Jan 2026 18:33:46 INFO  valid result: 
hit@10 : 0.7466    ndcg@10 : 0.438    mrr@10 : 0.3418
Tue 27 Jan 2026 18:33:46 INFO  Saving current: saved\SMLPREC-Jan-27-2026_17-49-53.pth
Tue 27 Jan 2026 18:35:02 INFO  epoch 37 training [time: 75.60s, train loss: 59.5980]
Tue 27 Jan 2026 18:35:08 INFO  epoch 37 evaluating [time: 6.80s, valid_score: 0.331300]
Tue 27 Jan 2026 18:35:08 INFO  valid result: 
hit@10 : 0.7391    ndcg@10 : 0.4282    mrr@10 : 0.3313
Tue 27 Jan 2026 18:36:20 INFO  epoch 38 training [time: 72.11s, train loss: 58.4690]
Tue 27 Jan 2026 18:36:27 INFO  epoch 38 evaluating [time: 6.67s, valid_score: 0.339600]
Tue 27 Jan 2026 18:36:27 INFO  valid result: 
hit@10 : 0.7328    ndcg@10 : 0.4326    mrr@10 : 0.3396
Tue 27 Jan 2026 18:37:33 INFO  epoch 39 training [time: 65.90s, train loss: 57.6457]
Tue 27 Jan 2026 18:37:40 INFO  epoch 39 evaluating [time: 7.10s, valid_score: 0.336800]
Tue 27 Jan 2026 18:37:40 INFO  valid result: 
hit@10 : 0.7381    ndcg@10 : 0.432    mrr@10 : 0.3368
Tue 27 Jan 2026 18:38:47 INFO  epoch 40 training [time: 66.40s, train loss: 57.1682]
Tue 27 Jan 2026 18:38:53 INFO  epoch 40 evaluating [time: 6.87s, valid_score: 0.326400]
Tue 27 Jan 2026 18:38:53 INFO  valid result: 
hit@10 : 0.7413    ndcg@10 : 0.4247    mrr@10 : 0.3264
Tue 27 Jan 2026 18:40:03 INFO  epoch 41 training [time: 69.86s, train loss: 57.8458]
Tue 27 Jan 2026 18:40:10 INFO  epoch 41 evaluating [time: 6.76s, valid_score: 0.330400]
Tue 27 Jan 2026 18:40:10 INFO  valid result: 
hit@10 : 0.7391    ndcg@10 : 0.4271    mrr@10 : 0.3304
Tue 27 Jan 2026 18:41:16 INFO  epoch 42 training [time: 66.16s, train loss: 56.8703]
Tue 27 Jan 2026 18:41:23 INFO  epoch 42 evaluating [time: 7.12s, valid_score: 0.324100]
Tue 27 Jan 2026 18:41:23 INFO  valid result: 
hit@10 : 0.7243    ndcg@10 : 0.4194    mrr@10 : 0.3241
Tue 27 Jan 2026 18:42:31 INFO  epoch 43 training [time: 67.55s, train loss: 56.2229]
Tue 27 Jan 2026 18:42:38 INFO  epoch 43 evaluating [time: 7.07s, valid_score: 0.333900]
Tue 27 Jan 2026 18:42:38 INFO  valid result: 
hit@10 : 0.7402    ndcg@10 : 0.4303    mrr@10 : 0.3339
Tue 27 Jan 2026 18:43:45 INFO  epoch 44 training [time: 67.52s, train loss: 56.1966]
Tue 27 Jan 2026 18:43:52 INFO  epoch 44 evaluating [time: 6.86s, valid_score: 0.326500]
Tue 27 Jan 2026 18:43:52 INFO  valid result: 
hit@10 : 0.7285    ndcg@10 : 0.4224    mrr@10 : 0.3265
Tue 27 Jan 2026 18:44:59 INFO  epoch 45 training [time: 67.15s, train loss: 55.9935]
Tue 27 Jan 2026 18:45:06 INFO  epoch 45 evaluating [time: 6.79s, valid_score: 0.326400]
Tue 27 Jan 2026 18:45:06 INFO  valid result: 
hit@10 : 0.7455    ndcg@10 : 0.4257    mrr@10 : 0.3264
Tue 27 Jan 2026 18:46:13 INFO  epoch 46 training [time: 66.77s, train loss: 55.3528]
Tue 27 Jan 2026 18:46:20 INFO  epoch 46 evaluating [time: 6.85s, valid_score: 0.329100]
Tue 27 Jan 2026 18:46:20 INFO  valid result: 
hit@10 : 0.7402    ndcg@10 : 0.4262    mrr@10 : 0.3291
Tue 27 Jan 2026 18:47:31 INFO  epoch 47 training [time: 71.44s, train loss: 55.7522]
Tue 27 Jan 2026 18:47:38 INFO  epoch 47 evaluating [time: 7.12s, valid_score: 0.337800]
Tue 27 Jan 2026 18:47:38 INFO  valid result: 
hit@10 : 0.7296    ndcg@10 : 0.4308    mrr@10 : 0.3378
Tue 27 Jan 2026 18:47:38 INFO  Finished training, best eval result in epoch 36
Tue 27 Jan 2026 18:47:38 INFO  Loading model structure and parameters from saved\SMLPREC-Jan-27-2026_17-49-53.pth
Tue 27 Jan 2026 18:47:47 INFO  The running environment of this training is as follows:
+-------------+----------------+
| Environment |     Usage      |
+=============+================+
| CPU         |    14.00 %     |
+-------------+----------------+
| GPU         | 0.81 G/6.00 G  |
+-------------+----------------+
| Memory      | 0.41 G/15.63 G |
+-------------+----------------+
Tue 27 Jan 2026 18:47:47 INFO  best valid : OrderedDict([('hit@10', 0.7466), ('ndcg@10', 0.438), ('mrr@10', 0.3418)])
Tue 27 Jan 2026 18:47:47 INFO  test result: OrderedDict([('hit@10', 0.6893), ('ndcg@10', 0.398), ('mrr@10', 0.3083)])
