Mon 26 Jan 2026 12:59:30 INFO  ['scripts/run_recbole_lic.py']
Mon 26 Jan 2026 12:59:30 INFO  
General Hyper Parameters:
gpu_id = 0
use_gpu = True
seed = 2022
state = INFO
reproducibility = True
data_path = F:\anaconda3\envs\rec39\Lib\site-packages\recbole\config\../dataset_example/ml-100k
checkpoint_dir = saved
show_progress = True
save_dataset = False
dataset_save_path = None
save_dataloaders = False
dataloaders_save_path = None
log_wandb = False

Training Hyper Parameters:
epochs = 100
train_batch_size = 256
learner = adam
learning_rate = 0.0005
train_neg_sample_args = {'distribution': 'uniform', 'sample_num': 1, 'alpha': 1.0, 'dynamic': False, 'candidate_num': 0}
eval_step = 1
stopping_step = 10
clip_grad_norm = None
weight_decay = 0.0
loss_decimal_place = 4

Evaluation Hyper Parameters:
eval_args = {'split': {'LS': 'valid_and_test'}, 'order': 'TO', 'group_by': 'user', 'mode': {'valid': 'uni100', 'test': 'uni100'}}
repeatable = True
metrics = ['Hit', 'NDCG', 'MRR']
topk = [10]
valid_metric = MRR@10
valid_metric_bigger = True
eval_batch_size = 512
metric_decimal_place = 4

Dataset Hyper Parameters:
field_separator = 	
seq_separator =  
USER_ID_FIELD = user_id
ITEM_ID_FIELD = item_id
RATING_FIELD = rating
TIME_FIELD = timestamp
seq_len = None
LABEL_FIELD = label
threshold = None
NEG_PREFIX = neg_
load_col = {'inter': ['user_id', 'item_id', 'rating', 'timestamp'], 'user': ['user_id', 'age', 'gender', 'occupation', 'zip_code'], 'item': ['item_id', 'movie_title', 'release_year', 'class']}
unload_col = None
unused_col = None
additional_feat_suffix = None
rm_dup_inter = None
val_interval = None
filter_inter_by_user_or_item = True
user_inter_num_interval = None
item_inter_num_interval = None
alias_of_user_id = None
alias_of_item_id = None
alias_of_entity_id = None
alias_of_relation_id = None
preload_weight = None
normalize_field = None
normalize_all = True
ITEM_LIST_LENGTH_FIELD = item_length
LIST_SUFFIX = _list
MAX_ITEM_LIST_LENGTH = 30
POSITION_FIELD = position_id
HEAD_ENTITY_ID_FIELD = head_id
TAIL_ENTITY_ID_FIELD = tail_id
RELATION_ID_FIELD = relation_id
ENTITY_ID_FIELD = entity_id
kg_reverse_r = False
entity_kg_num_interval = None
relation_kg_num_interval = None
benchmark_filename = None

Other Hyper Parameters: 
worker = 0
wandb_project = recbole
shuffle = True
require_pow = False
enable_amp = False
enable_scaler = False
transform = None
numerical_features = []
discretization = None
MODEL_TYPE = ModelType.SEQUENTIAL
hidden_size = 128
hidden_dropout_prob = 0.1
loss_type = BPR
early_stop = 10
neg_sampling = None
short_len = 10
gsu_topk = 100
num_heads = 4
time_mlp_hidden = 32
day_seconds = 86400
use_circular_time = True
device = cuda
MODEL_INPUT_TYPE = InputType.PAIRWISE
eval_type = EvaluatorType.RANKING
single_spec = True
local_rank = 0
valid_neg_sample_args = {'distribution': 'uniform', 'sample_num': 100}
test_neg_sample_args = {'distribution': 'uniform', 'sample_num': 100}


Mon 26 Jan 2026 12:59:30 INFO  ml-100k
The number of users: 944
Average actions of users: 106.04453870625663
The number of items: 1683
Average actions of items: 59.45303210463734
The number of inters: 100000
The sparsity of the dataset: 93.70575143257098%
Remain Fields: ['user_id', 'item_id', 'rating', 'timestamp', 'age', 'gender', 'occupation', 'zip_code', 'movie_title', 'release_year', 'class']
Mon 26 Jan 2026 12:59:32 INFO  [Training]: train_batch_size = [256] train_neg_sample_args: [{'distribution': 'uniform', 'sample_num': 1, 'alpha': 1.0, 'dynamic': False, 'candidate_num': 0}]
Mon 26 Jan 2026 12:59:32 INFO  [Evaluation]: eval_batch_size = [512] eval_args: [{'split': {'LS': 'valid_and_test'}, 'order': 'TO', 'group_by': 'user', 'mode': {'valid': 'uni100', 'test': 'uni100'}}]
Mon 26 Jan 2026 12:59:32 INFO  LICRec(
  (item_emb): Embedding(1683, 128, padding_idx=0)
  (gsu): ClockGSU(
    (item_emb): Embedding(1683, 128, padding_idx=0)
    (k_proj): Linear(in_features=128, out_features=128, bias=True)
    (dropout): Dropout(p=0.1, inplace=False)
    (time_mlp): Sequential(
      (0): Linear(in_features=4, out_features=32, bias=True)
      (1): ReLU()
      (2): Linear(in_features=32, out_features=1, bias=True)
    )
  )
  (esu): ClockESU(
    (item_emb): Embedding(1683, 128, padding_idx=0)
    (q_proj): Linear(in_features=128, out_features=128, bias=True)
    (k_proj): Linear(in_features=128, out_features=128, bias=True)
    (v_proj): Linear(in_features=128, out_features=128, bias=True)
    (out_proj): Linear(in_features=128, out_features=128, bias=True)
    (dropout): Dropout(p=0.1, inplace=False)
    (time_mlp): Sequential(
      (0): Linear(in_features=4, out_features=32, bias=True)
      (1): ReLU()
      (2): Linear(in_features=32, out_features=1, bias=True)
    )
  )
  (fuse_mlp): Sequential(
    (0): Linear(in_features=384, out_features=128, bias=True)
    (1): ReLU()
    (2): Dropout(p=0.1, inplace=False)
    (3): Linear(in_features=128, out_features=1, bias=True)
  )
  (loss_fct): BPRLoss()
)
Trainable parameters: 347779
Mon 26 Jan 2026 12:59:32 INFO  FLOPs: 2014656.0
Mon 26 Jan 2026 13:01:14 INFO  epoch 0 training [time: 99.73s, train loss: 249.5548]
Mon 26 Jan 2026 13:01:26 INFO  epoch 0 evaluating [time: 12.28s, valid_score: 0.132200]
Mon 26 Jan 2026 13:01:26 INFO  valid result: 
hit@10 : 0.3552    ndcg@10 : 0.1839    mrr@10 : 0.1322
Mon 26 Jan 2026 13:01:26 INFO  Saving current: saved\LICRec-Jan-26-2026_12-59-32.pth
Mon 26 Jan 2026 13:03:01 INFO  epoch 1 training [time: 94.78s, train loss: 169.4638]
Mon 26 Jan 2026 13:03:13 INFO  epoch 1 evaluating [time: 12.56s, valid_score: 0.178000]
Mon 26 Jan 2026 13:03:13 INFO  valid result: 
hit@10 : 0.4305    ndcg@10 : 0.2368    mrr@10 : 0.178
Mon 26 Jan 2026 13:03:13 INFO  Saving current: saved\LICRec-Jan-26-2026_12-59-32.pth
Mon 26 Jan 2026 13:04:53 INFO  epoch 2 training [time: 100.05s, train loss: 142.9580]
Mon 26 Jan 2026 13:05:05 INFO  epoch 2 evaluating [time: 12.04s, valid_score: 0.185100]
Mon 26 Jan 2026 13:05:05 INFO  valid result: 
hit@10 : 0.4645    ndcg@10 : 0.2502    mrr@10 : 0.1851
Mon 26 Jan 2026 13:05:05 INFO  Saving current: saved\LICRec-Jan-26-2026_12-59-32.pth
Mon 26 Jan 2026 13:06:51 INFO  epoch 3 training [time: 105.26s, train loss: 128.8450]
Mon 26 Jan 2026 13:07:05 INFO  epoch 3 evaluating [time: 14.75s, valid_score: 0.194700]
Mon 26 Jan 2026 13:07:05 INFO  valid result: 
hit@10 : 0.4825    ndcg@10 : 0.2619    mrr@10 : 0.1947
Mon 26 Jan 2026 13:07:05 INFO  Saving current: saved\LICRec-Jan-26-2026_12-59-32.pth
Mon 26 Jan 2026 13:08:46 INFO  epoch 4 training [time: 101.03s, train loss: 119.1695]
Mon 26 Jan 2026 13:08:59 INFO  epoch 4 evaluating [time: 12.71s, valid_score: 0.206800]
Mon 26 Jan 2026 13:08:59 INFO  valid result: 
hit@10 : 0.5122    ndcg@10 : 0.2783    mrr@10 : 0.2068
Mon 26 Jan 2026 13:08:59 INFO  Saving current: saved\LICRec-Jan-26-2026_12-59-32.pth
Mon 26 Jan 2026 13:10:38 INFO  epoch 5 training [time: 99.23s, train loss: 111.8518]
Mon 26 Jan 2026 13:10:50 INFO  epoch 5 evaluating [time: 11.97s, valid_score: 0.219800]
Mon 26 Jan 2026 13:10:50 INFO  valid result: 
hit@10 : 0.5175    ndcg@10 : 0.2897    mrr@10 : 0.2198
Mon 26 Jan 2026 13:10:50 INFO  Saving current: saved\LICRec-Jan-26-2026_12-59-32.pth
Mon 26 Jan 2026 13:12:28 INFO  epoch 6 training [time: 98.12s, train loss: 104.7517]
Mon 26 Jan 2026 13:12:41 INFO  epoch 6 evaluating [time: 12.54s, valid_score: 0.230500]
Mon 26 Jan 2026 13:12:41 INFO  valid result: 
hit@10 : 0.5408    ndcg@10 : 0.3029    mrr@10 : 0.2305
Mon 26 Jan 2026 13:12:41 INFO  Saving current: saved\LICRec-Jan-26-2026_12-59-32.pth
Mon 26 Jan 2026 13:14:14 INFO  epoch 7 training [time: 92.77s, train loss: 100.0380]
Mon 26 Jan 2026 13:14:26 INFO  epoch 7 evaluating [time: 12.50s, valid_score: 0.236000]
Mon 26 Jan 2026 13:14:26 INFO  valid result: 
hit@10 : 0.5366    ndcg@10 : 0.3067    mrr@10 : 0.236
Mon 26 Jan 2026 13:14:26 INFO  Saving current: saved\LICRec-Jan-26-2026_12-59-32.pth
Mon 26 Jan 2026 13:16:07 INFO  epoch 8 training [time: 100.73s, train loss: 95.0350]
Mon 26 Jan 2026 13:16:20 INFO  epoch 8 evaluating [time: 12.79s, valid_score: 0.223900]
Mon 26 Jan 2026 13:16:20 INFO  valid result: 
hit@10 : 0.5514    ndcg@10 : 0.3007    mrr@10 : 0.2239
Mon 26 Jan 2026 13:18:01 INFO  epoch 9 training [time: 100.66s, train loss: 90.6621]
Mon 26 Jan 2026 13:18:14 INFO  epoch 9 evaluating [time: 13.12s, valid_score: 0.240300]
Mon 26 Jan 2026 13:18:14 INFO  valid result: 
hit@10 : 0.5599    ndcg@10 : 0.3154    mrr@10 : 0.2403
Mon 26 Jan 2026 13:18:14 INFO  Saving current: saved\LICRec-Jan-26-2026_12-59-32.pth
Mon 26 Jan 2026 13:19:58 INFO  epoch 10 training [time: 104.36s, train loss: 88.5432]
Mon 26 Jan 2026 13:20:13 INFO  epoch 10 evaluating [time: 14.85s, valid_score: 0.242100]
Mon 26 Jan 2026 13:20:13 INFO  valid result: 
hit@10 : 0.5472    ndcg@10 : 0.3137    mrr@10 : 0.2421
Mon 26 Jan 2026 13:20:13 INFO  Saving current: saved\LICRec-Jan-26-2026_12-59-32.pth
Mon 26 Jan 2026 13:21:55 INFO  epoch 11 training [time: 102.18s, train loss: 87.1013]
Mon 26 Jan 2026 13:22:08 INFO  epoch 11 evaluating [time: 13.32s, valid_score: 0.250500]
Mon 26 Jan 2026 13:22:08 INFO  valid result: 
hit@10 : 0.5716    ndcg@10 : 0.3259    mrr@10 : 0.2505
Mon 26 Jan 2026 13:22:08 INFO  Saving current: saved\LICRec-Jan-26-2026_12-59-32.pth
Mon 26 Jan 2026 13:23:53 INFO  epoch 12 training [time: 104.44s, train loss: 83.5434]
Mon 26 Jan 2026 13:24:08 INFO  epoch 12 evaluating [time: 15.50s, valid_score: 0.238600]
Mon 26 Jan 2026 13:24:08 INFO  valid result: 
hit@10 : 0.5695    ndcg@10 : 0.3161    mrr@10 : 0.2386
Mon 26 Jan 2026 13:25:49 INFO  epoch 13 training [time: 100.99s, train loss: 81.2043]
Mon 26 Jan 2026 13:26:01 INFO  epoch 13 evaluating [time: 11.68s, valid_score: 0.245900]
Mon 26 Jan 2026 13:26:01 INFO  valid result: 
hit@10 : 0.5642    ndcg@10 : 0.3209    mrr@10 : 0.2459
Mon 26 Jan 2026 13:27:38 INFO  epoch 14 training [time: 97.14s, train loss: 78.4655]
Mon 26 Jan 2026 13:27:52 INFO  epoch 14 evaluating [time: 14.07s, valid_score: 0.251100]
Mon 26 Jan 2026 13:27:52 INFO  valid result: 
hit@10 : 0.5642    ndcg@10 : 0.3242    mrr@10 : 0.2511
Mon 26 Jan 2026 13:27:52 INFO  Saving current: saved\LICRec-Jan-26-2026_12-59-32.pth
Mon 26 Jan 2026 13:29:31 INFO  epoch 15 training [time: 98.71s, train loss: 76.8685]
Mon 26 Jan 2026 13:29:44 INFO  epoch 15 evaluating [time: 13.36s, valid_score: 0.259400]
Mon 26 Jan 2026 13:29:44 INFO  valid result: 
hit@10 : 0.5843    ndcg@10 : 0.3353    mrr@10 : 0.2594
Mon 26 Jan 2026 13:29:44 INFO  Saving current: saved\LICRec-Jan-26-2026_12-59-32.pth
Mon 26 Jan 2026 13:31:23 INFO  epoch 16 training [time: 98.25s, train loss: 75.6920]
Mon 26 Jan 2026 13:31:36 INFO  epoch 16 evaluating [time: 13.17s, valid_score: 0.259100]
Mon 26 Jan 2026 13:31:36 INFO  valid result: 
hit@10 : 0.5811    ndcg@10 : 0.3346    mrr@10 : 0.2591
Mon 26 Jan 2026 13:33:17 INFO  epoch 17 training [time: 101.59s, train loss: 73.2481]
Mon 26 Jan 2026 13:33:31 INFO  epoch 17 evaluating [time: 13.63s, valid_score: 0.253000]
Mon 26 Jan 2026 13:33:31 INFO  valid result: 
hit@10 : 0.5652    ndcg@10 : 0.3268    mrr@10 : 0.253
Mon 26 Jan 2026 13:35:11 INFO  epoch 18 training [time: 100.21s, train loss: 71.1006]
Mon 26 Jan 2026 13:35:24 INFO  epoch 18 evaluating [time: 12.83s, valid_score: 0.263400]
Mon 26 Jan 2026 13:35:24 INFO  valid result: 
hit@10 : 0.5896    ndcg@10 : 0.34    mrr@10 : 0.2634
Mon 26 Jan 2026 13:35:24 INFO  Saving current: saved\LICRec-Jan-26-2026_12-59-32.pth
Mon 26 Jan 2026 13:37:09 INFO  epoch 19 training [time: 105.00s, train loss: 70.4843]
Mon 26 Jan 2026 13:37:21 INFO  epoch 19 evaluating [time: 11.91s, valid_score: 0.262400]
Mon 26 Jan 2026 13:37:21 INFO  valid result: 
hit@10 : 0.5864    ndcg@10 : 0.3387    mrr@10 : 0.2624
Mon 26 Jan 2026 13:38:58 INFO  epoch 20 training [time: 97.30s, train loss: 68.5123]
Mon 26 Jan 2026 13:39:11 INFO  epoch 20 evaluating [time: 12.58s, valid_score: 0.263600]
Mon 26 Jan 2026 13:39:11 INFO  valid result: 
hit@10 : 0.5981    ndcg@10 : 0.3421    mrr@10 : 0.2636
Mon 26 Jan 2026 13:39:11 INFO  Saving current: saved\LICRec-Jan-26-2026_12-59-32.pth
Mon 26 Jan 2026 13:40:49 INFO  epoch 21 training [time: 98.10s, train loss: 68.8001]
Mon 26 Jan 2026 13:41:01 INFO  epoch 21 evaluating [time: 12.51s, valid_score: 0.261900]
Mon 26 Jan 2026 13:41:01 INFO  valid result: 
hit@10 : 0.5854    ndcg@10 : 0.3375    mrr@10 : 0.2619
Mon 26 Jan 2026 13:42:37 INFO  epoch 22 training [time: 95.73s, train loss: 67.0866]
Mon 26 Jan 2026 13:42:50 INFO  epoch 22 evaluating [time: 13.13s, valid_score: 0.269300]
Mon 26 Jan 2026 13:42:50 INFO  valid result: 
hit@10 : 0.5875    ndcg@10 : 0.3441    mrr@10 : 0.2693
Mon 26 Jan 2026 13:42:50 INFO  Saving current: saved\LICRec-Jan-26-2026_12-59-32.pth
Mon 26 Jan 2026 13:44:32 INFO  epoch 23 training [time: 101.20s, train loss: 65.0997]
Mon 26 Jan 2026 13:44:43 INFO  epoch 23 evaluating [time: 11.72s, valid_score: 0.259000]
Mon 26 Jan 2026 13:44:43 INFO  valid result: 
hit@10 : 0.5854    ndcg@10 : 0.3356    mrr@10 : 0.259
Mon 26 Jan 2026 13:46:23 INFO  epoch 24 training [time: 99.87s, train loss: 65.8521]
Mon 26 Jan 2026 13:46:36 INFO  epoch 24 evaluating [time: 12.85s, valid_score: 0.253700]
Mon 26 Jan 2026 13:46:36 INFO  valid result: 
hit@10 : 0.5822    ndcg@10 : 0.331    mrr@10 : 0.2537
Mon 26 Jan 2026 13:48:19 INFO  epoch 25 training [time: 102.60s, train loss: 64.6247]
Mon 26 Jan 2026 13:48:31 INFO  epoch 25 evaluating [time: 12.12s, valid_score: 0.265900]
Mon 26 Jan 2026 13:48:31 INFO  valid result: 
hit@10 : 0.6002    ndcg@10 : 0.3441    mrr@10 : 0.2659
Mon 26 Jan 2026 13:50:10 INFO  epoch 26 training [time: 98.86s, train loss: 63.4144]
Mon 26 Jan 2026 13:50:22 INFO  epoch 26 evaluating [time: 12.29s, valid_score: 0.270200]
Mon 26 Jan 2026 13:50:22 INFO  valid result: 
hit@10 : 0.5769    ndcg@10 : 0.3424    mrr@10 : 0.2702
Mon 26 Jan 2026 13:50:22 INFO  Saving current: saved\LICRec-Jan-26-2026_12-59-32.pth
Mon 26 Jan 2026 13:52:10 INFO  epoch 27 training [time: 107.81s, train loss: 62.3546]
Mon 26 Jan 2026 13:52:27 INFO  epoch 27 evaluating [time: 17.81s, valid_score: 0.267300]
Mon 26 Jan 2026 13:52:27 INFO  valid result: 
hit@10 : 0.596    ndcg@10 : 0.3447    mrr@10 : 0.2673
Mon 26 Jan 2026 13:54:19 INFO  epoch 28 training [time: 111.37s, train loss: 60.7485]
Mon 26 Jan 2026 13:54:35 INFO  epoch 28 evaluating [time: 16.54s, valid_score: 0.278500]
Mon 26 Jan 2026 13:54:35 INFO  valid result: 
hit@10 : 0.5928    ndcg@10 : 0.3524    mrr@10 : 0.2785
Mon 26 Jan 2026 13:54:35 INFO  Saving current: saved\LICRec-Jan-26-2026_12-59-32.pth
Mon 26 Jan 2026 13:56:29 INFO  epoch 29 training [time: 113.47s, train loss: 60.9248]
Mon 26 Jan 2026 13:56:41 INFO  epoch 29 evaluating [time: 12.14s, valid_score: 0.278900]
Mon 26 Jan 2026 13:56:41 INFO  valid result: 
hit@10 : 0.6023    ndcg@10 : 0.3549    mrr@10 : 0.2789
Mon 26 Jan 2026 13:56:41 INFO  Saving current: saved\LICRec-Jan-26-2026_12-59-32.pth
Mon 26 Jan 2026 13:58:19 INFO  epoch 30 training [time: 97.67s, train loss: 59.7109]
Mon 26 Jan 2026 13:58:30 INFO  epoch 30 evaluating [time: 11.56s, valid_score: 0.278900]
Mon 26 Jan 2026 13:58:30 INFO  valid result: 
hit@10 : 0.6066    ndcg@10 : 0.356    mrr@10 : 0.2789
Mon 26 Jan 2026 13:58:30 INFO  Saving current: saved\LICRec-Jan-26-2026_12-59-32.pth
Mon 26 Jan 2026 14:00:10 INFO  epoch 31 training [time: 100.11s, train loss: 58.6545]
Mon 26 Jan 2026 14:00:22 INFO  epoch 31 evaluating [time: 12.01s, valid_score: 0.289200]
Mon 26 Jan 2026 14:00:22 INFO  valid result: 
hit@10 : 0.6151    ndcg@10 : 0.3659    mrr@10 : 0.2892
Mon 26 Jan 2026 14:00:22 INFO  Saving current: saved\LICRec-Jan-26-2026_12-59-32.pth
Mon 26 Jan 2026 14:02:01 INFO  epoch 32 training [time: 98.83s, train loss: 57.8228]
Mon 26 Jan 2026 14:02:14 INFO  epoch 32 evaluating [time: 13.28s, valid_score: 0.274200]
Mon 26 Jan 2026 14:02:14 INFO  valid result: 
hit@10 : 0.6204    ndcg@10 : 0.3556    mrr@10 : 0.2742
Mon 26 Jan 2026 14:03:55 INFO  epoch 33 training [time: 100.86s, train loss: 57.8214]
Mon 26 Jan 2026 14:04:11 INFO  epoch 33 evaluating [time: 15.19s, valid_score: 0.282400]
Mon 26 Jan 2026 14:04:11 INFO  valid result: 
hit@10 : 0.6087    ndcg@10 : 0.359    mrr@10 : 0.2824
Mon 26 Jan 2026 14:05:49 INFO  epoch 34 training [time: 98.86s, train loss: 57.0740]
Mon 26 Jan 2026 14:06:01 INFO  epoch 34 evaluating [time: 11.71s, valid_score: 0.273100]
Mon 26 Jan 2026 14:06:01 INFO  valid result: 
hit@10 : 0.6002    ndcg@10 : 0.3501    mrr@10 : 0.2731
Mon 26 Jan 2026 14:07:51 INFO  epoch 35 training [time: 109.81s, train loss: 56.8235]
Mon 26 Jan 2026 14:08:07 INFO  epoch 35 evaluating [time: 15.83s, valid_score: 0.279000]
Mon 26 Jan 2026 14:08:07 INFO  valid result: 
hit@10 : 0.597    ndcg@10 : 0.354    mrr@10 : 0.279
Mon 26 Jan 2026 14:09:55 INFO  epoch 36 training [time: 107.75s, train loss: 56.1967]
Mon 26 Jan 2026 14:10:08 INFO  epoch 36 evaluating [time: 13.43s, valid_score: 0.271700]
Mon 26 Jan 2026 14:10:08 INFO  valid result: 
hit@10 : 0.6087    ndcg@10 : 0.3509    mrr@10 : 0.2717
Mon 26 Jan 2026 14:11:54 INFO  epoch 37 training [time: 105.77s, train loss: 55.0071]
Mon 26 Jan 2026 14:12:08 INFO  epoch 37 evaluating [time: 14.70s, valid_score: 0.272900]
Mon 26 Jan 2026 14:12:08 INFO  valid result: 
hit@10 : 0.6066    ndcg@10 : 0.3515    mrr@10 : 0.2729
Mon 26 Jan 2026 14:13:53 INFO  epoch 38 training [time: 104.77s, train loss: 54.9589]
Mon 26 Jan 2026 14:14:06 INFO  epoch 38 evaluating [time: 12.93s, valid_score: 0.271300]
Mon 26 Jan 2026 14:14:06 INFO  valid result: 
hit@10 : 0.6023    ndcg@10 : 0.3492    mrr@10 : 0.2713
Mon 26 Jan 2026 14:15:51 INFO  epoch 39 training [time: 104.46s, train loss: 54.4159]
Mon 26 Jan 2026 14:16:04 INFO  epoch 39 evaluating [time: 13.33s, valid_score: 0.276400]
Mon 26 Jan 2026 14:16:04 INFO  valid result: 
hit@10 : 0.6098    ndcg@10 : 0.3548    mrr@10 : 0.2764
Mon 26 Jan 2026 14:17:39 INFO  epoch 40 training [time: 94.70s, train loss: 53.2866]
Mon 26 Jan 2026 14:17:50 INFO  epoch 40 evaluating [time: 11.74s, valid_score: 0.281500]
Mon 26 Jan 2026 14:17:50 INFO  valid result: 
hit@10 : 0.6098    ndcg@10 : 0.3586    mrr@10 : 0.2815
Mon 26 Jan 2026 14:19:26 INFO  epoch 41 training [time: 95.90s, train loss: 53.9199]
Mon 26 Jan 2026 14:19:39 INFO  epoch 41 evaluating [time: 12.36s, valid_score: 0.272900]
Mon 26 Jan 2026 14:19:39 INFO  valid result: 
hit@10 : 0.6151    ndcg@10 : 0.353    mrr@10 : 0.2729
Mon 26 Jan 2026 14:21:23 INFO  epoch 42 training [time: 104.49s, train loss: 52.9228]
Mon 26 Jan 2026 14:21:36 INFO  epoch 42 evaluating [time: 13.13s, valid_score: 0.273200]
Mon 26 Jan 2026 14:21:36 INFO  valid result: 
hit@10 : 0.6045    ndcg@10 : 0.3513    mrr@10 : 0.2732
Mon 26 Jan 2026 14:21:36 INFO  Finished training, best eval result in epoch 31
Mon 26 Jan 2026 14:21:36 INFO  Loading model structure and parameters from saved\LICRec-Jan-26-2026_12-59-32.pth
Mon 26 Jan 2026 14:21:51 INFO  The running environment of this training is as follows:
+-------------+----------------+
| Environment |     Usage      |
+=============+================+
| CPU         |     9.30 %     |
+-------------+----------------+
| GPU         | 0.08 G/6.00 G  |
+-------------+----------------+
| Memory      | 0.40 G/15.63 G |
+-------------+----------------+
Mon 26 Jan 2026 14:21:51 INFO  best valid : OrderedDict([('hit@10', 0.6151), ('ndcg@10', 0.3659), ('mrr@10', 0.2892)])
Mon 26 Jan 2026 14:21:51 INFO  test result: OrderedDict([('hit@10', 0.5419), ('ndcg@10', 0.3171), ('mrr@10', 0.2477)])
