Mon 09 Feb 2026 17:30:20 INFO  ['F:\\桌面\\recommendation_system\\scripts\\run_grid.py', '--models', 'timeweaver', '--datasets', 'ml-100k', '--seeds', '42', '--device', 'gpu', '--timeweaver-variant', 'base', '--tag', 'e0p1_k7_d0p2_l1_f512_b1000', '--output', 'results/run_grid_timeweaver_tune.json', '--tw-ema-decay', '0.1', '--tw-tcn-kernel', '7', '--tw-hidden-dropout', '0.2', '--tw-num-layers', '1', '--tw-ffn-hidden', '512', '--tw-time-bucket', '1000']
Mon 09 Feb 2026 17:30:20 INFO  
General Hyper Parameters:
gpu_id = 0
use_gpu = True
seed = 42
state = INFO
reproducibility = True
data_path = F:\anaconda3\envs\rec39\Lib\site-packages\recbole\config\../dataset_example/ml-100k
checkpoint_dir = saved
show_progress = True
save_dataset = False
dataset_save_path = None
save_dataloaders = False
dataloaders_save_path = None
log_wandb = False

Training Hyper Parameters:
epochs = 100
train_batch_size = 256
learner = adam
learning_rate = 0.001
train_neg_sample_args = {'distribution': 'none', 'sample_num': 'none', 'alpha': 'none', 'dynamic': False, 'candidate_num': 0}
eval_step = 1
stopping_step = 10
clip_grad_norm = None
weight_decay = 0.0
loss_decimal_place = 4

Evaluation Hyper Parameters:
eval_args = {'split': {'LS': 'valid_and_test'}, 'order': 'TO', 'group_by': 'user', 'mode': {'valid': 'uni100', 'test': 'uni100'}}
repeatable = True
metrics = ['Hit', 'NDCG', 'MRR']
topk = [10]
valid_metric = MRR@10
valid_metric_bigger = True
eval_batch_size = 512
metric_decimal_place = 4

Dataset Hyper Parameters:
field_separator = 	
seq_separator =  
USER_ID_FIELD = user_id
ITEM_ID_FIELD = item_id
RATING_FIELD = rating
TIME_FIELD = timestamp
seq_len = None
LABEL_FIELD = label
threshold = None
NEG_PREFIX = neg_
load_col = {'inter': ['user_id', 'item_id', 'rating', 'timestamp'], 'user': ['user_id', 'age', 'gender', 'occupation', 'zip_code'], 'item': ['item_id', 'movie_title', 'release_year', 'class']}
unload_col = None
unused_col = None
additional_feat_suffix = None
rm_dup_inter = None
val_interval = None
filter_inter_by_user_or_item = True
user_inter_num_interval = None
item_inter_num_interval = None
alias_of_user_id = None
alias_of_item_id = None
alias_of_entity_id = None
alias_of_relation_id = None
preload_weight = None
normalize_field = None
normalize_all = True
ITEM_LIST_LENGTH_FIELD = item_length
LIST_SUFFIX = _list
MAX_ITEM_LIST_LENGTH = 32
POSITION_FIELD = position_id
HEAD_ENTITY_ID_FIELD = head_id
TAIL_ENTITY_ID_FIELD = tail_id
RELATION_ID_FIELD = relation_id
ENTITY_ID_FIELD = entity_id
kg_reverse_r = False
entity_kg_num_interval = None
relation_kg_num_interval = None
benchmark_filename = None

Other Hyper Parameters: 
worker = 0
wandb_project = recbole
shuffle = True
require_pow = False
enable_amp = False
enable_scaler = False
transform = None
numerical_features = []
discretization = None
MODEL_TYPE = ModelType.SEQUENTIAL
model_name = TimeWeaver
hidden_size = 64
num_layers = 1
hidden_dropout_prob = 0.2
initializer_range = 0.02
time_bucket_size = 1000
ema_decay = 0.1
tcn_kernel_size = 7
ffn_hidden_size = 512
loss_type = CE
early_stop = 10
neg_sampling = None
device = cuda
use_continuous_time = False
use_time_gate = False
use_time_augmentation = False
MODEL_INPUT_TYPE = InputType.POINTWISE
eval_type = EvaluatorType.RANKING
single_spec = True
local_rank = 0
valid_neg_sample_args = {'distribution': 'uniform', 'sample_num': 100}
test_neg_sample_args = {'distribution': 'uniform', 'sample_num': 100}


Mon 09 Feb 2026 17:30:20 INFO  ml-100k
The number of users: 944
Average actions of users: 106.04453870625663
The number of items: 1683
Average actions of items: 59.45303210463734
The number of inters: 100000
The sparsity of the dataset: 93.70575143257098%
Remain Fields: ['user_id', 'item_id', 'rating', 'timestamp', 'age', 'gender', 'occupation', 'zip_code', 'movie_title', 'release_year', 'class']
Mon 09 Feb 2026 17:30:22 INFO  [Training]: train_batch_size = [256] train_neg_sample_args: [{'distribution': 'none', 'sample_num': 'none', 'alpha': 'none', 'dynamic': False, 'candidate_num': 0}]
Mon 09 Feb 2026 17:30:22 INFO  [Evaluation]: eval_batch_size = [512] eval_args: [{'split': {'LS': 'valid_and_test'}, 'order': 'TO', 'group_by': 'user', 'mode': {'valid': 'uni100', 'test': 'uni100'}}]
Mon 09 Feb 2026 17:30:22 INFO  TimeWeaver(
  (item_embedding): Embedding(1683, 64, padding_idx=0)
  (time_aug): TimeAwareAugmentation(
    (pos_embedding): Embedding(32, 64)
    (time_embedding): Embedding(1000, 64)
    (layer_norm): LayerNorm((64,), eps=1e-05, elementwise_affine=True)
    (drop): Dropout(p=0.2, inplace=False)
  )
  (context_layers): ModuleList(
    (0): TCNNextBlock(
      (dw): DepthwiseConv1d(
        (conv): Conv1d(64, 64, kernel_size=(7,), stride=(1,), padding=(3,), groups=64)
        (bn): BatchNorm1d(64, eps=1e-05, momentum=0.1, affine=True, track_running_stats=True)
        (drop): Dropout(p=0.2, inplace=False)
      )
      (norm1): LayerNorm((64,), eps=1e-05, elementwise_affine=True)
      (conv_inter): ParallelConvInter(
        (conv1): Conv1d(64, 64, kernel_size=(1,), stride=(1,))
        (conv3): Conv1d(64, 64, kernel_size=(3,), stride=(1,), padding=(1,))
        (proj): Conv1d(64, 64, kernel_size=(1,), stride=(1,))
        (drop): Dropout(p=0.2, inplace=False)
      )
      (norm2): LayerNorm((64,), eps=1e-05, elementwise_affine=True)
      (ffn): Sequential(
        (0): Linear(in_features=64, out_features=512, bias=True)
        (1): GELU(approximate='none')
        (2): Dropout(p=0.2, inplace=False)
        (3): Linear(in_features=512, out_features=64, bias=True)
        (4): Dropout(p=0.2, inplace=False)
      )
      (norm3): LayerNorm((64,), eps=1e-05, elementwise_affine=True)
    )
  )
  (dynamic_layers): ModuleList(
    (0): EMAStream(
      (proj): Linear(in_features=64, out_features=64, bias=True)
    )
  )
  (weavers): ModuleList(
    (0): StreamWeaver(
      (proj): Linear(in_features=128, out_features=64, bias=True)
      (norm): LayerNorm((64,), eps=1e-05, elementwise_affine=True)
    )
  )
  (loss_fct): CrossEntropyLoss()
)
Trainable parameters: 274241.0
Mon 09 Feb 2026 17:30:22 INFO  FLOPs: 3194880.0
Mon 09 Feb 2026 17:30:42 INFO  epoch 0 training [time: 18.65s, train loss: 2420.5160]
Mon 09 Feb 2026 17:30:44 INFO  epoch 0 evaluating [time: 1.78s, valid_score: 0.277100]
Mon 09 Feb 2026 17:30:44 INFO  valid result: 
hit@10 : 0.6617    ndcg@10 : 0.3671    mrr@10 : 0.2771
Mon 09 Feb 2026 17:30:44 INFO  Saving current: saved\TimeWeaver-Feb-09-2026_17-30-22.pth
Mon 09 Feb 2026 17:31:03 INFO  epoch 1 training [time: 18.81s, train loss: 2232.4883]
Mon 09 Feb 2026 17:31:04 INFO  epoch 1 evaluating [time: 1.83s, valid_score: 0.326400]
Mon 09 Feb 2026 17:31:04 INFO  valid result: 
hit@10 : 0.7052    ndcg@10 : 0.4157    mrr@10 : 0.3264
Mon 09 Feb 2026 17:31:04 INFO  Saving current: saved\TimeWeaver-Feb-09-2026_17-30-22.pth
Mon 09 Feb 2026 17:31:24 INFO  epoch 2 training [time: 20.01s, train loss: 2184.9405]
Mon 09 Feb 2026 17:31:26 INFO  epoch 2 evaluating [time: 1.85s, valid_score: 0.346400]
Mon 09 Feb 2026 17:31:26 INFO  valid result: 
hit@10 : 0.7126    ndcg@10 : 0.4327    mrr@10 : 0.3464
Mon 09 Feb 2026 17:31:26 INFO  Saving current: saved\TimeWeaver-Feb-09-2026_17-30-22.pth
Mon 09 Feb 2026 17:31:46 INFO  epoch 3 training [time: 19.77s, train loss: 2157.6034]
Mon 09 Feb 2026 17:31:48 INFO  epoch 3 evaluating [time: 1.90s, valid_score: 0.339000]
Mon 09 Feb 2026 17:31:48 INFO  valid result: 
hit@10 : 0.7317    ndcg@10 : 0.4316    mrr@10 : 0.339
Mon 09 Feb 2026 17:32:07 INFO  epoch 4 training [time: 19.30s, train loss: 2138.7940]
Mon 09 Feb 2026 17:32:09 INFO  epoch 4 evaluating [time: 1.74s, valid_score: 0.352300]
Mon 09 Feb 2026 17:32:09 INFO  valid result: 
hit@10 : 0.7391    ndcg@10 : 0.4435    mrr@10 : 0.3523
Mon 09 Feb 2026 17:32:09 INFO  Saving current: saved\TimeWeaver-Feb-09-2026_17-30-22.pth
Mon 09 Feb 2026 17:32:28 INFO  epoch 5 training [time: 18.62s, train loss: 2122.8926]
Mon 09 Feb 2026 17:32:29 INFO  epoch 5 evaluating [time: 1.73s, valid_score: 0.343800]
Mon 09 Feb 2026 17:32:29 INFO  valid result: 
hit@10 : 0.7296    ndcg@10 : 0.4353    mrr@10 : 0.3438
Mon 09 Feb 2026 17:32:48 INFO  epoch 6 training [time: 19.10s, train loss: 2108.4897]
Mon 09 Feb 2026 17:32:50 INFO  epoch 6 evaluating [time: 1.85s, valid_score: 0.337300]
Mon 09 Feb 2026 17:32:50 INFO  valid result: 
hit@10 : 0.7222    ndcg@10 : 0.4286    mrr@10 : 0.3373
Mon 09 Feb 2026 17:33:09 INFO  epoch 7 training [time: 19.17s, train loss: 2096.6937]
Mon 09 Feb 2026 17:33:11 INFO  epoch 7 evaluating [time: 1.75s, valid_score: 0.357700]
Mon 09 Feb 2026 17:33:11 INFO  valid result: 
hit@10 : 0.7328    ndcg@10 : 0.4466    mrr@10 : 0.3577
Mon 09 Feb 2026 17:33:11 INFO  Saving current: saved\TimeWeaver-Feb-09-2026_17-30-22.pth
Mon 09 Feb 2026 17:33:30 INFO  epoch 8 training [time: 18.65s, train loss: 2087.3541]
Mon 09 Feb 2026 17:33:32 INFO  epoch 8 evaluating [time: 1.76s, valid_score: 0.361200]
Mon 09 Feb 2026 17:33:32 INFO  valid result: 
hit@10 : 0.7243    ndcg@10 : 0.4473    mrr@10 : 0.3612
Mon 09 Feb 2026 17:33:32 INFO  Saving current: saved\TimeWeaver-Feb-09-2026_17-30-22.pth
Mon 09 Feb 2026 17:33:51 INFO  epoch 9 training [time: 19.14s, train loss: 2079.3474]
Mon 09 Feb 2026 17:33:53 INFO  epoch 9 evaluating [time: 1.82s, valid_score: 0.345000]
Mon 09 Feb 2026 17:33:53 INFO  valid result: 
hit@10 : 0.7317    ndcg@10 : 0.4367    mrr@10 : 0.345
Mon 09 Feb 2026 17:34:12 INFO  epoch 10 training [time: 19.24s, train loss: 2071.8945]
Mon 09 Feb 2026 17:34:14 INFO  epoch 10 evaluating [time: 1.82s, valid_score: 0.339700]
Mon 09 Feb 2026 17:34:14 INFO  valid result: 
hit@10 : 0.7222    ndcg@10 : 0.4302    mrr@10 : 0.3397
Mon 09 Feb 2026 17:34:33 INFO  epoch 11 training [time: 19.23s, train loss: 2065.2630]
Mon 09 Feb 2026 17:34:35 INFO  epoch 11 evaluating [time: 1.73s, valid_score: 0.349500]
Mon 09 Feb 2026 17:34:35 INFO  valid result: 
hit@10 : 0.7264    ndcg@10 : 0.4388    mrr@10 : 0.3495
Mon 09 Feb 2026 17:34:53 INFO  epoch 12 training [time: 18.76s, train loss: 2059.0236]
Mon 09 Feb 2026 17:34:55 INFO  epoch 12 evaluating [time: 1.72s, valid_score: 0.352000]
Mon 09 Feb 2026 17:34:55 INFO  valid result: 
hit@10 : 0.72    ndcg@10 : 0.4396    mrr@10 : 0.352
Mon 09 Feb 2026 17:35:14 INFO  epoch 13 training [time: 19.29s, train loss: 2053.5424]
Mon 09 Feb 2026 17:35:16 INFO  epoch 13 evaluating [time: 1.84s, valid_score: 0.350300]
Mon 09 Feb 2026 17:35:16 INFO  valid result: 
hit@10 : 0.72    ndcg@10 : 0.4378    mrr@10 : 0.3503
Mon 09 Feb 2026 17:35:36 INFO  epoch 14 training [time: 19.65s, train loss: 2048.6142]
Mon 09 Feb 2026 17:35:38 INFO  epoch 14 evaluating [time: 1.86s, valid_score: 0.352400]
Mon 09 Feb 2026 17:35:38 INFO  valid result: 
hit@10 : 0.719    ndcg@10 : 0.4391    mrr@10 : 0.3524
Mon 09 Feb 2026 17:35:57 INFO  epoch 15 training [time: 19.54s, train loss: 2042.7814]
Mon 09 Feb 2026 17:35:59 INFO  epoch 15 evaluating [time: 1.88s, valid_score: 0.360700]
Mon 09 Feb 2026 17:35:59 INFO  valid result: 
hit@10 : 0.7222    ndcg@10 : 0.4462    mrr@10 : 0.3607
Mon 09 Feb 2026 17:36:18 INFO  epoch 16 training [time: 18.83s, train loss: 2038.5167]
Mon 09 Feb 2026 17:36:20 INFO  epoch 16 evaluating [time: 1.75s, valid_score: 0.356100]
Mon 09 Feb 2026 17:36:20 INFO  valid result: 
hit@10 : 0.72    ndcg@10 : 0.4421    mrr@10 : 0.3561
Mon 09 Feb 2026 17:36:39 INFO  epoch 17 training [time: 18.84s, train loss: 2033.1438]
Mon 09 Feb 2026 17:36:40 INFO  epoch 17 evaluating [time: 1.87s, valid_score: 0.342500]
Mon 09 Feb 2026 17:36:40 INFO  valid result: 
hit@10 : 0.7211    ndcg@10 : 0.4323    mrr@10 : 0.3425
Mon 09 Feb 2026 17:37:00 INFO  epoch 18 training [time: 19.24s, train loss: 2029.4199]
Mon 09 Feb 2026 17:37:02 INFO  epoch 18 evaluating [time: 1.83s, valid_score: 0.344300]
Mon 09 Feb 2026 17:37:02 INFO  valid result: 
hit@10 : 0.7211    ndcg@10 : 0.433    mrr@10 : 0.3443
Mon 09 Feb 2026 17:37:20 INFO  epoch 19 training [time: 18.67s, train loss: 2025.3434]
Mon 09 Feb 2026 17:37:22 INFO  epoch 19 evaluating [time: 1.75s, valid_score: 0.349600]
Mon 09 Feb 2026 17:37:22 INFO  valid result: 
hit@10 : 0.7253    ndcg@10 : 0.4388    mrr@10 : 0.3496
Mon 09 Feb 2026 17:37:22 INFO  Finished training, best eval result in epoch 8
Mon 09 Feb 2026 17:37:22 INFO  Loading model structure and parameters from saved\TimeWeaver-Feb-09-2026_17-30-22.pth
Mon 09 Feb 2026 17:37:25 INFO  The running environment of this training is as follows:
+-------------+----------------+
| Environment |     Usage      |
+=============+================+
| CPU         |     2.80 %     |
+-------------+----------------+
| GPU         | 0.21 G/6.00 G  |
+-------------+----------------+
| Memory      | 1.53 G/15.63 G |
+-------------+----------------+
Mon 09 Feb 2026 17:37:25 INFO  best valid : OrderedDict([('hit@10', 0.7243), ('ndcg@10', 0.4473), ('mrr@10', 0.3612)])
Mon 09 Feb 2026 17:37:25 INFO  test result: OrderedDict([('hit@10', 0.6978), ('ndcg@10', 0.4131), ('mrr@10', 0.3252)])
