Tue 17 Mar 2026 08:45:06 INFO  ['F:\\桌面\\recommendation_system\\scripts\\run_grid.py', '--models', 'timeweaver', '--datasets', 'amazon-sports-5core-longseq-full', '--seeds', '42,2023,2024', '--device', 'gpu', '--timeweaver-variant', 'aug_only', '--output', 'F:\\桌面\\recommendation_system\\results\\param_sweeps\\timeweaver_param_B1_warmup_ramp.json', '--tag', 'B1_warm0_ramp500', '--skip-if-done', '--tw-time-aug-warmup', '0', '--tw-time-aug-ramp', '500']
Tue 17 Mar 2026 08:45:06 INFO  
General Hyper Parameters:
gpu_id = 0
use_gpu = True
seed = 42
state = INFO
reproducibility = True
data_path = data/amazon\amazon-sports-5core-longseq
checkpoint_dir = saved
show_progress = True
save_dataset = False
dataset_save_path = None
save_dataloaders = False
dataloaders_save_path = None
log_wandb = False

Training Hyper Parameters:
epochs = 100
train_batch_size = 256
learner = adam
learning_rate = 0.001
train_neg_sample_args = {'distribution': 'none', 'sample_num': 'none', 'alpha': 'none', 'dynamic': False, 'candidate_num': 0}
eval_step = 1
stopping_step = 10
clip_grad_norm = None
weight_decay = 0.0
loss_decimal_place = 4

Evaluation Hyper Parameters:
eval_args = {'split': {'LS': 'valid_and_test'}, 'order': 'TO', 'group_by': 'user', 'mode': {'valid': 'full', 'test': 'full'}}
repeatable = True
metrics = ['Hit', 'NDCG', 'MRR']
topk = [10]
valid_metric = Hit@10
valid_metric_bigger = True
eval_batch_size = 512
metric_decimal_place = 4

Dataset Hyper Parameters:
field_separator = 	
seq_separator =  
USER_ID_FIELD = user_id
ITEM_ID_FIELD = item_id
RATING_FIELD = rating
TIME_FIELD = timestamp
seq_len = None
LABEL_FIELD = label
threshold = None
NEG_PREFIX = neg_
load_col = {'inter': ['user_id', 'item_id', 'rating', 'timestamp']}
unload_col = None
unused_col = None
additional_feat_suffix = None
rm_dup_inter = None
val_interval = None
filter_inter_by_user_or_item = True
user_inter_num_interval = [0,inf)
item_inter_num_interval = [0,inf)
alias_of_user_id = None
alias_of_item_id = None
alias_of_entity_id = None
alias_of_relation_id = None
preload_weight = None
normalize_field = None
normalize_all = None
ITEM_LIST_LENGTH_FIELD = item_length
LIST_SUFFIX = _list
MAX_ITEM_LIST_LENGTH = 32
POSITION_FIELD = position_id
HEAD_ENTITY_ID_FIELD = head_id
TAIL_ENTITY_ID_FIELD = tail_id
RELATION_ID_FIELD = relation_id
ENTITY_ID_FIELD = entity_id
benchmark_filename = None

Other Hyper Parameters: 
worker = 0
wandb_project = recbole
shuffle = True
require_pow = False
enable_amp = False
enable_scaler = False
transform = None
numerical_features = []
discretization = None
kg_reverse_r = False
entity_kg_num_interval = [0,inf)
relation_kg_num_interval = [0,inf)
MODEL_TYPE = ModelType.SEQUENTIAL
contrastive_weight = 0.03
contrastive_temp = 0.2
time_aug_prob = 0.15
time_aug_strength = 0.05
model_name = TimeWeaver
hidden_size = 64
num_layers = 2
hidden_dropout_prob = 0.5
initializer_range = 0.02
time_bucket_size = 1000
ema_decay = 0.5
tcn_kernel_size = -1
ffn_hidden_size = 256
loss_type = CE
early_stop = 10
neg_sampling = None
device = cuda
use_continuous_time = False
use_time_gate = False
use_time_augmentation = True
time_aug_warmup_steps = 0
time_aug_ramp_steps = 500
MODEL_INPUT_TYPE = InputType.POINTWISE
eval_type = EvaluatorType.RANKING
single_spec = True
local_rank = 0
valid_neg_sample_args = {'distribution': 'uniform', 'sample_num': 'none'}
test_neg_sample_args = {'distribution': 'uniform', 'sample_num': 'none'}


Tue 17 Mar 2026 08:45:07 INFO  amazon-sports-5core-longseq
The number of users: 2181
Average actions of users: 25.74678899082569
The number of items: 14556
Average actions of items: 3.8562693232566128
The number of inters: 56128
The sparsity of the dataset: 99.82320016520806%
Remain Fields: ['user_id', 'item_id', 'rating', 'timestamp']
Tue 17 Mar 2026 08:45:07 INFO  [Training]: train_batch_size = [256] train_neg_sample_args: [{'distribution': 'none', 'sample_num': 'none', 'alpha': 'none', 'dynamic': False, 'candidate_num': 0}]
Tue 17 Mar 2026 08:45:07 INFO  [Evaluation]: eval_batch_size = [512] eval_args: [{'split': {'LS': 'valid_and_test'}, 'order': 'TO', 'group_by': 'user', 'mode': {'valid': 'full', 'test': 'full'}}]
Tue 17 Mar 2026 08:45:08 INFO  TimeWeaver(
  (item_embedding): Embedding(14556, 64, padding_idx=0)
  (time_aug): TimeAwareAugmentation(
    (pos_embedding): Embedding(32, 64)
    (time_embedding): Embedding(1000, 64)
    (layer_norm): LayerNorm((64,), eps=1e-05, elementwise_affine=True)
    (drop): Dropout(p=0.5, inplace=False)
  )
  (context_layers): ModuleList(
    (0-1): 2 x TCNNextBlock(
      (dw): DepthwiseConv1d(
        (conv): Conv1d(64, 64, kernel_size=(11,), stride=(1,), padding=(5,), groups=64)
        (bn): BatchNorm1d(64, eps=1e-05, momentum=0.1, affine=True, track_running_stats=True)
        (drop): Dropout(p=0.5, inplace=False)
      )
      (norm1): LayerNorm((64,), eps=1e-05, elementwise_affine=True)
      (conv_inter): ParallelConvInter(
        (conv1): Conv1d(64, 64, kernel_size=(1,), stride=(1,))
        (conv3): Conv1d(64, 64, kernel_size=(3,), stride=(1,), padding=(1,))
        (proj): Conv1d(64, 64, kernel_size=(1,), stride=(1,))
        (drop): Dropout(p=0.5, inplace=False)
      )
      (norm2): LayerNorm((64,), eps=1e-05, elementwise_affine=True)
      (ffn): Sequential(
        (0): Linear(in_features=64, out_features=256, bias=True)
        (1): GELU(approximate='none')
        (2): Dropout(p=0.5, inplace=False)
        (3): Linear(in_features=256, out_features=64, bias=True)
        (4): Dropout(p=0.5, inplace=False)
      )
      (norm3): LayerNorm((64,), eps=1e-05, elementwise_affine=True)
    )
  )
  (dynamic_layers): ModuleList(
    (0-1): 2 x EMAStream(
      (proj): Linear(in_features=64, out_features=64, bias=True)
    )
  )
  (weavers): ModuleList(
    (0-1): 2 x StreamWeaver(
      (proj): Linear(in_features=128, out_features=64, bias=True)
      (norm): LayerNorm((64,), eps=1e-05, elementwise_affine=True)
    )
  )
  (loss_fct): CrossEntropyLoss()
)
Trainable parameters: 1132929.0
Tue 17 Mar 2026 08:45:08 INFO  FLOPs: 4298752.0
Tue 17 Mar 2026 08:45:43 INFO  epoch 0 training [time: 32.50s, train loss: 1813.8301]
Tue 17 Mar 2026 08:45:43 INFO  epoch 0 evaluating [time: 0.14s, valid_score: 0.009600]
Tue 17 Mar 2026 08:45:43 INFO  valid result: 
hit@10 : 0.0096    ndcg@10 : 0.0051    mrr@10 : 0.0037
Tue 17 Mar 2026 08:45:43 INFO  Saving current: saved\TimeWeaver-Mar-17-2026_08-45-08.pth
Tue 17 Mar 2026 08:46:16 INFO  epoch 1 training [time: 32.94s, train loss: 1735.4843]
Tue 17 Mar 2026 08:46:16 INFO  epoch 1 evaluating [time: 0.08s, valid_score: 0.018800]
Tue 17 Mar 2026 08:46:16 INFO  valid result: 
hit@10 : 0.0188    ndcg@10 : 0.0086    mrr@10 : 0.0056
Tue 17 Mar 2026 08:46:16 INFO  Saving current: saved\TimeWeaver-Mar-17-2026_08-45-08.pth
Tue 17 Mar 2026 08:46:48 INFO  epoch 2 training [time: 32.65s, train loss: 1666.3022]
Tue 17 Mar 2026 08:46:48 INFO  epoch 2 evaluating [time: 0.09s, valid_score: 0.026100]
Tue 17 Mar 2026 08:46:48 INFO  valid result: 
hit@10 : 0.0261    ndcg@10 : 0.0132    mrr@10 : 0.0093
Tue 17 Mar 2026 08:46:49 INFO  Saving current: saved\TimeWeaver-Mar-17-2026_08-45-08.pth
Tue 17 Mar 2026 08:47:21 INFO  epoch 3 training [time: 32.12s, train loss: 1589.1588]
Tue 17 Mar 2026 08:47:21 INFO  epoch 3 evaluating [time: 0.08s, valid_score: 0.029400]
Tue 17 Mar 2026 08:47:21 INFO  valid result: 
hit@10 : 0.0294    ndcg@10 : 0.0134    mrr@10 : 0.0086
Tue 17 Mar 2026 08:47:21 INFO  Saving current: saved\TimeWeaver-Mar-17-2026_08-45-08.pth
Tue 17 Mar 2026 08:47:56 INFO  epoch 4 training [time: 34.85s, train loss: 1513.6971]
Tue 17 Mar 2026 08:47:56 INFO  epoch 4 evaluating [time: 0.09s, valid_score: 0.030700]
Tue 17 Mar 2026 08:47:56 INFO  valid result: 
hit@10 : 0.0307    ndcg@10 : 0.0135    mrr@10 : 0.0084
Tue 17 Mar 2026 08:47:56 INFO  Saving current: saved\TimeWeaver-Mar-17-2026_08-45-08.pth
Tue 17 Mar 2026 08:48:28 INFO  epoch 5 training [time: 32.72s, train loss: 1441.2049]
Tue 17 Mar 2026 08:48:29 INFO  epoch 5 evaluating [time: 0.08s, valid_score: 0.029800]
Tue 17 Mar 2026 08:48:29 INFO  valid result: 
hit@10 : 0.0298    ndcg@10 : 0.0137    mrr@10 : 0.0088
Tue 17 Mar 2026 08:49:01 INFO  epoch 6 training [time: 32.53s, train loss: 1370.6033]
Tue 17 Mar 2026 08:49:01 INFO  epoch 6 evaluating [time: 0.08s, valid_score: 0.024800]
Tue 17 Mar 2026 08:49:01 INFO  valid result: 
hit@10 : 0.0248    ndcg@10 : 0.0112    mrr@10 : 0.0072
Tue 17 Mar 2026 08:49:34 INFO  epoch 7 training [time: 32.87s, train loss: 1306.1175]
Tue 17 Mar 2026 08:49:34 INFO  epoch 7 evaluating [time: 0.08s, valid_score: 0.028400]
Tue 17 Mar 2026 08:49:34 INFO  valid result: 
hit@10 : 0.0284    ndcg@10 : 0.0131    mrr@10 : 0.0085
Tue 17 Mar 2026 08:50:07 INFO  epoch 8 training [time: 33.01s, train loss: 1246.1822]
Tue 17 Mar 2026 08:50:07 INFO  epoch 8 evaluating [time: 0.09s, valid_score: 0.028900]
Tue 17 Mar 2026 08:50:07 INFO  valid result: 
hit@10 : 0.0289    ndcg@10 : 0.0131    mrr@10 : 0.0083
Tue 17 Mar 2026 08:50:42 INFO  epoch 9 training [time: 34.70s, train loss: 1192.7430]
Tue 17 Mar 2026 08:50:42 INFO  epoch 9 evaluating [time: 0.08s, valid_score: 0.029400]
Tue 17 Mar 2026 08:50:42 INFO  valid result: 
hit@10 : 0.0294    ndcg@10 : 0.0137    mrr@10 : 0.0089
Tue 17 Mar 2026 08:51:18 INFO  epoch 10 training [time: 36.42s, train loss: 1146.4527]
Tue 17 Mar 2026 08:51:18 INFO  epoch 10 evaluating [time: 0.10s, valid_score: 0.029800]
Tue 17 Mar 2026 08:51:18 INFO  valid result: 
hit@10 : 0.0298    ndcg@10 : 0.0142    mrr@10 : 0.0095
Tue 17 Mar 2026 08:51:57 INFO  epoch 11 training [time: 38.10s, train loss: 1108.5020]
Tue 17 Mar 2026 08:51:57 INFO  epoch 11 evaluating [time: 0.10s, valid_score: 0.030300]
Tue 17 Mar 2026 08:51:57 INFO  valid result: 
hit@10 : 0.0303    ndcg@10 : 0.014    mrr@10 : 0.009
Tue 17 Mar 2026 08:52:35 INFO  epoch 12 training [time: 38.26s, train loss: 1072.5623]
Tue 17 Mar 2026 08:52:35 INFO  epoch 12 evaluating [time: 0.09s, valid_score: 0.028000]
Tue 17 Mar 2026 08:52:35 INFO  valid result: 
hit@10 : 0.028    ndcg@10 : 0.0128    mrr@10 : 0.0082
Tue 17 Mar 2026 08:53:14 INFO  epoch 13 training [time: 38.99s, train loss: 1044.2952]
Tue 17 Mar 2026 08:53:14 INFO  epoch 13 evaluating [time: 0.10s, valid_score: 0.030700]
Tue 17 Mar 2026 08:53:14 INFO  valid result: 
hit@10 : 0.0307    ndcg@10 : 0.0142    mrr@10 : 0.0091
Tue 17 Mar 2026 08:53:14 INFO  Saving current: saved\TimeWeaver-Mar-17-2026_08-45-08.pth
Tue 17 Mar 2026 08:53:52 INFO  epoch 14 training [time: 37.89s, train loss: 1014.7865]
Tue 17 Mar 2026 08:53:52 INFO  epoch 14 evaluating [time: 0.09s, valid_score: 0.031200]
Tue 17 Mar 2026 08:53:52 INFO  valid result: 
hit@10 : 0.0312    ndcg@10 : 0.0143    mrr@10 : 0.0091
Tue 17 Mar 2026 08:53:52 INFO  Saving current: saved\TimeWeaver-Mar-17-2026_08-45-08.pth
Tue 17 Mar 2026 08:54:29 INFO  epoch 15 training [time: 36.93s, train loss: 988.1406]
Tue 17 Mar 2026 08:54:29 INFO  epoch 15 evaluating [time: 0.09s, valid_score: 0.029400]
Tue 17 Mar 2026 08:54:29 INFO  valid result: 
hit@10 : 0.0294    ndcg@10 : 0.0135    mrr@10 : 0.0086
Tue 17 Mar 2026 08:55:05 INFO  epoch 16 training [time: 36.05s, train loss: 966.5600]
Tue 17 Mar 2026 08:55:05 INFO  epoch 16 evaluating [time: 0.10s, valid_score: 0.028900]
Tue 17 Mar 2026 08:55:05 INFO  valid result: 
hit@10 : 0.0289    ndcg@10 : 0.0133    mrr@10 : 0.0085
Tue 17 Mar 2026 08:55:42 INFO  epoch 17 training [time: 36.75s, train loss: 944.8343]
Tue 17 Mar 2026 08:55:42 INFO  epoch 17 evaluating [time: 0.08s, valid_score: 0.028900]
Tue 17 Mar 2026 08:55:42 INFO  valid result: 
hit@10 : 0.0289    ndcg@10 : 0.0134    mrr@10 : 0.0086
Tue 17 Mar 2026 08:56:16 INFO  epoch 18 training [time: 34.25s, train loss: 924.4456]
Tue 17 Mar 2026 08:56:17 INFO  epoch 18 evaluating [time: 0.09s, valid_score: 0.028900]
Tue 17 Mar 2026 08:56:17 INFO  valid result: 
hit@10 : 0.0289    ndcg@10 : 0.0137    mrr@10 : 0.0091
Tue 17 Mar 2026 08:56:50 INFO  epoch 19 training [time: 33.24s, train loss: 903.7602]
Tue 17 Mar 2026 08:56:50 INFO  epoch 19 evaluating [time: 0.07s, valid_score: 0.027100]
Tue 17 Mar 2026 08:56:50 INFO  valid result: 
hit@10 : 0.0271    ndcg@10 : 0.0127    mrr@10 : 0.0083
Tue 17 Mar 2026 08:57:23 INFO  epoch 20 training [time: 32.83s, train loss: 887.6534]
Tue 17 Mar 2026 08:57:23 INFO  epoch 20 evaluating [time: 0.08s, valid_score: 0.028900]
Tue 17 Mar 2026 08:57:23 INFO  valid result: 
hit@10 : 0.0289    ndcg@10 : 0.0134    mrr@10 : 0.0087
Tue 17 Mar 2026 08:57:56 INFO  epoch 21 training [time: 32.88s, train loss: 871.4225]
Tue 17 Mar 2026 08:57:56 INFO  epoch 21 evaluating [time: 0.08s, valid_score: 0.026600]
Tue 17 Mar 2026 08:57:56 INFO  valid result: 
hit@10 : 0.0266    ndcg@10 : 0.0121    mrr@10 : 0.0077
Tue 17 Mar 2026 08:58:30 INFO  epoch 22 training [time: 33.93s, train loss: 852.4887]
Tue 17 Mar 2026 08:58:30 INFO  epoch 22 evaluating [time: 0.08s, valid_score: 0.028000]
Tue 17 Mar 2026 08:58:30 INFO  valid result: 
hit@10 : 0.028    ndcg@10 : 0.0129    mrr@10 : 0.0085
Tue 17 Mar 2026 08:59:05 INFO  epoch 23 training [time: 35.67s, train loss: 839.1544]
Tue 17 Mar 2026 08:59:06 INFO  epoch 23 evaluating [time: 0.10s, valid_score: 0.028000]
Tue 17 Mar 2026 08:59:06 INFO  valid result: 
hit@10 : 0.028    ndcg@10 : 0.0138    mrr@10 : 0.0094
Tue 17 Mar 2026 08:59:45 INFO  epoch 24 training [time: 39.72s, train loss: 824.7707]
Tue 17 Mar 2026 08:59:45 INFO  epoch 24 evaluating [time: 0.10s, valid_score: 0.029400]
Tue 17 Mar 2026 08:59:45 INFO  valid result: 
hit@10 : 0.0294    ndcg@10 : 0.0136    mrr@10 : 0.0087
Tue 17 Mar 2026 09:00:24 INFO  epoch 25 training [time: 39.07s, train loss: 812.1348]
Tue 17 Mar 2026 09:00:25 INFO  epoch 25 evaluating [time: 0.10s, valid_score: 0.028000]
Tue 17 Mar 2026 09:00:25 INFO  valid result: 
hit@10 : 0.028    ndcg@10 : 0.0126    mrr@10 : 0.008
Tue 17 Mar 2026 09:00:25 INFO  Finished training, best eval result in epoch 14
Tue 17 Mar 2026 09:00:25 INFO  Loading model structure and parameters from saved\TimeWeaver-Mar-17-2026_08-45-08.pth
Tue 17 Mar 2026 09:00:26 INFO  The running environment of this training is as follows:
+-------------+----------------+
| Environment |     Usage      |
+=============+================+
| CPU         |    10.70 %     |
+-------------+----------------+
| GPU         | 0.41 G/6.00 G  |
+-------------+----------------+
| Memory      | 1.57 G/15.63 G |
+-------------+----------------+
Tue 17 Mar 2026 09:00:26 INFO  best valid : OrderedDict([('hit@10', 0.0312), ('ndcg@10', 0.0143), ('mrr@10', 0.0091)])
Tue 17 Mar 2026 09:00:26 INFO  test result: OrderedDict([('hit@10', 0.022), ('ndcg@10', 0.0112), ('mrr@10', 0.0079)])
Tue 17 Mar 2026 09:00:26 WARNING  command line args [--models timeweaver --datasets amazon-sports-5core-longseq-full --seeds 42,2023,2024 --device gpu --timeweaver-variant aug_only --output F:\桌面\recommendation_system\results\param_sweeps\timeweaver_param_B1_warmup_ramp.json --tag B1_warm0_ramp500 --skip-if-done --tw-time-aug-warmup 0 --tw-time-aug-ramp 500] will not be used in RecBole
Tue 17 Mar 2026 09:00:26 INFO  ['F:\\桌面\\recommendation_system\\scripts\\run_grid.py', '--models', 'timeweaver', '--datasets', 'amazon-sports-5core-longseq-full', '--seeds', '42,2023,2024', '--device', 'gpu', '--timeweaver-variant', 'aug_only', '--output', 'F:\\桌面\\recommendation_system\\results\\param_sweeps\\timeweaver_param_B1_warmup_ramp.json', '--tag', 'B1_warm0_ramp500', '--skip-if-done', '--tw-time-aug-warmup', '0', '--tw-time-aug-ramp', '500']
Tue 17 Mar 2026 09:00:26 INFO  
General Hyper Parameters:
gpu_id = 0
use_gpu = True
seed = 2023
state = INFO
reproducibility = True
data_path = data/amazon\amazon-sports-5core-longseq
checkpoint_dir = saved
show_progress = True
save_dataset = False
dataset_save_path = None
save_dataloaders = False
dataloaders_save_path = None
log_wandb = False

Training Hyper Parameters:
epochs = 100
train_batch_size = 256
learner = adam
learning_rate = 0.001
train_neg_sample_args = {'distribution': 'none', 'sample_num': 'none', 'alpha': 'none', 'dynamic': False, 'candidate_num': 0}
eval_step = 1
stopping_step = 10
clip_grad_norm = None
weight_decay = 0.0
loss_decimal_place = 4

Evaluation Hyper Parameters:
eval_args = {'split': {'LS': 'valid_and_test'}, 'order': 'TO', 'group_by': 'user', 'mode': {'valid': 'full', 'test': 'full'}}
repeatable = True
metrics = ['Hit', 'NDCG', 'MRR']
topk = [10]
valid_metric = Hit@10
valid_metric_bigger = True
eval_batch_size = 512
metric_decimal_place = 4

Dataset Hyper Parameters:
field_separator = 	
seq_separator =  
USER_ID_FIELD = user_id
ITEM_ID_FIELD = item_id
RATING_FIELD = rating
TIME_FIELD = timestamp
seq_len = None
LABEL_FIELD = label
threshold = None
NEG_PREFIX = neg_
load_col = {'inter': ['user_id', 'item_id', 'rating', 'timestamp']}
unload_col = None
unused_col = None
additional_feat_suffix = None
rm_dup_inter = None
val_interval = None
filter_inter_by_user_or_item = True
user_inter_num_interval = [0,inf)
item_inter_num_interval = [0,inf)
alias_of_user_id = None
alias_of_item_id = None
alias_of_entity_id = None
alias_of_relation_id = None
preload_weight = None
normalize_field = None
normalize_all = None
ITEM_LIST_LENGTH_FIELD = item_length
LIST_SUFFIX = _list
MAX_ITEM_LIST_LENGTH = 32
POSITION_FIELD = position_id
HEAD_ENTITY_ID_FIELD = head_id
TAIL_ENTITY_ID_FIELD = tail_id
RELATION_ID_FIELD = relation_id
ENTITY_ID_FIELD = entity_id
benchmark_filename = None

Other Hyper Parameters: 
worker = 0
wandb_project = recbole
shuffle = True
require_pow = False
enable_amp = False
enable_scaler = False
transform = None
numerical_features = []
discretization = None
kg_reverse_r = False
entity_kg_num_interval = [0,inf)
relation_kg_num_interval = [0,inf)
MODEL_TYPE = ModelType.SEQUENTIAL
contrastive_weight = 0.03
contrastive_temp = 0.2
time_aug_prob = 0.15
time_aug_strength = 0.05
model_name = TimeWeaver
hidden_size = 64
num_layers = 2
hidden_dropout_prob = 0.5
initializer_range = 0.02
time_bucket_size = 1000
ema_decay = 0.5
tcn_kernel_size = -1
ffn_hidden_size = 256
loss_type = CE
early_stop = 10
neg_sampling = None
device = cuda
use_continuous_time = False
use_time_gate = False
use_time_augmentation = True
time_aug_warmup_steps = 0
time_aug_ramp_steps = 500
MODEL_INPUT_TYPE = InputType.POINTWISE
eval_type = EvaluatorType.RANKING
single_spec = True
local_rank = 0
valid_neg_sample_args = {'distribution': 'uniform', 'sample_num': 'none'}
test_neg_sample_args = {'distribution': 'uniform', 'sample_num': 'none'}


Tue 17 Mar 2026 09:00:26 INFO  amazon-sports-5core-longseq
The number of users: 2181
Average actions of users: 25.74678899082569
The number of items: 14556
Average actions of items: 3.8562693232566128
The number of inters: 56128
The sparsity of the dataset: 99.82320016520806%
Remain Fields: ['user_id', 'item_id', 'rating', 'timestamp']
Tue 17 Mar 2026 09:00:27 INFO  [Training]: train_batch_size = [256] train_neg_sample_args: [{'distribution': 'none', 'sample_num': 'none', 'alpha': 'none', 'dynamic': False, 'candidate_num': 0}]
Tue 17 Mar 2026 09:00:27 INFO  [Evaluation]: eval_batch_size = [512] eval_args: [{'split': {'LS': 'valid_and_test'}, 'order': 'TO', 'group_by': 'user', 'mode': {'valid': 'full', 'test': 'full'}}]
Tue 17 Mar 2026 09:00:27 INFO  TimeWeaver(
  (item_embedding): Embedding(14556, 64, padding_idx=0)
  (time_aug): TimeAwareAugmentation(
    (pos_embedding): Embedding(32, 64)
    (time_embedding): Embedding(1000, 64)
    (layer_norm): LayerNorm((64,), eps=1e-05, elementwise_affine=True)
    (drop): Dropout(p=0.5, inplace=False)
  )
  (context_layers): ModuleList(
    (0-1): 2 x TCNNextBlock(
      (dw): DepthwiseConv1d(
        (conv): Conv1d(64, 64, kernel_size=(11,), stride=(1,), padding=(5,), groups=64)
        (bn): BatchNorm1d(64, eps=1e-05, momentum=0.1, affine=True, track_running_stats=True)
        (drop): Dropout(p=0.5, inplace=False)
      )
      (norm1): LayerNorm((64,), eps=1e-05, elementwise_affine=True)
      (conv_inter): ParallelConvInter(
        (conv1): Conv1d(64, 64, kernel_size=(1,), stride=(1,))
        (conv3): Conv1d(64, 64, kernel_size=(3,), stride=(1,), padding=(1,))
        (proj): Conv1d(64, 64, kernel_size=(1,), stride=(1,))
        (drop): Dropout(p=0.5, inplace=False)
      )
      (norm2): LayerNorm((64,), eps=1e-05, elementwise_affine=True)
      (ffn): Sequential(
        (0): Linear(in_features=64, out_features=256, bias=True)
        (1): GELU(approximate='none')
        (2): Dropout(p=0.5, inplace=False)
        (3): Linear(in_features=256, out_features=64, bias=True)
        (4): Dropout(p=0.5, inplace=False)
      )
      (norm3): LayerNorm((64,), eps=1e-05, elementwise_affine=True)
    )
  )
  (dynamic_layers): ModuleList(
    (0-1): 2 x EMAStream(
      (proj): Linear(in_features=64, out_features=64, bias=True)
    )
  )
  (weavers): ModuleList(
    (0-1): 2 x StreamWeaver(
      (proj): Linear(in_features=128, out_features=64, bias=True)
      (norm): LayerNorm((64,), eps=1e-05, elementwise_affine=True)
    )
  )
  (loss_fct): CrossEntropyLoss()
)
Trainable parameters: 1132929.0
Tue 17 Mar 2026 09:00:27 INFO  FLOPs: 4298752.0
Tue 17 Mar 2026 09:01:01 INFO  epoch 0 training [time: 34.37s, train loss: 1814.2607]
Tue 17 Mar 2026 09:01:01 INFO  epoch 0 evaluating [time: 0.10s, valid_score: 0.011900]
Tue 17 Mar 2026 09:01:01 INFO  valid result: 
hit@10 : 0.0119    ndcg@10 : 0.0059    mrr@10 : 0.0041
Tue 17 Mar 2026 09:01:01 INFO  Saving current: saved\TimeWeaver-Mar-17-2026_09-00-27.pth
Tue 17 Mar 2026 09:01:39 INFO  epoch 1 training [time: 37.84s, train loss: 1735.1660]
Tue 17 Mar 2026 09:01:39 INFO  epoch 1 evaluating [time: 0.10s, valid_score: 0.017900]
Tue 17 Mar 2026 09:01:39 INFO  valid result: 
hit@10 : 0.0179    ndcg@10 : 0.0087    mrr@10 : 0.006
Tue 17 Mar 2026 09:01:39 INFO  Saving current: saved\TimeWeaver-Mar-17-2026_09-00-27.pth
Tue 17 Mar 2026 09:02:17 INFO  epoch 2 training [time: 38.02s, train loss: 1665.3721]
Tue 17 Mar 2026 09:02:18 INFO  epoch 2 evaluating [time: 0.09s, valid_score: 0.024800]
Tue 17 Mar 2026 09:02:18 INFO  valid result: 
hit@10 : 0.0248    ndcg@10 : 0.012    mrr@10 : 0.0083
Tue 17 Mar 2026 09:02:18 INFO  Saving current: saved\TimeWeaver-Mar-17-2026_09-00-27.pth
Tue 17 Mar 2026 09:02:54 INFO  epoch 3 training [time: 36.20s, train loss: 1590.8050]
Tue 17 Mar 2026 09:02:54 INFO  epoch 3 evaluating [time: 0.08s, valid_score: 0.026600]
Tue 17 Mar 2026 09:02:54 INFO  valid result: 
hit@10 : 0.0266    ndcg@10 : 0.0133    mrr@10 : 0.0093
Tue 17 Mar 2026 09:02:54 INFO  Saving current: saved\TimeWeaver-Mar-17-2026_09-00-27.pth
Tue 17 Mar 2026 09:03:30 INFO  epoch 4 training [time: 35.97s, train loss: 1517.8056]
Tue 17 Mar 2026 09:03:30 INFO  epoch 4 evaluating [time: 0.10s, valid_score: 0.024800]
Tue 17 Mar 2026 09:03:30 INFO  valid result: 
hit@10 : 0.0248    ndcg@10 : 0.0128    mrr@10 : 0.0092
Tue 17 Mar 2026 09:04:07 INFO  epoch 5 training [time: 36.75s, train loss: 1445.5403]
Tue 17 Mar 2026 09:04:07 INFO  epoch 5 evaluating [time: 0.10s, valid_score: 0.028400]
Tue 17 Mar 2026 09:04:07 INFO  valid result: 
hit@10 : 0.0284    ndcg@10 : 0.0135    mrr@10 : 0.009
Tue 17 Mar 2026 09:04:07 INFO  Saving current: saved\TimeWeaver-Mar-17-2026_09-00-27.pth
Tue 17 Mar 2026 09:04:41 INFO  epoch 6 training [time: 34.45s, train loss: 1373.6525]
Tue 17 Mar 2026 09:04:41 INFO  epoch 6 evaluating [time: 0.08s, valid_score: 0.028000]
Tue 17 Mar 2026 09:04:41 INFO  valid result: 
hit@10 : 0.028    ndcg@10 : 0.013    mrr@10 : 0.0084
Tue 17 Mar 2026 09:05:16 INFO  epoch 7 training [time: 34.51s, train loss: 1307.1106]
Tue 17 Mar 2026 09:05:16 INFO  epoch 7 evaluating [time: 0.09s, valid_score: 0.029400]
Tue 17 Mar 2026 09:05:16 INFO  valid result: 
hit@10 : 0.0294    ndcg@10 : 0.0132    mrr@10 : 0.0083
Tue 17 Mar 2026 09:05:16 INFO  Saving current: saved\TimeWeaver-Mar-17-2026_09-00-27.pth
Tue 17 Mar 2026 09:05:49 INFO  epoch 8 training [time: 33.43s, train loss: 1246.7071]
Tue 17 Mar 2026 09:05:49 INFO  epoch 8 evaluating [time: 0.08s, valid_score: 0.030700]
Tue 17 Mar 2026 09:05:49 INFO  valid result: 
hit@10 : 0.0307    ndcg@10 : 0.0133    mrr@10 : 0.0081
Tue 17 Mar 2026 09:05:50 INFO  Saving current: saved\TimeWeaver-Mar-17-2026_09-00-27.pth
Tue 17 Mar 2026 09:06:25 INFO  epoch 9 training [time: 35.45s, train loss: 1193.8112]
Tue 17 Mar 2026 09:06:25 INFO  epoch 9 evaluating [time: 0.09s, valid_score: 0.032100]
Tue 17 Mar 2026 09:06:25 INFO  valid result: 
hit@10 : 0.0321    ndcg@10 : 0.0137    mrr@10 : 0.0082
Tue 17 Mar 2026 09:06:25 INFO  Saving current: saved\TimeWeaver-Mar-17-2026_09-00-27.pth
Tue 17 Mar 2026 09:07:01 INFO  epoch 10 training [time: 35.42s, train loss: 1147.4260]
Tue 17 Mar 2026 09:07:01 INFO  epoch 10 evaluating [time: 0.10s, valid_score: 0.031700]
Tue 17 Mar 2026 09:07:01 INFO  valid result: 
hit@10 : 0.0317    ndcg@10 : 0.0143    mrr@10 : 0.0089
Tue 17 Mar 2026 09:07:37 INFO  epoch 11 training [time: 36.49s, train loss: 1105.2563]
Tue 17 Mar 2026 09:07:37 INFO  epoch 11 evaluating [time: 0.10s, valid_score: 0.027500]
Tue 17 Mar 2026 09:07:37 INFO  valid result: 
hit@10 : 0.0275    ndcg@10 : 0.0123    mrr@10 : 0.0076
Tue 17 Mar 2026 09:08:14 INFO  epoch 12 training [time: 36.70s, train loss: 1072.3677]
Tue 17 Mar 2026 09:08:14 INFO  epoch 12 evaluating [time: 0.10s, valid_score: 0.029400]
Tue 17 Mar 2026 09:08:14 INFO  valid result: 
hit@10 : 0.0294    ndcg@10 : 0.0132    mrr@10 : 0.0083
Tue 17 Mar 2026 09:08:49 INFO  epoch 13 training [time: 34.94s, train loss: 1042.0129]
Tue 17 Mar 2026 09:08:49 INFO  epoch 13 evaluating [time: 0.09s, valid_score: 0.028900]
Tue 17 Mar 2026 09:08:49 INFO  valid result: 
hit@10 : 0.0289    ndcg@10 : 0.0128    mrr@10 : 0.0079
Tue 17 Mar 2026 09:09:24 INFO  epoch 14 training [time: 35.15s, train loss: 1013.1881]
Tue 17 Mar 2026 09:09:24 INFO  epoch 14 evaluating [time: 0.09s, valid_score: 0.027500]
Tue 17 Mar 2026 09:09:24 INFO  valid result: 
hit@10 : 0.0275    ndcg@10 : 0.012    mrr@10 : 0.0073
Tue 17 Mar 2026 09:09:59 INFO  epoch 15 training [time: 35.09s, train loss: 987.2966]
Tue 17 Mar 2026 09:09:59 INFO  epoch 15 evaluating [time: 0.09s, valid_score: 0.028000]
Tue 17 Mar 2026 09:09:59 INFO  valid result: 
hit@10 : 0.028    ndcg@10 : 0.0127    mrr@10 : 0.008
Tue 17 Mar 2026 09:10:35 INFO  epoch 16 training [time: 35.60s, train loss: 965.6281]
Tue 17 Mar 2026 09:10:35 INFO  epoch 16 evaluating [time: 0.09s, valid_score: 0.026600]
Tue 17 Mar 2026 09:10:35 INFO  valid result: 
hit@10 : 0.0266    ndcg@10 : 0.0116    mrr@10 : 0.007
Tue 17 Mar 2026 09:11:10 INFO  epoch 17 training [time: 35.15s, train loss: 942.5988]
Tue 17 Mar 2026 09:11:10 INFO  epoch 17 evaluating [time: 0.08s, valid_score: 0.025200]
Tue 17 Mar 2026 09:11:10 INFO  valid result: 
hit@10 : 0.0252    ndcg@10 : 0.0108    mrr@10 : 0.0064
Tue 17 Mar 2026 09:11:46 INFO  epoch 18 training [time: 36.12s, train loss: 921.5786]
Tue 17 Mar 2026 09:11:47 INFO  epoch 18 evaluating [time: 0.09s, valid_score: 0.028400]
Tue 17 Mar 2026 09:11:47 INFO  valid result: 
hit@10 : 0.0284    ndcg@10 : 0.0126    mrr@10 : 0.0078
Tue 17 Mar 2026 09:12:22 INFO  epoch 19 training [time: 35.10s, train loss: 904.6205]
Tue 17 Mar 2026 09:12:22 INFO  epoch 19 evaluating [time: 0.09s, valid_score: 0.024800]
Tue 17 Mar 2026 09:12:22 INFO  valid result: 
hit@10 : 0.0248    ndcg@10 : 0.0111    mrr@10 : 0.007
Tue 17 Mar 2026 09:12:56 INFO  epoch 20 training [time: 34.11s, train loss: 886.7597]
Tue 17 Mar 2026 09:12:56 INFO  epoch 20 evaluating [time: 0.08s, valid_score: 0.026100]
Tue 17 Mar 2026 09:12:56 INFO  valid result: 
hit@10 : 0.0261    ndcg@10 : 0.0115    mrr@10 : 0.0071
Tue 17 Mar 2026 09:12:56 INFO  Finished training, best eval result in epoch 9
Tue 17 Mar 2026 09:12:56 INFO  Loading model structure and parameters from saved\TimeWeaver-Mar-17-2026_09-00-27.pth
Tue 17 Mar 2026 09:12:57 INFO  The running environment of this training is as follows:
+-------------+----------------+
| Environment |     Usage      |
+=============+================+
| CPU         |     4.00 %     |
+-------------+----------------+
| GPU         | 0.41 G/6.00 G  |
+-------------+----------------+
| Memory      | 1.56 G/15.63 G |
+-------------+----------------+
Tue 17 Mar 2026 09:12:57 INFO  best valid : OrderedDict([('hit@10', 0.0321), ('ndcg@10', 0.0137), ('mrr@10', 0.0082)])
Tue 17 Mar 2026 09:12:57 INFO  test result: OrderedDict([('hit@10', 0.022), ('ndcg@10', 0.0109), ('mrr@10', 0.0075)])
Tue 17 Mar 2026 09:12:57 WARNING  command line args [--models timeweaver --datasets amazon-sports-5core-longseq-full --seeds 42,2023,2024 --device gpu --timeweaver-variant aug_only --output F:\桌面\recommendation_system\results\param_sweeps\timeweaver_param_B1_warmup_ramp.json --tag B1_warm0_ramp500 --skip-if-done --tw-time-aug-warmup 0 --tw-time-aug-ramp 500] will not be used in RecBole
Tue 17 Mar 2026 09:12:57 INFO  ['F:\\桌面\\recommendation_system\\scripts\\run_grid.py', '--models', 'timeweaver', '--datasets', 'amazon-sports-5core-longseq-full', '--seeds', '42,2023,2024', '--device', 'gpu', '--timeweaver-variant', 'aug_only', '--output', 'F:\\桌面\\recommendation_system\\results\\param_sweeps\\timeweaver_param_B1_warmup_ramp.json', '--tag', 'B1_warm0_ramp500', '--skip-if-done', '--tw-time-aug-warmup', '0', '--tw-time-aug-ramp', '500']
Tue 17 Mar 2026 09:12:57 INFO  
General Hyper Parameters:
gpu_id = 0
use_gpu = True
seed = 2024
state = INFO
reproducibility = True
data_path = data/amazon\amazon-sports-5core-longseq
checkpoint_dir = saved
show_progress = True
save_dataset = False
dataset_save_path = None
save_dataloaders = False
dataloaders_save_path = None
log_wandb = False

Training Hyper Parameters:
epochs = 100
train_batch_size = 256
learner = adam
learning_rate = 0.001
train_neg_sample_args = {'distribution': 'none', 'sample_num': 'none', 'alpha': 'none', 'dynamic': False, 'candidate_num': 0}
eval_step = 1
stopping_step = 10
clip_grad_norm = None
weight_decay = 0.0
loss_decimal_place = 4

Evaluation Hyper Parameters:
eval_args = {'split': {'LS': 'valid_and_test'}, 'order': 'TO', 'group_by': 'user', 'mode': {'valid': 'full', 'test': 'full'}}
repeatable = True
metrics = ['Hit', 'NDCG', 'MRR']
topk = [10]
valid_metric = Hit@10
valid_metric_bigger = True
eval_batch_size = 512
metric_decimal_place = 4

Dataset Hyper Parameters:
field_separator = 	
seq_separator =  
USER_ID_FIELD = user_id
ITEM_ID_FIELD = item_id
RATING_FIELD = rating
TIME_FIELD = timestamp
seq_len = None
LABEL_FIELD = label
threshold = None
NEG_PREFIX = neg_
load_col = {'inter': ['user_id', 'item_id', 'rating', 'timestamp']}
unload_col = None
unused_col = None
additional_feat_suffix = None
rm_dup_inter = None
val_interval = None
filter_inter_by_user_or_item = True
user_inter_num_interval = [0,inf)
item_inter_num_interval = [0,inf)
alias_of_user_id = None
alias_of_item_id = None
alias_of_entity_id = None
alias_of_relation_id = None
preload_weight = None
normalize_field = None
normalize_all = None
ITEM_LIST_LENGTH_FIELD = item_length
LIST_SUFFIX = _list
MAX_ITEM_LIST_LENGTH = 32
POSITION_FIELD = position_id
HEAD_ENTITY_ID_FIELD = head_id
TAIL_ENTITY_ID_FIELD = tail_id
RELATION_ID_FIELD = relation_id
ENTITY_ID_FIELD = entity_id
benchmark_filename = None

Other Hyper Parameters: 
worker = 0
wandb_project = recbole
shuffle = True
require_pow = False
enable_amp = False
enable_scaler = False
transform = None
numerical_features = []
discretization = None
kg_reverse_r = False
entity_kg_num_interval = [0,inf)
relation_kg_num_interval = [0,inf)
MODEL_TYPE = ModelType.SEQUENTIAL
contrastive_weight = 0.03
contrastive_temp = 0.2
time_aug_prob = 0.15
time_aug_strength = 0.05
model_name = TimeWeaver
hidden_size = 64
num_layers = 2
hidden_dropout_prob = 0.5
initializer_range = 0.02
time_bucket_size = 1000
ema_decay = 0.5
tcn_kernel_size = -1
ffn_hidden_size = 256
loss_type = CE
early_stop = 10
neg_sampling = None
device = cuda
use_continuous_time = False
use_time_gate = False
use_time_augmentation = True
time_aug_warmup_steps = 0
time_aug_ramp_steps = 500
MODEL_INPUT_TYPE = InputType.POINTWISE
eval_type = EvaluatorType.RANKING
single_spec = True
local_rank = 0
valid_neg_sample_args = {'distribution': 'uniform', 'sample_num': 'none'}
test_neg_sample_args = {'distribution': 'uniform', 'sample_num': 'none'}


Tue 17 Mar 2026 09:12:57 INFO  amazon-sports-5core-longseq
The number of users: 2181
Average actions of users: 25.74678899082569
The number of items: 14556
Average actions of items: 3.8562693232566128
The number of inters: 56128
The sparsity of the dataset: 99.82320016520806%
Remain Fields: ['user_id', 'item_id', 'rating', 'timestamp']
Tue 17 Mar 2026 09:12:58 INFO  [Training]: train_batch_size = [256] train_neg_sample_args: [{'distribution': 'none', 'sample_num': 'none', 'alpha': 'none', 'dynamic': False, 'candidate_num': 0}]
Tue 17 Mar 2026 09:12:58 INFO  [Evaluation]: eval_batch_size = [512] eval_args: [{'split': {'LS': 'valid_and_test'}, 'order': 'TO', 'group_by': 'user', 'mode': {'valid': 'full', 'test': 'full'}}]
Tue 17 Mar 2026 09:12:58 INFO  TimeWeaver(
  (item_embedding): Embedding(14556, 64, padding_idx=0)
  (time_aug): TimeAwareAugmentation(
    (pos_embedding): Embedding(32, 64)
    (time_embedding): Embedding(1000, 64)
    (layer_norm): LayerNorm((64,), eps=1e-05, elementwise_affine=True)
    (drop): Dropout(p=0.5, inplace=False)
  )
  (context_layers): ModuleList(
    (0-1): 2 x TCNNextBlock(
      (dw): DepthwiseConv1d(
        (conv): Conv1d(64, 64, kernel_size=(11,), stride=(1,), padding=(5,), groups=64)
        (bn): BatchNorm1d(64, eps=1e-05, momentum=0.1, affine=True, track_running_stats=True)
        (drop): Dropout(p=0.5, inplace=False)
      )
      (norm1): LayerNorm((64,), eps=1e-05, elementwise_affine=True)
      (conv_inter): ParallelConvInter(
        (conv1): Conv1d(64, 64, kernel_size=(1,), stride=(1,))
        (conv3): Conv1d(64, 64, kernel_size=(3,), stride=(1,), padding=(1,))
        (proj): Conv1d(64, 64, kernel_size=(1,), stride=(1,))
        (drop): Dropout(p=0.5, inplace=False)
      )
      (norm2): LayerNorm((64,), eps=1e-05, elementwise_affine=True)
      (ffn): Sequential(
        (0): Linear(in_features=64, out_features=256, bias=True)
        (1): GELU(approximate='none')
        (2): Dropout(p=0.5, inplace=False)
        (3): Linear(in_features=256, out_features=64, bias=True)
        (4): Dropout(p=0.5, inplace=False)
      )
      (norm3): LayerNorm((64,), eps=1e-05, elementwise_affine=True)
    )
  )
  (dynamic_layers): ModuleList(
    (0-1): 2 x EMAStream(
      (proj): Linear(in_features=64, out_features=64, bias=True)
    )
  )
  (weavers): ModuleList(
    (0-1): 2 x StreamWeaver(
      (proj): Linear(in_features=128, out_features=64, bias=True)
      (norm): LayerNorm((64,), eps=1e-05, elementwise_affine=True)
    )
  )
  (loss_fct): CrossEntropyLoss()
)
Trainable parameters: 1132929.0
Tue 17 Mar 2026 09:12:58 INFO  FLOPs: 4298752.0
Tue 17 Mar 2026 09:13:28 INFO  epoch 0 training [time: 30.07s, train loss: 1813.3633]
Tue 17 Mar 2026 09:13:28 INFO  epoch 0 evaluating [time: 0.08s, valid_score: 0.013300]
Tue 17 Mar 2026 09:13:28 INFO  valid result: 
hit@10 : 0.0133    ndcg@10 : 0.007    mrr@10 : 0.0051
Tue 17 Mar 2026 09:13:29 INFO  Saving current: saved\TimeWeaver-Mar-17-2026_09-12-58.pth
Tue 17 Mar 2026 09:14:03 INFO  epoch 1 training [time: 34.81s, train loss: 1736.7738]
Tue 17 Mar 2026 09:14:03 INFO  epoch 1 evaluating [time: 0.08s, valid_score: 0.017000]
Tue 17 Mar 2026 09:14:03 INFO  valid result: 
hit@10 : 0.017    ndcg@10 : 0.009    mrr@10 : 0.0065
Tue 17 Mar 2026 09:14:03 INFO  Saving current: saved\TimeWeaver-Mar-17-2026_09-12-58.pth
Tue 17 Mar 2026 09:14:39 INFO  epoch 2 training [time: 35.19s, train loss: 1670.8951]
Tue 17 Mar 2026 09:14:39 INFO  epoch 2 evaluating [time: 0.08s, valid_score: 0.022900]
Tue 17 Mar 2026 09:14:39 INFO  valid result: 
hit@10 : 0.0229    ndcg@10 : 0.0118    mrr@10 : 0.0084
Tue 17 Mar 2026 09:14:39 INFO  Saving current: saved\TimeWeaver-Mar-17-2026_09-12-58.pth
Tue 17 Mar 2026 09:15:13 INFO  epoch 3 training [time: 33.87s, train loss: 1594.2923]
Tue 17 Mar 2026 09:15:13 INFO  epoch 3 evaluating [time: 0.09s, valid_score: 0.025700]
Tue 17 Mar 2026 09:15:13 INFO  valid result: 
hit@10 : 0.0257    ndcg@10 : 0.012    mrr@10 : 0.0079
Tue 17 Mar 2026 09:15:13 INFO  Saving current: saved\TimeWeaver-Mar-17-2026_09-12-58.pth
Tue 17 Mar 2026 09:15:48 INFO  epoch 4 training [time: 35.68s, train loss: 1518.2919]
Tue 17 Mar 2026 09:15:49 INFO  epoch 4 evaluating [time: 0.10s, valid_score: 0.025200]
Tue 17 Mar 2026 09:15:49 INFO  valid result: 
hit@10 : 0.0252    ndcg@10 : 0.0112    mrr@10 : 0.007
Tue 17 Mar 2026 09:16:23 INFO  epoch 5 training [time: 34.28s, train loss: 1445.9239]
Tue 17 Mar 2026 09:16:23 INFO  epoch 5 evaluating [time: 0.08s, valid_score: 0.028400]
Tue 17 Mar 2026 09:16:23 INFO  valid result: 
hit@10 : 0.0284    ndcg@10 : 0.0135    mrr@10 : 0.0089
Tue 17 Mar 2026 09:16:23 INFO  Saving current: saved\TimeWeaver-Mar-17-2026_09-12-58.pth
Tue 17 Mar 2026 09:16:57 INFO  epoch 6 training [time: 34.35s, train loss: 1372.6404]
Tue 17 Mar 2026 09:16:57 INFO  epoch 6 evaluating [time: 0.10s, valid_score: 0.031200]
Tue 17 Mar 2026 09:16:57 INFO  valid result: 
hit@10 : 0.0312    ndcg@10 : 0.0135    mrr@10 : 0.0082
Tue 17 Mar 2026 09:16:57 INFO  Saving current: saved\TimeWeaver-Mar-17-2026_09-12-58.pth
Tue 17 Mar 2026 09:17:31 INFO  epoch 7 training [time: 33.80s, train loss: 1305.9213]
Tue 17 Mar 2026 09:17:31 INFO  epoch 7 evaluating [time: 0.09s, valid_score: 0.029800]
Tue 17 Mar 2026 09:17:31 INFO  valid result: 
hit@10 : 0.0298    ndcg@10 : 0.0129    mrr@10 : 0.0078
Tue 17 Mar 2026 09:18:06 INFO  epoch 8 training [time: 35.13s, train loss: 1247.1749]
Tue 17 Mar 2026 09:18:06 INFO  epoch 8 evaluating [time: 0.08s, valid_score: 0.027500]
Tue 17 Mar 2026 09:18:06 INFO  valid result: 
hit@10 : 0.0275    ndcg@10 : 0.0124    mrr@10 : 0.0078
Tue 17 Mar 2026 09:18:42 INFO  epoch 9 training [time: 35.20s, train loss: 1193.8971]
Tue 17 Mar 2026 09:18:42 INFO  epoch 9 evaluating [time: 0.08s, valid_score: 0.029400]
Tue 17 Mar 2026 09:18:42 INFO  valid result: 
hit@10 : 0.0294    ndcg@10 : 0.0136    mrr@10 : 0.0088
Tue 17 Mar 2026 09:19:15 INFO  epoch 10 training [time: 33.64s, train loss: 1147.9946]
Tue 17 Mar 2026 09:19:15 INFO  epoch 10 evaluating [time: 0.09s, valid_score: 0.031200]
Tue 17 Mar 2026 09:19:15 INFO  valid result: 
hit@10 : 0.0312    ndcg@10 : 0.0138    mrr@10 : 0.0086
Tue 17 Mar 2026 09:19:16 INFO  Saving current: saved\TimeWeaver-Mar-17-2026_09-12-58.pth
Tue 17 Mar 2026 09:19:51 INFO  epoch 11 training [time: 35.38s, train loss: 1110.6574]
Tue 17 Mar 2026 09:19:51 INFO  epoch 11 evaluating [time: 0.08s, valid_score: 0.031700]
Tue 17 Mar 2026 09:19:51 INFO  valid result: 
hit@10 : 0.0317    ndcg@10 : 0.0139    mrr@10 : 0.0085
Tue 17 Mar 2026 09:19:51 INFO  Saving current: saved\TimeWeaver-Mar-17-2026_09-12-58.pth
Tue 17 Mar 2026 09:20:26 INFO  epoch 12 training [time: 35.07s, train loss: 1075.4901]
Tue 17 Mar 2026 09:20:26 INFO  epoch 12 evaluating [time: 0.09s, valid_score: 0.026600]
Tue 17 Mar 2026 09:20:26 INFO  valid result: 
hit@10 : 0.0266    ndcg@10 : 0.0122    mrr@10 : 0.0078
Tue 17 Mar 2026 09:21:01 INFO  epoch 13 training [time: 34.39s, train loss: 1046.6262]
Tue 17 Mar 2026 09:21:01 INFO  epoch 13 evaluating [time: 0.09s, valid_score: 0.029400]
Tue 17 Mar 2026 09:21:01 INFO  valid result: 
hit@10 : 0.0294    ndcg@10 : 0.0131    mrr@10 : 0.0082
Tue 17 Mar 2026 09:21:35 INFO  epoch 14 training [time: 34.17s, train loss: 1016.4467]
Tue 17 Mar 2026 09:21:35 INFO  epoch 14 evaluating [time: 0.08s, valid_score: 0.028000]
Tue 17 Mar 2026 09:21:35 INFO  valid result: 
hit@10 : 0.028    ndcg@10 : 0.0127    mrr@10 : 0.0081
Tue 17 Mar 2026 09:22:09 INFO  epoch 15 training [time: 34.50s, train loss: 993.6614]
Tue 17 Mar 2026 09:22:10 INFO  epoch 15 evaluating [time: 0.09s, valid_score: 0.029400]
Tue 17 Mar 2026 09:22:10 INFO  valid result: 
hit@10 : 0.0294    ndcg@10 : 0.0133    mrr@10 : 0.0084
Tue 17 Mar 2026 09:22:44 INFO  epoch 16 training [time: 34.78s, train loss: 970.9231]
Tue 17 Mar 2026 09:22:44 INFO  epoch 16 evaluating [time: 0.08s, valid_score: 0.029800]
Tue 17 Mar 2026 09:22:44 INFO  valid result: 
hit@10 : 0.0298    ndcg@10 : 0.0129    mrr@10 : 0.0078
Tue 17 Mar 2026 09:23:18 INFO  epoch 17 training [time: 33.16s, train loss: 947.5347]
Tue 17 Mar 2026 09:23:18 INFO  epoch 17 evaluating [time: 0.08s, valid_score: 0.031200]
Tue 17 Mar 2026 09:23:18 INFO  valid result: 
hit@10 : 0.0312    ndcg@10 : 0.0138    mrr@10 : 0.0086
Tue 17 Mar 2026 09:23:54 INFO  epoch 18 training [time: 36.01s, train loss: 929.6221]
Tue 17 Mar 2026 09:23:54 INFO  epoch 18 evaluating [time: 0.09s, valid_score: 0.027500]
Tue 17 Mar 2026 09:23:54 INFO  valid result: 
hit@10 : 0.0275    ndcg@10 : 0.0126    mrr@10 : 0.0081
Tue 17 Mar 2026 09:24:28 INFO  epoch 19 training [time: 33.96s, train loss: 909.9257]
Tue 17 Mar 2026 09:24:28 INFO  epoch 19 evaluating [time: 0.08s, valid_score: 0.027500]
Tue 17 Mar 2026 09:24:28 INFO  valid result: 
hit@10 : 0.0275    ndcg@10 : 0.0131    mrr@10 : 0.0087
Tue 17 Mar 2026 09:25:01 INFO  epoch 20 training [time: 32.85s, train loss: 893.8101]
Tue 17 Mar 2026 09:25:01 INFO  epoch 20 evaluating [time: 0.08s, valid_score: 0.027100]
Tue 17 Mar 2026 09:25:01 INFO  valid result: 
hit@10 : 0.0271    ndcg@10 : 0.0127    mrr@10 : 0.0083
Tue 17 Mar 2026 09:25:33 INFO  epoch 21 training [time: 32.71s, train loss: 876.3267]
Tue 17 Mar 2026 09:25:34 INFO  epoch 21 evaluating [time: 0.09s, valid_score: 0.028400]
Tue 17 Mar 2026 09:25:34 INFO  valid result: 
hit@10 : 0.0284    ndcg@10 : 0.0134    mrr@10 : 0.0089
Tue 17 Mar 2026 09:26:06 INFO  epoch 22 training [time: 32.82s, train loss: 860.3688]
Tue 17 Mar 2026 09:26:06 INFO  epoch 22 evaluating [time: 0.09s, valid_score: 0.029800]
Tue 17 Mar 2026 09:26:06 INFO  valid result: 
hit@10 : 0.0298    ndcg@10 : 0.014    mrr@10 : 0.0092
Tue 17 Mar 2026 09:26:06 INFO  Finished training, best eval result in epoch 11
Tue 17 Mar 2026 09:26:06 INFO  Loading model structure and parameters from saved\TimeWeaver-Mar-17-2026_09-12-58.pth
Tue 17 Mar 2026 09:26:08 INFO  The running environment of this training is as follows:
+-------------+----------------+
| Environment |     Usage      |
+=============+================+
| CPU         |     3.90 %     |
+-------------+----------------+
| GPU         | 0.41 G/6.00 G  |
+-------------+----------------+
| Memory      | 1.46 G/15.63 G |
+-------------+----------------+
Tue 17 Mar 2026 09:26:08 INFO  best valid : OrderedDict([('hit@10', 0.0317), ('ndcg@10', 0.0139), ('mrr@10', 0.0085)])
Tue 17 Mar 2026 09:26:08 INFO  test result: OrderedDict([('hit@10', 0.0261), ('ndcg@10', 0.0114), ('mrr@10', 0.007)])
