Thu 12 Feb 2026 21:14:16 INFO  ['F:\\桌面\\recommendation_system\\scripts\\run_grid.py', '--models', 'timeweaver', '--datasets', 'amazon-electronics-5core-subset', '--seeds', '42', '--device', 'gpu', '--timeweaver-variant', 'base', '--tag', 'e0p1_k9_d0p5_l1_f512_b1000', '--output', 'results/run_grid_timeweaver_tune.json', '--tw-ema-decay', '0.1', '--tw-tcn-kernel', '9', '--tw-hidden-dropout', '0.5', '--tw-num-layers', '1', '--tw-ffn-hidden', '512', '--tw-time-bucket', '1000']
Thu 12 Feb 2026 21:14:16 INFO  
General Hyper Parameters:
gpu_id = 0
use_gpu = True
seed = 42
state = INFO
reproducibility = True
data_path = data/amazon\amazon-electronics-5core-subset
checkpoint_dir = saved
show_progress = True
save_dataset = False
dataset_save_path = None
save_dataloaders = False
dataloaders_save_path = None
log_wandb = False

Training Hyper Parameters:
epochs = 100
train_batch_size = 256
learner = adam
learning_rate = 0.001
train_neg_sample_args = {'distribution': 'none', 'sample_num': 'none', 'alpha': 'none', 'dynamic': False, 'candidate_num': 0}
eval_step = 1
stopping_step = 10
clip_grad_norm = None
weight_decay = 0.0
loss_decimal_place = 4

Evaluation Hyper Parameters:
eval_args = {'split': {'LS': 'valid_and_test'}, 'order': 'TO', 'group_by': 'user', 'mode': {'valid': 'uni100', 'test': 'uni100'}}
repeatable = True
metrics = ['Hit', 'NDCG', 'MRR']
topk = [10]
valid_metric = MRR@10
valid_metric_bigger = True
eval_batch_size = 512
metric_decimal_place = 4

Dataset Hyper Parameters:
field_separator = 	
seq_separator =  
USER_ID_FIELD = user_id
ITEM_ID_FIELD = item_id
RATING_FIELD = rating
TIME_FIELD = timestamp
seq_len = None
LABEL_FIELD = label
threshold = None
NEG_PREFIX = neg_
load_col = {'inter': ['user_id', 'item_id', 'rating', 'timestamp']}
unload_col = None
unused_col = None
additional_feat_suffix = None
rm_dup_inter = None
val_interval = None
filter_inter_by_user_or_item = True
user_inter_num_interval = [0,inf)
item_inter_num_interval = [0,inf)
alias_of_user_id = None
alias_of_item_id = None
alias_of_entity_id = None
alias_of_relation_id = None
preload_weight = None
normalize_field = None
normalize_all = None
ITEM_LIST_LENGTH_FIELD = item_length
LIST_SUFFIX = _list
MAX_ITEM_LIST_LENGTH = 32
POSITION_FIELD = position_id
HEAD_ENTITY_ID_FIELD = head_id
TAIL_ENTITY_ID_FIELD = tail_id
RELATION_ID_FIELD = relation_id
ENTITY_ID_FIELD = entity_id
benchmark_filename = None

Other Hyper Parameters: 
worker = 0
wandb_project = recbole
shuffle = True
require_pow = False
enable_amp = False
enable_scaler = False
transform = None
numerical_features = []
discretization = None
kg_reverse_r = False
entity_kg_num_interval = [0,inf)
relation_kg_num_interval = [0,inf)
MODEL_TYPE = ModelType.SEQUENTIAL
model_name = TimeWeaver
hidden_size = 64
num_layers = 1
hidden_dropout_prob = 0.5
initializer_range = 0.02
time_bucket_size = 1000
ema_decay = 0.1
tcn_kernel_size = 9
ffn_hidden_size = 512
loss_type = CE
early_stop = 10
neg_sampling = None
device = cuda
use_continuous_time = False
use_time_gate = False
use_time_augmentation = False
MODEL_INPUT_TYPE = InputType.POINTWISE
eval_type = EvaluatorType.RANKING
single_spec = True
local_rank = 0
valid_neg_sample_args = {'distribution': 'uniform', 'sample_num': 100}
test_neg_sample_args = {'distribution': 'uniform', 'sample_num': 100}


Thu 12 Feb 2026 21:14:17 INFO  amazon-electronics-5core-subset
The number of users: 1501
Average actions of users: 108.42733333333334
The number of items: 54722
Average actions of items: 2.9721861808080994
The number of inters: 162641
The sparsity of the dataset: 99.80198988231011%
Remain Fields: ['user_id', 'item_id', 'rating', 'timestamp']
Thu 12 Feb 2026 21:14:20 INFO  [Training]: train_batch_size = [256] train_neg_sample_args: [{'distribution': 'none', 'sample_num': 'none', 'alpha': 'none', 'dynamic': False, 'candidate_num': 0}]
Thu 12 Feb 2026 21:14:20 INFO  [Evaluation]: eval_batch_size = [512] eval_args: [{'split': {'LS': 'valid_and_test'}, 'order': 'TO', 'group_by': 'user', 'mode': {'valid': 'uni100', 'test': 'uni100'}}]
Thu 12 Feb 2026 21:14:20 INFO  TimeWeaver(
  (item_embedding): Embedding(54722, 64, padding_idx=0)
  (time_aug): TimeAwareAugmentation(
    (pos_embedding): Embedding(32, 64)
    (time_embedding): Embedding(1000, 64)
    (layer_norm): LayerNorm((64,), eps=1e-05, elementwise_affine=True)
    (drop): Dropout(p=0.5, inplace=False)
  )
  (context_layers): ModuleList(
    (0): TCNNextBlock(
      (dw): DepthwiseConv1d(
        (conv): Conv1d(64, 64, kernel_size=(9,), stride=(1,), padding=(4,), groups=64)
        (bn): BatchNorm1d(64, eps=1e-05, momentum=0.1, affine=True, track_running_stats=True)
        (drop): Dropout(p=0.5, inplace=False)
      )
      (norm1): LayerNorm((64,), eps=1e-05, elementwise_affine=True)
      (conv_inter): ParallelConvInter(
        (conv1): Conv1d(64, 64, kernel_size=(1,), stride=(1,))
        (conv3): Conv1d(64, 64, kernel_size=(3,), stride=(1,), padding=(1,))
        (proj): Conv1d(64, 64, kernel_size=(1,), stride=(1,))
        (drop): Dropout(p=0.5, inplace=False)
      )
      (norm2): LayerNorm((64,), eps=1e-05, elementwise_affine=True)
      (ffn): Sequential(
        (0): Linear(in_features=64, out_features=512, bias=True)
        (1): GELU(approximate='none')
        (2): Dropout(p=0.5, inplace=False)
        (3): Linear(in_features=512, out_features=64, bias=True)
        (4): Dropout(p=0.5, inplace=False)
      )
      (norm3): LayerNorm((64,), eps=1e-05, elementwise_affine=True)
    )
  )
  (dynamic_layers): ModuleList(
    (0): EMAStream(
      (proj): Linear(in_features=64, out_features=64, bias=True)
    )
  )
  (weavers): ModuleList(
    (0): StreamWeaver(
      (proj): Linear(in_features=128, out_features=64, bias=True)
      (norm): LayerNorm((64,), eps=1e-05, elementwise_affine=True)
    )
  )
  (loss_fct): CrossEntropyLoss()
)
Trainable parameters: 3668865.0
Thu 12 Feb 2026 21:14:20 INFO  FLOPs: 3198976.0
Thu 12 Feb 2026 21:14:59 INFO  epoch 0 training [time: 37.71s, train loss: 6512.9100]
Thu 12 Feb 2026 21:15:02 INFO  epoch 0 evaluating [time: 2.53s, valid_score: 0.184100]
Thu 12 Feb 2026 21:15:02 INFO  valid result: 
hit@10 : 0.356    ndcg@10 : 0.2243    mrr@10 : 0.1841
Thu 12 Feb 2026 21:15:02 INFO  Saving current: saved\TimeWeaver-Feb-12-2026_21-14-20.pth
Thu 12 Feb 2026 21:15:37 INFO  epoch 1 training [time: 35.22s, train loss: 6109.9803]
Thu 12 Feb 2026 21:15:39 INFO  epoch 1 evaluating [time: 2.39s, valid_score: 0.242300]
Thu 12 Feb 2026 21:15:39 INFO  valid result: 
hit@10 : 0.4267    ndcg@10 : 0.2863    mrr@10 : 0.2423
Thu 12 Feb 2026 21:15:39 INFO  Saving current: saved\TimeWeaver-Feb-12-2026_21-14-20.pth
Thu 12 Feb 2026 21:16:16 INFO  epoch 2 training [time: 36.47s, train loss: 5682.5017]
Thu 12 Feb 2026 21:16:18 INFO  epoch 2 evaluating [time: 2.48s, valid_score: 0.234400]
Thu 12 Feb 2026 21:16:18 INFO  valid result: 
hit@10 : 0.4293    ndcg@10 : 0.2807    mrr@10 : 0.2344
Thu 12 Feb 2026 21:16:56 INFO  epoch 3 training [time: 37.37s, train loss: 5228.1151]
Thu 12 Feb 2026 21:16:58 INFO  epoch 3 evaluating [time: 2.49s, valid_score: 0.234200]
Thu 12 Feb 2026 21:16:58 INFO  valid result: 
hit@10 : 0.4187    ndcg@10 : 0.278    mrr@10 : 0.2342
Thu 12 Feb 2026 21:17:37 INFO  epoch 4 training [time: 38.86s, train loss: 4808.9159]
Thu 12 Feb 2026 21:17:40 INFO  epoch 4 evaluating [time: 2.57s, valid_score: 0.225300]
Thu 12 Feb 2026 21:17:40 INFO  valid result: 
hit@10 : 0.398    ndcg@10 : 0.2659    mrr@10 : 0.2253
Thu 12 Feb 2026 21:18:19 INFO  epoch 5 training [time: 38.98s, train loss: 4456.6650]
Thu 12 Feb 2026 21:18:21 INFO  epoch 5 evaluating [time: 2.63s, valid_score: 0.221500]
Thu 12 Feb 2026 21:18:21 INFO  valid result: 
hit@10 : 0.3987    ndcg@10 : 0.2632    mrr@10 : 0.2215
Thu 12 Feb 2026 21:19:00 INFO  epoch 6 training [time: 38.25s, train loss: 4187.2200]
Thu 12 Feb 2026 21:19:02 INFO  epoch 6 evaluating [time: 2.46s, valid_score: 0.218500]
Thu 12 Feb 2026 21:19:02 INFO  valid result: 
hit@10 : 0.3807    ndcg@10 : 0.2568    mrr@10 : 0.2185
Thu 12 Feb 2026 21:19:39 INFO  epoch 7 training [time: 37.50s, train loss: 3980.4358]
Thu 12 Feb 2026 21:19:42 INFO  epoch 7 evaluating [time: 2.38s, valid_score: 0.222200]
Thu 12 Feb 2026 21:19:42 INFO  valid result: 
hit@10 : 0.394    ndcg@10 : 0.2626    mrr@10 : 0.2222
Thu 12 Feb 2026 21:20:18 INFO  epoch 8 training [time: 35.88s, train loss: 3816.8895]
Thu 12 Feb 2026 21:20:20 INFO  epoch 8 evaluating [time: 2.21s, valid_score: 0.211400]
Thu 12 Feb 2026 21:20:20 INFO  valid result: 
hit@10 : 0.3733    ndcg@10 : 0.2495    mrr@10 : 0.2114
Thu 12 Feb 2026 21:20:55 INFO  epoch 9 training [time: 35.10s, train loss: 3680.6477]
Thu 12 Feb 2026 21:20:57 INFO  epoch 9 evaluating [time: 2.26s, valid_score: 0.222100]
Thu 12 Feb 2026 21:20:57 INFO  valid result: 
hit@10 : 0.3907    ndcg@10 : 0.2617    mrr@10 : 0.2221
Thu 12 Feb 2026 21:21:33 INFO  epoch 10 training [time: 35.85s, train loss: 3564.0908]
Thu 12 Feb 2026 21:21:36 INFO  epoch 10 evaluating [time: 2.39s, valid_score: 0.217400]
Thu 12 Feb 2026 21:21:36 INFO  valid result: 
hit@10 : 0.382    ndcg@10 : 0.2563    mrr@10 : 0.2174
Thu 12 Feb 2026 21:22:14 INFO  epoch 11 training [time: 38.01s, train loss: 3458.7865]
Thu 12 Feb 2026 21:22:16 INFO  epoch 11 evaluating [time: 2.65s, valid_score: 0.212700]
Thu 12 Feb 2026 21:22:16 INFO  valid result: 
hit@10 : 0.388    ndcg@10 : 0.2539    mrr@10 : 0.2127
Thu 12 Feb 2026 21:22:54 INFO  epoch 12 training [time: 37.68s, train loss: 3362.6412]
Thu 12 Feb 2026 21:22:56 INFO  epoch 12 evaluating [time: 2.41s, valid_score: 0.220200]
Thu 12 Feb 2026 21:22:56 INFO  valid result: 
hit@10 : 0.3827    ndcg@10 : 0.2583    mrr@10 : 0.2202
Thu 12 Feb 2026 21:22:56 INFO  Finished training, best eval result in epoch 1
Thu 12 Feb 2026 21:22:56 INFO  Loading model structure and parameters from saved\TimeWeaver-Feb-12-2026_21-14-20.pth
Thu 12 Feb 2026 21:23:00 INFO  The running environment of this training is as follows:
+-------------+----------------+
| Environment |     Usage      |
+=============+================+
| CPU         |    10.50 %     |
+-------------+----------------+
| GPU         | 0.44 G/6.00 G  |
+-------------+----------------+
| Memory      | 1.66 G/15.63 G |
+-------------+----------------+
Thu 12 Feb 2026 21:23:00 INFO  best valid : OrderedDict([('hit@10', 0.4267), ('ndcg@10', 0.2863), ('mrr@10', 0.2423)])
Thu 12 Feb 2026 21:23:00 INFO  test result: OrderedDict([('hit@10', 0.368), ('ndcg@10', 0.231), ('mrr@10', 0.1889)])
