Fri 13 Feb 2026 01:32:37 INFO  ['F:\\桌面\\recommendation_system\\scripts\\run_grid.py', '--models', 'timeweaver', '--datasets', 'amazon-electronics-5core-subset', '--seeds', '42', '--device', 'gpu', '--timeweaver-variant', 'base', '--tag', 'e0p2_k7_d0p5_l2_f256_b1000', '--output', 'results/run_grid_timeweaver_tune.json', '--tw-ema-decay', '0.2', '--tw-tcn-kernel', '7', '--tw-hidden-dropout', '0.5', '--tw-num-layers', '2', '--tw-ffn-hidden', '256', '--tw-time-bucket', '1000']
Fri 13 Feb 2026 01:32:37 INFO  
General Hyper Parameters:
gpu_id = 0
use_gpu = True
seed = 42
state = INFO
reproducibility = True
data_path = data/amazon\amazon-electronics-5core-subset
checkpoint_dir = saved
show_progress = True
save_dataset = False
dataset_save_path = None
save_dataloaders = False
dataloaders_save_path = None
log_wandb = False

Training Hyper Parameters:
epochs = 100
train_batch_size = 256
learner = adam
learning_rate = 0.001
train_neg_sample_args = {'distribution': 'none', 'sample_num': 'none', 'alpha': 'none', 'dynamic': False, 'candidate_num': 0}
eval_step = 1
stopping_step = 10
clip_grad_norm = None
weight_decay = 0.0
loss_decimal_place = 4

Evaluation Hyper Parameters:
eval_args = {'split': {'LS': 'valid_and_test'}, 'order': 'TO', 'group_by': 'user', 'mode': {'valid': 'uni100', 'test': 'uni100'}}
repeatable = True
metrics = ['Hit', 'NDCG', 'MRR']
topk = [10]
valid_metric = MRR@10
valid_metric_bigger = True
eval_batch_size = 512
metric_decimal_place = 4

Dataset Hyper Parameters:
field_separator = 	
seq_separator =  
USER_ID_FIELD = user_id
ITEM_ID_FIELD = item_id
RATING_FIELD = rating
TIME_FIELD = timestamp
seq_len = None
LABEL_FIELD = label
threshold = None
NEG_PREFIX = neg_
load_col = {'inter': ['user_id', 'item_id', 'rating', 'timestamp']}
unload_col = None
unused_col = None
additional_feat_suffix = None
rm_dup_inter = None
val_interval = None
filter_inter_by_user_or_item = True
user_inter_num_interval = [0,inf)
item_inter_num_interval = [0,inf)
alias_of_user_id = None
alias_of_item_id = None
alias_of_entity_id = None
alias_of_relation_id = None
preload_weight = None
normalize_field = None
normalize_all = None
ITEM_LIST_LENGTH_FIELD = item_length
LIST_SUFFIX = _list
MAX_ITEM_LIST_LENGTH = 32
POSITION_FIELD = position_id
HEAD_ENTITY_ID_FIELD = head_id
TAIL_ENTITY_ID_FIELD = tail_id
RELATION_ID_FIELD = relation_id
ENTITY_ID_FIELD = entity_id
benchmark_filename = None

Other Hyper Parameters: 
worker = 0
wandb_project = recbole
shuffle = True
require_pow = False
enable_amp = False
enable_scaler = False
transform = None
numerical_features = []
discretization = None
kg_reverse_r = False
entity_kg_num_interval = [0,inf)
relation_kg_num_interval = [0,inf)
MODEL_TYPE = ModelType.SEQUENTIAL
model_name = TimeWeaver
hidden_size = 64
num_layers = 2
hidden_dropout_prob = 0.5
initializer_range = 0.02
time_bucket_size = 1000
ema_decay = 0.2
tcn_kernel_size = 7
ffn_hidden_size = 256
loss_type = CE
early_stop = 10
neg_sampling = None
device = cuda
use_continuous_time = False
use_time_gate = False
use_time_augmentation = False
MODEL_INPUT_TYPE = InputType.POINTWISE
eval_type = EvaluatorType.RANKING
single_spec = True
local_rank = 0
valid_neg_sample_args = {'distribution': 'uniform', 'sample_num': 100}
test_neg_sample_args = {'distribution': 'uniform', 'sample_num': 100}


Fri 13 Feb 2026 01:32:38 INFO  amazon-electronics-5core-subset
The number of users: 1501
Average actions of users: 108.42733333333334
The number of items: 54722
Average actions of items: 2.9721861808080994
The number of inters: 162641
The sparsity of the dataset: 99.80198988231011%
Remain Fields: ['user_id', 'item_id', 'rating', 'timestamp']
Fri 13 Feb 2026 01:32:40 INFO  [Training]: train_batch_size = [256] train_neg_sample_args: [{'distribution': 'none', 'sample_num': 'none', 'alpha': 'none', 'dynamic': False, 'candidate_num': 0}]
Fri 13 Feb 2026 01:32:40 INFO  [Evaluation]: eval_batch_size = [512] eval_args: [{'split': {'LS': 'valid_and_test'}, 'order': 'TO', 'group_by': 'user', 'mode': {'valid': 'uni100', 'test': 'uni100'}}]
Fri 13 Feb 2026 01:32:40 INFO  TimeWeaver(
  (item_embedding): Embedding(54722, 64, padding_idx=0)
  (time_aug): TimeAwareAugmentation(
    (pos_embedding): Embedding(32, 64)
    (time_embedding): Embedding(1000, 64)
    (layer_norm): LayerNorm((64,), eps=1e-05, elementwise_affine=True)
    (drop): Dropout(p=0.5, inplace=False)
  )
  (context_layers): ModuleList(
    (0-1): 2 x TCNNextBlock(
      (dw): DepthwiseConv1d(
        (conv): Conv1d(64, 64, kernel_size=(7,), stride=(1,), padding=(3,), groups=64)
        (bn): BatchNorm1d(64, eps=1e-05, momentum=0.1, affine=True, track_running_stats=True)
        (drop): Dropout(p=0.5, inplace=False)
      )
      (norm1): LayerNorm((64,), eps=1e-05, elementwise_affine=True)
      (conv_inter): ParallelConvInter(
        (conv1): Conv1d(64, 64, kernel_size=(1,), stride=(1,))
        (conv3): Conv1d(64, 64, kernel_size=(3,), stride=(1,), padding=(1,))
        (proj): Conv1d(64, 64, kernel_size=(1,), stride=(1,))
        (drop): Dropout(p=0.5, inplace=False)
      )
      (norm2): LayerNorm((64,), eps=1e-05, elementwise_affine=True)
      (ffn): Sequential(
        (0): Linear(in_features=64, out_features=256, bias=True)
        (1): GELU(approximate='none')
        (2): Dropout(p=0.5, inplace=False)
        (3): Linear(in_features=256, out_features=64, bias=True)
        (4): Dropout(p=0.5, inplace=False)
      )
      (norm3): LayerNorm((64,), eps=1e-05, elementwise_affine=True)
    )
  )
  (dynamic_layers): ModuleList(
    (0-1): 2 x EMAStream(
      (proj): Linear(in_features=64, out_features=64, bias=True)
    )
  )
  (weavers): ModuleList(
    (0-1): 2 x StreamWeaver(
      (proj): Linear(in_features=128, out_features=64, bias=True)
      (norm): LayerNorm((64,), eps=1e-05, elementwise_affine=True)
    )
  )
  (loss_fct): CrossEntropyLoss()
)
Trainable parameters: 3703041.0
Fri 13 Feb 2026 01:32:41 INFO  FLOPs: 4282368.0
Fri 13 Feb 2026 01:33:31 INFO  epoch 0 training [time: 48.71s, train loss: 6490.0385]
Fri 13 Feb 2026 01:33:33 INFO  epoch 0 evaluating [time: 2.56s, valid_score: 0.201300]
Fri 13 Feb 2026 01:33:33 INFO  valid result: 
hit@10 : 0.3713    ndcg@10 : 0.2415    mrr@10 : 0.2013
Fri 13 Feb 2026 01:33:33 INFO  Saving current: saved\TimeWeaver-Feb-13-2026_01-32-41.pth
Fri 13 Feb 2026 01:34:25 INFO  epoch 1 training [time: 52.02s, train loss: 6043.0976]
Fri 13 Feb 2026 01:34:28 INFO  epoch 1 evaluating [time: 2.65s, valid_score: 0.239500]
Fri 13 Feb 2026 01:34:28 INFO  valid result: 
hit@10 : 0.4247    ndcg@10 : 0.2834    mrr@10 : 0.2395
Fri 13 Feb 2026 01:34:28 INFO  Saving current: saved\TimeWeaver-Feb-13-2026_01-32-41.pth
Fri 13 Feb 2026 01:35:18 INFO  epoch 2 training [time: 50.15s, train loss: 5628.1094]
Fri 13 Feb 2026 01:35:21 INFO  epoch 2 evaluating [time: 2.52s, valid_score: 0.239000]
Fri 13 Feb 2026 01:35:21 INFO  valid result: 
hit@10 : 0.4187    ndcg@10 : 0.2816    mrr@10 : 0.239
Fri 13 Feb 2026 01:36:10 INFO  epoch 3 training [time: 49.16s, train loss: 5182.7270]
Fri 13 Feb 2026 01:36:12 INFO  epoch 3 evaluating [time: 2.52s, valid_score: 0.242000]
Fri 13 Feb 2026 01:36:12 INFO  valid result: 
hit@10 : 0.408    ndcg@10 : 0.2813    mrr@10 : 0.242
Fri 13 Feb 2026 01:36:12 INFO  Saving current: saved\TimeWeaver-Feb-13-2026_01-32-41.pth
Fri 13 Feb 2026 01:37:01 INFO  epoch 4 training [time: 48.84s, train loss: 4758.7453]
Fri 13 Feb 2026 01:37:04 INFO  epoch 4 evaluating [time: 2.53s, valid_score: 0.241300]
Fri 13 Feb 2026 01:37:04 INFO  valid result: 
hit@10 : 0.4113    ndcg@10 : 0.2816    mrr@10 : 0.2413
Fri 13 Feb 2026 01:37:52 INFO  epoch 5 training [time: 48.69s, train loss: 4397.1057]
Fri 13 Feb 2026 01:37:55 INFO  epoch 5 evaluating [time: 2.53s, valid_score: 0.249600]
Fri 13 Feb 2026 01:37:55 INFO  valid result: 
hit@10 : 0.4093    ndcg@10 : 0.2873    mrr@10 : 0.2496
Fri 13 Feb 2026 01:37:55 INFO  Saving current: saved\TimeWeaver-Feb-13-2026_01-32-41.pth
Fri 13 Feb 2026 01:38:48 INFO  epoch 6 training [time: 52.65s, train loss: 4102.8926]
Fri 13 Feb 2026 01:38:50 INFO  epoch 6 evaluating [time: 2.67s, valid_score: 0.235700]
Fri 13 Feb 2026 01:38:50 INFO  valid result: 
hit@10 : 0.4087    ndcg@10 : 0.2765    mrr@10 : 0.2357
Fri 13 Feb 2026 01:39:40 INFO  epoch 7 training [time: 49.53s, train loss: 3881.4551]
Fri 13 Feb 2026 01:39:42 INFO  epoch 7 evaluating [time: 2.57s, valid_score: 0.237800]
Fri 13 Feb 2026 01:39:42 INFO  valid result: 
hit@10 : 0.4    ndcg@10 : 0.2761    mrr@10 : 0.2378
Fri 13 Feb 2026 01:40:32 INFO  epoch 8 training [time: 49.62s, train loss: 3698.3232]
Fri 13 Feb 2026 01:40:35 INFO  epoch 8 evaluating [time: 2.62s, valid_score: 0.226800]
Fri 13 Feb 2026 01:40:35 INFO  valid result: 
hit@10 : 0.398    ndcg@10 : 0.2671    mrr@10 : 0.2268
Fri 13 Feb 2026 01:41:24 INFO  epoch 9 training [time: 48.98s, train loss: 3542.0347]
Fri 13 Feb 2026 01:41:26 INFO  epoch 9 evaluating [time: 2.58s, valid_score: 0.223200]
Fri 13 Feb 2026 01:41:26 INFO  valid result: 
hit@10 : 0.388    ndcg@10 : 0.2622    mrr@10 : 0.2232
Fri 13 Feb 2026 01:42:17 INFO  epoch 10 training [time: 50.44s, train loss: 3409.2954]
Fri 13 Feb 2026 01:42:19 INFO  epoch 10 evaluating [time: 2.65s, valid_score: 0.226100]
Fri 13 Feb 2026 01:42:19 INFO  valid result: 
hit@10 : 0.404    ndcg@10 : 0.2679    mrr@10 : 0.2261
Fri 13 Feb 2026 01:43:10 INFO  epoch 11 training [time: 50.38s, train loss: 3288.0832]
Fri 13 Feb 2026 01:43:12 INFO  epoch 11 evaluating [time: 2.51s, valid_score: 0.217200]
Fri 13 Feb 2026 01:43:12 INFO  valid result: 
hit@10 : 0.3907    ndcg@10 : 0.2581    mrr@10 : 0.2172
Fri 13 Feb 2026 01:44:01 INFO  epoch 12 training [time: 48.78s, train loss: 3179.4162]
Fri 13 Feb 2026 01:44:03 INFO  epoch 12 evaluating [time: 2.54s, valid_score: 0.220000]
Fri 13 Feb 2026 01:44:03 INFO  valid result: 
hit@10 : 0.3833    ndcg@10 : 0.2584    mrr@10 : 0.22
Fri 13 Feb 2026 01:44:53 INFO  epoch 13 training [time: 49.20s, train loss: 3068.8922]
Fri 13 Feb 2026 01:44:55 INFO  epoch 13 evaluating [time: 2.57s, valid_score: 0.215700]
Fri 13 Feb 2026 01:44:55 INFO  valid result: 
hit@10 : 0.3753    ndcg@10 : 0.2533    mrr@10 : 0.2157
Fri 13 Feb 2026 01:45:44 INFO  epoch 14 training [time: 49.09s, train loss: 2975.5203]
Fri 13 Feb 2026 01:45:47 INFO  epoch 14 evaluating [time: 2.49s, valid_score: 0.219800]
Fri 13 Feb 2026 01:45:47 INFO  valid result: 
hit@10 : 0.3847    ndcg@10 : 0.2584    mrr@10 : 0.2198
Fri 13 Feb 2026 01:46:39 INFO  epoch 15 training [time: 52.02s, train loss: 2886.9138]
Fri 13 Feb 2026 01:46:41 INFO  epoch 15 evaluating [time: 2.67s, valid_score: 0.214100]
Fri 13 Feb 2026 01:46:41 INFO  valid result: 
hit@10 : 0.3773    ndcg@10 : 0.2525    mrr@10 : 0.2141
Fri 13 Feb 2026 01:47:31 INFO  epoch 16 training [time: 49.29s, train loss: 2796.7156]
Fri 13 Feb 2026 01:47:33 INFO  epoch 16 evaluating [time: 2.55s, valid_score: 0.206500]
Fri 13 Feb 2026 01:47:33 INFO  valid result: 
hit@10 : 0.376    ndcg@10 : 0.2462    mrr@10 : 0.2065
Fri 13 Feb 2026 01:47:33 INFO  Finished training, best eval result in epoch 5
Fri 13 Feb 2026 01:47:33 INFO  Loading model structure and parameters from saved\TimeWeaver-Feb-13-2026_01-32-41.pth
Fri 13 Feb 2026 01:47:37 INFO  The running environment of this training is as follows:
+-------------+----------------+
| Environment |     Usage      |
+=============+================+
| CPU         |     5.40 %     |
+-------------+----------------+
| GPU         | 0.48 G/6.00 G  |
+-------------+----------------+
| Memory      | 1.55 G/15.63 G |
+-------------+----------------+
Fri 13 Feb 2026 01:47:37 INFO  best valid : OrderedDict([('hit@10', 0.4093), ('ndcg@10', 0.2873), ('mrr@10', 0.2496)])
Fri 13 Feb 2026 01:47:37 INFO  test result: OrderedDict([('hit@10', 0.3673), ('ndcg@10', 0.2396), ('mrr@10', 0.2004)])
