Tue 10 Feb 2026 00:21:24 INFO  ['F:\\桌面\\recommendation_system\\scripts\\run_grid.py', '--models', 'timeweaver', '--datasets', 'ml-100k', '--seeds', '42', '--device', 'gpu', '--timeweaver-variant', 'base', '--tag', 'e0p2_k7_d0p2_l2_f512_b1000', '--output', 'results/run_grid_timeweaver_tune.json', '--tw-ema-decay', '0.2', '--tw-tcn-kernel', '7', '--tw-hidden-dropout', '0.2', '--tw-num-layers', '2', '--tw-ffn-hidden', '512', '--tw-time-bucket', '1000']
Tue 10 Feb 2026 00:21:24 INFO  
General Hyper Parameters:
gpu_id = 0
use_gpu = True
seed = 42
state = INFO
reproducibility = True
data_path = F:\anaconda3\envs\rec39\Lib\site-packages\recbole\config\../dataset_example/ml-100k
checkpoint_dir = saved
show_progress = True
save_dataset = False
dataset_save_path = None
save_dataloaders = False
dataloaders_save_path = None
log_wandb = False

Training Hyper Parameters:
epochs = 100
train_batch_size = 256
learner = adam
learning_rate = 0.001
train_neg_sample_args = {'distribution': 'none', 'sample_num': 'none', 'alpha': 'none', 'dynamic': False, 'candidate_num': 0}
eval_step = 1
stopping_step = 10
clip_grad_norm = None
weight_decay = 0.0
loss_decimal_place = 4

Evaluation Hyper Parameters:
eval_args = {'split': {'LS': 'valid_and_test'}, 'order': 'TO', 'group_by': 'user', 'mode': {'valid': 'uni100', 'test': 'uni100'}}
repeatable = True
metrics = ['Hit', 'NDCG', 'MRR']
topk = [10]
valid_metric = MRR@10
valid_metric_bigger = True
eval_batch_size = 512
metric_decimal_place = 4

Dataset Hyper Parameters:
field_separator = 	
seq_separator =  
USER_ID_FIELD = user_id
ITEM_ID_FIELD = item_id
RATING_FIELD = rating
TIME_FIELD = timestamp
seq_len = None
LABEL_FIELD = label
threshold = None
NEG_PREFIX = neg_
load_col = {'inter': ['user_id', 'item_id', 'rating', 'timestamp'], 'user': ['user_id', 'age', 'gender', 'occupation', 'zip_code'], 'item': ['item_id', 'movie_title', 'release_year', 'class']}
unload_col = None
unused_col = None
additional_feat_suffix = None
rm_dup_inter = None
val_interval = None
filter_inter_by_user_or_item = True
user_inter_num_interval = None
item_inter_num_interval = None
alias_of_user_id = None
alias_of_item_id = None
alias_of_entity_id = None
alias_of_relation_id = None
preload_weight = None
normalize_field = None
normalize_all = True
ITEM_LIST_LENGTH_FIELD = item_length
LIST_SUFFIX = _list
MAX_ITEM_LIST_LENGTH = 32
POSITION_FIELD = position_id
HEAD_ENTITY_ID_FIELD = head_id
TAIL_ENTITY_ID_FIELD = tail_id
RELATION_ID_FIELD = relation_id
ENTITY_ID_FIELD = entity_id
kg_reverse_r = False
entity_kg_num_interval = None
relation_kg_num_interval = None
benchmark_filename = None

Other Hyper Parameters: 
worker = 0
wandb_project = recbole
shuffle = True
require_pow = False
enable_amp = False
enable_scaler = False
transform = None
numerical_features = []
discretization = None
MODEL_TYPE = ModelType.SEQUENTIAL
model_name = TimeWeaver
hidden_size = 64
num_layers = 2
hidden_dropout_prob = 0.2
initializer_range = 0.02
time_bucket_size = 1000
ema_decay = 0.2
tcn_kernel_size = 7
ffn_hidden_size = 512
loss_type = CE
early_stop = 10
neg_sampling = None
device = cuda
use_continuous_time = False
use_time_gate = False
use_time_augmentation = False
MODEL_INPUT_TYPE = InputType.POINTWISE
eval_type = EvaluatorType.RANKING
single_spec = True
local_rank = 0
valid_neg_sample_args = {'distribution': 'uniform', 'sample_num': 100}
test_neg_sample_args = {'distribution': 'uniform', 'sample_num': 100}


Tue 10 Feb 2026 00:21:24 INFO  ml-100k
The number of users: 944
Average actions of users: 106.04453870625663
The number of items: 1683
Average actions of items: 59.45303210463734
The number of inters: 100000
The sparsity of the dataset: 93.70575143257098%
Remain Fields: ['user_id', 'item_id', 'rating', 'timestamp', 'age', 'gender', 'occupation', 'zip_code', 'movie_title', 'release_year', 'class']
Tue 10 Feb 2026 00:21:26 INFO  [Training]: train_batch_size = [256] train_neg_sample_args: [{'distribution': 'none', 'sample_num': 'none', 'alpha': 'none', 'dynamic': False, 'candidate_num': 0}]
Tue 10 Feb 2026 00:21:26 INFO  [Evaluation]: eval_batch_size = [512] eval_args: [{'split': {'LS': 'valid_and_test'}, 'order': 'TO', 'group_by': 'user', 'mode': {'valid': 'uni100', 'test': 'uni100'}}]
Tue 10 Feb 2026 00:21:26 INFO  TimeWeaver(
  (item_embedding): Embedding(1683, 64, padding_idx=0)
  (time_aug): TimeAwareAugmentation(
    (pos_embedding): Embedding(32, 64)
    (time_embedding): Embedding(1000, 64)
    (layer_norm): LayerNorm((64,), eps=1e-05, elementwise_affine=True)
    (drop): Dropout(p=0.2, inplace=False)
  )
  (context_layers): ModuleList(
    (0-1): 2 x TCNNextBlock(
      (dw): DepthwiseConv1d(
        (conv): Conv1d(64, 64, kernel_size=(7,), stride=(1,), padding=(3,), groups=64)
        (bn): BatchNorm1d(64, eps=1e-05, momentum=0.1, affine=True, track_running_stats=True)
        (drop): Dropout(p=0.2, inplace=False)
      )
      (norm1): LayerNorm((64,), eps=1e-05, elementwise_affine=True)
      (conv_inter): ParallelConvInter(
        (conv1): Conv1d(64, 64, kernel_size=(1,), stride=(1,))
        (conv3): Conv1d(64, 64, kernel_size=(3,), stride=(1,), padding=(1,))
        (proj): Conv1d(64, 64, kernel_size=(1,), stride=(1,))
        (drop): Dropout(p=0.2, inplace=False)
      )
      (norm2): LayerNorm((64,), eps=1e-05, elementwise_affine=True)
      (ffn): Sequential(
        (0): Linear(in_features=64, out_features=512, bias=True)
        (1): GELU(approximate='none')
        (2): Dropout(p=0.2, inplace=False)
        (3): Linear(in_features=512, out_features=64, bias=True)
        (4): Dropout(p=0.2, inplace=False)
      )
      (norm3): LayerNorm((64,), eps=1e-05, elementwise_affine=True)
    )
  )
  (dynamic_layers): ModuleList(
    (0-1): 2 x EMAStream(
      (proj): Linear(in_features=64, out_features=64, bias=True)
    )
  )
  (weavers): ModuleList(
    (0-1): 2 x StreamWeaver(
      (proj): Linear(in_features=128, out_features=64, bias=True)
      (norm): LayerNorm((64,), eps=1e-05, elementwise_affine=True)
    )
  )
  (loss_fct): CrossEntropyLoss()
)
Trainable parameters: 374593.0
Tue 10 Feb 2026 00:21:26 INFO  FLOPs: 6379520.0
Tue 10 Feb 2026 00:21:58 INFO  epoch 0 training [time: 31.03s, train loss: 2429.5564]
Tue 10 Feb 2026 00:22:00 INFO  epoch 0 evaluating [time: 2.18s, valid_score: 0.280500]
Tue 10 Feb 2026 00:22:00 INFO  valid result: 
hit@10 : 0.6649    ndcg@10 : 0.3705    mrr@10 : 0.2805
Tue 10 Feb 2026 00:22:00 INFO  Saving current: saved\TimeWeaver-Feb-10-2026_00-21-26.pth
Tue 10 Feb 2026 00:22:32 INFO  epoch 1 training [time: 31.35s, train loss: 2231.7959]
Tue 10 Feb 2026 00:22:34 INFO  epoch 1 evaluating [time: 2.13s, valid_score: 0.329500]
Tue 10 Feb 2026 00:22:34 INFO  valid result: 
hit@10 : 0.7063    ndcg@10 : 0.4181    mrr@10 : 0.3295
Tue 10 Feb 2026 00:22:34 INFO  Saving current: saved\TimeWeaver-Feb-10-2026_00-21-26.pth
Tue 10 Feb 2026 00:23:04 INFO  epoch 2 training [time: 30.67s, train loss: 2188.5624]
Tue 10 Feb 2026 00:23:07 INFO  epoch 2 evaluating [time: 2.16s, valid_score: 0.337700]
Tue 10 Feb 2026 00:23:07 INFO  valid result: 
hit@10 : 0.7084    ndcg@10 : 0.4253    mrr@10 : 0.3377
Tue 10 Feb 2026 00:23:07 INFO  Saving current: saved\TimeWeaver-Feb-10-2026_00-21-26.pth
Tue 10 Feb 2026 00:23:40 INFO  epoch 3 training [time: 33.17s, train loss: 2162.7096]
Tue 10 Feb 2026 00:23:42 INFO  epoch 3 evaluating [time: 2.19s, valid_score: 0.338700]
Tue 10 Feb 2026 00:23:42 INFO  valid result: 
hit@10 : 0.7296    ndcg@10 : 0.431    mrr@10 : 0.3387
Tue 10 Feb 2026 00:23:42 INFO  Saving current: saved\TimeWeaver-Feb-10-2026_00-21-26.pth
Tue 10 Feb 2026 00:24:14 INFO  epoch 4 training [time: 31.55s, train loss: 2142.5011]
Tue 10 Feb 2026 00:24:16 INFO  epoch 4 evaluating [time: 2.12s, valid_score: 0.358000]
Tue 10 Feb 2026 00:24:16 INFO  valid result: 
hit@10 : 0.7328    ndcg@10 : 0.4467    mrr@10 : 0.358
Tue 10 Feb 2026 00:24:16 INFO  Saving current: saved\TimeWeaver-Feb-10-2026_00-21-26.pth
Tue 10 Feb 2026 00:24:46 INFO  epoch 5 training [time: 30.73s, train loss: 2125.7748]
Tue 10 Feb 2026 00:24:49 INFO  epoch 5 evaluating [time: 2.19s, valid_score: 0.348200]
Tue 10 Feb 2026 00:24:49 INFO  valid result: 
hit@10 : 0.7232    ndcg@10 : 0.4375    mrr@10 : 0.3482
Tue 10 Feb 2026 00:25:20 INFO  epoch 6 training [time: 30.97s, train loss: 2111.1582]
Tue 10 Feb 2026 00:25:22 INFO  epoch 6 evaluating [time: 2.09s, valid_score: 0.350000]
Tue 10 Feb 2026 00:25:22 INFO  valid result: 
hit@10 : 0.7381    ndcg@10 : 0.4419    mrr@10 : 0.35
Tue 10 Feb 2026 00:25:53 INFO  epoch 7 training [time: 31.15s, train loss: 2098.0410]
Tue 10 Feb 2026 00:25:55 INFO  epoch 7 evaluating [time: 2.16s, valid_score: 0.361700]
Tue 10 Feb 2026 00:25:55 INFO  valid result: 
hit@10 : 0.7306    ndcg@10 : 0.4491    mrr@10 : 0.3617
Tue 10 Feb 2026 00:25:55 INFO  Saving current: saved\TimeWeaver-Feb-10-2026_00-21-26.pth
Tue 10 Feb 2026 00:26:27 INFO  epoch 8 training [time: 31.59s, train loss: 2087.6295]
Tue 10 Feb 2026 00:26:29 INFO  epoch 8 evaluating [time: 2.12s, valid_score: 0.356600]
Tue 10 Feb 2026 00:26:29 INFO  valid result: 
hit@10 : 0.7391    ndcg@10 : 0.4471    mrr@10 : 0.3566
Tue 10 Feb 2026 00:26:59 INFO  epoch 9 training [time: 30.67s, train loss: 2077.2673]
Tue 10 Feb 2026 00:27:02 INFO  epoch 9 evaluating [time: 2.13s, valid_score: 0.340900]
Tue 10 Feb 2026 00:27:02 INFO  valid result: 
hit@10 : 0.7328    ndcg@10 : 0.4337    mrr@10 : 0.3409
Tue 10 Feb 2026 00:27:35 INFO  epoch 10 training [time: 33.56s, train loss: 2067.5212]
Tue 10 Feb 2026 00:27:37 INFO  epoch 10 evaluating [time: 2.27s, valid_score: 0.339200]
Tue 10 Feb 2026 00:27:37 INFO  valid result: 
hit@10 : 0.7211    ndcg@10 : 0.4297    mrr@10 : 0.3392
Tue 10 Feb 2026 00:28:09 INFO  epoch 11 training [time: 31.86s, train loss: 2059.2156]
Tue 10 Feb 2026 00:28:11 INFO  epoch 11 evaluating [time: 2.10s, valid_score: 0.353000]
Tue 10 Feb 2026 00:28:11 INFO  valid result: 
hit@10 : 0.7328    ndcg@10 : 0.4429    mrr@10 : 0.353
Tue 10 Feb 2026 00:28:42 INFO  epoch 12 training [time: 30.69s, train loss: 2052.2191]
Tue 10 Feb 2026 00:28:44 INFO  epoch 12 evaluating [time: 2.16s, valid_score: 0.341400]
Tue 10 Feb 2026 00:28:44 INFO  valid result: 
hit@10 : 0.7296    ndcg@10 : 0.4335    mrr@10 : 0.3414
Tue 10 Feb 2026 00:29:16 INFO  epoch 13 training [time: 31.35s, train loss: 2044.8502]
Tue 10 Feb 2026 00:29:18 INFO  epoch 13 evaluating [time: 2.09s, valid_score: 0.347800]
Tue 10 Feb 2026 00:29:18 INFO  valid result: 
hit@10 : 0.7306    ndcg@10 : 0.4383    mrr@10 : 0.3478
Tue 10 Feb 2026 00:29:49 INFO  epoch 14 training [time: 31.39s, train loss: 2036.8855]
Tue 10 Feb 2026 00:29:51 INFO  epoch 14 evaluating [time: 2.14s, valid_score: 0.342600]
Tue 10 Feb 2026 00:29:51 INFO  valid result: 
hit@10 : 0.7359    ndcg@10 : 0.4353    mrr@10 : 0.3426
Tue 10 Feb 2026 00:30:23 INFO  epoch 15 training [time: 31.46s, train loss: 2031.2826]
Tue 10 Feb 2026 00:30:25 INFO  epoch 15 evaluating [time: 2.16s, valid_score: 0.352000]
Tue 10 Feb 2026 00:30:25 INFO  valid result: 
hit@10 : 0.7275    ndcg@10 : 0.441    mrr@10 : 0.352
Tue 10 Feb 2026 00:30:56 INFO  epoch 16 training [time: 31.08s, train loss: 2025.3116]
Tue 10 Feb 2026 00:30:58 INFO  epoch 16 evaluating [time: 2.11s, valid_score: 0.325100]
Tue 10 Feb 2026 00:30:58 INFO  valid result: 
hit@10 : 0.702    ndcg@10 : 0.4147    mrr@10 : 0.3251
Tue 10 Feb 2026 00:31:31 INFO  epoch 17 training [time: 32.95s, train loss: 2019.1744]
Tue 10 Feb 2026 00:31:33 INFO  epoch 17 evaluating [time: 2.21s, valid_score: 0.329400]
Tue 10 Feb 2026 00:31:33 INFO  valid result: 
hit@10 : 0.7306    ndcg@10 : 0.4243    mrr@10 : 0.3294
Tue 10 Feb 2026 00:32:05 INFO  epoch 18 training [time: 32.05s, train loss: 2013.1822]
Tue 10 Feb 2026 00:32:07 INFO  epoch 18 evaluating [time: 2.12s, valid_score: 0.329800]
Tue 10 Feb 2026 00:32:07 INFO  valid result: 
hit@10 : 0.719    ndcg@10 : 0.4211    mrr@10 : 0.3298
Tue 10 Feb 2026 00:32:07 INFO  Finished training, best eval result in epoch 7
Tue 10 Feb 2026 00:32:07 INFO  Loading model structure and parameters from saved\TimeWeaver-Feb-10-2026_00-21-26.pth
Tue 10 Feb 2026 00:32:10 INFO  The running environment of this training is as follows:
+-------------+----------------+
| Environment |     Usage      |
+=============+================+
| CPU         |     4.90 %     |
+-------------+----------------+
| GPU         | 0.28 G/6.00 G  |
+-------------+----------------+
| Memory      | 1.42 G/15.63 G |
+-------------+----------------+
Tue 10 Feb 2026 00:32:10 INFO  best valid : OrderedDict([('hit@10', 0.7306), ('ndcg@10', 0.4491), ('mrr@10', 0.3617)])
Tue 10 Feb 2026 00:32:10 INFO  test result: OrderedDict([('hit@10', 0.7105), ('ndcg@10', 0.413), ('mrr@10', 0.3212)])
