Fri 13 Feb 2026 10:11:59 INFO  ['scripts/run_grid.py', '--models', 'timeweaver', '--datasets', 'amazon-electronics-5core-subset', '--timeweaver-variant', 'base', '--seeds', '42,2023,2024', '--skip-if-done']
Fri 13 Feb 2026 10:11:59 INFO  
General Hyper Parameters:
gpu_id = 0
use_gpu = True
seed = 42
state = INFO
reproducibility = True
data_path = data/amazon\amazon-electronics-5core-subset
checkpoint_dir = saved
show_progress = True
save_dataset = False
dataset_save_path = None
save_dataloaders = False
dataloaders_save_path = None
log_wandb = False

Training Hyper Parameters:
epochs = 100
train_batch_size = 256
learner = adam
learning_rate = 0.001
train_neg_sample_args = {'distribution': 'none', 'sample_num': 'none', 'alpha': 'none', 'dynamic': False, 'candidate_num': 0}
eval_step = 1
stopping_step = 10
clip_grad_norm = None
weight_decay = 0.0
loss_decimal_place = 4

Evaluation Hyper Parameters:
eval_args = {'split': {'LS': 'valid_and_test'}, 'order': 'TO', 'group_by': 'user', 'mode': {'valid': 'uni100', 'test': 'uni100'}}
repeatable = True
metrics = ['Hit', 'NDCG', 'MRR']
topk = [10]
valid_metric = MRR@10
valid_metric_bigger = True
eval_batch_size = 512
metric_decimal_place = 4

Dataset Hyper Parameters:
field_separator = 	
seq_separator =  
USER_ID_FIELD = user_id
ITEM_ID_FIELD = item_id
RATING_FIELD = rating
TIME_FIELD = timestamp
seq_len = None
LABEL_FIELD = label
threshold = None
NEG_PREFIX = neg_
load_col = {'inter': ['user_id', 'item_id', 'rating', 'timestamp']}
unload_col = None
unused_col = None
additional_feat_suffix = None
rm_dup_inter = None
val_interval = None
filter_inter_by_user_or_item = True
user_inter_num_interval = [0,inf)
item_inter_num_interval = [0,inf)
alias_of_user_id = None
alias_of_item_id = None
alias_of_entity_id = None
alias_of_relation_id = None
preload_weight = None
normalize_field = None
normalize_all = None
ITEM_LIST_LENGTH_FIELD = item_length
LIST_SUFFIX = _list
MAX_ITEM_LIST_LENGTH = 32
POSITION_FIELD = position_id
HEAD_ENTITY_ID_FIELD = head_id
TAIL_ENTITY_ID_FIELD = tail_id
RELATION_ID_FIELD = relation_id
ENTITY_ID_FIELD = entity_id
benchmark_filename = None

Other Hyper Parameters: 
worker = 0
wandb_project = recbole
shuffle = True
require_pow = False
enable_amp = False
enable_scaler = False
transform = None
numerical_features = []
discretization = None
kg_reverse_r = False
entity_kg_num_interval = [0,inf)
relation_kg_num_interval = [0,inf)
MODEL_TYPE = ModelType.SEQUENTIAL
model_name = TimeWeaver
hidden_size = 64
num_layers = 2
hidden_dropout_prob = 0.2
initializer_range = 0.02
time_bucket_size = 1000
ema_decay = 0.05
tcn_kernel_size = 7
ffn_hidden_size = 512
loss_type = CE
early_stop = 10
neg_sampling = None
device = cuda
use_continuous_time = False
use_time_gate = False
use_time_augmentation = False
MODEL_INPUT_TYPE = InputType.POINTWISE
eval_type = EvaluatorType.RANKING
single_spec = True
local_rank = 0
valid_neg_sample_args = {'distribution': 'uniform', 'sample_num': 100}
test_neg_sample_args = {'distribution': 'uniform', 'sample_num': 100}


Fri 13 Feb 2026 10:11:59 INFO  amazon-electronics-5core-subset
The number of users: 1501
Average actions of users: 108.42733333333334
The number of items: 54722
Average actions of items: 2.9721861808080994
The number of inters: 162641
The sparsity of the dataset: 99.80198988231011%
Remain Fields: ['user_id', 'item_id', 'rating', 'timestamp']
Fri 13 Feb 2026 10:12:02 INFO  [Training]: train_batch_size = [256] train_neg_sample_args: [{'distribution': 'none', 'sample_num': 'none', 'alpha': 'none', 'dynamic': False, 'candidate_num': 0}]
Fri 13 Feb 2026 10:12:02 INFO  [Evaluation]: eval_batch_size = [512] eval_args: [{'split': {'LS': 'valid_and_test'}, 'order': 'TO', 'group_by': 'user', 'mode': {'valid': 'uni100', 'test': 'uni100'}}]
Fri 13 Feb 2026 10:12:02 INFO  TimeWeaver(
  (item_embedding): Embedding(54722, 64, padding_idx=0)
  (time_aug): TimeAwareAugmentation(
    (pos_embedding): Embedding(32, 64)
    (time_embedding): Embedding(1000, 64)
    (layer_norm): LayerNorm((64,), eps=1e-05, elementwise_affine=True)
    (drop): Dropout(p=0.2, inplace=False)
  )
  (context_layers): ModuleList(
    (0-1): 2 x TCNNextBlock(
      (dw): DepthwiseConv1d(
        (conv): Conv1d(64, 64, kernel_size=(7,), stride=(1,), padding=(3,), groups=64)
        (bn): BatchNorm1d(64, eps=1e-05, momentum=0.1, affine=True, track_running_stats=True)
        (drop): Dropout(p=0.2, inplace=False)
      )
      (norm1): LayerNorm((64,), eps=1e-05, elementwise_affine=True)
      (conv_inter): ParallelConvInter(
        (conv1): Conv1d(64, 64, kernel_size=(1,), stride=(1,))
        (conv3): Conv1d(64, 64, kernel_size=(3,), stride=(1,), padding=(1,))
        (proj): Conv1d(64, 64, kernel_size=(1,), stride=(1,))
        (drop): Dropout(p=0.2, inplace=False)
      )
      (norm2): LayerNorm((64,), eps=1e-05, elementwise_affine=True)
      (ffn): Sequential(
        (0): Linear(in_features=64, out_features=512, bias=True)
        (1): GELU(approximate='none')
        (2): Dropout(p=0.2, inplace=False)
        (3): Linear(in_features=512, out_features=64, bias=True)
        (4): Dropout(p=0.2, inplace=False)
      )
      (norm3): LayerNorm((64,), eps=1e-05, elementwise_affine=True)
    )
  )
  (dynamic_layers): ModuleList(
    (0-1): 2 x EMAStream(
      (proj): Linear(in_features=64, out_features=64, bias=True)
    )
  )
  (weavers): ModuleList(
    (0-1): 2 x StreamWeaver(
      (proj): Linear(in_features=128, out_features=64, bias=True)
      (norm): LayerNorm((64,), eps=1e-05, elementwise_affine=True)
    )
  )
  (loss_fct): CrossEntropyLoss()
)
Trainable parameters: 3769089.0
Fri 13 Feb 2026 10:12:02 INFO  FLOPs: 6379520.0
Fri 13 Feb 2026 10:12:53 INFO  epoch 0 training [time: 49.29s, train loss: 6451.3260]
Fri 13 Feb 2026 10:12:56 INFO  epoch 0 evaluating [time: 2.80s, valid_score: 0.216500]
Fri 13 Feb 2026 10:12:56 INFO  valid result: 
hit@10 : 0.4087    ndcg@10 : 0.2619    mrr@10 : 0.2165
Fri 13 Feb 2026 10:12:56 INFO  Saving current: saved\TimeWeaver-Feb-13-2026_10-12-02.pth
Fri 13 Feb 2026 10:13:44 INFO  epoch 1 training [time: 48.36s, train loss: 5802.6545]
Fri 13 Feb 2026 10:13:47 INFO  epoch 1 evaluating [time: 2.71s, valid_score: 0.252400]
Fri 13 Feb 2026 10:13:47 INFO  valid result: 
hit@10 : 0.4393    ndcg@10 : 0.2969    mrr@10 : 0.2524
Fri 13 Feb 2026 10:13:47 INFO  Saving current: saved\TimeWeaver-Feb-13-2026_10-12-02.pth
Fri 13 Feb 2026 10:14:39 INFO  epoch 2 training [time: 51.59s, train loss: 5010.0786]
Fri 13 Feb 2026 10:14:41 INFO  epoch 2 evaluating [time: 2.81s, valid_score: 0.233600]
Fri 13 Feb 2026 10:14:41 INFO  valid result: 
hit@10 : 0.4027    ndcg@10 : 0.2736    mrr@10 : 0.2336
Fri 13 Feb 2026 10:15:30 INFO  epoch 3 training [time: 48.68s, train loss: 4278.2348]
Fri 13 Feb 2026 10:15:33 INFO  epoch 3 evaluating [time: 2.80s, valid_score: 0.223500]
Fri 13 Feb 2026 10:15:33 INFO  valid result: 
hit@10 : 0.3933    ndcg@10 : 0.2634    mrr@10 : 0.2235
Fri 13 Feb 2026 10:16:22 INFO  epoch 4 training [time: 48.82s, train loss: 3764.9165]
Fri 13 Feb 2026 10:16:25 INFO  epoch 4 evaluating [time: 2.79s, valid_score: 0.217400]
Fri 13 Feb 2026 10:16:25 INFO  valid result: 
hit@10 : 0.3887    ndcg@10 : 0.2577    mrr@10 : 0.2174
Fri 13 Feb 2026 10:17:15 INFO  epoch 5 training [time: 49.93s, train loss: 3385.7239]
Fri 13 Feb 2026 10:17:17 INFO  epoch 5 evaluating [time: 2.74s, valid_score: 0.205700]
Fri 13 Feb 2026 10:17:17 INFO  valid result: 
hit@10 : 0.3667    ndcg@10 : 0.2436    mrr@10 : 0.2057
Fri 13 Feb 2026 10:18:07 INFO  epoch 6 training [time: 49.99s, train loss: 3069.4670]
Fri 13 Feb 2026 10:18:10 INFO  epoch 6 evaluating [time: 2.91s, valid_score: 0.193200]
Fri 13 Feb 2026 10:18:10 INFO  valid result: 
hit@10 : 0.3547    ndcg@10 : 0.231    mrr@10 : 0.1932
Fri 13 Feb 2026 10:19:01 INFO  epoch 7 training [time: 50.99s, train loss: 2803.0948]
Fri 13 Feb 2026 10:19:04 INFO  epoch 7 evaluating [time: 2.76s, valid_score: 0.207700]
Fri 13 Feb 2026 10:19:04 INFO  valid result: 
hit@10 : 0.3527    ndcg@10 : 0.2417    mrr@10 : 0.2077
Fri 13 Feb 2026 10:19:55 INFO  epoch 8 training [time: 50.91s, train loss: 2579.6554]
Fri 13 Feb 2026 10:19:58 INFO  epoch 8 evaluating [time: 2.92s, valid_score: 0.188400]
Fri 13 Feb 2026 10:19:58 INFO  valid result: 
hit@10 : 0.3387    ndcg@10 : 0.2238    mrr@10 : 0.1884
Fri 13 Feb 2026 10:20:49 INFO  epoch 9 training [time: 50.93s, train loss: 2388.7122]
Fri 13 Feb 2026 10:20:52 INFO  epoch 9 evaluating [time: 2.85s, valid_score: 0.188900]
Fri 13 Feb 2026 10:20:52 INFO  valid result: 
hit@10 : 0.3433    ndcg@10 : 0.2251    mrr@10 : 0.1889
Fri 13 Feb 2026 10:21:41 INFO  epoch 10 training [time: 49.79s, train loss: 2236.1525]
Fri 13 Feb 2026 10:21:44 INFO  epoch 10 evaluating [time: 2.71s, valid_score: 0.179000]
Fri 13 Feb 2026 10:21:44 INFO  valid result: 
hit@10 : 0.3273    ndcg@10 : 0.2139    mrr@10 : 0.179
Fri 13 Feb 2026 10:22:35 INFO  epoch 11 training [time: 51.14s, train loss: 2098.7803]
Fri 13 Feb 2026 10:22:38 INFO  epoch 11 evaluating [time: 2.83s, valid_score: 0.178500]
Fri 13 Feb 2026 10:22:38 INFO  valid result: 
hit@10 : 0.3307    ndcg@10 : 0.2143    mrr@10 : 0.1785
Fri 13 Feb 2026 10:23:26 INFO  epoch 12 training [time: 48.33s, train loss: 1981.6428]
Fri 13 Feb 2026 10:23:29 INFO  epoch 12 evaluating [time: 2.74s, valid_score: 0.180500]
Fri 13 Feb 2026 10:23:29 INFO  valid result: 
hit@10 : 0.324    ndcg@10 : 0.2144    mrr@10 : 0.1805
Fri 13 Feb 2026 10:23:29 INFO  Finished training, best eval result in epoch 1
Fri 13 Feb 2026 10:23:29 INFO  Loading model structure and parameters from saved\TimeWeaver-Feb-13-2026_10-12-02.pth
Fri 13 Feb 2026 10:23:33 INFO  The running environment of this training is as follows:
+-------------+----------------+
| Environment |     Usage      |
+=============+================+
| CPU         |     4.30 %     |
+-------------+----------------+
| GPU         | 0.51 G/6.00 G  |
+-------------+----------------+
| Memory      | 1.53 G/15.63 G |
+-------------+----------------+
Fri 13 Feb 2026 10:23:33 INFO  best valid : OrderedDict([('hit@10', 0.4393), ('ndcg@10', 0.2969), ('mrr@10', 0.2524)])
Fri 13 Feb 2026 10:23:33 INFO  test result: OrderedDict([('hit@10', 0.43), ('ndcg@10', 0.2834), ('mrr@10', 0.2378)])
Fri 13 Feb 2026 10:23:33 WARNING  command line args [--models timeweaver --datasets amazon-electronics-5core-subset --timeweaver-variant base --seeds 42,2023,2024 --skip-if-done] will not be used in RecBole
Fri 13 Feb 2026 10:23:33 INFO  ['scripts/run_grid.py', '--models', 'timeweaver', '--datasets', 'amazon-electronics-5core-subset', '--timeweaver-variant', 'base', '--seeds', '42,2023,2024', '--skip-if-done']
Fri 13 Feb 2026 10:23:33 INFO  
General Hyper Parameters:
gpu_id = 0
use_gpu = True
seed = 2023
state = INFO
reproducibility = True
data_path = data/amazon\amazon-electronics-5core-subset
checkpoint_dir = saved
show_progress = True
save_dataset = False
dataset_save_path = None
save_dataloaders = False
dataloaders_save_path = None
log_wandb = False

Training Hyper Parameters:
epochs = 100
train_batch_size = 256
learner = adam
learning_rate = 0.001
train_neg_sample_args = {'distribution': 'none', 'sample_num': 'none', 'alpha': 'none', 'dynamic': False, 'candidate_num': 0}
eval_step = 1
stopping_step = 10
clip_grad_norm = None
weight_decay = 0.0
loss_decimal_place = 4

Evaluation Hyper Parameters:
eval_args = {'split': {'LS': 'valid_and_test'}, 'order': 'TO', 'group_by': 'user', 'mode': {'valid': 'uni100', 'test': 'uni100'}}
repeatable = True
metrics = ['Hit', 'NDCG', 'MRR']
topk = [10]
valid_metric = MRR@10
valid_metric_bigger = True
eval_batch_size = 512
metric_decimal_place = 4

Dataset Hyper Parameters:
field_separator = 	
seq_separator =  
USER_ID_FIELD = user_id
ITEM_ID_FIELD = item_id
RATING_FIELD = rating
TIME_FIELD = timestamp
seq_len = None
LABEL_FIELD = label
threshold = None
NEG_PREFIX = neg_
load_col = {'inter': ['user_id', 'item_id', 'rating', 'timestamp']}
unload_col = None
unused_col = None
additional_feat_suffix = None
rm_dup_inter = None
val_interval = None
filter_inter_by_user_or_item = True
user_inter_num_interval = [0,inf)
item_inter_num_interval = [0,inf)
alias_of_user_id = None
alias_of_item_id = None
alias_of_entity_id = None
alias_of_relation_id = None
preload_weight = None
normalize_field = None
normalize_all = None
ITEM_LIST_LENGTH_FIELD = item_length
LIST_SUFFIX = _list
MAX_ITEM_LIST_LENGTH = 32
POSITION_FIELD = position_id
HEAD_ENTITY_ID_FIELD = head_id
TAIL_ENTITY_ID_FIELD = tail_id
RELATION_ID_FIELD = relation_id
ENTITY_ID_FIELD = entity_id
benchmark_filename = None

Other Hyper Parameters: 
worker = 0
wandb_project = recbole
shuffle = True
require_pow = False
enable_amp = False
enable_scaler = False
transform = None
numerical_features = []
discretization = None
kg_reverse_r = False
entity_kg_num_interval = [0,inf)
relation_kg_num_interval = [0,inf)
MODEL_TYPE = ModelType.SEQUENTIAL
model_name = TimeWeaver
hidden_size = 64
num_layers = 2
hidden_dropout_prob = 0.2
initializer_range = 0.02
time_bucket_size = 1000
ema_decay = 0.05
tcn_kernel_size = 7
ffn_hidden_size = 512
loss_type = CE
early_stop = 10
neg_sampling = None
device = cuda
use_continuous_time = False
use_time_gate = False
use_time_augmentation = False
MODEL_INPUT_TYPE = InputType.POINTWISE
eval_type = EvaluatorType.RANKING
single_spec = True
local_rank = 0
valid_neg_sample_args = {'distribution': 'uniform', 'sample_num': 100}
test_neg_sample_args = {'distribution': 'uniform', 'sample_num': 100}


Fri 13 Feb 2026 10:23:33 INFO  amazon-electronics-5core-subset
The number of users: 1501
Average actions of users: 108.42733333333334
The number of items: 54722
Average actions of items: 2.9721861808080994
The number of inters: 162641
The sparsity of the dataset: 99.80198988231011%
Remain Fields: ['user_id', 'item_id', 'rating', 'timestamp']
Fri 13 Feb 2026 10:23:36 INFO  [Training]: train_batch_size = [256] train_neg_sample_args: [{'distribution': 'none', 'sample_num': 'none', 'alpha': 'none', 'dynamic': False, 'candidate_num': 0}]
Fri 13 Feb 2026 10:23:36 INFO  [Evaluation]: eval_batch_size = [512] eval_args: [{'split': {'LS': 'valid_and_test'}, 'order': 'TO', 'group_by': 'user', 'mode': {'valid': 'uni100', 'test': 'uni100'}}]
Fri 13 Feb 2026 10:23:36 INFO  TimeWeaver(
  (item_embedding): Embedding(54722, 64, padding_idx=0)
  (time_aug): TimeAwareAugmentation(
    (pos_embedding): Embedding(32, 64)
    (time_embedding): Embedding(1000, 64)
    (layer_norm): LayerNorm((64,), eps=1e-05, elementwise_affine=True)
    (drop): Dropout(p=0.2, inplace=False)
  )
  (context_layers): ModuleList(
    (0-1): 2 x TCNNextBlock(
      (dw): DepthwiseConv1d(
        (conv): Conv1d(64, 64, kernel_size=(7,), stride=(1,), padding=(3,), groups=64)
        (bn): BatchNorm1d(64, eps=1e-05, momentum=0.1, affine=True, track_running_stats=True)
        (drop): Dropout(p=0.2, inplace=False)
      )
      (norm1): LayerNorm((64,), eps=1e-05, elementwise_affine=True)
      (conv_inter): ParallelConvInter(
        (conv1): Conv1d(64, 64, kernel_size=(1,), stride=(1,))
        (conv3): Conv1d(64, 64, kernel_size=(3,), stride=(1,), padding=(1,))
        (proj): Conv1d(64, 64, kernel_size=(1,), stride=(1,))
        (drop): Dropout(p=0.2, inplace=False)
      )
      (norm2): LayerNorm((64,), eps=1e-05, elementwise_affine=True)
      (ffn): Sequential(
        (0): Linear(in_features=64, out_features=512, bias=True)
        (1): GELU(approximate='none')
        (2): Dropout(p=0.2, inplace=False)
        (3): Linear(in_features=512, out_features=64, bias=True)
        (4): Dropout(p=0.2, inplace=False)
      )
      (norm3): LayerNorm((64,), eps=1e-05, elementwise_affine=True)
    )
  )
  (dynamic_layers): ModuleList(
    (0-1): 2 x EMAStream(
      (proj): Linear(in_features=64, out_features=64, bias=True)
    )
  )
  (weavers): ModuleList(
    (0-1): 2 x StreamWeaver(
      (proj): Linear(in_features=128, out_features=64, bias=True)
      (norm): LayerNorm((64,), eps=1e-05, elementwise_affine=True)
    )
  )
  (loss_fct): CrossEntropyLoss()
)
Trainable parameters: 3769089.0
Fri 13 Feb 2026 10:23:36 INFO  FLOPs: 6379520.0
Fri 13 Feb 2026 10:24:25 INFO  epoch 0 training [time: 49.00s, train loss: 6449.0562]
Fri 13 Feb 2026 10:24:28 INFO  epoch 0 evaluating [time: 2.76s, valid_score: 0.214000]
Fri 13 Feb 2026 10:24:28 INFO  valid result: 
hit@10 : 0.4187    ndcg@10 : 0.2623    mrr@10 : 0.214
Fri 13 Feb 2026 10:24:28 INFO  Saving current: saved\TimeWeaver-Feb-13-2026_10-23-36.pth
Fri 13 Feb 2026 10:25:16 INFO  epoch 1 training [time: 48.23s, train loss: 5799.7069]
Fri 13 Feb 2026 10:25:19 INFO  epoch 1 evaluating [time: 2.81s, valid_score: 0.238000]
Fri 13 Feb 2026 10:25:19 INFO  valid result: 
hit@10 : 0.4193    ndcg@10 : 0.2813    mrr@10 : 0.238
Fri 13 Feb 2026 10:25:19 INFO  Saving current: saved\TimeWeaver-Feb-13-2026_10-23-36.pth
Fri 13 Feb 2026 10:26:08 INFO  epoch 2 training [time: 48.91s, train loss: 5009.5334]
Fri 13 Feb 2026 10:26:11 INFO  epoch 2 evaluating [time: 2.94s, valid_score: 0.232200]
Fri 13 Feb 2026 10:26:11 INFO  valid result: 
hit@10 : 0.3987    ndcg@10 : 0.2718    mrr@10 : 0.2322
Fri 13 Feb 2026 10:27:02 INFO  epoch 3 training [time: 51.08s, train loss: 4284.0827]
Fri 13 Feb 2026 10:27:04 INFO  epoch 3 evaluating [time: 2.76s, valid_score: 0.214200]
Fri 13 Feb 2026 10:27:04 INFO  valid result: 
hit@10 : 0.3707    ndcg@10 : 0.2511    mrr@10 : 0.2142
Fri 13 Feb 2026 10:27:53 INFO  epoch 4 training [time: 48.09s, train loss: 3774.8179]
Fri 13 Feb 2026 10:27:55 INFO  epoch 4 evaluating [time: 2.85s, valid_score: 0.208600]
Fri 13 Feb 2026 10:27:55 INFO  valid result: 
hit@10 : 0.3607    ndcg@10 : 0.2444    mrr@10 : 0.2086
Fri 13 Feb 2026 10:28:44 INFO  epoch 5 training [time: 48.53s, train loss: 3397.1476]
Fri 13 Feb 2026 10:28:47 INFO  epoch 5 evaluating [time: 2.84s, valid_score: 0.197300]
Fri 13 Feb 2026 10:28:47 INFO  valid result: 
hit@10 : 0.3433    ndcg@10 : 0.2316    mrr@10 : 0.1973
Fri 13 Feb 2026 10:29:35 INFO  epoch 6 training [time: 48.48s, train loss: 3085.0315]
Fri 13 Feb 2026 10:29:38 INFO  epoch 6 evaluating [time: 2.74s, valid_score: 0.197100]
Fri 13 Feb 2026 10:29:38 INFO  valid result: 
hit@10 : 0.3493    ndcg@10 : 0.233    mrr@10 : 0.1971
Fri 13 Feb 2026 10:30:29 INFO  epoch 7 training [time: 51.12s, train loss: 2826.0089]
Fri 13 Feb 2026 10:30:32 INFO  epoch 7 evaluating [time: 2.87s, valid_score: 0.190400]
Fri 13 Feb 2026 10:30:32 INFO  valid result: 
hit@10 : 0.3407    ndcg@10 : 0.2256    mrr@10 : 0.1904
Fri 13 Feb 2026 10:31:21 INFO  epoch 8 training [time: 48.91s, train loss: 2605.3181]
Fri 13 Feb 2026 10:31:24 INFO  epoch 8 evaluating [time: 2.75s, valid_score: 0.185600]
Fri 13 Feb 2026 10:31:24 INFO  valid result: 
hit@10 : 0.3333    ndcg@10 : 0.2202    mrr@10 : 0.1856
Fri 13 Feb 2026 10:32:13 INFO  epoch 9 training [time: 48.93s, train loss: 2418.0263]
Fri 13 Feb 2026 10:32:15 INFO  epoch 9 evaluating [time: 2.79s, valid_score: 0.179800]
Fri 13 Feb 2026 10:32:15 INFO  valid result: 
hit@10 : 0.3293    ndcg@10 : 0.2151    mrr@10 : 0.1798
Fri 13 Feb 2026 10:33:04 INFO  epoch 10 training [time: 48.31s, train loss: 2259.4978]
Fri 13 Feb 2026 10:33:07 INFO  epoch 10 evaluating [time: 2.82s, valid_score: 0.177600]
Fri 13 Feb 2026 10:33:07 INFO  valid result: 
hit@10 : 0.3273    ndcg@10 : 0.2127    mrr@10 : 0.1776
Fri 13 Feb 2026 10:33:55 INFO  epoch 11 training [time: 48.49s, train loss: 2125.1618]
Fri 13 Feb 2026 10:33:58 INFO  epoch 11 evaluating [time: 2.78s, valid_score: 0.180700]
Fri 13 Feb 2026 10:33:58 INFO  valid result: 
hit@10 : 0.3273    ndcg@10 : 0.2149    mrr@10 : 0.1807
Fri 13 Feb 2026 10:34:49 INFO  epoch 12 training [time: 51.67s, train loss: 2004.7412]
Fri 13 Feb 2026 10:34:52 INFO  epoch 12 evaluating [time: 2.84s, valid_score: 0.174900]
Fri 13 Feb 2026 10:34:52 INFO  valid result: 
hit@10 : 0.3313    ndcg@10 : 0.2115    mrr@10 : 0.1749
Fri 13 Feb 2026 10:34:52 INFO  Finished training, best eval result in epoch 1
Fri 13 Feb 2026 10:34:52 INFO  Loading model structure and parameters from saved\TimeWeaver-Feb-13-2026_10-23-36.pth
Fri 13 Feb 2026 10:34:56 INFO  The running environment of this training is as follows:
+-------------+----------------+
| Environment |     Usage      |
+=============+================+
| CPU         |     3.60 %     |
+-------------+----------------+
| GPU         | 0.51 G/6.00 G  |
+-------------+----------------+
| Memory      | 1.57 G/15.63 G |
+-------------+----------------+
Fri 13 Feb 2026 10:34:56 INFO  best valid : OrderedDict([('hit@10', 0.4193), ('ndcg@10', 0.2813), ('mrr@10', 0.238)])
Fri 13 Feb 2026 10:34:56 INFO  test result: OrderedDict([('hit@10', 0.4073), ('ndcg@10', 0.2737), ('mrr@10', 0.232)])
Fri 13 Feb 2026 10:34:56 WARNING  command line args [--models timeweaver --datasets amazon-electronics-5core-subset --timeweaver-variant base --seeds 42,2023,2024 --skip-if-done] will not be used in RecBole
Fri 13 Feb 2026 10:34:56 INFO  ['scripts/run_grid.py', '--models', 'timeweaver', '--datasets', 'amazon-electronics-5core-subset', '--timeweaver-variant', 'base', '--seeds', '42,2023,2024', '--skip-if-done']
Fri 13 Feb 2026 10:34:56 INFO  
General Hyper Parameters:
gpu_id = 0
use_gpu = True
seed = 2024
state = INFO
reproducibility = True
data_path = data/amazon\amazon-electronics-5core-subset
checkpoint_dir = saved
show_progress = True
save_dataset = False
dataset_save_path = None
save_dataloaders = False
dataloaders_save_path = None
log_wandb = False

Training Hyper Parameters:
epochs = 100
train_batch_size = 256
learner = adam
learning_rate = 0.001
train_neg_sample_args = {'distribution': 'none', 'sample_num': 'none', 'alpha': 'none', 'dynamic': False, 'candidate_num': 0}
eval_step = 1
stopping_step = 10
clip_grad_norm = None
weight_decay = 0.0
loss_decimal_place = 4

Evaluation Hyper Parameters:
eval_args = {'split': {'LS': 'valid_and_test'}, 'order': 'TO', 'group_by': 'user', 'mode': {'valid': 'uni100', 'test': 'uni100'}}
repeatable = True
metrics = ['Hit', 'NDCG', 'MRR']
topk = [10]
valid_metric = MRR@10
valid_metric_bigger = True
eval_batch_size = 512
metric_decimal_place = 4

Dataset Hyper Parameters:
field_separator = 	
seq_separator =  
USER_ID_FIELD = user_id
ITEM_ID_FIELD = item_id
RATING_FIELD = rating
TIME_FIELD = timestamp
seq_len = None
LABEL_FIELD = label
threshold = None
NEG_PREFIX = neg_
load_col = {'inter': ['user_id', 'item_id', 'rating', 'timestamp']}
unload_col = None
unused_col = None
additional_feat_suffix = None
rm_dup_inter = None
val_interval = None
filter_inter_by_user_or_item = True
user_inter_num_interval = [0,inf)
item_inter_num_interval = [0,inf)
alias_of_user_id = None
alias_of_item_id = None
alias_of_entity_id = None
alias_of_relation_id = None
preload_weight = None
normalize_field = None
normalize_all = None
ITEM_LIST_LENGTH_FIELD = item_length
LIST_SUFFIX = _list
MAX_ITEM_LIST_LENGTH = 32
POSITION_FIELD = position_id
HEAD_ENTITY_ID_FIELD = head_id
TAIL_ENTITY_ID_FIELD = tail_id
RELATION_ID_FIELD = relation_id
ENTITY_ID_FIELD = entity_id
benchmark_filename = None

Other Hyper Parameters: 
worker = 0
wandb_project = recbole
shuffle = True
require_pow = False
enable_amp = False
enable_scaler = False
transform = None
numerical_features = []
discretization = None
kg_reverse_r = False
entity_kg_num_interval = [0,inf)
relation_kg_num_interval = [0,inf)
MODEL_TYPE = ModelType.SEQUENTIAL
model_name = TimeWeaver
hidden_size = 64
num_layers = 2
hidden_dropout_prob = 0.2
initializer_range = 0.02
time_bucket_size = 1000
ema_decay = 0.05
tcn_kernel_size = 7
ffn_hidden_size = 512
loss_type = CE
early_stop = 10
neg_sampling = None
device = cuda
use_continuous_time = False
use_time_gate = False
use_time_augmentation = False
MODEL_INPUT_TYPE = InputType.POINTWISE
eval_type = EvaluatorType.RANKING
single_spec = True
local_rank = 0
valid_neg_sample_args = {'distribution': 'uniform', 'sample_num': 100}
test_neg_sample_args = {'distribution': 'uniform', 'sample_num': 100}


Fri 13 Feb 2026 10:34:57 INFO  amazon-electronics-5core-subset
The number of users: 1501
Average actions of users: 108.42733333333334
The number of items: 54722
Average actions of items: 2.9721861808080994
The number of inters: 162641
The sparsity of the dataset: 99.80198988231011%
Remain Fields: ['user_id', 'item_id', 'rating', 'timestamp']
Fri 13 Feb 2026 10:34:59 INFO  [Training]: train_batch_size = [256] train_neg_sample_args: [{'distribution': 'none', 'sample_num': 'none', 'alpha': 'none', 'dynamic': False, 'candidate_num': 0}]
Fri 13 Feb 2026 10:34:59 INFO  [Evaluation]: eval_batch_size = [512] eval_args: [{'split': {'LS': 'valid_and_test'}, 'order': 'TO', 'group_by': 'user', 'mode': {'valid': 'uni100', 'test': 'uni100'}}]
Fri 13 Feb 2026 10:34:59 INFO  TimeWeaver(
  (item_embedding): Embedding(54722, 64, padding_idx=0)
  (time_aug): TimeAwareAugmentation(
    (pos_embedding): Embedding(32, 64)
    (time_embedding): Embedding(1000, 64)
    (layer_norm): LayerNorm((64,), eps=1e-05, elementwise_affine=True)
    (drop): Dropout(p=0.2, inplace=False)
  )
  (context_layers): ModuleList(
    (0-1): 2 x TCNNextBlock(
      (dw): DepthwiseConv1d(
        (conv): Conv1d(64, 64, kernel_size=(7,), stride=(1,), padding=(3,), groups=64)
        (bn): BatchNorm1d(64, eps=1e-05, momentum=0.1, affine=True, track_running_stats=True)
        (drop): Dropout(p=0.2, inplace=False)
      )
      (norm1): LayerNorm((64,), eps=1e-05, elementwise_affine=True)
      (conv_inter): ParallelConvInter(
        (conv1): Conv1d(64, 64, kernel_size=(1,), stride=(1,))
        (conv3): Conv1d(64, 64, kernel_size=(3,), stride=(1,), padding=(1,))
        (proj): Conv1d(64, 64, kernel_size=(1,), stride=(1,))
        (drop): Dropout(p=0.2, inplace=False)
      )
      (norm2): LayerNorm((64,), eps=1e-05, elementwise_affine=True)
      (ffn): Sequential(
        (0): Linear(in_features=64, out_features=512, bias=True)
        (1): GELU(approximate='none')
        (2): Dropout(p=0.2, inplace=False)
        (3): Linear(in_features=512, out_features=64, bias=True)
        (4): Dropout(p=0.2, inplace=False)
      )
      (norm3): LayerNorm((64,), eps=1e-05, elementwise_affine=True)
    )
  )
  (dynamic_layers): ModuleList(
    (0-1): 2 x EMAStream(
      (proj): Linear(in_features=64, out_features=64, bias=True)
    )
  )
  (weavers): ModuleList(
    (0-1): 2 x StreamWeaver(
      (proj): Linear(in_features=128, out_features=64, bias=True)
      (norm): LayerNorm((64,), eps=1e-05, elementwise_affine=True)
    )
  )
  (loss_fct): CrossEntropyLoss()
)
Trainable parameters: 3769089.0
Fri 13 Feb 2026 10:34:59 INFO  FLOPs: 6379520.0
Fri 13 Feb 2026 10:35:48 INFO  epoch 0 training [time: 48.88s, train loss: 6438.2793]
Fri 13 Feb 2026 10:35:51 INFO  epoch 0 evaluating [time: 2.84s, valid_score: 0.206200]
Fri 13 Feb 2026 10:35:51 INFO  valid result: 
hit@10 : 0.402    ndcg@10 : 0.2525    mrr@10 : 0.2062
Fri 13 Feb 2026 10:35:51 INFO  Saving current: saved\TimeWeaver-Feb-13-2026_10-34-59.pth
Fri 13 Feb 2026 10:36:40 INFO  epoch 1 training [time: 48.77s, train loss: 5791.4325]
Fri 13 Feb 2026 10:36:43 INFO  epoch 1 evaluating [time: 2.85s, valid_score: 0.237200]
Fri 13 Feb 2026 10:36:43 INFO  valid result: 
hit@10 : 0.4113    ndcg@10 : 0.2786    mrr@10 : 0.2372
Fri 13 Feb 2026 10:36:43 INFO  Saving current: saved\TimeWeaver-Feb-13-2026_10-34-59.pth
Fri 13 Feb 2026 10:37:31 INFO  epoch 2 training [time: 48.76s, train loss: 5006.4777]
Fri 13 Feb 2026 10:37:34 INFO  epoch 2 evaluating [time: 2.81s, valid_score: 0.222400]
Fri 13 Feb 2026 10:37:34 INFO  valid result: 
hit@10 : 0.3933    ndcg@10 : 0.2626    mrr@10 : 0.2224
Fri 13 Feb 2026 10:38:25 INFO  epoch 3 training [time: 50.96s, train loss: 4280.7505]
Fri 13 Feb 2026 10:38:28 INFO  epoch 3 evaluating [time: 2.96s, valid_score: 0.212700]
Fri 13 Feb 2026 10:38:28 INFO  valid result: 
hit@10 : 0.3813    ndcg@10 : 0.2525    mrr@10 : 0.2127
Fri 13 Feb 2026 10:39:18 INFO  epoch 4 training [time: 49.77s, train loss: 3774.3345]
Fri 13 Feb 2026 10:39:21 INFO  epoch 4 evaluating [time: 2.82s, valid_score: 0.217100]
Fri 13 Feb 2026 10:39:21 INFO  valid result: 
hit@10 : 0.376    ndcg@10 : 0.2547    mrr@10 : 0.2171
Fri 13 Feb 2026 10:40:10 INFO  epoch 5 training [time: 49.01s, train loss: 3399.7984]
Fri 13 Feb 2026 10:40:13 INFO  epoch 5 evaluating [time: 2.85s, valid_score: 0.208600]
Fri 13 Feb 2026 10:40:13 INFO  valid result: 
hit@10 : 0.3693    ndcg@10 : 0.2463    mrr@10 : 0.2086
Fri 13 Feb 2026 10:41:01 INFO  epoch 6 training [time: 48.83s, train loss: 3094.3822]
Fri 13 Feb 2026 10:41:04 INFO  epoch 6 evaluating [time: 2.85s, valid_score: 0.207500]
Fri 13 Feb 2026 10:41:04 INFO  valid result: 
hit@10 : 0.37    ndcg@10 : 0.2454    mrr@10 : 0.2075
Fri 13 Feb 2026 10:41:53 INFO  epoch 7 training [time: 48.76s, train loss: 2830.6486]
Fri 13 Feb 2026 10:41:56 INFO  epoch 7 evaluating [time: 2.82s, valid_score: 0.197200]
Fri 13 Feb 2026 10:41:56 INFO  valid result: 
hit@10 : 0.3587    ndcg@10 : 0.2353    mrr@10 : 0.1972
Fri 13 Feb 2026 10:42:48 INFO  epoch 8 training [time: 52.01s, train loss: 2602.8137]
Fri 13 Feb 2026 10:42:51 INFO  epoch 8 evaluating [time: 2.94s, valid_score: 0.190400]
Fri 13 Feb 2026 10:42:51 INFO  valid result: 
hit@10 : 0.3427    ndcg@10 : 0.2263    mrr@10 : 0.1904
Fri 13 Feb 2026 10:43:40 INFO  epoch 9 training [time: 48.94s, train loss: 2410.9605]
Fri 13 Feb 2026 10:43:43 INFO  epoch 9 evaluating [time: 2.85s, valid_score: 0.191800]
Fri 13 Feb 2026 10:43:43 INFO  valid result: 
hit@10 : 0.3353    ndcg@10 : 0.2257    mrr@10 : 0.1918
Fri 13 Feb 2026 10:44:31 INFO  epoch 10 training [time: 48.73s, train loss: 2249.4328]
Fri 13 Feb 2026 10:44:34 INFO  epoch 10 evaluating [time: 2.89s, valid_score: 0.179500]
Fri 13 Feb 2026 10:44:34 INFO  valid result: 
hit@10 : 0.3293    ndcg@10 : 0.2151    mrr@10 : 0.1795
Fri 13 Feb 2026 10:45:23 INFO  epoch 11 training [time: 49.14s, train loss: 2114.7914]
Fri 13 Feb 2026 10:45:26 INFO  epoch 11 evaluating [time: 2.89s, valid_score: 0.189000]
Fri 13 Feb 2026 10:45:26 INFO  valid result: 
hit@10 : 0.324    ndcg@10 : 0.2208    mrr@10 : 0.189
Fri 13 Feb 2026 10:46:17 INFO  epoch 12 training [time: 50.34s, train loss: 1996.4138]
Fri 13 Feb 2026 10:46:20 INFO  epoch 12 evaluating [time: 2.96s, valid_score: 0.178200]
Fri 13 Feb 2026 10:46:20 INFO  valid result: 
hit@10 : 0.316    ndcg@10 : 0.2107    mrr@10 : 0.1782
Fri 13 Feb 2026 10:46:20 INFO  Finished training, best eval result in epoch 1
Fri 13 Feb 2026 10:46:20 INFO  Loading model structure and parameters from saved\TimeWeaver-Feb-13-2026_10-34-59.pth
Fri 13 Feb 2026 10:46:24 INFO  The running environment of this training is as follows:
+-------------+----------------+
| Environment |     Usage      |
+=============+================+
| CPU         |     8.60 %     |
+-------------+----------------+
| GPU         | 0.51 G/6.00 G  |
+-------------+----------------+
| Memory      | 1.58 G/15.63 G |
+-------------+----------------+
Fri 13 Feb 2026 10:46:24 INFO  best valid : OrderedDict([('hit@10', 0.4113), ('ndcg@10', 0.2786), ('mrr@10', 0.2372)])
Fri 13 Feb 2026 10:46:24 INFO  test result: OrderedDict([('hit@10', 0.4167), ('ndcg@10', 0.2747), ('mrr@10', 0.2306)])
