Thu 05 Mar 2026 11:22:55 INFO  ['F:\\桌面\\recommendation_system\\scripts\\run_grid.py', '--models', 'timeweaver', '--datasets', 'amazon-toys-5core-subset-full', '--timeweaver-variant', 'gate', '--seeds', '42,2023,2024', '--device', 'gpu', '--output', 'results/timeweaver_toys_ablation_full.json']
Thu 05 Mar 2026 11:22:55 INFO  
General Hyper Parameters:
gpu_id = 0
use_gpu = True
seed = 42
state = INFO
reproducibility = True
data_path = data/amazon\amazon-toys-5core-subset
checkpoint_dir = saved
show_progress = True
save_dataset = False
dataset_save_path = None
save_dataloaders = False
dataloaders_save_path = None
log_wandb = False

Training Hyper Parameters:
epochs = 100
train_batch_size = 256
learner = adam
learning_rate = 0.001
train_neg_sample_args = {'distribution': 'none', 'sample_num': 'none', 'alpha': 'none', 'dynamic': False, 'candidate_num': 0}
eval_step = 1
stopping_step = 10
clip_grad_norm = None
weight_decay = 0.0
loss_decimal_place = 4

Evaluation Hyper Parameters:
eval_args = {'split': {'LS': 'valid_and_test'}, 'order': 'TO', 'group_by': 'user', 'mode': {'valid': 'full', 'test': 'full'}}
repeatable = True
metrics = ['Hit', 'NDCG', 'MRR']
topk = [10]
valid_metric = Hit@10
valid_metric_bigger = True
eval_batch_size = 512
metric_decimal_place = 4

Dataset Hyper Parameters:
field_separator = 	
seq_separator =  
USER_ID_FIELD = user_id
ITEM_ID_FIELD = item_id
RATING_FIELD = rating
TIME_FIELD = timestamp
seq_len = None
LABEL_FIELD = label
threshold = None
NEG_PREFIX = neg_
load_col = {'inter': ['user_id', 'item_id', 'rating', 'timestamp']}
unload_col = None
unused_col = None
additional_feat_suffix = None
rm_dup_inter = None
val_interval = None
filter_inter_by_user_or_item = True
user_inter_num_interval = [0,inf)
item_inter_num_interval = [0,inf)
alias_of_user_id = None
alias_of_item_id = None
alias_of_entity_id = None
alias_of_relation_id = None
preload_weight = None
normalize_field = None
normalize_all = None
ITEM_LIST_LENGTH_FIELD = item_length
LIST_SUFFIX = _list
MAX_ITEM_LIST_LENGTH = 32
POSITION_FIELD = position_id
HEAD_ENTITY_ID_FIELD = head_id
TAIL_ENTITY_ID_FIELD = tail_id
RELATION_ID_FIELD = relation_id
ENTITY_ID_FIELD = entity_id
benchmark_filename = None

Other Hyper Parameters: 
worker = 0
wandb_project = recbole
shuffle = True
require_pow = False
enable_amp = False
enable_scaler = False
transform = None
numerical_features = []
discretization = None
kg_reverse_r = False
entity_kg_num_interval = [0,inf)
relation_kg_num_interval = [0,inf)
MODEL_TYPE = ModelType.SEQUENTIAL
model_name = TimeWeaver
hidden_size = 64
num_layers = 2
hidden_dropout_prob = 0.5
initializer_range = 0.02
time_bucket_size = 1000
ema_decay = 0.5
tcn_kernel_size = -1
ffn_hidden_size = 256
loss_type = CE
early_stop = 10
neg_sampling = None
device = cuda
use_continuous_time = True
use_time_gate = True
use_time_augmentation = False
MODEL_INPUT_TYPE = InputType.POINTWISE
eval_type = EvaluatorType.RANKING
single_spec = True
local_rank = 0
valid_neg_sample_args = {'distribution': 'uniform', 'sample_num': 'none'}
test_neg_sample_args = {'distribution': 'uniform', 'sample_num': 'none'}


Thu 05 Mar 2026 11:22:55 INFO  amazon-toys-5core-subset
The number of users: 19413
Average actions of users: 8.633680197815783
The number of items: 11925
Average actions of items: 14.055434417980543
The number of inters: 167597
The sparsity of the dataset: 99.92760389550713%
Remain Fields: ['user_id', 'item_id', 'rating', 'timestamp']
Thu 05 Mar 2026 11:22:58 INFO  [Training]: train_batch_size = [256] train_neg_sample_args: [{'distribution': 'none', 'sample_num': 'none', 'alpha': 'none', 'dynamic': False, 'candidate_num': 0}]
Thu 05 Mar 2026 11:22:58 INFO  [Evaluation]: eval_batch_size = [512] eval_args: [{'split': {'LS': 'valid_and_test'}, 'order': 'TO', 'group_by': 'user', 'mode': {'valid': 'full', 'test': 'full'}}]
Thu 05 Mar 2026 11:22:58 INFO  TimeWeaver(
  (item_embedding): Embedding(11925, 64, padding_idx=0)
  (time_aug): TimeAwareAugmentation(
    (pos_embedding): Embedding(32, 64)
    (time_embedder): ContinuousTimeEmbedding(
      (time2vec): Time2Vec()
    )
    (time_gate): TimeGate(
      (net): Sequential(
        (0): Linear(in_features=128, out_features=16, bias=True)
        (1): GELU(approximate='none')
        (2): Linear(in_features=16, out_features=64, bias=True)
        (3): Sigmoid()
      )
    )
    (layer_norm): LayerNorm((64,), eps=1e-05, elementwise_affine=True)
    (drop): Dropout(p=0.5, inplace=False)
  )
  (context_layers): ModuleList(
    (0-1): 2 x TCNNextBlock(
      (dw): DepthwiseConv1d(
        (conv): Conv1d(64, 64, kernel_size=(11,), stride=(1,), padding=(5,), groups=64)
        (bn): BatchNorm1d(64, eps=1e-05, momentum=0.1, affine=True, track_running_stats=True)
        (drop): Dropout(p=0.5, inplace=False)
      )
      (norm1): LayerNorm((64,), eps=1e-05, elementwise_affine=True)
      (conv_inter): ParallelConvInter(
        (conv1): Conv1d(64, 64, kernel_size=(1,), stride=(1,))
        (conv3): Conv1d(64, 64, kernel_size=(3,), stride=(1,), padding=(1,))
        (proj): Conv1d(64, 64, kernel_size=(1,), stride=(1,))
        (drop): Dropout(p=0.5, inplace=False)
      )
      (norm2): LayerNorm((64,), eps=1e-05, elementwise_affine=True)
      (ffn): Sequential(
        (0): Linear(in_features=64, out_features=256, bias=True)
        (1): GELU(approximate='none')
        (2): Dropout(p=0.5, inplace=False)
        (3): Linear(in_features=256, out_features=64, bias=True)
        (4): Dropout(p=0.5, inplace=False)
      )
      (norm3): LayerNorm((64,), eps=1e-05, elementwise_affine=True)
    )
  )
  (dynamic_layers): ModuleList(
    (0-1): 2 x EMAStream(
      (proj): Linear(in_features=64, out_features=64, bias=True)
    )
  )
  (weavers): ModuleList(
    (0-1): 2 x StreamWeaver(
      (proj): Linear(in_features=128, out_features=64, bias=True)
      (norm): LayerNorm((64,), eps=1e-05, elementwise_affine=True)
    )
  )
  (loss_fct): CrossEntropyLoss()
)
Trainable parameters: 903826.0
Thu 05 Mar 2026 11:22:58 INFO  FLOPs: 4395008.0
Thu 05 Mar 2026 11:23:42 INFO  epoch 0 training [time: 42.82s, train loss: 3860.4495]
Thu 05 Mar 2026 11:23:43 INFO  epoch 0 evaluating [time: 0.52s, valid_score: 0.012100]
Thu 05 Mar 2026 11:23:43 INFO  valid result: 
hit@10 : 0.0121    ndcg@10 : 0.0064    mrr@10 : 0.0047
Thu 05 Mar 2026 11:23:43 INFO  Saving current: saved\TimeWeaver-Mar-05-2026_11-22-58.pth
Thu 05 Mar 2026 11:24:27 INFO  epoch 1 training [time: 43.81s, train loss: 3653.4238]
Thu 05 Mar 2026 11:24:27 INFO  epoch 1 evaluating [time: 0.52s, valid_score: 0.027300]
Thu 05 Mar 2026 11:24:27 INFO  valid result: 
hit@10 : 0.0273    ndcg@10 : 0.0132    mrr@10 : 0.009
Thu 05 Mar 2026 11:24:27 INFO  Saving current: saved\TimeWeaver-Mar-05-2026_11-22-58.pth
Thu 05 Mar 2026 11:25:11 INFO  epoch 2 training [time: 43.45s, train loss: 3484.1796]
Thu 05 Mar 2026 11:25:11 INFO  epoch 2 evaluating [time: 0.51s, valid_score: 0.043700]
Thu 05 Mar 2026 11:25:11 INFO  valid result: 
hit@10 : 0.0437    ndcg@10 : 0.0225    mrr@10 : 0.016
Thu 05 Mar 2026 11:25:11 INFO  Saving current: saved\TimeWeaver-Mar-05-2026_11-22-58.pth
Thu 05 Mar 2026 11:25:57 INFO  epoch 3 training [time: 45.19s, train loss: 3335.3403]
Thu 05 Mar 2026 11:25:57 INFO  epoch 3 evaluating [time: 0.56s, valid_score: 0.059800]
Thu 05 Mar 2026 11:25:57 INFO  valid result: 
hit@10 : 0.0598    ndcg@10 : 0.0309    mrr@10 : 0.0221
Thu 05 Mar 2026 11:25:57 INFO  Saving current: saved\TimeWeaver-Mar-05-2026_11-22-58.pth
Thu 05 Mar 2026 11:26:44 INFO  epoch 4 training [time: 46.43s, train loss: 3208.6663]
Thu 05 Mar 2026 11:26:44 INFO  epoch 4 evaluating [time: 0.53s, valid_score: 0.075000]
Thu 05 Mar 2026 11:26:44 INFO  valid result: 
hit@10 : 0.075    ndcg@10 : 0.0378    mrr@10 : 0.0265
Thu 05 Mar 2026 11:26:44 INFO  Saving current: saved\TimeWeaver-Mar-05-2026_11-22-58.pth
Thu 05 Mar 2026 11:27:29 INFO  epoch 5 training [time: 44.60s, train loss: 3103.9013]
Thu 05 Mar 2026 11:27:29 INFO  epoch 5 evaluating [time: 0.53s, valid_score: 0.085300]
Thu 05 Mar 2026 11:27:29 INFO  valid result: 
hit@10 : 0.0853    ndcg@10 : 0.0422    mrr@10 : 0.0291
Thu 05 Mar 2026 11:27:29 INFO  Saving current: saved\TimeWeaver-Mar-05-2026_11-22-58.pth
Thu 05 Mar 2026 11:28:13 INFO  epoch 6 training [time: 43.66s, train loss: 3017.6325]
Thu 05 Mar 2026 11:28:13 INFO  epoch 6 evaluating [time: 0.51s, valid_score: 0.092600]
Thu 05 Mar 2026 11:28:13 INFO  valid result: 
hit@10 : 0.0926    ndcg@10 : 0.046    mrr@10 : 0.0316
Thu 05 Mar 2026 11:28:13 INFO  Saving current: saved\TimeWeaver-Mar-05-2026_11-22-58.pth
Thu 05 Mar 2026 11:28:58 INFO  epoch 7 training [time: 44.09s, train loss: 2948.7047]
Thu 05 Mar 2026 11:28:58 INFO  epoch 7 evaluating [time: 0.50s, valid_score: 0.091600]
Thu 05 Mar 2026 11:28:58 INFO  valid result: 
hit@10 : 0.0916    ndcg@10 : 0.0455    mrr@10 : 0.0312
Thu 05 Mar 2026 11:29:43 INFO  epoch 8 training [time: 45.14s, train loss: 2890.6392]
Thu 05 Mar 2026 11:29:44 INFO  epoch 8 evaluating [time: 0.47s, valid_score: 0.097200]
Thu 05 Mar 2026 11:29:44 INFO  valid result: 
hit@10 : 0.0972    ndcg@10 : 0.0479    mrr@10 : 0.0327
Thu 05 Mar 2026 11:29:44 INFO  Saving current: saved\TimeWeaver-Mar-05-2026_11-22-58.pth
Thu 05 Mar 2026 11:30:29 INFO  epoch 9 training [time: 45.08s, train loss: 2844.6315]
Thu 05 Mar 2026 11:30:29 INFO  epoch 9 evaluating [time: 0.48s, valid_score: 0.099400]
Thu 05 Mar 2026 11:30:29 INFO  valid result: 
hit@10 : 0.0994    ndcg@10 : 0.0491    mrr@10 : 0.0336
Thu 05 Mar 2026 11:30:29 INFO  Saving current: saved\TimeWeaver-Mar-05-2026_11-22-58.pth
Thu 05 Mar 2026 11:31:14 INFO  epoch 10 training [time: 45.20s, train loss: 2804.9763]
Thu 05 Mar 2026 11:31:15 INFO  epoch 10 evaluating [time: 0.52s, valid_score: 0.099900]
Thu 05 Mar 2026 11:31:15 INFO  valid result: 
hit@10 : 0.0999    ndcg@10 : 0.0491    mrr@10 : 0.0334
Thu 05 Mar 2026 11:31:15 INFO  Saving current: saved\TimeWeaver-Mar-05-2026_11-22-58.pth
Thu 05 Mar 2026 11:31:59 INFO  epoch 11 training [time: 44.32s, train loss: 2770.7846]
Thu 05 Mar 2026 11:32:00 INFO  epoch 11 evaluating [time: 0.48s, valid_score: 0.101000]
Thu 05 Mar 2026 11:32:00 INFO  valid result: 
hit@10 : 0.101    ndcg@10 : 0.0498    mrr@10 : 0.034
Thu 05 Mar 2026 11:32:00 INFO  Saving current: saved\TimeWeaver-Mar-05-2026_11-22-58.pth
Thu 05 Mar 2026 11:32:44 INFO  epoch 12 training [time: 44.31s, train loss: 2739.8136]
Thu 05 Mar 2026 11:32:45 INFO  epoch 12 evaluating [time: 0.46s, valid_score: 0.101400]
Thu 05 Mar 2026 11:32:45 INFO  valid result: 
hit@10 : 0.1014    ndcg@10 : 0.0513    mrr@10 : 0.0358
Thu 05 Mar 2026 11:32:45 INFO  Saving current: saved\TimeWeaver-Mar-05-2026_11-22-58.pth
Thu 05 Mar 2026 11:33:29 INFO  epoch 13 training [time: 44.60s, train loss: 2713.3257]
Thu 05 Mar 2026 11:33:30 INFO  epoch 13 evaluating [time: 0.53s, valid_score: 0.101600]
Thu 05 Mar 2026 11:33:30 INFO  valid result: 
hit@10 : 0.1016    ndcg@10 : 0.0508    mrr@10 : 0.0352
Thu 05 Mar 2026 11:33:30 INFO  Saving current: saved\TimeWeaver-Mar-05-2026_11-22-58.pth
Thu 05 Mar 2026 11:34:17 INFO  epoch 14 training [time: 46.73s, train loss: 2688.3522]
Thu 05 Mar 2026 11:34:17 INFO  epoch 14 evaluating [time: 0.46s, valid_score: 0.100900]
Thu 05 Mar 2026 11:34:17 INFO  valid result: 
hit@10 : 0.1009    ndcg@10 : 0.0507    mrr@10 : 0.0351
Thu 05 Mar 2026 11:35:02 INFO  epoch 15 training [time: 45.41s, train loss: 2665.0339]
Thu 05 Mar 2026 11:35:03 INFO  epoch 15 evaluating [time: 0.53s, valid_score: 0.102600]
Thu 05 Mar 2026 11:35:03 INFO  valid result: 
hit@10 : 0.1026    ndcg@10 : 0.0506    mrr@10 : 0.0345
Thu 05 Mar 2026 11:35:03 INFO  Saving current: saved\TimeWeaver-Mar-05-2026_11-22-58.pth
Thu 05 Mar 2026 11:35:47 INFO  epoch 16 training [time: 44.33s, train loss: 2643.4960]
Thu 05 Mar 2026 11:35:48 INFO  epoch 16 evaluating [time: 0.47s, valid_score: 0.099900]
Thu 05 Mar 2026 11:35:48 INFO  valid result: 
hit@10 : 0.0999    ndcg@10 : 0.0506    mrr@10 : 0.0353
Thu 05 Mar 2026 11:36:33 INFO  epoch 17 training [time: 44.95s, train loss: 2626.0559]
Thu 05 Mar 2026 11:36:33 INFO  epoch 17 evaluating [time: 0.54s, valid_score: 0.102000]
Thu 05 Mar 2026 11:36:33 INFO  valid result: 
hit@10 : 0.102    ndcg@10 : 0.0519    mrr@10 : 0.0365
Thu 05 Mar 2026 11:37:18 INFO  epoch 18 training [time: 44.78s, train loss: 2607.4693]
Thu 05 Mar 2026 11:37:19 INFO  epoch 18 evaluating [time: 0.50s, valid_score: 0.102500]
Thu 05 Mar 2026 11:37:19 INFO  valid result: 
hit@10 : 0.1025    ndcg@10 : 0.0523    mrr@10 : 0.0368
Thu 05 Mar 2026 11:38:05 INFO  epoch 19 training [time: 46.04s, train loss: 2591.8246]
Thu 05 Mar 2026 11:38:05 INFO  epoch 19 evaluating [time: 0.52s, valid_score: 0.102700]
Thu 05 Mar 2026 11:38:05 INFO  valid result: 
hit@10 : 0.1027    ndcg@10 : 0.0521    mrr@10 : 0.0365
Thu 05 Mar 2026 11:38:05 INFO  Saving current: saved\TimeWeaver-Mar-05-2026_11-22-58.pth
Thu 05 Mar 2026 11:38:50 INFO  epoch 20 training [time: 44.48s, train loss: 2575.3355]
Thu 05 Mar 2026 11:38:50 INFO  epoch 20 evaluating [time: 0.49s, valid_score: 0.101200]
Thu 05 Mar 2026 11:38:50 INFO  valid result: 
hit@10 : 0.1012    ndcg@10 : 0.052    mrr@10 : 0.0368
Thu 05 Mar 2026 11:39:35 INFO  epoch 21 training [time: 44.77s, train loss: 2558.0109]
Thu 05 Mar 2026 11:39:35 INFO  epoch 21 evaluating [time: 0.54s, valid_score: 0.100600]
Thu 05 Mar 2026 11:39:35 INFO  valid result: 
hit@10 : 0.1006    ndcg@10 : 0.0514    mrr@10 : 0.0362
Thu 05 Mar 2026 11:40:20 INFO  epoch 22 training [time: 44.68s, train loss: 2545.7281]
Thu 05 Mar 2026 11:40:21 INFO  epoch 22 evaluating [time: 0.52s, valid_score: 0.100600]
Thu 05 Mar 2026 11:40:21 INFO  valid result: 
hit@10 : 0.1006    ndcg@10 : 0.0514    mrr@10 : 0.0363
Thu 05 Mar 2026 11:41:05 INFO  epoch 23 training [time: 44.36s, train loss: 2530.7177]
Thu 05 Mar 2026 11:41:05 INFO  epoch 23 evaluating [time: 0.47s, valid_score: 0.098900]
Thu 05 Mar 2026 11:41:05 INFO  valid result: 
hit@10 : 0.0989    ndcg@10 : 0.0516    mrr@10 : 0.037
Thu 05 Mar 2026 11:41:51 INFO  epoch 24 training [time: 45.75s, train loss: 2516.1539]
Thu 05 Mar 2026 11:41:52 INFO  epoch 24 evaluating [time: 0.54s, valid_score: 0.096400]
Thu 05 Mar 2026 11:41:52 INFO  valid result: 
hit@10 : 0.0964    ndcg@10 : 0.0501    mrr@10 : 0.0359
Thu 05 Mar 2026 11:42:36 INFO  epoch 25 training [time: 44.62s, train loss: 2502.6077]
Thu 05 Mar 2026 11:42:37 INFO  epoch 25 evaluating [time: 0.46s, valid_score: 0.097300]
Thu 05 Mar 2026 11:42:37 INFO  valid result: 
hit@10 : 0.0973    ndcg@10 : 0.0509    mrr@10 : 0.0366
Thu 05 Mar 2026 11:43:21 INFO  epoch 26 training [time: 44.52s, train loss: 2486.6280]
Thu 05 Mar 2026 11:43:22 INFO  epoch 26 evaluating [time: 0.46s, valid_score: 0.098000]
Thu 05 Mar 2026 11:43:22 INFO  valid result: 
hit@10 : 0.098    ndcg@10 : 0.0514    mrr@10 : 0.037
Thu 05 Mar 2026 11:44:07 INFO  epoch 27 training [time: 44.77s, train loss: 2475.9439]
Thu 05 Mar 2026 11:44:07 INFO  epoch 27 evaluating [time: 0.54s, valid_score: 0.098900]
Thu 05 Mar 2026 11:44:07 INFO  valid result: 
hit@10 : 0.0989    ndcg@10 : 0.0517    mrr@10 : 0.0371
Thu 05 Mar 2026 11:44:52 INFO  epoch 28 training [time: 44.60s, train loss: 2462.9612]
Thu 05 Mar 2026 11:44:52 INFO  epoch 28 evaluating [time: 0.46s, valid_score: 0.097100]
Thu 05 Mar 2026 11:44:52 INFO  valid result: 
hit@10 : 0.0971    ndcg@10 : 0.0512    mrr@10 : 0.0371
Thu 05 Mar 2026 11:45:37 INFO  epoch 29 training [time: 45.20s, train loss: 2451.7150]
Thu 05 Mar 2026 11:45:38 INFO  epoch 29 evaluating [time: 0.54s, valid_score: 0.096700]
Thu 05 Mar 2026 11:45:38 INFO  valid result: 
hit@10 : 0.0967    ndcg@10 : 0.0511    mrr@10 : 0.0371
Thu 05 Mar 2026 11:46:25 INFO  epoch 30 training [time: 46.84s, train loss: 2441.9936]
Thu 05 Mar 2026 11:46:25 INFO  epoch 30 evaluating [time: 0.52s, valid_score: 0.094900]
Thu 05 Mar 2026 11:46:25 INFO  valid result: 
hit@10 : 0.0949    ndcg@10 : 0.0505    mrr@10 : 0.0369
Thu 05 Mar 2026 11:46:25 INFO  Finished training, best eval result in epoch 19
Thu 05 Mar 2026 11:46:25 INFO  Loading model structure and parameters from saved\TimeWeaver-Mar-05-2026_11-22-58.pth
Thu 05 Mar 2026 11:46:27 INFO  The running environment of this training is as follows:
+-------------+----------------+
| Environment |     Usage      |
+=============+================+
| CPU         |     3.90 %     |
+-------------+----------------+
| GPU         | 0.32 G/6.00 G  |
+-------------+----------------+
| Memory      | 1.08 G/15.63 G |
+-------------+----------------+
Thu 05 Mar 2026 11:46:27 INFO  best valid : OrderedDict([('hit@10', 0.1027), ('ndcg@10', 0.0521), ('mrr@10', 0.0365)])
Thu 05 Mar 2026 11:46:27 INFO  test result: OrderedDict([('hit@10', 0.0785), ('ndcg@10', 0.0415), ('mrr@10', 0.0302)])
Thu 05 Mar 2026 11:46:27 WARNING  command line args [--models timeweaver --datasets amazon-toys-5core-subset-full --timeweaver-variant gate --seeds 42,2023,2024 --device gpu --output results/timeweaver_toys_ablation_full.json] will not be used in RecBole
Thu 05 Mar 2026 11:46:27 INFO  ['F:\\桌面\\recommendation_system\\scripts\\run_grid.py', '--models', 'timeweaver', '--datasets', 'amazon-toys-5core-subset-full', '--timeweaver-variant', 'gate', '--seeds', '42,2023,2024', '--device', 'gpu', '--output', 'results/timeweaver_toys_ablation_full.json']
Thu 05 Mar 2026 11:46:27 INFO  
General Hyper Parameters:
gpu_id = 0
use_gpu = True
seed = 2023
state = INFO
reproducibility = True
data_path = data/amazon\amazon-toys-5core-subset
checkpoint_dir = saved
show_progress = True
save_dataset = False
dataset_save_path = None
save_dataloaders = False
dataloaders_save_path = None
log_wandb = False

Training Hyper Parameters:
epochs = 100
train_batch_size = 256
learner = adam
learning_rate = 0.001
train_neg_sample_args = {'distribution': 'none', 'sample_num': 'none', 'alpha': 'none', 'dynamic': False, 'candidate_num': 0}
eval_step = 1
stopping_step = 10
clip_grad_norm = None
weight_decay = 0.0
loss_decimal_place = 4

Evaluation Hyper Parameters:
eval_args = {'split': {'LS': 'valid_and_test'}, 'order': 'TO', 'group_by': 'user', 'mode': {'valid': 'full', 'test': 'full'}}
repeatable = True
metrics = ['Hit', 'NDCG', 'MRR']
topk = [10]
valid_metric = Hit@10
valid_metric_bigger = True
eval_batch_size = 512
metric_decimal_place = 4

Dataset Hyper Parameters:
field_separator = 	
seq_separator =  
USER_ID_FIELD = user_id
ITEM_ID_FIELD = item_id
RATING_FIELD = rating
TIME_FIELD = timestamp
seq_len = None
LABEL_FIELD = label
threshold = None
NEG_PREFIX = neg_
load_col = {'inter': ['user_id', 'item_id', 'rating', 'timestamp']}
unload_col = None
unused_col = None
additional_feat_suffix = None
rm_dup_inter = None
val_interval = None
filter_inter_by_user_or_item = True
user_inter_num_interval = [0,inf)
item_inter_num_interval = [0,inf)
alias_of_user_id = None
alias_of_item_id = None
alias_of_entity_id = None
alias_of_relation_id = None
preload_weight = None
normalize_field = None
normalize_all = None
ITEM_LIST_LENGTH_FIELD = item_length
LIST_SUFFIX = _list
MAX_ITEM_LIST_LENGTH = 32
POSITION_FIELD = position_id
HEAD_ENTITY_ID_FIELD = head_id
TAIL_ENTITY_ID_FIELD = tail_id
RELATION_ID_FIELD = relation_id
ENTITY_ID_FIELD = entity_id
benchmark_filename = None

Other Hyper Parameters: 
worker = 0
wandb_project = recbole
shuffle = True
require_pow = False
enable_amp = False
enable_scaler = False
transform = None
numerical_features = []
discretization = None
kg_reverse_r = False
entity_kg_num_interval = [0,inf)
relation_kg_num_interval = [0,inf)
MODEL_TYPE = ModelType.SEQUENTIAL
model_name = TimeWeaver
hidden_size = 64
num_layers = 2
hidden_dropout_prob = 0.5
initializer_range = 0.02
time_bucket_size = 1000
ema_decay = 0.5
tcn_kernel_size = -1
ffn_hidden_size = 256
loss_type = CE
early_stop = 10
neg_sampling = None
device = cuda
use_continuous_time = True
use_time_gate = True
use_time_augmentation = False
MODEL_INPUT_TYPE = InputType.POINTWISE
eval_type = EvaluatorType.RANKING
single_spec = True
local_rank = 0
valid_neg_sample_args = {'distribution': 'uniform', 'sample_num': 'none'}
test_neg_sample_args = {'distribution': 'uniform', 'sample_num': 'none'}


Thu 05 Mar 2026 11:46:28 INFO  amazon-toys-5core-subset
The number of users: 19413
Average actions of users: 8.633680197815783
The number of items: 11925
Average actions of items: 14.055434417980543
The number of inters: 167597
The sparsity of the dataset: 99.92760389550713%
Remain Fields: ['user_id', 'item_id', 'rating', 'timestamp']
Thu 05 Mar 2026 11:46:30 INFO  [Training]: train_batch_size = [256] train_neg_sample_args: [{'distribution': 'none', 'sample_num': 'none', 'alpha': 'none', 'dynamic': False, 'candidate_num': 0}]
Thu 05 Mar 2026 11:46:30 INFO  [Evaluation]: eval_batch_size = [512] eval_args: [{'split': {'LS': 'valid_and_test'}, 'order': 'TO', 'group_by': 'user', 'mode': {'valid': 'full', 'test': 'full'}}]
Thu 05 Mar 2026 11:46:30 INFO  TimeWeaver(
  (item_embedding): Embedding(11925, 64, padding_idx=0)
  (time_aug): TimeAwareAugmentation(
    (pos_embedding): Embedding(32, 64)
    (time_embedder): ContinuousTimeEmbedding(
      (time2vec): Time2Vec()
    )
    (time_gate): TimeGate(
      (net): Sequential(
        (0): Linear(in_features=128, out_features=16, bias=True)
        (1): GELU(approximate='none')
        (2): Linear(in_features=16, out_features=64, bias=True)
        (3): Sigmoid()
      )
    )
    (layer_norm): LayerNorm((64,), eps=1e-05, elementwise_affine=True)
    (drop): Dropout(p=0.5, inplace=False)
  )
  (context_layers): ModuleList(
    (0-1): 2 x TCNNextBlock(
      (dw): DepthwiseConv1d(
        (conv): Conv1d(64, 64, kernel_size=(11,), stride=(1,), padding=(5,), groups=64)
        (bn): BatchNorm1d(64, eps=1e-05, momentum=0.1, affine=True, track_running_stats=True)
        (drop): Dropout(p=0.5, inplace=False)
      )
      (norm1): LayerNorm((64,), eps=1e-05, elementwise_affine=True)
      (conv_inter): ParallelConvInter(
        (conv1): Conv1d(64, 64, kernel_size=(1,), stride=(1,))
        (conv3): Conv1d(64, 64, kernel_size=(3,), stride=(1,), padding=(1,))
        (proj): Conv1d(64, 64, kernel_size=(1,), stride=(1,))
        (drop): Dropout(p=0.5, inplace=False)
      )
      (norm2): LayerNorm((64,), eps=1e-05, elementwise_affine=True)
      (ffn): Sequential(
        (0): Linear(in_features=64, out_features=256, bias=True)
        (1): GELU(approximate='none')
        (2): Dropout(p=0.5, inplace=False)
        (3): Linear(in_features=256, out_features=64, bias=True)
        (4): Dropout(p=0.5, inplace=False)
      )
      (norm3): LayerNorm((64,), eps=1e-05, elementwise_affine=True)
    )
  )
  (dynamic_layers): ModuleList(
    (0-1): 2 x EMAStream(
      (proj): Linear(in_features=64, out_features=64, bias=True)
    )
  )
  (weavers): ModuleList(
    (0-1): 2 x StreamWeaver(
      (proj): Linear(in_features=128, out_features=64, bias=True)
      (norm): LayerNorm((64,), eps=1e-05, elementwise_affine=True)
    )
  )
  (loss_fct): CrossEntropyLoss()
)
Trainable parameters: 903826.0
Thu 05 Mar 2026 11:46:30 INFO  FLOPs: 4395008.0
Thu 05 Mar 2026 11:47:15 INFO  epoch 0 training [time: 44.88s, train loss: 3858.6440]
Thu 05 Mar 2026 11:47:16 INFO  epoch 0 evaluating [time: 0.46s, valid_score: 0.013000]
Thu 05 Mar 2026 11:47:16 INFO  valid result: 
hit@10 : 0.013    ndcg@10 : 0.0063    mrr@10 : 0.0044
Thu 05 Mar 2026 11:47:16 INFO  Saving current: saved\TimeWeaver-Mar-05-2026_11-46-30.pth
Thu 05 Mar 2026 11:47:59 INFO  epoch 1 training [time: 43.25s, train loss: 3656.5193]
Thu 05 Mar 2026 11:47:59 INFO  epoch 1 evaluating [time: 0.49s, valid_score: 0.028600]
Thu 05 Mar 2026 11:47:59 INFO  valid result: 
hit@10 : 0.0286    ndcg@10 : 0.0145    mrr@10 : 0.0103
Thu 05 Mar 2026 11:47:59 INFO  Saving current: saved\TimeWeaver-Mar-05-2026_11-46-30.pth
Thu 05 Mar 2026 11:48:43 INFO  epoch 2 training [time: 43.45s, train loss: 3484.6306]
Thu 05 Mar 2026 11:48:43 INFO  epoch 2 evaluating [time: 0.51s, valid_score: 0.042000]
Thu 05 Mar 2026 11:48:43 INFO  valid result: 
hit@10 : 0.042    ndcg@10 : 0.0217    mrr@10 : 0.0155
Thu 05 Mar 2026 11:48:43 INFO  Saving current: saved\TimeWeaver-Mar-05-2026_11-46-30.pth
Thu 05 Mar 2026 11:49:27 INFO  epoch 3 training [time: 43.96s, train loss: 3328.9394]
Thu 05 Mar 2026 11:49:28 INFO  epoch 3 evaluating [time: 0.55s, valid_score: 0.058200]
Thu 05 Mar 2026 11:49:28 INFO  valid result: 
hit@10 : 0.0582    ndcg@10 : 0.0295    mrr@10 : 0.0208
Thu 05 Mar 2026 11:49:28 INFO  Saving current: saved\TimeWeaver-Mar-05-2026_11-46-30.pth
Thu 05 Mar 2026 11:50:13 INFO  epoch 4 training [time: 45.33s, train loss: 3203.4268]
Thu 05 Mar 2026 11:50:14 INFO  epoch 4 evaluating [time: 0.50s, valid_score: 0.072900]
Thu 05 Mar 2026 11:50:14 INFO  valid result: 
hit@10 : 0.0729    ndcg@10 : 0.0363    mrr@10 : 0.0252
Thu 05 Mar 2026 11:50:14 INFO  Saving current: saved\TimeWeaver-Mar-05-2026_11-46-30.pth
Thu 05 Mar 2026 11:50:57 INFO  epoch 5 training [time: 43.79s, train loss: 3100.8726]
Thu 05 Mar 2026 11:50:58 INFO  epoch 5 evaluating [time: 0.53s, valid_score: 0.082200]
Thu 05 Mar 2026 11:50:58 INFO  valid result: 
hit@10 : 0.0822    ndcg@10 : 0.0401    mrr@10 : 0.0273
Thu 05 Mar 2026 11:50:58 INFO  Saving current: saved\TimeWeaver-Mar-05-2026_11-46-30.pth
Thu 05 Mar 2026 11:51:42 INFO  epoch 6 training [time: 44.09s, train loss: 3012.7689]
Thu 05 Mar 2026 11:51:43 INFO  epoch 6 evaluating [time: 0.49s, valid_score: 0.089400]
Thu 05 Mar 2026 11:51:43 INFO  valid result: 
hit@10 : 0.0894    ndcg@10 : 0.0443    mrr@10 : 0.0305
Thu 05 Mar 2026 11:51:43 INFO  Saving current: saved\TimeWeaver-Mar-05-2026_11-46-30.pth
Thu 05 Mar 2026 11:52:29 INFO  epoch 7 training [time: 46.18s, train loss: 2945.9900]
Thu 05 Mar 2026 11:52:29 INFO  epoch 7 evaluating [time: 0.54s, valid_score: 0.092800]
Thu 05 Mar 2026 11:52:29 INFO  valid result: 
hit@10 : 0.0928    ndcg@10 : 0.0458    mrr@10 : 0.0312
Thu 05 Mar 2026 11:52:29 INFO  Saving current: saved\TimeWeaver-Mar-05-2026_11-46-30.pth
Thu 05 Mar 2026 11:53:16 INFO  epoch 8 training [time: 46.24s, train loss: 2890.8165]
Thu 05 Mar 2026 11:53:16 INFO  epoch 8 evaluating [time: 0.53s, valid_score: 0.096000]
Thu 05 Mar 2026 11:53:16 INFO  valid result: 
hit@10 : 0.096    ndcg@10 : 0.0473    mrr@10 : 0.0323
Thu 05 Mar 2026 11:53:16 INFO  Saving current: saved\TimeWeaver-Mar-05-2026_11-46-30.pth
Thu 05 Mar 2026 11:54:03 INFO  epoch 9 training [time: 46.82s, train loss: 2843.5200]
Thu 05 Mar 2026 11:54:04 INFO  epoch 9 evaluating [time: 0.53s, valid_score: 0.097200]
Thu 05 Mar 2026 11:54:04 INFO  valid result: 
hit@10 : 0.0972    ndcg@10 : 0.0486    mrr@10 : 0.0336
Thu 05 Mar 2026 11:54:04 INFO  Saving current: saved\TimeWeaver-Mar-05-2026_11-46-30.pth
Thu 05 Mar 2026 11:54:47 INFO  epoch 10 training [time: 43.63s, train loss: 2805.0024]
Thu 05 Mar 2026 11:54:48 INFO  epoch 10 evaluating [time: 0.53s, valid_score: 0.098400]
Thu 05 Mar 2026 11:54:48 INFO  valid result: 
hit@10 : 0.0984    ndcg@10 : 0.0487    mrr@10 : 0.0333
Thu 05 Mar 2026 11:54:48 INFO  Saving current: saved\TimeWeaver-Mar-05-2026_11-46-30.pth
Thu 05 Mar 2026 11:55:32 INFO  epoch 11 training [time: 43.89s, train loss: 2769.4386]
Thu 05 Mar 2026 11:55:32 INFO  epoch 11 evaluating [time: 0.49s, valid_score: 0.097600]
Thu 05 Mar 2026 11:55:32 INFO  valid result: 
hit@10 : 0.0976    ndcg@10 : 0.0486    mrr@10 : 0.0334
Thu 05 Mar 2026 11:56:16 INFO  epoch 12 training [time: 43.74s, train loss: 2738.9175]
Thu 05 Mar 2026 11:56:16 INFO  epoch 12 evaluating [time: 0.46s, valid_score: 0.100100]
Thu 05 Mar 2026 11:56:16 INFO  valid result: 
hit@10 : 0.1001    ndcg@10 : 0.0494    mrr@10 : 0.0337
Thu 05 Mar 2026 11:56:16 INFO  Saving current: saved\TimeWeaver-Mar-05-2026_11-46-30.pth
Thu 05 Mar 2026 11:57:00 INFO  epoch 13 training [time: 43.80s, train loss: 2714.3363]
Thu 05 Mar 2026 11:57:01 INFO  epoch 13 evaluating [time: 0.51s, valid_score: 0.101700]
Thu 05 Mar 2026 11:57:01 INFO  valid result: 
hit@10 : 0.1017    ndcg@10 : 0.0502    mrr@10 : 0.0343
Thu 05 Mar 2026 11:57:01 INFO  Saving current: saved\TimeWeaver-Mar-05-2026_11-46-30.pth
Thu 05 Mar 2026 11:57:46 INFO  epoch 14 training [time: 44.83s, train loss: 2686.3046]
Thu 05 Mar 2026 11:57:46 INFO  epoch 14 evaluating [time: 0.53s, valid_score: 0.100400]
Thu 05 Mar 2026 11:57:46 INFO  valid result: 
hit@10 : 0.1004    ndcg@10 : 0.0505    mrr@10 : 0.035
Thu 05 Mar 2026 11:58:30 INFO  epoch 15 training [time: 44.36s, train loss: 2665.8441]
Thu 05 Mar 2026 11:58:31 INFO  epoch 15 evaluating [time: 0.46s, valid_score: 0.099700]
Thu 05 Mar 2026 11:58:31 INFO  valid result: 
hit@10 : 0.0997    ndcg@10 : 0.0501    mrr@10 : 0.0347
Thu 05 Mar 2026 11:59:14 INFO  epoch 16 training [time: 43.36s, train loss: 2645.1476]
Thu 05 Mar 2026 11:59:15 INFO  epoch 16 evaluating [time: 0.53s, valid_score: 0.098800]
Thu 05 Mar 2026 11:59:15 INFO  valid result: 
hit@10 : 0.0988    ndcg@10 : 0.05    mrr@10 : 0.035
Thu 05 Mar 2026 11:59:59 INFO  epoch 17 training [time: 43.85s, train loss: 2624.5946]
Thu 05 Mar 2026 11:59:59 INFO  epoch 17 evaluating [time: 0.54s, valid_score: 0.101500]
Thu 05 Mar 2026 11:59:59 INFO  valid result: 
hit@10 : 0.1015    ndcg@10 : 0.0513    mrr@10 : 0.0358
Thu 05 Mar 2026 12:00:43 INFO  epoch 18 training [time: 43.96s, train loss: 2607.1901]
Thu 05 Mar 2026 12:00:44 INFO  epoch 18 evaluating [time: 0.49s, valid_score: 0.099800]
Thu 05 Mar 2026 12:00:44 INFO  valid result: 
hit@10 : 0.0998    ndcg@10 : 0.0507    mrr@10 : 0.0355
Thu 05 Mar 2026 12:01:28 INFO  epoch 19 training [time: 44.72s, train loss: 2587.2019]
Thu 05 Mar 2026 12:01:29 INFO  epoch 19 evaluating [time: 0.49s, valid_score: 0.098800]
Thu 05 Mar 2026 12:01:29 INFO  valid result: 
hit@10 : 0.0988    ndcg@10 : 0.05    mrr@10 : 0.035
Thu 05 Mar 2026 12:02:15 INFO  epoch 20 training [time: 45.75s, train loss: 2571.9931]
Thu 05 Mar 2026 12:02:15 INFO  epoch 20 evaluating [time: 0.54s, valid_score: 0.098300]
Thu 05 Mar 2026 12:02:15 INFO  valid result: 
hit@10 : 0.0983    ndcg@10 : 0.0506    mrr@10 : 0.0358
Thu 05 Mar 2026 12:02:59 INFO  epoch 21 training [time: 43.58s, train loss: 2555.6765]
Thu 05 Mar 2026 12:02:59 INFO  epoch 21 evaluating [time: 0.49s, valid_score: 0.097500]
Thu 05 Mar 2026 12:02:59 INFO  valid result: 
hit@10 : 0.0975    ndcg@10 : 0.0502    mrr@10 : 0.0356
Thu 05 Mar 2026 12:03:43 INFO  epoch 22 training [time: 44.09s, train loss: 2540.5639]
Thu 05 Mar 2026 12:03:44 INFO  epoch 22 evaluating [time: 0.49s, valid_score: 0.097600]
Thu 05 Mar 2026 12:03:44 INFO  valid result: 
hit@10 : 0.0976    ndcg@10 : 0.0501    mrr@10 : 0.0354
Thu 05 Mar 2026 12:04:28 INFO  epoch 23 training [time: 44.29s, train loss: 2525.6242]
Thu 05 Mar 2026 12:04:29 INFO  epoch 23 evaluating [time: 0.49s, valid_score: 0.097900]
Thu 05 Mar 2026 12:04:29 INFO  valid result: 
hit@10 : 0.0979    ndcg@10 : 0.0512    mrr@10 : 0.0368
Thu 05 Mar 2026 12:05:12 INFO  epoch 24 training [time: 43.89s, train loss: 2508.5673]
Thu 05 Mar 2026 12:05:13 INFO  epoch 24 evaluating [time: 0.49s, valid_score: 0.096900]
Thu 05 Mar 2026 12:05:13 INFO  valid result: 
hit@10 : 0.0969    ndcg@10 : 0.0502    mrr@10 : 0.0358
Thu 05 Mar 2026 12:05:13 INFO  Finished training, best eval result in epoch 13
Thu 05 Mar 2026 12:05:13 INFO  Loading model structure and parameters from saved\TimeWeaver-Mar-05-2026_11-46-30.pth
Thu 05 Mar 2026 12:05:14 INFO  The running environment of this training is as follows:
+-------------+----------------+
| Environment |     Usage      |
+=============+================+
| CPU         |     2.70 %     |
+-------------+----------------+
| GPU         | 0.32 G/6.00 G  |
+-------------+----------------+
| Memory      | 0.69 G/15.63 G |
+-------------+----------------+
Thu 05 Mar 2026 12:05:14 INFO  best valid : OrderedDict([('hit@10', 0.1017), ('ndcg@10', 0.0502), ('mrr@10', 0.0343)])
Thu 05 Mar 2026 12:05:14 INFO  test result: OrderedDict([('hit@10', 0.083), ('ndcg@10', 0.0419), ('mrr@10', 0.0292)])
Thu 05 Mar 2026 12:05:14 WARNING  command line args [--models timeweaver --datasets amazon-toys-5core-subset-full --timeweaver-variant gate --seeds 42,2023,2024 --device gpu --output results/timeweaver_toys_ablation_full.json] will not be used in RecBole
Thu 05 Mar 2026 12:05:14 INFO  ['F:\\桌面\\recommendation_system\\scripts\\run_grid.py', '--models', 'timeweaver', '--datasets', 'amazon-toys-5core-subset-full', '--timeweaver-variant', 'gate', '--seeds', '42,2023,2024', '--device', 'gpu', '--output', 'results/timeweaver_toys_ablation_full.json']
Thu 05 Mar 2026 12:05:14 INFO  
General Hyper Parameters:
gpu_id = 0
use_gpu = True
seed = 2024
state = INFO
reproducibility = True
data_path = data/amazon\amazon-toys-5core-subset
checkpoint_dir = saved
show_progress = True
save_dataset = False
dataset_save_path = None
save_dataloaders = False
dataloaders_save_path = None
log_wandb = False

Training Hyper Parameters:
epochs = 100
train_batch_size = 256
learner = adam
learning_rate = 0.001
train_neg_sample_args = {'distribution': 'none', 'sample_num': 'none', 'alpha': 'none', 'dynamic': False, 'candidate_num': 0}
eval_step = 1
stopping_step = 10
clip_grad_norm = None
weight_decay = 0.0
loss_decimal_place = 4

Evaluation Hyper Parameters:
eval_args = {'split': {'LS': 'valid_and_test'}, 'order': 'TO', 'group_by': 'user', 'mode': {'valid': 'full', 'test': 'full'}}
repeatable = True
metrics = ['Hit', 'NDCG', 'MRR']
topk = [10]
valid_metric = Hit@10
valid_metric_bigger = True
eval_batch_size = 512
metric_decimal_place = 4

Dataset Hyper Parameters:
field_separator = 	
seq_separator =  
USER_ID_FIELD = user_id
ITEM_ID_FIELD = item_id
RATING_FIELD = rating
TIME_FIELD = timestamp
seq_len = None
LABEL_FIELD = label
threshold = None
NEG_PREFIX = neg_
load_col = {'inter': ['user_id', 'item_id', 'rating', 'timestamp']}
unload_col = None
unused_col = None
additional_feat_suffix = None
rm_dup_inter = None
val_interval = None
filter_inter_by_user_or_item = True
user_inter_num_interval = [0,inf)
item_inter_num_interval = [0,inf)
alias_of_user_id = None
alias_of_item_id = None
alias_of_entity_id = None
alias_of_relation_id = None
preload_weight = None
normalize_field = None
normalize_all = None
ITEM_LIST_LENGTH_FIELD = item_length
LIST_SUFFIX = _list
MAX_ITEM_LIST_LENGTH = 32
POSITION_FIELD = position_id
HEAD_ENTITY_ID_FIELD = head_id
TAIL_ENTITY_ID_FIELD = tail_id
RELATION_ID_FIELD = relation_id
ENTITY_ID_FIELD = entity_id
benchmark_filename = None

Other Hyper Parameters: 
worker = 0
wandb_project = recbole
shuffle = True
require_pow = False
enable_amp = False
enable_scaler = False
transform = None
numerical_features = []
discretization = None
kg_reverse_r = False
entity_kg_num_interval = [0,inf)
relation_kg_num_interval = [0,inf)
MODEL_TYPE = ModelType.SEQUENTIAL
model_name = TimeWeaver
hidden_size = 64
num_layers = 2
hidden_dropout_prob = 0.5
initializer_range = 0.02
time_bucket_size = 1000
ema_decay = 0.5
tcn_kernel_size = -1
ffn_hidden_size = 256
loss_type = CE
early_stop = 10
neg_sampling = None
device = cuda
use_continuous_time = True
use_time_gate = True
use_time_augmentation = False
MODEL_INPUT_TYPE = InputType.POINTWISE
eval_type = EvaluatorType.RANKING
single_spec = True
local_rank = 0
valid_neg_sample_args = {'distribution': 'uniform', 'sample_num': 'none'}
test_neg_sample_args = {'distribution': 'uniform', 'sample_num': 'none'}


Thu 05 Mar 2026 12:05:15 INFO  amazon-toys-5core-subset
The number of users: 19413
Average actions of users: 8.633680197815783
The number of items: 11925
Average actions of items: 14.055434417980543
The number of inters: 167597
The sparsity of the dataset: 99.92760389550713%
Remain Fields: ['user_id', 'item_id', 'rating', 'timestamp']
Thu 05 Mar 2026 12:05:18 INFO  [Training]: train_batch_size = [256] train_neg_sample_args: [{'distribution': 'none', 'sample_num': 'none', 'alpha': 'none', 'dynamic': False, 'candidate_num': 0}]
Thu 05 Mar 2026 12:05:18 INFO  [Evaluation]: eval_batch_size = [512] eval_args: [{'split': {'LS': 'valid_and_test'}, 'order': 'TO', 'group_by': 'user', 'mode': {'valid': 'full', 'test': 'full'}}]
Thu 05 Mar 2026 12:05:18 INFO  TimeWeaver(
  (item_embedding): Embedding(11925, 64, padding_idx=0)
  (time_aug): TimeAwareAugmentation(
    (pos_embedding): Embedding(32, 64)
    (time_embedder): ContinuousTimeEmbedding(
      (time2vec): Time2Vec()
    )
    (time_gate): TimeGate(
      (net): Sequential(
        (0): Linear(in_features=128, out_features=16, bias=True)
        (1): GELU(approximate='none')
        (2): Linear(in_features=16, out_features=64, bias=True)
        (3): Sigmoid()
      )
    )
    (layer_norm): LayerNorm((64,), eps=1e-05, elementwise_affine=True)
    (drop): Dropout(p=0.5, inplace=False)
  )
  (context_layers): ModuleList(
    (0-1): 2 x TCNNextBlock(
      (dw): DepthwiseConv1d(
        (conv): Conv1d(64, 64, kernel_size=(11,), stride=(1,), padding=(5,), groups=64)
        (bn): BatchNorm1d(64, eps=1e-05, momentum=0.1, affine=True, track_running_stats=True)
        (drop): Dropout(p=0.5, inplace=False)
      )
      (norm1): LayerNorm((64,), eps=1e-05, elementwise_affine=True)
      (conv_inter): ParallelConvInter(
        (conv1): Conv1d(64, 64, kernel_size=(1,), stride=(1,))
        (conv3): Conv1d(64, 64, kernel_size=(3,), stride=(1,), padding=(1,))
        (proj): Conv1d(64, 64, kernel_size=(1,), stride=(1,))
        (drop): Dropout(p=0.5, inplace=False)
      )
      (norm2): LayerNorm((64,), eps=1e-05, elementwise_affine=True)
      (ffn): Sequential(
        (0): Linear(in_features=64, out_features=256, bias=True)
        (1): GELU(approximate='none')
        (2): Dropout(p=0.5, inplace=False)
        (3): Linear(in_features=256, out_features=64, bias=True)
        (4): Dropout(p=0.5, inplace=False)
      )
      (norm3): LayerNorm((64,), eps=1e-05, elementwise_affine=True)
    )
  )
  (dynamic_layers): ModuleList(
    (0-1): 2 x EMAStream(
      (proj): Linear(in_features=64, out_features=64, bias=True)
    )
  )
  (weavers): ModuleList(
    (0-1): 2 x StreamWeaver(
      (proj): Linear(in_features=128, out_features=64, bias=True)
      (norm): LayerNorm((64,), eps=1e-05, elementwise_affine=True)
    )
  )
  (loss_fct): CrossEntropyLoss()
)
Trainable parameters: 903826.0
Thu 05 Mar 2026 12:05:18 INFO  FLOPs: 4395008.0
Thu 05 Mar 2026 12:06:05 INFO  epoch 0 training [time: 47.14s, train loss: 3850.6306]
Thu 05 Mar 2026 12:06:05 INFO  epoch 0 evaluating [time: 0.52s, valid_score: 0.012500]
Thu 05 Mar 2026 12:06:05 INFO  valid result: 
hit@10 : 0.0125    ndcg@10 : 0.0064    mrr@10 : 0.0046
Thu 05 Mar 2026 12:06:05 INFO  Saving current: saved\TimeWeaver-Mar-05-2026_12-05-18.pth
Thu 05 Mar 2026 12:06:50 INFO  epoch 1 training [time: 44.15s, train loss: 3649.6806]
Thu 05 Mar 2026 12:06:50 INFO  epoch 1 evaluating [time: 0.55s, valid_score: 0.028000]
Thu 05 Mar 2026 12:06:50 INFO  valid result: 
hit@10 : 0.028    ndcg@10 : 0.0144    mrr@10 : 0.0103
Thu 05 Mar 2026 12:06:50 INFO  Saving current: saved\TimeWeaver-Mar-05-2026_12-05-18.pth
Thu 05 Mar 2026 12:07:35 INFO  epoch 2 training [time: 44.40s, train loss: 3482.9052]
Thu 05 Mar 2026 12:07:35 INFO  epoch 2 evaluating [time: 0.54s, valid_score: 0.042900]
Thu 05 Mar 2026 12:07:35 INFO  valid result: 
hit@10 : 0.0429    ndcg@10 : 0.0218    mrr@10 : 0.0154
Thu 05 Mar 2026 12:07:35 INFO  Saving current: saved\TimeWeaver-Mar-05-2026_12-05-18.pth
Thu 05 Mar 2026 12:08:19 INFO  epoch 3 training [time: 44.35s, train loss: 3337.3726]
Thu 05 Mar 2026 12:08:20 INFO  epoch 3 evaluating [time: 0.48s, valid_score: 0.058800]
Thu 05 Mar 2026 12:08:20 INFO  valid result: 
hit@10 : 0.0588    ndcg@10 : 0.0301    mrr@10 : 0.0214
Thu 05 Mar 2026 12:08:20 INFO  Saving current: saved\TimeWeaver-Mar-05-2026_12-05-18.pth
Thu 05 Mar 2026 12:09:04 INFO  epoch 4 training [time: 44.13s, train loss: 3211.9705]
Thu 05 Mar 2026 12:09:05 INFO  epoch 4 evaluating [time: 0.54s, valid_score: 0.075500]
Thu 05 Mar 2026 12:09:05 INFO  valid result: 
hit@10 : 0.0755    ndcg@10 : 0.0376    mrr@10 : 0.0261
Thu 05 Mar 2026 12:09:05 INFO  Saving current: saved\TimeWeaver-Mar-05-2026_12-05-18.pth
Thu 05 Mar 2026 12:09:50 INFO  epoch 5 training [time: 45.84s, train loss: 3108.6175]
Thu 05 Mar 2026 12:09:51 INFO  epoch 5 evaluating [time: 0.55s, valid_score: 0.085100]
Thu 05 Mar 2026 12:09:51 INFO  valid result: 
hit@10 : 0.0851    ndcg@10 : 0.0429    mrr@10 : 0.03
Thu 05 Mar 2026 12:09:51 INFO  Saving current: saved\TimeWeaver-Mar-05-2026_12-05-18.pth
Thu 05 Mar 2026 12:10:35 INFO  epoch 6 training [time: 44.40s, train loss: 3024.4706]
Thu 05 Mar 2026 12:10:36 INFO  epoch 6 evaluating [time: 0.54s, valid_score: 0.091300]
Thu 05 Mar 2026 12:10:36 INFO  valid result: 
hit@10 : 0.0913    ndcg@10 : 0.0457    mrr@10 : 0.0317
Thu 05 Mar 2026 12:10:36 INFO  Saving current: saved\TimeWeaver-Mar-05-2026_12-05-18.pth
Thu 05 Mar 2026 12:11:20 INFO  epoch 7 training [time: 44.35s, train loss: 2957.6384]
Thu 05 Mar 2026 12:11:21 INFO  epoch 7 evaluating [time: 0.48s, valid_score: 0.093700]
Thu 05 Mar 2026 12:11:21 INFO  valid result: 
hit@10 : 0.0937    ndcg@10 : 0.0469    mrr@10 : 0.0325
Thu 05 Mar 2026 12:11:21 INFO  Saving current: saved\TimeWeaver-Mar-05-2026_12-05-18.pth
Thu 05 Mar 2026 12:12:05 INFO  epoch 8 training [time: 44.10s, train loss: 2901.7027]
Thu 05 Mar 2026 12:12:05 INFO  epoch 8 evaluating [time: 0.47s, valid_score: 0.097200]
Thu 05 Mar 2026 12:12:05 INFO  valid result: 
hit@10 : 0.0972    ndcg@10 : 0.0487    mrr@10 : 0.0337
Thu 05 Mar 2026 12:12:05 INFO  Saving current: saved\TimeWeaver-Mar-05-2026_12-05-18.pth
Thu 05 Mar 2026 12:12:50 INFO  epoch 9 training [time: 44.40s, train loss: 2855.1383]
Thu 05 Mar 2026 12:12:50 INFO  epoch 9 evaluating [time: 0.51s, valid_score: 0.097700]
Thu 05 Mar 2026 12:12:50 INFO  valid result: 
hit@10 : 0.0977    ndcg@10 : 0.0486    mrr@10 : 0.0334
Thu 05 Mar 2026 12:12:50 INFO  Saving current: saved\TimeWeaver-Mar-05-2026_12-05-18.pth
Thu 05 Mar 2026 12:13:35 INFO  epoch 10 training [time: 45.02s, train loss: 2814.1130]
Thu 05 Mar 2026 12:13:36 INFO  epoch 10 evaluating [time: 0.53s, valid_score: 0.099600]
Thu 05 Mar 2026 12:13:36 INFO  valid result: 
hit@10 : 0.0996    ndcg@10 : 0.0495    mrr@10 : 0.0341
Thu 05 Mar 2026 12:13:36 INFO  Saving current: saved\TimeWeaver-Mar-05-2026_12-05-18.pth
Thu 05 Mar 2026 12:14:21 INFO  epoch 11 training [time: 45.16s, train loss: 2777.6325]
Thu 05 Mar 2026 12:14:22 INFO  epoch 11 evaluating [time: 0.54s, valid_score: 0.099300]
Thu 05 Mar 2026 12:14:22 INFO  valid result: 
hit@10 : 0.0993    ndcg@10 : 0.0502    mrr@10 : 0.0351
Thu 05 Mar 2026 12:15:06 INFO  epoch 12 training [time: 43.95s, train loss: 2752.1281]
Thu 05 Mar 2026 12:15:06 INFO  epoch 12 evaluating [time: 0.52s, valid_score: 0.102000]
Thu 05 Mar 2026 12:15:06 INFO  valid result: 
hit@10 : 0.102    ndcg@10 : 0.051    mrr@10 : 0.0353
Thu 05 Mar 2026 12:15:06 INFO  Saving current: saved\TimeWeaver-Mar-05-2026_12-05-18.pth
Thu 05 Mar 2026 12:15:50 INFO  epoch 13 training [time: 44.00s, train loss: 2724.5690]
Thu 05 Mar 2026 12:15:51 INFO  epoch 13 evaluating [time: 0.52s, valid_score: 0.100900]
Thu 05 Mar 2026 12:15:51 INFO  valid result: 
hit@10 : 0.1009    ndcg@10 : 0.0505    mrr@10 : 0.0349
Thu 05 Mar 2026 12:16:35 INFO  epoch 14 training [time: 44.47s, train loss: 2700.4924]
Thu 05 Mar 2026 12:16:36 INFO  epoch 14 evaluating [time: 0.51s, valid_score: 0.099600]
Thu 05 Mar 2026 12:16:36 INFO  valid result: 
hit@10 : 0.0996    ndcg@10 : 0.0506    mrr@10 : 0.0355
Thu 05 Mar 2026 12:17:20 INFO  epoch 15 training [time: 44.43s, train loss: 2675.8445]
Thu 05 Mar 2026 12:17:21 INFO  epoch 15 evaluating [time: 0.53s, valid_score: 0.099200]
Thu 05 Mar 2026 12:17:21 INFO  valid result: 
hit@10 : 0.0992    ndcg@10 : 0.0504    mrr@10 : 0.0352
Thu 05 Mar 2026 12:18:07 INFO  epoch 16 training [time: 46.04s, train loss: 2659.4249]
Thu 05 Mar 2026 12:18:07 INFO  epoch 16 evaluating [time: 0.56s, valid_score: 0.102000]
Thu 05 Mar 2026 12:18:07 INFO  valid result: 
hit@10 : 0.102    ndcg@10 : 0.0519    mrr@10 : 0.0364
Thu 05 Mar 2026 12:18:07 INFO  Saving current: saved\TimeWeaver-Mar-05-2026_12-05-18.pth
Thu 05 Mar 2026 12:18:52 INFO  epoch 17 training [time: 44.61s, train loss: 2638.2720]
Thu 05 Mar 2026 12:18:52 INFO  epoch 17 evaluating [time: 0.54s, valid_score: 0.099500]
Thu 05 Mar 2026 12:18:52 INFO  valid result: 
hit@10 : 0.0995    ndcg@10 : 0.051    mrr@10 : 0.036
Thu 05 Mar 2026 12:19:37 INFO  epoch 18 training [time: 44.17s, train loss: 2621.0541]
Thu 05 Mar 2026 12:19:37 INFO  epoch 18 evaluating [time: 0.48s, valid_score: 0.097000]
Thu 05 Mar 2026 12:19:37 INFO  valid result: 
hit@10 : 0.097    ndcg@10 : 0.0499    mrr@10 : 0.0354
Thu 05 Mar 2026 12:20:22 INFO  epoch 19 training [time: 44.40s, train loss: 2604.1715]
Thu 05 Mar 2026 12:20:22 INFO  epoch 19 evaluating [time: 0.52s, valid_score: 0.100800]
Thu 05 Mar 2026 12:20:22 INFO  valid result: 
hit@10 : 0.1008    ndcg@10 : 0.0517    mrr@10 : 0.0366
Thu 05 Mar 2026 12:21:06 INFO  epoch 20 training [time: 44.10s, train loss: 2589.2959]
Thu 05 Mar 2026 12:21:07 INFO  epoch 20 evaluating [time: 0.51s, valid_score: 0.097200]
Thu 05 Mar 2026 12:21:07 INFO  valid result: 
hit@10 : 0.0972    ndcg@10 : 0.0509    mrr@10 : 0.0366
Thu 05 Mar 2026 12:21:52 INFO  epoch 21 training [time: 45.67s, train loss: 2573.8801]
Thu 05 Mar 2026 12:21:53 INFO  epoch 21 evaluating [time: 0.52s, valid_score: 0.096600]
Thu 05 Mar 2026 12:21:53 INFO  valid result: 
hit@10 : 0.0966    ndcg@10 : 0.0509    mrr@10 : 0.0368
Thu 05 Mar 2026 12:22:37 INFO  epoch 22 training [time: 44.47s, train loss: 2558.8534]
Thu 05 Mar 2026 12:22:38 INFO  epoch 22 evaluating [time: 0.51s, valid_score: 0.098100]
Thu 05 Mar 2026 12:22:38 INFO  valid result: 
hit@10 : 0.0981    ndcg@10 : 0.0506    mrr@10 : 0.036
Thu 05 Mar 2026 12:23:22 INFO  epoch 23 training [time: 44.31s, train loss: 2543.2677]
Thu 05 Mar 2026 12:23:23 INFO  epoch 23 evaluating [time: 0.49s, valid_score: 0.096700]
Thu 05 Mar 2026 12:23:23 INFO  valid result: 
hit@10 : 0.0967    ndcg@10 : 0.0506    mrr@10 : 0.0364
Thu 05 Mar 2026 12:24:07 INFO  epoch 24 training [time: 44.13s, train loss: 2533.0842]
Thu 05 Mar 2026 12:24:07 INFO  epoch 24 evaluating [time: 0.47s, valid_score: 0.095700]
Thu 05 Mar 2026 12:24:07 INFO  valid result: 
hit@10 : 0.0957    ndcg@10 : 0.0503    mrr@10 : 0.0363
Thu 05 Mar 2026 12:24:51 INFO  epoch 25 training [time: 44.14s, train loss: 2516.5816]
Thu 05 Mar 2026 12:24:52 INFO  epoch 25 evaluating [time: 0.45s, valid_score: 0.096800]
Thu 05 Mar 2026 12:24:52 INFO  valid result: 
hit@10 : 0.0968    ndcg@10 : 0.0513    mrr@10 : 0.0374
Thu 05 Mar 2026 12:25:37 INFO  epoch 26 training [time: 45.40s, train loss: 2503.8532]
Thu 05 Mar 2026 12:25:38 INFO  epoch 26 evaluating [time: 0.54s, valid_score: 0.094600]
Thu 05 Mar 2026 12:25:38 INFO  valid result: 
hit@10 : 0.0946    ndcg@10 : 0.0502    mrr@10 : 0.0366
Thu 05 Mar 2026 12:26:23 INFO  epoch 27 training [time: 44.83s, train loss: 2487.8375]
Thu 05 Mar 2026 12:26:23 INFO  epoch 27 evaluating [time: 0.53s, valid_score: 0.094900]
Thu 05 Mar 2026 12:26:23 INFO  valid result: 
hit@10 : 0.0949    ndcg@10 : 0.0501    mrr@10 : 0.0363
Thu 05 Mar 2026 12:26:23 INFO  Finished training, best eval result in epoch 16
Thu 05 Mar 2026 12:26:23 INFO  Loading model structure and parameters from saved\TimeWeaver-Mar-05-2026_12-05-18.pth
Thu 05 Mar 2026 12:26:25 INFO  The running environment of this training is as follows:
+-------------+----------------+
| Environment |     Usage      |
+=============+================+
| CPU         |     4.70 %     |
+-------------+----------------+
| GPU         | 0.32 G/6.00 G  |
+-------------+----------------+
| Memory      | 0.69 G/15.63 G |
+-------------+----------------+
Thu 05 Mar 2026 12:26:25 INFO  best valid : OrderedDict([('hit@10', 0.102), ('ndcg@10', 0.0519), ('mrr@10', 0.0364)])
Thu 05 Mar 2026 12:26:25 INFO  test result: OrderedDict([('hit@10', 0.0847), ('ndcg@10', 0.0434), ('mrr@10', 0.0308)])
