Fri 13 Feb 2026 02:25:14 INFO  ['F:\\桌面\\recommendation_system\\scripts\\run_grid.py', '--models', 'timeweaver', '--datasets', 'amazon-electronics-5core-subset', '--seeds', '42', '--device', 'gpu', '--timeweaver-variant', 'base', '--tag', 'e0p2_k9_d0p2_l2_f512_b1000', '--output', 'results/run_grid_timeweaver_tune.json', '--tw-ema-decay', '0.2', '--tw-tcn-kernel', '9', '--tw-hidden-dropout', '0.2', '--tw-num-layers', '2', '--tw-ffn-hidden', '512', '--tw-time-bucket', '1000']
Fri 13 Feb 2026 02:25:14 INFO  
General Hyper Parameters:
gpu_id = 0
use_gpu = True
seed = 42
state = INFO
reproducibility = True
data_path = data/amazon\amazon-electronics-5core-subset
checkpoint_dir = saved
show_progress = True
save_dataset = False
dataset_save_path = None
save_dataloaders = False
dataloaders_save_path = None
log_wandb = False

Training Hyper Parameters:
epochs = 100
train_batch_size = 256
learner = adam
learning_rate = 0.001
train_neg_sample_args = {'distribution': 'none', 'sample_num': 'none', 'alpha': 'none', 'dynamic': False, 'candidate_num': 0}
eval_step = 1
stopping_step = 10
clip_grad_norm = None
weight_decay = 0.0
loss_decimal_place = 4

Evaluation Hyper Parameters:
eval_args = {'split': {'LS': 'valid_and_test'}, 'order': 'TO', 'group_by': 'user', 'mode': {'valid': 'uni100', 'test': 'uni100'}}
repeatable = True
metrics = ['Hit', 'NDCG', 'MRR']
topk = [10]
valid_metric = MRR@10
valid_metric_bigger = True
eval_batch_size = 512
metric_decimal_place = 4

Dataset Hyper Parameters:
field_separator = 	
seq_separator =  
USER_ID_FIELD = user_id
ITEM_ID_FIELD = item_id
RATING_FIELD = rating
TIME_FIELD = timestamp
seq_len = None
LABEL_FIELD = label
threshold = None
NEG_PREFIX = neg_
load_col = {'inter': ['user_id', 'item_id', 'rating', 'timestamp']}
unload_col = None
unused_col = None
additional_feat_suffix = None
rm_dup_inter = None
val_interval = None
filter_inter_by_user_or_item = True
user_inter_num_interval = [0,inf)
item_inter_num_interval = [0,inf)
alias_of_user_id = None
alias_of_item_id = None
alias_of_entity_id = None
alias_of_relation_id = None
preload_weight = None
normalize_field = None
normalize_all = None
ITEM_LIST_LENGTH_FIELD = item_length
LIST_SUFFIX = _list
MAX_ITEM_LIST_LENGTH = 32
POSITION_FIELD = position_id
HEAD_ENTITY_ID_FIELD = head_id
TAIL_ENTITY_ID_FIELD = tail_id
RELATION_ID_FIELD = relation_id
ENTITY_ID_FIELD = entity_id
benchmark_filename = None

Other Hyper Parameters: 
worker = 0
wandb_project = recbole
shuffle = True
require_pow = False
enable_amp = False
enable_scaler = False
transform = None
numerical_features = []
discretization = None
kg_reverse_r = False
entity_kg_num_interval = [0,inf)
relation_kg_num_interval = [0,inf)
MODEL_TYPE = ModelType.SEQUENTIAL
model_name = TimeWeaver
hidden_size = 64
num_layers = 2
hidden_dropout_prob = 0.2
initializer_range = 0.02
time_bucket_size = 1000
ema_decay = 0.2
tcn_kernel_size = 9
ffn_hidden_size = 512
loss_type = CE
early_stop = 10
neg_sampling = None
device = cuda
use_continuous_time = False
use_time_gate = False
use_time_augmentation = False
MODEL_INPUT_TYPE = InputType.POINTWISE
eval_type = EvaluatorType.RANKING
single_spec = True
local_rank = 0
valid_neg_sample_args = {'distribution': 'uniform', 'sample_num': 100}
test_neg_sample_args = {'distribution': 'uniform', 'sample_num': 100}


Fri 13 Feb 2026 02:25:15 INFO  amazon-electronics-5core-subset
The number of users: 1501
Average actions of users: 108.42733333333334
The number of items: 54722
Average actions of items: 2.9721861808080994
The number of inters: 162641
The sparsity of the dataset: 99.80198988231011%
Remain Fields: ['user_id', 'item_id', 'rating', 'timestamp']
Fri 13 Feb 2026 02:25:17 INFO  [Training]: train_batch_size = [256] train_neg_sample_args: [{'distribution': 'none', 'sample_num': 'none', 'alpha': 'none', 'dynamic': False, 'candidate_num': 0}]
Fri 13 Feb 2026 02:25:17 INFO  [Evaluation]: eval_batch_size = [512] eval_args: [{'split': {'LS': 'valid_and_test'}, 'order': 'TO', 'group_by': 'user', 'mode': {'valid': 'uni100', 'test': 'uni100'}}]
Fri 13 Feb 2026 02:25:17 INFO  TimeWeaver(
  (item_embedding): Embedding(54722, 64, padding_idx=0)
  (time_aug): TimeAwareAugmentation(
    (pos_embedding): Embedding(32, 64)
    (time_embedding): Embedding(1000, 64)
    (layer_norm): LayerNorm((64,), eps=1e-05, elementwise_affine=True)
    (drop): Dropout(p=0.2, inplace=False)
  )
  (context_layers): ModuleList(
    (0-1): 2 x TCNNextBlock(
      (dw): DepthwiseConv1d(
        (conv): Conv1d(64, 64, kernel_size=(9,), stride=(1,), padding=(4,), groups=64)
        (bn): BatchNorm1d(64, eps=1e-05, momentum=0.1, affine=True, track_running_stats=True)
        (drop): Dropout(p=0.2, inplace=False)
      )
      (norm1): LayerNorm((64,), eps=1e-05, elementwise_affine=True)
      (conv_inter): ParallelConvInter(
        (conv1): Conv1d(64, 64, kernel_size=(1,), stride=(1,))
        (conv3): Conv1d(64, 64, kernel_size=(3,), stride=(1,), padding=(1,))
        (proj): Conv1d(64, 64, kernel_size=(1,), stride=(1,))
        (drop): Dropout(p=0.2, inplace=False)
      )
      (norm2): LayerNorm((64,), eps=1e-05, elementwise_affine=True)
      (ffn): Sequential(
        (0): Linear(in_features=64, out_features=512, bias=True)
        (1): GELU(approximate='none')
        (2): Dropout(p=0.2, inplace=False)
        (3): Linear(in_features=512, out_features=64, bias=True)
        (4): Dropout(p=0.2, inplace=False)
      )
      (norm3): LayerNorm((64,), eps=1e-05, elementwise_affine=True)
    )
  )
  (dynamic_layers): ModuleList(
    (0-1): 2 x EMAStream(
      (proj): Linear(in_features=64, out_features=64, bias=True)
    )
  )
  (weavers): ModuleList(
    (0-1): 2 x StreamWeaver(
      (proj): Linear(in_features=128, out_features=64, bias=True)
      (norm): LayerNorm((64,), eps=1e-05, elementwise_affine=True)
    )
  )
  (loss_fct): CrossEntropyLoss()
)
Trainable parameters: 3769345.0
Fri 13 Feb 2026 02:25:17 INFO  FLOPs: 6387712.0
Fri 13 Feb 2026 02:26:08 INFO  epoch 0 training [time: 49.67s, train loss: 6451.9102]
Fri 13 Feb 2026 02:26:11 INFO  epoch 0 evaluating [time: 2.97s, valid_score: 0.208000]
Fri 13 Feb 2026 02:26:11 INFO  valid result: 
hit@10 : 0.3867    ndcg@10 : 0.2501    mrr@10 : 0.208
Fri 13 Feb 2026 02:26:11 INFO  Saving current: saved\TimeWeaver-Feb-13-2026_02-25-17.pth
Fri 13 Feb 2026 02:27:02 INFO  epoch 1 training [time: 51.25s, train loss: 5793.1758]
Fri 13 Feb 2026 02:27:05 INFO  epoch 1 evaluating [time: 2.73s, valid_score: 0.233100]
Fri 13 Feb 2026 02:27:05 INFO  valid result: 
hit@10 : 0.4167    ndcg@10 : 0.2764    mrr@10 : 0.2331
Fri 13 Feb 2026 02:27:05 INFO  Saving current: saved\TimeWeaver-Feb-13-2026_02-25-17.pth
Fri 13 Feb 2026 02:27:54 INFO  epoch 2 training [time: 48.66s, train loss: 4991.3504]
Fri 13 Feb 2026 02:27:57 INFO  epoch 2 evaluating [time: 2.81s, valid_score: 0.228800]
Fri 13 Feb 2026 02:27:57 INFO  valid result: 
hit@10 : 0.3907    ndcg@10 : 0.267    mrr@10 : 0.2288
Fri 13 Feb 2026 02:28:46 INFO  epoch 3 training [time: 49.31s, train loss: 4258.7939]
Fri 13 Feb 2026 02:28:49 INFO  epoch 3 evaluating [time: 2.77s, valid_score: 0.229800]
Fri 13 Feb 2026 02:28:49 INFO  valid result: 
hit@10 : 0.382    ndcg@10 : 0.2658    mrr@10 : 0.2298
Fri 13 Feb 2026 02:29:37 INFO  epoch 4 training [time: 48.72s, train loss: 3754.1615]
Fri 13 Feb 2026 02:29:40 INFO  epoch 4 evaluating [time: 2.78s, valid_score: 0.219500]
Fri 13 Feb 2026 02:29:40 INFO  valid result: 
hit@10 : 0.3767    ndcg@10 : 0.2566    mrr@10 : 0.2195
Fri 13 Feb 2026 02:30:32 INFO  epoch 5 training [time: 51.99s, train loss: 3383.1697]
Fri 13 Feb 2026 02:30:35 INFO  epoch 5 evaluating [time: 2.89s, valid_score: 0.220200]
Fri 13 Feb 2026 02:30:35 INFO  valid result: 
hit@10 : 0.3753    ndcg@10 : 0.2566    mrr@10 : 0.2202
Fri 13 Feb 2026 02:31:25 INFO  epoch 6 training [time: 49.45s, train loss: 3072.2856]
Fri 13 Feb 2026 02:31:27 INFO  epoch 6 evaluating [time: 2.71s, valid_score: 0.207300]
Fri 13 Feb 2026 02:31:27 INFO  valid result: 
hit@10 : 0.356    ndcg@10 : 0.2422    mrr@10 : 0.2073
Fri 13 Feb 2026 02:32:16 INFO  epoch 7 training [time: 49.19s, train loss: 2794.6833]
Fri 13 Feb 2026 02:32:19 INFO  epoch 7 evaluating [time: 2.75s, valid_score: 0.209900]
Fri 13 Feb 2026 02:32:19 INFO  valid result: 
hit@10 : 0.3587    ndcg@10 : 0.2446    mrr@10 : 0.2099
Fri 13 Feb 2026 02:33:08 INFO  epoch 8 training [time: 49.04s, train loss: 2557.6281]
Fri 13 Feb 2026 02:33:11 INFO  epoch 8 evaluating [time: 2.78s, valid_score: 0.201900]
Fri 13 Feb 2026 02:33:11 INFO  valid result: 
hit@10 : 0.3527    ndcg@10 : 0.2371    mrr@10 : 0.2019
Fri 13 Feb 2026 02:34:00 INFO  epoch 9 training [time: 49.37s, train loss: 2357.7641]
Fri 13 Feb 2026 02:34:03 INFO  epoch 9 evaluating [time: 2.91s, valid_score: 0.187200]
Fri 13 Feb 2026 02:34:03 INFO  valid result: 
hit@10 : 0.32    ndcg@10 : 0.2184    mrr@10 : 0.1872
Fri 13 Feb 2026 02:34:56 INFO  epoch 10 training [time: 52.54s, train loss: 2189.6964]
Fri 13 Feb 2026 02:34:59 INFO  epoch 10 evaluating [time: 2.88s, valid_score: 0.185700]
Fri 13 Feb 2026 02:34:59 INFO  valid result: 
hit@10 : 0.33    ndcg@10 : 0.2195    mrr@10 : 0.1857
Fri 13 Feb 2026 02:35:48 INFO  epoch 11 training [time: 48.92s, train loss: 2048.7433]
Fri 13 Feb 2026 02:35:50 INFO  epoch 11 evaluating [time: 2.78s, valid_score: 0.184100]
Fri 13 Feb 2026 02:35:50 INFO  valid result: 
hit@10 : 0.3173    ndcg@10 : 0.2155    mrr@10 : 0.1841
Fri 13 Feb 2026 02:36:40 INFO  epoch 12 training [time: 49.22s, train loss: 1926.9632]
Fri 13 Feb 2026 02:36:42 INFO  epoch 12 evaluating [time: 2.78s, valid_score: 0.188500]
Fri 13 Feb 2026 02:36:42 INFO  valid result: 
hit@10 : 0.3273    ndcg@10 : 0.2211    mrr@10 : 0.1885
Fri 13 Feb 2026 02:36:42 INFO  Finished training, best eval result in epoch 1
Fri 13 Feb 2026 02:36:42 INFO  Loading model structure and parameters from saved\TimeWeaver-Feb-13-2026_02-25-17.pth
Fri 13 Feb 2026 02:36:46 INFO  The running environment of this training is as follows:
+-------------+----------------+
| Environment |     Usage      |
+=============+================+
| CPU         |     3.40 %     |
+-------------+----------------+
| GPU         | 0.51 G/6.00 G  |
+-------------+----------------+
| Memory      | 1.64 G/15.63 G |
+-------------+----------------+
Fri 13 Feb 2026 02:36:46 INFO  best valid : OrderedDict([('hit@10', 0.4167), ('ndcg@10', 0.2764), ('mrr@10', 0.2331)])
Fri 13 Feb 2026 02:36:46 INFO  test result: OrderedDict([('hit@10', 0.3693), ('ndcg@10', 0.2377), ('mrr@10', 0.197)])
