Sun 15 Mar 2026 18:25:32 INFO  ['F:\\桌面\\recommendation_system\\scripts\\run_grid.py', '--models', 'timeweaver', '--datasets', 'amazon-sports-5core-longseq-full', '--seeds', '42,2023,2024', '--device', 'gpu', '--timeweaver-variant', 'aug_only', '--output', 'F:\\桌面\\recommendation_system\\results\\param_sweeps\\timeweaver_param_B2_aug_strength_prob.json', '--tag', 'B2_s0.3_p0.1', '--skip-if-done', '--tw-aug-strength', '0.3', '--tw-aug-prob', '0.1']
Sun 15 Mar 2026 18:25:32 INFO  
General Hyper Parameters:
gpu_id = 0
use_gpu = True
seed = 42
state = INFO
reproducibility = True
data_path = data/amazon\amazon-sports-5core-longseq
checkpoint_dir = saved
show_progress = True
save_dataset = False
dataset_save_path = None
save_dataloaders = False
dataloaders_save_path = None
log_wandb = False

Training Hyper Parameters:
epochs = 100
train_batch_size = 256
learner = adam
learning_rate = 0.001
train_neg_sample_args = {'distribution': 'none', 'sample_num': 'none', 'alpha': 'none', 'dynamic': False, 'candidate_num': 0}
eval_step = 1
stopping_step = 10
clip_grad_norm = None
weight_decay = 0.0
loss_decimal_place = 4

Evaluation Hyper Parameters:
eval_args = {'split': {'LS': 'valid_and_test'}, 'order': 'TO', 'group_by': 'user', 'mode': {'valid': 'full', 'test': 'full'}}
repeatable = True
metrics = ['Hit', 'NDCG', 'MRR']
topk = [10]
valid_metric = Hit@10
valid_metric_bigger = True
eval_batch_size = 512
metric_decimal_place = 4

Dataset Hyper Parameters:
field_separator = 	
seq_separator =  
USER_ID_FIELD = user_id
ITEM_ID_FIELD = item_id
RATING_FIELD = rating
TIME_FIELD = timestamp
seq_len = None
LABEL_FIELD = label
threshold = None
NEG_PREFIX = neg_
load_col = {'inter': ['user_id', 'item_id', 'rating', 'timestamp']}
unload_col = None
unused_col = None
additional_feat_suffix = None
rm_dup_inter = None
val_interval = None
filter_inter_by_user_or_item = True
user_inter_num_interval = [0,inf)
item_inter_num_interval = [0,inf)
alias_of_user_id = None
alias_of_item_id = None
alias_of_entity_id = None
alias_of_relation_id = None
preload_weight = None
normalize_field = None
normalize_all = None
ITEM_LIST_LENGTH_FIELD = item_length
LIST_SUFFIX = _list
MAX_ITEM_LIST_LENGTH = 32
POSITION_FIELD = position_id
HEAD_ENTITY_ID_FIELD = head_id
TAIL_ENTITY_ID_FIELD = tail_id
RELATION_ID_FIELD = relation_id
ENTITY_ID_FIELD = entity_id
benchmark_filename = None

Other Hyper Parameters: 
worker = 0
wandb_project = recbole
shuffle = True
require_pow = False
enable_amp = False
enable_scaler = False
transform = None
numerical_features = []
discretization = None
kg_reverse_r = False
entity_kg_num_interval = [0,inf)
relation_kg_num_interval = [0,inf)
MODEL_TYPE = ModelType.SEQUENTIAL
contrastive_weight = 0.03
contrastive_temp = 0.2
model_name = TimeWeaver
hidden_size = 64
num_layers = 2
hidden_dropout_prob = 0.5
initializer_range = 0.02
time_bucket_size = 1000
ema_decay = 0.5
tcn_kernel_size = -1
ffn_hidden_size = 256
loss_type = CE
early_stop = 10
neg_sampling = None
device = cuda
use_continuous_time = False
use_time_gate = False
use_time_augmentation = True
time_aug_strength = 0.3
time_aug_prob = 0.1
MODEL_INPUT_TYPE = InputType.POINTWISE
eval_type = EvaluatorType.RANKING
single_spec = True
local_rank = 0
valid_neg_sample_args = {'distribution': 'uniform', 'sample_num': 'none'}
test_neg_sample_args = {'distribution': 'uniform', 'sample_num': 'none'}


Sun 15 Mar 2026 18:25:32 INFO  amazon-sports-5core-longseq
The number of users: 2181
Average actions of users: 25.74678899082569
The number of items: 14556
Average actions of items: 3.8562693232566128
The number of inters: 56128
The sparsity of the dataset: 99.82320016520806%
Remain Fields: ['user_id', 'item_id', 'rating', 'timestamp']
Sun 15 Mar 2026 18:25:33 INFO  [Training]: train_batch_size = [256] train_neg_sample_args: [{'distribution': 'none', 'sample_num': 'none', 'alpha': 'none', 'dynamic': False, 'candidate_num': 0}]
Sun 15 Mar 2026 18:25:33 INFO  [Evaluation]: eval_batch_size = [512] eval_args: [{'split': {'LS': 'valid_and_test'}, 'order': 'TO', 'group_by': 'user', 'mode': {'valid': 'full', 'test': 'full'}}]
Sun 15 Mar 2026 18:25:33 INFO  TimeWeaver(
  (item_embedding): Embedding(14556, 64, padding_idx=0)
  (time_aug): TimeAwareAugmentation(
    (pos_embedding): Embedding(32, 64)
    (time_embedding): Embedding(1000, 64)
    (layer_norm): LayerNorm((64,), eps=1e-05, elementwise_affine=True)
    (drop): Dropout(p=0.5, inplace=False)
  )
  (context_layers): ModuleList(
    (0-1): 2 x TCNNextBlock(
      (dw): DepthwiseConv1d(
        (conv): Conv1d(64, 64, kernel_size=(11,), stride=(1,), padding=(5,), groups=64)
        (bn): BatchNorm1d(64, eps=1e-05, momentum=0.1, affine=True, track_running_stats=True)
        (drop): Dropout(p=0.5, inplace=False)
      )
      (norm1): LayerNorm((64,), eps=1e-05, elementwise_affine=True)
      (conv_inter): ParallelConvInter(
        (conv1): Conv1d(64, 64, kernel_size=(1,), stride=(1,))
        (conv3): Conv1d(64, 64, kernel_size=(3,), stride=(1,), padding=(1,))
        (proj): Conv1d(64, 64, kernel_size=(1,), stride=(1,))
        (drop): Dropout(p=0.5, inplace=False)
      )
      (norm2): LayerNorm((64,), eps=1e-05, elementwise_affine=True)
      (ffn): Sequential(
        (0): Linear(in_features=64, out_features=256, bias=True)
        (1): GELU(approximate='none')
        (2): Dropout(p=0.5, inplace=False)
        (3): Linear(in_features=256, out_features=64, bias=True)
        (4): Dropout(p=0.5, inplace=False)
      )
      (norm3): LayerNorm((64,), eps=1e-05, elementwise_affine=True)
    )
  )
  (dynamic_layers): ModuleList(
    (0-1): 2 x EMAStream(
      (proj): Linear(in_features=64, out_features=64, bias=True)
    )
  )
  (weavers): ModuleList(
    (0-1): 2 x StreamWeaver(
      (proj): Linear(in_features=128, out_features=64, bias=True)
      (norm): LayerNorm((64,), eps=1e-05, elementwise_affine=True)
    )
  )
  (loss_fct): CrossEntropyLoss()
)
Trainable parameters: 1132929.0
Sun 15 Mar 2026 18:25:33 INFO  FLOPs: 4298752.0
Sun 15 Mar 2026 18:25:52 INFO  epoch 0 training [time: 17.33s, train loss: 1809.4322]
Sun 15 Mar 2026 18:25:52 INFO  epoch 0 evaluating [time: 0.11s, valid_score: 0.012400]
Sun 15 Mar 2026 18:25:52 INFO  valid result: 
hit@10 : 0.0124    ndcg@10 : 0.0063    mrr@10 : 0.0046
Sun 15 Mar 2026 18:25:52 INFO  Saving current: saved\TimeWeaver-Mar-15-2026_18-25-33.pth
Sun 15 Mar 2026 18:26:10 INFO  epoch 1 training [time: 17.99s, train loss: 1735.6456]
Sun 15 Mar 2026 18:26:10 INFO  epoch 1 evaluating [time: 0.09s, valid_score: 0.015100]
Sun 15 Mar 2026 18:26:10 INFO  valid result: 
hit@10 : 0.0151    ndcg@10 : 0.0072    mrr@10 : 0.0049
Sun 15 Mar 2026 18:26:10 INFO  Saving current: saved\TimeWeaver-Mar-15-2026_18-25-33.pth
Sun 15 Mar 2026 18:26:29 INFO  epoch 2 training [time: 18.74s, train loss: 1671.3945]
Sun 15 Mar 2026 18:26:29 INFO  epoch 2 evaluating [time: 0.09s, valid_score: 0.029400]
Sun 15 Mar 2026 18:26:29 INFO  valid result: 
hit@10 : 0.0294    ndcg@10 : 0.0134    mrr@10 : 0.0087
Sun 15 Mar 2026 18:26:29 INFO  Saving current: saved\TimeWeaver-Mar-15-2026_18-25-33.pth
Sun 15 Mar 2026 18:26:48 INFO  epoch 3 training [time: 18.38s, train loss: 1594.9921]
Sun 15 Mar 2026 18:26:48 INFO  epoch 3 evaluating [time: 0.09s, valid_score: 0.026600]
Sun 15 Mar 2026 18:26:48 INFO  valid result: 
hit@10 : 0.0266    ndcg@10 : 0.0131    mrr@10 : 0.009
Sun 15 Mar 2026 18:27:06 INFO  epoch 4 training [time: 18.57s, train loss: 1520.7400]
Sun 15 Mar 2026 18:27:06 INFO  epoch 4 evaluating [time: 0.10s, valid_score: 0.026100]
Sun 15 Mar 2026 18:27:06 INFO  valid result: 
hit@10 : 0.0261    ndcg@10 : 0.0124    mrr@10 : 0.0082
Sun 15 Mar 2026 18:27:27 INFO  epoch 5 training [time: 21.05s, train loss: 1447.4563]
Sun 15 Mar 2026 18:27:28 INFO  epoch 5 evaluating [time: 0.08s, valid_score: 0.028000]
Sun 15 Mar 2026 18:27:28 INFO  valid result: 
hit@10 : 0.028    ndcg@10 : 0.0126    mrr@10 : 0.008
Sun 15 Mar 2026 18:27:58 INFO  epoch 6 training [time: 30.47s, train loss: 1375.5037]
Sun 15 Mar 2026 18:27:58 INFO  epoch 6 evaluating [time: 0.09s, valid_score: 0.028000]
Sun 15 Mar 2026 18:27:58 INFO  valid result: 
hit@10 : 0.028    ndcg@10 : 0.0122    mrr@10 : 0.0074
Sun 15 Mar 2026 18:28:35 INFO  epoch 7 training [time: 36.58s, train loss: 1312.0816]
Sun 15 Mar 2026 18:28:35 INFO  epoch 7 evaluating [time: 0.09s, valid_score: 0.032100]
Sun 15 Mar 2026 18:28:35 INFO  valid result: 
hit@10 : 0.0321    ndcg@10 : 0.0141    mrr@10 : 0.0087
Sun 15 Mar 2026 18:28:35 INFO  Saving current: saved\TimeWeaver-Mar-15-2026_18-25-33.pth
Sun 15 Mar 2026 18:29:12 INFO  epoch 8 training [time: 37.32s, train loss: 1251.2211]
Sun 15 Mar 2026 18:29:12 INFO  epoch 8 evaluating [time: 0.11s, valid_score: 0.029800]
Sun 15 Mar 2026 18:29:12 INFO  valid result: 
hit@10 : 0.0298    ndcg@10 : 0.0138    mrr@10 : 0.0089
Sun 15 Mar 2026 18:29:50 INFO  epoch 9 training [time: 37.92s, train loss: 1197.7588]
Sun 15 Mar 2026 18:29:50 INFO  epoch 9 evaluating [time: 0.09s, valid_score: 0.031200]
Sun 15 Mar 2026 18:29:50 INFO  valid result: 
hit@10 : 0.0312    ndcg@10 : 0.014    mrr@10 : 0.0087
Sun 15 Mar 2026 18:30:27 INFO  epoch 10 training [time: 37.09s, train loss: 1154.4514]
Sun 15 Mar 2026 18:30:27 INFO  epoch 10 evaluating [time: 0.10s, valid_score: 0.028400]
Sun 15 Mar 2026 18:30:27 INFO  valid result: 
hit@10 : 0.0284    ndcg@10 : 0.0126    mrr@10 : 0.0078
Sun 15 Mar 2026 18:31:05 INFO  epoch 11 training [time: 37.94s, train loss: 1113.0481]
Sun 15 Mar 2026 18:31:05 INFO  epoch 11 evaluating [time: 0.09s, valid_score: 0.030700]
Sun 15 Mar 2026 18:31:05 INFO  valid result: 
hit@10 : 0.0307    ndcg@10 : 0.0138    mrr@10 : 0.0086
Sun 15 Mar 2026 18:31:44 INFO  epoch 12 training [time: 38.61s, train loss: 1078.3947]
Sun 15 Mar 2026 18:31:44 INFO  epoch 12 evaluating [time: 0.10s, valid_score: 0.028400]
Sun 15 Mar 2026 18:31:44 INFO  valid result: 
hit@10 : 0.0284    ndcg@10 : 0.0127    mrr@10 : 0.0079
Sun 15 Mar 2026 18:32:23 INFO  epoch 13 training [time: 38.50s, train loss: 1047.1606]
Sun 15 Mar 2026 18:32:23 INFO  epoch 13 evaluating [time: 0.10s, valid_score: 0.033500]
Sun 15 Mar 2026 18:32:23 INFO  valid result: 
hit@10 : 0.0335    ndcg@10 : 0.0142    mrr@10 : 0.0084
Sun 15 Mar 2026 18:32:23 INFO  Saving current: saved\TimeWeaver-Mar-15-2026_18-25-33.pth
Sun 15 Mar 2026 18:33:00 INFO  epoch 14 training [time: 37.22s, train loss: 1020.4918]
Sun 15 Mar 2026 18:33:00 INFO  epoch 14 evaluating [time: 0.10s, valid_score: 0.034400]
Sun 15 Mar 2026 18:33:00 INFO  valid result: 
hit@10 : 0.0344    ndcg@10 : 0.0147    mrr@10 : 0.0089
Sun 15 Mar 2026 18:33:00 INFO  Saving current: saved\TimeWeaver-Mar-15-2026_18-25-33.pth
Sun 15 Mar 2026 18:33:38 INFO  epoch 15 training [time: 37.69s, train loss: 995.5518]
Sun 15 Mar 2026 18:33:38 INFO  epoch 15 evaluating [time: 0.10s, valid_score: 0.029800]
Sun 15 Mar 2026 18:33:38 INFO  valid result: 
hit@10 : 0.0298    ndcg@10 : 0.0138    mrr@10 : 0.009
Sun 15 Mar 2026 18:34:15 INFO  epoch 16 training [time: 37.00s, train loss: 971.9672]
Sun 15 Mar 2026 18:34:15 INFO  epoch 16 evaluating [time: 0.10s, valid_score: 0.029400]
Sun 15 Mar 2026 18:34:15 INFO  valid result: 
hit@10 : 0.0294    ndcg@10 : 0.0128    mrr@10 : 0.0079
Sun 15 Mar 2026 18:34:53 INFO  epoch 17 training [time: 37.78s, train loss: 950.5621]
Sun 15 Mar 2026 18:34:53 INFO  epoch 17 evaluating [time: 0.11s, valid_score: 0.032600]
Sun 15 Mar 2026 18:34:53 INFO  valid result: 
hit@10 : 0.0326    ndcg@10 : 0.0138    mrr@10 : 0.0082
Sun 15 Mar 2026 18:35:30 INFO  epoch 18 training [time: 37.43s, train loss: 929.3907]
Sun 15 Mar 2026 18:35:30 INFO  epoch 18 evaluating [time: 0.10s, valid_score: 0.027100]
Sun 15 Mar 2026 18:35:30 INFO  valid result: 
hit@10 : 0.0271    ndcg@10 : 0.012    mrr@10 : 0.0076
Sun 15 Mar 2026 18:36:08 INFO  epoch 19 training [time: 37.69s, train loss: 911.6643]
Sun 15 Mar 2026 18:36:08 INFO  epoch 19 evaluating [time: 0.11s, valid_score: 0.027100]
Sun 15 Mar 2026 18:36:08 INFO  valid result: 
hit@10 : 0.0271    ndcg@10 : 0.0121    mrr@10 : 0.0077
Sun 15 Mar 2026 18:36:45 INFO  epoch 20 training [time: 36.76s, train loss: 894.4136]
Sun 15 Mar 2026 18:36:45 INFO  epoch 20 evaluating [time: 0.09s, valid_score: 0.028000]
Sun 15 Mar 2026 18:36:45 INFO  valid result: 
hit@10 : 0.028    ndcg@10 : 0.0122    mrr@10 : 0.0074
Sun 15 Mar 2026 18:37:22 INFO  epoch 21 training [time: 36.70s, train loss: 875.7706]
Sun 15 Mar 2026 18:37:22 INFO  epoch 21 evaluating [time: 0.09s, valid_score: 0.026600]
Sun 15 Mar 2026 18:37:22 INFO  valid result: 
hit@10 : 0.0266    ndcg@10 : 0.0114    mrr@10 : 0.0068
Sun 15 Mar 2026 18:37:59 INFO  epoch 22 training [time: 36.80s, train loss: 859.3286]
Sun 15 Mar 2026 18:37:59 INFO  epoch 22 evaluating [time: 0.09s, valid_score: 0.025700]
Sun 15 Mar 2026 18:37:59 INFO  valid result: 
hit@10 : 0.0257    ndcg@10 : 0.011    mrr@10 : 0.0066
Sun 15 Mar 2026 18:38:36 INFO  epoch 23 training [time: 37.46s, train loss: 843.4376]
Sun 15 Mar 2026 18:38:36 INFO  epoch 23 evaluating [time: 0.09s, valid_score: 0.024800]
Sun 15 Mar 2026 18:38:36 INFO  valid result: 
hit@10 : 0.0248    ndcg@10 : 0.0115    mrr@10 : 0.0074
Sun 15 Mar 2026 18:39:14 INFO  epoch 24 training [time: 37.39s, train loss: 828.8166]
Sun 15 Mar 2026 18:39:14 INFO  epoch 24 evaluating [time: 0.10s, valid_score: 0.024800]
Sun 15 Mar 2026 18:39:14 INFO  valid result: 
hit@10 : 0.0248    ndcg@10 : 0.0108    mrr@10 : 0.0066
Sun 15 Mar 2026 18:39:51 INFO  epoch 25 training [time: 37.27s, train loss: 817.4001]
Sun 15 Mar 2026 18:39:51 INFO  epoch 25 evaluating [time: 0.11s, valid_score: 0.022500]
Sun 15 Mar 2026 18:39:51 INFO  valid result: 
hit@10 : 0.0225    ndcg@10 : 0.0098    mrr@10 : 0.0059
Sun 15 Mar 2026 18:39:51 INFO  Finished training, best eval result in epoch 14
Sun 15 Mar 2026 18:39:51 INFO  Loading model structure and parameters from saved\TimeWeaver-Mar-15-2026_18-25-33.pth
Sun 15 Mar 2026 18:39:52 INFO  The running environment of this training is as follows:
+-------------+----------------+
| Environment |     Usage      |
+=============+================+
| CPU         |    11.30 %     |
+-------------+----------------+
| GPU         | 0.33 G/6.00 G  |
+-------------+----------------+
| Memory      | 1.70 G/15.63 G |
+-------------+----------------+
Sun 15 Mar 2026 18:39:52 INFO  best valid : OrderedDict([('hit@10', 0.0344), ('ndcg@10', 0.0147), ('mrr@10', 0.0089)])
Sun 15 Mar 2026 18:39:52 INFO  test result: OrderedDict([('hit@10', 0.0225), ('ndcg@10', 0.0115), ('mrr@10', 0.0082)])
Sun 15 Mar 2026 18:39:52 WARNING  command line args [--models timeweaver --datasets amazon-sports-5core-longseq-full --seeds 42,2023,2024 --device gpu --timeweaver-variant aug_only --output F:\桌面\recommendation_system\results\param_sweeps\timeweaver_param_B2_aug_strength_prob.json --tag B2_s0.3_p0.1 --skip-if-done --tw-aug-strength 0.3 --tw-aug-prob 0.1] will not be used in RecBole
Sun 15 Mar 2026 18:39:53 INFO  ['F:\\桌面\\recommendation_system\\scripts\\run_grid.py', '--models', 'timeweaver', '--datasets', 'amazon-sports-5core-longseq-full', '--seeds', '42,2023,2024', '--device', 'gpu', '--timeweaver-variant', 'aug_only', '--output', 'F:\\桌面\\recommendation_system\\results\\param_sweeps\\timeweaver_param_B2_aug_strength_prob.json', '--tag', 'B2_s0.3_p0.1', '--skip-if-done', '--tw-aug-strength', '0.3', '--tw-aug-prob', '0.1']
Sun 15 Mar 2026 18:39:53 INFO  
General Hyper Parameters:
gpu_id = 0
use_gpu = True
seed = 2023
state = INFO
reproducibility = True
data_path = data/amazon\amazon-sports-5core-longseq
checkpoint_dir = saved
show_progress = True
save_dataset = False
dataset_save_path = None
save_dataloaders = False
dataloaders_save_path = None
log_wandb = False

Training Hyper Parameters:
epochs = 100
train_batch_size = 256
learner = adam
learning_rate = 0.001
train_neg_sample_args = {'distribution': 'none', 'sample_num': 'none', 'alpha': 'none', 'dynamic': False, 'candidate_num': 0}
eval_step = 1
stopping_step = 10
clip_grad_norm = None
weight_decay = 0.0
loss_decimal_place = 4

Evaluation Hyper Parameters:
eval_args = {'split': {'LS': 'valid_and_test'}, 'order': 'TO', 'group_by': 'user', 'mode': {'valid': 'full', 'test': 'full'}}
repeatable = True
metrics = ['Hit', 'NDCG', 'MRR']
topk = [10]
valid_metric = Hit@10
valid_metric_bigger = True
eval_batch_size = 512
metric_decimal_place = 4

Dataset Hyper Parameters:
field_separator = 	
seq_separator =  
USER_ID_FIELD = user_id
ITEM_ID_FIELD = item_id
RATING_FIELD = rating
TIME_FIELD = timestamp
seq_len = None
LABEL_FIELD = label
threshold = None
NEG_PREFIX = neg_
load_col = {'inter': ['user_id', 'item_id', 'rating', 'timestamp']}
unload_col = None
unused_col = None
additional_feat_suffix = None
rm_dup_inter = None
val_interval = None
filter_inter_by_user_or_item = True
user_inter_num_interval = [0,inf)
item_inter_num_interval = [0,inf)
alias_of_user_id = None
alias_of_item_id = None
alias_of_entity_id = None
alias_of_relation_id = None
preload_weight = None
normalize_field = None
normalize_all = None
ITEM_LIST_LENGTH_FIELD = item_length
LIST_SUFFIX = _list
MAX_ITEM_LIST_LENGTH = 32
POSITION_FIELD = position_id
HEAD_ENTITY_ID_FIELD = head_id
TAIL_ENTITY_ID_FIELD = tail_id
RELATION_ID_FIELD = relation_id
ENTITY_ID_FIELD = entity_id
benchmark_filename = None

Other Hyper Parameters: 
worker = 0
wandb_project = recbole
shuffle = True
require_pow = False
enable_amp = False
enable_scaler = False
transform = None
numerical_features = []
discretization = None
kg_reverse_r = False
entity_kg_num_interval = [0,inf)
relation_kg_num_interval = [0,inf)
MODEL_TYPE = ModelType.SEQUENTIAL
contrastive_weight = 0.03
contrastive_temp = 0.2
model_name = TimeWeaver
hidden_size = 64
num_layers = 2
hidden_dropout_prob = 0.5
initializer_range = 0.02
time_bucket_size = 1000
ema_decay = 0.5
tcn_kernel_size = -1
ffn_hidden_size = 256
loss_type = CE
early_stop = 10
neg_sampling = None
device = cuda
use_continuous_time = False
use_time_gate = False
use_time_augmentation = True
time_aug_strength = 0.3
time_aug_prob = 0.1
MODEL_INPUT_TYPE = InputType.POINTWISE
eval_type = EvaluatorType.RANKING
single_spec = True
local_rank = 0
valid_neg_sample_args = {'distribution': 'uniform', 'sample_num': 'none'}
test_neg_sample_args = {'distribution': 'uniform', 'sample_num': 'none'}


Sun 15 Mar 2026 18:39:53 INFO  amazon-sports-5core-longseq
The number of users: 2181
Average actions of users: 25.74678899082569
The number of items: 14556
Average actions of items: 3.8562693232566128
The number of inters: 56128
The sparsity of the dataset: 99.82320016520806%
Remain Fields: ['user_id', 'item_id', 'rating', 'timestamp']
Sun 15 Mar 2026 18:39:54 INFO  [Training]: train_batch_size = [256] train_neg_sample_args: [{'distribution': 'none', 'sample_num': 'none', 'alpha': 'none', 'dynamic': False, 'candidate_num': 0}]
Sun 15 Mar 2026 18:39:54 INFO  [Evaluation]: eval_batch_size = [512] eval_args: [{'split': {'LS': 'valid_and_test'}, 'order': 'TO', 'group_by': 'user', 'mode': {'valid': 'full', 'test': 'full'}}]
Sun 15 Mar 2026 18:39:54 INFO  TimeWeaver(
  (item_embedding): Embedding(14556, 64, padding_idx=0)
  (time_aug): TimeAwareAugmentation(
    (pos_embedding): Embedding(32, 64)
    (time_embedding): Embedding(1000, 64)
    (layer_norm): LayerNorm((64,), eps=1e-05, elementwise_affine=True)
    (drop): Dropout(p=0.5, inplace=False)
  )
  (context_layers): ModuleList(
    (0-1): 2 x TCNNextBlock(
      (dw): DepthwiseConv1d(
        (conv): Conv1d(64, 64, kernel_size=(11,), stride=(1,), padding=(5,), groups=64)
        (bn): BatchNorm1d(64, eps=1e-05, momentum=0.1, affine=True, track_running_stats=True)
        (drop): Dropout(p=0.5, inplace=False)
      )
      (norm1): LayerNorm((64,), eps=1e-05, elementwise_affine=True)
      (conv_inter): ParallelConvInter(
        (conv1): Conv1d(64, 64, kernel_size=(1,), stride=(1,))
        (conv3): Conv1d(64, 64, kernel_size=(3,), stride=(1,), padding=(1,))
        (proj): Conv1d(64, 64, kernel_size=(1,), stride=(1,))
        (drop): Dropout(p=0.5, inplace=False)
      )
      (norm2): LayerNorm((64,), eps=1e-05, elementwise_affine=True)
      (ffn): Sequential(
        (0): Linear(in_features=64, out_features=256, bias=True)
        (1): GELU(approximate='none')
        (2): Dropout(p=0.5, inplace=False)
        (3): Linear(in_features=256, out_features=64, bias=True)
        (4): Dropout(p=0.5, inplace=False)
      )
      (norm3): LayerNorm((64,), eps=1e-05, elementwise_affine=True)
    )
  )
  (dynamic_layers): ModuleList(
    (0-1): 2 x EMAStream(
      (proj): Linear(in_features=64, out_features=64, bias=True)
    )
  )
  (weavers): ModuleList(
    (0-1): 2 x StreamWeaver(
      (proj): Linear(in_features=128, out_features=64, bias=True)
      (norm): LayerNorm((64,), eps=1e-05, elementwise_affine=True)
    )
  )
  (loss_fct): CrossEntropyLoss()
)
Trainable parameters: 1132929.0
Sun 15 Mar 2026 18:39:54 INFO  FLOPs: 4298752.0
Sun 15 Mar 2026 18:40:12 INFO  epoch 0 training [time: 18.45s, train loss: 1810.2932]
Sun 15 Mar 2026 18:40:12 INFO  epoch 0 evaluating [time: 0.10s, valid_score: 0.011500]
Sun 15 Mar 2026 18:40:12 INFO  valid result: 
hit@10 : 0.0115    ndcg@10 : 0.0061    mrr@10 : 0.0044
Sun 15 Mar 2026 18:40:12 INFO  Saving current: saved\TimeWeaver-Mar-15-2026_18-39-54.pth
Sun 15 Mar 2026 18:40:31 INFO  epoch 1 training [time: 18.65s, train loss: 1735.3626]
Sun 15 Mar 2026 18:40:31 INFO  epoch 1 evaluating [time: 0.10s, valid_score: 0.013800]
Sun 15 Mar 2026 18:40:31 INFO  valid result: 
hit@10 : 0.0138    ndcg@10 : 0.0073    mrr@10 : 0.0054
Sun 15 Mar 2026 18:40:31 INFO  Saving current: saved\TimeWeaver-Mar-15-2026_18-39-54.pth
Sun 15 Mar 2026 18:40:50 INFO  epoch 2 training [time: 18.37s, train loss: 1672.5438]
Sun 15 Mar 2026 18:40:50 INFO  epoch 2 evaluating [time: 0.09s, valid_score: 0.027500]
Sun 15 Mar 2026 18:40:50 INFO  valid result: 
hit@10 : 0.0275    ndcg@10 : 0.0132    mrr@10 : 0.009
Sun 15 Mar 2026 18:40:50 INFO  Saving current: saved\TimeWeaver-Mar-15-2026_18-39-54.pth
Sun 15 Mar 2026 18:41:08 INFO  epoch 3 training [time: 18.23s, train loss: 1598.5518]
Sun 15 Mar 2026 18:41:08 INFO  epoch 3 evaluating [time: 0.09s, valid_score: 0.025200]
Sun 15 Mar 2026 18:41:08 INFO  valid result: 
hit@10 : 0.0252    ndcg@10 : 0.0126    mrr@10 : 0.0087
Sun 15 Mar 2026 18:41:27 INFO  epoch 4 training [time: 18.68s, train loss: 1523.7081]
Sun 15 Mar 2026 18:41:27 INFO  epoch 4 evaluating [time: 0.10s, valid_score: 0.026100]
Sun 15 Mar 2026 18:41:27 INFO  valid result: 
hit@10 : 0.0261    ndcg@10 : 0.0131    mrr@10 : 0.0092
Sun 15 Mar 2026 18:41:47 INFO  epoch 5 training [time: 20.26s, train loss: 1450.5998]
Sun 15 Mar 2026 18:41:47 INFO  epoch 5 evaluating [time: 0.08s, valid_score: 0.029400]
Sun 15 Mar 2026 18:41:47 INFO  valid result: 
hit@10 : 0.0294    ndcg@10 : 0.0131    mrr@10 : 0.0082
Sun 15 Mar 2026 18:41:47 INFO  Saving current: saved\TimeWeaver-Mar-15-2026_18-39-54.pth
Sun 15 Mar 2026 18:42:18 INFO  epoch 6 training [time: 31.35s, train loss: 1380.1058]
Sun 15 Mar 2026 18:42:19 INFO  epoch 6 evaluating [time: 0.10s, valid_score: 0.028900]
Sun 15 Mar 2026 18:42:19 INFO  valid result: 
hit@10 : 0.0289    ndcg@10 : 0.0131    mrr@10 : 0.0082
Sun 15 Mar 2026 18:42:53 INFO  epoch 7 training [time: 34.34s, train loss: 1311.1652]
Sun 15 Mar 2026 18:42:53 INFO  epoch 7 evaluating [time: 0.08s, valid_score: 0.030300]
Sun 15 Mar 2026 18:42:53 INFO  valid result: 
hit@10 : 0.0303    ndcg@10 : 0.0135    mrr@10 : 0.0083
Sun 15 Mar 2026 18:42:53 INFO  Saving current: saved\TimeWeaver-Mar-15-2026_18-39-54.pth
Sun 15 Mar 2026 18:43:30 INFO  epoch 8 training [time: 36.51s, train loss: 1251.3238]
Sun 15 Mar 2026 18:43:30 INFO  epoch 8 evaluating [time: 0.09s, valid_score: 0.033000]
Sun 15 Mar 2026 18:43:30 INFO  valid result: 
hit@10 : 0.033    ndcg@10 : 0.0137    mrr@10 : 0.008
Sun 15 Mar 2026 18:43:30 INFO  Saving current: saved\TimeWeaver-Mar-15-2026_18-39-54.pth
Sun 15 Mar 2026 18:44:07 INFO  epoch 9 training [time: 37.77s, train loss: 1199.0798]
Sun 15 Mar 2026 18:44:08 INFO  epoch 9 evaluating [time: 0.10s, valid_score: 0.032600]
Sun 15 Mar 2026 18:44:08 INFO  valid result: 
hit@10 : 0.0326    ndcg@10 : 0.0143    mrr@10 : 0.0089
Sun 15 Mar 2026 18:44:44 INFO  epoch 10 training [time: 36.97s, train loss: 1153.9132]
Sun 15 Mar 2026 18:44:45 INFO  epoch 10 evaluating [time: 0.10s, valid_score: 0.032600]
Sun 15 Mar 2026 18:44:45 INFO  valid result: 
hit@10 : 0.0326    ndcg@10 : 0.0145    mrr@10 : 0.0089
Sun 15 Mar 2026 18:45:22 INFO  epoch 11 training [time: 37.68s, train loss: 1114.4854]
Sun 15 Mar 2026 18:45:22 INFO  epoch 11 evaluating [time: 0.09s, valid_score: 0.034400]
Sun 15 Mar 2026 18:45:22 INFO  valid result: 
hit@10 : 0.0344    ndcg@10 : 0.0148    mrr@10 : 0.0088
Sun 15 Mar 2026 18:45:22 INFO  Saving current: saved\TimeWeaver-Mar-15-2026_18-39-54.pth
Sun 15 Mar 2026 18:45:59 INFO  epoch 12 training [time: 36.56s, train loss: 1078.5983]
Sun 15 Mar 2026 18:45:59 INFO  epoch 12 evaluating [time: 0.10s, valid_score: 0.030300]
Sun 15 Mar 2026 18:45:59 INFO  valid result: 
hit@10 : 0.0303    ndcg@10 : 0.0132    mrr@10 : 0.008
Sun 15 Mar 2026 18:46:36 INFO  epoch 13 training [time: 36.77s, train loss: 1051.1471]
Sun 15 Mar 2026 18:46:36 INFO  epoch 13 evaluating [time: 0.09s, valid_score: 0.033000]
Sun 15 Mar 2026 18:46:36 INFO  valid result: 
hit@10 : 0.033    ndcg@10 : 0.0138    mrr@10 : 0.008
Sun 15 Mar 2026 18:47:12 INFO  epoch 14 training [time: 36.57s, train loss: 1022.0381]
Sun 15 Mar 2026 18:47:13 INFO  epoch 14 evaluating [time: 0.10s, valid_score: 0.033900]
Sun 15 Mar 2026 18:47:13 INFO  valid result: 
hit@10 : 0.0339    ndcg@10 : 0.0152    mrr@10 : 0.0095
Sun 15 Mar 2026 18:47:49 INFO  epoch 15 training [time: 36.38s, train loss: 994.5578]
Sun 15 Mar 2026 18:47:49 INFO  epoch 15 evaluating [time: 0.09s, valid_score: 0.032100]
Sun 15 Mar 2026 18:47:49 INFO  valid result: 
hit@10 : 0.0321    ndcg@10 : 0.0136    mrr@10 : 0.0079
Sun 15 Mar 2026 18:48:27 INFO  epoch 16 training [time: 37.94s, train loss: 973.3137]
Sun 15 Mar 2026 18:48:27 INFO  epoch 16 evaluating [time: 0.09s, valid_score: 0.030700]
Sun 15 Mar 2026 18:48:27 INFO  valid result: 
hit@10 : 0.0307    ndcg@10 : 0.0128    mrr@10 : 0.0074
Sun 15 Mar 2026 18:49:04 INFO  epoch 17 training [time: 37.02s, train loss: 954.2263]
Sun 15 Mar 2026 18:49:04 INFO  epoch 17 evaluating [time: 0.10s, valid_score: 0.030300]
Sun 15 Mar 2026 18:49:04 INFO  valid result: 
hit@10 : 0.0303    ndcg@10 : 0.0128    mrr@10 : 0.0076
Sun 15 Mar 2026 18:49:42 INFO  epoch 18 training [time: 37.40s, train loss: 934.4255]
Sun 15 Mar 2026 18:49:42 INFO  epoch 18 evaluating [time: 0.10s, valid_score: 0.026600]
Sun 15 Mar 2026 18:49:42 INFO  valid result: 
hit@10 : 0.0266    ndcg@10 : 0.0115    mrr@10 : 0.0069
Sun 15 Mar 2026 18:50:19 INFO  epoch 19 training [time: 36.85s, train loss: 914.7784]
Sun 15 Mar 2026 18:50:19 INFO  epoch 19 evaluating [time: 0.08s, valid_score: 0.028900]
Sun 15 Mar 2026 18:50:19 INFO  valid result: 
hit@10 : 0.0289    ndcg@10 : 0.0121    mrr@10 : 0.0071
Sun 15 Mar 2026 18:50:56 INFO  epoch 20 training [time: 37.25s, train loss: 896.7966]
Sun 15 Mar 2026 18:50:56 INFO  epoch 20 evaluating [time: 0.10s, valid_score: 0.030700]
Sun 15 Mar 2026 18:50:56 INFO  valid result: 
hit@10 : 0.0307    ndcg@10 : 0.0125    mrr@10 : 0.0071
Sun 15 Mar 2026 18:51:33 INFO  epoch 21 training [time: 37.20s, train loss: 879.0704]
Sun 15 Mar 2026 18:51:33 INFO  epoch 21 evaluating [time: 0.10s, valid_score: 0.027100]
Sun 15 Mar 2026 18:51:33 INFO  valid result: 
hit@10 : 0.0271    ndcg@10 : 0.0113    mrr@10 : 0.0065
Sun 15 Mar 2026 18:52:12 INFO  epoch 22 training [time: 38.24s, train loss: 864.6329]
Sun 15 Mar 2026 18:52:12 INFO  epoch 22 evaluating [time: 0.09s, valid_score: 0.027500]
Sun 15 Mar 2026 18:52:12 INFO  valid result: 
hit@10 : 0.0275    ndcg@10 : 0.0121    mrr@10 : 0.0074
Sun 15 Mar 2026 18:52:12 INFO  Finished training, best eval result in epoch 11
Sun 15 Mar 2026 18:52:12 INFO  Loading model structure and parameters from saved\TimeWeaver-Mar-15-2026_18-39-54.pth
Sun 15 Mar 2026 18:52:13 INFO  The running environment of this training is as follows:
+-------------+----------------+
| Environment |     Usage      |
+=============+================+
| CPU         |     8.90 %     |
+-------------+----------------+
| GPU         | 0.33 G/6.00 G  |
+-------------+----------------+
| Memory      | 1.61 G/15.63 G |
+-------------+----------------+
Sun 15 Mar 2026 18:52:13 INFO  best valid : OrderedDict([('hit@10', 0.0344), ('ndcg@10', 0.0148), ('mrr@10', 0.0088)])
Sun 15 Mar 2026 18:52:13 INFO  test result: OrderedDict([('hit@10', 0.0257), ('ndcg@10', 0.0118), ('mrr@10', 0.0076)])
Sun 15 Mar 2026 18:52:13 WARNING  command line args [--models timeweaver --datasets amazon-sports-5core-longseq-full --seeds 42,2023,2024 --device gpu --timeweaver-variant aug_only --output F:\桌面\recommendation_system\results\param_sweeps\timeweaver_param_B2_aug_strength_prob.json --tag B2_s0.3_p0.1 --skip-if-done --tw-aug-strength 0.3 --tw-aug-prob 0.1] will not be used in RecBole
Sun 15 Mar 2026 18:52:13 INFO  ['F:\\桌面\\recommendation_system\\scripts\\run_grid.py', '--models', 'timeweaver', '--datasets', 'amazon-sports-5core-longseq-full', '--seeds', '42,2023,2024', '--device', 'gpu', '--timeweaver-variant', 'aug_only', '--output', 'F:\\桌面\\recommendation_system\\results\\param_sweeps\\timeweaver_param_B2_aug_strength_prob.json', '--tag', 'B2_s0.3_p0.1', '--skip-if-done', '--tw-aug-strength', '0.3', '--tw-aug-prob', '0.1']
Sun 15 Mar 2026 18:52:13 INFO  
General Hyper Parameters:
gpu_id = 0
use_gpu = True
seed = 2024
state = INFO
reproducibility = True
data_path = data/amazon\amazon-sports-5core-longseq
checkpoint_dir = saved
show_progress = True
save_dataset = False
dataset_save_path = None
save_dataloaders = False
dataloaders_save_path = None
log_wandb = False

Training Hyper Parameters:
epochs = 100
train_batch_size = 256
learner = adam
learning_rate = 0.001
train_neg_sample_args = {'distribution': 'none', 'sample_num': 'none', 'alpha': 'none', 'dynamic': False, 'candidate_num': 0}
eval_step = 1
stopping_step = 10
clip_grad_norm = None
weight_decay = 0.0
loss_decimal_place = 4

Evaluation Hyper Parameters:
eval_args = {'split': {'LS': 'valid_and_test'}, 'order': 'TO', 'group_by': 'user', 'mode': {'valid': 'full', 'test': 'full'}}
repeatable = True
metrics = ['Hit', 'NDCG', 'MRR']
topk = [10]
valid_metric = Hit@10
valid_metric_bigger = True
eval_batch_size = 512
metric_decimal_place = 4

Dataset Hyper Parameters:
field_separator = 	
seq_separator =  
USER_ID_FIELD = user_id
ITEM_ID_FIELD = item_id
RATING_FIELD = rating
TIME_FIELD = timestamp
seq_len = None
LABEL_FIELD = label
threshold = None
NEG_PREFIX = neg_
load_col = {'inter': ['user_id', 'item_id', 'rating', 'timestamp']}
unload_col = None
unused_col = None
additional_feat_suffix = None
rm_dup_inter = None
val_interval = None
filter_inter_by_user_or_item = True
user_inter_num_interval = [0,inf)
item_inter_num_interval = [0,inf)
alias_of_user_id = None
alias_of_item_id = None
alias_of_entity_id = None
alias_of_relation_id = None
preload_weight = None
normalize_field = None
normalize_all = None
ITEM_LIST_LENGTH_FIELD = item_length
LIST_SUFFIX = _list
MAX_ITEM_LIST_LENGTH = 32
POSITION_FIELD = position_id
HEAD_ENTITY_ID_FIELD = head_id
TAIL_ENTITY_ID_FIELD = tail_id
RELATION_ID_FIELD = relation_id
ENTITY_ID_FIELD = entity_id
benchmark_filename = None

Other Hyper Parameters: 
worker = 0
wandb_project = recbole
shuffle = True
require_pow = False
enable_amp = False
enable_scaler = False
transform = None
numerical_features = []
discretization = None
kg_reverse_r = False
entity_kg_num_interval = [0,inf)
relation_kg_num_interval = [0,inf)
MODEL_TYPE = ModelType.SEQUENTIAL
contrastive_weight = 0.03
contrastive_temp = 0.2
model_name = TimeWeaver
hidden_size = 64
num_layers = 2
hidden_dropout_prob = 0.5
initializer_range = 0.02
time_bucket_size = 1000
ema_decay = 0.5
tcn_kernel_size = -1
ffn_hidden_size = 256
loss_type = CE
early_stop = 10
neg_sampling = None
device = cuda
use_continuous_time = False
use_time_gate = False
use_time_augmentation = True
time_aug_strength = 0.3
time_aug_prob = 0.1
MODEL_INPUT_TYPE = InputType.POINTWISE
eval_type = EvaluatorType.RANKING
single_spec = True
local_rank = 0
valid_neg_sample_args = {'distribution': 'uniform', 'sample_num': 'none'}
test_neg_sample_args = {'distribution': 'uniform', 'sample_num': 'none'}


Sun 15 Mar 2026 18:52:13 INFO  amazon-sports-5core-longseq
The number of users: 2181
Average actions of users: 25.74678899082569
The number of items: 14556
Average actions of items: 3.8562693232566128
The number of inters: 56128
The sparsity of the dataset: 99.82320016520806%
Remain Fields: ['user_id', 'item_id', 'rating', 'timestamp']
Sun 15 Mar 2026 18:52:14 INFO  [Training]: train_batch_size = [256] train_neg_sample_args: [{'distribution': 'none', 'sample_num': 'none', 'alpha': 'none', 'dynamic': False, 'candidate_num': 0}]
Sun 15 Mar 2026 18:52:14 INFO  [Evaluation]: eval_batch_size = [512] eval_args: [{'split': {'LS': 'valid_and_test'}, 'order': 'TO', 'group_by': 'user', 'mode': {'valid': 'full', 'test': 'full'}}]
Sun 15 Mar 2026 18:52:14 INFO  TimeWeaver(
  (item_embedding): Embedding(14556, 64, padding_idx=0)
  (time_aug): TimeAwareAugmentation(
    (pos_embedding): Embedding(32, 64)
    (time_embedding): Embedding(1000, 64)
    (layer_norm): LayerNorm((64,), eps=1e-05, elementwise_affine=True)
    (drop): Dropout(p=0.5, inplace=False)
  )
  (context_layers): ModuleList(
    (0-1): 2 x TCNNextBlock(
      (dw): DepthwiseConv1d(
        (conv): Conv1d(64, 64, kernel_size=(11,), stride=(1,), padding=(5,), groups=64)
        (bn): BatchNorm1d(64, eps=1e-05, momentum=0.1, affine=True, track_running_stats=True)
        (drop): Dropout(p=0.5, inplace=False)
      )
      (norm1): LayerNorm((64,), eps=1e-05, elementwise_affine=True)
      (conv_inter): ParallelConvInter(
        (conv1): Conv1d(64, 64, kernel_size=(1,), stride=(1,))
        (conv3): Conv1d(64, 64, kernel_size=(3,), stride=(1,), padding=(1,))
        (proj): Conv1d(64, 64, kernel_size=(1,), stride=(1,))
        (drop): Dropout(p=0.5, inplace=False)
      )
      (norm2): LayerNorm((64,), eps=1e-05, elementwise_affine=True)
      (ffn): Sequential(
        (0): Linear(in_features=64, out_features=256, bias=True)
        (1): GELU(approximate='none')
        (2): Dropout(p=0.5, inplace=False)
        (3): Linear(in_features=256, out_features=64, bias=True)
        (4): Dropout(p=0.5, inplace=False)
      )
      (norm3): LayerNorm((64,), eps=1e-05, elementwise_affine=True)
    )
  )
  (dynamic_layers): ModuleList(
    (0-1): 2 x EMAStream(
      (proj): Linear(in_features=64, out_features=64, bias=True)
    )
  )
  (weavers): ModuleList(
    (0-1): 2 x StreamWeaver(
      (proj): Linear(in_features=128, out_features=64, bias=True)
      (norm): LayerNorm((64,), eps=1e-05, elementwise_affine=True)
    )
  )
  (loss_fct): CrossEntropyLoss()
)
Trainable parameters: 1132929.0
Sun 15 Mar 2026 18:52:14 INFO  FLOPs: 4298752.0
Sun 15 Mar 2026 18:52:32 INFO  epoch 0 training [time: 17.71s, train loss: 1809.7610]
Sun 15 Mar 2026 18:52:32 INFO  epoch 0 evaluating [time: 0.09s, valid_score: 0.011500]
Sun 15 Mar 2026 18:52:32 INFO  valid result: 
hit@10 : 0.0115    ndcg@10 : 0.0063    mrr@10 : 0.0047
Sun 15 Mar 2026 18:52:32 INFO  Saving current: saved\TimeWeaver-Mar-15-2026_18-52-14.pth
Sun 15 Mar 2026 18:52:51 INFO  epoch 1 training [time: 18.53s, train loss: 1735.7294]
Sun 15 Mar 2026 18:52:51 INFO  epoch 1 evaluating [time: 0.08s, valid_score: 0.017000]
Sun 15 Mar 2026 18:52:51 INFO  valid result: 
hit@10 : 0.017    ndcg@10 : 0.0078    mrr@10 : 0.005
Sun 15 Mar 2026 18:52:51 INFO  Saving current: saved\TimeWeaver-Mar-15-2026_18-52-14.pth
Sun 15 Mar 2026 18:53:09 INFO  epoch 2 training [time: 18.21s, train loss: 1674.0062]
Sun 15 Mar 2026 18:53:09 INFO  epoch 2 evaluating [time: 0.11s, valid_score: 0.026600]
Sun 15 Mar 2026 18:53:09 INFO  valid result: 
hit@10 : 0.0266    ndcg@10 : 0.0129    mrr@10 : 0.0087
Sun 15 Mar 2026 18:53:09 INFO  Saving current: saved\TimeWeaver-Mar-15-2026_18-52-14.pth
Sun 15 Mar 2026 18:53:27 INFO  epoch 3 training [time: 18.36s, train loss: 1599.1303]
Sun 15 Mar 2026 18:53:27 INFO  epoch 3 evaluating [time: 0.09s, valid_score: 0.026600]
Sun 15 Mar 2026 18:53:27 INFO  valid result: 
hit@10 : 0.0266    ndcg@10 : 0.0124    mrr@10 : 0.0082
Sun 15 Mar 2026 18:53:27 INFO  Saving current: saved\TimeWeaver-Mar-15-2026_18-52-14.pth
Sun 15 Mar 2026 18:53:46 INFO  epoch 4 training [time: 18.13s, train loss: 1523.0991]
Sun 15 Mar 2026 18:53:46 INFO  epoch 4 evaluating [time: 0.09s, valid_score: 0.028400]
Sun 15 Mar 2026 18:53:46 INFO  valid result: 
hit@10 : 0.0284    ndcg@10 : 0.0126    mrr@10 : 0.0079
Sun 15 Mar 2026 18:53:46 INFO  Saving current: saved\TimeWeaver-Mar-15-2026_18-52-14.pth
Sun 15 Mar 2026 18:54:07 INFO  epoch 5 training [time: 20.99s, train loss: 1447.8084]
Sun 15 Mar 2026 18:54:07 INFO  epoch 5 evaluating [time: 0.09s, valid_score: 0.028900]
Sun 15 Mar 2026 18:54:07 INFO  valid result: 
hit@10 : 0.0289    ndcg@10 : 0.0128    mrr@10 : 0.0079
Sun 15 Mar 2026 18:54:07 INFO  Saving current: saved\TimeWeaver-Mar-15-2026_18-52-14.pth
Sun 15 Mar 2026 18:54:37 INFO  epoch 6 training [time: 30.43s, train loss: 1375.4681]
Sun 15 Mar 2026 18:54:37 INFO  epoch 6 evaluating [time: 0.09s, valid_score: 0.028900]
Sun 15 Mar 2026 18:54:37 INFO  valid result: 
hit@10 : 0.0289    ndcg@10 : 0.013    mrr@10 : 0.0082
Sun 15 Mar 2026 18:54:37 INFO  Saving current: saved\TimeWeaver-Mar-15-2026_18-52-14.pth
Sun 15 Mar 2026 18:55:13 INFO  epoch 7 training [time: 35.58s, train loss: 1308.1007]
Sun 15 Mar 2026 18:55:13 INFO  epoch 7 evaluating [time: 0.10s, valid_score: 0.031200]
Sun 15 Mar 2026 18:55:13 INFO  valid result: 
hit@10 : 0.0312    ndcg@10 : 0.0132    mrr@10 : 0.0079
Sun 15 Mar 2026 18:55:13 INFO  Saving current: saved\TimeWeaver-Mar-15-2026_18-52-14.pth
Sun 15 Mar 2026 18:55:50 INFO  epoch 8 training [time: 37.28s, train loss: 1249.5065]
Sun 15 Mar 2026 18:55:50 INFO  epoch 8 evaluating [time: 0.10s, valid_score: 0.032100]
Sun 15 Mar 2026 18:55:50 INFO  valid result: 
hit@10 : 0.0321    ndcg@10 : 0.0139    mrr@10 : 0.0085
Sun 15 Mar 2026 18:55:50 INFO  Saving current: saved\TimeWeaver-Mar-15-2026_18-52-14.pth
Sun 15 Mar 2026 18:56:37 INFO  epoch 9 training [time: 46.29s, train loss: 1196.6470]
Sun 15 Mar 2026 18:56:37 INFO  epoch 9 evaluating [time: 0.10s, valid_score: 0.031200]
Sun 15 Mar 2026 18:56:37 INFO  valid result: 
hit@10 : 0.0312    ndcg@10 : 0.0133    mrr@10 : 0.0079
Sun 15 Mar 2026 18:57:17 INFO  epoch 10 training [time: 40.29s, train loss: 1152.0128]
Sun 15 Mar 2026 18:57:17 INFO  epoch 10 evaluating [time: 0.10s, valid_score: 0.031700]
Sun 15 Mar 2026 18:57:17 INFO  valid result: 
hit@10 : 0.0317    ndcg@10 : 0.0134    mrr@10 : 0.0079
Sun 15 Mar 2026 18:57:57 INFO  epoch 11 training [time: 39.23s, train loss: 1115.9863]
Sun 15 Mar 2026 18:57:57 INFO  epoch 11 evaluating [time: 0.06s, valid_score: 0.037200]
Sun 15 Mar 2026 18:57:57 INFO  valid result: 
hit@10 : 0.0372    ndcg@10 : 0.0162    mrr@10 : 0.0099
Sun 15 Mar 2026 18:57:57 INFO  Saving current: saved\TimeWeaver-Mar-15-2026_18-52-14.pth
Sun 15 Mar 2026 18:58:37 INFO  epoch 12 training [time: 40.72s, train loss: 1082.1475]
Sun 15 Mar 2026 18:58:37 INFO  epoch 12 evaluating [time: 0.06s, valid_score: 0.033900]
Sun 15 Mar 2026 18:58:37 INFO  valid result: 
hit@10 : 0.0339    ndcg@10 : 0.0144    mrr@10 : 0.0085
Sun 15 Mar 2026 18:59:21 INFO  epoch 13 training [time: 43.52s, train loss: 1054.2029]
Sun 15 Mar 2026 18:59:21 INFO  epoch 13 evaluating [time: 0.08s, valid_score: 0.030700]
Sun 15 Mar 2026 18:59:21 INFO  valid result: 
hit@10 : 0.0307    ndcg@10 : 0.0137    mrr@10 : 0.0085
Sun 15 Mar 2026 19:00:04 INFO  epoch 14 training [time: 43.15s, train loss: 1027.1356]
Sun 15 Mar 2026 19:00:04 INFO  epoch 14 evaluating [time: 0.09s, valid_score: 0.033000]
Sun 15 Mar 2026 19:00:04 INFO  valid result: 
hit@10 : 0.033    ndcg@10 : 0.0143    mrr@10 : 0.0086
Sun 15 Mar 2026 19:00:46 INFO  epoch 15 training [time: 41.75s, train loss: 1005.0237]
Sun 15 Mar 2026 19:00:46 INFO  epoch 15 evaluating [time: 0.11s, valid_score: 0.033500]
Sun 15 Mar 2026 19:00:46 INFO  valid result: 
hit@10 : 0.0335    ndcg@10 : 0.0147    mrr@10 : 0.0091
Sun 15 Mar 2026 19:01:26 INFO  epoch 16 training [time: 39.65s, train loss: 979.8104]
Sun 15 Mar 2026 19:01:26 INFO  epoch 16 evaluating [time: 0.07s, valid_score: 0.032600]
Sun 15 Mar 2026 19:01:26 INFO  valid result: 
hit@10 : 0.0326    ndcg@10 : 0.0146    mrr@10 : 0.0092
Sun 15 Mar 2026 19:02:08 INFO  epoch 17 training [time: 42.06s, train loss: 959.6903]
Sun 15 Mar 2026 19:02:08 INFO  epoch 17 evaluating [time: 0.10s, valid_score: 0.031700]
Sun 15 Mar 2026 19:02:08 INFO  valid result: 
hit@10 : 0.0317    ndcg@10 : 0.0136    mrr@10 : 0.0081
Sun 15 Mar 2026 19:02:49 INFO  epoch 18 training [time: 40.69s, train loss: 939.0722]
Sun 15 Mar 2026 19:02:49 INFO  epoch 18 evaluating [time: 0.11s, valid_score: 0.030300]
Sun 15 Mar 2026 19:02:49 INFO  valid result: 
hit@10 : 0.0303    ndcg@10 : 0.0137    mrr@10 : 0.0087
Sun 15 Mar 2026 19:03:29 INFO  epoch 19 training [time: 40.32s, train loss: 920.1128]
Sun 15 Mar 2026 19:03:29 INFO  epoch 19 evaluating [time: 0.07s, valid_score: 0.031700]
Sun 15 Mar 2026 19:03:29 INFO  valid result: 
hit@10 : 0.0317    ndcg@10 : 0.0138    mrr@10 : 0.0084
Sun 15 Mar 2026 19:04:08 INFO  epoch 20 training [time: 39.10s, train loss: 903.5930]
Sun 15 Mar 2026 19:04:08 INFO  epoch 20 evaluating [time: 0.07s, valid_score: 0.028000]
Sun 15 Mar 2026 19:04:08 INFO  valid result: 
hit@10 : 0.028    ndcg@10 : 0.013    mrr@10 : 0.0085
Sun 15 Mar 2026 19:04:47 INFO  epoch 21 training [time: 38.16s, train loss: 884.5601]
Sun 15 Mar 2026 19:04:47 INFO  epoch 21 evaluating [time: 0.11s, valid_score: 0.028400]
Sun 15 Mar 2026 19:04:47 INFO  valid result: 
hit@10 : 0.0284    ndcg@10 : 0.0123    mrr@10 : 0.0075
Sun 15 Mar 2026 19:05:26 INFO  epoch 22 training [time: 39.82s, train loss: 869.2248]
Sun 15 Mar 2026 19:05:27 INFO  epoch 22 evaluating [time: 0.10s, valid_score: 0.027500]
Sun 15 Mar 2026 19:05:27 INFO  valid result: 
hit@10 : 0.0275    ndcg@10 : 0.0124    mrr@10 : 0.0079
Sun 15 Mar 2026 19:05:27 INFO  Finished training, best eval result in epoch 11
Sun 15 Mar 2026 19:05:27 INFO  Loading model structure and parameters from saved\TimeWeaver-Mar-15-2026_18-52-14.pth
Sun 15 Mar 2026 19:05:28 INFO  The running environment of this training is as follows:
+-------------+----------------+
| Environment |     Usage      |
+=============+================+
| CPU         |    10.70 %     |
+-------------+----------------+
| GPU         | 0.33 G/6.00 G  |
+-------------+----------------+
| Memory      | 0.44 G/15.63 G |
+-------------+----------------+
Sun 15 Mar 2026 19:05:28 INFO  best valid : OrderedDict([('hit@10', 0.0372), ('ndcg@10', 0.0162), ('mrr@10', 0.0099)])
Sun 15 Mar 2026 19:05:28 INFO  test result: OrderedDict([('hit@10', 0.0239), ('ndcg@10', 0.0109), ('mrr@10', 0.0071)])
