Fri 13 Feb 2026 00:02:57 INFO  ['F:\\桌面\\recommendation_system\\scripts\\run_grid.py', '--models', 'timeweaver', '--datasets', 'amazon-electronics-5core-subset', '--seeds', '42', '--device', 'gpu', '--timeweaver-variant', 'base', '--tag', 'e0p2_k5_d0p5_l1_f512_b1000', '--output', 'results/run_grid_timeweaver_tune.json', '--tw-ema-decay', '0.2', '--tw-tcn-kernel', '5', '--tw-hidden-dropout', '0.5', '--tw-num-layers', '1', '--tw-ffn-hidden', '512', '--tw-time-bucket', '1000']
Fri 13 Feb 2026 00:02:57 INFO  
General Hyper Parameters:
gpu_id = 0
use_gpu = True
seed = 42
state = INFO
reproducibility = True
data_path = data/amazon\amazon-electronics-5core-subset
checkpoint_dir = saved
show_progress = True
save_dataset = False
dataset_save_path = None
save_dataloaders = False
dataloaders_save_path = None
log_wandb = False

Training Hyper Parameters:
epochs = 100
train_batch_size = 256
learner = adam
learning_rate = 0.001
train_neg_sample_args = {'distribution': 'none', 'sample_num': 'none', 'alpha': 'none', 'dynamic': False, 'candidate_num': 0}
eval_step = 1
stopping_step = 10
clip_grad_norm = None
weight_decay = 0.0
loss_decimal_place = 4

Evaluation Hyper Parameters:
eval_args = {'split': {'LS': 'valid_and_test'}, 'order': 'TO', 'group_by': 'user', 'mode': {'valid': 'uni100', 'test': 'uni100'}}
repeatable = True
metrics = ['Hit', 'NDCG', 'MRR']
topk = [10]
valid_metric = MRR@10
valid_metric_bigger = True
eval_batch_size = 512
metric_decimal_place = 4

Dataset Hyper Parameters:
field_separator = 	
seq_separator =  
USER_ID_FIELD = user_id
ITEM_ID_FIELD = item_id
RATING_FIELD = rating
TIME_FIELD = timestamp
seq_len = None
LABEL_FIELD = label
threshold = None
NEG_PREFIX = neg_
load_col = {'inter': ['user_id', 'item_id', 'rating', 'timestamp']}
unload_col = None
unused_col = None
additional_feat_suffix = None
rm_dup_inter = None
val_interval = None
filter_inter_by_user_or_item = True
user_inter_num_interval = [0,inf)
item_inter_num_interval = [0,inf)
alias_of_user_id = None
alias_of_item_id = None
alias_of_entity_id = None
alias_of_relation_id = None
preload_weight = None
normalize_field = None
normalize_all = None
ITEM_LIST_LENGTH_FIELD = item_length
LIST_SUFFIX = _list
MAX_ITEM_LIST_LENGTH = 32
POSITION_FIELD = position_id
HEAD_ENTITY_ID_FIELD = head_id
TAIL_ENTITY_ID_FIELD = tail_id
RELATION_ID_FIELD = relation_id
ENTITY_ID_FIELD = entity_id
benchmark_filename = None

Other Hyper Parameters: 
worker = 0
wandb_project = recbole
shuffle = True
require_pow = False
enable_amp = False
enable_scaler = False
transform = None
numerical_features = []
discretization = None
kg_reverse_r = False
entity_kg_num_interval = [0,inf)
relation_kg_num_interval = [0,inf)
MODEL_TYPE = ModelType.SEQUENTIAL
model_name = TimeWeaver
hidden_size = 64
num_layers = 1
hidden_dropout_prob = 0.5
initializer_range = 0.02
time_bucket_size = 1000
ema_decay = 0.2
tcn_kernel_size = 5
ffn_hidden_size = 512
loss_type = CE
early_stop = 10
neg_sampling = None
device = cuda
use_continuous_time = False
use_time_gate = False
use_time_augmentation = False
MODEL_INPUT_TYPE = InputType.POINTWISE
eval_type = EvaluatorType.RANKING
single_spec = True
local_rank = 0
valid_neg_sample_args = {'distribution': 'uniform', 'sample_num': 100}
test_neg_sample_args = {'distribution': 'uniform', 'sample_num': 100}


Fri 13 Feb 2026 00:02:58 INFO  amazon-electronics-5core-subset
The number of users: 1501
Average actions of users: 108.42733333333334
The number of items: 54722
Average actions of items: 2.9721861808080994
The number of inters: 162641
The sparsity of the dataset: 99.80198988231011%
Remain Fields: ['user_id', 'item_id', 'rating', 'timestamp']
Fri 13 Feb 2026 00:03:00 INFO  [Training]: train_batch_size = [256] train_neg_sample_args: [{'distribution': 'none', 'sample_num': 'none', 'alpha': 'none', 'dynamic': False, 'candidate_num': 0}]
Fri 13 Feb 2026 00:03:00 INFO  [Evaluation]: eval_batch_size = [512] eval_args: [{'split': {'LS': 'valid_and_test'}, 'order': 'TO', 'group_by': 'user', 'mode': {'valid': 'uni100', 'test': 'uni100'}}]
Fri 13 Feb 2026 00:03:00 INFO  TimeWeaver(
  (item_embedding): Embedding(54722, 64, padding_idx=0)
  (time_aug): TimeAwareAugmentation(
    (pos_embedding): Embedding(32, 64)
    (time_embedding): Embedding(1000, 64)
    (layer_norm): LayerNorm((64,), eps=1e-05, elementwise_affine=True)
    (drop): Dropout(p=0.5, inplace=False)
  )
  (context_layers): ModuleList(
    (0): TCNNextBlock(
      (dw): DepthwiseConv1d(
        (conv): Conv1d(64, 64, kernel_size=(5,), stride=(1,), padding=(2,), groups=64)
        (bn): BatchNorm1d(64, eps=1e-05, momentum=0.1, affine=True, track_running_stats=True)
        (drop): Dropout(p=0.5, inplace=False)
      )
      (norm1): LayerNorm((64,), eps=1e-05, elementwise_affine=True)
      (conv_inter): ParallelConvInter(
        (conv1): Conv1d(64, 64, kernel_size=(1,), stride=(1,))
        (conv3): Conv1d(64, 64, kernel_size=(3,), stride=(1,), padding=(1,))
        (proj): Conv1d(64, 64, kernel_size=(1,), stride=(1,))
        (drop): Dropout(p=0.5, inplace=False)
      )
      (norm2): LayerNorm((64,), eps=1e-05, elementwise_affine=True)
      (ffn): Sequential(
        (0): Linear(in_features=64, out_features=512, bias=True)
        (1): GELU(approximate='none')
        (2): Dropout(p=0.5, inplace=False)
        (3): Linear(in_features=512, out_features=64, bias=True)
        (4): Dropout(p=0.5, inplace=False)
      )
      (norm3): LayerNorm((64,), eps=1e-05, elementwise_affine=True)
    )
  )
  (dynamic_layers): ModuleList(
    (0): EMAStream(
      (proj): Linear(in_features=64, out_features=64, bias=True)
    )
  )
  (weavers): ModuleList(
    (0): StreamWeaver(
      (proj): Linear(in_features=128, out_features=64, bias=True)
      (norm): LayerNorm((64,), eps=1e-05, elementwise_affine=True)
    )
  )
  (loss_fct): CrossEntropyLoss()
)
Trainable parameters: 3668609.0
Fri 13 Feb 2026 00:03:00 INFO  FLOPs: 3190784.0
Fri 13 Feb 2026 00:03:31 INFO  epoch 0 training [time: 29.34s, train loss: 6518.3061]
Fri 13 Feb 2026 00:03:33 INFO  epoch 0 evaluating [time: 2.06s, valid_score: 0.178800]
Fri 13 Feb 2026 00:03:33 INFO  valid result: 
hit@10 : 0.362    ndcg@10 : 0.2217    mrr@10 : 0.1788
Fri 13 Feb 2026 00:03:33 INFO  Saving current: saved\TimeWeaver-Feb-13-2026_00-03-00.pth
Fri 13 Feb 2026 00:04:03 INFO  epoch 1 training [time: 29.74s, train loss: 6112.8697]
Fri 13 Feb 2026 00:04:05 INFO  epoch 1 evaluating [time: 2.00s, valid_score: 0.222900]
Fri 13 Feb 2026 00:04:05 INFO  valid result: 
hit@10 : 0.4107    ndcg@10 : 0.2676    mrr@10 : 0.2229
Fri 13 Feb 2026 00:04:05 INFO  Saving current: saved\TimeWeaver-Feb-13-2026_00-03-00.pth
Fri 13 Feb 2026 00:04:34 INFO  epoch 2 training [time: 29.62s, train loss: 5677.2125]
Fri 13 Feb 2026 00:04:36 INFO  epoch 2 evaluating [time: 2.07s, valid_score: 0.223600]
Fri 13 Feb 2026 00:04:36 INFO  valid result: 
hit@10 : 0.4067    ndcg@10 : 0.2669    mrr@10 : 0.2236
Fri 13 Feb 2026 00:04:36 INFO  Saving current: saved\TimeWeaver-Feb-13-2026_00-03-00.pth
Fri 13 Feb 2026 00:05:06 INFO  epoch 3 training [time: 30.00s, train loss: 5220.4936]
Fri 13 Feb 2026 00:05:09 INFO  epoch 3 evaluating [time: 2.05s, valid_score: 0.219400]
Fri 13 Feb 2026 00:05:09 INFO  valid result: 
hit@10 : 0.3887    ndcg@10 : 0.2593    mrr@10 : 0.2194
Fri 13 Feb 2026 00:05:39 INFO  epoch 4 training [time: 29.98s, train loss: 4798.7836]
Fri 13 Feb 2026 00:05:40 INFO  epoch 4 evaluating [time: 1.95s, valid_score: 0.206600]
Fri 13 Feb 2026 00:05:40 INFO  valid result: 
hit@10 : 0.372    ndcg@10 : 0.2455    mrr@10 : 0.2066
Fri 13 Feb 2026 00:06:11 INFO  epoch 5 training [time: 30.60s, train loss: 4449.3448]
Fri 13 Feb 2026 00:06:13 INFO  epoch 5 evaluating [time: 2.19s, valid_score: 0.212200]
Fri 13 Feb 2026 00:06:13 INFO  valid result: 
hit@10 : 0.3747    ndcg@10 : 0.2505    mrr@10 : 0.2122
Fri 13 Feb 2026 00:06:45 INFO  epoch 6 training [time: 31.70s, train loss: 4175.9949]
Fri 13 Feb 2026 00:06:47 INFO  epoch 6 evaluating [time: 2.11s, valid_score: 0.210600]
Fri 13 Feb 2026 00:06:47 INFO  valid result: 
hit@10 : 0.3733    ndcg@10 : 0.2489    mrr@10 : 0.2106
Fri 13 Feb 2026 00:07:17 INFO  epoch 7 training [time: 30.22s, train loss: 3964.6414]
Fri 13 Feb 2026 00:07:19 INFO  epoch 7 evaluating [time: 1.96s, valid_score: 0.214700]
Fri 13 Feb 2026 00:07:19 INFO  valid result: 
hit@10 : 0.368    ndcg@10 : 0.2512    mrr@10 : 0.2147
Fri 13 Feb 2026 00:07:49 INFO  epoch 8 training [time: 29.99s, train loss: 3795.2571]
Fri 13 Feb 2026 00:07:51 INFO  epoch 8 evaluating [time: 2.06s, valid_score: 0.212300]
Fri 13 Feb 2026 00:07:51 INFO  valid result: 
hit@10 : 0.3827    ndcg@10 : 0.2523    mrr@10 : 0.2123
Fri 13 Feb 2026 00:08:21 INFO  epoch 9 training [time: 29.80s, train loss: 3654.2308]
Fri 13 Feb 2026 00:08:23 INFO  epoch 9 evaluating [time: 2.01s, valid_score: 0.217900]
Fri 13 Feb 2026 00:08:23 INFO  valid result: 
hit@10 : 0.388    ndcg@10 : 0.2578    mrr@10 : 0.2179
Fri 13 Feb 2026 00:08:53 INFO  epoch 10 training [time: 30.04s, train loss: 3523.2868]
Fri 13 Feb 2026 00:08:55 INFO  epoch 10 evaluating [time: 2.07s, valid_score: 0.212000]
Fri 13 Feb 2026 00:08:55 INFO  valid result: 
hit@10 : 0.3873    ndcg@10 : 0.2533    mrr@10 : 0.212
Fri 13 Feb 2026 00:09:26 INFO  epoch 11 training [time: 30.51s, train loss: 3410.9718]
Fri 13 Feb 2026 00:09:28 INFO  epoch 11 evaluating [time: 2.08s, valid_score: 0.221500]
Fri 13 Feb 2026 00:09:28 INFO  valid result: 
hit@10 : 0.384    ndcg@10 : 0.2599    mrr@10 : 0.2215
Fri 13 Feb 2026 00:09:58 INFO  epoch 12 training [time: 29.89s, train loss: 3307.3016]
Fri 13 Feb 2026 00:10:00 INFO  epoch 12 evaluating [time: 2.09s, valid_score: 0.226800]
Fri 13 Feb 2026 00:10:00 INFO  valid result: 
hit@10 : 0.3873    ndcg@10 : 0.2646    mrr@10 : 0.2268
Fri 13 Feb 2026 00:10:00 INFO  Saving current: saved\TimeWeaver-Feb-13-2026_00-03-00.pth
Fri 13 Feb 2026 00:10:32 INFO  epoch 13 training [time: 32.14s, train loss: 3212.2198]
Fri 13 Feb 2026 00:10:34 INFO  epoch 13 evaluating [time: 2.15s, valid_score: 0.214100]
Fri 13 Feb 2026 00:10:34 INFO  valid result: 
hit@10 : 0.3793    ndcg@10 : 0.2531    mrr@10 : 0.2141
Fri 13 Feb 2026 00:11:05 INFO  epoch 14 training [time: 30.61s, train loss: 3116.7923]
Fri 13 Feb 2026 00:11:07 INFO  epoch 14 evaluating [time: 1.97s, valid_score: 0.213900]
Fri 13 Feb 2026 00:11:07 INFO  valid result: 
hit@10 : 0.3773    ndcg@10 : 0.2525    mrr@10 : 0.2139
Fri 13 Feb 2026 00:11:36 INFO  epoch 15 training [time: 29.73s, train loss: 3033.9010]
Fri 13 Feb 2026 00:11:39 INFO  epoch 15 evaluating [time: 2.07s, valid_score: 0.213500]
Fri 13 Feb 2026 00:11:39 INFO  valid result: 
hit@10 : 0.38    ndcg@10 : 0.2526    mrr@10 : 0.2135
Fri 13 Feb 2026 00:12:08 INFO  epoch 16 training [time: 29.80s, train loss: 2954.0845]
Fri 13 Feb 2026 00:12:10 INFO  epoch 16 evaluating [time: 2.00s, valid_score: 0.212600]
Fri 13 Feb 2026 00:12:10 INFO  valid result: 
hit@10 : 0.3747    ndcg@10 : 0.2506    mrr@10 : 0.2126
Fri 13 Feb 2026 00:12:40 INFO  epoch 17 training [time: 29.74s, train loss: 2878.2641]
Fri 13 Feb 2026 00:12:42 INFO  epoch 17 evaluating [time: 2.06s, valid_score: 0.200500]
Fri 13 Feb 2026 00:12:42 INFO  valid result: 
hit@10 : 0.3753    ndcg@10 : 0.2417    mrr@10 : 0.2005
Fri 13 Feb 2026 00:13:12 INFO  epoch 18 training [time: 29.98s, train loss: 2805.0486]
Fri 13 Feb 2026 00:13:14 INFO  epoch 18 evaluating [time: 2.04s, valid_score: 0.209800]
Fri 13 Feb 2026 00:13:14 INFO  valid result: 
hit@10 : 0.3727    ndcg@10 : 0.2482    mrr@10 : 0.2098
Fri 13 Feb 2026 00:13:44 INFO  epoch 19 training [time: 29.78s, train loss: 2738.1850]
Fri 13 Feb 2026 00:13:46 INFO  epoch 19 evaluating [time: 1.98s, valid_score: 0.207700]
Fri 13 Feb 2026 00:13:46 INFO  valid result: 
hit@10 : 0.376    ndcg@10 : 0.2474    mrr@10 : 0.2077
Fri 13 Feb 2026 00:14:17 INFO  epoch 20 training [time: 30.88s, train loss: 2679.3651]
Fri 13 Feb 2026 00:14:19 INFO  epoch 20 evaluating [time: 2.13s, valid_score: 0.214400]
Fri 13 Feb 2026 00:14:19 INFO  valid result: 
hit@10 : 0.3793    ndcg@10 : 0.2532    mrr@10 : 0.2144
Fri 13 Feb 2026 00:14:50 INFO  epoch 21 training [time: 31.48s, train loss: 2616.2868]
Fri 13 Feb 2026 00:14:53 INFO  epoch 21 evaluating [time: 2.13s, valid_score: 0.204400]
Fri 13 Feb 2026 00:14:53 INFO  valid result: 
hit@10 : 0.372    ndcg@10 : 0.2438    mrr@10 : 0.2044
Fri 13 Feb 2026 00:15:22 INFO  epoch 22 training [time: 29.70s, train loss: 2561.0580]
Fri 13 Feb 2026 00:15:24 INFO  epoch 22 evaluating [time: 1.96s, valid_score: 0.201500]
Fri 13 Feb 2026 00:15:24 INFO  valid result: 
hit@10 : 0.372    ndcg@10 : 0.2417    mrr@10 : 0.2015
Fri 13 Feb 2026 00:15:54 INFO  epoch 23 training [time: 29.61s, train loss: 2510.6871]
Fri 13 Feb 2026 00:15:56 INFO  epoch 23 evaluating [time: 2.05s, valid_score: 0.199500]
Fri 13 Feb 2026 00:15:56 INFO  valid result: 
hit@10 : 0.3547    ndcg@10 : 0.2358    mrr@10 : 0.1995
Fri 13 Feb 2026 00:15:56 INFO  Finished training, best eval result in epoch 12
Fri 13 Feb 2026 00:15:56 INFO  Loading model structure and parameters from saved\TimeWeaver-Feb-13-2026_00-03-00.pth
Fri 13 Feb 2026 00:15:59 INFO  The running environment of this training is as follows:
+-------------+----------------+
| Environment |     Usage      |
+=============+================+
| CPU         |     3.50 %     |
+-------------+----------------+
| GPU         | 0.44 G/6.00 G  |
+-------------+----------------+
| Memory      | 1.55 G/15.63 G |
+-------------+----------------+
Fri 13 Feb 2026 00:15:59 INFO  best valid : OrderedDict([('hit@10', 0.3873), ('ndcg@10', 0.2646), ('mrr@10', 0.2268)])
Fri 13 Feb 2026 00:15:59 INFO  test result: OrderedDict([('hit@10', 0.3513), ('ndcg@10', 0.2319), ('mrr@10', 0.1952)])
