Sat 07 Mar 2026 08:41:09 INFO  ['F:\\桌面\\recommendation_system\\scripts\\run_grid.py', '--models', 'timeweaver', '--datasets', 'amazon-toys-5core-subset-full', '--timeweaver-variant', 'base', '--seeds', '42,2023,2024', '--device', 'gpu', '--output', 'results/timeweaver_toys_ablation_full.json']
Sat 07 Mar 2026 08:41:09 INFO  
General Hyper Parameters:
gpu_id = 0
use_gpu = True
seed = 42
state = INFO
reproducibility = True
data_path = data/amazon\amazon-toys-5core-subset
checkpoint_dir = saved
show_progress = True
save_dataset = False
dataset_save_path = None
save_dataloaders = False
dataloaders_save_path = None
log_wandb = False

Training Hyper Parameters:
epochs = 100
train_batch_size = 256
learner = adam
learning_rate = 0.001
train_neg_sample_args = {'distribution': 'none', 'sample_num': 'none', 'alpha': 'none', 'dynamic': False, 'candidate_num': 0}
eval_step = 1
stopping_step = 10
clip_grad_norm = None
weight_decay = 0.0
loss_decimal_place = 4

Evaluation Hyper Parameters:
eval_args = {'split': {'LS': 'valid_and_test'}, 'order': 'TO', 'group_by': 'user', 'mode': {'valid': 'full', 'test': 'full'}}
repeatable = True
metrics = ['Hit', 'NDCG', 'MRR']
topk = [10]
valid_metric = MRR@10
valid_metric_bigger = True
eval_batch_size = 512
metric_decimal_place = 4

Dataset Hyper Parameters:
field_separator = 	
seq_separator =  
USER_ID_FIELD = user_id
ITEM_ID_FIELD = item_id
RATING_FIELD = rating
TIME_FIELD = timestamp
seq_len = None
LABEL_FIELD = label
threshold = None
NEG_PREFIX = neg_
load_col = {'inter': ['user_id', 'item_id', 'rating', 'timestamp']}
unload_col = None
unused_col = None
additional_feat_suffix = None
rm_dup_inter = None
val_interval = None
filter_inter_by_user_or_item = True
user_inter_num_interval = [0,inf)
item_inter_num_interval = [0,inf)
alias_of_user_id = None
alias_of_item_id = None
alias_of_entity_id = None
alias_of_relation_id = None
preload_weight = None
normalize_field = None
normalize_all = None
ITEM_LIST_LENGTH_FIELD = item_length
LIST_SUFFIX = _list
MAX_ITEM_LIST_LENGTH = 32
POSITION_FIELD = position_id
HEAD_ENTITY_ID_FIELD = head_id
TAIL_ENTITY_ID_FIELD = tail_id
RELATION_ID_FIELD = relation_id
ENTITY_ID_FIELD = entity_id
benchmark_filename = None

Other Hyper Parameters: 
worker = 0
wandb_project = recbole
shuffle = True
require_pow = False
enable_amp = False
enable_scaler = False
transform = None
numerical_features = []
discretization = None
kg_reverse_r = False
entity_kg_num_interval = [0,inf)
relation_kg_num_interval = [0,inf)
MODEL_TYPE = ModelType.SEQUENTIAL
model_name = TimeWeaver
hidden_size = 64
num_layers = 2
hidden_dropout_prob = 0.5
initializer_range = 0.02
time_bucket_size = 1000
ema_decay = 0.5
tcn_kernel_size = -1
ffn_hidden_size = 256
loss_type = CE
early_stop = 10
neg_sampling = None
device = cuda
use_continuous_time = False
use_time_gate = False
use_time_augmentation = False
MODEL_INPUT_TYPE = InputType.POINTWISE
eval_type = EvaluatorType.RANKING
single_spec = True
local_rank = 0
valid_neg_sample_args = {'distribution': 'uniform', 'sample_num': 'none'}
test_neg_sample_args = {'distribution': 'uniform', 'sample_num': 'none'}


Sat 07 Mar 2026 08:41:10 INFO  amazon-toys-5core-subset
The number of users: 19413
Average actions of users: 8.633680197815783
The number of items: 11925
Average actions of items: 14.055434417980543
The number of inters: 167597
The sparsity of the dataset: 99.92760389550713%
Remain Fields: ['user_id', 'item_id', 'rating', 'timestamp']
Sat 07 Mar 2026 08:41:13 INFO  [Training]: train_batch_size = [256] train_neg_sample_args: [{'distribution': 'none', 'sample_num': 'none', 'alpha': 'none', 'dynamic': False, 'candidate_num': 0}]
Sat 07 Mar 2026 08:41:13 INFO  [Evaluation]: eval_batch_size = [512] eval_args: [{'split': {'LS': 'valid_and_test'}, 'order': 'TO', 'group_by': 'user', 'mode': {'valid': 'full', 'test': 'full'}}]
Sat 07 Mar 2026 08:41:13 INFO  TimeWeaver(
  (item_embedding): Embedding(11925, 64, padding_idx=0)
  (time_aug): TimeAwareAugmentation(
    (pos_embedding): Embedding(32, 64)
    (time_embedding): Embedding(1000, 64)
    (layer_norm): LayerNorm((64,), eps=1e-05, elementwise_affine=True)
    (drop): Dropout(p=0.5, inplace=False)
  )
  (context_layers): ModuleList(
    (0-1): 2 x TCNNextBlock(
      (dw): DepthwiseConv1d(
        (conv): Conv1d(64, 64, kernel_size=(11,), stride=(1,), padding=(5,), groups=64)
        (bn): BatchNorm1d(64, eps=1e-05, momentum=0.1, affine=True, track_running_stats=True)
        (drop): Dropout(p=0.5, inplace=False)
      )
      (norm1): LayerNorm((64,), eps=1e-05, elementwise_affine=True)
      (conv_inter): ParallelConvInter(
        (conv1): Conv1d(64, 64, kernel_size=(1,), stride=(1,))
        (conv3): Conv1d(64, 64, kernel_size=(3,), stride=(1,), padding=(1,))
        (proj): Conv1d(64, 64, kernel_size=(1,), stride=(1,))
        (drop): Dropout(p=0.5, inplace=False)
      )
      (norm2): LayerNorm((64,), eps=1e-05, elementwise_affine=True)
      (ffn): Sequential(
        (0): Linear(in_features=64, out_features=256, bias=True)
        (1): GELU(approximate='none')
        (2): Dropout(p=0.5, inplace=False)
        (3): Linear(in_features=256, out_features=64, bias=True)
        (4): Dropout(p=0.5, inplace=False)
      )
      (norm3): LayerNorm((64,), eps=1e-05, elementwise_affine=True)
    )
  )
  (dynamic_layers): ModuleList(
    (0-1): 2 x EMAStream(
      (proj): Linear(in_features=64, out_features=64, bias=True)
    )
  )
  (weavers): ModuleList(
    (0-1): 2 x StreamWeaver(
      (proj): Linear(in_features=128, out_features=64, bias=True)
      (norm): LayerNorm((64,), eps=1e-05, elementwise_affine=True)
    )
  )
  (loss_fct): CrossEntropyLoss()
)
Trainable parameters: 964545.0
Sat 07 Mar 2026 08:41:14 INFO  FLOPs: 4298752.0
Sat 07 Mar 2026 08:41:58 INFO  epoch 0 training [time: 42.41s, train loss: 3840.3405]
Sat 07 Mar 2026 08:41:59 INFO  epoch 0 evaluating [time: 0.58s, valid_score: 0.005400]
Sat 07 Mar 2026 08:41:59 INFO  valid result: 
hit@10 : 0.0139    ndcg@10 : 0.0074    mrr@10 : 0.0054
Sat 07 Mar 2026 08:41:59 INFO  Saving current: saved\TimeWeaver-Mar-07-2026_08-41-14.pth
Sat 07 Mar 2026 08:42:39 INFO  epoch 1 training [time: 40.27s, train loss: 3622.5260]
Sat 07 Mar 2026 08:42:39 INFO  epoch 1 evaluating [time: 0.47s, valid_score: 0.010100]
Sat 07 Mar 2026 08:42:39 INFO  valid result: 
hit@10 : 0.0291    ndcg@10 : 0.0145    mrr@10 : 0.0101
Sat 07 Mar 2026 08:42:39 INFO  Saving current: saved\TimeWeaver-Mar-07-2026_08-41-14.pth
Sat 07 Mar 2026 08:43:25 INFO  epoch 2 training [time: 45.20s, train loss: 3454.6320]
Sat 07 Mar 2026 08:43:25 INFO  epoch 2 evaluating [time: 0.64s, valid_score: 0.018200]
Sat 07 Mar 2026 08:43:25 INFO  valid result: 
hit@10 : 0.0497    ndcg@10 : 0.0255    mrr@10 : 0.0182
Sat 07 Mar 2026 08:43:25 INFO  Saving current: saved\TimeWeaver-Mar-07-2026_08-41-14.pth
Sat 07 Mar 2026 08:44:15 INFO  epoch 3 training [time: 50.13s, train loss: 3292.1076]
Sat 07 Mar 2026 08:44:16 INFO  epoch 3 evaluating [time: 0.52s, valid_score: 0.024500]
Sat 07 Mar 2026 08:44:16 INFO  valid result: 
hit@10 : 0.0671    ndcg@10 : 0.0345    mrr@10 : 0.0245
Sat 07 Mar 2026 08:44:16 INFO  Saving current: saved\TimeWeaver-Mar-07-2026_08-41-14.pth
Sat 07 Mar 2026 08:45:02 INFO  epoch 4 training [time: 46.34s, train loss: 3160.1534]
Sat 07 Mar 2026 08:45:03 INFO  epoch 4 evaluating [time: 0.46s, valid_score: 0.028400]
Sat 07 Mar 2026 08:45:03 INFO  valid result: 
hit@10 : 0.081    ndcg@10 : 0.0408    mrr@10 : 0.0284
Sat 07 Mar 2026 08:45:03 INFO  Saving current: saved\TimeWeaver-Mar-07-2026_08-41-14.pth
Sat 07 Mar 2026 08:45:48 INFO  epoch 5 training [time: 45.06s, train loss: 3056.5175]
Sat 07 Mar 2026 08:45:48 INFO  epoch 5 evaluating [time: 0.49s, valid_score: 0.031300]
Sat 07 Mar 2026 08:45:48 INFO  valid result: 
hit@10 : 0.0895    ndcg@10 : 0.0451    mrr@10 : 0.0313
Sat 07 Mar 2026 08:45:48 INFO  Saving current: saved\TimeWeaver-Mar-07-2026_08-41-14.pth
Sat 07 Mar 2026 08:46:35 INFO  epoch 6 training [time: 46.33s, train loss: 2977.3883]
Sat 07 Mar 2026 08:46:35 INFO  epoch 6 evaluating [time: 0.53s, valid_score: 0.031300]
Sat 07 Mar 2026 08:46:35 INFO  valid result: 
hit@10 : 0.096    ndcg@10 : 0.0466    mrr@10 : 0.0313
Sat 07 Mar 2026 08:46:35 INFO  Saving current: saved\TimeWeaver-Mar-07-2026_08-41-14.pth
Sat 07 Mar 2026 08:47:20 INFO  epoch 7 training [time: 44.54s, train loss: 2915.1963]
Sat 07 Mar 2026 08:47:20 INFO  epoch 7 evaluating [time: 0.51s, valid_score: 0.032200]
Sat 07 Mar 2026 08:47:20 INFO  valid result: 
hit@10 : 0.0978    ndcg@10 : 0.0477    mrr@10 : 0.0322
Sat 07 Mar 2026 08:47:20 INFO  Saving current: saved\TimeWeaver-Mar-07-2026_08-41-14.pth
Sat 07 Mar 2026 08:48:05 INFO  epoch 8 training [time: 44.75s, train loss: 2866.9068]
Sat 07 Mar 2026 08:48:06 INFO  epoch 8 evaluating [time: 0.53s, valid_score: 0.033500]
Sat 07 Mar 2026 08:48:06 INFO  valid result: 
hit@10 : 0.1005    ndcg@10 : 0.0493    mrr@10 : 0.0335
Sat 07 Mar 2026 08:48:06 INFO  Saving current: saved\TimeWeaver-Mar-07-2026_08-41-14.pth
Sat 07 Mar 2026 08:48:50 INFO  epoch 9 training [time: 44.61s, train loss: 2827.7643]
Sat 07 Mar 2026 08:48:51 INFO  epoch 9 evaluating [time: 0.52s, valid_score: 0.033900]
Sat 07 Mar 2026 08:48:51 INFO  valid result: 
hit@10 : 0.1016    ndcg@10 : 0.0499    mrr@10 : 0.0339
Sat 07 Mar 2026 08:48:51 INFO  Saving current: saved\TimeWeaver-Mar-07-2026_08-41-14.pth
Sat 07 Mar 2026 08:49:37 INFO  epoch 10 training [time: 45.86s, train loss: 2793.1870]
Sat 07 Mar 2026 08:49:37 INFO  epoch 10 evaluating [time: 0.61s, valid_score: 0.033900]
Sat 07 Mar 2026 08:49:37 INFO  valid result: 
hit@10 : 0.101    ndcg@10 : 0.0497    mrr@10 : 0.0339
Sat 07 Mar 2026 08:49:37 INFO  Saving current: saved\TimeWeaver-Mar-07-2026_08-41-14.pth
Sat 07 Mar 2026 08:50:24 INFO  epoch 11 training [time: 46.33s, train loss: 2764.6122]
Sat 07 Mar 2026 08:50:24 INFO  epoch 11 evaluating [time: 0.55s, valid_score: 0.034600]
Sat 07 Mar 2026 08:50:24 INFO  valid result: 
hit@10 : 0.1029    ndcg@10 : 0.0507    mrr@10 : 0.0346
Sat 07 Mar 2026 08:50:24 INFO  Saving current: saved\TimeWeaver-Mar-07-2026_08-41-14.pth
Sat 07 Mar 2026 08:51:10 INFO  epoch 12 training [time: 45.54s, train loss: 2738.6154]
Sat 07 Mar 2026 08:51:10 INFO  epoch 12 evaluating [time: 0.46s, valid_score: 0.035900]
Sat 07 Mar 2026 08:51:10 INFO  valid result: 
hit@10 : 0.1054    ndcg@10 : 0.0522    mrr@10 : 0.0359
Sat 07 Mar 2026 08:51:10 INFO  Saving current: saved\TimeWeaver-Mar-07-2026_08-41-14.pth
Sat 07 Mar 2026 08:51:56 INFO  epoch 13 training [time: 45.44s, train loss: 2716.1856]
Sat 07 Mar 2026 08:51:56 INFO  epoch 13 evaluating [time: 0.49s, valid_score: 0.035100]
Sat 07 Mar 2026 08:51:56 INFO  valid result: 
hit@10 : 0.104    ndcg@10 : 0.0513    mrr@10 : 0.0351
Sat 07 Mar 2026 08:52:41 INFO  epoch 14 training [time: 44.44s, train loss: 2695.9483]
Sat 07 Mar 2026 08:52:41 INFO  epoch 14 evaluating [time: 0.51s, valid_score: 0.035000]
Sat 07 Mar 2026 08:52:41 INFO  valid result: 
hit@10 : 0.1022    ndcg@10 : 0.0508    mrr@10 : 0.035
Sat 07 Mar 2026 08:53:27 INFO  epoch 15 training [time: 45.51s, train loss: 2674.5734]
Sat 07 Mar 2026 08:53:27 INFO  epoch 15 evaluating [time: 0.50s, valid_score: 0.035600]
Sat 07 Mar 2026 08:53:27 INFO  valid result: 
hit@10 : 0.1041    ndcg@10 : 0.0518    mrr@10 : 0.0356
Sat 07 Mar 2026 08:54:13 INFO  epoch 16 training [time: 45.70s, train loss: 2659.1420]
Sat 07 Mar 2026 08:54:13 INFO  epoch 16 evaluating [time: 0.49s, valid_score: 0.035700]
Sat 07 Mar 2026 08:54:13 INFO  valid result: 
hit@10 : 0.1027    ndcg@10 : 0.0515    mrr@10 : 0.0357
Sat 07 Mar 2026 08:54:58 INFO  epoch 17 training [time: 44.94s, train loss: 2642.1352]
Sat 07 Mar 2026 08:54:59 INFO  epoch 17 evaluating [time: 0.46s, valid_score: 0.037100]
Sat 07 Mar 2026 08:54:59 INFO  valid result: 
hit@10 : 0.1033    ndcg@10 : 0.0527    mrr@10 : 0.0371
Sat 07 Mar 2026 08:54:59 INFO  Saving current: saved\TimeWeaver-Mar-07-2026_08-41-14.pth
Sat 07 Mar 2026 08:55:44 INFO  epoch 18 training [time: 45.58s, train loss: 2628.0858]
Sat 07 Mar 2026 08:55:45 INFO  epoch 18 evaluating [time: 0.47s, valid_score: 0.035300]
Sat 07 Mar 2026 08:55:45 INFO  valid result: 
hit@10 : 0.103    ndcg@10 : 0.0513    mrr@10 : 0.0353
Sat 07 Mar 2026 08:56:30 INFO  epoch 19 training [time: 44.58s, train loss: 2611.5803]
Sat 07 Mar 2026 08:56:30 INFO  epoch 19 evaluating [time: 0.50s, valid_score: 0.036400]
Sat 07 Mar 2026 08:56:30 INFO  valid result: 
hit@10 : 0.1031    ndcg@10 : 0.0521    mrr@10 : 0.0364
Sat 07 Mar 2026 08:57:15 INFO  epoch 20 training [time: 44.96s, train loss: 2601.7499]
Sat 07 Mar 2026 08:57:16 INFO  epoch 20 evaluating [time: 0.54s, valid_score: 0.036400]
Sat 07 Mar 2026 08:57:16 INFO  valid result: 
hit@10 : 0.1017    ndcg@10 : 0.0518    mrr@10 : 0.0364
Sat 07 Mar 2026 08:58:02 INFO  epoch 21 training [time: 46.86s, train loss: 2584.9119]
Sat 07 Mar 2026 08:58:03 INFO  epoch 21 evaluating [time: 0.60s, valid_score: 0.036100]
Sat 07 Mar 2026 08:58:03 INFO  valid result: 
hit@10 : 0.1009    ndcg@10 : 0.0514    mrr@10 : 0.0361
Sat 07 Mar 2026 08:58:49 INFO  epoch 22 training [time: 45.97s, train loss: 2571.6725]
Sat 07 Mar 2026 08:58:49 INFO  epoch 22 evaluating [time: 0.52s, valid_score: 0.036200]
Sat 07 Mar 2026 08:58:49 INFO  valid result: 
hit@10 : 0.102    ndcg@10 : 0.0517    mrr@10 : 0.0362
Sat 07 Mar 2026 08:59:34 INFO  epoch 23 training [time: 44.38s, train loss: 2561.8490]
Sat 07 Mar 2026 08:59:34 INFO  epoch 23 evaluating [time: 0.49s, valid_score: 0.036700]
Sat 07 Mar 2026 08:59:34 INFO  valid result: 
hit@10 : 0.1007    ndcg@10 : 0.0518    mrr@10 : 0.0367
Sat 07 Mar 2026 09:00:19 INFO  epoch 24 training [time: 44.63s, train loss: 2549.6949]
Sat 07 Mar 2026 09:00:19 INFO  epoch 24 evaluating [time: 0.51s, valid_score: 0.036600]
Sat 07 Mar 2026 09:00:19 INFO  valid result: 
hit@10 : 0.0992    ndcg@10 : 0.0514    mrr@10 : 0.0366
Sat 07 Mar 2026 09:01:03 INFO  epoch 25 training [time: 43.81s, train loss: 2536.5148]
Sat 07 Mar 2026 09:01:04 INFO  epoch 25 evaluating [time: 0.52s, valid_score: 0.036700]
Sat 07 Mar 2026 09:01:04 INFO  valid result: 
hit@10 : 0.0994    ndcg@10 : 0.0515    mrr@10 : 0.0367
Sat 07 Mar 2026 09:01:50 INFO  epoch 26 training [time: 46.42s, train loss: 2527.2690]
Sat 07 Mar 2026 09:01:51 INFO  epoch 26 evaluating [time: 0.49s, valid_score: 0.037400]
Sat 07 Mar 2026 09:01:51 INFO  valid result: 
hit@10 : 0.0991    ndcg@10 : 0.0519    mrr@10 : 0.0374
Sat 07 Mar 2026 09:01:51 INFO  Saving current: saved\TimeWeaver-Mar-07-2026_08-41-14.pth
Sat 07 Mar 2026 09:02:35 INFO  epoch 27 training [time: 44.41s, train loss: 2516.9244]
Sat 07 Mar 2026 09:02:36 INFO  epoch 27 evaluating [time: 0.49s, valid_score: 0.036900]
Sat 07 Mar 2026 09:02:36 INFO  valid result: 
hit@10 : 0.0996    ndcg@10 : 0.0516    mrr@10 : 0.0369
Sat 07 Mar 2026 09:03:20 INFO  epoch 28 training [time: 44.31s, train loss: 2504.6434]
Sat 07 Mar 2026 09:03:20 INFO  epoch 28 evaluating [time: 0.50s, valid_score: 0.037400]
Sat 07 Mar 2026 09:03:20 INFO  valid result: 
hit@10 : 0.0992    ndcg@10 : 0.052    mrr@10 : 0.0374
Sat 07 Mar 2026 09:03:20 INFO  Saving current: saved\TimeWeaver-Mar-07-2026_08-41-14.pth
Sat 07 Mar 2026 09:04:05 INFO  epoch 29 training [time: 44.94s, train loss: 2495.4758]
Sat 07 Mar 2026 09:04:06 INFO  epoch 29 evaluating [time: 0.55s, valid_score: 0.037500]
Sat 07 Mar 2026 09:04:06 INFO  valid result: 
hit@10 : 0.0976    ndcg@10 : 0.0516    mrr@10 : 0.0375
Sat 07 Mar 2026 09:04:06 INFO  Saving current: saved\TimeWeaver-Mar-07-2026_08-41-14.pth
Sat 07 Mar 2026 09:04:51 INFO  epoch 30 training [time: 44.54s, train loss: 2486.3882]
Sat 07 Mar 2026 09:04:51 INFO  epoch 30 evaluating [time: 0.49s, valid_score: 0.037300]
Sat 07 Mar 2026 09:04:51 INFO  valid result: 
hit@10 : 0.0971    ndcg@10 : 0.0514    mrr@10 : 0.0373
Sat 07 Mar 2026 09:05:36 INFO  epoch 31 training [time: 44.85s, train loss: 2477.8110]
Sat 07 Mar 2026 09:05:36 INFO  epoch 31 evaluating [time: 0.52s, valid_score: 0.037500]
Sat 07 Mar 2026 09:05:36 INFO  valid result: 
hit@10 : 0.0991    ndcg@10 : 0.052    mrr@10 : 0.0375
Sat 07 Mar 2026 09:05:36 INFO  Saving current: saved\TimeWeaver-Mar-07-2026_08-41-14.pth
Sat 07 Mar 2026 09:06:21 INFO  epoch 32 training [time: 44.77s, train loss: 2470.4415]
Sat 07 Mar 2026 09:06:22 INFO  epoch 32 evaluating [time: 0.53s, valid_score: 0.036900]
Sat 07 Mar 2026 09:06:22 INFO  valid result: 
hit@10 : 0.0968    ndcg@10 : 0.051    mrr@10 : 0.0369
Sat 07 Mar 2026 09:07:08 INFO  epoch 33 training [time: 46.34s, train loss: 2461.4440]
Sat 07 Mar 2026 09:07:09 INFO  epoch 33 evaluating [time: 0.50s, valid_score: 0.037500]
Sat 07 Mar 2026 09:07:09 INFO  valid result: 
hit@10 : 0.0972    ndcg@10 : 0.0515    mrr@10 : 0.0375
Sat 07 Mar 2026 09:07:09 INFO  Saving current: saved\TimeWeaver-Mar-07-2026_08-41-14.pth
Sat 07 Mar 2026 09:07:54 INFO  epoch 34 training [time: 45.65s, train loss: 2450.7030]
Sat 07 Mar 2026 09:07:55 INFO  epoch 34 evaluating [time: 0.49s, valid_score: 0.037600]
Sat 07 Mar 2026 09:07:55 INFO  valid result: 
hit@10 : 0.0975    ndcg@10 : 0.0516    mrr@10 : 0.0376
Sat 07 Mar 2026 09:07:55 INFO  Saving current: saved\TimeWeaver-Mar-07-2026_08-41-14.pth
Sat 07 Mar 2026 09:08:39 INFO  epoch 35 training [time: 43.80s, train loss: 2444.7524]
Sat 07 Mar 2026 09:08:39 INFO  epoch 35 evaluating [time: 0.49s, valid_score: 0.038000]
Sat 07 Mar 2026 09:08:39 INFO  valid result: 
hit@10 : 0.0976    ndcg@10 : 0.052    mrr@10 : 0.038
Sat 07 Mar 2026 09:08:39 INFO  Saving current: saved\TimeWeaver-Mar-07-2026_08-41-14.pth
Sat 07 Mar 2026 09:09:19 INFO  epoch 36 training [time: 39.82s, train loss: 2435.3864]
Sat 07 Mar 2026 09:09:19 INFO  epoch 36 evaluating [time: 0.53s, valid_score: 0.037500]
Sat 07 Mar 2026 09:09:19 INFO  valid result: 
hit@10 : 0.0959    ndcg@10 : 0.0512    mrr@10 : 0.0375
Sat 07 Mar 2026 09:10:02 INFO  epoch 37 training [time: 42.15s, train loss: 2428.0550]
Sat 07 Mar 2026 09:10:02 INFO  epoch 37 evaluating [time: 0.50s, valid_score: 0.037500]
Sat 07 Mar 2026 09:10:02 INFO  valid result: 
hit@10 : 0.0956    ndcg@10 : 0.0512    mrr@10 : 0.0375
Sat 07 Mar 2026 09:10:42 INFO  epoch 38 training [time: 39.65s, train loss: 2421.3424]
Sat 07 Mar 2026 09:10:42 INFO  epoch 38 evaluating [time: 0.50s, valid_score: 0.038200]
Sat 07 Mar 2026 09:10:42 INFO  valid result: 
hit@10 : 0.0956    ndcg@10 : 0.0517    mrr@10 : 0.0382
Sat 07 Mar 2026 09:10:42 INFO  Saving current: saved\TimeWeaver-Mar-07-2026_08-41-14.pth
Sat 07 Mar 2026 09:11:22 INFO  epoch 39 training [time: 39.99s, train loss: 2411.2138]
Sat 07 Mar 2026 09:11:23 INFO  epoch 39 evaluating [time: 0.52s, valid_score: 0.037600]
Sat 07 Mar 2026 09:11:23 INFO  valid result: 
hit@10 : 0.0971    ndcg@10 : 0.0516    mrr@10 : 0.0376
Sat 07 Mar 2026 09:12:02 INFO  epoch 40 training [time: 39.63s, train loss: 2403.9877]
Sat 07 Mar 2026 09:12:03 INFO  epoch 40 evaluating [time: 0.47s, valid_score: 0.037100]
Sat 07 Mar 2026 09:12:03 INFO  valid result: 
hit@10 : 0.0922    ndcg@10 : 0.05    mrr@10 : 0.0371
Sat 07 Mar 2026 09:12:43 INFO  epoch 41 training [time: 39.78s, train loss: 2401.3666]
Sat 07 Mar 2026 09:12:43 INFO  epoch 41 evaluating [time: 0.51s, valid_score: 0.037600]
Sat 07 Mar 2026 09:12:43 INFO  valid result: 
hit@10 : 0.0942    ndcg@10 : 0.0509    mrr@10 : 0.0376
Sat 07 Mar 2026 09:13:25 INFO  epoch 42 training [time: 41.53s, train loss: 2389.3636]
Sat 07 Mar 2026 09:13:25 INFO  epoch 42 evaluating [time: 0.51s, valid_score: 0.037000]
Sat 07 Mar 2026 09:13:25 INFO  valid result: 
hit@10 : 0.0928    ndcg@10 : 0.0501    mrr@10 : 0.037
Sat 07 Mar 2026 09:14:09 INFO  epoch 43 training [time: 44.10s, train loss: 2384.1192]
Sat 07 Mar 2026 09:14:10 INFO  epoch 43 evaluating [time: 0.48s, valid_score: 0.037000]
Sat 07 Mar 2026 09:14:10 INFO  valid result: 
hit@10 : 0.0937    ndcg@10 : 0.0503    mrr@10 : 0.037
Sat 07 Mar 2026 09:14:53 INFO  epoch 44 training [time: 42.73s, train loss: 2375.9299]
Sat 07 Mar 2026 09:14:53 INFO  epoch 44 evaluating [time: 0.46s, valid_score: 0.037600]
Sat 07 Mar 2026 09:14:53 INFO  valid result: 
hit@10 : 0.0936    ndcg@10 : 0.0507    mrr@10 : 0.0376
Sat 07 Mar 2026 09:15:35 INFO  epoch 45 training [time: 42.19s, train loss: 2371.8210]
Sat 07 Mar 2026 09:15:36 INFO  epoch 45 evaluating [time: 0.53s, valid_score: 0.037000]
Sat 07 Mar 2026 09:15:36 INFO  valid result: 
hit@10 : 0.0916    ndcg@10 : 0.0497    mrr@10 : 0.037
Sat 07 Mar 2026 09:16:18 INFO  epoch 46 training [time: 42.00s, train loss: 2364.0317]
Sat 07 Mar 2026 09:16:18 INFO  epoch 46 evaluating [time: 0.46s, valid_score: 0.036900]
Sat 07 Mar 2026 09:16:18 INFO  valid result: 
hit@10 : 0.0932    ndcg@10 : 0.0501    mrr@10 : 0.0369
Sat 07 Mar 2026 09:16:59 INFO  epoch 47 training [time: 40.79s, train loss: 2357.1743]
Sat 07 Mar 2026 09:17:00 INFO  epoch 47 evaluating [time: 0.50s, valid_score: 0.037500]
Sat 07 Mar 2026 09:17:00 INFO  valid result: 
hit@10 : 0.091    ndcg@10 : 0.0501    mrr@10 : 0.0375
Sat 07 Mar 2026 09:17:41 INFO  epoch 48 training [time: 41.16s, train loss: 2351.3606]
Sat 07 Mar 2026 09:17:41 INFO  epoch 48 evaluating [time: 0.50s, valid_score: 0.037300]
Sat 07 Mar 2026 09:17:41 INFO  valid result: 
hit@10 : 0.0915    ndcg@10 : 0.05    mrr@10 : 0.0373
Sat 07 Mar 2026 09:18:23 INFO  epoch 49 training [time: 41.39s, train loss: 2346.1982]
Sat 07 Mar 2026 09:18:23 INFO  epoch 49 evaluating [time: 0.52s, valid_score: 0.037600]
Sat 07 Mar 2026 09:18:23 INFO  valid result: 
hit@10 : 0.0908    ndcg@10 : 0.05    mrr@10 : 0.0376
Sat 07 Mar 2026 09:18:23 INFO  Finished training, best eval result in epoch 38
Sat 07 Mar 2026 09:18:23 INFO  Loading model structure and parameters from saved\TimeWeaver-Mar-07-2026_08-41-14.pth
Sat 07 Mar 2026 09:18:25 INFO  The running environment of this training is as follows:
+-------------+----------------+
| Environment |     Usage      |
+=============+================+
| CPU         |     6.00 %     |
+-------------+----------------+
| GPU         | 0.30 G/6.00 G  |
+-------------+----------------+
| Memory      | 0.16 G/15.63 G |
+-------------+----------------+
Sat 07 Mar 2026 09:18:25 INFO  best valid : OrderedDict([('hit@10', 0.0956), ('ndcg@10', 0.0517), ('mrr@10', 0.0382)])
Sat 07 Mar 2026 09:18:25 INFO  test result: OrderedDict([('hit@10', 0.0758), ('ndcg@10', 0.0425), ('mrr@10', 0.0323)])
Sat 07 Mar 2026 09:18:25 WARNING  command line args [--models timeweaver --datasets amazon-toys-5core-subset-full --timeweaver-variant base --seeds 42,2023,2024 --device gpu --output results/timeweaver_toys_ablation_full.json] will not be used in RecBole
Sat 07 Mar 2026 09:18:25 INFO  ['F:\\桌面\\recommendation_system\\scripts\\run_grid.py', '--models', 'timeweaver', '--datasets', 'amazon-toys-5core-subset-full', '--timeweaver-variant', 'base', '--seeds', '42,2023,2024', '--device', 'gpu', '--output', 'results/timeweaver_toys_ablation_full.json']
Sat 07 Mar 2026 09:18:25 INFO  
General Hyper Parameters:
gpu_id = 0
use_gpu = True
seed = 2023
state = INFO
reproducibility = True
data_path = data/amazon\amazon-toys-5core-subset
checkpoint_dir = saved
show_progress = True
save_dataset = False
dataset_save_path = None
save_dataloaders = False
dataloaders_save_path = None
log_wandb = False

Training Hyper Parameters:
epochs = 100
train_batch_size = 256
learner = adam
learning_rate = 0.001
train_neg_sample_args = {'distribution': 'none', 'sample_num': 'none', 'alpha': 'none', 'dynamic': False, 'candidate_num': 0}
eval_step = 1
stopping_step = 10
clip_grad_norm = None
weight_decay = 0.0
loss_decimal_place = 4

Evaluation Hyper Parameters:
eval_args = {'split': {'LS': 'valid_and_test'}, 'order': 'TO', 'group_by': 'user', 'mode': {'valid': 'full', 'test': 'full'}}
repeatable = True
metrics = ['Hit', 'NDCG', 'MRR']
topk = [10]
valid_metric = MRR@10
valid_metric_bigger = True
eval_batch_size = 512
metric_decimal_place = 4

Dataset Hyper Parameters:
field_separator = 	
seq_separator =  
USER_ID_FIELD = user_id
ITEM_ID_FIELD = item_id
RATING_FIELD = rating
TIME_FIELD = timestamp
seq_len = None
LABEL_FIELD = label
threshold = None
NEG_PREFIX = neg_
load_col = {'inter': ['user_id', 'item_id', 'rating', 'timestamp']}
unload_col = None
unused_col = None
additional_feat_suffix = None
rm_dup_inter = None
val_interval = None
filter_inter_by_user_or_item = True
user_inter_num_interval = [0,inf)
item_inter_num_interval = [0,inf)
alias_of_user_id = None
alias_of_item_id = None
alias_of_entity_id = None
alias_of_relation_id = None
preload_weight = None
normalize_field = None
normalize_all = None
ITEM_LIST_LENGTH_FIELD = item_length
LIST_SUFFIX = _list
MAX_ITEM_LIST_LENGTH = 32
POSITION_FIELD = position_id
HEAD_ENTITY_ID_FIELD = head_id
TAIL_ENTITY_ID_FIELD = tail_id
RELATION_ID_FIELD = relation_id
ENTITY_ID_FIELD = entity_id
benchmark_filename = None

Other Hyper Parameters: 
worker = 0
wandb_project = recbole
shuffle = True
require_pow = False
enable_amp = False
enable_scaler = False
transform = None
numerical_features = []
discretization = None
kg_reverse_r = False
entity_kg_num_interval = [0,inf)
relation_kg_num_interval = [0,inf)
MODEL_TYPE = ModelType.SEQUENTIAL
model_name = TimeWeaver
hidden_size = 64
num_layers = 2
hidden_dropout_prob = 0.5
initializer_range = 0.02
time_bucket_size = 1000
ema_decay = 0.5
tcn_kernel_size = -1
ffn_hidden_size = 256
loss_type = CE
early_stop = 10
neg_sampling = None
device = cuda
use_continuous_time = False
use_time_gate = False
use_time_augmentation = False
MODEL_INPUT_TYPE = InputType.POINTWISE
eval_type = EvaluatorType.RANKING
single_spec = True
local_rank = 0
valid_neg_sample_args = {'distribution': 'uniform', 'sample_num': 'none'}
test_neg_sample_args = {'distribution': 'uniform', 'sample_num': 'none'}


Sat 07 Mar 2026 09:18:26 INFO  amazon-toys-5core-subset
The number of users: 19413
Average actions of users: 8.633680197815783
The number of items: 11925
Average actions of items: 14.055434417980543
The number of inters: 167597
The sparsity of the dataset: 99.92760389550713%
Remain Fields: ['user_id', 'item_id', 'rating', 'timestamp']
Sat 07 Mar 2026 09:18:28 INFO  [Training]: train_batch_size = [256] train_neg_sample_args: [{'distribution': 'none', 'sample_num': 'none', 'alpha': 'none', 'dynamic': False, 'candidate_num': 0}]
Sat 07 Mar 2026 09:18:28 INFO  [Evaluation]: eval_batch_size = [512] eval_args: [{'split': {'LS': 'valid_and_test'}, 'order': 'TO', 'group_by': 'user', 'mode': {'valid': 'full', 'test': 'full'}}]
Sat 07 Mar 2026 09:18:28 INFO  TimeWeaver(
  (item_embedding): Embedding(11925, 64, padding_idx=0)
  (time_aug): TimeAwareAugmentation(
    (pos_embedding): Embedding(32, 64)
    (time_embedding): Embedding(1000, 64)
    (layer_norm): LayerNorm((64,), eps=1e-05, elementwise_affine=True)
    (drop): Dropout(p=0.5, inplace=False)
  )
  (context_layers): ModuleList(
    (0-1): 2 x TCNNextBlock(
      (dw): DepthwiseConv1d(
        (conv): Conv1d(64, 64, kernel_size=(11,), stride=(1,), padding=(5,), groups=64)
        (bn): BatchNorm1d(64, eps=1e-05, momentum=0.1, affine=True, track_running_stats=True)
        (drop): Dropout(p=0.5, inplace=False)
      )
      (norm1): LayerNorm((64,), eps=1e-05, elementwise_affine=True)
      (conv_inter): ParallelConvInter(
        (conv1): Conv1d(64, 64, kernel_size=(1,), stride=(1,))
        (conv3): Conv1d(64, 64, kernel_size=(3,), stride=(1,), padding=(1,))
        (proj): Conv1d(64, 64, kernel_size=(1,), stride=(1,))
        (drop): Dropout(p=0.5, inplace=False)
      )
      (norm2): LayerNorm((64,), eps=1e-05, elementwise_affine=True)
      (ffn): Sequential(
        (0): Linear(in_features=64, out_features=256, bias=True)
        (1): GELU(approximate='none')
        (2): Dropout(p=0.5, inplace=False)
        (3): Linear(in_features=256, out_features=64, bias=True)
        (4): Dropout(p=0.5, inplace=False)
      )
      (norm3): LayerNorm((64,), eps=1e-05, elementwise_affine=True)
    )
  )
  (dynamic_layers): ModuleList(
    (0-1): 2 x EMAStream(
      (proj): Linear(in_features=64, out_features=64, bias=True)
    )
  )
  (weavers): ModuleList(
    (0-1): 2 x StreamWeaver(
      (proj): Linear(in_features=128, out_features=64, bias=True)
      (norm): LayerNorm((64,), eps=1e-05, elementwise_affine=True)
    )
  )
  (loss_fct): CrossEntropyLoss()
)
Trainable parameters: 964545.0
Sat 07 Mar 2026 09:18:28 INFO  FLOPs: 4298752.0
Sat 07 Mar 2026 09:19:10 INFO  epoch 0 training [time: 41.30s, train loss: 3837.0421]
Sat 07 Mar 2026 09:19:10 INFO  epoch 0 evaluating [time: 0.53s, valid_score: 0.005400]
Sat 07 Mar 2026 09:19:10 INFO  valid result: 
hit@10 : 0.0161    ndcg@10 : 0.0079    mrr@10 : 0.0054
Sat 07 Mar 2026 09:19:10 INFO  Saving current: saved\TimeWeaver-Mar-07-2026_09-18-28.pth
Sat 07 Mar 2026 09:19:50 INFO  epoch 1 training [time: 39.72s, train loss: 3617.6464]
Sat 07 Mar 2026 09:19:50 INFO  epoch 1 evaluating [time: 0.50s, valid_score: 0.012000]
Sat 07 Mar 2026 09:19:50 INFO  valid result: 
hit@10 : 0.0325    ndcg@10 : 0.0167    mrr@10 : 0.012
Sat 07 Mar 2026 09:19:50 INFO  Saving current: saved\TimeWeaver-Mar-07-2026_09-18-28.pth
Sat 07 Mar 2026 09:20:30 INFO  epoch 2 training [time: 40.03s, train loss: 3450.3003]
Sat 07 Mar 2026 09:20:31 INFO  epoch 2 evaluating [time: 0.50s, valid_score: 0.019100]
Sat 07 Mar 2026 09:20:31 INFO  valid result: 
hit@10 : 0.05    ndcg@10 : 0.0263    mrr@10 : 0.0191
Sat 07 Mar 2026 09:20:31 INFO  Saving current: saved\TimeWeaver-Mar-07-2026_09-18-28.pth
Sat 07 Mar 2026 09:21:11 INFO  epoch 3 training [time: 39.88s, train loss: 3283.4403]
Sat 07 Mar 2026 09:21:11 INFO  epoch 3 evaluating [time: 0.49s, valid_score: 0.025900]
Sat 07 Mar 2026 09:21:11 INFO  valid result: 
hit@10 : 0.0709    ndcg@10 : 0.0365    mrr@10 : 0.0259
Sat 07 Mar 2026 09:21:11 INFO  Saving current: saved\TimeWeaver-Mar-07-2026_09-18-28.pth
Sat 07 Mar 2026 09:21:53 INFO  epoch 4 training [time: 41.98s, train loss: 3152.6500]
Sat 07 Mar 2026 09:21:54 INFO  epoch 4 evaluating [time: 0.54s, valid_score: 0.030100]
Sat 07 Mar 2026 09:21:54 INFO  valid result: 
hit@10 : 0.0831    ndcg@10 : 0.0426    mrr@10 : 0.0301
Sat 07 Mar 2026 09:21:54 INFO  Saving current: saved\TimeWeaver-Mar-07-2026_09-18-28.pth
Sat 07 Mar 2026 09:22:34 INFO  epoch 5 training [time: 40.14s, train loss: 3053.2052]
Sat 07 Mar 2026 09:22:34 INFO  epoch 5 evaluating [time: 0.48s, valid_score: 0.031100]
Sat 07 Mar 2026 09:22:34 INFO  valid result: 
hit@10 : 0.0921    ndcg@10 : 0.0455    mrr@10 : 0.0311
Sat 07 Mar 2026 09:22:34 INFO  Saving current: saved\TimeWeaver-Mar-07-2026_09-18-28.pth
Sat 07 Mar 2026 09:23:15 INFO  epoch 6 training [time: 40.55s, train loss: 2975.5122]
Sat 07 Mar 2026 09:23:16 INFO  epoch 6 evaluating [time: 0.52s, valid_score: 0.032500]
Sat 07 Mar 2026 09:23:16 INFO  valid result: 
hit@10 : 0.0969    ndcg@10 : 0.0478    mrr@10 : 0.0325
Sat 07 Mar 2026 09:23:16 INFO  Saving current: saved\TimeWeaver-Mar-07-2026_09-18-28.pth
Sat 07 Mar 2026 09:23:56 INFO  epoch 7 training [time: 40.10s, train loss: 2914.9148]
Sat 07 Mar 2026 09:23:56 INFO  epoch 7 evaluating [time: 0.49s, valid_score: 0.033100]
Sat 07 Mar 2026 09:23:56 INFO  valid result: 
hit@10 : 0.0985    ndcg@10 : 0.0485    mrr@10 : 0.0331
Sat 07 Mar 2026 09:23:56 INFO  Saving current: saved\TimeWeaver-Mar-07-2026_09-18-28.pth
Sat 07 Mar 2026 09:24:36 INFO  epoch 8 training [time: 40.07s, train loss: 2868.2132]
Sat 07 Mar 2026 09:24:37 INFO  epoch 8 evaluating [time: 0.49s, valid_score: 0.033600]
Sat 07 Mar 2026 09:24:37 INFO  valid result: 
hit@10 : 0.1022    ndcg@10 : 0.0497    mrr@10 : 0.0336
Sat 07 Mar 2026 09:24:37 INFO  Saving current: saved\TimeWeaver-Mar-07-2026_09-18-28.pth
Sat 07 Mar 2026 09:25:17 INFO  epoch 9 training [time: 39.88s, train loss: 2826.7753]
Sat 07 Mar 2026 09:25:17 INFO  epoch 9 evaluating [time: 0.50s, valid_score: 0.033700]
Sat 07 Mar 2026 09:25:17 INFO  valid result: 
hit@10 : 0.0995    ndcg@10 : 0.0493    mrr@10 : 0.0337
Sat 07 Mar 2026 09:25:17 INFO  Saving current: saved\TimeWeaver-Mar-07-2026_09-18-28.pth
Sat 07 Mar 2026 09:26:00 INFO  epoch 10 training [time: 42.42s, train loss: 2792.6805]
Sat 07 Mar 2026 09:26:00 INFO  epoch 10 evaluating [time: 0.52s, valid_score: 0.034500]
Sat 07 Mar 2026 09:26:00 INFO  valid result: 
hit@10 : 0.1027    ndcg@10 : 0.0506    mrr@10 : 0.0345
Sat 07 Mar 2026 09:26:00 INFO  Saving current: saved\TimeWeaver-Mar-07-2026_09-18-28.pth
Sat 07 Mar 2026 09:26:40 INFO  epoch 11 training [time: 40.12s, train loss: 2764.2289]
Sat 07 Mar 2026 09:26:41 INFO  epoch 11 evaluating [time: 0.48s, valid_score: 0.034500]
Sat 07 Mar 2026 09:26:41 INFO  valid result: 
hit@10 : 0.1029    ndcg@10 : 0.0506    mrr@10 : 0.0345
Sat 07 Mar 2026 09:26:41 INFO  Saving current: saved\TimeWeaver-Mar-07-2026_09-18-28.pth
Sat 07 Mar 2026 09:27:22 INFO  epoch 12 training [time: 40.80s, train loss: 2740.3256]
Sat 07 Mar 2026 09:27:22 INFO  epoch 12 evaluating [time: 0.50s, valid_score: 0.034300]
Sat 07 Mar 2026 09:27:22 INFO  valid result: 
hit@10 : 0.103    ndcg@10 : 0.0505    mrr@10 : 0.0343
Sat 07 Mar 2026 09:28:02 INFO  epoch 13 training [time: 40.10s, train loss: 2716.3105]
Sat 07 Mar 2026 09:28:03 INFO  epoch 13 evaluating [time: 0.51s, valid_score: 0.035300]
Sat 07 Mar 2026 09:28:03 INFO  valid result: 
hit@10 : 0.1038    ndcg@10 : 0.0514    mrr@10 : 0.0353
Sat 07 Mar 2026 09:28:03 INFO  Saving current: saved\TimeWeaver-Mar-07-2026_09-18-28.pth
Sat 07 Mar 2026 09:28:43 INFO  epoch 14 training [time: 40.17s, train loss: 2697.5655]
Sat 07 Mar 2026 09:28:43 INFO  epoch 14 evaluating [time: 0.52s, valid_score: 0.035600]
Sat 07 Mar 2026 09:28:43 INFO  valid result: 
hit@10 : 0.1029    ndcg@10 : 0.0515    mrr@10 : 0.0356
Sat 07 Mar 2026 09:28:43 INFO  Saving current: saved\TimeWeaver-Mar-07-2026_09-18-28.pth
Sat 07 Mar 2026 09:29:24 INFO  epoch 15 training [time: 40.22s, train loss: 2674.2081]
Sat 07 Mar 2026 09:29:24 INFO  epoch 15 evaluating [time: 0.46s, valid_score: 0.036000]
Sat 07 Mar 2026 09:29:24 INFO  valid result: 
hit@10 : 0.1009    ndcg@10 : 0.0514    mrr@10 : 0.036
Sat 07 Mar 2026 09:29:24 INFO  Saving current: saved\TimeWeaver-Mar-07-2026_09-18-28.pth
Sat 07 Mar 2026 09:30:06 INFO  epoch 16 training [time: 42.16s, train loss: 2659.0925]
Sat 07 Mar 2026 09:30:07 INFO  epoch 16 evaluating [time: 0.62s, valid_score: 0.035900]
Sat 07 Mar 2026 09:30:07 INFO  valid result: 
hit@10 : 0.0997    ndcg@10 : 0.051    mrr@10 : 0.0359
Sat 07 Mar 2026 09:30:47 INFO  epoch 17 training [time: 40.20s, train loss: 2643.7199]
Sat 07 Mar 2026 09:30:48 INFO  epoch 17 evaluating [time: 0.51s, valid_score: 0.036200]
Sat 07 Mar 2026 09:30:48 INFO  valid result: 
hit@10 : 0.1023    ndcg@10 : 0.0518    mrr@10 : 0.0362
Sat 07 Mar 2026 09:30:48 INFO  Saving current: saved\TimeWeaver-Mar-07-2026_09-18-28.pth
Sat 07 Mar 2026 09:31:28 INFO  epoch 18 training [time: 40.72s, train loss: 2626.6434]
Sat 07 Mar 2026 09:31:29 INFO  epoch 18 evaluating [time: 0.46s, valid_score: 0.035800]
Sat 07 Mar 2026 09:31:29 INFO  valid result: 
hit@10 : 0.1012    ndcg@10 : 0.0512    mrr@10 : 0.0358
Sat 07 Mar 2026 09:32:09 INFO  epoch 19 training [time: 40.04s, train loss: 2612.3775]
Sat 07 Mar 2026 09:32:09 INFO  epoch 19 evaluating [time: 0.50s, valid_score: 0.036100]
Sat 07 Mar 2026 09:32:09 INFO  valid result: 
hit@10 : 0.101    ndcg@10 : 0.0514    mrr@10 : 0.0361
Sat 07 Mar 2026 09:32:49 INFO  epoch 20 training [time: 39.98s, train loss: 2599.0654]
Sat 07 Mar 2026 09:32:50 INFO  epoch 20 evaluating [time: 0.46s, valid_score: 0.036800]
Sat 07 Mar 2026 09:32:50 INFO  valid result: 
hit@10 : 0.1006    ndcg@10 : 0.0519    mrr@10 : 0.0368
Sat 07 Mar 2026 09:32:50 INFO  Saving current: saved\TimeWeaver-Mar-07-2026_09-18-28.pth
Sat 07 Mar 2026 09:33:30 INFO  epoch 21 training [time: 40.57s, train loss: 2583.1928]
Sat 07 Mar 2026 09:33:31 INFO  epoch 21 evaluating [time: 0.52s, valid_score: 0.036400]
Sat 07 Mar 2026 09:33:31 INFO  valid result: 
hit@10 : 0.1007    ndcg@10 : 0.0515    mrr@10 : 0.0364
Sat 07 Mar 2026 09:34:13 INFO  epoch 22 training [time: 42.06s, train loss: 2570.5868]
Sat 07 Mar 2026 09:34:14 INFO  epoch 22 evaluating [time: 0.54s, valid_score: 0.036400]
Sat 07 Mar 2026 09:34:14 INFO  valid result: 
hit@10 : 0.1003    ndcg@10 : 0.0514    mrr@10 : 0.0364
Sat 07 Mar 2026 09:34:54 INFO  epoch 23 training [time: 40.72s, train loss: 2559.1655]
Sat 07 Mar 2026 09:34:55 INFO  epoch 23 evaluating [time: 0.50s, valid_score: 0.036600]
Sat 07 Mar 2026 09:34:55 INFO  valid result: 
hit@10 : 0.0986    ndcg@10 : 0.0512    mrr@10 : 0.0366
Sat 07 Mar 2026 09:35:36 INFO  epoch 24 training [time: 41.22s, train loss: 2547.1287]
Sat 07 Mar 2026 09:35:37 INFO  epoch 24 evaluating [time: 0.51s, valid_score: 0.037000]
Sat 07 Mar 2026 09:35:37 INFO  valid result: 
hit@10 : 0.0992    ndcg@10 : 0.0517    mrr@10 : 0.037
Sat 07 Mar 2026 09:35:37 INFO  Saving current: saved\TimeWeaver-Mar-07-2026_09-18-28.pth
Sat 07 Mar 2026 09:36:16 INFO  epoch 25 training [time: 39.51s, train loss: 2533.1671]
Sat 07 Mar 2026 09:36:17 INFO  epoch 25 evaluating [time: 0.49s, valid_score: 0.036300]
Sat 07 Mar 2026 09:36:17 INFO  valid result: 
hit@10 : 0.0987    ndcg@10 : 0.051    mrr@10 : 0.0363
Sat 07 Mar 2026 09:36:56 INFO  epoch 26 training [time: 39.60s, train loss: 2523.5038]
Sat 07 Mar 2026 09:36:57 INFO  epoch 26 evaluating [time: 0.52s, valid_score: 0.037000]
Sat 07 Mar 2026 09:36:57 INFO  valid result: 
hit@10 : 0.0985    ndcg@10 : 0.0515    mrr@10 : 0.037
Sat 07 Mar 2026 09:36:57 INFO  Saving current: saved\TimeWeaver-Mar-07-2026_09-18-28.pth
Sat 07 Mar 2026 09:37:38 INFO  epoch 27 training [time: 41.32s, train loss: 2512.7777]
Sat 07 Mar 2026 09:37:39 INFO  epoch 27 evaluating [time: 0.50s, valid_score: 0.036900]
Sat 07 Mar 2026 09:37:39 INFO  valid result: 
hit@10 : 0.0981    ndcg@10 : 0.0513    mrr@10 : 0.0369
Sat 07 Mar 2026 09:38:19 INFO  epoch 28 training [time: 40.92s, train loss: 2500.6926]
Sat 07 Mar 2026 09:38:20 INFO  epoch 28 evaluating [time: 0.51s, valid_score: 0.036100]
Sat 07 Mar 2026 09:38:20 INFO  valid result: 
hit@10 : 0.0962    ndcg@10 : 0.0503    mrr@10 : 0.0361
Sat 07 Mar 2026 09:39:00 INFO  epoch 29 training [time: 39.66s, train loss: 2488.2561]
Sat 07 Mar 2026 09:39:00 INFO  epoch 29 evaluating [time: 0.50s, valid_score: 0.037000]
Sat 07 Mar 2026 09:39:00 INFO  valid result: 
hit@10 : 0.0971    ndcg@10 : 0.0511    mrr@10 : 0.037
Sat 07 Mar 2026 09:39:00 INFO  Saving current: saved\TimeWeaver-Mar-07-2026_09-18-28.pth
Sat 07 Mar 2026 09:39:40 INFO  epoch 30 training [time: 39.81s, train loss: 2481.3960]
Sat 07 Mar 2026 09:39:40 INFO  epoch 30 evaluating [time: 0.50s, valid_score: 0.036200]
Sat 07 Mar 2026 09:39:40 INFO  valid result: 
hit@10 : 0.0966    ndcg@10 : 0.0504    mrr@10 : 0.0362
Sat 07 Mar 2026 09:40:20 INFO  epoch 31 training [time: 39.60s, train loss: 2470.0655]
Sat 07 Mar 2026 09:40:21 INFO  epoch 31 evaluating [time: 0.45s, valid_score: 0.037000]
Sat 07 Mar 2026 09:40:21 INFO  valid result: 
hit@10 : 0.0976    ndcg@10 : 0.0512    mrr@10 : 0.037
Sat 07 Mar 2026 09:40:21 INFO  Saving current: saved\TimeWeaver-Mar-07-2026_09-18-28.pth
Sat 07 Mar 2026 09:41:00 INFO  epoch 32 training [time: 39.28s, train loss: 2463.2392]
Sat 07 Mar 2026 09:41:00 INFO  epoch 32 evaluating [time: 0.47s, valid_score: 0.037400]
Sat 07 Mar 2026 09:41:00 INFO  valid result: 
hit@10 : 0.0954    ndcg@10 : 0.051    mrr@10 : 0.0374
Sat 07 Mar 2026 09:41:00 INFO  Saving current: saved\TimeWeaver-Mar-07-2026_09-18-28.pth
Sat 07 Mar 2026 09:41:42 INFO  epoch 33 training [time: 41.35s, train loss: 2455.0096]
Sat 07 Mar 2026 09:41:42 INFO  epoch 33 evaluating [time: 0.54s, valid_score: 0.036600]
Sat 07 Mar 2026 09:41:42 INFO  valid result: 
hit@10 : 0.0958    ndcg@10 : 0.0504    mrr@10 : 0.0366
Sat 07 Mar 2026 09:42:23 INFO  epoch 34 training [time: 40.52s, train loss: 2444.5668]
Sat 07 Mar 2026 09:42:23 INFO  epoch 34 evaluating [time: 0.49s, valid_score: 0.036300]
Sat 07 Mar 2026 09:42:23 INFO  valid result: 
hit@10 : 0.0946    ndcg@10 : 0.05    mrr@10 : 0.0363
Sat 07 Mar 2026 09:43:03 INFO  epoch 35 training [time: 39.48s, train loss: 2434.8680]
Sat 07 Mar 2026 09:43:03 INFO  epoch 35 evaluating [time: 0.50s, valid_score: 0.036500]
Sat 07 Mar 2026 09:43:03 INFO  valid result: 
hit@10 : 0.0952    ndcg@10 : 0.0503    mrr@10 : 0.0365
Sat 07 Mar 2026 09:43:40 INFO  epoch 36 training [time: 36.87s, train loss: 2424.3957]
Sat 07 Mar 2026 09:43:41 INFO  epoch 36 evaluating [time: 0.47s, valid_score: 0.037000]
Sat 07 Mar 2026 09:43:41 INFO  valid result: 
hit@10 : 0.0937    ndcg@10 : 0.0503    mrr@10 : 0.037
Sat 07 Mar 2026 09:44:17 INFO  epoch 37 training [time: 36.51s, train loss: 2416.0317]
Sat 07 Mar 2026 09:44:18 INFO  epoch 37 evaluating [time: 0.47s, valid_score: 0.037100]
Sat 07 Mar 2026 09:44:18 INFO  valid result: 
hit@10 : 0.0959    ndcg@10 : 0.0509    mrr@10 : 0.0371
Sat 07 Mar 2026 09:44:54 INFO  epoch 38 training [time: 36.59s, train loss: 2410.1254]
Sat 07 Mar 2026 09:44:55 INFO  epoch 38 evaluating [time: 0.46s, valid_score: 0.036900]
Sat 07 Mar 2026 09:44:55 INFO  valid result: 
hit@10 : 0.0953    ndcg@10 : 0.0506    mrr@10 : 0.0369
Sat 07 Mar 2026 09:45:32 INFO  epoch 39 training [time: 37.59s, train loss: 2407.0210]
Sat 07 Mar 2026 09:45:33 INFO  epoch 39 evaluating [time: 0.53s, valid_score: 0.037200]
Sat 07 Mar 2026 09:45:33 INFO  valid result: 
hit@10 : 0.0927    ndcg@10 : 0.0502    mrr@10 : 0.0372
Sat 07 Mar 2026 09:46:10 INFO  epoch 40 training [time: 37.65s, train loss: 2394.3497]
Sat 07 Mar 2026 09:46:11 INFO  epoch 40 evaluating [time: 0.50s, valid_score: 0.036700]
Sat 07 Mar 2026 09:46:11 INFO  valid result: 
hit@10 : 0.0927    ndcg@10 : 0.0499    mrr@10 : 0.0367
Sat 07 Mar 2026 09:46:47 INFO  epoch 41 training [time: 36.36s, train loss: 2388.3823]
Sat 07 Mar 2026 09:46:48 INFO  epoch 41 evaluating [time: 0.49s, valid_score: 0.037000]
Sat 07 Mar 2026 09:46:48 INFO  valid result: 
hit@10 : 0.0927    ndcg@10 : 0.0501    mrr@10 : 0.037
Sat 07 Mar 2026 09:47:25 INFO  epoch 42 training [time: 36.90s, train loss: 2385.4327]
Sat 07 Mar 2026 09:47:25 INFO  epoch 42 evaluating [time: 0.49s, valid_score: 0.037200]
Sat 07 Mar 2026 09:47:25 INFO  valid result: 
hit@10 : 0.0931    ndcg@10 : 0.0503    mrr@10 : 0.0372
Sat 07 Mar 2026 09:48:02 INFO  epoch 43 training [time: 36.45s, train loss: 2375.6243]
Sat 07 Mar 2026 09:48:02 INFO  epoch 43 evaluating [time: 0.49s, valid_score: 0.036800]
Sat 07 Mar 2026 09:48:02 INFO  valid result: 
hit@10 : 0.0931    ndcg@10 : 0.05    mrr@10 : 0.0368
Sat 07 Mar 2026 09:48:02 INFO  Finished training, best eval result in epoch 32
Sat 07 Mar 2026 09:48:02 INFO  Loading model structure and parameters from saved\TimeWeaver-Mar-07-2026_09-18-28.pth
Sat 07 Mar 2026 09:48:03 INFO  The running environment of this training is as follows:
+-------------+----------------+
| Environment |     Usage      |
+=============+================+
| CPU         |     5.90 %     |
+-------------+----------------+
| GPU         | 0.30 G/6.00 G  |
+-------------+----------------+
| Memory      | 0.44 G/15.63 G |
+-------------+----------------+
Sat 07 Mar 2026 09:48:03 INFO  best valid : OrderedDict([('hit@10', 0.0954), ('ndcg@10', 0.051), ('mrr@10', 0.0374)])
Sat 07 Mar 2026 09:48:03 INFO  test result: OrderedDict([('hit@10', 0.0791), ('ndcg@10', 0.044), ('mrr@10', 0.0333)])
Sat 07 Mar 2026 09:48:04 WARNING  command line args [--models timeweaver --datasets amazon-toys-5core-subset-full --timeweaver-variant base --seeds 42,2023,2024 --device gpu --output results/timeweaver_toys_ablation_full.json] will not be used in RecBole
Sat 07 Mar 2026 09:48:04 INFO  ['F:\\桌面\\recommendation_system\\scripts\\run_grid.py', '--models', 'timeweaver', '--datasets', 'amazon-toys-5core-subset-full', '--timeweaver-variant', 'base', '--seeds', '42,2023,2024', '--device', 'gpu', '--output', 'results/timeweaver_toys_ablation_full.json']
Sat 07 Mar 2026 09:48:04 INFO  
General Hyper Parameters:
gpu_id = 0
use_gpu = True
seed = 2024
state = INFO
reproducibility = True
data_path = data/amazon\amazon-toys-5core-subset
checkpoint_dir = saved
show_progress = True
save_dataset = False
dataset_save_path = None
save_dataloaders = False
dataloaders_save_path = None
log_wandb = False

Training Hyper Parameters:
epochs = 100
train_batch_size = 256
learner = adam
learning_rate = 0.001
train_neg_sample_args = {'distribution': 'none', 'sample_num': 'none', 'alpha': 'none', 'dynamic': False, 'candidate_num': 0}
eval_step = 1
stopping_step = 10
clip_grad_norm = None
weight_decay = 0.0
loss_decimal_place = 4

Evaluation Hyper Parameters:
eval_args = {'split': {'LS': 'valid_and_test'}, 'order': 'TO', 'group_by': 'user', 'mode': {'valid': 'full', 'test': 'full'}}
repeatable = True
metrics = ['Hit', 'NDCG', 'MRR']
topk = [10]
valid_metric = MRR@10
valid_metric_bigger = True
eval_batch_size = 512
metric_decimal_place = 4

Dataset Hyper Parameters:
field_separator = 	
seq_separator =  
USER_ID_FIELD = user_id
ITEM_ID_FIELD = item_id
RATING_FIELD = rating
TIME_FIELD = timestamp
seq_len = None
LABEL_FIELD = label
threshold = None
NEG_PREFIX = neg_
load_col = {'inter': ['user_id', 'item_id', 'rating', 'timestamp']}
unload_col = None
unused_col = None
additional_feat_suffix = None
rm_dup_inter = None
val_interval = None
filter_inter_by_user_or_item = True
user_inter_num_interval = [0,inf)
item_inter_num_interval = [0,inf)
alias_of_user_id = None
alias_of_item_id = None
alias_of_entity_id = None
alias_of_relation_id = None
preload_weight = None
normalize_field = None
normalize_all = None
ITEM_LIST_LENGTH_FIELD = item_length
LIST_SUFFIX = _list
MAX_ITEM_LIST_LENGTH = 32
POSITION_FIELD = position_id
HEAD_ENTITY_ID_FIELD = head_id
TAIL_ENTITY_ID_FIELD = tail_id
RELATION_ID_FIELD = relation_id
ENTITY_ID_FIELD = entity_id
benchmark_filename = None

Other Hyper Parameters: 
worker = 0
wandb_project = recbole
shuffle = True
require_pow = False
enable_amp = False
enable_scaler = False
transform = None
numerical_features = []
discretization = None
kg_reverse_r = False
entity_kg_num_interval = [0,inf)
relation_kg_num_interval = [0,inf)
MODEL_TYPE = ModelType.SEQUENTIAL
model_name = TimeWeaver
hidden_size = 64
num_layers = 2
hidden_dropout_prob = 0.5
initializer_range = 0.02
time_bucket_size = 1000
ema_decay = 0.5
tcn_kernel_size = -1
ffn_hidden_size = 256
loss_type = CE
early_stop = 10
neg_sampling = None
device = cuda
use_continuous_time = False
use_time_gate = False
use_time_augmentation = False
MODEL_INPUT_TYPE = InputType.POINTWISE
eval_type = EvaluatorType.RANKING
single_spec = True
local_rank = 0
valid_neg_sample_args = {'distribution': 'uniform', 'sample_num': 'none'}
test_neg_sample_args = {'distribution': 'uniform', 'sample_num': 'none'}


Sat 07 Mar 2026 09:48:04 INFO  amazon-toys-5core-subset
The number of users: 19413
Average actions of users: 8.633680197815783
The number of items: 11925
Average actions of items: 14.055434417980543
The number of inters: 167597
The sparsity of the dataset: 99.92760389550713%
Remain Fields: ['user_id', 'item_id', 'rating', 'timestamp']
Sat 07 Mar 2026 09:48:07 INFO  [Training]: train_batch_size = [256] train_neg_sample_args: [{'distribution': 'none', 'sample_num': 'none', 'alpha': 'none', 'dynamic': False, 'candidate_num': 0}]
Sat 07 Mar 2026 09:48:07 INFO  [Evaluation]: eval_batch_size = [512] eval_args: [{'split': {'LS': 'valid_and_test'}, 'order': 'TO', 'group_by': 'user', 'mode': {'valid': 'full', 'test': 'full'}}]
Sat 07 Mar 2026 09:48:07 INFO  TimeWeaver(
  (item_embedding): Embedding(11925, 64, padding_idx=0)
  (time_aug): TimeAwareAugmentation(
    (pos_embedding): Embedding(32, 64)
    (time_embedding): Embedding(1000, 64)
    (layer_norm): LayerNorm((64,), eps=1e-05, elementwise_affine=True)
    (drop): Dropout(p=0.5, inplace=False)
  )
  (context_layers): ModuleList(
    (0-1): 2 x TCNNextBlock(
      (dw): DepthwiseConv1d(
        (conv): Conv1d(64, 64, kernel_size=(11,), stride=(1,), padding=(5,), groups=64)
        (bn): BatchNorm1d(64, eps=1e-05, momentum=0.1, affine=True, track_running_stats=True)
        (drop): Dropout(p=0.5, inplace=False)
      )
      (norm1): LayerNorm((64,), eps=1e-05, elementwise_affine=True)
      (conv_inter): ParallelConvInter(
        (conv1): Conv1d(64, 64, kernel_size=(1,), stride=(1,))
        (conv3): Conv1d(64, 64, kernel_size=(3,), stride=(1,), padding=(1,))
        (proj): Conv1d(64, 64, kernel_size=(1,), stride=(1,))
        (drop): Dropout(p=0.5, inplace=False)
      )
      (norm2): LayerNorm((64,), eps=1e-05, elementwise_affine=True)
      (ffn): Sequential(
        (0): Linear(in_features=64, out_features=256, bias=True)
        (1): GELU(approximate='none')
        (2): Dropout(p=0.5, inplace=False)
        (3): Linear(in_features=256, out_features=64, bias=True)
        (4): Dropout(p=0.5, inplace=False)
      )
      (norm3): LayerNorm((64,), eps=1e-05, elementwise_affine=True)
    )
  )
  (dynamic_layers): ModuleList(
    (0-1): 2 x EMAStream(
      (proj): Linear(in_features=64, out_features=64, bias=True)
    )
  )
  (weavers): ModuleList(
    (0-1): 2 x StreamWeaver(
      (proj): Linear(in_features=128, out_features=64, bias=True)
      (norm): LayerNorm((64,), eps=1e-05, elementwise_affine=True)
    )
  )
  (loss_fct): CrossEntropyLoss()
)
Trainable parameters: 964545.0
Sat 07 Mar 2026 09:48:07 INFO  FLOPs: 4298752.0
Sat 07 Mar 2026 09:48:44 INFO  epoch 0 training [time: 37.36s, train loss: 3837.0374]
Sat 07 Mar 2026 09:48:45 INFO  epoch 0 evaluating [time: 0.49s, valid_score: 0.005400]
Sat 07 Mar 2026 09:48:45 INFO  valid result: 
hit@10 : 0.0157    ndcg@10 : 0.0078    mrr@10 : 0.0054
Sat 07 Mar 2026 09:48:45 INFO  Saving current: saved\TimeWeaver-Mar-07-2026_09-48-07.pth
Sat 07 Mar 2026 09:49:21 INFO  epoch 1 training [time: 36.73s, train loss: 3616.3280]
Sat 07 Mar 2026 09:49:22 INFO  epoch 1 evaluating [time: 0.46s, valid_score: 0.011700]
Sat 07 Mar 2026 09:49:22 INFO  valid result: 
hit@10 : 0.0319    ndcg@10 : 0.0164    mrr@10 : 0.0117
Sat 07 Mar 2026 09:49:22 INFO  Saving current: saved\TimeWeaver-Mar-07-2026_09-48-07.pth
Sat 07 Mar 2026 09:50:01 INFO  epoch 2 training [time: 38.97s, train loss: 3441.1404]
Sat 07 Mar 2026 09:50:01 INFO  epoch 2 evaluating [time: 0.50s, valid_score: 0.017500]
Sat 07 Mar 2026 09:50:01 INFO  valid result: 
hit@10 : 0.0484    ndcg@10 : 0.0247    mrr@10 : 0.0175
Sat 07 Mar 2026 09:50:01 INFO  Saving current: saved\TimeWeaver-Mar-07-2026_09-48-07.pth
Sat 07 Mar 2026 09:50:38 INFO  epoch 3 training [time: 36.81s, train loss: 3281.1730]
Sat 07 Mar 2026 09:50:39 INFO  epoch 3 evaluating [time: 0.44s, valid_score: 0.025100]
Sat 07 Mar 2026 09:50:39 INFO  valid result: 
hit@10 : 0.0703    ndcg@10 : 0.0357    mrr@10 : 0.0251
Sat 07 Mar 2026 09:50:39 INFO  Saving current: saved\TimeWeaver-Mar-07-2026_09-48-07.pth
Sat 07 Mar 2026 09:51:16 INFO  epoch 4 training [time: 37.29s, train loss: 3150.4848]
Sat 07 Mar 2026 09:51:16 INFO  epoch 4 evaluating [time: 0.46s, valid_score: 0.029500]
Sat 07 Mar 2026 09:51:16 INFO  valid result: 
hit@10 : 0.0841    ndcg@10 : 0.0423    mrr@10 : 0.0295
Sat 07 Mar 2026 09:51:16 INFO  Saving current: saved\TimeWeaver-Mar-07-2026_09-48-07.pth
Sat 07 Mar 2026 09:51:53 INFO  epoch 5 training [time: 36.78s, train loss: 3049.0405]
Sat 07 Mar 2026 09:51:54 INFO  epoch 5 evaluating [time: 0.50s, valid_score: 0.031400]
Sat 07 Mar 2026 09:51:54 INFO  valid result: 
hit@10 : 0.0912    ndcg@10 : 0.0455    mrr@10 : 0.0314
Sat 07 Mar 2026 09:51:54 INFO  Saving current: saved\TimeWeaver-Mar-07-2026_09-48-07.pth
Sat 07 Mar 2026 09:52:31 INFO  epoch 6 training [time: 36.91s, train loss: 2970.1497]
Sat 07 Mar 2026 09:52:31 INFO  epoch 6 evaluating [time: 0.48s, valid_score: 0.032100]
Sat 07 Mar 2026 09:52:31 INFO  valid result: 
hit@10 : 0.0971    ndcg@10 : 0.0473    mrr@10 : 0.0321
Sat 07 Mar 2026 09:52:31 INFO  Saving current: saved\TimeWeaver-Mar-07-2026_09-48-07.pth
Sat 07 Mar 2026 09:53:08 INFO  epoch 7 training [time: 36.71s, train loss: 2911.0305]
Sat 07 Mar 2026 09:53:08 INFO  epoch 7 evaluating [time: 0.48s, valid_score: 0.032500]
Sat 07 Mar 2026 09:53:08 INFO  valid result: 
hit@10 : 0.0967    ndcg@10 : 0.0477    mrr@10 : 0.0325
Sat 07 Mar 2026 09:53:08 INFO  Saving current: saved\TimeWeaver-Mar-07-2026_09-48-07.pth
Sat 07 Mar 2026 09:53:47 INFO  epoch 8 training [time: 38.78s, train loss: 2861.6396]
Sat 07 Mar 2026 09:53:48 INFO  epoch 8 evaluating [time: 0.50s, valid_score: 0.033200]
Sat 07 Mar 2026 09:53:48 INFO  valid result: 
hit@10 : 0.098    ndcg@10 : 0.0485    mrr@10 : 0.0332
Sat 07 Mar 2026 09:53:48 INFO  Saving current: saved\TimeWeaver-Mar-07-2026_09-48-07.pth
Sat 07 Mar 2026 09:54:25 INFO  epoch 9 training [time: 37.22s, train loss: 2821.8227]
Sat 07 Mar 2026 09:54:25 INFO  epoch 9 evaluating [time: 0.46s, valid_score: 0.033000]
Sat 07 Mar 2026 09:54:25 INFO  valid result: 
hit@10 : 0.0981    ndcg@10 : 0.0484    mrr@10 : 0.033
Sat 07 Mar 2026 09:55:02 INFO  epoch 10 training [time: 36.97s, train loss: 2790.8507]
Sat 07 Mar 2026 09:55:03 INFO  epoch 10 evaluating [time: 0.51s, valid_score: 0.033800]
Sat 07 Mar 2026 09:55:03 INFO  valid result: 
hit@10 : 0.1002    ndcg@10 : 0.0495    mrr@10 : 0.0338
Sat 07 Mar 2026 09:55:03 INFO  Saving current: saved\TimeWeaver-Mar-07-2026_09-48-07.pth
Sat 07 Mar 2026 09:55:40 INFO  epoch 11 training [time: 36.96s, train loss: 2763.2740]
Sat 07 Mar 2026 09:55:40 INFO  epoch 11 evaluating [time: 0.48s, valid_score: 0.034700]
Sat 07 Mar 2026 09:55:40 INFO  valid result: 
hit@10 : 0.099    ndcg@10 : 0.0499    mrr@10 : 0.0347
Sat 07 Mar 2026 09:55:40 INFO  Saving current: saved\TimeWeaver-Mar-07-2026_09-48-07.pth
Sat 07 Mar 2026 09:56:17 INFO  epoch 12 training [time: 36.73s, train loss: 2738.0006]
Sat 07 Mar 2026 09:56:17 INFO  epoch 12 evaluating [time: 0.45s, valid_score: 0.034300]
Sat 07 Mar 2026 09:56:17 INFO  valid result: 
hit@10 : 0.1005    ndcg@10 : 0.0499    mrr@10 : 0.0343
Sat 07 Mar 2026 09:56:54 INFO  epoch 13 training [time: 36.58s, train loss: 2713.4733]
Sat 07 Mar 2026 09:56:55 INFO  epoch 13 evaluating [time: 0.50s, valid_score: 0.034400]
Sat 07 Mar 2026 09:56:55 INFO  valid result: 
hit@10 : 0.0996    ndcg@10 : 0.0498    mrr@10 : 0.0344
Sat 07 Mar 2026 09:57:32 INFO  epoch 14 training [time: 37.83s, train loss: 2696.3986]
Sat 07 Mar 2026 09:57:33 INFO  epoch 14 evaluating [time: 0.45s, valid_score: 0.033800]
Sat 07 Mar 2026 09:57:33 INFO  valid result: 
hit@10 : 0.1003    ndcg@10 : 0.0495    mrr@10 : 0.0338
Sat 07 Mar 2026 09:58:11 INFO  epoch 15 training [time: 38.39s, train loss: 2673.4357]
Sat 07 Mar 2026 09:58:12 INFO  epoch 15 evaluating [time: 0.52s, valid_score: 0.034300]
Sat 07 Mar 2026 09:58:12 INFO  valid result: 
hit@10 : 0.1002    ndcg@10 : 0.0498    mrr@10 : 0.0343
Sat 07 Mar 2026 09:58:48 INFO  epoch 16 training [time: 36.39s, train loss: 2658.3965]
Sat 07 Mar 2026 09:58:49 INFO  epoch 16 evaluating [time: 0.46s, valid_score: 0.035100]
Sat 07 Mar 2026 09:58:49 INFO  valid result: 
hit@10 : 0.101    ndcg@10 : 0.0507    mrr@10 : 0.0351
Sat 07 Mar 2026 09:58:49 INFO  Saving current: saved\TimeWeaver-Mar-07-2026_09-48-07.pth
Sat 07 Mar 2026 09:59:25 INFO  epoch 17 training [time: 36.70s, train loss: 2642.7893]
Sat 07 Mar 2026 09:59:26 INFO  epoch 17 evaluating [time: 0.48s, valid_score: 0.034700]
Sat 07 Mar 2026 09:59:26 INFO  valid result: 
hit@10 : 0.1001    ndcg@10 : 0.0501    mrr@10 : 0.0347
Sat 07 Mar 2026 10:00:03 INFO  epoch 18 training [time: 36.80s, train loss: 2627.0847]
Sat 07 Mar 2026 10:00:03 INFO  epoch 18 evaluating [time: 0.49s, valid_score: 0.034200]
Sat 07 Mar 2026 10:00:03 INFO  valid result: 
hit@10 : 0.0999    ndcg@10 : 0.0497    mrr@10 : 0.0342
Sat 07 Mar 2026 10:00:40 INFO  epoch 19 training [time: 36.72s, train loss: 2614.4055]
Sat 07 Mar 2026 10:00:40 INFO  epoch 19 evaluating [time: 0.48s, valid_score: 0.035500]
Sat 07 Mar 2026 10:00:40 INFO  valid result: 
hit@10 : 0.1005    ndcg@10 : 0.0508    mrr@10 : 0.0355
Sat 07 Mar 2026 10:00:40 INFO  Saving current: saved\TimeWeaver-Mar-07-2026_09-48-07.pth
Sat 07 Mar 2026 10:01:16 INFO  epoch 20 training [time: 36.18s, train loss: 2599.8631]
Sat 07 Mar 2026 10:01:17 INFO  epoch 20 evaluating [time: 0.46s, valid_score: 0.035300]
Sat 07 Mar 2026 10:01:17 INFO  valid result: 
hit@10 : 0.1005    ndcg@10 : 0.0507    mrr@10 : 0.0353
Sat 07 Mar 2026 10:01:56 INFO  epoch 21 training [time: 39.12s, train loss: 2586.5725]
Sat 07 Mar 2026 10:01:57 INFO  epoch 21 evaluating [time: 0.47s, valid_score: 0.035900]
Sat 07 Mar 2026 10:01:57 INFO  valid result: 
hit@10 : 0.0985    ndcg@10 : 0.0506    mrr@10 : 0.0359
Sat 07 Mar 2026 10:01:57 INFO  Saving current: saved\TimeWeaver-Mar-07-2026_09-48-07.pth
Sat 07 Mar 2026 10:02:34 INFO  epoch 22 training [time: 37.42s, train loss: 2573.5808]
Sat 07 Mar 2026 10:02:34 INFO  epoch 22 evaluating [time: 0.48s, valid_score: 0.035200]
Sat 07 Mar 2026 10:02:34 INFO  valid result: 
hit@10 : 0.1004    ndcg@10 : 0.0505    mrr@10 : 0.0352
Sat 07 Mar 2026 10:03:11 INFO  epoch 23 training [time: 36.88s, train loss: 2560.5699]
Sat 07 Mar 2026 10:03:12 INFO  epoch 23 evaluating [time: 0.48s, valid_score: 0.036300]
Sat 07 Mar 2026 10:03:12 INFO  valid result: 
hit@10 : 0.099    ndcg@10 : 0.0511    mrr@10 : 0.0363
Sat 07 Mar 2026 10:03:12 INFO  Saving current: saved\TimeWeaver-Mar-07-2026_09-48-07.pth
Sat 07 Mar 2026 10:03:49 INFO  epoch 24 training [time: 36.70s, train loss: 2550.9052]
Sat 07 Mar 2026 10:03:49 INFO  epoch 24 evaluating [time: 0.48s, valid_score: 0.036100]
Sat 07 Mar 2026 10:03:49 INFO  valid result: 
hit@10 : 0.0981    ndcg@10 : 0.0507    mrr@10 : 0.0361
Sat 07 Mar 2026 10:04:26 INFO  epoch 25 training [time: 36.50s, train loss: 2536.5629]
Sat 07 Mar 2026 10:04:26 INFO  epoch 25 evaluating [time: 0.48s, valid_score: 0.036400]
Sat 07 Mar 2026 10:04:26 INFO  valid result: 
hit@10 : 0.0996    ndcg@10 : 0.0513    mrr@10 : 0.0364
Sat 07 Mar 2026 10:04:26 INFO  Saving current: saved\TimeWeaver-Mar-07-2026_09-48-07.pth
Sat 07 Mar 2026 10:05:02 INFO  epoch 26 training [time: 36.38s, train loss: 2527.7233]
Sat 07 Mar 2026 10:05:03 INFO  epoch 26 evaluating [time: 0.45s, valid_score: 0.035800]
Sat 07 Mar 2026 10:05:03 INFO  valid result: 
hit@10 : 0.0968    ndcg@10 : 0.0502    mrr@10 : 0.0358
Sat 07 Mar 2026 10:05:42 INFO  epoch 27 training [time: 38.88s, train loss: 2514.3071]
Sat 07 Mar 2026 10:05:42 INFO  epoch 27 evaluating [time: 0.50s, valid_score: 0.036100]
Sat 07 Mar 2026 10:05:42 INFO  valid result: 
hit@10 : 0.0966    ndcg@10 : 0.0503    mrr@10 : 0.0361
Sat 07 Mar 2026 10:06:20 INFO  epoch 28 training [time: 37.96s, train loss: 2503.7922]
Sat 07 Mar 2026 10:06:21 INFO  epoch 28 evaluating [time: 0.49s, valid_score: 0.036300]
Sat 07 Mar 2026 10:06:21 INFO  valid result: 
hit@10 : 0.0983    ndcg@10 : 0.051    mrr@10 : 0.0363
Sat 07 Mar 2026 10:06:58 INFO  epoch 29 training [time: 36.94s, train loss: 2495.5410]
Sat 07 Mar 2026 10:06:58 INFO  epoch 29 evaluating [time: 0.49s, valid_score: 0.035800]
Sat 07 Mar 2026 10:06:58 INFO  valid result: 
hit@10 : 0.0964    ndcg@10 : 0.0501    mrr@10 : 0.0358
Sat 07 Mar 2026 10:07:36 INFO  epoch 30 training [time: 37.59s, train loss: 2486.5623]
Sat 07 Mar 2026 10:07:36 INFO  epoch 30 evaluating [time: 0.46s, valid_score: 0.036300]
Sat 07 Mar 2026 10:07:36 INFO  valid result: 
hit@10 : 0.0962    ndcg@10 : 0.0504    mrr@10 : 0.0363
Sat 07 Mar 2026 10:08:13 INFO  epoch 31 training [time: 37.14s, train loss: 2476.6769]
Sat 07 Mar 2026 10:08:14 INFO  epoch 31 evaluating [time: 0.46s, valid_score: 0.036300]
Sat 07 Mar 2026 10:08:14 INFO  valid result: 
hit@10 : 0.0946    ndcg@10 : 0.0501    mrr@10 : 0.0363
Sat 07 Mar 2026 10:08:51 INFO  epoch 32 training [time: 36.89s, train loss: 2469.1022]
Sat 07 Mar 2026 10:08:51 INFO  epoch 32 evaluating [time: 0.47s, valid_score: 0.035900]
Sat 07 Mar 2026 10:08:51 INFO  valid result: 
hit@10 : 0.0946    ndcg@10 : 0.0497    mrr@10 : 0.0359
Sat 07 Mar 2026 10:09:29 INFO  epoch 33 training [time: 37.42s, train loss: 2460.3723]
Sat 07 Mar 2026 10:09:29 INFO  epoch 33 evaluating [time: 0.52s, valid_score: 0.035600]
Sat 07 Mar 2026 10:09:29 INFO  valid result: 
hit@10 : 0.095    ndcg@10 : 0.0496    mrr@10 : 0.0356
Sat 07 Mar 2026 10:10:08 INFO  epoch 34 training [time: 38.87s, train loss: 2449.3575]
Sat 07 Mar 2026 10:10:08 INFO  epoch 34 evaluating [time: 0.51s, valid_score: 0.035600]
Sat 07 Mar 2026 10:10:08 INFO  valid result: 
hit@10 : 0.0934    ndcg@10 : 0.0492    mrr@10 : 0.0356
Sat 07 Mar 2026 10:10:45 INFO  epoch 35 training [time: 36.47s, train loss: 2441.5580]
Sat 07 Mar 2026 10:10:45 INFO  epoch 35 evaluating [time: 0.52s, valid_score: 0.036200]
Sat 07 Mar 2026 10:10:45 INFO  valid result: 
hit@10 : 0.0952    ndcg@10 : 0.05    mrr@10 : 0.0362
Sat 07 Mar 2026 10:11:23 INFO  epoch 36 training [time: 37.21s, train loss: 2431.2740]
Sat 07 Mar 2026 10:11:23 INFO  epoch 36 evaluating [time: 0.44s, valid_score: 0.036500]
Sat 07 Mar 2026 10:11:23 INFO  valid result: 
hit@10 : 0.0961    ndcg@10 : 0.0506    mrr@10 : 0.0365
Sat 07 Mar 2026 10:11:23 INFO  Saving current: saved\TimeWeaver-Mar-07-2026_09-48-07.pth
Sat 07 Mar 2026 10:12:00 INFO  epoch 37 training [time: 36.59s, train loss: 2428.9410]
Sat 07 Mar 2026 10:12:00 INFO  epoch 37 evaluating [time: 0.48s, valid_score: 0.036300]
Sat 07 Mar 2026 10:12:00 INFO  valid result: 
hit@10 : 0.0937    ndcg@10 : 0.0498    mrr@10 : 0.0363
Sat 07 Mar 2026 10:12:37 INFO  epoch 38 training [time: 36.68s, train loss: 2415.6518]
Sat 07 Mar 2026 10:12:37 INFO  epoch 38 evaluating [time: 0.49s, valid_score: 0.036400]
Sat 07 Mar 2026 10:12:37 INFO  valid result: 
hit@10 : 0.092    ndcg@10 : 0.0495    mrr@10 : 0.0364
Sat 07 Mar 2026 10:13:14 INFO  epoch 39 training [time: 36.89s, train loss: 2413.9027]
Sat 07 Mar 2026 10:13:15 INFO  epoch 39 evaluating [time: 0.50s, valid_score: 0.036200]
Sat 07 Mar 2026 10:13:15 INFO  valid result: 
hit@10 : 0.0924    ndcg@10 : 0.0494    mrr@10 : 0.0362
Sat 07 Mar 2026 10:13:54 INFO  epoch 40 training [time: 39.68s, train loss: 2402.6222]
Sat 07 Mar 2026 10:13:55 INFO  epoch 40 evaluating [time: 0.50s, valid_score: 0.036100]
Sat 07 Mar 2026 10:13:55 INFO  valid result: 
hit@10 : 0.0921    ndcg@10 : 0.0492    mrr@10 : 0.0361
Sat 07 Mar 2026 10:14:32 INFO  epoch 41 training [time: 36.83s, train loss: 2394.0450]
Sat 07 Mar 2026 10:14:32 INFO  epoch 41 evaluating [time: 0.45s, valid_score: 0.036400]
Sat 07 Mar 2026 10:14:32 INFO  valid result: 
hit@10 : 0.092    ndcg@10 : 0.0495    mrr@10 : 0.0364
Sat 07 Mar 2026 10:15:09 INFO  epoch 42 training [time: 36.45s, train loss: 2388.3808]
Sat 07 Mar 2026 10:15:09 INFO  epoch 42 evaluating [time: 0.49s, valid_score: 0.035700]
Sat 07 Mar 2026 10:15:09 INFO  valid result: 
hit@10 : 0.0912    ndcg@10 : 0.0488    mrr@10 : 0.0357
Sat 07 Mar 2026 10:15:45 INFO  epoch 43 training [time: 36.22s, train loss: 2379.0947]
Sat 07 Mar 2026 10:15:46 INFO  epoch 43 evaluating [time: 0.43s, valid_score: 0.035400]
Sat 07 Mar 2026 10:15:46 INFO  valid result: 
hit@10 : 0.0909    ndcg@10 : 0.0485    mrr@10 : 0.0354
Sat 07 Mar 2026 10:16:22 INFO  epoch 44 training [time: 36.00s, train loss: 2378.4004]
Sat 07 Mar 2026 10:16:22 INFO  epoch 44 evaluating [time: 0.49s, valid_score: 0.035000]
Sat 07 Mar 2026 10:16:22 INFO  valid result: 
hit@10 : 0.0885    ndcg@10 : 0.0476    mrr@10 : 0.035
Sat 07 Mar 2026 10:16:59 INFO  epoch 45 training [time: 36.19s, train loss: 2366.9758]
Sat 07 Mar 2026 10:16:59 INFO  epoch 45 evaluating [time: 0.46s, valid_score: 0.035700]
Sat 07 Mar 2026 10:16:59 INFO  valid result: 
hit@10 : 0.0906    ndcg@10 : 0.0486    mrr@10 : 0.0357
Sat 07 Mar 2026 10:17:37 INFO  epoch 46 training [time: 37.76s, train loss: 2362.1950]
Sat 07 Mar 2026 10:17:37 INFO  epoch 46 evaluating [time: 0.46s, valid_score: 0.035400]
Sat 07 Mar 2026 10:17:37 INFO  valid result: 
hit@10 : 0.0898    ndcg@10 : 0.0482    mrr@10 : 0.0354
Sat 07 Mar 2026 10:18:14 INFO  epoch 47 training [time: 37.19s, train loss: 2356.1163]
Sat 07 Mar 2026 10:18:15 INFO  epoch 47 evaluating [time: 0.50s, valid_score: 0.036000]
Sat 07 Mar 2026 10:18:15 INFO  valid result: 
hit@10 : 0.089    ndcg@10 : 0.0484    mrr@10 : 0.036
Sat 07 Mar 2026 10:18:15 INFO  Finished training, best eval result in epoch 36
Sat 07 Mar 2026 10:18:15 INFO  Loading model structure and parameters from saved\TimeWeaver-Mar-07-2026_09-48-07.pth
Sat 07 Mar 2026 10:18:16 INFO  The running environment of this training is as follows:
+-------------+----------------+
| Environment |     Usage      |
+=============+================+
| CPU         |     2.20 %     |
+-------------+----------------+
| GPU         | 0.30 G/6.00 G  |
+-------------+----------------+
| Memory      | 0.44 G/15.63 G |
+-------------+----------------+
Sat 07 Mar 2026 10:18:16 INFO  best valid : OrderedDict([('hit@10', 0.0961), ('ndcg@10', 0.0506), ('mrr@10', 0.0365)])
Sat 07 Mar 2026 10:18:16 INFO  test result: OrderedDict([('hit@10', 0.0757), ('ndcg@10', 0.042), ('mrr@10', 0.0317)])
