Sat 31 Jan 2026 07:35:29 INFO  ['scripts/run_grid.py', '--models', 'timeweaver,lrurec', '--datasets', 'ml-100k']
Sat 31 Jan 2026 07:35:29 INFO  
General Hyper Parameters:
gpu_id = 0
use_gpu = True
seed = 42
state = INFO
reproducibility = True
data_path = F:\anaconda3\envs\rec39\Lib\site-packages\recbole\config\../dataset_example/ml-100k
checkpoint_dir = saved
show_progress = True
save_dataset = False
dataset_save_path = None
save_dataloaders = False
dataloaders_save_path = None
log_wandb = False

Training Hyper Parameters:
epochs = 100
train_batch_size = 256
learner = adam
learning_rate = 0.001
train_neg_sample_args = {'distribution': 'none', 'sample_num': 'none', 'alpha': 'none', 'dynamic': False, 'candidate_num': 0}
eval_step = 1
stopping_step = 10
clip_grad_norm = None
weight_decay = 0.0
loss_decimal_place = 4

Evaluation Hyper Parameters:
eval_args = {'split': {'LS': 'valid_and_test'}, 'order': 'TO', 'group_by': 'user', 'mode': {'valid': 'uni100', 'test': 'uni100'}}
repeatable = True
metrics = ['Hit', 'NDCG', 'MRR']
topk = [10]
valid_metric = MRR@10
valid_metric_bigger = True
eval_batch_size = 512
metric_decimal_place = 4

Dataset Hyper Parameters:
field_separator = 	
seq_separator =  
USER_ID_FIELD = user_id
ITEM_ID_FIELD = item_id
RATING_FIELD = rating
TIME_FIELD = timestamp
seq_len = None
LABEL_FIELD = label
threshold = None
NEG_PREFIX = neg_
load_col = {'inter': ['user_id', 'item_id', 'rating', 'timestamp'], 'user': ['user_id', 'age', 'gender', 'occupation', 'zip_code'], 'item': ['item_id', 'movie_title', 'release_year', 'class']}
unload_col = None
unused_col = None
additional_feat_suffix = None
rm_dup_inter = None
val_interval = None
filter_inter_by_user_or_item = True
user_inter_num_interval = None
item_inter_num_interval = None
alias_of_user_id = None
alias_of_item_id = None
alias_of_entity_id = None
alias_of_relation_id = None
preload_weight = None
normalize_field = None
normalize_all = True
ITEM_LIST_LENGTH_FIELD = item_length
LIST_SUFFIX = _list
MAX_ITEM_LIST_LENGTH = 32
POSITION_FIELD = position_id
HEAD_ENTITY_ID_FIELD = head_id
TAIL_ENTITY_ID_FIELD = tail_id
RELATION_ID_FIELD = relation_id
ENTITY_ID_FIELD = entity_id
kg_reverse_r = False
entity_kg_num_interval = None
relation_kg_num_interval = None
benchmark_filename = None

Other Hyper Parameters: 
worker = 0
wandb_project = recbole
shuffle = True
require_pow = False
enable_amp = False
enable_scaler = False
transform = None
numerical_features = []
discretization = None
MODEL_TYPE = ModelType.SEQUENTIAL
model_name = TimeWeaver
hidden_size = 64
num_layers = 2
hidden_dropout_prob = 0.5
initializer_range = 0.02
time_bucket_size = 1000
ema_decay = 0.1
tcn_kernel_size = -1
ffn_hidden_size = 256
loss_type = CE
early_stop = 10
neg_sampling = None
device = cuda
MODEL_INPUT_TYPE = InputType.POINTWISE
eval_type = EvaluatorType.RANKING
single_spec = True
local_rank = 0
valid_neg_sample_args = {'distribution': 'uniform', 'sample_num': 100}
test_neg_sample_args = {'distribution': 'uniform', 'sample_num': 100}


Sat 31 Jan 2026 07:35:29 INFO  ml-100k
The number of users: 944
Average actions of users: 106.04453870625663
The number of items: 1683
Average actions of items: 59.45303210463734
The number of inters: 100000
The sparsity of the dataset: 93.70575143257098%
Remain Fields: ['user_id', 'item_id', 'rating', 'timestamp', 'age', 'gender', 'occupation', 'zip_code', 'movie_title', 'release_year', 'class']
Sat 31 Jan 2026 07:35:31 INFO  [Training]: train_batch_size = [256] train_neg_sample_args: [{'distribution': 'none', 'sample_num': 'none', 'alpha': 'none', 'dynamic': False, 'candidate_num': 0}]
Sat 31 Jan 2026 07:35:31 INFO  [Evaluation]: eval_batch_size = [512] eval_args: [{'split': {'LS': 'valid_and_test'}, 'order': 'TO', 'group_by': 'user', 'mode': {'valid': 'uni100', 'test': 'uni100'}}]
Sat 31 Jan 2026 07:35:31 INFO  TimeWeaver(
  (item_embedding): Embedding(1683, 64, padding_idx=0)
  (time_aug): TimeAwareAugmentation(
    (pos_embedding): Embedding(32, 64)
    (time_embedding): Embedding(1000, 64)
    (layer_norm): LayerNorm((64,), eps=1e-05, elementwise_affine=True)
    (drop): Dropout(p=0.5, inplace=False)
  )
  (context_layers): ModuleList(
    (0-1): 2 x TCNNextBlock(
      (dw): DepthwiseConv1d(
        (conv): Conv1d(64, 64, kernel_size=(11,), stride=(1,), padding=(5,), groups=64)
        (bn): BatchNorm1d(64, eps=1e-05, momentum=0.1, affine=True, track_running_stats=True)
        (drop): Dropout(p=0.5, inplace=False)
      )
      (norm1): LayerNorm((64,), eps=1e-05, elementwise_affine=True)
      (conv_inter): ParallelConvInter(
        (conv1): Conv1d(64, 64, kernel_size=(1,), stride=(1,))
        (conv3): Conv1d(64, 64, kernel_size=(3,), stride=(1,), padding=(1,))
        (proj): Conv1d(64, 64, kernel_size=(1,), stride=(1,))
        (drop): Dropout(p=0.5, inplace=False)
      )
      (norm2): LayerNorm((64,), eps=1e-05, elementwise_affine=True)
      (ffn): Sequential(
        (0): Linear(in_features=64, out_features=256, bias=True)
        (1): GELU(approximate='none')
        (2): Dropout(p=0.5, inplace=False)
        (3): Linear(in_features=256, out_features=64, bias=True)
        (4): Dropout(p=0.5, inplace=False)
      )
      (norm3): LayerNorm((64,), eps=1e-05, elementwise_affine=True)
    )
  )
  (dynamic_layers): ModuleList(
    (0-1): 2 x EMAStream(
      (proj): Linear(in_features=64, out_features=64, bias=True)
    )
  )
  (weavers): ModuleList(
    (0-1): 2 x StreamWeaver(
      (proj): Linear(in_features=128, out_features=64, bias=True)
      (norm): LayerNorm((64,), eps=1e-05, elementwise_affine=True)
    )
  )
  (loss_fct): CrossEntropyLoss()
)
Trainable parameters: 309057.0
Sat 31 Jan 2026 07:35:32 INFO  FLOPs: 4298752.0
Sat 31 Jan 2026 07:36:05 INFO  epoch 0 training [time: 31.94s, train loss: 2448.4192]
Sat 31 Jan 2026 07:36:08 INFO  epoch 0 evaluating [time: 2.17s, valid_score: 0.272300]
Sat 31 Jan 2026 07:36:08 INFO  valid result: 
hit@10 : 0.649    ndcg@10 : 0.3606    mrr@10 : 0.2723
Sat 31 Jan 2026 07:36:08 INFO  Saving current: saved\TimeWeaver-Jan-31-2026_07-35-32.pth
Sat 31 Jan 2026 07:36:38 INFO  epoch 1 training [time: 30.84s, train loss: 2246.3703]
Sat 31 Jan 2026 07:36:41 INFO  epoch 1 evaluating [time: 2.10s, valid_score: 0.316000]
Sat 31 Jan 2026 07:36:41 INFO  valid result: 
hit@10 : 0.6999    ndcg@10 : 0.4063    mrr@10 : 0.316
Sat 31 Jan 2026 07:36:41 INFO  Saving current: saved\TimeWeaver-Jan-31-2026_07-35-32.pth
Sat 31 Jan 2026 07:37:12 INFO  epoch 2 training [time: 31.06s, train loss: 2206.8092]
Sat 31 Jan 2026 07:37:14 INFO  epoch 2 evaluating [time: 2.05s, valid_score: 0.320500]
Sat 31 Jan 2026 07:37:14 INFO  valid result: 
hit@10 : 0.6861    ndcg@10 : 0.4068    mrr@10 : 0.3205
Sat 31 Jan 2026 07:37:14 INFO  Saving current: saved\TimeWeaver-Jan-31-2026_07-35-32.pth
Sat 31 Jan 2026 07:37:45 INFO  epoch 3 training [time: 31.08s, train loss: 2182.6046]
Sat 31 Jan 2026 07:37:47 INFO  epoch 3 evaluating [time: 2.09s, valid_score: 0.326400]
Sat 31 Jan 2026 07:37:47 INFO  valid result: 
hit@10 : 0.7094    ndcg@10 : 0.4166    mrr@10 : 0.3264
Sat 31 Jan 2026 07:37:47 INFO  Saving current: saved\TimeWeaver-Jan-31-2026_07-35-32.pth
Sat 31 Jan 2026 07:38:18 INFO  epoch 4 training [time: 31.55s, train loss: 2164.9622]
Sat 31 Jan 2026 07:38:20 INFO  epoch 4 evaluating [time: 2.07s, valid_score: 0.343500]
Sat 31 Jan 2026 07:38:20 INFO  valid result: 
hit@10 : 0.7253    ndcg@10 : 0.434    mrr@10 : 0.3435
Sat 31 Jan 2026 07:38:21 INFO  Saving current: saved\TimeWeaver-Jan-31-2026_07-35-32.pth
Sat 31 Jan 2026 07:38:51 INFO  epoch 5 training [time: 30.98s, train loss: 2151.3869]
Sat 31 Jan 2026 07:38:53 INFO  epoch 5 evaluating [time: 2.00s, valid_score: 0.345000]
Sat 31 Jan 2026 07:38:53 INFO  valid result: 
hit@10 : 0.7232    ndcg@10 : 0.4344    mrr@10 : 0.345
Sat 31 Jan 2026 07:38:54 INFO  Saving current: saved\TimeWeaver-Jan-31-2026_07-35-32.pth
Sat 31 Jan 2026 07:39:26 INFO  epoch 6 training [time: 32.57s, train loss: 2140.6900]
Sat 31 Jan 2026 07:39:28 INFO  epoch 6 evaluating [time: 2.18s, valid_score: 0.338300]
Sat 31 Jan 2026 07:39:28 INFO  valid result: 
hit@10 : 0.737    ndcg@10 : 0.4325    mrr@10 : 0.3383
Sat 31 Jan 2026 07:40:00 INFO  epoch 7 training [time: 32.12s, train loss: 2130.2631]
Sat 31 Jan 2026 07:40:02 INFO  epoch 7 evaluating [time: 2.04s, valid_score: 0.347500]
Sat 31 Jan 2026 07:40:02 INFO  valid result: 
hit@10 : 0.7328    ndcg@10 : 0.4386    mrr@10 : 0.3475
Sat 31 Jan 2026 07:40:02 INFO  Saving current: saved\TimeWeaver-Jan-31-2026_07-35-32.pth
Sat 31 Jan 2026 07:40:34 INFO  epoch 8 training [time: 31.22s, train loss: 2123.0196]
Sat 31 Jan 2026 07:40:36 INFO  epoch 8 evaluating [time: 2.07s, valid_score: 0.356400]
Sat 31 Jan 2026 07:40:36 INFO  valid result: 
hit@10 : 0.7232    ndcg@10 : 0.4436    mrr@10 : 0.3564
Sat 31 Jan 2026 07:40:36 INFO  Saving current: saved\TimeWeaver-Jan-31-2026_07-35-32.pth
Sat 31 Jan 2026 07:41:07 INFO  epoch 9 training [time: 31.65s, train loss: 2115.7234]
Sat 31 Jan 2026 07:41:09 INFO  epoch 9 evaluating [time: 2.06s, valid_score: 0.355900]
Sat 31 Jan 2026 07:41:09 INFO  valid result: 
hit@10 : 0.7413    ndcg@10 : 0.447    mrr@10 : 0.3559
Sat 31 Jan 2026 07:41:41 INFO  epoch 10 training [time: 31.39s, train loss: 2109.6741]
Sat 31 Jan 2026 07:41:43 INFO  epoch 10 evaluating [time: 2.08s, valid_score: 0.341700]
Sat 31 Jan 2026 07:41:43 INFO  valid result: 
hit@10 : 0.7264    ndcg@10 : 0.4328    mrr@10 : 0.3417
Sat 31 Jan 2026 07:42:14 INFO  epoch 11 training [time: 31.48s, train loss: 2102.8957]
Sat 31 Jan 2026 07:42:16 INFO  epoch 11 evaluating [time: 2.05s, valid_score: 0.344200]
Sat 31 Jan 2026 07:42:16 INFO  valid result: 
hit@10 : 0.7434    ndcg@10 : 0.439    mrr@10 : 0.3442
Sat 31 Jan 2026 07:42:48 INFO  epoch 12 training [time: 31.17s, train loss: 2099.2079]
Sat 31 Jan 2026 07:42:50 INFO  epoch 12 evaluating [time: 2.05s, valid_score: 0.346900]
Sat 31 Jan 2026 07:42:50 INFO  valid result: 
hit@10 : 0.7455    ndcg@10 : 0.4412    mrr@10 : 0.3469
Sat 31 Jan 2026 07:43:23 INFO  epoch 13 training [time: 33.19s, train loss: 2093.0988]
Sat 31 Jan 2026 07:43:25 INFO  epoch 13 evaluating [time: 2.15s, valid_score: 0.359500]
Sat 31 Jan 2026 07:43:25 INFO  valid result: 
hit@10 : 0.7455    ndcg@10 : 0.4508    mrr@10 : 0.3595
Sat 31 Jan 2026 07:43:25 INFO  Saving current: saved\TimeWeaver-Jan-31-2026_07-35-32.pth
Sat 31 Jan 2026 07:43:57 INFO  epoch 14 training [time: 32.36s, train loss: 2089.6194]
Sat 31 Jan 2026 07:43:59 INFO  epoch 14 evaluating [time: 2.06s, valid_score: 0.348000]
Sat 31 Jan 2026 07:43:59 INFO  valid result: 
hit@10 : 0.7423    ndcg@10 : 0.4412    mrr@10 : 0.348
Sat 31 Jan 2026 07:44:31 INFO  epoch 15 training [time: 31.37s, train loss: 2084.9169]
Sat 31 Jan 2026 07:44:33 INFO  epoch 15 evaluating [time: 2.09s, valid_score: 0.364300]
Sat 31 Jan 2026 07:44:33 INFO  valid result: 
hit@10 : 0.7444    ndcg@10 : 0.4545    mrr@10 : 0.3643
Sat 31 Jan 2026 07:44:33 INFO  Saving current: saved\TimeWeaver-Jan-31-2026_07-35-32.pth
Sat 31 Jan 2026 07:45:05 INFO  epoch 16 training [time: 31.58s, train loss: 2082.4491]
Sat 31 Jan 2026 07:45:07 INFO  epoch 16 evaluating [time: 2.07s, valid_score: 0.349600]
Sat 31 Jan 2026 07:45:07 INFO  valid result: 
hit@10 : 0.737    ndcg@10 : 0.4417    mrr@10 : 0.3496
Sat 31 Jan 2026 07:45:38 INFO  epoch 17 training [time: 31.57s, train loss: 2078.4495]
Sat 31 Jan 2026 07:45:40 INFO  epoch 17 evaluating [time: 2.05s, valid_score: 0.344700]
Sat 31 Jan 2026 07:45:40 INFO  valid result: 
hit@10 : 0.7487    ndcg@10 : 0.4405    mrr@10 : 0.3447
Sat 31 Jan 2026 07:46:12 INFO  epoch 18 training [time: 31.28s, train loss: 2075.4070]
Sat 31 Jan 2026 07:46:14 INFO  epoch 18 evaluating [time: 2.06s, valid_score: 0.350300]
Sat 31 Jan 2026 07:46:14 INFO  valid result: 
hit@10 : 0.7434    ndcg@10 : 0.4428    mrr@10 : 0.3503
Sat 31 Jan 2026 07:46:45 INFO  epoch 19 training [time: 31.01s, train loss: 2072.0898]
Sat 31 Jan 2026 07:46:47 INFO  epoch 19 evaluating [time: 2.07s, valid_score: 0.357500]
Sat 31 Jan 2026 07:46:47 INFO  valid result: 
hit@10 : 0.7487    ndcg@10 : 0.4501    mrr@10 : 0.3575
Sat 31 Jan 2026 07:47:19 INFO  epoch 20 training [time: 32.57s, train loss: 2069.6638]
Sat 31 Jan 2026 07:47:21 INFO  epoch 20 evaluating [time: 2.12s, valid_score: 0.348500]
Sat 31 Jan 2026 07:47:21 INFO  valid result: 
hit@10 : 0.7402    ndcg@10 : 0.4415    mrr@10 : 0.3485
Sat 31 Jan 2026 07:47:54 INFO  epoch 21 training [time: 32.23s, train loss: 2067.6499]
Sat 31 Jan 2026 07:47:56 INFO  epoch 21 evaluating [time: 2.13s, valid_score: 0.349900]
Sat 31 Jan 2026 07:47:56 INFO  valid result: 
hit@10 : 0.7296    ndcg@10 : 0.4398    mrr@10 : 0.3499
Sat 31 Jan 2026 07:48:26 INFO  epoch 22 training [time: 30.76s, train loss: 2064.8358]
Sat 31 Jan 2026 07:48:29 INFO  epoch 22 evaluating [time: 2.08s, valid_score: 0.351200]
Sat 31 Jan 2026 07:48:29 INFO  valid result: 
hit@10 : 0.7306    ndcg@10 : 0.4415    mrr@10 : 0.3512
Sat 31 Jan 2026 07:49:00 INFO  epoch 23 training [time: 31.29s, train loss: 2062.1648]
Sat 31 Jan 2026 07:49:02 INFO  epoch 23 evaluating [time: 2.01s, valid_score: 0.353900]
Sat 31 Jan 2026 07:49:02 INFO  valid result: 
hit@10 : 0.7466    ndcg@10 : 0.4468    mrr@10 : 0.3539
Sat 31 Jan 2026 07:49:33 INFO  epoch 24 training [time: 30.92s, train loss: 2060.2668]
Sat 31 Jan 2026 07:49:35 INFO  epoch 24 evaluating [time: 2.05s, valid_score: 0.354200]
Sat 31 Jan 2026 07:49:35 INFO  valid result: 
hit@10 : 0.7519    ndcg@10 : 0.448    mrr@10 : 0.3542
Sat 31 Jan 2026 07:50:06 INFO  epoch 25 training [time: 31.35s, train loss: 2057.8457]
Sat 31 Jan 2026 07:50:08 INFO  epoch 25 evaluating [time: 2.07s, valid_score: 0.339400]
Sat 31 Jan 2026 07:50:08 INFO  valid result: 
hit@10 : 0.7317    ndcg@10 : 0.4323    mrr@10 : 0.3394
Sat 31 Jan 2026 07:50:39 INFO  epoch 26 training [time: 31.11s, train loss: 2056.3548]
Sat 31 Jan 2026 07:50:41 INFO  epoch 26 evaluating [time: 2.05s, valid_score: 0.349200]
Sat 31 Jan 2026 07:50:41 INFO  valid result: 
hit@10 : 0.7423    ndcg@10 : 0.4423    mrr@10 : 0.3492
Sat 31 Jan 2026 07:50:41 INFO  Finished training, best eval result in epoch 15
Sat 31 Jan 2026 07:50:41 INFO  Loading model structure and parameters from saved\TimeWeaver-Jan-31-2026_07-35-32.pth
Sat 31 Jan 2026 07:50:44 INFO  The running environment of this training is as follows:
+-------------+----------------+
| Environment |     Usage      |
+=============+================+
| CPU         |     6.50 %     |
+-------------+----------------+
| GPU         | 0.16 G/6.00 G  |
+-------------+----------------+
| Memory      | 1.40 G/15.63 G |
+-------------+----------------+
Sat 31 Jan 2026 07:50:44 INFO  best valid : OrderedDict([('hit@10', 0.7444), ('ndcg@10', 0.4545), ('mrr@10', 0.3643)])
Sat 31 Jan 2026 07:50:44 INFO  test result: OrderedDict([('hit@10', 0.7147), ('ndcg@10', 0.4285), ('mrr@10', 0.34)])
Sat 31 Jan 2026 07:50:44 WARNING  command line args [--models timeweaver,lrurec --datasets ml-100k] will not be used in RecBole
Sat 31 Jan 2026 07:50:44 INFO  ['scripts/run_grid.py', '--models', 'timeweaver,lrurec', '--datasets', 'ml-100k']
Sat 31 Jan 2026 07:50:44 INFO  
General Hyper Parameters:
gpu_id = 0
use_gpu = True
seed = 2023
state = INFO
reproducibility = True
data_path = F:\anaconda3\envs\rec39\Lib\site-packages\recbole\config\../dataset_example/ml-100k
checkpoint_dir = saved
show_progress = True
save_dataset = False
dataset_save_path = None
save_dataloaders = False
dataloaders_save_path = None
log_wandb = False

Training Hyper Parameters:
epochs = 100
train_batch_size = 256
learner = adam
learning_rate = 0.001
train_neg_sample_args = {'distribution': 'none', 'sample_num': 'none', 'alpha': 'none', 'dynamic': False, 'candidate_num': 0}
eval_step = 1
stopping_step = 10
clip_grad_norm = None
weight_decay = 0.0
loss_decimal_place = 4

Evaluation Hyper Parameters:
eval_args = {'split': {'LS': 'valid_and_test'}, 'order': 'TO', 'group_by': 'user', 'mode': {'valid': 'uni100', 'test': 'uni100'}}
repeatable = True
metrics = ['Hit', 'NDCG', 'MRR']
topk = [10]
valid_metric = MRR@10
valid_metric_bigger = True
eval_batch_size = 512
metric_decimal_place = 4

Dataset Hyper Parameters:
field_separator = 	
seq_separator =  
USER_ID_FIELD = user_id
ITEM_ID_FIELD = item_id
RATING_FIELD = rating
TIME_FIELD = timestamp
seq_len = None
LABEL_FIELD = label
threshold = None
NEG_PREFIX = neg_
load_col = {'inter': ['user_id', 'item_id', 'rating', 'timestamp'], 'user': ['user_id', 'age', 'gender', 'occupation', 'zip_code'], 'item': ['item_id', 'movie_title', 'release_year', 'class']}
unload_col = None
unused_col = None
additional_feat_suffix = None
rm_dup_inter = None
val_interval = None
filter_inter_by_user_or_item = True
user_inter_num_interval = None
item_inter_num_interval = None
alias_of_user_id = None
alias_of_item_id = None
alias_of_entity_id = None
alias_of_relation_id = None
preload_weight = None
normalize_field = None
normalize_all = True
ITEM_LIST_LENGTH_FIELD = item_length
LIST_SUFFIX = _list
MAX_ITEM_LIST_LENGTH = 32
POSITION_FIELD = position_id
HEAD_ENTITY_ID_FIELD = head_id
TAIL_ENTITY_ID_FIELD = tail_id
RELATION_ID_FIELD = relation_id
ENTITY_ID_FIELD = entity_id
kg_reverse_r = False
entity_kg_num_interval = None
relation_kg_num_interval = None
benchmark_filename = None

Other Hyper Parameters: 
worker = 0
wandb_project = recbole
shuffle = True
require_pow = False
enable_amp = False
enable_scaler = False
transform = None
numerical_features = []
discretization = None
MODEL_TYPE = ModelType.SEQUENTIAL
model_name = TimeWeaver
hidden_size = 64
num_layers = 2
hidden_dropout_prob = 0.5
initializer_range = 0.02
time_bucket_size = 1000
ema_decay = 0.1
tcn_kernel_size = -1
ffn_hidden_size = 256
loss_type = CE
early_stop = 10
neg_sampling = None
device = cuda
MODEL_INPUT_TYPE = InputType.POINTWISE
eval_type = EvaluatorType.RANKING
single_spec = True
local_rank = 0
valid_neg_sample_args = {'distribution': 'uniform', 'sample_num': 100}
test_neg_sample_args = {'distribution': 'uniform', 'sample_num': 100}


Sat 31 Jan 2026 07:50:45 INFO  ml-100k
The number of users: 944
Average actions of users: 106.04453870625663
The number of items: 1683
Average actions of items: 59.45303210463734
The number of inters: 100000
The sparsity of the dataset: 93.70575143257098%
Remain Fields: ['user_id', 'item_id', 'rating', 'timestamp', 'age', 'gender', 'occupation', 'zip_code', 'movie_title', 'release_year', 'class']
Sat 31 Jan 2026 07:50:46 INFO  [Training]: train_batch_size = [256] train_neg_sample_args: [{'distribution': 'none', 'sample_num': 'none', 'alpha': 'none', 'dynamic': False, 'candidate_num': 0}]
Sat 31 Jan 2026 07:50:46 INFO  [Evaluation]: eval_batch_size = [512] eval_args: [{'split': {'LS': 'valid_and_test'}, 'order': 'TO', 'group_by': 'user', 'mode': {'valid': 'uni100', 'test': 'uni100'}}]
Sat 31 Jan 2026 07:50:46 INFO  TimeWeaver(
  (item_embedding): Embedding(1683, 64, padding_idx=0)
  (time_aug): TimeAwareAugmentation(
    (pos_embedding): Embedding(32, 64)
    (time_embedding): Embedding(1000, 64)
    (layer_norm): LayerNorm((64,), eps=1e-05, elementwise_affine=True)
    (drop): Dropout(p=0.5, inplace=False)
  )
  (context_layers): ModuleList(
    (0-1): 2 x TCNNextBlock(
      (dw): DepthwiseConv1d(
        (conv): Conv1d(64, 64, kernel_size=(11,), stride=(1,), padding=(5,), groups=64)
        (bn): BatchNorm1d(64, eps=1e-05, momentum=0.1, affine=True, track_running_stats=True)
        (drop): Dropout(p=0.5, inplace=False)
      )
      (norm1): LayerNorm((64,), eps=1e-05, elementwise_affine=True)
      (conv_inter): ParallelConvInter(
        (conv1): Conv1d(64, 64, kernel_size=(1,), stride=(1,))
        (conv3): Conv1d(64, 64, kernel_size=(3,), stride=(1,), padding=(1,))
        (proj): Conv1d(64, 64, kernel_size=(1,), stride=(1,))
        (drop): Dropout(p=0.5, inplace=False)
      )
      (norm2): LayerNorm((64,), eps=1e-05, elementwise_affine=True)
      (ffn): Sequential(
        (0): Linear(in_features=64, out_features=256, bias=True)
        (1): GELU(approximate='none')
        (2): Dropout(p=0.5, inplace=False)
        (3): Linear(in_features=256, out_features=64, bias=True)
        (4): Dropout(p=0.5, inplace=False)
      )
      (norm3): LayerNorm((64,), eps=1e-05, elementwise_affine=True)
    )
  )
  (dynamic_layers): ModuleList(
    (0-1): 2 x EMAStream(
      (proj): Linear(in_features=64, out_features=64, bias=True)
    )
  )
  (weavers): ModuleList(
    (0-1): 2 x StreamWeaver(
      (proj): Linear(in_features=128, out_features=64, bias=True)
      (norm): LayerNorm((64,), eps=1e-05, elementwise_affine=True)
    )
  )
  (loss_fct): CrossEntropyLoss()
)
Trainable parameters: 309057.0
Sat 31 Jan 2026 07:50:46 INFO  FLOPs: 4298752.0
Sat 31 Jan 2026 07:51:20 INFO  epoch 0 training [time: 33.73s, train loss: 2446.0876]
Sat 31 Jan 2026 07:51:22 INFO  epoch 0 evaluating [time: 2.11s, valid_score: 0.274100]
Sat 31 Jan 2026 07:51:22 INFO  valid result: 
hit@10 : 0.649    ndcg@10 : 0.3622    mrr@10 : 0.2741
Sat 31 Jan 2026 07:51:22 INFO  Saving current: saved\TimeWeaver-Jan-31-2026_07-50-46.pth
Sat 31 Jan 2026 07:51:54 INFO  epoch 1 training [time: 32.47s, train loss: 2244.7205]
Sat 31 Jan 2026 07:51:56 INFO  epoch 1 evaluating [time: 2.10s, valid_score: 0.303900]
Sat 31 Jan 2026 07:51:56 INFO  valid result: 
hit@10 : 0.6978    ndcg@10 : 0.3965    mrr@10 : 0.3039
Sat 31 Jan 2026 07:51:56 INFO  Saving current: saved\TimeWeaver-Jan-31-2026_07-50-46.pth
Sat 31 Jan 2026 07:52:27 INFO  epoch 2 training [time: 30.85s, train loss: 2205.9268]
Sat 31 Jan 2026 07:52:29 INFO  epoch 2 evaluating [time: 2.14s, valid_score: 0.320200]
Sat 31 Jan 2026 07:52:29 INFO  valid result: 
hit@10 : 0.7137    ndcg@10 : 0.4131    mrr@10 : 0.3202
Sat 31 Jan 2026 07:52:30 INFO  Saving current: saved\TimeWeaver-Jan-31-2026_07-50-46.pth
Sat 31 Jan 2026 07:53:01 INFO  epoch 3 training [time: 31.38s, train loss: 2181.6543]
Sat 31 Jan 2026 07:53:03 INFO  epoch 3 evaluating [time: 2.07s, valid_score: 0.323800]
Sat 31 Jan 2026 07:53:03 INFO  valid result: 
hit@10 : 0.7169    ndcg@10 : 0.4163    mrr@10 : 0.3238
Sat 31 Jan 2026 07:53:03 INFO  Saving current: saved\TimeWeaver-Jan-31-2026_07-50-46.pth
Sat 31 Jan 2026 07:53:34 INFO  epoch 4 training [time: 31.16s, train loss: 2165.3724]
Sat 31 Jan 2026 07:53:36 INFO  epoch 4 evaluating [time: 2.07s, valid_score: 0.333000]
Sat 31 Jan 2026 07:53:36 INFO  valid result: 
hit@10 : 0.7253    ndcg@10 : 0.4258    mrr@10 : 0.333
Sat 31 Jan 2026 07:53:36 INFO  Saving current: saved\TimeWeaver-Jan-31-2026_07-50-46.pth
Sat 31 Jan 2026 07:54:08 INFO  epoch 5 training [time: 31.85s, train loss: 2152.2220]
Sat 31 Jan 2026 07:54:10 INFO  epoch 5 evaluating [time: 2.13s, valid_score: 0.346500]
Sat 31 Jan 2026 07:54:10 INFO  valid result: 
hit@10 : 0.737    ndcg@10 : 0.4387    mrr@10 : 0.3465
Sat 31 Jan 2026 07:54:10 INFO  Saving current: saved\TimeWeaver-Jan-31-2026_07-50-46.pth
Sat 31 Jan 2026 07:54:42 INFO  epoch 6 training [time: 31.46s, train loss: 2141.6921]
Sat 31 Jan 2026 07:54:44 INFO  epoch 6 evaluating [time: 2.06s, valid_score: 0.337800]
Sat 31 Jan 2026 07:54:44 INFO  valid result: 
hit@10 : 0.72    ndcg@10 : 0.4282    mrr@10 : 0.3378
Sat 31 Jan 2026 07:55:16 INFO  epoch 7 training [time: 32.25s, train loss: 2131.9715]
Sat 31 Jan 2026 07:55:18 INFO  epoch 7 evaluating [time: 2.13s, valid_score: 0.337700]
Sat 31 Jan 2026 07:55:18 INFO  valid result: 
hit@10 : 0.7275    ndcg@10 : 0.43    mrr@10 : 0.3377
Sat 31 Jan 2026 07:55:51 INFO  epoch 8 training [time: 32.83s, train loss: 2124.2912]
Sat 31 Jan 2026 07:55:53 INFO  epoch 8 evaluating [time: 2.15s, valid_score: 0.345000]
Sat 31 Jan 2026 07:55:53 INFO  valid result: 
hit@10 : 0.7381    ndcg@10 : 0.4378    mrr@10 : 0.345
Sat 31 Jan 2026 07:56:24 INFO  epoch 9 training [time: 31.07s, train loss: 2117.8279]
Sat 31 Jan 2026 07:56:26 INFO  epoch 9 evaluating [time: 2.06s, valid_score: 0.341700]
Sat 31 Jan 2026 07:56:26 INFO  valid result: 
hit@10 : 0.7349    ndcg@10 : 0.4348    mrr@10 : 0.3417
Sat 31 Jan 2026 07:56:58 INFO  epoch 10 training [time: 31.88s, train loss: 2111.2170]
Sat 31 Jan 2026 07:57:00 INFO  epoch 10 evaluating [time: 2.09s, valid_score: 0.337200]
Sat 31 Jan 2026 07:57:00 INFO  valid result: 
hit@10 : 0.7455    ndcg@10 : 0.434    mrr@10 : 0.3372
Sat 31 Jan 2026 07:57:31 INFO  epoch 11 training [time: 31.22s, train loss: 2105.4426]
Sat 31 Jan 2026 07:57:34 INFO  epoch 11 evaluating [time: 2.16s, valid_score: 0.349400]
Sat 31 Jan 2026 07:57:34 INFO  valid result: 
hit@10 : 0.755    ndcg@10 : 0.445    mrr@10 : 0.3494
Sat 31 Jan 2026 07:57:34 INFO  Saving current: saved\TimeWeaver-Jan-31-2026_07-50-46.pth
Sat 31 Jan 2026 07:58:05 INFO  epoch 12 training [time: 31.88s, train loss: 2101.2326]
Sat 31 Jan 2026 07:58:08 INFO  epoch 12 evaluating [time: 2.13s, valid_score: 0.349800]
Sat 31 Jan 2026 07:58:08 INFO  valid result: 
hit@10 : 0.7423    ndcg@10 : 0.4425    mrr@10 : 0.3498
Sat 31 Jan 2026 07:58:08 INFO  Saving current: saved\TimeWeaver-Jan-31-2026_07-50-46.pth
Sat 31 Jan 2026 07:58:39 INFO  epoch 13 training [time: 31.51s, train loss: 2096.3002]
Sat 31 Jan 2026 07:58:41 INFO  epoch 13 evaluating [time: 2.05s, valid_score: 0.333200]
Sat 31 Jan 2026 07:58:41 INFO  valid result: 
hit@10 : 0.7466    ndcg@10 : 0.4305    mrr@10 : 0.3332
Sat 31 Jan 2026 07:59:13 INFO  epoch 14 training [time: 32.29s, train loss: 2092.5963]
Sat 31 Jan 2026 07:59:16 INFO  epoch 14 evaluating [time: 2.17s, valid_score: 0.345100]
Sat 31 Jan 2026 07:59:16 INFO  valid result: 
hit@10 : 0.7349    ndcg@10 : 0.4373    mrr@10 : 0.3451
Sat 31 Jan 2026 07:59:48 INFO  epoch 15 training [time: 32.77s, train loss: 2088.6660]
Sat 31 Jan 2026 07:59:51 INFO  epoch 15 evaluating [time: 2.18s, valid_score: 0.348000]
Sat 31 Jan 2026 07:59:51 INFO  valid result: 
hit@10 : 0.7487    ndcg@10 : 0.4429    mrr@10 : 0.348
Sat 31 Jan 2026 08:00:22 INFO  epoch 16 training [time: 31.31s, train loss: 2084.7471]
Sat 31 Jan 2026 08:00:24 INFO  epoch 16 evaluating [time: 2.04s, valid_score: 0.351200]
Sat 31 Jan 2026 08:00:24 INFO  valid result: 
hit@10 : 0.7413    ndcg@10 : 0.4437    mrr@10 : 0.3512
Sat 31 Jan 2026 08:00:24 INFO  Saving current: saved\TimeWeaver-Jan-31-2026_07-50-46.pth
Sat 31 Jan 2026 08:00:56 INFO  epoch 17 training [time: 31.57s, train loss: 2082.5623]
Sat 31 Jan 2026 08:00:58 INFO  epoch 17 evaluating [time: 2.13s, valid_score: 0.353000]
Sat 31 Jan 2026 08:00:58 INFO  valid result: 
hit@10 : 0.7402    ndcg@10 : 0.4451    mrr@10 : 0.353
Sat 31 Jan 2026 08:00:58 INFO  Saving current: saved\TimeWeaver-Jan-31-2026_07-50-46.pth
Sat 31 Jan 2026 08:01:29 INFO  epoch 18 training [time: 30.88s, train loss: 2078.7012]
Sat 31 Jan 2026 08:01:31 INFO  epoch 18 evaluating [time: 2.11s, valid_score: 0.354600]
Sat 31 Jan 2026 08:01:31 INFO  valid result: 
hit@10 : 0.7338    ndcg@10 : 0.4446    mrr@10 : 0.3546
Sat 31 Jan 2026 08:01:31 INFO  Saving current: saved\TimeWeaver-Jan-31-2026_07-50-46.pth
Sat 31 Jan 2026 08:02:02 INFO  epoch 19 training [time: 31.63s, train loss: 2075.0911]
Sat 31 Jan 2026 08:02:04 INFO  epoch 19 evaluating [time: 2.11s, valid_score: 0.339200]
Sat 31 Jan 2026 08:02:04 INFO  valid result: 
hit@10 : 0.7423    ndcg@10 : 0.4346    mrr@10 : 0.3392
Sat 31 Jan 2026 08:02:36 INFO  epoch 20 training [time: 31.52s, train loss: 2072.6895]
Sat 31 Jan 2026 08:02:38 INFO  epoch 20 evaluating [time: 2.08s, valid_score: 0.351100]
Sat 31 Jan 2026 08:02:38 INFO  valid result: 
hit@10 : 0.7476    ndcg@10 : 0.4448    mrr@10 : 0.3511
Sat 31 Jan 2026 08:03:10 INFO  epoch 21 training [time: 31.86s, train loss: 2071.2486]
Sat 31 Jan 2026 08:03:12 INFO  epoch 21 evaluating [time: 2.17s, valid_score: 0.348400]
Sat 31 Jan 2026 08:03:12 INFO  valid result: 
hit@10 : 0.7359    ndcg@10 : 0.4401    mrr@10 : 0.3484
Sat 31 Jan 2026 08:03:45 INFO  epoch 22 training [time: 32.74s, train loss: 2067.2565]
Sat 31 Jan 2026 08:03:47 INFO  epoch 22 evaluating [time: 2.17s, valid_score: 0.361000]
Sat 31 Jan 2026 08:03:47 INFO  valid result: 
hit@10 : 0.7434    ndcg@10 : 0.4517    mrr@10 : 0.361
Sat 31 Jan 2026 08:03:47 INFO  Saving current: saved\TimeWeaver-Jan-31-2026_07-50-46.pth
Sat 31 Jan 2026 08:04:18 INFO  epoch 23 training [time: 31.31s, train loss: 2066.3385]
Sat 31 Jan 2026 08:04:20 INFO  epoch 23 evaluating [time: 2.06s, valid_score: 0.361200]
Sat 31 Jan 2026 08:04:20 INFO  valid result: 
hit@10 : 0.7476    ndcg@10 : 0.4527    mrr@10 : 0.3612
Sat 31 Jan 2026 08:04:20 INFO  Saving current: saved\TimeWeaver-Jan-31-2026_07-50-46.pth
Sat 31 Jan 2026 08:04:52 INFO  epoch 24 training [time: 31.68s, train loss: 2063.8434]
Sat 31 Jan 2026 08:04:54 INFO  epoch 24 evaluating [time: 2.14s, valid_score: 0.348200]
Sat 31 Jan 2026 08:04:54 INFO  valid result: 
hit@10 : 0.7444    ndcg@10 : 0.4416    mrr@10 : 0.3482
Sat 31 Jan 2026 08:05:25 INFO  epoch 25 training [time: 31.23s, train loss: 2061.4566]
Sat 31 Jan 2026 08:05:28 INFO  epoch 25 evaluating [time: 2.12s, valid_score: 0.355200]
Sat 31 Jan 2026 08:05:28 INFO  valid result: 
hit@10 : 0.737    ndcg@10 : 0.4461    mrr@10 : 0.3552
Sat 31 Jan 2026 08:05:59 INFO  epoch 26 training [time: 31.95s, train loss: 2059.3087]
Sat 31 Jan 2026 08:06:02 INFO  epoch 26 evaluating [time: 2.11s, valid_score: 0.342900]
Sat 31 Jan 2026 08:06:02 INFO  valid result: 
hit@10 : 0.7391    ndcg@10 : 0.4369    mrr@10 : 0.3429
Sat 31 Jan 2026 08:06:33 INFO  epoch 27 training [time: 31.58s, train loss: 2057.1095]
Sat 31 Jan 2026 08:06:35 INFO  epoch 27 evaluating [time: 2.06s, valid_score: 0.346900]
Sat 31 Jan 2026 08:06:35 INFO  valid result: 
hit@10 : 0.7402    ndcg@10 : 0.4402    mrr@10 : 0.3469
Sat 31 Jan 2026 08:07:07 INFO  epoch 28 training [time: 31.62s, train loss: 2055.7149]
Sat 31 Jan 2026 08:07:09 INFO  epoch 28 evaluating [time: 2.13s, valid_score: 0.337900]
Sat 31 Jan 2026 08:07:09 INFO  valid result: 
hit@10 : 0.7423    ndcg@10 : 0.4337    mrr@10 : 0.3379
Sat 31 Jan 2026 08:07:42 INFO  epoch 29 training [time: 32.85s, train loss: 2053.9312]
Sat 31 Jan 2026 08:07:44 INFO  epoch 29 evaluating [time: 2.16s, valid_score: 0.343100]
Sat 31 Jan 2026 08:07:44 INFO  valid result: 
hit@10 : 0.737    ndcg@10 : 0.4362    mrr@10 : 0.3431
Sat 31 Jan 2026 08:08:15 INFO  epoch 30 training [time: 31.35s, train loss: 2051.7266]
Sat 31 Jan 2026 08:08:17 INFO  epoch 30 evaluating [time: 2.06s, valid_score: 0.361600]
Sat 31 Jan 2026 08:08:17 INFO  valid result: 
hit@10 : 0.7423    ndcg@10 : 0.4514    mrr@10 : 0.3616
Sat 31 Jan 2026 08:08:17 INFO  Saving current: saved\TimeWeaver-Jan-31-2026_07-50-46.pth
Sat 31 Jan 2026 08:08:49 INFO  epoch 31 training [time: 31.34s, train loss: 2050.2475]
Sat 31 Jan 2026 08:08:51 INFO  epoch 31 evaluating [time: 2.15s, valid_score: 0.327800]
Sat 31 Jan 2026 08:08:51 INFO  valid result: 
hit@10 : 0.7455    ndcg@10 : 0.4269    mrr@10 : 0.3278
Sat 31 Jan 2026 08:09:22 INFO  epoch 32 training [time: 31.15s, train loss: 2048.1364]
Sat 31 Jan 2026 08:09:24 INFO  epoch 32 evaluating [time: 2.07s, valid_score: 0.358900]
Sat 31 Jan 2026 08:09:24 INFO  valid result: 
hit@10 : 0.7466    ndcg@10 : 0.4505    mrr@10 : 0.3589
Sat 31 Jan 2026 08:09:56 INFO  epoch 33 training [time: 31.64s, train loss: 2045.9473]
Sat 31 Jan 2026 08:09:58 INFO  epoch 33 evaluating [time: 2.13s, valid_score: 0.356300]
Sat 31 Jan 2026 08:09:58 INFO  valid result: 
hit@10 : 0.7359    ndcg@10 : 0.4463    mrr@10 : 0.3563
Sat 31 Jan 2026 08:10:29 INFO  epoch 34 training [time: 31.57s, train loss: 2045.2813]
Sat 31 Jan 2026 08:10:32 INFO  epoch 34 evaluating [time: 2.07s, valid_score: 0.356700]
Sat 31 Jan 2026 08:10:32 INFO  valid result: 
hit@10 : 0.7391    ndcg@10 : 0.4472    mrr@10 : 0.3567
Sat 31 Jan 2026 08:11:03 INFO  epoch 35 training [time: 31.30s, train loss: 2042.8675]
Sat 31 Jan 2026 08:11:05 INFO  epoch 35 evaluating [time: 2.14s, valid_score: 0.347100]
Sat 31 Jan 2026 08:11:05 INFO  valid result: 
hit@10 : 0.7455    ndcg@10 : 0.4411    mrr@10 : 0.3471
Sat 31 Jan 2026 08:11:38 INFO  epoch 36 training [time: 32.89s, train loss: 2041.6361]
Sat 31 Jan 2026 08:11:40 INFO  epoch 36 evaluating [time: 2.17s, valid_score: 0.338300]
Sat 31 Jan 2026 08:11:40 INFO  valid result: 
hit@10 : 0.7476    ndcg@10 : 0.4352    mrr@10 : 0.3383
Sat 31 Jan 2026 08:12:12 INFO  epoch 37 training [time: 31.77s, train loss: 2040.5732]
Sat 31 Jan 2026 08:12:14 INFO  epoch 37 evaluating [time: 2.06s, valid_score: 0.351000]
Sat 31 Jan 2026 08:12:14 INFO  valid result: 
hit@10 : 0.7508    ndcg@10 : 0.4454    mrr@10 : 0.351
Sat 31 Jan 2026 08:12:45 INFO  epoch 38 training [time: 31.45s, train loss: 2037.8404]
Sat 31 Jan 2026 08:12:48 INFO  epoch 38 evaluating [time: 2.17s, valid_score: 0.347700]
Sat 31 Jan 2026 08:12:48 INFO  valid result: 
hit@10 : 0.7444    ndcg@10 : 0.4416    mrr@10 : 0.3477
Sat 31 Jan 2026 08:13:19 INFO  epoch 39 training [time: 31.21s, train loss: 2036.3169]
Sat 31 Jan 2026 08:13:21 INFO  epoch 39 evaluating [time: 2.07s, valid_score: 0.353500]
Sat 31 Jan 2026 08:13:21 INFO  valid result: 
hit@10 : 0.7328    ndcg@10 : 0.4432    mrr@10 : 0.3535
Sat 31 Jan 2026 08:13:52 INFO  epoch 40 training [time: 31.48s, train loss: 2034.7514]
Sat 31 Jan 2026 08:13:54 INFO  epoch 40 evaluating [time: 2.11s, valid_score: 0.349100]
Sat 31 Jan 2026 08:13:54 INFO  valid result: 
hit@10 : 0.7359    ndcg@10 : 0.4406    mrr@10 : 0.3491
Sat 31 Jan 2026 08:14:26 INFO  epoch 41 training [time: 31.78s, train loss: 2034.4331]
Sat 31 Jan 2026 08:14:28 INFO  epoch 41 evaluating [time: 2.08s, valid_score: 0.347300]
Sat 31 Jan 2026 08:14:28 INFO  valid result: 
hit@10 : 0.7444    ndcg@10 : 0.4419    mrr@10 : 0.3473
Sat 31 Jan 2026 08:14:28 INFO  Finished training, best eval result in epoch 30
Sat 31 Jan 2026 08:14:28 INFO  Loading model structure and parameters from saved\TimeWeaver-Jan-31-2026_07-50-46.pth
Sat 31 Jan 2026 08:14:31 INFO  The running environment of this training is as follows:
+-------------+----------------+
| Environment |     Usage      |
+=============+================+
| CPU         |     5.00 %     |
+-------------+----------------+
| GPU         | 0.16 G/6.00 G  |
+-------------+----------------+
| Memory      | 1.41 G/15.63 G |
+-------------+----------------+
Sat 31 Jan 2026 08:14:31 INFO  best valid : OrderedDict([('hit@10', 0.7423), ('ndcg@10', 0.4514), ('mrr@10', 0.3616)])
Sat 31 Jan 2026 08:14:31 INFO  test result: OrderedDict([('hit@10', 0.72), ('ndcg@10', 0.4267), ('mrr@10', 0.3363)])
Sat 31 Jan 2026 08:14:31 WARNING  command line args [--models timeweaver,lrurec --datasets ml-100k] will not be used in RecBole
Sat 31 Jan 2026 08:14:31 INFO  ['scripts/run_grid.py', '--models', 'timeweaver,lrurec', '--datasets', 'ml-100k']
Sat 31 Jan 2026 08:14:31 INFO  
General Hyper Parameters:
gpu_id = 0
use_gpu = True
seed = 2024
state = INFO
reproducibility = True
data_path = F:\anaconda3\envs\rec39\Lib\site-packages\recbole\config\../dataset_example/ml-100k
checkpoint_dir = saved
show_progress = True
save_dataset = False
dataset_save_path = None
save_dataloaders = False
dataloaders_save_path = None
log_wandb = False

Training Hyper Parameters:
epochs = 100
train_batch_size = 256
learner = adam
learning_rate = 0.001
train_neg_sample_args = {'distribution': 'none', 'sample_num': 'none', 'alpha': 'none', 'dynamic': False, 'candidate_num': 0}
eval_step = 1
stopping_step = 10
clip_grad_norm = None
weight_decay = 0.0
loss_decimal_place = 4

Evaluation Hyper Parameters:
eval_args = {'split': {'LS': 'valid_and_test'}, 'order': 'TO', 'group_by': 'user', 'mode': {'valid': 'uni100', 'test': 'uni100'}}
repeatable = True
metrics = ['Hit', 'NDCG', 'MRR']
topk = [10]
valid_metric = MRR@10
valid_metric_bigger = True
eval_batch_size = 512
metric_decimal_place = 4

Dataset Hyper Parameters:
field_separator = 	
seq_separator =  
USER_ID_FIELD = user_id
ITEM_ID_FIELD = item_id
RATING_FIELD = rating
TIME_FIELD = timestamp
seq_len = None
LABEL_FIELD = label
threshold = None
NEG_PREFIX = neg_
load_col = {'inter': ['user_id', 'item_id', 'rating', 'timestamp'], 'user': ['user_id', 'age', 'gender', 'occupation', 'zip_code'], 'item': ['item_id', 'movie_title', 'release_year', 'class']}
unload_col = None
unused_col = None
additional_feat_suffix = None
rm_dup_inter = None
val_interval = None
filter_inter_by_user_or_item = True
user_inter_num_interval = None
item_inter_num_interval = None
alias_of_user_id = None
alias_of_item_id = None
alias_of_entity_id = None
alias_of_relation_id = None
preload_weight = None
normalize_field = None
normalize_all = True
ITEM_LIST_LENGTH_FIELD = item_length
LIST_SUFFIX = _list
MAX_ITEM_LIST_LENGTH = 32
POSITION_FIELD = position_id
HEAD_ENTITY_ID_FIELD = head_id
TAIL_ENTITY_ID_FIELD = tail_id
RELATION_ID_FIELD = relation_id
ENTITY_ID_FIELD = entity_id
kg_reverse_r = False
entity_kg_num_interval = None
relation_kg_num_interval = None
benchmark_filename = None

Other Hyper Parameters: 
worker = 0
wandb_project = recbole
shuffle = True
require_pow = False
enable_amp = False
enable_scaler = False
transform = None
numerical_features = []
discretization = None
MODEL_TYPE = ModelType.SEQUENTIAL
model_name = TimeWeaver
hidden_size = 64
num_layers = 2
hidden_dropout_prob = 0.5
initializer_range = 0.02
time_bucket_size = 1000
ema_decay = 0.1
tcn_kernel_size = -1
ffn_hidden_size = 256
loss_type = CE
early_stop = 10
neg_sampling = None
device = cuda
MODEL_INPUT_TYPE = InputType.POINTWISE
eval_type = EvaluatorType.RANKING
single_spec = True
local_rank = 0
valid_neg_sample_args = {'distribution': 'uniform', 'sample_num': 100}
test_neg_sample_args = {'distribution': 'uniform', 'sample_num': 100}


Sat 31 Jan 2026 08:14:31 INFO  ml-100k
The number of users: 944
Average actions of users: 106.04453870625663
The number of items: 1683
Average actions of items: 59.45303210463734
The number of inters: 100000
The sparsity of the dataset: 93.70575143257098%
Remain Fields: ['user_id', 'item_id', 'rating', 'timestamp', 'age', 'gender', 'occupation', 'zip_code', 'movie_title', 'release_year', 'class']
Sat 31 Jan 2026 08:14:33 INFO  [Training]: train_batch_size = [256] train_neg_sample_args: [{'distribution': 'none', 'sample_num': 'none', 'alpha': 'none', 'dynamic': False, 'candidate_num': 0}]
Sat 31 Jan 2026 08:14:33 INFO  [Evaluation]: eval_batch_size = [512] eval_args: [{'split': {'LS': 'valid_and_test'}, 'order': 'TO', 'group_by': 'user', 'mode': {'valid': 'uni100', 'test': 'uni100'}}]
Sat 31 Jan 2026 08:14:33 INFO  TimeWeaver(
  (item_embedding): Embedding(1683, 64, padding_idx=0)
  (time_aug): TimeAwareAugmentation(
    (pos_embedding): Embedding(32, 64)
    (time_embedding): Embedding(1000, 64)
    (layer_norm): LayerNorm((64,), eps=1e-05, elementwise_affine=True)
    (drop): Dropout(p=0.5, inplace=False)
  )
  (context_layers): ModuleList(
    (0-1): 2 x TCNNextBlock(
      (dw): DepthwiseConv1d(
        (conv): Conv1d(64, 64, kernel_size=(11,), stride=(1,), padding=(5,), groups=64)
        (bn): BatchNorm1d(64, eps=1e-05, momentum=0.1, affine=True, track_running_stats=True)
        (drop): Dropout(p=0.5, inplace=False)
      )
      (norm1): LayerNorm((64,), eps=1e-05, elementwise_affine=True)
      (conv_inter): ParallelConvInter(
        (conv1): Conv1d(64, 64, kernel_size=(1,), stride=(1,))
        (conv3): Conv1d(64, 64, kernel_size=(3,), stride=(1,), padding=(1,))
        (proj): Conv1d(64, 64, kernel_size=(1,), stride=(1,))
        (drop): Dropout(p=0.5, inplace=False)
      )
      (norm2): LayerNorm((64,), eps=1e-05, elementwise_affine=True)
      (ffn): Sequential(
        (0): Linear(in_features=64, out_features=256, bias=True)
        (1): GELU(approximate='none')
        (2): Dropout(p=0.5, inplace=False)
        (3): Linear(in_features=256, out_features=64, bias=True)
        (4): Dropout(p=0.5, inplace=False)
      )
      (norm3): LayerNorm((64,), eps=1e-05, elementwise_affine=True)
    )
  )
  (dynamic_layers): ModuleList(
    (0-1): 2 x EMAStream(
      (proj): Linear(in_features=64, out_features=64, bias=True)
    )
  )
  (weavers): ModuleList(
    (0-1): 2 x StreamWeaver(
      (proj): Linear(in_features=128, out_features=64, bias=True)
      (norm): LayerNorm((64,), eps=1e-05, elementwise_affine=True)
    )
  )
  (loss_fct): CrossEntropyLoss()
)
Trainable parameters: 309057.0
Sat 31 Jan 2026 08:14:33 INFO  FLOPs: 4298752.0
Sat 31 Jan 2026 08:15:06 INFO  epoch 0 training [time: 32.57s, train loss: 2455.0128]
Sat 31 Jan 2026 08:15:08 INFO  epoch 0 evaluating [time: 2.16s, valid_score: 0.274700]
Sat 31 Jan 2026 08:15:08 INFO  valid result: 
hit@10 : 0.6691    ndcg@10 : 0.367    mrr@10 : 0.2747
Sat 31 Jan 2026 08:15:08 INFO  Saving current: saved\TimeWeaver-Jan-31-2026_08-14-33.pth
Sat 31 Jan 2026 08:15:41 INFO  epoch 1 training [time: 33.08s, train loss: 2245.4027]
Sat 31 Jan 2026 08:15:43 INFO  epoch 1 evaluating [time: 2.16s, valid_score: 0.311700]
Sat 31 Jan 2026 08:15:43 INFO  valid result: 
hit@10 : 0.6872    ndcg@10 : 0.4    mrr@10 : 0.3117
Sat 31 Jan 2026 08:15:43 INFO  Saving current: saved\TimeWeaver-Jan-31-2026_08-14-33.pth
Sat 31 Jan 2026 08:16:15 INFO  epoch 2 training [time: 31.73s, train loss: 2206.2308]
Sat 31 Jan 2026 08:16:17 INFO  epoch 2 evaluating [time: 2.07s, valid_score: 0.315300]
Sat 31 Jan 2026 08:16:17 INFO  valid result: 
hit@10 : 0.72    ndcg@10 : 0.4105    mrr@10 : 0.3153
Sat 31 Jan 2026 08:16:17 INFO  Saving current: saved\TimeWeaver-Jan-31-2026_08-14-33.pth
Sat 31 Jan 2026 08:16:48 INFO  epoch 3 training [time: 31.56s, train loss: 2182.9675]
Sat 31 Jan 2026 08:16:51 INFO  epoch 3 evaluating [time: 2.23s, valid_score: 0.329200]
Sat 31 Jan 2026 08:16:51 INFO  valid result: 
hit@10 : 0.7147    ndcg@10 : 0.4203    mrr@10 : 0.3292
Sat 31 Jan 2026 08:16:51 INFO  Saving current: saved\TimeWeaver-Jan-31-2026_08-14-33.pth
Sat 31 Jan 2026 08:17:22 INFO  epoch 4 training [time: 31.31s, train loss: 2164.5774]
Sat 31 Jan 2026 08:17:24 INFO  epoch 4 evaluating [time: 2.09s, valid_score: 0.337000]
Sat 31 Jan 2026 08:17:24 INFO  valid result: 
hit@10 : 0.7222    ndcg@10 : 0.4281    mrr@10 : 0.337
Sat 31 Jan 2026 08:17:24 INFO  Saving current: saved\TimeWeaver-Jan-31-2026_08-14-33.pth
Sat 31 Jan 2026 08:17:56 INFO  epoch 5 training [time: 31.87s, train loss: 2152.0321]
Sat 31 Jan 2026 08:17:58 INFO  epoch 5 evaluating [time: 2.17s, valid_score: 0.350200]
Sat 31 Jan 2026 08:17:58 INFO  valid result: 
hit@10 : 0.7264    ndcg@10 : 0.4394    mrr@10 : 0.3502
Sat 31 Jan 2026 08:17:58 INFO  Saving current: saved\TimeWeaver-Jan-31-2026_08-14-33.pth
Sat 31 Jan 2026 08:18:30 INFO  epoch 6 training [time: 31.80s, train loss: 2140.3218]
Sat 31 Jan 2026 08:18:32 INFO  epoch 6 evaluating [time: 2.10s, valid_score: 0.356300]
Sat 31 Jan 2026 08:18:32 INFO  valid result: 
hit@10 : 0.7328    ndcg@10 : 0.4454    mrr@10 : 0.3563
Sat 31 Jan 2026 08:18:32 INFO  Saving current: saved\TimeWeaver-Jan-31-2026_08-14-33.pth
Sat 31 Jan 2026 08:19:04 INFO  epoch 7 training [time: 31.51s, train loss: 2130.8749]
Sat 31 Jan 2026 08:19:06 INFO  epoch 7 evaluating [time: 2.21s, valid_score: 0.353500]
Sat 31 Jan 2026 08:19:06 INFO  valid result: 
hit@10 : 0.7359    ndcg@10 : 0.4437    mrr@10 : 0.3535
Sat 31 Jan 2026 08:19:39 INFO  epoch 8 training [time: 33.19s, train loss: 2123.0000]
Sat 31 Jan 2026 08:19:41 INFO  epoch 8 evaluating [time: 2.18s, valid_score: 0.342400]
Sat 31 Jan 2026 08:19:41 INFO  valid result: 
hit@10 : 0.737    ndcg@10 : 0.4357    mrr@10 : 0.3424
Sat 31 Jan 2026 08:20:13 INFO  epoch 9 training [time: 31.65s, train loss: 2115.4849]
Sat 31 Jan 2026 08:20:15 INFO  epoch 9 evaluating [time: 2.07s, valid_score: 0.347600]
Sat 31 Jan 2026 08:20:15 INFO  valid result: 
hit@10 : 0.7423    ndcg@10 : 0.4412    mrr@10 : 0.3476
Sat 31 Jan 2026 08:20:46 INFO  epoch 10 training [time: 31.49s, train loss: 2109.4203]
Sat 31 Jan 2026 08:20:49 INFO  epoch 10 evaluating [time: 2.20s, valid_score: 0.363200]
Sat 31 Jan 2026 08:20:49 INFO  valid result: 
hit@10 : 0.7497    ndcg@10 : 0.4547    mrr@10 : 0.3632
Sat 31 Jan 2026 08:20:49 INFO  Saving current: saved\TimeWeaver-Jan-31-2026_08-14-33.pth
Sat 31 Jan 2026 08:21:20 INFO  epoch 11 training [time: 31.35s, train loss: 2103.7004]
Sat 31 Jan 2026 08:21:22 INFO  epoch 11 evaluating [time: 2.10s, valid_score: 0.353400]
Sat 31 Jan 2026 08:21:22 INFO  valid result: 
hit@10 : 0.7413    ndcg@10 : 0.4455    mrr@10 : 0.3534
Sat 31 Jan 2026 08:21:54 INFO  epoch 12 training [time: 32.02s, train loss: 2098.7871]
Sat 31 Jan 2026 08:21:56 INFO  epoch 12 evaluating [time: 2.16s, valid_score: 0.357700]
Sat 31 Jan 2026 08:21:56 INFO  valid result: 
hit@10 : 0.7476    ndcg@10 : 0.4502    mrr@10 : 0.3577
Sat 31 Jan 2026 08:22:28 INFO  epoch 13 training [time: 31.89s, train loss: 2094.4842]
Sat 31 Jan 2026 08:22:30 INFO  epoch 13 evaluating [time: 2.10s, valid_score: 0.352400]
Sat 31 Jan 2026 08:22:30 INFO  valid result: 
hit@10 : 0.7402    ndcg@10 : 0.4443    mrr@10 : 0.3524
Sat 31 Jan 2026 08:23:02 INFO  epoch 14 training [time: 31.49s, train loss: 2089.1404]
Sat 31 Jan 2026 08:23:04 INFO  epoch 14 evaluating [time: 2.18s, valid_score: 0.354600]
Sat 31 Jan 2026 08:23:04 INFO  valid result: 
hit@10 : 0.7349    ndcg@10 : 0.4448    mrr@10 : 0.3546
Sat 31 Jan 2026 08:23:37 INFO  epoch 15 training [time: 33.21s, train loss: 2085.5174]
Sat 31 Jan 2026 08:23:39 INFO  epoch 15 evaluating [time: 2.19s, valid_score: 0.351700]
Sat 31 Jan 2026 08:23:39 INFO  valid result: 
hit@10 : 0.7413    ndcg@10 : 0.4444    mrr@10 : 0.3517
Sat 31 Jan 2026 08:24:11 INFO  epoch 16 training [time: 31.75s, train loss: 2082.4143]
Sat 31 Jan 2026 08:24:13 INFO  epoch 16 evaluating [time: 2.07s, valid_score: 0.353300]
Sat 31 Jan 2026 08:24:13 INFO  valid result: 
hit@10 : 0.7423    ndcg@10 : 0.4455    mrr@10 : 0.3533
Sat 31 Jan 2026 08:24:44 INFO  epoch 17 training [time: 31.36s, train loss: 2079.5677]
Sat 31 Jan 2026 08:24:47 INFO  epoch 17 evaluating [time: 2.19s, valid_score: 0.345400]
Sat 31 Jan 2026 08:24:47 INFO  valid result: 
hit@10 : 0.7381    ndcg@10 : 0.4382    mrr@10 : 0.3454
Sat 31 Jan 2026 08:25:18 INFO  epoch 18 training [time: 31.33s, train loss: 2075.7450]
Sat 31 Jan 2026 08:25:20 INFO  epoch 18 evaluating [time: 2.10s, valid_score: 0.353600]
Sat 31 Jan 2026 08:25:20 INFO  valid result: 
hit@10 : 0.7402    ndcg@10 : 0.4454    mrr@10 : 0.3536
Sat 31 Jan 2026 08:25:52 INFO  epoch 19 training [time: 31.71s, train loss: 2073.2742]
Sat 31 Jan 2026 08:25:54 INFO  epoch 19 evaluating [time: 2.12s, valid_score: 0.354900]
Sat 31 Jan 2026 08:25:54 INFO  valid result: 
hit@10 : 0.7519    ndcg@10 : 0.4489    mrr@10 : 0.3549
Sat 31 Jan 2026 08:26:26 INFO  epoch 20 training [time: 32.04s, train loss: 2070.1682]
Sat 31 Jan 2026 08:26:28 INFO  epoch 20 evaluating [time: 2.12s, valid_score: 0.345200]
Sat 31 Jan 2026 08:26:28 INFO  valid result: 
hit@10 : 0.7317    ndcg@10 : 0.4372    mrr@10 : 0.3452
Sat 31 Jan 2026 08:26:59 INFO  epoch 21 training [time: 31.30s, train loss: 2067.4581]
Sat 31 Jan 2026 08:27:02 INFO  epoch 21 evaluating [time: 2.21s, valid_score: 0.350900]
Sat 31 Jan 2026 08:27:02 INFO  valid result: 
hit@10 : 0.7423    ndcg@10 : 0.4435    mrr@10 : 0.3509
Sat 31 Jan 2026 08:27:02 INFO  Finished training, best eval result in epoch 10
Sat 31 Jan 2026 08:27:02 INFO  Loading model structure and parameters from saved\TimeWeaver-Jan-31-2026_08-14-33.pth
Sat 31 Jan 2026 08:27:05 INFO  The running environment of this training is as follows:
+-------------+----------------+
| Environment |     Usage      |
+=============+================+
| CPU         |     8.50 %     |
+-------------+----------------+
| GPU         | 0.16 G/6.00 G  |
+-------------+----------------+
| Memory      | 1.41 G/15.63 G |
+-------------+----------------+
Sat 31 Jan 2026 08:27:05 INFO  best valid : OrderedDict([('hit@10', 0.7497), ('ndcg@10', 0.4547), ('mrr@10', 0.3632)])
Sat 31 Jan 2026 08:27:05 INFO  test result: OrderedDict([('hit@10', 0.7031), ('ndcg@10', 0.4092), ('mrr@10', 0.318)])
Sat 31 Jan 2026 08:27:05 WARNING  command line args [--models timeweaver,lrurec --datasets ml-100k] will not be used in RecBole
Sat 31 Jan 2026 08:27:05 INFO  ['scripts/run_grid.py', '--models', 'timeweaver,lrurec', '--datasets', 'ml-100k']
Sat 31 Jan 2026 08:27:05 INFO  
General Hyper Parameters:
gpu_id = 0
use_gpu = True
seed = 42
state = INFO
reproducibility = True
data_path = F:\anaconda3\envs\rec39\Lib\site-packages\recbole\config\../dataset_example/ml-100k
checkpoint_dir = saved
show_progress = True
save_dataset = False
dataset_save_path = None
save_dataloaders = False
dataloaders_save_path = None
log_wandb = False

Training Hyper Parameters:
epochs = 100
train_batch_size = 256
learner = adam
learning_rate = 0.001
train_neg_sample_args = {'distribution': 'none', 'sample_num': 'none', 'alpha': 'none', 'dynamic': False, 'candidate_num': 0}
eval_step = 1
stopping_step = 10
clip_grad_norm = None
weight_decay = 0.0
loss_decimal_place = 4

Evaluation Hyper Parameters:
eval_args = {'split': {'LS': 'valid_and_test'}, 'order': 'TO', 'group_by': 'user', 'mode': {'valid': 'uni100', 'test': 'uni100'}}
repeatable = True
metrics = ['Hit', 'NDCG', 'MRR']
topk = [10]
valid_metric = MRR@10
valid_metric_bigger = True
eval_batch_size = 512
metric_decimal_place = 4

Dataset Hyper Parameters:
field_separator = 	
seq_separator =  
USER_ID_FIELD = user_id
ITEM_ID_FIELD = item_id
RATING_FIELD = rating
TIME_FIELD = timestamp
seq_len = None
LABEL_FIELD = label
threshold = None
NEG_PREFIX = neg_
load_col = {'inter': ['user_id', 'item_id', 'rating', 'timestamp'], 'user': ['user_id', 'age', 'gender', 'occupation', 'zip_code'], 'item': ['item_id', 'movie_title', 'release_year', 'class']}
unload_col = None
unused_col = None
additional_feat_suffix = None
rm_dup_inter = None
val_interval = None
filter_inter_by_user_or_item = True
user_inter_num_interval = None
item_inter_num_interval = None
alias_of_user_id = None
alias_of_item_id = None
alias_of_entity_id = None
alias_of_relation_id = None
preload_weight = None
normalize_field = None
normalize_all = True
ITEM_LIST_LENGTH_FIELD = item_length
LIST_SUFFIX = _list
MAX_ITEM_LIST_LENGTH = 32
POSITION_FIELD = position_id
HEAD_ENTITY_ID_FIELD = head_id
TAIL_ENTITY_ID_FIELD = tail_id
RELATION_ID_FIELD = relation_id
ENTITY_ID_FIELD = entity_id
kg_reverse_r = False
entity_kg_num_interval = None
relation_kg_num_interval = None
benchmark_filename = None

Other Hyper Parameters: 
worker = 0
wandb_project = recbole
shuffle = True
require_pow = False
enable_amp = False
enable_scaler = False
transform = None
numerical_features = []
discretization = None
MODEL_TYPE = ModelType.SEQUENTIAL
model_name = LRURec
hidden_size = 64
num_layers = 2
hidden_dropout_prob = 0.5
initializer_range = 0.02
ffn_hidden_size = 256
loss_type = CE
early_stop = 10
neg_sampling = None
device = cuda
MODEL_INPUT_TYPE = InputType.POINTWISE
eval_type = EvaluatorType.RANKING
single_spec = True
local_rank = 0
valid_neg_sample_args = {'distribution': 'uniform', 'sample_num': 100}
test_neg_sample_args = {'distribution': 'uniform', 'sample_num': 100}


Sat 31 Jan 2026 08:27:05 INFO  ml-100k
The number of users: 944
Average actions of users: 106.04453870625663
The number of items: 1683
Average actions of items: 59.45303210463734
The number of inters: 100000
The sparsity of the dataset: 93.70575143257098%
Remain Fields: ['user_id', 'item_id', 'rating', 'timestamp', 'age', 'gender', 'occupation', 'zip_code', 'movie_title', 'release_year', 'class']
Sat 31 Jan 2026 08:27:06 INFO  [Training]: train_batch_size = [256] train_neg_sample_args: [{'distribution': 'none', 'sample_num': 'none', 'alpha': 'none', 'dynamic': False, 'candidate_num': 0}]
Sat 31 Jan 2026 08:27:06 INFO  [Evaluation]: eval_batch_size = [512] eval_args: [{'split': {'LS': 'valid_and_test'}, 'order': 'TO', 'group_by': 'user', 'mode': {'valid': 'uni100', 'test': 'uni100'}}]
Sat 31 Jan 2026 08:27:06 INFO  LRURec(
  (item_embedding): Embedding(1683, 64, padding_idx=0)
  (pos_embedding): Embedding(32, 64)
  (dropout): Dropout(p=0.5, inplace=False)
  (layer_norm): LayerNorm((64,), eps=1e-05, elementwise_affine=True)
  (layers): ModuleList(
    (0-1): 2 x LRUBlock(
      (dropout): Dropout(p=0.5, inplace=False)
      (norm1): LayerNorm((64,), eps=1e-05, elementwise_affine=True)
      (norm2): LayerNorm((64,), eps=1e-05, elementwise_affine=True)
      (ffn): Sequential(
        (0): Linear(in_features=64, out_features=256, bias=True)
        (1): GELU(approximate='none')
        (2): Dropout(p=0.5, inplace=False)
        (3): Linear(in_features=256, out_features=64, bias=True)
        (4): Dropout(p=0.5, inplace=False)
      )
    )
  )
  (loss_fct): CrossEntropyLoss()
)
Trainable parameters: 217920
Sat 31 Jan 2026 08:27:07 INFO  FLOPs: 2121728.0
Sat 31 Jan 2026 08:32:37 INFO  epoch 0 training [time: 330.35s, train loss: 2553.3322]
Sat 31 Jan 2026 08:32:42 INFO  epoch 0 evaluating [time: 5.03s, valid_score: 0.165200]
Sat 31 Jan 2026 08:32:42 INFO  valid result: 
hit@10 : 0.4051    ndcg@10 : 0.2212    mrr@10 : 0.1652
Sat 31 Jan 2026 08:32:42 INFO  Saving current: saved\LRURec-Jan-31-2026_08-27-07.pth
Sat 31 Jan 2026 08:38:11 INFO  epoch 1 training [time: 329.15s, train loss: 2422.0048]
Sat 31 Jan 2026 08:38:16 INFO  epoch 1 evaluating [time: 4.51s, valid_score: 0.245700]
Sat 31 Jan 2026 08:38:16 INFO  valid result: 
hit@10 : 0.5737    ndcg@10 : 0.3228    mrr@10 : 0.2457
Sat 31 Jan 2026 08:38:16 INFO  Saving current: saved\LRURec-Jan-31-2026_08-27-07.pth
Sat 31 Jan 2026 08:43:47 INFO  epoch 2 training [time: 331.86s, train loss: 2303.5063]
Sat 31 Jan 2026 08:43:53 INFO  epoch 2 evaluating [time: 5.33s, valid_score: 0.287800]
Sat 31 Jan 2026 08:43:53 INFO  valid result: 
hit@10 : 0.6511    ndcg@10 : 0.373    mrr@10 : 0.2878
Sat 31 Jan 2026 08:43:53 INFO  Saving current: saved\LRURec-Jan-31-2026_08-27-07.pth
Sat 31 Jan 2026 08:49:21 INFO  epoch 3 training [time: 328.19s, train loss: 2266.1074]
Sat 31 Jan 2026 08:49:25 INFO  epoch 3 evaluating [time: 4.40s, valid_score: 0.296600]
Sat 31 Jan 2026 08:49:25 INFO  valid result: 
hit@10 : 0.6681    ndcg@10 : 0.3842    mrr@10 : 0.2966
Sat 31 Jan 2026 08:49:25 INFO  Saving current: saved\LRURec-Jan-31-2026_08-27-07.pth
Sat 31 Jan 2026 08:54:53 INFO  epoch 4 training [time: 327.61s, train loss: 2246.1946]
Sat 31 Jan 2026 08:54:57 INFO  epoch 4 evaluating [time: 4.49s, valid_score: 0.315700]
Sat 31 Jan 2026 08:54:57 INFO  valid result: 
hit@10 : 0.6861    ndcg@10 : 0.403    mrr@10 : 0.3157
Sat 31 Jan 2026 08:54:57 INFO  Saving current: saved\LRURec-Jan-31-2026_08-27-07.pth
Sat 31 Jan 2026 09:00:28 INFO  epoch 5 training [time: 330.97s, train loss: 2230.1188]
Sat 31 Jan 2026 09:00:33 INFO  epoch 5 evaluating [time: 5.00s, valid_score: 0.318000]
Sat 31 Jan 2026 09:00:33 INFO  valid result: 
hit@10 : 0.6978    ndcg@10 : 0.4075    mrr@10 : 0.318
Sat 31 Jan 2026 09:00:33 INFO  Saving current: saved\LRURec-Jan-31-2026_08-27-07.pth
Sat 31 Jan 2026 09:06:02 INFO  epoch 6 training [time: 328.67s, train loss: 2218.9924]
Sat 31 Jan 2026 09:06:07 INFO  epoch 6 evaluating [time: 4.54s, valid_score: 0.314000]
Sat 31 Jan 2026 09:06:07 INFO  valid result: 
hit@10 : 0.7073    ndcg@10 : 0.4069    mrr@10 : 0.314
Sat 31 Jan 2026 09:11:37 INFO  epoch 7 training [time: 330.16s, train loss: 2209.8430]
Sat 31 Jan 2026 09:11:42 INFO  epoch 7 evaluating [time: 5.40s, valid_score: 0.315700]
Sat 31 Jan 2026 09:11:42 INFO  valid result: 
hit@10 : 0.7126    ndcg@10 : 0.4094    mrr@10 : 0.3157
Sat 31 Jan 2026 09:17:07 INFO  epoch 8 training [time: 325.09s, train loss: 2204.1518]
Sat 31 Jan 2026 09:17:12 INFO  epoch 8 evaluating [time: 4.45s, valid_score: 0.328100]
Sat 31 Jan 2026 09:17:12 INFO  valid result: 
hit@10 : 0.7116    ndcg@10 : 0.4188    mrr@10 : 0.3281
Sat 31 Jan 2026 09:17:12 INFO  Saving current: saved\LRURec-Jan-31-2026_08-27-07.pth
Sat 31 Jan 2026 09:22:39 INFO  epoch 9 training [time: 327.66s, train loss: 2197.4160]
Sat 31 Jan 2026 09:22:44 INFO  epoch 9 evaluating [time: 4.37s, valid_score: 0.325700]
Sat 31 Jan 2026 09:22:44 INFO  valid result: 
hit@10 : 0.7243    ndcg@10 : 0.4196    mrr@10 : 0.3257
Sat 31 Jan 2026 09:28:12 INFO  epoch 10 training [time: 328.54s, train loss: 2193.8416]
Sat 31 Jan 2026 09:28:17 INFO  epoch 10 evaluating [time: 4.42s, valid_score: 0.325900]
Sat 31 Jan 2026 09:28:17 INFO  valid result: 
hit@10 : 0.719    ndcg@10 : 0.4186    mrr@10 : 0.3259
Sat 31 Jan 2026 09:33:44 INFO  epoch 11 training [time: 327.03s, train loss: 2189.2297]
Sat 31 Jan 2026 09:33:49 INFO  epoch 11 evaluating [time: 4.71s, valid_score: 0.325900]
Sat 31 Jan 2026 09:33:49 INFO  valid result: 
hit@10 : 0.7179    ndcg@10 : 0.4186    mrr@10 : 0.3259
Sat 31 Jan 2026 09:39:16 INFO  epoch 12 training [time: 327.40s, train loss: 2185.3066]
Sat 31 Jan 2026 09:39:21 INFO  epoch 12 evaluating [time: 5.25s, valid_score: 0.325500]
Sat 31 Jan 2026 09:39:21 INFO  valid result: 
hit@10 : 0.7285    ndcg@10 : 0.4206    mrr@10 : 0.3255
Sat 31 Jan 2026 09:44:49 INFO  epoch 13 training [time: 327.82s, train loss: 2180.3698]
Sat 31 Jan 2026 09:44:54 INFO  epoch 13 evaluating [time: 4.61s, valid_score: 0.330600]
Sat 31 Jan 2026 09:44:54 INFO  valid result: 
hit@10 : 0.7285    ndcg@10 : 0.4246    mrr@10 : 0.3306
Sat 31 Jan 2026 09:44:54 INFO  Saving current: saved\LRURec-Jan-31-2026_08-27-07.pth
Sat 31 Jan 2026 09:51:09 INFO  epoch 14 training [time: 375.38s, train loss: 2176.9939]
Sat 31 Jan 2026 09:51:14 INFO  epoch 14 evaluating [time: 5.44s, valid_score: 0.332400]
Sat 31 Jan 2026 09:51:14 INFO  valid result: 
hit@10 : 0.7306    ndcg@10 : 0.4263    mrr@10 : 0.3324
Sat 31 Jan 2026 09:51:14 INFO  Saving current: saved\LRURec-Jan-31-2026_08-27-07.pth
Sat 31 Jan 2026 09:57:30 INFO  epoch 15 training [time: 375.27s, train loss: 2172.5269]
Sat 31 Jan 2026 09:57:35 INFO  epoch 15 evaluating [time: 5.14s, valid_score: 0.348100]
Sat 31 Jan 2026 09:57:35 INFO  valid result: 
hit@10 : 0.7275    ndcg@10 : 0.4377    mrr@10 : 0.3481
Sat 31 Jan 2026 09:57:35 INFO  Saving current: saved\LRURec-Jan-31-2026_08-27-07.pth
Sat 31 Jan 2026 10:08:02 INFO  epoch 16 training [time: 626.68s, train loss: 2170.4830]
Sat 31 Jan 2026 10:08:07 INFO  epoch 16 evaluating [time: 5.04s, valid_score: 0.329900]
Sat 31 Jan 2026 10:08:07 INFO  valid result: 
hit@10 : 0.7126    ndcg@10 : 0.4211    mrr@10 : 0.3299
Sat 31 Jan 2026 10:14:05 INFO  epoch 17 training [time: 358.58s, train loss: 2165.3449]
Sat 31 Jan 2026 10:14:10 INFO  epoch 17 evaluating [time: 5.10s, valid_score: 0.326500]
Sat 31 Jan 2026 10:14:10 INFO  valid result: 
hit@10 : 0.7359    ndcg@10 : 0.4234    mrr@10 : 0.3265
Sat 31 Jan 2026 10:20:22 INFO  epoch 18 training [time: 372.05s, train loss: 2162.4001]
Sat 31 Jan 2026 10:20:27 INFO  epoch 18 evaluating [time: 4.91s, valid_score: 0.330000]
Sat 31 Jan 2026 10:20:27 INFO  valid result: 
hit@10 : 0.7243    ndcg@10 : 0.4232    mrr@10 : 0.33
Sat 31 Jan 2026 10:31:29 INFO  epoch 19 training [time: 661.60s, train loss: 2159.4220]
Sat 31 Jan 2026 10:31:42 INFO  epoch 19 evaluating [time: 13.44s, valid_score: 0.345200]
Sat 31 Jan 2026 10:31:42 INFO  valid result: 
hit@10 : 0.7338    ndcg@10 : 0.4372    mrr@10 : 0.3452
Sat 31 Jan 2026 10:47:53 INFO  epoch 20 training [time: 970.68s, train loss: 2156.0550]
Sat 31 Jan 2026 10:48:06 INFO  epoch 20 evaluating [time: 13.21s, valid_score: 0.339900]
Sat 31 Jan 2026 10:48:06 INFO  valid result: 
hit@10 : 0.7306    ndcg@10 : 0.4326    mrr@10 : 0.3399
Sat 31 Jan 2026 10:54:32 INFO  epoch 21 training [time: 386.04s, train loss: 2152.5427]
Sat 31 Jan 2026 10:54:37 INFO  epoch 21 evaluating [time: 4.30s, valid_score: 0.335800]
Sat 31 Jan 2026 10:54:37 INFO  valid result: 
hit@10 : 0.7275    ndcg@10 : 0.4285    mrr@10 : 0.3358
Sat 31 Jan 2026 10:59:53 INFO  epoch 22 training [time: 316.76s, train loss: 2148.5190]
Sat 31 Jan 2026 10:59:58 INFO  epoch 22 evaluating [time: 4.98s, valid_score: 0.336900]
Sat 31 Jan 2026 10:59:58 INFO  valid result: 
hit@10 : 0.7275    ndcg@10 : 0.4295    mrr@10 : 0.3369
Sat 31 Jan 2026 11:05:13 INFO  epoch 23 training [time: 314.58s, train loss: 2145.0872]
Sat 31 Jan 2026 11:05:17 INFO  epoch 23 evaluating [time: 4.36s, valid_score: 0.342500]
Sat 31 Jan 2026 11:05:17 INFO  valid result: 
hit@10 : 0.7349    ndcg@10 : 0.4353    mrr@10 : 0.3425
Sat 31 Jan 2026 11:10:35 INFO  epoch 24 training [time: 317.41s, train loss: 2143.0463]
Sat 31 Jan 2026 11:10:39 INFO  epoch 24 evaluating [time: 4.36s, valid_score: 0.346700]
Sat 31 Jan 2026 11:10:39 INFO  valid result: 
hit@10 : 0.7444    ndcg@10 : 0.441    mrr@10 : 0.3467
Sat 31 Jan 2026 11:16:00 INFO  epoch 25 training [time: 321.20s, train loss: 2140.3177]
Sat 31 Jan 2026 11:16:05 INFO  epoch 25 evaluating [time: 4.33s, valid_score: 0.335300]
Sat 31 Jan 2026 11:16:05 INFO  valid result: 
hit@10 : 0.7147    ndcg@10 : 0.4252    mrr@10 : 0.3353
Sat 31 Jan 2026 11:21:20 INFO  epoch 26 training [time: 315.78s, train loss: 2136.9814]
Sat 31 Jan 2026 11:21:25 INFO  epoch 26 evaluating [time: 4.37s, valid_score: 0.341300]
Sat 31 Jan 2026 11:21:25 INFO  valid result: 
hit@10 : 0.7253    ndcg@10 : 0.4323    mrr@10 : 0.3413
Sat 31 Jan 2026 11:21:25 INFO  Finished training, best eval result in epoch 15
Sat 31 Jan 2026 11:21:25 INFO  Loading model structure and parameters from saved\LRURec-Jan-31-2026_08-27-07.pth
Sat 31 Jan 2026 11:21:30 INFO  The running environment of this training is as follows:
+-------------+----------------+
| Environment |     Usage      |
+=============+================+
| CPU         |     4.60 %     |
+-------------+----------------+
| GPU         | 0.18 G/6.00 G  |
+-------------+----------------+
| Memory      | 0.56 G/15.63 G |
+-------------+----------------+
Sat 31 Jan 2026 11:21:30 INFO  best valid : OrderedDict([('hit@10', 0.7275), ('ndcg@10', 0.4377), ('mrr@10', 0.3481)])
Sat 31 Jan 2026 11:21:30 INFO  test result: OrderedDict([('hit@10', 0.6766), ('ndcg@10', 0.3952), ('mrr@10', 0.3088)])
Sat 31 Jan 2026 11:21:30 WARNING  command line args [--models timeweaver,lrurec --datasets ml-100k] will not be used in RecBole
Sat 31 Jan 2026 11:21:30 INFO  ['scripts/run_grid.py', '--models', 'timeweaver,lrurec', '--datasets', 'ml-100k']
Sat 31 Jan 2026 11:21:30 INFO  
General Hyper Parameters:
gpu_id = 0
use_gpu = True
seed = 2023
state = INFO
reproducibility = True
data_path = F:\anaconda3\envs\rec39\Lib\site-packages\recbole\config\../dataset_example/ml-100k
checkpoint_dir = saved
show_progress = True
save_dataset = False
dataset_save_path = None
save_dataloaders = False
dataloaders_save_path = None
log_wandb = False

Training Hyper Parameters:
epochs = 100
train_batch_size = 256
learner = adam
learning_rate = 0.001
train_neg_sample_args = {'distribution': 'none', 'sample_num': 'none', 'alpha': 'none', 'dynamic': False, 'candidate_num': 0}
eval_step = 1
stopping_step = 10
clip_grad_norm = None
weight_decay = 0.0
loss_decimal_place = 4

Evaluation Hyper Parameters:
eval_args = {'split': {'LS': 'valid_and_test'}, 'order': 'TO', 'group_by': 'user', 'mode': {'valid': 'uni100', 'test': 'uni100'}}
repeatable = True
metrics = ['Hit', 'NDCG', 'MRR']
topk = [10]
valid_metric = MRR@10
valid_metric_bigger = True
eval_batch_size = 512
metric_decimal_place = 4

Dataset Hyper Parameters:
field_separator = 	
seq_separator =  
USER_ID_FIELD = user_id
ITEM_ID_FIELD = item_id
RATING_FIELD = rating
TIME_FIELD = timestamp
seq_len = None
LABEL_FIELD = label
threshold = None
NEG_PREFIX = neg_
load_col = {'inter': ['user_id', 'item_id', 'rating', 'timestamp'], 'user': ['user_id', 'age', 'gender', 'occupation', 'zip_code'], 'item': ['item_id', 'movie_title', 'release_year', 'class']}
unload_col = None
unused_col = None
additional_feat_suffix = None
rm_dup_inter = None
val_interval = None
filter_inter_by_user_or_item = True
user_inter_num_interval = None
item_inter_num_interval = None
alias_of_user_id = None
alias_of_item_id = None
alias_of_entity_id = None
alias_of_relation_id = None
preload_weight = None
normalize_field = None
normalize_all = True
ITEM_LIST_LENGTH_FIELD = item_length
LIST_SUFFIX = _list
MAX_ITEM_LIST_LENGTH = 32
POSITION_FIELD = position_id
HEAD_ENTITY_ID_FIELD = head_id
TAIL_ENTITY_ID_FIELD = tail_id
RELATION_ID_FIELD = relation_id
ENTITY_ID_FIELD = entity_id
kg_reverse_r = False
entity_kg_num_interval = None
relation_kg_num_interval = None
benchmark_filename = None

Other Hyper Parameters: 
worker = 0
wandb_project = recbole
shuffle = True
require_pow = False
enable_amp = False
enable_scaler = False
transform = None
numerical_features = []
discretization = None
MODEL_TYPE = ModelType.SEQUENTIAL
model_name = LRURec
hidden_size = 64
num_layers = 2
hidden_dropout_prob = 0.5
initializer_range = 0.02
ffn_hidden_size = 256
loss_type = CE
early_stop = 10
neg_sampling = None
device = cuda
MODEL_INPUT_TYPE = InputType.POINTWISE
eval_type = EvaluatorType.RANKING
single_spec = True
local_rank = 0
valid_neg_sample_args = {'distribution': 'uniform', 'sample_num': 100}
test_neg_sample_args = {'distribution': 'uniform', 'sample_num': 100}


Sat 31 Jan 2026 11:21:31 INFO  ml-100k
The number of users: 944
Average actions of users: 106.04453870625663
The number of items: 1683
Average actions of items: 59.45303210463734
The number of inters: 100000
The sparsity of the dataset: 93.70575143257098%
Remain Fields: ['user_id', 'item_id', 'rating', 'timestamp', 'age', 'gender', 'occupation', 'zip_code', 'movie_title', 'release_year', 'class']
Sat 31 Jan 2026 11:21:32 INFO  [Training]: train_batch_size = [256] train_neg_sample_args: [{'distribution': 'none', 'sample_num': 'none', 'alpha': 'none', 'dynamic': False, 'candidate_num': 0}]
Sat 31 Jan 2026 11:21:32 INFO  [Evaluation]: eval_batch_size = [512] eval_args: [{'split': {'LS': 'valid_and_test'}, 'order': 'TO', 'group_by': 'user', 'mode': {'valid': 'uni100', 'test': 'uni100'}}]
Sat 31 Jan 2026 11:21:32 INFO  LRURec(
  (item_embedding): Embedding(1683, 64, padding_idx=0)
  (pos_embedding): Embedding(32, 64)
  (dropout): Dropout(p=0.5, inplace=False)
  (layer_norm): LayerNorm((64,), eps=1e-05, elementwise_affine=True)
  (layers): ModuleList(
    (0-1): 2 x LRUBlock(
      (dropout): Dropout(p=0.5, inplace=False)
      (norm1): LayerNorm((64,), eps=1e-05, elementwise_affine=True)
      (norm2): LayerNorm((64,), eps=1e-05, elementwise_affine=True)
      (ffn): Sequential(
        (0): Linear(in_features=64, out_features=256, bias=True)
        (1): GELU(approximate='none')
        (2): Dropout(p=0.5, inplace=False)
        (3): Linear(in_features=256, out_features=64, bias=True)
        (4): Dropout(p=0.5, inplace=False)
      )
    )
  )
  (loss_fct): CrossEntropyLoss()
)
Trainable parameters: 217920
Sat 31 Jan 2026 11:21:32 INFO  FLOPs: 2121728.0
Sat 31 Jan 2026 11:26:49 INFO  epoch 0 training [time: 316.84s, train loss: 2546.7543]
Sat 31 Jan 2026 11:26:53 INFO  epoch 0 evaluating [time: 4.37s, valid_score: 0.161500]
Sat 31 Jan 2026 11:26:53 INFO  valid result: 
hit@10 : 0.3987    ndcg@10 : 0.2169    mrr@10 : 0.1615
Sat 31 Jan 2026 11:26:53 INFO  Saving current: saved\LRURec-Jan-31-2026_11-21-32.pth
Sat 31 Jan 2026 11:32:15 INFO  epoch 1 training [time: 321.46s, train loss: 2373.9767]
Sat 31 Jan 2026 11:32:19 INFO  epoch 1 evaluating [time: 4.36s, valid_score: 0.274000]
Sat 31 Jan 2026 11:32:19 INFO  valid result: 
hit@10 : 0.6288    ndcg@10 : 0.3576    mrr@10 : 0.274
Sat 31 Jan 2026 11:32:19 INFO  Saving current: saved\LRURec-Jan-31-2026_11-21-32.pth
Sat 31 Jan 2026 11:37:38 INFO  epoch 2 training [time: 318.96s, train loss: 2279.9616]
Sat 31 Jan 2026 11:37:42 INFO  epoch 2 evaluating [time: 4.48s, valid_score: 0.303700]
Sat 31 Jan 2026 11:37:42 INFO  valid result: 
hit@10 : 0.6734    ndcg@10 : 0.391    mrr@10 : 0.3037
Sat 31 Jan 2026 11:37:43 INFO  Saving current: saved\LRURec-Jan-31-2026_11-21-32.pth
Sat 31 Jan 2026 11:43:03 INFO  epoch 3 training [time: 320.14s, train loss: 2251.7798]
Sat 31 Jan 2026 11:43:08 INFO  epoch 3 evaluating [time: 5.38s, valid_score: 0.303200]
Sat 31 Jan 2026 11:43:08 INFO  valid result: 
hit@10 : 0.6957    ndcg@10 : 0.3952    mrr@10 : 0.3032
Sat 31 Jan 2026 11:48:29 INFO  epoch 4 training [time: 320.98s, train loss: 2233.4683]
Sat 31 Jan 2026 11:48:34 INFO  epoch 4 evaluating [time: 4.76s, valid_score: 0.316400]
Sat 31 Jan 2026 11:48:34 INFO  valid result: 
hit@10 : 0.701    ndcg@10 : 0.4068    mrr@10 : 0.3164
Sat 31 Jan 2026 11:48:34 INFO  Saving current: saved\LRURec-Jan-31-2026_11-21-32.pth
Sat 31 Jan 2026 11:53:53 INFO  epoch 5 training [time: 318.85s, train loss: 2219.4532]
Sat 31 Jan 2026 11:53:57 INFO  epoch 5 evaluating [time: 4.55s, valid_score: 0.325300]
Sat 31 Jan 2026 11:53:57 INFO  valid result: 
hit@10 : 0.7158    ndcg@10 : 0.417    mrr@10 : 0.3253
Sat 31 Jan 2026 11:53:57 INFO  Saving current: saved\LRURec-Jan-31-2026_11-21-32.pth
Sat 31 Jan 2026 11:59:17 INFO  epoch 6 training [time: 320.27s, train loss: 2210.7700]
Sat 31 Jan 2026 11:59:23 INFO  epoch 6 evaluating [time: 5.39s, valid_score: 0.319700]
Sat 31 Jan 2026 11:59:23 INFO  valid result: 
hit@10 : 0.702    ndcg@10 : 0.41    mrr@10 : 0.3197
Sat 31 Jan 2026 12:04:44 INFO  epoch 7 training [time: 320.90s, train loss: 2200.9882]
Sat 31 Jan 2026 12:04:49 INFO  epoch 7 evaluating [time: 4.77s, valid_score: 0.330300]
Sat 31 Jan 2026 12:04:49 INFO  valid result: 
hit@10 : 0.7158    ndcg@10 : 0.4213    mrr@10 : 0.3303
Sat 31 Jan 2026 12:04:49 INFO  Saving current: saved\LRURec-Jan-31-2026_11-21-32.pth
Sat 31 Jan 2026 12:16:16 INFO  epoch 8 training [time: 687.66s, train loss: 2194.4000]
Sat 31 Jan 2026 12:16:31 INFO  epoch 8 evaluating [time: 14.49s, valid_score: 0.325400]
Sat 31 Jan 2026 12:16:31 INFO  valid result: 
hit@10 : 0.7264    ndcg@10 : 0.4199    mrr@10 : 0.3254
Sat 31 Jan 2026 12:25:11 INFO  epoch 9 training [time: 520.44s, train loss: 2186.8814]
Sat 31 Jan 2026 12:25:15 INFO  epoch 9 evaluating [time: 4.32s, valid_score: 0.329200]
Sat 31 Jan 2026 12:25:15 INFO  valid result: 
hit@10 : 0.7296    ndcg@10 : 0.4236    mrr@10 : 0.3292
Sat 31 Jan 2026 12:32:59 INFO  epoch 10 training [time: 463.79s, train loss: 2181.8697]
Sat 31 Jan 2026 12:33:04 INFO  epoch 10 evaluating [time: 4.43s, valid_score: 0.324200]
Sat 31 Jan 2026 12:33:04 INFO  valid result: 
hit@10 : 0.72    ndcg@10 : 0.4178    mrr@10 : 0.3242
Sat 31 Jan 2026 12:38:29 INFO  epoch 11 training [time: 325.28s, train loss: 2176.1122]
Sat 31 Jan 2026 12:38:33 INFO  epoch 11 evaluating [time: 4.54s, valid_score: 0.333100]
Sat 31 Jan 2026 12:38:33 INFO  valid result: 
hit@10 : 0.7402    ndcg@10 : 0.429    mrr@10 : 0.3331
Sat 31 Jan 2026 12:38:34 INFO  Saving current: saved\LRURec-Jan-31-2026_11-21-32.pth
Sat 31 Jan 2026 12:44:03 INFO  epoch 12 training [time: 329.47s, train loss: 2171.7350]
Sat 31 Jan 2026 12:44:07 INFO  epoch 12 evaluating [time: 4.46s, valid_score: 0.333200]
Sat 31 Jan 2026 12:44:07 INFO  valid result: 
hit@10 : 0.7158    ndcg@10 : 0.4238    mrr@10 : 0.3332
Sat 31 Jan 2026 12:44:07 INFO  Saving current: saved\LRURec-Jan-31-2026_11-21-32.pth
Sat 31 Jan 2026 12:49:35 INFO  epoch 13 training [time: 327.40s, train loss: 2165.8240]
Sat 31 Jan 2026 12:49:39 INFO  epoch 13 evaluating [time: 4.54s, valid_score: 0.329200]
Sat 31 Jan 2026 12:49:39 INFO  valid result: 
hit@10 : 0.719    ndcg@10 : 0.4215    mrr@10 : 0.3292
Sat 31 Jan 2026 12:55:08 INFO  epoch 14 training [time: 328.85s, train loss: 2161.5928]
Sat 31 Jan 2026 12:55:13 INFO  epoch 14 evaluating [time: 5.10s, valid_score: 0.335000]
Sat 31 Jan 2026 12:55:13 INFO  valid result: 
hit@10 : 0.7264    ndcg@10 : 0.4276    mrr@10 : 0.335
Sat 31 Jan 2026 12:55:13 INFO  Saving current: saved\LRURec-Jan-31-2026_11-21-32.pth
Sat 31 Jan 2026 13:00:42 INFO  epoch 15 training [time: 328.91s, train loss: 2156.8018]
Sat 31 Jan 2026 13:00:47 INFO  epoch 15 evaluating [time: 4.90s, valid_score: 0.340200]
Sat 31 Jan 2026 13:00:47 INFO  valid result: 
hit@10 : 0.719    ndcg@10 : 0.4301    mrr@10 : 0.3402
Sat 31 Jan 2026 13:00:47 INFO  Saving current: saved\LRURec-Jan-31-2026_11-21-32.pth
Sat 31 Jan 2026 13:06:15 INFO  epoch 16 training [time: 327.84s, train loss: 2152.6008]
Sat 31 Jan 2026 13:06:20 INFO  epoch 16 evaluating [time: 4.56s, valid_score: 0.342800]
Sat 31 Jan 2026 13:06:20 INFO  valid result: 
hit@10 : 0.7338    ndcg@10 : 0.4349    mrr@10 : 0.3428
Sat 31 Jan 2026 13:06:20 INFO  Saving current: saved\LRURec-Jan-31-2026_11-21-32.pth
Sat 31 Jan 2026 13:11:51 INFO  epoch 17 training [time: 331.13s, train loss: 2148.0820]
Sat 31 Jan 2026 13:11:56 INFO  epoch 17 evaluating [time: 5.28s, valid_score: 0.340800]
Sat 31 Jan 2026 13:11:56 INFO  valid result: 
hit@10 : 0.7306    ndcg@10 : 0.4335    mrr@10 : 0.3408
Sat 31 Jan 2026 13:17:22 INFO  epoch 18 training [time: 325.95s, train loss: 2144.4053]
Sat 31 Jan 2026 13:17:26 INFO  epoch 18 evaluating [time: 4.42s, valid_score: 0.345400]
Sat 31 Jan 2026 13:17:26 INFO  valid result: 
hit@10 : 0.7179    ndcg@10 : 0.4338    mrr@10 : 0.3454
Sat 31 Jan 2026 13:17:26 INFO  Saving current: saved\LRURec-Jan-31-2026_11-21-32.pth
Sat 31 Jan 2026 13:22:55 INFO  epoch 19 training [time: 328.57s, train loss: 2140.7932]
Sat 31 Jan 2026 13:23:00 INFO  epoch 19 evaluating [time: 5.10s, valid_score: 0.331900]
Sat 31 Jan 2026 13:23:00 INFO  valid result: 
hit@10 : 0.7126    ndcg@10 : 0.4223    mrr@10 : 0.3319
Sat 31 Jan 2026 13:28:31 INFO  epoch 20 training [time: 330.98s, train loss: 2137.5427]
Sat 31 Jan 2026 13:28:36 INFO  epoch 20 evaluating [time: 5.20s, valid_score: 0.342700]
Sat 31 Jan 2026 13:28:36 INFO  valid result: 
hit@10 : 0.7232    ndcg@10 : 0.4328    mrr@10 : 0.3427
Sat 31 Jan 2026 13:34:05 INFO  epoch 21 training [time: 328.31s, train loss: 2134.4618]
Sat 31 Jan 2026 13:34:09 INFO  epoch 21 evaluating [time: 4.59s, valid_score: 0.343900]
Sat 31 Jan 2026 13:34:09 INFO  valid result: 
hit@10 : 0.719    ndcg@10 : 0.4329    mrr@10 : 0.3439
Sat 31 Jan 2026 13:39:39 INFO  epoch 22 training [time: 329.63s, train loss: 2130.9891]
Sat 31 Jan 2026 13:39:44 INFO  epoch 22 evaluating [time: 5.11s, valid_score: 0.348400]
Sat 31 Jan 2026 13:39:44 INFO  valid result: 
hit@10 : 0.737    ndcg@10 : 0.4403    mrr@10 : 0.3484
Sat 31 Jan 2026 13:39:44 INFO  Saving current: saved\LRURec-Jan-31-2026_11-21-32.pth
Sat 31 Jan 2026 13:45:10 INFO  epoch 23 training [time: 326.60s, train loss: 2128.3813]
Sat 31 Jan 2026 13:45:15 INFO  epoch 23 evaluating [time: 4.49s, valid_score: 0.365400]
Sat 31 Jan 2026 13:45:15 INFO  valid result: 
hit@10 : 0.7402    ndcg@10 : 0.4544    mrr@10 : 0.3654
Sat 31 Jan 2026 13:45:15 INFO  Saving current: saved\LRURec-Jan-31-2026_11-21-32.pth
Sat 31 Jan 2026 13:50:43 INFO  epoch 24 training [time: 328.25s, train loss: 2124.7503]
Sat 31 Jan 2026 13:50:48 INFO  epoch 24 evaluating [time: 4.44s, valid_score: 0.343100]
Sat 31 Jan 2026 13:50:48 INFO  valid result: 
hit@10 : 0.7275    ndcg@10 : 0.4343    mrr@10 : 0.3431
Sat 31 Jan 2026 13:56:19 INFO  epoch 25 training [time: 331.47s, train loss: 2123.0711]
Sat 31 Jan 2026 13:56:24 INFO  epoch 25 evaluating [time: 4.43s, valid_score: 0.352500]
Sat 31 Jan 2026 13:56:24 INFO  valid result: 
hit@10 : 0.7317    ndcg@10 : 0.4425    mrr@10 : 0.3525
Sat 31 Jan 2026 14:01:51 INFO  epoch 26 training [time: 327.63s, train loss: 2120.5229]
Sat 31 Jan 2026 14:01:56 INFO  epoch 26 evaluating [time: 4.63s, valid_score: 0.345000]
Sat 31 Jan 2026 14:01:56 INFO  valid result: 
hit@10 : 0.7349    ndcg@10 : 0.4372    mrr@10 : 0.345
Sat 31 Jan 2026 14:07:27 INFO  epoch 27 training [time: 331.04s, train loss: 2118.6566]
Sat 31 Jan 2026 14:07:32 INFO  epoch 27 evaluating [time: 5.43s, valid_score: 0.343000]
Sat 31 Jan 2026 14:07:32 INFO  valid result: 
hit@10 : 0.7285    ndcg@10 : 0.4348    mrr@10 : 0.343
Sat 31 Jan 2026 14:13:00 INFO  epoch 28 training [time: 328.03s, train loss: 2116.5250]
Sat 31 Jan 2026 14:13:05 INFO  epoch 28 evaluating [time: 4.51s, valid_score: 0.337200]
Sat 31 Jan 2026 14:13:05 INFO  valid result: 
hit@10 : 0.7317    ndcg@10 : 0.4309    mrr@10 : 0.3372
Sat 31 Jan 2026 14:18:33 INFO  epoch 29 training [time: 328.45s, train loss: 2114.6216]
Sat 31 Jan 2026 14:18:38 INFO  epoch 29 evaluating [time: 4.49s, valid_score: 0.343000]
Sat 31 Jan 2026 14:18:38 INFO  valid result: 
hit@10 : 0.7264    ndcg@10 : 0.4338    mrr@10 : 0.343
Sat 31 Jan 2026 14:24:09 INFO  epoch 30 training [time: 331.52s, train loss: 2111.7742]
Sat 31 Jan 2026 14:24:14 INFO  epoch 30 evaluating [time: 4.43s, valid_score: 0.349000]
Sat 31 Jan 2026 14:24:14 INFO  valid result: 
hit@10 : 0.7285    ndcg@10 : 0.4388    mrr@10 : 0.349
Sat 31 Jan 2026 14:29:41 INFO  epoch 31 training [time: 327.59s, train loss: 2111.3795]
Sat 31 Jan 2026 14:29:46 INFO  epoch 31 evaluating [time: 4.50s, valid_score: 0.343200]
Sat 31 Jan 2026 14:29:46 INFO  valid result: 
hit@10 : 0.737    ndcg@10 : 0.4367    mrr@10 : 0.3432
Sat 31 Jan 2026 14:35:15 INFO  epoch 32 training [time: 328.63s, train loss: 2109.6224]
Sat 31 Jan 2026 14:35:20 INFO  epoch 32 evaluating [time: 5.27s, valid_score: 0.356600]
Sat 31 Jan 2026 14:35:20 INFO  valid result: 
hit@10 : 0.7391    ndcg@10 : 0.4472    mrr@10 : 0.3566
Sat 31 Jan 2026 14:40:48 INFO  epoch 33 training [time: 327.88s, train loss: 2107.0734]
Sat 31 Jan 2026 14:40:53 INFO  epoch 33 evaluating [time: 5.01s, valid_score: 0.358200]
Sat 31 Jan 2026 14:40:53 INFO  valid result: 
hit@10 : 0.7264    ndcg@10 : 0.4455    mrr@10 : 0.3582
Sat 31 Jan 2026 14:46:21 INFO  epoch 34 training [time: 327.88s, train loss: 2106.4010]
Sat 31 Jan 2026 14:46:25 INFO  epoch 34 evaluating [time: 4.69s, valid_score: 0.364300]
Sat 31 Jan 2026 14:46:25 INFO  valid result: 
hit@10 : 0.7264    ndcg@10 : 0.4501    mrr@10 : 0.3643
Sat 31 Jan 2026 14:46:25 INFO  Finished training, best eval result in epoch 23
Sat 31 Jan 2026 14:46:25 INFO  Loading model structure and parameters from saved\LRURec-Jan-31-2026_11-21-32.pth
Sat 31 Jan 2026 14:46:31 INFO  The running environment of this training is as follows:
+-------------+----------------+
| Environment |     Usage      |
+=============+================+
| CPU         |     3.60 %     |
+-------------+----------------+
| GPU         | 0.18 G/6.00 G  |
+-------------+----------------+
| Memory      | 0.50 G/15.63 G |
+-------------+----------------+
Sat 31 Jan 2026 14:46:31 INFO  best valid : OrderedDict([('hit@10', 0.7402), ('ndcg@10', 0.4544), ('mrr@10', 0.3654)])
Sat 31 Jan 2026 14:46:31 INFO  test result: OrderedDict([('hit@10', 0.6925), ('ndcg@10', 0.4152), ('mrr@10', 0.3293)])
Sat 31 Jan 2026 14:46:31 WARNING  command line args [--models timeweaver,lrurec --datasets ml-100k] will not be used in RecBole
Sat 31 Jan 2026 14:46:31 INFO  ['scripts/run_grid.py', '--models', 'timeweaver,lrurec', '--datasets', 'ml-100k']
Sat 31 Jan 2026 14:46:31 INFO  
General Hyper Parameters:
gpu_id = 0
use_gpu = True
seed = 2024
state = INFO
reproducibility = True
data_path = F:\anaconda3\envs\rec39\Lib\site-packages\recbole\config\../dataset_example/ml-100k
checkpoint_dir = saved
show_progress = True
save_dataset = False
dataset_save_path = None
save_dataloaders = False
dataloaders_save_path = None
log_wandb = False

Training Hyper Parameters:
epochs = 100
train_batch_size = 256
learner = adam
learning_rate = 0.001
train_neg_sample_args = {'distribution': 'none', 'sample_num': 'none', 'alpha': 'none', 'dynamic': False, 'candidate_num': 0}
eval_step = 1
stopping_step = 10
clip_grad_norm = None
weight_decay = 0.0
loss_decimal_place = 4

Evaluation Hyper Parameters:
eval_args = {'split': {'LS': 'valid_and_test'}, 'order': 'TO', 'group_by': 'user', 'mode': {'valid': 'uni100', 'test': 'uni100'}}
repeatable = True
metrics = ['Hit', 'NDCG', 'MRR']
topk = [10]
valid_metric = MRR@10
valid_metric_bigger = True
eval_batch_size = 512
metric_decimal_place = 4

Dataset Hyper Parameters:
field_separator = 	
seq_separator =  
USER_ID_FIELD = user_id
ITEM_ID_FIELD = item_id
RATING_FIELD = rating
TIME_FIELD = timestamp
seq_len = None
LABEL_FIELD = label
threshold = None
NEG_PREFIX = neg_
load_col = {'inter': ['user_id', 'item_id', 'rating', 'timestamp'], 'user': ['user_id', 'age', 'gender', 'occupation', 'zip_code'], 'item': ['item_id', 'movie_title', 'release_year', 'class']}
unload_col = None
unused_col = None
additional_feat_suffix = None
rm_dup_inter = None
val_interval = None
filter_inter_by_user_or_item = True
user_inter_num_interval = None
item_inter_num_interval = None
alias_of_user_id = None
alias_of_item_id = None
alias_of_entity_id = None
alias_of_relation_id = None
preload_weight = None
normalize_field = None
normalize_all = True
ITEM_LIST_LENGTH_FIELD = item_length
LIST_SUFFIX = _list
MAX_ITEM_LIST_LENGTH = 32
POSITION_FIELD = position_id
HEAD_ENTITY_ID_FIELD = head_id
TAIL_ENTITY_ID_FIELD = tail_id
RELATION_ID_FIELD = relation_id
ENTITY_ID_FIELD = entity_id
kg_reverse_r = False
entity_kg_num_interval = None
relation_kg_num_interval = None
benchmark_filename = None

Other Hyper Parameters: 
worker = 0
wandb_project = recbole
shuffle = True
require_pow = False
enable_amp = False
enable_scaler = False
transform = None
numerical_features = []
discretization = None
MODEL_TYPE = ModelType.SEQUENTIAL
model_name = LRURec
hidden_size = 64
num_layers = 2
hidden_dropout_prob = 0.5
initializer_range = 0.02
ffn_hidden_size = 256
loss_type = CE
early_stop = 10
neg_sampling = None
device = cuda
MODEL_INPUT_TYPE = InputType.POINTWISE
eval_type = EvaluatorType.RANKING
single_spec = True
local_rank = 0
valid_neg_sample_args = {'distribution': 'uniform', 'sample_num': 100}
test_neg_sample_args = {'distribution': 'uniform', 'sample_num': 100}


Sat 31 Jan 2026 14:46:31 INFO  ml-100k
The number of users: 944
Average actions of users: 106.04453870625663
The number of items: 1683
Average actions of items: 59.45303210463734
The number of inters: 100000
The sparsity of the dataset: 93.70575143257098%
Remain Fields: ['user_id', 'item_id', 'rating', 'timestamp', 'age', 'gender', 'occupation', 'zip_code', 'movie_title', 'release_year', 'class']
Sat 31 Jan 2026 14:46:33 INFO  [Training]: train_batch_size = [256] train_neg_sample_args: [{'distribution': 'none', 'sample_num': 'none', 'alpha': 'none', 'dynamic': False, 'candidate_num': 0}]
Sat 31 Jan 2026 14:46:33 INFO  [Evaluation]: eval_batch_size = [512] eval_args: [{'split': {'LS': 'valid_and_test'}, 'order': 'TO', 'group_by': 'user', 'mode': {'valid': 'uni100', 'test': 'uni100'}}]
Sat 31 Jan 2026 14:46:33 INFO  LRURec(
  (item_embedding): Embedding(1683, 64, padding_idx=0)
  (pos_embedding): Embedding(32, 64)
  (dropout): Dropout(p=0.5, inplace=False)
  (layer_norm): LayerNorm((64,), eps=1e-05, elementwise_affine=True)
  (layers): ModuleList(
    (0-1): 2 x LRUBlock(
      (dropout): Dropout(p=0.5, inplace=False)
      (norm1): LayerNorm((64,), eps=1e-05, elementwise_affine=True)
      (norm2): LayerNorm((64,), eps=1e-05, elementwise_affine=True)
      (ffn): Sequential(
        (0): Linear(in_features=64, out_features=256, bias=True)
        (1): GELU(approximate='none')
        (2): Dropout(p=0.5, inplace=False)
        (3): Linear(in_features=256, out_features=64, bias=True)
        (4): Dropout(p=0.5, inplace=False)
      )
    )
  )
  (loss_fct): CrossEntropyLoss()
)
Trainable parameters: 217920
Sat 31 Jan 2026 14:46:33 INFO  FLOPs: 2121728.0
Sat 31 Jan 2026 14:52:03 INFO  epoch 0 training [time: 330.83s, train loss: 2547.9951]
Sat 31 Jan 2026 14:52:08 INFO  epoch 0 evaluating [time: 4.52s, valid_score: 0.166000]
Sat 31 Jan 2026 14:52:08 INFO  valid result: 
hit@10 : 0.4146    ndcg@10 : 0.2239    mrr@10 : 0.166
Sat 31 Jan 2026 14:52:08 INFO  Saving current: saved\LRURec-Jan-31-2026_14-46-33.pth
Sat 31 Jan 2026 14:57:35 INFO  epoch 1 training [time: 327.17s, train loss: 2380.7699]
Sat 31 Jan 2026 14:57:40 INFO  epoch 1 evaluating [time: 4.75s, valid_score: 0.258600]
Sat 31 Jan 2026 14:57:40 INFO  valid result: 
hit@10 : 0.6193    ndcg@10 : 0.343    mrr@10 : 0.2586
Sat 31 Jan 2026 14:57:40 INFO  Saving current: saved\LRURec-Jan-31-2026_14-46-33.pth
Sat 31 Jan 2026 15:03:08 INFO  epoch 2 training [time: 328.53s, train loss: 2281.2767]
Sat 31 Jan 2026 15:03:14 INFO  epoch 2 evaluating [time: 5.42s, valid_score: 0.293400]
Sat 31 Jan 2026 15:03:14 INFO  valid result: 
hit@10 : 0.6776    ndcg@10 : 0.3836    mrr@10 : 0.2934
Sat 31 Jan 2026 15:03:14 INFO  Saving current: saved\LRURec-Jan-31-2026_14-46-33.pth
Sat 31 Jan 2026 15:08:43 INFO  epoch 3 training [time: 328.77s, train loss: 2256.3045]
Sat 31 Jan 2026 15:08:48 INFO  epoch 3 evaluating [time: 4.98s, valid_score: 0.302800]
Sat 31 Jan 2026 15:08:48 INFO  valid result: 
hit@10 : 0.684    ndcg@10 : 0.3926    mrr@10 : 0.3028
Sat 31 Jan 2026 15:08:48 INFO  Saving current: saved\LRURec-Jan-31-2026_14-46-33.pth
Sat 31 Jan 2026 15:14:17 INFO  epoch 4 training [time: 329.14s, train loss: 2236.1383]
Sat 31 Jan 2026 15:14:21 INFO  epoch 4 evaluating [time: 4.61s, valid_score: 0.316100]
Sat 31 Jan 2026 15:14:21 INFO  valid result: 
hit@10 : 0.6967    ndcg@10 : 0.4053    mrr@10 : 0.3161
Sat 31 Jan 2026 15:14:21 INFO  Saving current: saved\LRURec-Jan-31-2026_14-46-33.pth
Sat 31 Jan 2026 15:19:52 INFO  epoch 5 training [time: 331.13s, train loss: 2224.2232]
Sat 31 Jan 2026 15:19:58 INFO  epoch 5 evaluating [time: 5.16s, valid_score: 0.316200]
Sat 31 Jan 2026 15:19:58 INFO  valid result: 
hit@10 : 0.6978    ndcg@10 : 0.4063    mrr@10 : 0.3162
Sat 31 Jan 2026 15:19:58 INFO  Saving current: saved\LRURec-Jan-31-2026_14-46-33.pth
Sat 31 Jan 2026 15:25:26 INFO  epoch 6 training [time: 328.52s, train loss: 2212.8179]
Sat 31 Jan 2026 15:25:31 INFO  epoch 6 evaluating [time: 4.56s, valid_score: 0.323100]
Sat 31 Jan 2026 15:25:31 INFO  valid result: 
hit@10 : 0.6999    ndcg@10 : 0.4119    mrr@10 : 0.3231
Sat 31 Jan 2026 15:25:31 INFO  Saving current: saved\LRURec-Jan-31-2026_14-46-33.pth
Sat 31 Jan 2026 15:30:59 INFO  epoch 7 training [time: 328.62s, train loss: 2203.9929]
Sat 31 Jan 2026 15:31:05 INFO  epoch 7 evaluating [time: 5.23s, valid_score: 0.328700]
Sat 31 Jan 2026 15:31:05 INFO  valid result: 
hit@10 : 0.7094    ndcg@10 : 0.4182    mrr@10 : 0.3287
Sat 31 Jan 2026 15:31:05 INFO  Saving current: saved\LRURec-Jan-31-2026_14-46-33.pth
Sat 31 Jan 2026 15:36:34 INFO  epoch 8 training [time: 329.49s, train loss: 2196.2451]
Sat 31 Jan 2026 15:36:39 INFO  epoch 8 evaluating [time: 5.00s, valid_score: 0.322300]
Sat 31 Jan 2026 15:36:39 INFO  valid result: 
hit@10 : 0.7147    ndcg@10 : 0.4145    mrr@10 : 0.3223
Sat 31 Jan 2026 15:42:08 INFO  epoch 9 training [time: 328.41s, train loss: 2191.2935]
Sat 31 Jan 2026 15:42:12 INFO  epoch 9 evaluating [time: 4.60s, valid_score: 0.328400]
Sat 31 Jan 2026 15:42:12 INFO  valid result: 
hit@10 : 0.72    ndcg@10 : 0.4206    mrr@10 : 0.3284
Sat 31 Jan 2026 15:47:43 INFO  epoch 10 training [time: 330.47s, train loss: 2183.5931]
Sat 31 Jan 2026 15:47:48 INFO  epoch 10 evaluating [time: 5.50s, valid_score: 0.336000]
Sat 31 Jan 2026 15:47:48 INFO  valid result: 
hit@10 : 0.7243    ndcg@10 : 0.4277    mrr@10 : 0.336
Sat 31 Jan 2026 15:47:48 INFO  Saving current: saved\LRURec-Jan-31-2026_14-46-33.pth
Sat 31 Jan 2026 15:53:17 INFO  epoch 11 training [time: 328.45s, train loss: 2178.4716]
Sat 31 Jan 2026 15:53:21 INFO  epoch 11 evaluating [time: 4.57s, valid_score: 0.336600]
Sat 31 Jan 2026 15:53:21 INFO  valid result: 
hit@10 : 0.7243    ndcg@10 : 0.4284    mrr@10 : 0.3366
Sat 31 Jan 2026 15:53:21 INFO  Saving current: saved\LRURec-Jan-31-2026_14-46-33.pth
Sat 31 Jan 2026 15:58:50 INFO  epoch 12 training [time: 329.12s, train loss: 2173.1380]
Sat 31 Jan 2026 15:58:55 INFO  epoch 12 evaluating [time: 4.56s, valid_score: 0.332400]
Sat 31 Jan 2026 15:58:55 INFO  valid result: 
hit@10 : 0.7253    ndcg@10 : 0.4252    mrr@10 : 0.3324
Sat 31 Jan 2026 16:04:25 INFO  epoch 13 training [time: 330.34s, train loss: 2167.5998]
Sat 31 Jan 2026 16:04:30 INFO  epoch 13 evaluating [time: 4.75s, valid_score: 0.334200]
Sat 31 Jan 2026 16:04:30 INFO  valid result: 
hit@10 : 0.7264    ndcg@10 : 0.4269    mrr@10 : 0.3342
Sat 31 Jan 2026 16:09:58 INFO  epoch 14 training [time: 328.34s, train loss: 2163.3435]
Sat 31 Jan 2026 16:10:03 INFO  epoch 14 evaluating [time: 4.70s, valid_score: 0.334900]
Sat 31 Jan 2026 16:10:03 INFO  valid result: 
hit@10 : 0.7179    ndcg@10 : 0.4258    mrr@10 : 0.3349
Sat 31 Jan 2026 16:15:33 INFO  epoch 15 training [time: 330.20s, train loss: 2158.9612]
Sat 31 Jan 2026 16:15:39 INFO  epoch 15 evaluating [time: 5.42s, valid_score: 0.334600]
Sat 31 Jan 2026 16:15:39 INFO  valid result: 
hit@10 : 0.7317    ndcg@10 : 0.4283    mrr@10 : 0.3346
Sat 31 Jan 2026 16:21:07 INFO  epoch 16 training [time: 328.50s, train loss: 2155.0659]
Sat 31 Jan 2026 16:21:12 INFO  epoch 16 evaluating [time: 4.62s, valid_score: 0.342400]
Sat 31 Jan 2026 16:21:12 INFO  valid result: 
hit@10 : 0.7137    ndcg@10 : 0.4303    mrr@10 : 0.3424
Sat 31 Jan 2026 16:21:12 INFO  Saving current: saved\LRURec-Jan-31-2026_14-46-33.pth
Sat 31 Jan 2026 16:26:40 INFO  epoch 17 training [time: 328.26s, train loss: 2149.8660]
Sat 31 Jan 2026 16:26:44 INFO  epoch 17 evaluating [time: 4.47s, valid_score: 0.335000]
Sat 31 Jan 2026 16:26:44 INFO  valid result: 
hit@10 : 0.7423    ndcg@10 : 0.4309    mrr@10 : 0.335
Sat 31 Jan 2026 16:32:16 INFO  epoch 18 training [time: 331.42s, train loss: 2147.8098]
Sat 31 Jan 2026 16:32:20 INFO  epoch 18 evaluating [time: 4.58s, valid_score: 0.349600]
Sat 31 Jan 2026 16:32:20 INFO  valid result: 
hit@10 : 0.7126    ndcg@10 : 0.4361    mrr@10 : 0.3496
Sat 31 Jan 2026 16:32:20 INFO  Saving current: saved\LRURec-Jan-31-2026_14-46-33.pth
Sat 31 Jan 2026 16:37:49 INFO  epoch 19 training [time: 328.42s, train loss: 2143.4920]
Sat 31 Jan 2026 16:37:54 INFO  epoch 19 evaluating [time: 4.68s, valid_score: 0.342400]
Sat 31 Jan 2026 16:37:54 INFO  valid result: 
hit@10 : 0.7275    ndcg@10 : 0.4334    mrr@10 : 0.3424
Sat 31 Jan 2026 16:43:25 INFO  epoch 20 training [time: 331.06s, train loss: 2140.1381]
Sat 31 Jan 2026 16:43:30 INFO  epoch 20 evaluating [time: 5.00s, valid_score: 0.339600]
Sat 31 Jan 2026 16:43:30 INFO  valid result: 
hit@10 : 0.7179    ndcg@10 : 0.4296    mrr@10 : 0.3396
Sat 31 Jan 2026 16:48:57 INFO  epoch 21 training [time: 326.90s, train loss: 2136.5820]
Sat 31 Jan 2026 16:49:01 INFO  epoch 21 evaluating [time: 4.56s, valid_score: 0.348700]
Sat 31 Jan 2026 16:49:01 INFO  valid result: 
hit@10 : 0.737    ndcg@10 : 0.4405    mrr@10 : 0.3487
Sat 31 Jan 2026 16:54:31 INFO  epoch 22 training [time: 329.83s, train loss: 2133.3664]
Sat 31 Jan 2026 16:54:35 INFO  epoch 22 evaluating [time: 4.50s, valid_score: 0.347500]
Sat 31 Jan 2026 16:54:35 INFO  valid result: 
hit@10 : 0.7328    ndcg@10 : 0.4388    mrr@10 : 0.3475
Sat 31 Jan 2026 17:00:07 INFO  epoch 23 training [time: 331.66s, train loss: 2130.3616]
Sat 31 Jan 2026 17:00:12 INFO  epoch 23 evaluating [time: 4.53s, valid_score: 0.343600]
Sat 31 Jan 2026 17:00:12 INFO  valid result: 
hit@10 : 0.7243    ndcg@10 : 0.4337    mrr@10 : 0.3436
Sat 31 Jan 2026 17:05:38 INFO  epoch 24 training [time: 326.48s, train loss: 2128.1269]
Sat 31 Jan 2026 17:05:43 INFO  epoch 24 evaluating [time: 4.58s, valid_score: 0.341700]
Sat 31 Jan 2026 17:05:43 INFO  valid result: 
hit@10 : 0.7338    ndcg@10 : 0.4347    mrr@10 : 0.3417
Sat 31 Jan 2026 17:11:13 INFO  epoch 25 training [time: 330.13s, train loss: 2124.9101]
Sat 31 Jan 2026 17:11:18 INFO  epoch 25 evaluating [time: 5.34s, valid_score: 0.339800]
Sat 31 Jan 2026 17:11:18 INFO  valid result: 
hit@10 : 0.7222    ndcg@10 : 0.4304    mrr@10 : 0.3398
Sat 31 Jan 2026 17:16:47 INFO  epoch 26 training [time: 328.70s, train loss: 2122.2804]
Sat 31 Jan 2026 17:16:52 INFO  epoch 26 evaluating [time: 4.92s, valid_score: 0.347400]
Sat 31 Jan 2026 17:16:52 INFO  valid result: 
hit@10 : 0.7338    ndcg@10 : 0.4386    mrr@10 : 0.3474
Sat 31 Jan 2026 17:22:20 INFO  epoch 27 training [time: 327.96s, train loss: 2121.8659]
Sat 31 Jan 2026 17:22:24 INFO  epoch 27 evaluating [time: 4.52s, valid_score: 0.351900]
Sat 31 Jan 2026 17:22:24 INFO  valid result: 
hit@10 : 0.7285    ndcg@10 : 0.4413    mrr@10 : 0.3519
Sat 31 Jan 2026 17:22:24 INFO  Saving current: saved\LRURec-Jan-31-2026_14-46-33.pth
Sat 31 Jan 2026 17:27:55 INFO  epoch 28 training [time: 330.66s, train loss: 2118.6698]
Sat 31 Jan 2026 17:28:00 INFO  epoch 28 evaluating [time: 4.83s, valid_score: 0.342900]
Sat 31 Jan 2026 17:28:00 INFO  valid result: 
hit@10 : 0.7328    ndcg@10 : 0.4348    mrr@10 : 0.3429
Sat 31 Jan 2026 17:33:27 INFO  epoch 29 training [time: 326.82s, train loss: 2116.4626]
Sat 31 Jan 2026 17:33:31 INFO  epoch 29 evaluating [time: 4.63s, valid_score: 0.351600]
Sat 31 Jan 2026 17:33:31 INFO  valid result: 
hit@10 : 0.7381    ndcg@10 : 0.443    mrr@10 : 0.3516
Sat 31 Jan 2026 17:39:00 INFO  epoch 30 training [time: 329.10s, train loss: 2114.9703]
Sat 31 Jan 2026 17:39:06 INFO  epoch 30 evaluating [time: 5.27s, valid_score: 0.349800]
Sat 31 Jan 2026 17:39:06 INFO  valid result: 
hit@10 : 0.7253    ndcg@10 : 0.4391    mrr@10 : 0.3498
Sat 31 Jan 2026 17:44:35 INFO  epoch 31 training [time: 329.76s, train loss: 2112.9176]
Sat 31 Jan 2026 17:44:40 INFO  epoch 31 evaluating [time: 4.96s, valid_score: 0.356900]
Sat 31 Jan 2026 17:44:40 INFO  valid result: 
hit@10 : 0.7338    ndcg@10 : 0.4461    mrr@10 : 0.3569
Sat 31 Jan 2026 17:44:40 INFO  Saving current: saved\LRURec-Jan-31-2026_14-46-33.pth
Sat 31 Jan 2026 17:50:07 INFO  epoch 32 training [time: 326.93s, train loss: 2111.0648]
Sat 31 Jan 2026 17:50:12 INFO  epoch 32 evaluating [time: 4.64s, valid_score: 0.346500]
Sat 31 Jan 2026 17:50:12 INFO  valid result: 
hit@10 : 0.7359    ndcg@10 : 0.4385    mrr@10 : 0.3465
Sat 31 Jan 2026 17:55:41 INFO  epoch 33 training [time: 328.86s, train loss: 2111.1484]
Sat 31 Jan 2026 17:55:46 INFO  epoch 33 evaluating [time: 5.41s, valid_score: 0.352800]
Sat 31 Jan 2026 17:55:46 INFO  valid result: 
hit@10 : 0.7306    ndcg@10 : 0.4426    mrr@10 : 0.3528
Sat 31 Jan 2026 18:01:12 INFO  epoch 34 training [time: 325.65s, train loss: 2108.3524]
Sat 31 Jan 2026 18:01:17 INFO  epoch 34 evaluating [time: 5.03s, valid_score: 0.344600]
Sat 31 Jan 2026 18:01:17 INFO  valid result: 
hit@10 : 0.737    ndcg@10 : 0.4376    mrr@10 : 0.3446
Sat 31 Jan 2026 18:06:44 INFO  epoch 35 training [time: 326.89s, train loss: 2105.9974]
Sat 31 Jan 2026 18:06:48 INFO  epoch 35 evaluating [time: 4.51s, valid_score: 0.358100]
Sat 31 Jan 2026 18:06:48 INFO  valid result: 
hit@10 : 0.7328    ndcg@10 : 0.4473    mrr@10 : 0.3581
Sat 31 Jan 2026 18:06:48 INFO  Saving current: saved\LRURec-Jan-31-2026_14-46-33.pth
Sat 31 Jan 2026 18:12:19 INFO  epoch 36 training [time: 330.47s, train loss: 2104.8136]
Sat 31 Jan 2026 18:12:23 INFO  epoch 36 evaluating [time: 4.42s, valid_score: 0.367600]
Sat 31 Jan 2026 18:12:23 INFO  valid result: 
hit@10 : 0.7455    ndcg@10 : 0.4567    mrr@10 : 0.3676
Sat 31 Jan 2026 18:12:23 INFO  Saving current: saved\LRURec-Jan-31-2026_14-46-33.pth
Sat 31 Jan 2026 18:17:50 INFO  epoch 37 training [time: 326.39s, train loss: 2104.8362]
Sat 31 Jan 2026 18:17:54 INFO  epoch 37 evaluating [time: 4.57s, valid_score: 0.352500]
Sat 31 Jan 2026 18:17:54 INFO  valid result: 
hit@10 : 0.737    ndcg@10 : 0.4437    mrr@10 : 0.3525
Sat 31 Jan 2026 18:23:24 INFO  epoch 38 training [time: 329.81s, train loss: 2102.0004]
Sat 31 Jan 2026 18:23:29 INFO  epoch 38 evaluating [time: 5.05s, valid_score: 0.352300]
Sat 31 Jan 2026 18:23:29 INFO  valid result: 
hit@10 : 0.7338    ndcg@10 : 0.4428    mrr@10 : 0.3523
Sat 31 Jan 2026 18:28:57 INFO  epoch 39 training [time: 327.76s, train loss: 2101.2585]
Sat 31 Jan 2026 18:29:02 INFO  epoch 39 evaluating [time: 4.95s, valid_score: 0.351600]
Sat 31 Jan 2026 18:29:02 INFO  valid result: 
hit@10 : 0.7359    ndcg@10 : 0.4432    mrr@10 : 0.3516
Sat 31 Jan 2026 18:34:30 INFO  epoch 40 training [time: 328.57s, train loss: 2098.6977]
Sat 31 Jan 2026 18:34:35 INFO  epoch 40 evaluating [time: 4.46s, valid_score: 0.349500]
Sat 31 Jan 2026 18:34:35 INFO  valid result: 
hit@10 : 0.737    ndcg@10 : 0.4417    mrr@10 : 0.3495
Sat 31 Jan 2026 18:40:07 INFO  epoch 41 training [time: 331.86s, train loss: 2098.5853]
Sat 31 Jan 2026 18:40:11 INFO  epoch 41 evaluating [time: 4.48s, valid_score: 0.354600]
Sat 31 Jan 2026 18:40:11 INFO  valid result: 
hit@10 : 0.7338    ndcg@10 : 0.4445    mrr@10 : 0.3546
Sat 31 Jan 2026 18:45:37 INFO  epoch 42 training [time: 325.59s, train loss: 2097.6451]
Sat 31 Jan 2026 18:45:41 INFO  epoch 42 evaluating [time: 4.60s, valid_score: 0.355100]
Sat 31 Jan 2026 18:45:41 INFO  valid result: 
hit@10 : 0.7381    ndcg@10 : 0.4454    mrr@10 : 0.3551
Sat 31 Jan 2026 18:51:10 INFO  epoch 43 training [time: 329.07s, train loss: 2096.6617]
Sat 31 Jan 2026 18:51:16 INFO  epoch 43 evaluating [time: 5.28s, valid_score: 0.367000]
Sat 31 Jan 2026 18:51:16 INFO  valid result: 
hit@10 : 0.7508    ndcg@10 : 0.458    mrr@10 : 0.367
Sat 31 Jan 2026 18:56:45 INFO  epoch 44 training [time: 329.31s, train loss: 2096.6008]
Sat 31 Jan 2026 18:56:50 INFO  epoch 44 evaluating [time: 5.08s, valid_score: 0.349900]
Sat 31 Jan 2026 18:56:50 INFO  valid result: 
hit@10 : 0.7413    ndcg@10 : 0.4427    mrr@10 : 0.3499
Sat 31 Jan 2026 19:02:19 INFO  epoch 45 training [time: 329.05s, train loss: 2094.1473]
Sat 31 Jan 2026 19:02:24 INFO  epoch 45 evaluating [time: 4.56s, valid_score: 0.355400]
Sat 31 Jan 2026 19:02:24 INFO  valid result: 
hit@10 : 0.7508    ndcg@10 : 0.4489    mrr@10 : 0.3554
Sat 31 Jan 2026 19:07:55 INFO  epoch 46 training [time: 331.80s, train loss: 2092.7443]
Sat 31 Jan 2026 19:08:00 INFO  epoch 46 evaluating [time: 4.75s, valid_score: 0.365300]
Sat 31 Jan 2026 19:08:00 INFO  valid result: 
hit@10 : 0.7349    ndcg@10 : 0.453    mrr@10 : 0.3653
Sat 31 Jan 2026 19:13:29 INFO  epoch 47 training [time: 329.08s, train loss: 2092.2144]
Sat 31 Jan 2026 19:13:34 INFO  epoch 47 evaluating [time: 4.81s, valid_score: 0.357900]
Sat 31 Jan 2026 19:13:34 INFO  valid result: 
hit@10 : 0.7391    ndcg@10 : 0.4483    mrr@10 : 0.3579
Sat 31 Jan 2026 19:13:34 INFO  Finished training, best eval result in epoch 36
Sat 31 Jan 2026 19:13:34 INFO  Loading model structure and parameters from saved\LRURec-Jan-31-2026_14-46-33.pth
Sat 31 Jan 2026 19:13:40 INFO  The running environment of this training is as follows:
+-------------+----------------+
| Environment |     Usage      |
+=============+================+
| CPU         |     5.10 %     |
+-------------+----------------+
| GPU         | 0.18 G/6.00 G  |
+-------------+----------------+
| Memory      | 0.56 G/15.63 G |
+-------------+----------------+
Sat 31 Jan 2026 19:13:40 INFO  best valid : OrderedDict([('hit@10', 0.7455), ('ndcg@10', 0.4567), ('mrr@10', 0.3676)])
Sat 31 Jan 2026 19:13:40 INFO  test result: OrderedDict([('hit@10', 0.7147), ('ndcg@10', 0.4283), ('mrr@10', 0.3396)])
