Mon 09 Feb 2026 15:09:31 INFO  ['F:\\桌面\\recommendation_system\\scripts\\run_grid.py', '--models', 'timeweaver', '--datasets', 'ml-100k', '--seeds', '42', '--device', 'gpu', '--timeweaver-variant', 'base', '--tag', 'e0p1_k-1_d0p5_l2_f256_b1000', '--output', 'results/run_grid_timeweaver_tune.json', '--tw-ema-decay', '0.1', '--tw-tcn-kernel', '-1', '--tw-hidden-dropout', '0.5', '--tw-num-layers', '2', '--tw-ffn-hidden', '256', '--tw-time-bucket', '1000']
Mon 09 Feb 2026 15:09:31 INFO  
General Hyper Parameters:
gpu_id = 0
use_gpu = True
seed = 42
state = INFO
reproducibility = True
data_path = F:\anaconda3\envs\rec39\Lib\site-packages\recbole\config\../dataset_example/ml-100k
checkpoint_dir = saved
show_progress = True
save_dataset = False
dataset_save_path = None
save_dataloaders = False
dataloaders_save_path = None
log_wandb = False

Training Hyper Parameters:
epochs = 100
train_batch_size = 256
learner = adam
learning_rate = 0.001
train_neg_sample_args = {'distribution': 'none', 'sample_num': 'none', 'alpha': 'none', 'dynamic': False, 'candidate_num': 0}
eval_step = 1
stopping_step = 10
clip_grad_norm = None
weight_decay = 0.0
loss_decimal_place = 4

Evaluation Hyper Parameters:
eval_args = {'split': {'LS': 'valid_and_test'}, 'order': 'TO', 'group_by': 'user', 'mode': {'valid': 'uni100', 'test': 'uni100'}}
repeatable = True
metrics = ['Hit', 'NDCG', 'MRR']
topk = [10]
valid_metric = MRR@10
valid_metric_bigger = True
eval_batch_size = 512
metric_decimal_place = 4

Dataset Hyper Parameters:
field_separator = 	
seq_separator =  
USER_ID_FIELD = user_id
ITEM_ID_FIELD = item_id
RATING_FIELD = rating
TIME_FIELD = timestamp
seq_len = None
LABEL_FIELD = label
threshold = None
NEG_PREFIX = neg_
load_col = {'inter': ['user_id', 'item_id', 'rating', 'timestamp'], 'user': ['user_id', 'age', 'gender', 'occupation', 'zip_code'], 'item': ['item_id', 'movie_title', 'release_year', 'class']}
unload_col = None
unused_col = None
additional_feat_suffix = None
rm_dup_inter = None
val_interval = None
filter_inter_by_user_or_item = True
user_inter_num_interval = None
item_inter_num_interval = None
alias_of_user_id = None
alias_of_item_id = None
alias_of_entity_id = None
alias_of_relation_id = None
preload_weight = None
normalize_field = None
normalize_all = True
ITEM_LIST_LENGTH_FIELD = item_length
LIST_SUFFIX = _list
MAX_ITEM_LIST_LENGTH = 32
POSITION_FIELD = position_id
HEAD_ENTITY_ID_FIELD = head_id
TAIL_ENTITY_ID_FIELD = tail_id
RELATION_ID_FIELD = relation_id
ENTITY_ID_FIELD = entity_id
kg_reverse_r = False
entity_kg_num_interval = None
relation_kg_num_interval = None
benchmark_filename = None

Other Hyper Parameters: 
worker = 0
wandb_project = recbole
shuffle = True
require_pow = False
enable_amp = False
enable_scaler = False
transform = None
numerical_features = []
discretization = None
MODEL_TYPE = ModelType.SEQUENTIAL
model_name = TimeWeaver
hidden_size = 64
num_layers = 2
hidden_dropout_prob = 0.5
initializer_range = 0.02
time_bucket_size = 1000
ema_decay = 0.1
tcn_kernel_size = -1
ffn_hidden_size = 256
loss_type = CE
early_stop = 10
neg_sampling = None
device = cuda
use_continuous_time = False
use_time_gate = False
use_time_augmentation = False
MODEL_INPUT_TYPE = InputType.POINTWISE
eval_type = EvaluatorType.RANKING
single_spec = True
local_rank = 0
valid_neg_sample_args = {'distribution': 'uniform', 'sample_num': 100}
test_neg_sample_args = {'distribution': 'uniform', 'sample_num': 100}


Mon 09 Feb 2026 15:09:32 INFO  ml-100k
The number of users: 944
Average actions of users: 106.04453870625663
The number of items: 1683
Average actions of items: 59.45303210463734
The number of inters: 100000
The sparsity of the dataset: 93.70575143257098%
Remain Fields: ['user_id', 'item_id', 'rating', 'timestamp', 'age', 'gender', 'occupation', 'zip_code', 'movie_title', 'release_year', 'class']
Mon 09 Feb 2026 15:09:33 INFO  [Training]: train_batch_size = [256] train_neg_sample_args: [{'distribution': 'none', 'sample_num': 'none', 'alpha': 'none', 'dynamic': False, 'candidate_num': 0}]
Mon 09 Feb 2026 15:09:33 INFO  [Evaluation]: eval_batch_size = [512] eval_args: [{'split': {'LS': 'valid_and_test'}, 'order': 'TO', 'group_by': 'user', 'mode': {'valid': 'uni100', 'test': 'uni100'}}]
Mon 09 Feb 2026 15:09:33 INFO  TimeWeaver(
  (item_embedding): Embedding(1683, 64, padding_idx=0)
  (time_aug): TimeAwareAugmentation(
    (pos_embedding): Embedding(32, 64)
    (time_embedding): Embedding(1000, 64)
    (layer_norm): LayerNorm((64,), eps=1e-05, elementwise_affine=True)
    (drop): Dropout(p=0.5, inplace=False)
  )
  (context_layers): ModuleList(
    (0-1): 2 x TCNNextBlock(
      (dw): DepthwiseConv1d(
        (conv): Conv1d(64, 64, kernel_size=(11,), stride=(1,), padding=(5,), groups=64)
        (bn): BatchNorm1d(64, eps=1e-05, momentum=0.1, affine=True, track_running_stats=True)
        (drop): Dropout(p=0.5, inplace=False)
      )
      (norm1): LayerNorm((64,), eps=1e-05, elementwise_affine=True)
      (conv_inter): ParallelConvInter(
        (conv1): Conv1d(64, 64, kernel_size=(1,), stride=(1,))
        (conv3): Conv1d(64, 64, kernel_size=(3,), stride=(1,), padding=(1,))
        (proj): Conv1d(64, 64, kernel_size=(1,), stride=(1,))
        (drop): Dropout(p=0.5, inplace=False)
      )
      (norm2): LayerNorm((64,), eps=1e-05, elementwise_affine=True)
      (ffn): Sequential(
        (0): Linear(in_features=64, out_features=256, bias=True)
        (1): GELU(approximate='none')
        (2): Dropout(p=0.5, inplace=False)
        (3): Linear(in_features=256, out_features=64, bias=True)
        (4): Dropout(p=0.5, inplace=False)
      )
      (norm3): LayerNorm((64,), eps=1e-05, elementwise_affine=True)
    )
  )
  (dynamic_layers): ModuleList(
    (0-1): 2 x EMAStream(
      (proj): Linear(in_features=64, out_features=64, bias=True)
    )
  )
  (weavers): ModuleList(
    (0-1): 2 x StreamWeaver(
      (proj): Linear(in_features=128, out_features=64, bias=True)
      (norm): LayerNorm((64,), eps=1e-05, elementwise_affine=True)
    )
  )
  (loss_fct): CrossEntropyLoss()
)
Trainable parameters: 309057.0
Mon 09 Feb 2026 15:09:34 INFO  FLOPs: 4298752.0
Mon 09 Feb 2026 15:10:06 INFO  epoch 0 training [time: 30.91s, train loss: 2448.4192]
Mon 09 Feb 2026 15:10:08 INFO  epoch 0 evaluating [time: 2.13s, valid_score: 0.272300]
Mon 09 Feb 2026 15:10:08 INFO  valid result: 
hit@10 : 0.649    ndcg@10 : 0.3606    mrr@10 : 0.2723
Mon 09 Feb 2026 15:10:08 INFO  Saving current: saved\TimeWeaver-Feb-09-2026_15-09-34.pth
Mon 09 Feb 2026 15:10:39 INFO  epoch 1 training [time: 31.26s, train loss: 2246.3702]
Mon 09 Feb 2026 15:10:41 INFO  epoch 1 evaluating [time: 2.02s, valid_score: 0.316000]
Mon 09 Feb 2026 15:10:41 INFO  valid result: 
hit@10 : 0.6999    ndcg@10 : 0.4063    mrr@10 : 0.316
Mon 09 Feb 2026 15:10:41 INFO  Saving current: saved\TimeWeaver-Feb-09-2026_15-09-34.pth
Mon 09 Feb 2026 15:11:13 INFO  epoch 2 training [time: 31.71s, train loss: 2206.8094]
Mon 09 Feb 2026 15:11:15 INFO  epoch 2 evaluating [time: 2.09s, valid_score: 0.320500]
Mon 09 Feb 2026 15:11:15 INFO  valid result: 
hit@10 : 0.6861    ndcg@10 : 0.4068    mrr@10 : 0.3205
Mon 09 Feb 2026 15:11:15 INFO  Saving current: saved\TimeWeaver-Feb-09-2026_15-09-34.pth
Mon 09 Feb 2026 15:11:48 INFO  epoch 3 training [time: 32.58s, train loss: 2182.6042]
Mon 09 Feb 2026 15:11:50 INFO  epoch 3 evaluating [time: 2.11s, valid_score: 0.326400]
Mon 09 Feb 2026 15:11:50 INFO  valid result: 
hit@10 : 0.7094    ndcg@10 : 0.4166    mrr@10 : 0.3264
Mon 09 Feb 2026 15:11:50 INFO  Saving current: saved\TimeWeaver-Feb-09-2026_15-09-34.pth
Mon 09 Feb 2026 15:12:21 INFO  epoch 4 training [time: 31.11s, train loss: 2164.9613]
Mon 09 Feb 2026 15:12:23 INFO  epoch 4 evaluating [time: 2.07s, valid_score: 0.343500]
Mon 09 Feb 2026 15:12:23 INFO  valid result: 
hit@10 : 0.7253    ndcg@10 : 0.434    mrr@10 : 0.3435
Mon 09 Feb 2026 15:12:23 INFO  Saving current: saved\TimeWeaver-Feb-09-2026_15-09-34.pth
Mon 09 Feb 2026 15:12:54 INFO  epoch 5 training [time: 31.17s, train loss: 2151.3867]
Mon 09 Feb 2026 15:12:56 INFO  epoch 5 evaluating [time: 2.09s, valid_score: 0.345000]
Mon 09 Feb 2026 15:12:56 INFO  valid result: 
hit@10 : 0.7232    ndcg@10 : 0.4344    mrr@10 : 0.345
Mon 09 Feb 2026 15:12:56 INFO  Saving current: saved\TimeWeaver-Feb-09-2026_15-09-34.pth
Mon 09 Feb 2026 15:13:27 INFO  epoch 6 training [time: 31.07s, train loss: 2140.6891]
Mon 09 Feb 2026 15:13:29 INFO  epoch 6 evaluating [time: 2.03s, valid_score: 0.338400]
Mon 09 Feb 2026 15:13:29 INFO  valid result: 
hit@10 : 0.7359    ndcg@10 : 0.4323    mrr@10 : 0.3384
Mon 09 Feb 2026 15:14:01 INFO  epoch 7 training [time: 31.39s, train loss: 2130.2621]
Mon 09 Feb 2026 15:14:03 INFO  epoch 7 evaluating [time: 2.08s, valid_score: 0.347400]
Mon 09 Feb 2026 15:14:03 INFO  valid result: 
hit@10 : 0.7328    ndcg@10 : 0.4386    mrr@10 : 0.3474
Mon 09 Feb 2026 15:14:03 INFO  Saving current: saved\TimeWeaver-Feb-09-2026_15-09-34.pth
Mon 09 Feb 2026 15:14:34 INFO  epoch 8 training [time: 31.61s, train loss: 2123.0195]
Mon 09 Feb 2026 15:14:36 INFO  epoch 8 evaluating [time: 2.02s, valid_score: 0.356500]
Mon 09 Feb 2026 15:14:36 INFO  valid result: 
hit@10 : 0.7232    ndcg@10 : 0.4437    mrr@10 : 0.3565
Mon 09 Feb 2026 15:14:36 INFO  Saving current: saved\TimeWeaver-Feb-09-2026_15-09-34.pth
Mon 09 Feb 2026 15:15:08 INFO  epoch 9 training [time: 31.13s, train loss: 2115.7241]
Mon 09 Feb 2026 15:15:10 INFO  epoch 9 evaluating [time: 2.10s, valid_score: 0.355900]
Mon 09 Feb 2026 15:15:10 INFO  valid result: 
hit@10 : 0.7413    ndcg@10 : 0.447    mrr@10 : 0.3559
Mon 09 Feb 2026 15:15:42 INFO  epoch 10 training [time: 32.20s, train loss: 2109.6748]
Mon 09 Feb 2026 15:15:44 INFO  epoch 10 evaluating [time: 2.15s, valid_score: 0.342200]
Mon 09 Feb 2026 15:15:44 INFO  valid result: 
hit@10 : 0.7264    ndcg@10 : 0.4331    mrr@10 : 0.3422
Mon 09 Feb 2026 15:16:15 INFO  epoch 11 training [time: 31.11s, train loss: 2102.8952]
Mon 09 Feb 2026 15:16:17 INFO  epoch 11 evaluating [time: 2.00s, valid_score: 0.344200]
Mon 09 Feb 2026 15:16:17 INFO  valid result: 
hit@10 : 0.7434    ndcg@10 : 0.439    mrr@10 : 0.3442
Mon 09 Feb 2026 15:16:48 INFO  epoch 12 training [time: 30.76s, train loss: 2099.2083]
Mon 09 Feb 2026 15:16:50 INFO  epoch 12 evaluating [time: 2.06s, valid_score: 0.347000]
Mon 09 Feb 2026 15:16:50 INFO  valid result: 
hit@10 : 0.7466    ndcg@10 : 0.4415    mrr@10 : 0.347
Mon 09 Feb 2026 15:17:20 INFO  epoch 13 training [time: 30.46s, train loss: 2093.1007]
Mon 09 Feb 2026 15:17:22 INFO  epoch 13 evaluating [time: 2.04s, valid_score: 0.359000]
Mon 09 Feb 2026 15:17:22 INFO  valid result: 
hit@10 : 0.7455    ndcg@10 : 0.4504    mrr@10 : 0.359
Mon 09 Feb 2026 15:17:22 INFO  Saving current: saved\TimeWeaver-Feb-09-2026_15-09-34.pth
Mon 09 Feb 2026 15:17:53 INFO  epoch 14 training [time: 30.76s, train loss: 2089.6174]
Mon 09 Feb 2026 15:17:55 INFO  epoch 14 evaluating [time: 2.03s, valid_score: 0.347800]
Mon 09 Feb 2026 15:17:55 INFO  valid result: 
hit@10 : 0.7423    ndcg@10 : 0.4411    mrr@10 : 0.3478
Mon 09 Feb 2026 15:18:27 INFO  epoch 15 training [time: 31.35s, train loss: 2084.9160]
Mon 09 Feb 2026 15:18:29 INFO  epoch 15 evaluating [time: 2.08s, valid_score: 0.364400]
Mon 09 Feb 2026 15:18:29 INFO  valid result: 
hit@10 : 0.7444    ndcg@10 : 0.4546    mrr@10 : 0.3644
Mon 09 Feb 2026 15:18:29 INFO  Saving current: saved\TimeWeaver-Feb-09-2026_15-09-34.pth
Mon 09 Feb 2026 15:18:59 INFO  epoch 16 training [time: 30.66s, train loss: 2082.4472]
Mon 09 Feb 2026 15:19:01 INFO  epoch 16 evaluating [time: 2.05s, valid_score: 0.349600]
Mon 09 Feb 2026 15:19:01 INFO  valid result: 
hit@10 : 0.737    ndcg@10 : 0.4417    mrr@10 : 0.3496
Mon 09 Feb 2026 15:19:34 INFO  epoch 17 training [time: 32.66s, train loss: 2078.4493]
Mon 09 Feb 2026 15:19:36 INFO  epoch 17 evaluating [time: 2.11s, valid_score: 0.344700]
Mon 09 Feb 2026 15:19:36 INFO  valid result: 
hit@10 : 0.7487    ndcg@10 : 0.4405    mrr@10 : 0.3447
Mon 09 Feb 2026 15:20:08 INFO  epoch 18 training [time: 31.62s, train loss: 2075.4055]
Mon 09 Feb 2026 15:20:10 INFO  epoch 18 evaluating [time: 2.03s, valid_score: 0.349500]
Mon 09 Feb 2026 15:20:10 INFO  valid result: 
hit@10 : 0.7434    ndcg@10 : 0.4422    mrr@10 : 0.3495
Mon 09 Feb 2026 15:20:40 INFO  epoch 19 training [time: 30.69s, train loss: 2072.0906]
Mon 09 Feb 2026 15:20:43 INFO  epoch 19 evaluating [time: 2.11s, valid_score: 0.357900]
Mon 09 Feb 2026 15:20:43 INFO  valid result: 
hit@10 : 0.7487    ndcg@10 : 0.4503    mrr@10 : 0.3579
Mon 09 Feb 2026 15:21:14 INFO  epoch 20 training [time: 31.07s, train loss: 2069.6634]
Mon 09 Feb 2026 15:21:16 INFO  epoch 20 evaluating [time: 1.99s, valid_score: 0.348900]
Mon 09 Feb 2026 15:21:16 INFO  valid result: 
hit@10 : 0.7402    ndcg@10 : 0.4418    mrr@10 : 0.3489
Mon 09 Feb 2026 15:21:47 INFO  epoch 21 training [time: 31.01s, train loss: 2067.6559]
Mon 09 Feb 2026 15:21:49 INFO  epoch 21 evaluating [time: 2.10s, valid_score: 0.349800]
Mon 09 Feb 2026 15:21:49 INFO  valid result: 
hit@10 : 0.7296    ndcg@10 : 0.4397    mrr@10 : 0.3498
Mon 09 Feb 2026 15:22:20 INFO  epoch 22 training [time: 31.59s, train loss: 2064.8406]
Mon 09 Feb 2026 15:22:22 INFO  epoch 22 evaluating [time: 2.08s, valid_score: 0.350600]
Mon 09 Feb 2026 15:22:22 INFO  valid result: 
hit@10 : 0.7306    ndcg@10 : 0.441    mrr@10 : 0.3506
Mon 09 Feb 2026 15:22:53 INFO  epoch 23 training [time: 31.04s, train loss: 2062.1626]
Mon 09 Feb 2026 15:22:55 INFO  epoch 23 evaluating [time: 2.02s, valid_score: 0.352800]
Mon 09 Feb 2026 15:22:55 INFO  valid result: 
hit@10 : 0.7455    ndcg@10 : 0.4458    mrr@10 : 0.3528
Mon 09 Feb 2026 15:23:28 INFO  epoch 24 training [time: 32.12s, train loss: 2060.2639]
Mon 09 Feb 2026 15:23:30 INFO  epoch 24 evaluating [time: 2.08s, valid_score: 0.354100]
Mon 09 Feb 2026 15:23:30 INFO  valid result: 
hit@10 : 0.7519    ndcg@10 : 0.448    mrr@10 : 0.3541
Mon 09 Feb 2026 15:24:02 INFO  epoch 25 training [time: 31.98s, train loss: 2057.8422]
Mon 09 Feb 2026 15:24:04 INFO  epoch 25 evaluating [time: 2.01s, valid_score: 0.338800]
Mon 09 Feb 2026 15:24:04 INFO  valid result: 
hit@10 : 0.7328    ndcg@10 : 0.4321    mrr@10 : 0.3388
Mon 09 Feb 2026 15:24:35 INFO  epoch 26 training [time: 30.86s, train loss: 2056.3584]
Mon 09 Feb 2026 15:24:37 INFO  epoch 26 evaluating [time: 2.06s, valid_score: 0.348600]
Mon 09 Feb 2026 15:24:37 INFO  valid result: 
hit@10 : 0.7413    ndcg@10 : 0.4416    mrr@10 : 0.3486
Mon 09 Feb 2026 15:24:37 INFO  Finished training, best eval result in epoch 15
Mon 09 Feb 2026 15:24:37 INFO  Loading model structure and parameters from saved\TimeWeaver-Feb-09-2026_15-09-34.pth
Mon 09 Feb 2026 15:24:40 INFO  The running environment of this training is as follows:
+-------------+----------------+
| Environment |     Usage      |
+=============+================+
| CPU         |     3.40 %     |
+-------------+----------------+
| GPU         | 0.16 G/6.00 G  |
+-------------+----------------+
| Memory      | 1.53 G/15.63 G |
+-------------+----------------+
Mon 09 Feb 2026 15:24:40 INFO  best valid : OrderedDict([('hit@10', 0.7444), ('ndcg@10', 0.4546), ('mrr@10', 0.3644)])
Mon 09 Feb 2026 15:24:40 INFO  test result: OrderedDict([('hit@10', 0.7147), ('ndcg@10', 0.4289), ('mrr@10', 0.3405)])
