Thu 19 Mar 2026 10:33:47 INFO  ['F:\\桌面\\recommendation_system\\scripts\\run_grid.py', '--models', 'timeweaver', '--datasets', 'amazon-sports-5core-longseq-full', '--seeds', '42,2023,2024', '--device', 'gpu', '--timeweaver-variant', 'gate_discrete', '--output', 'F:\\桌面\\recommendation_system\\results\\param_sweeps\\timeweaver_param_C_gate_hidden.json', '--tag', 'C_gate_hidden64', '--skip-if-done', '--tw-gate-hidden', '64']
Thu 19 Mar 2026 10:33:47 INFO  
General Hyper Parameters:
gpu_id = 0
use_gpu = True
seed = 42
state = INFO
reproducibility = True
data_path = data/amazon\amazon-sports-5core-longseq
checkpoint_dir = saved
show_progress = True
save_dataset = False
dataset_save_path = None
save_dataloaders = False
dataloaders_save_path = None
log_wandb = False

Training Hyper Parameters:
epochs = 100
train_batch_size = 256
learner = adam
learning_rate = 0.001
train_neg_sample_args = {'distribution': 'none', 'sample_num': 'none', 'alpha': 'none', 'dynamic': False, 'candidate_num': 0}
eval_step = 1
stopping_step = 10
clip_grad_norm = None
weight_decay = 0.0
loss_decimal_place = 4

Evaluation Hyper Parameters:
eval_args = {'split': {'LS': 'valid_and_test'}, 'order': 'TO', 'group_by': 'user', 'mode': {'valid': 'full', 'test': 'full'}}
repeatable = True
metrics = ['Hit', 'NDCG', 'MRR']
topk = [10]
valid_metric = Hit@10
valid_metric_bigger = True
eval_batch_size = 512
metric_decimal_place = 4

Dataset Hyper Parameters:
field_separator = 	
seq_separator =  
USER_ID_FIELD = user_id
ITEM_ID_FIELD = item_id
RATING_FIELD = rating
TIME_FIELD = timestamp
seq_len = None
LABEL_FIELD = label
threshold = None
NEG_PREFIX = neg_
load_col = {'inter': ['user_id', 'item_id', 'rating', 'timestamp']}
unload_col = None
unused_col = None
additional_feat_suffix = None
rm_dup_inter = None
val_interval = None
filter_inter_by_user_or_item = True
user_inter_num_interval = [0,inf)
item_inter_num_interval = [0,inf)
alias_of_user_id = None
alias_of_item_id = None
alias_of_entity_id = None
alias_of_relation_id = None
preload_weight = None
normalize_field = None
normalize_all = None
ITEM_LIST_LENGTH_FIELD = item_length
LIST_SUFFIX = _list
MAX_ITEM_LIST_LENGTH = 32
POSITION_FIELD = position_id
HEAD_ENTITY_ID_FIELD = head_id
TAIL_ENTITY_ID_FIELD = tail_id
RELATION_ID_FIELD = relation_id
ENTITY_ID_FIELD = entity_id
benchmark_filename = None

Other Hyper Parameters: 
worker = 0
wandb_project = recbole
shuffle = True
require_pow = False
enable_amp = False
enable_scaler = False
transform = None
numerical_features = []
discretization = None
kg_reverse_r = False
entity_kg_num_interval = [0,inf)
relation_kg_num_interval = [0,inf)
MODEL_TYPE = ModelType.SEQUENTIAL
contrastive_weight = 0.03
contrastive_temp = 0.2
time_aug_prob = 0.15
time_aug_strength = 0.05
time_aug_warmup_steps = 0
time_aug_ramp_steps = 2000
model_name = TimeWeaver
hidden_size = 64
num_layers = 2
hidden_dropout_prob = 0.5
initializer_range = 0.02
time_bucket_size = 1000
ema_decay = 0.5
tcn_kernel_size = -1
ffn_hidden_size = 256
loss_type = CE
early_stop = 10
neg_sampling = None
device = cuda
use_continuous_time = False
use_time_gate = True
use_time_augmentation = False
time_gate_hidden = 64
MODEL_INPUT_TYPE = InputType.POINTWISE
eval_type = EvaluatorType.RANKING
single_spec = True
local_rank = 0
valid_neg_sample_args = {'distribution': 'uniform', 'sample_num': 'none'}
test_neg_sample_args = {'distribution': 'uniform', 'sample_num': 'none'}


Thu 19 Mar 2026 10:33:48 INFO  amazon-sports-5core-longseq
The number of users: 2181
Average actions of users: 25.74678899082569
The number of items: 14556
Average actions of items: 3.8562693232566128
The number of inters: 56128
The sparsity of the dataset: 99.82320016520806%
Remain Fields: ['user_id', 'item_id', 'rating', 'timestamp']
Thu 19 Mar 2026 10:33:50 INFO  [Training]: train_batch_size = [256] train_neg_sample_args: [{'distribution': 'none', 'sample_num': 'none', 'alpha': 'none', 'dynamic': False, 'candidate_num': 0}]
Thu 19 Mar 2026 10:33:50 INFO  [Evaluation]: eval_batch_size = [512] eval_args: [{'split': {'LS': 'valid_and_test'}, 'order': 'TO', 'group_by': 'user', 'mode': {'valid': 'full', 'test': 'full'}}]
Thu 19 Mar 2026 10:33:50 INFO  TimeWeaver(
  (item_embedding): Embedding(14556, 64, padding_idx=0)
  (time_aug): TimeAwareAugmentation(
    (pos_embedding): Embedding(32, 64)
    (time_embedding): Embedding(1000, 64)
    (time_gate): TimeGate(
      (net): Sequential(
        (0): Linear(in_features=128, out_features=64, bias=True)
        (1): GELU(approximate='none')
        (2): Linear(in_features=64, out_features=64, bias=True)
        (3): Sigmoid()
      )
    )
    (layer_norm): LayerNorm((64,), eps=1e-05, elementwise_affine=True)
    (drop): Dropout(p=0.5, inplace=False)
  )
  (context_layers): ModuleList(
    (0-1): 2 x TCNNextBlock(
      (dw): DepthwiseConv1d(
        (conv): Conv1d(64, 64, kernel_size=(11,), stride=(1,), padding=(5,), groups=64)
        (bn): BatchNorm1d(64, eps=1e-05, momentum=0.1, affine=True, track_running_stats=True)
        (drop): Dropout(p=0.5, inplace=False)
      )
      (norm1): LayerNorm((64,), eps=1e-05, elementwise_affine=True)
      (conv_inter): ParallelConvInter(
        (conv1): Conv1d(64, 64, kernel_size=(1,), stride=(1,))
        (conv3): Conv1d(64, 64, kernel_size=(3,), stride=(1,), padding=(1,))
        (proj): Conv1d(64, 64, kernel_size=(1,), stride=(1,))
        (drop): Dropout(p=0.5, inplace=False)
      )
      (norm2): LayerNorm((64,), eps=1e-05, elementwise_affine=True)
      (ffn): Sequential(
        (0): Linear(in_features=64, out_features=256, bias=True)
        (1): GELU(approximate='none')
        (2): Dropout(p=0.5, inplace=False)
        (3): Linear(in_features=256, out_features=64, bias=True)
        (4): Dropout(p=0.5, inplace=False)
      )
      (norm3): LayerNorm((64,), eps=1e-05, elementwise_affine=True)
    )
  )
  (dynamic_layers): ModuleList(
    (0-1): 2 x EMAStream(
      (proj): Linear(in_features=64, out_features=64, bias=True)
    )
  )
  (weavers): ModuleList(
    (0-1): 2 x StreamWeaver(
      (proj): Linear(in_features=128, out_features=64, bias=True)
      (norm): LayerNorm((64,), eps=1e-05, elementwise_affine=True)
    )
  )
  (loss_fct): CrossEntropyLoss()
)
Trainable parameters: 1145346.0
Thu 19 Mar 2026 10:33:50 INFO  FLOPs: 4691968.0
Thu 19 Mar 2026 10:34:12 INFO  epoch 0 training [time: 19.32s, train loss: 1808.8850]
Thu 19 Mar 2026 10:34:12 INFO  epoch 0 evaluating [time: 0.12s, valid_score: 0.013300]
Thu 19 Mar 2026 10:34:12 INFO  valid result: 
hit@10 : 0.0133    ndcg@10 : 0.0068    mrr@10 : 0.0049
Thu 19 Mar 2026 10:34:12 INFO  Saving current: saved\TimeWeaver-Mar-19-2026_10-33-50.pth
Thu 19 Mar 2026 10:34:32 INFO  epoch 1 training [time: 19.80s, train loss: 1737.7037]
Thu 19 Mar 2026 10:34:32 INFO  epoch 1 evaluating [time: 0.09s, valid_score: 0.015100]
Thu 19 Mar 2026 10:34:32 INFO  valid result: 
hit@10 : 0.0151    ndcg@10 : 0.0079    mrr@10 : 0.0057
Thu 19 Mar 2026 10:34:32 INFO  Saving current: saved\TimeWeaver-Mar-19-2026_10-33-50.pth
Thu 19 Mar 2026 10:34:52 INFO  epoch 2 training [time: 19.94s, train loss: 1678.2988]
Thu 19 Mar 2026 10:34:52 INFO  epoch 2 evaluating [time: 0.09s, valid_score: 0.030300]
Thu 19 Mar 2026 10:34:52 INFO  valid result: 
hit@10 : 0.0303    ndcg@10 : 0.0154    mrr@10 : 0.0109
Thu 19 Mar 2026 10:34:52 INFO  Saving current: saved\TimeWeaver-Mar-19-2026_10-33-50.pth
Thu 19 Mar 2026 10:35:11 INFO  epoch 3 training [time: 19.64s, train loss: 1601.4079]
Thu 19 Mar 2026 10:35:12 INFO  epoch 3 evaluating [time: 0.10s, valid_score: 0.025700]
Thu 19 Mar 2026 10:35:12 INFO  valid result: 
hit@10 : 0.0257    ndcg@10 : 0.0129    mrr@10 : 0.0091
Thu 19 Mar 2026 10:35:32 INFO  epoch 4 training [time: 19.99s, train loss: 1521.3103]
Thu 19 Mar 2026 10:35:32 INFO  epoch 4 evaluating [time: 0.10s, valid_score: 0.027500]
Thu 19 Mar 2026 10:35:32 INFO  valid result: 
hit@10 : 0.0275    ndcg@10 : 0.0133    mrr@10 : 0.009
Thu 19 Mar 2026 10:35:52 INFO  epoch 5 training [time: 20.31s, train loss: 1444.0133]
Thu 19 Mar 2026 10:35:52 INFO  epoch 5 evaluating [time: 0.10s, valid_score: 0.028400]
Thu 19 Mar 2026 10:35:52 INFO  valid result: 
hit@10 : 0.0284    ndcg@10 : 0.0125    mrr@10 : 0.0076
Thu 19 Mar 2026 10:36:12 INFO  epoch 6 training [time: 19.72s, train loss: 1369.6571]
Thu 19 Mar 2026 10:36:12 INFO  epoch 6 evaluating [time: 0.10s, valid_score: 0.027500]
Thu 19 Mar 2026 10:36:12 INFO  valid result: 
hit@10 : 0.0275    ndcg@10 : 0.0119    mrr@10 : 0.0073
Thu 19 Mar 2026 10:36:31 INFO  epoch 7 training [time: 19.39s, train loss: 1298.7835]
Thu 19 Mar 2026 10:36:31 INFO  epoch 7 evaluating [time: 0.09s, valid_score: 0.029400]
Thu 19 Mar 2026 10:36:31 INFO  valid result: 
hit@10 : 0.0294    ndcg@10 : 0.0126    mrr@10 : 0.0076
Thu 19 Mar 2026 10:36:51 INFO  epoch 8 training [time: 19.42s, train loss: 1237.8429]
Thu 19 Mar 2026 10:36:51 INFO  epoch 8 evaluating [time: 0.10s, valid_score: 0.029800]
Thu 19 Mar 2026 10:36:51 INFO  valid result: 
hit@10 : 0.0298    ndcg@10 : 0.0124    mrr@10 : 0.0072
Thu 19 Mar 2026 10:37:10 INFO  epoch 9 training [time: 18.99s, train loss: 1186.2091]
Thu 19 Mar 2026 10:37:10 INFO  epoch 9 evaluating [time: 0.09s, valid_score: 0.029800]
Thu 19 Mar 2026 10:37:10 INFO  valid result: 
hit@10 : 0.0298    ndcg@10 : 0.0127    mrr@10 : 0.0075
Thu 19 Mar 2026 10:37:29 INFO  epoch 10 training [time: 19.33s, train loss: 1140.7153]
Thu 19 Mar 2026 10:37:29 INFO  epoch 10 evaluating [time: 0.11s, valid_score: 0.029800]
Thu 19 Mar 2026 10:37:29 INFO  valid result: 
hit@10 : 0.0298    ndcg@10 : 0.0129    mrr@10 : 0.0078
Thu 19 Mar 2026 10:37:49 INFO  epoch 11 training [time: 19.25s, train loss: 1102.2424]
Thu 19 Mar 2026 10:37:49 INFO  epoch 11 evaluating [time: 0.10s, valid_score: 0.030300]
Thu 19 Mar 2026 10:37:49 INFO  valid result: 
hit@10 : 0.0303    ndcg@10 : 0.0135    mrr@10 : 0.0084
Thu 19 Mar 2026 10:37:49 INFO  Saving current: saved\TimeWeaver-Mar-19-2026_10-33-50.pth
Thu 19 Mar 2026 10:38:08 INFO  epoch 12 training [time: 19.46s, train loss: 1067.4696]
Thu 19 Mar 2026 10:38:08 INFO  epoch 12 evaluating [time: 0.08s, valid_score: 0.030300]
Thu 19 Mar 2026 10:38:08 INFO  valid result: 
hit@10 : 0.0303    ndcg@10 : 0.013    mrr@10 : 0.0077
Thu 19 Mar 2026 10:38:08 INFO  Saving current: saved\TimeWeaver-Mar-19-2026_10-33-50.pth
Thu 19 Mar 2026 10:38:28 INFO  epoch 13 training [time: 19.46s, train loss: 1036.8268]
Thu 19 Mar 2026 10:38:28 INFO  epoch 13 evaluating [time: 0.09s, valid_score: 0.032100]
Thu 19 Mar 2026 10:38:28 INFO  valid result: 
hit@10 : 0.0321    ndcg@10 : 0.0137    mrr@10 : 0.0082
Thu 19 Mar 2026 10:38:28 INFO  Saving current: saved\TimeWeaver-Mar-19-2026_10-33-50.pth
Thu 19 Mar 2026 10:38:47 INFO  epoch 14 training [time: 19.52s, train loss: 1009.0986]
Thu 19 Mar 2026 10:38:48 INFO  epoch 14 evaluating [time: 0.09s, valid_score: 0.032100]
Thu 19 Mar 2026 10:38:48 INFO  valid result: 
hit@10 : 0.0321    ndcg@10 : 0.0139    mrr@10 : 0.0084
Thu 19 Mar 2026 10:38:48 INFO  Saving current: saved\TimeWeaver-Mar-19-2026_10-33-50.pth
Thu 19 Mar 2026 10:39:07 INFO  epoch 15 training [time: 19.45s, train loss: 985.8890]
Thu 19 Mar 2026 10:39:07 INFO  epoch 15 evaluating [time: 0.09s, valid_score: 0.027500]
Thu 19 Mar 2026 10:39:07 INFO  valid result: 
hit@10 : 0.0275    ndcg@10 : 0.0118    mrr@10 : 0.007
Thu 19 Mar 2026 10:39:27 INFO  epoch 16 training [time: 19.80s, train loss: 960.3842]
Thu 19 Mar 2026 10:39:27 INFO  epoch 16 evaluating [time: 0.10s, valid_score: 0.028900]
Thu 19 Mar 2026 10:39:27 INFO  valid result: 
hit@10 : 0.0289    ndcg@10 : 0.0122    mrr@10 : 0.0072
Thu 19 Mar 2026 10:39:47 INFO  epoch 17 training [time: 20.42s, train loss: 938.7365]
Thu 19 Mar 2026 10:39:48 INFO  epoch 17 evaluating [time: 0.09s, valid_score: 0.028000]
Thu 19 Mar 2026 10:39:48 INFO  valid result: 
hit@10 : 0.028    ndcg@10 : 0.0121    mrr@10 : 0.0074
Thu 19 Mar 2026 10:40:07 INFO  epoch 18 training [time: 19.79s, train loss: 916.5868]
Thu 19 Mar 2026 10:40:07 INFO  epoch 18 evaluating [time: 0.10s, valid_score: 0.030700]
Thu 19 Mar 2026 10:40:07 INFO  valid result: 
hit@10 : 0.0307    ndcg@10 : 0.0128    mrr@10 : 0.0075
Thu 19 Mar 2026 10:40:27 INFO  epoch 19 training [time: 19.45s, train loss: 896.5670]
Thu 19 Mar 2026 10:40:27 INFO  epoch 19 evaluating [time: 0.11s, valid_score: 0.032100]
Thu 19 Mar 2026 10:40:27 INFO  valid result: 
hit@10 : 0.0321    ndcg@10 : 0.0134    mrr@10 : 0.0078
Thu 19 Mar 2026 10:40:27 INFO  Saving current: saved\TimeWeaver-Mar-19-2026_10-33-50.pth
Thu 19 Mar 2026 10:40:47 INFO  epoch 20 training [time: 19.68s, train loss: 879.7337]
Thu 19 Mar 2026 10:40:47 INFO  epoch 20 evaluating [time: 0.10s, valid_score: 0.026600]
Thu 19 Mar 2026 10:40:47 INFO  valid result: 
hit@10 : 0.0266    ndcg@10 : 0.0116    mrr@10 : 0.0071
Thu 19 Mar 2026 10:41:07 INFO  epoch 21 training [time: 20.10s, train loss: 862.3820]
Thu 19 Mar 2026 10:41:07 INFO  epoch 21 evaluating [time: 0.10s, valid_score: 0.025700]
Thu 19 Mar 2026 10:41:07 INFO  valid result: 
hit@10 : 0.0257    ndcg@10 : 0.0105    mrr@10 : 0.006
Thu 19 Mar 2026 10:41:27 INFO  epoch 22 training [time: 20.21s, train loss: 845.8664]
Thu 19 Mar 2026 10:41:27 INFO  epoch 22 evaluating [time: 0.09s, valid_score: 0.025700]
Thu 19 Mar 2026 10:41:27 INFO  valid result: 
hit@10 : 0.0257    ndcg@10 : 0.0108    mrr@10 : 0.0064
Thu 19 Mar 2026 10:41:47 INFO  epoch 23 training [time: 20.09s, train loss: 832.1429]
Thu 19 Mar 2026 10:41:47 INFO  epoch 23 evaluating [time: 0.09s, valid_score: 0.026100]
Thu 19 Mar 2026 10:41:47 INFO  valid result: 
hit@10 : 0.0261    ndcg@10 : 0.0109    mrr@10 : 0.0064
Thu 19 Mar 2026 10:42:07 INFO  epoch 24 training [time: 19.92s, train loss: 817.3964]
Thu 19 Mar 2026 10:42:08 INFO  epoch 24 evaluating [time: 0.09s, valid_score: 0.023900]
Thu 19 Mar 2026 10:42:08 INFO  valid result: 
hit@10 : 0.0239    ndcg@10 : 0.0101    mrr@10 : 0.006
Thu 19 Mar 2026 10:42:31 INFO  epoch 25 training [time: 23.90s, train loss: 804.1757]
Thu 19 Mar 2026 10:42:32 INFO  epoch 25 evaluating [time: 0.10s, valid_score: 0.024300]
Thu 19 Mar 2026 10:42:32 INFO  valid result: 
hit@10 : 0.0243    ndcg@10 : 0.0103    mrr@10 : 0.0061
Thu 19 Mar 2026 10:42:55 INFO  epoch 26 training [time: 23.91s, train loss: 793.4395]
Thu 19 Mar 2026 10:42:56 INFO  epoch 26 evaluating [time: 0.09s, valid_score: 0.022500]
Thu 19 Mar 2026 10:42:56 INFO  valid result: 
hit@10 : 0.0225    ndcg@10 : 0.0099    mrr@10 : 0.0061
Thu 19 Mar 2026 10:43:15 INFO  epoch 27 training [time: 19.85s, train loss: 776.0407]
Thu 19 Mar 2026 10:43:15 INFO  epoch 27 evaluating [time: 0.09s, valid_score: 0.024800]
Thu 19 Mar 2026 10:43:15 INFO  valid result: 
hit@10 : 0.0248    ndcg@10 : 0.0105    mrr@10 : 0.0062
Thu 19 Mar 2026 10:43:36 INFO  epoch 28 training [time: 20.28s, train loss: 765.3809]
Thu 19 Mar 2026 10:43:36 INFO  epoch 28 evaluating [time: 0.09s, valid_score: 0.023900]
Thu 19 Mar 2026 10:43:36 INFO  valid result: 
hit@10 : 0.0239    ndcg@10 : 0.01    mrr@10 : 0.0059
Thu 19 Mar 2026 10:43:56 INFO  epoch 29 training [time: 20.22s, train loss: 754.9185]
Thu 19 Mar 2026 10:43:56 INFO  epoch 29 evaluating [time: 0.09s, valid_score: 0.023400]
Thu 19 Mar 2026 10:43:56 INFO  valid result: 
hit@10 : 0.0234    ndcg@10 : 0.0107    mrr@10 : 0.007
Thu 19 Mar 2026 10:44:16 INFO  epoch 30 training [time: 19.72s, train loss: 743.5466]
Thu 19 Mar 2026 10:44:16 INFO  epoch 30 evaluating [time: 0.09s, valid_score: 0.022000]
Thu 19 Mar 2026 10:44:16 INFO  valid result: 
hit@10 : 0.022    ndcg@10 : 0.0099    mrr@10 : 0.0063
Thu 19 Mar 2026 10:44:16 INFO  Finished training, best eval result in epoch 19
Thu 19 Mar 2026 10:44:16 INFO  Loading model structure and parameters from saved\TimeWeaver-Mar-19-2026_10-33-50.pth
Thu 19 Mar 2026 10:44:17 INFO  The running environment of this training is as follows:
+-------------+----------------+
| Environment |     Usage      |
+=============+================+
| CPU         |     4.60 %     |
+-------------+----------------+
| GPU         | 0.34 G/6.00 G  |
+-------------+----------------+
| Memory      | 1.51 G/15.63 G |
+-------------+----------------+
Thu 19 Mar 2026 10:44:17 INFO  best valid : OrderedDict([('hit@10', 0.0321), ('ndcg@10', 0.0134), ('mrr@10', 0.0078)])
Thu 19 Mar 2026 10:44:17 INFO  test result: OrderedDict([('hit@10', 0.0261), ('ndcg@10', 0.0117), ('mrr@10', 0.0074)])
Thu 19 Mar 2026 10:44:17 WARNING  command line args [--models timeweaver --datasets amazon-sports-5core-longseq-full --seeds 42,2023,2024 --device gpu --timeweaver-variant gate_discrete --output F:\桌面\recommendation_system\results\param_sweeps\timeweaver_param_C_gate_hidden.json --tag C_gate_hidden64 --skip-if-done --tw-gate-hidden 64] will not be used in RecBole
Thu 19 Mar 2026 10:44:17 INFO  ['F:\\桌面\\recommendation_system\\scripts\\run_grid.py', '--models', 'timeweaver', '--datasets', 'amazon-sports-5core-longseq-full', '--seeds', '42,2023,2024', '--device', 'gpu', '--timeweaver-variant', 'gate_discrete', '--output', 'F:\\桌面\\recommendation_system\\results\\param_sweeps\\timeweaver_param_C_gate_hidden.json', '--tag', 'C_gate_hidden64', '--skip-if-done', '--tw-gate-hidden', '64']
Thu 19 Mar 2026 10:44:17 INFO  
General Hyper Parameters:
gpu_id = 0
use_gpu = True
seed = 2023
state = INFO
reproducibility = True
data_path = data/amazon\amazon-sports-5core-longseq
checkpoint_dir = saved
show_progress = True
save_dataset = False
dataset_save_path = None
save_dataloaders = False
dataloaders_save_path = None
log_wandb = False

Training Hyper Parameters:
epochs = 100
train_batch_size = 256
learner = adam
learning_rate = 0.001
train_neg_sample_args = {'distribution': 'none', 'sample_num': 'none', 'alpha': 'none', 'dynamic': False, 'candidate_num': 0}
eval_step = 1
stopping_step = 10
clip_grad_norm = None
weight_decay = 0.0
loss_decimal_place = 4

Evaluation Hyper Parameters:
eval_args = {'split': {'LS': 'valid_and_test'}, 'order': 'TO', 'group_by': 'user', 'mode': {'valid': 'full', 'test': 'full'}}
repeatable = True
metrics = ['Hit', 'NDCG', 'MRR']
topk = [10]
valid_metric = Hit@10
valid_metric_bigger = True
eval_batch_size = 512
metric_decimal_place = 4

Dataset Hyper Parameters:
field_separator = 	
seq_separator =  
USER_ID_FIELD = user_id
ITEM_ID_FIELD = item_id
RATING_FIELD = rating
TIME_FIELD = timestamp
seq_len = None
LABEL_FIELD = label
threshold = None
NEG_PREFIX = neg_
load_col = {'inter': ['user_id', 'item_id', 'rating', 'timestamp']}
unload_col = None
unused_col = None
additional_feat_suffix = None
rm_dup_inter = None
val_interval = None
filter_inter_by_user_or_item = True
user_inter_num_interval = [0,inf)
item_inter_num_interval = [0,inf)
alias_of_user_id = None
alias_of_item_id = None
alias_of_entity_id = None
alias_of_relation_id = None
preload_weight = None
normalize_field = None
normalize_all = None
ITEM_LIST_LENGTH_FIELD = item_length
LIST_SUFFIX = _list
MAX_ITEM_LIST_LENGTH = 32
POSITION_FIELD = position_id
HEAD_ENTITY_ID_FIELD = head_id
TAIL_ENTITY_ID_FIELD = tail_id
RELATION_ID_FIELD = relation_id
ENTITY_ID_FIELD = entity_id
benchmark_filename = None

Other Hyper Parameters: 
worker = 0
wandb_project = recbole
shuffle = True
require_pow = False
enable_amp = False
enable_scaler = False
transform = None
numerical_features = []
discretization = None
kg_reverse_r = False
entity_kg_num_interval = [0,inf)
relation_kg_num_interval = [0,inf)
MODEL_TYPE = ModelType.SEQUENTIAL
contrastive_weight = 0.03
contrastive_temp = 0.2
time_aug_prob = 0.15
time_aug_strength = 0.05
time_aug_warmup_steps = 0
time_aug_ramp_steps = 2000
model_name = TimeWeaver
hidden_size = 64
num_layers = 2
hidden_dropout_prob = 0.5
initializer_range = 0.02
time_bucket_size = 1000
ema_decay = 0.5
tcn_kernel_size = -1
ffn_hidden_size = 256
loss_type = CE
early_stop = 10
neg_sampling = None
device = cuda
use_continuous_time = False
use_time_gate = True
use_time_augmentation = False
time_gate_hidden = 64
MODEL_INPUT_TYPE = InputType.POINTWISE
eval_type = EvaluatorType.RANKING
single_spec = True
local_rank = 0
valid_neg_sample_args = {'distribution': 'uniform', 'sample_num': 'none'}
test_neg_sample_args = {'distribution': 'uniform', 'sample_num': 'none'}


Thu 19 Mar 2026 10:44:17 INFO  amazon-sports-5core-longseq
The number of users: 2181
Average actions of users: 25.74678899082569
The number of items: 14556
Average actions of items: 3.8562693232566128
The number of inters: 56128
The sparsity of the dataset: 99.82320016520806%
Remain Fields: ['user_id', 'item_id', 'rating', 'timestamp']
Thu 19 Mar 2026 10:44:19 INFO  [Training]: train_batch_size = [256] train_neg_sample_args: [{'distribution': 'none', 'sample_num': 'none', 'alpha': 'none', 'dynamic': False, 'candidate_num': 0}]
Thu 19 Mar 2026 10:44:19 INFO  [Evaluation]: eval_batch_size = [512] eval_args: [{'split': {'LS': 'valid_and_test'}, 'order': 'TO', 'group_by': 'user', 'mode': {'valid': 'full', 'test': 'full'}}]
Thu 19 Mar 2026 10:44:19 INFO  TimeWeaver(
  (item_embedding): Embedding(14556, 64, padding_idx=0)
  (time_aug): TimeAwareAugmentation(
    (pos_embedding): Embedding(32, 64)
    (time_embedding): Embedding(1000, 64)
    (time_gate): TimeGate(
      (net): Sequential(
        (0): Linear(in_features=128, out_features=64, bias=True)
        (1): GELU(approximate='none')
        (2): Linear(in_features=64, out_features=64, bias=True)
        (3): Sigmoid()
      )
    )
    (layer_norm): LayerNorm((64,), eps=1e-05, elementwise_affine=True)
    (drop): Dropout(p=0.5, inplace=False)
  )
  (context_layers): ModuleList(
    (0-1): 2 x TCNNextBlock(
      (dw): DepthwiseConv1d(
        (conv): Conv1d(64, 64, kernel_size=(11,), stride=(1,), padding=(5,), groups=64)
        (bn): BatchNorm1d(64, eps=1e-05, momentum=0.1, affine=True, track_running_stats=True)
        (drop): Dropout(p=0.5, inplace=False)
      )
      (norm1): LayerNorm((64,), eps=1e-05, elementwise_affine=True)
      (conv_inter): ParallelConvInter(
        (conv1): Conv1d(64, 64, kernel_size=(1,), stride=(1,))
        (conv3): Conv1d(64, 64, kernel_size=(3,), stride=(1,), padding=(1,))
        (proj): Conv1d(64, 64, kernel_size=(1,), stride=(1,))
        (drop): Dropout(p=0.5, inplace=False)
      )
      (norm2): LayerNorm((64,), eps=1e-05, elementwise_affine=True)
      (ffn): Sequential(
        (0): Linear(in_features=64, out_features=256, bias=True)
        (1): GELU(approximate='none')
        (2): Dropout(p=0.5, inplace=False)
        (3): Linear(in_features=256, out_features=64, bias=True)
        (4): Dropout(p=0.5, inplace=False)
      )
      (norm3): LayerNorm((64,), eps=1e-05, elementwise_affine=True)
    )
  )
  (dynamic_layers): ModuleList(
    (0-1): 2 x EMAStream(
      (proj): Linear(in_features=64, out_features=64, bias=True)
    )
  )
  (weavers): ModuleList(
    (0-1): 2 x StreamWeaver(
      (proj): Linear(in_features=128, out_features=64, bias=True)
      (norm): LayerNorm((64,), eps=1e-05, elementwise_affine=True)
    )
  )
  (loss_fct): CrossEntropyLoss()
)
Trainable parameters: 1145346.0
Thu 19 Mar 2026 10:44:19 INFO  FLOPs: 4691968.0
Thu 19 Mar 2026 10:44:38 INFO  epoch 0 training [time: 19.49s, train loss: 1808.5985]
Thu 19 Mar 2026 10:44:38 INFO  epoch 0 evaluating [time: 0.10s, valid_score: 0.011500]
Thu 19 Mar 2026 10:44:38 INFO  valid result: 
hit@10 : 0.0115    ndcg@10 : 0.0063    mrr@10 : 0.0047
Thu 19 Mar 2026 10:44:38 INFO  Saving current: saved\TimeWeaver-Mar-19-2026_10-44-19.pth
Thu 19 Mar 2026 10:44:58 INFO  epoch 1 training [time: 19.52s, train loss: 1736.9322]
Thu 19 Mar 2026 10:44:58 INFO  epoch 1 evaluating [time: 0.09s, valid_score: 0.017900]
Thu 19 Mar 2026 10:44:58 INFO  valid result: 
hit@10 : 0.0179    ndcg@10 : 0.0082    mrr@10 : 0.0054
Thu 19 Mar 2026 10:44:58 INFO  Saving current: saved\TimeWeaver-Mar-19-2026_10-44-19.pth
Thu 19 Mar 2026 10:45:17 INFO  epoch 2 training [time: 19.62s, train loss: 1676.5475]
Thu 19 Mar 2026 10:45:18 INFO  epoch 2 evaluating [time: 0.10s, valid_score: 0.028400]
Thu 19 Mar 2026 10:45:18 INFO  valid result: 
hit@10 : 0.0284    ndcg@10 : 0.0128    mrr@10 : 0.0081
Thu 19 Mar 2026 10:45:18 INFO  Saving current: saved\TimeWeaver-Mar-19-2026_10-44-19.pth
Thu 19 Mar 2026 10:45:38 INFO  epoch 3 training [time: 19.95s, train loss: 1600.0954]
Thu 19 Mar 2026 10:45:38 INFO  epoch 3 evaluating [time: 0.10s, valid_score: 0.030300]
Thu 19 Mar 2026 10:45:38 INFO  valid result: 
hit@10 : 0.0303    ndcg@10 : 0.0142    mrr@10 : 0.0094
Thu 19 Mar 2026 10:45:38 INFO  Saving current: saved\TimeWeaver-Mar-19-2026_10-44-19.pth
Thu 19 Mar 2026 10:45:58 INFO  epoch 4 training [time: 19.87s, train loss: 1520.5954]
Thu 19 Mar 2026 10:45:58 INFO  epoch 4 evaluating [time: 0.10s, valid_score: 0.030300]
Thu 19 Mar 2026 10:45:58 INFO  valid result: 
hit@10 : 0.0303    ndcg@10 : 0.0145    mrr@10 : 0.0097
Thu 19 Mar 2026 10:45:58 INFO  Saving current: saved\TimeWeaver-Mar-19-2026_10-44-19.pth
Thu 19 Mar 2026 10:46:18 INFO  epoch 5 training [time: 19.90s, train loss: 1442.8375]
Thu 19 Mar 2026 10:46:18 INFO  epoch 5 evaluating [time: 0.09s, valid_score: 0.031200]
Thu 19 Mar 2026 10:46:18 INFO  valid result: 
hit@10 : 0.0312    ndcg@10 : 0.0147    mrr@10 : 0.0096
Thu 19 Mar 2026 10:46:18 INFO  Saving current: saved\TimeWeaver-Mar-19-2026_10-44-19.pth
Thu 19 Mar 2026 10:46:38 INFO  epoch 6 training [time: 20.02s, train loss: 1369.2291]
Thu 19 Mar 2026 10:46:38 INFO  epoch 6 evaluating [time: 0.09s, valid_score: 0.032600]
Thu 19 Mar 2026 10:46:38 INFO  valid result: 
hit@10 : 0.0326    ndcg@10 : 0.0146    mrr@10 : 0.0092
Thu 19 Mar 2026 10:46:38 INFO  Saving current: saved\TimeWeaver-Mar-19-2026_10-44-19.pth
Thu 19 Mar 2026 10:46:58 INFO  epoch 7 training [time: 20.37s, train loss: 1298.7835]
Thu 19 Mar 2026 10:46:58 INFO  epoch 7 evaluating [time: 0.10s, valid_score: 0.035300]
Thu 19 Mar 2026 10:46:58 INFO  valid result: 
hit@10 : 0.0353    ndcg@10 : 0.0156    mrr@10 : 0.0096
Thu 19 Mar 2026 10:46:58 INFO  Saving current: saved\TimeWeaver-Mar-19-2026_10-44-19.pth
Thu 19 Mar 2026 10:47:18 INFO  epoch 8 training [time: 19.89s, train loss: 1237.7720]
Thu 19 Mar 2026 10:47:18 INFO  epoch 8 evaluating [time: 0.10s, valid_score: 0.031700]
Thu 19 Mar 2026 10:47:18 INFO  valid result: 
hit@10 : 0.0317    ndcg@10 : 0.0144    mrr@10 : 0.0092
Thu 19 Mar 2026 10:47:39 INFO  epoch 9 training [time: 20.72s, train loss: 1187.7637]
Thu 19 Mar 2026 10:47:39 INFO  epoch 9 evaluating [time: 0.09s, valid_score: 0.032100]
Thu 19 Mar 2026 10:47:39 INFO  valid result: 
hit@10 : 0.0321    ndcg@10 : 0.0144    mrr@10 : 0.009
Thu 19 Mar 2026 10:48:00 INFO  epoch 10 training [time: 20.51s, train loss: 1140.1881]
Thu 19 Mar 2026 10:48:00 INFO  epoch 10 evaluating [time: 0.10s, valid_score: 0.032600]
Thu 19 Mar 2026 10:48:00 INFO  valid result: 
hit@10 : 0.0326    ndcg@10 : 0.015    mrr@10 : 0.0096
Thu 19 Mar 2026 10:48:23 INFO  epoch 11 training [time: 23.41s, train loss: 1104.3438]
Thu 19 Mar 2026 10:48:23 INFO  epoch 11 evaluating [time: 0.07s, valid_score: 0.031700]
Thu 19 Mar 2026 10:48:23 INFO  valid result: 
hit@10 : 0.0317    ndcg@10 : 0.0137    mrr@10 : 0.0082
Thu 19 Mar 2026 10:48:44 INFO  epoch 12 training [time: 20.58s, train loss: 1071.3832]
Thu 19 Mar 2026 10:48:44 INFO  epoch 12 evaluating [time: 0.10s, valid_score: 0.033500]
Thu 19 Mar 2026 10:48:44 INFO  valid result: 
hit@10 : 0.0335    ndcg@10 : 0.0137    mrr@10 : 0.0078
Thu 19 Mar 2026 10:49:04 INFO  epoch 13 training [time: 19.87s, train loss: 1041.7694]
Thu 19 Mar 2026 10:49:04 INFO  epoch 13 evaluating [time: 0.09s, valid_score: 0.031200]
Thu 19 Mar 2026 10:49:04 INFO  valid result: 
hit@10 : 0.0312    ndcg@10 : 0.0138    mrr@10 : 0.0084
Thu 19 Mar 2026 10:49:24 INFO  epoch 14 training [time: 20.29s, train loss: 1014.4908]
Thu 19 Mar 2026 10:49:24 INFO  epoch 14 evaluating [time: 0.09s, valid_score: 0.030300]
Thu 19 Mar 2026 10:49:24 INFO  valid result: 
hit@10 : 0.0303    ndcg@10 : 0.013    mrr@10 : 0.0077
Thu 19 Mar 2026 10:49:45 INFO  epoch 15 training [time: 20.59s, train loss: 986.3423]
Thu 19 Mar 2026 10:49:45 INFO  epoch 15 evaluating [time: 0.10s, valid_score: 0.028400]
Thu 19 Mar 2026 10:49:45 INFO  valid result: 
hit@10 : 0.0284    ndcg@10 : 0.0123    mrr@10 : 0.0075
Thu 19 Mar 2026 10:50:05 INFO  epoch 16 training [time: 20.05s, train loss: 966.7176]
Thu 19 Mar 2026 10:50:05 INFO  epoch 16 evaluating [time: 0.10s, valid_score: 0.022500]
Thu 19 Mar 2026 10:50:05 INFO  valid result: 
hit@10 : 0.0225    ndcg@10 : 0.0103    mrr@10 : 0.0066
Thu 19 Mar 2026 10:50:25 INFO  epoch 17 training [time: 19.68s, train loss: 943.9653]
Thu 19 Mar 2026 10:50:25 INFO  epoch 17 evaluating [time: 0.10s, valid_score: 0.022900]
Thu 19 Mar 2026 10:50:25 INFO  valid result: 
hit@10 : 0.0229    ndcg@10 : 0.0097    mrr@10 : 0.0057
Thu 19 Mar 2026 10:50:45 INFO  epoch 18 training [time: 20.03s, train loss: 922.4351]
Thu 19 Mar 2026 10:50:45 INFO  epoch 18 evaluating [time: 0.10s, valid_score: 0.024800]
Thu 19 Mar 2026 10:50:45 INFO  valid result: 
hit@10 : 0.0248    ndcg@10 : 0.0114    mrr@10 : 0.0073
Thu 19 Mar 2026 10:50:45 INFO  Finished training, best eval result in epoch 7
Thu 19 Mar 2026 10:50:45 INFO  Loading model structure and parameters from saved\TimeWeaver-Mar-19-2026_10-44-19.pth
Thu 19 Mar 2026 10:50:46 INFO  The running environment of this training is as follows:
+-------------+----------------+
| Environment |     Usage      |
+=============+================+
| CPU         |     9.60 %     |
+-------------+----------------+
| GPU         | 0.34 G/6.00 G  |
+-------------+----------------+
| Memory      | 1.48 G/15.63 G |
+-------------+----------------+
Thu 19 Mar 2026 10:50:46 INFO  best valid : OrderedDict([('hit@10', 0.0353), ('ndcg@10', 0.0156), ('mrr@10', 0.0096)])
Thu 19 Mar 2026 10:50:46 INFO  test result: OrderedDict([('hit@10', 0.0243), ('ndcg@10', 0.0118), ('mrr@10', 0.0079)])
Thu 19 Mar 2026 10:50:46 WARNING  command line args [--models timeweaver --datasets amazon-sports-5core-longseq-full --seeds 42,2023,2024 --device gpu --timeweaver-variant gate_discrete --output F:\桌面\recommendation_system\results\param_sweeps\timeweaver_param_C_gate_hidden.json --tag C_gate_hidden64 --skip-if-done --tw-gate-hidden 64] will not be used in RecBole
Thu 19 Mar 2026 10:50:46 INFO  ['F:\\桌面\\recommendation_system\\scripts\\run_grid.py', '--models', 'timeweaver', '--datasets', 'amazon-sports-5core-longseq-full', '--seeds', '42,2023,2024', '--device', 'gpu', '--timeweaver-variant', 'gate_discrete', '--output', 'F:\\桌面\\recommendation_system\\results\\param_sweeps\\timeweaver_param_C_gate_hidden.json', '--tag', 'C_gate_hidden64', '--skip-if-done', '--tw-gate-hidden', '64']
Thu 19 Mar 2026 10:50:46 INFO  
General Hyper Parameters:
gpu_id = 0
use_gpu = True
seed = 2024
state = INFO
reproducibility = True
data_path = data/amazon\amazon-sports-5core-longseq
checkpoint_dir = saved
show_progress = True
save_dataset = False
dataset_save_path = None
save_dataloaders = False
dataloaders_save_path = None
log_wandb = False

Training Hyper Parameters:
epochs = 100
train_batch_size = 256
learner = adam
learning_rate = 0.001
train_neg_sample_args = {'distribution': 'none', 'sample_num': 'none', 'alpha': 'none', 'dynamic': False, 'candidate_num': 0}
eval_step = 1
stopping_step = 10
clip_grad_norm = None
weight_decay = 0.0
loss_decimal_place = 4

Evaluation Hyper Parameters:
eval_args = {'split': {'LS': 'valid_and_test'}, 'order': 'TO', 'group_by': 'user', 'mode': {'valid': 'full', 'test': 'full'}}
repeatable = True
metrics = ['Hit', 'NDCG', 'MRR']
topk = [10]
valid_metric = Hit@10
valid_metric_bigger = True
eval_batch_size = 512
metric_decimal_place = 4

Dataset Hyper Parameters:
field_separator = 	
seq_separator =  
USER_ID_FIELD = user_id
ITEM_ID_FIELD = item_id
RATING_FIELD = rating
TIME_FIELD = timestamp
seq_len = None
LABEL_FIELD = label
threshold = None
NEG_PREFIX = neg_
load_col = {'inter': ['user_id', 'item_id', 'rating', 'timestamp']}
unload_col = None
unused_col = None
additional_feat_suffix = None
rm_dup_inter = None
val_interval = None
filter_inter_by_user_or_item = True
user_inter_num_interval = [0,inf)
item_inter_num_interval = [0,inf)
alias_of_user_id = None
alias_of_item_id = None
alias_of_entity_id = None
alias_of_relation_id = None
preload_weight = None
normalize_field = None
normalize_all = None
ITEM_LIST_LENGTH_FIELD = item_length
LIST_SUFFIX = _list
MAX_ITEM_LIST_LENGTH = 32
POSITION_FIELD = position_id
HEAD_ENTITY_ID_FIELD = head_id
TAIL_ENTITY_ID_FIELD = tail_id
RELATION_ID_FIELD = relation_id
ENTITY_ID_FIELD = entity_id
benchmark_filename = None

Other Hyper Parameters: 
worker = 0
wandb_project = recbole
shuffle = True
require_pow = False
enable_amp = False
enable_scaler = False
transform = None
numerical_features = []
discretization = None
kg_reverse_r = False
entity_kg_num_interval = [0,inf)
relation_kg_num_interval = [0,inf)
MODEL_TYPE = ModelType.SEQUENTIAL
contrastive_weight = 0.03
contrastive_temp = 0.2
time_aug_prob = 0.15
time_aug_strength = 0.05
time_aug_warmup_steps = 0
time_aug_ramp_steps = 2000
model_name = TimeWeaver
hidden_size = 64
num_layers = 2
hidden_dropout_prob = 0.5
initializer_range = 0.02
time_bucket_size = 1000
ema_decay = 0.5
tcn_kernel_size = -1
ffn_hidden_size = 256
loss_type = CE
early_stop = 10
neg_sampling = None
device = cuda
use_continuous_time = False
use_time_gate = True
use_time_augmentation = False
time_gate_hidden = 64
MODEL_INPUT_TYPE = InputType.POINTWISE
eval_type = EvaluatorType.RANKING
single_spec = True
local_rank = 0
valid_neg_sample_args = {'distribution': 'uniform', 'sample_num': 'none'}
test_neg_sample_args = {'distribution': 'uniform', 'sample_num': 'none'}


Thu 19 Mar 2026 10:50:46 INFO  amazon-sports-5core-longseq
The number of users: 2181
Average actions of users: 25.74678899082569
The number of items: 14556
Average actions of items: 3.8562693232566128
The number of inters: 56128
The sparsity of the dataset: 99.82320016520806%
Remain Fields: ['user_id', 'item_id', 'rating', 'timestamp']
Thu 19 Mar 2026 10:50:47 INFO  [Training]: train_batch_size = [256] train_neg_sample_args: [{'distribution': 'none', 'sample_num': 'none', 'alpha': 'none', 'dynamic': False, 'candidate_num': 0}]
Thu 19 Mar 2026 10:50:47 INFO  [Evaluation]: eval_batch_size = [512] eval_args: [{'split': {'LS': 'valid_and_test'}, 'order': 'TO', 'group_by': 'user', 'mode': {'valid': 'full', 'test': 'full'}}]
Thu 19 Mar 2026 10:50:47 INFO  TimeWeaver(
  (item_embedding): Embedding(14556, 64, padding_idx=0)
  (time_aug): TimeAwareAugmentation(
    (pos_embedding): Embedding(32, 64)
    (time_embedding): Embedding(1000, 64)
    (time_gate): TimeGate(
      (net): Sequential(
        (0): Linear(in_features=128, out_features=64, bias=True)
        (1): GELU(approximate='none')
        (2): Linear(in_features=64, out_features=64, bias=True)
        (3): Sigmoid()
      )
    )
    (layer_norm): LayerNorm((64,), eps=1e-05, elementwise_affine=True)
    (drop): Dropout(p=0.5, inplace=False)
  )
  (context_layers): ModuleList(
    (0-1): 2 x TCNNextBlock(
      (dw): DepthwiseConv1d(
        (conv): Conv1d(64, 64, kernel_size=(11,), stride=(1,), padding=(5,), groups=64)
        (bn): BatchNorm1d(64, eps=1e-05, momentum=0.1, affine=True, track_running_stats=True)
        (drop): Dropout(p=0.5, inplace=False)
      )
      (norm1): LayerNorm((64,), eps=1e-05, elementwise_affine=True)
      (conv_inter): ParallelConvInter(
        (conv1): Conv1d(64, 64, kernel_size=(1,), stride=(1,))
        (conv3): Conv1d(64, 64, kernel_size=(3,), stride=(1,), padding=(1,))
        (proj): Conv1d(64, 64, kernel_size=(1,), stride=(1,))
        (drop): Dropout(p=0.5, inplace=False)
      )
      (norm2): LayerNorm((64,), eps=1e-05, elementwise_affine=True)
      (ffn): Sequential(
        (0): Linear(in_features=64, out_features=256, bias=True)
        (1): GELU(approximate='none')
        (2): Dropout(p=0.5, inplace=False)
        (3): Linear(in_features=256, out_features=64, bias=True)
        (4): Dropout(p=0.5, inplace=False)
      )
      (norm3): LayerNorm((64,), eps=1e-05, elementwise_affine=True)
    )
  )
  (dynamic_layers): ModuleList(
    (0-1): 2 x EMAStream(
      (proj): Linear(in_features=64, out_features=64, bias=True)
    )
  )
  (weavers): ModuleList(
    (0-1): 2 x StreamWeaver(
      (proj): Linear(in_features=128, out_features=64, bias=True)
      (norm): LayerNorm((64,), eps=1e-05, elementwise_affine=True)
    )
  )
  (loss_fct): CrossEntropyLoss()
)
Trainable parameters: 1145346.0
Thu 19 Mar 2026 10:50:47 INFO  FLOPs: 4691968.0
Thu 19 Mar 2026 10:51:07 INFO  epoch 0 training [time: 19.74s, train loss: 1808.5512]
Thu 19 Mar 2026 10:51:07 INFO  epoch 0 evaluating [time: 0.09s, valid_score: 0.011500]
Thu 19 Mar 2026 10:51:07 INFO  valid result: 
hit@10 : 0.0115    ndcg@10 : 0.0064    mrr@10 : 0.0048
Thu 19 Mar 2026 10:51:07 INFO  Saving current: saved\TimeWeaver-Mar-19-2026_10-50-47.pth
Thu 19 Mar 2026 10:51:28 INFO  epoch 1 training [time: 21.00s, train loss: 1737.5090]
Thu 19 Mar 2026 10:51:28 INFO  epoch 1 evaluating [time: 0.08s, valid_score: 0.017900]
Thu 19 Mar 2026 10:51:28 INFO  valid result: 
hit@10 : 0.0179    ndcg@10 : 0.0089    mrr@10 : 0.0062
Thu 19 Mar 2026 10:51:28 INFO  Saving current: saved\TimeWeaver-Mar-19-2026_10-50-47.pth
Thu 19 Mar 2026 10:51:50 INFO  epoch 2 training [time: 21.14s, train loss: 1676.0233]
Thu 19 Mar 2026 10:51:50 INFO  epoch 2 evaluating [time: 0.10s, valid_score: 0.024800]
Thu 19 Mar 2026 10:51:50 INFO  valid result: 
hit@10 : 0.0248    ndcg@10 : 0.0121    mrr@10 : 0.0084
Thu 19 Mar 2026 10:51:50 INFO  Saving current: saved\TimeWeaver-Mar-19-2026_10-50-47.pth
Thu 19 Mar 2026 10:52:10 INFO  epoch 3 training [time: 20.68s, train loss: 1601.6382]
Thu 19 Mar 2026 10:52:10 INFO  epoch 3 evaluating [time: 0.09s, valid_score: 0.025700]
Thu 19 Mar 2026 10:52:10 INFO  valid result: 
hit@10 : 0.0257    ndcg@10 : 0.0118    mrr@10 : 0.0077
Thu 19 Mar 2026 10:52:11 INFO  Saving current: saved\TimeWeaver-Mar-19-2026_10-50-47.pth
Thu 19 Mar 2026 10:52:31 INFO  epoch 4 training [time: 20.55s, train loss: 1523.2737]
Thu 19 Mar 2026 10:52:31 INFO  epoch 4 evaluating [time: 0.12s, valid_score: 0.028900]
Thu 19 Mar 2026 10:52:31 INFO  valid result: 
hit@10 : 0.0289    ndcg@10 : 0.0137    mrr@10 : 0.009
Thu 19 Mar 2026 10:52:31 INFO  Saving current: saved\TimeWeaver-Mar-19-2026_10-50-47.pth
Thu 19 Mar 2026 10:52:51 INFO  epoch 5 training [time: 20.14s, train loss: 1444.3052]
Thu 19 Mar 2026 10:52:51 INFO  epoch 5 evaluating [time: 0.09s, valid_score: 0.035800]
Thu 19 Mar 2026 10:52:51 INFO  valid result: 
hit@10 : 0.0358    ndcg@10 : 0.0166    mrr@10 : 0.0107
Thu 19 Mar 2026 10:52:51 INFO  Saving current: saved\TimeWeaver-Mar-19-2026_10-50-47.pth
Thu 19 Mar 2026 10:53:12 INFO  epoch 6 training [time: 20.43s, train loss: 1368.5326]
Thu 19 Mar 2026 10:53:12 INFO  epoch 6 evaluating [time: 0.10s, valid_score: 0.033900]
Thu 19 Mar 2026 10:53:12 INFO  valid result: 
hit@10 : 0.0339    ndcg@10 : 0.0164    mrr@10 : 0.011
Thu 19 Mar 2026 10:53:33 INFO  epoch 7 training [time: 20.75s, train loss: 1297.8887]
Thu 19 Mar 2026 10:53:33 INFO  epoch 7 evaluating [time: 0.09s, valid_score: 0.035300]
Thu 19 Mar 2026 10:53:33 INFO  valid result: 
hit@10 : 0.0353    ndcg@10 : 0.0147    mrr@10 : 0.0085
Thu 19 Mar 2026 10:53:54 INFO  epoch 8 training [time: 20.69s, train loss: 1236.0334]
Thu 19 Mar 2026 10:53:54 INFO  epoch 8 evaluating [time: 0.10s, valid_score: 0.035300]
Thu 19 Mar 2026 10:53:54 INFO  valid result: 
hit@10 : 0.0353    ndcg@10 : 0.0158    mrr@10 : 0.0098
Thu 19 Mar 2026 10:54:14 INFO  epoch 9 training [time: 20.15s, train loss: 1181.6764]
Thu 19 Mar 2026 10:54:14 INFO  epoch 9 evaluating [time: 0.09s, valid_score: 0.034400]
Thu 19 Mar 2026 10:54:14 INFO  valid result: 
hit@10 : 0.0344    ndcg@10 : 0.0152    mrr@10 : 0.0094
Thu 19 Mar 2026 10:54:34 INFO  epoch 10 training [time: 20.03s, train loss: 1137.9569]
Thu 19 Mar 2026 10:54:34 INFO  epoch 10 evaluating [time: 0.10s, valid_score: 0.030700]
Thu 19 Mar 2026 10:54:34 INFO  valid result: 
hit@10 : 0.0307    ndcg@10 : 0.0142    mrr@10 : 0.0092
Thu 19 Mar 2026 10:54:54 INFO  epoch 11 training [time: 19.99s, train loss: 1097.3551]
Thu 19 Mar 2026 10:54:54 INFO  epoch 11 evaluating [time: 0.10s, valid_score: 0.029400]
Thu 19 Mar 2026 10:54:54 INFO  valid result: 
hit@10 : 0.0294    ndcg@10 : 0.0141    mrr@10 : 0.0093
Thu 19 Mar 2026 10:55:15 INFO  epoch 12 training [time: 20.52s, train loss: 1064.8597]
Thu 19 Mar 2026 10:55:15 INFO  epoch 12 evaluating [time: 0.08s, valid_score: 0.029400]
Thu 19 Mar 2026 10:55:15 INFO  valid result: 
hit@10 : 0.0294    ndcg@10 : 0.0132    mrr@10 : 0.0083
Thu 19 Mar 2026 10:55:35 INFO  epoch 13 training [time: 20.75s, train loss: 1032.8497]
Thu 19 Mar 2026 10:55:36 INFO  epoch 13 evaluating [time: 0.09s, valid_score: 0.027100]
Thu 19 Mar 2026 10:55:36 INFO  valid result: 
hit@10 : 0.0271    ndcg@10 : 0.0125    mrr@10 : 0.008
Thu 19 Mar 2026 10:55:56 INFO  epoch 14 training [time: 20.45s, train loss: 1006.9683]
Thu 19 Mar 2026 10:55:56 INFO  epoch 14 evaluating [time: 0.11s, valid_score: 0.026100]
Thu 19 Mar 2026 10:55:56 INFO  valid result: 
hit@10 : 0.0261    ndcg@10 : 0.0123    mrr@10 : 0.008
Thu 19 Mar 2026 10:56:17 INFO  epoch 15 training [time: 20.47s, train loss: 980.4117]
Thu 19 Mar 2026 10:56:17 INFO  epoch 15 evaluating [time: 0.09s, valid_score: 0.028400]
Thu 19 Mar 2026 10:56:17 INFO  valid result: 
hit@10 : 0.0284    ndcg@10 : 0.013    mrr@10 : 0.0084
Thu 19 Mar 2026 10:56:37 INFO  epoch 16 training [time: 20.10s, train loss: 960.1059]
Thu 19 Mar 2026 10:56:37 INFO  epoch 16 evaluating [time: 0.10s, valid_score: 0.025700]
Thu 19 Mar 2026 10:56:37 INFO  valid result: 
hit@10 : 0.0257    ndcg@10 : 0.0113    mrr@10 : 0.0069
Thu 19 Mar 2026 10:56:37 INFO  Finished training, best eval result in epoch 5
Thu 19 Mar 2026 10:56:37 INFO  Loading model structure and parameters from saved\TimeWeaver-Mar-19-2026_10-50-47.pth
Thu 19 Mar 2026 10:56:38 INFO  The running environment of this training is as follows:
+-------------+----------------+
| Environment |     Usage      |
+=============+================+
| CPU         |     4.00 %     |
+-------------+----------------+
| GPU         | 0.34 G/6.00 G  |
+-------------+----------------+
| Memory      | 1.49 G/15.63 G |
+-------------+----------------+
Thu 19 Mar 2026 10:56:38 INFO  best valid : OrderedDict([('hit@10', 0.0358), ('ndcg@10', 0.0166), ('mrr@10', 0.0107)])
Thu 19 Mar 2026 10:56:38 INFO  test result: OrderedDict([('hit@10', 0.022), ('ndcg@10', 0.011), ('mrr@10', 0.0077)])
