Mon 09 Feb 2026 17:20:48 INFO  ['F:\\桌面\\recommendation_system\\scripts\\run_grid.py', '--models', 'timeweaver', '--datasets', 'ml-100k', '--seeds', '42', '--device', 'gpu', '--timeweaver-variant', 'base', '--tag', 'e0p1_k7_d0p2_l1_f256_b1000', '--output', 'results/run_grid_timeweaver_tune.json', '--tw-ema-decay', '0.1', '--tw-tcn-kernel', '7', '--tw-hidden-dropout', '0.2', '--tw-num-layers', '1', '--tw-ffn-hidden', '256', '--tw-time-bucket', '1000']
Mon 09 Feb 2026 17:20:48 INFO  
General Hyper Parameters:
gpu_id = 0
use_gpu = True
seed = 42
state = INFO
reproducibility = True
data_path = F:\anaconda3\envs\rec39\Lib\site-packages\recbole\config\../dataset_example/ml-100k
checkpoint_dir = saved
show_progress = True
save_dataset = False
dataset_save_path = None
save_dataloaders = False
dataloaders_save_path = None
log_wandb = False

Training Hyper Parameters:
epochs = 100
train_batch_size = 256
learner = adam
learning_rate = 0.001
train_neg_sample_args = {'distribution': 'none', 'sample_num': 'none', 'alpha': 'none', 'dynamic': False, 'candidate_num': 0}
eval_step = 1
stopping_step = 10
clip_grad_norm = None
weight_decay = 0.0
loss_decimal_place = 4

Evaluation Hyper Parameters:
eval_args = {'split': {'LS': 'valid_and_test'}, 'order': 'TO', 'group_by': 'user', 'mode': {'valid': 'uni100', 'test': 'uni100'}}
repeatable = True
metrics = ['Hit', 'NDCG', 'MRR']
topk = [10]
valid_metric = MRR@10
valid_metric_bigger = True
eval_batch_size = 512
metric_decimal_place = 4

Dataset Hyper Parameters:
field_separator = 	
seq_separator =  
USER_ID_FIELD = user_id
ITEM_ID_FIELD = item_id
RATING_FIELD = rating
TIME_FIELD = timestamp
seq_len = None
LABEL_FIELD = label
threshold = None
NEG_PREFIX = neg_
load_col = {'inter': ['user_id', 'item_id', 'rating', 'timestamp'], 'user': ['user_id', 'age', 'gender', 'occupation', 'zip_code'], 'item': ['item_id', 'movie_title', 'release_year', 'class']}
unload_col = None
unused_col = None
additional_feat_suffix = None
rm_dup_inter = None
val_interval = None
filter_inter_by_user_or_item = True
user_inter_num_interval = None
item_inter_num_interval = None
alias_of_user_id = None
alias_of_item_id = None
alias_of_entity_id = None
alias_of_relation_id = None
preload_weight = None
normalize_field = None
normalize_all = True
ITEM_LIST_LENGTH_FIELD = item_length
LIST_SUFFIX = _list
MAX_ITEM_LIST_LENGTH = 32
POSITION_FIELD = position_id
HEAD_ENTITY_ID_FIELD = head_id
TAIL_ENTITY_ID_FIELD = tail_id
RELATION_ID_FIELD = relation_id
ENTITY_ID_FIELD = entity_id
kg_reverse_r = False
entity_kg_num_interval = None
relation_kg_num_interval = None
benchmark_filename = None

Other Hyper Parameters: 
worker = 0
wandb_project = recbole
shuffle = True
require_pow = False
enable_amp = False
enable_scaler = False
transform = None
numerical_features = []
discretization = None
MODEL_TYPE = ModelType.SEQUENTIAL
model_name = TimeWeaver
hidden_size = 64
num_layers = 1
hidden_dropout_prob = 0.2
initializer_range = 0.02
time_bucket_size = 1000
ema_decay = 0.1
tcn_kernel_size = 7
ffn_hidden_size = 256
loss_type = CE
early_stop = 10
neg_sampling = None
device = cuda
use_continuous_time = False
use_time_gate = False
use_time_augmentation = False
MODEL_INPUT_TYPE = InputType.POINTWISE
eval_type = EvaluatorType.RANKING
single_spec = True
local_rank = 0
valid_neg_sample_args = {'distribution': 'uniform', 'sample_num': 100}
test_neg_sample_args = {'distribution': 'uniform', 'sample_num': 100}


Mon 09 Feb 2026 17:20:49 INFO  ml-100k
The number of users: 944
Average actions of users: 106.04453870625663
The number of items: 1683
Average actions of items: 59.45303210463734
The number of inters: 100000
The sparsity of the dataset: 93.70575143257098%
Remain Fields: ['user_id', 'item_id', 'rating', 'timestamp', 'age', 'gender', 'occupation', 'zip_code', 'movie_title', 'release_year', 'class']
Mon 09 Feb 2026 17:20:50 INFO  [Training]: train_batch_size = [256] train_neg_sample_args: [{'distribution': 'none', 'sample_num': 'none', 'alpha': 'none', 'dynamic': False, 'candidate_num': 0}]
Mon 09 Feb 2026 17:20:50 INFO  [Evaluation]: eval_batch_size = [512] eval_args: [{'split': {'LS': 'valid_and_test'}, 'order': 'TO', 'group_by': 'user', 'mode': {'valid': 'uni100', 'test': 'uni100'}}]
Mon 09 Feb 2026 17:20:50 INFO  TimeWeaver(
  (item_embedding): Embedding(1683, 64, padding_idx=0)
  (time_aug): TimeAwareAugmentation(
    (pos_embedding): Embedding(32, 64)
    (time_embedding): Embedding(1000, 64)
    (layer_norm): LayerNorm((64,), eps=1e-05, elementwise_affine=True)
    (drop): Dropout(p=0.2, inplace=False)
  )
  (context_layers): ModuleList(
    (0): TCNNextBlock(
      (dw): DepthwiseConv1d(
        (conv): Conv1d(64, 64, kernel_size=(7,), stride=(1,), padding=(3,), groups=64)
        (bn): BatchNorm1d(64, eps=1e-05, momentum=0.1, affine=True, track_running_stats=True)
        (drop): Dropout(p=0.2, inplace=False)
      )
      (norm1): LayerNorm((64,), eps=1e-05, elementwise_affine=True)
      (conv_inter): ParallelConvInter(
        (conv1): Conv1d(64, 64, kernel_size=(1,), stride=(1,))
        (conv3): Conv1d(64, 64, kernel_size=(3,), stride=(1,), padding=(1,))
        (proj): Conv1d(64, 64, kernel_size=(1,), stride=(1,))
        (drop): Dropout(p=0.2, inplace=False)
      )
      (norm2): LayerNorm((64,), eps=1e-05, elementwise_affine=True)
      (ffn): Sequential(
        (0): Linear(in_features=64, out_features=256, bias=True)
        (1): GELU(approximate='none')
        (2): Dropout(p=0.2, inplace=False)
        (3): Linear(in_features=256, out_features=64, bias=True)
        (4): Dropout(p=0.2, inplace=False)
      )
      (norm3): LayerNorm((64,), eps=1e-05, elementwise_affine=True)
    )
  )
  (dynamic_layers): ModuleList(
    (0): EMAStream(
      (proj): Linear(in_features=64, out_features=64, bias=True)
    )
  )
  (weavers): ModuleList(
    (0): StreamWeaver(
      (proj): Linear(in_features=128, out_features=64, bias=True)
      (norm): LayerNorm((64,), eps=1e-05, elementwise_affine=True)
    )
  )
  (loss_fct): CrossEntropyLoss()
)
Trainable parameters: 241217.0
Mon 09 Feb 2026 17:20:50 INFO  FLOPs: 2146304.0
Mon 09 Feb 2026 17:21:10 INFO  epoch 0 training [time: 18.27s, train loss: 2422.9433]
Mon 09 Feb 2026 17:21:12 INFO  epoch 0 evaluating [time: 1.74s, valid_score: 0.284200]
Mon 09 Feb 2026 17:21:12 INFO  valid result: 
hit@10 : 0.6607    ndcg@10 : 0.3725    mrr@10 : 0.2842
Mon 09 Feb 2026 17:21:12 INFO  Saving current: saved\TimeWeaver-Feb-09-2026_17-20-50.pth
Mon 09 Feb 2026 17:21:30 INFO  epoch 1 training [time: 18.52s, train loss: 2225.6025]
Mon 09 Feb 2026 17:21:32 INFO  epoch 1 evaluating [time: 1.78s, valid_score: 0.336400]
Mon 09 Feb 2026 17:21:32 INFO  valid result: 
hit@10 : 0.7041    ndcg@10 : 0.4233    mrr@10 : 0.3364
Mon 09 Feb 2026 17:21:32 INFO  Saving current: saved\TimeWeaver-Feb-09-2026_17-20-50.pth
Mon 09 Feb 2026 17:21:51 INFO  epoch 2 training [time: 19.18s, train loss: 2179.2754]
Mon 09 Feb 2026 17:21:53 INFO  epoch 2 evaluating [time: 1.78s, valid_score: 0.341100]
Mon 09 Feb 2026 17:21:53 INFO  valid result: 
hit@10 : 0.7137    ndcg@10 : 0.429    mrr@10 : 0.3411
Mon 09 Feb 2026 17:21:53 INFO  Saving current: saved\TimeWeaver-Feb-09-2026_17-20-50.pth
Mon 09 Feb 2026 17:22:12 INFO  epoch 3 training [time: 19.12s, train loss: 2152.9295]
Mon 09 Feb 2026 17:22:14 INFO  epoch 3 evaluating [time: 1.77s, valid_score: 0.341600]
Mon 09 Feb 2026 17:22:14 INFO  valid result: 
hit@10 : 0.7275    ndcg@10 : 0.4326    mrr@10 : 0.3416
Mon 09 Feb 2026 17:22:14 INFO  Saving current: saved\TimeWeaver-Feb-09-2026_17-20-50.pth
Mon 09 Feb 2026 17:22:33 INFO  epoch 4 training [time: 19.15s, train loss: 2133.2272]
Mon 09 Feb 2026 17:22:35 INFO  epoch 4 evaluating [time: 1.77s, valid_score: 0.349600]
Mon 09 Feb 2026 17:22:35 INFO  valid result: 
hit@10 : 0.7529    ndcg@10 : 0.4449    mrr@10 : 0.3496
Mon 09 Feb 2026 17:22:35 INFO  Saving current: saved\TimeWeaver-Feb-09-2026_17-20-50.pth
Mon 09 Feb 2026 17:22:53 INFO  epoch 5 training [time: 18.57s, train loss: 2117.3941]
Mon 09 Feb 2026 17:22:55 INFO  epoch 5 evaluating [time: 1.74s, valid_score: 0.347100]
Mon 09 Feb 2026 17:22:55 INFO  valid result: 
hit@10 : 0.7306    ndcg@10 : 0.4383    mrr@10 : 0.3471
Mon 09 Feb 2026 17:23:15 INFO  epoch 6 training [time: 19.47s, train loss: 2102.9202]
Mon 09 Feb 2026 17:23:16 INFO  epoch 6 evaluating [time: 1.81s, valid_score: 0.340700]
Mon 09 Feb 2026 17:23:16 INFO  valid result: 
hit@10 : 0.755    ndcg@10 : 0.4385    mrr@10 : 0.3407
Mon 09 Feb 2026 17:23:36 INFO  epoch 7 training [time: 19.82s, train loss: 2091.9681]
Mon 09 Feb 2026 17:23:38 INFO  epoch 7 evaluating [time: 1.91s, valid_score: 0.354000]
Mon 09 Feb 2026 17:23:38 INFO  valid result: 
hit@10 : 0.7317    ndcg@10 : 0.4434    mrr@10 : 0.354
Mon 09 Feb 2026 17:23:38 INFO  Saving current: saved\TimeWeaver-Feb-09-2026_17-20-50.pth
Mon 09 Feb 2026 17:23:58 INFO  epoch 8 training [time: 19.46s, train loss: 2082.9895]
Mon 09 Feb 2026 17:23:59 INFO  epoch 8 evaluating [time: 1.92s, valid_score: 0.347600]
Mon 09 Feb 2026 17:23:59 INFO  valid result: 
hit@10 : 0.7349    ndcg@10 : 0.4394    mrr@10 : 0.3476
Mon 09 Feb 2026 17:24:18 INFO  epoch 9 training [time: 18.75s, train loss: 2074.3265]
Mon 09 Feb 2026 17:24:20 INFO  epoch 9 evaluating [time: 1.73s, valid_score: 0.350000]
Mon 09 Feb 2026 17:24:20 INFO  valid result: 
hit@10 : 0.7434    ndcg@10 : 0.4429    mrr@10 : 0.35
Mon 09 Feb 2026 17:24:39 INFO  epoch 10 training [time: 18.74s, train loss: 2066.7585]
Mon 09 Feb 2026 17:24:40 INFO  epoch 10 evaluating [time: 1.79s, valid_score: 0.336700]
Mon 09 Feb 2026 17:24:40 INFO  valid result: 
hit@10 : 0.7359    ndcg@10 : 0.431    mrr@10 : 0.3367
Mon 09 Feb 2026 17:25:00 INFO  epoch 11 training [time: 19.11s, train loss: 2060.2637]
Mon 09 Feb 2026 17:25:01 INFO  epoch 11 evaluating [time: 1.77s, valid_score: 0.345300]
Mon 09 Feb 2026 17:25:01 INFO  valid result: 
hit@10 : 0.7328    ndcg@10 : 0.437    mrr@10 : 0.3453
Mon 09 Feb 2026 17:25:20 INFO  epoch 12 training [time: 18.59s, train loss: 2053.9879]
Mon 09 Feb 2026 17:25:22 INFO  epoch 12 evaluating [time: 1.74s, valid_score: 0.335100]
Mon 09 Feb 2026 17:25:22 INFO  valid result: 
hit@10 : 0.7275    ndcg@10 : 0.4277    mrr@10 : 0.3351
Mon 09 Feb 2026 17:25:40 INFO  epoch 13 training [time: 18.80s, train loss: 2048.8712]
Mon 09 Feb 2026 17:25:42 INFO  epoch 13 evaluating [time: 1.77s, valid_score: 0.342800]
Mon 09 Feb 2026 17:25:42 INFO  valid result: 
hit@10 : 0.737    ndcg@10 : 0.4359    mrr@10 : 0.3428
Mon 09 Feb 2026 17:26:01 INFO  epoch 14 training [time: 19.05s, train loss: 2042.7643]
Mon 09 Feb 2026 17:26:03 INFO  epoch 14 evaluating [time: 1.82s, valid_score: 0.337800]
Mon 09 Feb 2026 17:26:03 INFO  valid result: 
hit@10 : 0.7349    ndcg@10 : 0.4313    mrr@10 : 0.3378
Mon 09 Feb 2026 17:26:22 INFO  epoch 15 training [time: 19.15s, train loss: 2038.5966]
Mon 09 Feb 2026 17:26:24 INFO  epoch 15 evaluating [time: 1.81s, valid_score: 0.357300]
Mon 09 Feb 2026 17:26:24 INFO  valid result: 
hit@10 : 0.7179    ndcg@10 : 0.4428    mrr@10 : 0.3573
Mon 09 Feb 2026 17:26:24 INFO  Saving current: saved\TimeWeaver-Feb-09-2026_17-20-50.pth
Mon 09 Feb 2026 17:26:43 INFO  epoch 16 training [time: 18.94s, train loss: 2033.9496]
Mon 09 Feb 2026 17:26:45 INFO  epoch 16 evaluating [time: 1.73s, valid_score: 0.344300]
Mon 09 Feb 2026 17:26:45 INFO  valid result: 
hit@10 : 0.7232    ndcg@10 : 0.434    mrr@10 : 0.3443
Mon 09 Feb 2026 17:27:04 INFO  epoch 17 training [time: 18.87s, train loss: 2030.1060]
Mon 09 Feb 2026 17:27:05 INFO  epoch 17 evaluating [time: 1.79s, valid_score: 0.335600]
Mon 09 Feb 2026 17:27:05 INFO  valid result: 
hit@10 : 0.737    ndcg@10 : 0.4301    mrr@10 : 0.3356
Mon 09 Feb 2026 17:27:25 INFO  epoch 18 training [time: 19.70s, train loss: 2025.0119]
Mon 09 Feb 2026 17:27:27 INFO  epoch 18 evaluating [time: 1.83s, valid_score: 0.332000]
Mon 09 Feb 2026 17:27:27 INFO  valid result: 
hit@10 : 0.7253    ndcg@10 : 0.4246    mrr@10 : 0.332
Mon 09 Feb 2026 17:27:47 INFO  epoch 19 training [time: 19.66s, train loss: 2022.2316]
Mon 09 Feb 2026 17:27:48 INFO  epoch 19 evaluating [time: 1.84s, valid_score: 0.341300]
Mon 09 Feb 2026 17:27:48 INFO  valid result: 
hit@10 : 0.7285    ndcg@10 : 0.433    mrr@10 : 0.3413
Mon 09 Feb 2026 17:28:08 INFO  epoch 20 training [time: 19.29s, train loss: 2018.1951]
Mon 09 Feb 2026 17:28:09 INFO  epoch 20 evaluating [time: 1.75s, valid_score: 0.338100]
Mon 09 Feb 2026 17:28:09 INFO  valid result: 
hit@10 : 0.7243    ndcg@10 : 0.4295    mrr@10 : 0.3381
Mon 09 Feb 2026 17:28:28 INFO  epoch 21 training [time: 18.65s, train loss: 2014.1472]
Mon 09 Feb 2026 17:28:30 INFO  epoch 21 evaluating [time: 1.73s, valid_score: 0.332900]
Mon 09 Feb 2026 17:28:30 INFO  valid result: 
hit@10 : 0.7253    ndcg@10 : 0.4256    mrr@10 : 0.3329
Mon 09 Feb 2026 17:28:49 INFO  epoch 22 training [time: 19.13s, train loss: 2010.6735]
Mon 09 Feb 2026 17:28:51 INFO  epoch 22 evaluating [time: 1.83s, valid_score: 0.336800]
Mon 09 Feb 2026 17:28:51 INFO  valid result: 
hit@10 : 0.7084    ndcg@10 : 0.4248    mrr@10 : 0.3368
Mon 09 Feb 2026 17:29:10 INFO  epoch 23 training [time: 19.16s, train loss: 2007.6186]
Mon 09 Feb 2026 17:29:12 INFO  epoch 23 evaluating [time: 1.72s, valid_score: 0.332000]
Mon 09 Feb 2026 17:29:12 INFO  valid result: 
hit@10 : 0.7126    ndcg@10 : 0.4221    mrr@10 : 0.332
Mon 09 Feb 2026 17:29:30 INFO  epoch 24 training [time: 18.69s, train loss: 2004.4965]
Mon 09 Feb 2026 17:29:32 INFO  epoch 24 evaluating [time: 1.78s, valid_score: 0.338700]
Mon 09 Feb 2026 17:29:32 INFO  valid result: 
hit@10 : 0.7264    ndcg@10 : 0.4304    mrr@10 : 0.3387
Mon 09 Feb 2026 17:29:51 INFO  epoch 25 training [time: 19.09s, train loss: 2001.5288]
Mon 09 Feb 2026 17:29:53 INFO  epoch 25 evaluating [time: 1.84s, valid_score: 0.326000]
Mon 09 Feb 2026 17:29:53 INFO  valid result: 
hit@10 : 0.7041    ndcg@10 : 0.4152    mrr@10 : 0.326
Mon 09 Feb 2026 17:30:12 INFO  epoch 26 training [time: 19.06s, train loss: 1997.7009]
Mon 09 Feb 2026 17:30:14 INFO  epoch 26 evaluating [time: 1.85s, valid_score: 0.332200]
Mon 09 Feb 2026 17:30:14 INFO  valid result: 
hit@10 : 0.7211    ndcg@10 : 0.4243    mrr@10 : 0.3322
Mon 09 Feb 2026 17:30:14 INFO  Finished training, best eval result in epoch 15
Mon 09 Feb 2026 17:30:14 INFO  Loading model structure and parameters from saved\TimeWeaver-Feb-09-2026_17-20-50.pth
Mon 09 Feb 2026 17:30:17 INFO  The running environment of this training is as follows:
+-------------+----------------+
| Environment |     Usage      |
+=============+================+
| CPU         |     8.10 %     |
+-------------+----------------+
| GPU         | 0.11 G/6.00 G  |
+-------------+----------------+
| Memory      | 1.50 G/15.63 G |
+-------------+----------------+
Mon 09 Feb 2026 17:30:17 INFO  best valid : OrderedDict([('hit@10', 0.7179), ('ndcg@10', 0.4428), ('mrr@10', 0.3573)])
Mon 09 Feb 2026 17:30:17 INFO  test result: OrderedDict([('hit@10', 0.6861), ('ndcg@10', 0.4054), ('mrr@10', 0.3188)])
