Wed 11 Feb 2026 22:21:34 INFO  ['F:\\桌面\\recommendation_system\\scripts\\run_grid.py', '--models', 'timeweaver', '--datasets', 'amazon-beauty-5core-subset', '--seeds', '42', '--device', 'gpu', '--timeweaver-variant', 'base', '--tag', 'e0p2_k-1_d0p5_l1_f256_b1000', '--output', 'results/run_grid_timeweaver_tune.json', '--tw-ema-decay', '0.2', '--tw-tcn-kernel', '-1', '--tw-hidden-dropout', '0.5', '--tw-num-layers', '1', '--tw-ffn-hidden', '256', '--tw-time-bucket', '1000']
Wed 11 Feb 2026 22:21:34 INFO  
General Hyper Parameters:
gpu_id = 0
use_gpu = True
seed = 42
state = INFO
reproducibility = True
data_path = data/amazon\amazon-beauty-5core-subset
checkpoint_dir = saved
show_progress = True
save_dataset = False
dataset_save_path = None
save_dataloaders = False
dataloaders_save_path = None
log_wandb = False

Training Hyper Parameters:
epochs = 100
train_batch_size = 256
learner = adam
learning_rate = 0.001
train_neg_sample_args = {'distribution': 'none', 'sample_num': 'none', 'alpha': 'none', 'dynamic': False, 'candidate_num': 0}
eval_step = 1
stopping_step = 10
clip_grad_norm = None
weight_decay = 0.0
loss_decimal_place = 4

Evaluation Hyper Parameters:
eval_args = {'split': {'LS': 'valid_and_test'}, 'order': 'TO', 'group_by': 'user', 'mode': {'valid': 'uni100', 'test': 'uni100'}}
repeatable = True
metrics = ['Hit', 'NDCG', 'MRR']
topk = [10]
valid_metric = MRR@10
valid_metric_bigger = True
eval_batch_size = 512
metric_decimal_place = 4

Dataset Hyper Parameters:
field_separator = 	
seq_separator =  
USER_ID_FIELD = user_id
ITEM_ID_FIELD = item_id
RATING_FIELD = rating
TIME_FIELD = timestamp
seq_len = None
LABEL_FIELD = label
threshold = None
NEG_PREFIX = neg_
load_col = {'inter': ['user_id', 'item_id', 'rating', 'timestamp']}
unload_col = None
unused_col = None
additional_feat_suffix = None
rm_dup_inter = None
val_interval = None
filter_inter_by_user_or_item = True
user_inter_num_interval = [0,inf)
item_inter_num_interval = [0,inf)
alias_of_user_id = None
alias_of_item_id = None
alias_of_entity_id = None
alias_of_relation_id = None
preload_weight = None
normalize_field = None
normalize_all = None
ITEM_LIST_LENGTH_FIELD = item_length
LIST_SUFFIX = _list
MAX_ITEM_LIST_LENGTH = 32
POSITION_FIELD = position_id
HEAD_ENTITY_ID_FIELD = head_id
TAIL_ENTITY_ID_FIELD = tail_id
RELATION_ID_FIELD = relation_id
ENTITY_ID_FIELD = entity_id
benchmark_filename = None

Other Hyper Parameters: 
worker = 0
wandb_project = recbole
shuffle = True
require_pow = False
enable_amp = False
enable_scaler = False
transform = None
numerical_features = []
discretization = None
kg_reverse_r = False
entity_kg_num_interval = [0,inf)
relation_kg_num_interval = [0,inf)
MODEL_TYPE = ModelType.SEQUENTIAL
model_name = TimeWeaver
hidden_size = 64
num_layers = 1
hidden_dropout_prob = 0.5
initializer_range = 0.02
time_bucket_size = 1000
ema_decay = 0.2
tcn_kernel_size = -1
ffn_hidden_size = 256
loss_type = CE
early_stop = 10
neg_sampling = None
device = cuda
use_continuous_time = False
use_time_gate = False
use_time_augmentation = False
MODEL_INPUT_TYPE = InputType.POINTWISE
eval_type = EvaluatorType.RANKING
single_spec = True
local_rank = 0
valid_neg_sample_args = {'distribution': 'uniform', 'sample_num': 100}
test_neg_sample_args = {'distribution': 'uniform', 'sample_num': 100}


Wed 11 Feb 2026 22:21:34 INFO  amazon-beauty-5core-subset
The number of users: 7001
Average actions of users: 15.458
The number of items: 11924
Average actions of items: 9.075400486454752
The number of inters: 108206
The sparsity of the dataset: 99.87038081155896%
Remain Fields: ['user_id', 'item_id', 'rating', 'timestamp']
Wed 11 Feb 2026 22:21:36 INFO  [Training]: train_batch_size = [256] train_neg_sample_args: [{'distribution': 'none', 'sample_num': 'none', 'alpha': 'none', 'dynamic': False, 'candidate_num': 0}]
Wed 11 Feb 2026 22:21:36 INFO  [Evaluation]: eval_batch_size = [512] eval_args: [{'split': {'LS': 'valid_and_test'}, 'order': 'TO', 'group_by': 'user', 'mode': {'valid': 'uni100', 'test': 'uni100'}}]
Wed 11 Feb 2026 22:21:36 INFO  TimeWeaver(
  (item_embedding): Embedding(11924, 64, padding_idx=0)
  (time_aug): TimeAwareAugmentation(
    (pos_embedding): Embedding(32, 64)
    (time_embedding): Embedding(1000, 64)
    (layer_norm): LayerNorm((64,), eps=1e-05, elementwise_affine=True)
    (drop): Dropout(p=0.5, inplace=False)
  )
  (context_layers): ModuleList(
    (0): TCNNextBlock(
      (dw): DepthwiseConv1d(
        (conv): Conv1d(64, 64, kernel_size=(11,), stride=(1,), padding=(5,), groups=64)
        (bn): BatchNorm1d(64, eps=1e-05, momentum=0.1, affine=True, track_running_stats=True)
        (drop): Dropout(p=0.5, inplace=False)
      )
      (norm1): LayerNorm((64,), eps=1e-05, elementwise_affine=True)
      (conv_inter): ParallelConvInter(
        (conv1): Conv1d(64, 64, kernel_size=(1,), stride=(1,))
        (conv3): Conv1d(64, 64, kernel_size=(3,), stride=(1,), padding=(1,))
        (proj): Conv1d(64, 64, kernel_size=(1,), stride=(1,))
        (drop): Dropout(p=0.5, inplace=False)
      )
      (norm2): LayerNorm((64,), eps=1e-05, elementwise_affine=True)
      (ffn): Sequential(
        (0): Linear(in_features=64, out_features=256, bias=True)
        (1): GELU(approximate='none')
        (2): Dropout(p=0.5, inplace=False)
        (3): Linear(in_features=256, out_features=64, bias=True)
        (4): Dropout(p=0.5, inplace=False)
      )
      (norm3): LayerNorm((64,), eps=1e-05, elementwise_affine=True)
    )
  )
  (dynamic_layers): ModuleList(
    (0): EMAStream(
      (proj): Linear(in_features=64, out_features=64, bias=True)
    )
  )
  (weavers): ModuleList(
    (0): StreamWeaver(
      (proj): Linear(in_features=128, out_features=64, bias=True)
      (norm): LayerNorm((64,), eps=1e-05, elementwise_affine=True)
    )
  )
  (loss_fct): CrossEntropyLoss()
)
Trainable parameters: 896897.0
Wed 11 Feb 2026 22:21:37 INFO  FLOPs: 2154496.0
Wed 11 Feb 2026 22:22:01 INFO  epoch 0 training [time: 22.79s, train loss: 2937.0004]
Wed 11 Feb 2026 22:22:12 INFO  epoch 0 evaluating [time: 10.53s, valid_score: 0.219500]
Wed 11 Feb 2026 22:22:12 INFO  valid result: 
hit@10 : 0.4636    ndcg@10 : 0.2773    mrr@10 : 0.2195
Wed 11 Feb 2026 22:22:12 INFO  Saving current: saved\TimeWeaver-Feb-11-2026_22-21-37.pth
Wed 11 Feb 2026 22:22:32 INFO  epoch 1 training [time: 20.10s, train loss: 2687.4715]
Wed 11 Feb 2026 22:22:41 INFO  epoch 1 evaluating [time: 9.01s, valid_score: 0.286200]
Wed 11 Feb 2026 22:22:41 INFO  valid result: 
hit@10 : 0.5007    ndcg@10 : 0.3374    mrr@10 : 0.2862
Wed 11 Feb 2026 22:22:41 INFO  Saving current: saved\TimeWeaver-Feb-11-2026_22-21-37.pth
Wed 11 Feb 2026 22:23:00 INFO  epoch 2 training [time: 19.72s, train loss: 2527.9558]
Wed 11 Feb 2026 22:23:10 INFO  epoch 2 evaluating [time: 9.24s, valid_score: 0.327500]
Wed 11 Feb 2026 22:23:10 INFO  valid result: 
hit@10 : 0.5341    ndcg@10 : 0.3769    mrr@10 : 0.3275
Wed 11 Feb 2026 22:23:10 INFO  Saving current: saved\TimeWeaver-Feb-11-2026_22-21-37.pth
Wed 11 Feb 2026 22:23:30 INFO  epoch 3 training [time: 20.00s, train loss: 2411.6218]
Wed 11 Feb 2026 22:23:39 INFO  epoch 3 evaluating [time: 9.11s, valid_score: 0.343100]
Wed 11 Feb 2026 22:23:39 INFO  valid result: 
hit@10 : 0.5399    ndcg@10 : 0.39    mrr@10 : 0.3431
Wed 11 Feb 2026 22:23:39 INFO  Saving current: saved\TimeWeaver-Feb-11-2026_22-21-37.pth
Wed 11 Feb 2026 22:23:59 INFO  epoch 4 training [time: 20.39s, train loss: 2318.9512]
Wed 11 Feb 2026 22:24:09 INFO  epoch 4 evaluating [time: 9.77s, valid_score: 0.344400]
Wed 11 Feb 2026 22:24:09 INFO  valid result: 
hit@10 : 0.5333    ndcg@10 : 0.3895    mrr@10 : 0.3444
Wed 11 Feb 2026 22:24:09 INFO  Saving current: saved\TimeWeaver-Feb-11-2026_22-21-37.pth
Wed 11 Feb 2026 22:24:28 INFO  epoch 5 training [time: 19.30s, train loss: 2240.0233]
Wed 11 Feb 2026 22:24:37 INFO  epoch 5 evaluating [time: 9.08s, valid_score: 0.346900]
Wed 11 Feb 2026 22:24:37 INFO  valid result: 
hit@10 : 0.5359    ndcg@10 : 0.3919    mrr@10 : 0.3469
Wed 11 Feb 2026 22:24:37 INFO  Saving current: saved\TimeWeaver-Feb-11-2026_22-21-37.pth
Wed 11 Feb 2026 22:25:01 INFO  epoch 6 training [time: 23.89s, train loss: 2172.7629]
Wed 11 Feb 2026 22:25:12 INFO  epoch 6 evaluating [time: 10.69s, valid_score: 0.343000]
Wed 11 Feb 2026 22:25:12 INFO  valid result: 
hit@10 : 0.534    ndcg@10 : 0.3885    mrr@10 : 0.343
Wed 11 Feb 2026 22:25:33 INFO  epoch 7 training [time: 21.41s, train loss: 2117.3230]
Wed 11 Feb 2026 22:25:42 INFO  epoch 7 evaluating [time: 8.09s, valid_score: 0.344200]
Wed 11 Feb 2026 22:25:42 INFO  valid result: 
hit@10 : 0.5303    ndcg@10 : 0.3885    mrr@10 : 0.3442
Wed 11 Feb 2026 22:25:58 INFO  epoch 8 training [time: 16.95s, train loss: 2071.0491]
Wed 11 Feb 2026 22:26:07 INFO  epoch 8 evaluating [time: 8.26s, valid_score: 0.346400]
Wed 11 Feb 2026 22:26:07 INFO  valid result: 
hit@10 : 0.5307    ndcg@10 : 0.3902    mrr@10 : 0.3464
Wed 11 Feb 2026 22:26:24 INFO  epoch 9 training [time: 16.84s, train loss: 2037.7513]
Wed 11 Feb 2026 22:26:32 INFO  epoch 9 evaluating [time: 7.98s, valid_score: 0.345900]
Wed 11 Feb 2026 22:26:32 INFO  valid result: 
hit@10 : 0.5263    ndcg@10 : 0.3889    mrr@10 : 0.3459
Wed 11 Feb 2026 22:26:48 INFO  epoch 10 training [time: 16.54s, train loss: 2006.8387]
Wed 11 Feb 2026 22:26:56 INFO  epoch 10 evaluating [time: 7.87s, valid_score: 0.342600]
Wed 11 Feb 2026 22:26:56 INFO  valid result: 
hit@10 : 0.5291    ndcg@10 : 0.3871    mrr@10 : 0.3426
Wed 11 Feb 2026 22:27:13 INFO  epoch 11 training [time: 17.14s, train loss: 1980.0750]
Wed 11 Feb 2026 22:27:21 INFO  epoch 11 evaluating [time: 8.09s, valid_score: 0.348000]
Wed 11 Feb 2026 22:27:21 INFO  valid result: 
hit@10 : 0.5307    ndcg@10 : 0.3915    mrr@10 : 0.348
Wed 11 Feb 2026 22:27:21 INFO  Saving current: saved\TimeWeaver-Feb-11-2026_22-21-37.pth
Wed 11 Feb 2026 22:27:39 INFO  epoch 12 training [time: 17.48s, train loss: 1954.6483]
Wed 11 Feb 2026 22:27:47 INFO  epoch 12 evaluating [time: 8.36s, valid_score: 0.347700]
Wed 11 Feb 2026 22:27:47 INFO  valid result: 
hit@10 : 0.5339    ndcg@10 : 0.3921    mrr@10 : 0.3477
Wed 11 Feb 2026 22:28:04 INFO  epoch 13 training [time: 17.21s, train loss: 1934.8399]
Wed 11 Feb 2026 22:28:12 INFO  epoch 13 evaluating [time: 7.76s, valid_score: 0.341600]
Wed 11 Feb 2026 22:28:12 INFO  valid result: 
hit@10 : 0.5284    ndcg@10 : 0.3861    mrr@10 : 0.3416
Wed 11 Feb 2026 22:28:28 INFO  epoch 14 training [time: 16.42s, train loss: 1913.3405]
Wed 11 Feb 2026 22:28:36 INFO  epoch 14 evaluating [time: 7.83s, valid_score: 0.341800]
Wed 11 Feb 2026 22:28:36 INFO  valid result: 
hit@10 : 0.5287    ndcg@10 : 0.3862    mrr@10 : 0.3418
Wed 11 Feb 2026 22:28:53 INFO  epoch 15 training [time: 17.05s, train loss: 1898.8777]
Wed 11 Feb 2026 22:29:01 INFO  epoch 15 evaluating [time: 8.15s, valid_score: 0.341500]
Wed 11 Feb 2026 22:29:01 INFO  valid result: 
hit@10 : 0.5283    ndcg@10 : 0.3859    mrr@10 : 0.3415
Wed 11 Feb 2026 22:29:18 INFO  epoch 16 training [time: 16.53s, train loss: 1883.4531]
Wed 11 Feb 2026 22:29:26 INFO  epoch 16 evaluating [time: 7.70s, valid_score: 0.342000]
Wed 11 Feb 2026 22:29:26 INFO  valid result: 
hit@10 : 0.5306    ndcg@10 : 0.3868    mrr@10 : 0.342
Wed 11 Feb 2026 22:29:42 INFO  epoch 17 training [time: 16.73s, train loss: 1866.4564]
Wed 11 Feb 2026 22:29:51 INFO  epoch 17 evaluating [time: 8.22s, valid_score: 0.337700]
Wed 11 Feb 2026 22:29:51 INFO  valid result: 
hit@10 : 0.5261    ndcg@10 : 0.3825    mrr@10 : 0.3377
Wed 11 Feb 2026 22:30:08 INFO  epoch 18 training [time: 17.07s, train loss: 1851.1474]
Wed 11 Feb 2026 22:30:16 INFO  epoch 18 evaluating [time: 8.17s, valid_score: 0.337400]
Wed 11 Feb 2026 22:30:16 INFO  valid result: 
hit@10 : 0.5274    ndcg@10 : 0.3826    mrr@10 : 0.3374
Wed 11 Feb 2026 22:30:33 INFO  epoch 19 training [time: 17.11s, train loss: 1834.9695]
Wed 11 Feb 2026 22:30:41 INFO  epoch 19 evaluating [time: 7.66s, valid_score: 0.337200]
Wed 11 Feb 2026 22:30:41 INFO  valid result: 
hit@10 : 0.527    ndcg@10 : 0.3823    mrr@10 : 0.3372
Wed 11 Feb 2026 22:30:57 INFO  epoch 20 training [time: 16.57s, train loss: 1821.6904]
Wed 11 Feb 2026 22:31:05 INFO  epoch 20 evaluating [time: 7.89s, valid_score: 0.335800]
Wed 11 Feb 2026 22:31:05 INFO  valid result: 
hit@10 : 0.5259    ndcg@10 : 0.3809    mrr@10 : 0.3358
Wed 11 Feb 2026 22:31:23 INFO  epoch 21 training [time: 17.62s, train loss: 1808.8783]
Wed 11 Feb 2026 22:31:31 INFO  epoch 21 evaluating [time: 7.98s, valid_score: 0.335800]
Wed 11 Feb 2026 22:31:31 INFO  valid result: 
hit@10 : 0.5244    ndcg@10 : 0.3807    mrr@10 : 0.3358
Wed 11 Feb 2026 22:31:48 INFO  epoch 22 training [time: 17.37s, train loss: 1795.3583]
Wed 11 Feb 2026 22:31:57 INFO  epoch 22 evaluating [time: 8.39s, valid_score: 0.338500]
Wed 11 Feb 2026 22:31:57 INFO  valid result: 
hit@10 : 0.5271    ndcg@10 : 0.3833    mrr@10 : 0.3385
Wed 11 Feb 2026 22:31:57 INFO  Finished training, best eval result in epoch 11
Wed 11 Feb 2026 22:31:57 INFO  Loading model structure and parameters from saved\TimeWeaver-Feb-11-2026_22-21-37.pth
Wed 11 Feb 2026 22:32:06 INFO  The running environment of this training is as follows:
+-------------+----------------+
| Environment |     Usage      |
+=============+================+
| CPU         |     3.60 %     |
+-------------+----------------+
| GPU         | 0.18 G/6.00 G  |
+-------------+----------------+
| Memory      | 1.44 G/15.63 G |
+-------------+----------------+
Wed 11 Feb 2026 22:32:06 INFO  best valid : OrderedDict([('hit@10', 0.5307), ('ndcg@10', 0.3915), ('mrr@10', 0.348)])
Wed 11 Feb 2026 22:32:06 INFO  test result: OrderedDict([('hit@10', 0.4896), ('ndcg@10', 0.3456), ('mrr@10', 0.3009)])
