Mon 09 Feb 2026 13:04:25 INFO  ['F:\\桌面\\recommendation_system\\scripts\\run_grid.py', '--models', 'timeweaver', '--datasets', 'ml-100k', '--seeds', '42', '--device', 'gpu', '--timeweaver-variant', 'base', '--tag', 'e0p05_k9_d0p2_l2_f512_b1000', '--output', 'results/run_grid_timeweaver_tune.json', '--tw-ema-decay', '0.05', '--tw-tcn-kernel', '9', '--tw-hidden-dropout', '0.2', '--tw-num-layers', '2', '--tw-ffn-hidden', '512', '--tw-time-bucket', '1000']
Mon 09 Feb 2026 13:04:25 INFO  
General Hyper Parameters:
gpu_id = 0
use_gpu = True
seed = 42
state = INFO
reproducibility = True
data_path = F:\anaconda3\envs\rec39\Lib\site-packages\recbole\config\../dataset_example/ml-100k
checkpoint_dir = saved
show_progress = True
save_dataset = False
dataset_save_path = None
save_dataloaders = False
dataloaders_save_path = None
log_wandb = False

Training Hyper Parameters:
epochs = 100
train_batch_size = 256
learner = adam
learning_rate = 0.001
train_neg_sample_args = {'distribution': 'none', 'sample_num': 'none', 'alpha': 'none', 'dynamic': False, 'candidate_num': 0}
eval_step = 1
stopping_step = 10
clip_grad_norm = None
weight_decay = 0.0
loss_decimal_place = 4

Evaluation Hyper Parameters:
eval_args = {'split': {'LS': 'valid_and_test'}, 'order': 'TO', 'group_by': 'user', 'mode': {'valid': 'uni100', 'test': 'uni100'}}
repeatable = True
metrics = ['Hit', 'NDCG', 'MRR']
topk = [10]
valid_metric = MRR@10
valid_metric_bigger = True
eval_batch_size = 512
metric_decimal_place = 4

Dataset Hyper Parameters:
field_separator = 	
seq_separator =  
USER_ID_FIELD = user_id
ITEM_ID_FIELD = item_id
RATING_FIELD = rating
TIME_FIELD = timestamp
seq_len = None
LABEL_FIELD = label
threshold = None
NEG_PREFIX = neg_
load_col = {'inter': ['user_id', 'item_id', 'rating', 'timestamp'], 'user': ['user_id', 'age', 'gender', 'occupation', 'zip_code'], 'item': ['item_id', 'movie_title', 'release_year', 'class']}
unload_col = None
unused_col = None
additional_feat_suffix = None
rm_dup_inter = None
val_interval = None
filter_inter_by_user_or_item = True
user_inter_num_interval = None
item_inter_num_interval = None
alias_of_user_id = None
alias_of_item_id = None
alias_of_entity_id = None
alias_of_relation_id = None
preload_weight = None
normalize_field = None
normalize_all = True
ITEM_LIST_LENGTH_FIELD = item_length
LIST_SUFFIX = _list
MAX_ITEM_LIST_LENGTH = 32
POSITION_FIELD = position_id
HEAD_ENTITY_ID_FIELD = head_id
TAIL_ENTITY_ID_FIELD = tail_id
RELATION_ID_FIELD = relation_id
ENTITY_ID_FIELD = entity_id
kg_reverse_r = False
entity_kg_num_interval = None
relation_kg_num_interval = None
benchmark_filename = None

Other Hyper Parameters: 
worker = 0
wandb_project = recbole
shuffle = True
require_pow = False
enable_amp = False
enable_scaler = False
transform = None
numerical_features = []
discretization = None
MODEL_TYPE = ModelType.SEQUENTIAL
model_name = TimeWeaver
hidden_size = 64
num_layers = 2
hidden_dropout_prob = 0.2
initializer_range = 0.02
time_bucket_size = 1000
ema_decay = 0.05
tcn_kernel_size = 9
ffn_hidden_size = 512
loss_type = CE
early_stop = 10
neg_sampling = None
device = cuda
use_continuous_time = False
use_time_gate = False
use_time_augmentation = False
MODEL_INPUT_TYPE = InputType.POINTWISE
eval_type = EvaluatorType.RANKING
single_spec = True
local_rank = 0
valid_neg_sample_args = {'distribution': 'uniform', 'sample_num': 100}
test_neg_sample_args = {'distribution': 'uniform', 'sample_num': 100}


Mon 09 Feb 2026 13:04:26 INFO  ml-100k
The number of users: 944
Average actions of users: 106.04453870625663
The number of items: 1683
Average actions of items: 59.45303210463734
The number of inters: 100000
The sparsity of the dataset: 93.70575143257098%
Remain Fields: ['user_id', 'item_id', 'rating', 'timestamp', 'age', 'gender', 'occupation', 'zip_code', 'movie_title', 'release_year', 'class']
Mon 09 Feb 2026 13:04:27 INFO  [Training]: train_batch_size = [256] train_neg_sample_args: [{'distribution': 'none', 'sample_num': 'none', 'alpha': 'none', 'dynamic': False, 'candidate_num': 0}]
Mon 09 Feb 2026 13:04:27 INFO  [Evaluation]: eval_batch_size = [512] eval_args: [{'split': {'LS': 'valid_and_test'}, 'order': 'TO', 'group_by': 'user', 'mode': {'valid': 'uni100', 'test': 'uni100'}}]
Mon 09 Feb 2026 13:04:27 INFO  TimeWeaver(
  (item_embedding): Embedding(1683, 64, padding_idx=0)
  (time_aug): TimeAwareAugmentation(
    (pos_embedding): Embedding(32, 64)
    (time_embedding): Embedding(1000, 64)
    (layer_norm): LayerNorm((64,), eps=1e-05, elementwise_affine=True)
    (drop): Dropout(p=0.2, inplace=False)
  )
  (context_layers): ModuleList(
    (0-1): 2 x TCNNextBlock(
      (dw): DepthwiseConv1d(
        (conv): Conv1d(64, 64, kernel_size=(9,), stride=(1,), padding=(4,), groups=64)
        (bn): BatchNorm1d(64, eps=1e-05, momentum=0.1, affine=True, track_running_stats=True)
        (drop): Dropout(p=0.2, inplace=False)
      )
      (norm1): LayerNorm((64,), eps=1e-05, elementwise_affine=True)
      (conv_inter): ParallelConvInter(
        (conv1): Conv1d(64, 64, kernel_size=(1,), stride=(1,))
        (conv3): Conv1d(64, 64, kernel_size=(3,), stride=(1,), padding=(1,))
        (proj): Conv1d(64, 64, kernel_size=(1,), stride=(1,))
        (drop): Dropout(p=0.2, inplace=False)
      )
      (norm2): LayerNorm((64,), eps=1e-05, elementwise_affine=True)
      (ffn): Sequential(
        (0): Linear(in_features=64, out_features=512, bias=True)
        (1): GELU(approximate='none')
        (2): Dropout(p=0.2, inplace=False)
        (3): Linear(in_features=512, out_features=64, bias=True)
        (4): Dropout(p=0.2, inplace=False)
      )
      (norm3): LayerNorm((64,), eps=1e-05, elementwise_affine=True)
    )
  )
  (dynamic_layers): ModuleList(
    (0-1): 2 x EMAStream(
      (proj): Linear(in_features=64, out_features=64, bias=True)
    )
  )
  (weavers): ModuleList(
    (0-1): 2 x StreamWeaver(
      (proj): Linear(in_features=128, out_features=64, bias=True)
      (norm): LayerNorm((64,), eps=1e-05, elementwise_affine=True)
    )
  )
  (loss_fct): CrossEntropyLoss()
)
Trainable parameters: 374849.0
Mon 09 Feb 2026 13:04:27 INFO  FLOPs: 6387712.0
Mon 09 Feb 2026 13:05:00 INFO  epoch 0 training [time: 31.18s, train loss: 2425.9697]
Mon 09 Feb 2026 13:05:02 INFO  epoch 0 evaluating [time: 2.17s, valid_score: 0.282300]
Mon 09 Feb 2026 13:05:02 INFO  valid result: 
hit@10 : 0.6575    ndcg@10 : 0.3704    mrr@10 : 0.2823
Mon 09 Feb 2026 13:05:02 INFO  Saving current: saved\TimeWeaver-Feb-09-2026_13-04-27.pth
Mon 09 Feb 2026 13:05:33 INFO  epoch 1 training [time: 31.01s, train loss: 2228.4902]
Mon 09 Feb 2026 13:05:35 INFO  epoch 1 evaluating [time: 2.12s, valid_score: 0.313800]
Mon 09 Feb 2026 13:05:35 INFO  valid result: 
hit@10 : 0.6988    ndcg@10 : 0.4046    mrr@10 : 0.3138
Mon 09 Feb 2026 13:05:35 INFO  Saving current: saved\TimeWeaver-Feb-09-2026_13-04-27.pth
Mon 09 Feb 2026 13:06:07 INFO  epoch 2 training [time: 31.61s, train loss: 2180.5763]
Mon 09 Feb 2026 13:06:09 INFO  epoch 2 evaluating [time: 2.18s, valid_score: 0.341700]
Mon 09 Feb 2026 13:06:09 INFO  valid result: 
hit@10 : 0.7211    ndcg@10 : 0.4312    mrr@10 : 0.3417
Mon 09 Feb 2026 13:06:09 INFO  Saving current: saved\TimeWeaver-Feb-09-2026_13-04-27.pth
Mon 09 Feb 2026 13:06:40 INFO  epoch 3 training [time: 31.37s, train loss: 2149.6452]
Mon 09 Feb 2026 13:06:42 INFO  epoch 3 evaluating [time: 2.12s, valid_score: 0.336600]
Mon 09 Feb 2026 13:06:42 INFO  valid result: 
hit@10 : 0.7328    ndcg@10 : 0.4305    mrr@10 : 0.3366
Mon 09 Feb 2026 13:07:14 INFO  epoch 4 training [time: 31.51s, train loss: 2126.4391]
Mon 09 Feb 2026 13:07:16 INFO  epoch 4 evaluating [time: 2.18s, valid_score: 0.355700]
Mon 09 Feb 2026 13:07:16 INFO  valid result: 
hit@10 : 0.7328    ndcg@10 : 0.4451    mrr@10 : 0.3557
Mon 09 Feb 2026 13:07:16 INFO  Saving current: saved\TimeWeaver-Feb-09-2026_13-04-27.pth
Mon 09 Feb 2026 13:07:49 INFO  epoch 5 training [time: 32.44s, train loss: 2107.2907]
Mon 09 Feb 2026 13:07:51 INFO  epoch 5 evaluating [time: 2.22s, valid_score: 0.351200]
Mon 09 Feb 2026 13:07:51 INFO  valid result: 
hit@10 : 0.7381    ndcg@10 : 0.4428    mrr@10 : 0.3512
Mon 09 Feb 2026 13:08:22 INFO  epoch 6 training [time: 30.97s, train loss: 2091.0858]
Mon 09 Feb 2026 13:08:24 INFO  epoch 6 evaluating [time: 2.11s, valid_score: 0.331000]
Mon 09 Feb 2026 13:08:24 INFO  valid result: 
hit@10 : 0.7359    ndcg@10 : 0.4267    mrr@10 : 0.331
Mon 09 Feb 2026 13:08:55 INFO  epoch 7 training [time: 31.10s, train loss: 2077.6406]
Mon 09 Feb 2026 13:08:57 INFO  epoch 7 evaluating [time: 2.17s, valid_score: 0.352800]
Mon 09 Feb 2026 13:08:57 INFO  valid result: 
hit@10 : 0.7423    ndcg@10 : 0.4449    mrr@10 : 0.3528
Mon 09 Feb 2026 13:09:28 INFO  epoch 8 training [time: 30.90s, train loss: 2067.5331]
Mon 09 Feb 2026 13:09:30 INFO  epoch 8 evaluating [time: 2.15s, valid_score: 0.349700]
Mon 09 Feb 2026 13:09:30 INFO  valid result: 
hit@10 : 0.7232    ndcg@10 : 0.4385    mrr@10 : 0.3497
Mon 09 Feb 2026 13:10:02 INFO  epoch 9 training [time: 31.33s, train loss: 2056.8809]
Mon 09 Feb 2026 13:10:04 INFO  epoch 9 evaluating [time: 2.16s, valid_score: 0.344500]
Mon 09 Feb 2026 13:10:04 INFO  valid result: 
hit@10 : 0.7423    ndcg@10 : 0.4385    mrr@10 : 0.3445
Mon 09 Feb 2026 13:10:35 INFO  epoch 10 training [time: 31.51s, train loss: 2047.0183]
Mon 09 Feb 2026 13:10:37 INFO  epoch 10 evaluating [time: 2.12s, valid_score: 0.342100]
Mon 09 Feb 2026 13:10:37 INFO  valid result: 
hit@10 : 0.7381    ndcg@10 : 0.4357    mrr@10 : 0.3421
Mon 09 Feb 2026 13:11:08 INFO  epoch 11 training [time: 31.07s, train loss: 2038.5514]
Mon 09 Feb 2026 13:11:11 INFO  epoch 11 evaluating [time: 2.18s, valid_score: 0.344100]
Mon 09 Feb 2026 13:11:11 INFO  valid result: 
hit@10 : 0.7328    ndcg@10 : 0.4362    mrr@10 : 0.3441
Mon 09 Feb 2026 13:11:43 INFO  epoch 12 training [time: 32.59s, train loss: 2032.2103]
Mon 09 Feb 2026 13:11:45 INFO  epoch 12 evaluating [time: 2.23s, valid_score: 0.343600]
Mon 09 Feb 2026 13:11:45 INFO  valid result: 
hit@10 : 0.7285    ndcg@10 : 0.435    mrr@10 : 0.3436
Mon 09 Feb 2026 13:12:17 INFO  epoch 13 training [time: 31.23s, train loss: 2024.1015]
Mon 09 Feb 2026 13:12:19 INFO  epoch 13 evaluating [time: 2.10s, valid_score: 0.346100]
Mon 09 Feb 2026 13:12:19 INFO  valid result: 
hit@10 : 0.7328    ndcg@10 : 0.4376    mrr@10 : 0.3461
Mon 09 Feb 2026 13:12:50 INFO  epoch 14 training [time: 31.13s, train loss: 2018.4296]
Mon 09 Feb 2026 13:12:52 INFO  epoch 14 evaluating [time: 2.16s, valid_score: 0.343000]
Mon 09 Feb 2026 13:12:52 INFO  valid result: 
hit@10 : 0.7264    ndcg@10 : 0.4337    mrr@10 : 0.343
Mon 09 Feb 2026 13:13:23 INFO  epoch 15 training [time: 31.03s, train loss: 2011.3636]
Mon 09 Feb 2026 13:13:25 INFO  epoch 15 evaluating [time: 2.15s, valid_score: 0.362700]
Mon 09 Feb 2026 13:13:25 INFO  valid result: 
hit@10 : 0.7328    ndcg@10 : 0.4504    mrr@10 : 0.3627
Mon 09 Feb 2026 13:13:25 INFO  Saving current: saved\TimeWeaver-Feb-09-2026_13-04-27.pth
Mon 09 Feb 2026 13:13:57 INFO  epoch 16 training [time: 31.52s, train loss: 2006.4718]
Mon 09 Feb 2026 13:13:59 INFO  epoch 16 evaluating [time: 2.19s, valid_score: 0.350100]
Mon 09 Feb 2026 13:13:59 INFO  valid result: 
hit@10 : 0.737    ndcg@10 : 0.4415    mrr@10 : 0.3501
Mon 09 Feb 2026 13:14:31 INFO  epoch 17 training [time: 31.85s, train loss: 2000.5117]
Mon 09 Feb 2026 13:14:33 INFO  epoch 17 evaluating [time: 2.10s, valid_score: 0.340200]
Mon 09 Feb 2026 13:14:33 INFO  valid result: 
hit@10 : 0.7359    ndcg@10 : 0.4337    mrr@10 : 0.3402
Mon 09 Feb 2026 13:15:04 INFO  epoch 18 training [time: 31.04s, train loss: 1994.4002]
Mon 09 Feb 2026 13:15:06 INFO  epoch 18 evaluating [time: 2.09s, valid_score: 0.337400]
Mon 09 Feb 2026 13:15:06 INFO  valid result: 
hit@10 : 0.7232    ndcg@10 : 0.4284    mrr@10 : 0.3374
Mon 09 Feb 2026 13:15:39 INFO  epoch 19 training [time: 32.48s, train loss: 1991.0181]
Mon 09 Feb 2026 13:15:41 INFO  epoch 19 evaluating [time: 2.20s, valid_score: 0.346800]
Mon 09 Feb 2026 13:15:41 INFO  valid result: 
hit@10 : 0.719    ndcg@10 : 0.4352    mrr@10 : 0.3468
Mon 09 Feb 2026 13:16:12 INFO  epoch 20 training [time: 31.29s, train loss: 1985.6901]
Mon 09 Feb 2026 13:16:14 INFO  epoch 20 evaluating [time: 2.11s, valid_score: 0.347000]
Mon 09 Feb 2026 13:16:14 INFO  valid result: 
hit@10 : 0.737    ndcg@10 : 0.4391    mrr@10 : 0.347
Mon 09 Feb 2026 13:16:45 INFO  epoch 21 training [time: 30.62s, train loss: 1982.0311]
Mon 09 Feb 2026 13:16:47 INFO  epoch 21 evaluating [time: 2.16s, valid_score: 0.332900]
Mon 09 Feb 2026 13:16:47 INFO  valid result: 
hit@10 : 0.7179    ndcg@10 : 0.4241    mrr@10 : 0.3329
Mon 09 Feb 2026 13:17:17 INFO  epoch 22 training [time: 30.53s, train loss: 1976.8045]
Mon 09 Feb 2026 13:17:20 INFO  epoch 22 evaluating [time: 2.11s, valid_score: 0.345500]
Mon 09 Feb 2026 13:17:20 INFO  valid result: 
hit@10 : 0.7285    ndcg@10 : 0.436    mrr@10 : 0.3455
Mon 09 Feb 2026 13:17:50 INFO  epoch 23 training [time: 30.65s, train loss: 1971.4062]
Mon 09 Feb 2026 13:17:52 INFO  epoch 23 evaluating [time: 2.14s, valid_score: 0.335900]
Mon 09 Feb 2026 13:17:52 INFO  valid result: 
hit@10 : 0.7211    ndcg@10 : 0.4271    mrr@10 : 0.3359
Mon 09 Feb 2026 13:18:24 INFO  epoch 24 training [time: 31.19s, train loss: 1967.3638]
Mon 09 Feb 2026 13:18:26 INFO  epoch 24 evaluating [time: 2.16s, valid_score: 0.344200]
Mon 09 Feb 2026 13:18:26 INFO  valid result: 
hit@10 : 0.7338    ndcg@10 : 0.4362    mrr@10 : 0.3442
Mon 09 Feb 2026 13:18:56 INFO  epoch 25 training [time: 30.49s, train loss: 1963.2386]
Mon 09 Feb 2026 13:18:58 INFO  epoch 25 evaluating [time: 2.10s, valid_score: 0.335300]
Mon 09 Feb 2026 13:18:58 INFO  valid result: 
hit@10 : 0.7232    ndcg@10 : 0.4265    mrr@10 : 0.3353
Mon 09 Feb 2026 13:19:31 INFO  epoch 26 training [time: 32.68s, train loss: 1959.2190]
Mon 09 Feb 2026 13:19:33 INFO  epoch 26 evaluating [time: 2.22s, valid_score: 0.353600]
Mon 09 Feb 2026 13:19:33 INFO  valid result: 
hit@10 : 0.7338    ndcg@10 : 0.4434    mrr@10 : 0.3536
Mon 09 Feb 2026 13:19:33 INFO  Finished training, best eval result in epoch 15
Mon 09 Feb 2026 13:19:33 INFO  Loading model structure and parameters from saved\TimeWeaver-Feb-09-2026_13-04-27.pth
Mon 09 Feb 2026 13:19:36 INFO  The running environment of this training is as follows:
+-------------+----------------+
| Environment |     Usage      |
+=============+================+
| CPU         |     2.40 %     |
+-------------+----------------+
| GPU         | 0.28 G/6.00 G  |
+-------------+----------------+
| Memory      | 1.53 G/15.63 G |
+-------------+----------------+
Mon 09 Feb 2026 13:19:36 INFO  best valid : OrderedDict([('hit@10', 0.7328), ('ndcg@10', 0.4504), ('mrr@10', 0.3627)])
Mon 09 Feb 2026 13:19:36 INFO  test result: OrderedDict([('hit@10', 0.701), ('ndcg@10', 0.4214), ('mrr@10', 0.3351)])
