Thu 12 Feb 2026 14:00:47 INFO  ['F:\\桌面\\recommendation_system\\scripts\\run_grid.py', '--models', 'timeweaver', '--datasets', 'amazon-electronics-5core-subset', '--seeds', '42', '--device', 'gpu', '--timeweaver-variant', 'base', '--tag', 'e0p05_k7_d0p2_l2_f512_b1000', '--output', 'results/run_grid_timeweaver_tune.json', '--tw-ema-decay', '0.05', '--tw-tcn-kernel', '7', '--tw-hidden-dropout', '0.2', '--tw-num-layers', '2', '--tw-ffn-hidden', '512', '--tw-time-bucket', '1000']
Thu 12 Feb 2026 14:00:47 INFO  
General Hyper Parameters:
gpu_id = 0
use_gpu = True
seed = 42
state = INFO
reproducibility = True
data_path = data/amazon\amazon-electronics-5core-subset
checkpoint_dir = saved
show_progress = True
save_dataset = False
dataset_save_path = None
save_dataloaders = False
dataloaders_save_path = None
log_wandb = False

Training Hyper Parameters:
epochs = 100
train_batch_size = 256
learner = adam
learning_rate = 0.001
train_neg_sample_args = {'distribution': 'none', 'sample_num': 'none', 'alpha': 'none', 'dynamic': False, 'candidate_num': 0}
eval_step = 1
stopping_step = 10
clip_grad_norm = None
weight_decay = 0.0
loss_decimal_place = 4

Evaluation Hyper Parameters:
eval_args = {'split': {'LS': 'valid_and_test'}, 'order': 'TO', 'group_by': 'user', 'mode': {'valid': 'uni100', 'test': 'uni100'}}
repeatable = True
metrics = ['Hit', 'NDCG', 'MRR']
topk = [10]
valid_metric = MRR@10
valid_metric_bigger = True
eval_batch_size = 512
metric_decimal_place = 4

Dataset Hyper Parameters:
field_separator = 	
seq_separator =  
USER_ID_FIELD = user_id
ITEM_ID_FIELD = item_id
RATING_FIELD = rating
TIME_FIELD = timestamp
seq_len = None
LABEL_FIELD = label
threshold = None
NEG_PREFIX = neg_
load_col = {'inter': ['user_id', 'item_id', 'rating', 'timestamp']}
unload_col = None
unused_col = None
additional_feat_suffix = None
rm_dup_inter = None
val_interval = None
filter_inter_by_user_or_item = True
user_inter_num_interval = [0,inf)
item_inter_num_interval = [0,inf)
alias_of_user_id = None
alias_of_item_id = None
alias_of_entity_id = None
alias_of_relation_id = None
preload_weight = None
normalize_field = None
normalize_all = None
ITEM_LIST_LENGTH_FIELD = item_length
LIST_SUFFIX = _list
MAX_ITEM_LIST_LENGTH = 32
POSITION_FIELD = position_id
HEAD_ENTITY_ID_FIELD = head_id
TAIL_ENTITY_ID_FIELD = tail_id
RELATION_ID_FIELD = relation_id
ENTITY_ID_FIELD = entity_id
benchmark_filename = None

Other Hyper Parameters: 
worker = 0
wandb_project = recbole
shuffle = True
require_pow = False
enable_amp = False
enable_scaler = False
transform = None
numerical_features = []
discretization = None
kg_reverse_r = False
entity_kg_num_interval = [0,inf)
relation_kg_num_interval = [0,inf)
MODEL_TYPE = ModelType.SEQUENTIAL
model_name = TimeWeaver
hidden_size = 64
num_layers = 2
hidden_dropout_prob = 0.2
initializer_range = 0.02
time_bucket_size = 1000
ema_decay = 0.05
tcn_kernel_size = 7
ffn_hidden_size = 512
loss_type = CE
early_stop = 10
neg_sampling = None
device = cuda
use_continuous_time = False
use_time_gate = False
use_time_augmentation = False
MODEL_INPUT_TYPE = InputType.POINTWISE
eval_type = EvaluatorType.RANKING
single_spec = True
local_rank = 0
valid_neg_sample_args = {'distribution': 'uniform', 'sample_num': 100}
test_neg_sample_args = {'distribution': 'uniform', 'sample_num': 100}


Thu 12 Feb 2026 14:00:48 INFO  amazon-electronics-5core-subset
The number of users: 1501
Average actions of users: 108.42733333333334
The number of items: 54722
Average actions of items: 2.9721861808080994
The number of inters: 162641
The sparsity of the dataset: 99.80198988231011%
Remain Fields: ['user_id', 'item_id', 'rating', 'timestamp']
Thu 12 Feb 2026 14:00:51 INFO  [Training]: train_batch_size = [256] train_neg_sample_args: [{'distribution': 'none', 'sample_num': 'none', 'alpha': 'none', 'dynamic': False, 'candidate_num': 0}]
Thu 12 Feb 2026 14:00:51 INFO  [Evaluation]: eval_batch_size = [512] eval_args: [{'split': {'LS': 'valid_and_test'}, 'order': 'TO', 'group_by': 'user', 'mode': {'valid': 'uni100', 'test': 'uni100'}}]
Thu 12 Feb 2026 14:00:51 INFO  TimeWeaver(
  (item_embedding): Embedding(54722, 64, padding_idx=0)
  (time_aug): TimeAwareAugmentation(
    (pos_embedding): Embedding(32, 64)
    (time_embedding): Embedding(1000, 64)
    (layer_norm): LayerNorm((64,), eps=1e-05, elementwise_affine=True)
    (drop): Dropout(p=0.2, inplace=False)
  )
  (context_layers): ModuleList(
    (0-1): 2 x TCNNextBlock(
      (dw): DepthwiseConv1d(
        (conv): Conv1d(64, 64, kernel_size=(7,), stride=(1,), padding=(3,), groups=64)
        (bn): BatchNorm1d(64, eps=1e-05, momentum=0.1, affine=True, track_running_stats=True)
        (drop): Dropout(p=0.2, inplace=False)
      )
      (norm1): LayerNorm((64,), eps=1e-05, elementwise_affine=True)
      (conv_inter): ParallelConvInter(
        (conv1): Conv1d(64, 64, kernel_size=(1,), stride=(1,))
        (conv3): Conv1d(64, 64, kernel_size=(3,), stride=(1,), padding=(1,))
        (proj): Conv1d(64, 64, kernel_size=(1,), stride=(1,))
        (drop): Dropout(p=0.2, inplace=False)
      )
      (norm2): LayerNorm((64,), eps=1e-05, elementwise_affine=True)
      (ffn): Sequential(
        (0): Linear(in_features=64, out_features=512, bias=True)
        (1): GELU(approximate='none')
        (2): Dropout(p=0.2, inplace=False)
        (3): Linear(in_features=512, out_features=64, bias=True)
        (4): Dropout(p=0.2, inplace=False)
      )
      (norm3): LayerNorm((64,), eps=1e-05, elementwise_affine=True)
    )
  )
  (dynamic_layers): ModuleList(
    (0-1): 2 x EMAStream(
      (proj): Linear(in_features=64, out_features=64, bias=True)
    )
  )
  (weavers): ModuleList(
    (0-1): 2 x StreamWeaver(
      (proj): Linear(in_features=128, out_features=64, bias=True)
      (norm): LayerNorm((64,), eps=1e-05, elementwise_affine=True)
    )
  )
  (loss_fct): CrossEntropyLoss()
)
Trainable parameters: 3769089.0
Thu 12 Feb 2026 14:00:51 INFO  FLOPs: 6379520.0
Thu 12 Feb 2026 14:01:56 INFO  epoch 0 training [time: 63.42s, train loss: 6451.3260]
Thu 12 Feb 2026 14:01:59 INFO  epoch 0 evaluating [time: 3.34s, valid_score: 0.216500]
Thu 12 Feb 2026 14:01:59 INFO  valid result: 
hit@10 : 0.4087    ndcg@10 : 0.2619    mrr@10 : 0.2165
Thu 12 Feb 2026 14:01:59 INFO  Saving current: saved\TimeWeaver-Feb-12-2026_14-00-51.pth
Thu 12 Feb 2026 14:03:02 INFO  epoch 1 training [time: 62.53s, train loss: 5802.6545]
Thu 12 Feb 2026 14:03:05 INFO  epoch 1 evaluating [time: 3.22s, valid_score: 0.252400]
Thu 12 Feb 2026 14:03:05 INFO  valid result: 
hit@10 : 0.4393    ndcg@10 : 0.2969    mrr@10 : 0.2524
Thu 12 Feb 2026 14:03:05 INFO  Saving current: saved\TimeWeaver-Feb-12-2026_14-00-51.pth
Thu 12 Feb 2026 14:04:05 INFO  epoch 2 training [time: 60.09s, train loss: 5010.0786]
Thu 12 Feb 2026 14:04:08 INFO  epoch 2 evaluating [time: 3.05s, valid_score: 0.233600]
Thu 12 Feb 2026 14:04:08 INFO  valid result: 
hit@10 : 0.4027    ndcg@10 : 0.2736    mrr@10 : 0.2336
Thu 12 Feb 2026 14:05:08 INFO  epoch 3 training [time: 59.57s, train loss: 4278.2348]
Thu 12 Feb 2026 14:05:11 INFO  epoch 3 evaluating [time: 3.02s, valid_score: 0.223500]
Thu 12 Feb 2026 14:05:11 INFO  valid result: 
hit@10 : 0.3933    ndcg@10 : 0.2634    mrr@10 : 0.2235
Thu 12 Feb 2026 14:06:12 INFO  epoch 4 training [time: 61.03s, train loss: 3764.9165]
Thu 12 Feb 2026 14:06:15 INFO  epoch 4 evaluating [time: 3.24s, valid_score: 0.217400]
Thu 12 Feb 2026 14:06:15 INFO  valid result: 
hit@10 : 0.3887    ndcg@10 : 0.2577    mrr@10 : 0.2174
Thu 12 Feb 2026 14:07:17 INFO  epoch 5 training [time: 62.12s, train loss: 3385.7239]
Thu 12 Feb 2026 14:07:20 INFO  epoch 5 evaluating [time: 3.09s, valid_score: 0.205700]
Thu 12 Feb 2026 14:07:20 INFO  valid result: 
hit@10 : 0.3667    ndcg@10 : 0.2436    mrr@10 : 0.2057
Thu 12 Feb 2026 14:08:22 INFO  epoch 6 training [time: 61.65s, train loss: 3069.4670]
Thu 12 Feb 2026 14:08:25 INFO  epoch 6 evaluating [time: 3.21s, valid_score: 0.193200]
Thu 12 Feb 2026 14:08:25 INFO  valid result: 
hit@10 : 0.3547    ndcg@10 : 0.231    mrr@10 : 0.1932
Thu 12 Feb 2026 14:09:25 INFO  epoch 7 training [time: 59.36s, train loss: 2803.0948]
Thu 12 Feb 2026 14:09:28 INFO  epoch 7 evaluating [time: 3.14s, valid_score: 0.207700]
Thu 12 Feb 2026 14:09:28 INFO  valid result: 
hit@10 : 0.3527    ndcg@10 : 0.2417    mrr@10 : 0.2077
Thu 12 Feb 2026 14:10:31 INFO  epoch 8 training [time: 63.05s, train loss: 2579.6554]
Thu 12 Feb 2026 14:10:34 INFO  epoch 8 evaluating [time: 2.95s, valid_score: 0.188400]
Thu 12 Feb 2026 14:10:34 INFO  valid result: 
hit@10 : 0.3387    ndcg@10 : 0.2238    mrr@10 : 0.1884
Thu 12 Feb 2026 14:11:30 INFO  epoch 9 training [time: 56.17s, train loss: 2388.7122]
Thu 12 Feb 2026 14:11:33 INFO  epoch 9 evaluating [time: 3.00s, valid_score: 0.188900]
Thu 12 Feb 2026 14:11:33 INFO  valid result: 
hit@10 : 0.3433    ndcg@10 : 0.2251    mrr@10 : 0.1889
Thu 12 Feb 2026 14:12:35 INFO  epoch 10 training [time: 61.65s, train loss: 2236.1525]
Thu 12 Feb 2026 14:12:38 INFO  epoch 10 evaluating [time: 3.15s, valid_score: 0.179000]
Thu 12 Feb 2026 14:12:38 INFO  valid result: 
hit@10 : 0.3273    ndcg@10 : 0.2139    mrr@10 : 0.179
Thu 12 Feb 2026 14:13:40 INFO  epoch 11 training [time: 62.56s, train loss: 2098.7803]
Thu 12 Feb 2026 14:13:43 INFO  epoch 11 evaluating [time: 3.13s, valid_score: 0.178500]
Thu 12 Feb 2026 14:13:43 INFO  valid result: 
hit@10 : 0.3307    ndcg@10 : 0.2143    mrr@10 : 0.1785
Thu 12 Feb 2026 14:14:47 INFO  epoch 12 training [time: 63.37s, train loss: 1981.6428]
Thu 12 Feb 2026 14:14:50 INFO  epoch 12 evaluating [time: 3.12s, valid_score: 0.180500]
Thu 12 Feb 2026 14:14:50 INFO  valid result: 
hit@10 : 0.324    ndcg@10 : 0.2144    mrr@10 : 0.1805
Thu 12 Feb 2026 14:14:50 INFO  Finished training, best eval result in epoch 1
Thu 12 Feb 2026 14:14:50 INFO  Loading model structure and parameters from saved\TimeWeaver-Feb-12-2026_14-00-51.pth
Thu 12 Feb 2026 14:14:54 INFO  The running environment of this training is as follows:
+-------------+----------------+
| Environment |     Usage      |
+=============+================+
| CPU         |    12.20 %     |
+-------------+----------------+
| GPU         | 0.51 G/6.00 G  |
+-------------+----------------+
| Memory      | 1.54 G/15.63 G |
+-------------+----------------+
Thu 12 Feb 2026 14:14:54 INFO  best valid : OrderedDict([('hit@10', 0.4393), ('ndcg@10', 0.2969), ('mrr@10', 0.2524)])
Thu 12 Feb 2026 14:14:54 INFO  test result: OrderedDict([('hit@10', 0.43), ('ndcg@10', 0.2834), ('mrr@10', 0.2378)])
