Wed 11 Feb 2026 13:01:56 INFO  ['F:\\桌面\\recommendation_system\\scripts\\run_grid.py', '--models', 'timeweaver', '--datasets', 'amazon-beauty-5core-subset', '--seeds', '42', '--device', 'gpu', '--timeweaver-variant', 'base', '--tag', 'e0p05_k7_d0p2_l1_f256_b1000', '--output', 'results/run_grid_timeweaver_tune.json', '--tw-ema-decay', '0.05', '--tw-tcn-kernel', '7', '--tw-hidden-dropout', '0.2', '--tw-num-layers', '1', '--tw-ffn-hidden', '256', '--tw-time-bucket', '1000']
Wed 11 Feb 2026 13:01:56 INFO  
General Hyper Parameters:
gpu_id = 0
use_gpu = True
seed = 42
state = INFO
reproducibility = True
data_path = data/amazon\amazon-beauty-5core-subset
checkpoint_dir = saved
show_progress = True
save_dataset = False
dataset_save_path = None
save_dataloaders = False
dataloaders_save_path = None
log_wandb = False

Training Hyper Parameters:
epochs = 100
train_batch_size = 256
learner = adam
learning_rate = 0.001
train_neg_sample_args = {'distribution': 'none', 'sample_num': 'none', 'alpha': 'none', 'dynamic': False, 'candidate_num': 0}
eval_step = 1
stopping_step = 10
clip_grad_norm = None
weight_decay = 0.0
loss_decimal_place = 4

Evaluation Hyper Parameters:
eval_args = {'split': {'LS': 'valid_and_test'}, 'order': 'TO', 'group_by': 'user', 'mode': {'valid': 'uni100', 'test': 'uni100'}}
repeatable = True
metrics = ['Hit', 'NDCG', 'MRR']
topk = [10]
valid_metric = MRR@10
valid_metric_bigger = True
eval_batch_size = 512
metric_decimal_place = 4

Dataset Hyper Parameters:
field_separator = 	
seq_separator =  
USER_ID_FIELD = user_id
ITEM_ID_FIELD = item_id
RATING_FIELD = rating
TIME_FIELD = timestamp
seq_len = None
LABEL_FIELD = label
threshold = None
NEG_PREFIX = neg_
load_col = {'inter': ['user_id', 'item_id', 'rating', 'timestamp']}
unload_col = None
unused_col = None
additional_feat_suffix = None
rm_dup_inter = None
val_interval = None
filter_inter_by_user_or_item = True
user_inter_num_interval = [0,inf)
item_inter_num_interval = [0,inf)
alias_of_user_id = None
alias_of_item_id = None
alias_of_entity_id = None
alias_of_relation_id = None
preload_weight = None
normalize_field = None
normalize_all = None
ITEM_LIST_LENGTH_FIELD = item_length
LIST_SUFFIX = _list
MAX_ITEM_LIST_LENGTH = 32
POSITION_FIELD = position_id
HEAD_ENTITY_ID_FIELD = head_id
TAIL_ENTITY_ID_FIELD = tail_id
RELATION_ID_FIELD = relation_id
ENTITY_ID_FIELD = entity_id
benchmark_filename = None

Other Hyper Parameters: 
worker = 0
wandb_project = recbole
shuffle = True
require_pow = False
enable_amp = False
enable_scaler = False
transform = None
numerical_features = []
discretization = None
kg_reverse_r = False
entity_kg_num_interval = [0,inf)
relation_kg_num_interval = [0,inf)
MODEL_TYPE = ModelType.SEQUENTIAL
model_name = TimeWeaver
hidden_size = 64
num_layers = 1
hidden_dropout_prob = 0.2
initializer_range = 0.02
time_bucket_size = 1000
ema_decay = 0.05
tcn_kernel_size = 7
ffn_hidden_size = 256
loss_type = CE
early_stop = 10
neg_sampling = None
device = cuda
use_continuous_time = False
use_time_gate = False
use_time_augmentation = False
MODEL_INPUT_TYPE = InputType.POINTWISE
eval_type = EvaluatorType.RANKING
single_spec = True
local_rank = 0
valid_neg_sample_args = {'distribution': 'uniform', 'sample_num': 100}
test_neg_sample_args = {'distribution': 'uniform', 'sample_num': 100}


Wed 11 Feb 2026 13:01:56 INFO  amazon-beauty-5core-subset
The number of users: 7001
Average actions of users: 15.458
The number of items: 11924
Average actions of items: 9.075400486454752
The number of inters: 108206
The sparsity of the dataset: 99.87038081155896%
Remain Fields: ['user_id', 'item_id', 'rating', 'timestamp']
Wed 11 Feb 2026 13:01:58 INFO  [Training]: train_batch_size = [256] train_neg_sample_args: [{'distribution': 'none', 'sample_num': 'none', 'alpha': 'none', 'dynamic': False, 'candidate_num': 0}]
Wed 11 Feb 2026 13:01:58 INFO  [Evaluation]: eval_batch_size = [512] eval_args: [{'split': {'LS': 'valid_and_test'}, 'order': 'TO', 'group_by': 'user', 'mode': {'valid': 'uni100', 'test': 'uni100'}}]
Wed 11 Feb 2026 13:01:58 INFO  TimeWeaver(
  (item_embedding): Embedding(11924, 64, padding_idx=0)
  (time_aug): TimeAwareAugmentation(
    (pos_embedding): Embedding(32, 64)
    (time_embedding): Embedding(1000, 64)
    (layer_norm): LayerNorm((64,), eps=1e-05, elementwise_affine=True)
    (drop): Dropout(p=0.2, inplace=False)
  )
  (context_layers): ModuleList(
    (0): TCNNextBlock(
      (dw): DepthwiseConv1d(
        (conv): Conv1d(64, 64, kernel_size=(7,), stride=(1,), padding=(3,), groups=64)
        (bn): BatchNorm1d(64, eps=1e-05, momentum=0.1, affine=True, track_running_stats=True)
        (drop): Dropout(p=0.2, inplace=False)
      )
      (norm1): LayerNorm((64,), eps=1e-05, elementwise_affine=True)
      (conv_inter): ParallelConvInter(
        (conv1): Conv1d(64, 64, kernel_size=(1,), stride=(1,))
        (conv3): Conv1d(64, 64, kernel_size=(3,), stride=(1,), padding=(1,))
        (proj): Conv1d(64, 64, kernel_size=(1,), stride=(1,))
        (drop): Dropout(p=0.2, inplace=False)
      )
      (norm2): LayerNorm((64,), eps=1e-05, elementwise_affine=True)
      (ffn): Sequential(
        (0): Linear(in_features=64, out_features=256, bias=True)
        (1): GELU(approximate='none')
        (2): Dropout(p=0.2, inplace=False)
        (3): Linear(in_features=256, out_features=64, bias=True)
        (4): Dropout(p=0.2, inplace=False)
      )
      (norm3): LayerNorm((64,), eps=1e-05, elementwise_affine=True)
    )
  )
  (dynamic_layers): ModuleList(
    (0): EMAStream(
      (proj): Linear(in_features=64, out_features=64, bias=True)
    )
  )
  (weavers): ModuleList(
    (0): StreamWeaver(
      (proj): Linear(in_features=128, out_features=64, bias=True)
      (norm): LayerNorm((64,), eps=1e-05, elementwise_affine=True)
    )
  )
  (loss_fct): CrossEntropyLoss()
)
Trainable parameters: 896641.0
Wed 11 Feb 2026 13:01:58 INFO  FLOPs: 2146304.0
Wed 11 Feb 2026 13:02:16 INFO  epoch 0 training [time: 16.37s, train loss: 2915.3896]
Wed 11 Feb 2026 13:02:24 INFO  epoch 0 evaluating [time: 8.12s, valid_score: 0.240000]
Wed 11 Feb 2026 13:02:24 INFO  valid result: 
hit@10 : 0.4647    ndcg@10 : 0.2933    mrr@10 : 0.24
Wed 11 Feb 2026 13:02:24 INFO  Saving current: saved\TimeWeaver-Feb-11-2026_13-01-58.pth
Wed 11 Feb 2026 13:02:41 INFO  epoch 1 training [time: 16.55s, train loss: 2585.3632]
Wed 11 Feb 2026 13:02:48 INFO  epoch 1 evaluating [time: 7.65s, valid_score: 0.314400]
Wed 11 Feb 2026 13:02:48 INFO  valid result: 
hit@10 : 0.5144    ndcg@10 : 0.3622    mrr@10 : 0.3144
Wed 11 Feb 2026 13:02:48 INFO  Saving current: saved\TimeWeaver-Feb-11-2026_13-01-58.pth
Wed 11 Feb 2026 13:03:05 INFO  epoch 2 training [time: 16.51s, train loss: 2373.1962]
Wed 11 Feb 2026 13:03:13 INFO  epoch 2 evaluating [time: 7.97s, valid_score: 0.337100]
Wed 11 Feb 2026 13:03:13 INFO  valid result: 
hit@10 : 0.5257    ndcg@10 : 0.3821    mrr@10 : 0.3371
Wed 11 Feb 2026 13:03:13 INFO  Saving current: saved\TimeWeaver-Feb-11-2026_13-01-58.pth
Wed 11 Feb 2026 13:03:30 INFO  epoch 3 training [time: 17.50s, train loss: 2205.4102]
Wed 11 Feb 2026 13:03:38 INFO  epoch 3 evaluating [time: 8.15s, valid_score: 0.337600]
Wed 11 Feb 2026 13:03:38 INFO  valid result: 
hit@10 : 0.5164    ndcg@10 : 0.3803    mrr@10 : 0.3376
Wed 11 Feb 2026 13:03:38 INFO  Saving current: saved\TimeWeaver-Feb-11-2026_13-01-58.pth
Wed 11 Feb 2026 13:03:55 INFO  epoch 4 training [time: 17.11s, train loss: 2072.0623]
Wed 11 Feb 2026 13:04:04 INFO  epoch 4 evaluating [time: 8.14s, valid_score: 0.335600]
Wed 11 Feb 2026 13:04:04 INFO  valid result: 
hit@10 : 0.5187    ndcg@10 : 0.3792    mrr@10 : 0.3356
Wed 11 Feb 2026 13:04:20 INFO  epoch 5 training [time: 16.30s, train loss: 1975.5677]
Wed 11 Feb 2026 13:04:28 INFO  epoch 5 evaluating [time: 7.63s, valid_score: 0.327300]
Wed 11 Feb 2026 13:04:28 INFO  valid result: 
hit@10 : 0.5103    ndcg@10 : 0.3708    mrr@10 : 0.3273
Wed 11 Feb 2026 13:04:44 INFO  epoch 6 training [time: 16.69s, train loss: 1905.5398]
Wed 11 Feb 2026 13:04:52 INFO  epoch 6 evaluating [time: 8.04s, valid_score: 0.331500]
Wed 11 Feb 2026 13:04:52 INFO  valid result: 
hit@10 : 0.5093    ndcg@10 : 0.3739    mrr@10 : 0.3315
Wed 11 Feb 2026 13:05:09 INFO  epoch 7 training [time: 16.66s, train loss: 1848.5192]
Wed 11 Feb 2026 13:05:17 INFO  epoch 7 evaluating [time: 7.61s, valid_score: 0.329300]
Wed 11 Feb 2026 13:05:17 INFO  valid result: 
hit@10 : 0.5116    ndcg@10 : 0.3726    mrr@10 : 0.3293
Wed 11 Feb 2026 13:05:33 INFO  epoch 8 training [time: 16.32s, train loss: 1800.6833]
Wed 11 Feb 2026 13:05:41 INFO  epoch 8 evaluating [time: 8.08s, valid_score: 0.324600]
Wed 11 Feb 2026 13:05:41 INFO  valid result: 
hit@10 : 0.4994    ndcg@10 : 0.3662    mrr@10 : 0.3246
Wed 11 Feb 2026 13:05:58 INFO  epoch 9 training [time: 16.91s, train loss: 1757.8723]
Wed 11 Feb 2026 13:06:06 INFO  epoch 9 evaluating [time: 8.11s, valid_score: 0.323800]
Wed 11 Feb 2026 13:06:06 INFO  valid result: 
hit@10 : 0.504    ndcg@10 : 0.3665    mrr@10 : 0.3238
Wed 11 Feb 2026 13:06:23 INFO  epoch 10 training [time: 16.94s, train loss: 1718.7305]
Wed 11 Feb 2026 13:06:31 INFO  epoch 10 evaluating [time: 8.01s, valid_score: 0.317900]
Wed 11 Feb 2026 13:06:31 INFO  valid result: 
hit@10 : 0.4977    ndcg@10 : 0.3607    mrr@10 : 0.3179
Wed 11 Feb 2026 13:06:47 INFO  epoch 11 training [time: 16.39s, train loss: 1683.2965]
Wed 11 Feb 2026 13:06:55 INFO  epoch 11 evaluating [time: 7.87s, valid_score: 0.318100]
Wed 11 Feb 2026 13:06:55 INFO  valid result: 
hit@10 : 0.4959    ndcg@10 : 0.3603    mrr@10 : 0.3181
Wed 11 Feb 2026 13:07:12 INFO  epoch 12 training [time: 16.99s, train loss: 1648.0787]
Wed 11 Feb 2026 13:07:20 INFO  epoch 12 evaluating [time: 8.01s, valid_score: 0.316800]
Wed 11 Feb 2026 13:07:20 INFO  valid result: 
hit@10 : 0.493    ndcg@10 : 0.3587    mrr@10 : 0.3168
Wed 11 Feb 2026 13:07:38 INFO  epoch 13 training [time: 17.43s, train loss: 1616.6476]
Wed 11 Feb 2026 13:07:46 INFO  epoch 13 evaluating [time: 8.34s, valid_score: 0.312400]
Wed 11 Feb 2026 13:07:46 INFO  valid result: 
hit@10 : 0.4947    ndcg@10 : 0.3556    mrr@10 : 0.3124
Wed 11 Feb 2026 13:08:03 INFO  epoch 14 training [time: 17.16s, train loss: 1587.8964]
Wed 11 Feb 2026 13:08:11 INFO  epoch 14 evaluating [time: 7.64s, valid_score: 0.310100]
Wed 11 Feb 2026 13:08:11 INFO  valid result: 
hit@10 : 0.4909    ndcg@10 : 0.3531    mrr@10 : 0.3101
Wed 11 Feb 2026 13:08:11 INFO  Finished training, best eval result in epoch 3
Wed 11 Feb 2026 13:08:11 INFO  Loading model structure and parameters from saved\TimeWeaver-Feb-11-2026_13-01-58.pth
Wed 11 Feb 2026 13:08:19 INFO  The running environment of this training is as follows:
+-------------+----------------+
| Environment |     Usage      |
+=============+================+
| CPU         |     3.90 %     |
+-------------+----------------+
| GPU         | 0.18 G/6.00 G  |
+-------------+----------------+
| Memory      | 1.44 G/15.63 G |
+-------------+----------------+
Wed 11 Feb 2026 13:08:19 INFO  best valid : OrderedDict([('hit@10', 0.5164), ('ndcg@10', 0.3803), ('mrr@10', 0.3376)])
Wed 11 Feb 2026 13:08:19 INFO  test result: OrderedDict([('hit@10', 0.4737), ('ndcg@10', 0.3354), ('mrr@10', 0.2922)])
