Thu 12 Feb 2026 02:45:11 INFO  ['F:\\桌面\\recommendation_system\\scripts\\run_grid.py', '--models', 'timeweaver', '--datasets', 'amazon-beauty-5core-subset', '--seeds', '42', '--device', 'gpu', '--timeweaver-variant', 'base', '--tag', 'e0p2_k9_d0p5_l2_f256_b1000', '--output', 'results/run_grid_timeweaver_tune.json', '--tw-ema-decay', '0.2', '--tw-tcn-kernel', '9', '--tw-hidden-dropout', '0.5', '--tw-num-layers', '2', '--tw-ffn-hidden', '256', '--tw-time-bucket', '1000']
Thu 12 Feb 2026 02:45:11 INFO  
General Hyper Parameters:
gpu_id = 0
use_gpu = True
seed = 42
state = INFO
reproducibility = True
data_path = data/amazon\amazon-beauty-5core-subset
checkpoint_dir = saved
show_progress = True
save_dataset = False
dataset_save_path = None
save_dataloaders = False
dataloaders_save_path = None
log_wandb = False

Training Hyper Parameters:
epochs = 100
train_batch_size = 256
learner = adam
learning_rate = 0.001
train_neg_sample_args = {'distribution': 'none', 'sample_num': 'none', 'alpha': 'none', 'dynamic': False, 'candidate_num': 0}
eval_step = 1
stopping_step = 10
clip_grad_norm = None
weight_decay = 0.0
loss_decimal_place = 4

Evaluation Hyper Parameters:
eval_args = {'split': {'LS': 'valid_and_test'}, 'order': 'TO', 'group_by': 'user', 'mode': {'valid': 'uni100', 'test': 'uni100'}}
repeatable = True
metrics = ['Hit', 'NDCG', 'MRR']
topk = [10]
valid_metric = MRR@10
valid_metric_bigger = True
eval_batch_size = 512
metric_decimal_place = 4

Dataset Hyper Parameters:
field_separator = 	
seq_separator =  
USER_ID_FIELD = user_id
ITEM_ID_FIELD = item_id
RATING_FIELD = rating
TIME_FIELD = timestamp
seq_len = None
LABEL_FIELD = label
threshold = None
NEG_PREFIX = neg_
load_col = {'inter': ['user_id', 'item_id', 'rating', 'timestamp']}
unload_col = None
unused_col = None
additional_feat_suffix = None
rm_dup_inter = None
val_interval = None
filter_inter_by_user_or_item = True
user_inter_num_interval = [0,inf)
item_inter_num_interval = [0,inf)
alias_of_user_id = None
alias_of_item_id = None
alias_of_entity_id = None
alias_of_relation_id = None
preload_weight = None
normalize_field = None
normalize_all = None
ITEM_LIST_LENGTH_FIELD = item_length
LIST_SUFFIX = _list
MAX_ITEM_LIST_LENGTH = 32
POSITION_FIELD = position_id
HEAD_ENTITY_ID_FIELD = head_id
TAIL_ENTITY_ID_FIELD = tail_id
RELATION_ID_FIELD = relation_id
ENTITY_ID_FIELD = entity_id
benchmark_filename = None

Other Hyper Parameters: 
worker = 0
wandb_project = recbole
shuffle = True
require_pow = False
enable_amp = False
enable_scaler = False
transform = None
numerical_features = []
discretization = None
kg_reverse_r = False
entity_kg_num_interval = [0,inf)
relation_kg_num_interval = [0,inf)
MODEL_TYPE = ModelType.SEQUENTIAL
model_name = TimeWeaver
hidden_size = 64
num_layers = 2
hidden_dropout_prob = 0.5
initializer_range = 0.02
time_bucket_size = 1000
ema_decay = 0.2
tcn_kernel_size = 9
ffn_hidden_size = 256
loss_type = CE
early_stop = 10
neg_sampling = None
device = cuda
use_continuous_time = False
use_time_gate = False
use_time_augmentation = False
MODEL_INPUT_TYPE = InputType.POINTWISE
eval_type = EvaluatorType.RANKING
single_spec = True
local_rank = 0
valid_neg_sample_args = {'distribution': 'uniform', 'sample_num': 100}
test_neg_sample_args = {'distribution': 'uniform', 'sample_num': 100}


Thu 12 Feb 2026 02:45:11 INFO  amazon-beauty-5core-subset
The number of users: 7001
Average actions of users: 15.458
The number of items: 11924
Average actions of items: 9.075400486454752
The number of inters: 108206
The sparsity of the dataset: 99.87038081155896%
Remain Fields: ['user_id', 'item_id', 'rating', 'timestamp']
Thu 12 Feb 2026 02:45:13 INFO  [Training]: train_batch_size = [256] train_neg_sample_args: [{'distribution': 'none', 'sample_num': 'none', 'alpha': 'none', 'dynamic': False, 'candidate_num': 0}]
Thu 12 Feb 2026 02:45:13 INFO  [Evaluation]: eval_batch_size = [512] eval_args: [{'split': {'LS': 'valid_and_test'}, 'order': 'TO', 'group_by': 'user', 'mode': {'valid': 'uni100', 'test': 'uni100'}}]
Thu 12 Feb 2026 02:45:13 INFO  TimeWeaver(
  (item_embedding): Embedding(11924, 64, padding_idx=0)
  (time_aug): TimeAwareAugmentation(
    (pos_embedding): Embedding(32, 64)
    (time_embedding): Embedding(1000, 64)
    (layer_norm): LayerNorm((64,), eps=1e-05, elementwise_affine=True)
    (drop): Dropout(p=0.5, inplace=False)
  )
  (context_layers): ModuleList(
    (0-1): 2 x TCNNextBlock(
      (dw): DepthwiseConv1d(
        (conv): Conv1d(64, 64, kernel_size=(9,), stride=(1,), padding=(4,), groups=64)
        (bn): BatchNorm1d(64, eps=1e-05, momentum=0.1, affine=True, track_running_stats=True)
        (drop): Dropout(p=0.5, inplace=False)
      )
      (norm1): LayerNorm((64,), eps=1e-05, elementwise_affine=True)
      (conv_inter): ParallelConvInter(
        (conv1): Conv1d(64, 64, kernel_size=(1,), stride=(1,))
        (conv3): Conv1d(64, 64, kernel_size=(3,), stride=(1,), padding=(1,))
        (proj): Conv1d(64, 64, kernel_size=(1,), stride=(1,))
        (drop): Dropout(p=0.5, inplace=False)
      )
      (norm2): LayerNorm((64,), eps=1e-05, elementwise_affine=True)
      (ffn): Sequential(
        (0): Linear(in_features=64, out_features=256, bias=True)
        (1): GELU(approximate='none')
        (2): Dropout(p=0.5, inplace=False)
        (3): Linear(in_features=256, out_features=64, bias=True)
        (4): Dropout(p=0.5, inplace=False)
      )
      (norm3): LayerNorm((64,), eps=1e-05, elementwise_affine=True)
    )
  )
  (dynamic_layers): ModuleList(
    (0-1): 2 x EMAStream(
      (proj): Linear(in_features=64, out_features=64, bias=True)
    )
  )
  (weavers): ModuleList(
    (0-1): 2 x StreamWeaver(
      (proj): Linear(in_features=128, out_features=64, bias=True)
      (norm): LayerNorm((64,), eps=1e-05, elementwise_affine=True)
    )
  )
  (loss_fct): CrossEntropyLoss()
)
Trainable parameters: 964225.0
Thu 12 Feb 2026 02:45:13 INFO  FLOPs: 4290560.0
Thu 12 Feb 2026 02:45:43 INFO  epoch 0 training [time: 28.08s, train loss: 2928.6090]
Thu 12 Feb 2026 02:45:54 INFO  epoch 0 evaluating [time: 11.24s, valid_score: 0.222100]
Thu 12 Feb 2026 02:45:54 INFO  valid result: 
hit@10 : 0.467    ndcg@10 : 0.2801    mrr@10 : 0.2221
Thu 12 Feb 2026 02:45:54 INFO  Saving current: saved\TimeWeaver-Feb-12-2026_02-45-13.pth
Thu 12 Feb 2026 02:46:22 INFO  epoch 1 training [time: 28.44s, train loss: 2689.0268]
Thu 12 Feb 2026 02:46:34 INFO  epoch 1 evaluating [time: 11.10s, valid_score: 0.292000]
Thu 12 Feb 2026 02:46:34 INFO  valid result: 
hit@10 : 0.5144    ndcg@10 : 0.3451    mrr@10 : 0.292
Thu 12 Feb 2026 02:46:34 INFO  Saving current: saved\TimeWeaver-Feb-12-2026_02-45-13.pth
Thu 12 Feb 2026 02:47:02 INFO  epoch 2 training [time: 28.31s, train loss: 2534.5932]
Thu 12 Feb 2026 02:47:13 INFO  epoch 2 evaluating [time: 11.18s, valid_score: 0.328400]
Thu 12 Feb 2026 02:47:13 INFO  valid result: 
hit@10 : 0.5403    ndcg@10 : 0.379    mrr@10 : 0.3284
Thu 12 Feb 2026 02:47:13 INFO  Saving current: saved\TimeWeaver-Feb-12-2026_02-45-13.pth
Thu 12 Feb 2026 02:47:42 INFO  epoch 3 training [time: 28.96s, train loss: 2419.3381]
Thu 12 Feb 2026 02:47:53 INFO  epoch 3 evaluating [time: 11.17s, valid_score: 0.341400]
Thu 12 Feb 2026 02:47:53 INFO  valid result: 
hit@10 : 0.5404    ndcg@10 : 0.3889    mrr@10 : 0.3414
Thu 12 Feb 2026 02:47:53 INFO  Saving current: saved\TimeWeaver-Feb-12-2026_02-45-13.pth
Thu 12 Feb 2026 02:48:22 INFO  epoch 4 training [time: 28.42s, train loss: 2324.8365]
Thu 12 Feb 2026 02:48:33 INFO  epoch 4 evaluating [time: 10.91s, valid_score: 0.349100]
Thu 12 Feb 2026 02:48:33 INFO  valid result: 
hit@10 : 0.5431    ndcg@10 : 0.3952    mrr@10 : 0.3491
Thu 12 Feb 2026 02:48:33 INFO  Saving current: saved\TimeWeaver-Feb-12-2026_02-45-13.pth
Thu 12 Feb 2026 02:49:01 INFO  epoch 5 training [time: 28.23s, train loss: 2243.4445]
Thu 12 Feb 2026 02:49:12 INFO  epoch 5 evaluating [time: 11.04s, valid_score: 0.350400]
Thu 12 Feb 2026 02:49:12 INFO  valid result: 
hit@10 : 0.538    ndcg@10 : 0.3952    mrr@10 : 0.3504
Thu 12 Feb 2026 02:49:12 INFO  Saving current: saved\TimeWeaver-Feb-12-2026_02-45-13.pth
Thu 12 Feb 2026 02:49:40 INFO  epoch 6 training [time: 28.37s, train loss: 2174.1393]
Thu 12 Feb 2026 02:49:51 INFO  epoch 6 evaluating [time: 11.09s, valid_score: 0.355100]
Thu 12 Feb 2026 02:49:51 INFO  valid result: 
hit@10 : 0.5451    ndcg@10 : 0.4004    mrr@10 : 0.3551
Thu 12 Feb 2026 02:49:51 INFO  Saving current: saved\TimeWeaver-Feb-12-2026_02-45-13.pth
Thu 12 Feb 2026 02:50:20 INFO  epoch 7 training [time: 28.42s, train loss: 2117.1547]
Thu 12 Feb 2026 02:50:31 INFO  epoch 7 evaluating [time: 11.08s, valid_score: 0.353200]
Thu 12 Feb 2026 02:50:31 INFO  valid result: 
hit@10 : 0.5356    ndcg@10 : 0.3967    mrr@10 : 0.3532
Thu 12 Feb 2026 02:50:59 INFO  epoch 8 training [time: 28.25s, train loss: 2068.6436]
Thu 12 Feb 2026 02:51:10 INFO  epoch 8 evaluating [time: 11.19s, valid_score: 0.355300]
Thu 12 Feb 2026 02:51:10 INFO  valid result: 
hit@10 : 0.5389    ndcg@10 : 0.3989    mrr@10 : 0.3553
Thu 12 Feb 2026 02:51:10 INFO  Saving current: saved\TimeWeaver-Feb-12-2026_02-45-13.pth
Thu 12 Feb 2026 02:51:39 INFO  epoch 9 training [time: 29.12s, train loss: 2029.6169]
Thu 12 Feb 2026 02:51:54 INFO  epoch 9 evaluating [time: 14.10s, valid_score: 0.348300]
Thu 12 Feb 2026 02:51:54 INFO  valid result: 
hit@10 : 0.5357    ndcg@10 : 0.3931    mrr@10 : 0.3483
Thu 12 Feb 2026 02:52:22 INFO  epoch 10 training [time: 28.53s, train loss: 1995.3853]
Thu 12 Feb 2026 02:52:33 INFO  epoch 10 evaluating [time: 11.00s, valid_score: 0.351800]
Thu 12 Feb 2026 02:52:33 INFO  valid result: 
hit@10 : 0.538    ndcg@10 : 0.3963    mrr@10 : 0.3518
Thu 12 Feb 2026 02:53:01 INFO  epoch 11 training [time: 28.01s, train loss: 1967.6810]
Thu 12 Feb 2026 02:53:12 INFO  epoch 11 evaluating [time: 11.02s, valid_score: 0.352900]
Thu 12 Feb 2026 02:53:12 INFO  valid result: 
hit@10 : 0.5387    ndcg@10 : 0.3971    mrr@10 : 0.3529
Thu 12 Feb 2026 02:53:40 INFO  epoch 12 training [time: 28.17s, train loss: 1941.4285]
Thu 12 Feb 2026 02:53:52 INFO  epoch 12 evaluating [time: 11.28s, valid_score: 0.352400]
Thu 12 Feb 2026 02:53:52 INFO  valid result: 
hit@10 : 0.5416    ndcg@10 : 0.3974    mrr@10 : 0.3524
Thu 12 Feb 2026 02:54:20 INFO  epoch 13 training [time: 28.56s, train loss: 1916.3078]
Thu 12 Feb 2026 02:54:31 INFO  epoch 13 evaluating [time: 11.13s, valid_score: 0.349100]
Thu 12 Feb 2026 02:54:31 INFO  valid result: 
hit@10 : 0.5361    ndcg@10 : 0.3936    mrr@10 : 0.3491
Thu 12 Feb 2026 02:55:00 INFO  epoch 14 training [time: 28.26s, train loss: 1897.5717]
Thu 12 Feb 2026 02:55:11 INFO  epoch 14 evaluating [time: 11.16s, valid_score: 0.348300]
Thu 12 Feb 2026 02:55:11 INFO  valid result: 
hit@10 : 0.5374    ndcg@10 : 0.3933    mrr@10 : 0.3483
Thu 12 Feb 2026 02:55:40 INFO  epoch 15 training [time: 29.19s, train loss: 1878.5663]
Thu 12 Feb 2026 02:55:51 INFO  epoch 15 evaluating [time: 11.29s, valid_score: 0.347900]
Thu 12 Feb 2026 02:55:51 INFO  valid result: 
hit@10 : 0.5353    ndcg@10 : 0.3923    mrr@10 : 0.3479
Thu 12 Feb 2026 02:56:19 INFO  epoch 16 training [time: 28.13s, train loss: 1857.8115]
Thu 12 Feb 2026 02:56:30 INFO  epoch 16 evaluating [time: 10.94s, valid_score: 0.343000]
Thu 12 Feb 2026 02:56:30 INFO  valid result: 
hit@10 : 0.5326    ndcg@10 : 0.3881    mrr@10 : 0.343
Thu 12 Feb 2026 02:56:59 INFO  epoch 17 training [time: 28.35s, train loss: 1844.6528]
Thu 12 Feb 2026 02:57:10 INFO  epoch 17 evaluating [time: 11.22s, valid_score: 0.343700]
Thu 12 Feb 2026 02:57:10 INFO  valid result: 
hit@10 : 0.5341    ndcg@10 : 0.3889    mrr@10 : 0.3437
Thu 12 Feb 2026 02:57:38 INFO  epoch 18 training [time: 28.01s, train loss: 1825.6917]
Thu 12 Feb 2026 02:57:49 INFO  epoch 18 evaluating [time: 11.19s, valid_score: 0.343100]
Thu 12 Feb 2026 02:57:49 INFO  valid result: 
hit@10 : 0.5319    ndcg@10 : 0.3881    mrr@10 : 0.3431
Thu 12 Feb 2026 02:58:18 INFO  epoch 19 training [time: 28.52s, train loss: 1810.7257]
Thu 12 Feb 2026 02:58:29 INFO  epoch 19 evaluating [time: 11.22s, valid_score: 0.345200]
Thu 12 Feb 2026 02:58:29 INFO  valid result: 
hit@10 : 0.5334    ndcg@10 : 0.3899    mrr@10 : 0.3452
Thu 12 Feb 2026 02:58:29 INFO  Finished training, best eval result in epoch 8
Thu 12 Feb 2026 02:58:29 INFO  Loading model structure and parameters from saved\TimeWeaver-Feb-12-2026_02-45-13.pth
Thu 12 Feb 2026 02:58:41 INFO  The running environment of this training is as follows:
+-------------+----------------+
| Environment |     Usage      |
+=============+================+
| CPU         |     3.80 %     |
+-------------+----------------+
| GPU         | 0.22 G/6.00 G  |
+-------------+----------------+
| Memory      | 1.44 G/15.63 G |
+-------------+----------------+
Thu 12 Feb 2026 02:58:41 INFO  best valid : OrderedDict([('hit@10', 0.5389), ('ndcg@10', 0.3989), ('mrr@10', 0.3553)])
Thu 12 Feb 2026 02:58:41 INFO  test result: OrderedDict([('hit@10', 0.4974), ('ndcg@10', 0.3571), ('mrr@10', 0.3133)])
