Mon 09 Feb 2026 19:39:02 INFO  ['F:\\桌面\\recommendation_system\\scripts\\run_grid.py', '--models', 'timeweaver', '--datasets', 'ml-100k', '--seeds', '42', '--device', 'gpu', '--timeweaver-variant', 'base', '--tag', 'e0p1_k9_d0p5_l1_f256_b1000', '--output', 'results/run_grid_timeweaver_tune.json', '--tw-ema-decay', '0.1', '--tw-tcn-kernel', '9', '--tw-hidden-dropout', '0.5', '--tw-num-layers', '1', '--tw-ffn-hidden', '256', '--tw-time-bucket', '1000']
Mon 09 Feb 2026 19:39:02 INFO  
General Hyper Parameters:
gpu_id = 0
use_gpu = True
seed = 42
state = INFO
reproducibility = True
data_path = F:\anaconda3\envs\rec39\Lib\site-packages\recbole\config\../dataset_example/ml-100k
checkpoint_dir = saved
show_progress = True
save_dataset = False
dataset_save_path = None
save_dataloaders = False
dataloaders_save_path = None
log_wandb = False

Training Hyper Parameters:
epochs = 100
train_batch_size = 256
learner = adam
learning_rate = 0.001
train_neg_sample_args = {'distribution': 'none', 'sample_num': 'none', 'alpha': 'none', 'dynamic': False, 'candidate_num': 0}
eval_step = 1
stopping_step = 10
clip_grad_norm = None
weight_decay = 0.0
loss_decimal_place = 4

Evaluation Hyper Parameters:
eval_args = {'split': {'LS': 'valid_and_test'}, 'order': 'TO', 'group_by': 'user', 'mode': {'valid': 'uni100', 'test': 'uni100'}}
repeatable = True
metrics = ['Hit', 'NDCG', 'MRR']
topk = [10]
valid_metric = MRR@10
valid_metric_bigger = True
eval_batch_size = 512
metric_decimal_place = 4

Dataset Hyper Parameters:
field_separator = 	
seq_separator =  
USER_ID_FIELD = user_id
ITEM_ID_FIELD = item_id
RATING_FIELD = rating
TIME_FIELD = timestamp
seq_len = None
LABEL_FIELD = label
threshold = None
NEG_PREFIX = neg_
load_col = {'inter': ['user_id', 'item_id', 'rating', 'timestamp'], 'user': ['user_id', 'age', 'gender', 'occupation', 'zip_code'], 'item': ['item_id', 'movie_title', 'release_year', 'class']}
unload_col = None
unused_col = None
additional_feat_suffix = None
rm_dup_inter = None
val_interval = None
filter_inter_by_user_or_item = True
user_inter_num_interval = None
item_inter_num_interval = None
alias_of_user_id = None
alias_of_item_id = None
alias_of_entity_id = None
alias_of_relation_id = None
preload_weight = None
normalize_field = None
normalize_all = True
ITEM_LIST_LENGTH_FIELD = item_length
LIST_SUFFIX = _list
MAX_ITEM_LIST_LENGTH = 32
POSITION_FIELD = position_id
HEAD_ENTITY_ID_FIELD = head_id
TAIL_ENTITY_ID_FIELD = tail_id
RELATION_ID_FIELD = relation_id
ENTITY_ID_FIELD = entity_id
kg_reverse_r = False
entity_kg_num_interval = None
relation_kg_num_interval = None
benchmark_filename = None

Other Hyper Parameters: 
worker = 0
wandb_project = recbole
shuffle = True
require_pow = False
enable_amp = False
enable_scaler = False
transform = None
numerical_features = []
discretization = None
MODEL_TYPE = ModelType.SEQUENTIAL
model_name = TimeWeaver
hidden_size = 64
num_layers = 1
hidden_dropout_prob = 0.5
initializer_range = 0.02
time_bucket_size = 1000
ema_decay = 0.1
tcn_kernel_size = 9
ffn_hidden_size = 256
loss_type = CE
early_stop = 10
neg_sampling = None
device = cuda
use_continuous_time = False
use_time_gate = False
use_time_augmentation = False
MODEL_INPUT_TYPE = InputType.POINTWISE
eval_type = EvaluatorType.RANKING
single_spec = True
local_rank = 0
valid_neg_sample_args = {'distribution': 'uniform', 'sample_num': 100}
test_neg_sample_args = {'distribution': 'uniform', 'sample_num': 100}


Mon 09 Feb 2026 19:39:03 INFO  ml-100k
The number of users: 944
Average actions of users: 106.04453870625663
The number of items: 1683
Average actions of items: 59.45303210463734
The number of inters: 100000
The sparsity of the dataset: 93.70575143257098%
Remain Fields: ['user_id', 'item_id', 'rating', 'timestamp', 'age', 'gender', 'occupation', 'zip_code', 'movie_title', 'release_year', 'class']
Mon 09 Feb 2026 19:39:04 INFO  [Training]: train_batch_size = [256] train_neg_sample_args: [{'distribution': 'none', 'sample_num': 'none', 'alpha': 'none', 'dynamic': False, 'candidate_num': 0}]
Mon 09 Feb 2026 19:39:04 INFO  [Evaluation]: eval_batch_size = [512] eval_args: [{'split': {'LS': 'valid_and_test'}, 'order': 'TO', 'group_by': 'user', 'mode': {'valid': 'uni100', 'test': 'uni100'}}]
Mon 09 Feb 2026 19:39:04 INFO  TimeWeaver(
  (item_embedding): Embedding(1683, 64, padding_idx=0)
  (time_aug): TimeAwareAugmentation(
    (pos_embedding): Embedding(32, 64)
    (time_embedding): Embedding(1000, 64)
    (layer_norm): LayerNorm((64,), eps=1e-05, elementwise_affine=True)
    (drop): Dropout(p=0.5, inplace=False)
  )
  (context_layers): ModuleList(
    (0): TCNNextBlock(
      (dw): DepthwiseConv1d(
        (conv): Conv1d(64, 64, kernel_size=(9,), stride=(1,), padding=(4,), groups=64)
        (bn): BatchNorm1d(64, eps=1e-05, momentum=0.1, affine=True, track_running_stats=True)
        (drop): Dropout(p=0.5, inplace=False)
      )
      (norm1): LayerNorm((64,), eps=1e-05, elementwise_affine=True)
      (conv_inter): ParallelConvInter(
        (conv1): Conv1d(64, 64, kernel_size=(1,), stride=(1,))
        (conv3): Conv1d(64, 64, kernel_size=(3,), stride=(1,), padding=(1,))
        (proj): Conv1d(64, 64, kernel_size=(1,), stride=(1,))
        (drop): Dropout(p=0.5, inplace=False)
      )
      (norm2): LayerNorm((64,), eps=1e-05, elementwise_affine=True)
      (ffn): Sequential(
        (0): Linear(in_features=64, out_features=256, bias=True)
        (1): GELU(approximate='none')
        (2): Dropout(p=0.5, inplace=False)
        (3): Linear(in_features=256, out_features=64, bias=True)
        (4): Dropout(p=0.5, inplace=False)
      )
      (norm3): LayerNorm((64,), eps=1e-05, elementwise_affine=True)
    )
  )
  (dynamic_layers): ModuleList(
    (0): EMAStream(
      (proj): Linear(in_features=64, out_features=64, bias=True)
    )
  )
  (weavers): ModuleList(
    (0): StreamWeaver(
      (proj): Linear(in_features=128, out_features=64, bias=True)
      (norm): LayerNorm((64,), eps=1e-05, elementwise_affine=True)
    )
  )
  (loss_fct): CrossEntropyLoss()
)
Trainable parameters: 241345.0
Mon 09 Feb 2026 19:39:04 INFO  FLOPs: 2150400.0
Mon 09 Feb 2026 19:39:25 INFO  epoch 0 training [time: 19.32s, train loss: 2461.0821]
Mon 09 Feb 2026 19:39:27 INFO  epoch 0 evaluating [time: 1.87s, valid_score: 0.277000]
Mon 09 Feb 2026 19:39:27 INFO  valid result: 
hit@10 : 0.6416    ndcg@10 : 0.3624    mrr@10 : 0.277
Mon 09 Feb 2026 19:39:27 INFO  Saving current: saved\TimeWeaver-Feb-09-2026_19-39-04.pth
Mon 09 Feb 2026 19:39:46 INFO  epoch 1 training [time: 19.54s, train loss: 2250.7299]
Mon 09 Feb 2026 19:39:48 INFO  epoch 1 evaluating [time: 1.85s, valid_score: 0.310700]
Mon 09 Feb 2026 19:39:48 INFO  valid result: 
hit@10 : 0.6872    ndcg@10 : 0.3995    mrr@10 : 0.3107
Mon 09 Feb 2026 19:39:48 INFO  Saving current: saved\TimeWeaver-Feb-09-2026_19-39-04.pth
Mon 09 Feb 2026 19:40:07 INFO  epoch 2 training [time: 19.11s, train loss: 2212.9655]
Mon 09 Feb 2026 19:40:09 INFO  epoch 2 evaluating [time: 1.75s, valid_score: 0.340600]
Mon 09 Feb 2026 19:40:09 INFO  valid result: 
hit@10 : 0.7041    ndcg@10 : 0.4265    mrr@10 : 0.3406
Mon 09 Feb 2026 19:40:09 INFO  Saving current: saved\TimeWeaver-Feb-09-2026_19-39-04.pth
Mon 09 Feb 2026 19:40:28 INFO  epoch 3 training [time: 18.53s, train loss: 2189.0010]
Mon 09 Feb 2026 19:40:29 INFO  epoch 3 evaluating [time: 1.74s, valid_score: 0.337400]
Mon 09 Feb 2026 19:40:29 INFO  valid result: 
hit@10 : 0.7211    ndcg@10 : 0.4283    mrr@10 : 0.3374
Mon 09 Feb 2026 19:40:48 INFO  epoch 4 training [time: 19.07s, train loss: 2170.1223]
Mon 09 Feb 2026 19:40:50 INFO  epoch 4 evaluating [time: 1.82s, valid_score: 0.350000]
Mon 09 Feb 2026 19:40:50 INFO  valid result: 
hit@10 : 0.7328    ndcg@10 : 0.4407    mrr@10 : 0.35
Mon 09 Feb 2026 19:40:50 INFO  Saving current: saved\TimeWeaver-Feb-09-2026_19-39-04.pth
Mon 09 Feb 2026 19:41:09 INFO  epoch 5 training [time: 19.23s, train loss: 2155.8886]
Mon 09 Feb 2026 19:41:11 INFO  epoch 5 evaluating [time: 1.74s, valid_score: 0.345800]
Mon 09 Feb 2026 19:41:11 INFO  valid result: 
hit@10 : 0.7253    ndcg@10 : 0.4359    mrr@10 : 0.3458
Mon 09 Feb 2026 19:41:30 INFO  epoch 6 training [time: 18.75s, train loss: 2146.3413]
Mon 09 Feb 2026 19:41:32 INFO  epoch 6 evaluating [time: 1.76s, valid_score: 0.341400]
Mon 09 Feb 2026 19:41:32 INFO  valid result: 
hit@10 : 0.737    ndcg@10 : 0.4349    mrr@10 : 0.3414
Mon 09 Feb 2026 19:41:51 INFO  epoch 7 training [time: 19.09s, train loss: 2139.0563]
Mon 09 Feb 2026 19:41:53 INFO  epoch 7 evaluating [time: 1.84s, valid_score: 0.350600]
Mon 09 Feb 2026 19:41:53 INFO  valid result: 
hit@10 : 0.7381    ndcg@10 : 0.4423    mrr@10 : 0.3506
Mon 09 Feb 2026 19:41:53 INFO  Saving current: saved\TimeWeaver-Feb-09-2026_19-39-04.pth
Mon 09 Feb 2026 19:42:12 INFO  epoch 8 training [time: 19.10s, train loss: 2132.8732]
Mon 09 Feb 2026 19:42:14 INFO  epoch 8 evaluating [time: 1.81s, valid_score: 0.356700]
Mon 09 Feb 2026 19:42:14 INFO  valid result: 
hit@10 : 0.7338    ndcg@10 : 0.4461    mrr@10 : 0.3567
Mon 09 Feb 2026 19:42:14 INFO  Saving current: saved\TimeWeaver-Feb-09-2026_19-39-04.pth
Mon 09 Feb 2026 19:42:33 INFO  epoch 9 training [time: 19.17s, train loss: 2128.0351]
Mon 09 Feb 2026 19:42:34 INFO  epoch 9 evaluating [time: 1.75s, valid_score: 0.351000]
Mon 09 Feb 2026 19:42:34 INFO  valid result: 
hit@10 : 0.7444    ndcg@10 : 0.4442    mrr@10 : 0.351
Mon 09 Feb 2026 19:42:53 INFO  epoch 10 training [time: 18.66s, train loss: 2121.8084]
Mon 09 Feb 2026 19:42:55 INFO  epoch 10 evaluating [time: 1.75s, valid_score: 0.351700]
Mon 09 Feb 2026 19:42:55 INFO  valid result: 
hit@10 : 0.7497    ndcg@10 : 0.4457    mrr@10 : 0.3517
Mon 09 Feb 2026 19:43:14 INFO  epoch 11 training [time: 19.28s, train loss: 2118.8328]
Mon 09 Feb 2026 19:43:16 INFO  epoch 11 evaluating [time: 1.85s, valid_score: 0.350900]
Mon 09 Feb 2026 19:43:16 INFO  valid result: 
hit@10 : 0.7381    ndcg@10 : 0.4427    mrr@10 : 0.3509
Mon 09 Feb 2026 19:43:36 INFO  epoch 12 training [time: 19.75s, train loss: 2114.2021]
Mon 09 Feb 2026 19:43:38 INFO  epoch 12 evaluating [time: 1.84s, valid_score: 0.349800]
Mon 09 Feb 2026 19:43:38 INFO  valid result: 
hit@10 : 0.7455    ndcg@10 : 0.4434    mrr@10 : 0.3498
Mon 09 Feb 2026 19:43:57 INFO  epoch 13 training [time: 19.57s, train loss: 2110.2029]
Mon 09 Feb 2026 19:43:59 INFO  epoch 13 evaluating [time: 1.95s, valid_score: 0.358700]
Mon 09 Feb 2026 19:43:59 INFO  valid result: 
hit@10 : 0.737    ndcg@10 : 0.4485    mrr@10 : 0.3587
Mon 09 Feb 2026 19:43:59 INFO  Saving current: saved\TimeWeaver-Feb-09-2026_19-39-04.pth
Mon 09 Feb 2026 19:44:18 INFO  epoch 14 training [time: 18.83s, train loss: 2107.5698]
Mon 09 Feb 2026 19:44:20 INFO  epoch 14 evaluating [time: 1.73s, valid_score: 0.346800]
Mon 09 Feb 2026 19:44:20 INFO  valid result: 
hit@10 : 0.7402    ndcg@10 : 0.4402    mrr@10 : 0.3468
Mon 09 Feb 2026 19:44:38 INFO  epoch 15 training [time: 18.75s, train loss: 2104.3337]
Mon 09 Feb 2026 19:44:40 INFO  epoch 15 evaluating [time: 1.86s, valid_score: 0.367800]
Mon 09 Feb 2026 19:44:40 INFO  valid result: 
hit@10 : 0.7402    ndcg@10 : 0.456    mrr@10 : 0.3678
Mon 09 Feb 2026 19:44:40 INFO  Saving current: saved\TimeWeaver-Feb-09-2026_19-39-04.pth
Mon 09 Feb 2026 19:45:00 INFO  epoch 16 training [time: 19.26s, train loss: 2102.4268]
Mon 09 Feb 2026 19:45:01 INFO  epoch 16 evaluating [time: 1.82s, valid_score: 0.355500]
Mon 09 Feb 2026 19:45:01 INFO  valid result: 
hit@10 : 0.7476    ndcg@10 : 0.4483    mrr@10 : 0.3555
Mon 09 Feb 2026 19:45:20 INFO  epoch 17 training [time: 18.78s, train loss: 2098.9037]
Mon 09 Feb 2026 19:45:22 INFO  epoch 17 evaluating [time: 1.75s, valid_score: 0.348000]
Mon 09 Feb 2026 19:45:22 INFO  valid result: 
hit@10 : 0.7423    ndcg@10 : 0.4415    mrr@10 : 0.348
Mon 09 Feb 2026 19:45:41 INFO  epoch 18 training [time: 18.91s, train loss: 2095.9071]
Mon 09 Feb 2026 19:45:43 INFO  epoch 18 evaluating [time: 1.79s, valid_score: 0.354500]
Mon 09 Feb 2026 19:45:43 INFO  valid result: 
hit@10 : 0.7423    ndcg@10 : 0.4461    mrr@10 : 0.3545
Mon 09 Feb 2026 19:46:02 INFO  epoch 19 training [time: 19.09s, train loss: 2093.6405]
Mon 09 Feb 2026 19:46:04 INFO  epoch 19 evaluating [time: 1.79s, valid_score: 0.353700]
Mon 09 Feb 2026 19:46:04 INFO  valid result: 
hit@10 : 0.7423    ndcg@10 : 0.4456    mrr@10 : 0.3537
Mon 09 Feb 2026 19:46:23 INFO  epoch 20 training [time: 19.11s, train loss: 2092.3058]
Mon 09 Feb 2026 19:46:24 INFO  epoch 20 evaluating [time: 1.79s, valid_score: 0.346400]
Mon 09 Feb 2026 19:46:24 INFO  valid result: 
hit@10 : 0.7476    ndcg@10 : 0.4412    mrr@10 : 0.3464
Mon 09 Feb 2026 19:46:43 INFO  epoch 21 training [time: 18.87s, train loss: 2088.7099]
Mon 09 Feb 2026 19:46:45 INFO  epoch 21 evaluating [time: 1.74s, valid_score: 0.351100]
Mon 09 Feb 2026 19:46:45 INFO  valid result: 
hit@10 : 0.7402    ndcg@10 : 0.4433    mrr@10 : 0.3511
Mon 09 Feb 2026 19:47:04 INFO  epoch 22 training [time: 18.82s, train loss: 2087.8199]
Mon 09 Feb 2026 19:47:06 INFO  epoch 22 evaluating [time: 1.79s, valid_score: 0.347900]
Mon 09 Feb 2026 19:47:06 INFO  valid result: 
hit@10 : 0.7402    ndcg@10 : 0.4412    mrr@10 : 0.3479
Mon 09 Feb 2026 19:47:25 INFO  epoch 23 training [time: 19.82s, train loss: 2084.8923]
Mon 09 Feb 2026 19:47:27 INFO  epoch 23 evaluating [time: 1.82s, valid_score: 0.349100]
Mon 09 Feb 2026 19:47:27 INFO  valid result: 
hit@10 : 0.7317    ndcg@10 : 0.4401    mrr@10 : 0.3491
Mon 09 Feb 2026 19:47:47 INFO  epoch 24 training [time: 19.54s, train loss: 2084.0250]
Mon 09 Feb 2026 19:47:49 INFO  epoch 24 evaluating [time: 1.94s, valid_score: 0.362900]
Mon 09 Feb 2026 19:47:49 INFO  valid result: 
hit@10 : 0.7497    ndcg@10 : 0.4544    mrr@10 : 0.3629
Mon 09 Feb 2026 19:48:08 INFO  epoch 25 training [time: 19.23s, train loss: 2081.6395]
Mon 09 Feb 2026 19:48:10 INFO  epoch 25 evaluating [time: 1.77s, valid_score: 0.342500]
Mon 09 Feb 2026 19:48:10 INFO  valid result: 
hit@10 : 0.7285    ndcg@10 : 0.4339    mrr@10 : 0.3425
Mon 09 Feb 2026 19:48:28 INFO  epoch 26 training [time: 18.57s, train loss: 2079.4110]
Mon 09 Feb 2026 19:48:30 INFO  epoch 26 evaluating [time: 1.78s, valid_score: 0.343100]
Mon 09 Feb 2026 19:48:30 INFO  valid result: 
hit@10 : 0.7232    ndcg@10 : 0.4333    mrr@10 : 0.3431
Mon 09 Feb 2026 19:48:30 INFO  Finished training, best eval result in epoch 15
Mon 09 Feb 2026 19:48:30 INFO  Loading model structure and parameters from saved\TimeWeaver-Feb-09-2026_19-39-04.pth
Mon 09 Feb 2026 19:48:33 INFO  The running environment of this training is as follows:
+-------------+----------------+
| Environment |     Usage      |
+=============+================+
| CPU         |     2.50 %     |
+-------------+----------------+
| GPU         | 0.11 G/6.00 G  |
+-------------+----------------+
| Memory      | 1.48 G/15.63 G |
+-------------+----------------+
Mon 09 Feb 2026 19:48:33 INFO  best valid : OrderedDict([('hit@10', 0.7402), ('ndcg@10', 0.456), ('mrr@10', 0.3678)])
Mon 09 Feb 2026 19:48:33 INFO  test result: OrderedDict([('hit@10', 0.6925), ('ndcg@10', 0.4144), ('mrr@10', 0.3286)])
