Sat 14 Mar 2026 15:38:25 INFO  ['F:\\桌面\\recommendation_system\\scripts\\run_grid.py', '--models', 'timeweaver', '--datasets', 'amazon-sports-5core-longseq-full', '--seeds', '42,2023,2024', '--device', 'gpu', '--timeweaver-variant', 'aug_only', '--output', 'F:\\桌面\\recommendation_system\\results\\param_sweeps\\timeweaver_param_A_contrastive.json', '--tag', 'A_w0.03_t0.5', '--skip-if-done', '--tw-contrastive-weight', '0.03', '--tw-contrastive-temp', '0.5']
Sat 14 Mar 2026 15:38:25 INFO  
General Hyper Parameters:
gpu_id = 0
use_gpu = True
seed = 42
state = INFO
reproducibility = True
data_path = data/amazon\amazon-sports-5core-longseq
checkpoint_dir = saved
show_progress = True
save_dataset = False
dataset_save_path = None
save_dataloaders = False
dataloaders_save_path = None
log_wandb = False

Training Hyper Parameters:
epochs = 100
train_batch_size = 256
learner = adam
learning_rate = 0.001
train_neg_sample_args = {'distribution': 'none', 'sample_num': 'none', 'alpha': 'none', 'dynamic': False, 'candidate_num': 0}
eval_step = 1
stopping_step = 10
clip_grad_norm = None
weight_decay = 0.0
loss_decimal_place = 4

Evaluation Hyper Parameters:
eval_args = {'split': {'LS': 'valid_and_test'}, 'order': 'TO', 'group_by': 'user', 'mode': {'valid': 'full', 'test': 'full'}}
repeatable = True
metrics = ['Hit', 'NDCG', 'MRR']
topk = [10]
valid_metric = Hit@10
valid_metric_bigger = True
eval_batch_size = 512
metric_decimal_place = 4

Dataset Hyper Parameters:
field_separator = 	
seq_separator =  
USER_ID_FIELD = user_id
ITEM_ID_FIELD = item_id
RATING_FIELD = rating
TIME_FIELD = timestamp
seq_len = None
LABEL_FIELD = label
threshold = None
NEG_PREFIX = neg_
load_col = {'inter': ['user_id', 'item_id', 'rating', 'timestamp']}
unload_col = None
unused_col = None
additional_feat_suffix = None
rm_dup_inter = None
val_interval = None
filter_inter_by_user_or_item = True
user_inter_num_interval = [0,inf)
item_inter_num_interval = [0,inf)
alias_of_user_id = None
alias_of_item_id = None
alias_of_entity_id = None
alias_of_relation_id = None
preload_weight = None
normalize_field = None
normalize_all = None
ITEM_LIST_LENGTH_FIELD = item_length
LIST_SUFFIX = _list
MAX_ITEM_LIST_LENGTH = 32
POSITION_FIELD = position_id
HEAD_ENTITY_ID_FIELD = head_id
TAIL_ENTITY_ID_FIELD = tail_id
RELATION_ID_FIELD = relation_id
ENTITY_ID_FIELD = entity_id
benchmark_filename = None

Other Hyper Parameters: 
worker = 0
wandb_project = recbole
shuffle = True
require_pow = False
enable_amp = False
enable_scaler = False
transform = None
numerical_features = []
discretization = None
kg_reverse_r = False
entity_kg_num_interval = [0,inf)
relation_kg_num_interval = [0,inf)
MODEL_TYPE = ModelType.SEQUENTIAL
model_name = TimeWeaver
hidden_size = 64
num_layers = 2
hidden_dropout_prob = 0.5
initializer_range = 0.02
time_bucket_size = 1000
ema_decay = 0.5
tcn_kernel_size = -1
ffn_hidden_size = 256
loss_type = CE
early_stop = 10
neg_sampling = None
device = cuda
use_continuous_time = False
use_time_gate = False
use_time_augmentation = True
contrastive_weight = 0.03
contrastive_temp = 0.5
MODEL_INPUT_TYPE = InputType.POINTWISE
eval_type = EvaluatorType.RANKING
single_spec = True
local_rank = 0
valid_neg_sample_args = {'distribution': 'uniform', 'sample_num': 'none'}
test_neg_sample_args = {'distribution': 'uniform', 'sample_num': 'none'}


Sat 14 Mar 2026 15:38:26 INFO  amazon-sports-5core-longseq
The number of users: 2181
Average actions of users: 25.74678899082569
The number of items: 14556
Average actions of items: 3.8562693232566128
The number of inters: 56128
The sparsity of the dataset: 99.82320016520806%
Remain Fields: ['user_id', 'item_id', 'rating', 'timestamp']
Sat 14 Mar 2026 15:38:27 INFO  [Training]: train_batch_size = [256] train_neg_sample_args: [{'distribution': 'none', 'sample_num': 'none', 'alpha': 'none', 'dynamic': False, 'candidate_num': 0}]
Sat 14 Mar 2026 15:38:27 INFO  [Evaluation]: eval_batch_size = [512] eval_args: [{'split': {'LS': 'valid_and_test'}, 'order': 'TO', 'group_by': 'user', 'mode': {'valid': 'full', 'test': 'full'}}]
Sat 14 Mar 2026 15:38:27 INFO  TimeWeaver(
  (item_embedding): Embedding(14556, 64, padding_idx=0)
  (time_aug): TimeAwareAugmentation(
    (pos_embedding): Embedding(32, 64)
    (time_embedding): Embedding(1000, 64)
    (layer_norm): LayerNorm((64,), eps=1e-05, elementwise_affine=True)
    (drop): Dropout(p=0.5, inplace=False)
  )
  (context_layers): ModuleList(
    (0-1): 2 x TCNNextBlock(
      (dw): DepthwiseConv1d(
        (conv): Conv1d(64, 64, kernel_size=(11,), stride=(1,), padding=(5,), groups=64)
        (bn): BatchNorm1d(64, eps=1e-05, momentum=0.1, affine=True, track_running_stats=True)
        (drop): Dropout(p=0.5, inplace=False)
      )
      (norm1): LayerNorm((64,), eps=1e-05, elementwise_affine=True)
      (conv_inter): ParallelConvInter(
        (conv1): Conv1d(64, 64, kernel_size=(1,), stride=(1,))
        (conv3): Conv1d(64, 64, kernel_size=(3,), stride=(1,), padding=(1,))
        (proj): Conv1d(64, 64, kernel_size=(1,), stride=(1,))
        (drop): Dropout(p=0.5, inplace=False)
      )
      (norm2): LayerNorm((64,), eps=1e-05, elementwise_affine=True)
      (ffn): Sequential(
        (0): Linear(in_features=64, out_features=256, bias=True)
        (1): GELU(approximate='none')
        (2): Dropout(p=0.5, inplace=False)
        (3): Linear(in_features=256, out_features=64, bias=True)
        (4): Dropout(p=0.5, inplace=False)
      )
      (norm3): LayerNorm((64,), eps=1e-05, elementwise_affine=True)
    )
  )
  (dynamic_layers): ModuleList(
    (0-1): 2 x EMAStream(
      (proj): Linear(in_features=64, out_features=64, bias=True)
    )
  )
  (weavers): ModuleList(
    (0-1): 2 x StreamWeaver(
      (proj): Linear(in_features=128, out_features=64, bias=True)
      (norm): LayerNorm((64,), eps=1e-05, elementwise_affine=True)
    )
  )
  (loss_fct): CrossEntropyLoss()
)
Trainable parameters: 1132929.0
Sat 14 Mar 2026 15:38:28 INFO  FLOPs: 4298752.0
Sat 14 Mar 2026 15:38:50 INFO  epoch 0 training [time: 20.00s, train loss: 1809.4322]
Sat 14 Mar 2026 15:38:50 INFO  epoch 0 evaluating [time: 0.14s, valid_score: 0.012400]
Sat 14 Mar 2026 15:38:50 INFO  valid result: 
hit@10 : 0.0124    ndcg@10 : 0.0063    mrr@10 : 0.0046
Sat 14 Mar 2026 15:38:50 INFO  Saving current: saved\TimeWeaver-Mar-14-2026_15-38-28.pth
Sat 14 Mar 2026 15:39:10 INFO  epoch 1 training [time: 19.97s, train loss: 1735.6456]
Sat 14 Mar 2026 15:39:10 INFO  epoch 1 evaluating [time: 0.06s, valid_score: 0.015100]
Sat 14 Mar 2026 15:39:10 INFO  valid result: 
hit@10 : 0.0151    ndcg@10 : 0.0072    mrr@10 : 0.0049
Sat 14 Mar 2026 15:39:10 INFO  Saving current: saved\TimeWeaver-Mar-14-2026_15-38-28.pth
Sat 14 Mar 2026 15:39:31 INFO  epoch 2 training [time: 20.61s, train loss: 1671.3945]
Sat 14 Mar 2026 15:39:31 INFO  epoch 2 evaluating [time: 0.06s, valid_score: 0.029400]
Sat 14 Mar 2026 15:39:31 INFO  valid result: 
hit@10 : 0.0294    ndcg@10 : 0.0134    mrr@10 : 0.0087
Sat 14 Mar 2026 15:39:31 INFO  Saving current: saved\TimeWeaver-Mar-14-2026_15-38-28.pth
Sat 14 Mar 2026 15:39:50 INFO  epoch 3 training [time: 19.47s, train loss: 1594.9921]
Sat 14 Mar 2026 15:39:50 INFO  epoch 3 evaluating [time: 0.07s, valid_score: 0.026600]
Sat 14 Mar 2026 15:39:50 INFO  valid result: 
hit@10 : 0.0266    ndcg@10 : 0.0131    mrr@10 : 0.009
Sat 14 Mar 2026 15:40:10 INFO  epoch 4 training [time: 20.04s, train loss: 1520.7400]
Sat 14 Mar 2026 15:40:10 INFO  epoch 4 evaluating [time: 0.06s, valid_score: 0.026100]
Sat 14 Mar 2026 15:40:10 INFO  valid result: 
hit@10 : 0.0261    ndcg@10 : 0.0124    mrr@10 : 0.0082
Sat 14 Mar 2026 15:40:38 INFO  epoch 5 training [time: 27.35s, train loss: 1447.6683]
Sat 14 Mar 2026 15:40:38 INFO  epoch 5 evaluating [time: 0.07s, valid_score: 0.028400]
Sat 14 Mar 2026 15:40:38 INFO  valid result: 
hit@10 : 0.0284    ndcg@10 : 0.0131    mrr@10 : 0.0084
Sat 14 Mar 2026 15:41:18 INFO  epoch 6 training [time: 39.93s, train loss: 1381.0612]
Sat 14 Mar 2026 15:41:18 INFO  epoch 6 evaluating [time: 0.06s, valid_score: 0.030700]
Sat 14 Mar 2026 15:41:18 INFO  valid result: 
hit@10 : 0.0307    ndcg@10 : 0.0134    mrr@10 : 0.0081
Sat 14 Mar 2026 15:41:18 INFO  Saving current: saved\TimeWeaver-Mar-14-2026_15-38-28.pth
Sat 14 Mar 2026 15:41:57 INFO  epoch 7 training [time: 39.11s, train loss: 1315.0781]
Sat 14 Mar 2026 15:41:57 INFO  epoch 7 evaluating [time: 0.07s, valid_score: 0.028000]
Sat 14 Mar 2026 15:41:57 INFO  valid result: 
hit@10 : 0.028    ndcg@10 : 0.0129    mrr@10 : 0.0083
Sat 14 Mar 2026 15:42:36 INFO  epoch 8 training [time: 38.57s, train loss: 1256.6743]
Sat 14 Mar 2026 15:42:36 INFO  epoch 8 evaluating [time: 0.07s, valid_score: 0.033000]
Sat 14 Mar 2026 15:42:36 INFO  valid result: 
hit@10 : 0.033    ndcg@10 : 0.0148    mrr@10 : 0.0093
Sat 14 Mar 2026 15:42:36 INFO  Saving current: saved\TimeWeaver-Mar-14-2026_15-38-28.pth
Sat 14 Mar 2026 15:43:14 INFO  epoch 9 training [time: 38.54s, train loss: 1205.6660]
Sat 14 Mar 2026 15:43:14 INFO  epoch 9 evaluating [time: 0.07s, valid_score: 0.033500]
Sat 14 Mar 2026 15:43:14 INFO  valid result: 
hit@10 : 0.0335    ndcg@10 : 0.0145    mrr@10 : 0.0088
Sat 14 Mar 2026 15:43:14 INFO  Saving current: saved\TimeWeaver-Mar-14-2026_15-38-28.pth
Sat 14 Mar 2026 15:44:23 INFO  epoch 10 training [time: 69.05s, train loss: 1159.8964]
Sat 14 Mar 2026 15:44:23 INFO  epoch 10 evaluating [time: 0.07s, valid_score: 0.030700]
Sat 14 Mar 2026 15:44:23 INFO  valid result: 
hit@10 : 0.0307    ndcg@10 : 0.0141    mrr@10 : 0.0091
Sat 14 Mar 2026 15:45:03 INFO  epoch 11 training [time: 39.35s, train loss: 1117.9835]
Sat 14 Mar 2026 15:45:03 INFO  epoch 11 evaluating [time: 0.06s, valid_score: 0.031700]
Sat 14 Mar 2026 15:45:03 INFO  valid result: 
hit@10 : 0.0317    ndcg@10 : 0.0141    mrr@10 : 0.0087
Sat 14 Mar 2026 15:45:50 INFO  epoch 12 training [time: 47.37s, train loss: 1086.4444]
Sat 14 Mar 2026 15:45:50 INFO  epoch 12 evaluating [time: 0.07s, valid_score: 0.031200]
Sat 14 Mar 2026 15:45:50 INFO  valid result: 
hit@10 : 0.0312    ndcg@10 : 0.0136    mrr@10 : 0.0083
Sat 14 Mar 2026 15:46:50 INFO  epoch 13 training [time: 59.71s, train loss: 1056.5135]
Sat 14 Mar 2026 15:46:50 INFO  epoch 13 evaluating [time: 0.09s, valid_score: 0.033900]
Sat 14 Mar 2026 15:46:50 INFO  valid result: 
hit@10 : 0.0339    ndcg@10 : 0.0145    mrr@10 : 0.0086
Sat 14 Mar 2026 15:46:50 INFO  Saving current: saved\TimeWeaver-Mar-14-2026_15-38-28.pth
Sat 14 Mar 2026 15:47:51 INFO  epoch 14 training [time: 60.64s, train loss: 1026.4843]
Sat 14 Mar 2026 15:47:51 INFO  epoch 14 evaluating [time: 0.07s, valid_score: 0.032100]
Sat 14 Mar 2026 15:47:51 INFO  valid result: 
hit@10 : 0.0321    ndcg@10 : 0.0139    mrr@10 : 0.0084
Sat 14 Mar 2026 15:48:32 INFO  epoch 15 training [time: 41.25s, train loss: 1003.1418]
Sat 14 Mar 2026 15:48:32 INFO  epoch 15 evaluating [time: 0.07s, valid_score: 0.028400]
Sat 14 Mar 2026 15:48:32 INFO  valid result: 
hit@10 : 0.0284    ndcg@10 : 0.0128    mrr@10 : 0.0081
Sat 14 Mar 2026 15:49:32 INFO  epoch 16 training [time: 59.81s, train loss: 980.6110]
Sat 14 Mar 2026 15:49:32 INFO  epoch 16 evaluating [time: 0.10s, valid_score: 0.023900]
Sat 14 Mar 2026 15:49:32 INFO  valid result: 
hit@10 : 0.0239    ndcg@10 : 0.0107    mrr@10 : 0.0067
Sat 14 Mar 2026 15:50:50 INFO  epoch 17 training [time: 77.64s, train loss: 957.1494]
Sat 14 Mar 2026 15:50:50 INFO  epoch 17 evaluating [time: 0.07s, valid_score: 0.026100]
Sat 14 Mar 2026 15:50:50 INFO  valid result: 
hit@10 : 0.0261    ndcg@10 : 0.0121    mrr@10 : 0.0079
Sat 14 Mar 2026 15:51:34 INFO  epoch 18 training [time: 44.20s, train loss: 939.0184]
Sat 14 Mar 2026 15:51:34 INFO  epoch 18 evaluating [time: 0.07s, valid_score: 0.025200]
Sat 14 Mar 2026 15:51:34 INFO  valid result: 
hit@10 : 0.0252    ndcg@10 : 0.0111    mrr@10 : 0.0069
Sat 14 Mar 2026 15:52:14 INFO  epoch 19 training [time: 39.48s, train loss: 918.9477]
Sat 14 Mar 2026 15:52:14 INFO  epoch 19 evaluating [time: 0.07s, valid_score: 0.028400]
Sat 14 Mar 2026 15:52:14 INFO  valid result: 
hit@10 : 0.0284    ndcg@10 : 0.0127    mrr@10 : 0.008
Sat 14 Mar 2026 15:52:52 INFO  epoch 20 training [time: 38.36s, train loss: 900.6732]
Sat 14 Mar 2026 15:52:52 INFO  epoch 20 evaluating [time: 0.06s, valid_score: 0.025200]
Sat 14 Mar 2026 15:52:52 INFO  valid result: 
hit@10 : 0.0252    ndcg@10 : 0.0114    mrr@10 : 0.0073
Sat 14 Mar 2026 15:53:31 INFO  epoch 21 training [time: 38.59s, train loss: 884.9907]
Sat 14 Mar 2026 15:53:31 INFO  epoch 21 evaluating [time: 0.07s, valid_score: 0.023400]
Sat 14 Mar 2026 15:53:31 INFO  valid result: 
hit@10 : 0.0234    ndcg@10 : 0.0107    mrr@10 : 0.0069
Sat 14 Mar 2026 15:54:09 INFO  epoch 22 training [time: 38.24s, train loss: 866.5967]
Sat 14 Mar 2026 15:54:09 INFO  epoch 22 evaluating [time: 0.07s, valid_score: 0.022000]
Sat 14 Mar 2026 15:54:09 INFO  valid result: 
hit@10 : 0.022    ndcg@10 : 0.0111    mrr@10 : 0.0078
Sat 14 Mar 2026 15:54:47 INFO  epoch 23 training [time: 38.44s, train loss: 852.2336]
Sat 14 Mar 2026 15:54:48 INFO  epoch 23 evaluating [time: 0.07s, valid_score: 0.023400]
Sat 14 Mar 2026 15:54:48 INFO  valid result: 
hit@10 : 0.0234    ndcg@10 : 0.0113    mrr@10 : 0.0076
Sat 14 Mar 2026 15:55:27 INFO  epoch 24 training [time: 39.98s, train loss: 840.0840]
Sat 14 Mar 2026 15:55:28 INFO  epoch 24 evaluating [time: 0.07s, valid_score: 0.023400]
Sat 14 Mar 2026 15:55:28 INFO  valid result: 
hit@10 : 0.0234    ndcg@10 : 0.0114    mrr@10 : 0.0078
Sat 14 Mar 2026 15:55:28 INFO  Finished training, best eval result in epoch 13
Sat 14 Mar 2026 15:55:28 INFO  Loading model structure and parameters from saved\TimeWeaver-Mar-14-2026_15-38-28.pth
Sat 14 Mar 2026 15:55:29 INFO  The running environment of this training is as follows:
+-------------+----------------+
| Environment |     Usage      |
+=============+================+
| CPU         |    15.20 %     |
+-------------+----------------+
| GPU         | 0.33 G/6.00 G  |
+-------------+----------------+
| Memory      | 0.44 G/15.63 G |
+-------------+----------------+
Sat 14 Mar 2026 15:55:29 INFO  best valid : OrderedDict([('hit@10', 0.0339), ('ndcg@10', 0.0145), ('mrr@10', 0.0086)])
Sat 14 Mar 2026 15:55:29 INFO  test result: OrderedDict([('hit@10', 0.022), ('ndcg@10', 0.0102), ('mrr@10', 0.0066)])
Sat 14 Mar 2026 15:55:29 WARNING  command line args [--models timeweaver --datasets amazon-sports-5core-longseq-full --seeds 42,2023,2024 --device gpu --timeweaver-variant aug_only --output F:\桌面\recommendation_system\results\param_sweeps\timeweaver_param_A_contrastive.json --tag A_w0.03_t0.5 --skip-if-done --tw-contrastive-weight 0.03 --tw-contrastive-temp 0.5] will not be used in RecBole
Sat 14 Mar 2026 15:55:29 INFO  ['F:\\桌面\\recommendation_system\\scripts\\run_grid.py', '--models', 'timeweaver', '--datasets', 'amazon-sports-5core-longseq-full', '--seeds', '42,2023,2024', '--device', 'gpu', '--timeweaver-variant', 'aug_only', '--output', 'F:\\桌面\\recommendation_system\\results\\param_sweeps\\timeweaver_param_A_contrastive.json', '--tag', 'A_w0.03_t0.5', '--skip-if-done', '--tw-contrastive-weight', '0.03', '--tw-contrastive-temp', '0.5']
Sat 14 Mar 2026 15:55:29 INFO  
General Hyper Parameters:
gpu_id = 0
use_gpu = True
seed = 2023
state = INFO
reproducibility = True
data_path = data/amazon\amazon-sports-5core-longseq
checkpoint_dir = saved
show_progress = True
save_dataset = False
dataset_save_path = None
save_dataloaders = False
dataloaders_save_path = None
log_wandb = False

Training Hyper Parameters:
epochs = 100
train_batch_size = 256
learner = adam
learning_rate = 0.001
train_neg_sample_args = {'distribution': 'none', 'sample_num': 'none', 'alpha': 'none', 'dynamic': False, 'candidate_num': 0}
eval_step = 1
stopping_step = 10
clip_grad_norm = None
weight_decay = 0.0
loss_decimal_place = 4

Evaluation Hyper Parameters:
eval_args = {'split': {'LS': 'valid_and_test'}, 'order': 'TO', 'group_by': 'user', 'mode': {'valid': 'full', 'test': 'full'}}
repeatable = True
metrics = ['Hit', 'NDCG', 'MRR']
topk = [10]
valid_metric = Hit@10
valid_metric_bigger = True
eval_batch_size = 512
metric_decimal_place = 4

Dataset Hyper Parameters:
field_separator = 	
seq_separator =  
USER_ID_FIELD = user_id
ITEM_ID_FIELD = item_id
RATING_FIELD = rating
TIME_FIELD = timestamp
seq_len = None
LABEL_FIELD = label
threshold = None
NEG_PREFIX = neg_
load_col = {'inter': ['user_id', 'item_id', 'rating', 'timestamp']}
unload_col = None
unused_col = None
additional_feat_suffix = None
rm_dup_inter = None
val_interval = None
filter_inter_by_user_or_item = True
user_inter_num_interval = [0,inf)
item_inter_num_interval = [0,inf)
alias_of_user_id = None
alias_of_item_id = None
alias_of_entity_id = None
alias_of_relation_id = None
preload_weight = None
normalize_field = None
normalize_all = None
ITEM_LIST_LENGTH_FIELD = item_length
LIST_SUFFIX = _list
MAX_ITEM_LIST_LENGTH = 32
POSITION_FIELD = position_id
HEAD_ENTITY_ID_FIELD = head_id
TAIL_ENTITY_ID_FIELD = tail_id
RELATION_ID_FIELD = relation_id
ENTITY_ID_FIELD = entity_id
benchmark_filename = None

Other Hyper Parameters: 
worker = 0
wandb_project = recbole
shuffle = True
require_pow = False
enable_amp = False
enable_scaler = False
transform = None
numerical_features = []
discretization = None
kg_reverse_r = False
entity_kg_num_interval = [0,inf)
relation_kg_num_interval = [0,inf)
MODEL_TYPE = ModelType.SEQUENTIAL
model_name = TimeWeaver
hidden_size = 64
num_layers = 2
hidden_dropout_prob = 0.5
initializer_range = 0.02
time_bucket_size = 1000
ema_decay = 0.5
tcn_kernel_size = -1
ffn_hidden_size = 256
loss_type = CE
early_stop = 10
neg_sampling = None
device = cuda
use_continuous_time = False
use_time_gate = False
use_time_augmentation = True
contrastive_weight = 0.03
contrastive_temp = 0.5
MODEL_INPUT_TYPE = InputType.POINTWISE
eval_type = EvaluatorType.RANKING
single_spec = True
local_rank = 0
valid_neg_sample_args = {'distribution': 'uniform', 'sample_num': 'none'}
test_neg_sample_args = {'distribution': 'uniform', 'sample_num': 'none'}


Sat 14 Mar 2026 15:55:29 INFO  amazon-sports-5core-longseq
The number of users: 2181
Average actions of users: 25.74678899082569
The number of items: 14556
Average actions of items: 3.8562693232566128
The number of inters: 56128
The sparsity of the dataset: 99.82320016520806%
Remain Fields: ['user_id', 'item_id', 'rating', 'timestamp']
Sat 14 Mar 2026 15:55:30 INFO  [Training]: train_batch_size = [256] train_neg_sample_args: [{'distribution': 'none', 'sample_num': 'none', 'alpha': 'none', 'dynamic': False, 'candidate_num': 0}]
Sat 14 Mar 2026 15:55:30 INFO  [Evaluation]: eval_batch_size = [512] eval_args: [{'split': {'LS': 'valid_and_test'}, 'order': 'TO', 'group_by': 'user', 'mode': {'valid': 'full', 'test': 'full'}}]
Sat 14 Mar 2026 15:55:31 INFO  TimeWeaver(
  (item_embedding): Embedding(14556, 64, padding_idx=0)
  (time_aug): TimeAwareAugmentation(
    (pos_embedding): Embedding(32, 64)
    (time_embedding): Embedding(1000, 64)
    (layer_norm): LayerNorm((64,), eps=1e-05, elementwise_affine=True)
    (drop): Dropout(p=0.5, inplace=False)
  )
  (context_layers): ModuleList(
    (0-1): 2 x TCNNextBlock(
      (dw): DepthwiseConv1d(
        (conv): Conv1d(64, 64, kernel_size=(11,), stride=(1,), padding=(5,), groups=64)
        (bn): BatchNorm1d(64, eps=1e-05, momentum=0.1, affine=True, track_running_stats=True)
        (drop): Dropout(p=0.5, inplace=False)
      )
      (norm1): LayerNorm((64,), eps=1e-05, elementwise_affine=True)
      (conv_inter): ParallelConvInter(
        (conv1): Conv1d(64, 64, kernel_size=(1,), stride=(1,))
        (conv3): Conv1d(64, 64, kernel_size=(3,), stride=(1,), padding=(1,))
        (proj): Conv1d(64, 64, kernel_size=(1,), stride=(1,))
        (drop): Dropout(p=0.5, inplace=False)
      )
      (norm2): LayerNorm((64,), eps=1e-05, elementwise_affine=True)
      (ffn): Sequential(
        (0): Linear(in_features=64, out_features=256, bias=True)
        (1): GELU(approximate='none')
        (2): Dropout(p=0.5, inplace=False)
        (3): Linear(in_features=256, out_features=64, bias=True)
        (4): Dropout(p=0.5, inplace=False)
      )
      (norm3): LayerNorm((64,), eps=1e-05, elementwise_affine=True)
    )
  )
  (dynamic_layers): ModuleList(
    (0-1): 2 x EMAStream(
      (proj): Linear(in_features=64, out_features=64, bias=True)
    )
  )
  (weavers): ModuleList(
    (0-1): 2 x StreamWeaver(
      (proj): Linear(in_features=128, out_features=64, bias=True)
      (norm): LayerNorm((64,), eps=1e-05, elementwise_affine=True)
    )
  )
  (loss_fct): CrossEntropyLoss()
)
Trainable parameters: 1132929.0
Sat 14 Mar 2026 15:55:31 INFO  FLOPs: 4298752.0
Sat 14 Mar 2026 15:55:50 INFO  epoch 0 training [time: 19.66s, train loss: 1810.2932]
Sat 14 Mar 2026 15:55:50 INFO  epoch 0 evaluating [time: 0.06s, valid_score: 0.011500]
Sat 14 Mar 2026 15:55:50 INFO  valid result: 
hit@10 : 0.0115    ndcg@10 : 0.0061    mrr@10 : 0.0044
Sat 14 Mar 2026 15:55:50 INFO  Saving current: saved\TimeWeaver-Mar-14-2026_15-55-31.pth
Sat 14 Mar 2026 15:56:10 INFO  epoch 1 training [time: 19.91s, train loss: 1735.3626]
Sat 14 Mar 2026 15:56:10 INFO  epoch 1 evaluating [time: 0.08s, valid_score: 0.013800]
Sat 14 Mar 2026 15:56:10 INFO  valid result: 
hit@10 : 0.0138    ndcg@10 : 0.0073    mrr@10 : 0.0054
Sat 14 Mar 2026 15:56:10 INFO  Saving current: saved\TimeWeaver-Mar-14-2026_15-55-31.pth
Sat 14 Mar 2026 15:56:31 INFO  epoch 2 training [time: 20.93s, train loss: 1672.5438]
Sat 14 Mar 2026 15:56:31 INFO  epoch 2 evaluating [time: 0.08s, valid_score: 0.027500]
Sat 14 Mar 2026 15:56:31 INFO  valid result: 
hit@10 : 0.0275    ndcg@10 : 0.0132    mrr@10 : 0.009
Sat 14 Mar 2026 15:56:31 INFO  Saving current: saved\TimeWeaver-Mar-14-2026_15-55-31.pth
Sat 14 Mar 2026 15:56:50 INFO  epoch 3 training [time: 18.57s, train loss: 1598.5518]
Sat 14 Mar 2026 15:56:50 INFO  epoch 3 evaluating [time: 0.09s, valid_score: 0.025200]
Sat 14 Mar 2026 15:56:50 INFO  valid result: 
hit@10 : 0.0252    ndcg@10 : 0.0126    mrr@10 : 0.0087
Sat 14 Mar 2026 15:57:09 INFO  epoch 4 training [time: 18.61s, train loss: 1523.7081]
Sat 14 Mar 2026 15:57:09 INFO  epoch 4 evaluating [time: 0.09s, valid_score: 0.026100]
Sat 14 Mar 2026 15:57:09 INFO  valid result: 
hit@10 : 0.0261    ndcg@10 : 0.0131    mrr@10 : 0.0092
Sat 14 Mar 2026 15:57:32 INFO  epoch 5 training [time: 23.28s, train loss: 1450.8298]
Sat 14 Mar 2026 15:57:32 INFO  epoch 5 evaluating [time: 0.08s, valid_score: 0.028000]
Sat 14 Mar 2026 15:57:32 INFO  valid result: 
hit@10 : 0.028    ndcg@10 : 0.0124    mrr@10 : 0.0077
Sat 14 Mar 2026 15:57:32 INFO  Saving current: saved\TimeWeaver-Mar-14-2026_15-55-31.pth
Sat 14 Mar 2026 15:58:08 INFO  epoch 6 training [time: 36.25s, train loss: 1381.6577]
Sat 14 Mar 2026 15:58:08 INFO  epoch 6 evaluating [time: 0.09s, valid_score: 0.026600]
Sat 14 Mar 2026 15:58:08 INFO  valid result: 
hit@10 : 0.0266    ndcg@10 : 0.0123    mrr@10 : 0.0079
Sat 14 Mar 2026 15:58:59 INFO  epoch 7 training [time: 50.49s, train loss: 1315.1718]
Sat 14 Mar 2026 15:58:59 INFO  epoch 7 evaluating [time: 0.09s, valid_score: 0.031200]
Sat 14 Mar 2026 15:58:59 INFO  valid result: 
hit@10 : 0.0312    ndcg@10 : 0.0138    mrr@10 : 0.0084
Sat 14 Mar 2026 15:58:59 INFO  Saving current: saved\TimeWeaver-Mar-14-2026_15-55-31.pth
Sat 14 Mar 2026 15:59:52 INFO  epoch 8 training [time: 52.78s, train loss: 1256.5069]
Sat 14 Mar 2026 15:59:52 INFO  epoch 8 evaluating [time: 0.07s, valid_score: 0.031200]
Sat 14 Mar 2026 15:59:52 INFO  valid result: 
hit@10 : 0.0312    ndcg@10 : 0.0134    mrr@10 : 0.0081
Sat 14 Mar 2026 15:59:52 INFO  Saving current: saved\TimeWeaver-Mar-14-2026_15-55-31.pth
Sat 14 Mar 2026 16:00:32 INFO  epoch 9 training [time: 40.21s, train loss: 1204.0312]
Sat 14 Mar 2026 16:00:32 INFO  epoch 9 evaluating [time: 0.07s, valid_score: 0.033500]
Sat 14 Mar 2026 16:00:32 INFO  valid result: 
hit@10 : 0.0335    ndcg@10 : 0.014    mrr@10 : 0.0082
Sat 14 Mar 2026 16:00:32 INFO  Saving current: saved\TimeWeaver-Mar-14-2026_15-55-31.pth
Sat 14 Mar 2026 16:01:14 INFO  epoch 10 training [time: 41.39s, train loss: 1159.7331]
Sat 14 Mar 2026 16:01:14 INFO  epoch 10 evaluating [time: 0.07s, valid_score: 0.031200]
Sat 14 Mar 2026 16:01:14 INFO  valid result: 
hit@10 : 0.0312    ndcg@10 : 0.0137    mrr@10 : 0.0083
Sat 14 Mar 2026 16:02:14 INFO  epoch 11 training [time: 59.92s, train loss: 1120.6411]
Sat 14 Mar 2026 16:02:14 INFO  epoch 11 evaluating [time: 0.07s, valid_score: 0.029800]
Sat 14 Mar 2026 16:02:14 INFO  valid result: 
hit@10 : 0.0298    ndcg@10 : 0.0129    mrr@10 : 0.0077
Sat 14 Mar 2026 16:02:53 INFO  epoch 12 training [time: 38.77s, train loss: 1085.5351]
Sat 14 Mar 2026 16:02:53 INFO  epoch 12 evaluating [time: 0.06s, valid_score: 0.029800]
Sat 14 Mar 2026 16:02:53 INFO  valid result: 
hit@10 : 0.0298    ndcg@10 : 0.0129    mrr@10 : 0.0078
Sat 14 Mar 2026 16:03:31 INFO  epoch 13 training [time: 38.38s, train loss: 1058.9642]
Sat 14 Mar 2026 16:03:31 INFO  epoch 13 evaluating [time: 0.07s, valid_score: 0.030300]
Sat 14 Mar 2026 16:03:31 INFO  valid result: 
hit@10 : 0.0303    ndcg@10 : 0.0127    mrr@10 : 0.0073
Sat 14 Mar 2026 16:04:10 INFO  epoch 14 training [time: 38.54s, train loss: 1031.6879]
Sat 14 Mar 2026 16:04:10 INFO  epoch 14 evaluating [time: 0.08s, valid_score: 0.028000]
Sat 14 Mar 2026 16:04:10 INFO  valid result: 
hit@10 : 0.028    ndcg@10 : 0.0124    mrr@10 : 0.0077
Sat 14 Mar 2026 16:04:49 INFO  epoch 15 training [time: 39.05s, train loss: 1006.8479]
Sat 14 Mar 2026 16:04:49 INFO  epoch 15 evaluating [time: 0.07s, valid_score: 0.029800]
Sat 14 Mar 2026 16:04:49 INFO  valid result: 
hit@10 : 0.0298    ndcg@10 : 0.0129    mrr@10 : 0.0078
Sat 14 Mar 2026 16:05:28 INFO  epoch 16 training [time: 39.07s, train loss: 981.9167]
Sat 14 Mar 2026 16:05:28 INFO  epoch 16 evaluating [time: 0.08s, valid_score: 0.028900]
Sat 14 Mar 2026 16:05:28 INFO  valid result: 
hit@10 : 0.0289    ndcg@10 : 0.0124    mrr@10 : 0.0074
Sat 14 Mar 2026 16:06:07 INFO  epoch 17 training [time: 38.80s, train loss: 962.7795]
Sat 14 Mar 2026 16:06:07 INFO  epoch 17 evaluating [time: 0.07s, valid_score: 0.026100]
Sat 14 Mar 2026 16:06:07 INFO  valid result: 
hit@10 : 0.0261    ndcg@10 : 0.0111    mrr@10 : 0.0065
Sat 14 Mar 2026 16:06:45 INFO  epoch 18 training [time: 38.51s, train loss: 941.8042]
Sat 14 Mar 2026 16:06:45 INFO  epoch 18 evaluating [time: 0.07s, valid_score: 0.026600]
Sat 14 Mar 2026 16:06:45 INFO  valid result: 
hit@10 : 0.0266    ndcg@10 : 0.0119    mrr@10 : 0.0074
Sat 14 Mar 2026 16:07:25 INFO  epoch 19 training [time: 39.37s, train loss: 919.6188]
Sat 14 Mar 2026 16:07:25 INFO  epoch 19 evaluating [time: 0.07s, valid_score: 0.028400]
Sat 14 Mar 2026 16:07:25 INFO  valid result: 
hit@10 : 0.0284    ndcg@10 : 0.012    mrr@10 : 0.007
Sat 14 Mar 2026 16:08:04 INFO  epoch 20 training [time: 38.88s, train loss: 904.6357]
Sat 14 Mar 2026 16:08:04 INFO  epoch 20 evaluating [time: 0.07s, valid_score: 0.025200]
Sat 14 Mar 2026 16:08:04 INFO  valid result: 
hit@10 : 0.0252    ndcg@10 : 0.0108    mrr@10 : 0.0064
Sat 14 Mar 2026 16:08:04 INFO  Finished training, best eval result in epoch 9
Sat 14 Mar 2026 16:08:04 INFO  Loading model structure and parameters from saved\TimeWeaver-Mar-14-2026_15-55-31.pth
Sat 14 Mar 2026 16:08:05 INFO  The running environment of this training is as follows:
+-------------+----------------+
| Environment |     Usage      |
+=============+================+
| CPU         |    10.70 %     |
+-------------+----------------+
| GPU         | 0.33 G/6.00 G  |
+-------------+----------------+
| Memory      | 0.50 G/15.63 G |
+-------------+----------------+
Sat 14 Mar 2026 16:08:05 INFO  best valid : OrderedDict([('hit@10', 0.0335), ('ndcg@10', 0.014), ('mrr@10', 0.0082)])
Sat 14 Mar 2026 16:08:05 INFO  test result: OrderedDict([('hit@10', 0.0248), ('ndcg@10', 0.0123), ('mrr@10', 0.0085)])
Sat 14 Mar 2026 16:08:05 WARNING  command line args [--models timeweaver --datasets amazon-sports-5core-longseq-full --seeds 42,2023,2024 --device gpu --timeweaver-variant aug_only --output F:\桌面\recommendation_system\results\param_sweeps\timeweaver_param_A_contrastive.json --tag A_w0.03_t0.5 --skip-if-done --tw-contrastive-weight 0.03 --tw-contrastive-temp 0.5] will not be used in RecBole
Sat 14 Mar 2026 16:08:05 INFO  ['F:\\桌面\\recommendation_system\\scripts\\run_grid.py', '--models', 'timeweaver', '--datasets', 'amazon-sports-5core-longseq-full', '--seeds', '42,2023,2024', '--device', 'gpu', '--timeweaver-variant', 'aug_only', '--output', 'F:\\桌面\\recommendation_system\\results\\param_sweeps\\timeweaver_param_A_contrastive.json', '--tag', 'A_w0.03_t0.5', '--skip-if-done', '--tw-contrastive-weight', '0.03', '--tw-contrastive-temp', '0.5']
Sat 14 Mar 2026 16:08:05 INFO  
General Hyper Parameters:
gpu_id = 0
use_gpu = True
seed = 2024
state = INFO
reproducibility = True
data_path = data/amazon\amazon-sports-5core-longseq
checkpoint_dir = saved
show_progress = True
save_dataset = False
dataset_save_path = None
save_dataloaders = False
dataloaders_save_path = None
log_wandb = False

Training Hyper Parameters:
epochs = 100
train_batch_size = 256
learner = adam
learning_rate = 0.001
train_neg_sample_args = {'distribution': 'none', 'sample_num': 'none', 'alpha': 'none', 'dynamic': False, 'candidate_num': 0}
eval_step = 1
stopping_step = 10
clip_grad_norm = None
weight_decay = 0.0
loss_decimal_place = 4

Evaluation Hyper Parameters:
eval_args = {'split': {'LS': 'valid_and_test'}, 'order': 'TO', 'group_by': 'user', 'mode': {'valid': 'full', 'test': 'full'}}
repeatable = True
metrics = ['Hit', 'NDCG', 'MRR']
topk = [10]
valid_metric = Hit@10
valid_metric_bigger = True
eval_batch_size = 512
metric_decimal_place = 4

Dataset Hyper Parameters:
field_separator = 	
seq_separator =  
USER_ID_FIELD = user_id
ITEM_ID_FIELD = item_id
RATING_FIELD = rating
TIME_FIELD = timestamp
seq_len = None
LABEL_FIELD = label
threshold = None
NEG_PREFIX = neg_
load_col = {'inter': ['user_id', 'item_id', 'rating', 'timestamp']}
unload_col = None
unused_col = None
additional_feat_suffix = None
rm_dup_inter = None
val_interval = None
filter_inter_by_user_or_item = True
user_inter_num_interval = [0,inf)
item_inter_num_interval = [0,inf)
alias_of_user_id = None
alias_of_item_id = None
alias_of_entity_id = None
alias_of_relation_id = None
preload_weight = None
normalize_field = None
normalize_all = None
ITEM_LIST_LENGTH_FIELD = item_length
LIST_SUFFIX = _list
MAX_ITEM_LIST_LENGTH = 32
POSITION_FIELD = position_id
HEAD_ENTITY_ID_FIELD = head_id
TAIL_ENTITY_ID_FIELD = tail_id
RELATION_ID_FIELD = relation_id
ENTITY_ID_FIELD = entity_id
benchmark_filename = None

Other Hyper Parameters: 
worker = 0
wandb_project = recbole
shuffle = True
require_pow = False
enable_amp = False
enable_scaler = False
transform = None
numerical_features = []
discretization = None
kg_reverse_r = False
entity_kg_num_interval = [0,inf)
relation_kg_num_interval = [0,inf)
MODEL_TYPE = ModelType.SEQUENTIAL
model_name = TimeWeaver
hidden_size = 64
num_layers = 2
hidden_dropout_prob = 0.5
initializer_range = 0.02
time_bucket_size = 1000
ema_decay = 0.5
tcn_kernel_size = -1
ffn_hidden_size = 256
loss_type = CE
early_stop = 10
neg_sampling = None
device = cuda
use_continuous_time = False
use_time_gate = False
use_time_augmentation = True
contrastive_weight = 0.03
contrastive_temp = 0.5
MODEL_INPUT_TYPE = InputType.POINTWISE
eval_type = EvaluatorType.RANKING
single_spec = True
local_rank = 0
valid_neg_sample_args = {'distribution': 'uniform', 'sample_num': 'none'}
test_neg_sample_args = {'distribution': 'uniform', 'sample_num': 'none'}


Sat 14 Mar 2026 16:08:05 INFO  amazon-sports-5core-longseq
The number of users: 2181
Average actions of users: 25.74678899082569
The number of items: 14556
Average actions of items: 3.8562693232566128
The number of inters: 56128
The sparsity of the dataset: 99.82320016520806%
Remain Fields: ['user_id', 'item_id', 'rating', 'timestamp']
Sat 14 Mar 2026 16:08:07 INFO  [Training]: train_batch_size = [256] train_neg_sample_args: [{'distribution': 'none', 'sample_num': 'none', 'alpha': 'none', 'dynamic': False, 'candidate_num': 0}]
Sat 14 Mar 2026 16:08:07 INFO  [Evaluation]: eval_batch_size = [512] eval_args: [{'split': {'LS': 'valid_and_test'}, 'order': 'TO', 'group_by': 'user', 'mode': {'valid': 'full', 'test': 'full'}}]
Sat 14 Mar 2026 16:08:07 INFO  TimeWeaver(
  (item_embedding): Embedding(14556, 64, padding_idx=0)
  (time_aug): TimeAwareAugmentation(
    (pos_embedding): Embedding(32, 64)
    (time_embedding): Embedding(1000, 64)
    (layer_norm): LayerNorm((64,), eps=1e-05, elementwise_affine=True)
    (drop): Dropout(p=0.5, inplace=False)
  )
  (context_layers): ModuleList(
    (0-1): 2 x TCNNextBlock(
      (dw): DepthwiseConv1d(
        (conv): Conv1d(64, 64, kernel_size=(11,), stride=(1,), padding=(5,), groups=64)
        (bn): BatchNorm1d(64, eps=1e-05, momentum=0.1, affine=True, track_running_stats=True)
        (drop): Dropout(p=0.5, inplace=False)
      )
      (norm1): LayerNorm((64,), eps=1e-05, elementwise_affine=True)
      (conv_inter): ParallelConvInter(
        (conv1): Conv1d(64, 64, kernel_size=(1,), stride=(1,))
        (conv3): Conv1d(64, 64, kernel_size=(3,), stride=(1,), padding=(1,))
        (proj): Conv1d(64, 64, kernel_size=(1,), stride=(1,))
        (drop): Dropout(p=0.5, inplace=False)
      )
      (norm2): LayerNorm((64,), eps=1e-05, elementwise_affine=True)
      (ffn): Sequential(
        (0): Linear(in_features=64, out_features=256, bias=True)
        (1): GELU(approximate='none')
        (2): Dropout(p=0.5, inplace=False)
        (3): Linear(in_features=256, out_features=64, bias=True)
        (4): Dropout(p=0.5, inplace=False)
      )
      (norm3): LayerNorm((64,), eps=1e-05, elementwise_affine=True)
    )
  )
  (dynamic_layers): ModuleList(
    (0-1): 2 x EMAStream(
      (proj): Linear(in_features=64, out_features=64, bias=True)
    )
  )
  (weavers): ModuleList(
    (0-1): 2 x StreamWeaver(
      (proj): Linear(in_features=128, out_features=64, bias=True)
      (norm): LayerNorm((64,), eps=1e-05, elementwise_affine=True)
    )
  )
  (loss_fct): CrossEntropyLoss()
)
Trainable parameters: 1132929.0
Sat 14 Mar 2026 16:08:07 INFO  FLOPs: 4298752.0
Sat 14 Mar 2026 16:08:26 INFO  epoch 0 training [time: 19.47s, train loss: 1809.7610]
Sat 14 Mar 2026 16:08:26 INFO  epoch 0 evaluating [time: 0.07s, valid_score: 0.011500]
Sat 14 Mar 2026 16:08:26 INFO  valid result: 
hit@10 : 0.0115    ndcg@10 : 0.0063    mrr@10 : 0.0047
Sat 14 Mar 2026 16:08:26 INFO  Saving current: saved\TimeWeaver-Mar-14-2026_16-08-07.pth
Sat 14 Mar 2026 16:08:45 INFO  epoch 1 training [time: 19.12s, train loss: 1735.7294]
Sat 14 Mar 2026 16:08:45 INFO  epoch 1 evaluating [time: 0.07s, valid_score: 0.017000]
Sat 14 Mar 2026 16:08:45 INFO  valid result: 
hit@10 : 0.017    ndcg@10 : 0.0078    mrr@10 : 0.005
Sat 14 Mar 2026 16:08:45 INFO  Saving current: saved\TimeWeaver-Mar-14-2026_16-08-07.pth
Sat 14 Mar 2026 16:09:05 INFO  epoch 2 training [time: 19.14s, train loss: 1674.0062]
Sat 14 Mar 2026 16:09:05 INFO  epoch 2 evaluating [time: 0.06s, valid_score: 0.026600]
Sat 14 Mar 2026 16:09:05 INFO  valid result: 
hit@10 : 0.0266    ndcg@10 : 0.0129    mrr@10 : 0.0087
Sat 14 Mar 2026 16:09:05 INFO  Saving current: saved\TimeWeaver-Mar-14-2026_16-08-07.pth
Sat 14 Mar 2026 16:09:24 INFO  epoch 3 training [time: 18.90s, train loss: 1599.1303]
Sat 14 Mar 2026 16:09:24 INFO  epoch 3 evaluating [time: 0.07s, valid_score: 0.026600]
Sat 14 Mar 2026 16:09:24 INFO  valid result: 
hit@10 : 0.0266    ndcg@10 : 0.0124    mrr@10 : 0.0082
Sat 14 Mar 2026 16:09:24 INFO  Saving current: saved\TimeWeaver-Mar-14-2026_16-08-07.pth
Sat 14 Mar 2026 16:09:43 INFO  epoch 4 training [time: 19.25s, train loss: 1523.0991]
Sat 14 Mar 2026 16:09:43 INFO  epoch 4 evaluating [time: 0.07s, valid_score: 0.028400]
Sat 14 Mar 2026 16:09:43 INFO  valid result: 
hit@10 : 0.0284    ndcg@10 : 0.0126    mrr@10 : 0.0079
Sat 14 Mar 2026 16:09:43 INFO  Saving current: saved\TimeWeaver-Mar-14-2026_16-08-07.pth
Sat 14 Mar 2026 16:10:07 INFO  epoch 5 training [time: 24.15s, train loss: 1448.5697]
Sat 14 Mar 2026 16:10:07 INFO  epoch 5 evaluating [time: 0.06s, valid_score: 0.031200]
Sat 14 Mar 2026 16:10:07 INFO  valid result: 
hit@10 : 0.0312    ndcg@10 : 0.0135    mrr@10 : 0.0082
Sat 14 Mar 2026 16:10:07 INFO  Saving current: saved\TimeWeaver-Mar-14-2026_16-08-07.pth
Sat 14 Mar 2026 16:10:43 INFO  epoch 6 training [time: 35.94s, train loss: 1378.5311]
Sat 14 Mar 2026 16:10:43 INFO  epoch 6 evaluating [time: 0.06s, valid_score: 0.029800]
Sat 14 Mar 2026 16:10:43 INFO  valid result: 
hit@10 : 0.0298    ndcg@10 : 0.0136    mrr@10 : 0.0087
Sat 14 Mar 2026 16:11:22 INFO  epoch 7 training [time: 39.18s, train loss: 1313.4904]
Sat 14 Mar 2026 16:11:22 INFO  epoch 7 evaluating [time: 0.06s, valid_score: 0.031200]
Sat 14 Mar 2026 16:11:23 INFO  valid result: 
hit@10 : 0.0312    ndcg@10 : 0.0129    mrr@10 : 0.0074
Sat 14 Mar 2026 16:11:23 INFO  Saving current: saved\TimeWeaver-Mar-14-2026_16-08-07.pth
Sat 14 Mar 2026 16:12:02 INFO  epoch 8 training [time: 39.00s, train loss: 1256.1058]
Sat 14 Mar 2026 16:12:02 INFO  epoch 8 evaluating [time: 0.06s, valid_score: 0.034900]
Sat 14 Mar 2026 16:12:02 INFO  valid result: 
hit@10 : 0.0349    ndcg@10 : 0.015    mrr@10 : 0.0089
Sat 14 Mar 2026 16:12:02 INFO  Saving current: saved\TimeWeaver-Mar-14-2026_16-08-07.pth
Sat 14 Mar 2026 16:12:40 INFO  epoch 9 training [time: 38.78s, train loss: 1203.0791]
Sat 14 Mar 2026 16:12:40 INFO  epoch 9 evaluating [time: 0.07s, valid_score: 0.028400]
Sat 14 Mar 2026 16:12:40 INFO  valid result: 
hit@10 : 0.0284    ndcg@10 : 0.0125    mrr@10 : 0.0077
Sat 14 Mar 2026 16:13:19 INFO  epoch 10 training [time: 38.22s, train loss: 1160.5478]
Sat 14 Mar 2026 16:13:19 INFO  epoch 10 evaluating [time: 0.06s, valid_score: 0.029800]
Sat 14 Mar 2026 16:13:19 INFO  valid result: 
hit@10 : 0.0298    ndcg@10 : 0.0133    mrr@10 : 0.0082
Sat 14 Mar 2026 16:13:57 INFO  epoch 11 training [time: 38.27s, train loss: 1121.6643]
Sat 14 Mar 2026 16:13:57 INFO  epoch 11 evaluating [time: 0.07s, valid_score: 0.034400]
Sat 14 Mar 2026 16:13:57 INFO  valid result: 
hit@10 : 0.0344    ndcg@10 : 0.015    mrr@10 : 0.0091
Sat 14 Mar 2026 16:14:35 INFO  epoch 12 training [time: 38.31s, train loss: 1089.1471]
Sat 14 Mar 2026 16:14:36 INFO  epoch 12 evaluating [time: 0.07s, valid_score: 0.033500]
Sat 14 Mar 2026 16:14:36 INFO  valid result: 
hit@10 : 0.0335    ndcg@10 : 0.0146    mrr@10 : 0.0089
Sat 14 Mar 2026 16:15:14 INFO  epoch 13 training [time: 38.15s, train loss: 1059.7434]
Sat 14 Mar 2026 16:15:14 INFO  epoch 13 evaluating [time: 0.07s, valid_score: 0.033900]
Sat 14 Mar 2026 16:15:14 INFO  valid result: 
hit@10 : 0.0339    ndcg@10 : 0.0152    mrr@10 : 0.0095
Sat 14 Mar 2026 16:15:52 INFO  epoch 14 training [time: 38.68s, train loss: 1036.0255]
Sat 14 Mar 2026 16:15:52 INFO  epoch 14 evaluating [time: 0.07s, valid_score: 0.034400]
Sat 14 Mar 2026 16:15:52 INFO  valid result: 
hit@10 : 0.0344    ndcg@10 : 0.0149    mrr@10 : 0.009
Sat 14 Mar 2026 16:16:31 INFO  epoch 15 training [time: 38.72s, train loss: 1010.8083]
Sat 14 Mar 2026 16:16:31 INFO  epoch 15 evaluating [time: 0.07s, valid_score: 0.033000]
Sat 14 Mar 2026 16:16:31 INFO  valid result: 
hit@10 : 0.033    ndcg@10 : 0.0151    mrr@10 : 0.0097
Sat 14 Mar 2026 16:17:12 INFO  epoch 16 training [time: 40.93s, train loss: 990.6888]
Sat 14 Mar 2026 16:17:12 INFO  epoch 16 evaluating [time: 0.07s, valid_score: 0.034400]
Sat 14 Mar 2026 16:17:12 INFO  valid result: 
hit@10 : 0.0344    ndcg@10 : 0.0153    mrr@10 : 0.0094
Sat 14 Mar 2026 16:17:51 INFO  epoch 17 training [time: 38.27s, train loss: 966.7819]
Sat 14 Mar 2026 16:17:51 INFO  epoch 17 evaluating [time: 0.07s, valid_score: 0.033900]
Sat 14 Mar 2026 16:17:51 INFO  valid result: 
hit@10 : 0.0339    ndcg@10 : 0.0151    mrr@10 : 0.0093
Sat 14 Mar 2026 16:18:30 INFO  epoch 18 training [time: 39.18s, train loss: 947.6205]
Sat 14 Mar 2026 16:18:30 INFO  epoch 18 evaluating [time: 0.07s, valid_score: 0.029800]
Sat 14 Mar 2026 16:18:30 INFO  valid result: 
hit@10 : 0.0298    ndcg@10 : 0.0139    mrr@10 : 0.0091
Sat 14 Mar 2026 16:19:08 INFO  epoch 19 training [time: 38.62s, train loss: 929.6678]
Sat 14 Mar 2026 16:19:09 INFO  epoch 19 evaluating [time: 0.07s, valid_score: 0.032100]
Sat 14 Mar 2026 16:19:09 INFO  valid result: 
hit@10 : 0.0321    ndcg@10 : 0.0151    mrr@10 : 0.01
Sat 14 Mar 2026 16:19:09 INFO  Finished training, best eval result in epoch 8
Sat 14 Mar 2026 16:19:09 INFO  Loading model structure and parameters from saved\TimeWeaver-Mar-14-2026_16-08-07.pth
Sat 14 Mar 2026 16:19:10 INFO  The running environment of this training is as follows:
+-------------+----------------+
| Environment |     Usage      |
+=============+================+
| CPU         |    10.80 %     |
+-------------+----------------+
| GPU         | 0.33 G/6.00 G  |
+-------------+----------------+
| Memory      | 0.57 G/15.63 G |
+-------------+----------------+
Sat 14 Mar 2026 16:19:10 INFO  best valid : OrderedDict([('hit@10', 0.0349), ('ndcg@10', 0.015), ('mrr@10', 0.0089)])
Sat 14 Mar 2026 16:19:10 INFO  test result: OrderedDict([('hit@10', 0.0225), ('ndcg@10', 0.0105), ('mrr@10', 0.0069)])
