Wed 11 Feb 2026 12:11:44 INFO  ['F:\\桌面\\recommendation_system\\scripts\\run_grid.py', '--models', 'timeweaver', '--datasets', 'amazon-beauty-5core-subset', '--seeds', '42', '--device', 'gpu', '--timeweaver-variant', 'base', '--tag', 'e0p05_k5_d0p5_l1_f256_b1000', '--output', 'results/run_grid_timeweaver_tune.json', '--tw-ema-decay', '0.05', '--tw-tcn-kernel', '5', '--tw-hidden-dropout', '0.5', '--tw-num-layers', '1', '--tw-ffn-hidden', '256', '--tw-time-bucket', '1000']
Wed 11 Feb 2026 12:11:44 INFO  
General Hyper Parameters:
gpu_id = 0
use_gpu = True
seed = 42
state = INFO
reproducibility = True
data_path = data/amazon\amazon-beauty-5core-subset
checkpoint_dir = saved
show_progress = True
save_dataset = False
dataset_save_path = None
save_dataloaders = False
dataloaders_save_path = None
log_wandb = False

Training Hyper Parameters:
epochs = 100
train_batch_size = 256
learner = adam
learning_rate = 0.001
train_neg_sample_args = {'distribution': 'none', 'sample_num': 'none', 'alpha': 'none', 'dynamic': False, 'candidate_num': 0}
eval_step = 1
stopping_step = 10
clip_grad_norm = None
weight_decay = 0.0
loss_decimal_place = 4

Evaluation Hyper Parameters:
eval_args = {'split': {'LS': 'valid_and_test'}, 'order': 'TO', 'group_by': 'user', 'mode': {'valid': 'uni100', 'test': 'uni100'}}
repeatable = True
metrics = ['Hit', 'NDCG', 'MRR']
topk = [10]
valid_metric = MRR@10
valid_metric_bigger = True
eval_batch_size = 512
metric_decimal_place = 4

Dataset Hyper Parameters:
field_separator = 	
seq_separator =  
USER_ID_FIELD = user_id
ITEM_ID_FIELD = item_id
RATING_FIELD = rating
TIME_FIELD = timestamp
seq_len = None
LABEL_FIELD = label
threshold = None
NEG_PREFIX = neg_
load_col = {'inter': ['user_id', 'item_id', 'rating', 'timestamp']}
unload_col = None
unused_col = None
additional_feat_suffix = None
rm_dup_inter = None
val_interval = None
filter_inter_by_user_or_item = True
user_inter_num_interval = [0,inf)
item_inter_num_interval = [0,inf)
alias_of_user_id = None
alias_of_item_id = None
alias_of_entity_id = None
alias_of_relation_id = None
preload_weight = None
normalize_field = None
normalize_all = None
ITEM_LIST_LENGTH_FIELD = item_length
LIST_SUFFIX = _list
MAX_ITEM_LIST_LENGTH = 32
POSITION_FIELD = position_id
HEAD_ENTITY_ID_FIELD = head_id
TAIL_ENTITY_ID_FIELD = tail_id
RELATION_ID_FIELD = relation_id
ENTITY_ID_FIELD = entity_id
benchmark_filename = None

Other Hyper Parameters: 
worker = 0
wandb_project = recbole
shuffle = True
require_pow = False
enable_amp = False
enable_scaler = False
transform = None
numerical_features = []
discretization = None
kg_reverse_r = False
entity_kg_num_interval = [0,inf)
relation_kg_num_interval = [0,inf)
MODEL_TYPE = ModelType.SEQUENTIAL
model_name = TimeWeaver
hidden_size = 64
num_layers = 1
hidden_dropout_prob = 0.5
initializer_range = 0.02
time_bucket_size = 1000
ema_decay = 0.05
tcn_kernel_size = 5
ffn_hidden_size = 256
loss_type = CE
early_stop = 10
neg_sampling = None
device = cuda
use_continuous_time = False
use_time_gate = False
use_time_augmentation = False
MODEL_INPUT_TYPE = InputType.POINTWISE
eval_type = EvaluatorType.RANKING
single_spec = True
local_rank = 0
valid_neg_sample_args = {'distribution': 'uniform', 'sample_num': 100}
test_neg_sample_args = {'distribution': 'uniform', 'sample_num': 100}


Wed 11 Feb 2026 12:11:44 INFO  amazon-beauty-5core-subset
The number of users: 7001
Average actions of users: 15.458
The number of items: 11924
Average actions of items: 9.075400486454752
The number of inters: 108206
The sparsity of the dataset: 99.87038081155896%
Remain Fields: ['user_id', 'item_id', 'rating', 'timestamp']
Wed 11 Feb 2026 12:11:46 INFO  [Training]: train_batch_size = [256] train_neg_sample_args: [{'distribution': 'none', 'sample_num': 'none', 'alpha': 'none', 'dynamic': False, 'candidate_num': 0}]
Wed 11 Feb 2026 12:11:46 INFO  [Evaluation]: eval_batch_size = [512] eval_args: [{'split': {'LS': 'valid_and_test'}, 'order': 'TO', 'group_by': 'user', 'mode': {'valid': 'uni100', 'test': 'uni100'}}]
Wed 11 Feb 2026 12:11:46 INFO  TimeWeaver(
  (item_embedding): Embedding(11924, 64, padding_idx=0)
  (time_aug): TimeAwareAugmentation(
    (pos_embedding): Embedding(32, 64)
    (time_embedding): Embedding(1000, 64)
    (layer_norm): LayerNorm((64,), eps=1e-05, elementwise_affine=True)
    (drop): Dropout(p=0.5, inplace=False)
  )
  (context_layers): ModuleList(
    (0): TCNNextBlock(
      (dw): DepthwiseConv1d(
        (conv): Conv1d(64, 64, kernel_size=(5,), stride=(1,), padding=(2,), groups=64)
        (bn): BatchNorm1d(64, eps=1e-05, momentum=0.1, affine=True, track_running_stats=True)
        (drop): Dropout(p=0.5, inplace=False)
      )
      (norm1): LayerNorm((64,), eps=1e-05, elementwise_affine=True)
      (conv_inter): ParallelConvInter(
        (conv1): Conv1d(64, 64, kernel_size=(1,), stride=(1,))
        (conv3): Conv1d(64, 64, kernel_size=(3,), stride=(1,), padding=(1,))
        (proj): Conv1d(64, 64, kernel_size=(1,), stride=(1,))
        (drop): Dropout(p=0.5, inplace=False)
      )
      (norm2): LayerNorm((64,), eps=1e-05, elementwise_affine=True)
      (ffn): Sequential(
        (0): Linear(in_features=64, out_features=256, bias=True)
        (1): GELU(approximate='none')
        (2): Dropout(p=0.5, inplace=False)
        (3): Linear(in_features=256, out_features=64, bias=True)
        (4): Dropout(p=0.5, inplace=False)
      )
      (norm3): LayerNorm((64,), eps=1e-05, elementwise_affine=True)
    )
  )
  (dynamic_layers): ModuleList(
    (0): EMAStream(
      (proj): Linear(in_features=64, out_features=64, bias=True)
    )
  )
  (weavers): ModuleList(
    (0): StreamWeaver(
      (proj): Linear(in_features=128, out_features=64, bias=True)
      (norm): LayerNorm((64,), eps=1e-05, elementwise_affine=True)
    )
  )
  (loss_fct): CrossEntropyLoss()
)
Trainable parameters: 896513.0
Wed 11 Feb 2026 12:11:47 INFO  FLOPs: 2142208.0
Wed 11 Feb 2026 12:12:05 INFO  epoch 0 training [time: 16.79s, train loss: 2942.5365]
Wed 11 Feb 2026 12:12:12 INFO  epoch 0 evaluating [time: 7.63s, valid_score: 0.220900]
Wed 11 Feb 2026 12:12:12 INFO  valid result: 
hit@10 : 0.4609    ndcg@10 : 0.2778    mrr@10 : 0.2209
Wed 11 Feb 2026 12:12:12 INFO  Saving current: saved\TimeWeaver-Feb-11-2026_12-11-47.pth
Wed 11 Feb 2026 12:12:28 INFO  epoch 1 training [time: 16.22s, train loss: 2681.5884]
Wed 11 Feb 2026 12:12:36 INFO  epoch 1 evaluating [time: 7.87s, valid_score: 0.286700]
Wed 11 Feb 2026 12:12:36 INFO  valid result: 
hit@10 : 0.5017    ndcg@10 : 0.338    mrr@10 : 0.2867
Wed 11 Feb 2026 12:12:36 INFO  Saving current: saved\TimeWeaver-Feb-11-2026_12-11-47.pth
Wed 11 Feb 2026 12:12:53 INFO  epoch 2 training [time: 16.69s, train loss: 2528.2510]
Wed 11 Feb 2026 12:13:01 INFO  epoch 2 evaluating [time: 8.07s, valid_score: 0.325800]
Wed 11 Feb 2026 12:13:01 INFO  valid result: 
hit@10 : 0.5264    ndcg@10 : 0.3737    mrr@10 : 0.3258
Wed 11 Feb 2026 12:13:01 INFO  Saving current: saved\TimeWeaver-Feb-11-2026_12-11-47.pth
Wed 11 Feb 2026 12:13:17 INFO  epoch 3 training [time: 16.38s, train loss: 2414.4297]
Wed 11 Feb 2026 12:13:25 INFO  epoch 3 evaluating [time: 7.75s, valid_score: 0.337100]
Wed 11 Feb 2026 12:13:25 INFO  valid result: 
hit@10 : 0.5339    ndcg@10 : 0.384    mrr@10 : 0.3371
Wed 11 Feb 2026 12:13:25 INFO  Saving current: saved\TimeWeaver-Feb-11-2026_12-11-47.pth
Wed 11 Feb 2026 12:13:42 INFO  epoch 4 training [time: 16.44s, train loss: 2319.3100]
Wed 11 Feb 2026 12:13:50 INFO  epoch 4 evaluating [time: 8.08s, valid_score: 0.339200]
Wed 11 Feb 2026 12:13:50 INFO  valid result: 
hit@10 : 0.5261    ndcg@10 : 0.3838    mrr@10 : 0.3392
Wed 11 Feb 2026 12:13:50 INFO  Saving current: saved\TimeWeaver-Feb-11-2026_12-11-47.pth
Wed 11 Feb 2026 12:14:07 INFO  epoch 5 training [time: 16.86s, train loss: 2239.5015]
Wed 11 Feb 2026 12:14:15 INFO  epoch 5 evaluating [time: 8.03s, valid_score: 0.340600]
Wed 11 Feb 2026 12:14:15 INFO  valid result: 
hit@10 : 0.5287    ndcg@10 : 0.3854    mrr@10 : 0.3406
Wed 11 Feb 2026 12:14:15 INFO  Saving current: saved\TimeWeaver-Feb-11-2026_12-11-47.pth
Wed 11 Feb 2026 12:14:31 INFO  epoch 6 training [time: 16.74s, train loss: 2175.0764]
Wed 11 Feb 2026 12:14:39 INFO  epoch 6 evaluating [time: 7.71s, valid_score: 0.343500]
Wed 11 Feb 2026 12:14:39 INFO  valid result: 
hit@10 : 0.5283    ndcg@10 : 0.3876    mrr@10 : 0.3435
Wed 11 Feb 2026 12:14:39 INFO  Saving current: saved\TimeWeaver-Feb-11-2026_12-11-47.pth
Wed 11 Feb 2026 12:14:56 INFO  epoch 7 training [time: 16.37s, train loss: 2120.6336]
Wed 11 Feb 2026 12:15:03 INFO  epoch 7 evaluating [time: 7.82s, valid_score: 0.346300]
Wed 11 Feb 2026 12:15:03 INFO  valid result: 
hit@10 : 0.5296    ndcg@10 : 0.3899    mrr@10 : 0.3463
Wed 11 Feb 2026 12:15:03 INFO  Saving current: saved\TimeWeaver-Feb-11-2026_12-11-47.pth
Wed 11 Feb 2026 12:15:21 INFO  epoch 8 training [time: 17.34s, train loss: 2078.7389]
Wed 11 Feb 2026 12:15:29 INFO  epoch 8 evaluating [time: 7.99s, valid_score: 0.343900]
Wed 11 Feb 2026 12:15:29 INFO  valid result: 
hit@10 : 0.53    ndcg@10 : 0.388    mrr@10 : 0.3439
Wed 11 Feb 2026 12:15:46 INFO  epoch 9 training [time: 17.16s, train loss: 2042.0224]
Wed 11 Feb 2026 12:15:54 INFO  epoch 9 evaluating [time: 8.30s, valid_score: 0.344000]
Wed 11 Feb 2026 12:15:54 INFO  valid result: 
hit@10 : 0.528    ndcg@10 : 0.3877    mrr@10 : 0.344
Wed 11 Feb 2026 12:16:11 INFO  epoch 10 training [time: 16.74s, train loss: 2010.9716]
Wed 11 Feb 2026 12:16:19 INFO  epoch 10 evaluating [time: 7.67s, valid_score: 0.342400]
Wed 11 Feb 2026 12:16:19 INFO  valid result: 
hit@10 : 0.5291    ndcg@10 : 0.3869    mrr@10 : 0.3424
Wed 11 Feb 2026 12:16:35 INFO  epoch 11 training [time: 16.31s, train loss: 1986.1324]
Wed 11 Feb 2026 12:16:43 INFO  epoch 11 evaluating [time: 8.15s, valid_score: 0.345400]
Wed 11 Feb 2026 12:16:43 INFO  valid result: 
hit@10 : 0.5253    ndcg@10 : 0.3884    mrr@10 : 0.3454
Wed 11 Feb 2026 12:17:00 INFO  epoch 12 training [time: 16.72s, train loss: 1965.1672]
Wed 11 Feb 2026 12:17:08 INFO  epoch 12 evaluating [time: 7.83s, valid_score: 0.348600]
Wed 11 Feb 2026 12:17:08 INFO  valid result: 
hit@10 : 0.5351    ndcg@10 : 0.3929    mrr@10 : 0.3486
Wed 11 Feb 2026 12:17:08 INFO  Saving current: saved\TimeWeaver-Feb-11-2026_12-11-47.pth
Wed 11 Feb 2026 12:17:24 INFO  epoch 13 training [time: 16.21s, train loss: 1943.2475]
Wed 11 Feb 2026 12:17:31 INFO  epoch 13 evaluating [time: 7.63s, valid_score: 0.342400]
Wed 11 Feb 2026 12:17:31 INFO  valid result: 
hit@10 : 0.5306    ndcg@10 : 0.3872    mrr@10 : 0.3424
Wed 11 Feb 2026 12:17:48 INFO  epoch 14 training [time: 16.76s, train loss: 1921.3313]
Wed 11 Feb 2026 12:17:56 INFO  epoch 14 evaluating [time: 8.15s, valid_score: 0.338800]
Wed 11 Feb 2026 12:17:56 INFO  valid result: 
hit@10 : 0.5287    ndcg@10 : 0.3839    mrr@10 : 0.3388
Wed 11 Feb 2026 12:18:13 INFO  epoch 15 training [time: 16.74s, train loss: 1906.5531]
Wed 11 Feb 2026 12:18:21 INFO  epoch 15 evaluating [time: 8.07s, valid_score: 0.344500]
Wed 11 Feb 2026 12:18:21 INFO  valid result: 
hit@10 : 0.5244    ndcg@10 : 0.3873    mrr@10 : 0.3445
Wed 11 Feb 2026 12:18:38 INFO  epoch 16 training [time: 16.62s, train loss: 1888.7029]
Wed 11 Feb 2026 12:18:45 INFO  epoch 16 evaluating [time: 7.60s, valid_score: 0.339600]
Wed 11 Feb 2026 12:18:45 INFO  valid result: 
hit@10 : 0.53    ndcg@10 : 0.3848    mrr@10 : 0.3396
Wed 11 Feb 2026 12:19:02 INFO  epoch 17 training [time: 16.26s, train loss: 1873.9724]
Wed 11 Feb 2026 12:19:10 INFO  epoch 17 evaluating [time: 8.01s, valid_score: 0.338300]
Wed 11 Feb 2026 12:19:10 INFO  valid result: 
hit@10 : 0.5266    ndcg@10 : 0.3829    mrr@10 : 0.3383
Wed 11 Feb 2026 12:19:27 INFO  epoch 18 training [time: 17.41s, train loss: 1859.6644]
Wed 11 Feb 2026 12:19:35 INFO  epoch 18 evaluating [time: 8.10s, valid_score: 0.339100]
Wed 11 Feb 2026 12:19:35 INFO  valid result: 
hit@10 : 0.527    ndcg@10 : 0.3839    mrr@10 : 0.3391
Wed 11 Feb 2026 12:19:52 INFO  epoch 19 training [time: 16.99s, train loss: 1846.2895]
Wed 11 Feb 2026 12:20:00 INFO  epoch 19 evaluating [time: 8.23s, valid_score: 0.337200]
Wed 11 Feb 2026 12:20:00 INFO  valid result: 
hit@10 : 0.5243    ndcg@10 : 0.3818    mrr@10 : 0.3372
Wed 11 Feb 2026 12:20:17 INFO  epoch 20 training [time: 16.25s, train loss: 1834.0045]
Wed 11 Feb 2026 12:20:24 INFO  epoch 20 evaluating [time: 7.73s, valid_score: 0.337000]
Wed 11 Feb 2026 12:20:24 INFO  valid result: 
hit@10 : 0.5247    ndcg@10 : 0.3816    mrr@10 : 0.337
Wed 11 Feb 2026 12:20:41 INFO  epoch 21 training [time: 16.34s, train loss: 1820.2564]
Wed 11 Feb 2026 12:20:49 INFO  epoch 21 evaluating [time: 8.08s, valid_score: 0.339600]
Wed 11 Feb 2026 12:20:49 INFO  valid result: 
hit@10 : 0.5296    ndcg@10 : 0.3848    mrr@10 : 0.3396
Wed 11 Feb 2026 12:21:06 INFO  epoch 22 training [time: 16.75s, train loss: 1807.8923]
Wed 11 Feb 2026 12:21:14 INFO  epoch 22 evaluating [time: 7.91s, valid_score: 0.339600]
Wed 11 Feb 2026 12:21:14 INFO  valid result: 
hit@10 : 0.527    ndcg@10 : 0.3841    mrr@10 : 0.3396
Wed 11 Feb 2026 12:21:30 INFO  epoch 23 training [time: 16.23s, train loss: 1796.9473]
Wed 11 Feb 2026 12:21:38 INFO  epoch 23 evaluating [time: 8.11s, valid_score: 0.331100]
Wed 11 Feb 2026 12:21:38 INFO  valid result: 
hit@10 : 0.5227    ndcg@10 : 0.3767    mrr@10 : 0.3311
Wed 11 Feb 2026 12:21:38 INFO  Finished training, best eval result in epoch 12
Wed 11 Feb 2026 12:21:38 INFO  Loading model structure and parameters from saved\TimeWeaver-Feb-11-2026_12-11-47.pth
Wed 11 Feb 2026 12:21:47 INFO  The running environment of this training is as follows:
+-------------+----------------+
| Environment |     Usage      |
+=============+================+
| CPU         |     6.20 %     |
+-------------+----------------+
| GPU         | 0.18 G/6.00 G  |
+-------------+----------------+
| Memory      | 1.44 G/15.63 G |
+-------------+----------------+
Wed 11 Feb 2026 12:21:47 INFO  best valid : OrderedDict([('hit@10', 0.5351), ('ndcg@10', 0.3929), ('mrr@10', 0.3486)])
Wed 11 Feb 2026 12:21:47 INFO  test result: OrderedDict([('hit@10', 0.488), ('ndcg@10', 0.345), ('mrr@10', 0.3004)])
