Mon 09 Feb 2026 18:58:58 INFO  ['F:\\桌面\\recommendation_system\\scripts\\run_grid.py', '--models', 'timeweaver', '--datasets', 'ml-100k', '--seeds', '42', '--device', 'gpu', '--timeweaver-variant', 'base', '--tag', 'e0p1_k9_d0p2_l1_f512_b1000', '--output', 'results/run_grid_timeweaver_tune.json', '--tw-ema-decay', '0.1', '--tw-tcn-kernel', '9', '--tw-hidden-dropout', '0.2', '--tw-num-layers', '1', '--tw-ffn-hidden', '512', '--tw-time-bucket', '1000']
Mon 09 Feb 2026 18:58:58 INFO  
General Hyper Parameters:
gpu_id = 0
use_gpu = True
seed = 42
state = INFO
reproducibility = True
data_path = F:\anaconda3\envs\rec39\Lib\site-packages\recbole\config\../dataset_example/ml-100k
checkpoint_dir = saved
show_progress = True
save_dataset = False
dataset_save_path = None
save_dataloaders = False
dataloaders_save_path = None
log_wandb = False

Training Hyper Parameters:
epochs = 100
train_batch_size = 256
learner = adam
learning_rate = 0.001
train_neg_sample_args = {'distribution': 'none', 'sample_num': 'none', 'alpha': 'none', 'dynamic': False, 'candidate_num': 0}
eval_step = 1
stopping_step = 10
clip_grad_norm = None
weight_decay = 0.0
loss_decimal_place = 4

Evaluation Hyper Parameters:
eval_args = {'split': {'LS': 'valid_and_test'}, 'order': 'TO', 'group_by': 'user', 'mode': {'valid': 'uni100', 'test': 'uni100'}}
repeatable = True
metrics = ['Hit', 'NDCG', 'MRR']
topk = [10]
valid_metric = MRR@10
valid_metric_bigger = True
eval_batch_size = 512
metric_decimal_place = 4

Dataset Hyper Parameters:
field_separator = 	
seq_separator =  
USER_ID_FIELD = user_id
ITEM_ID_FIELD = item_id
RATING_FIELD = rating
TIME_FIELD = timestamp
seq_len = None
LABEL_FIELD = label
threshold = None
NEG_PREFIX = neg_
load_col = {'inter': ['user_id', 'item_id', 'rating', 'timestamp'], 'user': ['user_id', 'age', 'gender', 'occupation', 'zip_code'], 'item': ['item_id', 'movie_title', 'release_year', 'class']}
unload_col = None
unused_col = None
additional_feat_suffix = None
rm_dup_inter = None
val_interval = None
filter_inter_by_user_or_item = True
user_inter_num_interval = None
item_inter_num_interval = None
alias_of_user_id = None
alias_of_item_id = None
alias_of_entity_id = None
alias_of_relation_id = None
preload_weight = None
normalize_field = None
normalize_all = True
ITEM_LIST_LENGTH_FIELD = item_length
LIST_SUFFIX = _list
MAX_ITEM_LIST_LENGTH = 32
POSITION_FIELD = position_id
HEAD_ENTITY_ID_FIELD = head_id
TAIL_ENTITY_ID_FIELD = tail_id
RELATION_ID_FIELD = relation_id
ENTITY_ID_FIELD = entity_id
kg_reverse_r = False
entity_kg_num_interval = None
relation_kg_num_interval = None
benchmark_filename = None

Other Hyper Parameters: 
worker = 0
wandb_project = recbole
shuffle = True
require_pow = False
enable_amp = False
enable_scaler = False
transform = None
numerical_features = []
discretization = None
MODEL_TYPE = ModelType.SEQUENTIAL
model_name = TimeWeaver
hidden_size = 64
num_layers = 1
hidden_dropout_prob = 0.2
initializer_range = 0.02
time_bucket_size = 1000
ema_decay = 0.1
tcn_kernel_size = 9
ffn_hidden_size = 512
loss_type = CE
early_stop = 10
neg_sampling = None
device = cuda
use_continuous_time = False
use_time_gate = False
use_time_augmentation = False
MODEL_INPUT_TYPE = InputType.POINTWISE
eval_type = EvaluatorType.RANKING
single_spec = True
local_rank = 0
valid_neg_sample_args = {'distribution': 'uniform', 'sample_num': 100}
test_neg_sample_args = {'distribution': 'uniform', 'sample_num': 100}


Mon 09 Feb 2026 18:58:59 INFO  ml-100k
The number of users: 944
Average actions of users: 106.04453870625663
The number of items: 1683
Average actions of items: 59.45303210463734
The number of inters: 100000
The sparsity of the dataset: 93.70575143257098%
Remain Fields: ['user_id', 'item_id', 'rating', 'timestamp', 'age', 'gender', 'occupation', 'zip_code', 'movie_title', 'release_year', 'class']
Mon 09 Feb 2026 18:59:00 INFO  [Training]: train_batch_size = [256] train_neg_sample_args: [{'distribution': 'none', 'sample_num': 'none', 'alpha': 'none', 'dynamic': False, 'candidate_num': 0}]
Mon 09 Feb 2026 18:59:00 INFO  [Evaluation]: eval_batch_size = [512] eval_args: [{'split': {'LS': 'valid_and_test'}, 'order': 'TO', 'group_by': 'user', 'mode': {'valid': 'uni100', 'test': 'uni100'}}]
Mon 09 Feb 2026 18:59:00 INFO  TimeWeaver(
  (item_embedding): Embedding(1683, 64, padding_idx=0)
  (time_aug): TimeAwareAugmentation(
    (pos_embedding): Embedding(32, 64)
    (time_embedding): Embedding(1000, 64)
    (layer_norm): LayerNorm((64,), eps=1e-05, elementwise_affine=True)
    (drop): Dropout(p=0.2, inplace=False)
  )
  (context_layers): ModuleList(
    (0): TCNNextBlock(
      (dw): DepthwiseConv1d(
        (conv): Conv1d(64, 64, kernel_size=(9,), stride=(1,), padding=(4,), groups=64)
        (bn): BatchNorm1d(64, eps=1e-05, momentum=0.1, affine=True, track_running_stats=True)
        (drop): Dropout(p=0.2, inplace=False)
      )
      (norm1): LayerNorm((64,), eps=1e-05, elementwise_affine=True)
      (conv_inter): ParallelConvInter(
        (conv1): Conv1d(64, 64, kernel_size=(1,), stride=(1,))
        (conv3): Conv1d(64, 64, kernel_size=(3,), stride=(1,), padding=(1,))
        (proj): Conv1d(64, 64, kernel_size=(1,), stride=(1,))
        (drop): Dropout(p=0.2, inplace=False)
      )
      (norm2): LayerNorm((64,), eps=1e-05, elementwise_affine=True)
      (ffn): Sequential(
        (0): Linear(in_features=64, out_features=512, bias=True)
        (1): GELU(approximate='none')
        (2): Dropout(p=0.2, inplace=False)
        (3): Linear(in_features=512, out_features=64, bias=True)
        (4): Dropout(p=0.2, inplace=False)
      )
      (norm3): LayerNorm((64,), eps=1e-05, elementwise_affine=True)
    )
  )
  (dynamic_layers): ModuleList(
    (0): EMAStream(
      (proj): Linear(in_features=64, out_features=64, bias=True)
    )
  )
  (weavers): ModuleList(
    (0): StreamWeaver(
      (proj): Linear(in_features=128, out_features=64, bias=True)
      (norm): LayerNorm((64,), eps=1e-05, elementwise_affine=True)
    )
  )
  (loss_fct): CrossEntropyLoss()
)
Trainable parameters: 274369.0
Mon 09 Feb 2026 18:59:00 INFO  FLOPs: 3198976.0
Mon 09 Feb 2026 18:59:21 INFO  epoch 0 training [time: 19.60s, train loss: 2426.2281]
Mon 09 Feb 2026 18:59:23 INFO  epoch 0 evaluating [time: 1.86s, valid_score: 0.282200]
Mon 09 Feb 2026 18:59:23 INFO  valid result: 
hit@10 : 0.6617    ndcg@10 : 0.3711    mrr@10 : 0.2822
Mon 09 Feb 2026 18:59:23 INFO  Saving current: saved\TimeWeaver-Feb-09-2026_18-59-00.pth
Mon 09 Feb 2026 18:59:43 INFO  epoch 1 training [time: 19.63s, train loss: 2226.3568]
Mon 09 Feb 2026 18:59:44 INFO  epoch 1 evaluating [time: 1.84s, valid_score: 0.326600]
Mon 09 Feb 2026 18:59:44 INFO  valid result: 
hit@10 : 0.6999    ndcg@10 : 0.4144    mrr@10 : 0.3266
Mon 09 Feb 2026 18:59:44 INFO  Saving current: saved\TimeWeaver-Feb-09-2026_18-59-00.pth
Mon 09 Feb 2026 19:00:04 INFO  epoch 2 training [time: 19.39s, train loss: 2182.3899]
Mon 09 Feb 2026 19:00:06 INFO  epoch 2 evaluating [time: 1.72s, valid_score: 0.343000]
Mon 09 Feb 2026 19:00:06 INFO  valid result: 
hit@10 : 0.7041    ndcg@10 : 0.4283    mrr@10 : 0.343
Mon 09 Feb 2026 19:00:06 INFO  Saving current: saved\TimeWeaver-Feb-09-2026_18-59-00.pth
Mon 09 Feb 2026 19:00:24 INFO  epoch 3 training [time: 18.65s, train loss: 2155.1636]
Mon 09 Feb 2026 19:00:26 INFO  epoch 3 evaluating [time: 1.74s, valid_score: 0.335400]
Mon 09 Feb 2026 19:00:26 INFO  valid result: 
hit@10 : 0.7137    ndcg@10 : 0.4251    mrr@10 : 0.3354
Mon 09 Feb 2026 19:00:45 INFO  epoch 4 training [time: 18.79s, train loss: 2134.4580]
Mon 09 Feb 2026 19:00:47 INFO  epoch 4 evaluating [time: 1.82s, valid_score: 0.357300]
Mon 09 Feb 2026 19:00:47 INFO  valid result: 
hit@10 : 0.7359    ndcg@10 : 0.4471    mrr@10 : 0.3573
Mon 09 Feb 2026 19:00:47 INFO  Saving current: saved\TimeWeaver-Feb-09-2026_18-59-00.pth
Mon 09 Feb 2026 19:01:06 INFO  epoch 5 training [time: 19.02s, train loss: 2118.3213]
Mon 09 Feb 2026 19:01:07 INFO  epoch 5 evaluating [time: 1.73s, valid_score: 0.340900]
Mon 09 Feb 2026 19:01:07 INFO  valid result: 
hit@10 : 0.7253    ndcg@10 : 0.4321    mrr@10 : 0.3409
Mon 09 Feb 2026 19:01:26 INFO  epoch 6 training [time: 18.42s, train loss: 2104.7837]
Mon 09 Feb 2026 19:01:27 INFO  epoch 6 evaluating [time: 1.74s, valid_score: 0.338800]
Mon 09 Feb 2026 19:01:27 INFO  valid result: 
hit@10 : 0.7275    ndcg@10 : 0.4307    mrr@10 : 0.3388
Mon 09 Feb 2026 19:01:46 INFO  epoch 7 training [time: 18.93s, train loss: 2093.3343]
Mon 09 Feb 2026 19:01:48 INFO  epoch 7 evaluating [time: 1.84s, valid_score: 0.346400]
Mon 09 Feb 2026 19:01:48 INFO  valid result: 
hit@10 : 0.7243    ndcg@10 : 0.4361    mrr@10 : 0.3464
Mon 09 Feb 2026 19:02:07 INFO  epoch 8 training [time: 19.18s, train loss: 2083.9366]
Mon 09 Feb 2026 19:02:09 INFO  epoch 8 evaluating [time: 1.83s, valid_score: 0.342200]
Mon 09 Feb 2026 19:02:09 INFO  valid result: 
hit@10 : 0.7275    ndcg@10 : 0.4339    mrr@10 : 0.3422
Mon 09 Feb 2026 19:02:28 INFO  epoch 9 training [time: 19.19s, train loss: 2075.2041]
Mon 09 Feb 2026 19:02:30 INFO  epoch 9 evaluating [time: 1.83s, valid_score: 0.352600]
Mon 09 Feb 2026 19:02:30 INFO  valid result: 
hit@10 : 0.7349    ndcg@10 : 0.4427    mrr@10 : 0.3526
Mon 09 Feb 2026 19:02:49 INFO  epoch 10 training [time: 18.80s, train loss: 2067.4039]
Mon 09 Feb 2026 19:02:51 INFO  epoch 10 evaluating [time: 1.74s, valid_score: 0.333300]
Mon 09 Feb 2026 19:02:51 INFO  valid result: 
hit@10 : 0.72    ndcg@10 : 0.4248    mrr@10 : 0.3333
Mon 09 Feb 2026 19:03:10 INFO  epoch 11 training [time: 19.14s, train loss: 2060.8584]
Mon 09 Feb 2026 19:03:12 INFO  epoch 11 evaluating [time: 1.85s, valid_score: 0.343200]
Mon 09 Feb 2026 19:03:12 INFO  valid result: 
hit@10 : 0.7073    ndcg@10 : 0.4298    mrr@10 : 0.3432
Mon 09 Feb 2026 19:03:32 INFO  epoch 12 training [time: 19.72s, train loss: 2055.3191]
Mon 09 Feb 2026 19:03:33 INFO  epoch 12 evaluating [time: 1.85s, valid_score: 0.341900]
Mon 09 Feb 2026 19:03:33 INFO  valid result: 
hit@10 : 0.7211    ndcg@10 : 0.4317    mrr@10 : 0.3419
Mon 09 Feb 2026 19:03:53 INFO  epoch 13 training [time: 19.53s, train loss: 2049.1876]
Mon 09 Feb 2026 19:03:55 INFO  epoch 13 evaluating [time: 1.86s, valid_score: 0.342600]
Mon 09 Feb 2026 19:03:55 INFO  valid result: 
hit@10 : 0.7264    ndcg@10 : 0.4334    mrr@10 : 0.3426
Mon 09 Feb 2026 19:04:14 INFO  epoch 14 training [time: 19.07s, train loss: 2044.9164]
Mon 09 Feb 2026 19:04:16 INFO  epoch 14 evaluating [time: 1.74s, valid_score: 0.337300]
Mon 09 Feb 2026 19:04:16 INFO  valid result: 
hit@10 : 0.7147    ndcg@10 : 0.4268    mrr@10 : 0.3373
Mon 09 Feb 2026 19:04:34 INFO  epoch 15 training [time: 18.64s, train loss: 2039.6376]
Mon 09 Feb 2026 19:04:36 INFO  epoch 15 evaluating [time: 1.85s, valid_score: 0.359300]
Mon 09 Feb 2026 19:04:36 INFO  valid result: 
hit@10 : 0.7243    ndcg@10 : 0.4455    mrr@10 : 0.3593
Mon 09 Feb 2026 19:04:36 INFO  Saving current: saved\TimeWeaver-Feb-09-2026_18-59-00.pth
Mon 09 Feb 2026 19:04:55 INFO  epoch 16 training [time: 19.26s, train loss: 2035.6457]
Mon 09 Feb 2026 19:04:57 INFO  epoch 16 evaluating [time: 1.84s, valid_score: 0.337400]
Mon 09 Feb 2026 19:04:57 INFO  valid result: 
hit@10 : 0.7147    ndcg@10 : 0.4269    mrr@10 : 0.3374
Mon 09 Feb 2026 19:05:16 INFO  epoch 17 training [time: 18.77s, train loss: 2030.6685]
Mon 09 Feb 2026 19:05:18 INFO  epoch 17 evaluating [time: 1.74s, valid_score: 0.329800]
Mon 09 Feb 2026 19:05:18 INFO  valid result: 
hit@10 : 0.7116    ndcg@10 : 0.4201    mrr@10 : 0.3298
Mon 09 Feb 2026 19:05:36 INFO  epoch 18 training [time: 18.66s, train loss: 2026.3829]
Mon 09 Feb 2026 19:05:38 INFO  epoch 18 evaluating [time: 1.80s, valid_score: 0.332900]
Mon 09 Feb 2026 19:05:38 INFO  valid result: 
hit@10 : 0.7137    ndcg@10 : 0.4226    mrr@10 : 0.3329
Mon 09 Feb 2026 19:05:57 INFO  epoch 19 training [time: 19.22s, train loss: 2023.8402]
Mon 09 Feb 2026 19:05:59 INFO  epoch 19 evaluating [time: 1.83s, valid_score: 0.336900]
Mon 09 Feb 2026 19:05:59 INFO  valid result: 
hit@10 : 0.7169    ndcg@10 : 0.4266    mrr@10 : 0.3369
Mon 09 Feb 2026 19:06:18 INFO  epoch 20 training [time: 19.26s, train loss: 2018.6543]
Mon 09 Feb 2026 19:06:20 INFO  epoch 20 evaluating [time: 1.76s, valid_score: 0.339400]
Mon 09 Feb 2026 19:06:20 INFO  valid result: 
hit@10 : 0.7158    ndcg@10 : 0.4283    mrr@10 : 0.3394
Mon 09 Feb 2026 19:06:39 INFO  epoch 21 training [time: 18.96s, train loss: 2015.5862]
Mon 09 Feb 2026 19:06:41 INFO  epoch 21 evaluating [time: 1.75s, valid_score: 0.330900]
Mon 09 Feb 2026 19:06:41 INFO  valid result: 
hit@10 : 0.7137    ndcg@10 : 0.4215    mrr@10 : 0.3309
Mon 09 Feb 2026 19:07:00 INFO  epoch 22 training [time: 18.65s, train loss: 2010.9081]
Mon 09 Feb 2026 19:07:01 INFO  epoch 22 evaluating [time: 1.80s, valid_score: 0.336600]
Mon 09 Feb 2026 19:07:01 INFO  valid result: 
hit@10 : 0.7126    ndcg@10 : 0.4253    mrr@10 : 0.3366
Mon 09 Feb 2026 19:07:21 INFO  epoch 23 training [time: 19.99s, train loss: 2007.1671]
Mon 09 Feb 2026 19:07:23 INFO  epoch 23 evaluating [time: 1.85s, valid_score: 0.336300]
Mon 09 Feb 2026 19:07:23 INFO  valid result: 
hit@10 : 0.7063    ndcg@10 : 0.4237    mrr@10 : 0.3363
Mon 09 Feb 2026 19:07:43 INFO  epoch 24 training [time: 19.69s, train loss: 2003.7140]
Mon 09 Feb 2026 19:07:45 INFO  epoch 24 evaluating [time: 1.87s, valid_score: 0.345500]
Mon 09 Feb 2026 19:07:45 INFO  valid result: 
hit@10 : 0.7285    ndcg@10 : 0.4355    mrr@10 : 0.3455
Mon 09 Feb 2026 19:08:04 INFO  epoch 25 training [time: 19.42s, train loss: 2000.6935]
Mon 09 Feb 2026 19:08:06 INFO  epoch 25 evaluating [time: 1.75s, valid_score: 0.322200]
Mon 09 Feb 2026 19:08:06 INFO  valid result: 
hit@10 : 0.6978    ndcg@10 : 0.4113    mrr@10 : 0.3222
Mon 09 Feb 2026 19:08:25 INFO  epoch 26 training [time: 18.53s, train loss: 1997.4530]
Mon 09 Feb 2026 19:08:26 INFO  epoch 26 evaluating [time: 1.74s, valid_score: 0.331500]
Mon 09 Feb 2026 19:08:26 INFO  valid result: 
hit@10 : 0.7084    ndcg@10 : 0.4208    mrr@10 : 0.3315
Mon 09 Feb 2026 19:08:26 INFO  Finished training, best eval result in epoch 15
Mon 09 Feb 2026 19:08:26 INFO  Loading model structure and parameters from saved\TimeWeaver-Feb-09-2026_18-59-00.pth
Mon 09 Feb 2026 19:08:29 INFO  The running environment of this training is as follows:
+-------------+----------------+
| Environment |     Usage      |
+=============+================+
| CPU         |     4.20 %     |
+-------------+----------------+
| GPU         | 0.21 G/6.00 G  |
+-------------+----------------+
| Memory      | 1.53 G/15.63 G |
+-------------+----------------+
Mon 09 Feb 2026 19:08:29 INFO  best valid : OrderedDict([('hit@10', 0.7243), ('ndcg@10', 0.4455), ('mrr@10', 0.3593)])
Mon 09 Feb 2026 19:08:29 INFO  test result: OrderedDict([('hit@10', 0.6999), ('ndcg@10', 0.42), ('mrr@10', 0.3334)])
