Sun 15 Mar 2026 13:23:23 INFO  ['F:\\桌面\\recommendation_system\\scripts\\run_grid.py', '--models', 'timeweaver', '--datasets', 'amazon-sports-5core-longseq-full', '--seeds', '42,2023,2024', '--device', 'gpu', '--timeweaver-variant', 'aug_only', '--output', 'F:\\桌面\\recommendation_system\\results\\param_sweeps\\timeweaver_param_B2_aug_strength_prob.json', '--tag', 'B2_s0.1_p0.15', '--skip-if-done', '--tw-aug-strength', '0.1', '--tw-aug-prob', '0.15']
Sun 15 Mar 2026 13:23:23 INFO  
General Hyper Parameters:
gpu_id = 0
use_gpu = True
seed = 42
state = INFO
reproducibility = True
data_path = data/amazon\amazon-sports-5core-longseq
checkpoint_dir = saved
show_progress = True
save_dataset = False
dataset_save_path = None
save_dataloaders = False
dataloaders_save_path = None
log_wandb = False

Training Hyper Parameters:
epochs = 100
train_batch_size = 256
learner = adam
learning_rate = 0.001
train_neg_sample_args = {'distribution': 'none', 'sample_num': 'none', 'alpha': 'none', 'dynamic': False, 'candidate_num': 0}
eval_step = 1
stopping_step = 10
clip_grad_norm = None
weight_decay = 0.0
loss_decimal_place = 4

Evaluation Hyper Parameters:
eval_args = {'split': {'LS': 'valid_and_test'}, 'order': 'TO', 'group_by': 'user', 'mode': {'valid': 'full', 'test': 'full'}}
repeatable = True
metrics = ['Hit', 'NDCG', 'MRR']
topk = [10]
valid_metric = Hit@10
valid_metric_bigger = True
eval_batch_size = 512
metric_decimal_place = 4

Dataset Hyper Parameters:
field_separator = 	
seq_separator =  
USER_ID_FIELD = user_id
ITEM_ID_FIELD = item_id
RATING_FIELD = rating
TIME_FIELD = timestamp
seq_len = None
LABEL_FIELD = label
threshold = None
NEG_PREFIX = neg_
load_col = {'inter': ['user_id', 'item_id', 'rating', 'timestamp']}
unload_col = None
unused_col = None
additional_feat_suffix = None
rm_dup_inter = None
val_interval = None
filter_inter_by_user_or_item = True
user_inter_num_interval = [0,inf)
item_inter_num_interval = [0,inf)
alias_of_user_id = None
alias_of_item_id = None
alias_of_entity_id = None
alias_of_relation_id = None
preload_weight = None
normalize_field = None
normalize_all = None
ITEM_LIST_LENGTH_FIELD = item_length
LIST_SUFFIX = _list
MAX_ITEM_LIST_LENGTH = 32
POSITION_FIELD = position_id
HEAD_ENTITY_ID_FIELD = head_id
TAIL_ENTITY_ID_FIELD = tail_id
RELATION_ID_FIELD = relation_id
ENTITY_ID_FIELD = entity_id
benchmark_filename = None

Other Hyper Parameters: 
worker = 0
wandb_project = recbole
shuffle = True
require_pow = False
enable_amp = False
enable_scaler = False
transform = None
numerical_features = []
discretization = None
kg_reverse_r = False
entity_kg_num_interval = [0,inf)
relation_kg_num_interval = [0,inf)
MODEL_TYPE = ModelType.SEQUENTIAL
contrastive_weight = 0.03
contrastive_temp = 0.2
model_name = TimeWeaver
hidden_size = 64
num_layers = 2
hidden_dropout_prob = 0.5
initializer_range = 0.02
time_bucket_size = 1000
ema_decay = 0.5
tcn_kernel_size = -1
ffn_hidden_size = 256
loss_type = CE
early_stop = 10
neg_sampling = None
device = cuda
use_continuous_time = False
use_time_gate = False
use_time_augmentation = True
time_aug_strength = 0.1
time_aug_prob = 0.15
MODEL_INPUT_TYPE = InputType.POINTWISE
eval_type = EvaluatorType.RANKING
single_spec = True
local_rank = 0
valid_neg_sample_args = {'distribution': 'uniform', 'sample_num': 'none'}
test_neg_sample_args = {'distribution': 'uniform', 'sample_num': 'none'}


Sun 15 Mar 2026 13:23:24 INFO  amazon-sports-5core-longseq
The number of users: 2181
Average actions of users: 25.74678899082569
The number of items: 14556
Average actions of items: 3.8562693232566128
The number of inters: 56128
The sparsity of the dataset: 99.82320016520806%
Remain Fields: ['user_id', 'item_id', 'rating', 'timestamp']
Sun 15 Mar 2026 13:23:25 INFO  [Training]: train_batch_size = [256] train_neg_sample_args: [{'distribution': 'none', 'sample_num': 'none', 'alpha': 'none', 'dynamic': False, 'candidate_num': 0}]
Sun 15 Mar 2026 13:23:25 INFO  [Evaluation]: eval_batch_size = [512] eval_args: [{'split': {'LS': 'valid_and_test'}, 'order': 'TO', 'group_by': 'user', 'mode': {'valid': 'full', 'test': 'full'}}]
Sun 15 Mar 2026 13:23:25 INFO  TimeWeaver(
  (item_embedding): Embedding(14556, 64, padding_idx=0)
  (time_aug): TimeAwareAugmentation(
    (pos_embedding): Embedding(32, 64)
    (time_embedding): Embedding(1000, 64)
    (layer_norm): LayerNorm((64,), eps=1e-05, elementwise_affine=True)
    (drop): Dropout(p=0.5, inplace=False)
  )
  (context_layers): ModuleList(
    (0-1): 2 x TCNNextBlock(
      (dw): DepthwiseConv1d(
        (conv): Conv1d(64, 64, kernel_size=(11,), stride=(1,), padding=(5,), groups=64)
        (bn): BatchNorm1d(64, eps=1e-05, momentum=0.1, affine=True, track_running_stats=True)
        (drop): Dropout(p=0.5, inplace=False)
      )
      (norm1): LayerNorm((64,), eps=1e-05, elementwise_affine=True)
      (conv_inter): ParallelConvInter(
        (conv1): Conv1d(64, 64, kernel_size=(1,), stride=(1,))
        (conv3): Conv1d(64, 64, kernel_size=(3,), stride=(1,), padding=(1,))
        (proj): Conv1d(64, 64, kernel_size=(1,), stride=(1,))
        (drop): Dropout(p=0.5, inplace=False)
      )
      (norm2): LayerNorm((64,), eps=1e-05, elementwise_affine=True)
      (ffn): Sequential(
        (0): Linear(in_features=64, out_features=256, bias=True)
        (1): GELU(approximate='none')
        (2): Dropout(p=0.5, inplace=False)
        (3): Linear(in_features=256, out_features=64, bias=True)
        (4): Dropout(p=0.5, inplace=False)
      )
      (norm3): LayerNorm((64,), eps=1e-05, elementwise_affine=True)
    )
  )
  (dynamic_layers): ModuleList(
    (0-1): 2 x EMAStream(
      (proj): Linear(in_features=64, out_features=64, bias=True)
    )
  )
  (weavers): ModuleList(
    (0-1): 2 x StreamWeaver(
      (proj): Linear(in_features=128, out_features=64, bias=True)
      (norm): LayerNorm((64,), eps=1e-05, elementwise_affine=True)
    )
  )
  (loss_fct): CrossEntropyLoss()
)
Trainable parameters: 1132929.0
Sun 15 Mar 2026 13:23:25 INFO  FLOPs: 4298752.0
Sun 15 Mar 2026 13:23:45 INFO  epoch 0 training [time: 18.16s, train loss: 1809.4322]
Sun 15 Mar 2026 13:23:45 INFO  epoch 0 evaluating [time: 0.12s, valid_score: 0.012400]
Sun 15 Mar 2026 13:23:45 INFO  valid result: 
hit@10 : 0.0124    ndcg@10 : 0.0063    mrr@10 : 0.0046
Sun 15 Mar 2026 13:23:45 INFO  Saving current: saved\TimeWeaver-Mar-15-2026_13-23-25.pth
Sun 15 Mar 2026 13:24:04 INFO  epoch 1 training [time: 19.26s, train loss: 1735.6456]
Sun 15 Mar 2026 13:24:04 INFO  epoch 1 evaluating [time: 0.10s, valid_score: 0.015100]
Sun 15 Mar 2026 13:24:04 INFO  valid result: 
hit@10 : 0.0151    ndcg@10 : 0.0072    mrr@10 : 0.0049
Sun 15 Mar 2026 13:24:04 INFO  Saving current: saved\TimeWeaver-Mar-15-2026_13-23-25.pth
Sun 15 Mar 2026 13:24:24 INFO  epoch 2 training [time: 19.45s, train loss: 1671.3945]
Sun 15 Mar 2026 13:24:24 INFO  epoch 2 evaluating [time: 0.10s, valid_score: 0.029400]
Sun 15 Mar 2026 13:24:24 INFO  valid result: 
hit@10 : 0.0294    ndcg@10 : 0.0134    mrr@10 : 0.0087
Sun 15 Mar 2026 13:24:24 INFO  Saving current: saved\TimeWeaver-Mar-15-2026_13-23-25.pth
Sun 15 Mar 2026 13:24:43 INFO  epoch 3 training [time: 19.20s, train loss: 1594.9921]
Sun 15 Mar 2026 13:24:43 INFO  epoch 3 evaluating [time: 0.09s, valid_score: 0.026600]
Sun 15 Mar 2026 13:24:43 INFO  valid result: 
hit@10 : 0.0266    ndcg@10 : 0.0131    mrr@10 : 0.009
Sun 15 Mar 2026 13:25:02 INFO  epoch 4 training [time: 18.76s, train loss: 1520.7400]
Sun 15 Mar 2026 13:25:02 INFO  epoch 4 evaluating [time: 0.10s, valid_score: 0.026100]
Sun 15 Mar 2026 13:25:02 INFO  valid result: 
hit@10 : 0.0261    ndcg@10 : 0.0124    mrr@10 : 0.0082
Sun 15 Mar 2026 13:25:26 INFO  epoch 5 training [time: 23.72s, train loss: 1447.2434]
Sun 15 Mar 2026 13:25:26 INFO  epoch 5 evaluating [time: 0.09s, valid_score: 0.028400]
Sun 15 Mar 2026 13:25:26 INFO  valid result: 
hit@10 : 0.0284    ndcg@10 : 0.0131    mrr@10 : 0.0084
Sun 15 Mar 2026 13:26:00 INFO  epoch 6 training [time: 34.78s, train loss: 1378.8617]
Sun 15 Mar 2026 13:26:00 INFO  epoch 6 evaluating [time: 0.08s, valid_score: 0.030700]
Sun 15 Mar 2026 13:26:00 INFO  valid result: 
hit@10 : 0.0307    ndcg@10 : 0.0132    mrr@10 : 0.0079
Sun 15 Mar 2026 13:26:01 INFO  Saving current: saved\TimeWeaver-Mar-15-2026_13-23-25.pth
Sun 15 Mar 2026 13:26:39 INFO  epoch 7 training [time: 38.02s, train loss: 1311.6669]
Sun 15 Mar 2026 13:26:39 INFO  epoch 7 evaluating [time: 0.09s, valid_score: 0.029400]
Sun 15 Mar 2026 13:26:39 INFO  valid result: 
hit@10 : 0.0294    ndcg@10 : 0.0131    mrr@10 : 0.0082
Sun 15 Mar 2026 13:27:16 INFO  epoch 8 training [time: 37.77s, train loss: 1252.3748]
Sun 15 Mar 2026 13:27:16 INFO  epoch 8 evaluating [time: 0.10s, valid_score: 0.033000]
Sun 15 Mar 2026 13:27:17 INFO  valid result: 
hit@10 : 0.033    ndcg@10 : 0.0148    mrr@10 : 0.0093
Sun 15 Mar 2026 13:27:17 INFO  Saving current: saved\TimeWeaver-Mar-15-2026_13-23-25.pth
Sun 15 Mar 2026 13:27:55 INFO  epoch 9 training [time: 38.55s, train loss: 1200.6329]
Sun 15 Mar 2026 13:27:55 INFO  epoch 9 evaluating [time: 0.10s, valid_score: 0.033500]
Sun 15 Mar 2026 13:27:55 INFO  valid result: 
hit@10 : 0.0335    ndcg@10 : 0.0145    mrr@10 : 0.0088
Sun 15 Mar 2026 13:27:55 INFO  Saving current: saved\TimeWeaver-Mar-15-2026_13-23-25.pth
Sun 15 Mar 2026 13:28:35 INFO  epoch 10 training [time: 39.31s, train loss: 1154.3962]
Sun 15 Mar 2026 13:28:35 INFO  epoch 10 evaluating [time: 0.10s, valid_score: 0.031200]
Sun 15 Mar 2026 13:28:35 INFO  valid result: 
hit@10 : 0.0312    ndcg@10 : 0.0143    mrr@10 : 0.0091
Sun 15 Mar 2026 13:29:13 INFO  epoch 11 training [time: 38.49s, train loss: 1112.0233]
Sun 15 Mar 2026 13:29:13 INFO  epoch 11 evaluating [time: 0.10s, valid_score: 0.032100]
Sun 15 Mar 2026 13:29:13 INFO  valid result: 
hit@10 : 0.0321    ndcg@10 : 0.0142    mrr@10 : 0.0088
Sun 15 Mar 2026 13:29:52 INFO  epoch 12 training [time: 39.00s, train loss: 1080.1472]
Sun 15 Mar 2026 13:29:52 INFO  epoch 12 evaluating [time: 0.09s, valid_score: 0.030700]
Sun 15 Mar 2026 13:29:52 INFO  valid result: 
hit@10 : 0.0307    ndcg@10 : 0.0135    mrr@10 : 0.0083
Sun 15 Mar 2026 13:30:30 INFO  epoch 13 training [time: 38.08s, train loss: 1049.8791]
Sun 15 Mar 2026 13:30:30 INFO  epoch 13 evaluating [time: 0.10s, valid_score: 0.033000]
Sun 15 Mar 2026 13:30:30 INFO  valid result: 
hit@10 : 0.033    ndcg@10 : 0.0142    mrr@10 : 0.0085
Sun 15 Mar 2026 13:31:08 INFO  epoch 14 training [time: 37.95s, train loss: 1019.6092]
Sun 15 Mar 2026 13:31:09 INFO  epoch 14 evaluating [time: 0.10s, valid_score: 0.031200]
Sun 15 Mar 2026 13:31:09 INFO  valid result: 
hit@10 : 0.0312    ndcg@10 : 0.0136    mrr@10 : 0.0083
Sun 15 Mar 2026 13:31:47 INFO  epoch 15 training [time: 38.76s, train loss: 996.1150]
Sun 15 Mar 2026 13:31:47 INFO  epoch 15 evaluating [time: 0.11s, valid_score: 0.028000]
Sun 15 Mar 2026 13:31:47 INFO  valid result: 
hit@10 : 0.028    ndcg@10 : 0.0126    mrr@10 : 0.008
Sun 15 Mar 2026 13:32:27 INFO  epoch 16 training [time: 39.46s, train loss: 973.4718]
Sun 15 Mar 2026 13:32:27 INFO  epoch 16 evaluating [time: 0.10s, valid_score: 0.023900]
Sun 15 Mar 2026 13:32:27 INFO  valid result: 
hit@10 : 0.0239    ndcg@10 : 0.0106    mrr@10 : 0.0066
Sun 15 Mar 2026 13:33:05 INFO  epoch 17 training [time: 38.44s, train loss: 949.8782]
Sun 15 Mar 2026 13:33:06 INFO  epoch 17 evaluating [time: 0.10s, valid_score: 0.026100]
Sun 15 Mar 2026 13:33:06 INFO  valid result: 
hit@10 : 0.0261    ndcg@10 : 0.0119    mrr@10 : 0.0076
Sun 15 Mar 2026 13:33:44 INFO  epoch 18 training [time: 38.87s, train loss: 931.7015]
Sun 15 Mar 2026 13:33:44 INFO  epoch 18 evaluating [time: 0.09s, valid_score: 0.024800]
Sun 15 Mar 2026 13:33:44 INFO  valid result: 
hit@10 : 0.0248    ndcg@10 : 0.0107    mrr@10 : 0.0065
Sun 15 Mar 2026 13:34:23 INFO  epoch 19 training [time: 38.24s, train loss: 911.5139]
Sun 15 Mar 2026 13:34:23 INFO  epoch 19 evaluating [time: 0.10s, valid_score: 0.028000]
Sun 15 Mar 2026 13:34:23 INFO  valid result: 
hit@10 : 0.028    ndcg@10 : 0.0126    mrr@10 : 0.008
Sun 15 Mar 2026 13:35:02 INFO  epoch 20 training [time: 38.70s, train loss: 893.2486]
Sun 15 Mar 2026 13:35:02 INFO  epoch 20 evaluating [time: 0.10s, valid_score: 0.025200]
Sun 15 Mar 2026 13:35:02 INFO  valid result: 
hit@10 : 0.0252    ndcg@10 : 0.0112    mrr@10 : 0.007
Sun 15 Mar 2026 13:35:02 INFO  Finished training, best eval result in epoch 9
Sun 15 Mar 2026 13:35:02 INFO  Loading model structure and parameters from saved\TimeWeaver-Mar-15-2026_13-23-25.pth
Sun 15 Mar 2026 13:35:03 INFO  The running environment of this training is as follows:
+-------------+----------------+
| Environment |     Usage      |
+=============+================+
| CPU         |    10.30 %     |
+-------------+----------------+
| GPU         | 0.33 G/6.00 G  |
+-------------+----------------+
| Memory      | 1.57 G/15.63 G |
+-------------+----------------+
Sun 15 Mar 2026 13:35:03 INFO  best valid : OrderedDict([('hit@10', 0.0335), ('ndcg@10', 0.0145), ('mrr@10', 0.0088)])
Sun 15 Mar 2026 13:35:03 INFO  test result: OrderedDict([('hit@10', 0.0248), ('ndcg@10', 0.0129), ('mrr@10', 0.0093)])
Sun 15 Mar 2026 13:35:03 WARNING  command line args [--models timeweaver --datasets amazon-sports-5core-longseq-full --seeds 42,2023,2024 --device gpu --timeweaver-variant aug_only --output F:\桌面\recommendation_system\results\param_sweeps\timeweaver_param_B2_aug_strength_prob.json --tag B2_s0.1_p0.15 --skip-if-done --tw-aug-strength 0.1 --tw-aug-prob 0.15] will not be used in RecBole
Sun 15 Mar 2026 13:35:03 INFO  ['F:\\桌面\\recommendation_system\\scripts\\run_grid.py', '--models', 'timeweaver', '--datasets', 'amazon-sports-5core-longseq-full', '--seeds', '42,2023,2024', '--device', 'gpu', '--timeweaver-variant', 'aug_only', '--output', 'F:\\桌面\\recommendation_system\\results\\param_sweeps\\timeweaver_param_B2_aug_strength_prob.json', '--tag', 'B2_s0.1_p0.15', '--skip-if-done', '--tw-aug-strength', '0.1', '--tw-aug-prob', '0.15']
Sun 15 Mar 2026 13:35:03 INFO  
General Hyper Parameters:
gpu_id = 0
use_gpu = True
seed = 2023
state = INFO
reproducibility = True
data_path = data/amazon\amazon-sports-5core-longseq
checkpoint_dir = saved
show_progress = True
save_dataset = False
dataset_save_path = None
save_dataloaders = False
dataloaders_save_path = None
log_wandb = False

Training Hyper Parameters:
epochs = 100
train_batch_size = 256
learner = adam
learning_rate = 0.001
train_neg_sample_args = {'distribution': 'none', 'sample_num': 'none', 'alpha': 'none', 'dynamic': False, 'candidate_num': 0}
eval_step = 1
stopping_step = 10
clip_grad_norm = None
weight_decay = 0.0
loss_decimal_place = 4

Evaluation Hyper Parameters:
eval_args = {'split': {'LS': 'valid_and_test'}, 'order': 'TO', 'group_by': 'user', 'mode': {'valid': 'full', 'test': 'full'}}
repeatable = True
metrics = ['Hit', 'NDCG', 'MRR']
topk = [10]
valid_metric = Hit@10
valid_metric_bigger = True
eval_batch_size = 512
metric_decimal_place = 4

Dataset Hyper Parameters:
field_separator = 	
seq_separator =  
USER_ID_FIELD = user_id
ITEM_ID_FIELD = item_id
RATING_FIELD = rating
TIME_FIELD = timestamp
seq_len = None
LABEL_FIELD = label
threshold = None
NEG_PREFIX = neg_
load_col = {'inter': ['user_id', 'item_id', 'rating', 'timestamp']}
unload_col = None
unused_col = None
additional_feat_suffix = None
rm_dup_inter = None
val_interval = None
filter_inter_by_user_or_item = True
user_inter_num_interval = [0,inf)
item_inter_num_interval = [0,inf)
alias_of_user_id = None
alias_of_item_id = None
alias_of_entity_id = None
alias_of_relation_id = None
preload_weight = None
normalize_field = None
normalize_all = None
ITEM_LIST_LENGTH_FIELD = item_length
LIST_SUFFIX = _list
MAX_ITEM_LIST_LENGTH = 32
POSITION_FIELD = position_id
HEAD_ENTITY_ID_FIELD = head_id
TAIL_ENTITY_ID_FIELD = tail_id
RELATION_ID_FIELD = relation_id
ENTITY_ID_FIELD = entity_id
benchmark_filename = None

Other Hyper Parameters: 
worker = 0
wandb_project = recbole
shuffle = True
require_pow = False
enable_amp = False
enable_scaler = False
transform = None
numerical_features = []
discretization = None
kg_reverse_r = False
entity_kg_num_interval = [0,inf)
relation_kg_num_interval = [0,inf)
MODEL_TYPE = ModelType.SEQUENTIAL
contrastive_weight = 0.03
contrastive_temp = 0.2
model_name = TimeWeaver
hidden_size = 64
num_layers = 2
hidden_dropout_prob = 0.5
initializer_range = 0.02
time_bucket_size = 1000
ema_decay = 0.5
tcn_kernel_size = -1
ffn_hidden_size = 256
loss_type = CE
early_stop = 10
neg_sampling = None
device = cuda
use_continuous_time = False
use_time_gate = False
use_time_augmentation = True
time_aug_strength = 0.1
time_aug_prob = 0.15
MODEL_INPUT_TYPE = InputType.POINTWISE
eval_type = EvaluatorType.RANKING
single_spec = True
local_rank = 0
valid_neg_sample_args = {'distribution': 'uniform', 'sample_num': 'none'}
test_neg_sample_args = {'distribution': 'uniform', 'sample_num': 'none'}


Sun 15 Mar 2026 13:35:03 INFO  amazon-sports-5core-longseq
The number of users: 2181
Average actions of users: 25.74678899082569
The number of items: 14556
Average actions of items: 3.8562693232566128
The number of inters: 56128
The sparsity of the dataset: 99.82320016520806%
Remain Fields: ['user_id', 'item_id', 'rating', 'timestamp']
Sun 15 Mar 2026 13:35:04 INFO  [Training]: train_batch_size = [256] train_neg_sample_args: [{'distribution': 'none', 'sample_num': 'none', 'alpha': 'none', 'dynamic': False, 'candidate_num': 0}]
Sun 15 Mar 2026 13:35:04 INFO  [Evaluation]: eval_batch_size = [512] eval_args: [{'split': {'LS': 'valid_and_test'}, 'order': 'TO', 'group_by': 'user', 'mode': {'valid': 'full', 'test': 'full'}}]
Sun 15 Mar 2026 13:35:04 INFO  TimeWeaver(
  (item_embedding): Embedding(14556, 64, padding_idx=0)
  (time_aug): TimeAwareAugmentation(
    (pos_embedding): Embedding(32, 64)
    (time_embedding): Embedding(1000, 64)
    (layer_norm): LayerNorm((64,), eps=1e-05, elementwise_affine=True)
    (drop): Dropout(p=0.5, inplace=False)
  )
  (context_layers): ModuleList(
    (0-1): 2 x TCNNextBlock(
      (dw): DepthwiseConv1d(
        (conv): Conv1d(64, 64, kernel_size=(11,), stride=(1,), padding=(5,), groups=64)
        (bn): BatchNorm1d(64, eps=1e-05, momentum=0.1, affine=True, track_running_stats=True)
        (drop): Dropout(p=0.5, inplace=False)
      )
      (norm1): LayerNorm((64,), eps=1e-05, elementwise_affine=True)
      (conv_inter): ParallelConvInter(
        (conv1): Conv1d(64, 64, kernel_size=(1,), stride=(1,))
        (conv3): Conv1d(64, 64, kernel_size=(3,), stride=(1,), padding=(1,))
        (proj): Conv1d(64, 64, kernel_size=(1,), stride=(1,))
        (drop): Dropout(p=0.5, inplace=False)
      )
      (norm2): LayerNorm((64,), eps=1e-05, elementwise_affine=True)
      (ffn): Sequential(
        (0): Linear(in_features=64, out_features=256, bias=True)
        (1): GELU(approximate='none')
        (2): Dropout(p=0.5, inplace=False)
        (3): Linear(in_features=256, out_features=64, bias=True)
        (4): Dropout(p=0.5, inplace=False)
      )
      (norm3): LayerNorm((64,), eps=1e-05, elementwise_affine=True)
    )
  )
  (dynamic_layers): ModuleList(
    (0-1): 2 x EMAStream(
      (proj): Linear(in_features=64, out_features=64, bias=True)
    )
  )
  (weavers): ModuleList(
    (0-1): 2 x StreamWeaver(
      (proj): Linear(in_features=128, out_features=64, bias=True)
      (norm): LayerNorm((64,), eps=1e-05, elementwise_affine=True)
    )
  )
  (loss_fct): CrossEntropyLoss()
)
Trainable parameters: 1132929.0
Sun 15 Mar 2026 13:35:04 INFO  FLOPs: 4298752.0
Sun 15 Mar 2026 13:35:22 INFO  epoch 0 training [time: 18.30s, train loss: 1810.2932]
Sun 15 Mar 2026 13:35:23 INFO  epoch 0 evaluating [time: 0.09s, valid_score: 0.011500]
Sun 15 Mar 2026 13:35:23 INFO  valid result: 
hit@10 : 0.0115    ndcg@10 : 0.0061    mrr@10 : 0.0044
Sun 15 Mar 2026 13:35:23 INFO  Saving current: saved\TimeWeaver-Mar-15-2026_13-35-04.pth
Sun 15 Mar 2026 13:35:41 INFO  epoch 1 training [time: 18.84s, train loss: 1735.3626]
Sun 15 Mar 2026 13:35:42 INFO  epoch 1 evaluating [time: 0.09s, valid_score: 0.013800]
Sun 15 Mar 2026 13:35:42 INFO  valid result: 
hit@10 : 0.0138    ndcg@10 : 0.0073    mrr@10 : 0.0054
Sun 15 Mar 2026 13:35:42 INFO  Saving current: saved\TimeWeaver-Mar-15-2026_13-35-04.pth
Sun 15 Mar 2026 13:36:01 INFO  epoch 2 training [time: 19.86s, train loss: 1672.5438]
Sun 15 Mar 2026 13:36:02 INFO  epoch 2 evaluating [time: 0.11s, valid_score: 0.027500]
Sun 15 Mar 2026 13:36:02 INFO  valid result: 
hit@10 : 0.0275    ndcg@10 : 0.0132    mrr@10 : 0.009
Sun 15 Mar 2026 13:36:02 INFO  Saving current: saved\TimeWeaver-Mar-15-2026_13-35-04.pth
Sun 15 Mar 2026 13:36:21 INFO  epoch 3 training [time: 19.36s, train loss: 1598.5518]
Sun 15 Mar 2026 13:36:21 INFO  epoch 3 evaluating [time: 0.09s, valid_score: 0.025200]
Sun 15 Mar 2026 13:36:21 INFO  valid result: 
hit@10 : 0.0252    ndcg@10 : 0.0126    mrr@10 : 0.0087
Sun 15 Mar 2026 13:36:41 INFO  epoch 4 training [time: 19.50s, train loss: 1523.7081]
Sun 15 Mar 2026 13:36:41 INFO  epoch 4 evaluating [time: 0.09s, valid_score: 0.026100]
Sun 15 Mar 2026 13:36:41 INFO  valid result: 
hit@10 : 0.0261    ndcg@10 : 0.0131    mrr@10 : 0.0092
Sun 15 Mar 2026 13:37:04 INFO  epoch 5 training [time: 23.12s, train loss: 1450.4420]
Sun 15 Mar 2026 13:37:04 INFO  epoch 5 evaluating [time: 0.08s, valid_score: 0.028000]
Sun 15 Mar 2026 13:37:04 INFO  valid result: 
hit@10 : 0.028    ndcg@10 : 0.0124    mrr@10 : 0.0077
Sun 15 Mar 2026 13:37:04 INFO  Saving current: saved\TimeWeaver-Mar-15-2026_13-35-04.pth
Sun 15 Mar 2026 13:37:39 INFO  epoch 6 training [time: 35.31s, train loss: 1379.5298]
Sun 15 Mar 2026 13:37:39 INFO  epoch 6 evaluating [time: 0.11s, valid_score: 0.026600]
Sun 15 Mar 2026 13:37:39 INFO  valid result: 
hit@10 : 0.0266    ndcg@10 : 0.0123    mrr@10 : 0.0079
Sun 15 Mar 2026 13:38:17 INFO  epoch 7 training [time: 37.55s, train loss: 1311.8198]
Sun 15 Mar 2026 13:38:17 INFO  epoch 7 evaluating [time: 0.10s, valid_score: 0.031200]
Sun 15 Mar 2026 13:38:17 INFO  valid result: 
hit@10 : 0.0312    ndcg@10 : 0.0138    mrr@10 : 0.0084
Sun 15 Mar 2026 13:38:17 INFO  Saving current: saved\TimeWeaver-Mar-15-2026_13-35-04.pth
Sun 15 Mar 2026 13:38:55 INFO  epoch 8 training [time: 38.03s, train loss: 1252.0369]
Sun 15 Mar 2026 13:38:55 INFO  epoch 8 evaluating [time: 0.10s, valid_score: 0.031200]
Sun 15 Mar 2026 13:38:55 INFO  valid result: 
hit@10 : 0.0312    ndcg@10 : 0.0134    mrr@10 : 0.0081
Sun 15 Mar 2026 13:38:55 INFO  Saving current: saved\TimeWeaver-Mar-15-2026_13-35-04.pth
Sun 15 Mar 2026 13:39:33 INFO  epoch 9 training [time: 38.10s, train loss: 1198.9551]
Sun 15 Mar 2026 13:39:33 INFO  epoch 9 evaluating [time: 0.10s, valid_score: 0.033500]
Sun 15 Mar 2026 13:39:33 INFO  valid result: 
hit@10 : 0.0335    ndcg@10 : 0.0139    mrr@10 : 0.0081
Sun 15 Mar 2026 13:39:33 INFO  Saving current: saved\TimeWeaver-Mar-15-2026_13-35-04.pth
Sun 15 Mar 2026 13:40:13 INFO  epoch 10 training [time: 39.55s, train loss: 1154.2334]
Sun 15 Mar 2026 13:40:13 INFO  epoch 10 evaluating [time: 0.11s, valid_score: 0.030700]
Sun 15 Mar 2026 13:40:13 INFO  valid result: 
hit@10 : 0.0307    ndcg@10 : 0.0135    mrr@10 : 0.0082
Sun 15 Mar 2026 13:40:52 INFO  epoch 11 training [time: 39.24s, train loss: 1114.8193]
Sun 15 Mar 2026 13:40:52 INFO  epoch 11 evaluating [time: 0.10s, valid_score: 0.029400]
Sun 15 Mar 2026 13:40:52 INFO  valid result: 
hit@10 : 0.0294    ndcg@10 : 0.0128    mrr@10 : 0.0077
Sun 15 Mar 2026 13:41:31 INFO  epoch 12 training [time: 38.67s, train loss: 1079.2369]
Sun 15 Mar 2026 13:41:31 INFO  epoch 12 evaluating [time: 0.10s, valid_score: 0.029800]
Sun 15 Mar 2026 13:41:31 INFO  valid result: 
hit@10 : 0.0298    ndcg@10 : 0.0129    mrr@10 : 0.0078
Sun 15 Mar 2026 13:42:10 INFO  epoch 13 training [time: 38.39s, train loss: 1052.3620]
Sun 15 Mar 2026 13:42:10 INFO  epoch 13 evaluating [time: 0.09s, valid_score: 0.030300]
Sun 15 Mar 2026 13:42:10 INFO  valid result: 
hit@10 : 0.0303    ndcg@10 : 0.0126    mrr@10 : 0.0073
Sun 15 Mar 2026 13:42:48 INFO  epoch 14 training [time: 38.29s, train loss: 1024.8275]
Sun 15 Mar 2026 13:42:48 INFO  epoch 14 evaluating [time: 0.11s, valid_score: 0.028000]
Sun 15 Mar 2026 13:42:48 INFO  valid result: 
hit@10 : 0.028    ndcg@10 : 0.0124    mrr@10 : 0.0077
Sun 15 Mar 2026 13:43:26 INFO  epoch 15 training [time: 38.39s, train loss: 999.7767]
Sun 15 Mar 2026 13:43:26 INFO  epoch 15 evaluating [time: 0.09s, valid_score: 0.029800]
Sun 15 Mar 2026 13:43:26 INFO  valid result: 
hit@10 : 0.0298    ndcg@10 : 0.0129    mrr@10 : 0.0078
Sun 15 Mar 2026 13:44:06 INFO  epoch 16 training [time: 39.36s, train loss: 974.7319]
Sun 15 Mar 2026 13:44:06 INFO  epoch 16 evaluating [time: 0.10s, valid_score: 0.029400]
Sun 15 Mar 2026 13:44:06 INFO  valid result: 
hit@10 : 0.0294    ndcg@10 : 0.0126    mrr@10 : 0.0075
Sun 15 Mar 2026 13:44:46 INFO  epoch 17 training [time: 39.56s, train loss: 955.4916]
Sun 15 Mar 2026 13:44:46 INFO  epoch 17 evaluating [time: 0.10s, valid_score: 0.026100]
Sun 15 Mar 2026 13:44:46 INFO  valid result: 
hit@10 : 0.0261    ndcg@10 : 0.0112    mrr@10 : 0.0066
Sun 15 Mar 2026 13:45:24 INFO  epoch 18 training [time: 38.60s, train loss: 934.4113]
Sun 15 Mar 2026 13:45:24 INFO  epoch 18 evaluating [time: 0.09s, valid_score: 0.026600]
Sun 15 Mar 2026 13:45:24 INFO  valid result: 
hit@10 : 0.0266    ndcg@10 : 0.012    mrr@10 : 0.0076
Sun 15 Mar 2026 13:46:03 INFO  epoch 19 training [time: 38.89s, train loss: 912.1757]
Sun 15 Mar 2026 13:46:03 INFO  epoch 19 evaluating [time: 0.10s, valid_score: 0.027500]
Sun 15 Mar 2026 13:46:03 INFO  valid result: 
hit@10 : 0.0275    ndcg@10 : 0.0116    mrr@10 : 0.0068
Sun 15 Mar 2026 13:46:42 INFO  epoch 20 training [time: 38.76s, train loss: 897.1039]
Sun 15 Mar 2026 13:46:42 INFO  epoch 20 evaluating [time: 0.10s, valid_score: 0.024300]
Sun 15 Mar 2026 13:46:42 INFO  valid result: 
hit@10 : 0.0243    ndcg@10 : 0.0105    mrr@10 : 0.0063
Sun 15 Mar 2026 13:46:42 INFO  Finished training, best eval result in epoch 9
Sun 15 Mar 2026 13:46:42 INFO  Loading model structure and parameters from saved\TimeWeaver-Mar-15-2026_13-35-04.pth
Sun 15 Mar 2026 13:46:43 INFO  The running environment of this training is as follows:
+-------------+----------------+
| Environment |     Usage      |
+=============+================+
| CPU         |    11.90 %     |
+-------------+----------------+
| GPU         | 0.33 G/6.00 G  |
+-------------+----------------+
| Memory      | 1.58 G/15.63 G |
+-------------+----------------+
Sun 15 Mar 2026 13:46:43 INFO  best valid : OrderedDict([('hit@10', 0.0335), ('ndcg@10', 0.0139), ('mrr@10', 0.0081)])
Sun 15 Mar 2026 13:46:43 INFO  test result: OrderedDict([('hit@10', 0.0257), ('ndcg@10', 0.0126), ('mrr@10', 0.0086)])
Sun 15 Mar 2026 13:46:43 WARNING  command line args [--models timeweaver --datasets amazon-sports-5core-longseq-full --seeds 42,2023,2024 --device gpu --timeweaver-variant aug_only --output F:\桌面\recommendation_system\results\param_sweeps\timeweaver_param_B2_aug_strength_prob.json --tag B2_s0.1_p0.15 --skip-if-done --tw-aug-strength 0.1 --tw-aug-prob 0.15] will not be used in RecBole
Sun 15 Mar 2026 13:46:43 INFO  ['F:\\桌面\\recommendation_system\\scripts\\run_grid.py', '--models', 'timeweaver', '--datasets', 'amazon-sports-5core-longseq-full', '--seeds', '42,2023,2024', '--device', 'gpu', '--timeweaver-variant', 'aug_only', '--output', 'F:\\桌面\\recommendation_system\\results\\param_sweeps\\timeweaver_param_B2_aug_strength_prob.json', '--tag', 'B2_s0.1_p0.15', '--skip-if-done', '--tw-aug-strength', '0.1', '--tw-aug-prob', '0.15']
Sun 15 Mar 2026 13:46:43 INFO  
General Hyper Parameters:
gpu_id = 0
use_gpu = True
seed = 2024
state = INFO
reproducibility = True
data_path = data/amazon\amazon-sports-5core-longseq
checkpoint_dir = saved
show_progress = True
save_dataset = False
dataset_save_path = None
save_dataloaders = False
dataloaders_save_path = None
log_wandb = False

Training Hyper Parameters:
epochs = 100
train_batch_size = 256
learner = adam
learning_rate = 0.001
train_neg_sample_args = {'distribution': 'none', 'sample_num': 'none', 'alpha': 'none', 'dynamic': False, 'candidate_num': 0}
eval_step = 1
stopping_step = 10
clip_grad_norm = None
weight_decay = 0.0
loss_decimal_place = 4

Evaluation Hyper Parameters:
eval_args = {'split': {'LS': 'valid_and_test'}, 'order': 'TO', 'group_by': 'user', 'mode': {'valid': 'full', 'test': 'full'}}
repeatable = True
metrics = ['Hit', 'NDCG', 'MRR']
topk = [10]
valid_metric = Hit@10
valid_metric_bigger = True
eval_batch_size = 512
metric_decimal_place = 4

Dataset Hyper Parameters:
field_separator = 	
seq_separator =  
USER_ID_FIELD = user_id
ITEM_ID_FIELD = item_id
RATING_FIELD = rating
TIME_FIELD = timestamp
seq_len = None
LABEL_FIELD = label
threshold = None
NEG_PREFIX = neg_
load_col = {'inter': ['user_id', 'item_id', 'rating', 'timestamp']}
unload_col = None
unused_col = None
additional_feat_suffix = None
rm_dup_inter = None
val_interval = None
filter_inter_by_user_or_item = True
user_inter_num_interval = [0,inf)
item_inter_num_interval = [0,inf)
alias_of_user_id = None
alias_of_item_id = None
alias_of_entity_id = None
alias_of_relation_id = None
preload_weight = None
normalize_field = None
normalize_all = None
ITEM_LIST_LENGTH_FIELD = item_length
LIST_SUFFIX = _list
MAX_ITEM_LIST_LENGTH = 32
POSITION_FIELD = position_id
HEAD_ENTITY_ID_FIELD = head_id
TAIL_ENTITY_ID_FIELD = tail_id
RELATION_ID_FIELD = relation_id
ENTITY_ID_FIELD = entity_id
benchmark_filename = None

Other Hyper Parameters: 
worker = 0
wandb_project = recbole
shuffle = True
require_pow = False
enable_amp = False
enable_scaler = False
transform = None
numerical_features = []
discretization = None
kg_reverse_r = False
entity_kg_num_interval = [0,inf)
relation_kg_num_interval = [0,inf)
MODEL_TYPE = ModelType.SEQUENTIAL
contrastive_weight = 0.03
contrastive_temp = 0.2
model_name = TimeWeaver
hidden_size = 64
num_layers = 2
hidden_dropout_prob = 0.5
initializer_range = 0.02
time_bucket_size = 1000
ema_decay = 0.5
tcn_kernel_size = -1
ffn_hidden_size = 256
loss_type = CE
early_stop = 10
neg_sampling = None
device = cuda
use_continuous_time = False
use_time_gate = False
use_time_augmentation = True
time_aug_strength = 0.1
time_aug_prob = 0.15
MODEL_INPUT_TYPE = InputType.POINTWISE
eval_type = EvaluatorType.RANKING
single_spec = True
local_rank = 0
valid_neg_sample_args = {'distribution': 'uniform', 'sample_num': 'none'}
test_neg_sample_args = {'distribution': 'uniform', 'sample_num': 'none'}


Sun 15 Mar 2026 13:46:44 INFO  amazon-sports-5core-longseq
The number of users: 2181
Average actions of users: 25.74678899082569
The number of items: 14556
Average actions of items: 3.8562693232566128
The number of inters: 56128
The sparsity of the dataset: 99.82320016520806%
Remain Fields: ['user_id', 'item_id', 'rating', 'timestamp']
Sun 15 Mar 2026 13:46:45 INFO  [Training]: train_batch_size = [256] train_neg_sample_args: [{'distribution': 'none', 'sample_num': 'none', 'alpha': 'none', 'dynamic': False, 'candidate_num': 0}]
Sun 15 Mar 2026 13:46:45 INFO  [Evaluation]: eval_batch_size = [512] eval_args: [{'split': {'LS': 'valid_and_test'}, 'order': 'TO', 'group_by': 'user', 'mode': {'valid': 'full', 'test': 'full'}}]
Sun 15 Mar 2026 13:46:45 INFO  TimeWeaver(
  (item_embedding): Embedding(14556, 64, padding_idx=0)
  (time_aug): TimeAwareAugmentation(
    (pos_embedding): Embedding(32, 64)
    (time_embedding): Embedding(1000, 64)
    (layer_norm): LayerNorm((64,), eps=1e-05, elementwise_affine=True)
    (drop): Dropout(p=0.5, inplace=False)
  )
  (context_layers): ModuleList(
    (0-1): 2 x TCNNextBlock(
      (dw): DepthwiseConv1d(
        (conv): Conv1d(64, 64, kernel_size=(11,), stride=(1,), padding=(5,), groups=64)
        (bn): BatchNorm1d(64, eps=1e-05, momentum=0.1, affine=True, track_running_stats=True)
        (drop): Dropout(p=0.5, inplace=False)
      )
      (norm1): LayerNorm((64,), eps=1e-05, elementwise_affine=True)
      (conv_inter): ParallelConvInter(
        (conv1): Conv1d(64, 64, kernel_size=(1,), stride=(1,))
        (conv3): Conv1d(64, 64, kernel_size=(3,), stride=(1,), padding=(1,))
        (proj): Conv1d(64, 64, kernel_size=(1,), stride=(1,))
        (drop): Dropout(p=0.5, inplace=False)
      )
      (norm2): LayerNorm((64,), eps=1e-05, elementwise_affine=True)
      (ffn): Sequential(
        (0): Linear(in_features=64, out_features=256, bias=True)
        (1): GELU(approximate='none')
        (2): Dropout(p=0.5, inplace=False)
        (3): Linear(in_features=256, out_features=64, bias=True)
        (4): Dropout(p=0.5, inplace=False)
      )
      (norm3): LayerNorm((64,), eps=1e-05, elementwise_affine=True)
    )
  )
  (dynamic_layers): ModuleList(
    (0-1): 2 x EMAStream(
      (proj): Linear(in_features=64, out_features=64, bias=True)
    )
  )
  (weavers): ModuleList(
    (0-1): 2 x StreamWeaver(
      (proj): Linear(in_features=128, out_features=64, bias=True)
      (norm): LayerNorm((64,), eps=1e-05, elementwise_affine=True)
    )
  )
  (loss_fct): CrossEntropyLoss()
)
Trainable parameters: 1132929.0
Sun 15 Mar 2026 13:46:45 INFO  FLOPs: 4298752.0
Sun 15 Mar 2026 13:47:03 INFO  epoch 0 training [time: 18.71s, train loss: 1809.7610]
Sun 15 Mar 2026 13:47:04 INFO  epoch 0 evaluating [time: 0.10s, valid_score: 0.011500]
Sun 15 Mar 2026 13:47:04 INFO  valid result: 
hit@10 : 0.0115    ndcg@10 : 0.0063    mrr@10 : 0.0047
Sun 15 Mar 2026 13:47:04 INFO  Saving current: saved\TimeWeaver-Mar-15-2026_13-46-45.pth
Sun 15 Mar 2026 13:47:23 INFO  epoch 1 training [time: 18.97s, train loss: 1735.7294]
Sun 15 Mar 2026 13:47:23 INFO  epoch 1 evaluating [time: 0.09s, valid_score: 0.017000]
Sun 15 Mar 2026 13:47:23 INFO  valid result: 
hit@10 : 0.017    ndcg@10 : 0.0078    mrr@10 : 0.005
Sun 15 Mar 2026 13:47:23 INFO  Saving current: saved\TimeWeaver-Mar-15-2026_13-46-45.pth
Sun 15 Mar 2026 13:47:42 INFO  epoch 2 training [time: 19.15s, train loss: 1674.0062]
Sun 15 Mar 2026 13:47:42 INFO  epoch 2 evaluating [time: 0.09s, valid_score: 0.026600]
Sun 15 Mar 2026 13:47:42 INFO  valid result: 
hit@10 : 0.0266    ndcg@10 : 0.0129    mrr@10 : 0.0087
Sun 15 Mar 2026 13:47:42 INFO  Saving current: saved\TimeWeaver-Mar-15-2026_13-46-45.pth
Sun 15 Mar 2026 13:48:02 INFO  epoch 3 training [time: 20.01s, train loss: 1599.1303]
Sun 15 Mar 2026 13:48:02 INFO  epoch 3 evaluating [time: 0.09s, valid_score: 0.026600]
Sun 15 Mar 2026 13:48:02 INFO  valid result: 
hit@10 : 0.0266    ndcg@10 : 0.0124    mrr@10 : 0.0082
Sun 15 Mar 2026 13:48:02 INFO  Saving current: saved\TimeWeaver-Mar-15-2026_13-46-45.pth
Sun 15 Mar 2026 13:48:22 INFO  epoch 4 training [time: 19.73s, train loss: 1523.0991]
Sun 15 Mar 2026 13:48:22 INFO  epoch 4 evaluating [time: 0.10s, valid_score: 0.028400]
Sun 15 Mar 2026 13:48:22 INFO  valid result: 
hit@10 : 0.0284    ndcg@10 : 0.0126    mrr@10 : 0.0079
Sun 15 Mar 2026 13:48:22 INFO  Saving current: saved\TimeWeaver-Mar-15-2026_13-46-45.pth
Sun 15 Mar 2026 13:48:46 INFO  epoch 5 training [time: 24.15s, train loss: 1448.1642]
Sun 15 Mar 2026 13:48:46 INFO  epoch 5 evaluating [time: 0.08s, valid_score: 0.031200]
Sun 15 Mar 2026 13:48:46 INFO  valid result: 
hit@10 : 0.0312    ndcg@10 : 0.0135    mrr@10 : 0.0082
Sun 15 Mar 2026 13:48:46 INFO  Saving current: saved\TimeWeaver-Mar-15-2026_13-46-45.pth
Sun 15 Mar 2026 13:49:22 INFO  epoch 6 training [time: 35.31s, train loss: 1376.4733]
Sun 15 Mar 2026 13:49:22 INFO  epoch 6 evaluating [time: 0.10s, valid_score: 0.029400]
Sun 15 Mar 2026 13:49:22 INFO  valid result: 
hit@10 : 0.0294    ndcg@10 : 0.0135    mrr@10 : 0.0087
Sun 15 Mar 2026 13:50:00 INFO  epoch 7 training [time: 38.39s, train loss: 1310.0331]
Sun 15 Mar 2026 13:50:00 INFO  epoch 7 evaluating [time: 0.09s, valid_score: 0.031200]
Sun 15 Mar 2026 13:50:00 INFO  valid result: 
hit@10 : 0.0312    ndcg@10 : 0.0129    mrr@10 : 0.0074
Sun 15 Mar 2026 13:50:00 INFO  Saving current: saved\TimeWeaver-Mar-15-2026_13-46-45.pth
Sun 15 Mar 2026 13:50:38 INFO  epoch 8 training [time: 38.37s, train loss: 1251.8093]
Sun 15 Mar 2026 13:50:39 INFO  epoch 8 evaluating [time: 0.09s, valid_score: 0.034400]
Sun 15 Mar 2026 13:50:39 INFO  valid result: 
hit@10 : 0.0344    ndcg@10 : 0.0148    mrr@10 : 0.0089
Sun 15 Mar 2026 13:50:39 INFO  Saving current: saved\TimeWeaver-Mar-15-2026_13-46-45.pth
Sun 15 Mar 2026 13:51:17 INFO  epoch 9 training [time: 38.75s, train loss: 1198.1612]
Sun 15 Mar 2026 13:51:17 INFO  epoch 9 evaluating [time: 0.11s, valid_score: 0.028900]
Sun 15 Mar 2026 13:51:17 INFO  valid result: 
hit@10 : 0.0289    ndcg@10 : 0.0126    mrr@10 : 0.0077
Sun 15 Mar 2026 13:51:57 INFO  epoch 10 training [time: 39.10s, train loss: 1155.1586]
Sun 15 Mar 2026 13:51:57 INFO  epoch 10 evaluating [time: 0.11s, valid_score: 0.030700]
Sun 15 Mar 2026 13:51:57 INFO  valid result: 
hit@10 : 0.0307    ndcg@10 : 0.0135    mrr@10 : 0.0083
Sun 15 Mar 2026 13:52:36 INFO  epoch 11 training [time: 39.67s, train loss: 1115.7803]
Sun 15 Mar 2026 13:52:36 INFO  epoch 11 evaluating [time: 0.10s, valid_score: 0.034900]
Sun 15 Mar 2026 13:52:36 INFO  valid result: 
hit@10 : 0.0349    ndcg@10 : 0.0151    mrr@10 : 0.0091
Sun 15 Mar 2026 13:52:36 INFO  Saving current: saved\TimeWeaver-Mar-15-2026_13-46-45.pth
Sun 15 Mar 2026 13:53:15 INFO  epoch 12 training [time: 38.71s, train loss: 1082.9777]
Sun 15 Mar 2026 13:53:15 INFO  epoch 12 evaluating [time: 0.10s, valid_score: 0.033000]
Sun 15 Mar 2026 13:53:15 INFO  valid result: 
hit@10 : 0.033    ndcg@10 : 0.0145    mrr@10 : 0.0088
Sun 15 Mar 2026 13:53:54 INFO  epoch 13 training [time: 38.93s, train loss: 1053.2659]
Sun 15 Mar 2026 13:53:54 INFO  epoch 13 evaluating [time: 0.10s, valid_score: 0.033900]
Sun 15 Mar 2026 13:53:54 INFO  valid result: 
hit@10 : 0.0339    ndcg@10 : 0.0151    mrr@10 : 0.0094
Sun 15 Mar 2026 13:54:33 INFO  epoch 14 training [time: 38.76s, train loss: 1029.3125]
Sun 15 Mar 2026 13:54:33 INFO  epoch 14 evaluating [time: 0.11s, valid_score: 0.034400]
Sun 15 Mar 2026 13:54:33 INFO  valid result: 
hit@10 : 0.0344    ndcg@10 : 0.0149    mrr@10 : 0.009
Sun 15 Mar 2026 13:55:12 INFO  epoch 15 training [time: 38.86s, train loss: 1003.9075]
Sun 15 Mar 2026 13:55:12 INFO  epoch 15 evaluating [time: 0.10s, valid_score: 0.033000]
Sun 15 Mar 2026 13:55:12 INFO  valid result: 
hit@10 : 0.033    ndcg@10 : 0.0151    mrr@10 : 0.0097
Sun 15 Mar 2026 13:55:51 INFO  epoch 16 training [time: 38.95s, train loss: 983.6881]
Sun 15 Mar 2026 13:55:51 INFO  epoch 16 evaluating [time: 0.11s, valid_score: 0.033500]
Sun 15 Mar 2026 13:55:51 INFO  valid result: 
hit@10 : 0.0335    ndcg@10 : 0.0152    mrr@10 : 0.0096
Sun 15 Mar 2026 13:56:31 INFO  epoch 17 training [time: 39.56s, train loss: 959.7155]
Sun 15 Mar 2026 13:56:31 INFO  epoch 17 evaluating [time: 0.10s, valid_score: 0.034400]
Sun 15 Mar 2026 13:56:31 INFO  valid result: 
hit@10 : 0.0344    ndcg@10 : 0.0152    mrr@10 : 0.0094
Sun 15 Mar 2026 13:57:09 INFO  epoch 18 training [time: 38.46s, train loss: 940.3650]
Sun 15 Mar 2026 13:57:09 INFO  epoch 18 evaluating [time: 0.09s, valid_score: 0.029800]
Sun 15 Mar 2026 13:57:09 INFO  valid result: 
hit@10 : 0.0298    ndcg@10 : 0.014    mrr@10 : 0.0092
Sun 15 Mar 2026 13:57:48 INFO  epoch 19 training [time: 38.67s, train loss: 922.3550]
Sun 15 Mar 2026 13:57:48 INFO  epoch 19 evaluating [time: 0.10s, valid_score: 0.031200]
Sun 15 Mar 2026 13:57:48 INFO  valid result: 
hit@10 : 0.0312    ndcg@10 : 0.0147    mrr@10 : 0.0097
Sun 15 Mar 2026 13:58:26 INFO  epoch 20 training [time: 38.13s, train loss: 906.4581]
Sun 15 Mar 2026 13:58:26 INFO  epoch 20 evaluating [time: 0.10s, valid_score: 0.030300]
Sun 15 Mar 2026 13:58:26 INFO  valid result: 
hit@10 : 0.0303    ndcg@10 : 0.0143    mrr@10 : 0.0095
Sun 15 Mar 2026 13:59:05 INFO  epoch 21 training [time: 38.53s, train loss: 887.3374]
Sun 15 Mar 2026 13:59:05 INFO  epoch 21 evaluating [time: 0.11s, valid_score: 0.030300]
Sun 15 Mar 2026 13:59:05 INFO  valid result: 
hit@10 : 0.0303    ndcg@10 : 0.0133    mrr@10 : 0.0082
Sun 15 Mar 2026 13:59:44 INFO  epoch 22 training [time: 38.85s, train loss: 873.1613]
Sun 15 Mar 2026 13:59:44 INFO  epoch 22 evaluating [time: 0.09s, valid_score: 0.028400]
Sun 15 Mar 2026 13:59:44 INFO  valid result: 
hit@10 : 0.0284    ndcg@10 : 0.0134    mrr@10 : 0.0089
Sun 15 Mar 2026 13:59:44 INFO  Finished training, best eval result in epoch 11
Sun 15 Mar 2026 13:59:44 INFO  Loading model structure and parameters from saved\TimeWeaver-Mar-15-2026_13-46-45.pth
Sun 15 Mar 2026 13:59:45 INFO  The running environment of this training is as follows:
+-------------+----------------+
| Environment |     Usage      |
+=============+================+
| CPU         |     9.50 %     |
+-------------+----------------+
| GPU         | 0.33 G/6.00 G  |
+-------------+----------------+
| Memory      | 1.58 G/15.63 G |
+-------------+----------------+
Sun 15 Mar 2026 13:59:45 INFO  best valid : OrderedDict([('hit@10', 0.0349), ('ndcg@10', 0.0151), ('mrr@10', 0.0091)])
Sun 15 Mar 2026 13:59:45 INFO  test result: OrderedDict([('hit@10', 0.0252), ('ndcg@10', 0.0111), ('mrr@10', 0.0068)])
