Sat 14 Mar 2026 10:57:48 INFO  ['F:\\桌面\\recommendation_system\\scripts\\run_grid.py', '--models', 'timeweaver', '--datasets', 'amazon-sports-5core-longseq-full', '--seeds', '42,2023,2024', '--device', 'gpu', '--timeweaver-variant', 'aug_only', '--output', 'F:\\桌面\\recommendation_system\\results\\param_sweeps\\timeweaver_param_A_contrastive.json', '--tag', 'A_w0.01_t0.2', '--skip-if-done', '--tw-contrastive-weight', '0.01', '--tw-contrastive-temp', '0.2']
Sat 14 Mar 2026 10:57:48 INFO  
General Hyper Parameters:
gpu_id = 0
use_gpu = True
seed = 42
state = INFO
reproducibility = True
data_path = data/amazon\amazon-sports-5core-longseq
checkpoint_dir = saved
show_progress = True
save_dataset = False
dataset_save_path = None
save_dataloaders = False
dataloaders_save_path = None
log_wandb = False

Training Hyper Parameters:
epochs = 100
train_batch_size = 256
learner = adam
learning_rate = 0.001
train_neg_sample_args = {'distribution': 'none', 'sample_num': 'none', 'alpha': 'none', 'dynamic': False, 'candidate_num': 0}
eval_step = 1
stopping_step = 10
clip_grad_norm = None
weight_decay = 0.0
loss_decimal_place = 4

Evaluation Hyper Parameters:
eval_args = {'split': {'LS': 'valid_and_test'}, 'order': 'TO', 'group_by': 'user', 'mode': {'valid': 'full', 'test': 'full'}}
repeatable = True
metrics = ['Hit', 'NDCG', 'MRR']
topk = [10]
valid_metric = Hit@10
valid_metric_bigger = True
eval_batch_size = 512
metric_decimal_place = 4

Dataset Hyper Parameters:
field_separator = 	
seq_separator =  
USER_ID_FIELD = user_id
ITEM_ID_FIELD = item_id
RATING_FIELD = rating
TIME_FIELD = timestamp
seq_len = None
LABEL_FIELD = label
threshold = None
NEG_PREFIX = neg_
load_col = {'inter': ['user_id', 'item_id', 'rating', 'timestamp']}
unload_col = None
unused_col = None
additional_feat_suffix = None
rm_dup_inter = None
val_interval = None
filter_inter_by_user_or_item = True
user_inter_num_interval = [0,inf)
item_inter_num_interval = [0,inf)
alias_of_user_id = None
alias_of_item_id = None
alias_of_entity_id = None
alias_of_relation_id = None
preload_weight = None
normalize_field = None
normalize_all = None
ITEM_LIST_LENGTH_FIELD = item_length
LIST_SUFFIX = _list
MAX_ITEM_LIST_LENGTH = 32
POSITION_FIELD = position_id
HEAD_ENTITY_ID_FIELD = head_id
TAIL_ENTITY_ID_FIELD = tail_id
RELATION_ID_FIELD = relation_id
ENTITY_ID_FIELD = entity_id
benchmark_filename = None

Other Hyper Parameters: 
worker = 0
wandb_project = recbole
shuffle = True
require_pow = False
enable_amp = False
enable_scaler = False
transform = None
numerical_features = []
discretization = None
kg_reverse_r = False
entity_kg_num_interval = [0,inf)
relation_kg_num_interval = [0,inf)
MODEL_TYPE = ModelType.SEQUENTIAL
model_name = TimeWeaver
hidden_size = 64
num_layers = 2
hidden_dropout_prob = 0.5
initializer_range = 0.02
time_bucket_size = 1000
ema_decay = 0.5
tcn_kernel_size = -1
ffn_hidden_size = 256
loss_type = CE
early_stop = 10
neg_sampling = None
device = cuda
use_continuous_time = False
use_time_gate = False
use_time_augmentation = True
contrastive_weight = 0.01
contrastive_temp = 0.2
MODEL_INPUT_TYPE = InputType.POINTWISE
eval_type = EvaluatorType.RANKING
single_spec = True
local_rank = 0
valid_neg_sample_args = {'distribution': 'uniform', 'sample_num': 'none'}
test_neg_sample_args = {'distribution': 'uniform', 'sample_num': 'none'}


Sat 14 Mar 2026 10:57:48 INFO  amazon-sports-5core-longseq
The number of users: 2181
Average actions of users: 25.74678899082569
The number of items: 14556
Average actions of items: 3.8562693232566128
The number of inters: 56128
The sparsity of the dataset: 99.82320016520806%
Remain Fields: ['user_id', 'item_id', 'rating', 'timestamp']
Sat 14 Mar 2026 10:57:49 INFO  [Training]: train_batch_size = [256] train_neg_sample_args: [{'distribution': 'none', 'sample_num': 'none', 'alpha': 'none', 'dynamic': False, 'candidate_num': 0}]
Sat 14 Mar 2026 10:57:49 INFO  [Evaluation]: eval_batch_size = [512] eval_args: [{'split': {'LS': 'valid_and_test'}, 'order': 'TO', 'group_by': 'user', 'mode': {'valid': 'full', 'test': 'full'}}]
Sat 14 Mar 2026 10:57:49 INFO  TimeWeaver(
  (item_embedding): Embedding(14556, 64, padding_idx=0)
  (time_aug): TimeAwareAugmentation(
    (pos_embedding): Embedding(32, 64)
    (time_embedding): Embedding(1000, 64)
    (layer_norm): LayerNorm((64,), eps=1e-05, elementwise_affine=True)
    (drop): Dropout(p=0.5, inplace=False)
  )
  (context_layers): ModuleList(
    (0-1): 2 x TCNNextBlock(
      (dw): DepthwiseConv1d(
        (conv): Conv1d(64, 64, kernel_size=(11,), stride=(1,), padding=(5,), groups=64)
        (bn): BatchNorm1d(64, eps=1e-05, momentum=0.1, affine=True, track_running_stats=True)
        (drop): Dropout(p=0.5, inplace=False)
      )
      (norm1): LayerNorm((64,), eps=1e-05, elementwise_affine=True)
      (conv_inter): ParallelConvInter(
        (conv1): Conv1d(64, 64, kernel_size=(1,), stride=(1,))
        (conv3): Conv1d(64, 64, kernel_size=(3,), stride=(1,), padding=(1,))
        (proj): Conv1d(64, 64, kernel_size=(1,), stride=(1,))
        (drop): Dropout(p=0.5, inplace=False)
      )
      (norm2): LayerNorm((64,), eps=1e-05, elementwise_affine=True)
      (ffn): Sequential(
        (0): Linear(in_features=64, out_features=256, bias=True)
        (1): GELU(approximate='none')
        (2): Dropout(p=0.5, inplace=False)
        (3): Linear(in_features=256, out_features=64, bias=True)
        (4): Dropout(p=0.5, inplace=False)
      )
      (norm3): LayerNorm((64,), eps=1e-05, elementwise_affine=True)
    )
  )
  (dynamic_layers): ModuleList(
    (0-1): 2 x EMAStream(
      (proj): Linear(in_features=64, out_features=64, bias=True)
    )
  )
  (weavers): ModuleList(
    (0-1): 2 x StreamWeaver(
      (proj): Linear(in_features=128, out_features=64, bias=True)
      (norm): LayerNorm((64,), eps=1e-05, elementwise_affine=True)
    )
  )
  (loss_fct): CrossEntropyLoss()
)
Trainable parameters: 1132929.0
Sat 14 Mar 2026 10:57:49 INFO  FLOPs: 4298752.0
Sat 14 Mar 2026 10:58:08 INFO  epoch 0 training [time: 17.35s, train loss: 1809.4322]
Sat 14 Mar 2026 10:58:08 INFO  epoch 0 evaluating [time: 0.11s, valid_score: 0.012400]
Sat 14 Mar 2026 10:58:08 INFO  valid result: 
hit@10 : 0.0124    ndcg@10 : 0.0063    mrr@10 : 0.0046
Sat 14 Mar 2026 10:58:08 INFO  Saving current: saved\TimeWeaver-Mar-14-2026_10-57-49.pth
Sat 14 Mar 2026 10:58:26 INFO  epoch 1 training [time: 18.26s, train loss: 1735.6456]
Sat 14 Mar 2026 10:58:26 INFO  epoch 1 evaluating [time: 0.09s, valid_score: 0.015100]
Sat 14 Mar 2026 10:58:26 INFO  valid result: 
hit@10 : 0.0151    ndcg@10 : 0.0072    mrr@10 : 0.0049
Sat 14 Mar 2026 10:58:26 INFO  Saving current: saved\TimeWeaver-Mar-14-2026_10-57-49.pth
Sat 14 Mar 2026 10:58:45 INFO  epoch 2 training [time: 18.08s, train loss: 1671.3945]
Sat 14 Mar 2026 10:58:45 INFO  epoch 2 evaluating [time: 0.08s, valid_score: 0.029400]
Sat 14 Mar 2026 10:58:45 INFO  valid result: 
hit@10 : 0.0294    ndcg@10 : 0.0134    mrr@10 : 0.0087
Sat 14 Mar 2026 10:58:45 INFO  Saving current: saved\TimeWeaver-Mar-14-2026_10-57-49.pth
Sat 14 Mar 2026 10:59:03 INFO  epoch 3 training [time: 18.16s, train loss: 1594.9921]
Sat 14 Mar 2026 10:59:03 INFO  epoch 3 evaluating [time: 0.09s, valid_score: 0.026600]
Sat 14 Mar 2026 10:59:03 INFO  valid result: 
hit@10 : 0.0266    ndcg@10 : 0.0131    mrr@10 : 0.009
Sat 14 Mar 2026 10:59:21 INFO  epoch 4 training [time: 18.12s, train loss: 1520.7400]
Sat 14 Mar 2026 10:59:21 INFO  epoch 4 evaluating [time: 0.09s, valid_score: 0.026100]
Sat 14 Mar 2026 10:59:21 INFO  valid result: 
hit@10 : 0.0261    ndcg@10 : 0.0124    mrr@10 : 0.0082
Sat 14 Mar 2026 10:59:44 INFO  epoch 5 training [time: 23.15s, train loss: 1447.1152]
Sat 14 Mar 2026 10:59:44 INFO  epoch 5 evaluating [time: 0.10s, valid_score: 0.028400]
Sat 14 Mar 2026 10:59:44 INFO  valid result: 
hit@10 : 0.0284    ndcg@10 : 0.0131    mrr@10 : 0.0084
Sat 14 Mar 2026 11:00:20 INFO  epoch 6 training [time: 35.69s, train loss: 1377.9872]
Sat 14 Mar 2026 11:00:20 INFO  epoch 6 evaluating [time: 0.10s, valid_score: 0.030300]
Sat 14 Mar 2026 11:00:20 INFO  valid result: 
hit@10 : 0.0303    ndcg@10 : 0.013    mrr@10 : 0.0078
Sat 14 Mar 2026 11:00:20 INFO  Saving current: saved\TimeWeaver-Mar-14-2026_10-57-49.pth
Sat 14 Mar 2026 11:00:58 INFO  epoch 7 training [time: 37.42s, train loss: 1310.2855]
Sat 14 Mar 2026 11:00:58 INFO  epoch 7 evaluating [time: 0.09s, valid_score: 0.028400]
Sat 14 Mar 2026 11:00:58 INFO  valid result: 
hit@10 : 0.0284    ndcg@10 : 0.013    mrr@10 : 0.0084
Sat 14 Mar 2026 11:01:35 INFO  epoch 8 training [time: 37.67s, train loss: 1250.4844]
Sat 14 Mar 2026 11:01:35 INFO  epoch 8 evaluating [time: 0.10s, valid_score: 0.032600]
Sat 14 Mar 2026 11:01:35 INFO  valid result: 
hit@10 : 0.0326    ndcg@10 : 0.0147    mrr@10 : 0.0093
Sat 14 Mar 2026 11:01:36 INFO  Saving current: saved\TimeWeaver-Mar-14-2026_10-57-49.pth
Sat 14 Mar 2026 11:02:13 INFO  epoch 9 training [time: 37.31s, train loss: 1198.3189]
Sat 14 Mar 2026 11:02:13 INFO  epoch 9 evaluating [time: 0.10s, valid_score: 0.033500]
Sat 14 Mar 2026 11:02:13 INFO  valid result: 
hit@10 : 0.0335    ndcg@10 : 0.0145    mrr@10 : 0.0088
Sat 14 Mar 2026 11:02:13 INFO  Saving current: saved\TimeWeaver-Mar-14-2026_10-57-49.pth
Sat 14 Mar 2026 11:02:50 INFO  epoch 10 training [time: 37.09s, train loss: 1151.8552]
Sat 14 Mar 2026 11:02:50 INFO  epoch 10 evaluating [time: 0.10s, valid_score: 0.030700]
Sat 14 Mar 2026 11:02:50 INFO  valid result: 
hit@10 : 0.0307    ndcg@10 : 0.0141    mrr@10 : 0.0091
Sat 14 Mar 2026 11:03:27 INFO  epoch 11 training [time: 36.99s, train loss: 1109.1639]
Sat 14 Mar 2026 11:03:27 INFO  epoch 11 evaluating [time: 0.09s, valid_score: 0.031200]
Sat 14 Mar 2026 11:03:27 INFO  valid result: 
hit@10 : 0.0312    ndcg@10 : 0.0139    mrr@10 : 0.0086
Sat 14 Mar 2026 11:04:06 INFO  epoch 12 training [time: 38.53s, train loss: 1077.0713]
Sat 14 Mar 2026 11:04:06 INFO  epoch 12 evaluating [time: 0.09s, valid_score: 0.031700]
Sat 14 Mar 2026 11:04:06 INFO  valid result: 
hit@10 : 0.0317    ndcg@10 : 0.0139    mrr@10 : 0.0085
Sat 14 Mar 2026 11:04:44 INFO  epoch 13 training [time: 38.45s, train loss: 1046.5795]
Sat 14 Mar 2026 11:04:44 INFO  epoch 13 evaluating [time: 0.10s, valid_score: 0.032600]
Sat 14 Mar 2026 11:04:44 INFO  valid result: 
hit@10 : 0.0326    ndcg@10 : 0.0141    mrr@10 : 0.0085
Sat 14 Mar 2026 11:05:22 INFO  epoch 14 training [time: 37.49s, train loss: 1016.1375]
Sat 14 Mar 2026 11:05:22 INFO  epoch 14 evaluating [time: 0.09s, valid_score: 0.031700]
Sat 14 Mar 2026 11:05:22 INFO  valid result: 
hit@10 : 0.0317    ndcg@10 : 0.0137    mrr@10 : 0.0083
Sat 14 Mar 2026 11:05:59 INFO  epoch 15 training [time: 37.41s, train loss: 992.5799]
Sat 14 Mar 2026 11:05:59 INFO  epoch 15 evaluating [time: 0.08s, valid_score: 0.028900]
Sat 14 Mar 2026 11:05:59 INFO  valid result: 
hit@10 : 0.0289    ndcg@10 : 0.0129    mrr@10 : 0.0081
Sat 14 Mar 2026 11:06:37 INFO  epoch 16 training [time: 37.10s, train loss: 969.9939]
Sat 14 Mar 2026 11:06:37 INFO  epoch 16 evaluating [time: 0.09s, valid_score: 0.023400]
Sat 14 Mar 2026 11:06:37 INFO  valid result: 
hit@10 : 0.0234    ndcg@10 : 0.0105    mrr@10 : 0.0066
Sat 14 Mar 2026 11:07:14 INFO  epoch 17 training [time: 36.94s, train loss: 946.5265]
Sat 14 Mar 2026 11:07:14 INFO  epoch 17 evaluating [time: 0.10s, valid_score: 0.026100]
Sat 14 Mar 2026 11:07:14 INFO  valid result: 
hit@10 : 0.0261    ndcg@10 : 0.0122    mrr@10 : 0.008
Sat 14 Mar 2026 11:07:51 INFO  epoch 18 training [time: 37.67s, train loss: 928.4709]
Sat 14 Mar 2026 11:07:51 INFO  epoch 18 evaluating [time: 0.10s, valid_score: 0.025700]
Sat 14 Mar 2026 11:07:51 INFO  valid result: 
hit@10 : 0.0257    ndcg@10 : 0.0112    mrr@10 : 0.0069
Sat 14 Mar 2026 11:08:31 INFO  epoch 19 training [time: 39.15s, train loss: 908.4483]
Sat 14 Mar 2026 11:08:31 INFO  epoch 19 evaluating [time: 0.10s, valid_score: 0.028400]
Sat 14 Mar 2026 11:08:31 INFO  valid result: 
hit@10 : 0.0284    ndcg@10 : 0.0127    mrr@10 : 0.008
Sat 14 Mar 2026 11:09:08 INFO  epoch 20 training [time: 37.15s, train loss: 890.1666]
Sat 14 Mar 2026 11:09:08 INFO  epoch 20 evaluating [time: 0.09s, valid_score: 0.024800]
Sat 14 Mar 2026 11:09:08 INFO  valid result: 
hit@10 : 0.0248    ndcg@10 : 0.0112    mrr@10 : 0.0072
Sat 14 Mar 2026 11:09:08 INFO  Finished training, best eval result in epoch 9
Sat 14 Mar 2026 11:09:08 INFO  Loading model structure and parameters from saved\TimeWeaver-Mar-14-2026_10-57-49.pth
Sat 14 Mar 2026 11:09:09 INFO  The running environment of this training is as follows:
+-------------+----------------+
| Environment |     Usage      |
+=============+================+
| CPU         |    11.90 %     |
+-------------+----------------+
| GPU         | 0.33 G/6.00 G  |
+-------------+----------------+
| Memory      | 1.70 G/15.63 G |
+-------------+----------------+
Sat 14 Mar 2026 11:09:09 INFO  best valid : OrderedDict([('hit@10', 0.0335), ('ndcg@10', 0.0145), ('mrr@10', 0.0088)])
Sat 14 Mar 2026 11:09:09 INFO  test result: OrderedDict([('hit@10', 0.0257), ('ndcg@10', 0.0132), ('mrr@10', 0.0094)])
Sat 14 Mar 2026 11:09:09 WARNING  command line args [--models timeweaver --datasets amazon-sports-5core-longseq-full --seeds 42,2023,2024 --device gpu --timeweaver-variant aug_only --output F:\桌面\recommendation_system\results\param_sweeps\timeweaver_param_A_contrastive.json --tag A_w0.01_t0.2 --skip-if-done --tw-contrastive-weight 0.01 --tw-contrastive-temp 0.2] will not be used in RecBole
Sat 14 Mar 2026 11:09:09 INFO  ['F:\\桌面\\recommendation_system\\scripts\\run_grid.py', '--models', 'timeweaver', '--datasets', 'amazon-sports-5core-longseq-full', '--seeds', '42,2023,2024', '--device', 'gpu', '--timeweaver-variant', 'aug_only', '--output', 'F:\\桌面\\recommendation_system\\results\\param_sweeps\\timeweaver_param_A_contrastive.json', '--tag', 'A_w0.01_t0.2', '--skip-if-done', '--tw-contrastive-weight', '0.01', '--tw-contrastive-temp', '0.2']
Sat 14 Mar 2026 11:09:09 INFO  
General Hyper Parameters:
gpu_id = 0
use_gpu = True
seed = 2023
state = INFO
reproducibility = True
data_path = data/amazon\amazon-sports-5core-longseq
checkpoint_dir = saved
show_progress = True
save_dataset = False
dataset_save_path = None
save_dataloaders = False
dataloaders_save_path = None
log_wandb = False

Training Hyper Parameters:
epochs = 100
train_batch_size = 256
learner = adam
learning_rate = 0.001
train_neg_sample_args = {'distribution': 'none', 'sample_num': 'none', 'alpha': 'none', 'dynamic': False, 'candidate_num': 0}
eval_step = 1
stopping_step = 10
clip_grad_norm = None
weight_decay = 0.0
loss_decimal_place = 4

Evaluation Hyper Parameters:
eval_args = {'split': {'LS': 'valid_and_test'}, 'order': 'TO', 'group_by': 'user', 'mode': {'valid': 'full', 'test': 'full'}}
repeatable = True
metrics = ['Hit', 'NDCG', 'MRR']
topk = [10]
valid_metric = Hit@10
valid_metric_bigger = True
eval_batch_size = 512
metric_decimal_place = 4

Dataset Hyper Parameters:
field_separator = 	
seq_separator =  
USER_ID_FIELD = user_id
ITEM_ID_FIELD = item_id
RATING_FIELD = rating
TIME_FIELD = timestamp
seq_len = None
LABEL_FIELD = label
threshold = None
NEG_PREFIX = neg_
load_col = {'inter': ['user_id', 'item_id', 'rating', 'timestamp']}
unload_col = None
unused_col = None
additional_feat_suffix = None
rm_dup_inter = None
val_interval = None
filter_inter_by_user_or_item = True
user_inter_num_interval = [0,inf)
item_inter_num_interval = [0,inf)
alias_of_user_id = None
alias_of_item_id = None
alias_of_entity_id = None
alias_of_relation_id = None
preload_weight = None
normalize_field = None
normalize_all = None
ITEM_LIST_LENGTH_FIELD = item_length
LIST_SUFFIX = _list
MAX_ITEM_LIST_LENGTH = 32
POSITION_FIELD = position_id
HEAD_ENTITY_ID_FIELD = head_id
TAIL_ENTITY_ID_FIELD = tail_id
RELATION_ID_FIELD = relation_id
ENTITY_ID_FIELD = entity_id
benchmark_filename = None

Other Hyper Parameters: 
worker = 0
wandb_project = recbole
shuffle = True
require_pow = False
enable_amp = False
enable_scaler = False
transform = None
numerical_features = []
discretization = None
kg_reverse_r = False
entity_kg_num_interval = [0,inf)
relation_kg_num_interval = [0,inf)
MODEL_TYPE = ModelType.SEQUENTIAL
model_name = TimeWeaver
hidden_size = 64
num_layers = 2
hidden_dropout_prob = 0.5
initializer_range = 0.02
time_bucket_size = 1000
ema_decay = 0.5
tcn_kernel_size = -1
ffn_hidden_size = 256
loss_type = CE
early_stop = 10
neg_sampling = None
device = cuda
use_continuous_time = False
use_time_gate = False
use_time_augmentation = True
contrastive_weight = 0.01
contrastive_temp = 0.2
MODEL_INPUT_TYPE = InputType.POINTWISE
eval_type = EvaluatorType.RANKING
single_spec = True
local_rank = 0
valid_neg_sample_args = {'distribution': 'uniform', 'sample_num': 'none'}
test_neg_sample_args = {'distribution': 'uniform', 'sample_num': 'none'}


Sat 14 Mar 2026 11:09:10 INFO  amazon-sports-5core-longseq
The number of users: 2181
Average actions of users: 25.74678899082569
The number of items: 14556
Average actions of items: 3.8562693232566128
The number of inters: 56128
The sparsity of the dataset: 99.82320016520806%
Remain Fields: ['user_id', 'item_id', 'rating', 'timestamp']
Sat 14 Mar 2026 11:09:11 INFO  [Training]: train_batch_size = [256] train_neg_sample_args: [{'distribution': 'none', 'sample_num': 'none', 'alpha': 'none', 'dynamic': False, 'candidate_num': 0}]
Sat 14 Mar 2026 11:09:11 INFO  [Evaluation]: eval_batch_size = [512] eval_args: [{'split': {'LS': 'valid_and_test'}, 'order': 'TO', 'group_by': 'user', 'mode': {'valid': 'full', 'test': 'full'}}]
Sat 14 Mar 2026 11:09:11 INFO  TimeWeaver(
  (item_embedding): Embedding(14556, 64, padding_idx=0)
  (time_aug): TimeAwareAugmentation(
    (pos_embedding): Embedding(32, 64)
    (time_embedding): Embedding(1000, 64)
    (layer_norm): LayerNorm((64,), eps=1e-05, elementwise_affine=True)
    (drop): Dropout(p=0.5, inplace=False)
  )
  (context_layers): ModuleList(
    (0-1): 2 x TCNNextBlock(
      (dw): DepthwiseConv1d(
        (conv): Conv1d(64, 64, kernel_size=(11,), stride=(1,), padding=(5,), groups=64)
        (bn): BatchNorm1d(64, eps=1e-05, momentum=0.1, affine=True, track_running_stats=True)
        (drop): Dropout(p=0.5, inplace=False)
      )
      (norm1): LayerNorm((64,), eps=1e-05, elementwise_affine=True)
      (conv_inter): ParallelConvInter(
        (conv1): Conv1d(64, 64, kernel_size=(1,), stride=(1,))
        (conv3): Conv1d(64, 64, kernel_size=(3,), stride=(1,), padding=(1,))
        (proj): Conv1d(64, 64, kernel_size=(1,), stride=(1,))
        (drop): Dropout(p=0.5, inplace=False)
      )
      (norm2): LayerNorm((64,), eps=1e-05, elementwise_affine=True)
      (ffn): Sequential(
        (0): Linear(in_features=64, out_features=256, bias=True)
        (1): GELU(approximate='none')
        (2): Dropout(p=0.5, inplace=False)
        (3): Linear(in_features=256, out_features=64, bias=True)
        (4): Dropout(p=0.5, inplace=False)
      )
      (norm3): LayerNorm((64,), eps=1e-05, elementwise_affine=True)
    )
  )
  (dynamic_layers): ModuleList(
    (0-1): 2 x EMAStream(
      (proj): Linear(in_features=64, out_features=64, bias=True)
    )
  )
  (weavers): ModuleList(
    (0-1): 2 x StreamWeaver(
      (proj): Linear(in_features=128, out_features=64, bias=True)
      (norm): LayerNorm((64,), eps=1e-05, elementwise_affine=True)
    )
  )
  (loss_fct): CrossEntropyLoss()
)
Trainable parameters: 1132929.0
Sat 14 Mar 2026 11:09:11 INFO  FLOPs: 4298752.0
Sat 14 Mar 2026 11:09:29 INFO  epoch 0 training [time: 18.80s, train loss: 1810.2932]
Sat 14 Mar 2026 11:09:30 INFO  epoch 0 evaluating [time: 0.09s, valid_score: 0.011500]
Sat 14 Mar 2026 11:09:30 INFO  valid result: 
hit@10 : 0.0115    ndcg@10 : 0.0061    mrr@10 : 0.0044
Sat 14 Mar 2026 11:09:30 INFO  Saving current: saved\TimeWeaver-Mar-14-2026_11-09-11.pth
Sat 14 Mar 2026 11:09:48 INFO  epoch 1 training [time: 18.65s, train loss: 1735.3626]
Sat 14 Mar 2026 11:09:48 INFO  epoch 1 evaluating [time: 0.10s, valid_score: 0.013800]
Sat 14 Mar 2026 11:09:48 INFO  valid result: 
hit@10 : 0.0138    ndcg@10 : 0.0073    mrr@10 : 0.0054
Sat 14 Mar 2026 11:09:48 INFO  Saving current: saved\TimeWeaver-Mar-14-2026_11-09-11.pth
Sat 14 Mar 2026 11:10:07 INFO  epoch 2 training [time: 18.31s, train loss: 1672.5438]
Sat 14 Mar 2026 11:10:07 INFO  epoch 2 evaluating [time: 0.08s, valid_score: 0.027500]
Sat 14 Mar 2026 11:10:07 INFO  valid result: 
hit@10 : 0.0275    ndcg@10 : 0.0132    mrr@10 : 0.009
Sat 14 Mar 2026 11:10:07 INFO  Saving current: saved\TimeWeaver-Mar-14-2026_11-09-11.pth
Sat 14 Mar 2026 11:10:25 INFO  epoch 3 training [time: 18.22s, train loss: 1598.5518]
Sat 14 Mar 2026 11:10:25 INFO  epoch 3 evaluating [time: 0.09s, valid_score: 0.025200]
Sat 14 Mar 2026 11:10:25 INFO  valid result: 
hit@10 : 0.0252    ndcg@10 : 0.0126    mrr@10 : 0.0087
Sat 14 Mar 2026 11:10:43 INFO  epoch 4 training [time: 18.18s, train loss: 1523.7081]
Sat 14 Mar 2026 11:10:43 INFO  epoch 4 evaluating [time: 0.09s, valid_score: 0.026100]
Sat 14 Mar 2026 11:10:43 INFO  valid result: 
hit@10 : 0.0261    ndcg@10 : 0.0131    mrr@10 : 0.0092
Sat 14 Mar 2026 11:11:06 INFO  epoch 5 training [time: 22.35s, train loss: 1450.3146]
Sat 14 Mar 2026 11:11:06 INFO  epoch 5 evaluating [time: 0.08s, valid_score: 0.028000]
Sat 14 Mar 2026 11:11:06 INFO  valid result: 
hit@10 : 0.028    ndcg@10 : 0.0125    mrr@10 : 0.0078
Sat 14 Mar 2026 11:11:06 INFO  Saving current: saved\TimeWeaver-Mar-14-2026_11-09-11.pth
Sat 14 Mar 2026 11:11:39 INFO  epoch 6 training [time: 33.05s, train loss: 1378.6919]
Sat 14 Mar 2026 11:11:39 INFO  epoch 6 evaluating [time: 0.09s, valid_score: 0.027100]
Sat 14 Mar 2026 11:11:39 INFO  valid result: 
hit@10 : 0.0271    ndcg@10 : 0.0124    mrr@10 : 0.0079
Sat 14 Mar 2026 11:12:17 INFO  epoch 7 training [time: 38.49s, train loss: 1310.4434]
Sat 14 Mar 2026 11:12:17 INFO  epoch 7 evaluating [time: 0.10s, valid_score: 0.031200]
Sat 14 Mar 2026 11:12:17 INFO  valid result: 
hit@10 : 0.0312    ndcg@10 : 0.0138    mrr@10 : 0.0085
Sat 14 Mar 2026 11:12:18 INFO  Saving current: saved\TimeWeaver-Mar-14-2026_11-09-11.pth
Sat 14 Mar 2026 11:12:55 INFO  epoch 8 training [time: 37.71s, train loss: 1249.9857]
Sat 14 Mar 2026 11:12:55 INFO  epoch 8 evaluating [time: 0.09s, valid_score: 0.031200]
Sat 14 Mar 2026 11:12:55 INFO  valid result: 
hit@10 : 0.0312    ndcg@10 : 0.0134    mrr@10 : 0.0081
Sat 14 Mar 2026 11:12:55 INFO  Saving current: saved\TimeWeaver-Mar-14-2026_11-09-11.pth
Sat 14 Mar 2026 11:13:33 INFO  epoch 9 training [time: 38.00s, train loss: 1196.5239]
Sat 14 Mar 2026 11:13:33 INFO  epoch 9 evaluating [time: 0.11s, valid_score: 0.033500]
Sat 14 Mar 2026 11:13:33 INFO  valid result: 
hit@10 : 0.0335    ndcg@10 : 0.014    mrr@10 : 0.0081
Sat 14 Mar 2026 11:13:33 INFO  Saving current: saved\TimeWeaver-Mar-14-2026_11-09-11.pth
Sat 14 Mar 2026 11:14:11 INFO  epoch 10 training [time: 37.26s, train loss: 1151.5617]
Sat 14 Mar 2026 11:14:11 INFO  epoch 10 evaluating [time: 0.10s, valid_score: 0.031200]
Sat 14 Mar 2026 11:14:11 INFO  valid result: 
hit@10 : 0.0312    ndcg@10 : 0.0137    mrr@10 : 0.0083
Sat 14 Mar 2026 11:14:48 INFO  epoch 11 training [time: 36.94s, train loss: 1111.9378]
Sat 14 Mar 2026 11:14:48 INFO  epoch 11 evaluating [time: 0.09s, valid_score: 0.029800]
Sat 14 Mar 2026 11:14:48 INFO  valid result: 
hit@10 : 0.0298    ndcg@10 : 0.0129    mrr@10 : 0.0078
Sat 14 Mar 2026 11:15:25 INFO  epoch 12 training [time: 36.76s, train loss: 1076.1427]
Sat 14 Mar 2026 11:15:25 INFO  epoch 12 evaluating [time: 0.09s, valid_score: 0.029800]
Sat 14 Mar 2026 11:15:25 INFO  valid result: 
hit@10 : 0.0298    ndcg@10 : 0.0129    mrr@10 : 0.0078
Sat 14 Mar 2026 11:16:03 INFO  epoch 13 training [time: 38.19s, train loss: 1048.9629]
Sat 14 Mar 2026 11:16:03 INFO  epoch 13 evaluating [time: 0.10s, valid_score: 0.030300]
Sat 14 Mar 2026 11:16:03 INFO  valid result: 
hit@10 : 0.0303    ndcg@10 : 0.0126    mrr@10 : 0.0073
Sat 14 Mar 2026 11:16:42 INFO  epoch 14 training [time: 38.68s, train loss: 1021.3293]
Sat 14 Mar 2026 11:16:42 INFO  epoch 14 evaluating [time: 0.09s, valid_score: 0.028000]
Sat 14 Mar 2026 11:16:42 INFO  valid result: 
hit@10 : 0.028    ndcg@10 : 0.0124    mrr@10 : 0.0077
Sat 14 Mar 2026 11:17:19 INFO  epoch 15 training [time: 37.06s, train loss: 996.2199]
Sat 14 Mar 2026 11:17:19 INFO  epoch 15 evaluating [time: 0.10s, valid_score: 0.029800]
Sat 14 Mar 2026 11:17:19 INFO  valid result: 
hit@10 : 0.0298    ndcg@10 : 0.013    mrr@10 : 0.0079
Sat 14 Mar 2026 11:17:57 INFO  epoch 16 training [time: 37.67s, train loss: 971.2204]
Sat 14 Mar 2026 11:17:57 INFO  epoch 16 evaluating [time: 0.09s, valid_score: 0.029400]
Sat 14 Mar 2026 11:17:57 INFO  valid result: 
hit@10 : 0.0294    ndcg@10 : 0.0125    mrr@10 : 0.0074
Sat 14 Mar 2026 11:18:34 INFO  epoch 17 training [time: 37.10s, train loss: 952.1617]
Sat 14 Mar 2026 11:18:34 INFO  epoch 17 evaluating [time: 0.09s, valid_score: 0.026100]
Sat 14 Mar 2026 11:18:34 INFO  valid result: 
hit@10 : 0.0261    ndcg@10 : 0.0112    mrr@10 : 0.0066
Sat 14 Mar 2026 11:19:11 INFO  epoch 18 training [time: 37.02s, train loss: 931.2168]
Sat 14 Mar 2026 11:19:11 INFO  epoch 18 evaluating [time: 0.09s, valid_score: 0.027100]
Sat 14 Mar 2026 11:19:11 INFO  valid result: 
hit@10 : 0.0271    ndcg@10 : 0.0122    mrr@10 : 0.0077
Sat 14 Mar 2026 11:19:48 INFO  epoch 19 training [time: 37.23s, train loss: 909.1400]
Sat 14 Mar 2026 11:19:48 INFO  epoch 19 evaluating [time: 0.10s, valid_score: 0.028000]
Sat 14 Mar 2026 11:19:48 INFO  valid result: 
hit@10 : 0.028    ndcg@10 : 0.0118    mrr@10 : 0.0069
Sat 14 Mar 2026 11:20:27 INFO  epoch 20 training [time: 39.03s, train loss: 894.0666]
Sat 14 Mar 2026 11:20:27 INFO  epoch 20 evaluating [time: 0.10s, valid_score: 0.025200]
Sat 14 Mar 2026 11:20:27 INFO  valid result: 
hit@10 : 0.0252    ndcg@10 : 0.0107    mrr@10 : 0.0063
Sat 14 Mar 2026 11:20:27 INFO  Finished training, best eval result in epoch 9
Sat 14 Mar 2026 11:20:28 INFO  Loading model structure and parameters from saved\TimeWeaver-Mar-14-2026_11-09-11.pth
Sat 14 Mar 2026 11:20:29 INFO  The running environment of this training is as follows:
+-------------+----------------+
| Environment |     Usage      |
+=============+================+
| CPU         |     6.10 %     |
+-------------+----------------+
| GPU         | 0.33 G/6.00 G  |
+-------------+----------------+
| Memory      | 1.58 G/15.63 G |
+-------------+----------------+
Sat 14 Mar 2026 11:20:29 INFO  best valid : OrderedDict([('hit@10', 0.0335), ('ndcg@10', 0.014), ('mrr@10', 0.0081)])
Sat 14 Mar 2026 11:20:29 INFO  test result: OrderedDict([('hit@10', 0.0248), ('ndcg@10', 0.0123), ('mrr@10', 0.0085)])
Sat 14 Mar 2026 11:20:29 WARNING  command line args [--models timeweaver --datasets amazon-sports-5core-longseq-full --seeds 42,2023,2024 --device gpu --timeweaver-variant aug_only --output F:\桌面\recommendation_system\results\param_sweeps\timeweaver_param_A_contrastive.json --tag A_w0.01_t0.2 --skip-if-done --tw-contrastive-weight 0.01 --tw-contrastive-temp 0.2] will not be used in RecBole
Sat 14 Mar 2026 11:20:29 INFO  ['F:\\桌面\\recommendation_system\\scripts\\run_grid.py', '--models', 'timeweaver', '--datasets', 'amazon-sports-5core-longseq-full', '--seeds', '42,2023,2024', '--device', 'gpu', '--timeweaver-variant', 'aug_only', '--output', 'F:\\桌面\\recommendation_system\\results\\param_sweeps\\timeweaver_param_A_contrastive.json', '--tag', 'A_w0.01_t0.2', '--skip-if-done', '--tw-contrastive-weight', '0.01', '--tw-contrastive-temp', '0.2']
Sat 14 Mar 2026 11:20:29 INFO  
General Hyper Parameters:
gpu_id = 0
use_gpu = True
seed = 2024
state = INFO
reproducibility = True
data_path = data/amazon\amazon-sports-5core-longseq
checkpoint_dir = saved
show_progress = True
save_dataset = False
dataset_save_path = None
save_dataloaders = False
dataloaders_save_path = None
log_wandb = False

Training Hyper Parameters:
epochs = 100
train_batch_size = 256
learner = adam
learning_rate = 0.001
train_neg_sample_args = {'distribution': 'none', 'sample_num': 'none', 'alpha': 'none', 'dynamic': False, 'candidate_num': 0}
eval_step = 1
stopping_step = 10
clip_grad_norm = None
weight_decay = 0.0
loss_decimal_place = 4

Evaluation Hyper Parameters:
eval_args = {'split': {'LS': 'valid_and_test'}, 'order': 'TO', 'group_by': 'user', 'mode': {'valid': 'full', 'test': 'full'}}
repeatable = True
metrics = ['Hit', 'NDCG', 'MRR']
topk = [10]
valid_metric = Hit@10
valid_metric_bigger = True
eval_batch_size = 512
metric_decimal_place = 4

Dataset Hyper Parameters:
field_separator = 	
seq_separator =  
USER_ID_FIELD = user_id
ITEM_ID_FIELD = item_id
RATING_FIELD = rating
TIME_FIELD = timestamp
seq_len = None
LABEL_FIELD = label
threshold = None
NEG_PREFIX = neg_
load_col = {'inter': ['user_id', 'item_id', 'rating', 'timestamp']}
unload_col = None
unused_col = None
additional_feat_suffix = None
rm_dup_inter = None
val_interval = None
filter_inter_by_user_or_item = True
user_inter_num_interval = [0,inf)
item_inter_num_interval = [0,inf)
alias_of_user_id = None
alias_of_item_id = None
alias_of_entity_id = None
alias_of_relation_id = None
preload_weight = None
normalize_field = None
normalize_all = None
ITEM_LIST_LENGTH_FIELD = item_length
LIST_SUFFIX = _list
MAX_ITEM_LIST_LENGTH = 32
POSITION_FIELD = position_id
HEAD_ENTITY_ID_FIELD = head_id
TAIL_ENTITY_ID_FIELD = tail_id
RELATION_ID_FIELD = relation_id
ENTITY_ID_FIELD = entity_id
benchmark_filename = None

Other Hyper Parameters: 
worker = 0
wandb_project = recbole
shuffle = True
require_pow = False
enable_amp = False
enable_scaler = False
transform = None
numerical_features = []
discretization = None
kg_reverse_r = False
entity_kg_num_interval = [0,inf)
relation_kg_num_interval = [0,inf)
MODEL_TYPE = ModelType.SEQUENTIAL
model_name = TimeWeaver
hidden_size = 64
num_layers = 2
hidden_dropout_prob = 0.5
initializer_range = 0.02
time_bucket_size = 1000
ema_decay = 0.5
tcn_kernel_size = -1
ffn_hidden_size = 256
loss_type = CE
early_stop = 10
neg_sampling = None
device = cuda
use_continuous_time = False
use_time_gate = False
use_time_augmentation = True
contrastive_weight = 0.01
contrastive_temp = 0.2
MODEL_INPUT_TYPE = InputType.POINTWISE
eval_type = EvaluatorType.RANKING
single_spec = True
local_rank = 0
valid_neg_sample_args = {'distribution': 'uniform', 'sample_num': 'none'}
test_neg_sample_args = {'distribution': 'uniform', 'sample_num': 'none'}


Sat 14 Mar 2026 11:20:29 INFO  amazon-sports-5core-longseq
The number of users: 2181
Average actions of users: 25.74678899082569
The number of items: 14556
Average actions of items: 3.8562693232566128
The number of inters: 56128
The sparsity of the dataset: 99.82320016520806%
Remain Fields: ['user_id', 'item_id', 'rating', 'timestamp']
Sat 14 Mar 2026 11:20:30 INFO  [Training]: train_batch_size = [256] train_neg_sample_args: [{'distribution': 'none', 'sample_num': 'none', 'alpha': 'none', 'dynamic': False, 'candidate_num': 0}]
Sat 14 Mar 2026 11:20:30 INFO  [Evaluation]: eval_batch_size = [512] eval_args: [{'split': {'LS': 'valid_and_test'}, 'order': 'TO', 'group_by': 'user', 'mode': {'valid': 'full', 'test': 'full'}}]
Sat 14 Mar 2026 11:20:30 INFO  TimeWeaver(
  (item_embedding): Embedding(14556, 64, padding_idx=0)
  (time_aug): TimeAwareAugmentation(
    (pos_embedding): Embedding(32, 64)
    (time_embedding): Embedding(1000, 64)
    (layer_norm): LayerNorm((64,), eps=1e-05, elementwise_affine=True)
    (drop): Dropout(p=0.5, inplace=False)
  )
  (context_layers): ModuleList(
    (0-1): 2 x TCNNextBlock(
      (dw): DepthwiseConv1d(
        (conv): Conv1d(64, 64, kernel_size=(11,), stride=(1,), padding=(5,), groups=64)
        (bn): BatchNorm1d(64, eps=1e-05, momentum=0.1, affine=True, track_running_stats=True)
        (drop): Dropout(p=0.5, inplace=False)
      )
      (norm1): LayerNorm((64,), eps=1e-05, elementwise_affine=True)
      (conv_inter): ParallelConvInter(
        (conv1): Conv1d(64, 64, kernel_size=(1,), stride=(1,))
        (conv3): Conv1d(64, 64, kernel_size=(3,), stride=(1,), padding=(1,))
        (proj): Conv1d(64, 64, kernel_size=(1,), stride=(1,))
        (drop): Dropout(p=0.5, inplace=False)
      )
      (norm2): LayerNorm((64,), eps=1e-05, elementwise_affine=True)
      (ffn): Sequential(
        (0): Linear(in_features=64, out_features=256, bias=True)
        (1): GELU(approximate='none')
        (2): Dropout(p=0.5, inplace=False)
        (3): Linear(in_features=256, out_features=64, bias=True)
        (4): Dropout(p=0.5, inplace=False)
      )
      (norm3): LayerNorm((64,), eps=1e-05, elementwise_affine=True)
    )
  )
  (dynamic_layers): ModuleList(
    (0-1): 2 x EMAStream(
      (proj): Linear(in_features=64, out_features=64, bias=True)
    )
  )
  (weavers): ModuleList(
    (0-1): 2 x StreamWeaver(
      (proj): Linear(in_features=128, out_features=64, bias=True)
      (norm): LayerNorm((64,), eps=1e-05, elementwise_affine=True)
    )
  )
  (loss_fct): CrossEntropyLoss()
)
Trainable parameters: 1132929.0
Sat 14 Mar 2026 11:20:30 INFO  FLOPs: 4298752.0
Sat 14 Mar 2026 11:20:48 INFO  epoch 0 training [time: 18.41s, train loss: 1809.7610]
Sat 14 Mar 2026 11:20:48 INFO  epoch 0 evaluating [time: 0.10s, valid_score: 0.011500]
Sat 14 Mar 2026 11:20:48 INFO  valid result: 
hit@10 : 0.0115    ndcg@10 : 0.0063    mrr@10 : 0.0047
Sat 14 Mar 2026 11:20:49 INFO  Saving current: saved\TimeWeaver-Mar-14-2026_11-20-30.pth
Sat 14 Mar 2026 11:21:07 INFO  epoch 1 training [time: 18.30s, train loss: 1735.7294]
Sat 14 Mar 2026 11:21:07 INFO  epoch 1 evaluating [time: 0.09s, valid_score: 0.017000]
Sat 14 Mar 2026 11:21:07 INFO  valid result: 
hit@10 : 0.017    ndcg@10 : 0.0078    mrr@10 : 0.005
Sat 14 Mar 2026 11:21:07 INFO  Saving current: saved\TimeWeaver-Mar-14-2026_11-20-30.pth
Sat 14 Mar 2026 11:21:26 INFO  epoch 2 training [time: 19.06s, train loss: 1674.0062]
Sat 14 Mar 2026 11:21:26 INFO  epoch 2 evaluating [time: 0.10s, valid_score: 0.026600]
Sat 14 Mar 2026 11:21:26 INFO  valid result: 
hit@10 : 0.0266    ndcg@10 : 0.0129    mrr@10 : 0.0087
Sat 14 Mar 2026 11:21:26 INFO  Saving current: saved\TimeWeaver-Mar-14-2026_11-20-30.pth
Sat 14 Mar 2026 11:21:45 INFO  epoch 3 training [time: 18.85s, train loss: 1599.1303]
Sat 14 Mar 2026 11:21:45 INFO  epoch 3 evaluating [time: 0.10s, valid_score: 0.026600]
Sat 14 Mar 2026 11:21:45 INFO  valid result: 
hit@10 : 0.0266    ndcg@10 : 0.0124    mrr@10 : 0.0082
Sat 14 Mar 2026 11:21:45 INFO  Saving current: saved\TimeWeaver-Mar-14-2026_11-20-30.pth
Sat 14 Mar 2026 11:22:03 INFO  epoch 4 training [time: 18.41s, train loss: 1523.0991]
Sat 14 Mar 2026 11:22:04 INFO  epoch 4 evaluating [time: 0.09s, valid_score: 0.028400]
Sat 14 Mar 2026 11:22:04 INFO  valid result: 
hit@10 : 0.0284    ndcg@10 : 0.0126    mrr@10 : 0.0079
Sat 14 Mar 2026 11:22:04 INFO  Saving current: saved\TimeWeaver-Mar-14-2026_11-20-30.pth
Sat 14 Mar 2026 11:22:27 INFO  epoch 5 training [time: 22.89s, train loss: 1447.9951]
Sat 14 Mar 2026 11:22:27 INFO  epoch 5 evaluating [time: 0.08s, valid_score: 0.031700]
Sat 14 Mar 2026 11:22:27 INFO  valid result: 
hit@10 : 0.0317    ndcg@10 : 0.0137    mrr@10 : 0.0083
Sat 14 Mar 2026 11:22:27 INFO  Saving current: saved\TimeWeaver-Mar-14-2026_11-20-30.pth
Sat 14 Mar 2026 11:23:01 INFO  epoch 6 training [time: 34.55s, train loss: 1375.6519]
Sat 14 Mar 2026 11:23:01 INFO  epoch 6 evaluating [time: 0.10s, valid_score: 0.029800]
Sat 14 Mar 2026 11:23:01 INFO  valid result: 
hit@10 : 0.0298    ndcg@10 : 0.0136    mrr@10 : 0.0087
Sat 14 Mar 2026 11:23:38 INFO  epoch 7 training [time: 36.72s, train loss: 1308.5137]
Sat 14 Mar 2026 11:23:38 INFO  epoch 7 evaluating [time: 0.10s, valid_score: 0.031200]
Sat 14 Mar 2026 11:23:38 INFO  valid result: 
hit@10 : 0.0312    ndcg@10 : 0.0128    mrr@10 : 0.0073
Sat 14 Mar 2026 11:24:17 INFO  epoch 8 training [time: 39.16s, train loss: 1249.8891]
Sat 14 Mar 2026 11:24:17 INFO  epoch 8 evaluating [time: 0.10s, valid_score: 0.034900]
Sat 14 Mar 2026 11:24:17 INFO  valid result: 
hit@10 : 0.0349    ndcg@10 : 0.015    mrr@10 : 0.009
Sat 14 Mar 2026 11:24:17 INFO  Saving current: saved\TimeWeaver-Mar-14-2026_11-20-30.pth
Sat 14 Mar 2026 11:24:56 INFO  epoch 9 training [time: 38.36s, train loss: 1195.8233]
Sat 14 Mar 2026 11:24:56 INFO  epoch 9 evaluating [time: 0.10s, valid_score: 0.028400]
Sat 14 Mar 2026 11:24:56 INFO  valid result: 
hit@10 : 0.0284    ndcg@10 : 0.0125    mrr@10 : 0.0077
Sat 14 Mar 2026 11:25:34 INFO  epoch 10 training [time: 38.00s, train loss: 1152.5578]
Sat 14 Mar 2026 11:25:34 INFO  epoch 10 evaluating [time: 0.09s, valid_score: 0.029800]
Sat 14 Mar 2026 11:25:34 INFO  valid result: 
hit@10 : 0.0298    ndcg@10 : 0.0131    mrr@10 : 0.008
Sat 14 Mar 2026 11:26:11 INFO  epoch 11 training [time: 37.56s, train loss: 1112.7840]
Sat 14 Mar 2026 11:26:12 INFO  epoch 11 evaluating [time: 0.09s, valid_score: 0.034400]
Sat 14 Mar 2026 11:26:12 INFO  valid result: 
hit@10 : 0.0344    ndcg@10 : 0.015    mrr@10 : 0.0091
Sat 14 Mar 2026 11:26:49 INFO  epoch 12 training [time: 37.18s, train loss: 1079.7883]
Sat 14 Mar 2026 11:26:49 INFO  epoch 12 evaluating [time: 0.09s, valid_score: 0.033000]
Sat 14 Mar 2026 11:26:49 INFO  valid result: 
hit@10 : 0.033    ndcg@10 : 0.0144    mrr@10 : 0.0088
Sat 14 Mar 2026 11:27:26 INFO  epoch 13 training [time: 36.79s, train loss: 1049.8025]
Sat 14 Mar 2026 11:27:26 INFO  epoch 13 evaluating [time: 0.10s, valid_score: 0.033500]
Sat 14 Mar 2026 11:27:26 INFO  valid result: 
hit@10 : 0.0335    ndcg@10 : 0.0151    mrr@10 : 0.0095
Sat 14 Mar 2026 11:28:04 INFO  epoch 14 training [time: 38.46s, train loss: 1025.6233]
Sat 14 Mar 2026 11:28:04 INFO  epoch 14 evaluating [time: 0.10s, valid_score: 0.034400]
Sat 14 Mar 2026 11:28:04 INFO  valid result: 
hit@10 : 0.0344    ndcg@10 : 0.0149    mrr@10 : 0.009
Sat 14 Mar 2026 11:28:44 INFO  epoch 15 training [time: 39.41s, train loss: 1000.0904]
Sat 14 Mar 2026 11:28:44 INFO  epoch 15 evaluating [time: 0.09s, valid_score: 0.033500]
Sat 14 Mar 2026 11:28:44 INFO  valid result: 
hit@10 : 0.0335    ndcg@10 : 0.0153    mrr@10 : 0.0098
Sat 14 Mar 2026 11:29:20 INFO  epoch 16 training [time: 36.07s, train loss: 980.0366]
Sat 14 Mar 2026 11:29:20 INFO  epoch 16 evaluating [time: 0.10s, valid_score: 0.034400]
Sat 14 Mar 2026 11:29:20 INFO  valid result: 
hit@10 : 0.0344    ndcg@10 : 0.0154    mrr@10 : 0.0096
Sat 14 Mar 2026 11:29:57 INFO  epoch 17 training [time: 36.55s, train loss: 956.1203]
Sat 14 Mar 2026 11:29:57 INFO  epoch 17 evaluating [time: 0.09s, valid_score: 0.033500]
Sat 14 Mar 2026 11:29:57 INFO  valid result: 
hit@10 : 0.0335    ndcg@10 : 0.015    mrr@10 : 0.0093
Sat 14 Mar 2026 11:30:32 INFO  epoch 18 training [time: 35.75s, train loss: 936.8851]
Sat 14 Mar 2026 11:30:32 INFO  epoch 18 evaluating [time: 0.09s, valid_score: 0.030700]
Sat 14 Mar 2026 11:30:32 INFO  valid result: 
hit@10 : 0.0307    ndcg@10 : 0.0143    mrr@10 : 0.0093
Sat 14 Mar 2026 11:31:08 INFO  epoch 19 training [time: 35.81s, train loss: 919.1972]
Sat 14 Mar 2026 11:31:08 INFO  epoch 19 evaluating [time: 0.08s, valid_score: 0.031200]
Sat 14 Mar 2026 11:31:08 INFO  valid result: 
hit@10 : 0.0312    ndcg@10 : 0.0147    mrr@10 : 0.0097
Sat 14 Mar 2026 11:31:08 INFO  Finished training, best eval result in epoch 8
Sat 14 Mar 2026 11:31:08 INFO  Loading model structure and parameters from saved\TimeWeaver-Mar-14-2026_11-20-30.pth
Sat 14 Mar 2026 11:31:09 INFO  The running environment of this training is as follows:
+-------------+----------------+
| Environment |     Usage      |
+=============+================+
| CPU         |     7.70 %     |
+-------------+----------------+
| GPU         | 0.33 G/6.00 G  |
+-------------+----------------+
| Memory      | 1.58 G/15.63 G |
+-------------+----------------+
Sat 14 Mar 2026 11:31:09 INFO  best valid : OrderedDict([('hit@10', 0.0349), ('ndcg@10', 0.015), ('mrr@10', 0.009)])
Sat 14 Mar 2026 11:31:09 INFO  test result: OrderedDict([('hit@10', 0.0225), ('ndcg@10', 0.0105), ('mrr@10', 0.0069)])
