Mon 09 Feb 2026 12:55:19 INFO  ['F:\\桌面\\recommendation_system\\scripts\\run_grid.py', '--models', 'timeweaver', '--datasets', 'ml-100k', '--seeds', '42', '--device', 'gpu', '--timeweaver-variant', 'base', '--tag', 'e0p05_k9_d0p2_l2_f256_b1000', '--output', 'results/run_grid_timeweaver_tune.json', '--tw-ema-decay', '0.05', '--tw-tcn-kernel', '9', '--tw-hidden-dropout', '0.2', '--tw-num-layers', '2', '--tw-ffn-hidden', '256', '--tw-time-bucket', '1000']
Mon 09 Feb 2026 12:55:19 INFO  
General Hyper Parameters:
gpu_id = 0
use_gpu = True
seed = 42
state = INFO
reproducibility = True
data_path = F:\anaconda3\envs\rec39\Lib\site-packages\recbole\config\../dataset_example/ml-100k
checkpoint_dir = saved
show_progress = True
save_dataset = False
dataset_save_path = None
save_dataloaders = False
dataloaders_save_path = None
log_wandb = False

Training Hyper Parameters:
epochs = 100
train_batch_size = 256
learner = adam
learning_rate = 0.001
train_neg_sample_args = {'distribution': 'none', 'sample_num': 'none', 'alpha': 'none', 'dynamic': False, 'candidate_num': 0}
eval_step = 1
stopping_step = 10
clip_grad_norm = None
weight_decay = 0.0
loss_decimal_place = 4

Evaluation Hyper Parameters:
eval_args = {'split': {'LS': 'valid_and_test'}, 'order': 'TO', 'group_by': 'user', 'mode': {'valid': 'uni100', 'test': 'uni100'}}
repeatable = True
metrics = ['Hit', 'NDCG', 'MRR']
topk = [10]
valid_metric = MRR@10
valid_metric_bigger = True
eval_batch_size = 512
metric_decimal_place = 4

Dataset Hyper Parameters:
field_separator = 	
seq_separator =  
USER_ID_FIELD = user_id
ITEM_ID_FIELD = item_id
RATING_FIELD = rating
TIME_FIELD = timestamp
seq_len = None
LABEL_FIELD = label
threshold = None
NEG_PREFIX = neg_
load_col = {'inter': ['user_id', 'item_id', 'rating', 'timestamp'], 'user': ['user_id', 'age', 'gender', 'occupation', 'zip_code'], 'item': ['item_id', 'movie_title', 'release_year', 'class']}
unload_col = None
unused_col = None
additional_feat_suffix = None
rm_dup_inter = None
val_interval = None
filter_inter_by_user_or_item = True
user_inter_num_interval = None
item_inter_num_interval = None
alias_of_user_id = None
alias_of_item_id = None
alias_of_entity_id = None
alias_of_relation_id = None
preload_weight = None
normalize_field = None
normalize_all = True
ITEM_LIST_LENGTH_FIELD = item_length
LIST_SUFFIX = _list
MAX_ITEM_LIST_LENGTH = 32
POSITION_FIELD = position_id
HEAD_ENTITY_ID_FIELD = head_id
TAIL_ENTITY_ID_FIELD = tail_id
RELATION_ID_FIELD = relation_id
ENTITY_ID_FIELD = entity_id
kg_reverse_r = False
entity_kg_num_interval = None
relation_kg_num_interval = None
benchmark_filename = None

Other Hyper Parameters: 
worker = 0
wandb_project = recbole
shuffle = True
require_pow = False
enable_amp = False
enable_scaler = False
transform = None
numerical_features = []
discretization = None
MODEL_TYPE = ModelType.SEQUENTIAL
model_name = TimeWeaver
hidden_size = 64
num_layers = 2
hidden_dropout_prob = 0.2
initializer_range = 0.02
time_bucket_size = 1000
ema_decay = 0.05
tcn_kernel_size = 9
ffn_hidden_size = 256
loss_type = CE
early_stop = 10
neg_sampling = None
device = cuda
use_continuous_time = False
use_time_gate = False
use_time_augmentation = False
MODEL_INPUT_TYPE = InputType.POINTWISE
eval_type = EvaluatorType.RANKING
single_spec = True
local_rank = 0
valid_neg_sample_args = {'distribution': 'uniform', 'sample_num': 100}
test_neg_sample_args = {'distribution': 'uniform', 'sample_num': 100}


Mon 09 Feb 2026 12:55:19 INFO  ml-100k
The number of users: 944
Average actions of users: 106.04453870625663
The number of items: 1683
Average actions of items: 59.45303210463734
The number of inters: 100000
The sparsity of the dataset: 93.70575143257098%
Remain Fields: ['user_id', 'item_id', 'rating', 'timestamp', 'age', 'gender', 'occupation', 'zip_code', 'movie_title', 'release_year', 'class']
Mon 09 Feb 2026 12:55:21 INFO  [Training]: train_batch_size = [256] train_neg_sample_args: [{'distribution': 'none', 'sample_num': 'none', 'alpha': 'none', 'dynamic': False, 'candidate_num': 0}]
Mon 09 Feb 2026 12:55:21 INFO  [Evaluation]: eval_batch_size = [512] eval_args: [{'split': {'LS': 'valid_and_test'}, 'order': 'TO', 'group_by': 'user', 'mode': {'valid': 'uni100', 'test': 'uni100'}}]
Mon 09 Feb 2026 12:55:21 INFO  TimeWeaver(
  (item_embedding): Embedding(1683, 64, padding_idx=0)
  (time_aug): TimeAwareAugmentation(
    (pos_embedding): Embedding(32, 64)
    (time_embedding): Embedding(1000, 64)
    (layer_norm): LayerNorm((64,), eps=1e-05, elementwise_affine=True)
    (drop): Dropout(p=0.2, inplace=False)
  )
  (context_layers): ModuleList(
    (0-1): 2 x TCNNextBlock(
      (dw): DepthwiseConv1d(
        (conv): Conv1d(64, 64, kernel_size=(9,), stride=(1,), padding=(4,), groups=64)
        (bn): BatchNorm1d(64, eps=1e-05, momentum=0.1, affine=True, track_running_stats=True)
        (drop): Dropout(p=0.2, inplace=False)
      )
      (norm1): LayerNorm((64,), eps=1e-05, elementwise_affine=True)
      (conv_inter): ParallelConvInter(
        (conv1): Conv1d(64, 64, kernel_size=(1,), stride=(1,))
        (conv3): Conv1d(64, 64, kernel_size=(3,), stride=(1,), padding=(1,))
        (proj): Conv1d(64, 64, kernel_size=(1,), stride=(1,))
        (drop): Dropout(p=0.2, inplace=False)
      )
      (norm2): LayerNorm((64,), eps=1e-05, elementwise_affine=True)
      (ffn): Sequential(
        (0): Linear(in_features=64, out_features=256, bias=True)
        (1): GELU(approximate='none')
        (2): Dropout(p=0.2, inplace=False)
        (3): Linear(in_features=256, out_features=64, bias=True)
        (4): Dropout(p=0.2, inplace=False)
      )
      (norm3): LayerNorm((64,), eps=1e-05, elementwise_affine=True)
    )
  )
  (dynamic_layers): ModuleList(
    (0-1): 2 x EMAStream(
      (proj): Linear(in_features=64, out_features=64, bias=True)
    )
  )
  (weavers): ModuleList(
    (0-1): 2 x StreamWeaver(
      (proj): Linear(in_features=128, out_features=64, bias=True)
      (norm): LayerNorm((64,), eps=1e-05, elementwise_affine=True)
    )
  )
  (loss_fct): CrossEntropyLoss()
)
Trainable parameters: 308801.0
Mon 09 Feb 2026 12:55:21 INFO  FLOPs: 4290560.0
Mon 09 Feb 2026 12:55:54 INFO  epoch 0 training [time: 31.95s, train loss: 2422.6854]
Mon 09 Feb 2026 12:55:57 INFO  epoch 0 evaluating [time: 2.24s, valid_score: 0.277800]
Mon 09 Feb 2026 12:55:57 INFO  valid result: 
hit@10 : 0.6681    ndcg@10 : 0.3693    mrr@10 : 0.2778
Mon 09 Feb 2026 12:55:57 INFO  Saving current: saved\TimeWeaver-Feb-09-2026_12-55-21.pth
Mon 09 Feb 2026 12:56:27 INFO  epoch 1 training [time: 30.83s, train loss: 2222.1091]
Mon 09 Feb 2026 12:56:29 INFO  epoch 1 evaluating [time: 2.01s, valid_score: 0.321800]
Mon 09 Feb 2026 12:56:29 INFO  valid result: 
hit@10 : 0.6999    ndcg@10 : 0.4108    mrr@10 : 0.3218
Mon 09 Feb 2026 12:56:29 INFO  Saving current: saved\TimeWeaver-Feb-09-2026_12-55-21.pth
Mon 09 Feb 2026 12:57:01 INFO  epoch 2 training [time: 31.26s, train loss: 2175.9305]
Mon 09 Feb 2026 12:57:03 INFO  epoch 2 evaluating [time: 2.10s, valid_score: 0.339900]
Mon 09 Feb 2026 12:57:03 INFO  valid result: 
hit@10 : 0.719    ndcg@10 : 0.4294    mrr@10 : 0.3399
Mon 09 Feb 2026 12:57:03 INFO  Saving current: saved\TimeWeaver-Feb-09-2026_12-55-21.pth
Mon 09 Feb 2026 12:57:34 INFO  epoch 3 training [time: 31.21s, train loss: 2146.1705]
Mon 09 Feb 2026 12:57:36 INFO  epoch 3 evaluating [time: 2.07s, valid_score: 0.337400]
Mon 09 Feb 2026 12:57:36 INFO  valid result: 
hit@10 : 0.7285    ndcg@10 : 0.4298    mrr@10 : 0.3374
Mon 09 Feb 2026 12:58:08 INFO  epoch 4 training [time: 31.50s, train loss: 2122.1783]
Mon 09 Feb 2026 12:58:10 INFO  epoch 4 evaluating [time: 2.09s, valid_score: 0.351900]
Mon 09 Feb 2026 12:58:10 INFO  valid result: 
hit@10 : 0.7285    ndcg@10 : 0.4409    mrr@10 : 0.3519
Mon 09 Feb 2026 12:58:10 INFO  Saving current: saved\TimeWeaver-Feb-09-2026_12-55-21.pth
Mon 09 Feb 2026 12:58:41 INFO  epoch 5 training [time: 31.26s, train loss: 2104.0040]
Mon 09 Feb 2026 12:58:43 INFO  epoch 5 evaluating [time: 2.01s, valid_score: 0.344500]
Mon 09 Feb 2026 12:58:43 INFO  valid result: 
hit@10 : 0.7222    ndcg@10 : 0.434    mrr@10 : 0.3445
Mon 09 Feb 2026 12:59:15 INFO  epoch 6 training [time: 31.86s, train loss: 2087.5286]
Mon 09 Feb 2026 12:59:17 INFO  epoch 6 evaluating [time: 2.16s, valid_score: 0.333800]
Mon 09 Feb 2026 12:59:17 INFO  valid result: 
hit@10 : 0.7381    ndcg@10 : 0.4295    mrr@10 : 0.3338
Mon 09 Feb 2026 12:59:50 INFO  epoch 7 training [time: 32.59s, train loss: 2074.6664]
Mon 09 Feb 2026 12:59:52 INFO  epoch 7 evaluating [time: 2.15s, valid_score: 0.349200]
Mon 09 Feb 2026 12:59:52 INFO  valid result: 
hit@10 : 0.7264    ndcg@10 : 0.4385    mrr@10 : 0.3492
Mon 09 Feb 2026 13:00:23 INFO  epoch 8 training [time: 31.11s, train loss: 2062.6667]
Mon 09 Feb 2026 13:00:25 INFO  epoch 8 evaluating [time: 2.03s, valid_score: 0.351100]
Mon 09 Feb 2026 13:00:25 INFO  valid result: 
hit@10 : 0.72    ndcg@10 : 0.4386    mrr@10 : 0.3511
Mon 09 Feb 2026 13:00:56 INFO  epoch 9 training [time: 31.23s, train loss: 2053.3711]
Mon 09 Feb 2026 13:00:58 INFO  epoch 9 evaluating [time: 2.09s, valid_score: 0.338800]
Mon 09 Feb 2026 13:00:58 INFO  valid result: 
hit@10 : 0.7349    ndcg@10 : 0.4323    mrr@10 : 0.3388
Mon 09 Feb 2026 13:01:29 INFO  epoch 10 training [time: 31.00s, train loss: 2043.1242]
Mon 09 Feb 2026 13:01:31 INFO  epoch 10 evaluating [time: 2.03s, valid_score: 0.333900]
Mon 09 Feb 2026 13:01:31 INFO  valid result: 
hit@10 : 0.7253    ndcg@10 : 0.4265    mrr@10 : 0.3339
Mon 09 Feb 2026 13:02:02 INFO  epoch 11 training [time: 31.24s, train loss: 2035.8773]
Mon 09 Feb 2026 13:02:05 INFO  epoch 11 evaluating [time: 2.05s, valid_score: 0.343400]
Mon 09 Feb 2026 13:02:05 INFO  valid result: 
hit@10 : 0.7264    ndcg@10 : 0.434    mrr@10 : 0.3434
Mon 09 Feb 2026 13:02:36 INFO  epoch 12 training [time: 31.35s, train loss: 2028.3356]
Mon 09 Feb 2026 13:02:38 INFO  epoch 12 evaluating [time: 2.04s, valid_score: 0.343900]
Mon 09 Feb 2026 13:02:38 INFO  valid result: 
hit@10 : 0.7275    ndcg@10 : 0.4346    mrr@10 : 0.3439
Mon 09 Feb 2026 13:03:09 INFO  epoch 13 training [time: 31.10s, train loss: 2020.8701]
Mon 09 Feb 2026 13:03:11 INFO  epoch 13 evaluating [time: 2.14s, valid_score: 0.344900]
Mon 09 Feb 2026 13:03:11 INFO  valid result: 
hit@10 : 0.7158    ndcg@10 : 0.4329    mrr@10 : 0.3449
Mon 09 Feb 2026 13:03:44 INFO  epoch 14 training [time: 32.55s, train loss: 2014.6323]
Mon 09 Feb 2026 13:03:46 INFO  epoch 14 evaluating [time: 2.11s, valid_score: 0.334800]
Mon 09 Feb 2026 13:03:46 INFO  valid result: 
hit@10 : 0.7211    ndcg@10 : 0.4259    mrr@10 : 0.3348
Mon 09 Feb 2026 13:04:17 INFO  epoch 15 training [time: 31.22s, train loss: 2009.0871]
Mon 09 Feb 2026 13:04:19 INFO  epoch 15 evaluating [time: 2.00s, valid_score: 0.346300]
Mon 09 Feb 2026 13:04:19 INFO  valid result: 
hit@10 : 0.7381    ndcg@10 : 0.4392    mrr@10 : 0.3463
Mon 09 Feb 2026 13:04:19 INFO  Finished training, best eval result in epoch 4
Mon 09 Feb 2026 13:04:19 INFO  Loading model structure and parameters from saved\TimeWeaver-Feb-09-2026_12-55-21.pth
Mon 09 Feb 2026 13:04:22 INFO  The running environment of this training is as follows:
+-------------+----------------+
| Environment |     Usage      |
+=============+================+
| CPU         |     3.90 %     |
+-------------+----------------+
| GPU         | 0.16 G/6.00 G  |
+-------------+----------------+
| Memory      | 1.53 G/15.63 G |
+-------------+----------------+
Mon 09 Feb 2026 13:04:22 INFO  best valid : OrderedDict([('hit@10', 0.7285), ('ndcg@10', 0.4409), ('mrr@10', 0.3519)])
Mon 09 Feb 2026 13:04:22 INFO  test result: OrderedDict([('hit@10', 0.7073), ('ndcg@10', 0.4214), ('mrr@10', 0.333)])
