Wed 11 Feb 2026 15:02:19 INFO  ['F:\\桌面\\recommendation_system\\scripts\\run_grid.py', '--models', 'timeweaver', '--datasets', 'amazon-beauty-5core-subset', '--seeds', '42', '--device', 'gpu', '--timeweaver-variant', 'base', '--tag', 'e0p05_k9_d0p5_l1_f256_b1000', '--output', 'results/run_grid_timeweaver_tune.json', '--tw-ema-decay', '0.05', '--tw-tcn-kernel', '9', '--tw-hidden-dropout', '0.5', '--tw-num-layers', '1', '--tw-ffn-hidden', '256', '--tw-time-bucket', '1000']
Wed 11 Feb 2026 15:02:19 INFO  
General Hyper Parameters:
gpu_id = 0
use_gpu = True
seed = 42
state = INFO
reproducibility = True
data_path = data/amazon\amazon-beauty-5core-subset
checkpoint_dir = saved
show_progress = True
save_dataset = False
dataset_save_path = None
save_dataloaders = False
dataloaders_save_path = None
log_wandb = False

Training Hyper Parameters:
epochs = 100
train_batch_size = 256
learner = adam
learning_rate = 0.001
train_neg_sample_args = {'distribution': 'none', 'sample_num': 'none', 'alpha': 'none', 'dynamic': False, 'candidate_num': 0}
eval_step = 1
stopping_step = 10
clip_grad_norm = None
weight_decay = 0.0
loss_decimal_place = 4

Evaluation Hyper Parameters:
eval_args = {'split': {'LS': 'valid_and_test'}, 'order': 'TO', 'group_by': 'user', 'mode': {'valid': 'uni100', 'test': 'uni100'}}
repeatable = True
metrics = ['Hit', 'NDCG', 'MRR']
topk = [10]
valid_metric = MRR@10
valid_metric_bigger = True
eval_batch_size = 512
metric_decimal_place = 4

Dataset Hyper Parameters:
field_separator = 	
seq_separator =  
USER_ID_FIELD = user_id
ITEM_ID_FIELD = item_id
RATING_FIELD = rating
TIME_FIELD = timestamp
seq_len = None
LABEL_FIELD = label
threshold = None
NEG_PREFIX = neg_
load_col = {'inter': ['user_id', 'item_id', 'rating', 'timestamp']}
unload_col = None
unused_col = None
additional_feat_suffix = None
rm_dup_inter = None
val_interval = None
filter_inter_by_user_or_item = True
user_inter_num_interval = [0,inf)
item_inter_num_interval = [0,inf)
alias_of_user_id = None
alias_of_item_id = None
alias_of_entity_id = None
alias_of_relation_id = None
preload_weight = None
normalize_field = None
normalize_all = None
ITEM_LIST_LENGTH_FIELD = item_length
LIST_SUFFIX = _list
MAX_ITEM_LIST_LENGTH = 32
POSITION_FIELD = position_id
HEAD_ENTITY_ID_FIELD = head_id
TAIL_ENTITY_ID_FIELD = tail_id
RELATION_ID_FIELD = relation_id
ENTITY_ID_FIELD = entity_id
benchmark_filename = None

Other Hyper Parameters: 
worker = 0
wandb_project = recbole
shuffle = True
require_pow = False
enable_amp = False
enable_scaler = False
transform = None
numerical_features = []
discretization = None
kg_reverse_r = False
entity_kg_num_interval = [0,inf)
relation_kg_num_interval = [0,inf)
MODEL_TYPE = ModelType.SEQUENTIAL
model_name = TimeWeaver
hidden_size = 64
num_layers = 1
hidden_dropout_prob = 0.5
initializer_range = 0.02
time_bucket_size = 1000
ema_decay = 0.05
tcn_kernel_size = 9
ffn_hidden_size = 256
loss_type = CE
early_stop = 10
neg_sampling = None
device = cuda
use_continuous_time = False
use_time_gate = False
use_time_augmentation = False
MODEL_INPUT_TYPE = InputType.POINTWISE
eval_type = EvaluatorType.RANKING
single_spec = True
local_rank = 0
valid_neg_sample_args = {'distribution': 'uniform', 'sample_num': 100}
test_neg_sample_args = {'distribution': 'uniform', 'sample_num': 100}


Wed 11 Feb 2026 15:02:19 INFO  amazon-beauty-5core-subset
The number of users: 7001
Average actions of users: 15.458
The number of items: 11924
Average actions of items: 9.075400486454752
The number of inters: 108206
The sparsity of the dataset: 99.87038081155896%
Remain Fields: ['user_id', 'item_id', 'rating', 'timestamp']
Wed 11 Feb 2026 15:02:21 INFO  [Training]: train_batch_size = [256] train_neg_sample_args: [{'distribution': 'none', 'sample_num': 'none', 'alpha': 'none', 'dynamic': False, 'candidate_num': 0}]
Wed 11 Feb 2026 15:02:21 INFO  [Evaluation]: eval_batch_size = [512] eval_args: [{'split': {'LS': 'valid_and_test'}, 'order': 'TO', 'group_by': 'user', 'mode': {'valid': 'uni100', 'test': 'uni100'}}]
Wed 11 Feb 2026 15:02:21 INFO  TimeWeaver(
  (item_embedding): Embedding(11924, 64, padding_idx=0)
  (time_aug): TimeAwareAugmentation(
    (pos_embedding): Embedding(32, 64)
    (time_embedding): Embedding(1000, 64)
    (layer_norm): LayerNorm((64,), eps=1e-05, elementwise_affine=True)
    (drop): Dropout(p=0.5, inplace=False)
  )
  (context_layers): ModuleList(
    (0): TCNNextBlock(
      (dw): DepthwiseConv1d(
        (conv): Conv1d(64, 64, kernel_size=(9,), stride=(1,), padding=(4,), groups=64)
        (bn): BatchNorm1d(64, eps=1e-05, momentum=0.1, affine=True, track_running_stats=True)
        (drop): Dropout(p=0.5, inplace=False)
      )
      (norm1): LayerNorm((64,), eps=1e-05, elementwise_affine=True)
      (conv_inter): ParallelConvInter(
        (conv1): Conv1d(64, 64, kernel_size=(1,), stride=(1,))
        (conv3): Conv1d(64, 64, kernel_size=(3,), stride=(1,), padding=(1,))
        (proj): Conv1d(64, 64, kernel_size=(1,), stride=(1,))
        (drop): Dropout(p=0.5, inplace=False)
      )
      (norm2): LayerNorm((64,), eps=1e-05, elementwise_affine=True)
      (ffn): Sequential(
        (0): Linear(in_features=64, out_features=256, bias=True)
        (1): GELU(approximate='none')
        (2): Dropout(p=0.5, inplace=False)
        (3): Linear(in_features=256, out_features=64, bias=True)
        (4): Dropout(p=0.5, inplace=False)
      )
      (norm3): LayerNorm((64,), eps=1e-05, elementwise_affine=True)
    )
  )
  (dynamic_layers): ModuleList(
    (0): EMAStream(
      (proj): Linear(in_features=64, out_features=64, bias=True)
    )
  )
  (weavers): ModuleList(
    (0): StreamWeaver(
      (proj): Linear(in_features=128, out_features=64, bias=True)
      (norm): LayerNorm((64,), eps=1e-05, elementwise_affine=True)
    )
  )
  (loss_fct): CrossEntropyLoss()
)
Trainable parameters: 896769.0
Wed 11 Feb 2026 15:02:21 INFO  FLOPs: 2150400.0
Wed 11 Feb 2026 15:02:39 INFO  epoch 0 training [time: 16.43s, train loss: 2941.8922]
Wed 11 Feb 2026 15:02:47 INFO  epoch 0 evaluating [time: 7.73s, valid_score: 0.210000]
Wed 11 Feb 2026 15:02:47 INFO  valid result: 
hit@10 : 0.4521    ndcg@10 : 0.2673    mrr@10 : 0.21
Wed 11 Feb 2026 15:02:47 INFO  Saving current: saved\TimeWeaver-Feb-11-2026_15-02-21.pth
Wed 11 Feb 2026 15:03:03 INFO  epoch 1 training [time: 16.47s, train loss: 2687.4616]
Wed 11 Feb 2026 15:03:11 INFO  epoch 1 evaluating [time: 8.03s, valid_score: 0.281300]
Wed 11 Feb 2026 15:03:11 INFO  valid result: 
hit@10 : 0.4907    ndcg@10 : 0.3312    mrr@10 : 0.2813
Wed 11 Feb 2026 15:03:11 INFO  Saving current: saved\TimeWeaver-Feb-11-2026_15-02-21.pth
Wed 11 Feb 2026 15:03:29 INFO  epoch 2 training [time: 17.40s, train loss: 2531.2840]
Wed 11 Feb 2026 15:03:37 INFO  epoch 2 evaluating [time: 8.21s, valid_score: 0.323100]
Wed 11 Feb 2026 15:03:37 INFO  valid result: 
hit@10 : 0.521    ndcg@10 : 0.3705    mrr@10 : 0.3231
Wed 11 Feb 2026 15:03:37 INFO  Saving current: saved\TimeWeaver-Feb-11-2026_15-02-21.pth
Wed 11 Feb 2026 15:03:54 INFO  epoch 3 training [time: 17.13s, train loss: 2413.3188]
Wed 11 Feb 2026 15:04:02 INFO  epoch 3 evaluating [time: 8.30s, valid_score: 0.342100]
Wed 11 Feb 2026 15:04:02 INFO  valid result: 
hit@10 : 0.538    ndcg@10 : 0.3888    mrr@10 : 0.3421
Wed 11 Feb 2026 15:04:02 INFO  Saving current: saved\TimeWeaver-Feb-11-2026_15-02-21.pth
Wed 11 Feb 2026 15:04:19 INFO  epoch 4 training [time: 16.20s, train loss: 2318.3530]
Wed 11 Feb 2026 15:04:26 INFO  epoch 4 evaluating [time: 7.64s, valid_score: 0.343700]
Wed 11 Feb 2026 15:04:26 INFO  valid result: 
hit@10 : 0.5287    ndcg@10 : 0.3878    mrr@10 : 0.3437
Wed 11 Feb 2026 15:04:26 INFO  Saving current: saved\TimeWeaver-Feb-11-2026_15-02-21.pth
Wed 11 Feb 2026 15:04:43 INFO  epoch 5 training [time: 16.59s, train loss: 2238.3643]
Wed 11 Feb 2026 15:04:51 INFO  epoch 5 evaluating [time: 8.10s, valid_score: 0.343500]
Wed 11 Feb 2026 15:04:51 INFO  valid result: 
hit@10 : 0.5226    ndcg@10 : 0.3862    mrr@10 : 0.3435
Wed 11 Feb 2026 15:05:08 INFO  epoch 6 training [time: 16.72s, train loss: 2170.8224]
Wed 11 Feb 2026 15:05:15 INFO  epoch 6 evaluating [time: 7.79s, valid_score: 0.344300]
Wed 11 Feb 2026 15:05:15 INFO  valid result: 
hit@10 : 0.5291    ndcg@10 : 0.3885    mrr@10 : 0.3443
Wed 11 Feb 2026 15:05:15 INFO  Saving current: saved\TimeWeaver-Feb-11-2026_15-02-21.pth
Wed 11 Feb 2026 15:05:32 INFO  epoch 7 training [time: 16.26s, train loss: 2118.3660]
Wed 11 Feb 2026 15:05:40 INFO  epoch 7 evaluating [time: 8.03s, valid_score: 0.345700]
Wed 11 Feb 2026 15:05:40 INFO  valid result: 
hit@10 : 0.5323    ndcg@10 : 0.3903    mrr@10 : 0.3457
Wed 11 Feb 2026 15:05:40 INFO  Saving current: saved\TimeWeaver-Feb-11-2026_15-02-21.pth
Wed 11 Feb 2026 15:05:57 INFO  epoch 8 training [time: 16.86s, train loss: 2076.0647]
Wed 11 Feb 2026 15:06:05 INFO  epoch 8 evaluating [time: 8.16s, valid_score: 0.345100]
Wed 11 Feb 2026 15:06:05 INFO  valid result: 
hit@10 : 0.5277    ndcg@10 : 0.3886    mrr@10 : 0.3451
Wed 11 Feb 2026 15:06:22 INFO  epoch 9 training [time: 16.92s, train loss: 2040.3141]
Wed 11 Feb 2026 15:06:30 INFO  epoch 9 evaluating [time: 8.13s, valid_score: 0.348200]
Wed 11 Feb 2026 15:06:30 INFO  valid result: 
hit@10 : 0.5337    ndcg@10 : 0.3924    mrr@10 : 0.3482
Wed 11 Feb 2026 15:06:30 INFO  Saving current: saved\TimeWeaver-Feb-11-2026_15-02-21.pth
Wed 11 Feb 2026 15:06:46 INFO  epoch 10 training [time: 16.63s, train loss: 2009.9389]
Wed 11 Feb 2026 15:06:54 INFO  epoch 10 evaluating [time: 7.64s, valid_score: 0.346400]
Wed 11 Feb 2026 15:06:54 INFO  valid result: 
hit@10 : 0.5324    ndcg@10 : 0.3907    mrr@10 : 0.3464
Wed 11 Feb 2026 15:07:11 INFO  epoch 11 training [time: 16.87s, train loss: 1985.6531]
Wed 11 Feb 2026 15:07:19 INFO  epoch 11 evaluating [time: 7.98s, valid_score: 0.347700]
Wed 11 Feb 2026 15:07:19 INFO  valid result: 
hit@10 : 0.5356    ndcg@10 : 0.3924    mrr@10 : 0.3477
Wed 11 Feb 2026 15:07:36 INFO  epoch 12 training [time: 17.46s, train loss: 1963.4642]
Wed 11 Feb 2026 15:07:45 INFO  epoch 12 evaluating [time: 8.54s, valid_score: 0.348700]
Wed 11 Feb 2026 15:07:45 INFO  valid result: 
hit@10 : 0.5327    ndcg@10 : 0.3926    mrr@10 : 0.3487
Wed 11 Feb 2026 15:07:45 INFO  Saving current: saved\TimeWeaver-Feb-11-2026_15-02-21.pth
Wed 11 Feb 2026 15:08:02 INFO  epoch 13 training [time: 17.24s, train loss: 1942.3479]
Wed 11 Feb 2026 15:08:10 INFO  epoch 13 evaluating [time: 7.84s, valid_score: 0.346400]
Wed 11 Feb 2026 15:08:10 INFO  valid result: 
hit@10 : 0.5349    ndcg@10 : 0.3912    mrr@10 : 0.3464
Wed 11 Feb 2026 15:08:26 INFO  epoch 14 training [time: 16.35s, train loss: 1924.6169]
Wed 11 Feb 2026 15:08:34 INFO  epoch 14 evaluating [time: 7.79s, valid_score: 0.347400]
Wed 11 Feb 2026 15:08:34 INFO  valid result: 
hit@10 : 0.5359    ndcg@10 : 0.3922    mrr@10 : 0.3474
Wed 11 Feb 2026 15:08:51 INFO  epoch 15 training [time: 16.87s, train loss: 1906.1391]
Wed 11 Feb 2026 15:08:59 INFO  epoch 15 evaluating [time: 8.14s, valid_score: 0.342000]
Wed 11 Feb 2026 15:08:59 INFO  valid result: 
hit@10 : 0.5311    ndcg@10 : 0.387    mrr@10 : 0.342
Wed 11 Feb 2026 15:09:16 INFO  epoch 16 training [time: 16.53s, train loss: 1893.0055]
Wed 11 Feb 2026 15:09:24 INFO  epoch 16 evaluating [time: 7.79s, valid_score: 0.344000]
Wed 11 Feb 2026 15:09:24 INFO  valid result: 
hit@10 : 0.5367    ndcg@10 : 0.3898    mrr@10 : 0.344
Wed 11 Feb 2026 15:09:40 INFO  epoch 17 training [time: 16.59s, train loss: 1876.6460]
Wed 11 Feb 2026 15:09:48 INFO  epoch 17 evaluating [time: 8.14s, valid_score: 0.340900]
Wed 11 Feb 2026 15:09:48 INFO  valid result: 
hit@10 : 0.5337    ndcg@10 : 0.3868    mrr@10 : 0.3409
Wed 11 Feb 2026 15:10:05 INFO  epoch 18 training [time: 16.84s, train loss: 1862.9418]
Wed 11 Feb 2026 15:10:13 INFO  epoch 18 evaluating [time: 8.12s, valid_score: 0.343400]
Wed 11 Feb 2026 15:10:13 INFO  valid result: 
hit@10 : 0.5391    ndcg@10 : 0.3899    mrr@10 : 0.3434
Wed 11 Feb 2026 15:10:30 INFO  epoch 19 training [time: 16.89s, train loss: 1851.5791]
Wed 11 Feb 2026 15:10:38 INFO  epoch 19 evaluating [time: 7.86s, valid_score: 0.341100]
Wed 11 Feb 2026 15:10:38 INFO  valid result: 
hit@10 : 0.5353    ndcg@10 : 0.3872    mrr@10 : 0.3411
Wed 11 Feb 2026 15:10:54 INFO  epoch 20 training [time: 16.51s, train loss: 1838.3221]
Wed 11 Feb 2026 15:11:02 INFO  epoch 20 evaluating [time: 7.74s, valid_score: 0.341600]
Wed 11 Feb 2026 15:11:02 INFO  valid result: 
hit@10 : 0.535    ndcg@10 : 0.3874    mrr@10 : 0.3416
Wed 11 Feb 2026 15:11:20 INFO  epoch 21 training [time: 17.57s, train loss: 1823.4841]
Wed 11 Feb 2026 15:11:28 INFO  epoch 21 evaluating [time: 7.95s, valid_score: 0.343300]
Wed 11 Feb 2026 15:11:28 INFO  valid result: 
hit@10 : 0.535    ndcg@10 : 0.3888    mrr@10 : 0.3433
Wed 11 Feb 2026 15:11:45 INFO  epoch 22 training [time: 17.32s, train loss: 1813.9466]
Wed 11 Feb 2026 15:11:53 INFO  epoch 22 evaluating [time: 8.38s, valid_score: 0.343400]
Wed 11 Feb 2026 15:11:53 INFO  valid result: 
hit@10 : 0.535    ndcg@10 : 0.3888    mrr@10 : 0.3434
Wed 11 Feb 2026 15:12:10 INFO  epoch 23 training [time: 16.89s, train loss: 1802.7766]
Wed 11 Feb 2026 15:12:18 INFO  epoch 23 evaluating [time: 7.76s, valid_score: 0.340400]
Wed 11 Feb 2026 15:12:18 INFO  valid result: 
hit@10 : 0.5336    ndcg@10 : 0.3863    mrr@10 : 0.3404
Wed 11 Feb 2026 15:12:18 INFO  Finished training, best eval result in epoch 12
Wed 11 Feb 2026 15:12:18 INFO  Loading model structure and parameters from saved\TimeWeaver-Feb-11-2026_15-02-21.pth
Wed 11 Feb 2026 15:12:27 INFO  The running environment of this training is as follows:
+-------------+----------------+
| Environment |     Usage      |
+=============+================+
| CPU         |     3.60 %     |
+-------------+----------------+
| GPU         | 0.18 G/6.00 G  |
+-------------+----------------+
| Memory      | 1.44 G/15.63 G |
+-------------+----------------+
Wed 11 Feb 2026 15:12:27 INFO  best valid : OrderedDict([('hit@10', 0.5327), ('ndcg@10', 0.3926), ('mrr@10', 0.3487)])
Wed 11 Feb 2026 15:12:27 INFO  test result: OrderedDict([('hit@10', 0.4976), ('ndcg@10', 0.3525), ('mrr@10', 0.3073)])
