Tue 10 Mar 2026 16:30:10 INFO  ['F:\\桌面\\recommendation_system\\scripts\\run_grid.py', '--models', 'timeweaver', '--datasets', 'amazon-sports-5core-longseq-full', '--timeweaver-variant', 'aug_only', '--seeds', '42,2023,2024', '--device', 'gpu', '--output', 'results/timeweaver_sportslong_ablation_full.json', '--skip-if-done']
Tue 10 Mar 2026 16:30:10 INFO  
General Hyper Parameters:
gpu_id = 0
use_gpu = True
seed = 42
state = INFO
reproducibility = True
data_path = data/amazon\amazon-sports-5core-longseq
checkpoint_dir = saved
show_progress = True
save_dataset = False
dataset_save_path = None
save_dataloaders = False
dataloaders_save_path = None
log_wandb = False

Training Hyper Parameters:
epochs = 100
train_batch_size = 256
learner = adam
learning_rate = 0.001
train_neg_sample_args = {'distribution': 'none', 'sample_num': 'none', 'alpha': 'none', 'dynamic': False, 'candidate_num': 0}
eval_step = 1
stopping_step = 10
clip_grad_norm = None
weight_decay = 0.0
loss_decimal_place = 4

Evaluation Hyper Parameters:
eval_args = {'split': {'LS': 'valid_and_test'}, 'order': 'TO', 'group_by': 'user', 'mode': {'valid': 'full', 'test': 'full'}}
repeatable = True
metrics = ['Hit', 'NDCG', 'MRR']
topk = [10]
valid_metric = Hit@10
valid_metric_bigger = True
eval_batch_size = 512
metric_decimal_place = 4

Dataset Hyper Parameters:
field_separator = 	
seq_separator =  
USER_ID_FIELD = user_id
ITEM_ID_FIELD = item_id
RATING_FIELD = rating
TIME_FIELD = timestamp
seq_len = None
LABEL_FIELD = label
threshold = None
NEG_PREFIX = neg_
load_col = {'inter': ['user_id', 'item_id', 'rating', 'timestamp']}
unload_col = None
unused_col = None
additional_feat_suffix = None
rm_dup_inter = None
val_interval = None
filter_inter_by_user_or_item = True
user_inter_num_interval = [0,inf)
item_inter_num_interval = [0,inf)
alias_of_user_id = None
alias_of_item_id = None
alias_of_entity_id = None
alias_of_relation_id = None
preload_weight = None
normalize_field = None
normalize_all = None
ITEM_LIST_LENGTH_FIELD = item_length
LIST_SUFFIX = _list
MAX_ITEM_LIST_LENGTH = 32
POSITION_FIELD = position_id
HEAD_ENTITY_ID_FIELD = head_id
TAIL_ENTITY_ID_FIELD = tail_id
RELATION_ID_FIELD = relation_id
ENTITY_ID_FIELD = entity_id
benchmark_filename = None

Other Hyper Parameters: 
worker = 0
wandb_project = recbole
shuffle = True
require_pow = False
enable_amp = False
enable_scaler = False
transform = None
numerical_features = []
discretization = None
kg_reverse_r = False
entity_kg_num_interval = [0,inf)
relation_kg_num_interval = [0,inf)
MODEL_TYPE = ModelType.SEQUENTIAL
model_name = TimeWeaver
hidden_size = 64
num_layers = 2
hidden_dropout_prob = 0.5
initializer_range = 0.02
time_bucket_size = 1000
ema_decay = 0.5
tcn_kernel_size = -1
ffn_hidden_size = 256
loss_type = CE
early_stop = 10
neg_sampling = None
device = cuda
use_continuous_time = False
use_time_gate = False
use_time_augmentation = True
MODEL_INPUT_TYPE = InputType.POINTWISE
eval_type = EvaluatorType.RANKING
single_spec = True
local_rank = 0
valid_neg_sample_args = {'distribution': 'uniform', 'sample_num': 'none'}
test_neg_sample_args = {'distribution': 'uniform', 'sample_num': 'none'}


Tue 10 Mar 2026 16:30:10 INFO  amazon-sports-5core-longseq
The number of users: 2181
Average actions of users: 25.74678899082569
The number of items: 14556
Average actions of items: 3.8562693232566128
The number of inters: 56128
The sparsity of the dataset: 99.82320016520806%
Remain Fields: ['user_id', 'item_id', 'rating', 'timestamp']
Tue 10 Mar 2026 16:30:11 INFO  [Training]: train_batch_size = [256] train_neg_sample_args: [{'distribution': 'none', 'sample_num': 'none', 'alpha': 'none', 'dynamic': False, 'candidate_num': 0}]
Tue 10 Mar 2026 16:30:11 INFO  [Evaluation]: eval_batch_size = [512] eval_args: [{'split': {'LS': 'valid_and_test'}, 'order': 'TO', 'group_by': 'user', 'mode': {'valid': 'full', 'test': 'full'}}]
Tue 10 Mar 2026 16:30:12 INFO  TimeWeaver(
  (item_embedding): Embedding(14556, 64, padding_idx=0)
  (time_aug): TimeAwareAugmentation(
    (pos_embedding): Embedding(32, 64)
    (time_embedding): Embedding(1000, 64)
    (layer_norm): LayerNorm((64,), eps=1e-05, elementwise_affine=True)
    (drop): Dropout(p=0.5, inplace=False)
  )
  (context_layers): ModuleList(
    (0-1): 2 x TCNNextBlock(
      (dw): DepthwiseConv1d(
        (conv): Conv1d(64, 64, kernel_size=(11,), stride=(1,), padding=(5,), groups=64)
        (bn): BatchNorm1d(64, eps=1e-05, momentum=0.1, affine=True, track_running_stats=True)
        (drop): Dropout(p=0.5, inplace=False)
      )
      (norm1): LayerNorm((64,), eps=1e-05, elementwise_affine=True)
      (conv_inter): ParallelConvInter(
        (conv1): Conv1d(64, 64, kernel_size=(1,), stride=(1,))
        (conv3): Conv1d(64, 64, kernel_size=(3,), stride=(1,), padding=(1,))
        (proj): Conv1d(64, 64, kernel_size=(1,), stride=(1,))
        (drop): Dropout(p=0.5, inplace=False)
      )
      (norm2): LayerNorm((64,), eps=1e-05, elementwise_affine=True)
      (ffn): Sequential(
        (0): Linear(in_features=64, out_features=256, bias=True)
        (1): GELU(approximate='none')
        (2): Dropout(p=0.5, inplace=False)
        (3): Linear(in_features=256, out_features=64, bias=True)
        (4): Dropout(p=0.5, inplace=False)
      )
      (norm3): LayerNorm((64,), eps=1e-05, elementwise_affine=True)
    )
  )
  (dynamic_layers): ModuleList(
    (0-1): 2 x EMAStream(
      (proj): Linear(in_features=64, out_features=64, bias=True)
    )
  )
  (weavers): ModuleList(
    (0-1): 2 x StreamWeaver(
      (proj): Linear(in_features=128, out_features=64, bias=True)
      (norm): LayerNorm((64,), eps=1e-05, elementwise_affine=True)
    )
  )
  (loss_fct): CrossEntropyLoss()
)
Trainable parameters: 1132929.0
Tue 10 Mar 2026 16:30:12 INFO  FLOPs: 4298752.0
Tue 10 Mar 2026 16:30:31 INFO  epoch 0 training [time: 17.82s, train loss: 1809.4322]
Tue 10 Mar 2026 16:30:31 INFO  epoch 0 evaluating [time: 0.09s, valid_score: 0.012400]
Tue 10 Mar 2026 16:30:31 INFO  valid result: 
hit@10 : 0.0124    ndcg@10 : 0.0063    mrr@10 : 0.0046
Tue 10 Mar 2026 16:30:31 INFO  Saving current: saved\TimeWeaver-Mar-10-2026_16-30-12.pth
Tue 10 Mar 2026 16:30:49 INFO  epoch 1 training [time: 17.93s, train loss: 1735.6456]
Tue 10 Mar 2026 16:30:49 INFO  epoch 1 evaluating [time: 0.07s, valid_score: 0.015100]
Tue 10 Mar 2026 16:30:49 INFO  valid result: 
hit@10 : 0.0151    ndcg@10 : 0.0072    mrr@10 : 0.0049
Tue 10 Mar 2026 16:30:49 INFO  Saving current: saved\TimeWeaver-Mar-10-2026_16-30-12.pth
Tue 10 Mar 2026 16:31:07 INFO  epoch 2 training [time: 18.08s, train loss: 1671.3945]
Tue 10 Mar 2026 16:31:07 INFO  epoch 2 evaluating [time: 0.07s, valid_score: 0.029400]
Tue 10 Mar 2026 16:31:07 INFO  valid result: 
hit@10 : 0.0294    ndcg@10 : 0.0134    mrr@10 : 0.0087
Tue 10 Mar 2026 16:31:07 INFO  Saving current: saved\TimeWeaver-Mar-10-2026_16-30-12.pth
Tue 10 Mar 2026 16:31:25 INFO  epoch 3 training [time: 18.03s, train loss: 1594.9921]
Tue 10 Mar 2026 16:31:25 INFO  epoch 3 evaluating [time: 0.08s, valid_score: 0.026600]
Tue 10 Mar 2026 16:31:25 INFO  valid result: 
hit@10 : 0.0266    ndcg@10 : 0.0131    mrr@10 : 0.009
Tue 10 Mar 2026 16:31:44 INFO  epoch 4 training [time: 18.13s, train loss: 1520.7400]
Tue 10 Mar 2026 16:31:44 INFO  epoch 4 evaluating [time: 0.07s, valid_score: 0.026100]
Tue 10 Mar 2026 16:31:44 INFO  valid result: 
hit@10 : 0.0261    ndcg@10 : 0.0124    mrr@10 : 0.0082
Tue 10 Mar 2026 16:32:07 INFO  epoch 5 training [time: 23.20s, train loss: 1447.3738]
Tue 10 Mar 2026 16:32:07 INFO  epoch 5 evaluating [time: 0.08s, valid_score: 0.028400]
Tue 10 Mar 2026 16:32:07 INFO  valid result: 
hit@10 : 0.0284    ndcg@10 : 0.0131    mrr@10 : 0.0084
Tue 10 Mar 2026 16:32:41 INFO  epoch 6 training [time: 34.08s, train loss: 1379.7535]
Tue 10 Mar 2026 16:32:41 INFO  epoch 6 evaluating [time: 0.07s, valid_score: 0.030300]
Tue 10 Mar 2026 16:32:41 INFO  valid result: 
hit@10 : 0.0303    ndcg@10 : 0.0131    mrr@10 : 0.0078
Tue 10 Mar 2026 16:32:41 INFO  Saving current: saved\TimeWeaver-Mar-10-2026_16-30-12.pth
Tue 10 Mar 2026 16:33:17 INFO  epoch 7 training [time: 36.06s, train loss: 1313.0760]
Tue 10 Mar 2026 16:33:17 INFO  epoch 7 evaluating [time: 0.07s, valid_score: 0.029400]
Tue 10 Mar 2026 16:33:17 INFO  valid result: 
hit@10 : 0.0294    ndcg@10 : 0.0131    mrr@10 : 0.0082
Tue 10 Mar 2026 16:33:54 INFO  epoch 8 training [time: 37.01s, train loss: 1254.2993]
Tue 10 Mar 2026 16:33:54 INFO  epoch 8 evaluating [time: 0.07s, valid_score: 0.033000]
Tue 10 Mar 2026 16:33:54 INFO  valid result: 
hit@10 : 0.033    ndcg@10 : 0.0148    mrr@10 : 0.0093
Tue 10 Mar 2026 16:33:54 INFO  Saving current: saved\TimeWeaver-Mar-10-2026_16-30-12.pth
Tue 10 Mar 2026 16:34:31 INFO  epoch 9 training [time: 36.40s, train loss: 1202.9838]
Tue 10 Mar 2026 16:34:31 INFO  epoch 9 evaluating [time: 0.08s, valid_score: 0.033000]
Tue 10 Mar 2026 16:34:31 INFO  valid result: 
hit@10 : 0.033    ndcg@10 : 0.0143    mrr@10 : 0.0087
Tue 10 Mar 2026 16:34:31 INFO  Saving current: saved\TimeWeaver-Mar-10-2026_16-30-12.pth
Tue 10 Mar 2026 16:35:07 INFO  epoch 10 training [time: 36.28s, train loss: 1156.9683]
Tue 10 Mar 2026 16:35:07 INFO  epoch 10 evaluating [time: 0.07s, valid_score: 0.031700]
Tue 10 Mar 2026 16:35:07 INFO  valid result: 
hit@10 : 0.0317    ndcg@10 : 0.0143    mrr@10 : 0.0091
Tue 10 Mar 2026 16:35:44 INFO  epoch 11 training [time: 36.53s, train loss: 1114.9117]
Tue 10 Mar 2026 16:35:44 INFO  epoch 11 evaluating [time: 0.07s, valid_score: 0.032100]
Tue 10 Mar 2026 16:35:44 INFO  valid result: 
hit@10 : 0.0321    ndcg@10 : 0.0144    mrr@10 : 0.009
Tue 10 Mar 2026 16:36:21 INFO  epoch 12 training [time: 37.49s, train loss: 1083.2439]
Tue 10 Mar 2026 16:36:21 INFO  epoch 12 evaluating [time: 0.08s, valid_score: 0.031200]
Tue 10 Mar 2026 16:36:21 INFO  valid result: 
hit@10 : 0.0312    ndcg@10 : 0.0136    mrr@10 : 0.0083
Tue 10 Mar 2026 16:36:58 INFO  epoch 13 training [time: 36.69s, train loss: 1053.1979]
Tue 10 Mar 2026 16:36:58 INFO  epoch 13 evaluating [time: 0.07s, valid_score: 0.033900]
Tue 10 Mar 2026 16:36:58 INFO  valid result: 
hit@10 : 0.0339    ndcg@10 : 0.0144    mrr@10 : 0.0085
Tue 10 Mar 2026 16:36:58 INFO  Saving current: saved\TimeWeaver-Mar-10-2026_16-30-12.pth
Tue 10 Mar 2026 16:37:35 INFO  epoch 14 training [time: 36.72s, train loss: 1023.0896]
Tue 10 Mar 2026 16:37:35 INFO  epoch 14 evaluating [time: 0.07s, valid_score: 0.030700]
Tue 10 Mar 2026 16:37:35 INFO  valid result: 
hit@10 : 0.0307    ndcg@10 : 0.0134    mrr@10 : 0.0082
Tue 10 Mar 2026 16:38:12 INFO  epoch 15 training [time: 37.06s, train loss: 999.6533]
Tue 10 Mar 2026 16:38:12 INFO  epoch 15 evaluating [time: 0.07s, valid_score: 0.028900]
Tue 10 Mar 2026 16:38:12 INFO  valid result: 
hit@10 : 0.0289    ndcg@10 : 0.0129    mrr@10 : 0.0081
Tue 10 Mar 2026 16:38:48 INFO  epoch 16 training [time: 36.37s, train loss: 976.9466]
Tue 10 Mar 2026 16:38:48 INFO  epoch 16 evaluating [time: 0.07s, valid_score: 0.024300]
Tue 10 Mar 2026 16:38:48 INFO  valid result: 
hit@10 : 0.0243    ndcg@10 : 0.0107    mrr@10 : 0.0066
Tue 10 Mar 2026 16:39:25 INFO  epoch 17 training [time: 36.44s, train loss: 953.2237]
Tue 10 Mar 2026 16:39:25 INFO  epoch 17 evaluating [time: 0.04s, valid_score: 0.026100]
Tue 10 Mar 2026 16:39:25 INFO  valid result: 
hit@10 : 0.0261    ndcg@10 : 0.0119    mrr@10 : 0.0076
Tue 10 Mar 2026 16:40:02 INFO  epoch 18 training [time: 37.36s, train loss: 934.9363]
Tue 10 Mar 2026 16:40:02 INFO  epoch 18 evaluating [time: 0.07s, valid_score: 0.025200]
Tue 10 Mar 2026 16:40:02 INFO  valid result: 
hit@10 : 0.0252    ndcg@10 : 0.0108    mrr@10 : 0.0065
Tue 10 Mar 2026 16:40:40 INFO  epoch 19 training [time: 37.50s, train loss: 914.5796]
Tue 10 Mar 2026 16:40:40 INFO  epoch 19 evaluating [time: 0.07s, valid_score: 0.027500]
Tue 10 Mar 2026 16:40:40 INFO  valid result: 
hit@10 : 0.0275    ndcg@10 : 0.0124    mrr@10 : 0.0079
Tue 10 Mar 2026 16:41:16 INFO  epoch 20 training [time: 35.94s, train loss: 896.3087]
Tue 10 Mar 2026 16:41:16 INFO  epoch 20 evaluating [time: 0.08s, valid_score: 0.025700]
Tue 10 Mar 2026 16:41:16 INFO  valid result: 
hit@10 : 0.0257    ndcg@10 : 0.0114    mrr@10 : 0.0071
Tue 10 Mar 2026 16:41:53 INFO  epoch 21 training [time: 36.80s, train loss: 880.3315]
Tue 10 Mar 2026 16:41:53 INFO  epoch 21 evaluating [time: 0.08s, valid_score: 0.023400]
Tue 10 Mar 2026 16:41:53 INFO  valid result: 
hit@10 : 0.0234    ndcg@10 : 0.0106    mrr@10 : 0.0069
Tue 10 Mar 2026 16:42:29 INFO  epoch 22 training [time: 36.36s, train loss: 861.7274]
Tue 10 Mar 2026 16:42:29 INFO  epoch 22 evaluating [time: 0.07s, valid_score: 0.023400]
Tue 10 Mar 2026 16:42:29 INFO  valid result: 
hit@10 : 0.0234    ndcg@10 : 0.0115    mrr@10 : 0.0079
Tue 10 Mar 2026 16:43:06 INFO  epoch 23 training [time: 36.42s, train loss: 847.2593]
Tue 10 Mar 2026 16:43:06 INFO  epoch 23 evaluating [time: 0.05s, valid_score: 0.023400]
Tue 10 Mar 2026 16:43:06 INFO  valid result: 
hit@10 : 0.0234    ndcg@10 : 0.0113    mrr@10 : 0.0076
Tue 10 Mar 2026 16:43:42 INFO  epoch 24 training [time: 36.39s, train loss: 834.8099]
Tue 10 Mar 2026 16:43:42 INFO  epoch 24 evaluating [time: 0.08s, valid_score: 0.024800]
Tue 10 Mar 2026 16:43:42 INFO  valid result: 
hit@10 : 0.0248    ndcg@10 : 0.0118    mrr@10 : 0.0079
Tue 10 Mar 2026 16:43:42 INFO  Finished training, best eval result in epoch 13
Tue 10 Mar 2026 16:43:42 INFO  Loading model structure and parameters from saved\TimeWeaver-Mar-10-2026_16-30-12.pth
Tue 10 Mar 2026 16:43:43 INFO  The running environment of this training is as follows:
+-------------+----------------+
| Environment |     Usage      |
+=============+================+
| CPU         |     7.10 %     |
+-------------+----------------+
| GPU         | 0.33 G/6.00 G  |
+-------------+----------------+
| Memory      | 1.60 G/15.63 G |
+-------------+----------------+
Tue 10 Mar 2026 16:43:43 INFO  best valid : OrderedDict([('hit@10', 0.0339), ('ndcg@10', 0.0144), ('mrr@10', 0.0085)])
Tue 10 Mar 2026 16:43:43 INFO  test result: OrderedDict([('hit@10', 0.0216), ('ndcg@10', 0.01), ('mrr@10', 0.0066)])
Tue 10 Mar 2026 16:43:43 WARNING  command line args [--models timeweaver --datasets amazon-sports-5core-longseq-full --timeweaver-variant aug_only --seeds 42,2023,2024 --device gpu --output results/timeweaver_sportslong_ablation_full.json --skip-if-done] will not be used in RecBole
Tue 10 Mar 2026 16:43:43 INFO  ['F:\\桌面\\recommendation_system\\scripts\\run_grid.py', '--models', 'timeweaver', '--datasets', 'amazon-sports-5core-longseq-full', '--timeweaver-variant', 'aug_only', '--seeds', '42,2023,2024', '--device', 'gpu', '--output', 'results/timeweaver_sportslong_ablation_full.json', '--skip-if-done']
Tue 10 Mar 2026 16:43:43 INFO  
General Hyper Parameters:
gpu_id = 0
use_gpu = True
seed = 2023
state = INFO
reproducibility = True
data_path = data/amazon\amazon-sports-5core-longseq
checkpoint_dir = saved
show_progress = True
save_dataset = False
dataset_save_path = None
save_dataloaders = False
dataloaders_save_path = None
log_wandb = False

Training Hyper Parameters:
epochs = 100
train_batch_size = 256
learner = adam
learning_rate = 0.001
train_neg_sample_args = {'distribution': 'none', 'sample_num': 'none', 'alpha': 'none', 'dynamic': False, 'candidate_num': 0}
eval_step = 1
stopping_step = 10
clip_grad_norm = None
weight_decay = 0.0
loss_decimal_place = 4

Evaluation Hyper Parameters:
eval_args = {'split': {'LS': 'valid_and_test'}, 'order': 'TO', 'group_by': 'user', 'mode': {'valid': 'full', 'test': 'full'}}
repeatable = True
metrics = ['Hit', 'NDCG', 'MRR']
topk = [10]
valid_metric = Hit@10
valid_metric_bigger = True
eval_batch_size = 512
metric_decimal_place = 4

Dataset Hyper Parameters:
field_separator = 	
seq_separator =  
USER_ID_FIELD = user_id
ITEM_ID_FIELD = item_id
RATING_FIELD = rating
TIME_FIELD = timestamp
seq_len = None
LABEL_FIELD = label
threshold = None
NEG_PREFIX = neg_
load_col = {'inter': ['user_id', 'item_id', 'rating', 'timestamp']}
unload_col = None
unused_col = None
additional_feat_suffix = None
rm_dup_inter = None
val_interval = None
filter_inter_by_user_or_item = True
user_inter_num_interval = [0,inf)
item_inter_num_interval = [0,inf)
alias_of_user_id = None
alias_of_item_id = None
alias_of_entity_id = None
alias_of_relation_id = None
preload_weight = None
normalize_field = None
normalize_all = None
ITEM_LIST_LENGTH_FIELD = item_length
LIST_SUFFIX = _list
MAX_ITEM_LIST_LENGTH = 32
POSITION_FIELD = position_id
HEAD_ENTITY_ID_FIELD = head_id
TAIL_ENTITY_ID_FIELD = tail_id
RELATION_ID_FIELD = relation_id
ENTITY_ID_FIELD = entity_id
benchmark_filename = None

Other Hyper Parameters: 
worker = 0
wandb_project = recbole
shuffle = True
require_pow = False
enable_amp = False
enable_scaler = False
transform = None
numerical_features = []
discretization = None
kg_reverse_r = False
entity_kg_num_interval = [0,inf)
relation_kg_num_interval = [0,inf)
MODEL_TYPE = ModelType.SEQUENTIAL
model_name = TimeWeaver
hidden_size = 64
num_layers = 2
hidden_dropout_prob = 0.5
initializer_range = 0.02
time_bucket_size = 1000
ema_decay = 0.5
tcn_kernel_size = -1
ffn_hidden_size = 256
loss_type = CE
early_stop = 10
neg_sampling = None
device = cuda
use_continuous_time = False
use_time_gate = False
use_time_augmentation = True
MODEL_INPUT_TYPE = InputType.POINTWISE
eval_type = EvaluatorType.RANKING
single_spec = True
local_rank = 0
valid_neg_sample_args = {'distribution': 'uniform', 'sample_num': 'none'}
test_neg_sample_args = {'distribution': 'uniform', 'sample_num': 'none'}


Tue 10 Mar 2026 16:43:44 INFO  amazon-sports-5core-longseq
The number of users: 2181
Average actions of users: 25.74678899082569
The number of items: 14556
Average actions of items: 3.8562693232566128
The number of inters: 56128
The sparsity of the dataset: 99.82320016520806%
Remain Fields: ['user_id', 'item_id', 'rating', 'timestamp']
Tue 10 Mar 2026 16:43:45 INFO  [Training]: train_batch_size = [256] train_neg_sample_args: [{'distribution': 'none', 'sample_num': 'none', 'alpha': 'none', 'dynamic': False, 'candidate_num': 0}]
Tue 10 Mar 2026 16:43:45 INFO  [Evaluation]: eval_batch_size = [512] eval_args: [{'split': {'LS': 'valid_and_test'}, 'order': 'TO', 'group_by': 'user', 'mode': {'valid': 'full', 'test': 'full'}}]
Tue 10 Mar 2026 16:43:45 INFO  TimeWeaver(
  (item_embedding): Embedding(14556, 64, padding_idx=0)
  (time_aug): TimeAwareAugmentation(
    (pos_embedding): Embedding(32, 64)
    (time_embedding): Embedding(1000, 64)
    (layer_norm): LayerNorm((64,), eps=1e-05, elementwise_affine=True)
    (drop): Dropout(p=0.5, inplace=False)
  )
  (context_layers): ModuleList(
    (0-1): 2 x TCNNextBlock(
      (dw): DepthwiseConv1d(
        (conv): Conv1d(64, 64, kernel_size=(11,), stride=(1,), padding=(5,), groups=64)
        (bn): BatchNorm1d(64, eps=1e-05, momentum=0.1, affine=True, track_running_stats=True)
        (drop): Dropout(p=0.5, inplace=False)
      )
      (norm1): LayerNorm((64,), eps=1e-05, elementwise_affine=True)
      (conv_inter): ParallelConvInter(
        (conv1): Conv1d(64, 64, kernel_size=(1,), stride=(1,))
        (conv3): Conv1d(64, 64, kernel_size=(3,), stride=(1,), padding=(1,))
        (proj): Conv1d(64, 64, kernel_size=(1,), stride=(1,))
        (drop): Dropout(p=0.5, inplace=False)
      )
      (norm2): LayerNorm((64,), eps=1e-05, elementwise_affine=True)
      (ffn): Sequential(
        (0): Linear(in_features=64, out_features=256, bias=True)
        (1): GELU(approximate='none')
        (2): Dropout(p=0.5, inplace=False)
        (3): Linear(in_features=256, out_features=64, bias=True)
        (4): Dropout(p=0.5, inplace=False)
      )
      (norm3): LayerNorm((64,), eps=1e-05, elementwise_affine=True)
    )
  )
  (dynamic_layers): ModuleList(
    (0-1): 2 x EMAStream(
      (proj): Linear(in_features=64, out_features=64, bias=True)
    )
  )
  (weavers): ModuleList(
    (0-1): 2 x StreamWeaver(
      (proj): Linear(in_features=128, out_features=64, bias=True)
      (norm): LayerNorm((64,), eps=1e-05, elementwise_affine=True)
    )
  )
  (loss_fct): CrossEntropyLoss()
)
Trainable parameters: 1132929.0
Tue 10 Mar 2026 16:43:45 INFO  FLOPs: 4298752.0
Tue 10 Mar 2026 16:44:03 INFO  epoch 0 training [time: 18.74s, train loss: 1810.2932]
Tue 10 Mar 2026 16:44:04 INFO  epoch 0 evaluating [time: 0.07s, valid_score: 0.011500]
Tue 10 Mar 2026 16:44:04 INFO  valid result: 
hit@10 : 0.0115    ndcg@10 : 0.0061    mrr@10 : 0.0044
Tue 10 Mar 2026 16:44:04 INFO  Saving current: saved\TimeWeaver-Mar-10-2026_16-43-45.pth
Tue 10 Mar 2026 16:44:22 INFO  epoch 1 training [time: 18.41s, train loss: 1735.3626]
Tue 10 Mar 2026 16:44:22 INFO  epoch 1 evaluating [time: 0.07s, valid_score: 0.013800]
Tue 10 Mar 2026 16:44:22 INFO  valid result: 
hit@10 : 0.0138    ndcg@10 : 0.0073    mrr@10 : 0.0054
Tue 10 Mar 2026 16:44:22 INFO  Saving current: saved\TimeWeaver-Mar-10-2026_16-43-45.pth
Tue 10 Mar 2026 16:44:41 INFO  epoch 2 training [time: 18.45s, train loss: 1672.5438]
Tue 10 Mar 2026 16:44:41 INFO  epoch 2 evaluating [time: 0.07s, valid_score: 0.027500]
Tue 10 Mar 2026 16:44:41 INFO  valid result: 
hit@10 : 0.0275    ndcg@10 : 0.0132    mrr@10 : 0.009
Tue 10 Mar 2026 16:44:41 INFO  Saving current: saved\TimeWeaver-Mar-10-2026_16-43-45.pth
Tue 10 Mar 2026 16:44:59 INFO  epoch 3 training [time: 17.91s, train loss: 1598.5518]
Tue 10 Mar 2026 16:44:59 INFO  epoch 3 evaluating [time: 0.07s, valid_score: 0.025200]
Tue 10 Mar 2026 16:44:59 INFO  valid result: 
hit@10 : 0.0252    ndcg@10 : 0.0126    mrr@10 : 0.0087
Tue 10 Mar 2026 16:45:17 INFO  epoch 4 training [time: 18.42s, train loss: 1523.7081]
Tue 10 Mar 2026 16:45:17 INFO  epoch 4 evaluating [time: 0.05s, valid_score: 0.026100]
Tue 10 Mar 2026 16:45:17 INFO  valid result: 
hit@10 : 0.0261    ndcg@10 : 0.0131    mrr@10 : 0.0092
Tue 10 Mar 2026 16:45:40 INFO  epoch 5 training [time: 22.72s, train loss: 1450.5720]
Tue 10 Mar 2026 16:45:40 INFO  epoch 5 evaluating [time: 0.07s, valid_score: 0.028000]
Tue 10 Mar 2026 16:45:40 INFO  valid result: 
hit@10 : 0.028    ndcg@10 : 0.0124    mrr@10 : 0.0077
Tue 10 Mar 2026 16:45:40 INFO  Saving current: saved\TimeWeaver-Mar-10-2026_16-43-45.pth
Tue 10 Mar 2026 16:46:14 INFO  epoch 6 training [time: 33.98s, train loss: 1380.3836]
Tue 10 Mar 2026 16:46:14 INFO  epoch 6 evaluating [time: 0.07s, valid_score: 0.027100]
Tue 10 Mar 2026 16:46:14 INFO  valid result: 
hit@10 : 0.0271    ndcg@10 : 0.0125    mrr@10 : 0.008
Tue 10 Mar 2026 16:46:50 INFO  epoch 7 training [time: 35.97s, train loss: 1313.2280]
Tue 10 Mar 2026 16:46:50 INFO  epoch 7 evaluating [time: 0.08s, valid_score: 0.031200]
Tue 10 Mar 2026 16:46:50 INFO  valid result: 
hit@10 : 0.0312    ndcg@10 : 0.0138    mrr@10 : 0.0084
Tue 10 Mar 2026 16:46:50 INFO  Saving current: saved\TimeWeaver-Mar-10-2026_16-43-45.pth
Tue 10 Mar 2026 16:47:26 INFO  epoch 8 training [time: 36.19s, train loss: 1254.1260]
Tue 10 Mar 2026 16:47:26 INFO  epoch 8 evaluating [time: 0.07s, valid_score: 0.031700]
Tue 10 Mar 2026 16:47:26 INFO  valid result: 
hit@10 : 0.0317    ndcg@10 : 0.0135    mrr@10 : 0.0081
Tue 10 Mar 2026 16:47:26 INFO  Saving current: saved\TimeWeaver-Mar-10-2026_16-43-45.pth
Tue 10 Mar 2026 16:48:04 INFO  epoch 9 training [time: 37.69s, train loss: 1201.4254]
Tue 10 Mar 2026 16:48:04 INFO  epoch 9 evaluating [time: 0.10s, valid_score: 0.033900]
Tue 10 Mar 2026 16:48:04 INFO  valid result: 
hit@10 : 0.0339    ndcg@10 : 0.0141    mrr@10 : 0.0082
Tue 10 Mar 2026 16:48:04 INFO  Saving current: saved\TimeWeaver-Mar-10-2026_16-43-45.pth
Tue 10 Mar 2026 16:48:41 INFO  epoch 10 training [time: 36.58s, train loss: 1156.9432]
Tue 10 Mar 2026 16:48:41 INFO  epoch 10 evaluating [time: 0.06s, valid_score: 0.030300]
Tue 10 Mar 2026 16:48:41 INFO  valid result: 
hit@10 : 0.0303    ndcg@10 : 0.0132    mrr@10 : 0.008
Tue 10 Mar 2026 16:49:16 INFO  epoch 11 training [time: 34.74s, train loss: 1117.7309]
Tue 10 Mar 2026 16:49:16 INFO  epoch 11 evaluating [time: 0.09s, valid_score: 0.029800]
Tue 10 Mar 2026 16:49:16 INFO  valid result: 
hit@10 : 0.0298    ndcg@10 : 0.0129    mrr@10 : 0.0078
Tue 10 Mar 2026 16:49:51 INFO  epoch 12 training [time: 35.24s, train loss: 1082.3630]
Tue 10 Mar 2026 16:49:51 INFO  epoch 12 evaluating [time: 0.08s, valid_score: 0.029800]
Tue 10 Mar 2026 16:49:51 INFO  valid result: 
hit@10 : 0.0298    ndcg@10 : 0.0129    mrr@10 : 0.0078
Tue 10 Mar 2026 16:50:26 INFO  epoch 13 training [time: 34.76s, train loss: 1055.7810]
Tue 10 Mar 2026 16:50:26 INFO  epoch 13 evaluating [time: 0.09s, valid_score: 0.030300]
Tue 10 Mar 2026 16:50:26 INFO  valid result: 
hit@10 : 0.0303    ndcg@10 : 0.0126    mrr@10 : 0.0073
Tue 10 Mar 2026 16:51:01 INFO  epoch 14 training [time: 35.24s, train loss: 1028.3385]
Tue 10 Mar 2026 16:51:01 INFO  epoch 14 evaluating [time: 0.09s, valid_score: 0.028000]
Tue 10 Mar 2026 16:51:01 INFO  valid result: 
hit@10 : 0.028    ndcg@10 : 0.0125    mrr@10 : 0.0077
Tue 10 Mar 2026 16:51:37 INFO  epoch 15 training [time: 35.43s, train loss: 1003.3400]
Tue 10 Mar 2026 16:51:37 INFO  epoch 15 evaluating [time: 0.09s, valid_score: 0.029800]
Tue 10 Mar 2026 16:51:37 INFO  valid result: 
hit@10 : 0.0298    ndcg@10 : 0.0129    mrr@10 : 0.0077
Tue 10 Mar 2026 16:52:13 INFO  epoch 16 training [time: 36.64s, train loss: 978.2481]
Tue 10 Mar 2026 16:52:13 INFO  epoch 16 evaluating [time: 0.09s, valid_score: 0.028400]
Tue 10 Mar 2026 16:52:13 INFO  valid result: 
hit@10 : 0.0284    ndcg@10 : 0.0124    mrr@10 : 0.0076
Tue 10 Mar 2026 16:52:49 INFO  epoch 17 training [time: 35.40s, train loss: 958.8252]
Tue 10 Mar 2026 16:52:49 INFO  epoch 17 evaluating [time: 0.09s, valid_score: 0.026600]
Tue 10 Mar 2026 16:52:49 INFO  valid result: 
hit@10 : 0.0266    ndcg@10 : 0.0113    mrr@10 : 0.0066
Tue 10 Mar 2026 16:53:24 INFO  epoch 18 training [time: 34.70s, train loss: 937.6042]
Tue 10 Mar 2026 16:53:24 INFO  epoch 18 evaluating [time: 0.08s, valid_score: 0.027100]
Tue 10 Mar 2026 16:53:24 INFO  valid result: 
hit@10 : 0.0271    ndcg@10 : 0.0122    mrr@10 : 0.0076
Tue 10 Mar 2026 16:53:58 INFO  epoch 19 training [time: 34.44s, train loss: 915.1947]
Tue 10 Mar 2026 16:53:58 INFO  epoch 19 evaluating [time: 0.09s, valid_score: 0.026600]
Tue 10 Mar 2026 16:53:58 INFO  valid result: 
hit@10 : 0.0266    ndcg@10 : 0.0112    mrr@10 : 0.0065
Tue 10 Mar 2026 16:54:34 INFO  epoch 20 training [time: 35.78s, train loss: 900.1312]
Tue 10 Mar 2026 16:54:34 INFO  epoch 20 evaluating [time: 0.10s, valid_score: 0.025200]
Tue 10 Mar 2026 16:54:34 INFO  valid result: 
hit@10 : 0.0252    ndcg@10 : 0.0107    mrr@10 : 0.0063
Tue 10 Mar 2026 16:54:34 INFO  Finished training, best eval result in epoch 9
Tue 10 Mar 2026 16:54:34 INFO  Loading model structure and parameters from saved\TimeWeaver-Mar-10-2026_16-43-45.pth
Tue 10 Mar 2026 16:54:35 INFO  The running environment of this training is as follows:
+-------------+----------------+
| Environment |     Usage      |
+=============+================+
| CPU         |     6.60 %     |
+-------------+----------------+
| GPU         | 0.33 G/6.00 G  |
+-------------+----------------+
| Memory      | 1.61 G/15.63 G |
+-------------+----------------+
Tue 10 Mar 2026 16:54:35 INFO  best valid : OrderedDict([('hit@10', 0.0339), ('ndcg@10', 0.0141), ('mrr@10', 0.0082)])
Tue 10 Mar 2026 16:54:35 INFO  test result: OrderedDict([('hit@10', 0.0257), ('ndcg@10', 0.0126), ('mrr@10', 0.0086)])
Tue 10 Mar 2026 16:54:35 WARNING  command line args [--models timeweaver --datasets amazon-sports-5core-longseq-full --timeweaver-variant aug_only --seeds 42,2023,2024 --device gpu --output results/timeweaver_sportslong_ablation_full.json --skip-if-done] will not be used in RecBole
Tue 10 Mar 2026 16:54:35 INFO  ['F:\\桌面\\recommendation_system\\scripts\\run_grid.py', '--models', 'timeweaver', '--datasets', 'amazon-sports-5core-longseq-full', '--timeweaver-variant', 'aug_only', '--seeds', '42,2023,2024', '--device', 'gpu', '--output', 'results/timeweaver_sportslong_ablation_full.json', '--skip-if-done']
Tue 10 Mar 2026 16:54:35 INFO  
General Hyper Parameters:
gpu_id = 0
use_gpu = True
seed = 2024
state = INFO
reproducibility = True
data_path = data/amazon\amazon-sports-5core-longseq
checkpoint_dir = saved
show_progress = True
save_dataset = False
dataset_save_path = None
save_dataloaders = False
dataloaders_save_path = None
log_wandb = False

Training Hyper Parameters:
epochs = 100
train_batch_size = 256
learner = adam
learning_rate = 0.001
train_neg_sample_args = {'distribution': 'none', 'sample_num': 'none', 'alpha': 'none', 'dynamic': False, 'candidate_num': 0}
eval_step = 1
stopping_step = 10
clip_grad_norm = None
weight_decay = 0.0
loss_decimal_place = 4

Evaluation Hyper Parameters:
eval_args = {'split': {'LS': 'valid_and_test'}, 'order': 'TO', 'group_by': 'user', 'mode': {'valid': 'full', 'test': 'full'}}
repeatable = True
metrics = ['Hit', 'NDCG', 'MRR']
topk = [10]
valid_metric = Hit@10
valid_metric_bigger = True
eval_batch_size = 512
metric_decimal_place = 4

Dataset Hyper Parameters:
field_separator = 	
seq_separator =  
USER_ID_FIELD = user_id
ITEM_ID_FIELD = item_id
RATING_FIELD = rating
TIME_FIELD = timestamp
seq_len = None
LABEL_FIELD = label
threshold = None
NEG_PREFIX = neg_
load_col = {'inter': ['user_id', 'item_id', 'rating', 'timestamp']}
unload_col = None
unused_col = None
additional_feat_suffix = None
rm_dup_inter = None
val_interval = None
filter_inter_by_user_or_item = True
user_inter_num_interval = [0,inf)
item_inter_num_interval = [0,inf)
alias_of_user_id = None
alias_of_item_id = None
alias_of_entity_id = None
alias_of_relation_id = None
preload_weight = None
normalize_field = None
normalize_all = None
ITEM_LIST_LENGTH_FIELD = item_length
LIST_SUFFIX = _list
MAX_ITEM_LIST_LENGTH = 32
POSITION_FIELD = position_id
HEAD_ENTITY_ID_FIELD = head_id
TAIL_ENTITY_ID_FIELD = tail_id
RELATION_ID_FIELD = relation_id
ENTITY_ID_FIELD = entity_id
benchmark_filename = None

Other Hyper Parameters: 
worker = 0
wandb_project = recbole
shuffle = True
require_pow = False
enable_amp = False
enable_scaler = False
transform = None
numerical_features = []
discretization = None
kg_reverse_r = False
entity_kg_num_interval = [0,inf)
relation_kg_num_interval = [0,inf)
MODEL_TYPE = ModelType.SEQUENTIAL
model_name = TimeWeaver
hidden_size = 64
num_layers = 2
hidden_dropout_prob = 0.5
initializer_range = 0.02
time_bucket_size = 1000
ema_decay = 0.5
tcn_kernel_size = -1
ffn_hidden_size = 256
loss_type = CE
early_stop = 10
neg_sampling = None
device = cuda
use_continuous_time = False
use_time_gate = False
use_time_augmentation = True
MODEL_INPUT_TYPE = InputType.POINTWISE
eval_type = EvaluatorType.RANKING
single_spec = True
local_rank = 0
valid_neg_sample_args = {'distribution': 'uniform', 'sample_num': 'none'}
test_neg_sample_args = {'distribution': 'uniform', 'sample_num': 'none'}


Tue 10 Mar 2026 16:54:36 INFO  amazon-sports-5core-longseq
The number of users: 2181
Average actions of users: 25.74678899082569
The number of items: 14556
Average actions of items: 3.8562693232566128
The number of inters: 56128
The sparsity of the dataset: 99.82320016520806%
Remain Fields: ['user_id', 'item_id', 'rating', 'timestamp']
Tue 10 Mar 2026 16:54:36 INFO  [Training]: train_batch_size = [256] train_neg_sample_args: [{'distribution': 'none', 'sample_num': 'none', 'alpha': 'none', 'dynamic': False, 'candidate_num': 0}]
Tue 10 Mar 2026 16:54:36 INFO  [Evaluation]: eval_batch_size = [512] eval_args: [{'split': {'LS': 'valid_and_test'}, 'order': 'TO', 'group_by': 'user', 'mode': {'valid': 'full', 'test': 'full'}}]
Tue 10 Mar 2026 16:54:36 INFO  TimeWeaver(
  (item_embedding): Embedding(14556, 64, padding_idx=0)
  (time_aug): TimeAwareAugmentation(
    (pos_embedding): Embedding(32, 64)
    (time_embedding): Embedding(1000, 64)
    (layer_norm): LayerNorm((64,), eps=1e-05, elementwise_affine=True)
    (drop): Dropout(p=0.5, inplace=False)
  )
  (context_layers): ModuleList(
    (0-1): 2 x TCNNextBlock(
      (dw): DepthwiseConv1d(
        (conv): Conv1d(64, 64, kernel_size=(11,), stride=(1,), padding=(5,), groups=64)
        (bn): BatchNorm1d(64, eps=1e-05, momentum=0.1, affine=True, track_running_stats=True)
        (drop): Dropout(p=0.5, inplace=False)
      )
      (norm1): LayerNorm((64,), eps=1e-05, elementwise_affine=True)
      (conv_inter): ParallelConvInter(
        (conv1): Conv1d(64, 64, kernel_size=(1,), stride=(1,))
        (conv3): Conv1d(64, 64, kernel_size=(3,), stride=(1,), padding=(1,))
        (proj): Conv1d(64, 64, kernel_size=(1,), stride=(1,))
        (drop): Dropout(p=0.5, inplace=False)
      )
      (norm2): LayerNorm((64,), eps=1e-05, elementwise_affine=True)
      (ffn): Sequential(
        (0): Linear(in_features=64, out_features=256, bias=True)
        (1): GELU(approximate='none')
        (2): Dropout(p=0.5, inplace=False)
        (3): Linear(in_features=256, out_features=64, bias=True)
        (4): Dropout(p=0.5, inplace=False)
      )
      (norm3): LayerNorm((64,), eps=1e-05, elementwise_affine=True)
    )
  )
  (dynamic_layers): ModuleList(
    (0-1): 2 x EMAStream(
      (proj): Linear(in_features=64, out_features=64, bias=True)
    )
  )
  (weavers): ModuleList(
    (0-1): 2 x StreamWeaver(
      (proj): Linear(in_features=128, out_features=64, bias=True)
      (norm): LayerNorm((64,), eps=1e-05, elementwise_affine=True)
    )
  )
  (loss_fct): CrossEntropyLoss()
)
Trainable parameters: 1132929.0
Tue 10 Mar 2026 16:54:36 INFO  FLOPs: 4298752.0
Tue 10 Mar 2026 16:54:54 INFO  epoch 0 training [time: 17.13s, train loss: 1809.7610]
Tue 10 Mar 2026 16:54:54 INFO  epoch 0 evaluating [time: 0.08s, valid_score: 0.011500]
Tue 10 Mar 2026 16:54:54 INFO  valid result: 
hit@10 : 0.0115    ndcg@10 : 0.0063    mrr@10 : 0.0047
Tue 10 Mar 2026 16:54:54 INFO  Saving current: saved\TimeWeaver-Mar-10-2026_16-54-36.pth
Tue 10 Mar 2026 16:55:11 INFO  epoch 1 training [time: 17.35s, train loss: 1735.7294]
Tue 10 Mar 2026 16:55:11 INFO  epoch 1 evaluating [time: 0.08s, valid_score: 0.017000]
Tue 10 Mar 2026 16:55:11 INFO  valid result: 
hit@10 : 0.017    ndcg@10 : 0.0078    mrr@10 : 0.005
Tue 10 Mar 2026 16:55:11 INFO  Saving current: saved\TimeWeaver-Mar-10-2026_16-54-36.pth
Tue 10 Mar 2026 16:55:29 INFO  epoch 2 training [time: 17.60s, train loss: 1674.0062]
Tue 10 Mar 2026 16:55:29 INFO  epoch 2 evaluating [time: 0.09s, valid_score: 0.026600]
Tue 10 Mar 2026 16:55:29 INFO  valid result: 
hit@10 : 0.0266    ndcg@10 : 0.0129    mrr@10 : 0.0087
Tue 10 Mar 2026 16:55:29 INFO  Saving current: saved\TimeWeaver-Mar-10-2026_16-54-36.pth
Tue 10 Mar 2026 16:55:47 INFO  epoch 3 training [time: 17.73s, train loss: 1599.1303]
Tue 10 Mar 2026 16:55:47 INFO  epoch 3 evaluating [time: 0.06s, valid_score: 0.026600]
Tue 10 Mar 2026 16:55:47 INFO  valid result: 
hit@10 : 0.0266    ndcg@10 : 0.0124    mrr@10 : 0.0082
Tue 10 Mar 2026 16:55:47 INFO  Saving current: saved\TimeWeaver-Mar-10-2026_16-54-36.pth
Tue 10 Mar 2026 16:56:05 INFO  epoch 4 training [time: 17.93s, train loss: 1523.0991]
Tue 10 Mar 2026 16:56:05 INFO  epoch 4 evaluating [time: 0.09s, valid_score: 0.028400]
Tue 10 Mar 2026 16:56:05 INFO  valid result: 
hit@10 : 0.0284    ndcg@10 : 0.0126    mrr@10 : 0.0079
Tue 10 Mar 2026 16:56:05 INFO  Saving current: saved\TimeWeaver-Mar-10-2026_16-54-36.pth
Tue 10 Mar 2026 16:56:27 INFO  epoch 5 training [time: 21.97s, train loss: 1448.3371]
Tue 10 Mar 2026 16:56:27 INFO  epoch 5 evaluating [time: 0.07s, valid_score: 0.030300]
Tue 10 Mar 2026 16:56:27 INFO  valid result: 
hit@10 : 0.0303    ndcg@10 : 0.0132    mrr@10 : 0.0081
Tue 10 Mar 2026 16:56:27 INFO  Saving current: saved\TimeWeaver-Mar-10-2026_16-54-36.pth
Tue 10 Mar 2026 16:56:59 INFO  epoch 6 training [time: 32.16s, train loss: 1377.3181]
Tue 10 Mar 2026 16:56:59 INFO  epoch 6 evaluating [time: 0.07s, valid_score: 0.029800]
Tue 10 Mar 2026 16:56:59 INFO  valid result: 
hit@10 : 0.0298    ndcg@10 : 0.0136    mrr@10 : 0.0087
Tue 10 Mar 2026 16:57:34 INFO  epoch 7 training [time: 34.49s, train loss: 1311.5877]
Tue 10 Mar 2026 16:57:34 INFO  epoch 7 evaluating [time: 0.08s, valid_score: 0.031200]
Tue 10 Mar 2026 16:57:34 INFO  valid result: 
hit@10 : 0.0312    ndcg@10 : 0.0129    mrr@10 : 0.0075
Tue 10 Mar 2026 16:57:34 INFO  Saving current: saved\TimeWeaver-Mar-10-2026_16-54-36.pth
Tue 10 Mar 2026 16:58:09 INFO  epoch 8 training [time: 35.01s, train loss: 1253.7742]
Tue 10 Mar 2026 16:58:09 INFO  epoch 8 evaluating [time: 0.07s, valid_score: 0.034400]
Tue 10 Mar 2026 16:58:09 INFO  valid result: 
hit@10 : 0.0344    ndcg@10 : 0.0148    mrr@10 : 0.0089
Tue 10 Mar 2026 16:58:09 INFO  Saving current: saved\TimeWeaver-Mar-10-2026_16-54-36.pth
Tue 10 Mar 2026 16:58:44 INFO  epoch 9 training [time: 34.77s, train loss: 1200.5456]
Tue 10 Mar 2026 16:58:44 INFO  epoch 9 evaluating [time: 0.07s, valid_score: 0.028400]
Tue 10 Mar 2026 16:58:44 INFO  valid result: 
hit@10 : 0.0284    ndcg@10 : 0.0125    mrr@10 : 0.0077
Tue 10 Mar 2026 16:59:19 INFO  epoch 10 training [time: 35.25s, train loss: 1157.8002]
Tue 10 Mar 2026 16:59:19 INFO  epoch 10 evaluating [time: 0.09s, valid_score: 0.031200]
Tue 10 Mar 2026 16:59:19 INFO  valid result: 
hit@10 : 0.0312    ndcg@10 : 0.0136    mrr@10 : 0.0084
Tue 10 Mar 2026 16:59:55 INFO  epoch 11 training [time: 35.95s, train loss: 1118.8111]
Tue 10 Mar 2026 16:59:55 INFO  epoch 11 evaluating [time: 0.06s, valid_score: 0.034400]
Tue 10 Mar 2026 16:59:55 INFO  valid result: 
hit@10 : 0.0344    ndcg@10 : 0.015    mrr@10 : 0.0091
Tue 10 Mar 2026 16:59:55 INFO  Saving current: saved\TimeWeaver-Mar-10-2026_16-54-36.pth
Tue 10 Mar 2026 17:00:30 INFO  epoch 12 training [time: 35.27s, train loss: 1086.1954]
Tue 10 Mar 2026 17:00:30 INFO  epoch 12 evaluating [time: 0.06s, valid_score: 0.033000]
Tue 10 Mar 2026 17:00:30 INFO  valid result: 
hit@10 : 0.033    ndcg@10 : 0.0144    mrr@10 : 0.0088
Tue 10 Mar 2026 17:01:04 INFO  epoch 13 training [time: 33.68s, train loss: 1056.7477]
Tue 10 Mar 2026 17:01:04 INFO  epoch 13 evaluating [time: 0.09s, valid_score: 0.033500]
Tue 10 Mar 2026 17:01:04 INFO  valid result: 
hit@10 : 0.0335    ndcg@10 : 0.015    mrr@10 : 0.0094
Tue 10 Mar 2026 17:01:39 INFO  epoch 14 training [time: 34.96s, train loss: 1033.0113]
Tue 10 Mar 2026 17:01:39 INFO  epoch 14 evaluating [time: 0.09s, valid_score: 0.033900]
Tue 10 Mar 2026 17:01:39 INFO  valid result: 
hit@10 : 0.0339    ndcg@10 : 0.0148    mrr@10 : 0.0089
Tue 10 Mar 2026 17:02:14 INFO  epoch 15 training [time: 34.84s, train loss: 1007.7318]
Tue 10 Mar 2026 17:02:14 INFO  epoch 15 evaluating [time: 0.09s, valid_score: 0.032600]
Tue 10 Mar 2026 17:02:14 INFO  valid result: 
hit@10 : 0.0326    ndcg@10 : 0.0148    mrr@10 : 0.0095
Tue 10 Mar 2026 17:02:49 INFO  epoch 16 training [time: 35.35s, train loss: 987.3369]
Tue 10 Mar 2026 17:02:50 INFO  epoch 16 evaluating [time: 0.09s, valid_score: 0.033900]
Tue 10 Mar 2026 17:02:50 INFO  valid result: 
hit@10 : 0.0339    ndcg@10 : 0.0154    mrr@10 : 0.0097
Tue 10 Mar 2026 17:03:24 INFO  epoch 17 training [time: 34.92s, train loss: 963.3091]
Tue 10 Mar 2026 17:03:25 INFO  epoch 17 evaluating [time: 0.08s, valid_score: 0.032600]
Tue 10 Mar 2026 17:03:25 INFO  valid result: 
hit@10 : 0.0326    ndcg@10 : 0.0146    mrr@10 : 0.0092
Tue 10 Mar 2026 17:04:00 INFO  epoch 18 training [time: 35.82s, train loss: 943.8317]
Tue 10 Mar 2026 17:04:00 INFO  epoch 18 evaluating [time: 0.08s, valid_score: 0.028900]
Tue 10 Mar 2026 17:04:00 INFO  valid result: 
hit@10 : 0.0289    ndcg@10 : 0.0137    mrr@10 : 0.009
Tue 10 Mar 2026 17:04:36 INFO  epoch 19 training [time: 35.56s, train loss: 925.5129]
Tue 10 Mar 2026 17:04:36 INFO  epoch 19 evaluating [time: 0.09s, valid_score: 0.031200]
Tue 10 Mar 2026 17:04:36 INFO  valid result: 
hit@10 : 0.0312    ndcg@10 : 0.0147    mrr@10 : 0.0098
Tue 10 Mar 2026 17:05:09 INFO  epoch 20 training [time: 32.96s, train loss: 909.6281]
Tue 10 Mar 2026 17:05:09 INFO  epoch 20 evaluating [time: 0.09s, valid_score: 0.029800]
Tue 10 Mar 2026 17:05:09 INFO  valid result: 
hit@10 : 0.0298    ndcg@10 : 0.0142    mrr@10 : 0.0095
Tue 10 Mar 2026 17:05:44 INFO  epoch 21 training [time: 34.47s, train loss: 890.4255]
Tue 10 Mar 2026 17:05:44 INFO  epoch 21 evaluating [time: 0.08s, valid_score: 0.031200]
Tue 10 Mar 2026 17:05:44 INFO  valid result: 
hit@10 : 0.0312    ndcg@10 : 0.0134    mrr@10 : 0.0081
Tue 10 Mar 2026 17:06:18 INFO  epoch 22 training [time: 34.16s, train loss: 876.0313]
Tue 10 Mar 2026 17:06:18 INFO  epoch 22 evaluating [time: 0.08s, valid_score: 0.028900]
Tue 10 Mar 2026 17:06:18 INFO  valid result: 
hit@10 : 0.0289    ndcg@10 : 0.0136    mrr@10 : 0.0089
Tue 10 Mar 2026 17:06:18 INFO  Finished training, best eval result in epoch 11
Tue 10 Mar 2026 17:06:18 INFO  Loading model structure and parameters from saved\TimeWeaver-Mar-10-2026_16-54-36.pth
Tue 10 Mar 2026 17:06:19 INFO  The running environment of this training is as follows:
+-------------+----------------+
| Environment |     Usage      |
+=============+================+
| CPU         |     6.20 %     |
+-------------+----------------+
| GPU         | 0.33 G/6.00 G  |
+-------------+----------------+
| Memory      | 1.61 G/15.63 G |
+-------------+----------------+
Tue 10 Mar 2026 17:06:19 INFO  best valid : OrderedDict([('hit@10', 0.0344), ('ndcg@10', 0.015), ('mrr@10', 0.0091)])
Tue 10 Mar 2026 17:06:19 INFO  test result: OrderedDict([('hit@10', 0.0252), ('ndcg@10', 0.0111), ('mrr@10', 0.0068)])
