Thu 19 Mar 2026 09:49:22 INFO  ['F:\\桌面\\recommendation_system\\scripts\\run_grid.py', '--models', 'timeweaver', '--datasets', 'amazon-sports-5core-longseq-full', '--seeds', '42,2023,2024', '--device', 'gpu', '--timeweaver-variant', 'gate_discrete', '--output', 'F:\\桌面\\recommendation_system\\results\\param_sweeps\\timeweaver_param_C_gate_hidden.json', '--tag', 'C_gate_hidden16', '--skip-if-done', '--tw-gate-hidden', '16']
Thu 19 Mar 2026 09:49:22 INFO  
General Hyper Parameters:
gpu_id = 0
use_gpu = True
seed = 42
state = INFO
reproducibility = True
data_path = data/amazon\amazon-sports-5core-longseq
checkpoint_dir = saved
show_progress = True
save_dataset = False
dataset_save_path = None
save_dataloaders = False
dataloaders_save_path = None
log_wandb = False

Training Hyper Parameters:
epochs = 100
train_batch_size = 256
learner = adam
learning_rate = 0.001
train_neg_sample_args = {'distribution': 'none', 'sample_num': 'none', 'alpha': 'none', 'dynamic': False, 'candidate_num': 0}
eval_step = 1
stopping_step = 10
clip_grad_norm = None
weight_decay = 0.0
loss_decimal_place = 4

Evaluation Hyper Parameters:
eval_args = {'split': {'LS': 'valid_and_test'}, 'order': 'TO', 'group_by': 'user', 'mode': {'valid': 'full', 'test': 'full'}}
repeatable = True
metrics = ['Hit', 'NDCG', 'MRR']
topk = [10]
valid_metric = Hit@10
valid_metric_bigger = True
eval_batch_size = 512
metric_decimal_place = 4

Dataset Hyper Parameters:
field_separator = 	
seq_separator =  
USER_ID_FIELD = user_id
ITEM_ID_FIELD = item_id
RATING_FIELD = rating
TIME_FIELD = timestamp
seq_len = None
LABEL_FIELD = label
threshold = None
NEG_PREFIX = neg_
load_col = {'inter': ['user_id', 'item_id', 'rating', 'timestamp']}
unload_col = None
unused_col = None
additional_feat_suffix = None
rm_dup_inter = None
val_interval = None
filter_inter_by_user_or_item = True
user_inter_num_interval = [0,inf)
item_inter_num_interval = [0,inf)
alias_of_user_id = None
alias_of_item_id = None
alias_of_entity_id = None
alias_of_relation_id = None
preload_weight = None
normalize_field = None
normalize_all = None
ITEM_LIST_LENGTH_FIELD = item_length
LIST_SUFFIX = _list
MAX_ITEM_LIST_LENGTH = 32
POSITION_FIELD = position_id
HEAD_ENTITY_ID_FIELD = head_id
TAIL_ENTITY_ID_FIELD = tail_id
RELATION_ID_FIELD = relation_id
ENTITY_ID_FIELD = entity_id
benchmark_filename = None

Other Hyper Parameters: 
worker = 0
wandb_project = recbole
shuffle = True
require_pow = False
enable_amp = False
enable_scaler = False
transform = None
numerical_features = []
discretization = None
kg_reverse_r = False
entity_kg_num_interval = [0,inf)
relation_kg_num_interval = [0,inf)
MODEL_TYPE = ModelType.SEQUENTIAL
contrastive_weight = 0.03
contrastive_temp = 0.2
time_aug_prob = 0.15
time_aug_strength = 0.05
time_aug_warmup_steps = 0
time_aug_ramp_steps = 2000
model_name = TimeWeaver
hidden_size = 64
num_layers = 2
hidden_dropout_prob = 0.5
initializer_range = 0.02
time_bucket_size = 1000
ema_decay = 0.5
tcn_kernel_size = -1
ffn_hidden_size = 256
loss_type = CE
early_stop = 10
neg_sampling = None
device = cuda
use_continuous_time = False
use_time_gate = True
use_time_augmentation = False
time_gate_hidden = 16
MODEL_INPUT_TYPE = InputType.POINTWISE
eval_type = EvaluatorType.RANKING
single_spec = True
local_rank = 0
valid_neg_sample_args = {'distribution': 'uniform', 'sample_num': 'none'}
test_neg_sample_args = {'distribution': 'uniform', 'sample_num': 'none'}


Thu 19 Mar 2026 09:49:22 INFO  amazon-sports-5core-longseq
The number of users: 2181
Average actions of users: 25.74678899082569
The number of items: 14556
Average actions of items: 3.8562693232566128
The number of inters: 56128
The sparsity of the dataset: 99.82320016520806%
Remain Fields: ['user_id', 'item_id', 'rating', 'timestamp']
Thu 19 Mar 2026 09:49:23 INFO  [Training]: train_batch_size = [256] train_neg_sample_args: [{'distribution': 'none', 'sample_num': 'none', 'alpha': 'none', 'dynamic': False, 'candidate_num': 0}]
Thu 19 Mar 2026 09:49:23 INFO  [Evaluation]: eval_batch_size = [512] eval_args: [{'split': {'LS': 'valid_and_test'}, 'order': 'TO', 'group_by': 'user', 'mode': {'valid': 'full', 'test': 'full'}}]
Thu 19 Mar 2026 09:49:23 INFO  TimeWeaver(
  (item_embedding): Embedding(14556, 64, padding_idx=0)
  (time_aug): TimeAwareAugmentation(
    (pos_embedding): Embedding(32, 64)
    (time_embedding): Embedding(1000, 64)
    (time_gate): TimeGate(
      (net): Sequential(
        (0): Linear(in_features=128, out_features=16, bias=True)
        (1): GELU(approximate='none')
        (2): Linear(in_features=16, out_features=64, bias=True)
        (3): Sigmoid()
      )
    )
    (layer_norm): LayerNorm((64,), eps=1e-05, elementwise_affine=True)
    (drop): Dropout(p=0.5, inplace=False)
  )
  (context_layers): ModuleList(
    (0-1): 2 x TCNNextBlock(
      (dw): DepthwiseConv1d(
        (conv): Conv1d(64, 64, kernel_size=(11,), stride=(1,), padding=(5,), groups=64)
        (bn): BatchNorm1d(64, eps=1e-05, momentum=0.1, affine=True, track_running_stats=True)
        (drop): Dropout(p=0.5, inplace=False)
      )
      (norm1): LayerNorm((64,), eps=1e-05, elementwise_affine=True)
      (conv_inter): ParallelConvInter(
        (conv1): Conv1d(64, 64, kernel_size=(1,), stride=(1,))
        (conv3): Conv1d(64, 64, kernel_size=(3,), stride=(1,), padding=(1,))
        (proj): Conv1d(64, 64, kernel_size=(1,), stride=(1,))
        (drop): Dropout(p=0.5, inplace=False)
      )
      (norm2): LayerNorm((64,), eps=1e-05, elementwise_affine=True)
      (ffn): Sequential(
        (0): Linear(in_features=64, out_features=256, bias=True)
        (1): GELU(approximate='none')
        (2): Dropout(p=0.5, inplace=False)
        (3): Linear(in_features=256, out_features=64, bias=True)
        (4): Dropout(p=0.5, inplace=False)
      )
      (norm3): LayerNorm((64,), eps=1e-05, elementwise_affine=True)
    )
  )
  (dynamic_layers): ModuleList(
    (0-1): 2 x EMAStream(
      (proj): Linear(in_features=64, out_features=64, bias=True)
    )
  )
  (weavers): ModuleList(
    (0-1): 2 x StreamWeaver(
      (proj): Linear(in_features=128, out_features=64, bias=True)
      (norm): LayerNorm((64,), eps=1e-05, elementwise_affine=True)
    )
  )
  (loss_fct): CrossEntropyLoss()
)
Trainable parameters: 1136082.0
Thu 19 Mar 2026 09:49:24 INFO  FLOPs: 4397056.0
Thu 19 Mar 2026 09:49:45 INFO  epoch 0 training [time: 19.27s, train loss: 1807.9815]
Thu 19 Mar 2026 09:49:45 INFO  epoch 0 evaluating [time: 0.10s, valid_score: 0.013800]
Thu 19 Mar 2026 09:49:45 INFO  valid result: 
hit@10 : 0.0138    ndcg@10 : 0.0069    mrr@10 : 0.0049
Thu 19 Mar 2026 09:49:45 INFO  Saving current: saved\TimeWeaver-Mar-19-2026_09-49-24.pth
Thu 19 Mar 2026 09:50:05 INFO  epoch 1 training [time: 20.14s, train loss: 1736.0109]
Thu 19 Mar 2026 09:50:05 INFO  epoch 1 evaluating [time: 0.11s, valid_score: 0.013800]
Thu 19 Mar 2026 09:50:05 INFO  valid result: 
hit@10 : 0.0138    ndcg@10 : 0.0071    mrr@10 : 0.0051
Thu 19 Mar 2026 09:50:05 INFO  Saving current: saved\TimeWeaver-Mar-19-2026_09-49-24.pth
Thu 19 Mar 2026 09:50:25 INFO  epoch 2 training [time: 19.98s, train loss: 1672.7786]
Thu 19 Mar 2026 09:50:25 INFO  epoch 2 evaluating [time: 0.09s, valid_score: 0.025700]
Thu 19 Mar 2026 09:50:25 INFO  valid result: 
hit@10 : 0.0257    ndcg@10 : 0.0124    mrr@10 : 0.0084
Thu 19 Mar 2026 09:50:25 INFO  Saving current: saved\TimeWeaver-Mar-19-2026_09-49-24.pth
Thu 19 Mar 2026 09:50:50 INFO  epoch 3 training [time: 24.23s, train loss: 1595.3687]
Thu 19 Mar 2026 09:50:50 INFO  epoch 3 evaluating [time: 0.10s, valid_score: 0.025700]
Thu 19 Mar 2026 09:50:50 INFO  valid result: 
hit@10 : 0.0257    ndcg@10 : 0.0121    mrr@10 : 0.0081
Thu 19 Mar 2026 09:50:50 INFO  Saving current: saved\TimeWeaver-Mar-19-2026_09-49-24.pth
Thu 19 Mar 2026 09:51:10 INFO  epoch 4 training [time: 20.53s, train loss: 1518.3793]
Thu 19 Mar 2026 09:51:10 INFO  epoch 4 evaluating [time: 0.09s, valid_score: 0.027500]
Thu 19 Mar 2026 09:51:10 INFO  valid result: 
hit@10 : 0.0275    ndcg@10 : 0.0129    mrr@10 : 0.0085
Thu 19 Mar 2026 09:51:10 INFO  Saving current: saved\TimeWeaver-Mar-19-2026_09-49-24.pth
Thu 19 Mar 2026 09:51:32 INFO  epoch 5 training [time: 21.62s, train loss: 1442.6060]
Thu 19 Mar 2026 09:51:32 INFO  epoch 5 evaluating [time: 0.10s, valid_score: 0.027500]
Thu 19 Mar 2026 09:51:32 INFO  valid result: 
hit@10 : 0.0275    ndcg@10 : 0.0127    mrr@10 : 0.0082
Thu 19 Mar 2026 09:51:32 INFO  Saving current: saved\TimeWeaver-Mar-19-2026_09-49-24.pth
Thu 19 Mar 2026 09:51:53 INFO  epoch 6 training [time: 20.95s, train loss: 1367.4293]
Thu 19 Mar 2026 09:51:53 INFO  epoch 6 evaluating [time: 0.09s, valid_score: 0.028400]
Thu 19 Mar 2026 09:51:53 INFO  valid result: 
hit@10 : 0.0284    ndcg@10 : 0.0125    mrr@10 : 0.0077
Thu 19 Mar 2026 09:51:53 INFO  Saving current: saved\TimeWeaver-Mar-19-2026_09-49-24.pth
Thu 19 Mar 2026 09:52:14 INFO  epoch 7 training [time: 20.25s, train loss: 1299.1256]
Thu 19 Mar 2026 09:52:14 INFO  epoch 7 evaluating [time: 0.10s, valid_score: 0.032600]
Thu 19 Mar 2026 09:52:14 INFO  valid result: 
hit@10 : 0.0326    ndcg@10 : 0.0141    mrr@10 : 0.0087
Thu 19 Mar 2026 09:52:14 INFO  Saving current: saved\TimeWeaver-Mar-19-2026_09-49-24.pth
Thu 19 Mar 2026 09:52:34 INFO  epoch 8 training [time: 20.01s, train loss: 1239.3653]
Thu 19 Mar 2026 09:52:34 INFO  epoch 8 evaluating [time: 0.08s, valid_score: 0.028400]
Thu 19 Mar 2026 09:52:34 INFO  valid result: 
hit@10 : 0.0284    ndcg@10 : 0.0128    mrr@10 : 0.008
Thu 19 Mar 2026 09:52:54 INFO  epoch 9 training [time: 20.60s, train loss: 1188.4278]
Thu 19 Mar 2026 09:52:54 INFO  epoch 9 evaluating [time: 0.10s, valid_score: 0.032100]
Thu 19 Mar 2026 09:52:54 INFO  valid result: 
hit@10 : 0.0321    ndcg@10 : 0.0138    mrr@10 : 0.0083
Thu 19 Mar 2026 09:53:14 INFO  epoch 10 training [time: 19.46s, train loss: 1143.4656]
Thu 19 Mar 2026 09:53:14 INFO  epoch 10 evaluating [time: 0.10s, valid_score: 0.030300]
Thu 19 Mar 2026 09:53:14 INFO  valid result: 
hit@10 : 0.0303    ndcg@10 : 0.0138    mrr@10 : 0.0087
Thu 19 Mar 2026 09:53:34 INFO  epoch 11 training [time: 19.62s, train loss: 1105.9734]
Thu 19 Mar 2026 09:53:34 INFO  epoch 11 evaluating [time: 0.09s, valid_score: 0.033500]
Thu 19 Mar 2026 09:53:34 INFO  valid result: 
hit@10 : 0.0335    ndcg@10 : 0.0149    mrr@10 : 0.0093
Thu 19 Mar 2026 09:53:34 INFO  Saving current: saved\TimeWeaver-Mar-19-2026_09-49-24.pth
Thu 19 Mar 2026 09:53:53 INFO  epoch 12 training [time: 19.47s, train loss: 1074.6796]
Thu 19 Mar 2026 09:53:53 INFO  epoch 12 evaluating [time: 0.10s, valid_score: 0.030300]
Thu 19 Mar 2026 09:53:53 INFO  valid result: 
hit@10 : 0.0303    ndcg@10 : 0.0129    mrr@10 : 0.0077
Thu 19 Mar 2026 09:54:13 INFO  epoch 13 training [time: 20.10s, train loss: 1046.2030]
Thu 19 Mar 2026 09:54:14 INFO  epoch 13 evaluating [time: 0.08s, valid_score: 0.029400]
Thu 19 Mar 2026 09:54:14 INFO  valid result: 
hit@10 : 0.0294    ndcg@10 : 0.013    mrr@10 : 0.0079
Thu 19 Mar 2026 09:54:34 INFO  epoch 14 training [time: 20.29s, train loss: 1016.7598]
Thu 19 Mar 2026 09:54:34 INFO  epoch 14 evaluating [time: 0.10s, valid_score: 0.031200]
Thu 19 Mar 2026 09:54:34 INFO  valid result: 
hit@10 : 0.0312    ndcg@10 : 0.0138    mrr@10 : 0.0085
Thu 19 Mar 2026 09:54:55 INFO  epoch 15 training [time: 20.56s, train loss: 992.2664]
Thu 19 Mar 2026 09:54:55 INFO  epoch 15 evaluating [time: 0.09s, valid_score: 0.030700]
Thu 19 Mar 2026 09:54:55 INFO  valid result: 
hit@10 : 0.0307    ndcg@10 : 0.0135    mrr@10 : 0.0083
Thu 19 Mar 2026 09:55:15 INFO  epoch 16 training [time: 20.36s, train loss: 969.7600]
Thu 19 Mar 2026 09:55:15 INFO  epoch 16 evaluating [time: 0.08s, valid_score: 0.030700]
Thu 19 Mar 2026 09:55:15 INFO  valid result: 
hit@10 : 0.0307    ndcg@10 : 0.0138    mrr@10 : 0.0086
Thu 19 Mar 2026 09:55:36 INFO  epoch 17 training [time: 20.64s, train loss: 948.1096]
Thu 19 Mar 2026 09:55:36 INFO  epoch 17 evaluating [time: 0.09s, valid_score: 0.031700]
Thu 19 Mar 2026 09:55:36 INFO  valid result: 
hit@10 : 0.0317    ndcg@10 : 0.0144    mrr@10 : 0.0091
Thu 19 Mar 2026 09:55:57 INFO  epoch 18 training [time: 20.76s, train loss: 927.7904]
Thu 19 Mar 2026 09:55:57 INFO  epoch 18 evaluating [time: 0.10s, valid_score: 0.029400]
Thu 19 Mar 2026 09:55:57 INFO  valid result: 
hit@10 : 0.0294    ndcg@10 : 0.014    mrr@10 : 0.0092
Thu 19 Mar 2026 09:56:17 INFO  epoch 19 training [time: 20.42s, train loss: 908.8518]
Thu 19 Mar 2026 09:56:17 INFO  epoch 19 evaluating [time: 0.08s, valid_score: 0.029800]
Thu 19 Mar 2026 09:56:17 INFO  valid result: 
hit@10 : 0.0298    ndcg@10 : 0.0136    mrr@10 : 0.0086
Thu 19 Mar 2026 09:56:37 INFO  epoch 20 training [time: 19.76s, train loss: 892.5252]
Thu 19 Mar 2026 09:56:37 INFO  epoch 20 evaluating [time: 0.09s, valid_score: 0.028400]
Thu 19 Mar 2026 09:56:37 INFO  valid result: 
hit@10 : 0.0284    ndcg@10 : 0.0133    mrr@10 : 0.0087
Thu 19 Mar 2026 09:56:58 INFO  epoch 21 training [time: 20.62s, train loss: 872.6698]
Thu 19 Mar 2026 09:56:58 INFO  epoch 21 evaluating [time: 0.10s, valid_score: 0.027500]
Thu 19 Mar 2026 09:56:58 INFO  valid result: 
hit@10 : 0.0275    ndcg@10 : 0.0123    mrr@10 : 0.0076
Thu 19 Mar 2026 09:57:20 INFO  epoch 22 training [time: 22.53s, train loss: 857.4776]
Thu 19 Mar 2026 09:57:20 INFO  epoch 22 evaluating [time: 0.08s, valid_score: 0.027500]
Thu 19 Mar 2026 09:57:20 INFO  valid result: 
hit@10 : 0.0275    ndcg@10 : 0.0122    mrr@10 : 0.0075
Thu 19 Mar 2026 09:57:20 INFO  Finished training, best eval result in epoch 11
Thu 19 Mar 2026 09:57:20 INFO  Loading model structure and parameters from saved\TimeWeaver-Mar-19-2026_09-49-24.pth
Thu 19 Mar 2026 09:57:21 INFO  The running environment of this training is as follows:
+-------------+----------------+
| Environment |     Usage      |
+=============+================+
| CPU         |     6.20 %     |
+-------------+----------------+
| GPU         | 0.34 G/6.00 G  |
+-------------+----------------+
| Memory      | 1.51 G/15.63 G |
+-------------+----------------+
Thu 19 Mar 2026 09:57:21 INFO  best valid : OrderedDict([('hit@10', 0.0335), ('ndcg@10', 0.0149), ('mrr@10', 0.0093)])
Thu 19 Mar 2026 09:57:21 INFO  test result: OrderedDict([('hit@10', 0.0284), ('ndcg@10', 0.013), ('mrr@10', 0.0083)])
Thu 19 Mar 2026 09:57:22 WARNING  command line args [--models timeweaver --datasets amazon-sports-5core-longseq-full --seeds 42,2023,2024 --device gpu --timeweaver-variant gate_discrete --output F:\桌面\recommendation_system\results\param_sweeps\timeweaver_param_C_gate_hidden.json --tag C_gate_hidden16 --skip-if-done --tw-gate-hidden 16] will not be used in RecBole
Thu 19 Mar 2026 09:57:22 INFO  ['F:\\桌面\\recommendation_system\\scripts\\run_grid.py', '--models', 'timeweaver', '--datasets', 'amazon-sports-5core-longseq-full', '--seeds', '42,2023,2024', '--device', 'gpu', '--timeweaver-variant', 'gate_discrete', '--output', 'F:\\桌面\\recommendation_system\\results\\param_sweeps\\timeweaver_param_C_gate_hidden.json', '--tag', 'C_gate_hidden16', '--skip-if-done', '--tw-gate-hidden', '16']
Thu 19 Mar 2026 09:57:22 INFO  
General Hyper Parameters:
gpu_id = 0
use_gpu = True
seed = 2023
state = INFO
reproducibility = True
data_path = data/amazon\amazon-sports-5core-longseq
checkpoint_dir = saved
show_progress = True
save_dataset = False
dataset_save_path = None
save_dataloaders = False
dataloaders_save_path = None
log_wandb = False

Training Hyper Parameters:
epochs = 100
train_batch_size = 256
learner = adam
learning_rate = 0.001
train_neg_sample_args = {'distribution': 'none', 'sample_num': 'none', 'alpha': 'none', 'dynamic': False, 'candidate_num': 0}
eval_step = 1
stopping_step = 10
clip_grad_norm = None
weight_decay = 0.0
loss_decimal_place = 4

Evaluation Hyper Parameters:
eval_args = {'split': {'LS': 'valid_and_test'}, 'order': 'TO', 'group_by': 'user', 'mode': {'valid': 'full', 'test': 'full'}}
repeatable = True
metrics = ['Hit', 'NDCG', 'MRR']
topk = [10]
valid_metric = Hit@10
valid_metric_bigger = True
eval_batch_size = 512
metric_decimal_place = 4

Dataset Hyper Parameters:
field_separator = 	
seq_separator =  
USER_ID_FIELD = user_id
ITEM_ID_FIELD = item_id
RATING_FIELD = rating
TIME_FIELD = timestamp
seq_len = None
LABEL_FIELD = label
threshold = None
NEG_PREFIX = neg_
load_col = {'inter': ['user_id', 'item_id', 'rating', 'timestamp']}
unload_col = None
unused_col = None
additional_feat_suffix = None
rm_dup_inter = None
val_interval = None
filter_inter_by_user_or_item = True
user_inter_num_interval = [0,inf)
item_inter_num_interval = [0,inf)
alias_of_user_id = None
alias_of_item_id = None
alias_of_entity_id = None
alias_of_relation_id = None
preload_weight = None
normalize_field = None
normalize_all = None
ITEM_LIST_LENGTH_FIELD = item_length
LIST_SUFFIX = _list
MAX_ITEM_LIST_LENGTH = 32
POSITION_FIELD = position_id
HEAD_ENTITY_ID_FIELD = head_id
TAIL_ENTITY_ID_FIELD = tail_id
RELATION_ID_FIELD = relation_id
ENTITY_ID_FIELD = entity_id
benchmark_filename = None

Other Hyper Parameters: 
worker = 0
wandb_project = recbole
shuffle = True
require_pow = False
enable_amp = False
enable_scaler = False
transform = None
numerical_features = []
discretization = None
kg_reverse_r = False
entity_kg_num_interval = [0,inf)
relation_kg_num_interval = [0,inf)
MODEL_TYPE = ModelType.SEQUENTIAL
contrastive_weight = 0.03
contrastive_temp = 0.2
time_aug_prob = 0.15
time_aug_strength = 0.05
time_aug_warmup_steps = 0
time_aug_ramp_steps = 2000
model_name = TimeWeaver
hidden_size = 64
num_layers = 2
hidden_dropout_prob = 0.5
initializer_range = 0.02
time_bucket_size = 1000
ema_decay = 0.5
tcn_kernel_size = -1
ffn_hidden_size = 256
loss_type = CE
early_stop = 10
neg_sampling = None
device = cuda
use_continuous_time = False
use_time_gate = True
use_time_augmentation = False
time_gate_hidden = 16
MODEL_INPUT_TYPE = InputType.POINTWISE
eval_type = EvaluatorType.RANKING
single_spec = True
local_rank = 0
valid_neg_sample_args = {'distribution': 'uniform', 'sample_num': 'none'}
test_neg_sample_args = {'distribution': 'uniform', 'sample_num': 'none'}


Thu 19 Mar 2026 09:57:22 INFO  amazon-sports-5core-longseq
The number of users: 2181
Average actions of users: 25.74678899082569
The number of items: 14556
Average actions of items: 3.8562693232566128
The number of inters: 56128
The sparsity of the dataset: 99.82320016520806%
Remain Fields: ['user_id', 'item_id', 'rating', 'timestamp']
Thu 19 Mar 2026 09:57:23 INFO  [Training]: train_batch_size = [256] train_neg_sample_args: [{'distribution': 'none', 'sample_num': 'none', 'alpha': 'none', 'dynamic': False, 'candidate_num': 0}]
Thu 19 Mar 2026 09:57:23 INFO  [Evaluation]: eval_batch_size = [512] eval_args: [{'split': {'LS': 'valid_and_test'}, 'order': 'TO', 'group_by': 'user', 'mode': {'valid': 'full', 'test': 'full'}}]
Thu 19 Mar 2026 09:57:23 INFO  TimeWeaver(
  (item_embedding): Embedding(14556, 64, padding_idx=0)
  (time_aug): TimeAwareAugmentation(
    (pos_embedding): Embedding(32, 64)
    (time_embedding): Embedding(1000, 64)
    (time_gate): TimeGate(
      (net): Sequential(
        (0): Linear(in_features=128, out_features=16, bias=True)
        (1): GELU(approximate='none')
        (2): Linear(in_features=16, out_features=64, bias=True)
        (3): Sigmoid()
      )
    )
    (layer_norm): LayerNorm((64,), eps=1e-05, elementwise_affine=True)
    (drop): Dropout(p=0.5, inplace=False)
  )
  (context_layers): ModuleList(
    (0-1): 2 x TCNNextBlock(
      (dw): DepthwiseConv1d(
        (conv): Conv1d(64, 64, kernel_size=(11,), stride=(1,), padding=(5,), groups=64)
        (bn): BatchNorm1d(64, eps=1e-05, momentum=0.1, affine=True, track_running_stats=True)
        (drop): Dropout(p=0.5, inplace=False)
      )
      (norm1): LayerNorm((64,), eps=1e-05, elementwise_affine=True)
      (conv_inter): ParallelConvInter(
        (conv1): Conv1d(64, 64, kernel_size=(1,), stride=(1,))
        (conv3): Conv1d(64, 64, kernel_size=(3,), stride=(1,), padding=(1,))
        (proj): Conv1d(64, 64, kernel_size=(1,), stride=(1,))
        (drop): Dropout(p=0.5, inplace=False)
      )
      (norm2): LayerNorm((64,), eps=1e-05, elementwise_affine=True)
      (ffn): Sequential(
        (0): Linear(in_features=64, out_features=256, bias=True)
        (1): GELU(approximate='none')
        (2): Dropout(p=0.5, inplace=False)
        (3): Linear(in_features=256, out_features=64, bias=True)
        (4): Dropout(p=0.5, inplace=False)
      )
      (norm3): LayerNorm((64,), eps=1e-05, elementwise_affine=True)
    )
  )
  (dynamic_layers): ModuleList(
    (0-1): 2 x EMAStream(
      (proj): Linear(in_features=64, out_features=64, bias=True)
    )
  )
  (weavers): ModuleList(
    (0-1): 2 x StreamWeaver(
      (proj): Linear(in_features=128, out_features=64, bias=True)
      (norm): LayerNorm((64,), eps=1e-05, elementwise_affine=True)
    )
  )
  (loss_fct): CrossEntropyLoss()
)
Trainable parameters: 1136082.0
Thu 19 Mar 2026 09:57:23 INFO  FLOPs: 4397056.0
Thu 19 Mar 2026 09:57:43 INFO  epoch 0 training [time: 20.26s, train loss: 1808.7166]
Thu 19 Mar 2026 09:57:43 INFO  epoch 0 evaluating [time: 0.10s, valid_score: 0.013800]
Thu 19 Mar 2026 09:57:43 INFO  valid result: 
hit@10 : 0.0138    ndcg@10 : 0.0068    mrr@10 : 0.0047
Thu 19 Mar 2026 09:57:43 INFO  Saving current: saved\TimeWeaver-Mar-19-2026_09-57-23.pth
Thu 19 Mar 2026 09:58:03 INFO  epoch 1 training [time: 20.19s, train loss: 1736.5890]
Thu 19 Mar 2026 09:58:04 INFO  epoch 1 evaluating [time: 0.10s, valid_score: 0.018800]
Thu 19 Mar 2026 09:58:04 INFO  valid result: 
hit@10 : 0.0188    ndcg@10 : 0.0092    mrr@10 : 0.0063
Thu 19 Mar 2026 09:58:04 INFO  Saving current: saved\TimeWeaver-Mar-19-2026_09-57-23.pth
Thu 19 Mar 2026 09:58:23 INFO  epoch 2 training [time: 19.70s, train loss: 1675.0337]
Thu 19 Mar 2026 09:58:23 INFO  epoch 2 evaluating [time: 0.09s, valid_score: 0.029800]
Thu 19 Mar 2026 09:58:23 INFO  valid result: 
hit@10 : 0.0298    ndcg@10 : 0.0131    mrr@10 : 0.0081
Thu 19 Mar 2026 09:58:23 INFO  Saving current: saved\TimeWeaver-Mar-19-2026_09-57-23.pth
Thu 19 Mar 2026 09:58:44 INFO  epoch 3 training [time: 20.91s, train loss: 1599.0205]
Thu 19 Mar 2026 09:58:44 INFO  epoch 3 evaluating [time: 0.07s, valid_score: 0.029400]
Thu 19 Mar 2026 09:58:44 INFO  valid result: 
hit@10 : 0.0294    ndcg@10 : 0.0139    mrr@10 : 0.0092
Thu 19 Mar 2026 09:59:05 INFO  epoch 4 training [time: 20.21s, train loss: 1520.1713]
Thu 19 Mar 2026 09:59:05 INFO  epoch 4 evaluating [time: 0.09s, valid_score: 0.029400]
Thu 19 Mar 2026 09:59:05 INFO  valid result: 
hit@10 : 0.0294    ndcg@10 : 0.0142    mrr@10 : 0.0096
Thu 19 Mar 2026 09:59:26 INFO  epoch 5 training [time: 21.37s, train loss: 1442.3328]
Thu 19 Mar 2026 09:59:26 INFO  epoch 5 evaluating [time: 0.10s, valid_score: 0.032100]
Thu 19 Mar 2026 09:59:26 INFO  valid result: 
hit@10 : 0.0321    ndcg@10 : 0.0145    mrr@10 : 0.0092
Thu 19 Mar 2026 09:59:26 INFO  Saving current: saved\TimeWeaver-Mar-19-2026_09-57-23.pth
Thu 19 Mar 2026 09:59:47 INFO  epoch 6 training [time: 20.88s, train loss: 1367.6148]
Thu 19 Mar 2026 09:59:47 INFO  epoch 6 evaluating [time: 0.10s, valid_score: 0.030300]
Thu 19 Mar 2026 09:59:47 INFO  valid result: 
hit@10 : 0.0303    ndcg@10 : 0.0139    mrr@10 : 0.0089
Thu 19 Mar 2026 10:00:07 INFO  epoch 7 training [time: 20.15s, train loss: 1298.8038]
Thu 19 Mar 2026 10:00:07 INFO  epoch 7 evaluating [time: 0.09s, valid_score: 0.033900]
Thu 19 Mar 2026 10:00:07 INFO  valid result: 
hit@10 : 0.0339    ndcg@10 : 0.0146    mrr@10 : 0.0088
Thu 19 Mar 2026 10:00:07 INFO  Saving current: saved\TimeWeaver-Mar-19-2026_09-57-23.pth
Thu 19 Mar 2026 10:00:28 INFO  epoch 8 training [time: 20.45s, train loss: 1238.0556]
Thu 19 Mar 2026 10:00:28 INFO  epoch 8 evaluating [time: 0.09s, valid_score: 0.032600]
Thu 19 Mar 2026 10:00:28 INFO  valid result: 
hit@10 : 0.0326    ndcg@10 : 0.0145    mrr@10 : 0.009
Thu 19 Mar 2026 10:00:48 INFO  epoch 9 training [time: 20.28s, train loss: 1188.0121]
Thu 19 Mar 2026 10:00:48 INFO  epoch 9 evaluating [time: 0.07s, valid_score: 0.031200]
Thu 19 Mar 2026 10:00:48 INFO  valid result: 
hit@10 : 0.0312    ndcg@10 : 0.0136    mrr@10 : 0.0082
Thu 19 Mar 2026 10:01:08 INFO  epoch 10 training [time: 19.79s, train loss: 1142.8312]
Thu 19 Mar 2026 10:01:08 INFO  epoch 10 evaluating [time: 0.08s, valid_score: 0.033500]
Thu 19 Mar 2026 10:01:08 INFO  valid result: 
hit@10 : 0.0335    ndcg@10 : 0.0142    mrr@10 : 0.0084
Thu 19 Mar 2026 10:01:28 INFO  epoch 11 training [time: 20.02s, train loss: 1105.4903]
Thu 19 Mar 2026 10:01:28 INFO  epoch 11 evaluating [time: 0.07s, valid_score: 0.032100]
Thu 19 Mar 2026 10:01:28 INFO  valid result: 
hit@10 : 0.0321    ndcg@10 : 0.0137    mrr@10 : 0.0082
Thu 19 Mar 2026 10:01:48 INFO  epoch 12 training [time: 19.49s, train loss: 1072.0509]
Thu 19 Mar 2026 10:01:48 INFO  epoch 12 evaluating [time: 0.10s, valid_score: 0.031700]
Thu 19 Mar 2026 10:01:48 INFO  valid result: 
hit@10 : 0.0317    ndcg@10 : 0.0138    mrr@10 : 0.0084
Thu 19 Mar 2026 10:02:08 INFO  epoch 13 training [time: 19.84s, train loss: 1043.7180]
Thu 19 Mar 2026 10:02:08 INFO  epoch 13 evaluating [time: 0.10s, valid_score: 0.027100]
Thu 19 Mar 2026 10:02:08 INFO  valid result: 
hit@10 : 0.0271    ndcg@10 : 0.0122    mrr@10 : 0.0077
Thu 19 Mar 2026 10:02:27 INFO  epoch 14 training [time: 19.42s, train loss: 1015.3331]
Thu 19 Mar 2026 10:02:27 INFO  epoch 14 evaluating [time: 0.09s, valid_score: 0.028000]
Thu 19 Mar 2026 10:02:27 INFO  valid result: 
hit@10 : 0.028    ndcg@10 : 0.0126    mrr@10 : 0.008
Thu 19 Mar 2026 10:02:47 INFO  epoch 15 training [time: 19.58s, train loss: 992.8962]
Thu 19 Mar 2026 10:02:47 INFO  epoch 15 evaluating [time: 0.09s, valid_score: 0.027500]
Thu 19 Mar 2026 10:02:47 INFO  valid result: 
hit@10 : 0.0275    ndcg@10 : 0.0125    mrr@10 : 0.008
Thu 19 Mar 2026 10:03:07 INFO  epoch 16 training [time: 19.48s, train loss: 969.4627]
Thu 19 Mar 2026 10:03:07 INFO  epoch 16 evaluating [time: 0.09s, valid_score: 0.026100]
Thu 19 Mar 2026 10:03:07 INFO  valid result: 
hit@10 : 0.0261    ndcg@10 : 0.0115    mrr@10 : 0.007
Thu 19 Mar 2026 10:03:27 INFO  epoch 17 training [time: 20.29s, train loss: 943.9272]
Thu 19 Mar 2026 10:03:27 INFO  epoch 17 evaluating [time: 0.10s, valid_score: 0.028000]
Thu 19 Mar 2026 10:03:27 INFO  valid result: 
hit@10 : 0.028    ndcg@10 : 0.0115    mrr@10 : 0.0066
Thu 19 Mar 2026 10:03:47 INFO  epoch 18 training [time: 20.31s, train loss: 923.6160]
Thu 19 Mar 2026 10:03:47 INFO  epoch 18 evaluating [time: 0.10s, valid_score: 0.026100]
Thu 19 Mar 2026 10:03:47 INFO  valid result: 
hit@10 : 0.0261    ndcg@10 : 0.0118    mrr@10 : 0.0075
Thu 19 Mar 2026 10:03:47 INFO  Finished training, best eval result in epoch 7
Thu 19 Mar 2026 10:03:48 INFO  Loading model structure and parameters from saved\TimeWeaver-Mar-19-2026_09-57-23.pth
Thu 19 Mar 2026 10:03:49 INFO  The running environment of this training is as follows:
+-------------+----------------+
| Environment |     Usage      |
+=============+================+
| CPU         |     6.00 %     |
+-------------+----------------+
| GPU         | 0.34 G/6.00 G  |
+-------------+----------------+
| Memory      | 1.53 G/15.63 G |
+-------------+----------------+
Thu 19 Mar 2026 10:03:49 INFO  best valid : OrderedDict([('hit@10', 0.0339), ('ndcg@10', 0.0146), ('mrr@10', 0.0088)])
Thu 19 Mar 2026 10:03:49 INFO  test result: OrderedDict([('hit@10', 0.0266), ('ndcg@10', 0.0123), ('mrr@10', 0.0079)])
Thu 19 Mar 2026 10:03:49 WARNING  command line args [--models timeweaver --datasets amazon-sports-5core-longseq-full --seeds 42,2023,2024 --device gpu --timeweaver-variant gate_discrete --output F:\桌面\recommendation_system\results\param_sweeps\timeweaver_param_C_gate_hidden.json --tag C_gate_hidden16 --skip-if-done --tw-gate-hidden 16] will not be used in RecBole
Thu 19 Mar 2026 10:03:49 INFO  ['F:\\桌面\\recommendation_system\\scripts\\run_grid.py', '--models', 'timeweaver', '--datasets', 'amazon-sports-5core-longseq-full', '--seeds', '42,2023,2024', '--device', 'gpu', '--timeweaver-variant', 'gate_discrete', '--output', 'F:\\桌面\\recommendation_system\\results\\param_sweeps\\timeweaver_param_C_gate_hidden.json', '--tag', 'C_gate_hidden16', '--skip-if-done', '--tw-gate-hidden', '16']
Thu 19 Mar 2026 10:03:49 INFO  
General Hyper Parameters:
gpu_id = 0
use_gpu = True
seed = 2024
state = INFO
reproducibility = True
data_path = data/amazon\amazon-sports-5core-longseq
checkpoint_dir = saved
show_progress = True
save_dataset = False
dataset_save_path = None
save_dataloaders = False
dataloaders_save_path = None
log_wandb = False

Training Hyper Parameters:
epochs = 100
train_batch_size = 256
learner = adam
learning_rate = 0.001
train_neg_sample_args = {'distribution': 'none', 'sample_num': 'none', 'alpha': 'none', 'dynamic': False, 'candidate_num': 0}
eval_step = 1
stopping_step = 10
clip_grad_norm = None
weight_decay = 0.0
loss_decimal_place = 4

Evaluation Hyper Parameters:
eval_args = {'split': {'LS': 'valid_and_test'}, 'order': 'TO', 'group_by': 'user', 'mode': {'valid': 'full', 'test': 'full'}}
repeatable = True
metrics = ['Hit', 'NDCG', 'MRR']
topk = [10]
valid_metric = Hit@10
valid_metric_bigger = True
eval_batch_size = 512
metric_decimal_place = 4

Dataset Hyper Parameters:
field_separator = 	
seq_separator =  
USER_ID_FIELD = user_id
ITEM_ID_FIELD = item_id
RATING_FIELD = rating
TIME_FIELD = timestamp
seq_len = None
LABEL_FIELD = label
threshold = None
NEG_PREFIX = neg_
load_col = {'inter': ['user_id', 'item_id', 'rating', 'timestamp']}
unload_col = None
unused_col = None
additional_feat_suffix = None
rm_dup_inter = None
val_interval = None
filter_inter_by_user_or_item = True
user_inter_num_interval = [0,inf)
item_inter_num_interval = [0,inf)
alias_of_user_id = None
alias_of_item_id = None
alias_of_entity_id = None
alias_of_relation_id = None
preload_weight = None
normalize_field = None
normalize_all = None
ITEM_LIST_LENGTH_FIELD = item_length
LIST_SUFFIX = _list
MAX_ITEM_LIST_LENGTH = 32
POSITION_FIELD = position_id
HEAD_ENTITY_ID_FIELD = head_id
TAIL_ENTITY_ID_FIELD = tail_id
RELATION_ID_FIELD = relation_id
ENTITY_ID_FIELD = entity_id
benchmark_filename = None

Other Hyper Parameters: 
worker = 0
wandb_project = recbole
shuffle = True
require_pow = False
enable_amp = False
enable_scaler = False
transform = None
numerical_features = []
discretization = None
kg_reverse_r = False
entity_kg_num_interval = [0,inf)
relation_kg_num_interval = [0,inf)
MODEL_TYPE = ModelType.SEQUENTIAL
contrastive_weight = 0.03
contrastive_temp = 0.2
time_aug_prob = 0.15
time_aug_strength = 0.05
time_aug_warmup_steps = 0
time_aug_ramp_steps = 2000
model_name = TimeWeaver
hidden_size = 64
num_layers = 2
hidden_dropout_prob = 0.5
initializer_range = 0.02
time_bucket_size = 1000
ema_decay = 0.5
tcn_kernel_size = -1
ffn_hidden_size = 256
loss_type = CE
early_stop = 10
neg_sampling = None
device = cuda
use_continuous_time = False
use_time_gate = True
use_time_augmentation = False
time_gate_hidden = 16
MODEL_INPUT_TYPE = InputType.POINTWISE
eval_type = EvaluatorType.RANKING
single_spec = True
local_rank = 0
valid_neg_sample_args = {'distribution': 'uniform', 'sample_num': 'none'}
test_neg_sample_args = {'distribution': 'uniform', 'sample_num': 'none'}


Thu 19 Mar 2026 10:03:49 INFO  amazon-sports-5core-longseq
The number of users: 2181
Average actions of users: 25.74678899082569
The number of items: 14556
Average actions of items: 3.8562693232566128
The number of inters: 56128
The sparsity of the dataset: 99.82320016520806%
Remain Fields: ['user_id', 'item_id', 'rating', 'timestamp']
Thu 19 Mar 2026 10:03:50 INFO  [Training]: train_batch_size = [256] train_neg_sample_args: [{'distribution': 'none', 'sample_num': 'none', 'alpha': 'none', 'dynamic': False, 'candidate_num': 0}]
Thu 19 Mar 2026 10:03:50 INFO  [Evaluation]: eval_batch_size = [512] eval_args: [{'split': {'LS': 'valid_and_test'}, 'order': 'TO', 'group_by': 'user', 'mode': {'valid': 'full', 'test': 'full'}}]
Thu 19 Mar 2026 10:03:50 INFO  TimeWeaver(
  (item_embedding): Embedding(14556, 64, padding_idx=0)
  (time_aug): TimeAwareAugmentation(
    (pos_embedding): Embedding(32, 64)
    (time_embedding): Embedding(1000, 64)
    (time_gate): TimeGate(
      (net): Sequential(
        (0): Linear(in_features=128, out_features=16, bias=True)
        (1): GELU(approximate='none')
        (2): Linear(in_features=16, out_features=64, bias=True)
        (3): Sigmoid()
      )
    )
    (layer_norm): LayerNorm((64,), eps=1e-05, elementwise_affine=True)
    (drop): Dropout(p=0.5, inplace=False)
  )
  (context_layers): ModuleList(
    (0-1): 2 x TCNNextBlock(
      (dw): DepthwiseConv1d(
        (conv): Conv1d(64, 64, kernel_size=(11,), stride=(1,), padding=(5,), groups=64)
        (bn): BatchNorm1d(64, eps=1e-05, momentum=0.1, affine=True, track_running_stats=True)
        (drop): Dropout(p=0.5, inplace=False)
      )
      (norm1): LayerNorm((64,), eps=1e-05, elementwise_affine=True)
      (conv_inter): ParallelConvInter(
        (conv1): Conv1d(64, 64, kernel_size=(1,), stride=(1,))
        (conv3): Conv1d(64, 64, kernel_size=(3,), stride=(1,), padding=(1,))
        (proj): Conv1d(64, 64, kernel_size=(1,), stride=(1,))
        (drop): Dropout(p=0.5, inplace=False)
      )
      (norm2): LayerNorm((64,), eps=1e-05, elementwise_affine=True)
      (ffn): Sequential(
        (0): Linear(in_features=64, out_features=256, bias=True)
        (1): GELU(approximate='none')
        (2): Dropout(p=0.5, inplace=False)
        (3): Linear(in_features=256, out_features=64, bias=True)
        (4): Dropout(p=0.5, inplace=False)
      )
      (norm3): LayerNorm((64,), eps=1e-05, elementwise_affine=True)
    )
  )
  (dynamic_layers): ModuleList(
    (0-1): 2 x EMAStream(
      (proj): Linear(in_features=64, out_features=64, bias=True)
    )
  )
  (weavers): ModuleList(
    (0-1): 2 x StreamWeaver(
      (proj): Linear(in_features=128, out_features=64, bias=True)
      (norm): LayerNorm((64,), eps=1e-05, elementwise_affine=True)
    )
  )
  (loss_fct): CrossEntropyLoss()
)
Trainable parameters: 1136082.0
Thu 19 Mar 2026 10:03:50 INFO  FLOPs: 4397056.0
Thu 19 Mar 2026 10:04:11 INFO  epoch 0 training [time: 21.27s, train loss: 1808.4240]
Thu 19 Mar 2026 10:04:11 INFO  epoch 0 evaluating [time: 0.10s, valid_score: 0.012400]
Thu 19 Mar 2026 10:04:11 INFO  valid result: 
hit@10 : 0.0124    ndcg@10 : 0.0065    mrr@10 : 0.0047
Thu 19 Mar 2026 10:04:11 INFO  Saving current: saved\TimeWeaver-Mar-19-2026_10-03-50.pth
Thu 19 Mar 2026 10:04:32 INFO  epoch 1 training [time: 20.19s, train loss: 1735.6003]
Thu 19 Mar 2026 10:04:32 INFO  epoch 1 evaluating [time: 0.08s, valid_score: 0.015100]
Thu 19 Mar 2026 10:04:32 INFO  valid result: 
hit@10 : 0.0151    ndcg@10 : 0.0073    mrr@10 : 0.005
Thu 19 Mar 2026 10:04:32 INFO  Saving current: saved\TimeWeaver-Mar-19-2026_10-03-50.pth
Thu 19 Mar 2026 10:04:52 INFO  epoch 2 training [time: 20.68s, train loss: 1674.9718]
Thu 19 Mar 2026 10:04:52 INFO  epoch 2 evaluating [time: 0.09s, valid_score: 0.020200]
Thu 19 Mar 2026 10:04:52 INFO  valid result: 
hit@10 : 0.0202    ndcg@10 : 0.0116    mrr@10 : 0.0089
Thu 19 Mar 2026 10:04:52 INFO  Saving current: saved\TimeWeaver-Mar-19-2026_10-03-50.pth
Thu 19 Mar 2026 10:05:13 INFO  epoch 3 training [time: 20.38s, train loss: 1597.4543]
Thu 19 Mar 2026 10:05:13 INFO  epoch 3 evaluating [time: 0.07s, valid_score: 0.022000]
Thu 19 Mar 2026 10:05:13 INFO  valid result: 
hit@10 : 0.022    ndcg@10 : 0.0106    mrr@10 : 0.0071
Thu 19 Mar 2026 10:05:13 INFO  Saving current: saved\TimeWeaver-Mar-19-2026_10-03-50.pth
Thu 19 Mar 2026 10:05:32 INFO  epoch 4 training [time: 19.53s, train loss: 1516.2319]
Thu 19 Mar 2026 10:05:33 INFO  epoch 4 evaluating [time: 0.08s, valid_score: 0.025200]
Thu 19 Mar 2026 10:05:33 INFO  valid result: 
hit@10 : 0.0252    ndcg@10 : 0.0111    mrr@10 : 0.0069
Thu 19 Mar 2026 10:05:33 INFO  Saving current: saved\TimeWeaver-Mar-19-2026_10-03-50.pth
Thu 19 Mar 2026 10:05:53 INFO  epoch 5 training [time: 20.27s, train loss: 1437.1063]
Thu 19 Mar 2026 10:05:53 INFO  epoch 5 evaluating [time: 0.09s, valid_score: 0.028000]
Thu 19 Mar 2026 10:05:53 INFO  valid result: 
hit@10 : 0.028    ndcg@10 : 0.0138    mrr@10 : 0.0095
Thu 19 Mar 2026 10:05:53 INFO  Saving current: saved\TimeWeaver-Mar-19-2026_10-03-50.pth
Thu 19 Mar 2026 10:06:13 INFO  epoch 6 training [time: 20.34s, train loss: 1362.0560]
Thu 19 Mar 2026 10:06:13 INFO  epoch 6 evaluating [time: 0.10s, valid_score: 0.026600]
Thu 19 Mar 2026 10:06:13 INFO  valid result: 
hit@10 : 0.0266    ndcg@10 : 0.0126    mrr@10 : 0.0083
Thu 19 Mar 2026 10:06:34 INFO  epoch 7 training [time: 20.54s, train loss: 1292.7411]
Thu 19 Mar 2026 10:06:34 INFO  epoch 7 evaluating [time: 0.10s, valid_score: 0.027100]
Thu 19 Mar 2026 10:06:34 INFO  valid result: 
hit@10 : 0.0271    ndcg@10 : 0.0119    mrr@10 : 0.0072
Thu 19 Mar 2026 10:06:55 INFO  epoch 8 training [time: 20.45s, train loss: 1233.7919]
Thu 19 Mar 2026 10:06:55 INFO  epoch 8 evaluating [time: 0.08s, valid_score: 0.025700]
Thu 19 Mar 2026 10:06:55 INFO  valid result: 
hit@10 : 0.0257    ndcg@10 : 0.0117    mrr@10 : 0.0075
Thu 19 Mar 2026 10:07:15 INFO  epoch 9 training [time: 20.56s, train loss: 1181.5890]
Thu 19 Mar 2026 10:07:15 INFO  epoch 9 evaluating [time: 0.10s, valid_score: 0.029800]
Thu 19 Mar 2026 10:07:15 INFO  valid result: 
hit@10 : 0.0298    ndcg@10 : 0.013    mrr@10 : 0.008
Thu 19 Mar 2026 10:07:15 INFO  Saving current: saved\TimeWeaver-Mar-19-2026_10-03-50.pth
Thu 19 Mar 2026 10:07:37 INFO  epoch 10 training [time: 21.68s, train loss: 1137.4142]
Thu 19 Mar 2026 10:07:37 INFO  epoch 10 evaluating [time: 0.10s, valid_score: 0.028400]
Thu 19 Mar 2026 10:07:37 INFO  valid result: 
hit@10 : 0.0284    ndcg@10 : 0.0122    mrr@10 : 0.0074
Thu 19 Mar 2026 10:07:58 INFO  epoch 11 training [time: 20.82s, train loss: 1098.2143]
Thu 19 Mar 2026 10:07:58 INFO  epoch 11 evaluating [time: 0.10s, valid_score: 0.027500]
Thu 19 Mar 2026 10:07:58 INFO  valid result: 
hit@10 : 0.0275    ndcg@10 : 0.0131    mrr@10 : 0.0086
Thu 19 Mar 2026 10:08:19 INFO  epoch 12 training [time: 20.74s, train loss: 1064.9518]
Thu 19 Mar 2026 10:08:19 INFO  epoch 12 evaluating [time: 0.11s, valid_score: 0.028000]
Thu 19 Mar 2026 10:08:19 INFO  valid result: 
hit@10 : 0.028    ndcg@10 : 0.0127    mrr@10 : 0.008
Thu 19 Mar 2026 10:08:40 INFO  epoch 13 training [time: 20.83s, train loss: 1033.9468]
Thu 19 Mar 2026 10:08:40 INFO  epoch 13 evaluating [time: 0.10s, valid_score: 0.028400]
Thu 19 Mar 2026 10:08:40 INFO  valid result: 
hit@10 : 0.0284    ndcg@10 : 0.0123    mrr@10 : 0.0076
Thu 19 Mar 2026 10:09:01 INFO  epoch 14 training [time: 21.32s, train loss: 1009.3895]
Thu 19 Mar 2026 10:09:01 INFO  epoch 14 evaluating [time: 0.10s, valid_score: 0.027100]
Thu 19 Mar 2026 10:09:01 INFO  valid result: 
hit@10 : 0.0271    ndcg@10 : 0.0126    mrr@10 : 0.0081
Thu 19 Mar 2026 10:09:21 INFO  epoch 15 training [time: 19.81s, train loss: 983.7639]
Thu 19 Mar 2026 10:09:21 INFO  epoch 15 evaluating [time: 0.07s, valid_score: 0.027500]
Thu 19 Mar 2026 10:09:21 INFO  valid result: 
hit@10 : 0.0275    ndcg@10 : 0.012    mrr@10 : 0.0073
Thu 19 Mar 2026 10:09:41 INFO  epoch 16 training [time: 20.18s, train loss: 960.4447]
Thu 19 Mar 2026 10:09:41 INFO  epoch 16 evaluating [time: 0.12s, valid_score: 0.027500]
Thu 19 Mar 2026 10:09:41 INFO  valid result: 
hit@10 : 0.0275    ndcg@10 : 0.0123    mrr@10 : 0.0078
Thu 19 Mar 2026 10:10:02 INFO  epoch 17 training [time: 20.28s, train loss: 937.5859]
Thu 19 Mar 2026 10:10:02 INFO  epoch 17 evaluating [time: 0.09s, valid_score: 0.027500]
Thu 19 Mar 2026 10:10:02 INFO  valid result: 
hit@10 : 0.0275    ndcg@10 : 0.0121    mrr@10 : 0.0075
Thu 19 Mar 2026 10:10:23 INFO  epoch 18 training [time: 20.94s, train loss: 917.7375]
Thu 19 Mar 2026 10:10:23 INFO  epoch 18 evaluating [time: 0.11s, valid_score: 0.022000]
Thu 19 Mar 2026 10:10:23 INFO  valid result: 
hit@10 : 0.022    ndcg@10 : 0.0101    mrr@10 : 0.0064
Thu 19 Mar 2026 10:10:44 INFO  epoch 19 training [time: 21.48s, train loss: 901.1769]
Thu 19 Mar 2026 10:10:44 INFO  epoch 19 evaluating [time: 0.11s, valid_score: 0.026100]
Thu 19 Mar 2026 10:10:44 INFO  valid result: 
hit@10 : 0.0261    ndcg@10 : 0.0114    mrr@10 : 0.0069
Thu 19 Mar 2026 10:11:04 INFO  epoch 20 training [time: 19.88s, train loss: 881.2849]
Thu 19 Mar 2026 10:11:04 INFO  epoch 20 evaluating [time: 0.09s, valid_score: 0.024300]
Thu 19 Mar 2026 10:11:04 INFO  valid result: 
hit@10 : 0.0243    ndcg@10 : 0.0099    mrr@10 : 0.0056
Thu 19 Mar 2026 10:11:04 INFO  Finished training, best eval result in epoch 9
Thu 19 Mar 2026 10:11:04 INFO  Loading model structure and parameters from saved\TimeWeaver-Mar-19-2026_10-03-50.pth
Thu 19 Mar 2026 10:11:06 INFO  The running environment of this training is as follows:
+-------------+----------------+
| Environment |     Usage      |
+=============+================+
| CPU         |     2.90 %     |
+-------------+----------------+
| GPU         | 0.34 G/6.00 G  |
+-------------+----------------+
| Memory      | 1.53 G/15.63 G |
+-------------+----------------+
Thu 19 Mar 2026 10:11:06 INFO  best valid : OrderedDict([('hit@10', 0.0298), ('ndcg@10', 0.013), ('mrr@10', 0.008)])
Thu 19 Mar 2026 10:11:06 INFO  test result: OrderedDict([('hit@10', 0.0239), ('ndcg@10', 0.0111), ('mrr@10', 0.0073)])
