Wed 11 Feb 2026 21:36:40 INFO  ['F:\\桌面\\recommendation_system\\scripts\\run_grid.py', '--models', 'timeweaver', '--datasets', 'amazon-beauty-5core-subset', '--seeds', '42', '--device', 'gpu', '--timeweaver-variant', 'base', '--tag', 'e0p2_k-1_d0p2_l1_f256_b1000', '--output', 'results/run_grid_timeweaver_tune.json', '--tw-ema-decay', '0.2', '--tw-tcn-kernel', '-1', '--tw-hidden-dropout', '0.2', '--tw-num-layers', '1', '--tw-ffn-hidden', '256', '--tw-time-bucket', '1000']
Wed 11 Feb 2026 21:36:40 INFO  
General Hyper Parameters:
gpu_id = 0
use_gpu = True
seed = 42
state = INFO
reproducibility = True
data_path = data/amazon\amazon-beauty-5core-subset
checkpoint_dir = saved
show_progress = True
save_dataset = False
dataset_save_path = None
save_dataloaders = False
dataloaders_save_path = None
log_wandb = False

Training Hyper Parameters:
epochs = 100
train_batch_size = 256
learner = adam
learning_rate = 0.001
train_neg_sample_args = {'distribution': 'none', 'sample_num': 'none', 'alpha': 'none', 'dynamic': False, 'candidate_num': 0}
eval_step = 1
stopping_step = 10
clip_grad_norm = None
weight_decay = 0.0
loss_decimal_place = 4

Evaluation Hyper Parameters:
eval_args = {'split': {'LS': 'valid_and_test'}, 'order': 'TO', 'group_by': 'user', 'mode': {'valid': 'uni100', 'test': 'uni100'}}
repeatable = True
metrics = ['Hit', 'NDCG', 'MRR']
topk = [10]
valid_metric = MRR@10
valid_metric_bigger = True
eval_batch_size = 512
metric_decimal_place = 4

Dataset Hyper Parameters:
field_separator = 	
seq_separator =  
USER_ID_FIELD = user_id
ITEM_ID_FIELD = item_id
RATING_FIELD = rating
TIME_FIELD = timestamp
seq_len = None
LABEL_FIELD = label
threshold = None
NEG_PREFIX = neg_
load_col = {'inter': ['user_id', 'item_id', 'rating', 'timestamp']}
unload_col = None
unused_col = None
additional_feat_suffix = None
rm_dup_inter = None
val_interval = None
filter_inter_by_user_or_item = True
user_inter_num_interval = [0,inf)
item_inter_num_interval = [0,inf)
alias_of_user_id = None
alias_of_item_id = None
alias_of_entity_id = None
alias_of_relation_id = None
preload_weight = None
normalize_field = None
normalize_all = None
ITEM_LIST_LENGTH_FIELD = item_length
LIST_SUFFIX = _list
MAX_ITEM_LIST_LENGTH = 32
POSITION_FIELD = position_id
HEAD_ENTITY_ID_FIELD = head_id
TAIL_ENTITY_ID_FIELD = tail_id
RELATION_ID_FIELD = relation_id
ENTITY_ID_FIELD = entity_id
benchmark_filename = None

Other Hyper Parameters: 
worker = 0
wandb_project = recbole
shuffle = True
require_pow = False
enable_amp = False
enable_scaler = False
transform = None
numerical_features = []
discretization = None
kg_reverse_r = False
entity_kg_num_interval = [0,inf)
relation_kg_num_interval = [0,inf)
MODEL_TYPE = ModelType.SEQUENTIAL
model_name = TimeWeaver
hidden_size = 64
num_layers = 1
hidden_dropout_prob = 0.2
initializer_range = 0.02
time_bucket_size = 1000
ema_decay = 0.2
tcn_kernel_size = -1
ffn_hidden_size = 256
loss_type = CE
early_stop = 10
neg_sampling = None
device = cuda
use_continuous_time = False
use_time_gate = False
use_time_augmentation = False
MODEL_INPUT_TYPE = InputType.POINTWISE
eval_type = EvaluatorType.RANKING
single_spec = True
local_rank = 0
valid_neg_sample_args = {'distribution': 'uniform', 'sample_num': 100}
test_neg_sample_args = {'distribution': 'uniform', 'sample_num': 100}


Wed 11 Feb 2026 21:36:40 INFO  amazon-beauty-5core-subset
The number of users: 7001
Average actions of users: 15.458
The number of items: 11924
Average actions of items: 9.075400486454752
The number of inters: 108206
The sparsity of the dataset: 99.87038081155896%
Remain Fields: ['user_id', 'item_id', 'rating', 'timestamp']
Wed 11 Feb 2026 21:36:42 INFO  [Training]: train_batch_size = [256] train_neg_sample_args: [{'distribution': 'none', 'sample_num': 'none', 'alpha': 'none', 'dynamic': False, 'candidate_num': 0}]
Wed 11 Feb 2026 21:36:42 INFO  [Evaluation]: eval_batch_size = [512] eval_args: [{'split': {'LS': 'valid_and_test'}, 'order': 'TO', 'group_by': 'user', 'mode': {'valid': 'uni100', 'test': 'uni100'}}]
Wed 11 Feb 2026 21:36:42 INFO  TimeWeaver(
  (item_embedding): Embedding(11924, 64, padding_idx=0)
  (time_aug): TimeAwareAugmentation(
    (pos_embedding): Embedding(32, 64)
    (time_embedding): Embedding(1000, 64)
    (layer_norm): LayerNorm((64,), eps=1e-05, elementwise_affine=True)
    (drop): Dropout(p=0.2, inplace=False)
  )
  (context_layers): ModuleList(
    (0): TCNNextBlock(
      (dw): DepthwiseConv1d(
        (conv): Conv1d(64, 64, kernel_size=(11,), stride=(1,), padding=(5,), groups=64)
        (bn): BatchNorm1d(64, eps=1e-05, momentum=0.1, affine=True, track_running_stats=True)
        (drop): Dropout(p=0.2, inplace=False)
      )
      (norm1): LayerNorm((64,), eps=1e-05, elementwise_affine=True)
      (conv_inter): ParallelConvInter(
        (conv1): Conv1d(64, 64, kernel_size=(1,), stride=(1,))
        (conv3): Conv1d(64, 64, kernel_size=(3,), stride=(1,), padding=(1,))
        (proj): Conv1d(64, 64, kernel_size=(1,), stride=(1,))
        (drop): Dropout(p=0.2, inplace=False)
      )
      (norm2): LayerNorm((64,), eps=1e-05, elementwise_affine=True)
      (ffn): Sequential(
        (0): Linear(in_features=64, out_features=256, bias=True)
        (1): GELU(approximate='none')
        (2): Dropout(p=0.2, inplace=False)
        (3): Linear(in_features=256, out_features=64, bias=True)
        (4): Dropout(p=0.2, inplace=False)
      )
      (norm3): LayerNorm((64,), eps=1e-05, elementwise_affine=True)
    )
  )
  (dynamic_layers): ModuleList(
    (0): EMAStream(
      (proj): Linear(in_features=64, out_features=64, bias=True)
    )
  )
  (weavers): ModuleList(
    (0): StreamWeaver(
      (proj): Linear(in_features=128, out_features=64, bias=True)
      (norm): LayerNorm((64,), eps=1e-05, elementwise_affine=True)
    )
  )
  (loss_fct): CrossEntropyLoss()
)
Trainable parameters: 896897.0
Wed 11 Feb 2026 21:36:43 INFO  FLOPs: 2154496.0
Wed 11 Feb 2026 21:37:02 INFO  epoch 0 training [time: 18.52s, train loss: 2913.0333]
Wed 11 Feb 2026 21:37:11 INFO  epoch 0 evaluating [time: 8.69s, valid_score: 0.240300]
Wed 11 Feb 2026 21:37:11 INFO  valid result: 
hit@10 : 0.4661    ndcg@10 : 0.294    mrr@10 : 0.2403
Wed 11 Feb 2026 21:37:11 INFO  Saving current: saved\TimeWeaver-Feb-11-2026_21-36-43.pth
Wed 11 Feb 2026 21:37:30 INFO  epoch 1 training [time: 18.80s, train loss: 2597.8091]
Wed 11 Feb 2026 21:37:39 INFO  epoch 1 evaluating [time: 8.82s, valid_score: 0.311800]
Wed 11 Feb 2026 21:37:39 INFO  valid result: 
hit@10 : 0.5184    ndcg@10 : 0.3612    mrr@10 : 0.3118
Wed 11 Feb 2026 21:37:39 INFO  Saving current: saved\TimeWeaver-Feb-11-2026_21-36-43.pth
Wed 11 Feb 2026 21:37:59 INFO  epoch 2 training [time: 20.05s, train loss: 2380.4577]
Wed 11 Feb 2026 21:38:08 INFO  epoch 2 evaluating [time: 9.13s, valid_score: 0.337500]
Wed 11 Feb 2026 21:38:08 INFO  valid result: 
hit@10 : 0.5333    ndcg@10 : 0.3842    mrr@10 : 0.3375
Wed 11 Feb 2026 21:38:08 INFO  Saving current: saved\TimeWeaver-Feb-11-2026_21-36-43.pth
Wed 11 Feb 2026 21:38:28 INFO  epoch 3 training [time: 19.80s, train loss: 2210.2324]
Wed 11 Feb 2026 21:38:37 INFO  epoch 3 evaluating [time: 9.35s, valid_score: 0.342400]
Wed 11 Feb 2026 21:38:37 INFO  valid result: 
hit@10 : 0.5246    ndcg@10 : 0.3859    mrr@10 : 0.3424
Wed 11 Feb 2026 21:38:37 INFO  Saving current: saved\TimeWeaver-Feb-11-2026_21-36-43.pth
Wed 11 Feb 2026 21:38:58 INFO  epoch 4 training [time: 20.64s, train loss: 2075.6927]
Wed 11 Feb 2026 21:39:07 INFO  epoch 4 evaluating [time: 9.50s, valid_score: 0.338200]
Wed 11 Feb 2026 21:39:07 INFO  valid result: 
hit@10 : 0.5186    ndcg@10 : 0.3811    mrr@10 : 0.3382
Wed 11 Feb 2026 21:39:27 INFO  epoch 5 training [time: 19.32s, train loss: 1979.4612]
Wed 11 Feb 2026 21:39:36 INFO  epoch 5 evaluating [time: 8.89s, valid_score: 0.335200]
Wed 11 Feb 2026 21:39:36 INFO  valid result: 
hit@10 : 0.5129    ndcg@10 : 0.3776    mrr@10 : 0.3352
Wed 11 Feb 2026 21:39:55 INFO  epoch 6 training [time: 19.15s, train loss: 1908.6054]
Wed 11 Feb 2026 21:40:04 INFO  epoch 6 evaluating [time: 9.83s, valid_score: 0.333900]
Wed 11 Feb 2026 21:40:04 INFO  valid result: 
hit@10 : 0.5113    ndcg@10 : 0.3762    mrr@10 : 0.3339
Wed 11 Feb 2026 21:40:27 INFO  epoch 7 training [time: 22.22s, train loss: 1853.9786]
Wed 11 Feb 2026 21:40:52 INFO  epoch 7 evaluating [time: 24.93s, valid_score: 0.331100]
Wed 11 Feb 2026 21:40:52 INFO  valid result: 
hit@10 : 0.5097    ndcg@10 : 0.3737    mrr@10 : 0.3311
Wed 11 Feb 2026 21:41:48 INFO  epoch 8 training [time: 56.77s, train loss: 1803.9997]
Wed 11 Feb 2026 21:42:12 INFO  epoch 8 evaluating [time: 23.30s, valid_score: 0.328900]
Wed 11 Feb 2026 21:42:12 INFO  valid result: 
hit@10 : 0.508    ndcg@10 : 0.3716    mrr@10 : 0.3289
Wed 11 Feb 2026 21:43:08 INFO  epoch 9 training [time: 56.07s, train loss: 1762.9461]
Wed 11 Feb 2026 21:43:33 INFO  epoch 9 evaluating [time: 24.81s, valid_score: 0.325300]
Wed 11 Feb 2026 21:43:33 INFO  valid result: 
hit@10 : 0.5014    ndcg@10 : 0.3673    mrr@10 : 0.3253
Wed 11 Feb 2026 21:44:27 INFO  epoch 10 training [time: 54.60s, train loss: 1724.3433]
Wed 11 Feb 2026 21:44:50 INFO  epoch 10 evaluating [time: 22.49s, valid_score: 0.319100]
Wed 11 Feb 2026 21:44:50 INFO  valid result: 
hit@10 : 0.5029    ndcg@10 : 0.3627    mrr@10 : 0.3191
Wed 11 Feb 2026 21:45:27 INFO  epoch 11 training [time: 37.62s, train loss: 1689.0058]
Wed 11 Feb 2026 21:45:37 INFO  epoch 11 evaluating [time: 9.18s, valid_score: 0.322200]
Wed 11 Feb 2026 21:45:37 INFO  valid result: 
hit@10 : 0.5071    ndcg@10 : 0.3662    mrr@10 : 0.3222
Wed 11 Feb 2026 21:45:58 INFO  epoch 12 training [time: 21.97s, train loss: 1652.2025]
Wed 11 Feb 2026 21:46:08 INFO  epoch 12 evaluating [time: 9.92s, valid_score: 0.321000]
Wed 11 Feb 2026 21:46:08 INFO  valid result: 
hit@10 : 0.4977    ndcg@10 : 0.363    mrr@10 : 0.321
Wed 11 Feb 2026 21:46:29 INFO  epoch 13 training [time: 20.98s, train loss: 1620.3277]
Wed 11 Feb 2026 21:46:38 INFO  epoch 13 evaluating [time: 8.20s, valid_score: 0.311300]
Wed 11 Feb 2026 21:46:38 INFO  valid result: 
hit@10 : 0.4943    ndcg@10 : 0.3547    mrr@10 : 0.3113
Wed 11 Feb 2026 21:46:56 INFO  epoch 14 training [time: 18.02s, train loss: 1588.6580]
Wed 11 Feb 2026 21:47:04 INFO  epoch 14 evaluating [time: 8.26s, valid_score: 0.311300]
Wed 11 Feb 2026 21:47:04 INFO  valid result: 
hit@10 : 0.4914    ndcg@10 : 0.354    mrr@10 : 0.3113
Wed 11 Feb 2026 21:47:04 INFO  Finished training, best eval result in epoch 3
Wed 11 Feb 2026 21:47:04 INFO  Loading model structure and parameters from saved\TimeWeaver-Feb-11-2026_21-36-43.pth
Wed 11 Feb 2026 21:47:13 INFO  The running environment of this training is as follows:
+-------------+----------------+
| Environment |     Usage      |
+=============+================+
| CPU         |     6.30 %     |
+-------------+----------------+
| GPU         | 0.18 G/6.00 G  |
+-------------+----------------+
| Memory      | 1.54 G/15.63 G |
+-------------+----------------+
Wed 11 Feb 2026 21:47:13 INFO  best valid : OrderedDict([('hit@10', 0.5246), ('ndcg@10', 0.3859), ('mrr@10', 0.3424)])
Wed 11 Feb 2026 21:47:13 INFO  test result: OrderedDict([('hit@10', 0.4883), ('ndcg@10', 0.3442), ('mrr@10', 0.2993)])
