Sun 15 Mar 2026 09:14:40 INFO  ['F:\\桌面\\recommendation_system\\scripts\\run_grid.py', '--models', 'timeweaver', '--datasets', 'amazon-sports-5core-longseq-full', '--seeds', '42,2023,2024', '--device', 'gpu', '--timeweaver-variant', 'aug_only', '--output', 'F:\\桌面\\recommendation_system\\results\\param_sweeps\\timeweaver_param_B2_aug_strength_prob.json', '--tag', 'B2_s0.05_p0.05', '--skip-if-done', '--tw-aug-strength', '0.05', '--tw-aug-prob', '0.05']
Sun 15 Mar 2026 09:14:40 INFO  
General Hyper Parameters:
gpu_id = 0
use_gpu = True
seed = 42
state = INFO
reproducibility = True
data_path = data/amazon\amazon-sports-5core-longseq
checkpoint_dir = saved
show_progress = True
save_dataset = False
dataset_save_path = None
save_dataloaders = False
dataloaders_save_path = None
log_wandb = False

Training Hyper Parameters:
epochs = 100
train_batch_size = 256
learner = adam
learning_rate = 0.001
train_neg_sample_args = {'distribution': 'none', 'sample_num': 'none', 'alpha': 'none', 'dynamic': False, 'candidate_num': 0}
eval_step = 1
stopping_step = 10
clip_grad_norm = None
weight_decay = 0.0
loss_decimal_place = 4

Evaluation Hyper Parameters:
eval_args = {'split': {'LS': 'valid_and_test'}, 'order': 'TO', 'group_by': 'user', 'mode': {'valid': 'full', 'test': 'full'}}
repeatable = True
metrics = ['Hit', 'NDCG', 'MRR']
topk = [10]
valid_metric = Hit@10
valid_metric_bigger = True
eval_batch_size = 512
metric_decimal_place = 4

Dataset Hyper Parameters:
field_separator = 	
seq_separator =  
USER_ID_FIELD = user_id
ITEM_ID_FIELD = item_id
RATING_FIELD = rating
TIME_FIELD = timestamp
seq_len = None
LABEL_FIELD = label
threshold = None
NEG_PREFIX = neg_
load_col = {'inter': ['user_id', 'item_id', 'rating', 'timestamp']}
unload_col = None
unused_col = None
additional_feat_suffix = None
rm_dup_inter = None
val_interval = None
filter_inter_by_user_or_item = True
user_inter_num_interval = [0,inf)
item_inter_num_interval = [0,inf)
alias_of_user_id = None
alias_of_item_id = None
alias_of_entity_id = None
alias_of_relation_id = None
preload_weight = None
normalize_field = None
normalize_all = None
ITEM_LIST_LENGTH_FIELD = item_length
LIST_SUFFIX = _list
MAX_ITEM_LIST_LENGTH = 32
POSITION_FIELD = position_id
HEAD_ENTITY_ID_FIELD = head_id
TAIL_ENTITY_ID_FIELD = tail_id
RELATION_ID_FIELD = relation_id
ENTITY_ID_FIELD = entity_id
benchmark_filename = None

Other Hyper Parameters: 
worker = 0
wandb_project = recbole
shuffle = True
require_pow = False
enable_amp = False
enable_scaler = False
transform = None
numerical_features = []
discretization = None
kg_reverse_r = False
entity_kg_num_interval = [0,inf)
relation_kg_num_interval = [0,inf)
MODEL_TYPE = ModelType.SEQUENTIAL
contrastive_weight = 0.03
contrastive_temp = 0.2
model_name = TimeWeaver
hidden_size = 64
num_layers = 2
hidden_dropout_prob = 0.5
initializer_range = 0.02
time_bucket_size = 1000
ema_decay = 0.5
tcn_kernel_size = -1
ffn_hidden_size = 256
loss_type = CE
early_stop = 10
neg_sampling = None
device = cuda
use_continuous_time = False
use_time_gate = False
use_time_augmentation = True
time_aug_strength = 0.05
time_aug_prob = 0.05
MODEL_INPUT_TYPE = InputType.POINTWISE
eval_type = EvaluatorType.RANKING
single_spec = True
local_rank = 0
valid_neg_sample_args = {'distribution': 'uniform', 'sample_num': 'none'}
test_neg_sample_args = {'distribution': 'uniform', 'sample_num': 'none'}


Sun 15 Mar 2026 09:14:40 INFO  amazon-sports-5core-longseq
The number of users: 2181
Average actions of users: 25.74678899082569
The number of items: 14556
Average actions of items: 3.8562693232566128
The number of inters: 56128
The sparsity of the dataset: 99.82320016520806%
Remain Fields: ['user_id', 'item_id', 'rating', 'timestamp']
Sun 15 Mar 2026 09:14:41 INFO  [Training]: train_batch_size = [256] train_neg_sample_args: [{'distribution': 'none', 'sample_num': 'none', 'alpha': 'none', 'dynamic': False, 'candidate_num': 0}]
Sun 15 Mar 2026 09:14:41 INFO  [Evaluation]: eval_batch_size = [512] eval_args: [{'split': {'LS': 'valid_and_test'}, 'order': 'TO', 'group_by': 'user', 'mode': {'valid': 'full', 'test': 'full'}}]
Sun 15 Mar 2026 09:14:41 INFO  TimeWeaver(
  (item_embedding): Embedding(14556, 64, padding_idx=0)
  (time_aug): TimeAwareAugmentation(
    (pos_embedding): Embedding(32, 64)
    (time_embedding): Embedding(1000, 64)
    (layer_norm): LayerNorm((64,), eps=1e-05, elementwise_affine=True)
    (drop): Dropout(p=0.5, inplace=False)
  )
  (context_layers): ModuleList(
    (0-1): 2 x TCNNextBlock(
      (dw): DepthwiseConv1d(
        (conv): Conv1d(64, 64, kernel_size=(11,), stride=(1,), padding=(5,), groups=64)
        (bn): BatchNorm1d(64, eps=1e-05, momentum=0.1, affine=True, track_running_stats=True)
        (drop): Dropout(p=0.5, inplace=False)
      )
      (norm1): LayerNorm((64,), eps=1e-05, elementwise_affine=True)
      (conv_inter): ParallelConvInter(
        (conv1): Conv1d(64, 64, kernel_size=(1,), stride=(1,))
        (conv3): Conv1d(64, 64, kernel_size=(3,), stride=(1,), padding=(1,))
        (proj): Conv1d(64, 64, kernel_size=(1,), stride=(1,))
        (drop): Dropout(p=0.5, inplace=False)
      )
      (norm2): LayerNorm((64,), eps=1e-05, elementwise_affine=True)
      (ffn): Sequential(
        (0): Linear(in_features=64, out_features=256, bias=True)
        (1): GELU(approximate='none')
        (2): Dropout(p=0.5, inplace=False)
        (3): Linear(in_features=256, out_features=64, bias=True)
        (4): Dropout(p=0.5, inplace=False)
      )
      (norm3): LayerNorm((64,), eps=1e-05, elementwise_affine=True)
    )
  )
  (dynamic_layers): ModuleList(
    (0-1): 2 x EMAStream(
      (proj): Linear(in_features=64, out_features=64, bias=True)
    )
  )
  (weavers): ModuleList(
    (0-1): 2 x StreamWeaver(
      (proj): Linear(in_features=128, out_features=64, bias=True)
      (norm): LayerNorm((64,), eps=1e-05, elementwise_affine=True)
    )
  )
  (loss_fct): CrossEntropyLoss()
)
Trainable parameters: 1132929.0
Sun 15 Mar 2026 09:14:42 INFO  FLOPs: 4298752.0
Sun 15 Mar 2026 09:15:04 INFO  epoch 0 training [time: 19.18s, train loss: 1809.4322]
Sun 15 Mar 2026 09:15:04 INFO  epoch 0 evaluating [time: 0.16s, valid_score: 0.012400]
Sun 15 Mar 2026 09:15:04 INFO  valid result: 
hit@10 : 0.0124    ndcg@10 : 0.0063    mrr@10 : 0.0046
Sun 15 Mar 2026 09:15:04 INFO  Saving current: saved\TimeWeaver-Mar-15-2026_09-14-42.pth
Sun 15 Mar 2026 09:15:22 INFO  epoch 1 training [time: 18.05s, train loss: 1735.6456]
Sun 15 Mar 2026 09:15:22 INFO  epoch 1 evaluating [time: 0.07s, valid_score: 0.015100]
Sun 15 Mar 2026 09:15:22 INFO  valid result: 
hit@10 : 0.0151    ndcg@10 : 0.0072    mrr@10 : 0.0049
Sun 15 Mar 2026 09:15:22 INFO  Saving current: saved\TimeWeaver-Mar-15-2026_09-14-42.pth
Sun 15 Mar 2026 09:15:40 INFO  epoch 2 training [time: 17.59s, train loss: 1671.3945]
Sun 15 Mar 2026 09:15:40 INFO  epoch 2 evaluating [time: 0.09s, valid_score: 0.029400]
Sun 15 Mar 2026 09:15:40 INFO  valid result: 
hit@10 : 0.0294    ndcg@10 : 0.0134    mrr@10 : 0.0087
Sun 15 Mar 2026 09:15:40 INFO  Saving current: saved\TimeWeaver-Mar-15-2026_09-14-42.pth
Sun 15 Mar 2026 09:15:59 INFO  epoch 3 training [time: 18.75s, train loss: 1594.9921]
Sun 15 Mar 2026 09:15:59 INFO  epoch 3 evaluating [time: 0.09s, valid_score: 0.026600]
Sun 15 Mar 2026 09:15:59 INFO  valid result: 
hit@10 : 0.0266    ndcg@10 : 0.0131    mrr@10 : 0.009
Sun 15 Mar 2026 09:16:19 INFO  epoch 4 training [time: 20.20s, train loss: 1520.7400]
Sun 15 Mar 2026 09:16:19 INFO  epoch 4 evaluating [time: 0.10s, valid_score: 0.026100]
Sun 15 Mar 2026 09:16:19 INFO  valid result: 
hit@10 : 0.0261    ndcg@10 : 0.0124    mrr@10 : 0.0082
Sun 15 Mar 2026 09:16:39 INFO  epoch 5 training [time: 20.32s, train loss: 1446.9812]
Sun 15 Mar 2026 09:16:39 INFO  epoch 5 evaluating [time: 0.08s, valid_score: 0.027500]
Sun 15 Mar 2026 09:16:39 INFO  valid result: 
hit@10 : 0.0275    ndcg@10 : 0.0128    mrr@10 : 0.0084
Sun 15 Mar 2026 09:17:04 INFO  epoch 6 training [time: 24.44s, train loss: 1376.6932]
Sun 15 Mar 2026 09:17:04 INFO  epoch 6 evaluating [time: 0.09s, valid_score: 0.028400]
Sun 15 Mar 2026 09:17:04 INFO  valid result: 
hit@10 : 0.0284    ndcg@10 : 0.0126    mrr@10 : 0.0078
Sun 15 Mar 2026 09:17:34 INFO  epoch 7 training [time: 29.99s, train loss: 1309.1659]
Sun 15 Mar 2026 09:17:34 INFO  epoch 7 evaluating [time: 0.09s, valid_score: 0.032600]
Sun 15 Mar 2026 09:17:34 INFO  valid result: 
hit@10 : 0.0326    ndcg@10 : 0.0142    mrr@10 : 0.0086
Sun 15 Mar 2026 09:17:34 INFO  Saving current: saved\TimeWeaver-Mar-15-2026_09-14-42.pth
Sun 15 Mar 2026 09:18:06 INFO  epoch 8 training [time: 31.58s, train loss: 1249.5956]
Sun 15 Mar 2026 09:18:06 INFO  epoch 8 evaluating [time: 0.09s, valid_score: 0.031700]
Sun 15 Mar 2026 09:18:06 INFO  valid result: 
hit@10 : 0.0317    ndcg@10 : 0.0142    mrr@10 : 0.0089
Sun 15 Mar 2026 09:18:41 INFO  epoch 9 training [time: 35.77s, train loss: 1196.8499]
Sun 15 Mar 2026 09:18:42 INFO  epoch 9 evaluating [time: 0.10s, valid_score: 0.030300]
Sun 15 Mar 2026 09:18:42 INFO  valid result: 
hit@10 : 0.0303    ndcg@10 : 0.0136    mrr@10 : 0.0085
Sun 15 Mar 2026 09:19:20 INFO  epoch 10 training [time: 38.33s, train loss: 1151.3154]
Sun 15 Mar 2026 09:19:20 INFO  epoch 10 evaluating [time: 0.11s, valid_score: 0.028400]
Sun 15 Mar 2026 09:19:20 INFO  valid result: 
hit@10 : 0.0284    ndcg@10 : 0.0132    mrr@10 : 0.0085
Sun 15 Mar 2026 09:19:59 INFO  epoch 11 training [time: 38.97s, train loss: 1112.6684]
Sun 15 Mar 2026 09:19:59 INFO  epoch 11 evaluating [time: 0.09s, valid_score: 0.032100]
Sun 15 Mar 2026 09:19:59 INFO  valid result: 
hit@10 : 0.0321    ndcg@10 : 0.0142    mrr@10 : 0.0088
Sun 15 Mar 2026 09:20:38 INFO  epoch 12 training [time: 38.45s, train loss: 1077.8193]
Sun 15 Mar 2026 09:20:38 INFO  epoch 12 evaluating [time: 0.09s, valid_score: 0.030300]
Sun 15 Mar 2026 09:20:38 INFO  valid result: 
hit@10 : 0.0303    ndcg@10 : 0.0135    mrr@10 : 0.0084
Sun 15 Mar 2026 09:21:16 INFO  epoch 13 training [time: 38.58s, train loss: 1047.1601]
Sun 15 Mar 2026 09:21:16 INFO  epoch 13 evaluating [time: 0.11s, valid_score: 0.033500]
Sun 15 Mar 2026 09:21:16 INFO  valid result: 
hit@10 : 0.0335    ndcg@10 : 0.0149    mrr@10 : 0.0093
Sun 15 Mar 2026 09:21:16 INFO  Saving current: saved\TimeWeaver-Mar-15-2026_09-14-42.pth
Sun 15 Mar 2026 09:21:56 INFO  epoch 14 training [time: 39.84s, train loss: 1017.9288]
Sun 15 Mar 2026 09:21:56 INFO  epoch 14 evaluating [time: 0.09s, valid_score: 0.028400]
Sun 15 Mar 2026 09:21:56 INFO  valid result: 
hit@10 : 0.0284    ndcg@10 : 0.0126    mrr@10 : 0.0079
Sun 15 Mar 2026 09:22:38 INFO  epoch 15 training [time: 41.48s, train loss: 993.2951]
Sun 15 Mar 2026 09:22:38 INFO  epoch 15 evaluating [time: 0.10s, valid_score: 0.026600]
Sun 15 Mar 2026 09:22:38 INFO  valid result: 
hit@10 : 0.0266    ndcg@10 : 0.0123    mrr@10 : 0.0079
Sun 15 Mar 2026 09:23:16 INFO  epoch 16 training [time: 38.52s, train loss: 969.6507]
Sun 15 Mar 2026 09:23:16 INFO  epoch 16 evaluating [time: 0.10s, valid_score: 0.028900]
Sun 15 Mar 2026 09:23:16 INFO  valid result: 
hit@10 : 0.0289    ndcg@10 : 0.0128    mrr@10 : 0.008
Sun 15 Mar 2026 09:23:55 INFO  epoch 17 training [time: 38.77s, train loss: 948.2871]
Sun 15 Mar 2026 09:23:55 INFO  epoch 17 evaluating [time: 0.10s, valid_score: 0.029400]
Sun 15 Mar 2026 09:23:55 INFO  valid result: 
hit@10 : 0.0294    ndcg@10 : 0.0133    mrr@10 : 0.0085
Sun 15 Mar 2026 09:24:34 INFO  epoch 18 training [time: 38.76s, train loss: 927.3937]
Sun 15 Mar 2026 09:24:34 INFO  epoch 18 evaluating [time: 0.10s, valid_score: 0.029800]
Sun 15 Mar 2026 09:24:34 INFO  valid result: 
hit@10 : 0.0298    ndcg@10 : 0.0133    mrr@10 : 0.0083
Sun 15 Mar 2026 09:25:12 INFO  epoch 19 training [time: 37.91s, train loss: 906.6850]
Sun 15 Mar 2026 09:25:12 INFO  epoch 19 evaluating [time: 0.10s, valid_score: 0.025200]
Sun 15 Mar 2026 09:25:12 INFO  valid result: 
hit@10 : 0.0252    ndcg@10 : 0.0114    mrr@10 : 0.0073
Sun 15 Mar 2026 09:25:50 INFO  epoch 20 training [time: 37.93s, train loss: 889.0941]
Sun 15 Mar 2026 09:25:50 INFO  epoch 20 evaluating [time: 0.09s, valid_score: 0.027500]
Sun 15 Mar 2026 09:25:50 INFO  valid result: 
hit@10 : 0.0275    ndcg@10 : 0.0129    mrr@10 : 0.0084
Sun 15 Mar 2026 09:26:29 INFO  epoch 21 training [time: 38.73s, train loss: 871.3430]
Sun 15 Mar 2026 09:26:29 INFO  epoch 21 evaluating [time: 0.10s, valid_score: 0.022000]
Sun 15 Mar 2026 09:26:29 INFO  valid result: 
hit@10 : 0.022    ndcg@10 : 0.0106    mrr@10 : 0.0072
Sun 15 Mar 2026 09:27:08 INFO  epoch 22 training [time: 39.10s, train loss: 856.1184]
Sun 15 Mar 2026 09:27:08 INFO  epoch 22 evaluating [time: 0.09s, valid_score: 0.025200]
Sun 15 Mar 2026 09:27:08 INFO  valid result: 
hit@10 : 0.0252    ndcg@10 : 0.011    mrr@10 : 0.0067
Sun 15 Mar 2026 09:27:47 INFO  epoch 23 training [time: 38.94s, train loss: 843.9604]
Sun 15 Mar 2026 09:27:47 INFO  epoch 23 evaluating [time: 0.10s, valid_score: 0.025200]
Sun 15 Mar 2026 09:27:47 INFO  valid result: 
hit@10 : 0.0252    ndcg@10 : 0.0125    mrr@10 : 0.0087
Sun 15 Mar 2026 09:28:26 INFO  epoch 24 training [time: 38.70s, train loss: 827.2847]
Sun 15 Mar 2026 09:28:26 INFO  epoch 24 evaluating [time: 0.10s, valid_score: 0.024800]
Sun 15 Mar 2026 09:28:26 INFO  valid result: 
hit@10 : 0.0248    ndcg@10 : 0.0117    mrr@10 : 0.0077
Sun 15 Mar 2026 09:28:26 INFO  Finished training, best eval result in epoch 13
Sun 15 Mar 2026 09:28:26 INFO  Loading model structure and parameters from saved\TimeWeaver-Mar-15-2026_09-14-42.pth
Sun 15 Mar 2026 09:28:27 INFO  The running environment of this training is as follows:
+-------------+----------------+
| Environment |     Usage      |
+=============+================+
| CPU         |     8.80 %     |
+-------------+----------------+
| GPU         | 0.33 G/6.00 G  |
+-------------+----------------+
| Memory      | 1.09 G/15.63 G |
+-------------+----------------+
Sun 15 Mar 2026 09:28:27 INFO  best valid : OrderedDict([('hit@10', 0.0335), ('ndcg@10', 0.0149), ('mrr@10', 0.0093)])
Sun 15 Mar 2026 09:28:27 INFO  test result: OrderedDict([('hit@10', 0.0202), ('ndcg@10', 0.0096), ('mrr@10', 0.0063)])
Sun 15 Mar 2026 09:28:27 WARNING  command line args [--models timeweaver --datasets amazon-sports-5core-longseq-full --seeds 42,2023,2024 --device gpu --timeweaver-variant aug_only --output F:\桌面\recommendation_system\results\param_sweeps\timeweaver_param_B2_aug_strength_prob.json --tag B2_s0.05_p0.05 --skip-if-done --tw-aug-strength 0.05 --tw-aug-prob 0.05] will not be used in RecBole
Sun 15 Mar 2026 09:28:27 INFO  ['F:\\桌面\\recommendation_system\\scripts\\run_grid.py', '--models', 'timeweaver', '--datasets', 'amazon-sports-5core-longseq-full', '--seeds', '42,2023,2024', '--device', 'gpu', '--timeweaver-variant', 'aug_only', '--output', 'F:\\桌面\\recommendation_system\\results\\param_sweeps\\timeweaver_param_B2_aug_strength_prob.json', '--tag', 'B2_s0.05_p0.05', '--skip-if-done', '--tw-aug-strength', '0.05', '--tw-aug-prob', '0.05']
Sun 15 Mar 2026 09:28:27 INFO  
General Hyper Parameters:
gpu_id = 0
use_gpu = True
seed = 2023
state = INFO
reproducibility = True
data_path = data/amazon\amazon-sports-5core-longseq
checkpoint_dir = saved
show_progress = True
save_dataset = False
dataset_save_path = None
save_dataloaders = False
dataloaders_save_path = None
log_wandb = False

Training Hyper Parameters:
epochs = 100
train_batch_size = 256
learner = adam
learning_rate = 0.001
train_neg_sample_args = {'distribution': 'none', 'sample_num': 'none', 'alpha': 'none', 'dynamic': False, 'candidate_num': 0}
eval_step = 1
stopping_step = 10
clip_grad_norm = None
weight_decay = 0.0
loss_decimal_place = 4

Evaluation Hyper Parameters:
eval_args = {'split': {'LS': 'valid_and_test'}, 'order': 'TO', 'group_by': 'user', 'mode': {'valid': 'full', 'test': 'full'}}
repeatable = True
metrics = ['Hit', 'NDCG', 'MRR']
topk = [10]
valid_metric = Hit@10
valid_metric_bigger = True
eval_batch_size = 512
metric_decimal_place = 4

Dataset Hyper Parameters:
field_separator = 	
seq_separator =  
USER_ID_FIELD = user_id
ITEM_ID_FIELD = item_id
RATING_FIELD = rating
TIME_FIELD = timestamp
seq_len = None
LABEL_FIELD = label
threshold = None
NEG_PREFIX = neg_
load_col = {'inter': ['user_id', 'item_id', 'rating', 'timestamp']}
unload_col = None
unused_col = None
additional_feat_suffix = None
rm_dup_inter = None
val_interval = None
filter_inter_by_user_or_item = True
user_inter_num_interval = [0,inf)
item_inter_num_interval = [0,inf)
alias_of_user_id = None
alias_of_item_id = None
alias_of_entity_id = None
alias_of_relation_id = None
preload_weight = None
normalize_field = None
normalize_all = None
ITEM_LIST_LENGTH_FIELD = item_length
LIST_SUFFIX = _list
MAX_ITEM_LIST_LENGTH = 32
POSITION_FIELD = position_id
HEAD_ENTITY_ID_FIELD = head_id
TAIL_ENTITY_ID_FIELD = tail_id
RELATION_ID_FIELD = relation_id
ENTITY_ID_FIELD = entity_id
benchmark_filename = None

Other Hyper Parameters: 
worker = 0
wandb_project = recbole
shuffle = True
require_pow = False
enable_amp = False
enable_scaler = False
transform = None
numerical_features = []
discretization = None
kg_reverse_r = False
entity_kg_num_interval = [0,inf)
relation_kg_num_interval = [0,inf)
MODEL_TYPE = ModelType.SEQUENTIAL
contrastive_weight = 0.03
contrastive_temp = 0.2
model_name = TimeWeaver
hidden_size = 64
num_layers = 2
hidden_dropout_prob = 0.5
initializer_range = 0.02
time_bucket_size = 1000
ema_decay = 0.5
tcn_kernel_size = -1
ffn_hidden_size = 256
loss_type = CE
early_stop = 10
neg_sampling = None
device = cuda
use_continuous_time = False
use_time_gate = False
use_time_augmentation = True
time_aug_strength = 0.05
time_aug_prob = 0.05
MODEL_INPUT_TYPE = InputType.POINTWISE
eval_type = EvaluatorType.RANKING
single_spec = True
local_rank = 0
valid_neg_sample_args = {'distribution': 'uniform', 'sample_num': 'none'}
test_neg_sample_args = {'distribution': 'uniform', 'sample_num': 'none'}


Sun 15 Mar 2026 09:28:28 INFO  amazon-sports-5core-longseq
The number of users: 2181
Average actions of users: 25.74678899082569
The number of items: 14556
Average actions of items: 3.8562693232566128
The number of inters: 56128
The sparsity of the dataset: 99.82320016520806%
Remain Fields: ['user_id', 'item_id', 'rating', 'timestamp']
Sun 15 Mar 2026 09:28:29 INFO  [Training]: train_batch_size = [256] train_neg_sample_args: [{'distribution': 'none', 'sample_num': 'none', 'alpha': 'none', 'dynamic': False, 'candidate_num': 0}]
Sun 15 Mar 2026 09:28:29 INFO  [Evaluation]: eval_batch_size = [512] eval_args: [{'split': {'LS': 'valid_and_test'}, 'order': 'TO', 'group_by': 'user', 'mode': {'valid': 'full', 'test': 'full'}}]
Sun 15 Mar 2026 09:28:29 INFO  TimeWeaver(
  (item_embedding): Embedding(14556, 64, padding_idx=0)
  (time_aug): TimeAwareAugmentation(
    (pos_embedding): Embedding(32, 64)
    (time_embedding): Embedding(1000, 64)
    (layer_norm): LayerNorm((64,), eps=1e-05, elementwise_affine=True)
    (drop): Dropout(p=0.5, inplace=False)
  )
  (context_layers): ModuleList(
    (0-1): 2 x TCNNextBlock(
      (dw): DepthwiseConv1d(
        (conv): Conv1d(64, 64, kernel_size=(11,), stride=(1,), padding=(5,), groups=64)
        (bn): BatchNorm1d(64, eps=1e-05, momentum=0.1, affine=True, track_running_stats=True)
        (drop): Dropout(p=0.5, inplace=False)
      )
      (norm1): LayerNorm((64,), eps=1e-05, elementwise_affine=True)
      (conv_inter): ParallelConvInter(
        (conv1): Conv1d(64, 64, kernel_size=(1,), stride=(1,))
        (conv3): Conv1d(64, 64, kernel_size=(3,), stride=(1,), padding=(1,))
        (proj): Conv1d(64, 64, kernel_size=(1,), stride=(1,))
        (drop): Dropout(p=0.5, inplace=False)
      )
      (norm2): LayerNorm((64,), eps=1e-05, elementwise_affine=True)
      (ffn): Sequential(
        (0): Linear(in_features=64, out_features=256, bias=True)
        (1): GELU(approximate='none')
        (2): Dropout(p=0.5, inplace=False)
        (3): Linear(in_features=256, out_features=64, bias=True)
        (4): Dropout(p=0.5, inplace=False)
      )
      (norm3): LayerNorm((64,), eps=1e-05, elementwise_affine=True)
    )
  )
  (dynamic_layers): ModuleList(
    (0-1): 2 x EMAStream(
      (proj): Linear(in_features=64, out_features=64, bias=True)
    )
  )
  (weavers): ModuleList(
    (0-1): 2 x StreamWeaver(
      (proj): Linear(in_features=128, out_features=64, bias=True)
      (norm): LayerNorm((64,), eps=1e-05, elementwise_affine=True)
    )
  )
  (loss_fct): CrossEntropyLoss()
)
Trainable parameters: 1132929.0
Sun 15 Mar 2026 09:28:29 INFO  FLOPs: 4298752.0
Sun 15 Mar 2026 09:28:48 INFO  epoch 0 training [time: 19.74s, train loss: 1810.2932]
Sun 15 Mar 2026 09:28:49 INFO  epoch 0 evaluating [time: 0.10s, valid_score: 0.011500]
Sun 15 Mar 2026 09:28:49 INFO  valid result: 
hit@10 : 0.0115    ndcg@10 : 0.0061    mrr@10 : 0.0044
Sun 15 Mar 2026 09:28:49 INFO  Saving current: saved\TimeWeaver-Mar-15-2026_09-28-29.pth
Sun 15 Mar 2026 09:29:08 INFO  epoch 1 training [time: 19.63s, train loss: 1735.3626]
Sun 15 Mar 2026 09:29:08 INFO  epoch 1 evaluating [time: 0.11s, valid_score: 0.013800]
Sun 15 Mar 2026 09:29:08 INFO  valid result: 
hit@10 : 0.0138    ndcg@10 : 0.0073    mrr@10 : 0.0054
Sun 15 Mar 2026 09:29:08 INFO  Saving current: saved\TimeWeaver-Mar-15-2026_09-28-29.pth
Sun 15 Mar 2026 09:29:28 INFO  epoch 2 training [time: 19.34s, train loss: 1672.5438]
Sun 15 Mar 2026 09:29:28 INFO  epoch 2 evaluating [time: 0.09s, valid_score: 0.027500]
Sun 15 Mar 2026 09:29:28 INFO  valid result: 
hit@10 : 0.0275    ndcg@10 : 0.0132    mrr@10 : 0.009
Sun 15 Mar 2026 09:29:28 INFO  Saving current: saved\TimeWeaver-Mar-15-2026_09-28-29.pth
Sun 15 Mar 2026 09:29:47 INFO  epoch 3 training [time: 19.40s, train loss: 1598.5518]
Sun 15 Mar 2026 09:29:47 INFO  epoch 3 evaluating [time: 0.09s, valid_score: 0.025200]
Sun 15 Mar 2026 09:29:47 INFO  valid result: 
hit@10 : 0.0252    ndcg@10 : 0.0126    mrr@10 : 0.0087
Sun 15 Mar 2026 09:30:07 INFO  epoch 4 training [time: 19.42s, train loss: 1523.7081]
Sun 15 Mar 2026 09:30:07 INFO  epoch 4 evaluating [time: 0.09s, valid_score: 0.026100]
Sun 15 Mar 2026 09:30:07 INFO  valid result: 
hit@10 : 0.0261    ndcg@10 : 0.0131    mrr@10 : 0.0092
Sun 15 Mar 2026 09:30:27 INFO  epoch 5 training [time: 19.82s, train loss: 1450.2935]
Sun 15 Mar 2026 09:30:27 INFO  epoch 5 evaluating [time: 0.09s, valid_score: 0.027100]
Sun 15 Mar 2026 09:30:27 INFO  valid result: 
hit@10 : 0.0271    ndcg@10 : 0.0121    mrr@10 : 0.0076
Sun 15 Mar 2026 09:30:51 INFO  epoch 6 training [time: 23.73s, train loss: 1379.2970]
Sun 15 Mar 2026 09:30:51 INFO  epoch 6 evaluating [time: 0.10s, valid_score: 0.030700]
Sun 15 Mar 2026 09:30:51 INFO  valid result: 
hit@10 : 0.0307    ndcg@10 : 0.0139    mrr@10 : 0.0087
Sun 15 Mar 2026 09:30:51 INFO  Saving current: saved\TimeWeaver-Mar-15-2026_09-28-29.pth
Sun 15 Mar 2026 09:31:21 INFO  epoch 7 training [time: 30.23s, train loss: 1312.2831]
Sun 15 Mar 2026 09:31:21 INFO  epoch 7 evaluating [time: 0.08s, valid_score: 0.033500]
Sun 15 Mar 2026 09:31:21 INFO  valid result: 
hit@10 : 0.0335    ndcg@10 : 0.0147    mrr@10 : 0.009
Sun 15 Mar 2026 09:31:21 INFO  Saving current: saved\TimeWeaver-Mar-15-2026_09-28-29.pth
Sun 15 Mar 2026 09:31:56 INFO  epoch 8 training [time: 35.24s, train loss: 1251.0242]
Sun 15 Mar 2026 09:31:56 INFO  epoch 8 evaluating [time: 0.09s, valid_score: 0.031200]
Sun 15 Mar 2026 09:31:56 INFO  valid result: 
hit@10 : 0.0312    ndcg@10 : 0.0136    mrr@10 : 0.0083
Sun 15 Mar 2026 09:32:32 INFO  epoch 9 training [time: 36.02s, train loss: 1197.3610]
Sun 15 Mar 2026 09:32:32 INFO  epoch 9 evaluating [time: 0.11s, valid_score: 0.033000]
Sun 15 Mar 2026 09:32:32 INFO  valid result: 
hit@10 : 0.033    ndcg@10 : 0.0141    mrr@10 : 0.0084
Sun 15 Mar 2026 09:33:10 INFO  epoch 10 training [time: 37.18s, train loss: 1151.5388]
Sun 15 Mar 2026 09:33:10 INFO  epoch 10 evaluating [time: 0.10s, valid_score: 0.033000]
Sun 15 Mar 2026 09:33:10 INFO  valid result: 
hit@10 : 0.033    ndcg@10 : 0.0144    mrr@10 : 0.0087
Sun 15 Mar 2026 09:33:48 INFO  epoch 11 training [time: 38.10s, train loss: 1112.8612]
Sun 15 Mar 2026 09:33:48 INFO  epoch 11 evaluating [time: 0.10s, valid_score: 0.033000]
Sun 15 Mar 2026 09:33:48 INFO  valid result: 
hit@10 : 0.033    ndcg@10 : 0.0142    mrr@10 : 0.0084
Sun 15 Mar 2026 09:34:26 INFO  epoch 12 training [time: 37.97s, train loss: 1077.9125]
Sun 15 Mar 2026 09:34:26 INFO  epoch 12 evaluating [time: 0.10s, valid_score: 0.030300]
Sun 15 Mar 2026 09:34:26 INFO  valid result: 
hit@10 : 0.0303    ndcg@10 : 0.0132    mrr@10 : 0.0081
Sun 15 Mar 2026 09:35:04 INFO  epoch 13 training [time: 38.06s, train loss: 1048.4539]
Sun 15 Mar 2026 09:35:04 INFO  epoch 13 evaluating [time: 0.10s, valid_score: 0.033500]
Sun 15 Mar 2026 09:35:04 INFO  valid result: 
hit@10 : 0.0335    ndcg@10 : 0.0143    mrr@10 : 0.0084
Sun 15 Mar 2026 09:35:04 INFO  Saving current: saved\TimeWeaver-Mar-15-2026_09-28-29.pth
Sun 15 Mar 2026 09:35:42 INFO  epoch 14 training [time: 38.11s, train loss: 1023.0147]
Sun 15 Mar 2026 09:35:42 INFO  epoch 14 evaluating [time: 0.10s, valid_score: 0.033000]
Sun 15 Mar 2026 09:35:42 INFO  valid result: 
hit@10 : 0.033    ndcg@10 : 0.0148    mrr@10 : 0.0093
Sun 15 Mar 2026 09:36:20 INFO  epoch 15 training [time: 37.96s, train loss: 994.4211]
Sun 15 Mar 2026 09:36:20 INFO  epoch 15 evaluating [time: 0.09s, valid_score: 0.035800]
Sun 15 Mar 2026 09:36:20 INFO  valid result: 
hit@10 : 0.0358    ndcg@10 : 0.0153    mrr@10 : 0.009
Sun 15 Mar 2026 09:36:20 INFO  Saving current: saved\TimeWeaver-Mar-15-2026_09-28-29.pth
Sun 15 Mar 2026 09:36:58 INFO  epoch 16 training [time: 38.00s, train loss: 974.2616]
Sun 15 Mar 2026 09:36:59 INFO  epoch 16 evaluating [time: 0.09s, valid_score: 0.029400]
Sun 15 Mar 2026 09:36:59 INFO  valid result: 
hit@10 : 0.0294    ndcg@10 : 0.0123    mrr@10 : 0.0071
Sun 15 Mar 2026 09:37:37 INFO  epoch 17 training [time: 38.29s, train loss: 951.7917]
Sun 15 Mar 2026 09:37:37 INFO  epoch 17 evaluating [time: 0.10s, valid_score: 0.029400]
Sun 15 Mar 2026 09:37:37 INFO  valid result: 
hit@10 : 0.0294    ndcg@10 : 0.013    mrr@10 : 0.0081
Sun 15 Mar 2026 09:38:17 INFO  epoch 18 training [time: 39.93s, train loss: 932.8735]
Sun 15 Mar 2026 09:38:17 INFO  epoch 18 evaluating [time: 0.09s, valid_score: 0.030300]
Sun 15 Mar 2026 09:38:17 INFO  valid result: 
hit@10 : 0.0303    ndcg@10 : 0.0132    mrr@10 : 0.0081
Sun 15 Mar 2026 09:38:56 INFO  epoch 19 training [time: 39.22s, train loss: 913.5238]
Sun 15 Mar 2026 09:38:56 INFO  epoch 19 evaluating [time: 0.10s, valid_score: 0.029800]
Sun 15 Mar 2026 09:38:56 INFO  valid result: 
hit@10 : 0.0298    ndcg@10 : 0.0132    mrr@10 : 0.0081
Sun 15 Mar 2026 09:39:36 INFO  epoch 20 training [time: 39.56s, train loss: 895.1566]
Sun 15 Mar 2026 09:39:36 INFO  epoch 20 evaluating [time: 0.09s, valid_score: 0.028000]
Sun 15 Mar 2026 09:39:36 INFO  valid result: 
hit@10 : 0.028    ndcg@10 : 0.0116    mrr@10 : 0.0068
Sun 15 Mar 2026 09:40:15 INFO  epoch 21 training [time: 38.95s, train loss: 879.0566]
Sun 15 Mar 2026 09:40:15 INFO  epoch 21 evaluating [time: 0.10s, valid_score: 0.025700]
Sun 15 Mar 2026 09:40:15 INFO  valid result: 
hit@10 : 0.0257    ndcg@10 : 0.0106    mrr@10 : 0.0061
Sun 15 Mar 2026 09:40:53 INFO  epoch 22 training [time: 37.61s, train loss: 862.5932]
Sun 15 Mar 2026 09:40:53 INFO  epoch 22 evaluating [time: 0.10s, valid_score: 0.026100]
Sun 15 Mar 2026 09:40:53 INFO  valid result: 
hit@10 : 0.0261    ndcg@10 : 0.0118    mrr@10 : 0.0075
Sun 15 Mar 2026 09:41:30 INFO  epoch 23 training [time: 37.59s, train loss: 848.1206]
Sun 15 Mar 2026 09:41:30 INFO  epoch 23 evaluating [time: 0.10s, valid_score: 0.027100]
Sun 15 Mar 2026 09:41:30 INFO  valid result: 
hit@10 : 0.0271    ndcg@10 : 0.0117    mrr@10 : 0.0071
Sun 15 Mar 2026 09:42:10 INFO  epoch 24 training [time: 39.32s, train loss: 833.1098]
Sun 15 Mar 2026 09:42:10 INFO  epoch 24 evaluating [time: 0.09s, valid_score: 0.025200]
Sun 15 Mar 2026 09:42:10 INFO  valid result: 
hit@10 : 0.0252    ndcg@10 : 0.0109    mrr@10 : 0.0067
Sun 15 Mar 2026 09:42:50 INFO  epoch 25 training [time: 39.70s, train loss: 818.5231]
Sun 15 Mar 2026 09:42:50 INFO  epoch 25 evaluating [time: 0.10s, valid_score: 0.023400]
Sun 15 Mar 2026 09:42:50 INFO  valid result: 
hit@10 : 0.0234    ndcg@10 : 0.0098    mrr@10 : 0.0057
Sun 15 Mar 2026 09:43:28 INFO  epoch 26 training [time: 38.70s, train loss: 805.2476]
Sun 15 Mar 2026 09:43:28 INFO  epoch 26 evaluating [time: 0.11s, valid_score: 0.024800]
Sun 15 Mar 2026 09:43:28 INFO  valid result: 
hit@10 : 0.0248    ndcg@10 : 0.0109    mrr@10 : 0.0067
Sun 15 Mar 2026 09:43:28 INFO  Finished training, best eval result in epoch 15
Sun 15 Mar 2026 09:43:29 INFO  Loading model structure and parameters from saved\TimeWeaver-Mar-15-2026_09-28-29.pth
Sun 15 Mar 2026 09:43:30 INFO  The running environment of this training is as follows:
+-------------+----------------+
| Environment |     Usage      |
+=============+================+
| CPU         |     6.40 %     |
+-------------+----------------+
| GPU         | 0.33 G/6.00 G  |
+-------------+----------------+
| Memory      | 0.53 G/15.63 G |
+-------------+----------------+
Sun 15 Mar 2026 09:43:30 INFO  best valid : OrderedDict([('hit@10', 0.0358), ('ndcg@10', 0.0153), ('mrr@10', 0.009)])
Sun 15 Mar 2026 09:43:30 INFO  test result: OrderedDict([('hit@10', 0.0234), ('ndcg@10', 0.0106), ('mrr@10', 0.0067)])
Sun 15 Mar 2026 09:43:30 WARNING  command line args [--models timeweaver --datasets amazon-sports-5core-longseq-full --seeds 42,2023,2024 --device gpu --timeweaver-variant aug_only --output F:\桌面\recommendation_system\results\param_sweeps\timeweaver_param_B2_aug_strength_prob.json --tag B2_s0.05_p0.05 --skip-if-done --tw-aug-strength 0.05 --tw-aug-prob 0.05] will not be used in RecBole
Sun 15 Mar 2026 09:43:30 INFO  ['F:\\桌面\\recommendation_system\\scripts\\run_grid.py', '--models', 'timeweaver', '--datasets', 'amazon-sports-5core-longseq-full', '--seeds', '42,2023,2024', '--device', 'gpu', '--timeweaver-variant', 'aug_only', '--output', 'F:\\桌面\\recommendation_system\\results\\param_sweeps\\timeweaver_param_B2_aug_strength_prob.json', '--tag', 'B2_s0.05_p0.05', '--skip-if-done', '--tw-aug-strength', '0.05', '--tw-aug-prob', '0.05']
Sun 15 Mar 2026 09:43:30 INFO  
General Hyper Parameters:
gpu_id = 0
use_gpu = True
seed = 2024
state = INFO
reproducibility = True
data_path = data/amazon\amazon-sports-5core-longseq
checkpoint_dir = saved
show_progress = True
save_dataset = False
dataset_save_path = None
save_dataloaders = False
dataloaders_save_path = None
log_wandb = False

Training Hyper Parameters:
epochs = 100
train_batch_size = 256
learner = adam
learning_rate = 0.001
train_neg_sample_args = {'distribution': 'none', 'sample_num': 'none', 'alpha': 'none', 'dynamic': False, 'candidate_num': 0}
eval_step = 1
stopping_step = 10
clip_grad_norm = None
weight_decay = 0.0
loss_decimal_place = 4

Evaluation Hyper Parameters:
eval_args = {'split': {'LS': 'valid_and_test'}, 'order': 'TO', 'group_by': 'user', 'mode': {'valid': 'full', 'test': 'full'}}
repeatable = True
metrics = ['Hit', 'NDCG', 'MRR']
topk = [10]
valid_metric = Hit@10
valid_metric_bigger = True
eval_batch_size = 512
metric_decimal_place = 4

Dataset Hyper Parameters:
field_separator = 	
seq_separator =  
USER_ID_FIELD = user_id
ITEM_ID_FIELD = item_id
RATING_FIELD = rating
TIME_FIELD = timestamp
seq_len = None
LABEL_FIELD = label
threshold = None
NEG_PREFIX = neg_
load_col = {'inter': ['user_id', 'item_id', 'rating', 'timestamp']}
unload_col = None
unused_col = None
additional_feat_suffix = None
rm_dup_inter = None
val_interval = None
filter_inter_by_user_or_item = True
user_inter_num_interval = [0,inf)
item_inter_num_interval = [0,inf)
alias_of_user_id = None
alias_of_item_id = None
alias_of_entity_id = None
alias_of_relation_id = None
preload_weight = None
normalize_field = None
normalize_all = None
ITEM_LIST_LENGTH_FIELD = item_length
LIST_SUFFIX = _list
MAX_ITEM_LIST_LENGTH = 32
POSITION_FIELD = position_id
HEAD_ENTITY_ID_FIELD = head_id
TAIL_ENTITY_ID_FIELD = tail_id
RELATION_ID_FIELD = relation_id
ENTITY_ID_FIELD = entity_id
benchmark_filename = None

Other Hyper Parameters: 
worker = 0
wandb_project = recbole
shuffle = True
require_pow = False
enable_amp = False
enable_scaler = False
transform = None
numerical_features = []
discretization = None
kg_reverse_r = False
entity_kg_num_interval = [0,inf)
relation_kg_num_interval = [0,inf)
MODEL_TYPE = ModelType.SEQUENTIAL
contrastive_weight = 0.03
contrastive_temp = 0.2
model_name = TimeWeaver
hidden_size = 64
num_layers = 2
hidden_dropout_prob = 0.5
initializer_range = 0.02
time_bucket_size = 1000
ema_decay = 0.5
tcn_kernel_size = -1
ffn_hidden_size = 256
loss_type = CE
early_stop = 10
neg_sampling = None
device = cuda
use_continuous_time = False
use_time_gate = False
use_time_augmentation = True
time_aug_strength = 0.05
time_aug_prob = 0.05
MODEL_INPUT_TYPE = InputType.POINTWISE
eval_type = EvaluatorType.RANKING
single_spec = True
local_rank = 0
valid_neg_sample_args = {'distribution': 'uniform', 'sample_num': 'none'}
test_neg_sample_args = {'distribution': 'uniform', 'sample_num': 'none'}


Sun 15 Mar 2026 09:43:30 INFO  amazon-sports-5core-longseq
The number of users: 2181
Average actions of users: 25.74678899082569
The number of items: 14556
Average actions of items: 3.8562693232566128
The number of inters: 56128
The sparsity of the dataset: 99.82320016520806%
Remain Fields: ['user_id', 'item_id', 'rating', 'timestamp']
Sun 15 Mar 2026 09:43:31 INFO  [Training]: train_batch_size = [256] train_neg_sample_args: [{'distribution': 'none', 'sample_num': 'none', 'alpha': 'none', 'dynamic': False, 'candidate_num': 0}]
Sun 15 Mar 2026 09:43:31 INFO  [Evaluation]: eval_batch_size = [512] eval_args: [{'split': {'LS': 'valid_and_test'}, 'order': 'TO', 'group_by': 'user', 'mode': {'valid': 'full', 'test': 'full'}}]
Sun 15 Mar 2026 09:43:31 INFO  TimeWeaver(
  (item_embedding): Embedding(14556, 64, padding_idx=0)
  (time_aug): TimeAwareAugmentation(
    (pos_embedding): Embedding(32, 64)
    (time_embedding): Embedding(1000, 64)
    (layer_norm): LayerNorm((64,), eps=1e-05, elementwise_affine=True)
    (drop): Dropout(p=0.5, inplace=False)
  )
  (context_layers): ModuleList(
    (0-1): 2 x TCNNextBlock(
      (dw): DepthwiseConv1d(
        (conv): Conv1d(64, 64, kernel_size=(11,), stride=(1,), padding=(5,), groups=64)
        (bn): BatchNorm1d(64, eps=1e-05, momentum=0.1, affine=True, track_running_stats=True)
        (drop): Dropout(p=0.5, inplace=False)
      )
      (norm1): LayerNorm((64,), eps=1e-05, elementwise_affine=True)
      (conv_inter): ParallelConvInter(
        (conv1): Conv1d(64, 64, kernel_size=(1,), stride=(1,))
        (conv3): Conv1d(64, 64, kernel_size=(3,), stride=(1,), padding=(1,))
        (proj): Conv1d(64, 64, kernel_size=(1,), stride=(1,))
        (drop): Dropout(p=0.5, inplace=False)
      )
      (norm2): LayerNorm((64,), eps=1e-05, elementwise_affine=True)
      (ffn): Sequential(
        (0): Linear(in_features=64, out_features=256, bias=True)
        (1): GELU(approximate='none')
        (2): Dropout(p=0.5, inplace=False)
        (3): Linear(in_features=256, out_features=64, bias=True)
        (4): Dropout(p=0.5, inplace=False)
      )
      (norm3): LayerNorm((64,), eps=1e-05, elementwise_affine=True)
    )
  )
  (dynamic_layers): ModuleList(
    (0-1): 2 x EMAStream(
      (proj): Linear(in_features=64, out_features=64, bias=True)
    )
  )
  (weavers): ModuleList(
    (0-1): 2 x StreamWeaver(
      (proj): Linear(in_features=128, out_features=64, bias=True)
      (norm): LayerNorm((64,), eps=1e-05, elementwise_affine=True)
    )
  )
  (loss_fct): CrossEntropyLoss()
)
Trainable parameters: 1132929.0
Sun 15 Mar 2026 09:43:31 INFO  FLOPs: 4298752.0
Sun 15 Mar 2026 09:43:50 INFO  epoch 0 training [time: 19.12s, train loss: 1809.7610]
Sun 15 Mar 2026 09:43:50 INFO  epoch 0 evaluating [time: 0.10s, valid_score: 0.011500]
Sun 15 Mar 2026 09:43:50 INFO  valid result: 
hit@10 : 0.0115    ndcg@10 : 0.0063    mrr@10 : 0.0047
Sun 15 Mar 2026 09:43:50 INFO  Saving current: saved\TimeWeaver-Mar-15-2026_09-43-31.pth
Sun 15 Mar 2026 09:44:09 INFO  epoch 1 training [time: 19.01s, train loss: 1735.7294]
Sun 15 Mar 2026 09:44:09 INFO  epoch 1 evaluating [time: 0.10s, valid_score: 0.017000]
Sun 15 Mar 2026 09:44:09 INFO  valid result: 
hit@10 : 0.017    ndcg@10 : 0.0078    mrr@10 : 0.005
Sun 15 Mar 2026 09:44:09 INFO  Saving current: saved\TimeWeaver-Mar-15-2026_09-43-31.pth
Sun 15 Mar 2026 09:44:28 INFO  epoch 2 training [time: 18.67s, train loss: 1674.0062]
Sun 15 Mar 2026 09:44:28 INFO  epoch 2 evaluating [time: 0.09s, valid_score: 0.026600]
Sun 15 Mar 2026 09:44:28 INFO  valid result: 
hit@10 : 0.0266    ndcg@10 : 0.0129    mrr@10 : 0.0087
Sun 15 Mar 2026 09:44:28 INFO  Saving current: saved\TimeWeaver-Mar-15-2026_09-43-31.pth
Sun 15 Mar 2026 09:44:47 INFO  epoch 3 training [time: 18.98s, train loss: 1599.1303]
Sun 15 Mar 2026 09:44:47 INFO  epoch 3 evaluating [time: 0.09s, valid_score: 0.026600]
Sun 15 Mar 2026 09:44:47 INFO  valid result: 
hit@10 : 0.0266    ndcg@10 : 0.0124    mrr@10 : 0.0082
Sun 15 Mar 2026 09:44:47 INFO  Saving current: saved\TimeWeaver-Mar-15-2026_09-43-31.pth
Sun 15 Mar 2026 09:45:06 INFO  epoch 4 training [time: 18.50s, train loss: 1523.0991]
Sun 15 Mar 2026 09:45:06 INFO  epoch 4 evaluating [time: 0.09s, valid_score: 0.028400]
Sun 15 Mar 2026 09:45:06 INFO  valid result: 
hit@10 : 0.0284    ndcg@10 : 0.0126    mrr@10 : 0.0079
Sun 15 Mar 2026 09:45:06 INFO  Saving current: saved\TimeWeaver-Mar-15-2026_09-43-31.pth
Sun 15 Mar 2026 09:45:25 INFO  epoch 5 training [time: 19.53s, train loss: 1448.2614]
Sun 15 Mar 2026 09:45:25 INFO  epoch 5 evaluating [time: 0.09s, valid_score: 0.025700]
Sun 15 Mar 2026 09:45:25 INFO  valid result: 
hit@10 : 0.0257    ndcg@10 : 0.0121    mrr@10 : 0.0079
Sun 15 Mar 2026 09:45:50 INFO  epoch 6 training [time: 24.05s, train loss: 1376.4176]
Sun 15 Mar 2026 09:45:50 INFO  epoch 6 evaluating [time: 0.08s, valid_score: 0.027100]
Sun 15 Mar 2026 09:45:50 INFO  valid result: 
hit@10 : 0.0271    ndcg@10 : 0.0118    mrr@10 : 0.0071
Sun 15 Mar 2026 09:46:18 INFO  epoch 7 training [time: 28.36s, train loss: 1308.5808]
Sun 15 Mar 2026 09:46:18 INFO  epoch 7 evaluating [time: 0.09s, valid_score: 0.027100]
Sun 15 Mar 2026 09:46:18 INFO  valid result: 
hit@10 : 0.0271    ndcg@10 : 0.0114    mrr@10 : 0.0067
Sun 15 Mar 2026 09:46:50 INFO  epoch 8 training [time: 32.38s, train loss: 1247.0063]
Sun 15 Mar 2026 09:46:51 INFO  epoch 8 evaluating [time: 0.10s, valid_score: 0.031200]
Sun 15 Mar 2026 09:46:51 INFO  valid result: 
hit@10 : 0.0312    ndcg@10 : 0.0132    mrr@10 : 0.0078
Sun 15 Mar 2026 09:46:51 INFO  Saving current: saved\TimeWeaver-Mar-15-2026_09-43-31.pth
Sun 15 Mar 2026 09:47:26 INFO  epoch 9 training [time: 35.27s, train loss: 1195.8041]
Sun 15 Mar 2026 09:47:26 INFO  epoch 9 evaluating [time: 0.11s, valid_score: 0.029800]
Sun 15 Mar 2026 09:47:26 INFO  valid result: 
hit@10 : 0.0298    ndcg@10 : 0.0132    mrr@10 : 0.0081
Sun 15 Mar 2026 09:48:03 INFO  epoch 10 training [time: 37.33s, train loss: 1149.7239]
Sun 15 Mar 2026 09:48:03 INFO  epoch 10 evaluating [time: 0.10s, valid_score: 0.032600]
Sun 15 Mar 2026 09:48:03 INFO  valid result: 
hit@10 : 0.0326    ndcg@10 : 0.014    mrr@10 : 0.0084
Sun 15 Mar 2026 09:48:03 INFO  Saving current: saved\TimeWeaver-Mar-15-2026_09-43-31.pth
Sun 15 Mar 2026 09:48:41 INFO  epoch 11 training [time: 37.91s, train loss: 1113.4459]
Sun 15 Mar 2026 09:48:41 INFO  epoch 11 evaluating [time: 0.09s, valid_score: 0.035800]
Sun 15 Mar 2026 09:48:41 INFO  valid result: 
hit@10 : 0.0358    ndcg@10 : 0.0164    mrr@10 : 0.0105
Sun 15 Mar 2026 09:48:41 INFO  Saving current: saved\TimeWeaver-Mar-15-2026_09-43-31.pth
Sun 15 Mar 2026 09:49:21 INFO  epoch 12 training [time: 39.22s, train loss: 1080.8372]
Sun 15 Mar 2026 09:49:21 INFO  epoch 12 evaluating [time: 0.09s, valid_score: 0.029800]
Sun 15 Mar 2026 09:49:21 INFO  valid result: 
hit@10 : 0.0298    ndcg@10 : 0.0126    mrr@10 : 0.0074
Sun 15 Mar 2026 09:49:59 INFO  epoch 13 training [time: 37.79s, train loss: 1052.5478]
Sun 15 Mar 2026 09:49:59 INFO  epoch 13 evaluating [time: 0.10s, valid_score: 0.032600]
Sun 15 Mar 2026 09:49:59 INFO  valid result: 
hit@10 : 0.0326    ndcg@10 : 0.0136    mrr@10 : 0.0079
Sun 15 Mar 2026 09:50:37 INFO  epoch 14 training [time: 38.02s, train loss: 1026.7692]
Sun 15 Mar 2026 09:50:37 INFO  epoch 14 evaluating [time: 0.10s, valid_score: 0.029800]
Sun 15 Mar 2026 09:50:37 INFO  valid result: 
hit@10 : 0.0298    ndcg@10 : 0.0137    mrr@10 : 0.0087
Sun 15 Mar 2026 09:51:15 INFO  epoch 15 training [time: 38.08s, train loss: 1000.5110]
Sun 15 Mar 2026 09:51:15 INFO  epoch 15 evaluating [time: 0.10s, valid_score: 0.030700]
Sun 15 Mar 2026 09:51:15 INFO  valid result: 
hit@10 : 0.0307    ndcg@10 : 0.0133    mrr@10 : 0.008
Sun 15 Mar 2026 09:51:54 INFO  epoch 16 training [time: 39.01s, train loss: 979.6835]
Sun 15 Mar 2026 09:51:54 INFO  epoch 16 evaluating [time: 0.09s, valid_score: 0.030700]
Sun 15 Mar 2026 09:51:54 INFO  valid result: 
hit@10 : 0.0307    ndcg@10 : 0.0133    mrr@10 : 0.008
Sun 15 Mar 2026 09:52:33 INFO  epoch 17 training [time: 38.47s, train loss: 956.7490]
Sun 15 Mar 2026 09:52:33 INFO  epoch 17 evaluating [time: 0.10s, valid_score: 0.030700]
Sun 15 Mar 2026 09:52:33 INFO  valid result: 
hit@10 : 0.0307    ndcg@10 : 0.0133    mrr@10 : 0.008
Sun 15 Mar 2026 09:53:14 INFO  epoch 18 training [time: 41.01s, train loss: 937.9259]
Sun 15 Mar 2026 09:53:14 INFO  epoch 18 evaluating [time: 0.12s, valid_score: 0.033500]
Sun 15 Mar 2026 09:53:14 INFO  valid result: 
hit@10 : 0.0335    ndcg@10 : 0.0141    mrr@10 : 0.0082
Sun 15 Mar 2026 09:53:53 INFO  epoch 19 training [time: 39.16s, train loss: 919.6170]
Sun 15 Mar 2026 09:53:53 INFO  epoch 19 evaluating [time: 0.11s, valid_score: 0.027500]
Sun 15 Mar 2026 09:53:53 INFO  valid result: 
hit@10 : 0.0275    ndcg@10 : 0.0127    mrr@10 : 0.0082
Sun 15 Mar 2026 09:54:32 INFO  epoch 20 training [time: 39.01s, train loss: 901.3423]
Sun 15 Mar 2026 09:54:32 INFO  epoch 20 evaluating [time: 0.11s, valid_score: 0.028900]
Sun 15 Mar 2026 09:54:32 INFO  valid result: 
hit@10 : 0.0289    ndcg@10 : 0.013    mrr@10 : 0.0081
Sun 15 Mar 2026 09:55:11 INFO  epoch 21 training [time: 38.94s, train loss: 882.5696]
Sun 15 Mar 2026 09:55:11 INFO  epoch 21 evaluating [time: 0.10s, valid_score: 0.027500]
Sun 15 Mar 2026 09:55:11 INFO  valid result: 
hit@10 : 0.0275    ndcg@10 : 0.012    mrr@10 : 0.0073
Sun 15 Mar 2026 09:55:50 INFO  epoch 22 training [time: 38.99s, train loss: 868.2327]
Sun 15 Mar 2026 09:55:50 INFO  epoch 22 evaluating [time: 0.10s, valid_score: 0.028400]
Sun 15 Mar 2026 09:55:50 INFO  valid result: 
hit@10 : 0.0284    ndcg@10 : 0.0131    mrr@10 : 0.0084
Sun 15 Mar 2026 09:55:50 INFO  Finished training, best eval result in epoch 11
Sun 15 Mar 2026 09:55:50 INFO  Loading model structure and parameters from saved\TimeWeaver-Mar-15-2026_09-43-31.pth
Sun 15 Mar 2026 09:55:51 INFO  The running environment of this training is as follows:
+-------------+----------------+
| Environment |     Usage      |
+=============+================+
| CPU         |     8.40 %     |
+-------------+----------------+
| GPU         | 0.33 G/6.00 G  |
+-------------+----------------+
| Memory      | 0.50 G/15.63 G |
+-------------+----------------+
Sun 15 Mar 2026 09:55:51 INFO  best valid : OrderedDict([('hit@10', 0.0358), ('ndcg@10', 0.0164), ('mrr@10', 0.0105)])
Sun 15 Mar 2026 09:55:51 INFO  test result: OrderedDict([('hit@10', 0.0239), ('ndcg@10', 0.0106), ('mrr@10', 0.0066)])
