Thu 12 Feb 2026 01:23:10 INFO  ['F:\\桌面\\recommendation_system\\scripts\\run_grid.py', '--models', 'timeweaver', '--datasets', 'amazon-beauty-5core-subset', '--seeds', '42', '--device', 'gpu', '--timeweaver-variant', 'base', '--tag', 'e0p2_k7_d0p5_l2_f256_b1000', '--output', 'results/run_grid_timeweaver_tune.json', '--tw-ema-decay', '0.2', '--tw-tcn-kernel', '7', '--tw-hidden-dropout', '0.5', '--tw-num-layers', '2', '--tw-ffn-hidden', '256', '--tw-time-bucket', '1000']
Thu 12 Feb 2026 01:23:10 INFO  
General Hyper Parameters:
gpu_id = 0
use_gpu = True
seed = 42
state = INFO
reproducibility = True
data_path = data/amazon\amazon-beauty-5core-subset
checkpoint_dir = saved
show_progress = True
save_dataset = False
dataset_save_path = None
save_dataloaders = False
dataloaders_save_path = None
log_wandb = False

Training Hyper Parameters:
epochs = 100
train_batch_size = 256
learner = adam
learning_rate = 0.001
train_neg_sample_args = {'distribution': 'none', 'sample_num': 'none', 'alpha': 'none', 'dynamic': False, 'candidate_num': 0}
eval_step = 1
stopping_step = 10
clip_grad_norm = None
weight_decay = 0.0
loss_decimal_place = 4

Evaluation Hyper Parameters:
eval_args = {'split': {'LS': 'valid_and_test'}, 'order': 'TO', 'group_by': 'user', 'mode': {'valid': 'uni100', 'test': 'uni100'}}
repeatable = True
metrics = ['Hit', 'NDCG', 'MRR']
topk = [10]
valid_metric = MRR@10
valid_metric_bigger = True
eval_batch_size = 512
metric_decimal_place = 4

Dataset Hyper Parameters:
field_separator = 	
seq_separator =  
USER_ID_FIELD = user_id
ITEM_ID_FIELD = item_id
RATING_FIELD = rating
TIME_FIELD = timestamp
seq_len = None
LABEL_FIELD = label
threshold = None
NEG_PREFIX = neg_
load_col = {'inter': ['user_id', 'item_id', 'rating', 'timestamp']}
unload_col = None
unused_col = None
additional_feat_suffix = None
rm_dup_inter = None
val_interval = None
filter_inter_by_user_or_item = True
user_inter_num_interval = [0,inf)
item_inter_num_interval = [0,inf)
alias_of_user_id = None
alias_of_item_id = None
alias_of_entity_id = None
alias_of_relation_id = None
preload_weight = None
normalize_field = None
normalize_all = None
ITEM_LIST_LENGTH_FIELD = item_length
LIST_SUFFIX = _list
MAX_ITEM_LIST_LENGTH = 32
POSITION_FIELD = position_id
HEAD_ENTITY_ID_FIELD = head_id
TAIL_ENTITY_ID_FIELD = tail_id
RELATION_ID_FIELD = relation_id
ENTITY_ID_FIELD = entity_id
benchmark_filename = None

Other Hyper Parameters: 
worker = 0
wandb_project = recbole
shuffle = True
require_pow = False
enable_amp = False
enable_scaler = False
transform = None
numerical_features = []
discretization = None
kg_reverse_r = False
entity_kg_num_interval = [0,inf)
relation_kg_num_interval = [0,inf)
MODEL_TYPE = ModelType.SEQUENTIAL
model_name = TimeWeaver
hidden_size = 64
num_layers = 2
hidden_dropout_prob = 0.5
initializer_range = 0.02
time_bucket_size = 1000
ema_decay = 0.2
tcn_kernel_size = 7
ffn_hidden_size = 256
loss_type = CE
early_stop = 10
neg_sampling = None
device = cuda
use_continuous_time = False
use_time_gate = False
use_time_augmentation = False
MODEL_INPUT_TYPE = InputType.POINTWISE
eval_type = EvaluatorType.RANKING
single_spec = True
local_rank = 0
valid_neg_sample_args = {'distribution': 'uniform', 'sample_num': 100}
test_neg_sample_args = {'distribution': 'uniform', 'sample_num': 100}


Thu 12 Feb 2026 01:23:10 INFO  amazon-beauty-5core-subset
The number of users: 7001
Average actions of users: 15.458
The number of items: 11924
Average actions of items: 9.075400486454752
The number of inters: 108206
The sparsity of the dataset: 99.87038081155896%
Remain Fields: ['user_id', 'item_id', 'rating', 'timestamp']
Thu 12 Feb 2026 01:23:12 INFO  [Training]: train_batch_size = [256] train_neg_sample_args: [{'distribution': 'none', 'sample_num': 'none', 'alpha': 'none', 'dynamic': False, 'candidate_num': 0}]
Thu 12 Feb 2026 01:23:12 INFO  [Evaluation]: eval_batch_size = [512] eval_args: [{'split': {'LS': 'valid_and_test'}, 'order': 'TO', 'group_by': 'user', 'mode': {'valid': 'uni100', 'test': 'uni100'}}]
Thu 12 Feb 2026 01:23:12 INFO  TimeWeaver(
  (item_embedding): Embedding(11924, 64, padding_idx=0)
  (time_aug): TimeAwareAugmentation(
    (pos_embedding): Embedding(32, 64)
    (time_embedding): Embedding(1000, 64)
    (layer_norm): LayerNorm((64,), eps=1e-05, elementwise_affine=True)
    (drop): Dropout(p=0.5, inplace=False)
  )
  (context_layers): ModuleList(
    (0-1): 2 x TCNNextBlock(
      (dw): DepthwiseConv1d(
        (conv): Conv1d(64, 64, kernel_size=(7,), stride=(1,), padding=(3,), groups=64)
        (bn): BatchNorm1d(64, eps=1e-05, momentum=0.1, affine=True, track_running_stats=True)
        (drop): Dropout(p=0.5, inplace=False)
      )
      (norm1): LayerNorm((64,), eps=1e-05, elementwise_affine=True)
      (conv_inter): ParallelConvInter(
        (conv1): Conv1d(64, 64, kernel_size=(1,), stride=(1,))
        (conv3): Conv1d(64, 64, kernel_size=(3,), stride=(1,), padding=(1,))
        (proj): Conv1d(64, 64, kernel_size=(1,), stride=(1,))
        (drop): Dropout(p=0.5, inplace=False)
      )
      (norm2): LayerNorm((64,), eps=1e-05, elementwise_affine=True)
      (ffn): Sequential(
        (0): Linear(in_features=64, out_features=256, bias=True)
        (1): GELU(approximate='none')
        (2): Dropout(p=0.5, inplace=False)
        (3): Linear(in_features=256, out_features=64, bias=True)
        (4): Dropout(p=0.5, inplace=False)
      )
      (norm3): LayerNorm((64,), eps=1e-05, elementwise_affine=True)
    )
  )
  (dynamic_layers): ModuleList(
    (0-1): 2 x EMAStream(
      (proj): Linear(in_features=64, out_features=64, bias=True)
    )
  )
  (weavers): ModuleList(
    (0-1): 2 x StreamWeaver(
      (proj): Linear(in_features=128, out_features=64, bias=True)
      (norm): LayerNorm((64,), eps=1e-05, elementwise_affine=True)
    )
  )
  (loss_fct): CrossEntropyLoss()
)
Trainable parameters: 963969.0
Thu 12 Feb 2026 01:23:12 INFO  FLOPs: 4282368.0
Thu 12 Feb 2026 01:23:42 INFO  epoch 0 training [time: 28.82s, train loss: 2928.9220]
Thu 12 Feb 2026 01:23:54 INFO  epoch 0 evaluating [time: 11.14s, valid_score: 0.224200]
Thu 12 Feb 2026 01:23:54 INFO  valid result: 
hit@10 : 0.4673    ndcg@10 : 0.282    mrr@10 : 0.2242
Thu 12 Feb 2026 01:23:54 INFO  Saving current: saved\TimeWeaver-Feb-12-2026_01-23-12.pth
Thu 12 Feb 2026 01:24:22 INFO  epoch 1 training [time: 28.40s, train loss: 2687.9834]
Thu 12 Feb 2026 01:24:33 INFO  epoch 1 evaluating [time: 10.83s, valid_score: 0.293700]
Thu 12 Feb 2026 01:24:33 INFO  valid result: 
hit@10 : 0.5141    ndcg@10 : 0.3462    mrr@10 : 0.2937
Thu 12 Feb 2026 01:24:33 INFO  Saving current: saved\TimeWeaver-Feb-12-2026_01-23-12.pth
Thu 12 Feb 2026 01:25:01 INFO  epoch 2 training [time: 28.16s, train loss: 2535.0764]
Thu 12 Feb 2026 01:25:12 INFO  epoch 2 evaluating [time: 10.87s, valid_score: 0.331300]
Thu 12 Feb 2026 01:25:12 INFO  valid result: 
hit@10 : 0.536    ndcg@10 : 0.3803    mrr@10 : 0.3313
Thu 12 Feb 2026 01:25:12 INFO  Saving current: saved\TimeWeaver-Feb-12-2026_01-23-12.pth
Thu 12 Feb 2026 01:25:40 INFO  epoch 3 training [time: 28.30s, train loss: 2418.5992]
Thu 12 Feb 2026 01:25:51 INFO  epoch 3 evaluating [time: 11.09s, valid_score: 0.344500]
Thu 12 Feb 2026 01:25:51 INFO  valid result: 
hit@10 : 0.5456    ndcg@10 : 0.3924    mrr@10 : 0.3445
Thu 12 Feb 2026 01:25:51 INFO  Saving current: saved\TimeWeaver-Feb-12-2026_01-23-12.pth
Thu 12 Feb 2026 01:26:20 INFO  epoch 4 training [time: 28.86s, train loss: 2325.4611]
Thu 12 Feb 2026 01:26:31 INFO  epoch 4 evaluating [time: 11.12s, valid_score: 0.350200]
Thu 12 Feb 2026 01:26:31 INFO  valid result: 
hit@10 : 0.547    ndcg@10 : 0.3971    mrr@10 : 0.3502
Thu 12 Feb 2026 01:26:31 INFO  Saving current: saved\TimeWeaver-Feb-12-2026_01-23-12.pth
Thu 12 Feb 2026 01:27:00 INFO  epoch 5 training [time: 28.24s, train loss: 2243.9642]
Thu 12 Feb 2026 01:27:11 INFO  epoch 5 evaluating [time: 11.10s, valid_score: 0.350100]
Thu 12 Feb 2026 01:27:11 INFO  valid result: 
hit@10 : 0.5443    ndcg@10 : 0.3965    mrr@10 : 0.3501
Thu 12 Feb 2026 01:27:40 INFO  epoch 6 training [time: 29.23s, train loss: 2174.6443]
Thu 12 Feb 2026 01:27:51 INFO  epoch 6 evaluating [time: 11.14s, valid_score: 0.353700]
Thu 12 Feb 2026 01:27:51 INFO  valid result: 
hit@10 : 0.5416    ndcg@10 : 0.3985    mrr@10 : 0.3537
Thu 12 Feb 2026 01:27:51 INFO  Saving current: saved\TimeWeaver-Feb-12-2026_01-23-12.pth
Thu 12 Feb 2026 01:28:19 INFO  epoch 7 training [time: 28.24s, train loss: 2118.8692]
Thu 12 Feb 2026 01:28:30 INFO  epoch 7 evaluating [time: 10.84s, valid_score: 0.355200]
Thu 12 Feb 2026 01:28:30 INFO  valid result: 
hit@10 : 0.542    ndcg@10 : 0.3997    mrr@10 : 0.3552
Thu 12 Feb 2026 01:28:30 INFO  Saving current: saved\TimeWeaver-Feb-12-2026_01-23-12.pth
Thu 12 Feb 2026 01:28:58 INFO  epoch 8 training [time: 28.22s, train loss: 2070.9398]
Thu 12 Feb 2026 01:29:09 INFO  epoch 8 evaluating [time: 10.90s, valid_score: 0.352900]
Thu 12 Feb 2026 01:29:09 INFO  valid result: 
hit@10 : 0.5399    ndcg@10 : 0.3974    mrr@10 : 0.3529
Thu 12 Feb 2026 01:29:38 INFO  epoch 9 training [time: 28.31s, train loss: 2034.5974]
Thu 12 Feb 2026 01:29:49 INFO  epoch 9 evaluating [time: 11.11s, valid_score: 0.347500]
Thu 12 Feb 2026 01:29:49 INFO  valid result: 
hit@10 : 0.5381    ndcg@10 : 0.393    mrr@10 : 0.3475
Thu 12 Feb 2026 01:30:18 INFO  epoch 10 training [time: 29.00s, train loss: 1997.7783]
Thu 12 Feb 2026 01:30:29 INFO  epoch 10 evaluating [time: 11.08s, valid_score: 0.351200]
Thu 12 Feb 2026 01:30:29 INFO  valid result: 
hit@10 : 0.5423    ndcg@10 : 0.3967    mrr@10 : 0.3512
Thu 12 Feb 2026 01:30:57 INFO  epoch 11 training [time: 28.56s, train loss: 1971.7911]
Thu 12 Feb 2026 01:31:08 INFO  epoch 11 evaluating [time: 11.05s, valid_score: 0.350600]
Thu 12 Feb 2026 01:31:08 INFO  valid result: 
hit@10 : 0.5421    ndcg@10 : 0.3962    mrr@10 : 0.3506
Thu 12 Feb 2026 01:31:38 INFO  epoch 12 training [time: 29.37s, train loss: 1944.2911]
Thu 12 Feb 2026 01:31:49 INFO  epoch 12 evaluating [time: 11.34s, valid_score: 0.348700]
Thu 12 Feb 2026 01:31:49 INFO  valid result: 
hit@10 : 0.5341    ndcg@10 : 0.3929    mrr@10 : 0.3487
Thu 12 Feb 2026 01:32:18 INFO  epoch 13 training [time: 28.72s, train loss: 1921.9711]
Thu 12 Feb 2026 01:32:29 INFO  epoch 13 evaluating [time: 10.86s, valid_score: 0.347900]
Thu 12 Feb 2026 01:32:29 INFO  valid result: 
hit@10 : 0.5379    ndcg@10 : 0.3931    mrr@10 : 0.3479
Thu 12 Feb 2026 01:32:57 INFO  epoch 14 training [time: 28.20s, train loss: 1899.6495]
Thu 12 Feb 2026 01:33:08 INFO  epoch 14 evaluating [time: 10.96s, valid_score: 0.345900]
Thu 12 Feb 2026 01:33:08 INFO  valid result: 
hit@10 : 0.5337    ndcg@10 : 0.3906    mrr@10 : 0.3459
Thu 12 Feb 2026 01:33:36 INFO  epoch 15 training [time: 28.44s, train loss: 1880.3471]
Thu 12 Feb 2026 01:33:47 INFO  epoch 15 evaluating [time: 11.07s, valid_score: 0.345400]
Thu 12 Feb 2026 01:33:47 INFO  valid result: 
hit@10 : 0.5306    ndcg@10 : 0.3894    mrr@10 : 0.3454
Thu 12 Feb 2026 01:34:16 INFO  epoch 16 training [time: 28.50s, train loss: 1862.7393]
Thu 12 Feb 2026 01:34:27 INFO  epoch 16 evaluating [time: 11.01s, valid_score: 0.343600]
Thu 12 Feb 2026 01:34:27 INFO  valid result: 
hit@10 : 0.531    ndcg@10 : 0.3881    mrr@10 : 0.3436
Thu 12 Feb 2026 01:34:55 INFO  epoch 17 training [time: 28.51s, train loss: 1845.7780]
Thu 12 Feb 2026 01:35:06 INFO  epoch 17 evaluating [time: 10.95s, valid_score: 0.339300]
Thu 12 Feb 2026 01:35:06 INFO  valid result: 
hit@10 : 0.5314    ndcg@10 : 0.3848    mrr@10 : 0.3393
Thu 12 Feb 2026 01:35:36 INFO  epoch 18 training [time: 29.47s, train loss: 1829.4528]
Thu 12 Feb 2026 01:35:47 INFO  epoch 18 evaluating [time: 11.12s, valid_score: 0.339900]
Thu 12 Feb 2026 01:35:47 INFO  valid result: 
hit@10 : 0.5324    ndcg@10 : 0.3855    mrr@10 : 0.3399
Thu 12 Feb 2026 01:35:47 INFO  Finished training, best eval result in epoch 7
Thu 12 Feb 2026 01:35:47 INFO  Loading model structure and parameters from saved\TimeWeaver-Feb-12-2026_01-23-12.pth
Thu 12 Feb 2026 01:35:59 INFO  The running environment of this training is as follows:
+-------------+----------------+
| Environment |     Usage      |
+=============+================+
| CPU         |     4.50 %     |
+-------------+----------------+
| GPU         | 0.22 G/6.00 G  |
+-------------+----------------+
| Memory      | 1.43 G/15.63 G |
+-------------+----------------+
Thu 12 Feb 2026 01:35:59 INFO  best valid : OrderedDict([('hit@10', 0.542), ('ndcg@10', 0.3997), ('mrr@10', 0.3552)])
Thu 12 Feb 2026 01:35:59 INFO  test result: OrderedDict([('hit@10', 0.4994), ('ndcg@10', 0.3583), ('mrr@10', 0.3141)])
