Mon 09 Feb 2026 07:55:34 INFO  ['F:\\桌面\\recommendation_system\\scripts\\run_grid.py', '--models', 'timeweaver', '--datasets', 'ml-100k', '--seeds', '42', '--device', 'gpu', '--timeweaver-variant', 'base', '--tag', 'e0p05_k-1_d0p2_l1_f512_b1000', '--output', 'results/run_grid_timeweaver_tune.json', '--tw-ema-decay', '0.05', '--tw-tcn-kernel', '-1', '--tw-hidden-dropout', '0.2', '--tw-num-layers', '1', '--tw-ffn-hidden', '512', '--tw-time-bucket', '1000']
Mon 09 Feb 2026 07:55:34 INFO  
General Hyper Parameters:
gpu_id = 0
use_gpu = True
seed = 42
state = INFO
reproducibility = True
data_path = F:\anaconda3\envs\rec39\Lib\site-packages\recbole\config\../dataset_example/ml-100k
checkpoint_dir = saved
show_progress = True
save_dataset = False
dataset_save_path = None
save_dataloaders = False
dataloaders_save_path = None
log_wandb = False

Training Hyper Parameters:
epochs = 100
train_batch_size = 256
learner = adam
learning_rate = 0.001
train_neg_sample_args = {'distribution': 'none', 'sample_num': 'none', 'alpha': 'none', 'dynamic': False, 'candidate_num': 0}
eval_step = 1
stopping_step = 10
clip_grad_norm = None
weight_decay = 0.0
loss_decimal_place = 4

Evaluation Hyper Parameters:
eval_args = {'split': {'LS': 'valid_and_test'}, 'order': 'TO', 'group_by': 'user', 'mode': {'valid': 'uni100', 'test': 'uni100'}}
repeatable = True
metrics = ['Hit', 'NDCG', 'MRR']
topk = [10]
valid_metric = MRR@10
valid_metric_bigger = True
eval_batch_size = 512
metric_decimal_place = 4

Dataset Hyper Parameters:
field_separator = 	
seq_separator =  
USER_ID_FIELD = user_id
ITEM_ID_FIELD = item_id
RATING_FIELD = rating
TIME_FIELD = timestamp
seq_len = None
LABEL_FIELD = label
threshold = None
NEG_PREFIX = neg_
load_col = {'inter': ['user_id', 'item_id', 'rating', 'timestamp'], 'user': ['user_id', 'age', 'gender', 'occupation', 'zip_code'], 'item': ['item_id', 'movie_title', 'release_year', 'class']}
unload_col = None
unused_col = None
additional_feat_suffix = None
rm_dup_inter = None
val_interval = None
filter_inter_by_user_or_item = True
user_inter_num_interval = None
item_inter_num_interval = None
alias_of_user_id = None
alias_of_item_id = None
alias_of_entity_id = None
alias_of_relation_id = None
preload_weight = None
normalize_field = None
normalize_all = True
ITEM_LIST_LENGTH_FIELD = item_length
LIST_SUFFIX = _list
MAX_ITEM_LIST_LENGTH = 32
POSITION_FIELD = position_id
HEAD_ENTITY_ID_FIELD = head_id
TAIL_ENTITY_ID_FIELD = tail_id
RELATION_ID_FIELD = relation_id
ENTITY_ID_FIELD = entity_id
kg_reverse_r = False
entity_kg_num_interval = None
relation_kg_num_interval = None
benchmark_filename = None

Other Hyper Parameters: 
worker = 0
wandb_project = recbole
shuffle = True
require_pow = False
enable_amp = False
enable_scaler = False
transform = None
numerical_features = []
discretization = None
MODEL_TYPE = ModelType.SEQUENTIAL
model_name = TimeWeaver
hidden_size = 64
num_layers = 1
hidden_dropout_prob = 0.2
initializer_range = 0.02
time_bucket_size = 1000
ema_decay = 0.05
tcn_kernel_size = -1
ffn_hidden_size = 512
loss_type = CE
early_stop = 10
neg_sampling = None
device = cuda
use_continuous_time = False
use_time_gate = False
use_time_augmentation = False
MODEL_INPUT_TYPE = InputType.POINTWISE
eval_type = EvaluatorType.RANKING
single_spec = True
local_rank = 0
valid_neg_sample_args = {'distribution': 'uniform', 'sample_num': 100}
test_neg_sample_args = {'distribution': 'uniform', 'sample_num': 100}


Mon 09 Feb 2026 07:55:34 INFO  ml-100k
The number of users: 944
Average actions of users: 106.04453870625663
The number of items: 1683
Average actions of items: 59.45303210463734
The number of inters: 100000
The sparsity of the dataset: 93.70575143257098%
Remain Fields: ['user_id', 'item_id', 'rating', 'timestamp', 'age', 'gender', 'occupation', 'zip_code', 'movie_title', 'release_year', 'class']
Mon 09 Feb 2026 07:55:35 INFO  [Training]: train_batch_size = [256] train_neg_sample_args: [{'distribution': 'none', 'sample_num': 'none', 'alpha': 'none', 'dynamic': False, 'candidate_num': 0}]
Mon 09 Feb 2026 07:55:35 INFO  [Evaluation]: eval_batch_size = [512] eval_args: [{'split': {'LS': 'valid_and_test'}, 'order': 'TO', 'group_by': 'user', 'mode': {'valid': 'uni100', 'test': 'uni100'}}]
Mon 09 Feb 2026 07:55:35 INFO  TimeWeaver(
  (item_embedding): Embedding(1683, 64, padding_idx=0)
  (time_aug): TimeAwareAugmentation(
    (pos_embedding): Embedding(32, 64)
    (time_embedding): Embedding(1000, 64)
    (layer_norm): LayerNorm((64,), eps=1e-05, elementwise_affine=True)
    (drop): Dropout(p=0.2, inplace=False)
  )
  (context_layers): ModuleList(
    (0): TCNNextBlock(
      (dw): DepthwiseConv1d(
        (conv): Conv1d(64, 64, kernel_size=(11,), stride=(1,), padding=(5,), groups=64)
        (bn): BatchNorm1d(64, eps=1e-05, momentum=0.1, affine=True, track_running_stats=True)
        (drop): Dropout(p=0.2, inplace=False)
      )
      (norm1): LayerNorm((64,), eps=1e-05, elementwise_affine=True)
      (conv_inter): ParallelConvInter(
        (conv1): Conv1d(64, 64, kernel_size=(1,), stride=(1,))
        (conv3): Conv1d(64, 64, kernel_size=(3,), stride=(1,), padding=(1,))
        (proj): Conv1d(64, 64, kernel_size=(1,), stride=(1,))
        (drop): Dropout(p=0.2, inplace=False)
      )
      (norm2): LayerNorm((64,), eps=1e-05, elementwise_affine=True)
      (ffn): Sequential(
        (0): Linear(in_features=64, out_features=512, bias=True)
        (1): GELU(approximate='none')
        (2): Dropout(p=0.2, inplace=False)
        (3): Linear(in_features=512, out_features=64, bias=True)
        (4): Dropout(p=0.2, inplace=False)
      )
      (norm3): LayerNorm((64,), eps=1e-05, elementwise_affine=True)
    )
  )
  (dynamic_layers): ModuleList(
    (0): EMAStream(
      (proj): Linear(in_features=64, out_features=64, bias=True)
    )
  )
  (weavers): ModuleList(
    (0): StreamWeaver(
      (proj): Linear(in_features=128, out_features=64, bias=True)
      (norm): LayerNorm((64,), eps=1e-05, elementwise_affine=True)
    )
  )
  (loss_fct): CrossEntropyLoss()
)
Trainable parameters: 274497.0
Mon 09 Feb 2026 07:55:36 INFO  FLOPs: 3203072.0
Mon 09 Feb 2026 07:55:56 INFO  epoch 0 training [time: 18.97s, train loss: 2428.5884]
Mon 09 Feb 2026 07:55:58 INFO  epoch 0 evaluating [time: 1.96s, valid_score: 0.283600]
Mon 09 Feb 2026 07:55:58 INFO  valid result: 
hit@10 : 0.6511    ndcg@10 : 0.3698    mrr@10 : 0.2836
Mon 09 Feb 2026 07:55:58 INFO  Saving current: saved\TimeWeaver-Feb-09-2026_07-55-36.pth
Mon 09 Feb 2026 07:56:17 INFO  epoch 1 training [time: 19.00s, train loss: 2226.0663]
Mon 09 Feb 2026 07:56:19 INFO  epoch 1 evaluating [time: 1.78s, valid_score: 0.329600]
Mon 09 Feb 2026 07:56:19 INFO  valid result: 
hit@10 : 0.6935    ndcg@10 : 0.4152    mrr@10 : 0.3296
Mon 09 Feb 2026 07:56:19 INFO  Saving current: saved\TimeWeaver-Feb-09-2026_07-55-36.pth
Mon 09 Feb 2026 07:56:38 INFO  epoch 2 training [time: 18.98s, train loss: 2178.2751]
Mon 09 Feb 2026 07:56:40 INFO  epoch 2 evaluating [time: 1.87s, valid_score: 0.338200]
Mon 09 Feb 2026 07:56:40 INFO  valid result: 
hit@10 : 0.7105    ndcg@10 : 0.4262    mrr@10 : 0.3382
Mon 09 Feb 2026 07:56:40 INFO  Saving current: saved\TimeWeaver-Feb-09-2026_07-55-36.pth
Mon 09 Feb 2026 07:56:59 INFO  epoch 3 training [time: 19.10s, train loss: 2150.2568]
Mon 09 Feb 2026 07:57:01 INFO  epoch 3 evaluating [time: 1.89s, valid_score: 0.344000]
Mon 09 Feb 2026 07:57:01 INFO  valid result: 
hit@10 : 0.7169    ndcg@10 : 0.4323    mrr@10 : 0.344
Mon 09 Feb 2026 07:57:01 INFO  Saving current: saved\TimeWeaver-Feb-09-2026_07-55-36.pth
Mon 09 Feb 2026 07:57:19 INFO  epoch 4 training [time: 18.73s, train loss: 2129.1682]
Mon 09 Feb 2026 07:57:21 INFO  epoch 4 evaluating [time: 1.79s, valid_score: 0.359300]
Mon 09 Feb 2026 07:57:21 INFO  valid result: 
hit@10 : 0.7391    ndcg@10 : 0.4489    mrr@10 : 0.3593
Mon 09 Feb 2026 07:57:21 INFO  Saving current: saved\TimeWeaver-Feb-09-2026_07-55-36.pth
Mon 09 Feb 2026 07:57:40 INFO  epoch 5 training [time: 18.76s, train loss: 2112.6428]
Mon 09 Feb 2026 07:57:42 INFO  epoch 5 evaluating [time: 1.84s, valid_score: 0.350900]
Mon 09 Feb 2026 07:57:42 INFO  valid result: 
hit@10 : 0.7264    ndcg@10 : 0.44    mrr@10 : 0.3509
Mon 09 Feb 2026 07:58:01 INFO  epoch 6 training [time: 19.12s, train loss: 2098.7381]
Mon 09 Feb 2026 07:58:03 INFO  epoch 6 evaluating [time: 1.85s, valid_score: 0.337500]
Mon 09 Feb 2026 07:58:03 INFO  valid result: 
hit@10 : 0.7413    ndcg@10 : 0.433    mrr@10 : 0.3375
Mon 09 Feb 2026 07:58:22 INFO  epoch 7 training [time: 19.26s, train loss: 2087.2041]
Mon 09 Feb 2026 07:58:24 INFO  epoch 7 evaluating [time: 1.84s, valid_score: 0.351700]
Mon 09 Feb 2026 07:58:24 INFO  valid result: 
hit@10 : 0.7359    ndcg@10 : 0.4424    mrr@10 : 0.3517
Mon 09 Feb 2026 07:58:43 INFO  epoch 8 training [time: 18.90s, train loss: 2078.0940]
Mon 09 Feb 2026 07:58:44 INFO  epoch 8 evaluating [time: 1.73s, valid_score: 0.359800]
Mon 09 Feb 2026 07:58:44 INFO  valid result: 
hit@10 : 0.737    ndcg@10 : 0.4492    mrr@10 : 0.3598
Mon 09 Feb 2026 07:58:44 INFO  Saving current: saved\TimeWeaver-Feb-09-2026_07-55-36.pth
Mon 09 Feb 2026 07:59:03 INFO  epoch 9 training [time: 18.73s, train loss: 2069.3701]
Mon 09 Feb 2026 07:59:05 INFO  epoch 9 evaluating [time: 1.79s, valid_score: 0.349500]
Mon 09 Feb 2026 07:59:05 INFO  valid result: 
hit@10 : 0.7349    ndcg@10 : 0.4406    mrr@10 : 0.3495
Mon 09 Feb 2026 07:59:25 INFO  epoch 10 training [time: 19.66s, train loss: 2060.9824]
Mon 09 Feb 2026 07:59:26 INFO  epoch 10 evaluating [time: 1.82s, valid_score: 0.348600]
Mon 09 Feb 2026 07:59:26 INFO  valid result: 
hit@10 : 0.7306    ndcg@10 : 0.4389    mrr@10 : 0.3486
Mon 09 Feb 2026 07:59:46 INFO  epoch 11 training [time: 19.51s, train loss: 2054.4508]
Mon 09 Feb 2026 07:59:48 INFO  epoch 11 evaluating [time: 1.89s, valid_score: 0.344500]
Mon 09 Feb 2026 07:59:48 INFO  valid result: 
hit@10 : 0.7349    ndcg@10 : 0.437    mrr@10 : 0.3445
Mon 09 Feb 2026 08:00:07 INFO  epoch 12 training [time: 19.33s, train loss: 2048.5709]
Mon 09 Feb 2026 08:00:09 INFO  epoch 12 evaluating [time: 1.74s, valid_score: 0.348200]
Mon 09 Feb 2026 08:00:09 INFO  valid result: 
hit@10 : 0.7275    ndcg@10 : 0.4378    mrr@10 : 0.3482
Mon 09 Feb 2026 08:00:27 INFO  epoch 13 training [time: 18.60s, train loss: 2042.5107]
Mon 09 Feb 2026 08:00:29 INFO  epoch 13 evaluating [time: 1.76s, valid_score: 0.349800]
Mon 09 Feb 2026 08:00:29 INFO  valid result: 
hit@10 : 0.7222    ndcg@10 : 0.4379    mrr@10 : 0.3498
Mon 09 Feb 2026 08:00:48 INFO  epoch 14 training [time: 19.12s, train loss: 2036.8374]
Mon 09 Feb 2026 08:00:50 INFO  epoch 14 evaluating [time: 1.84s, valid_score: 0.342800]
Mon 09 Feb 2026 08:00:50 INFO  valid result: 
hit@10 : 0.7264    ndcg@10 : 0.4337    mrr@10 : 0.3428
Mon 09 Feb 2026 08:01:09 INFO  epoch 15 training [time: 18.98s, train loss: 2033.2504]
Mon 09 Feb 2026 08:01:11 INFO  epoch 15 evaluating [time: 1.78s, valid_score: 0.366400]
Mon 09 Feb 2026 08:01:11 INFO  valid result: 
hit@10 : 0.7328    ndcg@10 : 0.4531    mrr@10 : 0.3664
Mon 09 Feb 2026 08:01:11 INFO  Saving current: saved\TimeWeaver-Feb-09-2026_07-55-36.pth
Mon 09 Feb 2026 08:01:30 INFO  epoch 16 training [time: 18.57s, train loss: 2027.4339]
Mon 09 Feb 2026 08:01:31 INFO  epoch 16 evaluating [time: 1.80s, valid_score: 0.341000]
Mon 09 Feb 2026 08:01:31 INFO  valid result: 
hit@10 : 0.719    ndcg@10 : 0.4304    mrr@10 : 0.341
Mon 09 Feb 2026 08:01:51 INFO  epoch 17 training [time: 19.22s, train loss: 2022.7062]
Mon 09 Feb 2026 08:01:52 INFO  epoch 17 evaluating [time: 1.84s, valid_score: 0.340800]
Mon 09 Feb 2026 08:01:52 INFO  valid result: 
hit@10 : 0.7275    ndcg@10 : 0.4324    mrr@10 : 0.3408
Mon 09 Feb 2026 08:02:11 INFO  epoch 18 training [time: 19.05s, train loss: 2018.5582]
Mon 09 Feb 2026 08:02:13 INFO  epoch 18 evaluating [time: 1.84s, valid_score: 0.337100]
Mon 09 Feb 2026 08:02:13 INFO  valid result: 
hit@10 : 0.7137    ndcg@10 : 0.4263    mrr@10 : 0.3371
Mon 09 Feb 2026 08:02:32 INFO  epoch 19 training [time: 19.18s, train loss: 2014.6941]
Mon 09 Feb 2026 08:02:34 INFO  epoch 19 evaluating [time: 1.75s, valid_score: 0.343400]
Mon 09 Feb 2026 08:02:34 INFO  valid result: 
hit@10 : 0.7158    ndcg@10 : 0.4319    mrr@10 : 0.3434
Mon 09 Feb 2026 08:02:53 INFO  epoch 20 training [time: 18.60s, train loss: 2009.9979]
Mon 09 Feb 2026 08:02:55 INFO  epoch 20 evaluating [time: 1.77s, valid_score: 0.342300]
Mon 09 Feb 2026 08:02:55 INFO  valid result: 
hit@10 : 0.7222    ndcg@10 : 0.4323    mrr@10 : 0.3423
Mon 09 Feb 2026 08:03:14 INFO  epoch 21 training [time: 19.28s, train loss: 2006.7002]
Mon 09 Feb 2026 08:03:16 INFO  epoch 21 evaluating [time: 1.85s, valid_score: 0.339100]
Mon 09 Feb 2026 08:03:16 INFO  valid result: 
hit@10 : 0.7147    ndcg@10 : 0.4282    mrr@10 : 0.3391
Mon 09 Feb 2026 08:03:35 INFO  epoch 22 training [time: 19.64s, train loss: 2001.9754]
Mon 09 Feb 2026 08:03:37 INFO  epoch 22 evaluating [time: 1.89s, valid_score: 0.336400]
Mon 09 Feb 2026 08:03:37 INFO  valid result: 
hit@10 : 0.7232    ndcg@10 : 0.428    mrr@10 : 0.3364
Mon 09 Feb 2026 08:03:57 INFO  epoch 23 training [time: 19.46s, train loss: 2000.9553]
Mon 09 Feb 2026 08:03:59 INFO  epoch 23 evaluating [time: 1.93s, valid_score: 0.332600]
Mon 09 Feb 2026 08:03:59 INFO  valid result: 
hit@10 : 0.7179    ndcg@10 : 0.4238    mrr@10 : 0.3326
Mon 09 Feb 2026 08:04:17 INFO  epoch 24 training [time: 18.80s, train loss: 1996.0574]
Mon 09 Feb 2026 08:04:19 INFO  epoch 24 evaluating [time: 1.74s, valid_score: 0.348000]
Mon 09 Feb 2026 08:04:19 INFO  valid result: 
hit@10 : 0.7381    ndcg@10 : 0.4401    mrr@10 : 0.348
Mon 09 Feb 2026 08:04:38 INFO  epoch 25 training [time: 18.68s, train loss: 1992.2798]
Mon 09 Feb 2026 08:04:40 INFO  epoch 25 evaluating [time: 1.86s, valid_score: 0.324000]
Mon 09 Feb 2026 08:04:40 INFO  valid result: 
hit@10 : 0.7052    ndcg@10 : 0.4145    mrr@10 : 0.324
Mon 09 Feb 2026 08:04:59 INFO  epoch 26 training [time: 19.19s, train loss: 1990.4763]
Mon 09 Feb 2026 08:05:01 INFO  epoch 26 evaluating [time: 1.89s, valid_score: 0.339500]
Mon 09 Feb 2026 08:05:01 INFO  valid result: 
hit@10 : 0.7222    ndcg@10 : 0.43    mrr@10 : 0.3395
Mon 09 Feb 2026 08:05:01 INFO  Finished training, best eval result in epoch 15
Mon 09 Feb 2026 08:05:01 INFO  Loading model structure and parameters from saved\TimeWeaver-Feb-09-2026_07-55-36.pth
Mon 09 Feb 2026 08:05:03 INFO  The running environment of this training is as follows:
+-------------+----------------+
| Environment |     Usage      |
+=============+================+
| CPU         |     3.30 %     |
+-------------+----------------+
| GPU         | 0.21 G/6.00 G  |
+-------------+----------------+
| Memory      | 1.53 G/15.63 G |
+-------------+----------------+
Mon 09 Feb 2026 08:05:03 INFO  best valid : OrderedDict([('hit@10', 0.7328), ('ndcg@10', 0.4531), ('mrr@10', 0.3664)])
Mon 09 Feb 2026 08:05:03 INFO  test result: OrderedDict([('hit@10', 0.6946), ('ndcg@10', 0.4142), ('mrr@10', 0.328)])
