Thu 12 Feb 2026 01:13:03 INFO  ['F:\\桌面\\recommendation_system\\scripts\\run_grid.py', '--models', 'timeweaver', '--datasets', 'amazon-beauty-5core-subset', '--seeds', '42', '--device', 'gpu', '--timeweaver-variant', 'base', '--tag', 'e0p2_k7_d0p5_l1_f512_b1000', '--output', 'results/run_grid_timeweaver_tune.json', '--tw-ema-decay', '0.2', '--tw-tcn-kernel', '7', '--tw-hidden-dropout', '0.5', '--tw-num-layers', '1', '--tw-ffn-hidden', '512', '--tw-time-bucket', '1000']
Thu 12 Feb 2026 01:13:03 INFO  
General Hyper Parameters:
gpu_id = 0
use_gpu = True
seed = 42
state = INFO
reproducibility = True
data_path = data/amazon\amazon-beauty-5core-subset
checkpoint_dir = saved
show_progress = True
save_dataset = False
dataset_save_path = None
save_dataloaders = False
dataloaders_save_path = None
log_wandb = False

Training Hyper Parameters:
epochs = 100
train_batch_size = 256
learner = adam
learning_rate = 0.001
train_neg_sample_args = {'distribution': 'none', 'sample_num': 'none', 'alpha': 'none', 'dynamic': False, 'candidate_num': 0}
eval_step = 1
stopping_step = 10
clip_grad_norm = None
weight_decay = 0.0
loss_decimal_place = 4

Evaluation Hyper Parameters:
eval_args = {'split': {'LS': 'valid_and_test'}, 'order': 'TO', 'group_by': 'user', 'mode': {'valid': 'uni100', 'test': 'uni100'}}
repeatable = True
metrics = ['Hit', 'NDCG', 'MRR']
topk = [10]
valid_metric = MRR@10
valid_metric_bigger = True
eval_batch_size = 512
metric_decimal_place = 4

Dataset Hyper Parameters:
field_separator = 	
seq_separator =  
USER_ID_FIELD = user_id
ITEM_ID_FIELD = item_id
RATING_FIELD = rating
TIME_FIELD = timestamp
seq_len = None
LABEL_FIELD = label
threshold = None
NEG_PREFIX = neg_
load_col = {'inter': ['user_id', 'item_id', 'rating', 'timestamp']}
unload_col = None
unused_col = None
additional_feat_suffix = None
rm_dup_inter = None
val_interval = None
filter_inter_by_user_or_item = True
user_inter_num_interval = [0,inf)
item_inter_num_interval = [0,inf)
alias_of_user_id = None
alias_of_item_id = None
alias_of_entity_id = None
alias_of_relation_id = None
preload_weight = None
normalize_field = None
normalize_all = None
ITEM_LIST_LENGTH_FIELD = item_length
LIST_SUFFIX = _list
MAX_ITEM_LIST_LENGTH = 32
POSITION_FIELD = position_id
HEAD_ENTITY_ID_FIELD = head_id
TAIL_ENTITY_ID_FIELD = tail_id
RELATION_ID_FIELD = relation_id
ENTITY_ID_FIELD = entity_id
benchmark_filename = None

Other Hyper Parameters: 
worker = 0
wandb_project = recbole
shuffle = True
require_pow = False
enable_amp = False
enable_scaler = False
transform = None
numerical_features = []
discretization = None
kg_reverse_r = False
entity_kg_num_interval = [0,inf)
relation_kg_num_interval = [0,inf)
MODEL_TYPE = ModelType.SEQUENTIAL
model_name = TimeWeaver
hidden_size = 64
num_layers = 1
hidden_dropout_prob = 0.5
initializer_range = 0.02
time_bucket_size = 1000
ema_decay = 0.2
tcn_kernel_size = 7
ffn_hidden_size = 512
loss_type = CE
early_stop = 10
neg_sampling = None
device = cuda
use_continuous_time = False
use_time_gate = False
use_time_augmentation = False
MODEL_INPUT_TYPE = InputType.POINTWISE
eval_type = EvaluatorType.RANKING
single_spec = True
local_rank = 0
valid_neg_sample_args = {'distribution': 'uniform', 'sample_num': 100}
test_neg_sample_args = {'distribution': 'uniform', 'sample_num': 100}


Thu 12 Feb 2026 01:13:03 INFO  amazon-beauty-5core-subset
The number of users: 7001
Average actions of users: 15.458
The number of items: 11924
Average actions of items: 9.075400486454752
The number of inters: 108206
The sparsity of the dataset: 99.87038081155896%
Remain Fields: ['user_id', 'item_id', 'rating', 'timestamp']
Thu 12 Feb 2026 01:13:05 INFO  [Training]: train_batch_size = [256] train_neg_sample_args: [{'distribution': 'none', 'sample_num': 'none', 'alpha': 'none', 'dynamic': False, 'candidate_num': 0}]
Thu 12 Feb 2026 01:13:05 INFO  [Evaluation]: eval_batch_size = [512] eval_args: [{'split': {'LS': 'valid_and_test'}, 'order': 'TO', 'group_by': 'user', 'mode': {'valid': 'uni100', 'test': 'uni100'}}]
Thu 12 Feb 2026 01:13:05 INFO  TimeWeaver(
  (item_embedding): Embedding(11924, 64, padding_idx=0)
  (time_aug): TimeAwareAugmentation(
    (pos_embedding): Embedding(32, 64)
    (time_embedding): Embedding(1000, 64)
    (layer_norm): LayerNorm((64,), eps=1e-05, elementwise_affine=True)
    (drop): Dropout(p=0.5, inplace=False)
  )
  (context_layers): ModuleList(
    (0): TCNNextBlock(
      (dw): DepthwiseConv1d(
        (conv): Conv1d(64, 64, kernel_size=(7,), stride=(1,), padding=(3,), groups=64)
        (bn): BatchNorm1d(64, eps=1e-05, momentum=0.1, affine=True, track_running_stats=True)
        (drop): Dropout(p=0.5, inplace=False)
      )
      (norm1): LayerNorm((64,), eps=1e-05, elementwise_affine=True)
      (conv_inter): ParallelConvInter(
        (conv1): Conv1d(64, 64, kernel_size=(1,), stride=(1,))
        (conv3): Conv1d(64, 64, kernel_size=(3,), stride=(1,), padding=(1,))
        (proj): Conv1d(64, 64, kernel_size=(1,), stride=(1,))
        (drop): Dropout(p=0.5, inplace=False)
      )
      (norm2): LayerNorm((64,), eps=1e-05, elementwise_affine=True)
      (ffn): Sequential(
        (0): Linear(in_features=64, out_features=512, bias=True)
        (1): GELU(approximate='none')
        (2): Dropout(p=0.5, inplace=False)
        (3): Linear(in_features=512, out_features=64, bias=True)
        (4): Dropout(p=0.5, inplace=False)
      )
      (norm3): LayerNorm((64,), eps=1e-05, elementwise_affine=True)
    )
  )
  (dynamic_layers): ModuleList(
    (0): EMAStream(
      (proj): Linear(in_features=64, out_features=64, bias=True)
    )
  )
  (weavers): ModuleList(
    (0): StreamWeaver(
      (proj): Linear(in_features=128, out_features=64, bias=True)
      (norm): LayerNorm((64,), eps=1e-05, elementwise_affine=True)
    )
  )
  (loss_fct): CrossEntropyLoss()
)
Trainable parameters: 929665.0
Thu 12 Feb 2026 01:13:05 INFO  FLOPs: 3194880.0
Thu 12 Feb 2026 01:13:23 INFO  epoch 0 training [time: 16.63s, train loss: 2937.0908]
Thu 12 Feb 2026 01:13:31 INFO  epoch 0 evaluating [time: 8.45s, valid_score: 0.217400]
Thu 12 Feb 2026 01:13:32 INFO  valid result: 
hit@10 : 0.4636    ndcg@10 : 0.2757    mrr@10 : 0.2174
Thu 12 Feb 2026 01:13:32 INFO  Saving current: saved\TimeWeaver-Feb-12-2026_01-13-05.pth
Thu 12 Feb 2026 01:13:49 INFO  epoch 1 training [time: 17.21s, train loss: 2690.2840]
Thu 12 Feb 2026 01:13:57 INFO  epoch 1 evaluating [time: 8.59s, valid_score: 0.287300]
Thu 12 Feb 2026 01:13:57 INFO  valid result: 
hit@10 : 0.4977    ndcg@10 : 0.3375    mrr@10 : 0.2873
Thu 12 Feb 2026 01:13:57 INFO  Saving current: saved\TimeWeaver-Feb-12-2026_01-13-05.pth
Thu 12 Feb 2026 01:14:15 INFO  epoch 2 training [time: 17.19s, train loss: 2530.4037]
Thu 12 Feb 2026 01:14:23 INFO  epoch 2 evaluating [time: 8.63s, valid_score: 0.330100]
Thu 12 Feb 2026 01:14:23 INFO  valid result: 
hit@10 : 0.5357    ndcg@10 : 0.3793    mrr@10 : 0.3301
Thu 12 Feb 2026 01:14:23 INFO  Saving current: saved\TimeWeaver-Feb-12-2026_01-13-05.pth
Thu 12 Feb 2026 01:14:40 INFO  epoch 3 training [time: 17.22s, train loss: 2411.3784]
Thu 12 Feb 2026 01:14:49 INFO  epoch 3 evaluating [time: 8.32s, valid_score: 0.345100]
Thu 12 Feb 2026 01:14:49 INFO  valid result: 
hit@10 : 0.5463    ndcg@10 : 0.393    mrr@10 : 0.3451
Thu 12 Feb 2026 01:14:49 INFO  Saving current: saved\TimeWeaver-Feb-12-2026_01-13-05.pth
Thu 12 Feb 2026 01:15:06 INFO  epoch 4 training [time: 17.21s, train loss: 2316.6296]
Thu 12 Feb 2026 01:15:15 INFO  epoch 4 evaluating [time: 8.60s, valid_score: 0.346300]
Thu 12 Feb 2026 01:15:15 INFO  valid result: 
hit@10 : 0.5403    ndcg@10 : 0.3924    mrr@10 : 0.3463
Thu 12 Feb 2026 01:15:15 INFO  Saving current: saved\TimeWeaver-Feb-12-2026_01-13-05.pth
Thu 12 Feb 2026 01:15:32 INFO  epoch 5 training [time: 17.65s, train loss: 2235.8339]
Thu 12 Feb 2026 01:15:41 INFO  epoch 5 evaluating [time: 8.74s, valid_score: 0.346800]
Thu 12 Feb 2026 01:15:41 INFO  valid result: 
hit@10 : 0.5393    ndcg@10 : 0.3926    mrr@10 : 0.3468
Thu 12 Feb 2026 01:15:41 INFO  Saving current: saved\TimeWeaver-Feb-12-2026_01-13-05.pth
Thu 12 Feb 2026 01:15:58 INFO  epoch 6 training [time: 17.49s, train loss: 2170.9746]
Thu 12 Feb 2026 01:16:07 INFO  epoch 6 evaluating [time: 8.55s, valid_score: 0.348200]
Thu 12 Feb 2026 01:16:07 INFO  valid result: 
hit@10 : 0.5389    ndcg@10 : 0.3936    mrr@10 : 0.3482
Thu 12 Feb 2026 01:16:07 INFO  Saving current: saved\TimeWeaver-Feb-12-2026_01-13-05.pth
Thu 12 Feb 2026 01:16:24 INFO  epoch 7 training [time: 16.77s, train loss: 2116.1947]
Thu 12 Feb 2026 01:16:32 INFO  epoch 7 evaluating [time: 8.28s, valid_score: 0.349700]
Thu 12 Feb 2026 01:16:32 INFO  valid result: 
hit@10 : 0.5403    ndcg@10 : 0.3951    mrr@10 : 0.3497
Thu 12 Feb 2026 01:16:32 INFO  Saving current: saved\TimeWeaver-Feb-12-2026_01-13-05.pth
Thu 12 Feb 2026 01:16:49 INFO  epoch 8 training [time: 17.02s, train loss: 2074.6179]
Thu 12 Feb 2026 01:16:58 INFO  epoch 8 evaluating [time: 8.61s, valid_score: 0.345100]
Thu 12 Feb 2026 01:16:58 INFO  valid result: 
hit@10 : 0.5344    ndcg@10 : 0.3902    mrr@10 : 0.3451
Thu 12 Feb 2026 01:17:15 INFO  epoch 9 training [time: 17.00s, train loss: 2037.7850]
Thu 12 Feb 2026 01:17:23 INFO  epoch 9 evaluating [time: 8.34s, valid_score: 0.346400]
Thu 12 Feb 2026 01:17:23 INFO  valid result: 
hit@10 : 0.5369    ndcg@10 : 0.3917    mrr@10 : 0.3464
Thu 12 Feb 2026 01:17:40 INFO  epoch 10 training [time: 17.03s, train loss: 2007.0843]
Thu 12 Feb 2026 01:17:49 INFO  epoch 10 evaluating [time: 8.61s, valid_score: 0.347000]
Thu 12 Feb 2026 01:17:49 INFO  valid result: 
hit@10 : 0.5407    ndcg@10 : 0.3932    mrr@10 : 0.347
Thu 12 Feb 2026 01:18:06 INFO  epoch 11 training [time: 17.23s, train loss: 1982.0609]
Thu 12 Feb 2026 01:18:15 INFO  epoch 11 evaluating [time: 8.61s, valid_score: 0.350500]
Thu 12 Feb 2026 01:18:15 INFO  valid result: 
hit@10 : 0.5374    ndcg@10 : 0.395    mrr@10 : 0.3505
Thu 12 Feb 2026 01:18:15 INFO  Saving current: saved\TimeWeaver-Feb-12-2026_01-13-05.pth
Thu 12 Feb 2026 01:18:32 INFO  epoch 12 training [time: 17.18s, train loss: 1957.7461]
Thu 12 Feb 2026 01:18:40 INFO  epoch 12 evaluating [time: 8.34s, valid_score: 0.347800]
Thu 12 Feb 2026 01:18:40 INFO  valid result: 
hit@10 : 0.5384    ndcg@10 : 0.3933    mrr@10 : 0.3478
Thu 12 Feb 2026 01:18:57 INFO  epoch 13 training [time: 16.98s, train loss: 1934.2362]
Thu 12 Feb 2026 01:19:06 INFO  epoch 13 evaluating [time: 8.47s, valid_score: 0.345000]
Thu 12 Feb 2026 01:19:06 INFO  valid result: 
hit@10 : 0.5359    ndcg@10 : 0.3904    mrr@10 : 0.345
Thu 12 Feb 2026 01:19:23 INFO  epoch 14 training [time: 17.68s, train loss: 1915.7709]
Thu 12 Feb 2026 01:19:32 INFO  epoch 14 evaluating [time: 8.60s, valid_score: 0.343800]
Thu 12 Feb 2026 01:19:32 INFO  valid result: 
hit@10 : 0.5337    ndcg@10 : 0.3891    mrr@10 : 0.3438
Thu 12 Feb 2026 01:19:49 INFO  epoch 15 training [time: 17.56s, train loss: 1899.9880]
Thu 12 Feb 2026 01:19:58 INFO  epoch 15 evaluating [time: 8.70s, valid_score: 0.342800]
Thu 12 Feb 2026 01:19:58 INFO  valid result: 
hit@10 : 0.5307    ndcg@10 : 0.3875    mrr@10 : 0.3428
Thu 12 Feb 2026 01:20:15 INFO  epoch 16 training [time: 16.91s, train loss: 1881.5401]
Thu 12 Feb 2026 01:20:23 INFO  epoch 16 evaluating [time: 8.36s, valid_score: 0.344100]
Thu 12 Feb 2026 01:20:23 INFO  valid result: 
hit@10 : 0.5333    ndcg@10 : 0.3892    mrr@10 : 0.3441
Thu 12 Feb 2026 01:20:40 INFO  epoch 17 training [time: 16.73s, train loss: 1865.3746]
Thu 12 Feb 2026 01:20:49 INFO  epoch 17 evaluating [time: 8.47s, valid_score: 0.339300]
Thu 12 Feb 2026 01:20:49 INFO  valid result: 
hit@10 : 0.5294    ndcg@10 : 0.3845    mrr@10 : 0.3393
Thu 12 Feb 2026 01:21:06 INFO  epoch 18 training [time: 17.07s, train loss: 1849.7089]
Thu 12 Feb 2026 01:21:14 INFO  epoch 18 evaluating [time: 8.49s, valid_score: 0.343300]
Thu 12 Feb 2026 01:21:14 INFO  valid result: 
hit@10 : 0.5327    ndcg@10 : 0.3884    mrr@10 : 0.3433
Thu 12 Feb 2026 01:21:31 INFO  epoch 19 training [time: 16.96s, train loss: 1835.7743]
Thu 12 Feb 2026 01:21:40 INFO  epoch 19 evaluating [time: 8.64s, valid_score: 0.338100]
Thu 12 Feb 2026 01:21:40 INFO  valid result: 
hit@10 : 0.5299    ndcg@10 : 0.3837    mrr@10 : 0.3381
Thu 12 Feb 2026 01:21:57 INFO  epoch 20 training [time: 17.49s, train loss: 1820.6108]
Thu 12 Feb 2026 01:22:06 INFO  epoch 20 evaluating [time: 8.57s, valid_score: 0.337000]
Thu 12 Feb 2026 01:22:06 INFO  valid result: 
hit@10 : 0.5269    ndcg@10 : 0.3821    mrr@10 : 0.337
Thu 12 Feb 2026 01:22:23 INFO  epoch 21 training [time: 17.28s, train loss: 1807.1352]
Thu 12 Feb 2026 01:22:32 INFO  epoch 21 evaluating [time: 8.58s, valid_score: 0.338400]
Thu 12 Feb 2026 01:22:32 INFO  valid result: 
hit@10 : 0.5321    ndcg@10 : 0.3844    mrr@10 : 0.3384
Thu 12 Feb 2026 01:22:49 INFO  epoch 22 training [time: 16.97s, train loss: 1793.4034]
Thu 12 Feb 2026 01:22:57 INFO  epoch 22 evaluating [time: 8.39s, valid_score: 0.335700]
Thu 12 Feb 2026 01:22:57 INFO  valid result: 
hit@10 : 0.5249    ndcg@10 : 0.3806    mrr@10 : 0.3357
Thu 12 Feb 2026 01:22:57 INFO  Finished training, best eval result in epoch 11
Thu 12 Feb 2026 01:22:57 INFO  Loading model structure and parameters from saved\TimeWeaver-Feb-12-2026_01-13-05.pth
Thu 12 Feb 2026 01:23:06 INFO  The running environment of this training is as follows:
+-------------+----------------+
| Environment |     Usage      |
+=============+================+
| CPU         |     5.60 %     |
+-------------+----------------+
| GPU         | 0.23 G/6.00 G  |
+-------------+----------------+
| Memory      | 1.54 G/15.63 G |
+-------------+----------------+
Thu 12 Feb 2026 01:23:06 INFO  best valid : OrderedDict([('hit@10', 0.5374), ('ndcg@10', 0.395), ('mrr@10', 0.3505)])
Thu 12 Feb 2026 01:23:06 INFO  test result: OrderedDict([('hit@10', 0.492), ('ndcg@10', 0.3458), ('mrr@10', 0.3005)])
