Wed 18 Mar 2026 15:08:37 INFO  ['F:\\桌面\\recommendation_system\\scripts\\run_grid.py', '--models', 'timeweaver', '--datasets', 'amazon-sports-5core-longseq-full', '--timeweaver-variant', 'aug_only', '--seeds', '42,2023,2024', '--device', 'gpu', '--output', 'results/timeweaver_sportslong_aug_vs_augonly_full.json', '--skip-if-done']
Wed 18 Mar 2026 15:08:37 INFO  
General Hyper Parameters:
gpu_id = 0
use_gpu = True
seed = 42
state = INFO
reproducibility = True
data_path = data/amazon\amazon-sports-5core-longseq
checkpoint_dir = saved
show_progress = True
save_dataset = False
dataset_save_path = None
save_dataloaders = False
dataloaders_save_path = None
log_wandb = False

Training Hyper Parameters:
epochs = 100
train_batch_size = 256
learner = adam
learning_rate = 0.001
train_neg_sample_args = {'distribution': 'none', 'sample_num': 'none', 'alpha': 'none', 'dynamic': False, 'candidate_num': 0}
eval_step = 1
stopping_step = 10
clip_grad_norm = None
weight_decay = 0.0
loss_decimal_place = 4

Evaluation Hyper Parameters:
eval_args = {'split': {'LS': 'valid_and_test'}, 'order': 'TO', 'group_by': 'user', 'mode': {'valid': 'full', 'test': 'full'}}
repeatable = True
metrics = ['Hit', 'NDCG', 'MRR']
topk = [10]
valid_metric = Hit@10
valid_metric_bigger = True
eval_batch_size = 512
metric_decimal_place = 4

Dataset Hyper Parameters:
field_separator = 	
seq_separator =  
USER_ID_FIELD = user_id
ITEM_ID_FIELD = item_id
RATING_FIELD = rating
TIME_FIELD = timestamp
seq_len = None
LABEL_FIELD = label
threshold = None
NEG_PREFIX = neg_
load_col = {'inter': ['user_id', 'item_id', 'rating', 'timestamp']}
unload_col = None
unused_col = None
additional_feat_suffix = None
rm_dup_inter = None
val_interval = None
filter_inter_by_user_or_item = True
user_inter_num_interval = [0,inf)
item_inter_num_interval = [0,inf)
alias_of_user_id = None
alias_of_item_id = None
alias_of_entity_id = None
alias_of_relation_id = None
preload_weight = None
normalize_field = None
normalize_all = None
ITEM_LIST_LENGTH_FIELD = item_length
LIST_SUFFIX = _list
MAX_ITEM_LIST_LENGTH = 32
POSITION_FIELD = position_id
HEAD_ENTITY_ID_FIELD = head_id
TAIL_ENTITY_ID_FIELD = tail_id
RELATION_ID_FIELD = relation_id
ENTITY_ID_FIELD = entity_id
benchmark_filename = None

Other Hyper Parameters: 
worker = 0
wandb_project = recbole
shuffle = True
require_pow = False
enable_amp = False
enable_scaler = False
transform = None
numerical_features = []
discretization = None
kg_reverse_r = False
entity_kg_num_interval = [0,inf)
relation_kg_num_interval = [0,inf)
MODEL_TYPE = ModelType.SEQUENTIAL
contrastive_weight = 0.03
contrastive_temp = 0.2
time_aug_prob = 0.15
time_aug_strength = 0.05
time_aug_warmup_steps = 0
time_aug_ramp_steps = 2000
model_name = TimeWeaver
hidden_size = 64
num_layers = 2
hidden_dropout_prob = 0.5
initializer_range = 0.02
time_bucket_size = 1000
ema_decay = 0.5
tcn_kernel_size = -1
ffn_hidden_size = 256
loss_type = CE
early_stop = 10
neg_sampling = None
device = cuda
use_continuous_time = False
use_time_gate = False
use_time_augmentation = True
MODEL_INPUT_TYPE = InputType.POINTWISE
eval_type = EvaluatorType.RANKING
single_spec = True
local_rank = 0
valid_neg_sample_args = {'distribution': 'uniform', 'sample_num': 'none'}
test_neg_sample_args = {'distribution': 'uniform', 'sample_num': 'none'}


Wed 18 Mar 2026 15:08:37 INFO  amazon-sports-5core-longseq
The number of users: 2181
Average actions of users: 25.74678899082569
The number of items: 14556
Average actions of items: 3.8562693232566128
The number of inters: 56128
The sparsity of the dataset: 99.82320016520806%
Remain Fields: ['user_id', 'item_id', 'rating', 'timestamp']
Wed 18 Mar 2026 15:08:38 INFO  [Training]: train_batch_size = [256] train_neg_sample_args: [{'distribution': 'none', 'sample_num': 'none', 'alpha': 'none', 'dynamic': False, 'candidate_num': 0}]
Wed 18 Mar 2026 15:08:38 INFO  [Evaluation]: eval_batch_size = [512] eval_args: [{'split': {'LS': 'valid_and_test'}, 'order': 'TO', 'group_by': 'user', 'mode': {'valid': 'full', 'test': 'full'}}]
Wed 18 Mar 2026 15:08:38 INFO  TimeWeaver(
  (item_embedding): Embedding(14556, 64, padding_idx=0)
  (time_aug): TimeAwareAugmentation(
    (pos_embedding): Embedding(32, 64)
    (time_embedding): Embedding(1000, 64)
    (layer_norm): LayerNorm((64,), eps=1e-05, elementwise_affine=True)
    (drop): Dropout(p=0.5, inplace=False)
  )
  (context_layers): ModuleList(
    (0-1): 2 x TCNNextBlock(
      (dw): DepthwiseConv1d(
        (conv): Conv1d(64, 64, kernel_size=(11,), stride=(1,), padding=(5,), groups=64)
        (bn): BatchNorm1d(64, eps=1e-05, momentum=0.1, affine=True, track_running_stats=True)
        (drop): Dropout(p=0.5, inplace=False)
      )
      (norm1): LayerNorm((64,), eps=1e-05, elementwise_affine=True)
      (conv_inter): ParallelConvInter(
        (conv1): Conv1d(64, 64, kernel_size=(1,), stride=(1,))
        (conv3): Conv1d(64, 64, kernel_size=(3,), stride=(1,), padding=(1,))
        (proj): Conv1d(64, 64, kernel_size=(1,), stride=(1,))
        (drop): Dropout(p=0.5, inplace=False)
      )
      (norm2): LayerNorm((64,), eps=1e-05, elementwise_affine=True)
      (ffn): Sequential(
        (0): Linear(in_features=64, out_features=256, bias=True)
        (1): GELU(approximate='none')
        (2): Dropout(p=0.5, inplace=False)
        (3): Linear(in_features=256, out_features=64, bias=True)
        (4): Dropout(p=0.5, inplace=False)
      )
      (norm3): LayerNorm((64,), eps=1e-05, elementwise_affine=True)
    )
  )
  (dynamic_layers): ModuleList(
    (0-1): 2 x EMAStream(
      (proj): Linear(in_features=64, out_features=64, bias=True)
    )
  )
  (weavers): ModuleList(
    (0-1): 2 x StreamWeaver(
      (proj): Linear(in_features=128, out_features=64, bias=True)
      (norm): LayerNorm((64,), eps=1e-05, elementwise_affine=True)
    )
  )
  (loss_fct): CrossEntropyLoss()
)
Trainable parameters: 1132929.0
Wed 18 Mar 2026 15:08:39 INFO  FLOPs: 4298752.0
Wed 18 Mar 2026 15:09:05 INFO  epoch 0 training [time: 25.12s, train loss: 1810.8827]
Wed 18 Mar 2026 15:09:05 INFO  epoch 0 evaluating [time: 0.16s, valid_score: 0.010600]
Wed 18 Mar 2026 15:09:05 INFO  valid result: 
hit@10 : 0.0106    ndcg@10 : 0.0058    mrr@10 : 0.0043
Wed 18 Mar 2026 15:09:05 INFO  Saving current: saved\TimeWeaver-Mar-18-2026_15-08-39.pth
Wed 18 Mar 2026 15:09:38 INFO  epoch 1 training [time: 32.68s, train loss: 1734.7439]
Wed 18 Mar 2026 15:09:38 INFO  epoch 1 evaluating [time: 0.07s, valid_score: 0.016100]
Wed 18 Mar 2026 15:09:38 INFO  valid result: 
hit@10 : 0.0161    ndcg@10 : 0.0079    mrr@10 : 0.0055
Wed 18 Mar 2026 15:09:38 INFO  Saving current: saved\TimeWeaver-Mar-18-2026_15-08-39.pth
Wed 18 Mar 2026 15:10:13 INFO  epoch 2 training [time: 34.55s, train loss: 1668.2547]
Wed 18 Mar 2026 15:10:13 INFO  epoch 2 evaluating [time: 0.09s, valid_score: 0.027500]
Wed 18 Mar 2026 15:10:13 INFO  valid result: 
hit@10 : 0.0275    ndcg@10 : 0.0132    mrr@10 : 0.0089
Wed 18 Mar 2026 15:10:13 INFO  Saving current: saved\TimeWeaver-Mar-18-2026_15-08-39.pth
Wed 18 Mar 2026 15:10:46 INFO  epoch 3 training [time: 33.42s, train loss: 1594.4107]
Wed 18 Mar 2026 15:10:46 INFO  epoch 3 evaluating [time: 0.08s, valid_score: 0.027500]
Wed 18 Mar 2026 15:10:46 INFO  valid result: 
hit@10 : 0.0275    ndcg@10 : 0.013    mrr@10 : 0.0086
Wed 18 Mar 2026 15:10:46 INFO  Saving current: saved\TimeWeaver-Mar-18-2026_15-08-39.pth
Wed 18 Mar 2026 15:11:20 INFO  epoch 4 training [time: 33.74s, train loss: 1521.3166]
Wed 18 Mar 2026 15:11:20 INFO  epoch 4 evaluating [time: 0.08s, valid_score: 0.027100]
Wed 18 Mar 2026 15:11:20 INFO  valid result: 
hit@10 : 0.0271    ndcg@10 : 0.0138    mrr@10 : 0.0097
Wed 18 Mar 2026 15:11:55 INFO  epoch 5 training [time: 35.38s, train loss: 1449.1653]
Wed 18 Mar 2026 15:11:56 INFO  epoch 5 evaluating [time: 0.08s, valid_score: 0.029400]
Wed 18 Mar 2026 15:11:56 INFO  valid result: 
hit@10 : 0.0294    ndcg@10 : 0.0144    mrr@10 : 0.0099
Wed 18 Mar 2026 15:11:56 INFO  Saving current: saved\TimeWeaver-Mar-18-2026_15-08-39.pth
Wed 18 Mar 2026 15:12:29 INFO  epoch 6 training [time: 33.83s, train loss: 1379.3414]
Wed 18 Mar 2026 15:12:29 INFO  epoch 6 evaluating [time: 0.07s, valid_score: 0.028400]
Wed 18 Mar 2026 15:12:29 INFO  valid result: 
hit@10 : 0.0284    ndcg@10 : 0.0124    mrr@10 : 0.0076
Wed 18 Mar 2026 15:13:03 INFO  epoch 7 training [time: 33.33s, train loss: 1312.4809]
Wed 18 Mar 2026 15:13:03 INFO  epoch 7 evaluating [time: 0.08s, valid_score: 0.028400]
Wed 18 Mar 2026 15:13:03 INFO  valid result: 
hit@10 : 0.0284    ndcg@10 : 0.0135    mrr@10 : 0.0089
Wed 18 Mar 2026 15:13:36 INFO  epoch 8 training [time: 33.30s, train loss: 1254.0377]
Wed 18 Mar 2026 15:13:36 INFO  epoch 8 evaluating [time: 0.08s, valid_score: 0.030700]
Wed 18 Mar 2026 15:13:36 INFO  valid result: 
hit@10 : 0.0307    ndcg@10 : 0.014    mrr@10 : 0.0089
Wed 18 Mar 2026 15:13:36 INFO  Saving current: saved\TimeWeaver-Mar-18-2026_15-08-39.pth
Wed 18 Mar 2026 15:14:11 INFO  epoch 9 training [time: 34.24s, train loss: 1200.2109]
Wed 18 Mar 2026 15:14:11 INFO  epoch 9 evaluating [time: 0.09s, valid_score: 0.026100]
Wed 18 Mar 2026 15:14:11 INFO  valid result: 
hit@10 : 0.0261    ndcg@10 : 0.0128    mrr@10 : 0.0086
Wed 18 Mar 2026 15:14:44 INFO  epoch 10 training [time: 33.43s, train loss: 1155.3681]
Wed 18 Mar 2026 15:14:44 INFO  epoch 10 evaluating [time: 0.08s, valid_score: 0.025200]
Wed 18 Mar 2026 15:14:44 INFO  valid result: 
hit@10 : 0.0252    ndcg@10 : 0.0123    mrr@10 : 0.0083
Wed 18 Mar 2026 15:15:18 INFO  epoch 11 training [time: 33.87s, train loss: 1116.2552]
Wed 18 Mar 2026 15:15:18 INFO  epoch 11 evaluating [time: 0.08s, valid_score: 0.030700]
Wed 18 Mar 2026 15:15:18 INFO  valid result: 
hit@10 : 0.0307    ndcg@10 : 0.0135    mrr@10 : 0.0083
Wed 18 Mar 2026 15:15:18 INFO  Saving current: saved\TimeWeaver-Mar-18-2026_15-08-39.pth
Wed 18 Mar 2026 15:15:53 INFO  epoch 12 training [time: 35.38s, train loss: 1081.4512]
Wed 18 Mar 2026 15:15:54 INFO  epoch 12 evaluating [time: 0.09s, valid_score: 0.028000]
Wed 18 Mar 2026 15:15:54 INFO  valid result: 
hit@10 : 0.028    ndcg@10 : 0.0126    mrr@10 : 0.0079
Wed 18 Mar 2026 15:16:28 INFO  epoch 13 training [time: 34.52s, train loss: 1049.3585]
Wed 18 Mar 2026 15:16:28 INFO  epoch 13 evaluating [time: 0.09s, valid_score: 0.028900]
Wed 18 Mar 2026 15:16:28 INFO  valid result: 
hit@10 : 0.0289    ndcg@10 : 0.0132    mrr@10 : 0.0084
Wed 18 Mar 2026 15:17:02 INFO  epoch 14 training [time: 33.38s, train loss: 1023.2798]
Wed 18 Mar 2026 15:17:02 INFO  epoch 14 evaluating [time: 0.08s, valid_score: 0.027500]
Wed 18 Mar 2026 15:17:02 INFO  valid result: 
hit@10 : 0.0275    ndcg@10 : 0.0122    mrr@10 : 0.0074
Wed 18 Mar 2026 15:17:36 INFO  epoch 15 training [time: 33.92s, train loss: 996.9546]
Wed 18 Mar 2026 15:17:36 INFO  epoch 15 evaluating [time: 0.09s, valid_score: 0.027500]
Wed 18 Mar 2026 15:17:36 INFO  valid result: 
hit@10 : 0.0275    ndcg@10 : 0.0125    mrr@10 : 0.0079
Wed 18 Mar 2026 15:18:10 INFO  epoch 16 training [time: 33.96s, train loss: 975.2229]
Wed 18 Mar 2026 15:18:10 INFO  epoch 16 evaluating [time: 0.07s, valid_score: 0.025200]
Wed 18 Mar 2026 15:18:10 INFO  valid result: 
hit@10 : 0.0252    ndcg@10 : 0.0112    mrr@10 : 0.0069
Wed 18 Mar 2026 15:18:44 INFO  epoch 17 training [time: 34.13s, train loss: 951.0942]
Wed 18 Mar 2026 15:18:44 INFO  epoch 17 evaluating [time: 0.09s, valid_score: 0.023900]
Wed 18 Mar 2026 15:18:44 INFO  valid result: 
hit@10 : 0.0239    ndcg@10 : 0.0115    mrr@10 : 0.0076
Wed 18 Mar 2026 15:19:18 INFO  epoch 18 training [time: 33.95s, train loss: 930.5602]
Wed 18 Mar 2026 15:19:18 INFO  epoch 18 evaluating [time: 0.08s, valid_score: 0.023900]
Wed 18 Mar 2026 15:19:18 INFO  valid result: 
hit@10 : 0.0239    ndcg@10 : 0.0105    mrr@10 : 0.0065
Wed 18 Mar 2026 15:19:54 INFO  epoch 19 training [time: 36.09s, train loss: 912.0056]
Wed 18 Mar 2026 15:19:54 INFO  epoch 19 evaluating [time: 0.08s, valid_score: 0.022000]
Wed 18 Mar 2026 15:19:54 INFO  valid result: 
hit@10 : 0.022    ndcg@10 : 0.0103    mrr@10 : 0.0068
Wed 18 Mar 2026 15:20:28 INFO  epoch 20 training [time: 34.09s, train loss: 892.2714]
Wed 18 Mar 2026 15:20:28 INFO  epoch 20 evaluating [time: 0.07s, valid_score: 0.023900]
Wed 18 Mar 2026 15:20:28 INFO  valid result: 
hit@10 : 0.0239    ndcg@10 : 0.0109    mrr@10 : 0.007
Wed 18 Mar 2026 15:21:02 INFO  epoch 21 training [time: 33.52s, train loss: 877.7786]
Wed 18 Mar 2026 15:21:02 INFO  epoch 21 evaluating [time: 0.09s, valid_score: 0.024800]
Wed 18 Mar 2026 15:21:02 INFO  valid result: 
hit@10 : 0.0248    ndcg@10 : 0.0109    mrr@10 : 0.0068
Wed 18 Mar 2026 15:21:36 INFO  epoch 22 training [time: 34.08s, train loss: 859.8674]
Wed 18 Mar 2026 15:21:36 INFO  epoch 22 evaluating [time: 0.08s, valid_score: 0.022500]
Wed 18 Mar 2026 15:21:36 INFO  valid result: 
hit@10 : 0.0225    ndcg@10 : 0.0096    mrr@10 : 0.0058
Wed 18 Mar 2026 15:21:36 INFO  Finished training, best eval result in epoch 11
Wed 18 Mar 2026 15:21:36 INFO  Loading model structure and parameters from saved\TimeWeaver-Mar-18-2026_15-08-39.pth
Wed 18 Mar 2026 15:21:37 INFO  The running environment of this training is as follows:
+-------------+----------------+
| Environment |     Usage      |
+=============+================+
| CPU         |     4.70 %     |
+-------------+----------------+
| GPU         | 0.41 G/6.00 G  |
+-------------+----------------+
| Memory      | 1.70 G/15.63 G |
+-------------+----------------+
Wed 18 Mar 2026 15:21:37 INFO  best valid : OrderedDict([('hit@10', 0.0307), ('ndcg@10', 0.0135), ('mrr@10', 0.0083)])
Wed 18 Mar 2026 15:21:37 INFO  test result: OrderedDict([('hit@10', 0.0307), ('ndcg@10', 0.0145), ('mrr@10', 0.0096)])
Wed 18 Mar 2026 15:21:37 WARNING  command line args [--models timeweaver --datasets amazon-sports-5core-longseq-full --timeweaver-variant aug_only --seeds 42,2023,2024 --device gpu --output results/timeweaver_sportslong_aug_vs_augonly_full.json --skip-if-done] will not be used in RecBole
Wed 18 Mar 2026 15:21:37 INFO  ['F:\\桌面\\recommendation_system\\scripts\\run_grid.py', '--models', 'timeweaver', '--datasets', 'amazon-sports-5core-longseq-full', '--timeweaver-variant', 'aug_only', '--seeds', '42,2023,2024', '--device', 'gpu', '--output', 'results/timeweaver_sportslong_aug_vs_augonly_full.json', '--skip-if-done']
Wed 18 Mar 2026 15:21:37 INFO  
General Hyper Parameters:
gpu_id = 0
use_gpu = True
seed = 2023
state = INFO
reproducibility = True
data_path = data/amazon\amazon-sports-5core-longseq
checkpoint_dir = saved
show_progress = True
save_dataset = False
dataset_save_path = None
save_dataloaders = False
dataloaders_save_path = None
log_wandb = False

Training Hyper Parameters:
epochs = 100
train_batch_size = 256
learner = adam
learning_rate = 0.001
train_neg_sample_args = {'distribution': 'none', 'sample_num': 'none', 'alpha': 'none', 'dynamic': False, 'candidate_num': 0}
eval_step = 1
stopping_step = 10
clip_grad_norm = None
weight_decay = 0.0
loss_decimal_place = 4

Evaluation Hyper Parameters:
eval_args = {'split': {'LS': 'valid_and_test'}, 'order': 'TO', 'group_by': 'user', 'mode': {'valid': 'full', 'test': 'full'}}
repeatable = True
metrics = ['Hit', 'NDCG', 'MRR']
topk = [10]
valid_metric = Hit@10
valid_metric_bigger = True
eval_batch_size = 512
metric_decimal_place = 4

Dataset Hyper Parameters:
field_separator = 	
seq_separator =  
USER_ID_FIELD = user_id
ITEM_ID_FIELD = item_id
RATING_FIELD = rating
TIME_FIELD = timestamp
seq_len = None
LABEL_FIELD = label
threshold = None
NEG_PREFIX = neg_
load_col = {'inter': ['user_id', 'item_id', 'rating', 'timestamp']}
unload_col = None
unused_col = None
additional_feat_suffix = None
rm_dup_inter = None
val_interval = None
filter_inter_by_user_or_item = True
user_inter_num_interval = [0,inf)
item_inter_num_interval = [0,inf)
alias_of_user_id = None
alias_of_item_id = None
alias_of_entity_id = None
alias_of_relation_id = None
preload_weight = None
normalize_field = None
normalize_all = None
ITEM_LIST_LENGTH_FIELD = item_length
LIST_SUFFIX = _list
MAX_ITEM_LIST_LENGTH = 32
POSITION_FIELD = position_id
HEAD_ENTITY_ID_FIELD = head_id
TAIL_ENTITY_ID_FIELD = tail_id
RELATION_ID_FIELD = relation_id
ENTITY_ID_FIELD = entity_id
benchmark_filename = None

Other Hyper Parameters: 
worker = 0
wandb_project = recbole
shuffle = True
require_pow = False
enable_amp = False
enable_scaler = False
transform = None
numerical_features = []
discretization = None
kg_reverse_r = False
entity_kg_num_interval = [0,inf)
relation_kg_num_interval = [0,inf)
MODEL_TYPE = ModelType.SEQUENTIAL
contrastive_weight = 0.03
contrastive_temp = 0.2
time_aug_prob = 0.15
time_aug_strength = 0.05
time_aug_warmup_steps = 0
time_aug_ramp_steps = 2000
model_name = TimeWeaver
hidden_size = 64
num_layers = 2
hidden_dropout_prob = 0.5
initializer_range = 0.02
time_bucket_size = 1000
ema_decay = 0.5
tcn_kernel_size = -1
ffn_hidden_size = 256
loss_type = CE
early_stop = 10
neg_sampling = None
device = cuda
use_continuous_time = False
use_time_gate = False
use_time_augmentation = True
MODEL_INPUT_TYPE = InputType.POINTWISE
eval_type = EvaluatorType.RANKING
single_spec = True
local_rank = 0
valid_neg_sample_args = {'distribution': 'uniform', 'sample_num': 'none'}
test_neg_sample_args = {'distribution': 'uniform', 'sample_num': 'none'}


Wed 18 Mar 2026 15:21:37 INFO  amazon-sports-5core-longseq
The number of users: 2181
Average actions of users: 25.74678899082569
The number of items: 14556
Average actions of items: 3.8562693232566128
The number of inters: 56128
The sparsity of the dataset: 99.82320016520806%
Remain Fields: ['user_id', 'item_id', 'rating', 'timestamp']
Wed 18 Mar 2026 15:21:38 INFO  [Training]: train_batch_size = [256] train_neg_sample_args: [{'distribution': 'none', 'sample_num': 'none', 'alpha': 'none', 'dynamic': False, 'candidate_num': 0}]
Wed 18 Mar 2026 15:21:38 INFO  [Evaluation]: eval_batch_size = [512] eval_args: [{'split': {'LS': 'valid_and_test'}, 'order': 'TO', 'group_by': 'user', 'mode': {'valid': 'full', 'test': 'full'}}]
Wed 18 Mar 2026 15:21:38 INFO  TimeWeaver(
  (item_embedding): Embedding(14556, 64, padding_idx=0)
  (time_aug): TimeAwareAugmentation(
    (pos_embedding): Embedding(32, 64)
    (time_embedding): Embedding(1000, 64)
    (layer_norm): LayerNorm((64,), eps=1e-05, elementwise_affine=True)
    (drop): Dropout(p=0.5, inplace=False)
  )
  (context_layers): ModuleList(
    (0-1): 2 x TCNNextBlock(
      (dw): DepthwiseConv1d(
        (conv): Conv1d(64, 64, kernel_size=(11,), stride=(1,), padding=(5,), groups=64)
        (bn): BatchNorm1d(64, eps=1e-05, momentum=0.1, affine=True, track_running_stats=True)
        (drop): Dropout(p=0.5, inplace=False)
      )
      (norm1): LayerNorm((64,), eps=1e-05, elementwise_affine=True)
      (conv_inter): ParallelConvInter(
        (conv1): Conv1d(64, 64, kernel_size=(1,), stride=(1,))
        (conv3): Conv1d(64, 64, kernel_size=(3,), stride=(1,), padding=(1,))
        (proj): Conv1d(64, 64, kernel_size=(1,), stride=(1,))
        (drop): Dropout(p=0.5, inplace=False)
      )
      (norm2): LayerNorm((64,), eps=1e-05, elementwise_affine=True)
      (ffn): Sequential(
        (0): Linear(in_features=64, out_features=256, bias=True)
        (1): GELU(approximate='none')
        (2): Dropout(p=0.5, inplace=False)
        (3): Linear(in_features=256, out_features=64, bias=True)
        (4): Dropout(p=0.5, inplace=False)
      )
      (norm3): LayerNorm((64,), eps=1e-05, elementwise_affine=True)
    )
  )
  (dynamic_layers): ModuleList(
    (0-1): 2 x EMAStream(
      (proj): Linear(in_features=64, out_features=64, bias=True)
    )
  )
  (weavers): ModuleList(
    (0-1): 2 x StreamWeaver(
      (proj): Linear(in_features=128, out_features=64, bias=True)
      (norm): LayerNorm((64,), eps=1e-05, elementwise_affine=True)
    )
  )
  (loss_fct): CrossEntropyLoss()
)
Trainable parameters: 1132929.0
Wed 18 Mar 2026 15:21:38 INFO  FLOPs: 4298752.0
Wed 18 Mar 2026 15:22:00 INFO  epoch 0 training [time: 22.03s, train loss: 1811.3047]
Wed 18 Mar 2026 15:22:01 INFO  epoch 0 evaluating [time: 0.09s, valid_score: 0.012800]
Wed 18 Mar 2026 15:22:01 INFO  valid result: 
hit@10 : 0.0128    ndcg@10 : 0.0065    mrr@10 : 0.0046
Wed 18 Mar 2026 15:22:01 INFO  Saving current: saved\TimeWeaver-Mar-18-2026_15-21-38.pth
Wed 18 Mar 2026 15:22:32 INFO  epoch 1 training [time: 31.78s, train loss: 1735.6949]
Wed 18 Mar 2026 15:22:32 INFO  epoch 1 evaluating [time: 0.08s, valid_score: 0.017900]
Wed 18 Mar 2026 15:22:32 INFO  valid result: 
hit@10 : 0.0179    ndcg@10 : 0.0088    mrr@10 : 0.0061
Wed 18 Mar 2026 15:22:33 INFO  Saving current: saved\TimeWeaver-Mar-18-2026_15-21-38.pth
Wed 18 Mar 2026 15:23:06 INFO  epoch 2 training [time: 33.82s, train loss: 1670.3324]
Wed 18 Mar 2026 15:23:06 INFO  epoch 2 evaluating [time: 0.10s, valid_score: 0.022500]
Wed 18 Mar 2026 15:23:06 INFO  valid result: 
hit@10 : 0.0225    ndcg@10 : 0.0108    mrr@10 : 0.0073
Wed 18 Mar 2026 15:23:06 INFO  Saving current: saved\TimeWeaver-Mar-18-2026_15-21-38.pth
Wed 18 Mar 2026 15:23:42 INFO  epoch 3 training [time: 35.11s, train loss: 1597.7623]
Wed 18 Mar 2026 15:23:42 INFO  epoch 3 evaluating [time: 0.09s, valid_score: 0.019700]
Wed 18 Mar 2026 15:23:42 INFO  valid result: 
hit@10 : 0.0197    ndcg@10 : 0.0109    mrr@10 : 0.0081
Wed 18 Mar 2026 15:24:17 INFO  epoch 4 training [time: 34.84s, train loss: 1525.5117]
Wed 18 Mar 2026 15:24:17 INFO  epoch 4 evaluating [time: 0.09s, valid_score: 0.022000]
Wed 18 Mar 2026 15:24:17 INFO  valid result: 
hit@10 : 0.022    ndcg@10 : 0.0114    mrr@10 : 0.0082
Wed 18 Mar 2026 15:24:53 INFO  epoch 5 training [time: 36.62s, train loss: 1452.1423]
Wed 18 Mar 2026 15:24:53 INFO  epoch 5 evaluating [time: 0.09s, valid_score: 0.025700]
Wed 18 Mar 2026 15:24:53 INFO  valid result: 
hit@10 : 0.0257    ndcg@10 : 0.0115    mrr@10 : 0.0073
Wed 18 Mar 2026 15:24:53 INFO  Saving current: saved\TimeWeaver-Mar-18-2026_15-21-38.pth
Wed 18 Mar 2026 15:25:29 INFO  epoch 6 training [time: 35.15s, train loss: 1380.3320]
Wed 18 Mar 2026 15:25:29 INFO  epoch 6 evaluating [time: 0.08s, valid_score: 0.024800]
Wed 18 Mar 2026 15:25:29 INFO  valid result: 
hit@10 : 0.0248    ndcg@10 : 0.0111    mrr@10 : 0.007
Wed 18 Mar 2026 15:26:03 INFO  epoch 7 training [time: 34.26s, train loss: 1315.5919]
Wed 18 Mar 2026 15:26:03 INFO  epoch 7 evaluating [time: 0.09s, valid_score: 0.028400]
Wed 18 Mar 2026 15:26:03 INFO  valid result: 
hit@10 : 0.0284    ndcg@10 : 0.013    mrr@10 : 0.0082
Wed 18 Mar 2026 15:26:03 INFO  Saving current: saved\TimeWeaver-Mar-18-2026_15-21-38.pth
Wed 18 Mar 2026 15:26:38 INFO  epoch 8 training [time: 34.55s, train loss: 1255.3121]
Wed 18 Mar 2026 15:26:38 INFO  epoch 8 evaluating [time: 0.08s, valid_score: 0.028000]
Wed 18 Mar 2026 15:26:38 INFO  valid result: 
hit@10 : 0.028    ndcg@10 : 0.0132    mrr@10 : 0.0086
Wed 18 Mar 2026 15:27:11 INFO  epoch 9 training [time: 33.69s, train loss: 1201.1459]
Wed 18 Mar 2026 15:27:11 INFO  epoch 9 evaluating [time: 0.10s, valid_score: 0.032100]
Wed 18 Mar 2026 15:27:11 INFO  valid result: 
hit@10 : 0.0321    ndcg@10 : 0.0138    mrr@10 : 0.0083
Wed 18 Mar 2026 15:27:11 INFO  Saving current: saved\TimeWeaver-Mar-18-2026_15-21-38.pth
Wed 18 Mar 2026 15:27:47 INFO  epoch 10 training [time: 35.54s, train loss: 1155.7050]
Wed 18 Mar 2026 15:27:47 INFO  epoch 10 evaluating [time: 0.08s, valid_score: 0.030300]
Wed 18 Mar 2026 15:27:47 INFO  valid result: 
hit@10 : 0.0303    ndcg@10 : 0.0132    mrr@10 : 0.008
Wed 18 Mar 2026 15:28:22 INFO  epoch 11 training [time: 34.55s, train loss: 1114.5807]
Wed 18 Mar 2026 15:28:22 INFO  epoch 11 evaluating [time: 0.09s, valid_score: 0.031700]
Wed 18 Mar 2026 15:28:22 INFO  valid result: 
hit@10 : 0.0317    ndcg@10 : 0.0137    mrr@10 : 0.0082
Wed 18 Mar 2026 15:28:56 INFO  epoch 12 training [time: 34.35s, train loss: 1081.5072]
Wed 18 Mar 2026 15:28:56 INFO  epoch 12 evaluating [time: 0.09s, valid_score: 0.028000]
Wed 18 Mar 2026 15:28:56 INFO  valid result: 
hit@10 : 0.028    ndcg@10 : 0.0121    mrr@10 : 0.0073
Wed 18 Mar 2026 15:29:31 INFO  epoch 13 training [time: 35.09s, train loss: 1050.2545]
Wed 18 Mar 2026 15:29:31 INFO  epoch 13 evaluating [time: 0.08s, valid_score: 0.028000]
Wed 18 Mar 2026 15:29:31 INFO  valid result: 
hit@10 : 0.028    ndcg@10 : 0.0125    mrr@10 : 0.0077
Wed 18 Mar 2026 15:30:05 INFO  epoch 14 training [time: 33.74s, train loss: 1022.2674]
Wed 18 Mar 2026 15:30:05 INFO  epoch 14 evaluating [time: 0.09s, valid_score: 0.026600]
Wed 18 Mar 2026 15:30:05 INFO  valid result: 
hit@10 : 0.0266    ndcg@10 : 0.0117    mrr@10 : 0.0072
Wed 18 Mar 2026 15:30:39 INFO  epoch 15 training [time: 34.02s, train loss: 998.1101]
Wed 18 Mar 2026 15:30:39 INFO  epoch 15 evaluating [time: 0.09s, valid_score: 0.025700]
Wed 18 Mar 2026 15:30:39 INFO  valid result: 
hit@10 : 0.0257    ndcg@10 : 0.0115    mrr@10 : 0.0071
Wed 18 Mar 2026 15:31:14 INFO  epoch 16 training [time: 34.51s, train loss: 974.3424]
Wed 18 Mar 2026 15:31:14 INFO  epoch 16 evaluating [time: 0.04s, valid_score: 0.025200]
Wed 18 Mar 2026 15:31:14 INFO  valid result: 
hit@10 : 0.0252    ndcg@10 : 0.0108    mrr@10 : 0.0064
Wed 18 Mar 2026 15:31:49 INFO  epoch 17 training [time: 35.07s, train loss: 951.0651]
Wed 18 Mar 2026 15:31:49 INFO  epoch 17 evaluating [time: 0.08s, valid_score: 0.023900]
Wed 18 Mar 2026 15:31:49 INFO  valid result: 
hit@10 : 0.0239    ndcg@10 : 0.011    mrr@10 : 0.0071
Wed 18 Mar 2026 15:32:24 INFO  epoch 18 training [time: 34.57s, train loss: 930.5334]
Wed 18 Mar 2026 15:32:24 INFO  epoch 18 evaluating [time: 0.09s, valid_score: 0.025200]
Wed 18 Mar 2026 15:32:24 INFO  valid result: 
hit@10 : 0.0252    ndcg@10 : 0.0117    mrr@10 : 0.0076
Wed 18 Mar 2026 15:32:57 INFO  epoch 19 training [time: 33.51s, train loss: 912.6952]
Wed 18 Mar 2026 15:32:57 INFO  epoch 19 evaluating [time: 0.09s, valid_score: 0.026600]
Wed 18 Mar 2026 15:32:57 INFO  valid result: 
hit@10 : 0.0266    ndcg@10 : 0.0115    mrr@10 : 0.0069
Wed 18 Mar 2026 15:33:31 INFO  epoch 20 training [time: 33.80s, train loss: 893.5098]
Wed 18 Mar 2026 15:33:31 INFO  epoch 20 evaluating [time: 0.09s, valid_score: 0.029800]
Wed 18 Mar 2026 15:33:31 INFO  valid result: 
hit@10 : 0.0298    ndcg@10 : 0.0129    mrr@10 : 0.0079
Wed 18 Mar 2026 15:33:31 INFO  Finished training, best eval result in epoch 9
Wed 18 Mar 2026 15:33:31 INFO  Loading model structure and parameters from saved\TimeWeaver-Mar-18-2026_15-21-38.pth
Wed 18 Mar 2026 15:33:32 INFO  The running environment of this training is as follows:
+-------------+----------------+
| Environment |     Usage      |
+=============+================+
| CPU         |     4.10 %     |
+-------------+----------------+
| GPU         | 0.41 G/6.00 G  |
+-------------+----------------+
| Memory      | 1.65 G/15.63 G |
+-------------+----------------+
Wed 18 Mar 2026 15:33:32 INFO  best valid : OrderedDict([('hit@10', 0.0321), ('ndcg@10', 0.0138), ('mrr@10', 0.0083)])
Wed 18 Mar 2026 15:33:32 INFO  test result: OrderedDict([('hit@10', 0.0266), ('ndcg@10', 0.0118), ('mrr@10', 0.0073)])
Wed 18 Mar 2026 15:33:32 WARNING  command line args [--models timeweaver --datasets amazon-sports-5core-longseq-full --timeweaver-variant aug_only --seeds 42,2023,2024 --device gpu --output results/timeweaver_sportslong_aug_vs_augonly_full.json --skip-if-done] will not be used in RecBole
Wed 18 Mar 2026 15:33:32 INFO  ['F:\\桌面\\recommendation_system\\scripts\\run_grid.py', '--models', 'timeweaver', '--datasets', 'amazon-sports-5core-longseq-full', '--timeweaver-variant', 'aug_only', '--seeds', '42,2023,2024', '--device', 'gpu', '--output', 'results/timeweaver_sportslong_aug_vs_augonly_full.json', '--skip-if-done']
Wed 18 Mar 2026 15:33:32 INFO  
General Hyper Parameters:
gpu_id = 0
use_gpu = True
seed = 2024
state = INFO
reproducibility = True
data_path = data/amazon\amazon-sports-5core-longseq
checkpoint_dir = saved
show_progress = True
save_dataset = False
dataset_save_path = None
save_dataloaders = False
dataloaders_save_path = None
log_wandb = False

Training Hyper Parameters:
epochs = 100
train_batch_size = 256
learner = adam
learning_rate = 0.001
train_neg_sample_args = {'distribution': 'none', 'sample_num': 'none', 'alpha': 'none', 'dynamic': False, 'candidate_num': 0}
eval_step = 1
stopping_step = 10
clip_grad_norm = None
weight_decay = 0.0
loss_decimal_place = 4

Evaluation Hyper Parameters:
eval_args = {'split': {'LS': 'valid_and_test'}, 'order': 'TO', 'group_by': 'user', 'mode': {'valid': 'full', 'test': 'full'}}
repeatable = True
metrics = ['Hit', 'NDCG', 'MRR']
topk = [10]
valid_metric = Hit@10
valid_metric_bigger = True
eval_batch_size = 512
metric_decimal_place = 4

Dataset Hyper Parameters:
field_separator = 	
seq_separator =  
USER_ID_FIELD = user_id
ITEM_ID_FIELD = item_id
RATING_FIELD = rating
TIME_FIELD = timestamp
seq_len = None
LABEL_FIELD = label
threshold = None
NEG_PREFIX = neg_
load_col = {'inter': ['user_id', 'item_id', 'rating', 'timestamp']}
unload_col = None
unused_col = None
additional_feat_suffix = None
rm_dup_inter = None
val_interval = None
filter_inter_by_user_or_item = True
user_inter_num_interval = [0,inf)
item_inter_num_interval = [0,inf)
alias_of_user_id = None
alias_of_item_id = None
alias_of_entity_id = None
alias_of_relation_id = None
preload_weight = None
normalize_field = None
normalize_all = None
ITEM_LIST_LENGTH_FIELD = item_length
LIST_SUFFIX = _list
MAX_ITEM_LIST_LENGTH = 32
POSITION_FIELD = position_id
HEAD_ENTITY_ID_FIELD = head_id
TAIL_ENTITY_ID_FIELD = tail_id
RELATION_ID_FIELD = relation_id
ENTITY_ID_FIELD = entity_id
benchmark_filename = None

Other Hyper Parameters: 
worker = 0
wandb_project = recbole
shuffle = True
require_pow = False
enable_amp = False
enable_scaler = False
transform = None
numerical_features = []
discretization = None
kg_reverse_r = False
entity_kg_num_interval = [0,inf)
relation_kg_num_interval = [0,inf)
MODEL_TYPE = ModelType.SEQUENTIAL
contrastive_weight = 0.03
contrastive_temp = 0.2
time_aug_prob = 0.15
time_aug_strength = 0.05
time_aug_warmup_steps = 0
time_aug_ramp_steps = 2000
model_name = TimeWeaver
hidden_size = 64
num_layers = 2
hidden_dropout_prob = 0.5
initializer_range = 0.02
time_bucket_size = 1000
ema_decay = 0.5
tcn_kernel_size = -1
ffn_hidden_size = 256
loss_type = CE
early_stop = 10
neg_sampling = None
device = cuda
use_continuous_time = False
use_time_gate = False
use_time_augmentation = True
MODEL_INPUT_TYPE = InputType.POINTWISE
eval_type = EvaluatorType.RANKING
single_spec = True
local_rank = 0
valid_neg_sample_args = {'distribution': 'uniform', 'sample_num': 'none'}
test_neg_sample_args = {'distribution': 'uniform', 'sample_num': 'none'}


Wed 18 Mar 2026 15:33:33 INFO  amazon-sports-5core-longseq
The number of users: 2181
Average actions of users: 25.74678899082569
The number of items: 14556
Average actions of items: 3.8562693232566128
The number of inters: 56128
The sparsity of the dataset: 99.82320016520806%
Remain Fields: ['user_id', 'item_id', 'rating', 'timestamp']
Wed 18 Mar 2026 15:33:33 INFO  [Training]: train_batch_size = [256] train_neg_sample_args: [{'distribution': 'none', 'sample_num': 'none', 'alpha': 'none', 'dynamic': False, 'candidate_num': 0}]
Wed 18 Mar 2026 15:33:33 INFO  [Evaluation]: eval_batch_size = [512] eval_args: [{'split': {'LS': 'valid_and_test'}, 'order': 'TO', 'group_by': 'user', 'mode': {'valid': 'full', 'test': 'full'}}]
Wed 18 Mar 2026 15:33:33 INFO  TimeWeaver(
  (item_embedding): Embedding(14556, 64, padding_idx=0)
  (time_aug): TimeAwareAugmentation(
    (pos_embedding): Embedding(32, 64)
    (time_embedding): Embedding(1000, 64)
    (layer_norm): LayerNorm((64,), eps=1e-05, elementwise_affine=True)
    (drop): Dropout(p=0.5, inplace=False)
  )
  (context_layers): ModuleList(
    (0-1): 2 x TCNNextBlock(
      (dw): DepthwiseConv1d(
        (conv): Conv1d(64, 64, kernel_size=(11,), stride=(1,), padding=(5,), groups=64)
        (bn): BatchNorm1d(64, eps=1e-05, momentum=0.1, affine=True, track_running_stats=True)
        (drop): Dropout(p=0.5, inplace=False)
      )
      (norm1): LayerNorm((64,), eps=1e-05, elementwise_affine=True)
      (conv_inter): ParallelConvInter(
        (conv1): Conv1d(64, 64, kernel_size=(1,), stride=(1,))
        (conv3): Conv1d(64, 64, kernel_size=(3,), stride=(1,), padding=(1,))
        (proj): Conv1d(64, 64, kernel_size=(1,), stride=(1,))
        (drop): Dropout(p=0.5, inplace=False)
      )
      (norm2): LayerNorm((64,), eps=1e-05, elementwise_affine=True)
      (ffn): Sequential(
        (0): Linear(in_features=64, out_features=256, bias=True)
        (1): GELU(approximate='none')
        (2): Dropout(p=0.5, inplace=False)
        (3): Linear(in_features=256, out_features=64, bias=True)
        (4): Dropout(p=0.5, inplace=False)
      )
      (norm3): LayerNorm((64,), eps=1e-05, elementwise_affine=True)
    )
  )
  (dynamic_layers): ModuleList(
    (0-1): 2 x EMAStream(
      (proj): Linear(in_features=64, out_features=64, bias=True)
    )
  )
  (weavers): ModuleList(
    (0-1): 2 x StreamWeaver(
      (proj): Linear(in_features=128, out_features=64, bias=True)
      (norm): LayerNorm((64,), eps=1e-05, elementwise_affine=True)
    )
  )
  (loss_fct): CrossEntropyLoss()
)
Trainable parameters: 1132929.0
Wed 18 Mar 2026 15:33:33 INFO  FLOPs: 4298752.0
Wed 18 Mar 2026 15:33:56 INFO  epoch 0 training [time: 22.15s, train loss: 1810.1200]
Wed 18 Mar 2026 15:33:56 INFO  epoch 0 evaluating [time: 0.09s, valid_score: 0.013800]
Wed 18 Mar 2026 15:33:56 INFO  valid result: 
hit@10 : 0.0138    ndcg@10 : 0.0069    mrr@10 : 0.0049
Wed 18 Mar 2026 15:33:56 INFO  Saving current: saved\TimeWeaver-Mar-18-2026_15-33-33.pth
Wed 18 Mar 2026 15:34:28 INFO  epoch 1 training [time: 32.54s, train loss: 1734.9646]
Wed 18 Mar 2026 15:34:28 INFO  epoch 1 evaluating [time: 0.10s, valid_score: 0.017400]
Wed 18 Mar 2026 15:34:28 INFO  valid result: 
hit@10 : 0.0174    ndcg@10 : 0.0088    mrr@10 : 0.0063
Wed 18 Mar 2026 15:34:28 INFO  Saving current: saved\TimeWeaver-Mar-18-2026_15-33-33.pth
Wed 18 Mar 2026 15:35:03 INFO  epoch 2 training [time: 34.39s, train loss: 1670.9271]
Wed 18 Mar 2026 15:35:03 INFO  epoch 2 evaluating [time: 0.09s, valid_score: 0.027500]
Wed 18 Mar 2026 15:35:03 INFO  valid result: 
hit@10 : 0.0275    ndcg@10 : 0.0137    mrr@10 : 0.0095
Wed 18 Mar 2026 15:35:03 INFO  Saving current: saved\TimeWeaver-Mar-18-2026_15-33-33.pth
Wed 18 Mar 2026 15:35:39 INFO  epoch 3 training [time: 35.80s, train loss: 1597.8952]
Wed 18 Mar 2026 15:35:39 INFO  epoch 3 evaluating [time: 0.09s, valid_score: 0.027100]
Wed 18 Mar 2026 15:35:39 INFO  valid result: 
hit@10 : 0.0271    ndcg@10 : 0.0124    mrr@10 : 0.008
Wed 18 Mar 2026 15:36:14 INFO  epoch 4 training [time: 35.19s, train loss: 1523.6448]
Wed 18 Mar 2026 15:36:14 INFO  epoch 4 evaluating [time: 0.09s, valid_score: 0.028900]
Wed 18 Mar 2026 15:36:14 INFO  valid result: 
hit@10 : 0.0289    ndcg@10 : 0.0135    mrr@10 : 0.0088
Wed 18 Mar 2026 15:36:14 INFO  Saving current: saved\TimeWeaver-Mar-18-2026_15-33-33.pth
Wed 18 Mar 2026 15:36:48 INFO  epoch 5 training [time: 34.16s, train loss: 1450.6519]
Wed 18 Mar 2026 15:36:48 INFO  epoch 5 evaluating [time: 0.09s, valid_score: 0.030700]
Wed 18 Mar 2026 15:36:48 INFO  valid result: 
hit@10 : 0.0307    ndcg@10 : 0.0142    mrr@10 : 0.0091
Wed 18 Mar 2026 15:36:48 INFO  Saving current: saved\TimeWeaver-Mar-18-2026_15-33-33.pth
Wed 18 Mar 2026 15:37:24 INFO  epoch 6 training [time: 35.46s, train loss: 1379.7833]
Wed 18 Mar 2026 15:37:24 INFO  epoch 6 evaluating [time: 0.09s, valid_score: 0.031700]
Wed 18 Mar 2026 15:37:24 INFO  valid result: 
hit@10 : 0.0317    ndcg@10 : 0.015    mrr@10 : 0.0099
Wed 18 Mar 2026 15:37:24 INFO  Saving current: saved\TimeWeaver-Mar-18-2026_15-33-33.pth
Wed 18 Mar 2026 15:38:00 INFO  epoch 7 training [time: 35.91s, train loss: 1311.9050]
Wed 18 Mar 2026 15:38:00 INFO  epoch 7 evaluating [time: 0.08s, valid_score: 0.030300]
Wed 18 Mar 2026 15:38:00 INFO  valid result: 
hit@10 : 0.0303    ndcg@10 : 0.0133    mrr@10 : 0.0082
Wed 18 Mar 2026 15:38:35 INFO  epoch 8 training [time: 34.67s, train loss: 1251.4599]
Wed 18 Mar 2026 15:38:35 INFO  epoch 8 evaluating [time: 0.08s, valid_score: 0.031200]
Wed 18 Mar 2026 15:38:35 INFO  valid result: 
hit@10 : 0.0312    ndcg@10 : 0.014    mrr@10 : 0.0088
Wed 18 Mar 2026 15:39:10 INFO  epoch 9 training [time: 35.04s, train loss: 1199.1701]
Wed 18 Mar 2026 15:39:10 INFO  epoch 9 evaluating [time: 0.09s, valid_score: 0.031700]
Wed 18 Mar 2026 15:39:10 INFO  valid result: 
hit@10 : 0.0317    ndcg@10 : 0.0141    mrr@10 : 0.0088
Wed 18 Mar 2026 15:39:10 INFO  Saving current: saved\TimeWeaver-Mar-18-2026_15-33-33.pth
Wed 18 Mar 2026 15:39:46 INFO  epoch 10 training [time: 35.84s, train loss: 1154.0553]
Wed 18 Mar 2026 15:39:46 INFO  epoch 10 evaluating [time: 0.09s, valid_score: 0.030300]
Wed 18 Mar 2026 15:39:46 INFO  valid result: 
hit@10 : 0.0303    ndcg@10 : 0.0133    mrr@10 : 0.0083
Wed 18 Mar 2026 15:40:20 INFO  epoch 11 training [time: 34.54s, train loss: 1113.8316]
Wed 18 Mar 2026 15:40:20 INFO  epoch 11 evaluating [time: 0.08s, valid_score: 0.031200]
Wed 18 Mar 2026 15:40:20 INFO  valid result: 
hit@10 : 0.0312    ndcg@10 : 0.0139    mrr@10 : 0.0086
Wed 18 Mar 2026 15:40:54 INFO  epoch 12 training [time: 33.83s, train loss: 1080.4580]
Wed 18 Mar 2026 15:40:54 INFO  epoch 12 evaluating [time: 0.08s, valid_score: 0.031200]
Wed 18 Mar 2026 15:40:54 INFO  valid result: 
hit@10 : 0.0312    ndcg@10 : 0.0135    mrr@10 : 0.0081
Wed 18 Mar 2026 15:41:29 INFO  epoch 13 training [time: 34.39s, train loss: 1050.7851]
Wed 18 Mar 2026 15:41:29 INFO  epoch 13 evaluating [time: 0.09s, valid_score: 0.030300]
Wed 18 Mar 2026 15:41:29 INFO  valid result: 
hit@10 : 0.0303    ndcg@10 : 0.013    mrr@10 : 0.0079
Wed 18 Mar 2026 15:42:03 INFO  epoch 14 training [time: 34.36s, train loss: 1024.3794]
Wed 18 Mar 2026 15:42:03 INFO  epoch 14 evaluating [time: 0.09s, valid_score: 0.028900]
Wed 18 Mar 2026 15:42:03 INFO  valid result: 
hit@10 : 0.0289    ndcg@10 : 0.0126    mrr@10 : 0.0077
Wed 18 Mar 2026 15:42:37 INFO  epoch 15 training [time: 33.61s, train loss: 1000.2644]
Wed 18 Mar 2026 15:42:37 INFO  epoch 15 evaluating [time: 0.09s, valid_score: 0.028000]
Wed 18 Mar 2026 15:42:37 INFO  valid result: 
hit@10 : 0.028    ndcg@10 : 0.0125    mrr@10 : 0.0078
Wed 18 Mar 2026 15:43:12 INFO  epoch 16 training [time: 34.77s, train loss: 976.2367]
Wed 18 Mar 2026 15:43:12 INFO  epoch 16 evaluating [time: 0.08s, valid_score: 0.028900]
Wed 18 Mar 2026 15:43:12 INFO  valid result: 
hit@10 : 0.0289    ndcg@10 : 0.013    mrr@10 : 0.0082
Wed 18 Mar 2026 15:43:47 INFO  epoch 17 training [time: 35.19s, train loss: 954.0198]
Wed 18 Mar 2026 15:43:47 INFO  epoch 17 evaluating [time: 0.09s, valid_score: 0.029800]
Wed 18 Mar 2026 15:43:47 INFO  valid result: 
hit@10 : 0.0298    ndcg@10 : 0.0129    mrr@10 : 0.0078
Wed 18 Mar 2026 15:44:21 INFO  epoch 18 training [time: 34.22s, train loss: 934.0462]
Wed 18 Mar 2026 15:44:21 INFO  epoch 18 evaluating [time: 0.08s, valid_score: 0.028000]
Wed 18 Mar 2026 15:44:21 INFO  valid result: 
hit@10 : 0.028    ndcg@10 : 0.0123    mrr@10 : 0.0076
Wed 18 Mar 2026 15:44:55 INFO  epoch 19 training [time: 33.19s, train loss: 916.5630]
Wed 18 Mar 2026 15:44:55 INFO  epoch 19 evaluating [time: 0.09s, valid_score: 0.024300]
Wed 18 Mar 2026 15:44:55 INFO  valid result: 
hit@10 : 0.0243    ndcg@10 : 0.0113    mrr@10 : 0.0074
Wed 18 Mar 2026 15:45:28 INFO  epoch 20 training [time: 33.53s, train loss: 898.7330]
Wed 18 Mar 2026 15:45:28 INFO  epoch 20 evaluating [time: 0.08s, valid_score: 0.024300]
Wed 18 Mar 2026 15:45:28 INFO  valid result: 
hit@10 : 0.0243    ndcg@10 : 0.0108    mrr@10 : 0.0068
Wed 18 Mar 2026 15:45:28 INFO  Finished training, best eval result in epoch 9
Wed 18 Mar 2026 15:45:28 INFO  Loading model structure and parameters from saved\TimeWeaver-Mar-18-2026_15-33-33.pth
Wed 18 Mar 2026 15:45:29 INFO  The running environment of this training is as follows:
+-------------+----------------+
| Environment |     Usage      |
+=============+================+
| CPU         |     4.50 %     |
+-------------+----------------+
| GPU         | 0.41 G/6.00 G  |
+-------------+----------------+
| Memory      | 0.67 G/15.63 G |
+-------------+----------------+
Wed 18 Mar 2026 15:45:29 INFO  best valid : OrderedDict([('hit@10', 0.0317), ('ndcg@10', 0.0141), ('mrr@10', 0.0088)])
Wed 18 Mar 2026 15:45:29 INFO  test result: OrderedDict([('hit@10', 0.0248), ('ndcg@10', 0.0115), ('mrr@10', 0.0076)])
