Thu 12 Feb 2026 11:42:14 INFO  ['F:\\桌面\\recommendation_system\\scripts\\run_grid.py', '--models', 'timeweaver', '--datasets', 'amazon-electronics-5core-subset', '--seeds', '42', '--device', 'gpu', '--timeweaver-variant', 'base', '--tag', 'e0p05_k-1_d0p5_l2_f256_b1000', '--output', 'results/run_grid_timeweaver_tune.json', '--tw-ema-decay', '0.05', '--tw-tcn-kernel', '-1', '--tw-hidden-dropout', '0.5', '--tw-num-layers', '2', '--tw-ffn-hidden', '256', '--tw-time-bucket', '1000']
Thu 12 Feb 2026 11:42:14 INFO  
General Hyper Parameters:
gpu_id = 0
use_gpu = True
seed = 42
state = INFO
reproducibility = True
data_path = data/amazon\amazon-electronics-5core-subset
checkpoint_dir = saved
show_progress = True
save_dataset = False
dataset_save_path = None
save_dataloaders = False
dataloaders_save_path = None
log_wandb = False

Training Hyper Parameters:
epochs = 100
train_batch_size = 256
learner = adam
learning_rate = 0.001
train_neg_sample_args = {'distribution': 'none', 'sample_num': 'none', 'alpha': 'none', 'dynamic': False, 'candidate_num': 0}
eval_step = 1
stopping_step = 10
clip_grad_norm = None
weight_decay = 0.0
loss_decimal_place = 4

Evaluation Hyper Parameters:
eval_args = {'split': {'LS': 'valid_and_test'}, 'order': 'TO', 'group_by': 'user', 'mode': {'valid': 'uni100', 'test': 'uni100'}}
repeatable = True
metrics = ['Hit', 'NDCG', 'MRR']
topk = [10]
valid_metric = MRR@10
valid_metric_bigger = True
eval_batch_size = 512
metric_decimal_place = 4

Dataset Hyper Parameters:
field_separator = 	
seq_separator =  
USER_ID_FIELD = user_id
ITEM_ID_FIELD = item_id
RATING_FIELD = rating
TIME_FIELD = timestamp
seq_len = None
LABEL_FIELD = label
threshold = None
NEG_PREFIX = neg_
load_col = {'inter': ['user_id', 'item_id', 'rating', 'timestamp']}
unload_col = None
unused_col = None
additional_feat_suffix = None
rm_dup_inter = None
val_interval = None
filter_inter_by_user_or_item = True
user_inter_num_interval = [0,inf)
item_inter_num_interval = [0,inf)
alias_of_user_id = None
alias_of_item_id = None
alias_of_entity_id = None
alias_of_relation_id = None
preload_weight = None
normalize_field = None
normalize_all = None
ITEM_LIST_LENGTH_FIELD = item_length
LIST_SUFFIX = _list
MAX_ITEM_LIST_LENGTH = 32
POSITION_FIELD = position_id
HEAD_ENTITY_ID_FIELD = head_id
TAIL_ENTITY_ID_FIELD = tail_id
RELATION_ID_FIELD = relation_id
ENTITY_ID_FIELD = entity_id
benchmark_filename = None

Other Hyper Parameters: 
worker = 0
wandb_project = recbole
shuffle = True
require_pow = False
enable_amp = False
enable_scaler = False
transform = None
numerical_features = []
discretization = None
kg_reverse_r = False
entity_kg_num_interval = [0,inf)
relation_kg_num_interval = [0,inf)
MODEL_TYPE = ModelType.SEQUENTIAL
model_name = TimeWeaver
hidden_size = 64
num_layers = 2
hidden_dropout_prob = 0.5
initializer_range = 0.02
time_bucket_size = 1000
ema_decay = 0.05
tcn_kernel_size = -1
ffn_hidden_size = 256
loss_type = CE
early_stop = 10
neg_sampling = None
device = cuda
use_continuous_time = False
use_time_gate = False
use_time_augmentation = False
MODEL_INPUT_TYPE = InputType.POINTWISE
eval_type = EvaluatorType.RANKING
single_spec = True
local_rank = 0
valid_neg_sample_args = {'distribution': 'uniform', 'sample_num': 100}
test_neg_sample_args = {'distribution': 'uniform', 'sample_num': 100}


Thu 12 Feb 2026 11:42:14 INFO  amazon-electronics-5core-subset
The number of users: 1501
Average actions of users: 108.42733333333334
The number of items: 54722
Average actions of items: 2.9721861808080994
The number of inters: 162641
The sparsity of the dataset: 99.80198988231011%
Remain Fields: ['user_id', 'item_id', 'rating', 'timestamp']
Thu 12 Feb 2026 11:42:17 INFO  [Training]: train_batch_size = [256] train_neg_sample_args: [{'distribution': 'none', 'sample_num': 'none', 'alpha': 'none', 'dynamic': False, 'candidate_num': 0}]
Thu 12 Feb 2026 11:42:17 INFO  [Evaluation]: eval_batch_size = [512] eval_args: [{'split': {'LS': 'valid_and_test'}, 'order': 'TO', 'group_by': 'user', 'mode': {'valid': 'uni100', 'test': 'uni100'}}]
Thu 12 Feb 2026 11:42:17 INFO  TimeWeaver(
  (item_embedding): Embedding(54722, 64, padding_idx=0)
  (time_aug): TimeAwareAugmentation(
    (pos_embedding): Embedding(32, 64)
    (time_embedding): Embedding(1000, 64)
    (layer_norm): LayerNorm((64,), eps=1e-05, elementwise_affine=True)
    (drop): Dropout(p=0.5, inplace=False)
  )
  (context_layers): ModuleList(
    (0-1): 2 x TCNNextBlock(
      (dw): DepthwiseConv1d(
        (conv): Conv1d(64, 64, kernel_size=(11,), stride=(1,), padding=(5,), groups=64)
        (bn): BatchNorm1d(64, eps=1e-05, momentum=0.1, affine=True, track_running_stats=True)
        (drop): Dropout(p=0.5, inplace=False)
      )
      (norm1): LayerNorm((64,), eps=1e-05, elementwise_affine=True)
      (conv_inter): ParallelConvInter(
        (conv1): Conv1d(64, 64, kernel_size=(1,), stride=(1,))
        (conv3): Conv1d(64, 64, kernel_size=(3,), stride=(1,), padding=(1,))
        (proj): Conv1d(64, 64, kernel_size=(1,), stride=(1,))
        (drop): Dropout(p=0.5, inplace=False)
      )
      (norm2): LayerNorm((64,), eps=1e-05, elementwise_affine=True)
      (ffn): Sequential(
        (0): Linear(in_features=64, out_features=256, bias=True)
        (1): GELU(approximate='none')
        (2): Dropout(p=0.5, inplace=False)
        (3): Linear(in_features=256, out_features=64, bias=True)
        (4): Dropout(p=0.5, inplace=False)
      )
      (norm3): LayerNorm((64,), eps=1e-05, elementwise_affine=True)
    )
  )
  (dynamic_layers): ModuleList(
    (0-1): 2 x EMAStream(
      (proj): Linear(in_features=64, out_features=64, bias=True)
    )
  )
  (weavers): ModuleList(
    (0-1): 2 x StreamWeaver(
      (proj): Linear(in_features=128, out_features=64, bias=True)
      (norm): LayerNorm((64,), eps=1e-05, elementwise_affine=True)
    )
  )
  (loss_fct): CrossEntropyLoss()
)
Trainable parameters: 3703553.0
Thu 12 Feb 2026 11:42:17 INFO  FLOPs: 4298752.0
Thu 12 Feb 2026 11:43:08 INFO  epoch 0 training [time: 49.86s, train loss: 6486.3649]
Thu 12 Feb 2026 11:43:11 INFO  epoch 0 evaluating [time: 2.56s, valid_score: 0.202500]
Thu 12 Feb 2026 11:43:11 INFO  valid result: 
hit@10 : 0.3727    ndcg@10 : 0.2426    mrr@10 : 0.2025
Thu 12 Feb 2026 11:43:11 INFO  Saving current: saved\TimeWeaver-Feb-12-2026_11-42-17.pth
Thu 12 Feb 2026 11:43:59 INFO  epoch 1 training [time: 48.61s, train loss: 6055.5497]
Thu 12 Feb 2026 11:44:02 INFO  epoch 1 evaluating [time: 2.56s, valid_score: 0.239800]
Thu 12 Feb 2026 11:44:02 INFO  valid result: 
hit@10 : 0.428    ndcg@10 : 0.2846    mrr@10 : 0.2398
Thu 12 Feb 2026 11:44:02 INFO  Saving current: saved\TimeWeaver-Feb-12-2026_11-42-17.pth
Thu 12 Feb 2026 11:44:51 INFO  epoch 2 training [time: 48.81s, train loss: 5644.4555]
Thu 12 Feb 2026 11:44:53 INFO  epoch 2 evaluating [time: 2.63s, valid_score: 0.234500]
Thu 12 Feb 2026 11:44:53 INFO  valid result: 
hit@10 : 0.4207    ndcg@10 : 0.2787    mrr@10 : 0.2345
Thu 12 Feb 2026 11:45:42 INFO  epoch 3 training [time: 48.18s, train loss: 5205.6997]
Thu 12 Feb 2026 11:45:44 INFO  epoch 3 evaluating [time: 2.54s, valid_score: 0.246200]
Thu 12 Feb 2026 11:45:44 INFO  valid result: 
hit@10 : 0.4187    ndcg@10 : 0.2869    mrr@10 : 0.2462
Thu 12 Feb 2026 11:45:44 INFO  Saving current: saved\TimeWeaver-Feb-12-2026_11-42-17.pth
Thu 12 Feb 2026 11:46:36 INFO  epoch 4 training [time: 51.68s, train loss: 4786.0467]
Thu 12 Feb 2026 11:46:39 INFO  epoch 4 evaluating [time: 2.73s, valid_score: 0.229900]
Thu 12 Feb 2026 11:46:39 INFO  valid result: 
hit@10 : 0.4047    ndcg@10 : 0.2714    mrr@10 : 0.2299
Thu 12 Feb 2026 11:47:27 INFO  epoch 5 training [time: 48.63s, train loss: 4431.9057]
Thu 12 Feb 2026 11:47:30 INFO  epoch 5 evaluating [time: 2.57s, valid_score: 0.241700]
Thu 12 Feb 2026 11:47:30 INFO  valid result: 
hit@10 : 0.4027    ndcg@10 : 0.28    mrr@10 : 0.2417
Thu 12 Feb 2026 11:48:18 INFO  epoch 6 training [time: 48.63s, train loss: 4154.8891]
Thu 12 Feb 2026 11:48:21 INFO  epoch 6 evaluating [time: 2.52s, valid_score: 0.228800]
Thu 12 Feb 2026 11:48:21 INFO  valid result: 
hit@10 : 0.3967    ndcg@10 : 0.2686    mrr@10 : 0.2288
Thu 12 Feb 2026 11:49:10 INFO  epoch 7 training [time: 48.50s, train loss: 3940.9477]
Thu 12 Feb 2026 11:49:12 INFO  epoch 7 evaluating [time: 2.62s, valid_score: 0.242100]
Thu 12 Feb 2026 11:49:12 INFO  valid result: 
hit@10 : 0.4007    ndcg@10 : 0.2795    mrr@10 : 0.2421
Thu 12 Feb 2026 11:50:01 INFO  epoch 8 training [time: 49.22s, train loss: 3772.1829]
Thu 12 Feb 2026 11:50:04 INFO  epoch 8 evaluating [time: 2.69s, valid_score: 0.229200]
Thu 12 Feb 2026 11:50:04 INFO  valid result: 
hit@10 : 0.3993    ndcg@10 : 0.2693    mrr@10 : 0.2292
Thu 12 Feb 2026 11:50:56 INFO  epoch 9 training [time: 51.50s, train loss: 3627.1687]
Thu 12 Feb 2026 11:50:58 INFO  epoch 9 evaluating [time: 2.57s, valid_score: 0.235700]
Thu 12 Feb 2026 11:50:58 INFO  valid result: 
hit@10 : 0.4033    ndcg@10 : 0.2753    mrr@10 : 0.2357
Thu 12 Feb 2026 11:51:46 INFO  epoch 10 training [time: 48.38s, train loss: 3509.5066]
Thu 12 Feb 2026 11:51:49 INFO  epoch 10 evaluating [time: 2.61s, valid_score: 0.225900]
Thu 12 Feb 2026 11:51:49 INFO  valid result: 
hit@10 : 0.3967    ndcg@10 : 0.2663    mrr@10 : 0.2259
Thu 12 Feb 2026 11:52:38 INFO  epoch 11 training [time: 49.17s, train loss: 3401.2458]
Thu 12 Feb 2026 11:52:41 INFO  epoch 11 evaluating [time: 2.62s, valid_score: 0.225100]
Thu 12 Feb 2026 11:52:41 INFO  valid result: 
hit@10 : 0.3887    ndcg@10 : 0.2637    mrr@10 : 0.2251
Thu 12 Feb 2026 11:53:30 INFO  epoch 12 training [time: 48.68s, train loss: 3301.4332]
Thu 12 Feb 2026 11:53:32 INFO  epoch 12 evaluating [time: 2.51s, valid_score: 0.231800]
Thu 12 Feb 2026 11:53:32 INFO  valid result: 
hit@10 : 0.388    ndcg@10 : 0.2689    mrr@10 : 0.2318
Thu 12 Feb 2026 11:54:23 INFO  epoch 13 training [time: 51.17s, train loss: 3205.5321]
Thu 12 Feb 2026 11:54:26 INFO  epoch 13 evaluating [time: 2.72s, valid_score: 0.219400]
Thu 12 Feb 2026 11:54:26 INFO  valid result: 
hit@10 : 0.382    ndcg@10 : 0.258    mrr@10 : 0.2194
Thu 12 Feb 2026 11:55:17 INFO  epoch 14 training [time: 50.94s, train loss: 3120.9032]
Thu 12 Feb 2026 11:55:20 INFO  epoch 14 evaluating [time: 2.61s, valid_score: 0.225000]
Thu 12 Feb 2026 11:55:20 INFO  valid result: 
hit@10 : 0.3893    ndcg@10 : 0.2638    mrr@10 : 0.225
Thu 12 Feb 2026 11:55:20 INFO  Finished training, best eval result in epoch 3
Thu 12 Feb 2026 11:55:20 INFO  Loading model structure and parameters from saved\TimeWeaver-Feb-12-2026_11-42-17.pth
Thu 12 Feb 2026 11:55:23 INFO  The running environment of this training is as follows:
+-------------+----------------+
| Environment |     Usage      |
+=============+================+
| CPU         |     6.50 %     |
+-------------+----------------+
| GPU         | 0.48 G/6.00 G  |
+-------------+----------------+
| Memory      | 1.54 G/15.63 G |
+-------------+----------------+
Thu 12 Feb 2026 11:55:23 INFO  best valid : OrderedDict([('hit@10', 0.4187), ('ndcg@10', 0.2869), ('mrr@10', 0.2462)])
Thu 12 Feb 2026 11:55:23 INFO  test result: OrderedDict([('hit@10', 0.384), ('ndcg@10', 0.2536), ('mrr@10', 0.2136)])
