Sat 07 Mar 2026 11:34:29 INFO  ['F:\\桌面\\recommendation_system\\scripts\\run_grid.py', '--models', 'timeweaver', '--datasets', 'amazon-toys-5core-subset-full', '--timeweaver-variant', 'gate_discrete', '--seeds', '42,2023,2024', '--device', 'gpu', '--output', 'results/timeweaver_toys_ablation_full.json']
Sat 07 Mar 2026 11:34:29 INFO  
General Hyper Parameters:
gpu_id = 0
use_gpu = True
seed = 42
state = INFO
reproducibility = True
data_path = data/amazon\amazon-toys-5core-subset
checkpoint_dir = saved
show_progress = True
save_dataset = False
dataset_save_path = None
save_dataloaders = False
dataloaders_save_path = None
log_wandb = False

Training Hyper Parameters:
epochs = 100
train_batch_size = 256
learner = adam
learning_rate = 0.001
train_neg_sample_args = {'distribution': 'none', 'sample_num': 'none', 'alpha': 'none', 'dynamic': False, 'candidate_num': 0}
eval_step = 1
stopping_step = 10
clip_grad_norm = None
weight_decay = 0.0
loss_decimal_place = 4

Evaluation Hyper Parameters:
eval_args = {'split': {'LS': 'valid_and_test'}, 'order': 'TO', 'group_by': 'user', 'mode': {'valid': 'full', 'test': 'full'}}
repeatable = True
metrics = ['Hit', 'NDCG', 'MRR']
topk = [10]
valid_metric = MRR@10
valid_metric_bigger = True
eval_batch_size = 512
metric_decimal_place = 4

Dataset Hyper Parameters:
field_separator = 	
seq_separator =  
USER_ID_FIELD = user_id
ITEM_ID_FIELD = item_id
RATING_FIELD = rating
TIME_FIELD = timestamp
seq_len = None
LABEL_FIELD = label
threshold = None
NEG_PREFIX = neg_
load_col = {'inter': ['user_id', 'item_id', 'rating', 'timestamp']}
unload_col = None
unused_col = None
additional_feat_suffix = None
rm_dup_inter = None
val_interval = None
filter_inter_by_user_or_item = True
user_inter_num_interval = [0,inf)
item_inter_num_interval = [0,inf)
alias_of_user_id = None
alias_of_item_id = None
alias_of_entity_id = None
alias_of_relation_id = None
preload_weight = None
normalize_field = None
normalize_all = None
ITEM_LIST_LENGTH_FIELD = item_length
LIST_SUFFIX = _list
MAX_ITEM_LIST_LENGTH = 32
POSITION_FIELD = position_id
HEAD_ENTITY_ID_FIELD = head_id
TAIL_ENTITY_ID_FIELD = tail_id
RELATION_ID_FIELD = relation_id
ENTITY_ID_FIELD = entity_id
benchmark_filename = None

Other Hyper Parameters: 
worker = 0
wandb_project = recbole
shuffle = True
require_pow = False
enable_amp = False
enable_scaler = False
transform = None
numerical_features = []
discretization = None
kg_reverse_r = False
entity_kg_num_interval = [0,inf)
relation_kg_num_interval = [0,inf)
MODEL_TYPE = ModelType.SEQUENTIAL
model_name = TimeWeaver
hidden_size = 64
num_layers = 2
hidden_dropout_prob = 0.5
initializer_range = 0.02
time_bucket_size = 1000
ema_decay = 0.5
tcn_kernel_size = -1
ffn_hidden_size = 256
loss_type = CE
early_stop = 10
neg_sampling = None
device = cuda
use_continuous_time = False
use_time_gate = True
use_time_augmentation = False
MODEL_INPUT_TYPE = InputType.POINTWISE
eval_type = EvaluatorType.RANKING
single_spec = True
local_rank = 0
valid_neg_sample_args = {'distribution': 'uniform', 'sample_num': 'none'}
test_neg_sample_args = {'distribution': 'uniform', 'sample_num': 'none'}


Sat 07 Mar 2026 11:34:30 INFO  amazon-toys-5core-subset
The number of users: 19413
Average actions of users: 8.633680197815783
The number of items: 11925
Average actions of items: 14.055434417980543
The number of inters: 167597
The sparsity of the dataset: 99.92760389550713%
Remain Fields: ['user_id', 'item_id', 'rating', 'timestamp']
Sat 07 Mar 2026 11:34:32 INFO  [Training]: train_batch_size = [256] train_neg_sample_args: [{'distribution': 'none', 'sample_num': 'none', 'alpha': 'none', 'dynamic': False, 'candidate_num': 0}]
Sat 07 Mar 2026 11:34:32 INFO  [Evaluation]: eval_batch_size = [512] eval_args: [{'split': {'LS': 'valid_and_test'}, 'order': 'TO', 'group_by': 'user', 'mode': {'valid': 'full', 'test': 'full'}}]
Sat 07 Mar 2026 11:34:32 INFO  TimeWeaver(
  (item_embedding): Embedding(11925, 64, padding_idx=0)
  (time_aug): TimeAwareAugmentation(
    (pos_embedding): Embedding(32, 64)
    (time_embedding): Embedding(1000, 64)
    (time_gate): TimeGate(
      (net): Sequential(
        (0): Linear(in_features=128, out_features=16, bias=True)
        (1): GELU(approximate='none')
        (2): Linear(in_features=16, out_features=64, bias=True)
        (3): Sigmoid()
      )
    )
    (layer_norm): LayerNorm((64,), eps=1e-05, elementwise_affine=True)
    (drop): Dropout(p=0.5, inplace=False)
  )
  (context_layers): ModuleList(
    (0-1): 2 x TCNNextBlock(
      (dw): DepthwiseConv1d(
        (conv): Conv1d(64, 64, kernel_size=(11,), stride=(1,), padding=(5,), groups=64)
        (bn): BatchNorm1d(64, eps=1e-05, momentum=0.1, affine=True, track_running_stats=True)
        (drop): Dropout(p=0.5, inplace=False)
      )
      (norm1): LayerNorm((64,), eps=1e-05, elementwise_affine=True)
      (conv_inter): ParallelConvInter(
        (conv1): Conv1d(64, 64, kernel_size=(1,), stride=(1,))
        (conv3): Conv1d(64, 64, kernel_size=(3,), stride=(1,), padding=(1,))
        (proj): Conv1d(64, 64, kernel_size=(1,), stride=(1,))
        (drop): Dropout(p=0.5, inplace=False)
      )
      (norm2): LayerNorm((64,), eps=1e-05, elementwise_affine=True)
      (ffn): Sequential(
        (0): Linear(in_features=64, out_features=256, bias=True)
        (1): GELU(approximate='none')
        (2): Dropout(p=0.5, inplace=False)
        (3): Linear(in_features=256, out_features=64, bias=True)
        (4): Dropout(p=0.5, inplace=False)
      )
      (norm3): LayerNorm((64,), eps=1e-05, elementwise_affine=True)
    )
  )
  (dynamic_layers): ModuleList(
    (0-1): 2 x EMAStream(
      (proj): Linear(in_features=64, out_features=64, bias=True)
    )
  )
  (weavers): ModuleList(
    (0-1): 2 x StreamWeaver(
      (proj): Linear(in_features=128, out_features=64, bias=True)
      (norm): LayerNorm((64,), eps=1e-05, elementwise_affine=True)
    )
  )
  (loss_fct): CrossEntropyLoss()
)
Trainable parameters: 967698.0
Sat 07 Mar 2026 11:34:33 INFO  FLOPs: 4397056.0
Sat 07 Mar 2026 11:35:17 INFO  epoch 0 training [time: 42.90s, train loss: 3839.7773]
Sat 07 Mar 2026 11:35:18 INFO  epoch 0 evaluating [time: 0.50s, valid_score: 0.005200]
Sat 07 Mar 2026 11:35:18 INFO  valid result: 
hit@10 : 0.0145    ndcg@10 : 0.0073    mrr@10 : 0.0052
Sat 07 Mar 2026 11:35:18 INFO  Saving current: saved\TimeWeaver-Mar-07-2026_11-34-33.pth
Sat 07 Mar 2026 11:36:01 INFO  epoch 1 training [time: 43.07s, train loss: 3622.0856]
Sat 07 Mar 2026 11:36:01 INFO  epoch 1 evaluating [time: 0.49s, valid_score: 0.011300]
Sat 07 Mar 2026 11:36:01 INFO  valid result: 
hit@10 : 0.0314    ndcg@10 : 0.016    mrr@10 : 0.0113
Sat 07 Mar 2026 11:36:01 INFO  Saving current: saved\TimeWeaver-Mar-07-2026_11-34-33.pth
Sat 07 Mar 2026 11:36:44 INFO  epoch 2 training [time: 42.75s, train loss: 3443.5866]
Sat 07 Mar 2026 11:36:44 INFO  epoch 2 evaluating [time: 0.52s, valid_score: 0.018200]
Sat 07 Mar 2026 11:36:44 INFO  valid result: 
hit@10 : 0.0498    ndcg@10 : 0.0256    mrr@10 : 0.0182
Sat 07 Mar 2026 11:36:44 INFO  Saving current: saved\TimeWeaver-Mar-07-2026_11-34-33.pth
Sat 07 Mar 2026 11:37:28 INFO  epoch 3 training [time: 43.20s, train loss: 3284.5015]
Sat 07 Mar 2026 11:37:28 INFO  epoch 3 evaluating [time: 0.45s, valid_score: 0.026600]
Sat 07 Mar 2026 11:37:28 INFO  valid result: 
hit@10 : 0.0712    ndcg@10 : 0.0371    mrr@10 : 0.0266
Sat 07 Mar 2026 11:37:28 INFO  Saving current: saved\TimeWeaver-Mar-07-2026_11-34-33.pth
Sat 07 Mar 2026 11:38:13 INFO  epoch 4 training [time: 44.96s, train loss: 3156.9658]
Sat 07 Mar 2026 11:38:14 INFO  epoch 4 evaluating [time: 0.54s, valid_score: 0.029000]
Sat 07 Mar 2026 11:38:14 INFO  valid result: 
hit@10 : 0.0817    ndcg@10 : 0.0413    mrr@10 : 0.029
Sat 07 Mar 2026 11:38:14 INFO  Saving current: saved\TimeWeaver-Mar-07-2026_11-34-33.pth
Sat 07 Mar 2026 11:38:57 INFO  epoch 5 training [time: 42.98s, train loss: 3056.0938]
Sat 07 Mar 2026 11:38:57 INFO  epoch 5 evaluating [time: 0.55s, valid_score: 0.032400]
Sat 07 Mar 2026 11:38:57 INFO  valid result: 
hit@10 : 0.0925    ndcg@10 : 0.0465    mrr@10 : 0.0324
Sat 07 Mar 2026 11:38:57 INFO  Saving current: saved\TimeWeaver-Mar-07-2026_11-34-33.pth
Sat 07 Mar 2026 11:39:41 INFO  epoch 6 training [time: 43.45s, train loss: 2976.9355]
Sat 07 Mar 2026 11:39:41 INFO  epoch 6 evaluating [time: 0.52s, valid_score: 0.032000]
Sat 07 Mar 2026 11:39:41 INFO  valid result: 
hit@10 : 0.0971    ndcg@10 : 0.0474    mrr@10 : 0.032
Sat 07 Mar 2026 11:40:24 INFO  epoch 7 training [time: 42.60s, train loss: 2914.4424]
Sat 07 Mar 2026 11:40:24 INFO  epoch 7 evaluating [time: 0.45s, valid_score: 0.032500]
Sat 07 Mar 2026 11:40:24 INFO  valid result: 
hit@10 : 0.0975    ndcg@10 : 0.0479    mrr@10 : 0.0325
Sat 07 Mar 2026 11:40:24 INFO  Saving current: saved\TimeWeaver-Mar-07-2026_11-34-33.pth
Sat 07 Mar 2026 11:41:07 INFO  epoch 8 training [time: 42.23s, train loss: 2864.0411]
Sat 07 Mar 2026 11:41:07 INFO  epoch 8 evaluating [time: 0.50s, valid_score: 0.033100]
Sat 07 Mar 2026 11:41:07 INFO  valid result: 
hit@10 : 0.0988    ndcg@10 : 0.0486    mrr@10 : 0.0331
Sat 07 Mar 2026 11:41:07 INFO  Saving current: saved\TimeWeaver-Mar-07-2026_11-34-33.pth
Sat 07 Mar 2026 11:41:51 INFO  epoch 9 training [time: 44.25s, train loss: 2824.0568]
Sat 07 Mar 2026 11:41:52 INFO  epoch 9 evaluating [time: 0.53s, valid_score: 0.033300]
Sat 07 Mar 2026 11:41:52 INFO  valid result: 
hit@10 : 0.1001    ndcg@10 : 0.0491    mrr@10 : 0.0333
Sat 07 Mar 2026 11:41:52 INFO  Saving current: saved\TimeWeaver-Mar-07-2026_11-34-33.pth
Sat 07 Mar 2026 11:42:35 INFO  epoch 10 training [time: 42.90s, train loss: 2792.7491]
Sat 07 Mar 2026 11:42:35 INFO  epoch 10 evaluating [time: 0.46s, valid_score: 0.033500]
Sat 07 Mar 2026 11:42:35 INFO  valid result: 
hit@10 : 0.1008    ndcg@10 : 0.0494    mrr@10 : 0.0335
Sat 07 Mar 2026 11:42:35 INFO  Saving current: saved\TimeWeaver-Mar-07-2026_11-34-33.pth
Sat 07 Mar 2026 11:43:18 INFO  epoch 11 training [time: 42.72s, train loss: 2761.8662]
Sat 07 Mar 2026 11:43:19 INFO  epoch 11 evaluating [time: 0.53s, valid_score: 0.034700]
Sat 07 Mar 2026 11:43:19 INFO  valid result: 
hit@10 : 0.1024    ndcg@10 : 0.0507    mrr@10 : 0.0347
Sat 07 Mar 2026 11:43:19 INFO  Saving current: saved\TimeWeaver-Mar-07-2026_11-34-33.pth
Sat 07 Mar 2026 11:44:01 INFO  epoch 12 training [time: 42.52s, train loss: 2736.7809]
Sat 07 Mar 2026 11:44:02 INFO  epoch 12 evaluating [time: 0.51s, valid_score: 0.035500]
Sat 07 Mar 2026 11:44:02 INFO  valid result: 
hit@10 : 0.1039    ndcg@10 : 0.0515    mrr@10 : 0.0355
Sat 07 Mar 2026 11:44:02 INFO  Saving current: saved\TimeWeaver-Mar-07-2026_11-34-33.pth
Sat 07 Mar 2026 11:44:44 INFO  epoch 13 training [time: 42.47s, train loss: 2712.3166]
Sat 07 Mar 2026 11:44:45 INFO  epoch 13 evaluating [time: 0.50s, valid_score: 0.035300]
Sat 07 Mar 2026 11:44:45 INFO  valid result: 
hit@10 : 0.1019    ndcg@10 : 0.0511    mrr@10 : 0.0353
Sat 07 Mar 2026 11:45:27 INFO  epoch 14 training [time: 42.78s, train loss: 2692.1725]
Sat 07 Mar 2026 11:45:28 INFO  epoch 14 evaluating [time: 0.54s, valid_score: 0.035000]
Sat 07 Mar 2026 11:45:28 INFO  valid result: 
hit@10 : 0.1008    ndcg@10 : 0.0505    mrr@10 : 0.035
Sat 07 Mar 2026 11:46:11 INFO  epoch 15 training [time: 42.68s, train loss: 2672.9782]
Sat 07 Mar 2026 11:46:11 INFO  epoch 15 evaluating [time: 0.54s, valid_score: 0.035000]
Sat 07 Mar 2026 11:46:11 INFO  valid result: 
hit@10 : 0.103    ndcg@10 : 0.0511    mrr@10 : 0.035
Sat 07 Mar 2026 11:46:54 INFO  epoch 16 training [time: 42.85s, train loss: 2654.1899]
Sat 07 Mar 2026 11:46:54 INFO  epoch 16 evaluating [time: 0.53s, valid_score: 0.035900]
Sat 07 Mar 2026 11:46:54 INFO  valid result: 
hit@10 : 0.1026    ndcg@10 : 0.0517    mrr@10 : 0.0359
Sat 07 Mar 2026 11:46:55 INFO  Saving current: saved\TimeWeaver-Mar-07-2026_11-34-33.pth
Sat 07 Mar 2026 11:47:38 INFO  epoch 17 training [time: 43.42s, train loss: 2637.2583]
Sat 07 Mar 2026 11:47:38 INFO  epoch 17 evaluating [time: 0.52s, valid_score: 0.036200]
Sat 07 Mar 2026 11:47:38 INFO  valid result: 
hit@10 : 0.1018    ndcg@10 : 0.0517    mrr@10 : 0.0362
Sat 07 Mar 2026 11:47:38 INFO  Saving current: saved\TimeWeaver-Mar-07-2026_11-34-33.pth
Sat 07 Mar 2026 11:48:21 INFO  epoch 18 training [time: 42.76s, train loss: 2621.1460]
Sat 07 Mar 2026 11:48:22 INFO  epoch 18 evaluating [time: 0.47s, valid_score: 0.036600]
Sat 07 Mar 2026 11:48:22 INFO  valid result: 
hit@10 : 0.1025    ndcg@10 : 0.0521    mrr@10 : 0.0366
Sat 07 Mar 2026 11:48:22 INFO  Saving current: saved\TimeWeaver-Mar-07-2026_11-34-33.pth
Sat 07 Mar 2026 11:49:04 INFO  epoch 19 training [time: 42.42s, train loss: 2605.5650]
Sat 07 Mar 2026 11:49:05 INFO  epoch 19 evaluating [time: 0.50s, valid_score: 0.035700]
Sat 07 Mar 2026 11:49:05 INFO  valid result: 
hit@10 : 0.1007    ndcg@10 : 0.051    mrr@10 : 0.0357
Sat 07 Mar 2026 11:49:49 INFO  epoch 20 training [time: 43.94s, train loss: 2590.4536]
Sat 07 Mar 2026 11:49:49 INFO  epoch 20 evaluating [time: 0.48s, valid_score: 0.036900]
Sat 07 Mar 2026 11:49:49 INFO  valid result: 
hit@10 : 0.1032    ndcg@10 : 0.0525    mrr@10 : 0.0369
Sat 07 Mar 2026 11:49:49 INFO  Saving current: saved\TimeWeaver-Mar-07-2026_11-34-33.pth
Sat 07 Mar 2026 11:50:32 INFO  epoch 21 training [time: 43.01s, train loss: 2576.8665]
Sat 07 Mar 2026 11:50:33 INFO  epoch 21 evaluating [time: 0.50s, valid_score: 0.036200]
Sat 07 Mar 2026 11:50:33 INFO  valid result: 
hit@10 : 0.0986    ndcg@10 : 0.051    mrr@10 : 0.0362
Sat 07 Mar 2026 11:51:15 INFO  epoch 22 training [time: 42.59s, train loss: 2561.3711]
Sat 07 Mar 2026 11:51:16 INFO  epoch 22 evaluating [time: 0.54s, valid_score: 0.036400]
Sat 07 Mar 2026 11:51:16 INFO  valid result: 
hit@10 : 0.1006    ndcg@10 : 0.0516    mrr@10 : 0.0364
Sat 07 Mar 2026 11:51:58 INFO  epoch 23 training [time: 42.15s, train loss: 2549.0168]
Sat 07 Mar 2026 11:51:58 INFO  epoch 23 evaluating [time: 0.50s, valid_score: 0.036800]
Sat 07 Mar 2026 11:51:58 INFO  valid result: 
hit@10 : 0.0988    ndcg@10 : 0.0515    mrr@10 : 0.0368
Sat 07 Mar 2026 11:52:41 INFO  epoch 24 training [time: 42.71s, train loss: 2537.8798]
Sat 07 Mar 2026 11:52:42 INFO  epoch 24 evaluating [time: 0.49s, valid_score: 0.037000]
Sat 07 Mar 2026 11:52:42 INFO  valid result: 
hit@10 : 0.0977    ndcg@10 : 0.0513    mrr@10 : 0.037
Sat 07 Mar 2026 11:52:42 INFO  Saving current: saved\TimeWeaver-Mar-07-2026_11-34-33.pth
Sat 07 Mar 2026 11:53:24 INFO  epoch 25 training [time: 42.52s, train loss: 2526.1371]
Sat 07 Mar 2026 11:53:25 INFO  epoch 25 evaluating [time: 0.53s, valid_score: 0.037700]
Sat 07 Mar 2026 11:53:25 INFO  valid result: 
hit@10 : 0.1003    ndcg@10 : 0.0525    mrr@10 : 0.0377
Sat 07 Mar 2026 11:53:25 INFO  Saving current: saved\TimeWeaver-Mar-07-2026_11-34-33.pth
Sat 07 Mar 2026 11:54:09 INFO  epoch 26 training [time: 44.04s, train loss: 2513.6959]
Sat 07 Mar 2026 11:54:09 INFO  epoch 26 evaluating [time: 0.55s, valid_score: 0.038000]
Sat 07 Mar 2026 11:54:09 INFO  valid result: 
hit@10 : 0.0983    ndcg@10 : 0.0522    mrr@10 : 0.038
Sat 07 Mar 2026 11:54:09 INFO  Saving current: saved\TimeWeaver-Mar-07-2026_11-34-33.pth
Sat 07 Mar 2026 11:54:52 INFO  epoch 27 training [time: 42.69s, train loss: 2500.8514]
Sat 07 Mar 2026 11:54:53 INFO  epoch 27 evaluating [time: 0.52s, valid_score: 0.038300]
Sat 07 Mar 2026 11:54:53 INFO  valid result: 
hit@10 : 0.0993    ndcg@10 : 0.0527    mrr@10 : 0.0383
Sat 07 Mar 2026 11:54:53 INFO  Saving current: saved\TimeWeaver-Mar-07-2026_11-34-33.pth
Sat 07 Mar 2026 11:55:36 INFO  epoch 28 training [time: 43.13s, train loss: 2488.8565]
Sat 07 Mar 2026 11:55:36 INFO  epoch 28 evaluating [time: 0.54s, valid_score: 0.037800]
Sat 07 Mar 2026 11:55:36 INFO  valid result: 
hit@10 : 0.0977    ndcg@10 : 0.0519    mrr@10 : 0.0378
Sat 07 Mar 2026 11:56:19 INFO  epoch 29 training [time: 42.48s, train loss: 2482.3942]
Sat 07 Mar 2026 11:56:19 INFO  epoch 29 evaluating [time: 0.52s, valid_score: 0.038400]
Sat 07 Mar 2026 11:56:19 INFO  valid result: 
hit@10 : 0.0982    ndcg@10 : 0.0524    mrr@10 : 0.0384
Sat 07 Mar 2026 11:56:19 INFO  Saving current: saved\TimeWeaver-Mar-07-2026_11-34-33.pth
Sat 07 Mar 2026 11:57:02 INFO  epoch 30 training [time: 42.52s, train loss: 2469.2958]
Sat 07 Mar 2026 11:57:02 INFO  epoch 30 evaluating [time: 0.50s, valid_score: 0.037800]
Sat 07 Mar 2026 11:57:02 INFO  valid result: 
hit@10 : 0.0971    ndcg@10 : 0.0518    mrr@10 : 0.0378
Sat 07 Mar 2026 11:57:46 INFO  epoch 31 training [time: 43.95s, train loss: 2456.5595]
Sat 07 Mar 2026 11:57:47 INFO  epoch 31 evaluating [time: 0.47s, valid_score: 0.038300]
Sat 07 Mar 2026 11:57:47 INFO  valid result: 
hit@10 : 0.0979    ndcg@10 : 0.0524    mrr@10 : 0.0383
Sat 07 Mar 2026 11:58:30 INFO  epoch 32 training [time: 42.89s, train loss: 2451.3031]
Sat 07 Mar 2026 11:58:30 INFO  epoch 32 evaluating [time: 0.46s, valid_score: 0.037900]
Sat 07 Mar 2026 11:58:30 INFO  valid result: 
hit@10 : 0.0956    ndcg@10 : 0.0515    mrr@10 : 0.0379
Sat 07 Mar 2026 11:59:13 INFO  epoch 33 training [time: 42.78s, train loss: 2440.9698]
Sat 07 Mar 2026 11:59:13 INFO  epoch 33 evaluating [time: 0.54s, valid_score: 0.038900]
Sat 07 Mar 2026 11:59:13 INFO  valid result: 
hit@10 : 0.0962    ndcg@10 : 0.0524    mrr@10 : 0.0389
Sat 07 Mar 2026 11:59:13 INFO  Saving current: saved\TimeWeaver-Mar-07-2026_11-34-33.pth
Sat 07 Mar 2026 11:59:56 INFO  epoch 34 training [time: 42.23s, train loss: 2428.7497]
Sat 07 Mar 2026 11:59:56 INFO  epoch 34 evaluating [time: 0.54s, valid_score: 0.038600]
Sat 07 Mar 2026 11:59:56 INFO  valid result: 
hit@10 : 0.0964    ndcg@10 : 0.0522    mrr@10 : 0.0386
Sat 07 Mar 2026 12:00:38 INFO  epoch 35 training [time: 42.23s, train loss: 2420.3286]
Sat 07 Mar 2026 12:00:39 INFO  epoch 35 evaluating [time: 0.53s, valid_score: 0.038500]
Sat 07 Mar 2026 12:00:39 INFO  valid result: 
hit@10 : 0.0926    ndcg@10 : 0.0512    mrr@10 : 0.0385
Sat 07 Mar 2026 12:01:22 INFO  epoch 36 training [time: 42.58s, train loss: 2409.5596]
Sat 07 Mar 2026 12:01:22 INFO  epoch 36 evaluating [time: 0.49s, valid_score: 0.038600]
Sat 07 Mar 2026 12:01:22 INFO  valid result: 
hit@10 : 0.0949    ndcg@10 : 0.0519    mrr@10 : 0.0386
Sat 07 Mar 2026 12:02:08 INFO  epoch 37 training [time: 45.81s, train loss: 2400.6858]
Sat 07 Mar 2026 12:02:08 INFO  epoch 37 evaluating [time: 0.54s, valid_score: 0.038800]
Sat 07 Mar 2026 12:02:08 INFO  valid result: 
hit@10 : 0.0947    ndcg@10 : 0.0519    mrr@10 : 0.0388
Sat 07 Mar 2026 12:02:52 INFO  epoch 38 training [time: 43.66s, train loss: 2392.2380]
Sat 07 Mar 2026 12:02:53 INFO  epoch 38 evaluating [time: 0.52s, valid_score: 0.038700]
Sat 07 Mar 2026 12:02:53 INFO  valid result: 
hit@10 : 0.0937    ndcg@10 : 0.0517    mrr@10 : 0.0387
Sat 07 Mar 2026 12:03:36 INFO  epoch 39 training [time: 43.15s, train loss: 2382.6942]
Sat 07 Mar 2026 12:03:36 INFO  epoch 39 evaluating [time: 0.46s, valid_score: 0.038400]
Sat 07 Mar 2026 12:03:36 INFO  valid result: 
hit@10 : 0.0936    ndcg@10 : 0.0514    mrr@10 : 0.0384
Sat 07 Mar 2026 12:04:20 INFO  epoch 40 training [time: 43.38s, train loss: 2373.0461]
Sat 07 Mar 2026 12:04:20 INFO  epoch 40 evaluating [time: 0.52s, valid_score: 0.038700]
Sat 07 Mar 2026 12:04:20 INFO  valid result: 
hit@10 : 0.0939    ndcg@10 : 0.0516    mrr@10 : 0.0387
Sat 07 Mar 2026 12:05:03 INFO  epoch 41 training [time: 42.92s, train loss: 2364.5933]
Sat 07 Mar 2026 12:05:04 INFO  epoch 41 evaluating [time: 0.50s, valid_score: 0.039000]
Sat 07 Mar 2026 12:05:04 INFO  valid result: 
hit@10 : 0.0923    ndcg@10 : 0.0515    mrr@10 : 0.039
Sat 07 Mar 2026 12:05:04 INFO  Saving current: saved\TimeWeaver-Mar-07-2026_11-34-33.pth
Sat 07 Mar 2026 12:05:48 INFO  epoch 42 training [time: 43.99s, train loss: 2357.4622]
Sat 07 Mar 2026 12:05:48 INFO  epoch 42 evaluating [time: 0.53s, valid_score: 0.038700]
Sat 07 Mar 2026 12:05:48 INFO  valid result: 
hit@10 : 0.0922    ndcg@10 : 0.0512    mrr@10 : 0.0387
Sat 07 Mar 2026 12:06:31 INFO  epoch 43 training [time: 42.90s, train loss: 2348.2459]
Sat 07 Mar 2026 12:06:32 INFO  epoch 43 evaluating [time: 0.51s, valid_score: 0.037800]
Sat 07 Mar 2026 12:06:32 INFO  valid result: 
hit@10 : 0.0897    ndcg@10 : 0.05    mrr@10 : 0.0378
Sat 07 Mar 2026 12:07:14 INFO  epoch 44 training [time: 42.60s, train loss: 2341.1668]
Sat 07 Mar 2026 12:07:15 INFO  epoch 44 evaluating [time: 0.53s, valid_score: 0.039000]
Sat 07 Mar 2026 12:07:15 INFO  valid result: 
hit@10 : 0.0922    ndcg@10 : 0.0515    mrr@10 : 0.039
Sat 07 Mar 2026 12:07:15 INFO  Saving current: saved\TimeWeaver-Mar-07-2026_11-34-33.pth
Sat 07 Mar 2026 12:07:57 INFO  epoch 45 training [time: 42.59s, train loss: 2333.3465]
Sat 07 Mar 2026 12:07:58 INFO  epoch 45 evaluating [time: 0.47s, valid_score: 0.038400]
Sat 07 Mar 2026 12:07:58 INFO  valid result: 
hit@10 : 0.0891    ndcg@10 : 0.0503    mrr@10 : 0.0384
Sat 07 Mar 2026 12:08:41 INFO  epoch 46 training [time: 42.80s, train loss: 2325.6867]
Sat 07 Mar 2026 12:08:41 INFO  epoch 46 evaluating [time: 0.53s, valid_score: 0.038200]
Sat 07 Mar 2026 12:08:41 INFO  valid result: 
hit@10 : 0.0893    ndcg@10 : 0.0502    mrr@10 : 0.0382
Sat 07 Mar 2026 12:09:24 INFO  epoch 47 training [time: 42.99s, train loss: 2315.8375]
Sat 07 Mar 2026 12:09:25 INFO  epoch 47 evaluating [time: 0.46s, valid_score: 0.039000]
Sat 07 Mar 2026 12:09:25 INFO  valid result: 
hit@10 : 0.0898    ndcg@10 : 0.0509    mrr@10 : 0.039
Sat 07 Mar 2026 12:09:25 INFO  Saving current: saved\TimeWeaver-Mar-07-2026_11-34-33.pth
Sat 07 Mar 2026 12:10:09 INFO  epoch 48 training [time: 44.33s, train loss: 2310.9041]
Sat 07 Mar 2026 12:10:09 INFO  epoch 48 evaluating [time: 0.54s, valid_score: 0.038500]
Sat 07 Mar 2026 12:10:09 INFO  valid result: 
hit@10 : 0.0895    ndcg@10 : 0.0505    mrr@10 : 0.0385
Sat 07 Mar 2026 12:10:52 INFO  epoch 49 training [time: 42.69s, train loss: 2304.0932]
Sat 07 Mar 2026 12:10:53 INFO  epoch 49 evaluating [time: 0.52s, valid_score: 0.037900]
Sat 07 Mar 2026 12:10:53 INFO  valid result: 
hit@10 : 0.0888    ndcg@10 : 0.0499    mrr@10 : 0.0379
Sat 07 Mar 2026 12:11:36 INFO  epoch 50 training [time: 42.91s, train loss: 2295.2580]
Sat 07 Mar 2026 12:11:36 INFO  epoch 50 evaluating [time: 0.50s, valid_score: 0.038400]
Sat 07 Mar 2026 12:11:36 INFO  valid result: 
hit@10 : 0.0883    ndcg@10 : 0.0502    mrr@10 : 0.0384
Sat 07 Mar 2026 12:12:18 INFO  epoch 51 training [time: 42.18s, train loss: 2286.5710]
Sat 07 Mar 2026 12:12:19 INFO  epoch 51 evaluating [time: 0.57s, valid_score: 0.038200]
Sat 07 Mar 2026 12:12:19 INFO  valid result: 
hit@10 : 0.0884    ndcg@10 : 0.05    mrr@10 : 0.0382
Sat 07 Mar 2026 12:13:01 INFO  epoch 52 training [time: 42.35s, train loss: 2278.6937]
Sat 07 Mar 2026 12:13:02 INFO  epoch 52 evaluating [time: 0.48s, valid_score: 0.038800]
Sat 07 Mar 2026 12:13:02 INFO  valid result: 
hit@10 : 0.0895    ndcg@10 : 0.0507    mrr@10 : 0.0388
Sat 07 Mar 2026 12:13:45 INFO  epoch 53 training [time: 43.70s, train loss: 2274.4515]
Sat 07 Mar 2026 12:13:46 INFO  epoch 53 evaluating [time: 0.50s, valid_score: 0.038400]
Sat 07 Mar 2026 12:13:46 INFO  valid result: 
hit@10 : 0.0899    ndcg@10 : 0.0505    mrr@10 : 0.0384
Sat 07 Mar 2026 12:14:29 INFO  epoch 54 training [time: 42.78s, train loss: 2268.4427]
Sat 07 Mar 2026 12:14:29 INFO  epoch 54 evaluating [time: 0.52s, valid_score: 0.038100]
Sat 07 Mar 2026 12:14:29 INFO  valid result: 
hit@10 : 0.0858    ndcg@10 : 0.0493    mrr@10 : 0.0381
Sat 07 Mar 2026 12:15:12 INFO  epoch 55 training [time: 43.35s, train loss: 2262.4710]
Sat 07 Mar 2026 12:15:13 INFO  epoch 55 evaluating [time: 0.50s, valid_score: 0.037300]
Sat 07 Mar 2026 12:15:13 INFO  valid result: 
hit@10 : 0.087    ndcg@10 : 0.049    mrr@10 : 0.0373
Sat 07 Mar 2026 12:15:55 INFO  epoch 56 training [time: 42.17s, train loss: 2252.5611]
Sat 07 Mar 2026 12:15:56 INFO  epoch 56 evaluating [time: 0.53s, valid_score: 0.038200]
Sat 07 Mar 2026 12:15:56 INFO  valid result: 
hit@10 : 0.0853    ndcg@10 : 0.0492    mrr@10 : 0.0382
Sat 07 Mar 2026 12:16:48 INFO  epoch 57 training [time: 51.94s, train loss: 2245.2014]
Sat 07 Mar 2026 12:16:48 INFO  epoch 57 evaluating [time: 0.52s, valid_score: 0.038300]
Sat 07 Mar 2026 12:16:48 INFO  valid result: 
hit@10 : 0.0863    ndcg@10 : 0.0495    mrr@10 : 0.0383
Sat 07 Mar 2026 12:17:37 INFO  epoch 58 training [time: 49.24s, train loss: 2244.4927]
Sat 07 Mar 2026 12:17:38 INFO  epoch 58 evaluating [time: 0.53s, valid_score: 0.038500]
Sat 07 Mar 2026 12:17:38 INFO  valid result: 
hit@10 : 0.086    ndcg@10 : 0.0496    mrr@10 : 0.0385
Sat 07 Mar 2026 12:17:38 INFO  Finished training, best eval result in epoch 47
Sat 07 Mar 2026 12:17:38 INFO  Loading model structure and parameters from saved\TimeWeaver-Mar-07-2026_11-34-33.pth
Sat 07 Mar 2026 12:17:39 INFO  The running environment of this training is as follows:
+-------------+----------------+
| Environment |     Usage      |
+=============+================+
| CPU         |     7.70 %     |
+-------------+----------------+
| GPU         | 0.32 G/6.00 G  |
+-------------+----------------+
| Memory      | 0.15 G/15.63 G |
+-------------+----------------+
Sat 07 Mar 2026 12:17:39 INFO  best valid : OrderedDict([('hit@10', 0.0898), ('ndcg@10', 0.0509), ('mrr@10', 0.039)])
Sat 07 Mar 2026 12:17:39 INFO  test result: OrderedDict([('hit@10', 0.0725), ('ndcg@10', 0.0424), ('mrr@10', 0.0333)])
Sat 07 Mar 2026 12:17:40 WARNING  command line args [--models timeweaver --datasets amazon-toys-5core-subset-full --timeweaver-variant gate_discrete --seeds 42,2023,2024 --device gpu --output results/timeweaver_toys_ablation_full.json] will not be used in RecBole
Sat 07 Mar 2026 12:17:40 INFO  ['F:\\桌面\\recommendation_system\\scripts\\run_grid.py', '--models', 'timeweaver', '--datasets', 'amazon-toys-5core-subset-full', '--timeweaver-variant', 'gate_discrete', '--seeds', '42,2023,2024', '--device', 'gpu', '--output', 'results/timeweaver_toys_ablation_full.json']
Sat 07 Mar 2026 12:17:40 INFO  
General Hyper Parameters:
gpu_id = 0
use_gpu = True
seed = 2023
state = INFO
reproducibility = True
data_path = data/amazon\amazon-toys-5core-subset
checkpoint_dir = saved
show_progress = True
save_dataset = False
dataset_save_path = None
save_dataloaders = False
dataloaders_save_path = None
log_wandb = False

Training Hyper Parameters:
epochs = 100
train_batch_size = 256
learner = adam
learning_rate = 0.001
train_neg_sample_args = {'distribution': 'none', 'sample_num': 'none', 'alpha': 'none', 'dynamic': False, 'candidate_num': 0}
eval_step = 1
stopping_step = 10
clip_grad_norm = None
weight_decay = 0.0
loss_decimal_place = 4

Evaluation Hyper Parameters:
eval_args = {'split': {'LS': 'valid_and_test'}, 'order': 'TO', 'group_by': 'user', 'mode': {'valid': 'full', 'test': 'full'}}
repeatable = True
metrics = ['Hit', 'NDCG', 'MRR']
topk = [10]
valid_metric = MRR@10
valid_metric_bigger = True
eval_batch_size = 512
metric_decimal_place = 4

Dataset Hyper Parameters:
field_separator = 	
seq_separator =  
USER_ID_FIELD = user_id
ITEM_ID_FIELD = item_id
RATING_FIELD = rating
TIME_FIELD = timestamp
seq_len = None
LABEL_FIELD = label
threshold = None
NEG_PREFIX = neg_
load_col = {'inter': ['user_id', 'item_id', 'rating', 'timestamp']}
unload_col = None
unused_col = None
additional_feat_suffix = None
rm_dup_inter = None
val_interval = None
filter_inter_by_user_or_item = True
user_inter_num_interval = [0,inf)
item_inter_num_interval = [0,inf)
alias_of_user_id = None
alias_of_item_id = None
alias_of_entity_id = None
alias_of_relation_id = None
preload_weight = None
normalize_field = None
normalize_all = None
ITEM_LIST_LENGTH_FIELD = item_length
LIST_SUFFIX = _list
MAX_ITEM_LIST_LENGTH = 32
POSITION_FIELD = position_id
HEAD_ENTITY_ID_FIELD = head_id
TAIL_ENTITY_ID_FIELD = tail_id
RELATION_ID_FIELD = relation_id
ENTITY_ID_FIELD = entity_id
benchmark_filename = None

Other Hyper Parameters: 
worker = 0
wandb_project = recbole
shuffle = True
require_pow = False
enable_amp = False
enable_scaler = False
transform = None
numerical_features = []
discretization = None
kg_reverse_r = False
entity_kg_num_interval = [0,inf)
relation_kg_num_interval = [0,inf)
MODEL_TYPE = ModelType.SEQUENTIAL
model_name = TimeWeaver
hidden_size = 64
num_layers = 2
hidden_dropout_prob = 0.5
initializer_range = 0.02
time_bucket_size = 1000
ema_decay = 0.5
tcn_kernel_size = -1
ffn_hidden_size = 256
loss_type = CE
early_stop = 10
neg_sampling = None
device = cuda
use_continuous_time = False
use_time_gate = True
use_time_augmentation = False
MODEL_INPUT_TYPE = InputType.POINTWISE
eval_type = EvaluatorType.RANKING
single_spec = True
local_rank = 0
valid_neg_sample_args = {'distribution': 'uniform', 'sample_num': 'none'}
test_neg_sample_args = {'distribution': 'uniform', 'sample_num': 'none'}


Sat 07 Mar 2026 12:17:41 INFO  amazon-toys-5core-subset
The number of users: 19413
Average actions of users: 8.633680197815783
The number of items: 11925
Average actions of items: 14.055434417980543
The number of inters: 167597
The sparsity of the dataset: 99.92760389550713%
Remain Fields: ['user_id', 'item_id', 'rating', 'timestamp']
Sat 07 Mar 2026 12:17:44 INFO  [Training]: train_batch_size = [256] train_neg_sample_args: [{'distribution': 'none', 'sample_num': 'none', 'alpha': 'none', 'dynamic': False, 'candidate_num': 0}]
Sat 07 Mar 2026 12:17:44 INFO  [Evaluation]: eval_batch_size = [512] eval_args: [{'split': {'LS': 'valid_and_test'}, 'order': 'TO', 'group_by': 'user', 'mode': {'valid': 'full', 'test': 'full'}}]
Sat 07 Mar 2026 12:17:44 INFO  TimeWeaver(
  (item_embedding): Embedding(11925, 64, padding_idx=0)
  (time_aug): TimeAwareAugmentation(
    (pos_embedding): Embedding(32, 64)
    (time_embedding): Embedding(1000, 64)
    (time_gate): TimeGate(
      (net): Sequential(
        (0): Linear(in_features=128, out_features=16, bias=True)
        (1): GELU(approximate='none')
        (2): Linear(in_features=16, out_features=64, bias=True)
        (3): Sigmoid()
      )
    )
    (layer_norm): LayerNorm((64,), eps=1e-05, elementwise_affine=True)
    (drop): Dropout(p=0.5, inplace=False)
  )
  (context_layers): ModuleList(
    (0-1): 2 x TCNNextBlock(
      (dw): DepthwiseConv1d(
        (conv): Conv1d(64, 64, kernel_size=(11,), stride=(1,), padding=(5,), groups=64)
        (bn): BatchNorm1d(64, eps=1e-05, momentum=0.1, affine=True, track_running_stats=True)
        (drop): Dropout(p=0.5, inplace=False)
      )
      (norm1): LayerNorm((64,), eps=1e-05, elementwise_affine=True)
      (conv_inter): ParallelConvInter(
        (conv1): Conv1d(64, 64, kernel_size=(1,), stride=(1,))
        (conv3): Conv1d(64, 64, kernel_size=(3,), stride=(1,), padding=(1,))
        (proj): Conv1d(64, 64, kernel_size=(1,), stride=(1,))
        (drop): Dropout(p=0.5, inplace=False)
      )
      (norm2): LayerNorm((64,), eps=1e-05, elementwise_affine=True)
      (ffn): Sequential(
        (0): Linear(in_features=64, out_features=256, bias=True)
        (1): GELU(approximate='none')
        (2): Dropout(p=0.5, inplace=False)
        (3): Linear(in_features=256, out_features=64, bias=True)
        (4): Dropout(p=0.5, inplace=False)
      )
      (norm3): LayerNorm((64,), eps=1e-05, elementwise_affine=True)
    )
  )
  (dynamic_layers): ModuleList(
    (0-1): 2 x EMAStream(
      (proj): Linear(in_features=64, out_features=64, bias=True)
    )
  )
  (weavers): ModuleList(
    (0-1): 2 x StreamWeaver(
      (proj): Linear(in_features=128, out_features=64, bias=True)
      (norm): LayerNorm((64,), eps=1e-05, elementwise_affine=True)
    )
  )
  (loss_fct): CrossEntropyLoss()
)
Trainable parameters: 967698.0
Sat 07 Mar 2026 12:17:44 INFO  FLOPs: 4397056.0
Sat 07 Mar 2026 12:18:32 INFO  epoch 0 training [time: 47.97s, train loss: 3838.4618]
Sat 07 Mar 2026 12:18:32 INFO  epoch 0 evaluating [time: 0.49s, valid_score: 0.004700]
Sat 07 Mar 2026 12:18:32 INFO  valid result: 
hit@10 : 0.0141    ndcg@10 : 0.0069    mrr@10 : 0.0047
Sat 07 Mar 2026 12:18:32 INFO  Saving current: saved\TimeWeaver-Mar-07-2026_12-17-44.pth
Sat 07 Mar 2026 12:19:21 INFO  epoch 1 training [time: 48.45s, train loss: 3624.7869]
Sat 07 Mar 2026 12:19:21 INFO  epoch 1 evaluating [time: 0.50s, valid_score: 0.011200]
Sat 07 Mar 2026 12:19:21 INFO  valid result: 
hit@10 : 0.0322    ndcg@10 : 0.0161    mrr@10 : 0.0112
Sat 07 Mar 2026 12:19:21 INFO  Saving current: saved\TimeWeaver-Mar-07-2026_12-17-44.pth
Sat 07 Mar 2026 12:20:08 INFO  epoch 2 training [time: 46.62s, train loss: 3445.8814]
Sat 07 Mar 2026 12:20:09 INFO  epoch 2 evaluating [time: 0.60s, valid_score: 0.017100]
Sat 07 Mar 2026 12:20:09 INFO  valid result: 
hit@10 : 0.0495    ndcg@10 : 0.0247    mrr@10 : 0.0171
Sat 07 Mar 2026 12:20:09 INFO  Saving current: saved\TimeWeaver-Mar-07-2026_12-17-44.pth
Sat 07 Mar 2026 12:20:55 INFO  epoch 3 training [time: 46.11s, train loss: 3283.0897]
Sat 07 Mar 2026 12:20:55 INFO  epoch 3 evaluating [time: 0.49s, valid_score: 0.024800]
Sat 07 Mar 2026 12:20:55 INFO  valid result: 
hit@10 : 0.0677    ndcg@10 : 0.0348    mrr@10 : 0.0248
Sat 07 Mar 2026 12:20:55 INFO  Saving current: saved\TimeWeaver-Mar-07-2026_12-17-44.pth
Sat 07 Mar 2026 12:21:43 INFO  epoch 4 training [time: 47.27s, train loss: 3150.7073]
Sat 07 Mar 2026 12:21:43 INFO  epoch 4 evaluating [time: 0.49s, valid_score: 0.028900]
Sat 07 Mar 2026 12:21:43 INFO  valid result: 
hit@10 : 0.0822    ndcg@10 : 0.0414    mrr@10 : 0.0289
Sat 07 Mar 2026 12:21:43 INFO  Saving current: saved\TimeWeaver-Mar-07-2026_12-17-44.pth
Sat 07 Mar 2026 12:22:29 INFO  epoch 5 training [time: 45.53s, train loss: 3050.4369]
Sat 07 Mar 2026 12:22:29 INFO  epoch 5 evaluating [time: 0.55s, valid_score: 0.030900]
Sat 07 Mar 2026 12:22:29 INFO  valid result: 
hit@10 : 0.0888    ndcg@10 : 0.0445    mrr@10 : 0.0309
Sat 07 Mar 2026 12:22:29 INFO  Saving current: saved\TimeWeaver-Mar-07-2026_12-17-44.pth
Sat 07 Mar 2026 12:23:14 INFO  epoch 6 training [time: 44.96s, train loss: 2968.0219]
Sat 07 Mar 2026 12:23:15 INFO  epoch 6 evaluating [time: 0.48s, valid_score: 0.032000]
Sat 07 Mar 2026 12:23:15 INFO  valid result: 
hit@10 : 0.0939    ndcg@10 : 0.0466    mrr@10 : 0.032
Sat 07 Mar 2026 12:23:15 INFO  Saving current: saved\TimeWeaver-Mar-07-2026_12-17-44.pth
Sat 07 Mar 2026 12:24:00 INFO  epoch 7 training [time: 45.66s, train loss: 2908.2679]
Sat 07 Mar 2026 12:24:01 INFO  epoch 7 evaluating [time: 0.49s, valid_score: 0.033600]
Sat 07 Mar 2026 12:24:01 INFO  valid result: 
hit@10 : 0.0968    ndcg@10 : 0.0485    mrr@10 : 0.0336
Sat 07 Mar 2026 12:24:01 INFO  Saving current: saved\TimeWeaver-Mar-07-2026_12-17-44.pth
Sat 07 Mar 2026 12:24:47 INFO  epoch 8 training [time: 46.09s, train loss: 2859.3059]
Sat 07 Mar 2026 12:24:47 INFO  epoch 8 evaluating [time: 0.48s, valid_score: 0.033100]
Sat 07 Mar 2026 12:24:47 INFO  valid result: 
hit@10 : 0.0985    ndcg@10 : 0.0486    mrr@10 : 0.0331
Sat 07 Mar 2026 12:25:33 INFO  epoch 9 training [time: 46.06s, train loss: 2817.3622]
Sat 07 Mar 2026 12:25:34 INFO  epoch 9 evaluating [time: 0.52s, valid_score: 0.033400]
Sat 07 Mar 2026 12:25:34 INFO  valid result: 
hit@10 : 0.0996    ndcg@10 : 0.049    mrr@10 : 0.0334
Sat 07 Mar 2026 12:26:20 INFO  epoch 10 training [time: 46.29s, train loss: 2784.2223]
Sat 07 Mar 2026 12:26:21 INFO  epoch 10 evaluating [time: 0.49s, valid_score: 0.034200]
Sat 07 Mar 2026 12:26:21 INFO  valid result: 
hit@10 : 0.1021    ndcg@10 : 0.0502    mrr@10 : 0.0342
Sat 07 Mar 2026 12:26:21 INFO  Saving current: saved\TimeWeaver-Mar-07-2026_12-17-44.pth
Sat 07 Mar 2026 12:27:06 INFO  epoch 11 training [time: 45.58s, train loss: 2753.1798]
Sat 07 Mar 2026 12:27:07 INFO  epoch 11 evaluating [time: 0.54s, valid_score: 0.034300]
Sat 07 Mar 2026 12:27:07 INFO  valid result: 
hit@10 : 0.0998    ndcg@10 : 0.0498    mrr@10 : 0.0343
Sat 07 Mar 2026 12:27:07 INFO  Saving current: saved\TimeWeaver-Mar-07-2026_12-17-44.pth
Sat 07 Mar 2026 12:27:52 INFO  epoch 12 training [time: 45.53s, train loss: 2729.7398]
Sat 07 Mar 2026 12:27:53 INFO  epoch 12 evaluating [time: 0.50s, valid_score: 0.034600]
Sat 07 Mar 2026 12:27:53 INFO  valid result: 
hit@10 : 0.1022    ndcg@10 : 0.0506    mrr@10 : 0.0346
Sat 07 Mar 2026 12:27:53 INFO  Saving current: saved\TimeWeaver-Mar-07-2026_12-17-44.pth
Sat 07 Mar 2026 12:28:37 INFO  epoch 13 training [time: 44.43s, train loss: 2705.7664]
Sat 07 Mar 2026 12:28:38 INFO  epoch 13 evaluating [time: 0.53s, valid_score: 0.034900]
Sat 07 Mar 2026 12:28:38 INFO  valid result: 
hit@10 : 0.1019    ndcg@10 : 0.0508    mrr@10 : 0.0349
Sat 07 Mar 2026 12:28:38 INFO  Saving current: saved\TimeWeaver-Mar-07-2026_12-17-44.pth
Sat 07 Mar 2026 12:29:24 INFO  epoch 14 training [time: 46.18s, train loss: 2681.6464]
Sat 07 Mar 2026 12:29:25 INFO  epoch 14 evaluating [time: 0.52s, valid_score: 0.036000]
Sat 07 Mar 2026 12:29:25 INFO  valid result: 
hit@10 : 0.1015    ndcg@10 : 0.0515    mrr@10 : 0.036
Sat 07 Mar 2026 12:29:25 INFO  Saving current: saved\TimeWeaver-Mar-07-2026_12-17-44.pth
Sat 07 Mar 2026 12:30:11 INFO  epoch 15 training [time: 46.72s, train loss: 2663.2156]
Sat 07 Mar 2026 12:30:12 INFO  epoch 15 evaluating [time: 0.47s, valid_score: 0.036100]
Sat 07 Mar 2026 12:30:12 INFO  valid result: 
hit@10 : 0.1025    ndcg@10 : 0.0518    mrr@10 : 0.0361
Sat 07 Mar 2026 12:30:12 INFO  Saving current: saved\TimeWeaver-Mar-07-2026_12-17-44.pth
Sat 07 Mar 2026 12:30:57 INFO  epoch 16 training [time: 45.24s, train loss: 2643.6761]
Sat 07 Mar 2026 12:30:58 INFO  epoch 16 evaluating [time: 0.49s, valid_score: 0.036300]
Sat 07 Mar 2026 12:30:58 INFO  valid result: 
hit@10 : 0.1018    ndcg@10 : 0.0518    mrr@10 : 0.0363
Sat 07 Mar 2026 12:30:58 INFO  Saving current: saved\TimeWeaver-Mar-07-2026_12-17-44.pth
Sat 07 Mar 2026 12:31:43 INFO  epoch 17 training [time: 45.59s, train loss: 2627.8210]
Sat 07 Mar 2026 12:31:44 INFO  epoch 17 evaluating [time: 0.52s, valid_score: 0.036800]
Sat 07 Mar 2026 12:31:44 INFO  valid result: 
hit@10 : 0.1024    ndcg@10 : 0.0523    mrr@10 : 0.0368
Sat 07 Mar 2026 12:31:44 INFO  Saving current: saved\TimeWeaver-Mar-07-2026_12-17-44.pth
Sat 07 Mar 2026 12:32:29 INFO  epoch 18 training [time: 45.55s, train loss: 2613.1558]
Sat 07 Mar 2026 12:32:30 INFO  epoch 18 evaluating [time: 0.48s, valid_score: 0.035700]
Sat 07 Mar 2026 12:32:30 INFO  valid result: 
hit@10 : 0.1012    ndcg@10 : 0.0512    mrr@10 : 0.0357
Sat 07 Mar 2026 12:33:15 INFO  epoch 19 training [time: 45.52s, train loss: 2594.2173]
Sat 07 Mar 2026 12:33:16 INFO  epoch 19 evaluating [time: 0.47s, valid_score: 0.035500]
Sat 07 Mar 2026 12:33:16 INFO  valid result: 
hit@10 : 0.099    ndcg@10 : 0.0505    mrr@10 : 0.0355
Sat 07 Mar 2026 12:34:03 INFO  epoch 20 training [time: 47.12s, train loss: 2581.6949]
Sat 07 Mar 2026 12:34:04 INFO  epoch 20 evaluating [time: 0.54s, valid_score: 0.036600]
Sat 07 Mar 2026 12:34:04 INFO  valid result: 
hit@10 : 0.1004    ndcg@10 : 0.0517    mrr@10 : 0.0366
Sat 07 Mar 2026 12:34:49 INFO  epoch 21 training [time: 45.80s, train loss: 2567.0829]
Sat 07 Mar 2026 12:34:50 INFO  epoch 21 evaluating [time: 0.47s, valid_score: 0.035900]
Sat 07 Mar 2026 12:34:50 INFO  valid result: 
hit@10 : 0.0967    ndcg@10 : 0.0503    mrr@10 : 0.0359
Sat 07 Mar 2026 12:35:35 INFO  epoch 22 training [time: 45.58s, train loss: 2551.6140]
Sat 07 Mar 2026 12:35:36 INFO  epoch 22 evaluating [time: 0.54s, valid_score: 0.036300]
Sat 07 Mar 2026 12:35:36 INFO  valid result: 
hit@10 : 0.0975    ndcg@10 : 0.0508    mrr@10 : 0.0363
Sat 07 Mar 2026 12:36:23 INFO  epoch 23 training [time: 47.13s, train loss: 2542.3487]
Sat 07 Mar 2026 12:36:24 INFO  epoch 23 evaluating [time: 0.52s, valid_score: 0.036800]
Sat 07 Mar 2026 12:36:24 INFO  valid result: 
hit@10 : 0.0979    ndcg@10 : 0.0513    mrr@10 : 0.0368
Sat 07 Mar 2026 12:36:24 INFO  Saving current: saved\TimeWeaver-Mar-07-2026_12-17-44.pth
Sat 07 Mar 2026 12:37:14 INFO  epoch 24 training [time: 50.16s, train loss: 2525.0785]
Sat 07 Mar 2026 12:37:14 INFO  epoch 24 evaluating [time: 0.56s, valid_score: 0.037500]
Sat 07 Mar 2026 12:37:14 INFO  valid result: 
hit@10 : 0.098    ndcg@10 : 0.0518    mrr@10 : 0.0375
Sat 07 Mar 2026 12:37:14 INFO  Saving current: saved\TimeWeaver-Mar-07-2026_12-17-44.pth
Sat 07 Mar 2026 12:38:10 INFO  epoch 25 training [time: 55.92s, train loss: 2515.0178]
Sat 07 Mar 2026 12:38:11 INFO  epoch 25 evaluating [time: 0.46s, valid_score: 0.037500]
Sat 07 Mar 2026 12:38:11 INFO  valid result: 
hit@10 : 0.0981    ndcg@10 : 0.0517    mrr@10 : 0.0375
Sat 07 Mar 2026 12:38:11 INFO  Saving current: saved\TimeWeaver-Mar-07-2026_12-17-44.pth
Sat 07 Mar 2026 12:38:58 INFO  epoch 26 training [time: 46.95s, train loss: 2500.0370]
Sat 07 Mar 2026 12:38:58 INFO  epoch 26 evaluating [time: 0.53s, valid_score: 0.037100]
Sat 07 Mar 2026 12:38:58 INFO  valid result: 
hit@10 : 0.097    ndcg@10 : 0.0512    mrr@10 : 0.0371
Sat 07 Mar 2026 12:39:46 INFO  epoch 27 training [time: 47.28s, train loss: 2491.6456]
Sat 07 Mar 2026 12:39:46 INFO  epoch 27 evaluating [time: 0.53s, valid_score: 0.038000]
Sat 07 Mar 2026 12:39:46 INFO  valid result: 
hit@10 : 0.0971    ndcg@10 : 0.0519    mrr@10 : 0.038
Sat 07 Mar 2026 12:39:46 INFO  Saving current: saved\TimeWeaver-Mar-07-2026_12-17-44.pth
Sat 07 Mar 2026 12:40:33 INFO  epoch 28 training [time: 46.68s, train loss: 2480.5903]
Sat 07 Mar 2026 12:40:33 INFO  epoch 28 evaluating [time: 0.51s, valid_score: 0.037200]
Sat 07 Mar 2026 12:40:33 INFO  valid result: 
hit@10 : 0.0967    ndcg@10 : 0.0511    mrr@10 : 0.0372
Sat 07 Mar 2026 12:41:19 INFO  epoch 29 training [time: 46.18s, train loss: 2466.9384]
Sat 07 Mar 2026 12:41:20 INFO  epoch 29 evaluating [time: 0.56s, valid_score: 0.037600]
Sat 07 Mar 2026 12:41:20 INFO  valid result: 
hit@10 : 0.0961    ndcg@10 : 0.0514    mrr@10 : 0.0376
Sat 07 Mar 2026 12:42:08 INFO  epoch 30 training [time: 47.95s, train loss: 2458.1686]
Sat 07 Mar 2026 12:42:08 INFO  epoch 30 evaluating [time: 0.48s, valid_score: 0.036900]
Sat 07 Mar 2026 12:42:08 INFO  valid result: 
hit@10 : 0.0957    ndcg@10 : 0.0508    mrr@10 : 0.0369
Sat 07 Mar 2026 12:42:55 INFO  epoch 31 training [time: 46.30s, train loss: 2445.4855]
Sat 07 Mar 2026 12:42:55 INFO  epoch 31 evaluating [time: 0.46s, valid_score: 0.037900]
Sat 07 Mar 2026 12:42:55 INFO  valid result: 
hit@10 : 0.0954    ndcg@10 : 0.0514    mrr@10 : 0.0379
Sat 07 Mar 2026 12:43:42 INFO  epoch 32 training [time: 46.52s, train loss: 2434.9773]
Sat 07 Mar 2026 12:43:42 INFO  epoch 32 evaluating [time: 0.50s, valid_score: 0.038000]
Sat 07 Mar 2026 12:43:42 INFO  valid result: 
hit@10 : 0.0937    ndcg@10 : 0.051    mrr@10 : 0.038
Sat 07 Mar 2026 12:43:42 INFO  Saving current: saved\TimeWeaver-Mar-07-2026_12-17-44.pth
Sat 07 Mar 2026 12:44:28 INFO  epoch 33 training [time: 46.07s, train loss: 2426.7515]
Sat 07 Mar 2026 12:44:29 INFO  epoch 33 evaluating [time: 0.54s, valid_score: 0.037900]
Sat 07 Mar 2026 12:44:29 INFO  valid result: 
hit@10 : 0.0946    ndcg@10 : 0.0512    mrr@10 : 0.0379
Sat 07 Mar 2026 12:45:16 INFO  epoch 34 training [time: 47.14s, train loss: 2416.4079]
Sat 07 Mar 2026 12:45:17 INFO  epoch 34 evaluating [time: 0.52s, valid_score: 0.038400]
Sat 07 Mar 2026 12:45:17 INFO  valid result: 
hit@10 : 0.0932    ndcg@10 : 0.0513    mrr@10 : 0.0384
Sat 07 Mar 2026 12:45:17 INFO  Saving current: saved\TimeWeaver-Mar-07-2026_12-17-44.pth
Sat 07 Mar 2026 12:46:04 INFO  epoch 35 training [time: 47.54s, train loss: 2406.5308]
Sat 07 Mar 2026 12:46:05 INFO  epoch 35 evaluating [time: 0.54s, valid_score: 0.038300]
Sat 07 Mar 2026 12:46:05 INFO  valid result: 
hit@10 : 0.093    ndcg@10 : 0.0512    mrr@10 : 0.0383
Sat 07 Mar 2026 12:46:51 INFO  epoch 36 training [time: 46.49s, train loss: 2397.8425]
Sat 07 Mar 2026 12:46:52 INFO  epoch 36 evaluating [time: 0.54s, valid_score: 0.037600]
Sat 07 Mar 2026 12:46:52 INFO  valid result: 
hit@10 : 0.0922    ndcg@10 : 0.0504    mrr@10 : 0.0376
Sat 07 Mar 2026 12:47:38 INFO  epoch 37 training [time: 46.33s, train loss: 2387.3463]
Sat 07 Mar 2026 12:47:39 INFO  epoch 37 evaluating [time: 0.52s, valid_score: 0.037900]
Sat 07 Mar 2026 12:47:39 INFO  valid result: 
hit@10 : 0.0906    ndcg@10 : 0.0503    mrr@10 : 0.0379
Sat 07 Mar 2026 12:48:26 INFO  epoch 38 training [time: 47.60s, train loss: 2378.2215]
Sat 07 Mar 2026 12:48:27 INFO  epoch 38 evaluating [time: 0.57s, valid_score: 0.037600]
Sat 07 Mar 2026 12:48:27 INFO  valid result: 
hit@10 : 0.0909    ndcg@10 : 0.0501    mrr@10 : 0.0376
Sat 07 Mar 2026 12:49:19 INFO  epoch 39 training [time: 52.73s, train loss: 2369.5666]
Sat 07 Mar 2026 12:49:20 INFO  epoch 39 evaluating [time: 0.48s, valid_score: 0.037400]
Sat 07 Mar 2026 12:49:20 INFO  valid result: 
hit@10 : 0.0897    ndcg@10 : 0.0497    mrr@10 : 0.0374
Sat 07 Mar 2026 12:50:13 INFO  epoch 40 training [time: 52.74s, train loss: 2363.9896]
Sat 07 Mar 2026 12:50:13 INFO  epoch 40 evaluating [time: 0.60s, valid_score: 0.037700]
Sat 07 Mar 2026 12:50:13 INFO  valid result: 
hit@10 : 0.0892    ndcg@10 : 0.0498    mrr@10 : 0.0377
Sat 07 Mar 2026 12:50:57 INFO  epoch 41 training [time: 43.61s, train loss: 2354.7068]
Sat 07 Mar 2026 12:50:57 INFO  epoch 41 evaluating [time: 0.54s, valid_score: 0.036900]
Sat 07 Mar 2026 12:50:57 INFO  valid result: 
hit@10 : 0.0895    ndcg@10 : 0.0492    mrr@10 : 0.0369
Sat 07 Mar 2026 12:51:40 INFO  epoch 42 training [time: 42.73s, train loss: 2348.6119]
Sat 07 Mar 2026 12:51:41 INFO  epoch 42 evaluating [time: 0.49s, valid_score: 0.038200]
Sat 07 Mar 2026 12:51:41 INFO  valid result: 
hit@10 : 0.0906    ndcg@10 : 0.0505    mrr@10 : 0.0382
Sat 07 Mar 2026 12:52:23 INFO  epoch 43 training [time: 42.38s, train loss: 2336.0189]
Sat 07 Mar 2026 12:52:24 INFO  epoch 43 evaluating [time: 0.53s, valid_score: 0.038100]
Sat 07 Mar 2026 12:52:24 INFO  valid result: 
hit@10 : 0.0899    ndcg@10 : 0.0502    mrr@10 : 0.0381
Sat 07 Mar 2026 12:53:06 INFO  epoch 44 training [time: 42.27s, train loss: 2329.3242]
Sat 07 Mar 2026 12:53:06 INFO  epoch 44 evaluating [time: 0.53s, valid_score: 0.037800]
Sat 07 Mar 2026 12:53:06 INFO  valid result: 
hit@10 : 0.0889    ndcg@10 : 0.0498    mrr@10 : 0.0378
Sat 07 Mar 2026 12:53:51 INFO  epoch 45 training [time: 44.12s, train loss: 2321.4602]
Sat 07 Mar 2026 12:53:51 INFO  epoch 45 evaluating [time: 0.51s, valid_score: 0.037800]
Sat 07 Mar 2026 12:53:51 INFO  valid result: 
hit@10 : 0.0874    ndcg@10 : 0.0494    mrr@10 : 0.0378
Sat 07 Mar 2026 12:53:51 INFO  Finished training, best eval result in epoch 34
Sat 07 Mar 2026 12:53:51 INFO  Loading model structure and parameters from saved\TimeWeaver-Mar-07-2026_12-17-44.pth
Sat 07 Mar 2026 12:53:52 INFO  The running environment of this training is as follows:
+-------------+----------------+
| Environment |     Usage      |
+=============+================+
| CPU         |    12.70 %     |
+-------------+----------------+
| GPU         | 0.32 G/6.00 G  |
+-------------+----------------+
| Memory      | 0.14 G/15.63 G |
+-------------+----------------+
Sat 07 Mar 2026 12:53:52 INFO  best valid : OrderedDict([('hit@10', 0.0932), ('ndcg@10', 0.0513), ('mrr@10', 0.0384)])
Sat 07 Mar 2026 12:53:52 INFO  test result: OrderedDict([('hit@10', 0.0736), ('ndcg@10', 0.042), ('mrr@10', 0.0323)])
Sat 07 Mar 2026 12:53:53 WARNING  command line args [--models timeweaver --datasets amazon-toys-5core-subset-full --timeweaver-variant gate_discrete --seeds 42,2023,2024 --device gpu --output results/timeweaver_toys_ablation_full.json] will not be used in RecBole
Sat 07 Mar 2026 12:53:53 INFO  ['F:\\桌面\\recommendation_system\\scripts\\run_grid.py', '--models', 'timeweaver', '--datasets', 'amazon-toys-5core-subset-full', '--timeweaver-variant', 'gate_discrete', '--seeds', '42,2023,2024', '--device', 'gpu', '--output', 'results/timeweaver_toys_ablation_full.json']
Sat 07 Mar 2026 12:53:53 INFO  
General Hyper Parameters:
gpu_id = 0
use_gpu = True
seed = 2024
state = INFO
reproducibility = True
data_path = data/amazon\amazon-toys-5core-subset
checkpoint_dir = saved
show_progress = True
save_dataset = False
dataset_save_path = None
save_dataloaders = False
dataloaders_save_path = None
log_wandb = False

Training Hyper Parameters:
epochs = 100
train_batch_size = 256
learner = adam
learning_rate = 0.001
train_neg_sample_args = {'distribution': 'none', 'sample_num': 'none', 'alpha': 'none', 'dynamic': False, 'candidate_num': 0}
eval_step = 1
stopping_step = 10
clip_grad_norm = None
weight_decay = 0.0
loss_decimal_place = 4

Evaluation Hyper Parameters:
eval_args = {'split': {'LS': 'valid_and_test'}, 'order': 'TO', 'group_by': 'user', 'mode': {'valid': 'full', 'test': 'full'}}
repeatable = True
metrics = ['Hit', 'NDCG', 'MRR']
topk = [10]
valid_metric = MRR@10
valid_metric_bigger = True
eval_batch_size = 512
metric_decimal_place = 4

Dataset Hyper Parameters:
field_separator = 	
seq_separator =  
USER_ID_FIELD = user_id
ITEM_ID_FIELD = item_id
RATING_FIELD = rating
TIME_FIELD = timestamp
seq_len = None
LABEL_FIELD = label
threshold = None
NEG_PREFIX = neg_
load_col = {'inter': ['user_id', 'item_id', 'rating', 'timestamp']}
unload_col = None
unused_col = None
additional_feat_suffix = None
rm_dup_inter = None
val_interval = None
filter_inter_by_user_or_item = True
user_inter_num_interval = [0,inf)
item_inter_num_interval = [0,inf)
alias_of_user_id = None
alias_of_item_id = None
alias_of_entity_id = None
alias_of_relation_id = None
preload_weight = None
normalize_field = None
normalize_all = None
ITEM_LIST_LENGTH_FIELD = item_length
LIST_SUFFIX = _list
MAX_ITEM_LIST_LENGTH = 32
POSITION_FIELD = position_id
HEAD_ENTITY_ID_FIELD = head_id
TAIL_ENTITY_ID_FIELD = tail_id
RELATION_ID_FIELD = relation_id
ENTITY_ID_FIELD = entity_id
benchmark_filename = None

Other Hyper Parameters: 
worker = 0
wandb_project = recbole
shuffle = True
require_pow = False
enable_amp = False
enable_scaler = False
transform = None
numerical_features = []
discretization = None
kg_reverse_r = False
entity_kg_num_interval = [0,inf)
relation_kg_num_interval = [0,inf)
MODEL_TYPE = ModelType.SEQUENTIAL
model_name = TimeWeaver
hidden_size = 64
num_layers = 2
hidden_dropout_prob = 0.5
initializer_range = 0.02
time_bucket_size = 1000
ema_decay = 0.5
tcn_kernel_size = -1
ffn_hidden_size = 256
loss_type = CE
early_stop = 10
neg_sampling = None
device = cuda
use_continuous_time = False
use_time_gate = True
use_time_augmentation = False
MODEL_INPUT_TYPE = InputType.POINTWISE
eval_type = EvaluatorType.RANKING
single_spec = True
local_rank = 0
valid_neg_sample_args = {'distribution': 'uniform', 'sample_num': 'none'}
test_neg_sample_args = {'distribution': 'uniform', 'sample_num': 'none'}


Sat 07 Mar 2026 12:53:54 INFO  amazon-toys-5core-subset
The number of users: 19413
Average actions of users: 8.633680197815783
The number of items: 11925
Average actions of items: 14.055434417980543
The number of inters: 167597
The sparsity of the dataset: 99.92760389550713%
Remain Fields: ['user_id', 'item_id', 'rating', 'timestamp']
Sat 07 Mar 2026 12:53:56 INFO  [Training]: train_batch_size = [256] train_neg_sample_args: [{'distribution': 'none', 'sample_num': 'none', 'alpha': 'none', 'dynamic': False, 'candidate_num': 0}]
Sat 07 Mar 2026 12:53:56 INFO  [Evaluation]: eval_batch_size = [512] eval_args: [{'split': {'LS': 'valid_and_test'}, 'order': 'TO', 'group_by': 'user', 'mode': {'valid': 'full', 'test': 'full'}}]
Sat 07 Mar 2026 12:53:56 INFO  TimeWeaver(
  (item_embedding): Embedding(11925, 64, padding_idx=0)
  (time_aug): TimeAwareAugmentation(
    (pos_embedding): Embedding(32, 64)
    (time_embedding): Embedding(1000, 64)
    (time_gate): TimeGate(
      (net): Sequential(
        (0): Linear(in_features=128, out_features=16, bias=True)
        (1): GELU(approximate='none')
        (2): Linear(in_features=16, out_features=64, bias=True)
        (3): Sigmoid()
      )
    )
    (layer_norm): LayerNorm((64,), eps=1e-05, elementwise_affine=True)
    (drop): Dropout(p=0.5, inplace=False)
  )
  (context_layers): ModuleList(
    (0-1): 2 x TCNNextBlock(
      (dw): DepthwiseConv1d(
        (conv): Conv1d(64, 64, kernel_size=(11,), stride=(1,), padding=(5,), groups=64)
        (bn): BatchNorm1d(64, eps=1e-05, momentum=0.1, affine=True, track_running_stats=True)
        (drop): Dropout(p=0.5, inplace=False)
      )
      (norm1): LayerNorm((64,), eps=1e-05, elementwise_affine=True)
      (conv_inter): ParallelConvInter(
        (conv1): Conv1d(64, 64, kernel_size=(1,), stride=(1,))
        (conv3): Conv1d(64, 64, kernel_size=(3,), stride=(1,), padding=(1,))
        (proj): Conv1d(64, 64, kernel_size=(1,), stride=(1,))
        (drop): Dropout(p=0.5, inplace=False)
      )
      (norm2): LayerNorm((64,), eps=1e-05, elementwise_affine=True)
      (ffn): Sequential(
        (0): Linear(in_features=64, out_features=256, bias=True)
        (1): GELU(approximate='none')
        (2): Dropout(p=0.5, inplace=False)
        (3): Linear(in_features=256, out_features=64, bias=True)
        (4): Dropout(p=0.5, inplace=False)
      )
      (norm3): LayerNorm((64,), eps=1e-05, elementwise_affine=True)
    )
  )
  (dynamic_layers): ModuleList(
    (0-1): 2 x EMAStream(
      (proj): Linear(in_features=64, out_features=64, bias=True)
    )
  )
  (weavers): ModuleList(
    (0-1): 2 x StreamWeaver(
      (proj): Linear(in_features=128, out_features=64, bias=True)
      (norm): LayerNorm((64,), eps=1e-05, elementwise_affine=True)
    )
  )
  (loss_fct): CrossEntropyLoss()
)
Trainable parameters: 967698.0
Sat 07 Mar 2026 12:53:56 INFO  FLOPs: 4397056.0
Sat 07 Mar 2026 12:54:40 INFO  epoch 0 training [time: 43.58s, train loss: 3831.7033]
Sat 07 Mar 2026 12:54:40 INFO  epoch 0 evaluating [time: 0.54s, valid_score: 0.005100]
Sat 07 Mar 2026 12:54:40 INFO  valid result: 
hit@10 : 0.0163    ndcg@10 : 0.0077    mrr@10 : 0.0051
Sat 07 Mar 2026 12:54:40 INFO  Saving current: saved\TimeWeaver-Mar-07-2026_12-53-56.pth
Sat 07 Mar 2026 12:55:23 INFO  epoch 1 training [time: 42.47s, train loss: 3611.6550]
Sat 07 Mar 2026 12:55:23 INFO  epoch 1 evaluating [time: 0.51s, valid_score: 0.011800]
Sat 07 Mar 2026 12:55:23 INFO  valid result: 
hit@10 : 0.0325    ndcg@10 : 0.0166    mrr@10 : 0.0118
Sat 07 Mar 2026 12:55:23 INFO  Saving current: saved\TimeWeaver-Mar-07-2026_12-53-56.pth
Sat 07 Mar 2026 12:56:05 INFO  epoch 2 training [time: 42.08s, train loss: 3438.9388]
Sat 07 Mar 2026 12:56:06 INFO  epoch 2 evaluating [time: 0.50s, valid_score: 0.018300]
Sat 07 Mar 2026 12:56:06 INFO  valid result: 
hit@10 : 0.0497    ndcg@10 : 0.0257    mrr@10 : 0.0183
Sat 07 Mar 2026 12:56:06 INFO  Saving current: saved\TimeWeaver-Mar-07-2026_12-53-56.pth
Sat 07 Mar 2026 12:56:49 INFO  epoch 3 training [time: 42.90s, train loss: 3283.4233]
Sat 07 Mar 2026 12:56:49 INFO  epoch 3 evaluating [time: 0.48s, valid_score: 0.024800]
Sat 07 Mar 2026 12:56:49 INFO  valid result: 
hit@10 : 0.0686    ndcg@10 : 0.035    mrr@10 : 0.0248
Sat 07 Mar 2026 12:56:49 INFO  Saving current: saved\TimeWeaver-Mar-07-2026_12-53-56.pth
Sat 07 Mar 2026 12:57:33 INFO  epoch 4 training [time: 43.65s, train loss: 3152.9054]
Sat 07 Mar 2026 12:57:34 INFO  epoch 4 evaluating [time: 0.52s, valid_score: 0.028700]
Sat 07 Mar 2026 12:57:34 INFO  valid result: 
hit@10 : 0.0841    ndcg@10 : 0.0416    mrr@10 : 0.0287
Sat 07 Mar 2026 12:57:34 INFO  Saving current: saved\TimeWeaver-Mar-07-2026_12-53-56.pth
Sat 07 Mar 2026 12:58:18 INFO  epoch 5 training [time: 44.38s, train loss: 3050.4537]
Sat 07 Mar 2026 12:58:19 INFO  epoch 5 evaluating [time: 0.52s, valid_score: 0.031200]
Sat 07 Mar 2026 12:58:19 INFO  valid result: 
hit@10 : 0.0915    ndcg@10 : 0.0454    mrr@10 : 0.0312
Sat 07 Mar 2026 12:58:19 INFO  Saving current: saved\TimeWeaver-Mar-07-2026_12-53-56.pth
Sat 07 Mar 2026 12:59:02 INFO  epoch 6 training [time: 43.18s, train loss: 2972.6158]
Sat 07 Mar 2026 12:59:02 INFO  epoch 6 evaluating [time: 0.56s, valid_score: 0.032500]
Sat 07 Mar 2026 12:59:02 INFO  valid result: 
hit@10 : 0.0964    ndcg@10 : 0.0476    mrr@10 : 0.0325
Sat 07 Mar 2026 12:59:02 INFO  Saving current: saved\TimeWeaver-Mar-07-2026_12-53-56.pth
Sat 07 Mar 2026 12:59:46 INFO  epoch 7 training [time: 43.22s, train loss: 2912.6078]
Sat 07 Mar 2026 12:59:46 INFO  epoch 7 evaluating [time: 0.52s, valid_score: 0.033300]
Sat 07 Mar 2026 12:59:46 INFO  valid result: 
hit@10 : 0.0993    ndcg@10 : 0.0489    mrr@10 : 0.0333
Sat 07 Mar 2026 12:59:46 INFO  Saving current: saved\TimeWeaver-Mar-07-2026_12-53-56.pth
Sat 07 Mar 2026 13:00:30 INFO  epoch 8 training [time: 43.73s, train loss: 2863.4025]
Sat 07 Mar 2026 13:00:30 INFO  epoch 8 evaluating [time: 0.48s, valid_score: 0.033900]
Sat 07 Mar 2026 13:00:30 INFO  valid result: 
hit@10 : 0.1027    ndcg@10 : 0.0501    mrr@10 : 0.0339
Sat 07 Mar 2026 13:00:30 INFO  Saving current: saved\TimeWeaver-Mar-07-2026_12-53-56.pth
Sat 07 Mar 2026 13:01:14 INFO  epoch 9 training [time: 43.49s, train loss: 2820.2520]
Sat 07 Mar 2026 13:01:14 INFO  epoch 9 evaluating [time: 0.47s, valid_score: 0.034300]
Sat 07 Mar 2026 13:01:14 INFO  valid result: 
hit@10 : 0.1018    ndcg@10 : 0.0502    mrr@10 : 0.0343
Sat 07 Mar 2026 13:01:14 INFO  Saving current: saved\TimeWeaver-Mar-07-2026_12-53-56.pth
Sat 07 Mar 2026 13:02:00 INFO  epoch 10 training [time: 45.19s, train loss: 2789.5534]
Sat 07 Mar 2026 13:02:00 INFO  epoch 10 evaluating [time: 0.53s, valid_score: 0.034700]
Sat 07 Mar 2026 13:02:00 INFO  valid result: 
hit@10 : 0.1028    ndcg@10 : 0.0508    mrr@10 : 0.0347
Sat 07 Mar 2026 13:02:00 INFO  Saving current: saved\TimeWeaver-Mar-07-2026_12-53-56.pth
Sat 07 Mar 2026 13:02:44 INFO  epoch 11 training [time: 43.63s, train loss: 2760.4626]
Sat 07 Mar 2026 13:02:44 INFO  epoch 11 evaluating [time: 0.51s, valid_score: 0.035400]
Sat 07 Mar 2026 13:02:44 INFO  valid result: 
hit@10 : 0.1038    ndcg@10 : 0.0515    mrr@10 : 0.0354
Sat 07 Mar 2026 13:02:44 INFO  Saving current: saved\TimeWeaver-Mar-07-2026_12-53-56.pth
Sat 07 Mar 2026 13:03:28 INFO  epoch 12 training [time: 43.71s, train loss: 2734.5062]
Sat 07 Mar 2026 13:03:28 INFO  epoch 12 evaluating [time: 0.49s, valid_score: 0.034700]
Sat 07 Mar 2026 13:03:28 INFO  valid result: 
hit@10 : 0.1038    ndcg@10 : 0.0511    mrr@10 : 0.0347
Sat 07 Mar 2026 13:04:12 INFO  epoch 13 training [time: 43.24s, train loss: 2711.0741]
Sat 07 Mar 2026 13:04:12 INFO  epoch 13 evaluating [time: 0.51s, valid_score: 0.034800]
Sat 07 Mar 2026 13:04:12 INFO  valid result: 
hit@10 : 0.1031    ndcg@10 : 0.0509    mrr@10 : 0.0348
Sat 07 Mar 2026 13:04:56 INFO  epoch 14 training [time: 43.52s, train loss: 2692.4599]
Sat 07 Mar 2026 13:04:56 INFO  epoch 14 evaluating [time: 0.51s, valid_score: 0.035900]
Sat 07 Mar 2026 13:04:56 INFO  valid result: 
hit@10 : 0.105    ndcg@10 : 0.0522    mrr@10 : 0.0359
Sat 07 Mar 2026 13:04:56 INFO  Saving current: saved\TimeWeaver-Mar-07-2026_12-53-56.pth
Sat 07 Mar 2026 13:05:41 INFO  epoch 15 training [time: 44.50s, train loss: 2672.5452]
Sat 07 Mar 2026 13:05:41 INFO  epoch 15 evaluating [time: 0.47s, valid_score: 0.036000]
Sat 07 Mar 2026 13:05:41 INFO  valid result: 
hit@10 : 0.1036    ndcg@10 : 0.052    mrr@10 : 0.036
Sat 07 Mar 2026 13:05:41 INFO  Saving current: saved\TimeWeaver-Mar-07-2026_12-53-56.pth
Sat 07 Mar 2026 13:06:25 INFO  epoch 16 training [time: 44.02s, train loss: 2655.8409]
Sat 07 Mar 2026 13:06:26 INFO  epoch 16 evaluating [time: 0.50s, valid_score: 0.037400]
Sat 07 Mar 2026 13:06:26 INFO  valid result: 
hit@10 : 0.1062    ndcg@10 : 0.0536    mrr@10 : 0.0374
Sat 07 Mar 2026 13:06:26 INFO  Saving current: saved\TimeWeaver-Mar-07-2026_12-53-56.pth
Sat 07 Mar 2026 13:07:09 INFO  epoch 17 training [time: 43.15s, train loss: 2635.5333]
Sat 07 Mar 2026 13:07:10 INFO  epoch 17 evaluating [time: 0.54s, valid_score: 0.036400]
Sat 07 Mar 2026 13:07:10 INFO  valid result: 
hit@10 : 0.1055    ndcg@10 : 0.0527    mrr@10 : 0.0364
Sat 07 Mar 2026 13:07:53 INFO  epoch 18 training [time: 43.27s, train loss: 2621.1119]
Sat 07 Mar 2026 13:07:53 INFO  epoch 18 evaluating [time: 0.52s, valid_score: 0.037000]
Sat 07 Mar 2026 13:07:53 INFO  valid result: 
hit@10 : 0.1046    ndcg@10 : 0.0529    mrr@10 : 0.037
Sat 07 Mar 2026 13:08:37 INFO  epoch 19 training [time: 43.65s, train loss: 2606.3026]
Sat 07 Mar 2026 13:08:37 INFO  epoch 19 evaluating [time: 0.53s, valid_score: 0.037100]
Sat 07 Mar 2026 13:08:37 INFO  valid result: 
hit@10 : 0.1041    ndcg@10 : 0.0529    mrr@10 : 0.0371
Sat 07 Mar 2026 13:09:21 INFO  epoch 20 training [time: 43.92s, train loss: 2591.6493]
Sat 07 Mar 2026 13:09:22 INFO  epoch 20 evaluating [time: 0.52s, valid_score: 0.037500]
Sat 07 Mar 2026 13:09:22 INFO  valid result: 
hit@10 : 0.1039    ndcg@10 : 0.0532    mrr@10 : 0.0375
Sat 07 Mar 2026 13:09:22 INFO  Saving current: saved\TimeWeaver-Mar-07-2026_12-53-56.pth
Sat 07 Mar 2026 13:10:07 INFO  epoch 21 training [time: 45.12s, train loss: 2577.8187]
Sat 07 Mar 2026 13:10:08 INFO  epoch 21 evaluating [time: 0.47s, valid_score: 0.038100]
Sat 07 Mar 2026 13:10:08 INFO  valid result: 
hit@10 : 0.1022    ndcg@10 : 0.0532    mrr@10 : 0.0381
Sat 07 Mar 2026 13:10:08 INFO  Saving current: saved\TimeWeaver-Mar-07-2026_12-53-56.pth
Sat 07 Mar 2026 13:10:51 INFO  epoch 22 training [time: 43.17s, train loss: 2566.0775]
Sat 07 Mar 2026 13:10:51 INFO  epoch 22 evaluating [time: 0.51s, valid_score: 0.037400]
Sat 07 Mar 2026 13:10:51 INFO  valid result: 
hit@10 : 0.1028    ndcg@10 : 0.0528    mrr@10 : 0.0374
Sat 07 Mar 2026 13:11:35 INFO  epoch 23 training [time: 43.70s, train loss: 2554.2440]
Sat 07 Mar 2026 13:11:35 INFO  epoch 23 evaluating [time: 0.51s, valid_score: 0.038200]
Sat 07 Mar 2026 13:11:35 INFO  valid result: 
hit@10 : 0.1042    ndcg@10 : 0.0537    mrr@10 : 0.0382
Sat 07 Mar 2026 13:11:36 INFO  Saving current: saved\TimeWeaver-Mar-07-2026_12-53-56.pth
Sat 07 Mar 2026 13:12:19 INFO  epoch 24 training [time: 43.84s, train loss: 2537.9977]
Sat 07 Mar 2026 13:12:20 INFO  epoch 24 evaluating [time: 0.51s, valid_score: 0.038500]
Sat 07 Mar 2026 13:12:20 INFO  valid result: 
hit@10 : 0.101    ndcg@10 : 0.0533    mrr@10 : 0.0385
Sat 07 Mar 2026 13:12:20 INFO  Saving current: saved\TimeWeaver-Mar-07-2026_12-53-56.pth
Sat 07 Mar 2026 13:13:04 INFO  epoch 25 training [time: 43.78s, train loss: 2525.4877]
Sat 07 Mar 2026 13:13:04 INFO  epoch 25 evaluating [time: 0.54s, valid_score: 0.038100]
Sat 07 Mar 2026 13:13:04 INFO  valid result: 
hit@10 : 0.101    ndcg@10 : 0.0529    mrr@10 : 0.0381
Sat 07 Mar 2026 13:13:50 INFO  epoch 26 training [time: 45.29s, train loss: 2513.8077]
Sat 07 Mar 2026 13:13:50 INFO  epoch 26 evaluating [time: 0.53s, valid_score: 0.037900]
Sat 07 Mar 2026 13:13:50 INFO  valid result: 
hit@10 : 0.1011    ndcg@10 : 0.0528    mrr@10 : 0.0379
Sat 07 Mar 2026 13:14:34 INFO  epoch 27 training [time: 44.10s, train loss: 2505.0933]
Sat 07 Mar 2026 13:14:35 INFO  epoch 27 evaluating [time: 0.49s, valid_score: 0.037200]
Sat 07 Mar 2026 13:14:35 INFO  valid result: 
hit@10 : 0.1003    ndcg@10 : 0.0521    mrr@10 : 0.0372
Sat 07 Mar 2026 13:15:19 INFO  epoch 28 training [time: 43.86s, train loss: 2491.6400]
Sat 07 Mar 2026 13:15:19 INFO  epoch 28 evaluating [time: 0.50s, valid_score: 0.038000]
Sat 07 Mar 2026 13:15:19 INFO  valid result: 
hit@10 : 0.0997    ndcg@10 : 0.0526    mrr@10 : 0.038
Sat 07 Mar 2026 13:16:02 INFO  epoch 29 training [time: 43.31s, train loss: 2481.9543]
Sat 07 Mar 2026 13:16:03 INFO  epoch 29 evaluating [time: 0.49s, valid_score: 0.038100]
Sat 07 Mar 2026 13:16:03 INFO  valid result: 
hit@10 : 0.1007    ndcg@10 : 0.0528    mrr@10 : 0.0381
Sat 07 Mar 2026 13:16:47 INFO  epoch 30 training [time: 43.69s, train loss: 2468.7456]
Sat 07 Mar 2026 13:16:47 INFO  epoch 30 evaluating [time: 0.49s, valid_score: 0.038700]
Sat 07 Mar 2026 13:16:47 INFO  valid result: 
hit@10 : 0.0987    ndcg@10 : 0.0529    mrr@10 : 0.0387
Sat 07 Mar 2026 13:16:47 INFO  Saving current: saved\TimeWeaver-Mar-07-2026_12-53-56.pth
Sat 07 Mar 2026 13:17:31 INFO  epoch 31 training [time: 43.98s, train loss: 2458.4640]
Sat 07 Mar 2026 13:17:32 INFO  epoch 31 evaluating [time: 0.54s, valid_score: 0.037600]
Sat 07 Mar 2026 13:17:32 INFO  valid result: 
hit@10 : 0.0972    ndcg@10 : 0.0516    mrr@10 : 0.0376
Sat 07 Mar 2026 13:18:17 INFO  epoch 32 training [time: 45.24s, train loss: 2445.0125]
Sat 07 Mar 2026 13:18:17 INFO  epoch 32 evaluating [time: 0.52s, valid_score: 0.038100]
Sat 07 Mar 2026 13:18:17 INFO  valid result: 
hit@10 : 0.0981    ndcg@10 : 0.0522    mrr@10 : 0.0381
Sat 07 Mar 2026 13:19:01 INFO  epoch 33 training [time: 43.52s, train loss: 2440.5937]
Sat 07 Mar 2026 13:19:01 INFO  epoch 33 evaluating [time: 0.52s, valid_score: 0.038100]
Sat 07 Mar 2026 13:19:01 INFO  valid result: 
hit@10 : 0.0978    ndcg@10 : 0.0522    mrr@10 : 0.0381
Sat 07 Mar 2026 13:19:45 INFO  epoch 34 training [time: 43.48s, train loss: 2428.8760]
Sat 07 Mar 2026 13:19:45 INFO  epoch 34 evaluating [time: 0.49s, valid_score: 0.037600]
Sat 07 Mar 2026 13:19:45 INFO  valid result: 
hit@10 : 0.0956    ndcg@10 : 0.0512    mrr@10 : 0.0376
Sat 07 Mar 2026 13:20:29 INFO  epoch 35 training [time: 43.70s, train loss: 2419.8699]
Sat 07 Mar 2026 13:20:30 INFO  epoch 35 evaluating [time: 0.48s, valid_score: 0.038500]
Sat 07 Mar 2026 13:20:30 INFO  valid result: 
hit@10 : 0.0962    ndcg@10 : 0.0521    mrr@10 : 0.0385
Sat 07 Mar 2026 13:21:13 INFO  epoch 36 training [time: 43.25s, train loss: 2408.3418]
Sat 07 Mar 2026 13:21:13 INFO  epoch 36 evaluating [time: 0.49s, valid_score: 0.038800]
Sat 07 Mar 2026 13:21:13 INFO  valid result: 
hit@10 : 0.097    ndcg@10 : 0.0524    mrr@10 : 0.0388
Sat 07 Mar 2026 13:21:13 INFO  Saving current: saved\TimeWeaver-Mar-07-2026_12-53-56.pth
Sat 07 Mar 2026 13:21:59 INFO  epoch 37 training [time: 45.48s, train loss: 2402.6451]
Sat 07 Mar 2026 13:21:59 INFO  epoch 37 evaluating [time: 0.49s, valid_score: 0.037700]
Sat 07 Mar 2026 13:21:59 INFO  valid result: 
hit@10 : 0.0961    ndcg@10 : 0.0514    mrr@10 : 0.0377
Sat 07 Mar 2026 13:22:43 INFO  epoch 38 training [time: 43.42s, train loss: 2392.6154]
Sat 07 Mar 2026 13:22:43 INFO  epoch 38 evaluating [time: 0.51s, valid_score: 0.038600]
Sat 07 Mar 2026 13:22:43 INFO  valid result: 
hit@10 : 0.0942    ndcg@10 : 0.0517    mrr@10 : 0.0386
Sat 07 Mar 2026 13:23:27 INFO  epoch 39 training [time: 43.51s, train loss: 2384.7656]
Sat 07 Mar 2026 13:23:27 INFO  epoch 39 evaluating [time: 0.52s, valid_score: 0.038400]
Sat 07 Mar 2026 13:23:27 INFO  valid result: 
hit@10 : 0.0943    ndcg@10 : 0.0515    mrr@10 : 0.0384
Sat 07 Mar 2026 13:24:11 INFO  epoch 40 training [time: 43.47s, train loss: 2376.8127]
Sat 07 Mar 2026 13:24:11 INFO  epoch 40 evaluating [time: 0.51s, valid_score: 0.038300]
Sat 07 Mar 2026 13:24:11 INFO  valid result: 
hit@10 : 0.0937    ndcg@10 : 0.0513    mrr@10 : 0.0383
Sat 07 Mar 2026 13:24:55 INFO  epoch 41 training [time: 43.93s, train loss: 2366.8112]
Sat 07 Mar 2026 13:24:56 INFO  epoch 41 evaluating [time: 0.47s, valid_score: 0.039100]
Sat 07 Mar 2026 13:24:56 INFO  valid result: 
hit@10 : 0.0947    ndcg@10 : 0.0521    mrr@10 : 0.0391
Sat 07 Mar 2026 13:24:56 INFO  Saving current: saved\TimeWeaver-Mar-07-2026_12-53-56.pth
Sat 07 Mar 2026 13:25:40 INFO  epoch 42 training [time: 44.54s, train loss: 2357.4761]
Sat 07 Mar 2026 13:25:41 INFO  epoch 42 evaluating [time: 0.55s, valid_score: 0.038200]
Sat 07 Mar 2026 13:25:41 INFO  valid result: 
hit@10 : 0.0931    ndcg@10 : 0.0511    mrr@10 : 0.0382
Sat 07 Mar 2026 13:26:25 INFO  epoch 43 training [time: 44.55s, train loss: 2349.7962]
Sat 07 Mar 2026 13:26:26 INFO  epoch 43 evaluating [time: 0.50s, valid_score: 0.039400]
Sat 07 Mar 2026 13:26:26 INFO  valid result: 
hit@10 : 0.0939    ndcg@10 : 0.0522    mrr@10 : 0.0394
Sat 07 Mar 2026 13:26:26 INFO  Saving current: saved\TimeWeaver-Mar-07-2026_12-53-56.pth
Sat 07 Mar 2026 13:27:09 INFO  epoch 44 training [time: 43.64s, train loss: 2344.0569]
Sat 07 Mar 2026 13:27:10 INFO  epoch 44 evaluating [time: 0.51s, valid_score: 0.038500]
Sat 07 Mar 2026 13:27:10 INFO  valid result: 
hit@10 : 0.0915    ndcg@10 : 0.0509    mrr@10 : 0.0385
Sat 07 Mar 2026 13:27:53 INFO  epoch 45 training [time: 43.43s, train loss: 2331.9139]
Sat 07 Mar 2026 13:27:54 INFO  epoch 45 evaluating [time: 0.51s, valid_score: 0.037800]
Sat 07 Mar 2026 13:27:54 INFO  valid result: 
hit@10 : 0.0904    ndcg@10 : 0.0501    mrr@10 : 0.0378
Sat 07 Mar 2026 13:28:38 INFO  epoch 46 training [time: 43.65s, train loss: 2323.9031]
Sat 07 Mar 2026 13:28:38 INFO  epoch 46 evaluating [time: 0.52s, valid_score: 0.038200]
Sat 07 Mar 2026 13:28:38 INFO  valid result: 
hit@10 : 0.0904    ndcg@10 : 0.0505    mrr@10 : 0.0382
Sat 07 Mar 2026 13:29:22 INFO  epoch 47 training [time: 43.38s, train loss: 2316.6780]
Sat 07 Mar 2026 13:29:22 INFO  epoch 47 evaluating [time: 0.48s, valid_score: 0.038300]
Sat 07 Mar 2026 13:29:22 INFO  valid result: 
hit@10 : 0.0898    ndcg@10 : 0.0504    mrr@10 : 0.0383
Sat 07 Mar 2026 13:30:07 INFO  epoch 48 training [time: 44.70s, train loss: 2310.8155]
Sat 07 Mar 2026 13:30:07 INFO  epoch 48 evaluating [time: 0.48s, valid_score: 0.037800]
Sat 07 Mar 2026 13:30:07 INFO  valid result: 
hit@10 : 0.0898    ndcg@10 : 0.05    mrr@10 : 0.0378
Sat 07 Mar 2026 13:30:50 INFO  epoch 49 training [time: 42.81s, train loss: 2304.7891]
Sat 07 Mar 2026 13:30:51 INFO  epoch 49 evaluating [time: 0.53s, valid_score: 0.038500]
Sat 07 Mar 2026 13:30:51 INFO  valid result: 
hit@10 : 0.0899    ndcg@10 : 0.0506    mrr@10 : 0.0385
Sat 07 Mar 2026 13:31:34 INFO  epoch 50 training [time: 43.38s, train loss: 2302.9547]
Sat 07 Mar 2026 13:31:34 INFO  epoch 50 evaluating [time: 0.54s, valid_score: 0.037500]
Sat 07 Mar 2026 13:31:34 INFO  valid result: 
hit@10 : 0.0889    ndcg@10 : 0.0495    mrr@10 : 0.0375
Sat 07 Mar 2026 13:32:18 INFO  epoch 51 training [time: 43.11s, train loss: 2286.5007]
Sat 07 Mar 2026 13:32:18 INFO  epoch 51 evaluating [time: 0.51s, valid_score: 0.037400]
Sat 07 Mar 2026 13:32:18 INFO  valid result: 
hit@10 : 0.0887    ndcg@10 : 0.0494    mrr@10 : 0.0374
Sat 07 Mar 2026 13:33:01 INFO  epoch 52 training [time: 43.09s, train loss: 2281.4358]
Sat 07 Mar 2026 13:33:02 INFO  epoch 52 evaluating [time: 0.50s, valid_score: 0.038200]
Sat 07 Mar 2026 13:33:02 INFO  valid result: 
hit@10 : 0.0896    ndcg@10 : 0.0503    mrr@10 : 0.0382
Sat 07 Mar 2026 13:33:46 INFO  epoch 53 training [time: 44.37s, train loss: 2275.8043]
Sat 07 Mar 2026 13:33:47 INFO  epoch 53 evaluating [time: 0.46s, valid_score: 0.038000]
Sat 07 Mar 2026 13:33:47 INFO  valid result: 
hit@10 : 0.0898    ndcg@10 : 0.0501    mrr@10 : 0.038
Sat 07 Mar 2026 13:34:30 INFO  epoch 54 training [time: 43.68s, train loss: 2268.5268]
Sat 07 Mar 2026 13:34:31 INFO  epoch 54 evaluating [time: 0.49s, valid_score: 0.038500]
Sat 07 Mar 2026 13:34:31 INFO  valid result: 
hit@10 : 0.0889    ndcg@10 : 0.0503    mrr@10 : 0.0385
Sat 07 Mar 2026 13:34:31 INFO  Finished training, best eval result in epoch 43
Sat 07 Mar 2026 13:34:31 INFO  Loading model structure and parameters from saved\TimeWeaver-Mar-07-2026_12-53-56.pth
Sat 07 Mar 2026 13:34:32 INFO  The running environment of this training is as follows:
+-------------+----------------+
| Environment |     Usage      |
+=============+================+
| CPU         |    13.80 %     |
+-------------+----------------+
| GPU         | 0.32 G/6.00 G  |
+-------------+----------------+
| Memory      | 0.43 G/15.63 G |
+-------------+----------------+
Sat 07 Mar 2026 13:34:32 INFO  best valid : OrderedDict([('hit@10', 0.0939), ('ndcg@10', 0.0522), ('mrr@10', 0.0394)])
Sat 07 Mar 2026 13:34:32 INFO  test result: OrderedDict([('hit@10', 0.0711), ('ndcg@10', 0.0412), ('mrr@10', 0.0321)])
