Thu 12 Feb 2026 00:54:03 INFO  ['F:\\桌面\\recommendation_system\\scripts\\run_grid.py', '--models', 'timeweaver', '--datasets', 'amazon-beauty-5core-subset', '--seeds', '42', '--device', 'gpu', '--timeweaver-variant', 'base', '--tag', 'e0p2_k7_d0p2_l2_f512_b1000', '--output', 'results/run_grid_timeweaver_tune.json', '--tw-ema-decay', '0.2', '--tw-tcn-kernel', '7', '--tw-hidden-dropout', '0.2', '--tw-num-layers', '2', '--tw-ffn-hidden', '512', '--tw-time-bucket', '1000']
Thu 12 Feb 2026 00:54:03 INFO  
General Hyper Parameters:
gpu_id = 0
use_gpu = True
seed = 42
state = INFO
reproducibility = True
data_path = data/amazon\amazon-beauty-5core-subset
checkpoint_dir = saved
show_progress = True
save_dataset = False
dataset_save_path = None
save_dataloaders = False
dataloaders_save_path = None
log_wandb = False

Training Hyper Parameters:
epochs = 100
train_batch_size = 256
learner = adam
learning_rate = 0.001
train_neg_sample_args = {'distribution': 'none', 'sample_num': 'none', 'alpha': 'none', 'dynamic': False, 'candidate_num': 0}
eval_step = 1
stopping_step = 10
clip_grad_norm = None
weight_decay = 0.0
loss_decimal_place = 4

Evaluation Hyper Parameters:
eval_args = {'split': {'LS': 'valid_and_test'}, 'order': 'TO', 'group_by': 'user', 'mode': {'valid': 'uni100', 'test': 'uni100'}}
repeatable = True
metrics = ['Hit', 'NDCG', 'MRR']
topk = [10]
valid_metric = MRR@10
valid_metric_bigger = True
eval_batch_size = 512
metric_decimal_place = 4

Dataset Hyper Parameters:
field_separator = 	
seq_separator =  
USER_ID_FIELD = user_id
ITEM_ID_FIELD = item_id
RATING_FIELD = rating
TIME_FIELD = timestamp
seq_len = None
LABEL_FIELD = label
threshold = None
NEG_PREFIX = neg_
load_col = {'inter': ['user_id', 'item_id', 'rating', 'timestamp']}
unload_col = None
unused_col = None
additional_feat_suffix = None
rm_dup_inter = None
val_interval = None
filter_inter_by_user_or_item = True
user_inter_num_interval = [0,inf)
item_inter_num_interval = [0,inf)
alias_of_user_id = None
alias_of_item_id = None
alias_of_entity_id = None
alias_of_relation_id = None
preload_weight = None
normalize_field = None
normalize_all = None
ITEM_LIST_LENGTH_FIELD = item_length
LIST_SUFFIX = _list
MAX_ITEM_LIST_LENGTH = 32
POSITION_FIELD = position_id
HEAD_ENTITY_ID_FIELD = head_id
TAIL_ENTITY_ID_FIELD = tail_id
RELATION_ID_FIELD = relation_id
ENTITY_ID_FIELD = entity_id
benchmark_filename = None

Other Hyper Parameters: 
worker = 0
wandb_project = recbole
shuffle = True
require_pow = False
enable_amp = False
enable_scaler = False
transform = None
numerical_features = []
discretization = None
kg_reverse_r = False
entity_kg_num_interval = [0,inf)
relation_kg_num_interval = [0,inf)
MODEL_TYPE = ModelType.SEQUENTIAL
model_name = TimeWeaver
hidden_size = 64
num_layers = 2
hidden_dropout_prob = 0.2
initializer_range = 0.02
time_bucket_size = 1000
ema_decay = 0.2
tcn_kernel_size = 7
ffn_hidden_size = 512
loss_type = CE
early_stop = 10
neg_sampling = None
device = cuda
use_continuous_time = False
use_time_gate = False
use_time_augmentation = False
MODEL_INPUT_TYPE = InputType.POINTWISE
eval_type = EvaluatorType.RANKING
single_spec = True
local_rank = 0
valid_neg_sample_args = {'distribution': 'uniform', 'sample_num': 100}
test_neg_sample_args = {'distribution': 'uniform', 'sample_num': 100}


Thu 12 Feb 2026 00:54:03 INFO  amazon-beauty-5core-subset
The number of users: 7001
Average actions of users: 15.458
The number of items: 11924
Average actions of items: 9.075400486454752
The number of inters: 108206
The sparsity of the dataset: 99.87038081155896%
Remain Fields: ['user_id', 'item_id', 'rating', 'timestamp']
Thu 12 Feb 2026 00:54:05 INFO  [Training]: train_batch_size = [256] train_neg_sample_args: [{'distribution': 'none', 'sample_num': 'none', 'alpha': 'none', 'dynamic': False, 'candidate_num': 0}]
Thu 12 Feb 2026 00:54:05 INFO  [Evaluation]: eval_batch_size = [512] eval_args: [{'split': {'LS': 'valid_and_test'}, 'order': 'TO', 'group_by': 'user', 'mode': {'valid': 'uni100', 'test': 'uni100'}}]
Thu 12 Feb 2026 00:54:05 INFO  TimeWeaver(
  (item_embedding): Embedding(11924, 64, padding_idx=0)
  (time_aug): TimeAwareAugmentation(
    (pos_embedding): Embedding(32, 64)
    (time_embedding): Embedding(1000, 64)
    (layer_norm): LayerNorm((64,), eps=1e-05, elementwise_affine=True)
    (drop): Dropout(p=0.2, inplace=False)
  )
  (context_layers): ModuleList(
    (0-1): 2 x TCNNextBlock(
      (dw): DepthwiseConv1d(
        (conv): Conv1d(64, 64, kernel_size=(7,), stride=(1,), padding=(3,), groups=64)
        (bn): BatchNorm1d(64, eps=1e-05, momentum=0.1, affine=True, track_running_stats=True)
        (drop): Dropout(p=0.2, inplace=False)
      )
      (norm1): LayerNorm((64,), eps=1e-05, elementwise_affine=True)
      (conv_inter): ParallelConvInter(
        (conv1): Conv1d(64, 64, kernel_size=(1,), stride=(1,))
        (conv3): Conv1d(64, 64, kernel_size=(3,), stride=(1,), padding=(1,))
        (proj): Conv1d(64, 64, kernel_size=(1,), stride=(1,))
        (drop): Dropout(p=0.2, inplace=False)
      )
      (norm2): LayerNorm((64,), eps=1e-05, elementwise_affine=True)
      (ffn): Sequential(
        (0): Linear(in_features=64, out_features=512, bias=True)
        (1): GELU(approximate='none')
        (2): Dropout(p=0.2, inplace=False)
        (3): Linear(in_features=512, out_features=64, bias=True)
        (4): Dropout(p=0.2, inplace=False)
      )
      (norm3): LayerNorm((64,), eps=1e-05, elementwise_affine=True)
    )
  )
  (dynamic_layers): ModuleList(
    (0-1): 2 x EMAStream(
      (proj): Linear(in_features=64, out_features=64, bias=True)
    )
  )
  (weavers): ModuleList(
    (0-1): 2 x StreamWeaver(
      (proj): Linear(in_features=128, out_features=64, bias=True)
      (norm): LayerNorm((64,), eps=1e-05, elementwise_affine=True)
    )
  )
  (loss_fct): CrossEntropyLoss()
)
Trainable parameters: 1030017.0
Thu 12 Feb 2026 00:54:05 INFO  FLOPs: 6379520.0
Thu 12 Feb 2026 00:54:35 INFO  epoch 0 training [time: 28.41s, train loss: 2911.6869]
Thu 12 Feb 2026 00:54:47 INFO  epoch 0 evaluating [time: 11.95s, valid_score: 0.234200]
Thu 12 Feb 2026 00:54:47 INFO  valid result: 
hit@10 : 0.4703    ndcg@10 : 0.2903    mrr@10 : 0.2342
Thu 12 Feb 2026 00:54:47 INFO  Saving current: saved\TimeWeaver-Feb-12-2026_00-54-05.pth
Thu 12 Feb 2026 00:55:16 INFO  epoch 1 training [time: 29.03s, train loss: 2621.9129]
Thu 12 Feb 2026 00:55:28 INFO  epoch 1 evaluating [time: 12.08s, valid_score: 0.317000]
Thu 12 Feb 2026 00:55:28 INFO  valid result: 
hit@10 : 0.5296    ndcg@10 : 0.3676    mrr@10 : 0.317
Thu 12 Feb 2026 00:55:28 INFO  Saving current: saved\TimeWeaver-Feb-12-2026_00-54-05.pth
Thu 12 Feb 2026 00:55:57 INFO  epoch 2 training [time: 29.07s, train loss: 2408.5754]
Thu 12 Feb 2026 00:56:09 INFO  epoch 2 evaluating [time: 12.27s, valid_score: 0.343600]
Thu 12 Feb 2026 00:56:09 INFO  valid result: 
hit@10 : 0.5369    ndcg@10 : 0.3897    mrr@10 : 0.3436
Thu 12 Feb 2026 00:56:09 INFO  Saving current: saved\TimeWeaver-Feb-12-2026_00-54-05.pth
Thu 12 Feb 2026 00:56:38 INFO  epoch 3 training [time: 28.29s, train loss: 2234.1122]
Thu 12 Feb 2026 00:56:50 INFO  epoch 3 evaluating [time: 12.14s, valid_score: 0.341000]
Thu 12 Feb 2026 00:56:50 INFO  valid result: 
hit@10 : 0.5256    ndcg@10 : 0.385    mrr@10 : 0.341
Thu 12 Feb 2026 00:57:18 INFO  epoch 4 training [time: 28.59s, train loss: 2092.9692]
Thu 12 Feb 2026 00:57:30 INFO  epoch 4 evaluating [time: 11.80s, valid_score: 0.345800]
Thu 12 Feb 2026 00:57:30 INFO  valid result: 
hit@10 : 0.5267    ndcg@10 : 0.3889    mrr@10 : 0.3458
Thu 12 Feb 2026 00:57:30 INFO  Saving current: saved\TimeWeaver-Feb-12-2026_00-54-05.pth
Thu 12 Feb 2026 00:57:59 INFO  epoch 5 training [time: 28.73s, train loss: 1988.6665]
Thu 12 Feb 2026 00:58:11 INFO  epoch 5 evaluating [time: 12.06s, valid_score: 0.335900]
Thu 12 Feb 2026 00:58:11 INFO  valid result: 
hit@10 : 0.5151    ndcg@10 : 0.3786    mrr@10 : 0.3359
Thu 12 Feb 2026 00:58:40 INFO  epoch 6 training [time: 28.53s, train loss: 1910.5538]
Thu 12 Feb 2026 00:58:51 INFO  epoch 6 evaluating [time: 11.81s, valid_score: 0.335700]
Thu 12 Feb 2026 00:58:51 INFO  valid result: 
hit@10 : 0.5207    ndcg@10 : 0.3798    mrr@10 : 0.3357
Thu 12 Feb 2026 00:59:20 INFO  epoch 7 training [time: 28.97s, train loss: 1848.1573]
Thu 12 Feb 2026 00:59:32 INFO  epoch 7 evaluating [time: 12.10s, valid_score: 0.333500]
Thu 12 Feb 2026 00:59:32 INFO  valid result: 
hit@10 : 0.5157    ndcg@10 : 0.3768    mrr@10 : 0.3335
Thu 12 Feb 2026 01:00:02 INFO  epoch 8 training [time: 29.15s, train loss: 1794.3381]
Thu 12 Feb 2026 01:00:13 INFO  epoch 8 evaluating [time: 11.85s, valid_score: 0.329700]
Thu 12 Feb 2026 01:00:13 INFO  valid result: 
hit@10 : 0.5097    ndcg@10 : 0.3725    mrr@10 : 0.3297
Thu 12 Feb 2026 01:00:42 INFO  epoch 9 training [time: 28.35s, train loss: 1748.0490]
Thu 12 Feb 2026 01:00:54 INFO  epoch 9 evaluating [time: 12.03s, valid_score: 0.325900]
Thu 12 Feb 2026 01:00:54 INFO  valid result: 
hit@10 : 0.5059    ndcg@10 : 0.3687    mrr@10 : 0.3259
Thu 12 Feb 2026 01:01:22 INFO  epoch 10 training [time: 28.46s, train loss: 1702.3036]
Thu 12 Feb 2026 01:01:34 INFO  epoch 10 evaluating [time: 11.93s, valid_score: 0.322000]
Thu 12 Feb 2026 01:01:34 INFO  valid result: 
hit@10 : 0.497    ndcg@10 : 0.3639    mrr@10 : 0.322
Thu 12 Feb 2026 01:02:03 INFO  epoch 11 training [time: 28.93s, train loss: 1663.9449]
Thu 12 Feb 2026 01:02:15 INFO  epoch 11 evaluating [time: 12.12s, valid_score: 0.319800]
Thu 12 Feb 2026 01:02:15 INFO  valid result: 
hit@10 : 0.4954    ndcg@10 : 0.3616    mrr@10 : 0.3198
Thu 12 Feb 2026 01:02:44 INFO  epoch 12 training [time: 28.88s, train loss: 1626.4174]
Thu 12 Feb 2026 01:02:56 INFO  epoch 12 evaluating [time: 11.80s, valid_score: 0.318700]
Thu 12 Feb 2026 01:02:56 INFO  valid result: 
hit@10 : 0.5031    ndcg@10 : 0.3625    mrr@10 : 0.3187
Thu 12 Feb 2026 01:03:25 INFO  epoch 13 training [time: 29.32s, train loss: 1590.3122]
Thu 12 Feb 2026 01:03:37 INFO  epoch 13 evaluating [time: 12.09s, valid_score: 0.309000]
Thu 12 Feb 2026 01:03:37 INFO  valid result: 
hit@10 : 0.4894    ndcg@10 : 0.3518    mrr@10 : 0.309
Thu 12 Feb 2026 01:04:06 INFO  epoch 14 training [time: 28.95s, train loss: 1555.7125]
Thu 12 Feb 2026 01:04:18 INFO  epoch 14 evaluating [time: 11.88s, valid_score: 0.308300]
Thu 12 Feb 2026 01:04:18 INFO  valid result: 
hit@10 : 0.4903    ndcg@10 : 0.3515    mrr@10 : 0.3083
Thu 12 Feb 2026 01:04:47 INFO  epoch 15 training [time: 28.64s, train loss: 1526.2737]
Thu 12 Feb 2026 01:04:59 INFO  epoch 15 evaluating [time: 12.11s, valid_score: 0.309700]
Thu 12 Feb 2026 01:04:59 INFO  valid result: 
hit@10 : 0.4877    ndcg@10 : 0.352    mrr@10 : 0.3097
Thu 12 Feb 2026 01:04:59 INFO  Finished training, best eval result in epoch 4
Thu 12 Feb 2026 01:04:59 INFO  Loading model structure and parameters from saved\TimeWeaver-Feb-12-2026_00-54-05.pth
Thu 12 Feb 2026 01:05:12 INFO  The running environment of this training is as follows:
+-------------+----------------+
| Environment |     Usage      |
+=============+================+
| CPU         |     3.60 %     |
+-------------+----------------+
| GPU         | 0.31 G/6.00 G  |
+-------------+----------------+
| Memory      | 1.43 G/15.63 G |
+-------------+----------------+
Thu 12 Feb 2026 01:05:12 INFO  best valid : OrderedDict([('hit@10', 0.5267), ('ndcg@10', 0.3889), ('mrr@10', 0.3458)])
Thu 12 Feb 2026 01:05:12 INFO  test result: OrderedDict([('hit@10', 0.4873), ('ndcg@10', 0.3463), ('mrr@10', 0.3022)])
