Thu 12 Feb 2026 20:40:19 INFO  ['F:\\桌面\\recommendation_system\\scripts\\run_grid.py', '--models', 'timeweaver', '--datasets', 'amazon-electronics-5core-subset', '--seeds', '42', '--device', 'gpu', '--timeweaver-variant', 'base', '--tag', 'e0p1_k9_d0p2_l2_f256_b1000', '--output', 'results/run_grid_timeweaver_tune.json', '--tw-ema-decay', '0.1', '--tw-tcn-kernel', '9', '--tw-hidden-dropout', '0.2', '--tw-num-layers', '2', '--tw-ffn-hidden', '256', '--tw-time-bucket', '1000']
Thu 12 Feb 2026 20:40:19 INFO  
General Hyper Parameters:
gpu_id = 0
use_gpu = True
seed = 42
state = INFO
reproducibility = True
data_path = data/amazon\amazon-electronics-5core-subset
checkpoint_dir = saved
show_progress = True
save_dataset = False
dataset_save_path = None
save_dataloaders = False
dataloaders_save_path = None
log_wandb = False

Training Hyper Parameters:
epochs = 100
train_batch_size = 256
learner = adam
learning_rate = 0.001
train_neg_sample_args = {'distribution': 'none', 'sample_num': 'none', 'alpha': 'none', 'dynamic': False, 'candidate_num': 0}
eval_step = 1
stopping_step = 10
clip_grad_norm = None
weight_decay = 0.0
loss_decimal_place = 4

Evaluation Hyper Parameters:
eval_args = {'split': {'LS': 'valid_and_test'}, 'order': 'TO', 'group_by': 'user', 'mode': {'valid': 'uni100', 'test': 'uni100'}}
repeatable = True
metrics = ['Hit', 'NDCG', 'MRR']
topk = [10]
valid_metric = MRR@10
valid_metric_bigger = True
eval_batch_size = 512
metric_decimal_place = 4

Dataset Hyper Parameters:
field_separator = 	
seq_separator =  
USER_ID_FIELD = user_id
ITEM_ID_FIELD = item_id
RATING_FIELD = rating
TIME_FIELD = timestamp
seq_len = None
LABEL_FIELD = label
threshold = None
NEG_PREFIX = neg_
load_col = {'inter': ['user_id', 'item_id', 'rating', 'timestamp']}
unload_col = None
unused_col = None
additional_feat_suffix = None
rm_dup_inter = None
val_interval = None
filter_inter_by_user_or_item = True
user_inter_num_interval = [0,inf)
item_inter_num_interval = [0,inf)
alias_of_user_id = None
alias_of_item_id = None
alias_of_entity_id = None
alias_of_relation_id = None
preload_weight = None
normalize_field = None
normalize_all = None
ITEM_LIST_LENGTH_FIELD = item_length
LIST_SUFFIX = _list
MAX_ITEM_LIST_LENGTH = 32
POSITION_FIELD = position_id
HEAD_ENTITY_ID_FIELD = head_id
TAIL_ENTITY_ID_FIELD = tail_id
RELATION_ID_FIELD = relation_id
ENTITY_ID_FIELD = entity_id
benchmark_filename = None

Other Hyper Parameters: 
worker = 0
wandb_project = recbole
shuffle = True
require_pow = False
enable_amp = False
enable_scaler = False
transform = None
numerical_features = []
discretization = None
kg_reverse_r = False
entity_kg_num_interval = [0,inf)
relation_kg_num_interval = [0,inf)
MODEL_TYPE = ModelType.SEQUENTIAL
model_name = TimeWeaver
hidden_size = 64
num_layers = 2
hidden_dropout_prob = 0.2
initializer_range = 0.02
time_bucket_size = 1000
ema_decay = 0.1
tcn_kernel_size = 9
ffn_hidden_size = 256
loss_type = CE
early_stop = 10
neg_sampling = None
device = cuda
use_continuous_time = False
use_time_gate = False
use_time_augmentation = False
MODEL_INPUT_TYPE = InputType.POINTWISE
eval_type = EvaluatorType.RANKING
single_spec = True
local_rank = 0
valid_neg_sample_args = {'distribution': 'uniform', 'sample_num': 100}
test_neg_sample_args = {'distribution': 'uniform', 'sample_num': 100}


Thu 12 Feb 2026 20:40:19 INFO  amazon-electronics-5core-subset
The number of users: 1501
Average actions of users: 108.42733333333334
The number of items: 54722
Average actions of items: 2.9721861808080994
The number of inters: 162641
The sparsity of the dataset: 99.80198988231011%
Remain Fields: ['user_id', 'item_id', 'rating', 'timestamp']
Thu 12 Feb 2026 20:40:22 INFO  [Training]: train_batch_size = [256] train_neg_sample_args: [{'distribution': 'none', 'sample_num': 'none', 'alpha': 'none', 'dynamic': False, 'candidate_num': 0}]
Thu 12 Feb 2026 20:40:22 INFO  [Evaluation]: eval_batch_size = [512] eval_args: [{'split': {'LS': 'valid_and_test'}, 'order': 'TO', 'group_by': 'user', 'mode': {'valid': 'uni100', 'test': 'uni100'}}]
Thu 12 Feb 2026 20:40:22 INFO  TimeWeaver(
  (item_embedding): Embedding(54722, 64, padding_idx=0)
  (time_aug): TimeAwareAugmentation(
    (pos_embedding): Embedding(32, 64)
    (time_embedding): Embedding(1000, 64)
    (layer_norm): LayerNorm((64,), eps=1e-05, elementwise_affine=True)
    (drop): Dropout(p=0.2, inplace=False)
  )
  (context_layers): ModuleList(
    (0-1): 2 x TCNNextBlock(
      (dw): DepthwiseConv1d(
        (conv): Conv1d(64, 64, kernel_size=(9,), stride=(1,), padding=(4,), groups=64)
        (bn): BatchNorm1d(64, eps=1e-05, momentum=0.1, affine=True, track_running_stats=True)
        (drop): Dropout(p=0.2, inplace=False)
      )
      (norm1): LayerNorm((64,), eps=1e-05, elementwise_affine=True)
      (conv_inter): ParallelConvInter(
        (conv1): Conv1d(64, 64, kernel_size=(1,), stride=(1,))
        (conv3): Conv1d(64, 64, kernel_size=(3,), stride=(1,), padding=(1,))
        (proj): Conv1d(64, 64, kernel_size=(1,), stride=(1,))
        (drop): Dropout(p=0.2, inplace=False)
      )
      (norm2): LayerNorm((64,), eps=1e-05, elementwise_affine=True)
      (ffn): Sequential(
        (0): Linear(in_features=64, out_features=256, bias=True)
        (1): GELU(approximate='none')
        (2): Dropout(p=0.2, inplace=False)
        (3): Linear(in_features=256, out_features=64, bias=True)
        (4): Dropout(p=0.2, inplace=False)
      )
      (norm3): LayerNorm((64,), eps=1e-05, elementwise_affine=True)
    )
  )
  (dynamic_layers): ModuleList(
    (0-1): 2 x EMAStream(
      (proj): Linear(in_features=64, out_features=64, bias=True)
    )
  )
  (weavers): ModuleList(
    (0-1): 2 x StreamWeaver(
      (proj): Linear(in_features=128, out_features=64, bias=True)
      (norm): LayerNorm((64,), eps=1e-05, elementwise_affine=True)
    )
  )
  (loss_fct): CrossEntropyLoss()
)
Trainable parameters: 3703297.0
Thu 12 Feb 2026 20:40:22 INFO  FLOPs: 4290560.0
Thu 12 Feb 2026 20:41:12 INFO  epoch 0 training [time: 49.10s, train loss: 6442.7027]
Thu 12 Feb 2026 20:41:15 INFO  epoch 0 evaluating [time: 2.63s, valid_score: 0.222100]
Thu 12 Feb 2026 20:41:15 INFO  valid result: 
hit@10 : 0.4173    ndcg@10 : 0.2684    mrr@10 : 0.2221
Thu 12 Feb 2026 20:41:15 INFO  Saving current: saved\TimeWeaver-Feb-12-2026_20-40-22.pth
Thu 12 Feb 2026 20:42:05 INFO  epoch 1 training [time: 49.52s, train loss: 5773.8895]
Thu 12 Feb 2026 20:42:07 INFO  epoch 1 evaluating [time: 2.75s, valid_score: 0.244700]
Thu 12 Feb 2026 20:42:07 INFO  valid result: 
hit@10 : 0.4247    ndcg@10 : 0.2874    mrr@10 : 0.2447
Thu 12 Feb 2026 20:42:07 INFO  Saving current: saved\TimeWeaver-Feb-12-2026_20-40-22.pth
Thu 12 Feb 2026 20:43:00 INFO  epoch 2 training [time: 52.27s, train loss: 4967.5373]
Thu 12 Feb 2026 20:43:02 INFO  epoch 2 evaluating [time: 2.62s, valid_score: 0.226900]
Thu 12 Feb 2026 20:43:02 INFO  valid result: 
hit@10 : 0.3927    ndcg@10 : 0.2663    mrr@10 : 0.2269
Thu 12 Feb 2026 20:43:51 INFO  epoch 3 training [time: 48.66s, train loss: 4239.2284]
Thu 12 Feb 2026 20:43:54 INFO  epoch 3 evaluating [time: 2.67s, valid_score: 0.220900]
Thu 12 Feb 2026 20:43:54 INFO  valid result: 
hit@10 : 0.38    ndcg@10 : 0.2587    mrr@10 : 0.2209
Thu 12 Feb 2026 20:44:43 INFO  epoch 4 training [time: 49.09s, train loss: 3733.9179]
Thu 12 Feb 2026 20:44:45 INFO  epoch 4 evaluating [time: 2.62s, valid_score: 0.213000]
Thu 12 Feb 2026 20:44:45 INFO  valid result: 
hit@10 : 0.374    ndcg@10 : 0.2511    mrr@10 : 0.213
Thu 12 Feb 2026 20:45:34 INFO  epoch 5 training [time: 49.01s, train loss: 3352.3045]
Thu 12 Feb 2026 20:45:37 INFO  epoch 5 evaluating [time: 2.58s, valid_score: 0.212100]
Thu 12 Feb 2026 20:45:37 INFO  valid result: 
hit@10 : 0.3547    ndcg@10 : 0.2457    mrr@10 : 0.2121
Thu 12 Feb 2026 20:46:29 INFO  epoch 6 training [time: 51.74s, train loss: 3034.0979]
Thu 12 Feb 2026 20:46:31 INFO  epoch 6 evaluating [time: 2.68s, valid_score: 0.205700]
Thu 12 Feb 2026 20:46:31 INFO  valid result: 
hit@10 : 0.3473    ndcg@10 : 0.2391    mrr@10 : 0.2057
Thu 12 Feb 2026 20:47:21 INFO  epoch 7 training [time: 49.88s, train loss: 2758.6311]
Thu 12 Feb 2026 20:47:24 INFO  epoch 7 evaluating [time: 2.58s, valid_score: 0.212200]
Thu 12 Feb 2026 20:47:24 INFO  valid result: 
hit@10 : 0.3487    ndcg@10 : 0.2445    mrr@10 : 0.2122
Thu 12 Feb 2026 20:48:13 INFO  epoch 8 training [time: 48.79s, train loss: 2523.4046]
Thu 12 Feb 2026 20:48:15 INFO  epoch 8 evaluating [time: 2.57s, valid_score: 0.195200]
Thu 12 Feb 2026 20:48:15 INFO  valid result: 
hit@10 : 0.3447    ndcg@10 : 0.2304    mrr@10 : 0.1952
Thu 12 Feb 2026 20:49:04 INFO  epoch 9 training [time: 48.96s, train loss: 2320.9097]
Thu 12 Feb 2026 20:49:07 INFO  epoch 9 evaluating [time: 2.65s, valid_score: 0.195000]
Thu 12 Feb 2026 20:49:07 INFO  valid result: 
hit@10 : 0.332    ndcg@10 : 0.2275    mrr@10 : 0.195
Thu 12 Feb 2026 20:49:56 INFO  epoch 10 training [time: 49.08s, train loss: 2154.0790]
Thu 12 Feb 2026 20:49:58 INFO  epoch 10 evaluating [time: 2.65s, valid_score: 0.198100]
Thu 12 Feb 2026 20:49:58 INFO  valid result: 
hit@10 : 0.3413    ndcg@10 : 0.2318    mrr@10 : 0.1981
Thu 12 Feb 2026 20:50:51 INFO  epoch 11 training [time: 52.26s, train loss: 2010.0951]
Thu 12 Feb 2026 20:50:53 INFO  epoch 11 evaluating [time: 2.67s, valid_score: 0.180500]
Thu 12 Feb 2026 20:50:53 INFO  valid result: 
hit@10 : 0.3273    ndcg@10 : 0.2151    mrr@10 : 0.1805
Thu 12 Feb 2026 20:51:43 INFO  epoch 12 training [time: 49.36s, train loss: 1891.8088]
Thu 12 Feb 2026 20:51:45 INFO  epoch 12 evaluating [time: 2.62s, valid_score: 0.185300]
Thu 12 Feb 2026 20:51:45 INFO  valid result: 
hit@10 : 0.3347    ndcg@10 : 0.2205    mrr@10 : 0.1853
Thu 12 Feb 2026 20:51:45 INFO  Finished training, best eval result in epoch 1
Thu 12 Feb 2026 20:51:45 INFO  Loading model structure and parameters from saved\TimeWeaver-Feb-12-2026_20-40-22.pth
Thu 12 Feb 2026 20:51:49 INFO  The running environment of this training is as follows:
+-------------+----------------+
| Environment |     Usage      |
+=============+================+
| CPU         |     3.00 %     |
+-------------+----------------+
| GPU         | 0.48 G/6.00 G  |
+-------------+----------------+
| Memory      | 1.64 G/15.63 G |
+-------------+----------------+
Thu 12 Feb 2026 20:51:49 INFO  best valid : OrderedDict([('hit@10', 0.4247), ('ndcg@10', 0.2874), ('mrr@10', 0.2447)])
Thu 12 Feb 2026 20:51:49 INFO  test result: OrderedDict([('hit@10', 0.3953), ('ndcg@10', 0.2579), ('mrr@10', 0.2153)])
