Sat 14 Mar 2026 17:39:26 INFO  ['F:\\桌面\\recommendation_system\\scripts\\run_grid.py', '--models', 'timeweaver', '--datasets', 'amazon-sports-5core-longseq-full', '--seeds', '42,2023,2024', '--device', 'gpu', '--timeweaver-variant', 'aug_only', '--output', 'F:\\桌面\\recommendation_system\\results\\param_sweeps\\timeweaver_param_A_contrastive.json', '--tag', 'A_w0.05_t0.5', '--skip-if-done', '--tw-contrastive-weight', '0.05', '--tw-contrastive-temp', '0.5']
Sat 14 Mar 2026 17:39:26 INFO  
General Hyper Parameters:
gpu_id = 0
use_gpu = True
seed = 42
state = INFO
reproducibility = True
data_path = data/amazon\amazon-sports-5core-longseq
checkpoint_dir = saved
show_progress = True
save_dataset = False
dataset_save_path = None
save_dataloaders = False
dataloaders_save_path = None
log_wandb = False

Training Hyper Parameters:
epochs = 100
train_batch_size = 256
learner = adam
learning_rate = 0.001
train_neg_sample_args = {'distribution': 'none', 'sample_num': 'none', 'alpha': 'none', 'dynamic': False, 'candidate_num': 0}
eval_step = 1
stopping_step = 10
clip_grad_norm = None
weight_decay = 0.0
loss_decimal_place = 4

Evaluation Hyper Parameters:
eval_args = {'split': {'LS': 'valid_and_test'}, 'order': 'TO', 'group_by': 'user', 'mode': {'valid': 'full', 'test': 'full'}}
repeatable = True
metrics = ['Hit', 'NDCG', 'MRR']
topk = [10]
valid_metric = Hit@10
valid_metric_bigger = True
eval_batch_size = 512
metric_decimal_place = 4

Dataset Hyper Parameters:
field_separator = 	
seq_separator =  
USER_ID_FIELD = user_id
ITEM_ID_FIELD = item_id
RATING_FIELD = rating
TIME_FIELD = timestamp
seq_len = None
LABEL_FIELD = label
threshold = None
NEG_PREFIX = neg_
load_col = {'inter': ['user_id', 'item_id', 'rating', 'timestamp']}
unload_col = None
unused_col = None
additional_feat_suffix = None
rm_dup_inter = None
val_interval = None
filter_inter_by_user_or_item = True
user_inter_num_interval = [0,inf)
item_inter_num_interval = [0,inf)
alias_of_user_id = None
alias_of_item_id = None
alias_of_entity_id = None
alias_of_relation_id = None
preload_weight = None
normalize_field = None
normalize_all = None
ITEM_LIST_LENGTH_FIELD = item_length
LIST_SUFFIX = _list
MAX_ITEM_LIST_LENGTH = 32
POSITION_FIELD = position_id
HEAD_ENTITY_ID_FIELD = head_id
TAIL_ENTITY_ID_FIELD = tail_id
RELATION_ID_FIELD = relation_id
ENTITY_ID_FIELD = entity_id
benchmark_filename = None

Other Hyper Parameters: 
worker = 0
wandb_project = recbole
shuffle = True
require_pow = False
enable_amp = False
enable_scaler = False
transform = None
numerical_features = []
discretization = None
kg_reverse_r = False
entity_kg_num_interval = [0,inf)
relation_kg_num_interval = [0,inf)
MODEL_TYPE = ModelType.SEQUENTIAL
model_name = TimeWeaver
hidden_size = 64
num_layers = 2
hidden_dropout_prob = 0.5
initializer_range = 0.02
time_bucket_size = 1000
ema_decay = 0.5
tcn_kernel_size = -1
ffn_hidden_size = 256
loss_type = CE
early_stop = 10
neg_sampling = None
device = cuda
use_continuous_time = False
use_time_gate = False
use_time_augmentation = True
contrastive_weight = 0.05
contrastive_temp = 0.5
MODEL_INPUT_TYPE = InputType.POINTWISE
eval_type = EvaluatorType.RANKING
single_spec = True
local_rank = 0
valid_neg_sample_args = {'distribution': 'uniform', 'sample_num': 'none'}
test_neg_sample_args = {'distribution': 'uniform', 'sample_num': 'none'}


Sat 14 Mar 2026 17:39:26 INFO  amazon-sports-5core-longseq
The number of users: 2181
Average actions of users: 25.74678899082569
The number of items: 14556
Average actions of items: 3.8562693232566128
The number of inters: 56128
The sparsity of the dataset: 99.82320016520806%
Remain Fields: ['user_id', 'item_id', 'rating', 'timestamp']
Sat 14 Mar 2026 17:39:27 INFO  [Training]: train_batch_size = [256] train_neg_sample_args: [{'distribution': 'none', 'sample_num': 'none', 'alpha': 'none', 'dynamic': False, 'candidate_num': 0}]
Sat 14 Mar 2026 17:39:27 INFO  [Evaluation]: eval_batch_size = [512] eval_args: [{'split': {'LS': 'valid_and_test'}, 'order': 'TO', 'group_by': 'user', 'mode': {'valid': 'full', 'test': 'full'}}]
Sat 14 Mar 2026 17:39:28 INFO  TimeWeaver(
  (item_embedding): Embedding(14556, 64, padding_idx=0)
  (time_aug): TimeAwareAugmentation(
    (pos_embedding): Embedding(32, 64)
    (time_embedding): Embedding(1000, 64)
    (layer_norm): LayerNorm((64,), eps=1e-05, elementwise_affine=True)
    (drop): Dropout(p=0.5, inplace=False)
  )
  (context_layers): ModuleList(
    (0-1): 2 x TCNNextBlock(
      (dw): DepthwiseConv1d(
        (conv): Conv1d(64, 64, kernel_size=(11,), stride=(1,), padding=(5,), groups=64)
        (bn): BatchNorm1d(64, eps=1e-05, momentum=0.1, affine=True, track_running_stats=True)
        (drop): Dropout(p=0.5, inplace=False)
      )
      (norm1): LayerNorm((64,), eps=1e-05, elementwise_affine=True)
      (conv_inter): ParallelConvInter(
        (conv1): Conv1d(64, 64, kernel_size=(1,), stride=(1,))
        (conv3): Conv1d(64, 64, kernel_size=(3,), stride=(1,), padding=(1,))
        (proj): Conv1d(64, 64, kernel_size=(1,), stride=(1,))
        (drop): Dropout(p=0.5, inplace=False)
      )
      (norm2): LayerNorm((64,), eps=1e-05, elementwise_affine=True)
      (ffn): Sequential(
        (0): Linear(in_features=64, out_features=256, bias=True)
        (1): GELU(approximate='none')
        (2): Dropout(p=0.5, inplace=False)
        (3): Linear(in_features=256, out_features=64, bias=True)
        (4): Dropout(p=0.5, inplace=False)
      )
      (norm3): LayerNorm((64,), eps=1e-05, elementwise_affine=True)
    )
  )
  (dynamic_layers): ModuleList(
    (0-1): 2 x EMAStream(
      (proj): Linear(in_features=64, out_features=64, bias=True)
    )
  )
  (weavers): ModuleList(
    (0-1): 2 x StreamWeaver(
      (proj): Linear(in_features=128, out_features=64, bias=True)
      (norm): LayerNorm((64,), eps=1e-05, elementwise_affine=True)
    )
  )
  (loss_fct): CrossEntropyLoss()
)
Trainable parameters: 1132929.0
Sat 14 Mar 2026 17:39:28 INFO  FLOPs: 4298752.0
Sat 14 Mar 2026 17:39:50 INFO  epoch 0 training [time: 19.93s, train loss: 1809.4322]
Sat 14 Mar 2026 17:39:50 INFO  epoch 0 evaluating [time: 0.12s, valid_score: 0.012400]
Sat 14 Mar 2026 17:39:50 INFO  valid result: 
hit@10 : 0.0124    ndcg@10 : 0.0063    mrr@10 : 0.0046
Sat 14 Mar 2026 17:39:50 INFO  Saving current: saved\TimeWeaver-Mar-14-2026_17-39-28.pth
Sat 14 Mar 2026 17:40:10 INFO  epoch 1 training [time: 20.69s, train loss: 1735.6456]
Sat 14 Mar 2026 17:40:11 INFO  epoch 1 evaluating [time: 0.09s, valid_score: 0.015100]
Sat 14 Mar 2026 17:40:11 INFO  valid result: 
hit@10 : 0.0151    ndcg@10 : 0.0072    mrr@10 : 0.0049
Sat 14 Mar 2026 17:40:11 INFO  Saving current: saved\TimeWeaver-Mar-14-2026_17-39-28.pth
Sat 14 Mar 2026 17:40:31 INFO  epoch 2 training [time: 20.55s, train loss: 1671.3945]
Sat 14 Mar 2026 17:40:31 INFO  epoch 2 evaluating [time: 0.11s, valid_score: 0.029400]
Sat 14 Mar 2026 17:40:31 INFO  valid result: 
hit@10 : 0.0294    ndcg@10 : 0.0134    mrr@10 : 0.0087
Sat 14 Mar 2026 17:40:31 INFO  Saving current: saved\TimeWeaver-Mar-14-2026_17-39-28.pth
Sat 14 Mar 2026 17:40:52 INFO  epoch 3 training [time: 20.31s, train loss: 1594.9921]
Sat 14 Mar 2026 17:40:52 INFO  epoch 3 evaluating [time: 0.10s, valid_score: 0.026600]
Sat 14 Mar 2026 17:40:52 INFO  valid result: 
hit@10 : 0.0266    ndcg@10 : 0.0131    mrr@10 : 0.009
Sat 14 Mar 2026 17:41:13 INFO  epoch 4 training [time: 21.02s, train loss: 1520.7400]
Sat 14 Mar 2026 17:41:13 INFO  epoch 4 evaluating [time: 0.09s, valid_score: 0.026100]
Sat 14 Mar 2026 17:41:13 INFO  valid result: 
hit@10 : 0.0261    ndcg@10 : 0.0124    mrr@10 : 0.0082
Sat 14 Mar 2026 17:41:39 INFO  epoch 5 training [time: 26.01s, train loss: 1448.0824]
Sat 14 Mar 2026 17:41:39 INFO  epoch 5 evaluating [time: 0.09s, valid_score: 0.028400]
Sat 14 Mar 2026 17:41:39 INFO  valid result: 
hit@10 : 0.0284    ndcg@10 : 0.013    mrr@10 : 0.0083
Sat 14 Mar 2026 17:42:20 INFO  epoch 6 training [time: 41.45s, train loss: 1383.4124]
Sat 14 Mar 2026 17:42:20 INFO  epoch 6 evaluating [time: 0.10s, valid_score: 0.030700]
Sat 14 Mar 2026 17:42:20 INFO  valid result: 
hit@10 : 0.0307    ndcg@10 : 0.0134    mrr@10 : 0.0081
Sat 14 Mar 2026 17:42:20 INFO  Saving current: saved\TimeWeaver-Mar-14-2026_17-39-28.pth
Sat 14 Mar 2026 17:43:03 INFO  epoch 7 training [time: 42.54s, train loss: 1318.7470]
Sat 14 Mar 2026 17:43:03 INFO  epoch 7 evaluating [time: 0.10s, valid_score: 0.028900]
Sat 14 Mar 2026 17:43:03 INFO  valid result: 
hit@10 : 0.0289    ndcg@10 : 0.0131    mrr@10 : 0.0084
Sat 14 Mar 2026 17:43:44 INFO  epoch 8 training [time: 40.77s, train loss: 1261.4483]
Sat 14 Mar 2026 17:43:44 INFO  epoch 8 evaluating [time: 0.10s, valid_score: 0.033000]
Sat 14 Mar 2026 17:43:44 INFO  valid result: 
hit@10 : 0.033    ndcg@10 : 0.0147    mrr@10 : 0.0093
Sat 14 Mar 2026 17:43:44 INFO  Saving current: saved\TimeWeaver-Mar-14-2026_17-39-28.pth
Sat 14 Mar 2026 17:44:25 INFO  epoch 9 training [time: 40.65s, train loss: 1211.3513]
Sat 14 Mar 2026 17:44:25 INFO  epoch 9 evaluating [time: 0.10s, valid_score: 0.032600]
Sat 14 Mar 2026 17:44:25 INFO  valid result: 
hit@10 : 0.0326    ndcg@10 : 0.0142    mrr@10 : 0.0086
Sat 14 Mar 2026 17:45:06 INFO  epoch 10 training [time: 40.98s, train loss: 1166.1191]
Sat 14 Mar 2026 17:45:06 INFO  epoch 10 evaluating [time: 0.10s, valid_score: 0.031700]
Sat 14 Mar 2026 17:45:06 INFO  valid result: 
hit@10 : 0.0317    ndcg@10 : 0.0145    mrr@10 : 0.0093
Sat 14 Mar 2026 17:45:47 INFO  epoch 11 training [time: 41.12s, train loss: 1124.8309]
Sat 14 Mar 2026 17:45:47 INFO  epoch 11 evaluating [time: 0.10s, valid_score: 0.032100]
Sat 14 Mar 2026 17:45:47 INFO  valid result: 
hit@10 : 0.0321    ndcg@10 : 0.0142    mrr@10 : 0.0088
Sat 14 Mar 2026 17:46:29 INFO  epoch 12 training [time: 42.28s, train loss: 1093.7313]
Sat 14 Mar 2026 17:46:29 INFO  epoch 12 evaluating [time: 0.10s, valid_score: 0.031700]
Sat 14 Mar 2026 17:46:29 INFO  valid result: 
hit@10 : 0.0317    ndcg@10 : 0.0138    mrr@10 : 0.0084
Sat 14 Mar 2026 17:47:13 INFO  epoch 13 training [time: 43.28s, train loss: 1064.2492]
Sat 14 Mar 2026 17:47:13 INFO  epoch 13 evaluating [time: 0.11s, valid_score: 0.033900]
Sat 14 Mar 2026 17:47:13 INFO  valid result: 
hit@10 : 0.0339    ndcg@10 : 0.0144    mrr@10 : 0.0085
Sat 14 Mar 2026 17:47:13 INFO  Saving current: saved\TimeWeaver-Mar-14-2026_17-39-28.pth
Sat 14 Mar 2026 17:47:54 INFO  epoch 14 training [time: 41.41s, train loss: 1034.5528]
Sat 14 Mar 2026 17:47:54 INFO  epoch 14 evaluating [time: 0.09s, valid_score: 0.031200]
Sat 14 Mar 2026 17:47:54 INFO  valid result: 
hit@10 : 0.0312    ndcg@10 : 0.0137    mrr@10 : 0.0084
Sat 14 Mar 2026 17:48:36 INFO  epoch 15 training [time: 41.66s, train loss: 1011.3711]
Sat 14 Mar 2026 17:48:36 INFO  epoch 15 evaluating [time: 0.10s, valid_score: 0.028400]
Sat 14 Mar 2026 17:48:36 INFO  valid result: 
hit@10 : 0.0284    ndcg@10 : 0.0128    mrr@10 : 0.0081
Sat 14 Mar 2026 17:49:18 INFO  epoch 16 training [time: 41.88s, train loss: 988.8585]
Sat 14 Mar 2026 17:49:18 INFO  epoch 16 evaluating [time: 0.10s, valid_score: 0.023900]
Sat 14 Mar 2026 17:49:18 INFO  valid result: 
hit@10 : 0.0239    ndcg@10 : 0.0106    mrr@10 : 0.0066
Sat 14 Mar 2026 17:50:00 INFO  epoch 17 training [time: 41.47s, train loss: 965.3552]
Sat 14 Mar 2026 17:50:00 INFO  epoch 17 evaluating [time: 0.10s, valid_score: 0.026100]
Sat 14 Mar 2026 17:50:00 INFO  valid result: 
hit@10 : 0.0261    ndcg@10 : 0.0119    mrr@10 : 0.0077
Sat 14 Mar 2026 17:50:41 INFO  epoch 18 training [time: 41.47s, train loss: 947.1369]
Sat 14 Mar 2026 17:50:41 INFO  epoch 18 evaluating [time: 0.10s, valid_score: 0.024800]
Sat 14 Mar 2026 17:50:41 INFO  valid result: 
hit@10 : 0.0248    ndcg@10 : 0.0109    mrr@10 : 0.0067
Sat 14 Mar 2026 17:51:23 INFO  epoch 19 training [time: 41.91s, train loss: 926.9790]
Sat 14 Mar 2026 17:51:23 INFO  epoch 19 evaluating [time: 0.10s, valid_score: 0.028000]
Sat 14 Mar 2026 17:51:23 INFO  valid result: 
hit@10 : 0.028    ndcg@10 : 0.0125    mrr@10 : 0.0079
Sat 14 Mar 2026 17:52:04 INFO  epoch 20 training [time: 41.18s, train loss: 908.7090]
Sat 14 Mar 2026 17:52:05 INFO  epoch 20 evaluating [time: 0.10s, valid_score: 0.025700]
Sat 14 Mar 2026 17:52:05 INFO  valid result: 
hit@10 : 0.0257    ndcg@10 : 0.0114    mrr@10 : 0.0071
Sat 14 Mar 2026 17:52:46 INFO  epoch 21 training [time: 41.42s, train loss: 892.9544]
Sat 14 Mar 2026 17:52:46 INFO  epoch 21 evaluating [time: 0.10s, valid_score: 0.023400]
Sat 14 Mar 2026 17:52:46 INFO  valid result: 
hit@10 : 0.0234    ndcg@10 : 0.0107    mrr@10 : 0.0069
Sat 14 Mar 2026 17:53:27 INFO  epoch 22 training [time: 41.36s, train loss: 874.5150]
Sat 14 Mar 2026 17:53:28 INFO  epoch 22 evaluating [time: 0.10s, valid_score: 0.022900]
Sat 14 Mar 2026 17:53:28 INFO  valid result: 
hit@10 : 0.0229    ndcg@10 : 0.0114    mrr@10 : 0.0079
Sat 14 Mar 2026 17:54:11 INFO  epoch 23 training [time: 43.20s, train loss: 860.1012]
Sat 14 Mar 2026 17:54:11 INFO  epoch 23 evaluating [time: 0.10s, valid_score: 0.023400]
Sat 14 Mar 2026 17:54:11 INFO  valid result: 
hit@10 : 0.0234    ndcg@10 : 0.0113    mrr@10 : 0.0076
Sat 14 Mar 2026 17:54:56 INFO  epoch 24 training [time: 45.58s, train loss: 847.7533]
Sat 14 Mar 2026 17:54:57 INFO  epoch 24 evaluating [time: 0.10s, valid_score: 0.023400]
Sat 14 Mar 2026 17:54:57 INFO  valid result: 
hit@10 : 0.0234    ndcg@10 : 0.0114    mrr@10 : 0.0078
Sat 14 Mar 2026 17:54:57 INFO  Finished training, best eval result in epoch 13
Sat 14 Mar 2026 17:54:57 INFO  Loading model structure and parameters from saved\TimeWeaver-Mar-14-2026_17-39-28.pth
Sat 14 Mar 2026 17:54:58 INFO  The running environment of this training is as follows:
+-------------+----------------+
| Environment |     Usage      |
+=============+================+
| CPU         |    17.90 %     |
+-------------+----------------+
| GPU         | 0.33 G/6.00 G  |
+-------------+----------------+
| Memory      | 1.70 G/15.63 G |
+-------------+----------------+
Sat 14 Mar 2026 17:54:58 INFO  best valid : OrderedDict([('hit@10', 0.0339), ('ndcg@10', 0.0144), ('mrr@10', 0.0085)])
Sat 14 Mar 2026 17:54:58 INFO  test result: OrderedDict([('hit@10', 0.022), ('ndcg@10', 0.0102), ('mrr@10', 0.0067)])
Sat 14 Mar 2026 17:54:58 WARNING  command line args [--models timeweaver --datasets amazon-sports-5core-longseq-full --seeds 42,2023,2024 --device gpu --timeweaver-variant aug_only --output F:\桌面\recommendation_system\results\param_sweeps\timeweaver_param_A_contrastive.json --tag A_w0.05_t0.5 --skip-if-done --tw-contrastive-weight 0.05 --tw-contrastive-temp 0.5] will not be used in RecBole
Sat 14 Mar 2026 17:54:58 INFO  ['F:\\桌面\\recommendation_system\\scripts\\run_grid.py', '--models', 'timeweaver', '--datasets', 'amazon-sports-5core-longseq-full', '--seeds', '42,2023,2024', '--device', 'gpu', '--timeweaver-variant', 'aug_only', '--output', 'F:\\桌面\\recommendation_system\\results\\param_sweeps\\timeweaver_param_A_contrastive.json', '--tag', 'A_w0.05_t0.5', '--skip-if-done', '--tw-contrastive-weight', '0.05', '--tw-contrastive-temp', '0.5']
Sat 14 Mar 2026 17:54:58 INFO  
General Hyper Parameters:
gpu_id = 0
use_gpu = True
seed = 2023
state = INFO
reproducibility = True
data_path = data/amazon\amazon-sports-5core-longseq
checkpoint_dir = saved
show_progress = True
save_dataset = False
dataset_save_path = None
save_dataloaders = False
dataloaders_save_path = None
log_wandb = False

Training Hyper Parameters:
epochs = 100
train_batch_size = 256
learner = adam
learning_rate = 0.001
train_neg_sample_args = {'distribution': 'none', 'sample_num': 'none', 'alpha': 'none', 'dynamic': False, 'candidate_num': 0}
eval_step = 1
stopping_step = 10
clip_grad_norm = None
weight_decay = 0.0
loss_decimal_place = 4

Evaluation Hyper Parameters:
eval_args = {'split': {'LS': 'valid_and_test'}, 'order': 'TO', 'group_by': 'user', 'mode': {'valid': 'full', 'test': 'full'}}
repeatable = True
metrics = ['Hit', 'NDCG', 'MRR']
topk = [10]
valid_metric = Hit@10
valid_metric_bigger = True
eval_batch_size = 512
metric_decimal_place = 4

Dataset Hyper Parameters:
field_separator = 	
seq_separator =  
USER_ID_FIELD = user_id
ITEM_ID_FIELD = item_id
RATING_FIELD = rating
TIME_FIELD = timestamp
seq_len = None
LABEL_FIELD = label
threshold = None
NEG_PREFIX = neg_
load_col = {'inter': ['user_id', 'item_id', 'rating', 'timestamp']}
unload_col = None
unused_col = None
additional_feat_suffix = None
rm_dup_inter = None
val_interval = None
filter_inter_by_user_or_item = True
user_inter_num_interval = [0,inf)
item_inter_num_interval = [0,inf)
alias_of_user_id = None
alias_of_item_id = None
alias_of_entity_id = None
alias_of_relation_id = None
preload_weight = None
normalize_field = None
normalize_all = None
ITEM_LIST_LENGTH_FIELD = item_length
LIST_SUFFIX = _list
MAX_ITEM_LIST_LENGTH = 32
POSITION_FIELD = position_id
HEAD_ENTITY_ID_FIELD = head_id
TAIL_ENTITY_ID_FIELD = tail_id
RELATION_ID_FIELD = relation_id
ENTITY_ID_FIELD = entity_id
benchmark_filename = None

Other Hyper Parameters: 
worker = 0
wandb_project = recbole
shuffle = True
require_pow = False
enable_amp = False
enable_scaler = False
transform = None
numerical_features = []
discretization = None
kg_reverse_r = False
entity_kg_num_interval = [0,inf)
relation_kg_num_interval = [0,inf)
MODEL_TYPE = ModelType.SEQUENTIAL
model_name = TimeWeaver
hidden_size = 64
num_layers = 2
hidden_dropout_prob = 0.5
initializer_range = 0.02
time_bucket_size = 1000
ema_decay = 0.5
tcn_kernel_size = -1
ffn_hidden_size = 256
loss_type = CE
early_stop = 10
neg_sampling = None
device = cuda
use_continuous_time = False
use_time_gate = False
use_time_augmentation = True
contrastive_weight = 0.05
contrastive_temp = 0.5
MODEL_INPUT_TYPE = InputType.POINTWISE
eval_type = EvaluatorType.RANKING
single_spec = True
local_rank = 0
valid_neg_sample_args = {'distribution': 'uniform', 'sample_num': 'none'}
test_neg_sample_args = {'distribution': 'uniform', 'sample_num': 'none'}


Sat 14 Mar 2026 17:54:58 INFO  amazon-sports-5core-longseq
The number of users: 2181
Average actions of users: 25.74678899082569
The number of items: 14556
Average actions of items: 3.8562693232566128
The number of inters: 56128
The sparsity of the dataset: 99.82320016520806%
Remain Fields: ['user_id', 'item_id', 'rating', 'timestamp']
Sat 14 Mar 2026 17:54:59 INFO  [Training]: train_batch_size = [256] train_neg_sample_args: [{'distribution': 'none', 'sample_num': 'none', 'alpha': 'none', 'dynamic': False, 'candidate_num': 0}]
Sat 14 Mar 2026 17:54:59 INFO  [Evaluation]: eval_batch_size = [512] eval_args: [{'split': {'LS': 'valid_and_test'}, 'order': 'TO', 'group_by': 'user', 'mode': {'valid': 'full', 'test': 'full'}}]
Sat 14 Mar 2026 17:54:59 INFO  TimeWeaver(
  (item_embedding): Embedding(14556, 64, padding_idx=0)
  (time_aug): TimeAwareAugmentation(
    (pos_embedding): Embedding(32, 64)
    (time_embedding): Embedding(1000, 64)
    (layer_norm): LayerNorm((64,), eps=1e-05, elementwise_affine=True)
    (drop): Dropout(p=0.5, inplace=False)
  )
  (context_layers): ModuleList(
    (0-1): 2 x TCNNextBlock(
      (dw): DepthwiseConv1d(
        (conv): Conv1d(64, 64, kernel_size=(11,), stride=(1,), padding=(5,), groups=64)
        (bn): BatchNorm1d(64, eps=1e-05, momentum=0.1, affine=True, track_running_stats=True)
        (drop): Dropout(p=0.5, inplace=False)
      )
      (norm1): LayerNorm((64,), eps=1e-05, elementwise_affine=True)
      (conv_inter): ParallelConvInter(
        (conv1): Conv1d(64, 64, kernel_size=(1,), stride=(1,))
        (conv3): Conv1d(64, 64, kernel_size=(3,), stride=(1,), padding=(1,))
        (proj): Conv1d(64, 64, kernel_size=(1,), stride=(1,))
        (drop): Dropout(p=0.5, inplace=False)
      )
      (norm2): LayerNorm((64,), eps=1e-05, elementwise_affine=True)
      (ffn): Sequential(
        (0): Linear(in_features=64, out_features=256, bias=True)
        (1): GELU(approximate='none')
        (2): Dropout(p=0.5, inplace=False)
        (3): Linear(in_features=256, out_features=64, bias=True)
        (4): Dropout(p=0.5, inplace=False)
      )
      (norm3): LayerNorm((64,), eps=1e-05, elementwise_affine=True)
    )
  )
  (dynamic_layers): ModuleList(
    (0-1): 2 x EMAStream(
      (proj): Linear(in_features=64, out_features=64, bias=True)
    )
  )
  (weavers): ModuleList(
    (0-1): 2 x StreamWeaver(
      (proj): Linear(in_features=128, out_features=64, bias=True)
      (norm): LayerNorm((64,), eps=1e-05, elementwise_affine=True)
    )
  )
  (loss_fct): CrossEntropyLoss()
)
Trainable parameters: 1132929.0
Sat 14 Mar 2026 17:54:59 INFO  FLOPs: 4298752.0
Sat 14 Mar 2026 17:55:23 INFO  epoch 0 training [time: 23.87s, train loss: 1810.2932]
Sat 14 Mar 2026 17:55:23 INFO  epoch 0 evaluating [time: 0.10s, valid_score: 0.011500]
Sat 14 Mar 2026 17:55:23 INFO  valid result: 
hit@10 : 0.0115    ndcg@10 : 0.0061    mrr@10 : 0.0044
Sat 14 Mar 2026 17:55:23 INFO  Saving current: saved\TimeWeaver-Mar-14-2026_17-54-59.pth
Sat 14 Mar 2026 17:55:46 INFO  epoch 1 training [time: 22.56s, train loss: 1735.3626]
Sat 14 Mar 2026 17:55:46 INFO  epoch 1 evaluating [time: 0.10s, valid_score: 0.013800]
Sat 14 Mar 2026 17:55:46 INFO  valid result: 
hit@10 : 0.0138    ndcg@10 : 0.0073    mrr@10 : 0.0054
Sat 14 Mar 2026 17:55:46 INFO  Saving current: saved\TimeWeaver-Mar-14-2026_17-54-59.pth
Sat 14 Mar 2026 17:56:09 INFO  epoch 2 training [time: 22.80s, train loss: 1672.5438]
Sat 14 Mar 2026 17:56:09 INFO  epoch 2 evaluating [time: 0.09s, valid_score: 0.027500]
Sat 14 Mar 2026 17:56:09 INFO  valid result: 
hit@10 : 0.0275    ndcg@10 : 0.0132    mrr@10 : 0.009
Sat 14 Mar 2026 17:56:09 INFO  Saving current: saved\TimeWeaver-Mar-14-2026_17-54-59.pth
Sat 14 Mar 2026 17:56:31 INFO  epoch 3 training [time: 22.34s, train loss: 1598.5518]
Sat 14 Mar 2026 17:56:31 INFO  epoch 3 evaluating [time: 0.10s, valid_score: 0.025200]
Sat 14 Mar 2026 17:56:31 INFO  valid result: 
hit@10 : 0.0252    ndcg@10 : 0.0126    mrr@10 : 0.0087
Sat 14 Mar 2026 17:56:53 INFO  epoch 4 training [time: 22.08s, train loss: 1523.7081]
Sat 14 Mar 2026 17:56:54 INFO  epoch 4 evaluating [time: 0.10s, valid_score: 0.026100]
Sat 14 Mar 2026 17:56:54 INFO  valid result: 
hit@10 : 0.0261    ndcg@10 : 0.0131    mrr@10 : 0.0092
Sat 14 Mar 2026 17:57:21 INFO  epoch 5 training [time: 26.97s, train loss: 1451.2181]
Sat 14 Mar 2026 17:57:21 INFO  epoch 5 evaluating [time: 0.10s, valid_score: 0.028400]
Sat 14 Mar 2026 17:57:21 INFO  valid result: 
hit@10 : 0.0284    ndcg@10 : 0.0125    mrr@10 : 0.0078
Sat 14 Mar 2026 17:57:21 INFO  Saving current: saved\TimeWeaver-Mar-14-2026_17-54-59.pth
Sat 14 Mar 2026 17:58:04 INFO  epoch 6 training [time: 43.00s, train loss: 1383.9248]
Sat 14 Mar 2026 17:58:04 INFO  epoch 6 evaluating [time: 0.11s, valid_score: 0.026600]
Sat 14 Mar 2026 17:58:04 INFO  valid result: 
hit@10 : 0.0266    ndcg@10 : 0.0123    mrr@10 : 0.0079
Sat 14 Mar 2026 17:58:53 INFO  epoch 7 training [time: 49.07s, train loss: 1318.7991]
Sat 14 Mar 2026 17:58:53 INFO  epoch 7 evaluating [time: 0.11s, valid_score: 0.031200]
Sat 14 Mar 2026 17:58:53 INFO  valid result: 
hit@10 : 0.0312    ndcg@10 : 0.0137    mrr@10 : 0.0084
Sat 14 Mar 2026 17:58:53 INFO  Saving current: saved\TimeWeaver-Mar-14-2026_17-54-59.pth
Sat 14 Mar 2026 17:59:43 INFO  epoch 8 training [time: 49.64s, train loss: 1261.5567]
Sat 14 Mar 2026 17:59:43 INFO  epoch 8 evaluating [time: 0.09s, valid_score: 0.031200]
Sat 14 Mar 2026 17:59:43 INFO  valid result: 
hit@10 : 0.0312    ndcg@10 : 0.0133    mrr@10 : 0.008
Sat 14 Mar 2026 17:59:43 INFO  Saving current: saved\TimeWeaver-Mar-14-2026_17-54-59.pth
Sat 14 Mar 2026 18:00:27 INFO  epoch 9 training [time: 44.68s, train loss: 1209.8661]
Sat 14 Mar 2026 18:00:28 INFO  epoch 9 evaluating [time: 0.10s, valid_score: 0.033000]
Sat 14 Mar 2026 18:00:28 INFO  valid result: 
hit@10 : 0.033    ndcg@10 : 0.0138    mrr@10 : 0.0081
Sat 14 Mar 2026 18:00:28 INFO  Saving current: saved\TimeWeaver-Mar-14-2026_17-54-59.pth
Sat 14 Mar 2026 18:01:09 INFO  epoch 10 training [time: 40.93s, train loss: 1166.0899]
Sat 14 Mar 2026 18:01:09 INFO  epoch 10 evaluating [time: 0.10s, valid_score: 0.030300]
Sat 14 Mar 2026 18:01:09 INFO  valid result: 
hit@10 : 0.0303    ndcg@10 : 0.0134    mrr@10 : 0.0082
Sat 14 Mar 2026 18:01:52 INFO  epoch 11 training [time: 43.14s, train loss: 1127.4204]
Sat 14 Mar 2026 18:01:52 INFO  epoch 11 evaluating [time: 0.06s, valid_score: 0.029400]
Sat 14 Mar 2026 18:01:52 INFO  valid result: 
hit@10 : 0.0294    ndcg@10 : 0.0127    mrr@10 : 0.0077
Sat 14 Mar 2026 18:02:45 INFO  epoch 12 training [time: 52.68s, train loss: 1092.8458]
Sat 14 Mar 2026 18:02:45 INFO  epoch 12 evaluating [time: 0.11s, valid_score: 0.030300]
Sat 14 Mar 2026 18:02:45 INFO  valid result: 
hit@10 : 0.0303    ndcg@10 : 0.013    mrr@10 : 0.0078
Sat 14 Mar 2026 18:03:36 INFO  epoch 13 training [time: 51.17s, train loss: 1066.7800]
Sat 14 Mar 2026 18:03:36 INFO  epoch 13 evaluating [time: 0.06s, valid_score: 0.030300]
Sat 14 Mar 2026 18:03:36 INFO  valid result: 
hit@10 : 0.0303    ndcg@10 : 0.0127    mrr@10 : 0.0073
Sat 14 Mar 2026 18:04:27 INFO  epoch 14 training [time: 51.58s, train loss: 1039.7750]
Sat 14 Mar 2026 18:04:28 INFO  epoch 14 evaluating [time: 0.14s, valid_score: 0.028000]
Sat 14 Mar 2026 18:04:28 INFO  valid result: 
hit@10 : 0.028    ndcg@10 : 0.0125    mrr@10 : 0.0077
Sat 14 Mar 2026 18:05:19 INFO  epoch 15 training [time: 51.46s, train loss: 1015.1330]
Sat 14 Mar 2026 18:05:19 INFO  epoch 15 evaluating [time: 0.10s, valid_score: 0.030300]
Sat 14 Mar 2026 18:05:19 INFO  valid result: 
hit@10 : 0.0303    ndcg@10 : 0.0131    mrr@10 : 0.0079
Sat 14 Mar 2026 18:06:05 INFO  epoch 16 training [time: 45.72s, train loss: 990.2315]
Sat 14 Mar 2026 18:06:05 INFO  epoch 16 evaluating [time: 0.10s, valid_score: 0.028900]
Sat 14 Mar 2026 18:06:05 INFO  valid result: 
hit@10 : 0.0289    ndcg@10 : 0.0124    mrr@10 : 0.0074
Sat 14 Mar 2026 18:06:48 INFO  epoch 17 training [time: 42.55s, train loss: 970.9788]
Sat 14 Mar 2026 18:06:48 INFO  epoch 17 evaluating [time: 0.11s, valid_score: 0.026600]
Sat 14 Mar 2026 18:06:48 INFO  valid result: 
hit@10 : 0.0266    ndcg@10 : 0.0113    mrr@10 : 0.0066
Sat 14 Mar 2026 18:07:31 INFO  epoch 18 training [time: 43.28s, train loss: 949.9393]
Sat 14 Mar 2026 18:07:31 INFO  epoch 18 evaluating [time: 0.12s, valid_score: 0.026600]
Sat 14 Mar 2026 18:07:31 INFO  valid result: 
hit@10 : 0.0266    ndcg@10 : 0.0119    mrr@10 : 0.0075
Sat 14 Mar 2026 18:08:15 INFO  epoch 19 training [time: 44.07s, train loss: 927.6186]
Sat 14 Mar 2026 18:08:15 INFO  epoch 19 evaluating [time: 0.09s, valid_score: 0.028900]
Sat 14 Mar 2026 18:08:15 INFO  valid result: 
hit@10 : 0.0289    ndcg@10 : 0.012    mrr@10 : 0.0069
Sat 14 Mar 2026 18:08:59 INFO  epoch 20 training [time: 44.06s, train loss: 912.7045]
Sat 14 Mar 2026 18:08:59 INFO  epoch 20 evaluating [time: 0.09s, valid_score: 0.025700]
Sat 14 Mar 2026 18:08:59 INFO  valid result: 
hit@10 : 0.0257    ndcg@10 : 0.0109    mrr@10 : 0.0064
Sat 14 Mar 2026 18:08:59 INFO  Finished training, best eval result in epoch 9
Sat 14 Mar 2026 18:08:59 INFO  Loading model structure and parameters from saved\TimeWeaver-Mar-14-2026_17-54-59.pth
Sat 14 Mar 2026 18:09:01 INFO  The running environment of this training is as follows:
+-------------+----------------+
| Environment |     Usage      |
+=============+================+
| CPU         |    14.00 %     |
+-------------+----------------+
| GPU         | 0.33 G/6.00 G  |
+-------------+----------------+
| Memory      | 0.73 G/15.63 G |
+-------------+----------------+
Sat 14 Mar 2026 18:09:01 INFO  best valid : OrderedDict([('hit@10', 0.033), ('ndcg@10', 0.0138), ('mrr@10', 0.0081)])
Sat 14 Mar 2026 18:09:01 INFO  test result: OrderedDict([('hit@10', 0.0252), ('ndcg@10', 0.0124), ('mrr@10', 0.0085)])
Sat 14 Mar 2026 18:09:01 WARNING  command line args [--models timeweaver --datasets amazon-sports-5core-longseq-full --seeds 42,2023,2024 --device gpu --timeweaver-variant aug_only --output F:\桌面\recommendation_system\results\param_sweeps\timeweaver_param_A_contrastive.json --tag A_w0.05_t0.5 --skip-if-done --tw-contrastive-weight 0.05 --tw-contrastive-temp 0.5] will not be used in RecBole
Sat 14 Mar 2026 18:09:01 INFO  ['F:\\桌面\\recommendation_system\\scripts\\run_grid.py', '--models', 'timeweaver', '--datasets', 'amazon-sports-5core-longseq-full', '--seeds', '42,2023,2024', '--device', 'gpu', '--timeweaver-variant', 'aug_only', '--output', 'F:\\桌面\\recommendation_system\\results\\param_sweeps\\timeweaver_param_A_contrastive.json', '--tag', 'A_w0.05_t0.5', '--skip-if-done', '--tw-contrastive-weight', '0.05', '--tw-contrastive-temp', '0.5']
Sat 14 Mar 2026 18:09:01 INFO  
General Hyper Parameters:
gpu_id = 0
use_gpu = True
seed = 2024
state = INFO
reproducibility = True
data_path = data/amazon\amazon-sports-5core-longseq
checkpoint_dir = saved
show_progress = True
save_dataset = False
dataset_save_path = None
save_dataloaders = False
dataloaders_save_path = None
log_wandb = False

Training Hyper Parameters:
epochs = 100
train_batch_size = 256
learner = adam
learning_rate = 0.001
train_neg_sample_args = {'distribution': 'none', 'sample_num': 'none', 'alpha': 'none', 'dynamic': False, 'candidate_num': 0}
eval_step = 1
stopping_step = 10
clip_grad_norm = None
weight_decay = 0.0
loss_decimal_place = 4

Evaluation Hyper Parameters:
eval_args = {'split': {'LS': 'valid_and_test'}, 'order': 'TO', 'group_by': 'user', 'mode': {'valid': 'full', 'test': 'full'}}
repeatable = True
metrics = ['Hit', 'NDCG', 'MRR']
topk = [10]
valid_metric = Hit@10
valid_metric_bigger = True
eval_batch_size = 512
metric_decimal_place = 4

Dataset Hyper Parameters:
field_separator = 	
seq_separator =  
USER_ID_FIELD = user_id
ITEM_ID_FIELD = item_id
RATING_FIELD = rating
TIME_FIELD = timestamp
seq_len = None
LABEL_FIELD = label
threshold = None
NEG_PREFIX = neg_
load_col = {'inter': ['user_id', 'item_id', 'rating', 'timestamp']}
unload_col = None
unused_col = None
additional_feat_suffix = None
rm_dup_inter = None
val_interval = None
filter_inter_by_user_or_item = True
user_inter_num_interval = [0,inf)
item_inter_num_interval = [0,inf)
alias_of_user_id = None
alias_of_item_id = None
alias_of_entity_id = None
alias_of_relation_id = None
preload_weight = None
normalize_field = None
normalize_all = None
ITEM_LIST_LENGTH_FIELD = item_length
LIST_SUFFIX = _list
MAX_ITEM_LIST_LENGTH = 32
POSITION_FIELD = position_id
HEAD_ENTITY_ID_FIELD = head_id
TAIL_ENTITY_ID_FIELD = tail_id
RELATION_ID_FIELD = relation_id
ENTITY_ID_FIELD = entity_id
benchmark_filename = None

Other Hyper Parameters: 
worker = 0
wandb_project = recbole
shuffle = True
require_pow = False
enable_amp = False
enable_scaler = False
transform = None
numerical_features = []
discretization = None
kg_reverse_r = False
entity_kg_num_interval = [0,inf)
relation_kg_num_interval = [0,inf)
MODEL_TYPE = ModelType.SEQUENTIAL
model_name = TimeWeaver
hidden_size = 64
num_layers = 2
hidden_dropout_prob = 0.5
initializer_range = 0.02
time_bucket_size = 1000
ema_decay = 0.5
tcn_kernel_size = -1
ffn_hidden_size = 256
loss_type = CE
early_stop = 10
neg_sampling = None
device = cuda
use_continuous_time = False
use_time_gate = False
use_time_augmentation = True
contrastive_weight = 0.05
contrastive_temp = 0.5
MODEL_INPUT_TYPE = InputType.POINTWISE
eval_type = EvaluatorType.RANKING
single_spec = True
local_rank = 0
valid_neg_sample_args = {'distribution': 'uniform', 'sample_num': 'none'}
test_neg_sample_args = {'distribution': 'uniform', 'sample_num': 'none'}


Sat 14 Mar 2026 18:09:01 INFO  amazon-sports-5core-longseq
The number of users: 2181
Average actions of users: 25.74678899082569
The number of items: 14556
Average actions of items: 3.8562693232566128
The number of inters: 56128
The sparsity of the dataset: 99.82320016520806%
Remain Fields: ['user_id', 'item_id', 'rating', 'timestamp']
Sat 14 Mar 2026 18:09:02 INFO  [Training]: train_batch_size = [256] train_neg_sample_args: [{'distribution': 'none', 'sample_num': 'none', 'alpha': 'none', 'dynamic': False, 'candidate_num': 0}]
Sat 14 Mar 2026 18:09:02 INFO  [Evaluation]: eval_batch_size = [512] eval_args: [{'split': {'LS': 'valid_and_test'}, 'order': 'TO', 'group_by': 'user', 'mode': {'valid': 'full', 'test': 'full'}}]
Sat 14 Mar 2026 18:09:02 INFO  TimeWeaver(
  (item_embedding): Embedding(14556, 64, padding_idx=0)
  (time_aug): TimeAwareAugmentation(
    (pos_embedding): Embedding(32, 64)
    (time_embedding): Embedding(1000, 64)
    (layer_norm): LayerNorm((64,), eps=1e-05, elementwise_affine=True)
    (drop): Dropout(p=0.5, inplace=False)
  )
  (context_layers): ModuleList(
    (0-1): 2 x TCNNextBlock(
      (dw): DepthwiseConv1d(
        (conv): Conv1d(64, 64, kernel_size=(11,), stride=(1,), padding=(5,), groups=64)
        (bn): BatchNorm1d(64, eps=1e-05, momentum=0.1, affine=True, track_running_stats=True)
        (drop): Dropout(p=0.5, inplace=False)
      )
      (norm1): LayerNorm((64,), eps=1e-05, elementwise_affine=True)
      (conv_inter): ParallelConvInter(
        (conv1): Conv1d(64, 64, kernel_size=(1,), stride=(1,))
        (conv3): Conv1d(64, 64, kernel_size=(3,), stride=(1,), padding=(1,))
        (proj): Conv1d(64, 64, kernel_size=(1,), stride=(1,))
        (drop): Dropout(p=0.5, inplace=False)
      )
      (norm2): LayerNorm((64,), eps=1e-05, elementwise_affine=True)
      (ffn): Sequential(
        (0): Linear(in_features=64, out_features=256, bias=True)
        (1): GELU(approximate='none')
        (2): Dropout(p=0.5, inplace=False)
        (3): Linear(in_features=256, out_features=64, bias=True)
        (4): Dropout(p=0.5, inplace=False)
      )
      (norm3): LayerNorm((64,), eps=1e-05, elementwise_affine=True)
    )
  )
  (dynamic_layers): ModuleList(
    (0-1): 2 x EMAStream(
      (proj): Linear(in_features=64, out_features=64, bias=True)
    )
  )
  (weavers): ModuleList(
    (0-1): 2 x StreamWeaver(
      (proj): Linear(in_features=128, out_features=64, bias=True)
      (norm): LayerNorm((64,), eps=1e-05, elementwise_affine=True)
    )
  )
  (loss_fct): CrossEntropyLoss()
)
Trainable parameters: 1132929.0
Sat 14 Mar 2026 18:09:02 INFO  FLOPs: 4298752.0
Sat 14 Mar 2026 18:09:24 INFO  epoch 0 training [time: 22.41s, train loss: 1809.7610]
Sat 14 Mar 2026 18:09:25 INFO  epoch 0 evaluating [time: 0.10s, valid_score: 0.011500]
Sat 14 Mar 2026 18:09:25 INFO  valid result: 
hit@10 : 0.0115    ndcg@10 : 0.0063    mrr@10 : 0.0047
Sat 14 Mar 2026 18:09:25 INFO  Saving current: saved\TimeWeaver-Mar-14-2026_18-09-02.pth
Sat 14 Mar 2026 18:09:45 INFO  epoch 1 training [time: 20.88s, train loss: 1735.7294]
Sat 14 Mar 2026 18:09:46 INFO  epoch 1 evaluating [time: 0.10s, valid_score: 0.017000]
Sat 14 Mar 2026 18:09:46 INFO  valid result: 
hit@10 : 0.017    ndcg@10 : 0.0078    mrr@10 : 0.005
Sat 14 Mar 2026 18:09:46 INFO  Saving current: saved\TimeWeaver-Mar-14-2026_18-09-02.pth
Sat 14 Mar 2026 18:10:06 INFO  epoch 2 training [time: 20.63s, train loss: 1674.0062]
Sat 14 Mar 2026 18:10:06 INFO  epoch 2 evaluating [time: 0.09s, valid_score: 0.026600]
Sat 14 Mar 2026 18:10:06 INFO  valid result: 
hit@10 : 0.0266    ndcg@10 : 0.0129    mrr@10 : 0.0087
Sat 14 Mar 2026 18:10:06 INFO  Saving current: saved\TimeWeaver-Mar-14-2026_18-09-02.pth
Sat 14 Mar 2026 18:10:27 INFO  epoch 3 training [time: 20.43s, train loss: 1599.1303]
Sat 14 Mar 2026 18:10:27 INFO  epoch 3 evaluating [time: 0.10s, valid_score: 0.026600]
Sat 14 Mar 2026 18:10:27 INFO  valid result: 
hit@10 : 0.0266    ndcg@10 : 0.0124    mrr@10 : 0.0082
Sat 14 Mar 2026 18:10:27 INFO  Saving current: saved\TimeWeaver-Mar-14-2026_18-09-02.pth
Sat 14 Mar 2026 18:10:47 INFO  epoch 4 training [time: 20.02s, train loss: 1523.0991]
Sat 14 Mar 2026 18:10:47 INFO  epoch 4 evaluating [time: 0.10s, valid_score: 0.028400]
Sat 14 Mar 2026 18:10:47 INFO  valid result: 
hit@10 : 0.0284    ndcg@10 : 0.0126    mrr@10 : 0.0079
Sat 14 Mar 2026 18:10:47 INFO  Saving current: saved\TimeWeaver-Mar-14-2026_18-09-02.pth
Sat 14 Mar 2026 18:11:12 INFO  epoch 5 training [time: 24.59s, train loss: 1449.0115]
Sat 14 Mar 2026 18:11:12 INFO  epoch 5 evaluating [time: 0.09s, valid_score: 0.031700]
Sat 14 Mar 2026 18:11:12 INFO  valid result: 
hit@10 : 0.0317    ndcg@10 : 0.0137    mrr@10 : 0.0083
Sat 14 Mar 2026 18:11:12 INFO  Saving current: saved\TimeWeaver-Mar-14-2026_18-09-02.pth
Sat 14 Mar 2026 18:11:48 INFO  epoch 6 training [time: 36.32s, train loss: 1380.7364]
Sat 14 Mar 2026 18:11:48 INFO  epoch 6 evaluating [time: 0.10s, valid_score: 0.030300]
Sat 14 Mar 2026 18:11:48 INFO  valid result: 
hit@10 : 0.0303    ndcg@10 : 0.0137    mrr@10 : 0.0087
Sat 14 Mar 2026 18:12:30 INFO  epoch 7 training [time: 41.53s, train loss: 1317.3312]
Sat 14 Mar 2026 18:12:30 INFO  epoch 7 evaluating [time: 0.09s, valid_score: 0.030700]
Sat 14 Mar 2026 18:12:30 INFO  valid result: 
hit@10 : 0.0307    ndcg@10 : 0.0128    mrr@10 : 0.0075
Sat 14 Mar 2026 18:13:13 INFO  epoch 8 training [time: 43.56s, train loss: 1260.9096]
Sat 14 Mar 2026 18:13:14 INFO  epoch 8 evaluating [time: 0.11s, valid_score: 0.034900]
Sat 14 Mar 2026 18:13:14 INFO  valid result: 
hit@10 : 0.0349    ndcg@10 : 0.0149    mrr@10 : 0.0089
Sat 14 Mar 2026 18:13:14 INFO  Saving current: saved\TimeWeaver-Mar-14-2026_18-09-02.pth
Sat 14 Mar 2026 18:13:57 INFO  epoch 9 training [time: 43.13s, train loss: 1208.7152]
Sat 14 Mar 2026 18:13:57 INFO  epoch 9 evaluating [time: 0.12s, valid_score: 0.028400]
Sat 14 Mar 2026 18:13:57 INFO  valid result: 
hit@10 : 0.0284    ndcg@10 : 0.0125    mrr@10 : 0.0076
Sat 14 Mar 2026 18:14:40 INFO  epoch 10 training [time: 43.44s, train loss: 1166.7571]
Sat 14 Mar 2026 18:14:40 INFO  epoch 10 evaluating [time: 0.10s, valid_score: 0.030700]
Sat 14 Mar 2026 18:14:40 INFO  valid result: 
hit@10 : 0.0307    ndcg@10 : 0.0135    mrr@10 : 0.0083
Sat 14 Mar 2026 18:15:22 INFO  epoch 11 training [time: 41.34s, train loss: 1128.5992]
Sat 14 Mar 2026 18:15:22 INFO  epoch 11 evaluating [time: 0.12s, valid_score: 0.034400]
Sat 14 Mar 2026 18:15:22 INFO  valid result: 
hit@10 : 0.0344    ndcg@10 : 0.015    mrr@10 : 0.0091
Sat 14 Mar 2026 18:16:03 INFO  epoch 12 training [time: 41.47s, train loss: 1096.4623]
Sat 14 Mar 2026 18:16:03 INFO  epoch 12 evaluating [time: 0.13s, valid_score: 0.033500]
Sat 14 Mar 2026 18:16:03 INFO  valid result: 
hit@10 : 0.0335    ndcg@10 : 0.0146    mrr@10 : 0.0089
Sat 14 Mar 2026 18:16:44 INFO  epoch 13 training [time: 40.87s, train loss: 1067.5359]
Sat 14 Mar 2026 18:16:44 INFO  epoch 13 evaluating [time: 0.11s, valid_score: 0.033900]
Sat 14 Mar 2026 18:16:44 INFO  valid result: 
hit@10 : 0.0339    ndcg@10 : 0.0151    mrr@10 : 0.0094
Sat 14 Mar 2026 18:17:30 INFO  epoch 14 training [time: 45.82s, train loss: 1044.1996]
Sat 14 Mar 2026 18:17:30 INFO  epoch 14 evaluating [time: 0.10s, valid_score: 0.033900]
Sat 14 Mar 2026 18:17:30 INFO  valid result: 
hit@10 : 0.0339    ndcg@10 : 0.0148    mrr@10 : 0.009
Sat 14 Mar 2026 18:18:14 INFO  epoch 15 training [time: 43.76s, train loss: 1019.2374]
Sat 14 Mar 2026 18:18:14 INFO  epoch 15 evaluating [time: 0.10s, valid_score: 0.032600]
Sat 14 Mar 2026 18:18:14 INFO  valid result: 
hit@10 : 0.0326    ndcg@10 : 0.0149    mrr@10 : 0.0095
Sat 14 Mar 2026 18:18:56 INFO  epoch 16 training [time: 42.25s, train loss: 999.0163]
Sat 14 Mar 2026 18:18:57 INFO  epoch 16 evaluating [time: 0.11s, valid_score: 0.034400]
Sat 14 Mar 2026 18:18:57 INFO  valid result: 
hit@10 : 0.0344    ndcg@10 : 0.0153    mrr@10 : 0.0095
Sat 14 Mar 2026 18:19:40 INFO  epoch 17 training [time: 43.72s, train loss: 975.0964]
Sat 14 Mar 2026 18:19:40 INFO  epoch 17 evaluating [time: 0.09s, valid_score: 0.034400]
Sat 14 Mar 2026 18:19:40 INFO  valid result: 
hit@10 : 0.0344    ndcg@10 : 0.0152    mrr@10 : 0.0094
Sat 14 Mar 2026 18:20:24 INFO  epoch 18 training [time: 43.43s, train loss: 955.9476]
Sat 14 Mar 2026 18:20:24 INFO  epoch 18 evaluating [time: 0.11s, valid_score: 0.029400]
Sat 14 Mar 2026 18:20:24 INFO  valid result: 
hit@10 : 0.0294    ndcg@10 : 0.0139    mrr@10 : 0.0092
Sat 14 Mar 2026 18:21:06 INFO  epoch 19 training [time: 41.71s, train loss: 937.7147]
Sat 14 Mar 2026 18:21:06 INFO  epoch 19 evaluating [time: 0.10s, valid_score: 0.032100]
Sat 14 Mar 2026 18:21:06 INFO  valid result: 
hit@10 : 0.0321    ndcg@10 : 0.0151    mrr@10 : 0.01
Sat 14 Mar 2026 18:21:06 INFO  Finished training, best eval result in epoch 8
Sat 14 Mar 2026 18:21:06 INFO  Loading model structure and parameters from saved\TimeWeaver-Mar-14-2026_18-09-02.pth
Sat 14 Mar 2026 18:21:07 INFO  The running environment of this training is as follows:
+-------------+----------------+
| Environment |     Usage      |
+=============+================+
| CPU         |    12.10 %     |
+-------------+----------------+
| GPU         | 0.33 G/6.00 G  |
+-------------+----------------+
| Memory      | 0.62 G/15.63 G |
+-------------+----------------+
Sat 14 Mar 2026 18:21:07 INFO  best valid : OrderedDict([('hit@10', 0.0349), ('ndcg@10', 0.0149), ('mrr@10', 0.0089)])
Sat 14 Mar 2026 18:21:07 INFO  test result: OrderedDict([('hit@10', 0.0225), ('ndcg@10', 0.0105), ('mrr@10', 0.0069)])
