Wed 11 Feb 2026 19:13:05 INFO  ['F:\\桌面\\recommendation_system\\scripts\\run_grid.py', '--models', 'timeweaver', '--datasets', 'amazon-beauty-5core-subset', '--seeds', '42', '--device', 'gpu', '--timeweaver-variant', 'base', '--tag', 'e0p1_k7_d0p5_l1_f256_b1000', '--output', 'results/run_grid_timeweaver_tune.json', '--tw-ema-decay', '0.1', '--tw-tcn-kernel', '7', '--tw-hidden-dropout', '0.5', '--tw-num-layers', '1', '--tw-ffn-hidden', '256', '--tw-time-bucket', '1000']
Wed 11 Feb 2026 19:13:05 INFO  
General Hyper Parameters:
gpu_id = 0
use_gpu = True
seed = 42
state = INFO
reproducibility = True
data_path = data/amazon\amazon-beauty-5core-subset
checkpoint_dir = saved
show_progress = True
save_dataset = False
dataset_save_path = None
save_dataloaders = False
dataloaders_save_path = None
log_wandb = False

Training Hyper Parameters:
epochs = 100
train_batch_size = 256
learner = adam
learning_rate = 0.001
train_neg_sample_args = {'distribution': 'none', 'sample_num': 'none', 'alpha': 'none', 'dynamic': False, 'candidate_num': 0}
eval_step = 1
stopping_step = 10
clip_grad_norm = None
weight_decay = 0.0
loss_decimal_place = 4

Evaluation Hyper Parameters:
eval_args = {'split': {'LS': 'valid_and_test'}, 'order': 'TO', 'group_by': 'user', 'mode': {'valid': 'uni100', 'test': 'uni100'}}
repeatable = True
metrics = ['Hit', 'NDCG', 'MRR']
topk = [10]
valid_metric = MRR@10
valid_metric_bigger = True
eval_batch_size = 512
metric_decimal_place = 4

Dataset Hyper Parameters:
field_separator = 	
seq_separator =  
USER_ID_FIELD = user_id
ITEM_ID_FIELD = item_id
RATING_FIELD = rating
TIME_FIELD = timestamp
seq_len = None
LABEL_FIELD = label
threshold = None
NEG_PREFIX = neg_
load_col = {'inter': ['user_id', 'item_id', 'rating', 'timestamp']}
unload_col = None
unused_col = None
additional_feat_suffix = None
rm_dup_inter = None
val_interval = None
filter_inter_by_user_or_item = True
user_inter_num_interval = [0,inf)
item_inter_num_interval = [0,inf)
alias_of_user_id = None
alias_of_item_id = None
alias_of_entity_id = None
alias_of_relation_id = None
preload_weight = None
normalize_field = None
normalize_all = None
ITEM_LIST_LENGTH_FIELD = item_length
LIST_SUFFIX = _list
MAX_ITEM_LIST_LENGTH = 32
POSITION_FIELD = position_id
HEAD_ENTITY_ID_FIELD = head_id
TAIL_ENTITY_ID_FIELD = tail_id
RELATION_ID_FIELD = relation_id
ENTITY_ID_FIELD = entity_id
benchmark_filename = None

Other Hyper Parameters: 
worker = 0
wandb_project = recbole
shuffle = True
require_pow = False
enable_amp = False
enable_scaler = False
transform = None
numerical_features = []
discretization = None
kg_reverse_r = False
entity_kg_num_interval = [0,inf)
relation_kg_num_interval = [0,inf)
MODEL_TYPE = ModelType.SEQUENTIAL
model_name = TimeWeaver
hidden_size = 64
num_layers = 1
hidden_dropout_prob = 0.5
initializer_range = 0.02
time_bucket_size = 1000
ema_decay = 0.1
tcn_kernel_size = 7
ffn_hidden_size = 256
loss_type = CE
early_stop = 10
neg_sampling = None
device = cuda
use_continuous_time = False
use_time_gate = False
use_time_augmentation = False
MODEL_INPUT_TYPE = InputType.POINTWISE
eval_type = EvaluatorType.RANKING
single_spec = True
local_rank = 0
valid_neg_sample_args = {'distribution': 'uniform', 'sample_num': 100}
test_neg_sample_args = {'distribution': 'uniform', 'sample_num': 100}


Wed 11 Feb 2026 19:13:05 INFO  amazon-beauty-5core-subset
The number of users: 7001
Average actions of users: 15.458
The number of items: 11924
Average actions of items: 9.075400486454752
The number of inters: 108206
The sparsity of the dataset: 99.87038081155896%
Remain Fields: ['user_id', 'item_id', 'rating', 'timestamp']
Wed 11 Feb 2026 19:13:07 INFO  [Training]: train_batch_size = [256] train_neg_sample_args: [{'distribution': 'none', 'sample_num': 'none', 'alpha': 'none', 'dynamic': False, 'candidate_num': 0}]
Wed 11 Feb 2026 19:13:07 INFO  [Evaluation]: eval_batch_size = [512] eval_args: [{'split': {'LS': 'valid_and_test'}, 'order': 'TO', 'group_by': 'user', 'mode': {'valid': 'uni100', 'test': 'uni100'}}]
Wed 11 Feb 2026 19:13:07 INFO  TimeWeaver(
  (item_embedding): Embedding(11924, 64, padding_idx=0)
  (time_aug): TimeAwareAugmentation(
    (pos_embedding): Embedding(32, 64)
    (time_embedding): Embedding(1000, 64)
    (layer_norm): LayerNorm((64,), eps=1e-05, elementwise_affine=True)
    (drop): Dropout(p=0.5, inplace=False)
  )
  (context_layers): ModuleList(
    (0): TCNNextBlock(
      (dw): DepthwiseConv1d(
        (conv): Conv1d(64, 64, kernel_size=(7,), stride=(1,), padding=(3,), groups=64)
        (bn): BatchNorm1d(64, eps=1e-05, momentum=0.1, affine=True, track_running_stats=True)
        (drop): Dropout(p=0.5, inplace=False)
      )
      (norm1): LayerNorm((64,), eps=1e-05, elementwise_affine=True)
      (conv_inter): ParallelConvInter(
        (conv1): Conv1d(64, 64, kernel_size=(1,), stride=(1,))
        (conv3): Conv1d(64, 64, kernel_size=(3,), stride=(1,), padding=(1,))
        (proj): Conv1d(64, 64, kernel_size=(1,), stride=(1,))
        (drop): Dropout(p=0.5, inplace=False)
      )
      (norm2): LayerNorm((64,), eps=1e-05, elementwise_affine=True)
      (ffn): Sequential(
        (0): Linear(in_features=64, out_features=256, bias=True)
        (1): GELU(approximate='none')
        (2): Dropout(p=0.5, inplace=False)
        (3): Linear(in_features=256, out_features=64, bias=True)
        (4): Dropout(p=0.5, inplace=False)
      )
      (norm3): LayerNorm((64,), eps=1e-05, elementwise_affine=True)
    )
  )
  (dynamic_layers): ModuleList(
    (0): EMAStream(
      (proj): Linear(in_features=64, out_features=64, bias=True)
    )
  )
  (weavers): ModuleList(
    (0): StreamWeaver(
      (proj): Linear(in_features=128, out_features=64, bias=True)
      (norm): LayerNorm((64,), eps=1e-05, elementwise_affine=True)
    )
  )
  (loss_fct): CrossEntropyLoss()
)
Trainable parameters: 896641.0
Wed 11 Feb 2026 19:13:07 INFO  FLOPs: 2146304.0
Wed 11 Feb 2026 19:13:24 INFO  epoch 0 training [time: 15.99s, train loss: 2938.9425]
Wed 11 Feb 2026 19:13:32 INFO  epoch 0 evaluating [time: 7.74s, valid_score: 0.214800]
Wed 11 Feb 2026 19:13:32 INFO  valid result: 
hit@10 : 0.4583    ndcg@10 : 0.2726    mrr@10 : 0.2148
Wed 11 Feb 2026 19:13:32 INFO  Saving current: saved\TimeWeaver-Feb-11-2026_19-13-07.pth
Wed 11 Feb 2026 19:13:49 INFO  epoch 1 training [time: 16.77s, train loss: 2683.9984]
Wed 11 Feb 2026 19:13:57 INFO  epoch 1 evaluating [time: 8.10s, valid_score: 0.287200]
Wed 11 Feb 2026 19:13:57 INFO  valid result: 
hit@10 : 0.5039    ndcg@10 : 0.3389    mrr@10 : 0.2872
Wed 11 Feb 2026 19:13:57 INFO  Saving current: saved\TimeWeaver-Feb-11-2026_19-13-07.pth
Wed 11 Feb 2026 19:14:14 INFO  epoch 2 training [time: 16.91s, train loss: 2519.9607]
Wed 11 Feb 2026 19:14:22 INFO  epoch 2 evaluating [time: 8.15s, valid_score: 0.329600]
Wed 11 Feb 2026 19:14:22 INFO  valid result: 
hit@10 : 0.5294    ndcg@10 : 0.3773    mrr@10 : 0.3296
Wed 11 Feb 2026 19:14:22 INFO  Saving current: saved\TimeWeaver-Feb-11-2026_19-13-07.pth
Wed 11 Feb 2026 19:14:39 INFO  epoch 3 training [time: 16.77s, train loss: 2403.8342]
Wed 11 Feb 2026 19:14:46 INFO  epoch 3 evaluating [time: 7.72s, valid_score: 0.342000]
Wed 11 Feb 2026 19:14:46 INFO  valid result: 
hit@10 : 0.5369    ndcg@10 : 0.3885    mrr@10 : 0.342
Wed 11 Feb 2026 19:14:46 INFO  Saving current: saved\TimeWeaver-Feb-11-2026_19-13-07.pth
Wed 11 Feb 2026 19:15:03 INFO  epoch 4 training [time: 16.40s, train loss: 2310.0407]
Wed 11 Feb 2026 19:15:11 INFO  epoch 4 evaluating [time: 8.03s, valid_score: 0.342500]
Wed 11 Feb 2026 19:15:11 INFO  valid result: 
hit@10 : 0.5337    ndcg@10 : 0.3881    mrr@10 : 0.3425
Wed 11 Feb 2026 19:15:11 INFO  Saving current: saved\TimeWeaver-Feb-11-2026_19-13-07.pth
Wed 11 Feb 2026 19:15:28 INFO  epoch 5 training [time: 17.48s, train loss: 2231.4231]
Wed 11 Feb 2026 19:15:37 INFO  epoch 5 evaluating [time: 8.33s, valid_score: 0.344300]
Wed 11 Feb 2026 19:15:37 INFO  valid result: 
hit@10 : 0.5316    ndcg@10 : 0.3891    mrr@10 : 0.3443
Wed 11 Feb 2026 19:15:37 INFO  Saving current: saved\TimeWeaver-Feb-11-2026_19-13-07.pth
Wed 11 Feb 2026 19:15:54 INFO  epoch 6 training [time: 17.20s, train loss: 2166.6161]
Wed 11 Feb 2026 19:16:02 INFO  epoch 6 evaluating [time: 8.47s, valid_score: 0.346700]
Wed 11 Feb 2026 19:16:02 INFO  valid result: 
hit@10 : 0.5323    ndcg@10 : 0.391    mrr@10 : 0.3467
Wed 11 Feb 2026 19:16:02 INFO  Saving current: saved\TimeWeaver-Feb-11-2026_19-13-07.pth
Wed 11 Feb 2026 19:16:19 INFO  epoch 7 training [time: 16.51s, train loss: 2112.5222]
Wed 11 Feb 2026 19:16:27 INFO  epoch 7 evaluating [time: 7.88s, valid_score: 0.346700]
Wed 11 Feb 2026 19:16:27 INFO  valid result: 
hit@10 : 0.5316    ndcg@10 : 0.3908    mrr@10 : 0.3467
Wed 11 Feb 2026 19:16:27 INFO  Saving current: saved\TimeWeaver-Feb-11-2026_19-13-07.pth
Wed 11 Feb 2026 19:16:44 INFO  epoch 8 training [time: 16.83s, train loss: 2070.1458]
Wed 11 Feb 2026 19:16:52 INFO  epoch 8 evaluating [time: 8.03s, valid_score: 0.344900]
Wed 11 Feb 2026 19:16:52 INFO  valid result: 
hit@10 : 0.5281    ndcg@10 : 0.3886    mrr@10 : 0.3449
Wed 11 Feb 2026 19:17:09 INFO  epoch 9 training [time: 16.93s, train loss: 2033.8239]
Wed 11 Feb 2026 19:17:17 INFO  epoch 9 evaluating [time: 7.96s, valid_score: 0.345800]
Wed 11 Feb 2026 19:17:17 INFO  valid result: 
hit@10 : 0.5297    ndcg@10 : 0.3897    mrr@10 : 0.3458
Wed 11 Feb 2026 19:17:33 INFO  epoch 10 training [time: 16.67s, train loss: 2002.3654]
Wed 11 Feb 2026 19:17:41 INFO  epoch 10 evaluating [time: 7.85s, valid_score: 0.345000]
Wed 11 Feb 2026 19:17:41 INFO  valid result: 
hit@10 : 0.5316    ndcg@10 : 0.3896    mrr@10 : 0.345
Wed 11 Feb 2026 19:17:58 INFO  epoch 11 training [time: 16.52s, train loss: 1975.8948]
Wed 11 Feb 2026 19:18:05 INFO  epoch 11 evaluating [time: 7.77s, valid_score: 0.350700]
Wed 11 Feb 2026 19:18:05 INFO  valid result: 
hit@10 : 0.5331    ndcg@10 : 0.3942    mrr@10 : 0.3507
Wed 11 Feb 2026 19:18:05 INFO  Saving current: saved\TimeWeaver-Feb-11-2026_19-13-07.pth
Wed 11 Feb 2026 19:18:22 INFO  epoch 12 training [time: 16.58s, train loss: 1952.4956]
Wed 11 Feb 2026 19:18:30 INFO  epoch 12 evaluating [time: 7.93s, valid_score: 0.347200]
Wed 11 Feb 2026 19:18:30 INFO  valid result: 
hit@10 : 0.5311    ndcg@10 : 0.3911    mrr@10 : 0.3472
Wed 11 Feb 2026 19:18:47 INFO  epoch 13 training [time: 16.67s, train loss: 1931.9131]
Wed 11 Feb 2026 19:18:55 INFO  epoch 13 evaluating [time: 7.98s, valid_score: 0.343900]
Wed 11 Feb 2026 19:18:55 INFO  valid result: 
hit@10 : 0.5334    ndcg@10 : 0.3891    mrr@10 : 0.3439
Wed 11 Feb 2026 19:19:12 INFO  epoch 14 training [time: 17.36s, train loss: 1912.7531]
Wed 11 Feb 2026 19:19:20 INFO  epoch 14 evaluating [time: 8.19s, valid_score: 0.345900]
Wed 11 Feb 2026 19:19:20 INFO  valid result: 
hit@10 : 0.5307    ndcg@10 : 0.3899    mrr@10 : 0.3459
Wed 11 Feb 2026 19:19:38 INFO  epoch 15 training [time: 17.65s, train loss: 1896.8917]
Wed 11 Feb 2026 19:19:46 INFO  epoch 15 evaluating [time: 8.42s, valid_score: 0.347700]
Wed 11 Feb 2026 19:19:46 INFO  valid result: 
hit@10 : 0.5314    ndcg@10 : 0.3914    mrr@10 : 0.3477
Wed 11 Feb 2026 19:20:04 INFO  epoch 16 training [time: 17.36s, train loss: 1880.6831]
Wed 11 Feb 2026 19:20:11 INFO  epoch 16 evaluating [time: 7.87s, valid_score: 0.345300]
Wed 11 Feb 2026 19:20:11 INFO  valid result: 
hit@10 : 0.5293    ndcg@10 : 0.3892    mrr@10 : 0.3453
Wed 11 Feb 2026 19:20:28 INFO  epoch 17 training [time: 16.86s, train loss: 1863.3723]
Wed 11 Feb 2026 19:20:36 INFO  epoch 17 evaluating [time: 8.11s, valid_score: 0.343600]
Wed 11 Feb 2026 19:20:36 INFO  valid result: 
hit@10 : 0.5317    ndcg@10 : 0.3884    mrr@10 : 0.3436
Wed 11 Feb 2026 19:20:53 INFO  epoch 18 training [time: 16.95s, train loss: 1849.8660]
Wed 11 Feb 2026 19:21:02 INFO  epoch 18 evaluating [time: 8.30s, valid_score: 0.344200]
Wed 11 Feb 2026 19:21:02 INFO  valid result: 
hit@10 : 0.5306    ndcg@10 : 0.3886    mrr@10 : 0.3442
Wed 11 Feb 2026 19:21:18 INFO  epoch 19 training [time: 16.43s, train loss: 1834.9505]
Wed 11 Feb 2026 19:21:26 INFO  epoch 19 evaluating [time: 7.72s, valid_score: 0.343000]
Wed 11 Feb 2026 19:21:26 INFO  valid result: 
hit@10 : 0.5299    ndcg@10 : 0.3875    mrr@10 : 0.343
Wed 11 Feb 2026 19:21:42 INFO  epoch 20 training [time: 16.54s, train loss: 1823.8947]
Wed 11 Feb 2026 19:21:51 INFO  epoch 20 evaluating [time: 8.16s, valid_score: 0.343000]
Wed 11 Feb 2026 19:21:51 INFO  valid result: 
hit@10 : 0.5254    ndcg@10 : 0.3865    mrr@10 : 0.343
Wed 11 Feb 2026 19:22:07 INFO  epoch 21 training [time: 16.86s, train loss: 1807.1775]
Wed 11 Feb 2026 19:22:16 INFO  epoch 21 evaluating [time: 8.13s, valid_score: 0.344900]
Wed 11 Feb 2026 19:22:16 INFO  valid result: 
hit@10 : 0.5296    ndcg@10 : 0.3888    mrr@10 : 0.3449
Wed 11 Feb 2026 19:22:33 INFO  epoch 22 training [time: 16.97s, train loss: 1795.0872]
Wed 11 Feb 2026 19:22:40 INFO  epoch 22 evaluating [time: 7.74s, valid_score: 0.342900]
Wed 11 Feb 2026 19:22:40 INFO  valid result: 
hit@10 : 0.528    ndcg@10 : 0.387    mrr@10 : 0.3429
Wed 11 Feb 2026 19:22:40 INFO  Finished training, best eval result in epoch 11
Wed 11 Feb 2026 19:22:40 INFO  Loading model structure and parameters from saved\TimeWeaver-Feb-11-2026_19-13-07.pth
Wed 11 Feb 2026 19:22:49 INFO  The running environment of this training is as follows:
+-------------+----------------+
| Environment |     Usage      |
+=============+================+
| CPU         |     3.10 %     |
+-------------+----------------+
| GPU         | 0.18 G/6.00 G  |
+-------------+----------------+
| Memory      | 1.54 G/15.63 G |
+-------------+----------------+
Wed 11 Feb 2026 19:22:49 INFO  best valid : OrderedDict([('hit@10', 0.5331), ('ndcg@10', 0.3942), ('mrr@10', 0.3507)])
Wed 11 Feb 2026 19:22:49 INFO  test result: OrderedDict([('hit@10', 0.4887), ('ndcg@10', 0.3461), ('mrr@10', 0.3018)])
