Fri 20 Feb 2026 14:19:22 INFO  ['F:\\桌面\\recommendation_system\\scripts\\run_grid.py', '--models', 'timeweaver', '--datasets', 'amazon-beauty-5core-subset', '--timeweaver-variant', 'aug', '--seeds', '42,2023,2024', '--device', 'gpu', '--output', 'results/timeweaver_tta_quad_amazon-beauty-5core-subset.json', '--tag', 'aug_no_tta']
Fri 20 Feb 2026 14:19:22 INFO  
General Hyper Parameters:
gpu_id = 0
use_gpu = True
seed = 42
state = INFO
reproducibility = True
data_path = data/amazon\amazon-beauty-5core-subset
checkpoint_dir = saved
show_progress = True
save_dataset = False
dataset_save_path = None
save_dataloaders = False
dataloaders_save_path = None
log_wandb = False

Training Hyper Parameters:
epochs = 100
train_batch_size = 256
learner = adam
learning_rate = 0.001
train_neg_sample_args = {'distribution': 'none', 'sample_num': 'none', 'alpha': 'none', 'dynamic': False, 'candidate_num': 0}
eval_step = 1
stopping_step = 10
clip_grad_norm = None
weight_decay = 0.0
loss_decimal_place = 4

Evaluation Hyper Parameters:
eval_args = {'split': {'LS': 'valid_and_test'}, 'order': 'TO', 'group_by': 'user', 'mode': {'valid': 'uni100', 'test': 'uni100'}}
repeatable = True
metrics = ['Hit', 'NDCG', 'MRR']
topk = [10]
valid_metric = Hit@10
valid_metric_bigger = True
eval_batch_size = 512
metric_decimal_place = 4

Dataset Hyper Parameters:
field_separator = 	
seq_separator =  
USER_ID_FIELD = user_id
ITEM_ID_FIELD = item_id
RATING_FIELD = rating
TIME_FIELD = timestamp
seq_len = None
LABEL_FIELD = label
threshold = None
NEG_PREFIX = neg_
load_col = {'inter': ['user_id', 'item_id', 'rating', 'timestamp']}
unload_col = None
unused_col = None
additional_feat_suffix = None
rm_dup_inter = None
val_interval = None
filter_inter_by_user_or_item = True
user_inter_num_interval = [0,inf)
item_inter_num_interval = [0,inf)
alias_of_user_id = None
alias_of_item_id = None
alias_of_entity_id = None
alias_of_relation_id = None
preload_weight = None
normalize_field = None
normalize_all = None
ITEM_LIST_LENGTH_FIELD = item_length
LIST_SUFFIX = _list
MAX_ITEM_LIST_LENGTH = 32
POSITION_FIELD = position_id
HEAD_ENTITY_ID_FIELD = head_id
TAIL_ENTITY_ID_FIELD = tail_id
RELATION_ID_FIELD = relation_id
ENTITY_ID_FIELD = entity_id
benchmark_filename = None

Other Hyper Parameters: 
worker = 0
wandb_project = recbole
shuffle = True
require_pow = False
enable_amp = False
enable_scaler = False
transform = None
numerical_features = []
discretization = None
kg_reverse_r = False
entity_kg_num_interval = [0,inf)
relation_kg_num_interval = [0,inf)
MODEL_TYPE = ModelType.SEQUENTIAL
model_name = TimeWeaver
hidden_size = 64
num_layers = 2
hidden_dropout_prob = 0.5
initializer_range = 0.02
time_bucket_size = 1000
ema_decay = 0.5
tcn_kernel_size = -1
ffn_hidden_size = 256
loss_type = CE
early_stop = 10
neg_sampling = None
device = cuda
use_continuous_time = True
use_time_gate = True
use_time_augmentation = True
MODEL_INPUT_TYPE = InputType.POINTWISE
eval_type = EvaluatorType.RANKING
single_spec = True
local_rank = 0
valid_neg_sample_args = {'distribution': 'uniform', 'sample_num': 100}
test_neg_sample_args = {'distribution': 'uniform', 'sample_num': 100}


Fri 20 Feb 2026 14:19:23 INFO  amazon-beauty-5core-subset
The number of users: 7001
Average actions of users: 15.458
The number of items: 11924
Average actions of items: 9.075400486454752
The number of inters: 108206
The sparsity of the dataset: 99.87038081155896%
Remain Fields: ['user_id', 'item_id', 'rating', 'timestamp']
Fri 20 Feb 2026 14:19:25 INFO  [Training]: train_batch_size = [256] train_neg_sample_args: [{'distribution': 'none', 'sample_num': 'none', 'alpha': 'none', 'dynamic': False, 'candidate_num': 0}]
Fri 20 Feb 2026 14:19:25 INFO  [Evaluation]: eval_batch_size = [512] eval_args: [{'split': {'LS': 'valid_and_test'}, 'order': 'TO', 'group_by': 'user', 'mode': {'valid': 'uni100', 'test': 'uni100'}}]
Fri 20 Feb 2026 14:19:25 INFO  TimeWeaver(
  (item_embedding): Embedding(11924, 64, padding_idx=0)
  (time_aug): TimeAwareAugmentation(
    (pos_embedding): Embedding(32, 64)
    (time_embedder): ContinuousTimeEmbedding(
      (time2vec): Time2Vec()
    )
    (time_gate): TimeGate(
      (net): Sequential(
        (0): Linear(in_features=128, out_features=16, bias=True)
        (1): GELU(approximate='none')
        (2): Linear(in_features=16, out_features=64, bias=True)
        (3): Sigmoid()
      )
    )
    (layer_norm): LayerNorm((64,), eps=1e-05, elementwise_affine=True)
    (drop): Dropout(p=0.5, inplace=False)
  )
  (context_layers): ModuleList(
    (0-1): 2 x TCNNextBlock(
      (dw): DepthwiseConv1d(
        (conv): Conv1d(64, 64, kernel_size=(11,), stride=(1,), padding=(5,), groups=64)
        (bn): BatchNorm1d(64, eps=1e-05, momentum=0.1, affine=True, track_running_stats=True)
        (drop): Dropout(p=0.5, inplace=False)
      )
      (norm1): LayerNorm((64,), eps=1e-05, elementwise_affine=True)
      (conv_inter): ParallelConvInter(
        (conv1): Conv1d(64, 64, kernel_size=(1,), stride=(1,))
        (conv3): Conv1d(64, 64, kernel_size=(3,), stride=(1,), padding=(1,))
        (proj): Conv1d(64, 64, kernel_size=(1,), stride=(1,))
        (drop): Dropout(p=0.5, inplace=False)
      )
      (norm2): LayerNorm((64,), eps=1e-05, elementwise_affine=True)
      (ffn): Sequential(
        (0): Linear(in_features=64, out_features=256, bias=True)
        (1): GELU(approximate='none')
        (2): Dropout(p=0.5, inplace=False)
        (3): Linear(in_features=256, out_features=64, bias=True)
        (4): Dropout(p=0.5, inplace=False)
      )
      (norm3): LayerNorm((64,), eps=1e-05, elementwise_affine=True)
    )
  )
  (dynamic_layers): ModuleList(
    (0-1): 2 x EMAStream(
      (proj): Linear(in_features=64, out_features=64, bias=True)
    )
  )
  (weavers): ModuleList(
    (0-1): 2 x StreamWeaver(
      (proj): Linear(in_features=128, out_features=64, bias=True)
      (norm): LayerNorm((64,), eps=1e-05, elementwise_affine=True)
    )
  )
  (loss_fct): CrossEntropyLoss()
)
Trainable parameters: 903762.0
Fri 20 Feb 2026 14:19:25 INFO  FLOPs: 4395008.0
Fri 20 Feb 2026 14:20:02 INFO  epoch 0 training [time: 35.05s, train loss: 2952.2859]
Fri 20 Feb 2026 14:20:14 INFO  epoch 0 evaluating [time: 12.03s, valid_score: 0.447700]
Fri 20 Feb 2026 14:20:14 INFO  valid result: 
hit@10 : 0.4477    ndcg@10 : 0.262    mrr@10 : 0.2044
Fri 20 Feb 2026 14:20:14 INFO  Saving current: saved\TimeWeaver-Feb-20-2026_14-19-25.pth
Fri 20 Feb 2026 14:20:51 INFO  epoch 1 training [time: 36.99s, train loss: 2713.0673]
Fri 20 Feb 2026 14:21:03 INFO  epoch 1 evaluating [time: 12.47s, valid_score: 0.516400]
Fri 20 Feb 2026 14:21:03 INFO  valid result: 
hit@10 : 0.5164    ndcg@10 : 0.3434    mrr@10 : 0.2891
Fri 20 Feb 2026 14:21:03 INFO  Saving current: saved\TimeWeaver-Feb-20-2026_14-19-25.pth
Fri 20 Feb 2026 14:21:39 INFO  epoch 2 training [time: 35.27s, train loss: 2580.1327]
Fri 20 Feb 2026 14:21:51 INFO  epoch 2 evaluating [time: 12.09s, valid_score: 0.542600]
Fri 20 Feb 2026 14:21:51 INFO  valid result: 
hit@10 : 0.5426    ndcg@10 : 0.3761    mrr@10 : 0.3239
Fri 20 Feb 2026 14:21:51 INFO  Saving current: saved\TimeWeaver-Feb-20-2026_14-19-25.pth
Fri 20 Feb 2026 14:22:41 INFO  epoch 3 training [time: 50.67s, train loss: 2484.2584]
Fri 20 Feb 2026 14:22:53 INFO  epoch 3 evaluating [time: 12.00s, valid_score: 0.546600]
Fri 20 Feb 2026 14:22:53 INFO  valid result: 
hit@10 : 0.5466    ndcg@10 : 0.3889    mrr@10 : 0.3395
Fri 20 Feb 2026 14:22:53 INFO  Saving current: saved\TimeWeaver-Feb-20-2026_14-19-25.pth
Fri 20 Feb 2026 14:24:03 INFO  epoch 4 training [time: 69.19s, train loss: 2398.3699]
Fri 20 Feb 2026 14:24:15 INFO  epoch 4 evaluating [time: 11.89s, valid_score: 0.541600]
Fri 20 Feb 2026 14:24:15 INFO  valid result: 
hit@10 : 0.5416    ndcg@10 : 0.3911    mrr@10 : 0.3439
Fri 20 Feb 2026 14:25:28 INFO  epoch 5 training [time: 73.77s, train loss: 2321.3463]
Fri 20 Feb 2026 14:25:40 INFO  epoch 5 evaluating [time: 11.80s, valid_score: 0.537900]
Fri 20 Feb 2026 14:25:40 INFO  valid result: 
hit@10 : 0.5379    ndcg@10 : 0.3935    mrr@10 : 0.3484
Fri 20 Feb 2026 14:26:52 INFO  epoch 6 training [time: 71.63s, train loss: 2249.0405]
Fri 20 Feb 2026 14:27:04 INFO  epoch 6 evaluating [time: 11.94s, valid_score: 0.545000]
Fri 20 Feb 2026 14:27:04 INFO  valid result: 
hit@10 : 0.545    ndcg@10 : 0.3967    mrr@10 : 0.3502
Fri 20 Feb 2026 14:28:15 INFO  epoch 7 training [time: 71.00s, train loss: 2186.4338]
Fri 20 Feb 2026 14:28:27 INFO  epoch 7 evaluating [time: 12.41s, valid_score: 0.543000]
Fri 20 Feb 2026 14:28:27 INFO  valid result: 
hit@10 : 0.543    ndcg@10 : 0.3974    mrr@10 : 0.3518
Fri 20 Feb 2026 14:29:40 INFO  epoch 8 training [time: 72.64s, train loss: 2134.3094]
Fri 20 Feb 2026 14:29:52 INFO  epoch 8 evaluating [time: 12.07s, valid_score: 0.540100]
Fri 20 Feb 2026 14:29:52 INFO  valid result: 
hit@10 : 0.5401    ndcg@10 : 0.4    mrr@10 : 0.3561
Fri 20 Feb 2026 14:31:04 INFO  epoch 9 training [time: 72.02s, train loss: 2088.5199]
Fri 20 Feb 2026 14:31:16 INFO  epoch 9 evaluating [time: 12.04s, valid_score: 0.541600]
Fri 20 Feb 2026 14:31:16 INFO  valid result: 
hit@10 : 0.5416    ndcg@10 : 0.397    mrr@10 : 0.3518
Fri 20 Feb 2026 14:32:28 INFO  epoch 10 training [time: 71.77s, train loss: 2050.0493]
Fri 20 Feb 2026 14:32:40 INFO  epoch 10 evaluating [time: 12.26s, valid_score: 0.546100]
Fri 20 Feb 2026 14:32:40 INFO  valid result: 
hit@10 : 0.5461    ndcg@10 : 0.3964    mrr@10 : 0.3496
Fri 20 Feb 2026 14:33:52 INFO  epoch 11 training [time: 71.98s, train loss: 2013.9651]
Fri 20 Feb 2026 14:34:04 INFO  epoch 11 evaluating [time: 12.12s, valid_score: 0.546400]
Fri 20 Feb 2026 14:34:04 INFO  valid result: 
hit@10 : 0.5464    ndcg@10 : 0.4033    mrr@10 : 0.3587
Fri 20 Feb 2026 14:35:15 INFO  epoch 12 training [time: 71.37s, train loss: 1984.8301]
Fri 20 Feb 2026 14:35:27 INFO  epoch 12 evaluating [time: 12.01s, valid_score: 0.548300]
Fri 20 Feb 2026 14:35:27 INFO  valid result: 
hit@10 : 0.5483    ndcg@10 : 0.4005    mrr@10 : 0.3545
Fri 20 Feb 2026 14:35:27 INFO  Saving current: saved\TimeWeaver-Feb-20-2026_14-19-25.pth
Fri 20 Feb 2026 14:36:39 INFO  epoch 13 training [time: 71.65s, train loss: 1957.7581]
Fri 20 Feb 2026 14:36:51 INFO  epoch 13 evaluating [time: 12.26s, valid_score: 0.541700]
Fri 20 Feb 2026 14:36:51 INFO  valid result: 
hit@10 : 0.5417    ndcg@10 : 0.3932    mrr@10 : 0.3468
Fri 20 Feb 2026 14:38:03 INFO  epoch 14 training [time: 71.55s, train loss: 1931.2545]
Fri 20 Feb 2026 14:38:15 INFO  epoch 14 evaluating [time: 12.19s, valid_score: 0.542700]
Fri 20 Feb 2026 14:38:15 INFO  valid result: 
hit@10 : 0.5427    ndcg@10 : 0.3943    mrr@10 : 0.3481
Fri 20 Feb 2026 14:39:26 INFO  epoch 15 training [time: 71.36s, train loss: 1908.9253]
Fri 20 Feb 2026 14:39:38 INFO  epoch 15 evaluating [time: 11.84s, valid_score: 0.536900]
Fri 20 Feb 2026 14:39:38 INFO  valid result: 
hit@10 : 0.5369    ndcg@10 : 0.392    mrr@10 : 0.3466
Fri 20 Feb 2026 14:40:50 INFO  epoch 16 training [time: 72.25s, train loss: 1889.6043]
Fri 20 Feb 2026 14:41:03 INFO  epoch 16 evaluating [time: 12.42s, valid_score: 0.538300]
Fri 20 Feb 2026 14:41:03 INFO  valid result: 
hit@10 : 0.5383    ndcg@10 : 0.391    mrr@10 : 0.345
Fri 20 Feb 2026 14:42:14 INFO  epoch 17 training [time: 71.01s, train loss: 1867.7361]
Fri 20 Feb 2026 14:42:26 INFO  epoch 17 evaluating [time: 12.03s, valid_score: 0.538300]
Fri 20 Feb 2026 14:42:26 INFO  valid result: 
hit@10 : 0.5383    ndcg@10 : 0.3917    mrr@10 : 0.3458
Fri 20 Feb 2026 14:43:38 INFO  epoch 18 training [time: 71.56s, train loss: 1851.3479]
Fri 20 Feb 2026 14:43:49 INFO  epoch 18 evaluating [time: 11.84s, valid_score: 0.537700]
Fri 20 Feb 2026 14:43:49 INFO  valid result: 
hit@10 : 0.5377    ndcg@10 : 0.3926    mrr@10 : 0.3472
Fri 20 Feb 2026 14:45:02 INFO  epoch 19 training [time: 73.09s, train loss: 1833.0485]
Fri 20 Feb 2026 14:45:15 INFO  epoch 19 evaluating [time: 12.36s, valid_score: 0.537600]
Fri 20 Feb 2026 14:45:15 INFO  valid result: 
hit@10 : 0.5376    ndcg@10 : 0.3927    mrr@10 : 0.3474
Fri 20 Feb 2026 14:46:26 INFO  epoch 20 training [time: 71.00s, train loss: 1815.2906]
Fri 20 Feb 2026 14:46:38 INFO  epoch 20 evaluating [time: 11.98s, valid_score: 0.535000]
Fri 20 Feb 2026 14:46:38 INFO  valid result: 
hit@10 : 0.535    ndcg@10 : 0.3876    mrr@10 : 0.3415
Fri 20 Feb 2026 14:47:49 INFO  epoch 21 training [time: 71.54s, train loss: 1799.7655]
Fri 20 Feb 2026 14:48:01 INFO  epoch 21 evaluating [time: 11.87s, valid_score: 0.540100]
Fri 20 Feb 2026 14:48:01 INFO  valid result: 
hit@10 : 0.5401    ndcg@10 : 0.3917    mrr@10 : 0.3454
Fri 20 Feb 2026 14:49:14 INFO  epoch 22 training [time: 72.96s, train loss: 1782.8828]
Fri 20 Feb 2026 14:49:26 INFO  epoch 22 evaluating [time: 11.92s, valid_score: 0.535600]
Fri 20 Feb 2026 14:49:26 INFO  valid result: 
hit@10 : 0.5356    ndcg@10 : 0.3898    mrr@10 : 0.3443
Fri 20 Feb 2026 14:50:37 INFO  epoch 23 training [time: 71.36s, train loss: 1766.4115]
Fri 20 Feb 2026 14:50:49 INFO  epoch 23 evaluating [time: 11.96s, valid_score: 0.539900]
Fri 20 Feb 2026 14:50:49 INFO  valid result: 
hit@10 : 0.5399    ndcg@10 : 0.3893    mrr@10 : 0.3423
Fri 20 Feb 2026 14:50:49 INFO  Finished training, best eval result in epoch 12
Fri 20 Feb 2026 14:50:49 INFO  Loading model structure and parameters from saved\TimeWeaver-Feb-20-2026_14-19-25.pth
Fri 20 Feb 2026 14:51:02 INFO  The running environment of this training is as follows:
+-------------+----------------+
| Environment |     Usage      |
+=============+================+
| CPU         |     6.30 %     |
+-------------+----------------+
| GPU         | 0.31 G/6.00 G  |
+-------------+----------------+
| Memory      | 1.65 G/15.63 G |
+-------------+----------------+
Fri 20 Feb 2026 14:51:02 INFO  best valid : OrderedDict([('hit@10', 0.5483), ('ndcg@10', 0.4005), ('mrr@10', 0.3545)])
Fri 20 Feb 2026 14:51:02 INFO  test result: OrderedDict([('hit@10', 0.5013), ('ndcg@10', 0.3535), ('mrr@10', 0.3074)])
Fri 20 Feb 2026 14:51:02 WARNING  command line args [--models timeweaver --datasets amazon-beauty-5core-subset --timeweaver-variant aug --seeds 42,2023,2024 --device gpu --output results/timeweaver_tta_quad_amazon-beauty-5core-subset.json --tag aug_no_tta] will not be used in RecBole
Fri 20 Feb 2026 14:51:02 INFO  ['F:\\桌面\\recommendation_system\\scripts\\run_grid.py', '--models', 'timeweaver', '--datasets', 'amazon-beauty-5core-subset', '--timeweaver-variant', 'aug', '--seeds', '42,2023,2024', '--device', 'gpu', '--output', 'results/timeweaver_tta_quad_amazon-beauty-5core-subset.json', '--tag', 'aug_no_tta']
Fri 20 Feb 2026 14:51:02 INFO  
General Hyper Parameters:
gpu_id = 0
use_gpu = True
seed = 2023
state = INFO
reproducibility = True
data_path = data/amazon\amazon-beauty-5core-subset
checkpoint_dir = saved
show_progress = True
save_dataset = False
dataset_save_path = None
save_dataloaders = False
dataloaders_save_path = None
log_wandb = False

Training Hyper Parameters:
epochs = 100
train_batch_size = 256
learner = adam
learning_rate = 0.001
train_neg_sample_args = {'distribution': 'none', 'sample_num': 'none', 'alpha': 'none', 'dynamic': False, 'candidate_num': 0}
eval_step = 1
stopping_step = 10
clip_grad_norm = None
weight_decay = 0.0
loss_decimal_place = 4

Evaluation Hyper Parameters:
eval_args = {'split': {'LS': 'valid_and_test'}, 'order': 'TO', 'group_by': 'user', 'mode': {'valid': 'uni100', 'test': 'uni100'}}
repeatable = True
metrics = ['Hit', 'NDCG', 'MRR']
topk = [10]
valid_metric = Hit@10
valid_metric_bigger = True
eval_batch_size = 512
metric_decimal_place = 4

Dataset Hyper Parameters:
field_separator = 	
seq_separator =  
USER_ID_FIELD = user_id
ITEM_ID_FIELD = item_id
RATING_FIELD = rating
TIME_FIELD = timestamp
seq_len = None
LABEL_FIELD = label
threshold = None
NEG_PREFIX = neg_
load_col = {'inter': ['user_id', 'item_id', 'rating', 'timestamp']}
unload_col = None
unused_col = None
additional_feat_suffix = None
rm_dup_inter = None
val_interval = None
filter_inter_by_user_or_item = True
user_inter_num_interval = [0,inf)
item_inter_num_interval = [0,inf)
alias_of_user_id = None
alias_of_item_id = None
alias_of_entity_id = None
alias_of_relation_id = None
preload_weight = None
normalize_field = None
normalize_all = None
ITEM_LIST_LENGTH_FIELD = item_length
LIST_SUFFIX = _list
MAX_ITEM_LIST_LENGTH = 32
POSITION_FIELD = position_id
HEAD_ENTITY_ID_FIELD = head_id
TAIL_ENTITY_ID_FIELD = tail_id
RELATION_ID_FIELD = relation_id
ENTITY_ID_FIELD = entity_id
benchmark_filename = None

Other Hyper Parameters: 
worker = 0
wandb_project = recbole
shuffle = True
require_pow = False
enable_amp = False
enable_scaler = False
transform = None
numerical_features = []
discretization = None
kg_reverse_r = False
entity_kg_num_interval = [0,inf)
relation_kg_num_interval = [0,inf)
MODEL_TYPE = ModelType.SEQUENTIAL
model_name = TimeWeaver
hidden_size = 64
num_layers = 2
hidden_dropout_prob = 0.5
initializer_range = 0.02
time_bucket_size = 1000
ema_decay = 0.5
tcn_kernel_size = -1
ffn_hidden_size = 256
loss_type = CE
early_stop = 10
neg_sampling = None
device = cuda
use_continuous_time = True
use_time_gate = True
use_time_augmentation = True
MODEL_INPUT_TYPE = InputType.POINTWISE
eval_type = EvaluatorType.RANKING
single_spec = True
local_rank = 0
valid_neg_sample_args = {'distribution': 'uniform', 'sample_num': 100}
test_neg_sample_args = {'distribution': 'uniform', 'sample_num': 100}


Fri 20 Feb 2026 14:51:03 INFO  amazon-beauty-5core-subset
The number of users: 7001
Average actions of users: 15.458
The number of items: 11924
Average actions of items: 9.075400486454752
The number of inters: 108206
The sparsity of the dataset: 99.87038081155896%
Remain Fields: ['user_id', 'item_id', 'rating', 'timestamp']
Fri 20 Feb 2026 14:51:05 INFO  [Training]: train_batch_size = [256] train_neg_sample_args: [{'distribution': 'none', 'sample_num': 'none', 'alpha': 'none', 'dynamic': False, 'candidate_num': 0}]
Fri 20 Feb 2026 14:51:05 INFO  [Evaluation]: eval_batch_size = [512] eval_args: [{'split': {'LS': 'valid_and_test'}, 'order': 'TO', 'group_by': 'user', 'mode': {'valid': 'uni100', 'test': 'uni100'}}]
Fri 20 Feb 2026 14:51:05 INFO  TimeWeaver(
  (item_embedding): Embedding(11924, 64, padding_idx=0)
  (time_aug): TimeAwareAugmentation(
    (pos_embedding): Embedding(32, 64)
    (time_embedder): ContinuousTimeEmbedding(
      (time2vec): Time2Vec()
    )
    (time_gate): TimeGate(
      (net): Sequential(
        (0): Linear(in_features=128, out_features=16, bias=True)
        (1): GELU(approximate='none')
        (2): Linear(in_features=16, out_features=64, bias=True)
        (3): Sigmoid()
      )
    )
    (layer_norm): LayerNorm((64,), eps=1e-05, elementwise_affine=True)
    (drop): Dropout(p=0.5, inplace=False)
  )
  (context_layers): ModuleList(
    (0-1): 2 x TCNNextBlock(
      (dw): DepthwiseConv1d(
        (conv): Conv1d(64, 64, kernel_size=(11,), stride=(1,), padding=(5,), groups=64)
        (bn): BatchNorm1d(64, eps=1e-05, momentum=0.1, affine=True, track_running_stats=True)
        (drop): Dropout(p=0.5, inplace=False)
      )
      (norm1): LayerNorm((64,), eps=1e-05, elementwise_affine=True)
      (conv_inter): ParallelConvInter(
        (conv1): Conv1d(64, 64, kernel_size=(1,), stride=(1,))
        (conv3): Conv1d(64, 64, kernel_size=(3,), stride=(1,), padding=(1,))
        (proj): Conv1d(64, 64, kernel_size=(1,), stride=(1,))
        (drop): Dropout(p=0.5, inplace=False)
      )
      (norm2): LayerNorm((64,), eps=1e-05, elementwise_affine=True)
      (ffn): Sequential(
        (0): Linear(in_features=64, out_features=256, bias=True)
        (1): GELU(approximate='none')
        (2): Dropout(p=0.5, inplace=False)
        (3): Linear(in_features=256, out_features=64, bias=True)
        (4): Dropout(p=0.5, inplace=False)
      )
      (norm3): LayerNorm((64,), eps=1e-05, elementwise_affine=True)
    )
  )
  (dynamic_layers): ModuleList(
    (0-1): 2 x EMAStream(
      (proj): Linear(in_features=64, out_features=64, bias=True)
    )
  )
  (weavers): ModuleList(
    (0-1): 2 x StreamWeaver(
      (proj): Linear(in_features=128, out_features=64, bias=True)
      (norm): LayerNorm((64,), eps=1e-05, elementwise_affine=True)
    )
  )
  (loss_fct): CrossEntropyLoss()
)
Trainable parameters: 903762.0
Fri 20 Feb 2026 14:51:05 INFO  FLOPs: 4395008.0
Fri 20 Feb 2026 14:51:41 INFO  epoch 0 training [time: 36.56s, train loss: 2950.8411]
Fri 20 Feb 2026 14:51:53 INFO  epoch 0 evaluating [time: 12.07s, valid_score: 0.448600]
Fri 20 Feb 2026 14:51:53 INFO  valid result: 
hit@10 : 0.4486    ndcg@10 : 0.2623    mrr@10 : 0.2045
Fri 20 Feb 2026 14:51:53 INFO  Saving current: saved\TimeWeaver-Feb-20-2026_14-51-05.pth
Fri 20 Feb 2026 14:52:29 INFO  epoch 1 training [time: 35.43s, train loss: 2709.1634]
Fri 20 Feb 2026 14:52:41 INFO  epoch 1 evaluating [time: 12.45s, valid_score: 0.513400]
Fri 20 Feb 2026 14:52:41 INFO  valid result: 
hit@10 : 0.5134    ndcg@10 : 0.3439    mrr@10 : 0.2908
Fri 20 Feb 2026 14:52:41 INFO  Saving current: saved\TimeWeaver-Feb-20-2026_14-51-05.pth
Fri 20 Feb 2026 14:53:17 INFO  epoch 2 training [time: 36.14s, train loss: 2580.9281]
Fri 20 Feb 2026 14:53:29 INFO  epoch 2 evaluating [time: 12.03s, valid_score: 0.538400]
Fri 20 Feb 2026 14:53:29 INFO  valid result: 
hit@10 : 0.5384    ndcg@10 : 0.3747    mrr@10 : 0.3233
Fri 20 Feb 2026 14:53:29 INFO  Saving current: saved\TimeWeaver-Feb-20-2026_14-51-05.pth
Fri 20 Feb 2026 14:54:21 INFO  epoch 3 training [time: 51.89s, train loss: 2486.6086]
Fri 20 Feb 2026 14:54:33 INFO  epoch 3 evaluating [time: 12.11s, valid_score: 0.546600]
Fri 20 Feb 2026 14:54:33 INFO  valid result: 
hit@10 : 0.5466    ndcg@10 : 0.3862    mrr@10 : 0.3359
Fri 20 Feb 2026 14:54:34 INFO  Saving current: saved\TimeWeaver-Feb-20-2026_14-51-05.pth
Fri 20 Feb 2026 14:55:44 INFO  epoch 4 training [time: 70.24s, train loss: 2401.3898]
Fri 20 Feb 2026 14:55:56 INFO  epoch 4 evaluating [time: 12.09s, valid_score: 0.543400]
Fri 20 Feb 2026 14:55:56 INFO  valid result: 
hit@10 : 0.5434    ndcg@10 : 0.3908    mrr@10 : 0.3431
Fri 20 Feb 2026 14:57:09 INFO  epoch 5 training [time: 72.84s, train loss: 2323.1277]
Fri 20 Feb 2026 14:57:21 INFO  epoch 5 evaluating [time: 12.38s, valid_score: 0.539600]
Fri 20 Feb 2026 14:57:21 INFO  valid result: 
hit@10 : 0.5396    ndcg@10 : 0.3899    mrr@10 : 0.343
Fri 20 Feb 2026 14:58:32 INFO  epoch 6 training [time: 71.05s, train loss: 2252.5456]
Fri 20 Feb 2026 14:58:44 INFO  epoch 6 evaluating [time: 12.08s, valid_score: 0.539400]
Fri 20 Feb 2026 14:58:44 INFO  valid result: 
hit@10 : 0.5394    ndcg@10 : 0.3928    mrr@10 : 0.3468
Fri 20 Feb 2026 14:59:57 INFO  epoch 7 training [time: 72.74s, train loss: 2189.8516]
Fri 20 Feb 2026 15:00:14 INFO  epoch 7 evaluating [time: 17.30s, valid_score: 0.541300]
Fri 20 Feb 2026 15:00:14 INFO  valid result: 
hit@10 : 0.5413    ndcg@10 : 0.3954    mrr@10 : 0.3497
Fri 20 Feb 2026 15:01:26 INFO  epoch 8 training [time: 72.05s, train loss: 2135.7852]
Fri 20 Feb 2026 15:01:38 INFO  epoch 8 evaluating [time: 11.91s, valid_score: 0.535700]
Fri 20 Feb 2026 15:01:38 INFO  valid result: 
hit@10 : 0.5357    ndcg@10 : 0.3922    mrr@10 : 0.3474
Fri 20 Feb 2026 15:02:48 INFO  epoch 9 training [time: 69.80s, train loss: 2088.9822]
Fri 20 Feb 2026 15:03:00 INFO  epoch 9 evaluating [time: 12.05s, valid_score: 0.537300]
Fri 20 Feb 2026 15:03:00 INFO  valid result: 
hit@10 : 0.5373    ndcg@10 : 0.3928    mrr@10 : 0.3478
Fri 20 Feb 2026 15:04:10 INFO  epoch 10 training [time: 69.50s, train loss: 2049.8103]
Fri 20 Feb 2026 15:04:22 INFO  epoch 10 evaluating [time: 12.12s, valid_score: 0.533000]
Fri 20 Feb 2026 15:04:22 INFO  valid result: 
hit@10 : 0.533    ndcg@10 : 0.3905    mrr@10 : 0.3459
Fri 20 Feb 2026 15:05:33 INFO  epoch 11 training [time: 71.00s, train loss: 2015.5036]
Fri 20 Feb 2026 15:05:45 INFO  epoch 11 evaluating [time: 11.85s, valid_score: 0.536400]
Fri 20 Feb 2026 15:05:45 INFO  valid result: 
hit@10 : 0.5364    ndcg@10 : 0.3938    mrr@10 : 0.3494
Fri 20 Feb 2026 15:06:54 INFO  epoch 12 training [time: 69.87s, train loss: 1985.8402]
Fri 20 Feb 2026 15:07:07 INFO  epoch 12 evaluating [time: 12.10s, valid_score: 0.538000]
Fri 20 Feb 2026 15:07:07 INFO  valid result: 
hit@10 : 0.538    ndcg@10 : 0.3944    mrr@10 : 0.3495
Fri 20 Feb 2026 15:08:16 INFO  epoch 13 training [time: 69.25s, train loss: 1958.2986]
Fri 20 Feb 2026 15:08:28 INFO  epoch 13 evaluating [time: 12.50s, valid_score: 0.541900]
Fri 20 Feb 2026 15:08:28 INFO  valid result: 
hit@10 : 0.5419    ndcg@10 : 0.3955    mrr@10 : 0.3499
Fri 20 Feb 2026 15:09:39 INFO  epoch 14 training [time: 70.89s, train loss: 1935.4547]
Fri 20 Feb 2026 15:09:51 INFO  epoch 14 evaluating [time: 12.11s, valid_score: 0.540900]
Fri 20 Feb 2026 15:09:51 INFO  valid result: 
hit@10 : 0.5409    ndcg@10 : 0.3942    mrr@10 : 0.3485
Fri 20 Feb 2026 15:09:51 INFO  Finished training, best eval result in epoch 3
Fri 20 Feb 2026 15:09:51 INFO  Loading model structure and parameters from saved\TimeWeaver-Feb-20-2026_14-51-05.pth
Fri 20 Feb 2026 15:10:05 INFO  The running environment of this training is as follows:
+-------------+----------------+
| Environment |     Usage      |
+=============+================+
| CPU         |     4.50 %     |
+-------------+----------------+
| GPU         | 0.31 G/6.00 G  |
+-------------+----------------+
| Memory      | 1.65 G/15.63 G |
+-------------+----------------+
Fri 20 Feb 2026 15:10:05 INFO  best valid : OrderedDict([('hit@10', 0.5466), ('ndcg@10', 0.3862), ('mrr@10', 0.3359)])
Fri 20 Feb 2026 15:10:05 INFO  test result: OrderedDict([('hit@10', 0.5033), ('ndcg@10', 0.339), ('mrr@10', 0.2876)])
Fri 20 Feb 2026 15:10:05 WARNING  command line args [--models timeweaver --datasets amazon-beauty-5core-subset --timeweaver-variant aug --seeds 42,2023,2024 --device gpu --output results/timeweaver_tta_quad_amazon-beauty-5core-subset.json --tag aug_no_tta] will not be used in RecBole
Fri 20 Feb 2026 15:10:05 INFO  ['F:\\桌面\\recommendation_system\\scripts\\run_grid.py', '--models', 'timeweaver', '--datasets', 'amazon-beauty-5core-subset', '--timeweaver-variant', 'aug', '--seeds', '42,2023,2024', '--device', 'gpu', '--output', 'results/timeweaver_tta_quad_amazon-beauty-5core-subset.json', '--tag', 'aug_no_tta']
Fri 20 Feb 2026 15:10:05 INFO  
General Hyper Parameters:
gpu_id = 0
use_gpu = True
seed = 2024
state = INFO
reproducibility = True
data_path = data/amazon\amazon-beauty-5core-subset
checkpoint_dir = saved
show_progress = True
save_dataset = False
dataset_save_path = None
save_dataloaders = False
dataloaders_save_path = None
log_wandb = False

Training Hyper Parameters:
epochs = 100
train_batch_size = 256
learner = adam
learning_rate = 0.001
train_neg_sample_args = {'distribution': 'none', 'sample_num': 'none', 'alpha': 'none', 'dynamic': False, 'candidate_num': 0}
eval_step = 1
stopping_step = 10
clip_grad_norm = None
weight_decay = 0.0
loss_decimal_place = 4

Evaluation Hyper Parameters:
eval_args = {'split': {'LS': 'valid_and_test'}, 'order': 'TO', 'group_by': 'user', 'mode': {'valid': 'uni100', 'test': 'uni100'}}
repeatable = True
metrics = ['Hit', 'NDCG', 'MRR']
topk = [10]
valid_metric = Hit@10
valid_metric_bigger = True
eval_batch_size = 512
metric_decimal_place = 4

Dataset Hyper Parameters:
field_separator = 	
seq_separator =  
USER_ID_FIELD = user_id
ITEM_ID_FIELD = item_id
RATING_FIELD = rating
TIME_FIELD = timestamp
seq_len = None
LABEL_FIELD = label
threshold = None
NEG_PREFIX = neg_
load_col = {'inter': ['user_id', 'item_id', 'rating', 'timestamp']}
unload_col = None
unused_col = None
additional_feat_suffix = None
rm_dup_inter = None
val_interval = None
filter_inter_by_user_or_item = True
user_inter_num_interval = [0,inf)
item_inter_num_interval = [0,inf)
alias_of_user_id = None
alias_of_item_id = None
alias_of_entity_id = None
alias_of_relation_id = None
preload_weight = None
normalize_field = None
normalize_all = None
ITEM_LIST_LENGTH_FIELD = item_length
LIST_SUFFIX = _list
MAX_ITEM_LIST_LENGTH = 32
POSITION_FIELD = position_id
HEAD_ENTITY_ID_FIELD = head_id
TAIL_ENTITY_ID_FIELD = tail_id
RELATION_ID_FIELD = relation_id
ENTITY_ID_FIELD = entity_id
benchmark_filename = None

Other Hyper Parameters: 
worker = 0
wandb_project = recbole
shuffle = True
require_pow = False
enable_amp = False
enable_scaler = False
transform = None
numerical_features = []
discretization = None
kg_reverse_r = False
entity_kg_num_interval = [0,inf)
relation_kg_num_interval = [0,inf)
MODEL_TYPE = ModelType.SEQUENTIAL
model_name = TimeWeaver
hidden_size = 64
num_layers = 2
hidden_dropout_prob = 0.5
initializer_range = 0.02
time_bucket_size = 1000
ema_decay = 0.5
tcn_kernel_size = -1
ffn_hidden_size = 256
loss_type = CE
early_stop = 10
neg_sampling = None
device = cuda
use_continuous_time = True
use_time_gate = True
use_time_augmentation = True
MODEL_INPUT_TYPE = InputType.POINTWISE
eval_type = EvaluatorType.RANKING
single_spec = True
local_rank = 0
valid_neg_sample_args = {'distribution': 'uniform', 'sample_num': 100}
test_neg_sample_args = {'distribution': 'uniform', 'sample_num': 100}


Fri 20 Feb 2026 15:10:05 INFO  amazon-beauty-5core-subset
The number of users: 7001
Average actions of users: 15.458
The number of items: 11924
Average actions of items: 9.075400486454752
The number of inters: 108206
The sparsity of the dataset: 99.87038081155896%
Remain Fields: ['user_id', 'item_id', 'rating', 'timestamp']
Fri 20 Feb 2026 15:10:07 INFO  [Training]: train_batch_size = [256] train_neg_sample_args: [{'distribution': 'none', 'sample_num': 'none', 'alpha': 'none', 'dynamic': False, 'candidate_num': 0}]
Fri 20 Feb 2026 15:10:07 INFO  [Evaluation]: eval_batch_size = [512] eval_args: [{'split': {'LS': 'valid_and_test'}, 'order': 'TO', 'group_by': 'user', 'mode': {'valid': 'uni100', 'test': 'uni100'}}]
Fri 20 Feb 2026 15:10:07 INFO  TimeWeaver(
  (item_embedding): Embedding(11924, 64, padding_idx=0)
  (time_aug): TimeAwareAugmentation(
    (pos_embedding): Embedding(32, 64)
    (time_embedder): ContinuousTimeEmbedding(
      (time2vec): Time2Vec()
    )
    (time_gate): TimeGate(
      (net): Sequential(
        (0): Linear(in_features=128, out_features=16, bias=True)
        (1): GELU(approximate='none')
        (2): Linear(in_features=16, out_features=64, bias=True)
        (3): Sigmoid()
      )
    )
    (layer_norm): LayerNorm((64,), eps=1e-05, elementwise_affine=True)
    (drop): Dropout(p=0.5, inplace=False)
  )
  (context_layers): ModuleList(
    (0-1): 2 x TCNNextBlock(
      (dw): DepthwiseConv1d(
        (conv): Conv1d(64, 64, kernel_size=(11,), stride=(1,), padding=(5,), groups=64)
        (bn): BatchNorm1d(64, eps=1e-05, momentum=0.1, affine=True, track_running_stats=True)
        (drop): Dropout(p=0.5, inplace=False)
      )
      (norm1): LayerNorm((64,), eps=1e-05, elementwise_affine=True)
      (conv_inter): ParallelConvInter(
        (conv1): Conv1d(64, 64, kernel_size=(1,), stride=(1,))
        (conv3): Conv1d(64, 64, kernel_size=(3,), stride=(1,), padding=(1,))
        (proj): Conv1d(64, 64, kernel_size=(1,), stride=(1,))
        (drop): Dropout(p=0.5, inplace=False)
      )
      (norm2): LayerNorm((64,), eps=1e-05, elementwise_affine=True)
      (ffn): Sequential(
        (0): Linear(in_features=64, out_features=256, bias=True)
        (1): GELU(approximate='none')
        (2): Dropout(p=0.5, inplace=False)
        (3): Linear(in_features=256, out_features=64, bias=True)
        (4): Dropout(p=0.5, inplace=False)
      )
      (norm3): LayerNorm((64,), eps=1e-05, elementwise_affine=True)
    )
  )
  (dynamic_layers): ModuleList(
    (0-1): 2 x EMAStream(
      (proj): Linear(in_features=64, out_features=64, bias=True)
    )
  )
  (weavers): ModuleList(
    (0-1): 2 x StreamWeaver(
      (proj): Linear(in_features=128, out_features=64, bias=True)
      (norm): LayerNorm((64,), eps=1e-05, elementwise_affine=True)
    )
  )
  (loss_fct): CrossEntropyLoss()
)
Trainable parameters: 903762.0
Fri 20 Feb 2026 15:10:07 INFO  FLOPs: 4395008.0
Fri 20 Feb 2026 15:10:42 INFO  epoch 0 training [time: 35.26s, train loss: 2949.0569]
Fri 20 Feb 2026 15:10:55 INFO  epoch 0 evaluating [time: 12.35s, valid_score: 0.459300]
Fri 20 Feb 2026 15:10:55 INFO  valid result: 
hit@10 : 0.4593    ndcg@10 : 0.2711    mrr@10 : 0.2128
Fri 20 Feb 2026 15:10:55 INFO  Saving current: saved\TimeWeaver-Feb-20-2026_15-10-07.pth
Fri 20 Feb 2026 15:11:30 INFO  epoch 1 training [time: 34.78s, train loss: 2703.9635]
Fri 20 Feb 2026 15:11:42 INFO  epoch 1 evaluating [time: 12.33s, valid_score: 0.515600]
Fri 20 Feb 2026 15:11:42 INFO  valid result: 
hit@10 : 0.5156    ndcg@10 : 0.3433    mrr@10 : 0.2894
Fri 20 Feb 2026 15:11:42 INFO  Saving current: saved\TimeWeaver-Feb-20-2026_15-10-07.pth
Fri 20 Feb 2026 15:12:16 INFO  epoch 2 training [time: 34.09s, train loss: 2576.5605]
Fri 20 Feb 2026 15:12:29 INFO  epoch 2 evaluating [time: 12.90s, valid_score: 0.542100]
Fri 20 Feb 2026 15:12:29 INFO  valid result: 
hit@10 : 0.5421    ndcg@10 : 0.3726    mrr@10 : 0.3196
Fri 20 Feb 2026 15:12:29 INFO  Saving current: saved\TimeWeaver-Feb-20-2026_15-10-07.pth
Fri 20 Feb 2026 15:13:22 INFO  epoch 3 training [time: 53.47s, train loss: 2481.1119]
Fri 20 Feb 2026 15:13:35 INFO  epoch 3 evaluating [time: 12.12s, valid_score: 0.539900]
Fri 20 Feb 2026 15:13:35 INFO  valid result: 
hit@10 : 0.5399    ndcg@10 : 0.3826    mrr@10 : 0.3332
Fri 20 Feb 2026 15:14:44 INFO  epoch 4 training [time: 69.06s, train loss: 2394.5134]
Fri 20 Feb 2026 15:14:56 INFO  epoch 4 evaluating [time: 12.26s, valid_score: 0.539300]
Fri 20 Feb 2026 15:14:56 INFO  valid result: 
hit@10 : 0.5393    ndcg@10 : 0.3904    mrr@10 : 0.3437
Fri 20 Feb 2026 15:16:06 INFO  epoch 5 training [time: 69.75s, train loss: 2314.6319]
Fri 20 Feb 2026 15:16:18 INFO  epoch 5 evaluating [time: 12.26s, valid_score: 0.538300]
Fri 20 Feb 2026 15:16:18 INFO  valid result: 
hit@10 : 0.5383    ndcg@10 : 0.3902    mrr@10 : 0.3438
Fri 20 Feb 2026 15:17:30 INFO  epoch 6 training [time: 72.09s, train loss: 2244.0073]
Fri 20 Feb 2026 15:17:42 INFO  epoch 6 evaluating [time: 12.29s, valid_score: 0.536300]
Fri 20 Feb 2026 15:17:42 INFO  valid result: 
hit@10 : 0.5363    ndcg@10 : 0.3907    mrr@10 : 0.3452
Fri 20 Feb 2026 15:18:52 INFO  epoch 7 training [time: 69.27s, train loss: 2181.2229]
Fri 20 Feb 2026 15:19:04 INFO  epoch 7 evaluating [time: 12.34s, valid_score: 0.538300]
Fri 20 Feb 2026 15:19:04 INFO  valid result: 
hit@10 : 0.5383    ndcg@10 : 0.3941    mrr@10 : 0.349
Fri 20 Feb 2026 15:20:13 INFO  epoch 8 training [time: 69.29s, train loss: 2129.2874]
Fri 20 Feb 2026 15:20:26 INFO  epoch 8 evaluating [time: 12.48s, valid_score: 0.539000]
Fri 20 Feb 2026 15:20:26 INFO  valid result: 
hit@10 : 0.539    ndcg@10 : 0.3947    mrr@10 : 0.3497
Fri 20 Feb 2026 15:21:37 INFO  epoch 9 training [time: 71.21s, train loss: 2085.1801]
Fri 20 Feb 2026 15:21:49 INFO  epoch 9 evaluating [time: 12.35s, valid_score: 0.536400]
Fri 20 Feb 2026 15:21:49 INFO  valid result: 
hit@10 : 0.5364    ndcg@10 : 0.3928    mrr@10 : 0.348
Fri 20 Feb 2026 15:22:59 INFO  epoch 10 training [time: 70.01s, train loss: 2047.4136]
Fri 20 Feb 2026 15:23:12 INFO  epoch 10 evaluating [time: 12.29s, valid_score: 0.534300]
Fri 20 Feb 2026 15:23:12 INFO  valid result: 
hit@10 : 0.5343    ndcg@10 : 0.3906    mrr@10 : 0.3458
Fri 20 Feb 2026 15:24:22 INFO  epoch 11 training [time: 70.44s, train loss: 2013.9828]
Fri 20 Feb 2026 15:24:35 INFO  epoch 11 evaluating [time: 12.65s, valid_score: 0.537900]
Fri 20 Feb 2026 15:24:35 INFO  valid result: 
hit@10 : 0.5379    ndcg@10 : 0.3943    mrr@10 : 0.3494
Fri 20 Feb 2026 15:25:46 INFO  epoch 12 training [time: 71.53s, train loss: 1983.8221]
Fri 20 Feb 2026 15:25:59 INFO  epoch 12 evaluating [time: 12.59s, valid_score: 0.541300]
Fri 20 Feb 2026 15:25:59 INFO  valid result: 
hit@10 : 0.5413    ndcg@10 : 0.3961    mrr@10 : 0.3508
Fri 20 Feb 2026 15:27:09 INFO  epoch 13 training [time: 70.09s, train loss: 1958.4698]
Fri 20 Feb 2026 15:27:21 INFO  epoch 13 evaluating [time: 12.32s, valid_score: 0.543700]
Fri 20 Feb 2026 15:27:21 INFO  valid result: 
hit@10 : 0.5437    ndcg@10 : 0.3969    mrr@10 : 0.351
Fri 20 Feb 2026 15:27:21 INFO  Saving current: saved\TimeWeaver-Feb-20-2026_15-10-07.pth
Fri 20 Feb 2026 15:28:32 INFO  epoch 14 training [time: 70.36s, train loss: 1936.5088]
Fri 20 Feb 2026 15:28:44 INFO  epoch 14 evaluating [time: 12.58s, valid_score: 0.543300]
Fri 20 Feb 2026 15:28:44 INFO  valid result: 
hit@10 : 0.5433    ndcg@10 : 0.394    mrr@10 : 0.3474
Fri 20 Feb 2026 15:29:55 INFO  epoch 15 training [time: 70.57s, train loss: 1913.9158]
Fri 20 Feb 2026 15:30:07 INFO  epoch 15 evaluating [time: 12.60s, valid_score: 0.541300]
Fri 20 Feb 2026 15:30:07 INFO  valid result: 
hit@10 : 0.5413    ndcg@10 : 0.3911    mrr@10 : 0.3443
Fri 20 Feb 2026 15:31:18 INFO  epoch 16 training [time: 70.40s, train loss: 1893.9299]
Fri 20 Feb 2026 15:31:30 INFO  epoch 16 evaluating [time: 12.22s, valid_score: 0.543700]
Fri 20 Feb 2026 15:31:30 INFO  valid result: 
hit@10 : 0.5437    ndcg@10 : 0.3945    mrr@10 : 0.3482
Fri 20 Feb 2026 15:31:30 INFO  Saving current: saved\TimeWeaver-Feb-20-2026_15-10-07.pth
Fri 20 Feb 2026 15:32:41 INFO  epoch 17 training [time: 70.82s, train loss: 1876.8689]
Fri 20 Feb 2026 15:32:54 INFO  epoch 17 evaluating [time: 12.82s, valid_score: 0.542300]
Fri 20 Feb 2026 15:32:54 INFO  valid result: 
hit@10 : 0.5423    ndcg@10 : 0.3929    mrr@10 : 0.3462
Fri 20 Feb 2026 15:34:03 INFO  epoch 18 training [time: 69.90s, train loss: 1858.9740]
Fri 20 Feb 2026 15:34:16 INFO  epoch 18 evaluating [time: 12.48s, valid_score: 0.542300]
Fri 20 Feb 2026 15:34:16 INFO  valid result: 
hit@10 : 0.5423    ndcg@10 : 0.3922    mrr@10 : 0.3453
Fri 20 Feb 2026 15:35:26 INFO  epoch 19 training [time: 69.94s, train loss: 1841.2445]
Fri 20 Feb 2026 15:35:38 INFO  epoch 19 evaluating [time: 12.26s, valid_score: 0.539700]
Fri 20 Feb 2026 15:35:38 INFO  valid result: 
hit@10 : 0.5397    ndcg@10 : 0.3907    mrr@10 : 0.3443
Fri 20 Feb 2026 15:36:49 INFO  epoch 20 training [time: 70.85s, train loss: 1825.7998]
Fri 20 Feb 2026 15:37:02 INFO  epoch 20 evaluating [time: 12.83s, valid_score: 0.540300]
Fri 20 Feb 2026 15:37:02 INFO  valid result: 
hit@10 : 0.5403    ndcg@10 : 0.3927    mrr@10 : 0.3466
Fri 20 Feb 2026 15:38:12 INFO  epoch 21 training [time: 70.57s, train loss: 1810.3664]
Fri 20 Feb 2026 15:38:25 INFO  epoch 21 evaluating [time: 12.32s, valid_score: 0.541400]
Fri 20 Feb 2026 15:38:25 INFO  valid result: 
hit@10 : 0.5414    ndcg@10 : 0.3923    mrr@10 : 0.346
Fri 20 Feb 2026 15:39:35 INFO  epoch 22 training [time: 70.21s, train loss: 1795.2603]
Fri 20 Feb 2026 15:39:47 INFO  epoch 22 evaluating [time: 12.25s, valid_score: 0.540600]
Fri 20 Feb 2026 15:39:47 INFO  valid result: 
hit@10 : 0.5406    ndcg@10 : 0.3932    mrr@10 : 0.3472
Fri 20 Feb 2026 15:40:58 INFO  epoch 23 training [time: 71.03s, train loss: 1780.0290]
Fri 20 Feb 2026 15:41:11 INFO  epoch 23 evaluating [time: 12.76s, valid_score: 0.544400]
Fri 20 Feb 2026 15:41:11 INFO  valid result: 
hit@10 : 0.5444    ndcg@10 : 0.3928    mrr@10 : 0.3456
Fri 20 Feb 2026 15:41:11 INFO  Saving current: saved\TimeWeaver-Feb-20-2026_15-10-07.pth
Fri 20 Feb 2026 15:42:21 INFO  epoch 24 training [time: 69.98s, train loss: 1766.2911]
Fri 20 Feb 2026 15:42:33 INFO  epoch 24 evaluating [time: 12.19s, valid_score: 0.542400]
Fri 20 Feb 2026 15:42:33 INFO  valid result: 
hit@10 : 0.5424    ndcg@10 : 0.3889    mrr@10 : 0.3412
Fri 20 Feb 2026 15:43:43 INFO  epoch 25 training [time: 70.24s, train loss: 1748.7507]
Fri 20 Feb 2026 15:43:56 INFO  epoch 25 evaluating [time: 12.16s, valid_score: 0.535600]
Fri 20 Feb 2026 15:43:56 INFO  valid result: 
hit@10 : 0.5356    ndcg@10 : 0.3852    mrr@10 : 0.3384
Fri 20 Feb 2026 15:45:07 INFO  epoch 26 training [time: 71.48s, train loss: 1737.5721]
Fri 20 Feb 2026 15:45:20 INFO  epoch 26 evaluating [time: 12.39s, valid_score: 0.536100]
Fri 20 Feb 2026 15:45:20 INFO  valid result: 
hit@10 : 0.5361    ndcg@10 : 0.3851    mrr@10 : 0.3382
Fri 20 Feb 2026 15:46:29 INFO  epoch 27 training [time: 69.54s, train loss: 1724.0863]
Fri 20 Feb 2026 15:46:41 INFO  epoch 27 evaluating [time: 12.17s, valid_score: 0.537300]
Fri 20 Feb 2026 15:46:41 INFO  valid result: 
hit@10 : 0.5373    ndcg@10 : 0.3861    mrr@10 : 0.3389
Fri 20 Feb 2026 15:47:52 INFO  epoch 28 training [time: 70.44s, train loss: 1709.9747]
Fri 20 Feb 2026 15:48:04 INFO  epoch 28 evaluating [time: 12.37s, valid_score: 0.537700]
Fri 20 Feb 2026 15:48:04 INFO  valid result: 
hit@10 : 0.5377    ndcg@10 : 0.3867    mrr@10 : 0.3399
Fri 20 Feb 2026 15:49:16 INFO  epoch 29 training [time: 71.59s, train loss: 1698.8953]
Fri 20 Feb 2026 15:49:28 INFO  epoch 29 evaluating [time: 12.07s, valid_score: 0.538700]
Fri 20 Feb 2026 15:49:28 INFO  valid result: 
hit@10 : 0.5387    ndcg@10 : 0.389    mrr@10 : 0.3426
Fri 20 Feb 2026 15:50:37 INFO  epoch 30 training [time: 69.24s, train loss: 1686.4080]
Fri 20 Feb 2026 15:50:49 INFO  epoch 30 evaluating [time: 12.26s, valid_score: 0.534900]
Fri 20 Feb 2026 15:50:49 INFO  valid result: 
hit@10 : 0.5349    ndcg@10 : 0.3857    mrr@10 : 0.3393
Fri 20 Feb 2026 15:51:59 INFO  epoch 31 training [time: 70.16s, train loss: 1673.5639]
Fri 20 Feb 2026 15:52:11 INFO  epoch 31 evaluating [time: 12.05s, valid_score: 0.534700]
Fri 20 Feb 2026 15:52:11 INFO  valid result: 
hit@10 : 0.5347    ndcg@10 : 0.3854    mrr@10 : 0.3389
Fri 20 Feb 2026 15:53:23 INFO  epoch 32 training [time: 71.94s, train loss: 1665.1386]
Fri 20 Feb 2026 15:53:35 INFO  epoch 32 evaluating [time: 12.04s, valid_score: 0.529100]
Fri 20 Feb 2026 15:53:35 INFO  valid result: 
hit@10 : 0.5291    ndcg@10 : 0.3822    mrr@10 : 0.3364
Fri 20 Feb 2026 15:54:45 INFO  epoch 33 training [time: 69.59s, train loss: 1652.4811]
Fri 20 Feb 2026 15:54:57 INFO  epoch 33 evaluating [time: 12.39s, valid_score: 0.531000]
Fri 20 Feb 2026 15:54:57 INFO  valid result: 
hit@10 : 0.531    ndcg@10 : 0.3832    mrr@10 : 0.3371
Fri 20 Feb 2026 15:56:08 INFO  epoch 34 training [time: 70.26s, train loss: 1641.6939]
Fri 20 Feb 2026 15:56:20 INFO  epoch 34 evaluating [time: 12.32s, valid_score: 0.531900]
Fri 20 Feb 2026 15:56:20 INFO  valid result: 
hit@10 : 0.5319    ndcg@10 : 0.3797    mrr@10 : 0.3325
Fri 20 Feb 2026 15:56:20 INFO  Finished training, best eval result in epoch 23
Fri 20 Feb 2026 15:56:20 INFO  Loading model structure and parameters from saved\TimeWeaver-Feb-20-2026_15-10-07.pth
Fri 20 Feb 2026 15:56:34 INFO  The running environment of this training is as follows:
+-------------+----------------+
| Environment |     Usage      |
+=============+================+
| CPU         |     4.70 %     |
+-------------+----------------+
| GPU         | 0.31 G/6.00 G  |
+-------------+----------------+
| Memory      | 1.53 G/15.63 G |
+-------------+----------------+
Fri 20 Feb 2026 15:56:34 INFO  best valid : OrderedDict([('hit@10', 0.5444), ('ndcg@10', 0.3928), ('mrr@10', 0.3456)])
Fri 20 Feb 2026 15:56:34 INFO  test result: OrderedDict([('hit@10', 0.4879), ('ndcg@10', 0.3435), ('mrr@10', 0.2986)])
