Mon 09 Feb 2026 22:44:10 INFO  ['F:\\桌面\\recommendation_system\\scripts\\run_grid.py', '--models', 'timeweaver', '--datasets', 'ml-100k', '--seeds', '42', '--device', 'gpu', '--timeweaver-variant', 'base', '--tag', 'e0p2_k5_d0p5_l1_f256_b1000', '--output', 'results/run_grid_timeweaver_tune.json', '--tw-ema-decay', '0.2', '--tw-tcn-kernel', '5', '--tw-hidden-dropout', '0.5', '--tw-num-layers', '1', '--tw-ffn-hidden', '256', '--tw-time-bucket', '1000']
Mon 09 Feb 2026 22:44:10 INFO  
General Hyper Parameters:
gpu_id = 0
use_gpu = True
seed = 42
state = INFO
reproducibility = True
data_path = F:\anaconda3\envs\rec39\Lib\site-packages\recbole\config\../dataset_example/ml-100k
checkpoint_dir = saved
show_progress = True
save_dataset = False
dataset_save_path = None
save_dataloaders = False
dataloaders_save_path = None
log_wandb = False

Training Hyper Parameters:
epochs = 100
train_batch_size = 256
learner = adam
learning_rate = 0.001
train_neg_sample_args = {'distribution': 'none', 'sample_num': 'none', 'alpha': 'none', 'dynamic': False, 'candidate_num': 0}
eval_step = 1
stopping_step = 10
clip_grad_norm = None
weight_decay = 0.0
loss_decimal_place = 4

Evaluation Hyper Parameters:
eval_args = {'split': {'LS': 'valid_and_test'}, 'order': 'TO', 'group_by': 'user', 'mode': {'valid': 'uni100', 'test': 'uni100'}}
repeatable = True
metrics = ['Hit', 'NDCG', 'MRR']
topk = [10]
valid_metric = MRR@10
valid_metric_bigger = True
eval_batch_size = 512
metric_decimal_place = 4

Dataset Hyper Parameters:
field_separator = 	
seq_separator =  
USER_ID_FIELD = user_id
ITEM_ID_FIELD = item_id
RATING_FIELD = rating
TIME_FIELD = timestamp
seq_len = None
LABEL_FIELD = label
threshold = None
NEG_PREFIX = neg_
load_col = {'inter': ['user_id', 'item_id', 'rating', 'timestamp'], 'user': ['user_id', 'age', 'gender', 'occupation', 'zip_code'], 'item': ['item_id', 'movie_title', 'release_year', 'class']}
unload_col = None
unused_col = None
additional_feat_suffix = None
rm_dup_inter = None
val_interval = None
filter_inter_by_user_or_item = True
user_inter_num_interval = None
item_inter_num_interval = None
alias_of_user_id = None
alias_of_item_id = None
alias_of_entity_id = None
alias_of_relation_id = None
preload_weight = None
normalize_field = None
normalize_all = True
ITEM_LIST_LENGTH_FIELD = item_length
LIST_SUFFIX = _list
MAX_ITEM_LIST_LENGTH = 32
POSITION_FIELD = position_id
HEAD_ENTITY_ID_FIELD = head_id
TAIL_ENTITY_ID_FIELD = tail_id
RELATION_ID_FIELD = relation_id
ENTITY_ID_FIELD = entity_id
kg_reverse_r = False
entity_kg_num_interval = None
relation_kg_num_interval = None
benchmark_filename = None

Other Hyper Parameters: 
worker = 0
wandb_project = recbole
shuffle = True
require_pow = False
enable_amp = False
enable_scaler = False
transform = None
numerical_features = []
discretization = None
MODEL_TYPE = ModelType.SEQUENTIAL
model_name = TimeWeaver
hidden_size = 64
num_layers = 1
hidden_dropout_prob = 0.5
initializer_range = 0.02
time_bucket_size = 1000
ema_decay = 0.2
tcn_kernel_size = 5
ffn_hidden_size = 256
loss_type = CE
early_stop = 10
neg_sampling = None
device = cuda
use_continuous_time = False
use_time_gate = False
use_time_augmentation = False
MODEL_INPUT_TYPE = InputType.POINTWISE
eval_type = EvaluatorType.RANKING
single_spec = True
local_rank = 0
valid_neg_sample_args = {'distribution': 'uniform', 'sample_num': 100}
test_neg_sample_args = {'distribution': 'uniform', 'sample_num': 100}


Mon 09 Feb 2026 22:44:10 INFO  ml-100k
The number of users: 944
Average actions of users: 106.04453870625663
The number of items: 1683
Average actions of items: 59.45303210463734
The number of inters: 100000
The sparsity of the dataset: 93.70575143257098%
Remain Fields: ['user_id', 'item_id', 'rating', 'timestamp', 'age', 'gender', 'occupation', 'zip_code', 'movie_title', 'release_year', 'class']
Mon 09 Feb 2026 22:44:12 INFO  [Training]: train_batch_size = [256] train_neg_sample_args: [{'distribution': 'none', 'sample_num': 'none', 'alpha': 'none', 'dynamic': False, 'candidate_num': 0}]
Mon 09 Feb 2026 22:44:12 INFO  [Evaluation]: eval_batch_size = [512] eval_args: [{'split': {'LS': 'valid_and_test'}, 'order': 'TO', 'group_by': 'user', 'mode': {'valid': 'uni100', 'test': 'uni100'}}]
Mon 09 Feb 2026 22:44:12 INFO  TimeWeaver(
  (item_embedding): Embedding(1683, 64, padding_idx=0)
  (time_aug): TimeAwareAugmentation(
    (pos_embedding): Embedding(32, 64)
    (time_embedding): Embedding(1000, 64)
    (layer_norm): LayerNorm((64,), eps=1e-05, elementwise_affine=True)
    (drop): Dropout(p=0.5, inplace=False)
  )
  (context_layers): ModuleList(
    (0): TCNNextBlock(
      (dw): DepthwiseConv1d(
        (conv): Conv1d(64, 64, kernel_size=(5,), stride=(1,), padding=(2,), groups=64)
        (bn): BatchNorm1d(64, eps=1e-05, momentum=0.1, affine=True, track_running_stats=True)
        (drop): Dropout(p=0.5, inplace=False)
      )
      (norm1): LayerNorm((64,), eps=1e-05, elementwise_affine=True)
      (conv_inter): ParallelConvInter(
        (conv1): Conv1d(64, 64, kernel_size=(1,), stride=(1,))
        (conv3): Conv1d(64, 64, kernel_size=(3,), stride=(1,), padding=(1,))
        (proj): Conv1d(64, 64, kernel_size=(1,), stride=(1,))
        (drop): Dropout(p=0.5, inplace=False)
      )
      (norm2): LayerNorm((64,), eps=1e-05, elementwise_affine=True)
      (ffn): Sequential(
        (0): Linear(in_features=64, out_features=256, bias=True)
        (1): GELU(approximate='none')
        (2): Dropout(p=0.5, inplace=False)
        (3): Linear(in_features=256, out_features=64, bias=True)
        (4): Dropout(p=0.5, inplace=False)
      )
      (norm3): LayerNorm((64,), eps=1e-05, elementwise_affine=True)
    )
  )
  (dynamic_layers): ModuleList(
    (0): EMAStream(
      (proj): Linear(in_features=64, out_features=64, bias=True)
    )
  )
  (weavers): ModuleList(
    (0): StreamWeaver(
      (proj): Linear(in_features=128, out_features=64, bias=True)
      (norm): LayerNorm((64,), eps=1e-05, elementwise_affine=True)
    )
  )
  (loss_fct): CrossEntropyLoss()
)
Trainable parameters: 241089.0
Mon 09 Feb 2026 22:44:12 INFO  FLOPs: 2142208.0
Mon 09 Feb 2026 22:44:31 INFO  epoch 0 training [time: 17.86s, train loss: 2465.7616]
Mon 09 Feb 2026 22:44:33 INFO  epoch 0 evaluating [time: 1.91s, valid_score: 0.277900]
Mon 09 Feb 2026 22:44:33 INFO  valid result: 
hit@10 : 0.6405    ndcg@10 : 0.3627    mrr@10 : 0.2779
Mon 09 Feb 2026 22:44:33 INFO  Saving current: saved\TimeWeaver-Feb-09-2026_22-44-12.pth
Mon 09 Feb 2026 22:44:52 INFO  epoch 1 training [time: 19.39s, train loss: 2257.1750]
Mon 09 Feb 2026 22:44:54 INFO  epoch 1 evaluating [time: 1.84s, valid_score: 0.318600]
Mon 09 Feb 2026 22:44:54 INFO  valid result: 
hit@10 : 0.6925    ndcg@10 : 0.407    mrr@10 : 0.3186
Mon 09 Feb 2026 22:44:54 INFO  Saving current: saved\TimeWeaver-Feb-09-2026_22-44-12.pth
Mon 09 Feb 2026 22:45:13 INFO  epoch 2 training [time: 19.11s, train loss: 2218.2647]
Mon 09 Feb 2026 22:45:15 INFO  epoch 2 evaluating [time: 1.76s, valid_score: 0.336000]
Mon 09 Feb 2026 22:45:15 INFO  valid result: 
hit@10 : 0.7084    ndcg@10 : 0.4238    mrr@10 : 0.336
Mon 09 Feb 2026 22:45:15 INFO  Saving current: saved\TimeWeaver-Feb-09-2026_22-44-12.pth
Mon 09 Feb 2026 22:45:34 INFO  epoch 3 training [time: 18.89s, train loss: 2198.1483]
Mon 09 Feb 2026 22:45:36 INFO  epoch 3 evaluating [time: 1.87s, valid_score: 0.332400]
Mon 09 Feb 2026 22:45:36 INFO  valid result: 
hit@10 : 0.719    ndcg@10 : 0.4237    mrr@10 : 0.3324
Mon 09 Feb 2026 22:45:55 INFO  epoch 4 training [time: 19.22s, train loss: 2183.2060]
Mon 09 Feb 2026 22:45:57 INFO  epoch 4 evaluating [time: 1.79s, valid_score: 0.352700]
Mon 09 Feb 2026 22:45:57 INFO  valid result: 
hit@10 : 0.7349    ndcg@10 : 0.4426    mrr@10 : 0.3527
Mon 09 Feb 2026 22:45:57 INFO  Saving current: saved\TimeWeaver-Feb-09-2026_22-44-12.pth
Mon 09 Feb 2026 22:46:16 INFO  epoch 5 training [time: 19.29s, train loss: 2171.0446]
Mon 09 Feb 2026 22:46:18 INFO  epoch 5 evaluating [time: 1.82s, valid_score: 0.344500]
Mon 09 Feb 2026 22:46:18 INFO  valid result: 
hit@10 : 0.7232    ndcg@10 : 0.4346    mrr@10 : 0.3445
Mon 09 Feb 2026 22:46:37 INFO  epoch 6 training [time: 19.04s, train loss: 2160.3085]
Mon 09 Feb 2026 22:46:39 INFO  epoch 6 evaluating [time: 1.76s, valid_score: 0.336500]
Mon 09 Feb 2026 22:46:39 INFO  valid result: 
hit@10 : 0.737    ndcg@10 : 0.431    mrr@10 : 0.3365
Mon 09 Feb 2026 22:46:58 INFO  epoch 7 training [time: 18.88s, train loss: 2153.2435]
Mon 09 Feb 2026 22:46:59 INFO  epoch 7 evaluating [time: 1.74s, valid_score: 0.343500]
Mon 09 Feb 2026 22:46:59 INFO  valid result: 
hit@10 : 0.7349    ndcg@10 : 0.4364    mrr@10 : 0.3435
Mon 09 Feb 2026 22:47:19 INFO  epoch 8 training [time: 19.85s, train loss: 2147.4189]
Mon 09 Feb 2026 22:47:21 INFO  epoch 8 evaluating [time: 1.84s, valid_score: 0.356600]
Mon 09 Feb 2026 22:47:21 INFO  valid result: 
hit@10 : 0.7296    ndcg@10 : 0.4451    mrr@10 : 0.3566
Mon 09 Feb 2026 22:47:21 INFO  Saving current: saved\TimeWeaver-Feb-09-2026_22-44-12.pth
Mon 09 Feb 2026 22:47:41 INFO  epoch 9 training [time: 19.79s, train loss: 2142.1494]
Mon 09 Feb 2026 22:47:43 INFO  epoch 9 evaluating [time: 1.88s, valid_score: 0.358300]
Mon 09 Feb 2026 22:47:43 INFO  valid result: 
hit@10 : 0.7402    ndcg@10 : 0.4483    mrr@10 : 0.3583
Mon 09 Feb 2026 22:47:43 INFO  Saving current: saved\TimeWeaver-Feb-09-2026_22-44-12.pth
Mon 09 Feb 2026 22:48:02 INFO  epoch 10 training [time: 19.54s, train loss: 2136.4273]
Mon 09 Feb 2026 22:48:04 INFO  epoch 10 evaluating [time: 1.73s, valid_score: 0.346300]
Mon 09 Feb 2026 22:48:04 INFO  valid result: 
hit@10 : 0.7444    ndcg@10 : 0.4404    mrr@10 : 0.3463
Mon 09 Feb 2026 22:48:23 INFO  epoch 11 training [time: 18.56s, train loss: 2132.6791]
Mon 09 Feb 2026 22:48:24 INFO  epoch 11 evaluating [time: 1.76s, valid_score: 0.350200]
Mon 09 Feb 2026 22:48:24 INFO  valid result: 
hit@10 : 0.7359    ndcg@10 : 0.4417    mrr@10 : 0.3502
Mon 09 Feb 2026 22:48:43 INFO  epoch 12 training [time: 19.03s, train loss: 2129.0040]
Mon 09 Feb 2026 22:48:45 INFO  epoch 12 evaluating [time: 1.87s, valid_score: 0.345600]
Mon 09 Feb 2026 22:48:45 INFO  valid result: 
hit@10 : 0.7402    ndcg@10 : 0.439    mrr@10 : 0.3456
Mon 09 Feb 2026 22:49:04 INFO  epoch 13 training [time: 19.20s, train loss: 2125.0855]
Mon 09 Feb 2026 22:49:06 INFO  epoch 13 evaluating [time: 1.74s, valid_score: 0.353900]
Mon 09 Feb 2026 22:49:06 INFO  valid result: 
hit@10 : 0.7306    ndcg@10 : 0.4432    mrr@10 : 0.3539
Mon 09 Feb 2026 22:49:25 INFO  epoch 14 training [time: 18.64s, train loss: 2121.5717]
Mon 09 Feb 2026 22:49:27 INFO  epoch 14 evaluating [time: 1.74s, valid_score: 0.341300]
Mon 09 Feb 2026 22:49:27 INFO  valid result: 
hit@10 : 0.7402    ndcg@10 : 0.4355    mrr@10 : 0.3413
Mon 09 Feb 2026 22:49:46 INFO  epoch 15 training [time: 18.95s, train loss: 2118.4769]
Mon 09 Feb 2026 22:49:47 INFO  epoch 15 evaluating [time: 1.82s, valid_score: 0.370900]
Mon 09 Feb 2026 22:49:47 INFO  valid result: 
hit@10 : 0.7391    ndcg@10 : 0.4577    mrr@10 : 0.3709
Mon 09 Feb 2026 22:49:47 INFO  Saving current: saved\TimeWeaver-Feb-09-2026_22-44-12.pth
Mon 09 Feb 2026 22:50:07 INFO  epoch 16 training [time: 19.27s, train loss: 2115.7400]
Mon 09 Feb 2026 22:50:08 INFO  epoch 16 evaluating [time: 1.81s, valid_score: 0.348600]
Mon 09 Feb 2026 22:50:08 INFO  valid result: 
hit@10 : 0.7381    ndcg@10 : 0.4407    mrr@10 : 0.3486
Mon 09 Feb 2026 22:50:27 INFO  epoch 17 training [time: 19.04s, train loss: 2112.3496]
Mon 09 Feb 2026 22:50:29 INFO  epoch 17 evaluating [time: 1.83s, valid_score: 0.341600]
Mon 09 Feb 2026 22:50:29 INFO  valid result: 
hit@10 : 0.7328    ndcg@10 : 0.4343    mrr@10 : 0.3416
Mon 09 Feb 2026 22:50:48 INFO  epoch 18 training [time: 18.68s, train loss: 2109.7195]
Mon 09 Feb 2026 22:50:50 INFO  epoch 18 evaluating [time: 1.74s, valid_score: 0.348300]
Mon 09 Feb 2026 22:50:50 INFO  valid result: 
hit@10 : 0.7402    ndcg@10 : 0.4405    mrr@10 : 0.3483
Mon 09 Feb 2026 22:51:09 INFO  epoch 19 training [time: 19.06s, train loss: 2108.5868]
Mon 09 Feb 2026 22:51:11 INFO  epoch 19 evaluating [time: 1.89s, valid_score: 0.353700]
Mon 09 Feb 2026 22:51:11 INFO  valid result: 
hit@10 : 0.737    ndcg@10 : 0.4445    mrr@10 : 0.3537
Mon 09 Feb 2026 22:51:31 INFO  epoch 20 training [time: 19.94s, train loss: 2104.5216]
Mon 09 Feb 2026 22:51:33 INFO  epoch 20 evaluating [time: 1.93s, valid_score: 0.345700]
Mon 09 Feb 2026 22:51:33 INFO  valid result: 
hit@10 : 0.7423    ndcg@10 : 0.4394    mrr@10 : 0.3457
Mon 09 Feb 2026 22:51:52 INFO  epoch 21 training [time: 19.63s, train loss: 2102.9711]
Mon 09 Feb 2026 22:51:54 INFO  epoch 21 evaluating [time: 1.90s, valid_score: 0.338800]
Mon 09 Feb 2026 22:51:54 INFO  valid result: 
hit@10 : 0.7264    ndcg@10 : 0.4306    mrr@10 : 0.3388
Mon 09 Feb 2026 22:52:13 INFO  epoch 22 training [time: 18.99s, train loss: 2099.4351]
Mon 09 Feb 2026 22:52:15 INFO  epoch 22 evaluating [time: 1.74s, valid_score: 0.351500]
Mon 09 Feb 2026 22:52:15 INFO  valid result: 
hit@10 : 0.7349    ndcg@10 : 0.4423    mrr@10 : 0.3515
Mon 09 Feb 2026 22:52:33 INFO  epoch 23 training [time: 18.64s, train loss: 2098.6051]
Mon 09 Feb 2026 22:52:35 INFO  epoch 23 evaluating [time: 1.87s, valid_score: 0.350400]
Mon 09 Feb 2026 22:52:35 INFO  valid result: 
hit@10 : 0.7264    ndcg@10 : 0.4395    mrr@10 : 0.3504
Mon 09 Feb 2026 22:52:55 INFO  epoch 24 training [time: 19.40s, train loss: 2097.1775]
Mon 09 Feb 2026 22:52:57 INFO  epoch 24 evaluating [time: 1.83s, valid_score: 0.356100]
Mon 09 Feb 2026 22:52:57 INFO  valid result: 
hit@10 : 0.737    ndcg@10 : 0.4462    mrr@10 : 0.3561
Mon 09 Feb 2026 22:53:16 INFO  epoch 25 training [time: 18.98s, train loss: 2094.1275]
Mon 09 Feb 2026 22:53:17 INFO  epoch 25 evaluating [time: 1.76s, valid_score: 0.335800]
Mon 09 Feb 2026 22:53:17 INFO  valid result: 
hit@10 : 0.72    ndcg@10 : 0.4267    mrr@10 : 0.3358
Mon 09 Feb 2026 22:53:36 INFO  epoch 26 training [time: 18.80s, train loss: 2093.2582]
Mon 09 Feb 2026 22:53:38 INFO  epoch 26 evaluating [time: 1.79s, valid_score: 0.330900]
Mon 09 Feb 2026 22:53:38 INFO  valid result: 
hit@10 : 0.7169    ndcg@10 : 0.4225    mrr@10 : 0.3309
Mon 09 Feb 2026 22:53:38 INFO  Finished training, best eval result in epoch 15
Mon 09 Feb 2026 22:53:38 INFO  Loading model structure and parameters from saved\TimeWeaver-Feb-09-2026_22-44-12.pth
Mon 09 Feb 2026 22:53:40 INFO  The running environment of this training is as follows:
+-------------+----------------+
| Environment |     Usage      |
+=============+================+
| CPU         |     6.40 %     |
+-------------+----------------+
| GPU         | 0.11 G/6.00 G  |
+-------------+----------------+
| Memory      | 1.53 G/15.63 G |
+-------------+----------------+
Mon 09 Feb 2026 22:53:40 INFO  best valid : OrderedDict([('hit@10', 0.7391), ('ndcg@10', 0.4577), ('mrr@10', 0.3709)])
Mon 09 Feb 2026 22:53:40 INFO  test result: OrderedDict([('hit@10', 0.6882), ('ndcg@10', 0.416), ('mrr@10', 0.3318)])
