Thu 12 Feb 2026 19:53:36 INFO  ['F:\\桌面\\recommendation_system\\scripts\\run_grid.py', '--models', 'timeweaver', '--datasets', 'amazon-electronics-5core-subset', '--seeds', '42', '--device', 'gpu', '--timeweaver-variant', 'base', '--tag', 'e0p1_k7_d0p5_l1_f512_b1000', '--output', 'results/run_grid_timeweaver_tune.json', '--tw-ema-decay', '0.1', '--tw-tcn-kernel', '7', '--tw-hidden-dropout', '0.5', '--tw-num-layers', '1', '--tw-ffn-hidden', '512', '--tw-time-bucket', '1000']
Thu 12 Feb 2026 19:53:36 INFO  
General Hyper Parameters:
gpu_id = 0
use_gpu = True
seed = 42
state = INFO
reproducibility = True
data_path = data/amazon\amazon-electronics-5core-subset
checkpoint_dir = saved
show_progress = True
save_dataset = False
dataset_save_path = None
save_dataloaders = False
dataloaders_save_path = None
log_wandb = False

Training Hyper Parameters:
epochs = 100
train_batch_size = 256
learner = adam
learning_rate = 0.001
train_neg_sample_args = {'distribution': 'none', 'sample_num': 'none', 'alpha': 'none', 'dynamic': False, 'candidate_num': 0}
eval_step = 1
stopping_step = 10
clip_grad_norm = None
weight_decay = 0.0
loss_decimal_place = 4

Evaluation Hyper Parameters:
eval_args = {'split': {'LS': 'valid_and_test'}, 'order': 'TO', 'group_by': 'user', 'mode': {'valid': 'uni100', 'test': 'uni100'}}
repeatable = True
metrics = ['Hit', 'NDCG', 'MRR']
topk = [10]
valid_metric = MRR@10
valid_metric_bigger = True
eval_batch_size = 512
metric_decimal_place = 4

Dataset Hyper Parameters:
field_separator = 	
seq_separator =  
USER_ID_FIELD = user_id
ITEM_ID_FIELD = item_id
RATING_FIELD = rating
TIME_FIELD = timestamp
seq_len = None
LABEL_FIELD = label
threshold = None
NEG_PREFIX = neg_
load_col = {'inter': ['user_id', 'item_id', 'rating', 'timestamp']}
unload_col = None
unused_col = None
additional_feat_suffix = None
rm_dup_inter = None
val_interval = None
filter_inter_by_user_or_item = True
user_inter_num_interval = [0,inf)
item_inter_num_interval = [0,inf)
alias_of_user_id = None
alias_of_item_id = None
alias_of_entity_id = None
alias_of_relation_id = None
preload_weight = None
normalize_field = None
normalize_all = None
ITEM_LIST_LENGTH_FIELD = item_length
LIST_SUFFIX = _list
MAX_ITEM_LIST_LENGTH = 32
POSITION_FIELD = position_id
HEAD_ENTITY_ID_FIELD = head_id
TAIL_ENTITY_ID_FIELD = tail_id
RELATION_ID_FIELD = relation_id
ENTITY_ID_FIELD = entity_id
benchmark_filename = None

Other Hyper Parameters: 
worker = 0
wandb_project = recbole
shuffle = True
require_pow = False
enable_amp = False
enable_scaler = False
transform = None
numerical_features = []
discretization = None
kg_reverse_r = False
entity_kg_num_interval = [0,inf)
relation_kg_num_interval = [0,inf)
MODEL_TYPE = ModelType.SEQUENTIAL
model_name = TimeWeaver
hidden_size = 64
num_layers = 1
hidden_dropout_prob = 0.5
initializer_range = 0.02
time_bucket_size = 1000
ema_decay = 0.1
tcn_kernel_size = 7
ffn_hidden_size = 512
loss_type = CE
early_stop = 10
neg_sampling = None
device = cuda
use_continuous_time = False
use_time_gate = False
use_time_augmentation = False
MODEL_INPUT_TYPE = InputType.POINTWISE
eval_type = EvaluatorType.RANKING
single_spec = True
local_rank = 0
valid_neg_sample_args = {'distribution': 'uniform', 'sample_num': 100}
test_neg_sample_args = {'distribution': 'uniform', 'sample_num': 100}


Thu 12 Feb 2026 19:53:37 INFO  amazon-electronics-5core-subset
The number of users: 1501
Average actions of users: 108.42733333333334
The number of items: 54722
Average actions of items: 2.9721861808080994
The number of inters: 162641
The sparsity of the dataset: 99.80198988231011%
Remain Fields: ['user_id', 'item_id', 'rating', 'timestamp']
Thu 12 Feb 2026 19:53:39 INFO  [Training]: train_batch_size = [256] train_neg_sample_args: [{'distribution': 'none', 'sample_num': 'none', 'alpha': 'none', 'dynamic': False, 'candidate_num': 0}]
Thu 12 Feb 2026 19:53:39 INFO  [Evaluation]: eval_batch_size = [512] eval_args: [{'split': {'LS': 'valid_and_test'}, 'order': 'TO', 'group_by': 'user', 'mode': {'valid': 'uni100', 'test': 'uni100'}}]
Thu 12 Feb 2026 19:53:39 INFO  TimeWeaver(
  (item_embedding): Embedding(54722, 64, padding_idx=0)
  (time_aug): TimeAwareAugmentation(
    (pos_embedding): Embedding(32, 64)
    (time_embedding): Embedding(1000, 64)
    (layer_norm): LayerNorm((64,), eps=1e-05, elementwise_affine=True)
    (drop): Dropout(p=0.5, inplace=False)
  )
  (context_layers): ModuleList(
    (0): TCNNextBlock(
      (dw): DepthwiseConv1d(
        (conv): Conv1d(64, 64, kernel_size=(7,), stride=(1,), padding=(3,), groups=64)
        (bn): BatchNorm1d(64, eps=1e-05, momentum=0.1, affine=True, track_running_stats=True)
        (drop): Dropout(p=0.5, inplace=False)
      )
      (norm1): LayerNorm((64,), eps=1e-05, elementwise_affine=True)
      (conv_inter): ParallelConvInter(
        (conv1): Conv1d(64, 64, kernel_size=(1,), stride=(1,))
        (conv3): Conv1d(64, 64, kernel_size=(3,), stride=(1,), padding=(1,))
        (proj): Conv1d(64, 64, kernel_size=(1,), stride=(1,))
        (drop): Dropout(p=0.5, inplace=False)
      )
      (norm2): LayerNorm((64,), eps=1e-05, elementwise_affine=True)
      (ffn): Sequential(
        (0): Linear(in_features=64, out_features=512, bias=True)
        (1): GELU(approximate='none')
        (2): Dropout(p=0.5, inplace=False)
        (3): Linear(in_features=512, out_features=64, bias=True)
        (4): Dropout(p=0.5, inplace=False)
      )
      (norm3): LayerNorm((64,), eps=1e-05, elementwise_affine=True)
    )
  )
  (dynamic_layers): ModuleList(
    (0): EMAStream(
      (proj): Linear(in_features=64, out_features=64, bias=True)
    )
  )
  (weavers): ModuleList(
    (0): StreamWeaver(
      (proj): Linear(in_features=128, out_features=64, bias=True)
      (norm): LayerNorm((64,), eps=1e-05, elementwise_affine=True)
    )
  )
  (loss_fct): CrossEntropyLoss()
)
Trainable parameters: 3668737.0
Thu 12 Feb 2026 19:53:40 INFO  FLOPs: 3194880.0
Thu 12 Feb 2026 19:54:11 INFO  epoch 0 training [time: 30.44s, train loss: 6507.8617]
Thu 12 Feb 2026 19:54:13 INFO  epoch 0 evaluating [time: 2.18s, valid_score: 0.188300]
Thu 12 Feb 2026 19:54:13 INFO  valid result: 
hit@10 : 0.3633    ndcg@10 : 0.2296    mrr@10 : 0.1883
Thu 12 Feb 2026 19:54:13 INFO  Saving current: saved\TimeWeaver-Feb-12-2026_19-53-40.pth
Thu 12 Feb 2026 19:54:46 INFO  epoch 1 training [time: 32.13s, train loss: 6094.2247]
Thu 12 Feb 2026 19:54:48 INFO  epoch 1 evaluating [time: 2.14s, valid_score: 0.229600]
Thu 12 Feb 2026 19:54:48 INFO  valid result: 
hit@10 : 0.4307    ndcg@10 : 0.2772    mrr@10 : 0.2296
Thu 12 Feb 2026 19:54:48 INFO  Saving current: saved\TimeWeaver-Feb-12-2026_19-53-40.pth
Thu 12 Feb 2026 19:55:18 INFO  epoch 2 training [time: 30.29s, train loss: 5668.8346]
Thu 12 Feb 2026 19:55:20 INFO  epoch 2 evaluating [time: 1.99s, valid_score: 0.221900]
Thu 12 Feb 2026 19:55:20 INFO  valid result: 
hit@10 : 0.4153    ndcg@10 : 0.2676    mrr@10 : 0.2219
Thu 12 Feb 2026 19:55:50 INFO  epoch 3 training [time: 30.10s, train loss: 5213.4966]
Thu 12 Feb 2026 19:55:52 INFO  epoch 3 evaluating [time: 2.11s, valid_score: 0.220200]
Thu 12 Feb 2026 19:55:52 INFO  valid result: 
hit@10 : 0.3927    ndcg@10 : 0.2608    mrr@10 : 0.2202
Thu 12 Feb 2026 19:56:22 INFO  epoch 4 training [time: 30.11s, train loss: 4789.7420]
Thu 12 Feb 2026 19:56:24 INFO  epoch 4 evaluating [time: 2.07s, valid_score: 0.210300]
Thu 12 Feb 2026 19:56:24 INFO  valid result: 
hit@10 : 0.3793    ndcg@10 : 0.2502    mrr@10 : 0.2103
Thu 12 Feb 2026 19:56:55 INFO  epoch 5 training [time: 30.36s, train loss: 4438.6592]
Thu 12 Feb 2026 19:56:57 INFO  epoch 5 evaluating [time: 2.06s, valid_score: 0.207200]
Thu 12 Feb 2026 19:56:57 INFO  valid result: 
hit@10 : 0.37    ndcg@10 : 0.2453    mrr@10 : 0.2072
Thu 12 Feb 2026 19:57:27 INFO  epoch 6 training [time: 30.32s, train loss: 4166.9726]
Thu 12 Feb 2026 19:57:29 INFO  epoch 6 evaluating [time: 2.04s, valid_score: 0.207900]
Thu 12 Feb 2026 19:57:29 INFO  valid result: 
hit@10 : 0.37    ndcg@10 : 0.246    mrr@10 : 0.2079
Thu 12 Feb 2026 19:57:59 INFO  epoch 7 training [time: 30.01s, train loss: 3958.3941]
Thu 12 Feb 2026 19:58:01 INFO  epoch 7 evaluating [time: 2.16s, valid_score: 0.217400]
Thu 12 Feb 2026 19:58:01 INFO  valid result: 
hit@10 : 0.3853    ndcg@10 : 0.2568    mrr@10 : 0.2174
Thu 12 Feb 2026 19:58:34 INFO  epoch 8 training [time: 32.21s, train loss: 3794.0379]
Thu 12 Feb 2026 19:58:36 INFO  epoch 8 evaluating [time: 2.08s, valid_score: 0.210300]
Thu 12 Feb 2026 19:58:36 INFO  valid result: 
hit@10 : 0.3807    ndcg@10 : 0.2504    mrr@10 : 0.2103
Thu 12 Feb 2026 19:59:07 INFO  epoch 9 training [time: 31.10s, train loss: 3658.5804]
Thu 12 Feb 2026 19:59:09 INFO  epoch 9 evaluating [time: 1.97s, valid_score: 0.213100]
Thu 12 Feb 2026 19:59:09 INFO  valid result: 
hit@10 : 0.386    ndcg@10 : 0.2539    mrr@10 : 0.2131
Thu 12 Feb 2026 19:59:39 INFO  epoch 10 training [time: 29.90s, train loss: 3537.6143]
Thu 12 Feb 2026 19:59:41 INFO  epoch 10 evaluating [time: 2.07s, valid_score: 0.208500]
Thu 12 Feb 2026 19:59:41 INFO  valid result: 
hit@10 : 0.372    ndcg@10 : 0.2471    mrr@10 : 0.2085
Thu 12 Feb 2026 20:00:11 INFO  epoch 11 training [time: 30.31s, train loss: 3427.4287]
Thu 12 Feb 2026 20:00:13 INFO  epoch 11 evaluating [time: 1.99s, valid_score: 0.208400]
Thu 12 Feb 2026 20:00:13 INFO  valid result: 
hit@10 : 0.3867    ndcg@10 : 0.2505    mrr@10 : 0.2084
Thu 12 Feb 2026 20:00:43 INFO  epoch 12 training [time: 30.38s, train loss: 3335.2297]
Thu 12 Feb 2026 20:00:45 INFO  epoch 12 evaluating [time: 2.04s, valid_score: 0.222000]
Thu 12 Feb 2026 20:00:45 INFO  valid result: 
hit@10 : 0.3967    ndcg@10 : 0.2628    mrr@10 : 0.222
Thu 12 Feb 2026 20:00:45 INFO  Finished training, best eval result in epoch 1
Thu 12 Feb 2026 20:00:45 INFO  Loading model structure and parameters from saved\TimeWeaver-Feb-12-2026_19-53-40.pth
Thu 12 Feb 2026 20:00:48 INFO  The running environment of this training is as follows:
+-------------+----------------+
| Environment |     Usage      |
+=============+================+
| CPU         |     4.50 %     |
+-------------+----------------+
| GPU         | 0.44 G/6.00 G  |
+-------------+----------------+
| Memory      | 1.55 G/15.63 G |
+-------------+----------------+
Thu 12 Feb 2026 20:00:48 INFO  best valid : OrderedDict([('hit@10', 0.4307), ('ndcg@10', 0.2772), ('mrr@10', 0.2296)])
Thu 12 Feb 2026 20:00:48 INFO  test result: OrderedDict([('hit@10', 0.3667), ('ndcg@10', 0.2325), ('mrr@10', 0.1912)])
