Wed 18 Feb 2026 23:32:46 INFO  ['F:\\桌面\\recommendation_system\\scripts\\run_grid.py', '--models', 'timeweaver', '--datasets', 'amazon-beauty-5core-subset', '--timeweaver-variant', 'gate_discrete', '--seeds', '42,2023,2024', '--device', 'gpu', '--output', 'results/timeweaver_ablations_beauty.json']
Wed 18 Feb 2026 23:32:46 INFO  
General Hyper Parameters:
gpu_id = 0
use_gpu = True
seed = 42
state = INFO
reproducibility = True
data_path = data/amazon\amazon-beauty-5core-subset
checkpoint_dir = saved
show_progress = True
save_dataset = False
dataset_save_path = None
save_dataloaders = False
dataloaders_save_path = None
log_wandb = False

Training Hyper Parameters:
epochs = 100
train_batch_size = 256
learner = adam
learning_rate = 0.001
train_neg_sample_args = {'distribution': 'none', 'sample_num': 'none', 'alpha': 'none', 'dynamic': False, 'candidate_num': 0}
eval_step = 1
stopping_step = 10
clip_grad_norm = None
weight_decay = 0.0
loss_decimal_place = 4

Evaluation Hyper Parameters:
eval_args = {'split': {'LS': 'valid_and_test'}, 'order': 'TO', 'group_by': 'user', 'mode': {'valid': 'uni100', 'test': 'uni100'}}
repeatable = True
metrics = ['Hit', 'NDCG', 'MRR']
topk = [10]
valid_metric = Hit@10
valid_metric_bigger = True
eval_batch_size = 512
metric_decimal_place = 4

Dataset Hyper Parameters:
field_separator = 	
seq_separator =  
USER_ID_FIELD = user_id
ITEM_ID_FIELD = item_id
RATING_FIELD = rating
TIME_FIELD = timestamp
seq_len = None
LABEL_FIELD = label
threshold = None
NEG_PREFIX = neg_
load_col = {'inter': ['user_id', 'item_id', 'rating', 'timestamp']}
unload_col = None
unused_col = None
additional_feat_suffix = None
rm_dup_inter = None
val_interval = None
filter_inter_by_user_or_item = True
user_inter_num_interval = [0,inf)
item_inter_num_interval = [0,inf)
alias_of_user_id = None
alias_of_item_id = None
alias_of_entity_id = None
alias_of_relation_id = None
preload_weight = None
normalize_field = None
normalize_all = None
ITEM_LIST_LENGTH_FIELD = item_length
LIST_SUFFIX = _list
MAX_ITEM_LIST_LENGTH = 32
POSITION_FIELD = position_id
HEAD_ENTITY_ID_FIELD = head_id
TAIL_ENTITY_ID_FIELD = tail_id
RELATION_ID_FIELD = relation_id
ENTITY_ID_FIELD = entity_id
benchmark_filename = None

Other Hyper Parameters: 
worker = 0
wandb_project = recbole
shuffle = True
require_pow = False
enable_amp = False
enable_scaler = False
transform = None
numerical_features = []
discretization = None
kg_reverse_r = False
entity_kg_num_interval = [0,inf)
relation_kg_num_interval = [0,inf)
MODEL_TYPE = ModelType.SEQUENTIAL
model_name = TimeWeaver
hidden_size = 64
num_layers = 2
hidden_dropout_prob = 0.5
initializer_range = 0.02
time_bucket_size = 1000
ema_decay = 0.5
tcn_kernel_size = -1
ffn_hidden_size = 256
loss_type = CE
early_stop = 10
neg_sampling = None
device = cuda
use_continuous_time = False
use_time_gate = True
use_time_augmentation = False
MODEL_INPUT_TYPE = InputType.POINTWISE
eval_type = EvaluatorType.RANKING
single_spec = True
local_rank = 0
valid_neg_sample_args = {'distribution': 'uniform', 'sample_num': 100}
test_neg_sample_args = {'distribution': 'uniform', 'sample_num': 100}


Wed 18 Feb 2026 23:32:46 INFO  amazon-beauty-5core-subset
The number of users: 7001
Average actions of users: 15.458
The number of items: 11924
Average actions of items: 9.075400486454752
The number of inters: 108206
The sparsity of the dataset: 99.87038081155896%
Remain Fields: ['user_id', 'item_id', 'rating', 'timestamp']
Wed 18 Feb 2026 23:32:48 INFO  [Training]: train_batch_size = [256] train_neg_sample_args: [{'distribution': 'none', 'sample_num': 'none', 'alpha': 'none', 'dynamic': False, 'candidate_num': 0}]
Wed 18 Feb 2026 23:32:48 INFO  [Evaluation]: eval_batch_size = [512] eval_args: [{'split': {'LS': 'valid_and_test'}, 'order': 'TO', 'group_by': 'user', 'mode': {'valid': 'uni100', 'test': 'uni100'}}]
Wed 18 Feb 2026 23:32:48 INFO  TimeWeaver(
  (item_embedding): Embedding(11924, 64, padding_idx=0)
  (time_aug): TimeAwareAugmentation(
    (pos_embedding): Embedding(32, 64)
    (time_embedding): Embedding(1000, 64)
    (time_gate): TimeGate(
      (net): Sequential(
        (0): Linear(in_features=128, out_features=16, bias=True)
        (1): GELU(approximate='none')
        (2): Linear(in_features=16, out_features=64, bias=True)
        (3): Sigmoid()
      )
    )
    (layer_norm): LayerNorm((64,), eps=1e-05, elementwise_affine=True)
    (drop): Dropout(p=0.5, inplace=False)
  )
  (context_layers): ModuleList(
    (0-1): 2 x TCNNextBlock(
      (dw): DepthwiseConv1d(
        (conv): Conv1d(64, 64, kernel_size=(11,), stride=(1,), padding=(5,), groups=64)
        (bn): BatchNorm1d(64, eps=1e-05, momentum=0.1, affine=True, track_running_stats=True)
        (drop): Dropout(p=0.5, inplace=False)
      )
      (norm1): LayerNorm((64,), eps=1e-05, elementwise_affine=True)
      (conv_inter): ParallelConvInter(
        (conv1): Conv1d(64, 64, kernel_size=(1,), stride=(1,))
        (conv3): Conv1d(64, 64, kernel_size=(3,), stride=(1,), padding=(1,))
        (proj): Conv1d(64, 64, kernel_size=(1,), stride=(1,))
        (drop): Dropout(p=0.5, inplace=False)
      )
      (norm2): LayerNorm((64,), eps=1e-05, elementwise_affine=True)
      (ffn): Sequential(
        (0): Linear(in_features=64, out_features=256, bias=True)
        (1): GELU(approximate='none')
        (2): Dropout(p=0.5, inplace=False)
        (3): Linear(in_features=256, out_features=64, bias=True)
        (4): Dropout(p=0.5, inplace=False)
      )
      (norm3): LayerNorm((64,), eps=1e-05, elementwise_affine=True)
    )
  )
  (dynamic_layers): ModuleList(
    (0-1): 2 x EMAStream(
      (proj): Linear(in_features=64, out_features=64, bias=True)
    )
  )
  (weavers): ModuleList(
    (0-1): 2 x StreamWeaver(
      (proj): Linear(in_features=128, out_features=64, bias=True)
      (norm): LayerNorm((64,), eps=1e-05, elementwise_affine=True)
    )
  )
  (loss_fct): CrossEntropyLoss()
)
Trainable parameters: 967634.0
Wed 18 Feb 2026 23:32:49 INFO  FLOPs: 4397056.0
Wed 18 Feb 2026 23:33:24 INFO  epoch 0 training [time: 33.55s, train loss: 2937.2763]
Wed 18 Feb 2026 23:33:35 INFO  epoch 0 evaluating [time: 11.80s, valid_score: 0.457100]
Wed 18 Feb 2026 23:33:35 INFO  valid result: 
hit@10 : 0.4571    ndcg@10 : 0.2692    mrr@10 : 0.2108
Wed 18 Feb 2026 23:33:35 INFO  Saving current: saved\TimeWeaver-Feb-18-2026_23-32-49.pth
Wed 18 Feb 2026 23:34:09 INFO  epoch 1 training [time: 33.66s, train loss: 2702.9283]
Wed 18 Feb 2026 23:34:21 INFO  epoch 1 evaluating [time: 11.94s, valid_score: 0.512900]
Wed 18 Feb 2026 23:34:21 INFO  valid result: 
hit@10 : 0.5129    ndcg@10 : 0.3448    mrr@10 : 0.2921
Wed 18 Feb 2026 23:34:21 INFO  Saving current: saved\TimeWeaver-Feb-18-2026_23-32-49.pth
Wed 18 Feb 2026 23:34:54 INFO  epoch 2 training [time: 32.97s, train loss: 2550.7932]
Wed 18 Feb 2026 23:35:06 INFO  epoch 2 evaluating [time: 11.75s, valid_score: 0.538300]
Wed 18 Feb 2026 23:35:06 INFO  valid result: 
hit@10 : 0.5383    ndcg@10 : 0.3774    mrr@10 : 0.327
Wed 18 Feb 2026 23:35:06 INFO  Saving current: saved\TimeWeaver-Feb-18-2026_23-32-49.pth
Wed 18 Feb 2026 23:35:38 INFO  epoch 3 training [time: 32.67s, train loss: 2441.9403]
Wed 18 Feb 2026 23:35:50 INFO  epoch 3 evaluating [time: 11.72s, valid_score: 0.539900]
Wed 18 Feb 2026 23:35:50 INFO  valid result: 
hit@10 : 0.5399    ndcg@10 : 0.3856    mrr@10 : 0.3374
Wed 18 Feb 2026 23:35:50 INFO  Saving current: saved\TimeWeaver-Feb-18-2026_23-32-49.pth
Wed 18 Feb 2026 23:36:23 INFO  epoch 4 training [time: 32.40s, train loss: 2349.8478]
Wed 18 Feb 2026 23:36:35 INFO  epoch 4 evaluating [time: 12.57s, valid_score: 0.539600]
Wed 18 Feb 2026 23:36:35 INFO  valid result: 
hit@10 : 0.5396    ndcg@10 : 0.3869    mrr@10 : 0.3391
Wed 18 Feb 2026 23:37:09 INFO  epoch 5 training [time: 34.08s, train loss: 2269.5395]
Wed 18 Feb 2026 23:37:21 INFO  epoch 5 evaluating [time: 11.97s, valid_score: 0.534900]
Wed 18 Feb 2026 23:37:21 INFO  valid result: 
hit@10 : 0.5349    ndcg@10 : 0.3934    mrr@10 : 0.349
Wed 18 Feb 2026 23:37:53 INFO  epoch 6 training [time: 32.26s, train loss: 2198.8871]
Wed 18 Feb 2026 23:38:06 INFO  epoch 6 evaluating [time: 12.09s, valid_score: 0.540000]
Wed 18 Feb 2026 23:38:06 INFO  valid result: 
hit@10 : 0.54    ndcg@10 : 0.3944    mrr@10 : 0.3488
Wed 18 Feb 2026 23:38:06 INFO  Saving current: saved\TimeWeaver-Feb-18-2026_23-32-49.pth
Wed 18 Feb 2026 23:38:38 INFO  epoch 7 training [time: 32.90s, train loss: 2139.3733]
Wed 18 Feb 2026 23:38:50 INFO  epoch 7 evaluating [time: 11.78s, valid_score: 0.534600]
Wed 18 Feb 2026 23:38:50 INFO  valid result: 
hit@10 : 0.5346    ndcg@10 : 0.3936    mrr@10 : 0.3493
Wed 18 Feb 2026 23:39:23 INFO  epoch 8 training [time: 33.13s, train loss: 2091.4653]
Wed 18 Feb 2026 23:39:35 INFO  epoch 8 evaluating [time: 11.81s, valid_score: 0.535000]
Wed 18 Feb 2026 23:39:35 INFO  valid result: 
hit@10 : 0.535    ndcg@10 : 0.3941    mrr@10 : 0.3499
Wed 18 Feb 2026 23:40:08 INFO  epoch 9 training [time: 32.49s, train loss: 2049.1939]
Wed 18 Feb 2026 23:40:19 INFO  epoch 9 evaluating [time: 11.76s, valid_score: 0.538600]
Wed 18 Feb 2026 23:40:19 INFO  valid result: 
hit@10 : 0.5386    ndcg@10 : 0.3928    mrr@10 : 0.3472
Wed 18 Feb 2026 23:40:54 INFO  epoch 10 training [time: 34.25s, train loss: 2013.4484]
Wed 18 Feb 2026 23:41:06 INFO  epoch 10 evaluating [time: 12.12s, valid_score: 0.542300]
Wed 18 Feb 2026 23:41:06 INFO  valid result: 
hit@10 : 0.5423    ndcg@10 : 0.3918    mrr@10 : 0.3449
Wed 18 Feb 2026 23:41:06 INFO  Saving current: saved\TimeWeaver-Feb-18-2026_23-32-49.pth
Wed 18 Feb 2026 23:41:39 INFO  epoch 11 training [time: 32.66s, train loss: 1983.6466]
Wed 18 Feb 2026 23:41:50 INFO  epoch 11 evaluating [time: 11.80s, valid_score: 0.540400]
Wed 18 Feb 2026 23:41:50 INFO  valid result: 
hit@10 : 0.5404    ndcg@10 : 0.3958    mrr@10 : 0.3506
Wed 18 Feb 2026 23:42:24 INFO  epoch 12 training [time: 33.33s, train loss: 1956.5938]
Wed 18 Feb 2026 23:42:35 INFO  epoch 12 evaluating [time: 11.69s, valid_score: 0.537400]
Wed 18 Feb 2026 23:42:35 INFO  valid result: 
hit@10 : 0.5374    ndcg@10 : 0.3972    mrr@10 : 0.3534
Wed 18 Feb 2026 23:43:08 INFO  epoch 13 training [time: 32.94s, train loss: 1931.4458]
Wed 18 Feb 2026 23:43:20 INFO  epoch 13 evaluating [time: 11.84s, valid_score: 0.535700]
Wed 18 Feb 2026 23:43:20 INFO  valid result: 
hit@10 : 0.5357    ndcg@10 : 0.3913    mrr@10 : 0.346
Wed 18 Feb 2026 23:43:53 INFO  epoch 14 training [time: 32.98s, train loss: 1910.1247]
Wed 18 Feb 2026 23:44:05 INFO  epoch 14 evaluating [time: 11.71s, valid_score: 0.535300]
Wed 18 Feb 2026 23:44:05 INFO  valid result: 
hit@10 : 0.5353    ndcg@10 : 0.3913    mrr@10 : 0.3463
Wed 18 Feb 2026 23:44:38 INFO  epoch 15 training [time: 33.61s, train loss: 1889.3805]
Wed 18 Feb 2026 23:44:51 INFO  epoch 15 evaluating [time: 12.22s, valid_score: 0.532000]
Wed 18 Feb 2026 23:44:51 INFO  valid result: 
hit@10 : 0.532    ndcg@10 : 0.3919    mrr@10 : 0.3481
Wed 18 Feb 2026 23:45:24 INFO  epoch 16 training [time: 33.63s, train loss: 1868.8318]
Wed 18 Feb 2026 23:45:36 INFO  epoch 16 evaluating [time: 11.63s, valid_score: 0.535000]
Wed 18 Feb 2026 23:45:36 INFO  valid result: 
hit@10 : 0.535    ndcg@10 : 0.3906    mrr@10 : 0.3456
Wed 18 Feb 2026 23:46:09 INFO  epoch 17 training [time: 32.82s, train loss: 1852.4967]
Wed 18 Feb 2026 23:46:21 INFO  epoch 17 evaluating [time: 11.86s, valid_score: 0.535300]
Wed 18 Feb 2026 23:46:21 INFO  valid result: 
hit@10 : 0.5353    ndcg@10 : 0.3882    mrr@10 : 0.3423
Wed 18 Feb 2026 23:46:53 INFO  epoch 18 training [time: 32.75s, train loss: 1833.7226]
Wed 18 Feb 2026 23:47:05 INFO  epoch 18 evaluating [time: 11.66s, valid_score: 0.529900]
Wed 18 Feb 2026 23:47:05 INFO  valid result: 
hit@10 : 0.5299    ndcg@10 : 0.3859    mrr@10 : 0.341
Wed 18 Feb 2026 23:47:38 INFO  epoch 19 training [time: 32.99s, train loss: 1818.5478]
Wed 18 Feb 2026 23:47:50 INFO  epoch 19 evaluating [time: 11.75s, valid_score: 0.531600]
Wed 18 Feb 2026 23:47:50 INFO  valid result: 
hit@10 : 0.5316    ndcg@10 : 0.3891    mrr@10 : 0.3446
Wed 18 Feb 2026 23:48:22 INFO  epoch 20 training [time: 32.47s, train loss: 1804.4466]
Wed 18 Feb 2026 23:48:34 INFO  epoch 20 evaluating [time: 12.03s, valid_score: 0.532900]
Wed 18 Feb 2026 23:48:34 INFO  valid result: 
hit@10 : 0.5329    ndcg@10 : 0.3867    mrr@10 : 0.3411
Wed 18 Feb 2026 23:49:08 INFO  epoch 21 training [time: 34.09s, train loss: 1789.0640]
Wed 18 Feb 2026 23:49:20 INFO  epoch 21 evaluating [time: 11.96s, valid_score: 0.531300]
Wed 18 Feb 2026 23:49:20 INFO  valid result: 
hit@10 : 0.5313    ndcg@10 : 0.3866    mrr@10 : 0.3414
Wed 18 Feb 2026 23:49:20 INFO  Finished training, best eval result in epoch 10
Wed 18 Feb 2026 23:49:20 INFO  Loading model structure and parameters from saved\TimeWeaver-Feb-18-2026_23-32-49.pth
Wed 18 Feb 2026 23:49:33 INFO  The running environment of this training is as follows:
+-------------+----------------+
| Environment |     Usage      |
+=============+================+
| CPU         |     5.60 %     |
+-------------+----------------+
| GPU         | 0.23 G/6.00 G  |
+-------------+----------------+
| Memory      | 1.46 G/15.63 G |
+-------------+----------------+
Wed 18 Feb 2026 23:49:33 INFO  best valid : OrderedDict([('hit@10', 0.5423), ('ndcg@10', 0.3918), ('mrr@10', 0.3449)])
Wed 18 Feb 2026 23:49:33 INFO  test result: OrderedDict([('hit@10', 0.5019), ('ndcg@10', 0.3567), ('mrr@10', 0.3113)])
Wed 18 Feb 2026 23:49:33 WARNING  command line args [--models timeweaver --datasets amazon-beauty-5core-subset --timeweaver-variant gate_discrete --seeds 42,2023,2024 --device gpu --output results/timeweaver_ablations_beauty.json] will not be used in RecBole
Wed 18 Feb 2026 23:49:33 INFO  ['F:\\桌面\\recommendation_system\\scripts\\run_grid.py', '--models', 'timeweaver', '--datasets', 'amazon-beauty-5core-subset', '--timeweaver-variant', 'gate_discrete', '--seeds', '42,2023,2024', '--device', 'gpu', '--output', 'results/timeweaver_ablations_beauty.json']
Wed 18 Feb 2026 23:49:33 INFO  
General Hyper Parameters:
gpu_id = 0
use_gpu = True
seed = 2023
state = INFO
reproducibility = True
data_path = data/amazon\amazon-beauty-5core-subset
checkpoint_dir = saved
show_progress = True
save_dataset = False
dataset_save_path = None
save_dataloaders = False
dataloaders_save_path = None
log_wandb = False

Training Hyper Parameters:
epochs = 100
train_batch_size = 256
learner = adam
learning_rate = 0.001
train_neg_sample_args = {'distribution': 'none', 'sample_num': 'none', 'alpha': 'none', 'dynamic': False, 'candidate_num': 0}
eval_step = 1
stopping_step = 10
clip_grad_norm = None
weight_decay = 0.0
loss_decimal_place = 4

Evaluation Hyper Parameters:
eval_args = {'split': {'LS': 'valid_and_test'}, 'order': 'TO', 'group_by': 'user', 'mode': {'valid': 'uni100', 'test': 'uni100'}}
repeatable = True
metrics = ['Hit', 'NDCG', 'MRR']
topk = [10]
valid_metric = Hit@10
valid_metric_bigger = True
eval_batch_size = 512
metric_decimal_place = 4

Dataset Hyper Parameters:
field_separator = 	
seq_separator =  
USER_ID_FIELD = user_id
ITEM_ID_FIELD = item_id
RATING_FIELD = rating
TIME_FIELD = timestamp
seq_len = None
LABEL_FIELD = label
threshold = None
NEG_PREFIX = neg_
load_col = {'inter': ['user_id', 'item_id', 'rating', 'timestamp']}
unload_col = None
unused_col = None
additional_feat_suffix = None
rm_dup_inter = None
val_interval = None
filter_inter_by_user_or_item = True
user_inter_num_interval = [0,inf)
item_inter_num_interval = [0,inf)
alias_of_user_id = None
alias_of_item_id = None
alias_of_entity_id = None
alias_of_relation_id = None
preload_weight = None
normalize_field = None
normalize_all = None
ITEM_LIST_LENGTH_FIELD = item_length
LIST_SUFFIX = _list
MAX_ITEM_LIST_LENGTH = 32
POSITION_FIELD = position_id
HEAD_ENTITY_ID_FIELD = head_id
TAIL_ENTITY_ID_FIELD = tail_id
RELATION_ID_FIELD = relation_id
ENTITY_ID_FIELD = entity_id
benchmark_filename = None

Other Hyper Parameters: 
worker = 0
wandb_project = recbole
shuffle = True
require_pow = False
enable_amp = False
enable_scaler = False
transform = None
numerical_features = []
discretization = None
kg_reverse_r = False
entity_kg_num_interval = [0,inf)
relation_kg_num_interval = [0,inf)
MODEL_TYPE = ModelType.SEQUENTIAL
model_name = TimeWeaver
hidden_size = 64
num_layers = 2
hidden_dropout_prob = 0.5
initializer_range = 0.02
time_bucket_size = 1000
ema_decay = 0.5
tcn_kernel_size = -1
ffn_hidden_size = 256
loss_type = CE
early_stop = 10
neg_sampling = None
device = cuda
use_continuous_time = False
use_time_gate = True
use_time_augmentation = False
MODEL_INPUT_TYPE = InputType.POINTWISE
eval_type = EvaluatorType.RANKING
single_spec = True
local_rank = 0
valid_neg_sample_args = {'distribution': 'uniform', 'sample_num': 100}
test_neg_sample_args = {'distribution': 'uniform', 'sample_num': 100}


Wed 18 Feb 2026 23:49:33 INFO  amazon-beauty-5core-subset
The number of users: 7001
Average actions of users: 15.458
The number of items: 11924
Average actions of items: 9.075400486454752
The number of inters: 108206
The sparsity of the dataset: 99.87038081155896%
Remain Fields: ['user_id', 'item_id', 'rating', 'timestamp']
Wed 18 Feb 2026 23:49:35 INFO  [Training]: train_batch_size = [256] train_neg_sample_args: [{'distribution': 'none', 'sample_num': 'none', 'alpha': 'none', 'dynamic': False, 'candidate_num': 0}]
Wed 18 Feb 2026 23:49:35 INFO  [Evaluation]: eval_batch_size = [512] eval_args: [{'split': {'LS': 'valid_and_test'}, 'order': 'TO', 'group_by': 'user', 'mode': {'valid': 'uni100', 'test': 'uni100'}}]
Wed 18 Feb 2026 23:49:35 INFO  TimeWeaver(
  (item_embedding): Embedding(11924, 64, padding_idx=0)
  (time_aug): TimeAwareAugmentation(
    (pos_embedding): Embedding(32, 64)
    (time_embedding): Embedding(1000, 64)
    (time_gate): TimeGate(
      (net): Sequential(
        (0): Linear(in_features=128, out_features=16, bias=True)
        (1): GELU(approximate='none')
        (2): Linear(in_features=16, out_features=64, bias=True)
        (3): Sigmoid()
      )
    )
    (layer_norm): LayerNorm((64,), eps=1e-05, elementwise_affine=True)
    (drop): Dropout(p=0.5, inplace=False)
  )
  (context_layers): ModuleList(
    (0-1): 2 x TCNNextBlock(
      (dw): DepthwiseConv1d(
        (conv): Conv1d(64, 64, kernel_size=(11,), stride=(1,), padding=(5,), groups=64)
        (bn): BatchNorm1d(64, eps=1e-05, momentum=0.1, affine=True, track_running_stats=True)
        (drop): Dropout(p=0.5, inplace=False)
      )
      (norm1): LayerNorm((64,), eps=1e-05, elementwise_affine=True)
      (conv_inter): ParallelConvInter(
        (conv1): Conv1d(64, 64, kernel_size=(1,), stride=(1,))
        (conv3): Conv1d(64, 64, kernel_size=(3,), stride=(1,), padding=(1,))
        (proj): Conv1d(64, 64, kernel_size=(1,), stride=(1,))
        (drop): Dropout(p=0.5, inplace=False)
      )
      (norm2): LayerNorm((64,), eps=1e-05, elementwise_affine=True)
      (ffn): Sequential(
        (0): Linear(in_features=64, out_features=256, bias=True)
        (1): GELU(approximate='none')
        (2): Dropout(p=0.5, inplace=False)
        (3): Linear(in_features=256, out_features=64, bias=True)
        (4): Dropout(p=0.5, inplace=False)
      )
      (norm3): LayerNorm((64,), eps=1e-05, elementwise_affine=True)
    )
  )
  (dynamic_layers): ModuleList(
    (0-1): 2 x EMAStream(
      (proj): Linear(in_features=64, out_features=64, bias=True)
    )
  )
  (weavers): ModuleList(
    (0-1): 2 x StreamWeaver(
      (proj): Linear(in_features=128, out_features=64, bias=True)
      (norm): LayerNorm((64,), eps=1e-05, elementwise_affine=True)
    )
  )
  (loss_fct): CrossEntropyLoss()
)
Trainable parameters: 967634.0
Wed 18 Feb 2026 23:49:35 INFO  FLOPs: 4397056.0
Wed 18 Feb 2026 23:50:09 INFO  epoch 0 training [time: 34.23s, train loss: 2930.5069]
Wed 18 Feb 2026 23:50:21 INFO  epoch 0 evaluating [time: 12.01s, valid_score: 0.454300]
Wed 18 Feb 2026 23:50:21 INFO  valid result: 
hit@10 : 0.4543    ndcg@10 : 0.2741    mrr@10 : 0.2181
Wed 18 Feb 2026 23:50:21 INFO  Saving current: saved\TimeWeaver-Feb-18-2026_23-49-35.pth
Wed 18 Feb 2026 23:50:54 INFO  epoch 1 training [time: 32.90s, train loss: 2699.7378]
Wed 18 Feb 2026 23:51:06 INFO  epoch 1 evaluating [time: 11.94s, valid_score: 0.515300]
Wed 18 Feb 2026 23:51:06 INFO  valid result: 
hit@10 : 0.5153    ndcg@10 : 0.3462    mrr@10 : 0.2934
Wed 18 Feb 2026 23:51:06 INFO  Saving current: saved\TimeWeaver-Feb-18-2026_23-49-35.pth
Wed 18 Feb 2026 23:51:40 INFO  epoch 2 training [time: 33.39s, train loss: 2547.8293]
Wed 18 Feb 2026 23:51:52 INFO  epoch 2 evaluating [time: 11.89s, valid_score: 0.540300]
Wed 18 Feb 2026 23:51:52 INFO  valid result: 
hit@10 : 0.5403    ndcg@10 : 0.3814    mrr@10 : 0.3315
Wed 18 Feb 2026 23:51:52 INFO  Saving current: saved\TimeWeaver-Feb-18-2026_23-49-35.pth
Wed 18 Feb 2026 23:52:24 INFO  epoch 3 training [time: 32.70s, train loss: 2435.5914]
Wed 18 Feb 2026 23:52:37 INFO  epoch 3 evaluating [time: 12.39s, valid_score: 0.540900]
Wed 18 Feb 2026 23:52:37 INFO  valid result: 
hit@10 : 0.5409    ndcg@10 : 0.389    mrr@10 : 0.3415
Wed 18 Feb 2026 23:52:37 INFO  Saving current: saved\TimeWeaver-Feb-18-2026_23-49-35.pth
Wed 18 Feb 2026 23:53:11 INFO  epoch 4 training [time: 34.22s, train loss: 2341.8503]
Wed 18 Feb 2026 23:53:23 INFO  epoch 4 evaluating [time: 12.09s, valid_score: 0.540900]
Wed 18 Feb 2026 23:53:23 INFO  valid result: 
hit@10 : 0.5409    ndcg@10 : 0.3926    mrr@10 : 0.3462
Wed 18 Feb 2026 23:53:23 INFO  Saving current: saved\TimeWeaver-Feb-18-2026_23-49-35.pth
Wed 18 Feb 2026 23:53:55 INFO  epoch 5 training [time: 32.48s, train loss: 2259.8419]
Wed 18 Feb 2026 23:54:08 INFO  epoch 5 evaluating [time: 12.29s, valid_score: 0.539900]
Wed 18 Feb 2026 23:54:08 INFO  valid result: 
hit@10 : 0.5399    ndcg@10 : 0.3952    mrr@10 : 0.35
Wed 18 Feb 2026 23:54:41 INFO  epoch 6 training [time: 33.31s, train loss: 2190.3006]
Wed 18 Feb 2026 23:54:53 INFO  epoch 6 evaluating [time: 12.06s, valid_score: 0.539400]
Wed 18 Feb 2026 23:54:53 INFO  valid result: 
hit@10 : 0.5394    ndcg@10 : 0.394    mrr@10 : 0.3485
Wed 18 Feb 2026 23:55:26 INFO  epoch 7 training [time: 33.21s, train loss: 2132.9840]
Wed 18 Feb 2026 23:55:38 INFO  epoch 7 evaluating [time: 12.02s, valid_score: 0.538700]
Wed 18 Feb 2026 23:55:38 INFO  valid result: 
hit@10 : 0.5387    ndcg@10 : 0.3959    mrr@10 : 0.3512
Wed 18 Feb 2026 23:56:11 INFO  epoch 8 training [time: 32.45s, train loss: 2084.7289]
Wed 18 Feb 2026 23:56:23 INFO  epoch 8 evaluating [time: 12.12s, valid_score: 0.536700]
Wed 18 Feb 2026 23:56:23 INFO  valid result: 
hit@10 : 0.5367    ndcg@10 : 0.3925    mrr@10 : 0.3475
Wed 18 Feb 2026 23:56:58 INFO  epoch 9 training [time: 34.70s, train loss: 2044.4209]
Wed 18 Feb 2026 23:57:10 INFO  epoch 9 evaluating [time: 12.44s, valid_score: 0.534600]
Wed 18 Feb 2026 23:57:10 INFO  valid result: 
hit@10 : 0.5346    ndcg@10 : 0.3918    mrr@10 : 0.3473
Wed 18 Feb 2026 23:57:43 INFO  epoch 10 training [time: 32.40s, train loss: 2011.1016]
Wed 18 Feb 2026 23:57:55 INFO  epoch 10 evaluating [time: 12.17s, valid_score: 0.532000]
Wed 18 Feb 2026 23:57:55 INFO  valid result: 
hit@10 : 0.532    ndcg@10 : 0.3917    mrr@10 : 0.3479
Wed 18 Feb 2026 23:58:28 INFO  epoch 11 training [time: 33.14s, train loss: 1981.4518]
Wed 18 Feb 2026 23:58:40 INFO  epoch 11 evaluating [time: 11.86s, valid_score: 0.531600]
Wed 18 Feb 2026 23:58:40 INFO  valid result: 
hit@10 : 0.5316    ndcg@10 : 0.3897    mrr@10 : 0.3453
Wed 18 Feb 2026 23:59:13 INFO  epoch 12 training [time: 32.90s, train loss: 1956.4057]
Wed 18 Feb 2026 23:59:24 INFO  epoch 12 evaluating [time: 11.87s, valid_score: 0.533400]
Wed 18 Feb 2026 23:59:24 INFO  valid result: 
hit@10 : 0.5334    ndcg@10 : 0.39    mrr@10 : 0.345
Wed 18 Feb 2026 23:59:58 INFO  epoch 13 training [time: 33.25s, train loss: 1930.7503]
Thu 19 Feb 2026 00:00:10 INFO  epoch 13 evaluating [time: 11.83s, valid_score: 0.531300]
Thu 19 Feb 2026 00:00:10 INFO  valid result: 
hit@10 : 0.5313    ndcg@10 : 0.3904    mrr@10 : 0.3463
Thu 19 Feb 2026 00:00:43 INFO  epoch 14 training [time: 33.95s, train loss: 1910.3418]
Thu 19 Feb 2026 00:00:56 INFO  epoch 14 evaluating [time: 12.39s, valid_score: 0.539000]
Thu 19 Feb 2026 00:00:56 INFO  valid result: 
hit@10 : 0.539    ndcg@10 : 0.3911    mrr@10 : 0.3448
Thu 19 Feb 2026 00:01:29 INFO  epoch 15 training [time: 33.47s, train loss: 1887.2800]
Thu 19 Feb 2026 00:01:41 INFO  epoch 15 evaluating [time: 11.84s, valid_score: 0.539300]
Thu 19 Feb 2026 00:01:41 INFO  valid result: 
hit@10 : 0.5393    ndcg@10 : 0.3926    mrr@10 : 0.3468
Thu 19 Feb 2026 00:01:41 INFO  Finished training, best eval result in epoch 4
Thu 19 Feb 2026 00:01:41 INFO  Loading model structure and parameters from saved\TimeWeaver-Feb-18-2026_23-49-35.pth
Thu 19 Feb 2026 00:01:54 INFO  The running environment of this training is as follows:
+-------------+----------------+
| Environment |     Usage      |
+=============+================+
| CPU         |     4.00 %     |
+-------------+----------------+
| GPU         | 0.23 G/6.00 G  |
+-------------+----------------+
| Memory      | 1.46 G/15.63 G |
+-------------+----------------+
Thu 19 Feb 2026 00:01:54 INFO  best valid : OrderedDict([('hit@10', 0.5409), ('ndcg@10', 0.3926), ('mrr@10', 0.3462)])
Thu 19 Feb 2026 00:01:54 INFO  test result: OrderedDict([('hit@10', 0.5014), ('ndcg@10', 0.3514), ('mrr@10', 0.3044)])
Thu 19 Feb 2026 00:01:54 WARNING  command line args [--models timeweaver --datasets amazon-beauty-5core-subset --timeweaver-variant gate_discrete --seeds 42,2023,2024 --device gpu --output results/timeweaver_ablations_beauty.json] will not be used in RecBole
Thu 19 Feb 2026 00:01:54 INFO  ['F:\\桌面\\recommendation_system\\scripts\\run_grid.py', '--models', 'timeweaver', '--datasets', 'amazon-beauty-5core-subset', '--timeweaver-variant', 'gate_discrete', '--seeds', '42,2023,2024', '--device', 'gpu', '--output', 'results/timeweaver_ablations_beauty.json']
Thu 19 Feb 2026 00:01:54 INFO  
General Hyper Parameters:
gpu_id = 0
use_gpu = True
seed = 2024
state = INFO
reproducibility = True
data_path = data/amazon\amazon-beauty-5core-subset
checkpoint_dir = saved
show_progress = True
save_dataset = False
dataset_save_path = None
save_dataloaders = False
dataloaders_save_path = None
log_wandb = False

Training Hyper Parameters:
epochs = 100
train_batch_size = 256
learner = adam
learning_rate = 0.001
train_neg_sample_args = {'distribution': 'none', 'sample_num': 'none', 'alpha': 'none', 'dynamic': False, 'candidate_num': 0}
eval_step = 1
stopping_step = 10
clip_grad_norm = None
weight_decay = 0.0
loss_decimal_place = 4

Evaluation Hyper Parameters:
eval_args = {'split': {'LS': 'valid_and_test'}, 'order': 'TO', 'group_by': 'user', 'mode': {'valid': 'uni100', 'test': 'uni100'}}
repeatable = True
metrics = ['Hit', 'NDCG', 'MRR']
topk = [10]
valid_metric = Hit@10
valid_metric_bigger = True
eval_batch_size = 512
metric_decimal_place = 4

Dataset Hyper Parameters:
field_separator = 	
seq_separator =  
USER_ID_FIELD = user_id
ITEM_ID_FIELD = item_id
RATING_FIELD = rating
TIME_FIELD = timestamp
seq_len = None
LABEL_FIELD = label
threshold = None
NEG_PREFIX = neg_
load_col = {'inter': ['user_id', 'item_id', 'rating', 'timestamp']}
unload_col = None
unused_col = None
additional_feat_suffix = None
rm_dup_inter = None
val_interval = None
filter_inter_by_user_or_item = True
user_inter_num_interval = [0,inf)
item_inter_num_interval = [0,inf)
alias_of_user_id = None
alias_of_item_id = None
alias_of_entity_id = None
alias_of_relation_id = None
preload_weight = None
normalize_field = None
normalize_all = None
ITEM_LIST_LENGTH_FIELD = item_length
LIST_SUFFIX = _list
MAX_ITEM_LIST_LENGTH = 32
POSITION_FIELD = position_id
HEAD_ENTITY_ID_FIELD = head_id
TAIL_ENTITY_ID_FIELD = tail_id
RELATION_ID_FIELD = relation_id
ENTITY_ID_FIELD = entity_id
benchmark_filename = None

Other Hyper Parameters: 
worker = 0
wandb_project = recbole
shuffle = True
require_pow = False
enable_amp = False
enable_scaler = False
transform = None
numerical_features = []
discretization = None
kg_reverse_r = False
entity_kg_num_interval = [0,inf)
relation_kg_num_interval = [0,inf)
MODEL_TYPE = ModelType.SEQUENTIAL
model_name = TimeWeaver
hidden_size = 64
num_layers = 2
hidden_dropout_prob = 0.5
initializer_range = 0.02
time_bucket_size = 1000
ema_decay = 0.5
tcn_kernel_size = -1
ffn_hidden_size = 256
loss_type = CE
early_stop = 10
neg_sampling = None
device = cuda
use_continuous_time = False
use_time_gate = True
use_time_augmentation = False
MODEL_INPUT_TYPE = InputType.POINTWISE
eval_type = EvaluatorType.RANKING
single_spec = True
local_rank = 0
valid_neg_sample_args = {'distribution': 'uniform', 'sample_num': 100}
test_neg_sample_args = {'distribution': 'uniform', 'sample_num': 100}


Thu 19 Feb 2026 00:01:55 INFO  amazon-beauty-5core-subset
The number of users: 7001
Average actions of users: 15.458
The number of items: 11924
Average actions of items: 9.075400486454752
The number of inters: 108206
The sparsity of the dataset: 99.87038081155896%
Remain Fields: ['user_id', 'item_id', 'rating', 'timestamp']
Thu 19 Feb 2026 00:01:56 INFO  [Training]: train_batch_size = [256] train_neg_sample_args: [{'distribution': 'none', 'sample_num': 'none', 'alpha': 'none', 'dynamic': False, 'candidate_num': 0}]
Thu 19 Feb 2026 00:01:56 INFO  [Evaluation]: eval_batch_size = [512] eval_args: [{'split': {'LS': 'valid_and_test'}, 'order': 'TO', 'group_by': 'user', 'mode': {'valid': 'uni100', 'test': 'uni100'}}]
Thu 19 Feb 2026 00:01:56 INFO  TimeWeaver(
  (item_embedding): Embedding(11924, 64, padding_idx=0)
  (time_aug): TimeAwareAugmentation(
    (pos_embedding): Embedding(32, 64)
    (time_embedding): Embedding(1000, 64)
    (time_gate): TimeGate(
      (net): Sequential(
        (0): Linear(in_features=128, out_features=16, bias=True)
        (1): GELU(approximate='none')
        (2): Linear(in_features=16, out_features=64, bias=True)
        (3): Sigmoid()
      )
    )
    (layer_norm): LayerNorm((64,), eps=1e-05, elementwise_affine=True)
    (drop): Dropout(p=0.5, inplace=False)
  )
  (context_layers): ModuleList(
    (0-1): 2 x TCNNextBlock(
      (dw): DepthwiseConv1d(
        (conv): Conv1d(64, 64, kernel_size=(11,), stride=(1,), padding=(5,), groups=64)
        (bn): BatchNorm1d(64, eps=1e-05, momentum=0.1, affine=True, track_running_stats=True)
        (drop): Dropout(p=0.5, inplace=False)
      )
      (norm1): LayerNorm((64,), eps=1e-05, elementwise_affine=True)
      (conv_inter): ParallelConvInter(
        (conv1): Conv1d(64, 64, kernel_size=(1,), stride=(1,))
        (conv3): Conv1d(64, 64, kernel_size=(3,), stride=(1,), padding=(1,))
        (proj): Conv1d(64, 64, kernel_size=(1,), stride=(1,))
        (drop): Dropout(p=0.5, inplace=False)
      )
      (norm2): LayerNorm((64,), eps=1e-05, elementwise_affine=True)
      (ffn): Sequential(
        (0): Linear(in_features=64, out_features=256, bias=True)
        (1): GELU(approximate='none')
        (2): Dropout(p=0.5, inplace=False)
        (3): Linear(in_features=256, out_features=64, bias=True)
        (4): Dropout(p=0.5, inplace=False)
      )
      (norm3): LayerNorm((64,), eps=1e-05, elementwise_affine=True)
    )
  )
  (dynamic_layers): ModuleList(
    (0-1): 2 x EMAStream(
      (proj): Linear(in_features=64, out_features=64, bias=True)
    )
  )
  (weavers): ModuleList(
    (0-1): 2 x StreamWeaver(
      (proj): Linear(in_features=128, out_features=64, bias=True)
      (norm): LayerNorm((64,), eps=1e-05, elementwise_affine=True)
    )
  )
  (loss_fct): CrossEntropyLoss()
)
Trainable parameters: 967634.0
Thu 19 Feb 2026 00:01:56 INFO  FLOPs: 4397056.0
Thu 19 Feb 2026 00:02:31 INFO  epoch 0 training [time: 34.36s, train loss: 2933.3036]
Thu 19 Feb 2026 00:02:43 INFO  epoch 0 evaluating [time: 12.11s, valid_score: 0.469700]
Thu 19 Feb 2026 00:02:43 INFO  valid result: 
hit@10 : 0.4697    ndcg@10 : 0.2765    mrr@10 : 0.2166
Thu 19 Feb 2026 00:02:43 INFO  Saving current: saved\TimeWeaver-Feb-19-2026_00-01-56.pth
Thu 19 Feb 2026 00:03:16 INFO  epoch 1 training [time: 33.40s, train loss: 2711.2715]
Thu 19 Feb 2026 00:03:29 INFO  epoch 1 evaluating [time: 12.17s, valid_score: 0.513300]
Thu 19 Feb 2026 00:03:29 INFO  valid result: 
hit@10 : 0.5133    ndcg@10 : 0.3427    mrr@10 : 0.2893
Thu 19 Feb 2026 00:03:29 INFO  Saving current: saved\TimeWeaver-Feb-19-2026_00-01-56.pth
Thu 19 Feb 2026 00:04:01 INFO  epoch 2 training [time: 32.71s, train loss: 2557.1318]
Thu 19 Feb 2026 00:04:13 INFO  epoch 2 evaluating [time: 11.98s, valid_score: 0.537300]
Thu 19 Feb 2026 00:04:13 INFO  valid result: 
hit@10 : 0.5373    ndcg@10 : 0.3754    mrr@10 : 0.3248
Thu 19 Feb 2026 00:04:13 INFO  Saving current: saved\TimeWeaver-Feb-19-2026_00-01-56.pth
Thu 19 Feb 2026 00:04:48 INFO  epoch 3 training [time: 34.83s, train loss: 2439.9066]
Thu 19 Feb 2026 00:05:01 INFO  epoch 3 evaluating [time: 12.63s, valid_score: 0.543600]
Thu 19 Feb 2026 00:05:01 INFO  valid result: 
hit@10 : 0.5436    ndcg@10 : 0.3871    mrr@10 : 0.338
Thu 19 Feb 2026 00:05:01 INFO  Saving current: saved\TimeWeaver-Feb-19-2026_00-01-56.pth
Thu 19 Feb 2026 00:05:34 INFO  epoch 4 training [time: 33.18s, train loss: 2342.0412]
Thu 19 Feb 2026 00:05:46 INFO  epoch 4 evaluating [time: 12.03s, valid_score: 0.534900]
Thu 19 Feb 2026 00:05:46 INFO  valid result: 
hit@10 : 0.5349    ndcg@10 : 0.391    mrr@10 : 0.3459
Thu 19 Feb 2026 00:06:19 INFO  epoch 5 training [time: 33.24s, train loss: 2261.5538]
Thu 19 Feb 2026 00:06:31 INFO  epoch 5 evaluating [time: 12.11s, valid_score: 0.538300]
Thu 19 Feb 2026 00:06:31 INFO  valid result: 
hit@10 : 0.5383    ndcg@10 : 0.3927    mrr@10 : 0.3471
Thu 19 Feb 2026 00:07:04 INFO  epoch 6 training [time: 32.80s, train loss: 2194.2236]
Thu 19 Feb 2026 00:07:16 INFO  epoch 6 evaluating [time: 12.13s, valid_score: 0.528400]
Thu 19 Feb 2026 00:07:16 INFO  valid result: 
hit@10 : 0.5284    ndcg@10 : 0.3864    mrr@10 : 0.3419
Thu 19 Feb 2026 00:07:49 INFO  epoch 7 training [time: 33.04s, train loss: 2135.0592]
Thu 19 Feb 2026 00:08:01 INFO  epoch 7 evaluating [time: 12.03s, valid_score: 0.527400]
Thu 19 Feb 2026 00:08:01 INFO  valid result: 
hit@10 : 0.5274    ndcg@10 : 0.3895    mrr@10 : 0.3463
Thu 19 Feb 2026 00:08:35 INFO  epoch 8 training [time: 33.70s, train loss: 2086.7532]
Thu 19 Feb 2026 00:08:47 INFO  epoch 8 evaluating [time: 12.46s, valid_score: 0.531000]
Thu 19 Feb 2026 00:08:47 INFO  valid result: 
hit@10 : 0.531    ndcg@10 : 0.3895    mrr@10 : 0.3453
Thu 19 Feb 2026 00:09:21 INFO  epoch 9 training [time: 33.64s, train loss: 2046.8549]
Thu 19 Feb 2026 00:09:33 INFO  epoch 9 evaluating [time: 12.01s, valid_score: 0.526600]
Thu 19 Feb 2026 00:09:33 INFO  valid result: 
hit@10 : 0.5266    ndcg@10 : 0.3869    mrr@10 : 0.3433
Thu 19 Feb 2026 00:10:06 INFO  epoch 10 training [time: 32.64s, train loss: 2012.3799]
Thu 19 Feb 2026 00:10:18 INFO  epoch 10 evaluating [time: 12.30s, valid_score: 0.524000]
Thu 19 Feb 2026 00:10:18 INFO  valid result: 
hit@10 : 0.524    ndcg@10 : 0.386    mrr@10 : 0.3427
Thu 19 Feb 2026 00:10:51 INFO  epoch 11 training [time: 32.94s, train loss: 1983.8850]
Thu 19 Feb 2026 00:11:03 INFO  epoch 11 evaluating [time: 12.13s, valid_score: 0.530600]
Thu 19 Feb 2026 00:11:03 INFO  valid result: 
hit@10 : 0.5306    ndcg@10 : 0.3888    mrr@10 : 0.3446
Thu 19 Feb 2026 00:11:36 INFO  epoch 12 training [time: 33.09s, train loss: 1956.6136]
Thu 19 Feb 2026 00:11:48 INFO  epoch 12 evaluating [time: 12.04s, valid_score: 0.528400]
Thu 19 Feb 2026 00:11:48 INFO  valid result: 
hit@10 : 0.5284    ndcg@10 : 0.3868    mrr@10 : 0.3426
Thu 19 Feb 2026 00:12:21 INFO  epoch 13 training [time: 32.44s, train loss: 1934.1727]
Thu 19 Feb 2026 00:12:33 INFO  epoch 13 evaluating [time: 12.41s, valid_score: 0.533000]
Thu 19 Feb 2026 00:12:33 INFO  valid result: 
hit@10 : 0.533    ndcg@10 : 0.3896    mrr@10 : 0.3449
Thu 19 Feb 2026 00:13:08 INFO  epoch 14 training [time: 34.44s, train loss: 1912.6830]
Thu 19 Feb 2026 00:13:20 INFO  epoch 14 evaluating [time: 12.35s, valid_score: 0.529000]
Thu 19 Feb 2026 00:13:20 INFO  valid result: 
hit@10 : 0.529    ndcg@10 : 0.3861    mrr@10 : 0.3416
Thu 19 Feb 2026 00:13:20 INFO  Finished training, best eval result in epoch 3
Thu 19 Feb 2026 00:13:20 INFO  Loading model structure and parameters from saved\TimeWeaver-Feb-19-2026_00-01-56.pth
Thu 19 Feb 2026 00:13:33 INFO  The running environment of this training is as follows:
+-------------+----------------+
| Environment |     Usage      |
+=============+================+
| CPU         |     4.00 %     |
+-------------+----------------+
| GPU         | 0.23 G/6.00 G  |
+-------------+----------------+
| Memory      | 1.47 G/15.63 G |
+-------------+----------------+
Thu 19 Feb 2026 00:13:33 INFO  best valid : OrderedDict([('hit@10', 0.5436), ('ndcg@10', 0.3871), ('mrr@10', 0.338)])
Thu 19 Feb 2026 00:13:33 INFO  test result: OrderedDict([('hit@10', 0.5084), ('ndcg@10', 0.346), ('mrr@10', 0.2952)])
