Thu 12 Feb 2026 13:00:14 INFO  ['F:\\桌面\\recommendation_system\\scripts\\run_grid.py', '--models', 'timeweaver', '--datasets', 'amazon-electronics-5core-subset', '--seeds', '42', '--device', 'gpu', '--timeweaver-variant', 'base', '--tag', 'e0p05_k5_d0p5_l2_f256_b1000', '--output', 'results/run_grid_timeweaver_tune.json', '--tw-ema-decay', '0.05', '--tw-tcn-kernel', '5', '--tw-hidden-dropout', '0.5', '--tw-num-layers', '2', '--tw-ffn-hidden', '256', '--tw-time-bucket', '1000']
Thu 12 Feb 2026 13:00:14 INFO  
General Hyper Parameters:
gpu_id = 0
use_gpu = True
seed = 42
state = INFO
reproducibility = True
data_path = data/amazon\amazon-electronics-5core-subset
checkpoint_dir = saved
show_progress = True
save_dataset = False
dataset_save_path = None
save_dataloaders = False
dataloaders_save_path = None
log_wandb = False

Training Hyper Parameters:
epochs = 100
train_batch_size = 256
learner = adam
learning_rate = 0.001
train_neg_sample_args = {'distribution': 'none', 'sample_num': 'none', 'alpha': 'none', 'dynamic': False, 'candidate_num': 0}
eval_step = 1
stopping_step = 10
clip_grad_norm = None
weight_decay = 0.0
loss_decimal_place = 4

Evaluation Hyper Parameters:
eval_args = {'split': {'LS': 'valid_and_test'}, 'order': 'TO', 'group_by': 'user', 'mode': {'valid': 'uni100', 'test': 'uni100'}}
repeatable = True
metrics = ['Hit', 'NDCG', 'MRR']
topk = [10]
valid_metric = MRR@10
valid_metric_bigger = True
eval_batch_size = 512
metric_decimal_place = 4

Dataset Hyper Parameters:
field_separator = 	
seq_separator =  
USER_ID_FIELD = user_id
ITEM_ID_FIELD = item_id
RATING_FIELD = rating
TIME_FIELD = timestamp
seq_len = None
LABEL_FIELD = label
threshold = None
NEG_PREFIX = neg_
load_col = {'inter': ['user_id', 'item_id', 'rating', 'timestamp']}
unload_col = None
unused_col = None
additional_feat_suffix = None
rm_dup_inter = None
val_interval = None
filter_inter_by_user_or_item = True
user_inter_num_interval = [0,inf)
item_inter_num_interval = [0,inf)
alias_of_user_id = None
alias_of_item_id = None
alias_of_entity_id = None
alias_of_relation_id = None
preload_weight = None
normalize_field = None
normalize_all = None
ITEM_LIST_LENGTH_FIELD = item_length
LIST_SUFFIX = _list
MAX_ITEM_LIST_LENGTH = 32
POSITION_FIELD = position_id
HEAD_ENTITY_ID_FIELD = head_id
TAIL_ENTITY_ID_FIELD = tail_id
RELATION_ID_FIELD = relation_id
ENTITY_ID_FIELD = entity_id
benchmark_filename = None

Other Hyper Parameters: 
worker = 0
wandb_project = recbole
shuffle = True
require_pow = False
enable_amp = False
enable_scaler = False
transform = None
numerical_features = []
discretization = None
kg_reverse_r = False
entity_kg_num_interval = [0,inf)
relation_kg_num_interval = [0,inf)
MODEL_TYPE = ModelType.SEQUENTIAL
model_name = TimeWeaver
hidden_size = 64
num_layers = 2
hidden_dropout_prob = 0.5
initializer_range = 0.02
time_bucket_size = 1000
ema_decay = 0.05
tcn_kernel_size = 5
ffn_hidden_size = 256
loss_type = CE
early_stop = 10
neg_sampling = None
device = cuda
use_continuous_time = False
use_time_gate = False
use_time_augmentation = False
MODEL_INPUT_TYPE = InputType.POINTWISE
eval_type = EvaluatorType.RANKING
single_spec = True
local_rank = 0
valid_neg_sample_args = {'distribution': 'uniform', 'sample_num': 100}
test_neg_sample_args = {'distribution': 'uniform', 'sample_num': 100}


Thu 12 Feb 2026 13:00:15 INFO  amazon-electronics-5core-subset
The number of users: 1501
Average actions of users: 108.42733333333334
The number of items: 54722
Average actions of items: 2.9721861808080994
The number of inters: 162641
The sparsity of the dataset: 99.80198988231011%
Remain Fields: ['user_id', 'item_id', 'rating', 'timestamp']
Thu 12 Feb 2026 13:00:17 INFO  [Training]: train_batch_size = [256] train_neg_sample_args: [{'distribution': 'none', 'sample_num': 'none', 'alpha': 'none', 'dynamic': False, 'candidate_num': 0}]
Thu 12 Feb 2026 13:00:17 INFO  [Evaluation]: eval_batch_size = [512] eval_args: [{'split': {'LS': 'valid_and_test'}, 'order': 'TO', 'group_by': 'user', 'mode': {'valid': 'uni100', 'test': 'uni100'}}]
Thu 12 Feb 2026 13:00:18 INFO  TimeWeaver(
  (item_embedding): Embedding(54722, 64, padding_idx=0)
  (time_aug): TimeAwareAugmentation(
    (pos_embedding): Embedding(32, 64)
    (time_embedding): Embedding(1000, 64)
    (layer_norm): LayerNorm((64,), eps=1e-05, elementwise_affine=True)
    (drop): Dropout(p=0.5, inplace=False)
  )
  (context_layers): ModuleList(
    (0-1): 2 x TCNNextBlock(
      (dw): DepthwiseConv1d(
        (conv): Conv1d(64, 64, kernel_size=(5,), stride=(1,), padding=(2,), groups=64)
        (bn): BatchNorm1d(64, eps=1e-05, momentum=0.1, affine=True, track_running_stats=True)
        (drop): Dropout(p=0.5, inplace=False)
      )
      (norm1): LayerNorm((64,), eps=1e-05, elementwise_affine=True)
      (conv_inter): ParallelConvInter(
        (conv1): Conv1d(64, 64, kernel_size=(1,), stride=(1,))
        (conv3): Conv1d(64, 64, kernel_size=(3,), stride=(1,), padding=(1,))
        (proj): Conv1d(64, 64, kernel_size=(1,), stride=(1,))
        (drop): Dropout(p=0.5, inplace=False)
      )
      (norm2): LayerNorm((64,), eps=1e-05, elementwise_affine=True)
      (ffn): Sequential(
        (0): Linear(in_features=64, out_features=256, bias=True)
        (1): GELU(approximate='none')
        (2): Dropout(p=0.5, inplace=False)
        (3): Linear(in_features=256, out_features=64, bias=True)
        (4): Dropout(p=0.5, inplace=False)
      )
      (norm3): LayerNorm((64,), eps=1e-05, elementwise_affine=True)
    )
  )
  (dynamic_layers): ModuleList(
    (0-1): 2 x EMAStream(
      (proj): Linear(in_features=64, out_features=64, bias=True)
    )
  )
  (weavers): ModuleList(
    (0-1): 2 x StreamWeaver(
      (proj): Linear(in_features=128, out_features=64, bias=True)
      (norm): LayerNorm((64,), eps=1e-05, elementwise_affine=True)
    )
  )
  (loss_fct): CrossEntropyLoss()
)
Trainable parameters: 3702785.0
Thu 12 Feb 2026 13:00:18 INFO  FLOPs: 4274176.0
Thu 12 Feb 2026 13:01:15 INFO  epoch 0 training [time: 55.67s, train loss: 6494.9895]
Thu 12 Feb 2026 13:01:18 INFO  epoch 0 evaluating [time: 2.80s, valid_score: 0.203800]
Thu 12 Feb 2026 13:01:18 INFO  valid result: 
hit@10 : 0.3793    ndcg@10 : 0.2453    mrr@10 : 0.2038
Thu 12 Feb 2026 13:01:18 INFO  Saving current: saved\TimeWeaver-Feb-12-2026_13-00-18.pth
Thu 12 Feb 2026 13:02:25 INFO  epoch 1 training [time: 67.40s, train loss: 6053.6425]
Thu 12 Feb 2026 13:02:28 INFO  epoch 1 evaluating [time: 3.14s, valid_score: 0.245600]
Thu 12 Feb 2026 13:02:28 INFO  valid result: 
hit@10 : 0.4387    ndcg@10 : 0.2915    mrr@10 : 0.2456
Thu 12 Feb 2026 13:02:28 INFO  Saving current: saved\TimeWeaver-Feb-12-2026_13-00-18.pth
Thu 12 Feb 2026 13:03:35 INFO  epoch 2 training [time: 66.81s, train loss: 5625.4516]
Thu 12 Feb 2026 13:03:38 INFO  epoch 2 evaluating [time: 3.10s, valid_score: 0.248200]
Thu 12 Feb 2026 13:03:38 INFO  valid result: 
hit@10 : 0.4307    ndcg@10 : 0.2917    mrr@10 : 0.2482
Thu 12 Feb 2026 13:03:38 INFO  Saving current: saved\TimeWeaver-Feb-12-2026_13-00-18.pth
Thu 12 Feb 2026 13:04:45 INFO  epoch 3 training [time: 66.88s, train loss: 5175.9869]
Thu 12 Feb 2026 13:04:48 INFO  epoch 3 evaluating [time: 3.17s, valid_score: 0.247400]
Thu 12 Feb 2026 13:04:48 INFO  valid result: 
hit@10 : 0.4173    ndcg@10 : 0.2876    mrr@10 : 0.2474
Thu 12 Feb 2026 13:05:51 INFO  epoch 4 training [time: 62.50s, train loss: 4758.5493]
Thu 12 Feb 2026 13:05:54 INFO  epoch 4 evaluating [time: 2.99s, valid_score: 0.228300]
Thu 12 Feb 2026 13:05:54 INFO  valid result: 
hit@10 : 0.406    ndcg@10 : 0.2705    mrr@10 : 0.2283
Thu 12 Feb 2026 13:06:57 INFO  epoch 5 training [time: 63.74s, train loss: 4409.3232]
Thu 12 Feb 2026 13:07:00 INFO  epoch 5 evaluating [time: 3.00s, valid_score: 0.242600]
Thu 12 Feb 2026 13:07:00 INFO  valid result: 
hit@10 : 0.408    ndcg@10 : 0.2817    mrr@10 : 0.2426
Thu 12 Feb 2026 13:08:04 INFO  epoch 6 training [time: 63.89s, train loss: 4138.3608]
Thu 12 Feb 2026 13:08:07 INFO  epoch 6 evaluating [time: 2.99s, valid_score: 0.230300]
Thu 12 Feb 2026 13:08:07 INFO  valid result: 
hit@10 : 0.3973    ndcg@10 : 0.27    mrr@10 : 0.2303
Thu 12 Feb 2026 13:09:08 INFO  epoch 7 training [time: 60.76s, train loss: 3921.7069]
Thu 12 Feb 2026 13:09:11 INFO  epoch 7 evaluating [time: 2.80s, valid_score: 0.241800]
Thu 12 Feb 2026 13:09:11 INFO  valid result: 
hit@10 : 0.398    ndcg@10 : 0.2789    mrr@10 : 0.2418
Thu 12 Feb 2026 13:10:11 INFO  epoch 8 training [time: 59.89s, train loss: 3753.9049]
Thu 12 Feb 2026 13:10:14 INFO  epoch 8 evaluating [time: 2.94s, valid_score: 0.229000]
Thu 12 Feb 2026 13:10:14 INFO  valid result: 
hit@10 : 0.3967    ndcg@10 : 0.2683    mrr@10 : 0.229
Thu 12 Feb 2026 13:11:13 INFO  epoch 9 training [time: 58.92s, train loss: 3608.6808]
Thu 12 Feb 2026 13:11:15 INFO  epoch 9 evaluating [time: 2.78s, valid_score: 0.232200]
Thu 12 Feb 2026 13:11:15 INFO  valid result: 
hit@10 : 0.3947    ndcg@10 : 0.2707    mrr@10 : 0.2322
Thu 12 Feb 2026 13:12:13 INFO  epoch 10 training [time: 57.29s, train loss: 3482.7639]
Thu 12 Feb 2026 13:12:16 INFO  epoch 10 evaluating [time: 2.82s, valid_score: 0.225200]
Thu 12 Feb 2026 13:12:16 INFO  valid result: 
hit@10 : 0.39    ndcg@10 : 0.2642    mrr@10 : 0.2252
Thu 12 Feb 2026 13:13:17 INFO  epoch 11 training [time: 60.99s, train loss: 3372.6540]
Thu 12 Feb 2026 13:13:19 INFO  epoch 11 evaluating [time: 2.87s, valid_score: 0.220600]
Thu 12 Feb 2026 13:13:19 INFO  valid result: 
hit@10 : 0.384    ndcg@10 : 0.2592    mrr@10 : 0.2206
Thu 12 Feb 2026 13:14:19 INFO  epoch 12 training [time: 59.12s, train loss: 3269.9522]
Thu 12 Feb 2026 13:14:21 INFO  epoch 12 evaluating [time: 2.82s, valid_score: 0.229500]
Thu 12 Feb 2026 13:14:21 INFO  valid result: 
hit@10 : 0.388    ndcg@10 : 0.2669    mrr@10 : 0.2295
Thu 12 Feb 2026 13:15:17 INFO  epoch 13 training [time: 55.36s, train loss: 3168.7785]
Thu 12 Feb 2026 13:15:19 INFO  epoch 13 evaluating [time: 2.68s, valid_score: 0.226600]
Thu 12 Feb 2026 13:15:19 INFO  valid result: 
hit@10 : 0.3853    ndcg@10 : 0.264    mrr@10 : 0.2266
Thu 12 Feb 2026 13:15:19 INFO  Finished training, best eval result in epoch 2
Thu 12 Feb 2026 13:15:19 INFO  Loading model structure and parameters from saved\TimeWeaver-Feb-12-2026_13-00-18.pth
Thu 12 Feb 2026 13:15:23 INFO  The running environment of this training is as follows:
+-------------+----------------+
| Environment |     Usage      |
+=============+================+
| CPU         |     7.20 %     |
+-------------+----------------+
| GPU         | 0.48 G/6.00 G  |
+-------------+----------------+
| Memory      | 1.54 G/15.63 G |
+-------------+----------------+
Thu 12 Feb 2026 13:15:23 INFO  best valid : OrderedDict([('hit@10', 0.4307), ('ndcg@10', 0.2917), ('mrr@10', 0.2482)])
Thu 12 Feb 2026 13:15:23 INFO  test result: OrderedDict([('hit@10', 0.378), ('ndcg@10', 0.2514), ('mrr@10', 0.2123)])
