Wed 18 Mar 2026 19:38:29 INFO  ['F:\\桌面\\recommendation_system\\scripts\\run_grid.py', '--models', 'timeweaver', '--datasets', 'amazon-beauty-5core-longseq-full', '--timeweaver-variant', 'aug', '--seeds', '42,2023,2024', '--device', 'gpu', '--output', 'results/timeweaver_beauty_aug_vs_augonly_full.json', '--skip-if-done']
Wed 18 Mar 2026 19:38:29 INFO  
General Hyper Parameters:
gpu_id = 0
use_gpu = True
seed = 42
state = INFO
reproducibility = True
data_path = data/amazon\amazon-beauty-5core-longseq
checkpoint_dir = saved
show_progress = True
save_dataset = False
dataset_save_path = None
save_dataloaders = False
dataloaders_save_path = None
log_wandb = False

Training Hyper Parameters:
epochs = 100
train_batch_size = 256
learner = adam
learning_rate = 0.001
train_neg_sample_args = {'distribution': 'none', 'sample_num': 'none', 'alpha': 'none', 'dynamic': False, 'candidate_num': 0}
eval_step = 1
stopping_step = 10
clip_grad_norm = None
weight_decay = 0.0
loss_decimal_place = 4

Evaluation Hyper Parameters:
eval_args = {'split': {'LS': 'valid_and_test'}, 'order': 'TO', 'group_by': 'user', 'mode': {'valid': 'full', 'test': 'full'}}
repeatable = True
metrics = ['Hit', 'NDCG', 'MRR']
topk = [10]
valid_metric = Hit@10
valid_metric_bigger = True
eval_batch_size = 512
metric_decimal_place = 4

Dataset Hyper Parameters:
field_separator = 	
seq_separator =  
USER_ID_FIELD = user_id
ITEM_ID_FIELD = item_id
RATING_FIELD = rating
TIME_FIELD = timestamp
seq_len = None
LABEL_FIELD = label
threshold = None
NEG_PREFIX = neg_
load_col = {'inter': ['user_id', 'item_id', 'rating', 'timestamp']}
unload_col = None
unused_col = None
additional_feat_suffix = None
rm_dup_inter = None
val_interval = None
filter_inter_by_user_or_item = True
user_inter_num_interval = [0,inf)
item_inter_num_interval = [0,inf)
alias_of_user_id = None
alias_of_item_id = None
alias_of_entity_id = None
alias_of_relation_id = None
preload_weight = None
normalize_field = None
normalize_all = None
ITEM_LIST_LENGTH_FIELD = item_length
LIST_SUFFIX = _list
MAX_ITEM_LIST_LENGTH = 32
POSITION_FIELD = position_id
HEAD_ENTITY_ID_FIELD = head_id
TAIL_ENTITY_ID_FIELD = tail_id
RELATION_ID_FIELD = relation_id
ENTITY_ID_FIELD = entity_id
benchmark_filename = None

Other Hyper Parameters: 
worker = 0
wandb_project = recbole
shuffle = True
require_pow = False
enable_amp = False
enable_scaler = False
transform = None
numerical_features = []
discretization = None
kg_reverse_r = False
entity_kg_num_interval = [0,inf)
relation_kg_num_interval = [0,inf)
MODEL_TYPE = ModelType.SEQUENTIAL
contrastive_weight = 0.03
contrastive_temp = 0.2
time_aug_prob = 0.15
time_aug_strength = 0.05
time_aug_warmup_steps = 0
time_aug_ramp_steps = 2000
model_name = TimeWeaver
hidden_size = 64
num_layers = 2
hidden_dropout_prob = 0.5
initializer_range = 0.02
time_bucket_size = 1000
ema_decay = 0.5
tcn_kernel_size = -1
ffn_hidden_size = 256
loss_type = CE
early_stop = 10
neg_sampling = None
device = cuda
use_continuous_time = True
use_time_gate = True
use_time_augmentation = True
MODEL_INPUT_TYPE = InputType.POINTWISE
eval_type = EvaluatorType.RANKING
single_spec = True
local_rank = 0
valid_neg_sample_args = {'distribution': 'uniform', 'sample_num': 'none'}
test_neg_sample_args = {'distribution': 'uniform', 'sample_num': 'none'}


Wed 18 Mar 2026 19:38:29 INFO  amazon-beauty-5core-longseq
The number of users: 2190
Average actions of users: 26.45591594335313
The number of items: 10254
Average actions of items: 5.648298059104652
The number of inters: 57912
The sparsity of the dataset: 99.7421119990595%
Remain Fields: ['user_id', 'item_id', 'rating', 'timestamp']
Wed 18 Mar 2026 19:38:30 INFO  [Training]: train_batch_size = [256] train_neg_sample_args: [{'distribution': 'none', 'sample_num': 'none', 'alpha': 'none', 'dynamic': False, 'candidate_num': 0}]
Wed 18 Mar 2026 19:38:30 INFO  [Evaluation]: eval_batch_size = [512] eval_args: [{'split': {'LS': 'valid_and_test'}, 'order': 'TO', 'group_by': 'user', 'mode': {'valid': 'full', 'test': 'full'}}]
Wed 18 Mar 2026 19:38:30 INFO  TimeWeaver(
  (item_embedding): Embedding(10254, 64, padding_idx=0)
  (time_aug): TimeAwareAugmentation(
    (pos_embedding): Embedding(32, 64)
    (time_embedder): ContinuousTimeEmbedding(
      (time2vec): Time2Vec()
    )
    (time_gate): TimeGate(
      (net): Sequential(
        (0): Linear(in_features=128, out_features=16, bias=True)
        (1): GELU(approximate='none')
        (2): Linear(in_features=16, out_features=64, bias=True)
        (3): Sigmoid()
      )
    )
    (layer_norm): LayerNorm((64,), eps=1e-05, elementwise_affine=True)
    (drop): Dropout(p=0.5, inplace=False)
  )
  (context_layers): ModuleList(
    (0-1): 2 x TCNNextBlock(
      (dw): DepthwiseConv1d(
        (conv): Conv1d(64, 64, kernel_size=(11,), stride=(1,), padding=(5,), groups=64)
        (bn): BatchNorm1d(64, eps=1e-05, momentum=0.1, affine=True, track_running_stats=True)
        (drop): Dropout(p=0.5, inplace=False)
      )
      (norm1): LayerNorm((64,), eps=1e-05, elementwise_affine=True)
      (conv_inter): ParallelConvInter(
        (conv1): Conv1d(64, 64, kernel_size=(1,), stride=(1,))
        (conv3): Conv1d(64, 64, kernel_size=(3,), stride=(1,), padding=(1,))
        (proj): Conv1d(64, 64, kernel_size=(1,), stride=(1,))
        (drop): Dropout(p=0.5, inplace=False)
      )
      (norm2): LayerNorm((64,), eps=1e-05, elementwise_affine=True)
      (ffn): Sequential(
        (0): Linear(in_features=64, out_features=256, bias=True)
        (1): GELU(approximate='none')
        (2): Dropout(p=0.5, inplace=False)
        (3): Linear(in_features=256, out_features=64, bias=True)
        (4): Dropout(p=0.5, inplace=False)
      )
      (norm3): LayerNorm((64,), eps=1e-05, elementwise_affine=True)
    )
  )
  (dynamic_layers): ModuleList(
    (0-1): 2 x EMAStream(
      (proj): Linear(in_features=64, out_features=64, bias=True)
    )
  )
  (weavers): ModuleList(
    (0-1): 2 x StreamWeaver(
      (proj): Linear(in_features=128, out_features=64, bias=True)
      (norm): LayerNorm((64,), eps=1e-05, elementwise_affine=True)
    )
  )
  (loss_fct): CrossEntropyLoss()
)
Trainable parameters: 796882.0
Wed 18 Mar 2026 19:38:30 INFO  FLOPs: 4395008.0
Wed 18 Mar 2026 19:39:00 INFO  epoch 0 training [time: 28.53s, train loss: 1709.0988]
Wed 18 Mar 2026 19:39:00 INFO  epoch 0 evaluating [time: 0.10s, valid_score: 0.011400]
Wed 18 Mar 2026 19:39:00 INFO  valid result: 
hit@10 : 0.0114    ndcg@10 : 0.0057    mrr@10 : 0.004
Wed 18 Mar 2026 19:39:00 INFO  Saving current: saved\TimeWeaver-Mar-18-2026_19-38-30.pth
Wed 18 Mar 2026 19:39:41 INFO  epoch 1 training [time: 40.30s, train loss: 1558.7094]
Wed 18 Mar 2026 19:39:41 INFO  epoch 1 evaluating [time: 0.11s, valid_score: 0.032400]
Wed 18 Mar 2026 19:39:41 INFO  valid result: 
hit@10 : 0.0324    ndcg@10 : 0.0169    mrr@10 : 0.0122
Wed 18 Mar 2026 19:39:41 INFO  Saving current: saved\TimeWeaver-Mar-18-2026_19-38-30.pth
Wed 18 Mar 2026 19:40:23 INFO  epoch 2 training [time: 42.28s, train loss: 1464.7441]
Wed 18 Mar 2026 19:40:23 INFO  epoch 2 evaluating [time: 0.10s, valid_score: 0.057600]
Wed 18 Mar 2026 19:40:23 INFO  valid result: 
hit@10 : 0.0576    ndcg@10 : 0.0279    mrr@10 : 0.019
Wed 18 Mar 2026 19:40:23 INFO  Saving current: saved\TimeWeaver-Mar-18-2026_19-38-30.pth
Wed 18 Mar 2026 19:41:06 INFO  epoch 3 training [time: 42.74s, train loss: 1390.8717]
Wed 18 Mar 2026 19:41:06 INFO  epoch 3 evaluating [time: 0.09s, valid_score: 0.094600]
Wed 18 Mar 2026 19:41:06 INFO  valid result: 
hit@10 : 0.0946    ndcg@10 : 0.0434    mrr@10 : 0.0281
Wed 18 Mar 2026 19:41:06 INFO  Saving current: saved\TimeWeaver-Mar-18-2026_19-38-30.pth
Wed 18 Mar 2026 19:41:49 INFO  epoch 4 training [time: 42.59s, train loss: 1327.2318]
Wed 18 Mar 2026 19:41:49 INFO  epoch 4 evaluating [time: 0.10s, valid_score: 0.105500]
Wed 18 Mar 2026 19:41:49 INFO  valid result: 
hit@10 : 0.1055    ndcg@10 : 0.0514    mrr@10 : 0.0349
Wed 18 Mar 2026 19:41:49 INFO  Saving current: saved\TimeWeaver-Mar-18-2026_19-38-30.pth
Wed 18 Mar 2026 19:42:30 INFO  epoch 5 training [time: 41.36s, train loss: 1271.9535]
Wed 18 Mar 2026 19:42:30 INFO  epoch 5 evaluating [time: 0.09s, valid_score: 0.111500]
Wed 18 Mar 2026 19:42:30 INFO  valid result: 
hit@10 : 0.1115    ndcg@10 : 0.0545    mrr@10 : 0.0371
Wed 18 Mar 2026 19:42:30 INFO  Saving current: saved\TimeWeaver-Mar-18-2026_19-38-30.pth
Wed 18 Mar 2026 19:43:13 INFO  epoch 6 training [time: 42.36s, train loss: 1222.4619]
Wed 18 Mar 2026 19:43:13 INFO  epoch 6 evaluating [time: 0.11s, valid_score: 0.128400]
Wed 18 Mar 2026 19:43:13 INFO  valid result: 
hit@10 : 0.1284    ndcg@10 : 0.0648    mrr@10 : 0.0454
Wed 18 Mar 2026 19:43:13 INFO  Saving current: saved\TimeWeaver-Mar-18-2026_19-38-30.pth
Wed 18 Mar 2026 19:43:57 INFO  epoch 7 training [time: 44.17s, train loss: 1175.6469]
Wed 18 Mar 2026 19:43:57 INFO  epoch 7 evaluating [time: 0.10s, valid_score: 0.137000]
Wed 18 Mar 2026 19:43:57 INFO  valid result: 
hit@10 : 0.137    ndcg@10 : 0.0689    mrr@10 : 0.0482
Wed 18 Mar 2026 19:43:57 INFO  Saving current: saved\TimeWeaver-Mar-18-2026_19-38-30.pth
Wed 18 Mar 2026 19:44:40 INFO  epoch 8 training [time: 43.06s, train loss: 1134.1250]
Wed 18 Mar 2026 19:44:40 INFO  epoch 8 evaluating [time: 0.10s, valid_score: 0.138400]
Wed 18 Mar 2026 19:44:40 INFO  valid result: 
hit@10 : 0.1384    ndcg@10 : 0.068    mrr@10 : 0.0464
Wed 18 Mar 2026 19:44:40 INFO  Saving current: saved\TimeWeaver-Mar-18-2026_19-38-30.pth
Wed 18 Mar 2026 19:45:23 INFO  epoch 9 training [time: 42.44s, train loss: 1096.9902]
Wed 18 Mar 2026 19:45:23 INFO  epoch 9 evaluating [time: 0.10s, valid_score: 0.143900]
Wed 18 Mar 2026 19:45:23 INFO  valid result: 
hit@10 : 0.1439    ndcg@10 : 0.0683    mrr@10 : 0.0452
Wed 18 Mar 2026 19:45:23 INFO  Saving current: saved\TimeWeaver-Mar-18-2026_19-38-30.pth
Wed 18 Mar 2026 19:46:05 INFO  epoch 10 training [time: 42.65s, train loss: 1063.2973]
Wed 18 Mar 2026 19:46:05 INFO  epoch 10 evaluating [time: 0.10s, valid_score: 0.148500]
Wed 18 Mar 2026 19:46:05 INFO  valid result: 
hit@10 : 0.1485    ndcg@10 : 0.0768    mrr@10 : 0.0548
Wed 18 Mar 2026 19:46:05 INFO  Saving current: saved\TimeWeaver-Mar-18-2026_19-38-30.pth
Wed 18 Mar 2026 19:46:49 INFO  epoch 11 training [time: 43.15s, train loss: 1035.4414]
Wed 18 Mar 2026 19:46:49 INFO  epoch 11 evaluating [time: 0.11s, valid_score: 0.148000]
Wed 18 Mar 2026 19:46:49 INFO  valid result: 
hit@10 : 0.148    ndcg@10 : 0.0748    mrr@10 : 0.0524
Wed 18 Mar 2026 19:47:32 INFO  epoch 12 training [time: 43.21s, train loss: 1008.7795]
Wed 18 Mar 2026 19:47:32 INFO  epoch 12 evaluating [time: 0.10s, valid_score: 0.149800]
Wed 18 Mar 2026 19:47:32 INFO  valid result: 
hit@10 : 0.1498    ndcg@10 : 0.077    mrr@10 : 0.0546
Wed 18 Mar 2026 19:47:32 INFO  Saving current: saved\TimeWeaver-Mar-18-2026_19-38-30.pth
Wed 18 Mar 2026 19:48:17 INFO  epoch 13 training [time: 44.46s, train loss: 987.1884]
Wed 18 Mar 2026 19:48:17 INFO  epoch 13 evaluating [time: 0.11s, valid_score: 0.145700]
Wed 18 Mar 2026 19:48:17 INFO  valid result: 
hit@10 : 0.1457    ndcg@10 : 0.0735    mrr@10 : 0.0514
Wed 18 Mar 2026 19:49:00 INFO  epoch 14 training [time: 43.71s, train loss: 967.1177]
Wed 18 Mar 2026 19:49:00 INFO  epoch 14 evaluating [time: 0.11s, valid_score: 0.148900]
Wed 18 Mar 2026 19:49:00 INFO  valid result: 
hit@10 : 0.1489    ndcg@10 : 0.0788    mrr@10 : 0.0572
Wed 18 Mar 2026 19:49:44 INFO  epoch 15 training [time: 43.88s, train loss: 947.9522]
Wed 18 Mar 2026 19:49:44 INFO  epoch 15 evaluating [time: 0.11s, valid_score: 0.152100]
Wed 18 Mar 2026 19:49:44 INFO  valid result: 
hit@10 : 0.1521    ndcg@10 : 0.0769    mrr@10 : 0.0539
Wed 18 Mar 2026 19:49:45 INFO  Saving current: saved\TimeWeaver-Mar-18-2026_19-38-30.pth
Wed 18 Mar 2026 19:50:28 INFO  epoch 16 training [time: 43.12s, train loss: 933.2356]
Wed 18 Mar 2026 19:50:28 INFO  epoch 16 evaluating [time: 0.10s, valid_score: 0.146200]
Wed 18 Mar 2026 19:50:28 INFO  valid result: 
hit@10 : 0.1462    ndcg@10 : 0.0753    mrr@10 : 0.0535
Wed 18 Mar 2026 19:51:11 INFO  epoch 17 training [time: 43.07s, train loss: 917.9638]
Wed 18 Mar 2026 19:51:11 INFO  epoch 17 evaluating [time: 0.10s, valid_score: 0.144800]
Wed 18 Mar 2026 19:51:11 INFO  valid result: 
hit@10 : 0.1448    ndcg@10 : 0.0756    mrr@10 : 0.0542
Wed 18 Mar 2026 19:51:55 INFO  epoch 18 training [time: 43.86s, train loss: 902.5837]
Wed 18 Mar 2026 19:51:55 INFO  epoch 18 evaluating [time: 0.10s, valid_score: 0.145700]
Wed 18 Mar 2026 19:51:55 INFO  valid result: 
hit@10 : 0.1457    ndcg@10 : 0.0741    mrr@10 : 0.0522
Wed 18 Mar 2026 19:52:38 INFO  epoch 19 training [time: 42.65s, train loss: 888.5311]
Wed 18 Mar 2026 19:52:38 INFO  epoch 19 evaluating [time: 0.10s, valid_score: 0.147100]
Wed 18 Mar 2026 19:52:38 INFO  valid result: 
hit@10 : 0.1471    ndcg@10 : 0.0776    mrr@10 : 0.0563
Wed 18 Mar 2026 19:53:21 INFO  epoch 20 training [time: 43.13s, train loss: 873.9789]
Wed 18 Mar 2026 19:53:21 INFO  epoch 20 evaluating [time: 0.10s, valid_score: 0.148900]
Wed 18 Mar 2026 19:53:21 INFO  valid result: 
hit@10 : 0.1489    ndcg@10 : 0.0799    mrr@10 : 0.0588
Wed 18 Mar 2026 19:54:04 INFO  epoch 21 training [time: 43.05s, train loss: 865.9882]
Wed 18 Mar 2026 19:54:04 INFO  epoch 21 evaluating [time: 0.09s, valid_score: 0.151700]
Wed 18 Mar 2026 19:54:04 INFO  valid result: 
hit@10 : 0.1517    ndcg@10 : 0.0808    mrr@10 : 0.0592
Wed 18 Mar 2026 19:54:47 INFO  epoch 22 training [time: 43.10s, train loss: 852.2590]
Wed 18 Mar 2026 19:54:47 INFO  epoch 22 evaluating [time: 0.10s, valid_score: 0.141600]
Wed 18 Mar 2026 19:54:47 INFO  valid result: 
hit@10 : 0.1416    ndcg@10 : 0.0769    mrr@10 : 0.057
Wed 18 Mar 2026 19:55:32 INFO  epoch 23 training [time: 44.43s, train loss: 841.5829]
Wed 18 Mar 2026 19:55:32 INFO  epoch 23 evaluating [time: 0.10s, valid_score: 0.150300]
Wed 18 Mar 2026 19:55:32 INFO  valid result: 
hit@10 : 0.1503    ndcg@10 : 0.0812    mrr@10 : 0.0599
Wed 18 Mar 2026 19:56:15 INFO  epoch 24 training [time: 43.69s, train loss: 828.3550]
Wed 18 Mar 2026 19:56:16 INFO  epoch 24 evaluating [time: 0.10s, valid_score: 0.148500]
Wed 18 Mar 2026 19:56:16 INFO  valid result: 
hit@10 : 0.1485    ndcg@10 : 0.081    mrr@10 : 0.0604
Wed 18 Mar 2026 19:56:57 INFO  epoch 25 training [time: 41.86s, train loss: 819.3612]
Wed 18 Mar 2026 19:56:57 INFO  epoch 25 evaluating [time: 0.10s, valid_score: 0.143900]
Wed 18 Mar 2026 19:56:57 INFO  valid result: 
hit@10 : 0.1439    ndcg@10 : 0.0791    mrr@10 : 0.0593
Wed 18 Mar 2026 19:57:40 INFO  epoch 26 training [time: 42.64s, train loss: 809.9162]
Wed 18 Mar 2026 19:57:40 INFO  epoch 26 evaluating [time: 0.10s, valid_score: 0.144400]
Wed 18 Mar 2026 19:57:40 INFO  valid result: 
hit@10 : 0.1444    ndcg@10 : 0.0781    mrr@10 : 0.0578
Wed 18 Mar 2026 19:57:40 INFO  Finished training, best eval result in epoch 15
Wed 18 Mar 2026 19:57:40 INFO  Loading model structure and parameters from saved\TimeWeaver-Mar-18-2026_19-38-30.pth
Wed 18 Mar 2026 19:57:41 INFO  The running environment of this training is as follows:
+-------------+----------------+
| Environment |     Usage      |
+=============+================+
| CPU         |     9.10 %     |
+-------------+----------------+
| GPU         | 0.39 G/6.00 G  |
+-------------+----------------+
| Memory      | 1.72 G/15.63 G |
+-------------+----------------+
Wed 18 Mar 2026 19:57:41 INFO  best valid : OrderedDict([('hit@10', 0.1521), ('ndcg@10', 0.0769), ('mrr@10', 0.0539)])
Wed 18 Mar 2026 19:57:41 INFO  test result: OrderedDict([('hit@10', 0.1252), ('ndcg@10', 0.0638), ('mrr@10', 0.045)])
Wed 18 Mar 2026 19:57:41 WARNING  command line args [--models timeweaver --datasets amazon-beauty-5core-longseq-full --timeweaver-variant aug --seeds 42,2023,2024 --device gpu --output results/timeweaver_beauty_aug_vs_augonly_full.json --skip-if-done] will not be used in RecBole
Wed 18 Mar 2026 19:57:41 INFO  ['F:\\桌面\\recommendation_system\\scripts\\run_grid.py', '--models', 'timeweaver', '--datasets', 'amazon-beauty-5core-longseq-full', '--timeweaver-variant', 'aug', '--seeds', '42,2023,2024', '--device', 'gpu', '--output', 'results/timeweaver_beauty_aug_vs_augonly_full.json', '--skip-if-done']
Wed 18 Mar 2026 19:57:41 INFO  
General Hyper Parameters:
gpu_id = 0
use_gpu = True
seed = 2023
state = INFO
reproducibility = True
data_path = data/amazon\amazon-beauty-5core-longseq
checkpoint_dir = saved
show_progress = True
save_dataset = False
dataset_save_path = None
save_dataloaders = False
dataloaders_save_path = None
log_wandb = False

Training Hyper Parameters:
epochs = 100
train_batch_size = 256
learner = adam
learning_rate = 0.001
train_neg_sample_args = {'distribution': 'none', 'sample_num': 'none', 'alpha': 'none', 'dynamic': False, 'candidate_num': 0}
eval_step = 1
stopping_step = 10
clip_grad_norm = None
weight_decay = 0.0
loss_decimal_place = 4

Evaluation Hyper Parameters:
eval_args = {'split': {'LS': 'valid_and_test'}, 'order': 'TO', 'group_by': 'user', 'mode': {'valid': 'full', 'test': 'full'}}
repeatable = True
metrics = ['Hit', 'NDCG', 'MRR']
topk = [10]
valid_metric = Hit@10
valid_metric_bigger = True
eval_batch_size = 512
metric_decimal_place = 4

Dataset Hyper Parameters:
field_separator = 	
seq_separator =  
USER_ID_FIELD = user_id
ITEM_ID_FIELD = item_id
RATING_FIELD = rating
TIME_FIELD = timestamp
seq_len = None
LABEL_FIELD = label
threshold = None
NEG_PREFIX = neg_
load_col = {'inter': ['user_id', 'item_id', 'rating', 'timestamp']}
unload_col = None
unused_col = None
additional_feat_suffix = None
rm_dup_inter = None
val_interval = None
filter_inter_by_user_or_item = True
user_inter_num_interval = [0,inf)
item_inter_num_interval = [0,inf)
alias_of_user_id = None
alias_of_item_id = None
alias_of_entity_id = None
alias_of_relation_id = None
preload_weight = None
normalize_field = None
normalize_all = None
ITEM_LIST_LENGTH_FIELD = item_length
LIST_SUFFIX = _list
MAX_ITEM_LIST_LENGTH = 32
POSITION_FIELD = position_id
HEAD_ENTITY_ID_FIELD = head_id
TAIL_ENTITY_ID_FIELD = tail_id
RELATION_ID_FIELD = relation_id
ENTITY_ID_FIELD = entity_id
benchmark_filename = None

Other Hyper Parameters: 
worker = 0
wandb_project = recbole
shuffle = True
require_pow = False
enable_amp = False
enable_scaler = False
transform = None
numerical_features = []
discretization = None
kg_reverse_r = False
entity_kg_num_interval = [0,inf)
relation_kg_num_interval = [0,inf)
MODEL_TYPE = ModelType.SEQUENTIAL
contrastive_weight = 0.03
contrastive_temp = 0.2
time_aug_prob = 0.15
time_aug_strength = 0.05
time_aug_warmup_steps = 0
time_aug_ramp_steps = 2000
model_name = TimeWeaver
hidden_size = 64
num_layers = 2
hidden_dropout_prob = 0.5
initializer_range = 0.02
time_bucket_size = 1000
ema_decay = 0.5
tcn_kernel_size = -1
ffn_hidden_size = 256
loss_type = CE
early_stop = 10
neg_sampling = None
device = cuda
use_continuous_time = True
use_time_gate = True
use_time_augmentation = True
MODEL_INPUT_TYPE = InputType.POINTWISE
eval_type = EvaluatorType.RANKING
single_spec = True
local_rank = 0
valid_neg_sample_args = {'distribution': 'uniform', 'sample_num': 'none'}
test_neg_sample_args = {'distribution': 'uniform', 'sample_num': 'none'}


Wed 18 Mar 2026 19:57:42 INFO  amazon-beauty-5core-longseq
The number of users: 2190
Average actions of users: 26.45591594335313
The number of items: 10254
Average actions of items: 5.648298059104652
The number of inters: 57912
The sparsity of the dataset: 99.7421119990595%
Remain Fields: ['user_id', 'item_id', 'rating', 'timestamp']
Wed 18 Mar 2026 19:57:43 INFO  [Training]: train_batch_size = [256] train_neg_sample_args: [{'distribution': 'none', 'sample_num': 'none', 'alpha': 'none', 'dynamic': False, 'candidate_num': 0}]
Wed 18 Mar 2026 19:57:43 INFO  [Evaluation]: eval_batch_size = [512] eval_args: [{'split': {'LS': 'valid_and_test'}, 'order': 'TO', 'group_by': 'user', 'mode': {'valid': 'full', 'test': 'full'}}]
Wed 18 Mar 2026 19:57:43 INFO  TimeWeaver(
  (item_embedding): Embedding(10254, 64, padding_idx=0)
  (time_aug): TimeAwareAugmentation(
    (pos_embedding): Embedding(32, 64)
    (time_embedder): ContinuousTimeEmbedding(
      (time2vec): Time2Vec()
    )
    (time_gate): TimeGate(
      (net): Sequential(
        (0): Linear(in_features=128, out_features=16, bias=True)
        (1): GELU(approximate='none')
        (2): Linear(in_features=16, out_features=64, bias=True)
        (3): Sigmoid()
      )
    )
    (layer_norm): LayerNorm((64,), eps=1e-05, elementwise_affine=True)
    (drop): Dropout(p=0.5, inplace=False)
  )
  (context_layers): ModuleList(
    (0-1): 2 x TCNNextBlock(
      (dw): DepthwiseConv1d(
        (conv): Conv1d(64, 64, kernel_size=(11,), stride=(1,), padding=(5,), groups=64)
        (bn): BatchNorm1d(64, eps=1e-05, momentum=0.1, affine=True, track_running_stats=True)
        (drop): Dropout(p=0.5, inplace=False)
      )
      (norm1): LayerNorm((64,), eps=1e-05, elementwise_affine=True)
      (conv_inter): ParallelConvInter(
        (conv1): Conv1d(64, 64, kernel_size=(1,), stride=(1,))
        (conv3): Conv1d(64, 64, kernel_size=(3,), stride=(1,), padding=(1,))
        (proj): Conv1d(64, 64, kernel_size=(1,), stride=(1,))
        (drop): Dropout(p=0.5, inplace=False)
      )
      (norm2): LayerNorm((64,), eps=1e-05, elementwise_affine=True)
      (ffn): Sequential(
        (0): Linear(in_features=64, out_features=256, bias=True)
        (1): GELU(approximate='none')
        (2): Dropout(p=0.5, inplace=False)
        (3): Linear(in_features=256, out_features=64, bias=True)
        (4): Dropout(p=0.5, inplace=False)
      )
      (norm3): LayerNorm((64,), eps=1e-05, elementwise_affine=True)
    )
  )
  (dynamic_layers): ModuleList(
    (0-1): 2 x EMAStream(
      (proj): Linear(in_features=64, out_features=64, bias=True)
    )
  )
  (weavers): ModuleList(
    (0-1): 2 x StreamWeaver(
      (proj): Linear(in_features=128, out_features=64, bias=True)
      (norm): LayerNorm((64,), eps=1e-05, elementwise_affine=True)
    )
  )
  (loss_fct): CrossEntropyLoss()
)
Trainable parameters: 796882.0
Wed 18 Mar 2026 19:57:43 INFO  FLOPs: 4395008.0
Wed 18 Mar 2026 19:58:12 INFO  epoch 0 training [time: 28.84s, train loss: 1712.2585]
Wed 18 Mar 2026 19:58:12 INFO  epoch 0 evaluating [time: 0.09s, valid_score: 0.009600]
Wed 18 Mar 2026 19:58:12 INFO  valid result: 
hit@10 : 0.0096    ndcg@10 : 0.005    mrr@10 : 0.0035
Wed 18 Mar 2026 19:58:12 INFO  Saving current: saved\TimeWeaver-Mar-18-2026_19-57-43.pth
Wed 18 Mar 2026 19:58:52 INFO  epoch 1 training [time: 40.08s, train loss: 1565.0243]
Wed 18 Mar 2026 19:58:52 INFO  epoch 1 evaluating [time: 0.09s, valid_score: 0.032000]
Wed 18 Mar 2026 19:58:52 INFO  valid result: 
hit@10 : 0.032    ndcg@10 : 0.0146    mrr@10 : 0.0095
Wed 18 Mar 2026 19:58:52 INFO  Saving current: saved\TimeWeaver-Mar-18-2026_19-57-43.pth
Wed 18 Mar 2026 19:59:35 INFO  epoch 2 training [time: 43.25s, train loss: 1462.9584]
Wed 18 Mar 2026 19:59:35 INFO  epoch 2 evaluating [time: 0.10s, valid_score: 0.061700]
Wed 18 Mar 2026 19:59:35 INFO  valid result: 
hit@10 : 0.0617    ndcg@10 : 0.03    mrr@10 : 0.0205
Wed 18 Mar 2026 19:59:35 INFO  Saving current: saved\TimeWeaver-Mar-18-2026_19-57-43.pth
Wed 18 Mar 2026 20:00:19 INFO  epoch 3 training [time: 43.42s, train loss: 1388.7626]
Wed 18 Mar 2026 20:00:19 INFO  epoch 3 evaluating [time: 0.11s, valid_score: 0.095900]
Wed 18 Mar 2026 20:00:19 INFO  valid result: 
hit@10 : 0.0959    ndcg@10 : 0.046    mrr@10 : 0.031
Wed 18 Mar 2026 20:00:19 INFO  Saving current: saved\TimeWeaver-Mar-18-2026_19-57-43.pth
Wed 18 Mar 2026 20:01:01 INFO  epoch 4 training [time: 42.74s, train loss: 1325.7869]
Wed 18 Mar 2026 20:01:02 INFO  epoch 4 evaluating [time: 0.10s, valid_score: 0.100500]
Wed 18 Mar 2026 20:01:02 INFO  valid result: 
hit@10 : 0.1005    ndcg@10 : 0.0482    mrr@10 : 0.0324
Wed 18 Mar 2026 20:01:02 INFO  Saving current: saved\TimeWeaver-Mar-18-2026_19-57-43.pth
Wed 18 Mar 2026 20:01:45 INFO  epoch 5 training [time: 43.77s, train loss: 1271.5754]
Wed 18 Mar 2026 20:01:45 INFO  epoch 5 evaluating [time: 0.10s, valid_score: 0.110100]
Wed 18 Mar 2026 20:01:45 INFO  valid result: 
hit@10 : 0.1101    ndcg@10 : 0.0564    mrr@10 : 0.0399
Wed 18 Mar 2026 20:01:46 INFO  Saving current: saved\TimeWeaver-Mar-18-2026_19-57-43.pth
Wed 18 Mar 2026 20:02:28 INFO  epoch 6 training [time: 42.72s, train loss: 1222.5575]
Wed 18 Mar 2026 20:02:28 INFO  epoch 6 evaluating [time: 0.10s, valid_score: 0.127000]
Wed 18 Mar 2026 20:02:28 INFO  valid result: 
hit@10 : 0.127    ndcg@10 : 0.063    mrr@10 : 0.0435
Wed 18 Mar 2026 20:02:28 INFO  Saving current: saved\TimeWeaver-Mar-18-2026_19-57-43.pth
Wed 18 Mar 2026 20:03:11 INFO  epoch 7 training [time: 42.63s, train loss: 1176.1303]
Wed 18 Mar 2026 20:03:11 INFO  epoch 7 evaluating [time: 0.10s, valid_score: 0.135200]
Wed 18 Mar 2026 20:03:11 INFO  valid result: 
hit@10 : 0.1352    ndcg@10 : 0.0639    mrr@10 : 0.0423
Wed 18 Mar 2026 20:03:11 INFO  Saving current: saved\TimeWeaver-Mar-18-2026_19-57-43.pth
Wed 18 Mar 2026 20:03:55 INFO  epoch 8 training [time: 43.42s, train loss: 1134.4089]
Wed 18 Mar 2026 20:03:55 INFO  epoch 8 evaluating [time: 0.10s, valid_score: 0.135200]
Wed 18 Mar 2026 20:03:55 INFO  valid result: 
hit@10 : 0.1352    ndcg@10 : 0.069    mrr@10 : 0.0489
Wed 18 Mar 2026 20:03:55 INFO  Saving current: saved\TimeWeaver-Mar-18-2026_19-57-43.pth
Wed 18 Mar 2026 20:04:38 INFO  epoch 9 training [time: 43.30s, train loss: 1097.3225]
Wed 18 Mar 2026 20:04:38 INFO  epoch 9 evaluating [time: 0.10s, valid_score: 0.147600]
Wed 18 Mar 2026 20:04:38 INFO  valid result: 
hit@10 : 0.1476    ndcg@10 : 0.0749    mrr@10 : 0.0526
Wed 18 Mar 2026 20:04:38 INFO  Saving current: saved\TimeWeaver-Mar-18-2026_19-57-43.pth
Wed 18 Mar 2026 20:05:21 INFO  epoch 10 training [time: 43.36s, train loss: 1064.1721]
Wed 18 Mar 2026 20:05:22 INFO  epoch 10 evaluating [time: 0.10s, valid_score: 0.148500]
Wed 18 Mar 2026 20:05:22 INFO  valid result: 
hit@10 : 0.1485    ndcg@10 : 0.0738    mrr@10 : 0.0511
Wed 18 Mar 2026 20:05:22 INFO  Saving current: saved\TimeWeaver-Mar-18-2026_19-57-43.pth
Wed 18 Mar 2026 20:06:05 INFO  epoch 11 training [time: 43.50s, train loss: 1032.1766]
Wed 18 Mar 2026 20:06:05 INFO  epoch 11 evaluating [time: 0.11s, valid_score: 0.148500]
Wed 18 Mar 2026 20:06:05 INFO  valid result: 
hit@10 : 0.1485    ndcg@10 : 0.0773    mrr@10 : 0.0556
Wed 18 Mar 2026 20:06:05 INFO  Saving current: saved\TimeWeaver-Mar-18-2026_19-57-43.pth
Wed 18 Mar 2026 20:06:49 INFO  epoch 12 training [time: 43.51s, train loss: 1007.5203]
Wed 18 Mar 2026 20:06:49 INFO  epoch 12 evaluating [time: 0.10s, valid_score: 0.148000]
Wed 18 Mar 2026 20:06:49 INFO  valid result: 
hit@10 : 0.148    ndcg@10 : 0.0748    mrr@10 : 0.0523
Wed 18 Mar 2026 20:07:33 INFO  epoch 13 training [time: 43.78s, train loss: 986.3263]
Wed 18 Mar 2026 20:07:33 INFO  epoch 13 evaluating [time: 0.10s, valid_score: 0.145300]
Wed 18 Mar 2026 20:07:33 INFO  valid result: 
hit@10 : 0.1453    ndcg@10 : 0.0734    mrr@10 : 0.0513
Wed 18 Mar 2026 20:08:16 INFO  epoch 14 training [time: 43.56s, train loss: 965.9114]
Wed 18 Mar 2026 20:08:16 INFO  epoch 14 evaluating [time: 0.11s, valid_score: 0.146200]
Wed 18 Mar 2026 20:08:16 INFO  valid result: 
hit@10 : 0.1462    ndcg@10 : 0.074    mrr@10 : 0.052
Wed 18 Mar 2026 20:08:59 INFO  epoch 15 training [time: 42.82s, train loss: 946.3425]
Wed 18 Mar 2026 20:08:59 INFO  epoch 15 evaluating [time: 0.09s, valid_score: 0.147600]
Wed 18 Mar 2026 20:08:59 INFO  valid result: 
hit@10 : 0.1476    ndcg@10 : 0.0756    mrr@10 : 0.0537
Wed 18 Mar 2026 20:09:43 INFO  epoch 16 training [time: 43.50s, train loss: 928.3588]
Wed 18 Mar 2026 20:09:43 INFO  epoch 16 evaluating [time: 0.10s, valid_score: 0.143900]
Wed 18 Mar 2026 20:09:43 INFO  valid result: 
hit@10 : 0.1439    ndcg@10 : 0.074    mrr@10 : 0.0527
Wed 18 Mar 2026 20:10:26 INFO  epoch 17 training [time: 42.87s, train loss: 910.6804]
Wed 18 Mar 2026 20:10:26 INFO  epoch 17 evaluating [time: 0.10s, valid_score: 0.143400]
Wed 18 Mar 2026 20:10:26 INFO  valid result: 
hit@10 : 0.1434    ndcg@10 : 0.0778    mrr@10 : 0.0577
Wed 18 Mar 2026 20:11:09 INFO  epoch 18 training [time: 42.68s, train loss: 898.3898]
Wed 18 Mar 2026 20:11:09 INFO  epoch 18 evaluating [time: 0.11s, valid_score: 0.150800]
Wed 18 Mar 2026 20:11:09 INFO  valid result: 
hit@10 : 0.1508    ndcg@10 : 0.0785    mrr@10 : 0.0565
Wed 18 Mar 2026 20:11:09 INFO  Saving current: saved\TimeWeaver-Mar-18-2026_19-57-43.pth
Wed 18 Mar 2026 20:11:54 INFO  epoch 19 training [time: 44.98s, train loss: 884.9007]
Wed 18 Mar 2026 20:11:54 INFO  epoch 19 evaluating [time: 0.10s, valid_score: 0.144400]
Wed 18 Mar 2026 20:11:54 INFO  valid result: 
hit@10 : 0.1444    ndcg@10 : 0.0786    mrr@10 : 0.0585
Wed 18 Mar 2026 20:12:38 INFO  epoch 20 training [time: 43.91s, train loss: 869.8275]
Wed 18 Mar 2026 20:12:38 INFO  epoch 20 evaluating [time: 0.10s, valid_score: 0.148500]
Wed 18 Mar 2026 20:12:38 INFO  valid result: 
hit@10 : 0.1485    ndcg@10 : 0.0788    mrr@10 : 0.0575
Wed 18 Mar 2026 20:13:21 INFO  epoch 21 training [time: 42.91s, train loss: 857.5782]
Wed 18 Mar 2026 20:13:21 INFO  epoch 21 evaluating [time: 0.10s, valid_score: 0.150800]
Wed 18 Mar 2026 20:13:21 INFO  valid result: 
hit@10 : 0.1508    ndcg@10 : 0.08    mrr@10 : 0.0585
Wed 18 Mar 2026 20:13:21 INFO  Saving current: saved\TimeWeaver-Mar-18-2026_19-57-43.pth
Wed 18 Mar 2026 20:14:04 INFO  epoch 22 training [time: 42.94s, train loss: 845.7853]
Wed 18 Mar 2026 20:14:04 INFO  epoch 22 evaluating [time: 0.10s, valid_score: 0.140700]
Wed 18 Mar 2026 20:14:04 INFO  valid result: 
hit@10 : 0.1407    ndcg@10 : 0.0756    mrr@10 : 0.0558
Wed 18 Mar 2026 20:14:46 INFO  epoch 23 training [time: 42.42s, train loss: 834.9525]
Wed 18 Mar 2026 20:14:46 INFO  epoch 23 evaluating [time: 0.10s, valid_score: 0.148000]
Wed 18 Mar 2026 20:14:46 INFO  valid result: 
hit@10 : 0.148    ndcg@10 : 0.0765    mrr@10 : 0.0546
Wed 18 Mar 2026 20:15:29 INFO  epoch 24 training [time: 42.60s, train loss: 821.8597]
Wed 18 Mar 2026 20:15:29 INFO  epoch 24 evaluating [time: 0.11s, valid_score: 0.141600]
Wed 18 Mar 2026 20:15:29 INFO  valid result: 
hit@10 : 0.1416    ndcg@10 : 0.0771    mrr@10 : 0.0574
Wed 18 Mar 2026 20:16:14 INFO  epoch 25 training [time: 44.64s, train loss: 813.0249]
Wed 18 Mar 2026 20:16:14 INFO  epoch 25 evaluating [time: 0.09s, valid_score: 0.141200]
Wed 18 Mar 2026 20:16:14 INFO  valid result: 
hit@10 : 0.1412    ndcg@10 : 0.0774    mrr@10 : 0.0578
Wed 18 Mar 2026 20:17:00 INFO  epoch 26 training [time: 45.93s, train loss: 801.9899]
Wed 18 Mar 2026 20:17:00 INFO  epoch 26 evaluating [time: 0.11s, valid_score: 0.143900]
Wed 18 Mar 2026 20:17:00 INFO  valid result: 
hit@10 : 0.1439    ndcg@10 : 0.0798    mrr@10 : 0.0601
Wed 18 Mar 2026 20:17:43 INFO  epoch 27 training [time: 42.84s, train loss: 795.6303]
Wed 18 Mar 2026 20:17:43 INFO  epoch 27 evaluating [time: 0.10s, valid_score: 0.140700]
Wed 18 Mar 2026 20:17:43 INFO  valid result: 
hit@10 : 0.1407    ndcg@10 : 0.0778    mrr@10 : 0.0586
Wed 18 Mar 2026 20:18:25 INFO  epoch 28 training [time: 42.33s, train loss: 785.8381]
Wed 18 Mar 2026 20:18:25 INFO  epoch 28 evaluating [time: 0.10s, valid_score: 0.148900]
Wed 18 Mar 2026 20:18:25 INFO  valid result: 
hit@10 : 0.1489    ndcg@10 : 0.0828    mrr@10 : 0.0628
Wed 18 Mar 2026 20:19:08 INFO  epoch 29 training [time: 42.50s, train loss: 774.1648]
Wed 18 Mar 2026 20:19:08 INFO  epoch 29 evaluating [time: 0.10s, valid_score: 0.143000]
Wed 18 Mar 2026 20:19:08 INFO  valid result: 
hit@10 : 0.143    ndcg@10 : 0.0795    mrr@10 : 0.06
Wed 18 Mar 2026 20:19:52 INFO  epoch 30 training [time: 43.85s, train loss: 766.9742]
Wed 18 Mar 2026 20:19:52 INFO  epoch 30 evaluating [time: 0.10s, valid_score: 0.147100]
Wed 18 Mar 2026 20:19:52 INFO  valid result: 
hit@10 : 0.1471    ndcg@10 : 0.0843    mrr@10 : 0.0654
Wed 18 Mar 2026 20:20:35 INFO  epoch 31 training [time: 43.09s, train loss: 759.5196]
Wed 18 Mar 2026 20:20:35 INFO  epoch 31 evaluating [time: 0.09s, valid_score: 0.140200]
Wed 18 Mar 2026 20:20:35 INFO  valid result: 
hit@10 : 0.1402    ndcg@10 : 0.0792    mrr@10 : 0.0604
Wed 18 Mar 2026 20:21:16 INFO  epoch 32 training [time: 41.49s, train loss: 749.8725]
Wed 18 Mar 2026 20:21:17 INFO  epoch 32 evaluating [time: 0.08s, valid_score: 0.135700]
Wed 18 Mar 2026 20:21:17 INFO  valid result: 
hit@10 : 0.1357    ndcg@10 : 0.0761    mrr@10 : 0.0578
Wed 18 Mar 2026 20:21:17 INFO  Finished training, best eval result in epoch 21
Wed 18 Mar 2026 20:21:17 INFO  Loading model structure and parameters from saved\TimeWeaver-Mar-18-2026_19-57-43.pth
Wed 18 Mar 2026 20:21:18 INFO  The running environment of this training is as follows:
+-------------+----------------+
| Environment |     Usage      |
+=============+================+
| CPU         |     3.10 %     |
+-------------+----------------+
| GPU         | 0.39 G/6.00 G  |
+-------------+----------------+
| Memory      | 0.71 G/15.63 G |
+-------------+----------------+
Wed 18 Mar 2026 20:21:18 INFO  best valid : OrderedDict([('hit@10', 0.1508), ('ndcg@10', 0.08), ('mrr@10', 0.0585)])
Wed 18 Mar 2026 20:21:18 INFO  test result: OrderedDict([('hit@10', 0.1201), ('ndcg@10', 0.0673), ('mrr@10', 0.0511)])
Wed 18 Mar 2026 20:21:18 WARNING  command line args [--models timeweaver --datasets amazon-beauty-5core-longseq-full --timeweaver-variant aug --seeds 42,2023,2024 --device gpu --output results/timeweaver_beauty_aug_vs_augonly_full.json --skip-if-done] will not be used in RecBole
Wed 18 Mar 2026 20:21:18 INFO  ['F:\\桌面\\recommendation_system\\scripts\\run_grid.py', '--models', 'timeweaver', '--datasets', 'amazon-beauty-5core-longseq-full', '--timeweaver-variant', 'aug', '--seeds', '42,2023,2024', '--device', 'gpu', '--output', 'results/timeweaver_beauty_aug_vs_augonly_full.json', '--skip-if-done']
Wed 18 Mar 2026 20:21:18 INFO  
General Hyper Parameters:
gpu_id = 0
use_gpu = True
seed = 2024
state = INFO
reproducibility = True
data_path = data/amazon\amazon-beauty-5core-longseq
checkpoint_dir = saved
show_progress = True
save_dataset = False
dataset_save_path = None
save_dataloaders = False
dataloaders_save_path = None
log_wandb = False

Training Hyper Parameters:
epochs = 100
train_batch_size = 256
learner = adam
learning_rate = 0.001
train_neg_sample_args = {'distribution': 'none', 'sample_num': 'none', 'alpha': 'none', 'dynamic': False, 'candidate_num': 0}
eval_step = 1
stopping_step = 10
clip_grad_norm = None
weight_decay = 0.0
loss_decimal_place = 4

Evaluation Hyper Parameters:
eval_args = {'split': {'LS': 'valid_and_test'}, 'order': 'TO', 'group_by': 'user', 'mode': {'valid': 'full', 'test': 'full'}}
repeatable = True
metrics = ['Hit', 'NDCG', 'MRR']
topk = [10]
valid_metric = Hit@10
valid_metric_bigger = True
eval_batch_size = 512
metric_decimal_place = 4

Dataset Hyper Parameters:
field_separator = 	
seq_separator =  
USER_ID_FIELD = user_id
ITEM_ID_FIELD = item_id
RATING_FIELD = rating
TIME_FIELD = timestamp
seq_len = None
LABEL_FIELD = label
threshold = None
NEG_PREFIX = neg_
load_col = {'inter': ['user_id', 'item_id', 'rating', 'timestamp']}
unload_col = None
unused_col = None
additional_feat_suffix = None
rm_dup_inter = None
val_interval = None
filter_inter_by_user_or_item = True
user_inter_num_interval = [0,inf)
item_inter_num_interval = [0,inf)
alias_of_user_id = None
alias_of_item_id = None
alias_of_entity_id = None
alias_of_relation_id = None
preload_weight = None
normalize_field = None
normalize_all = None
ITEM_LIST_LENGTH_FIELD = item_length
LIST_SUFFIX = _list
MAX_ITEM_LIST_LENGTH = 32
POSITION_FIELD = position_id
HEAD_ENTITY_ID_FIELD = head_id
TAIL_ENTITY_ID_FIELD = tail_id
RELATION_ID_FIELD = relation_id
ENTITY_ID_FIELD = entity_id
benchmark_filename = None

Other Hyper Parameters: 
worker = 0
wandb_project = recbole
shuffle = True
require_pow = False
enable_amp = False
enable_scaler = False
transform = None
numerical_features = []
discretization = None
kg_reverse_r = False
entity_kg_num_interval = [0,inf)
relation_kg_num_interval = [0,inf)
MODEL_TYPE = ModelType.SEQUENTIAL
contrastive_weight = 0.03
contrastive_temp = 0.2
time_aug_prob = 0.15
time_aug_strength = 0.05
time_aug_warmup_steps = 0
time_aug_ramp_steps = 2000
model_name = TimeWeaver
hidden_size = 64
num_layers = 2
hidden_dropout_prob = 0.5
initializer_range = 0.02
time_bucket_size = 1000
ema_decay = 0.5
tcn_kernel_size = -1
ffn_hidden_size = 256
loss_type = CE
early_stop = 10
neg_sampling = None
device = cuda
use_continuous_time = True
use_time_gate = True
use_time_augmentation = True
MODEL_INPUT_TYPE = InputType.POINTWISE
eval_type = EvaluatorType.RANKING
single_spec = True
local_rank = 0
valid_neg_sample_args = {'distribution': 'uniform', 'sample_num': 'none'}
test_neg_sample_args = {'distribution': 'uniform', 'sample_num': 'none'}


Wed 18 Mar 2026 20:21:18 INFO  amazon-beauty-5core-longseq
The number of users: 2190
Average actions of users: 26.45591594335313
The number of items: 10254
Average actions of items: 5.648298059104652
The number of inters: 57912
The sparsity of the dataset: 99.7421119990595%
Remain Fields: ['user_id', 'item_id', 'rating', 'timestamp']
Wed 18 Mar 2026 20:21:19 INFO  [Training]: train_batch_size = [256] train_neg_sample_args: [{'distribution': 'none', 'sample_num': 'none', 'alpha': 'none', 'dynamic': False, 'candidate_num': 0}]
Wed 18 Mar 2026 20:21:19 INFO  [Evaluation]: eval_batch_size = [512] eval_args: [{'split': {'LS': 'valid_and_test'}, 'order': 'TO', 'group_by': 'user', 'mode': {'valid': 'full', 'test': 'full'}}]
Wed 18 Mar 2026 20:21:19 INFO  TimeWeaver(
  (item_embedding): Embedding(10254, 64, padding_idx=0)
  (time_aug): TimeAwareAugmentation(
    (pos_embedding): Embedding(32, 64)
    (time_embedder): ContinuousTimeEmbedding(
      (time2vec): Time2Vec()
    )
    (time_gate): TimeGate(
      (net): Sequential(
        (0): Linear(in_features=128, out_features=16, bias=True)
        (1): GELU(approximate='none')
        (2): Linear(in_features=16, out_features=64, bias=True)
        (3): Sigmoid()
      )
    )
    (layer_norm): LayerNorm((64,), eps=1e-05, elementwise_affine=True)
    (drop): Dropout(p=0.5, inplace=False)
  )
  (context_layers): ModuleList(
    (0-1): 2 x TCNNextBlock(
      (dw): DepthwiseConv1d(
        (conv): Conv1d(64, 64, kernel_size=(11,), stride=(1,), padding=(5,), groups=64)
        (bn): BatchNorm1d(64, eps=1e-05, momentum=0.1, affine=True, track_running_stats=True)
        (drop): Dropout(p=0.5, inplace=False)
      )
      (norm1): LayerNorm((64,), eps=1e-05, elementwise_affine=True)
      (conv_inter): ParallelConvInter(
        (conv1): Conv1d(64, 64, kernel_size=(1,), stride=(1,))
        (conv3): Conv1d(64, 64, kernel_size=(3,), stride=(1,), padding=(1,))
        (proj): Conv1d(64, 64, kernel_size=(1,), stride=(1,))
        (drop): Dropout(p=0.5, inplace=False)
      )
      (norm2): LayerNorm((64,), eps=1e-05, elementwise_affine=True)
      (ffn): Sequential(
        (0): Linear(in_features=64, out_features=256, bias=True)
        (1): GELU(approximate='none')
        (2): Dropout(p=0.5, inplace=False)
        (3): Linear(in_features=256, out_features=64, bias=True)
        (4): Dropout(p=0.5, inplace=False)
      )
      (norm3): LayerNorm((64,), eps=1e-05, elementwise_affine=True)
    )
  )
  (dynamic_layers): ModuleList(
    (0-1): 2 x EMAStream(
      (proj): Linear(in_features=64, out_features=64, bias=True)
    )
  )
  (weavers): ModuleList(
    (0-1): 2 x StreamWeaver(
      (proj): Linear(in_features=128, out_features=64, bias=True)
      (norm): LayerNorm((64,), eps=1e-05, elementwise_affine=True)
    )
  )
  (loss_fct): CrossEntropyLoss()
)
Trainable parameters: 796882.0
Wed 18 Mar 2026 20:21:19 INFO  FLOPs: 4395008.0
Wed 18 Mar 2026 20:21:47 INFO  epoch 0 training [time: 28.23s, train loss: 1707.9157]
Wed 18 Mar 2026 20:21:47 INFO  epoch 0 evaluating [time: 0.08s, valid_score: 0.013200]
Wed 18 Mar 2026 20:21:47 INFO  valid result: 
hit@10 : 0.0132    ndcg@10 : 0.006    mrr@10 : 0.0038
Wed 18 Mar 2026 20:21:47 INFO  Saving current: saved\TimeWeaver-Mar-18-2026_20-21-19.pth
Wed 18 Mar 2026 20:22:28 INFO  epoch 1 training [time: 40.23s, train loss: 1564.9770]
Wed 18 Mar 2026 20:22:28 INFO  epoch 1 evaluating [time: 0.10s, valid_score: 0.035200]
Wed 18 Mar 2026 20:22:28 INFO  valid result: 
hit@10 : 0.0352    ndcg@10 : 0.0163    mrr@10 : 0.0108
Wed 18 Mar 2026 20:22:28 INFO  Saving current: saved\TimeWeaver-Mar-18-2026_20-21-19.pth
Wed 18 Mar 2026 20:23:10 INFO  epoch 2 training [time: 41.81s, train loss: 1465.2708]
Wed 18 Mar 2026 20:23:10 INFO  epoch 2 evaluating [time: 0.10s, valid_score: 0.060300]
Wed 18 Mar 2026 20:23:10 INFO  valid result: 
hit@10 : 0.0603    ndcg@10 : 0.0285    mrr@10 : 0.019
Wed 18 Mar 2026 20:23:10 INFO  Saving current: saved\TimeWeaver-Mar-18-2026_20-21-19.pth
Wed 18 Mar 2026 20:23:53 INFO  epoch 3 training [time: 43.28s, train loss: 1389.0349]
Wed 18 Mar 2026 20:23:53 INFO  epoch 3 evaluating [time: 0.10s, valid_score: 0.081800]
Wed 18 Mar 2026 20:23:53 INFO  valid result: 
hit@10 : 0.0818    ndcg@10 : 0.0407    mrr@10 : 0.0283
Wed 18 Mar 2026 20:23:53 INFO  Saving current: saved\TimeWeaver-Mar-18-2026_20-21-19.pth
Wed 18 Mar 2026 20:24:35 INFO  epoch 4 training [time: 41.91s, train loss: 1326.8650]
Wed 18 Mar 2026 20:24:35 INFO  epoch 4 evaluating [time: 0.09s, valid_score: 0.107400]
Wed 18 Mar 2026 20:24:35 INFO  valid result: 
hit@10 : 0.1074    ndcg@10 : 0.0541    mrr@10 : 0.0378
Wed 18 Mar 2026 20:24:35 INFO  Saving current: saved\TimeWeaver-Mar-18-2026_20-21-19.pth
Wed 18 Mar 2026 20:25:17 INFO  epoch 5 training [time: 41.83s, train loss: 1272.2258]
Wed 18 Mar 2026 20:25:17 INFO  epoch 5 evaluating [time: 0.09s, valid_score: 0.118800]
Wed 18 Mar 2026 20:25:17 INFO  valid result: 
hit@10 : 0.1188    ndcg@10 : 0.0614    mrr@10 : 0.0438
Wed 18 Mar 2026 20:25:17 INFO  Saving current: saved\TimeWeaver-Mar-18-2026_20-21-19.pth
Wed 18 Mar 2026 20:25:59 INFO  epoch 6 training [time: 42.08s, train loss: 1221.2260]
Wed 18 Mar 2026 20:25:59 INFO  epoch 6 evaluating [time: 0.09s, valid_score: 0.130200]
Wed 18 Mar 2026 20:25:59 INFO  valid result: 
hit@10 : 0.1302    ndcg@10 : 0.0616    mrr@10 : 0.0407
Wed 18 Mar 2026 20:25:59 INFO  Saving current: saved\TimeWeaver-Mar-18-2026_20-21-19.pth
Wed 18 Mar 2026 20:26:42 INFO  epoch 7 training [time: 42.34s, train loss: 1175.9965]
Wed 18 Mar 2026 20:26:42 INFO  epoch 7 evaluating [time: 0.10s, valid_score: 0.135200]
Wed 18 Mar 2026 20:26:42 INFO  valid result: 
hit@10 : 0.1352    ndcg@10 : 0.0663    mrr@10 : 0.0453
Wed 18 Mar 2026 20:26:42 INFO  Saving current: saved\TimeWeaver-Mar-18-2026_20-21-19.pth
Wed 18 Mar 2026 20:27:24 INFO  epoch 8 training [time: 42.26s, train loss: 1134.9238]
Wed 18 Mar 2026 20:27:24 INFO  epoch 8 evaluating [time: 0.09s, valid_score: 0.145700]
Wed 18 Mar 2026 20:27:24 INFO  valid result: 
hit@10 : 0.1457    ndcg@10 : 0.0735    mrr@10 : 0.0514
Wed 18 Mar 2026 20:27:24 INFO  Saving current: saved\TimeWeaver-Mar-18-2026_20-21-19.pth
Wed 18 Mar 2026 20:28:08 INFO  epoch 9 training [time: 43.36s, train loss: 1096.2403]
Wed 18 Mar 2026 20:28:08 INFO  epoch 9 evaluating [time: 0.09s, valid_score: 0.145700]
Wed 18 Mar 2026 20:28:08 INFO  valid result: 
hit@10 : 0.1457    ndcg@10 : 0.0751    mrr@10 : 0.0533
Wed 18 Mar 2026 20:28:08 INFO  Saving current: saved\TimeWeaver-Mar-18-2026_20-21-19.pth
Wed 18 Mar 2026 20:28:49 INFO  epoch 10 training [time: 41.33s, train loss: 1062.5261]
Wed 18 Mar 2026 20:28:49 INFO  epoch 10 evaluating [time: 0.10s, valid_score: 0.144400]
Wed 18 Mar 2026 20:28:49 INFO  valid result: 
hit@10 : 0.1444    ndcg@10 : 0.0746    mrr@10 : 0.0533
Wed 18 Mar 2026 20:29:31 INFO  epoch 11 training [time: 41.59s, train loss: 1034.2070]
Wed 18 Mar 2026 20:29:31 INFO  epoch 11 evaluating [time: 0.10s, valid_score: 0.139800]
Wed 18 Mar 2026 20:29:31 INFO  valid result: 
hit@10 : 0.1398    ndcg@10 : 0.0726    mrr@10 : 0.0521
Wed 18 Mar 2026 20:30:12 INFO  epoch 12 training [time: 41.29s, train loss: 1010.0561]
Wed 18 Mar 2026 20:30:12 INFO  epoch 12 evaluating [time: 0.09s, valid_score: 0.142500]
Wed 18 Mar 2026 20:30:12 INFO  valid result: 
hit@10 : 0.1425    ndcg@10 : 0.0781    mrr@10 : 0.0584
Wed 18 Mar 2026 20:30:54 INFO  epoch 13 training [time: 42.34s, train loss: 986.9979]
Wed 18 Mar 2026 20:30:55 INFO  epoch 13 evaluating [time: 0.10s, valid_score: 0.143900]
Wed 18 Mar 2026 20:30:55 INFO  valid result: 
hit@10 : 0.1439    ndcg@10 : 0.0752    mrr@10 : 0.0541
Wed 18 Mar 2026 20:31:37 INFO  epoch 14 training [time: 42.37s, train loss: 967.2399]
Wed 18 Mar 2026 20:31:37 INFO  epoch 14 evaluating [time: 0.10s, valid_score: 0.150800]
Wed 18 Mar 2026 20:31:37 INFO  valid result: 
hit@10 : 0.1508    ndcg@10 : 0.079    mrr@10 : 0.0571
Wed 18 Mar 2026 20:31:37 INFO  Saving current: saved\TimeWeaver-Mar-18-2026_20-21-19.pth
Wed 18 Mar 2026 20:32:19 INFO  epoch 15 training [time: 41.91s, train loss: 949.6907]
Wed 18 Mar 2026 20:32:19 INFO  epoch 15 evaluating [time: 0.10s, valid_score: 0.145700]
Wed 18 Mar 2026 20:32:19 INFO  valid result: 
hit@10 : 0.1457    ndcg@10 : 0.0748    mrr@10 : 0.0531
Wed 18 Mar 2026 20:33:01 INFO  epoch 16 training [time: 41.64s, train loss: 934.1721]
Wed 18 Mar 2026 20:33:01 INFO  epoch 16 evaluating [time: 0.10s, valid_score: 0.141200]
Wed 18 Mar 2026 20:33:01 INFO  valid result: 
hit@10 : 0.1412    ndcg@10 : 0.0765    mrr@10 : 0.0566
Wed 18 Mar 2026 20:33:44 INFO  epoch 17 training [time: 42.73s, train loss: 918.1050]
Wed 18 Mar 2026 20:33:44 INFO  epoch 17 evaluating [time: 0.11s, valid_score: 0.146600]
Wed 18 Mar 2026 20:33:44 INFO  valid result: 
hit@10 : 0.1466    ndcg@10 : 0.0797    mrr@10 : 0.0592
Wed 18 Mar 2026 20:34:28 INFO  epoch 18 training [time: 44.05s, train loss: 903.5139]
Wed 18 Mar 2026 20:34:28 INFO  epoch 18 evaluating [time: 0.10s, valid_score: 0.136600]
Wed 18 Mar 2026 20:34:28 INFO  valid result: 
hit@10 : 0.1366    ndcg@10 : 0.0747    mrr@10 : 0.0557
Wed 18 Mar 2026 20:35:11 INFO  epoch 19 training [time: 42.83s, train loss: 889.5760]
Wed 18 Mar 2026 20:35:11 INFO  epoch 19 evaluating [time: 0.10s, valid_score: 0.136600]
Wed 18 Mar 2026 20:35:11 INFO  valid result: 
hit@10 : 0.1366    ndcg@10 : 0.076    mrr@10 : 0.0574
Wed 18 Mar 2026 20:35:55 INFO  epoch 20 training [time: 44.54s, train loss: 878.7963]
Wed 18 Mar 2026 20:35:55 INFO  epoch 20 evaluating [time: 0.11s, valid_score: 0.146600]
Wed 18 Mar 2026 20:35:55 INFO  valid result: 
hit@10 : 0.1466    ndcg@10 : 0.0793    mrr@10 : 0.0587
Wed 18 Mar 2026 20:36:39 INFO  epoch 21 training [time: 43.93s, train loss: 864.0776]
Wed 18 Mar 2026 20:36:39 INFO  epoch 21 evaluating [time: 0.10s, valid_score: 0.137000]
Wed 18 Mar 2026 20:36:39 INFO  valid result: 
hit@10 : 0.137    ndcg@10 : 0.0756    mrr@10 : 0.0567
Wed 18 Mar 2026 20:37:22 INFO  epoch 22 training [time: 42.91s, train loss: 852.7924]
Wed 18 Mar 2026 20:37:22 INFO  epoch 22 evaluating [time: 0.10s, valid_score: 0.143900]
Wed 18 Mar 2026 20:37:22 INFO  valid result: 
hit@10 : 0.1439    ndcg@10 : 0.0782    mrr@10 : 0.0582
Wed 18 Mar 2026 20:38:05 INFO  epoch 23 training [time: 42.60s, train loss: 843.3075]
Wed 18 Mar 2026 20:38:05 INFO  epoch 23 evaluating [time: 0.10s, valid_score: 0.139800]
Wed 18 Mar 2026 20:38:05 INFO  valid result: 
hit@10 : 0.1398    ndcg@10 : 0.0782    mrr@10 : 0.0595
Wed 18 Mar 2026 20:38:48 INFO  epoch 24 training [time: 43.08s, train loss: 831.5027]
Wed 18 Mar 2026 20:38:48 INFO  epoch 24 evaluating [time: 0.10s, valid_score: 0.135700]
Wed 18 Mar 2026 20:38:48 INFO  valid result: 
hit@10 : 0.1357    ndcg@10 : 0.0762    mrr@10 : 0.058
Wed 18 Mar 2026 20:39:32 INFO  epoch 25 training [time: 43.79s, train loss: 822.6855]
Wed 18 Mar 2026 20:39:32 INFO  epoch 25 evaluating [time: 0.12s, valid_score: 0.137000]
Wed 18 Mar 2026 20:39:32 INFO  valid result: 
hit@10 : 0.137    ndcg@10 : 0.0784    mrr@10 : 0.0605
Wed 18 Mar 2026 20:39:32 INFO  Finished training, best eval result in epoch 14
Wed 18 Mar 2026 20:39:32 INFO  Loading model structure and parameters from saved\TimeWeaver-Mar-18-2026_20-21-19.pth
Wed 18 Mar 2026 20:39:33 INFO  The running environment of this training is as follows:
+-------------+----------------+
| Environment |     Usage      |
+=============+================+
| CPU         |     3.80 %     |
+-------------+----------------+
| GPU         | 0.40 G/6.00 G  |
+-------------+----------------+
| Memory      | 0.64 G/15.63 G |
+-------------+----------------+
Wed 18 Mar 2026 20:39:33 INFO  best valid : OrderedDict([('hit@10', 0.1508), ('ndcg@10', 0.079), ('mrr@10', 0.0571)])
Wed 18 Mar 2026 20:39:33 INFO  test result: OrderedDict([('hit@10', 0.1151), ('ndcg@10', 0.0616), ('mrr@10', 0.0452)])
