Fri 13 Feb 2026 03:10:21 INFO  ['F:\\桌面\\recommendation_system\\scripts\\run_grid.py', '--models', 'timeweaver', '--datasets', 'amazon-electronics-5core-subset', '--seeds', '42', '--device', 'gpu', '--timeweaver-variant', 'base', '--tag', 'e0p2_k9_d0p5_l2_f512_b1000', '--output', 'results/run_grid_timeweaver_tune.json', '--tw-ema-decay', '0.2', '--tw-tcn-kernel', '9', '--tw-hidden-dropout', '0.5', '--tw-num-layers', '2', '--tw-ffn-hidden', '512', '--tw-time-bucket', '1000']
Fri 13 Feb 2026 03:10:21 INFO  
General Hyper Parameters:
gpu_id = 0
use_gpu = True
seed = 42
state = INFO
reproducibility = True
data_path = data/amazon\amazon-electronics-5core-subset
checkpoint_dir = saved
show_progress = True
save_dataset = False
dataset_save_path = None
save_dataloaders = False
dataloaders_save_path = None
log_wandb = False

Training Hyper Parameters:
epochs = 100
train_batch_size = 256
learner = adam
learning_rate = 0.001
train_neg_sample_args = {'distribution': 'none', 'sample_num': 'none', 'alpha': 'none', 'dynamic': False, 'candidate_num': 0}
eval_step = 1
stopping_step = 10
clip_grad_norm = None
weight_decay = 0.0
loss_decimal_place = 4

Evaluation Hyper Parameters:
eval_args = {'split': {'LS': 'valid_and_test'}, 'order': 'TO', 'group_by': 'user', 'mode': {'valid': 'uni100', 'test': 'uni100'}}
repeatable = True
metrics = ['Hit', 'NDCG', 'MRR']
topk = [10]
valid_metric = MRR@10
valid_metric_bigger = True
eval_batch_size = 512
metric_decimal_place = 4

Dataset Hyper Parameters:
field_separator = 	
seq_separator =  
USER_ID_FIELD = user_id
ITEM_ID_FIELD = item_id
RATING_FIELD = rating
TIME_FIELD = timestamp
seq_len = None
LABEL_FIELD = label
threshold = None
NEG_PREFIX = neg_
load_col = {'inter': ['user_id', 'item_id', 'rating', 'timestamp']}
unload_col = None
unused_col = None
additional_feat_suffix = None
rm_dup_inter = None
val_interval = None
filter_inter_by_user_or_item = True
user_inter_num_interval = [0,inf)
item_inter_num_interval = [0,inf)
alias_of_user_id = None
alias_of_item_id = None
alias_of_entity_id = None
alias_of_relation_id = None
preload_weight = None
normalize_field = None
normalize_all = None
ITEM_LIST_LENGTH_FIELD = item_length
LIST_SUFFIX = _list
MAX_ITEM_LIST_LENGTH = 32
POSITION_FIELD = position_id
HEAD_ENTITY_ID_FIELD = head_id
TAIL_ENTITY_ID_FIELD = tail_id
RELATION_ID_FIELD = relation_id
ENTITY_ID_FIELD = entity_id
benchmark_filename = None

Other Hyper Parameters: 
worker = 0
wandb_project = recbole
shuffle = True
require_pow = False
enable_amp = False
enable_scaler = False
transform = None
numerical_features = []
discretization = None
kg_reverse_r = False
entity_kg_num_interval = [0,inf)
relation_kg_num_interval = [0,inf)
MODEL_TYPE = ModelType.SEQUENTIAL
model_name = TimeWeaver
hidden_size = 64
num_layers = 2
hidden_dropout_prob = 0.5
initializer_range = 0.02
time_bucket_size = 1000
ema_decay = 0.2
tcn_kernel_size = 9
ffn_hidden_size = 512
loss_type = CE
early_stop = 10
neg_sampling = None
device = cuda
use_continuous_time = False
use_time_gate = False
use_time_augmentation = False
MODEL_INPUT_TYPE = InputType.POINTWISE
eval_type = EvaluatorType.RANKING
single_spec = True
local_rank = 0
valid_neg_sample_args = {'distribution': 'uniform', 'sample_num': 100}
test_neg_sample_args = {'distribution': 'uniform', 'sample_num': 100}


Fri 13 Feb 2026 03:10:21 INFO  amazon-electronics-5core-subset
The number of users: 1501
Average actions of users: 108.42733333333334
The number of items: 54722
Average actions of items: 2.9721861808080994
The number of inters: 162641
The sparsity of the dataset: 99.80198988231011%
Remain Fields: ['user_id', 'item_id', 'rating', 'timestamp']
Fri 13 Feb 2026 03:10:24 INFO  [Training]: train_batch_size = [256] train_neg_sample_args: [{'distribution': 'none', 'sample_num': 'none', 'alpha': 'none', 'dynamic': False, 'candidate_num': 0}]
Fri 13 Feb 2026 03:10:24 INFO  [Evaluation]: eval_batch_size = [512] eval_args: [{'split': {'LS': 'valid_and_test'}, 'order': 'TO', 'group_by': 'user', 'mode': {'valid': 'uni100', 'test': 'uni100'}}]
Fri 13 Feb 2026 03:10:24 INFO  TimeWeaver(
  (item_embedding): Embedding(54722, 64, padding_idx=0)
  (time_aug): TimeAwareAugmentation(
    (pos_embedding): Embedding(32, 64)
    (time_embedding): Embedding(1000, 64)
    (layer_norm): LayerNorm((64,), eps=1e-05, elementwise_affine=True)
    (drop): Dropout(p=0.5, inplace=False)
  )
  (context_layers): ModuleList(
    (0-1): 2 x TCNNextBlock(
      (dw): DepthwiseConv1d(
        (conv): Conv1d(64, 64, kernel_size=(9,), stride=(1,), padding=(4,), groups=64)
        (bn): BatchNorm1d(64, eps=1e-05, momentum=0.1, affine=True, track_running_stats=True)
        (drop): Dropout(p=0.5, inplace=False)
      )
      (norm1): LayerNorm((64,), eps=1e-05, elementwise_affine=True)
      (conv_inter): ParallelConvInter(
        (conv1): Conv1d(64, 64, kernel_size=(1,), stride=(1,))
        (conv3): Conv1d(64, 64, kernel_size=(3,), stride=(1,), padding=(1,))
        (proj): Conv1d(64, 64, kernel_size=(1,), stride=(1,))
        (drop): Dropout(p=0.5, inplace=False)
      )
      (norm2): LayerNorm((64,), eps=1e-05, elementwise_affine=True)
      (ffn): Sequential(
        (0): Linear(in_features=64, out_features=512, bias=True)
        (1): GELU(approximate='none')
        (2): Dropout(p=0.5, inplace=False)
        (3): Linear(in_features=512, out_features=64, bias=True)
        (4): Dropout(p=0.5, inplace=False)
      )
      (norm3): LayerNorm((64,), eps=1e-05, elementwise_affine=True)
    )
  )
  (dynamic_layers): ModuleList(
    (0-1): 2 x EMAStream(
      (proj): Linear(in_features=64, out_features=64, bias=True)
    )
  )
  (weavers): ModuleList(
    (0-1): 2 x StreamWeaver(
      (proj): Linear(in_features=128, out_features=64, bias=True)
      (norm): LayerNorm((64,), eps=1e-05, elementwise_affine=True)
    )
  )
  (loss_fct): CrossEntropyLoss()
)
Trainable parameters: 3769345.0
Fri 13 Feb 2026 03:10:24 INFO  FLOPs: 6387712.0
Fri 13 Feb 2026 03:11:15 INFO  epoch 0 training [time: 49.88s, train loss: 6503.5644]
Fri 13 Feb 2026 03:11:18 INFO  epoch 0 evaluating [time: 2.81s, valid_score: 0.202500]
Fri 13 Feb 2026 03:11:18 INFO  valid result: 
hit@10 : 0.3913    ndcg@10 : 0.2468    mrr@10 : 0.2025
Fri 13 Feb 2026 03:11:18 INFO  Saving current: saved\TimeWeaver-Feb-13-2026_03-10-24.pth
Fri 13 Feb 2026 03:12:07 INFO  epoch 1 training [time: 49.20s, train loss: 6066.6843]
Fri 13 Feb 2026 03:12:10 INFO  epoch 1 evaluating [time: 2.74s, valid_score: 0.227600]
Fri 13 Feb 2026 03:12:10 INFO  valid result: 
hit@10 : 0.4233    ndcg@10 : 0.2741    mrr@10 : 0.2276
Fri 13 Feb 2026 03:12:10 INFO  Saving current: saved\TimeWeaver-Feb-13-2026_03-10-24.pth
Fri 13 Feb 2026 03:12:59 INFO  epoch 2 training [time: 49.31s, train loss: 5644.8701]
Fri 13 Feb 2026 03:13:02 INFO  epoch 2 evaluating [time: 2.80s, valid_score: 0.233000]
Fri 13 Feb 2026 03:13:02 INFO  valid result: 
hit@10 : 0.422    ndcg@10 : 0.2777    mrr@10 : 0.233
Fri 13 Feb 2026 03:13:02 INFO  Saving current: saved\TimeWeaver-Feb-13-2026_03-10-24.pth
Fri 13 Feb 2026 03:13:51 INFO  epoch 3 training [time: 48.92s, train loss: 5192.9792]
Fri 13 Feb 2026 03:13:54 INFO  epoch 3 evaluating [time: 2.74s, valid_score: 0.235400]
Fri 13 Feb 2026 03:13:54 INFO  valid result: 
hit@10 : 0.408    ndcg@10 : 0.2763    mrr@10 : 0.2354
Fri 13 Feb 2026 03:13:54 INFO  Saving current: saved\TimeWeaver-Feb-13-2026_03-10-24.pth
Fri 13 Feb 2026 03:14:47 INFO  epoch 4 training [time: 52.99s, train loss: 4760.8470]
Fri 13 Feb 2026 03:14:50 INFO  epoch 4 evaluating [time: 2.87s, valid_score: 0.219900]
Fri 13 Feb 2026 03:14:50 INFO  valid result: 
hit@10 : 0.386    ndcg@10 : 0.2594    mrr@10 : 0.2199
Fri 13 Feb 2026 03:15:38 INFO  epoch 5 training [time: 48.39s, train loss: 4397.8534]
Fri 13 Feb 2026 03:15:41 INFO  epoch 5 evaluating [time: 2.75s, valid_score: 0.232000]
Fri 13 Feb 2026 03:15:41 INFO  valid result: 
hit@10 : 0.3987    ndcg@10 : 0.2714    mrr@10 : 0.232
Fri 13 Feb 2026 03:16:30 INFO  epoch 6 training [time: 49.05s, train loss: 4111.4134]
Fri 13 Feb 2026 03:16:33 INFO  epoch 6 evaluating [time: 2.81s, valid_score: 0.229500]
Fri 13 Feb 2026 03:16:33 INFO  valid result: 
hit@10 : 0.396    ndcg@10 : 0.269    mrr@10 : 0.2295
Fri 13 Feb 2026 03:17:22 INFO  epoch 7 training [time: 49.37s, train loss: 3888.7930]
Fri 13 Feb 2026 03:17:25 INFO  epoch 7 evaluating [time: 2.76s, valid_score: 0.230700]
Fri 13 Feb 2026 03:17:25 INFO  valid result: 
hit@10 : 0.394    ndcg@10 : 0.2691    mrr@10 : 0.2307
Fri 13 Feb 2026 03:18:16 INFO  epoch 8 training [time: 50.69s, train loss: 3710.8695]
Fri 13 Feb 2026 03:18:19 INFO  epoch 8 evaluating [time: 3.00s, valid_score: 0.229400]
Fri 13 Feb 2026 03:18:19 INFO  valid result: 
hit@10 : 0.3953    ndcg@10 : 0.2685    mrr@10 : 0.2294
Fri 13 Feb 2026 03:19:10 INFO  epoch 9 training [time: 50.91s, train loss: 3558.6219]
Fri 13 Feb 2026 03:19:12 INFO  epoch 9 evaluating [time: 2.71s, valid_score: 0.218700]
Fri 13 Feb 2026 03:19:12 INFO  valid result: 
hit@10 : 0.3927    ndcg@10 : 0.2597    mrr@10 : 0.2187
Fri 13 Feb 2026 03:20:01 INFO  epoch 10 training [time: 48.91s, train loss: 3427.7502]
Fri 13 Feb 2026 03:20:04 INFO  epoch 10 evaluating [time: 2.78s, valid_score: 0.223300]
Fri 13 Feb 2026 03:20:04 INFO  valid result: 
hit@10 : 0.3873    ndcg@10 : 0.2619    mrr@10 : 0.2233
Fri 13 Feb 2026 03:20:53 INFO  epoch 11 training [time: 49.37s, train loss: 3306.3041]
Fri 13 Feb 2026 03:20:56 INFO  epoch 11 evaluating [time: 2.75s, valid_score: 0.217700]
Fri 13 Feb 2026 03:20:56 INFO  valid result: 
hit@10 : 0.39    ndcg@10 : 0.2583    mrr@10 : 0.2177
Fri 13 Feb 2026 03:21:45 INFO  epoch 12 training [time: 48.94s, train loss: 3197.3525]
Fri 13 Feb 2026 03:21:48 INFO  epoch 12 evaluating [time: 2.72s, valid_score: 0.222000]
Fri 13 Feb 2026 03:21:48 INFO  valid result: 
hit@10 : 0.3793    ndcg@10 : 0.2591    mrr@10 : 0.222
Fri 13 Feb 2026 03:22:40 INFO  epoch 13 training [time: 52.51s, train loss: 3100.5234]
Fri 13 Feb 2026 03:22:43 INFO  epoch 13 evaluating [time: 2.83s, valid_score: 0.214700]
Fri 13 Feb 2026 03:22:43 INFO  valid result: 
hit@10 : 0.38    ndcg@10 : 0.2536    mrr@10 : 0.2147
Fri 13 Feb 2026 03:23:32 INFO  epoch 14 training [time: 48.54s, train loss: 3002.3026]
Fri 13 Feb 2026 03:23:34 INFO  epoch 14 evaluating [time: 2.79s, valid_score: 0.213500]
Fri 13 Feb 2026 03:23:34 INFO  valid result: 
hit@10 : 0.378    ndcg@10 : 0.2522    mrr@10 : 0.2135
Fri 13 Feb 2026 03:23:34 INFO  Finished training, best eval result in epoch 3
Fri 13 Feb 2026 03:23:34 INFO  Loading model structure and parameters from saved\TimeWeaver-Feb-13-2026_03-10-24.pth
Fri 13 Feb 2026 03:23:38 INFO  The running environment of this training is as follows:
+-------------+----------------+
| Environment |     Usage      |
+=============+================+
| CPU         |     3.80 %     |
+-------------+----------------+
| GPU         | 0.51 G/6.00 G  |
+-------------+----------------+
| Memory      | 1.64 G/15.63 G |
+-------------+----------------+
Fri 13 Feb 2026 03:23:38 INFO  best valid : OrderedDict([('hit@10', 0.408), ('ndcg@10', 0.2763), ('mrr@10', 0.2354)])
Fri 13 Feb 2026 03:23:38 INFO  test result: OrderedDict([('hit@10', 0.372), ('ndcg@10', 0.2439), ('mrr@10', 0.2044)])
