Wed 11 Feb 2026 23:18:21 INFO  ['F:\\桌面\\recommendation_system\\scripts\\run_grid.py', '--models', 'timeweaver', '--datasets', 'amazon-beauty-5core-subset', '--seeds', '42', '--device', 'gpu', '--timeweaver-variant', 'base', '--tag', 'e0p2_k5_d0p2_l1_f512_b1000', '--output', 'results/run_grid_timeweaver_tune.json', '--tw-ema-decay', '0.2', '--tw-tcn-kernel', '5', '--tw-hidden-dropout', '0.2', '--tw-num-layers', '1', '--tw-ffn-hidden', '512', '--tw-time-bucket', '1000']
Wed 11 Feb 2026 23:18:21 INFO  
General Hyper Parameters:
gpu_id = 0
use_gpu = True
seed = 42
state = INFO
reproducibility = True
data_path = data/amazon\amazon-beauty-5core-subset
checkpoint_dir = saved
show_progress = True
save_dataset = False
dataset_save_path = None
save_dataloaders = False
dataloaders_save_path = None
log_wandb = False

Training Hyper Parameters:
epochs = 100
train_batch_size = 256
learner = adam
learning_rate = 0.001
train_neg_sample_args = {'distribution': 'none', 'sample_num': 'none', 'alpha': 'none', 'dynamic': False, 'candidate_num': 0}
eval_step = 1
stopping_step = 10
clip_grad_norm = None
weight_decay = 0.0
loss_decimal_place = 4

Evaluation Hyper Parameters:
eval_args = {'split': {'LS': 'valid_and_test'}, 'order': 'TO', 'group_by': 'user', 'mode': {'valid': 'uni100', 'test': 'uni100'}}
repeatable = True
metrics = ['Hit', 'NDCG', 'MRR']
topk = [10]
valid_metric = MRR@10
valid_metric_bigger = True
eval_batch_size = 512
metric_decimal_place = 4

Dataset Hyper Parameters:
field_separator = 	
seq_separator =  
USER_ID_FIELD = user_id
ITEM_ID_FIELD = item_id
RATING_FIELD = rating
TIME_FIELD = timestamp
seq_len = None
LABEL_FIELD = label
threshold = None
NEG_PREFIX = neg_
load_col = {'inter': ['user_id', 'item_id', 'rating', 'timestamp']}
unload_col = None
unused_col = None
additional_feat_suffix = None
rm_dup_inter = None
val_interval = None
filter_inter_by_user_or_item = True
user_inter_num_interval = [0,inf)
item_inter_num_interval = [0,inf)
alias_of_user_id = None
alias_of_item_id = None
alias_of_entity_id = None
alias_of_relation_id = None
preload_weight = None
normalize_field = None
normalize_all = None
ITEM_LIST_LENGTH_FIELD = item_length
LIST_SUFFIX = _list
MAX_ITEM_LIST_LENGTH = 32
POSITION_FIELD = position_id
HEAD_ENTITY_ID_FIELD = head_id
TAIL_ENTITY_ID_FIELD = tail_id
RELATION_ID_FIELD = relation_id
ENTITY_ID_FIELD = entity_id
benchmark_filename = None

Other Hyper Parameters: 
worker = 0
wandb_project = recbole
shuffle = True
require_pow = False
enable_amp = False
enable_scaler = False
transform = None
numerical_features = []
discretization = None
kg_reverse_r = False
entity_kg_num_interval = [0,inf)
relation_kg_num_interval = [0,inf)
MODEL_TYPE = ModelType.SEQUENTIAL
model_name = TimeWeaver
hidden_size = 64
num_layers = 1
hidden_dropout_prob = 0.2
initializer_range = 0.02
time_bucket_size = 1000
ema_decay = 0.2
tcn_kernel_size = 5
ffn_hidden_size = 512
loss_type = CE
early_stop = 10
neg_sampling = None
device = cuda
use_continuous_time = False
use_time_gate = False
use_time_augmentation = False
MODEL_INPUT_TYPE = InputType.POINTWISE
eval_type = EvaluatorType.RANKING
single_spec = True
local_rank = 0
valid_neg_sample_args = {'distribution': 'uniform', 'sample_num': 100}
test_neg_sample_args = {'distribution': 'uniform', 'sample_num': 100}


Wed 11 Feb 2026 23:18:22 INFO  amazon-beauty-5core-subset
The number of users: 7001
Average actions of users: 15.458
The number of items: 11924
Average actions of items: 9.075400486454752
The number of inters: 108206
The sparsity of the dataset: 99.87038081155896%
Remain Fields: ['user_id', 'item_id', 'rating', 'timestamp']
Wed 11 Feb 2026 23:18:24 INFO  [Training]: train_batch_size = [256] train_neg_sample_args: [{'distribution': 'none', 'sample_num': 'none', 'alpha': 'none', 'dynamic': False, 'candidate_num': 0}]
Wed 11 Feb 2026 23:18:24 INFO  [Evaluation]: eval_batch_size = [512] eval_args: [{'split': {'LS': 'valid_and_test'}, 'order': 'TO', 'group_by': 'user', 'mode': {'valid': 'uni100', 'test': 'uni100'}}]
Wed 11 Feb 2026 23:18:24 INFO  TimeWeaver(
  (item_embedding): Embedding(11924, 64, padding_idx=0)
  (time_aug): TimeAwareAugmentation(
    (pos_embedding): Embedding(32, 64)
    (time_embedding): Embedding(1000, 64)
    (layer_norm): LayerNorm((64,), eps=1e-05, elementwise_affine=True)
    (drop): Dropout(p=0.2, inplace=False)
  )
  (context_layers): ModuleList(
    (0): TCNNextBlock(
      (dw): DepthwiseConv1d(
        (conv): Conv1d(64, 64, kernel_size=(5,), stride=(1,), padding=(2,), groups=64)
        (bn): BatchNorm1d(64, eps=1e-05, momentum=0.1, affine=True, track_running_stats=True)
        (drop): Dropout(p=0.2, inplace=False)
      )
      (norm1): LayerNorm((64,), eps=1e-05, elementwise_affine=True)
      (conv_inter): ParallelConvInter(
        (conv1): Conv1d(64, 64, kernel_size=(1,), stride=(1,))
        (conv3): Conv1d(64, 64, kernel_size=(3,), stride=(1,), padding=(1,))
        (proj): Conv1d(64, 64, kernel_size=(1,), stride=(1,))
        (drop): Dropout(p=0.2, inplace=False)
      )
      (norm2): LayerNorm((64,), eps=1e-05, elementwise_affine=True)
      (ffn): Sequential(
        (0): Linear(in_features=64, out_features=512, bias=True)
        (1): GELU(approximate='none')
        (2): Dropout(p=0.2, inplace=False)
        (3): Linear(in_features=512, out_features=64, bias=True)
        (4): Dropout(p=0.2, inplace=False)
      )
      (norm3): LayerNorm((64,), eps=1e-05, elementwise_affine=True)
    )
  )
  (dynamic_layers): ModuleList(
    (0): EMAStream(
      (proj): Linear(in_features=64, out_features=64, bias=True)
    )
  )
  (weavers): ModuleList(
    (0): StreamWeaver(
      (proj): Linear(in_features=128, out_features=64, bias=True)
      (norm): LayerNorm((64,), eps=1e-05, elementwise_affine=True)
    )
  )
  (loss_fct): CrossEntropyLoss()
)
Trainable parameters: 929537.0
Wed 11 Feb 2026 23:18:24 INFO  FLOPs: 3190784.0
Wed 11 Feb 2026 23:18:42 INFO  epoch 0 training [time: 16.67s, train loss: 2912.4293]
Wed 11 Feb 2026 23:18:50 INFO  epoch 0 evaluating [time: 8.29s, valid_score: 0.238000]
Wed 11 Feb 2026 23:18:50 INFO  valid result: 
hit@10 : 0.4671    ndcg@10 : 0.2924    mrr@10 : 0.238
Wed 11 Feb 2026 23:18:50 INFO  Saving current: saved\TimeWeaver-Feb-11-2026_23-18-24.pth
Wed 11 Feb 2026 23:19:07 INFO  epoch 1 training [time: 16.98s, train loss: 2597.8158]
Wed 11 Feb 2026 23:19:16 INFO  epoch 1 evaluating [time: 8.57s, valid_score: 0.310400]
Wed 11 Feb 2026 23:19:16 INFO  valid result: 
hit@10 : 0.517    ndcg@10 : 0.3595    mrr@10 : 0.3104
Wed 11 Feb 2026 23:19:16 INFO  Saving current: saved\TimeWeaver-Feb-11-2026_23-18-24.pth
Wed 11 Feb 2026 23:19:33 INFO  epoch 2 training [time: 17.57s, train loss: 2388.2088]
Wed 11 Feb 2026 23:19:42 INFO  epoch 2 evaluating [time: 8.73s, valid_score: 0.335700]
Wed 11 Feb 2026 23:19:42 INFO  valid result: 
hit@10 : 0.5286    ndcg@10 : 0.3816    mrr@10 : 0.3357
Wed 11 Feb 2026 23:19:42 INFO  Saving current: saved\TimeWeaver-Feb-11-2026_23-18-24.pth
Wed 11 Feb 2026 23:20:00 INFO  epoch 3 training [time: 17.70s, train loss: 2220.4888]
Wed 11 Feb 2026 23:20:08 INFO  epoch 3 evaluating [time: 8.40s, valid_score: 0.335700]
Wed 11 Feb 2026 23:20:08 INFO  valid result: 
hit@10 : 0.5204    ndcg@10 : 0.3797    mrr@10 : 0.3357
Wed 11 Feb 2026 23:20:08 INFO  Saving current: saved\TimeWeaver-Feb-11-2026_23-18-24.pth
Wed 11 Feb 2026 23:20:25 INFO  epoch 4 training [time: 16.88s, train loss: 2087.5402]
Wed 11 Feb 2026 23:20:33 INFO  epoch 4 evaluating [time: 8.36s, valid_score: 0.335800]
Wed 11 Feb 2026 23:20:33 INFO  valid result: 
hit@10 : 0.5203    ndcg@10 : 0.3797    mrr@10 : 0.3358
Wed 11 Feb 2026 23:20:33 INFO  Saving current: saved\TimeWeaver-Feb-11-2026_23-18-24.pth
Wed 11 Feb 2026 23:20:50 INFO  epoch 5 training [time: 17.06s, train loss: 1992.2966]
Wed 11 Feb 2026 23:20:59 INFO  epoch 5 evaluating [time: 8.54s, valid_score: 0.334600]
Wed 11 Feb 2026 23:20:59 INFO  valid result: 
hit@10 : 0.5126    ndcg@10 : 0.377    mrr@10 : 0.3346
Wed 11 Feb 2026 23:21:16 INFO  epoch 6 training [time: 17.08s, train loss: 1924.0457]
Wed 11 Feb 2026 23:21:24 INFO  epoch 6 evaluating [time: 8.27s, valid_score: 0.335800]
Wed 11 Feb 2026 23:21:24 INFO  valid result: 
hit@10 : 0.5174    ndcg@10 : 0.379    mrr@10 : 0.3358
Wed 11 Feb 2026 23:21:24 INFO  Saving current: saved\TimeWeaver-Feb-11-2026_23-18-24.pth
Wed 11 Feb 2026 23:21:41 INFO  epoch 7 training [time: 17.09s, train loss: 1867.9408]
Wed 11 Feb 2026 23:21:50 INFO  epoch 7 evaluating [time: 8.62s, valid_score: 0.330800]
Wed 11 Feb 2026 23:21:50 INFO  valid result: 
hit@10 : 0.51    ndcg@10 : 0.3733    mrr@10 : 0.3308
Wed 11 Feb 2026 23:22:08 INFO  epoch 8 training [time: 17.52s, train loss: 1821.1394]
Wed 11 Feb 2026 23:22:16 INFO  epoch 8 evaluating [time: 8.64s, valid_score: 0.326000]
Wed 11 Feb 2026 23:22:16 INFO  valid result: 
hit@10 : 0.5063    ndcg@10 : 0.3689    mrr@10 : 0.326
Wed 11 Feb 2026 23:22:34 INFO  epoch 9 training [time: 17.36s, train loss: 1778.2722]
Wed 11 Feb 2026 23:22:42 INFO  epoch 9 evaluating [time: 8.34s, valid_score: 0.326800]
Wed 11 Feb 2026 23:22:42 INFO  valid result: 
hit@10 : 0.5083    ndcg@10 : 0.37    mrr@10 : 0.3268
Wed 11 Feb 2026 23:22:59 INFO  epoch 10 training [time: 17.01s, train loss: 1740.0161]
Wed 11 Feb 2026 23:23:07 INFO  epoch 10 evaluating [time: 8.43s, valid_score: 0.320900]
Wed 11 Feb 2026 23:23:07 INFO  valid result: 
hit@10 : 0.5076    ndcg@10 : 0.3654    mrr@10 : 0.3209
Wed 11 Feb 2026 23:23:25 INFO  epoch 11 training [time: 17.66s, train loss: 1703.8634]
Wed 11 Feb 2026 23:23:34 INFO  epoch 11 evaluating [time: 8.60s, valid_score: 0.321700]
Wed 11 Feb 2026 23:23:34 INFO  valid result: 
hit@10 : 0.5013    ndcg@10 : 0.3644    mrr@10 : 0.3217
Wed 11 Feb 2026 23:23:51 INFO  epoch 12 training [time: 17.30s, train loss: 1669.5873]
Wed 11 Feb 2026 23:23:59 INFO  epoch 12 evaluating [time: 8.59s, valid_score: 0.321500]
Wed 11 Feb 2026 23:24:00 INFO  valid result: 
hit@10 : 0.5033    ndcg@10 : 0.3647    mrr@10 : 0.3215
Wed 11 Feb 2026 23:24:16 INFO  epoch 13 training [time: 16.97s, train loss: 1636.2962]
Wed 11 Feb 2026 23:24:25 INFO  epoch 13 evaluating [time: 8.28s, valid_score: 0.316800]
Wed 11 Feb 2026 23:24:25 INFO  valid result: 
hit@10 : 0.4959    ndcg@10 : 0.3594    mrr@10 : 0.3168
Wed 11 Feb 2026 23:24:42 INFO  epoch 14 training [time: 16.93s, train loss: 1603.8409]
Wed 11 Feb 2026 23:24:50 INFO  epoch 14 evaluating [time: 8.50s, valid_score: 0.312100]
Wed 11 Feb 2026 23:24:50 INFO  valid result: 
hit@10 : 0.4933    ndcg@10 : 0.3552    mrr@10 : 0.3121
Wed 11 Feb 2026 23:25:07 INFO  epoch 15 training [time: 17.12s, train loss: 1576.6027]
Wed 11 Feb 2026 23:25:16 INFO  epoch 15 evaluating [time: 8.33s, valid_score: 0.311700]
Wed 11 Feb 2026 23:25:16 INFO  valid result: 
hit@10 : 0.4949    ndcg@10 : 0.3552    mrr@10 : 0.3117
Wed 11 Feb 2026 23:25:33 INFO  epoch 16 training [time: 17.08s, train loss: 1547.6861]
Wed 11 Feb 2026 23:25:41 INFO  epoch 16 evaluating [time: 8.54s, valid_score: 0.305000]
Wed 11 Feb 2026 23:25:41 INFO  valid result: 
hit@10 : 0.4924    ndcg@10 : 0.3495    mrr@10 : 0.305
Wed 11 Feb 2026 23:25:59 INFO  epoch 17 training [time: 17.39s, train loss: 1523.4507]
Wed 11 Feb 2026 23:26:07 INFO  epoch 17 evaluating [time: 8.57s, valid_score: 0.306900]
Wed 11 Feb 2026 23:26:07 INFO  valid result: 
hit@10 : 0.4934    ndcg@10 : 0.3511    mrr@10 : 0.3069
Wed 11 Feb 2026 23:26:07 INFO  Finished training, best eval result in epoch 6
Wed 11 Feb 2026 23:26:07 INFO  Loading model structure and parameters from saved\TimeWeaver-Feb-11-2026_23-18-24.pth
Wed 11 Feb 2026 23:26:17 INFO  The running environment of this training is as follows:
+-------------+----------------+
| Environment |     Usage      |
+=============+================+
| CPU         |     5.20 %     |
+-------------+----------------+
| GPU         | 0.23 G/6.00 G  |
+-------------+----------------+
| Memory      | 1.44 G/15.63 G |
+-------------+----------------+
Wed 11 Feb 2026 23:26:17 INFO  best valid : OrderedDict([('hit@10', 0.5174), ('ndcg@10', 0.379), ('mrr@10', 0.3358)])
Wed 11 Feb 2026 23:26:17 INFO  test result: OrderedDict([('hit@10', 0.4737), ('ndcg@10', 0.3338), ('mrr@10', 0.2903)])
