Fri 13 Feb 2026 02:49:56 INFO  ['F:\\桌面\\recommendation_system\\scripts\\run_grid.py', '--models', 'timeweaver', '--datasets', 'amazon-electronics-5core-subset', '--seeds', '42', '--device', 'gpu', '--timeweaver-variant', 'base', '--tag', 'e0p2_k9_d0p5_l1_f512_b1000', '--output', 'results/run_grid_timeweaver_tune.json', '--tw-ema-decay', '0.2', '--tw-tcn-kernel', '9', '--tw-hidden-dropout', '0.5', '--tw-num-layers', '1', '--tw-ffn-hidden', '512', '--tw-time-bucket', '1000']
Fri 13 Feb 2026 02:49:56 INFO  
General Hyper Parameters:
gpu_id = 0
use_gpu = True
seed = 42
state = INFO
reproducibility = True
data_path = data/amazon\amazon-electronics-5core-subset
checkpoint_dir = saved
show_progress = True
save_dataset = False
dataset_save_path = None
save_dataloaders = False
dataloaders_save_path = None
log_wandb = False

Training Hyper Parameters:
epochs = 100
train_batch_size = 256
learner = adam
learning_rate = 0.001
train_neg_sample_args = {'distribution': 'none', 'sample_num': 'none', 'alpha': 'none', 'dynamic': False, 'candidate_num': 0}
eval_step = 1
stopping_step = 10
clip_grad_norm = None
weight_decay = 0.0
loss_decimal_place = 4

Evaluation Hyper Parameters:
eval_args = {'split': {'LS': 'valid_and_test'}, 'order': 'TO', 'group_by': 'user', 'mode': {'valid': 'uni100', 'test': 'uni100'}}
repeatable = True
metrics = ['Hit', 'NDCG', 'MRR']
topk = [10]
valid_metric = MRR@10
valid_metric_bigger = True
eval_batch_size = 512
metric_decimal_place = 4

Dataset Hyper Parameters:
field_separator = 	
seq_separator =  
USER_ID_FIELD = user_id
ITEM_ID_FIELD = item_id
RATING_FIELD = rating
TIME_FIELD = timestamp
seq_len = None
LABEL_FIELD = label
threshold = None
NEG_PREFIX = neg_
load_col = {'inter': ['user_id', 'item_id', 'rating', 'timestamp']}
unload_col = None
unused_col = None
additional_feat_suffix = None
rm_dup_inter = None
val_interval = None
filter_inter_by_user_or_item = True
user_inter_num_interval = [0,inf)
item_inter_num_interval = [0,inf)
alias_of_user_id = None
alias_of_item_id = None
alias_of_entity_id = None
alias_of_relation_id = None
preload_weight = None
normalize_field = None
normalize_all = None
ITEM_LIST_LENGTH_FIELD = item_length
LIST_SUFFIX = _list
MAX_ITEM_LIST_LENGTH = 32
POSITION_FIELD = position_id
HEAD_ENTITY_ID_FIELD = head_id
TAIL_ENTITY_ID_FIELD = tail_id
RELATION_ID_FIELD = relation_id
ENTITY_ID_FIELD = entity_id
benchmark_filename = None

Other Hyper Parameters: 
worker = 0
wandb_project = recbole
shuffle = True
require_pow = False
enable_amp = False
enable_scaler = False
transform = None
numerical_features = []
discretization = None
kg_reverse_r = False
entity_kg_num_interval = [0,inf)
relation_kg_num_interval = [0,inf)
MODEL_TYPE = ModelType.SEQUENTIAL
model_name = TimeWeaver
hidden_size = 64
num_layers = 1
hidden_dropout_prob = 0.5
initializer_range = 0.02
time_bucket_size = 1000
ema_decay = 0.2
tcn_kernel_size = 9
ffn_hidden_size = 512
loss_type = CE
early_stop = 10
neg_sampling = None
device = cuda
use_continuous_time = False
use_time_gate = False
use_time_augmentation = False
MODEL_INPUT_TYPE = InputType.POINTWISE
eval_type = EvaluatorType.RANKING
single_spec = True
local_rank = 0
valid_neg_sample_args = {'distribution': 'uniform', 'sample_num': 100}
test_neg_sample_args = {'distribution': 'uniform', 'sample_num': 100}


Fri 13 Feb 2026 02:49:57 INFO  amazon-electronics-5core-subset
The number of users: 1501
Average actions of users: 108.42733333333334
The number of items: 54722
Average actions of items: 2.9721861808080994
The number of inters: 162641
The sparsity of the dataset: 99.80198988231011%
Remain Fields: ['user_id', 'item_id', 'rating', 'timestamp']
Fri 13 Feb 2026 02:49:59 INFO  [Training]: train_batch_size = [256] train_neg_sample_args: [{'distribution': 'none', 'sample_num': 'none', 'alpha': 'none', 'dynamic': False, 'candidate_num': 0}]
Fri 13 Feb 2026 02:49:59 INFO  [Evaluation]: eval_batch_size = [512] eval_args: [{'split': {'LS': 'valid_and_test'}, 'order': 'TO', 'group_by': 'user', 'mode': {'valid': 'uni100', 'test': 'uni100'}}]
Fri 13 Feb 2026 02:49:59 INFO  TimeWeaver(
  (item_embedding): Embedding(54722, 64, padding_idx=0)
  (time_aug): TimeAwareAugmentation(
    (pos_embedding): Embedding(32, 64)
    (time_embedding): Embedding(1000, 64)
    (layer_norm): LayerNorm((64,), eps=1e-05, elementwise_affine=True)
    (drop): Dropout(p=0.5, inplace=False)
  )
  (context_layers): ModuleList(
    (0): TCNNextBlock(
      (dw): DepthwiseConv1d(
        (conv): Conv1d(64, 64, kernel_size=(9,), stride=(1,), padding=(4,), groups=64)
        (bn): BatchNorm1d(64, eps=1e-05, momentum=0.1, affine=True, track_running_stats=True)
        (drop): Dropout(p=0.5, inplace=False)
      )
      (norm1): LayerNorm((64,), eps=1e-05, elementwise_affine=True)
      (conv_inter): ParallelConvInter(
        (conv1): Conv1d(64, 64, kernel_size=(1,), stride=(1,))
        (conv3): Conv1d(64, 64, kernel_size=(3,), stride=(1,), padding=(1,))
        (proj): Conv1d(64, 64, kernel_size=(1,), stride=(1,))
        (drop): Dropout(p=0.5, inplace=False)
      )
      (norm2): LayerNorm((64,), eps=1e-05, elementwise_affine=True)
      (ffn): Sequential(
        (0): Linear(in_features=64, out_features=512, bias=True)
        (1): GELU(approximate='none')
        (2): Dropout(p=0.5, inplace=False)
        (3): Linear(in_features=512, out_features=64, bias=True)
        (4): Dropout(p=0.5, inplace=False)
      )
      (norm3): LayerNorm((64,), eps=1e-05, elementwise_affine=True)
    )
  )
  (dynamic_layers): ModuleList(
    (0): EMAStream(
      (proj): Linear(in_features=64, out_features=64, bias=True)
    )
  )
  (weavers): ModuleList(
    (0): StreamWeaver(
      (proj): Linear(in_features=128, out_features=64, bias=True)
      (norm): LayerNorm((64,), eps=1e-05, elementwise_affine=True)
    )
  )
  (loss_fct): CrossEntropyLoss()
)
Trainable parameters: 3668865.0
Fri 13 Feb 2026 02:49:59 INFO  FLOPs: 3198976.0
Fri 13 Feb 2026 02:50:33 INFO  epoch 0 training [time: 32.26s, train loss: 6519.8954]
Fri 13 Feb 2026 02:50:35 INFO  epoch 0 evaluating [time: 2.19s, valid_score: 0.175700]
Fri 13 Feb 2026 02:50:35 INFO  valid result: 
hit@10 : 0.3493    ndcg@10 : 0.2162    mrr@10 : 0.1757
Fri 13 Feb 2026 02:50:35 INFO  Saving current: saved\TimeWeaver-Feb-13-2026_02-49-59.pth
Fri 13 Feb 2026 02:51:06 INFO  epoch 1 training [time: 30.93s, train loss: 6135.0586]
Fri 13 Feb 2026 02:51:08 INFO  epoch 1 evaluating [time: 1.96s, valid_score: 0.232700]
Fri 13 Feb 2026 02:51:08 INFO  valid result: 
hit@10 : 0.42    ndcg@10 : 0.2773    mrr@10 : 0.2327
Fri 13 Feb 2026 02:51:08 INFO  Saving current: saved\TimeWeaver-Feb-13-2026_02-49-59.pth
Fri 13 Feb 2026 02:51:38 INFO  epoch 2 training [time: 29.82s, train loss: 5722.1935]
Fri 13 Feb 2026 02:51:40 INFO  epoch 2 evaluating [time: 2.15s, valid_score: 0.226700]
Fri 13 Feb 2026 02:51:40 INFO  valid result: 
hit@10 : 0.424    ndcg@10 : 0.2734    mrr@10 : 0.2267
Fri 13 Feb 2026 02:52:10 INFO  epoch 3 training [time: 29.96s, train loss: 5276.3508]
Fri 13 Feb 2026 02:52:12 INFO  epoch 3 evaluating [time: 2.02s, valid_score: 0.225800]
Fri 13 Feb 2026 02:52:12 INFO  valid result: 
hit@10 : 0.404    ndcg@10 : 0.2678    mrr@10 : 0.2258
Fri 13 Feb 2026 02:52:42 INFO  epoch 4 training [time: 29.87s, train loss: 4856.4077]
Fri 13 Feb 2026 02:52:44 INFO  epoch 4 evaluating [time: 2.07s, valid_score: 0.218800]
Fri 13 Feb 2026 02:52:44 INFO  valid result: 
hit@10 : 0.38    ndcg@10 : 0.2567    mrr@10 : 0.2188
Fri 13 Feb 2026 02:53:14 INFO  epoch 5 training [time: 30.30s, train loss: 4498.1913]
Fri 13 Feb 2026 02:53:16 INFO  epoch 5 evaluating [time: 2.09s, valid_score: 0.219200]
Fri 13 Feb 2026 02:53:16 INFO  valid result: 
hit@10 : 0.3773    ndcg@10 : 0.2567    mrr@10 : 0.2192
Fri 13 Feb 2026 02:53:46 INFO  epoch 6 training [time: 30.06s, train loss: 4220.3834]
Fri 13 Feb 2026 02:53:48 INFO  epoch 6 evaluating [time: 1.97s, valid_score: 0.216800]
Fri 13 Feb 2026 02:53:48 INFO  valid result: 
hit@10 : 0.38    ndcg@10 : 0.2549    mrr@10 : 0.2168
Fri 13 Feb 2026 02:54:20 INFO  epoch 7 training [time: 31.57s, train loss: 4008.9957]
Fri 13 Feb 2026 02:54:22 INFO  epoch 7 evaluating [time: 2.18s, valid_score: 0.220800]
Fri 13 Feb 2026 02:54:22 INFO  valid result: 
hit@10 : 0.3873    ndcg@10 : 0.2597    mrr@10 : 0.2208
Fri 13 Feb 2026 02:54:54 INFO  epoch 8 training [time: 31.66s, train loss: 3840.1153]
Fri 13 Feb 2026 02:54:56 INFO  epoch 8 evaluating [time: 2.15s, valid_score: 0.212900]
Fri 13 Feb 2026 02:54:56 INFO  valid result: 
hit@10 : 0.378    ndcg@10 : 0.2519    mrr@10 : 0.2129
Fri 13 Feb 2026 02:55:26 INFO  epoch 9 training [time: 29.69s, train loss: 3697.8227]
Fri 13 Feb 2026 02:55:28 INFO  epoch 9 evaluating [time: 1.97s, valid_score: 0.217100]
Fri 13 Feb 2026 02:55:28 INFO  valid result: 
hit@10 : 0.392    ndcg@10 : 0.2584    mrr@10 : 0.2171
Fri 13 Feb 2026 02:55:58 INFO  epoch 10 training [time: 30.12s, train loss: 3573.1745]
Fri 13 Feb 2026 02:56:00 INFO  epoch 10 evaluating [time: 2.02s, valid_score: 0.209100]
Fri 13 Feb 2026 02:56:00 INFO  valid result: 
hit@10 : 0.3813    ndcg@10 : 0.2497    mrr@10 : 0.2091
Fri 13 Feb 2026 02:56:30 INFO  epoch 11 training [time: 30.09s, train loss: 3463.2781]
Fri 13 Feb 2026 02:56:32 INFO  epoch 11 evaluating [time: 2.07s, valid_score: 0.213000]
Fri 13 Feb 2026 02:56:32 INFO  valid result: 
hit@10 : 0.3793    ndcg@10 : 0.2521    mrr@10 : 0.213
Fri 13 Feb 2026 02:57:02 INFO  epoch 12 training [time: 30.06s, train loss: 3363.0170]
Fri 13 Feb 2026 02:57:04 INFO  epoch 12 evaluating [time: 2.02s, valid_score: 0.211800]
Fri 13 Feb 2026 02:57:04 INFO  valid result: 
hit@10 : 0.3747    ndcg@10 : 0.2502    mrr@10 : 0.2118
Fri 13 Feb 2026 02:57:04 INFO  Finished training, best eval result in epoch 1
Fri 13 Feb 2026 02:57:04 INFO  Loading model structure and parameters from saved\TimeWeaver-Feb-13-2026_02-49-59.pth
Fri 13 Feb 2026 02:57:07 INFO  The running environment of this training is as follows:
+-------------+----------------+
| Environment |     Usage      |
+=============+================+
| CPU         |     2.80 %     |
+-------------+----------------+
| GPU         | 0.44 G/6.00 G  |
+-------------+----------------+
| Memory      | 1.55 G/15.63 G |
+-------------+----------------+
Fri 13 Feb 2026 02:57:07 INFO  best valid : OrderedDict([('hit@10', 0.42), ('ndcg@10', 0.2773), ('mrr@10', 0.2327)])
Fri 13 Feb 2026 02:57:07 INFO  test result: OrderedDict([('hit@10', 0.358), ('ndcg@10', 0.223), ('mrr@10', 0.1816)])
