Thu 05 Mar 2026 09:36:27 INFO  ['F:\\桌面\\recommendation_system\\scripts\\run_grid.py', '--models', 'timeweaver', '--datasets', 'amazon-toys-5core-subset-full', '--timeweaver-variant', 'cont', '--seeds', '42,2023,2024', '--device', 'gpu', '--output', 'results/timeweaver_toys_ablation_full.json']
Thu 05 Mar 2026 09:36:27 INFO  
General Hyper Parameters:
gpu_id = 0
use_gpu = True
seed = 42
state = INFO
reproducibility = True
data_path = data/amazon\amazon-toys-5core-subset
checkpoint_dir = saved
show_progress = True
save_dataset = False
dataset_save_path = None
save_dataloaders = False
dataloaders_save_path = None
log_wandb = False

Training Hyper Parameters:
epochs = 100
train_batch_size = 256
learner = adam
learning_rate = 0.001
train_neg_sample_args = {'distribution': 'none', 'sample_num': 'none', 'alpha': 'none', 'dynamic': False, 'candidate_num': 0}
eval_step = 1
stopping_step = 10
clip_grad_norm = None
weight_decay = 0.0
loss_decimal_place = 4

Evaluation Hyper Parameters:
eval_args = {'split': {'LS': 'valid_and_test'}, 'order': 'TO', 'group_by': 'user', 'mode': {'valid': 'full', 'test': 'full'}}
repeatable = True
metrics = ['Hit', 'NDCG', 'MRR']
topk = [10]
valid_metric = Hit@10
valid_metric_bigger = True
eval_batch_size = 512
metric_decimal_place = 4

Dataset Hyper Parameters:
field_separator = 	
seq_separator =  
USER_ID_FIELD = user_id
ITEM_ID_FIELD = item_id
RATING_FIELD = rating
TIME_FIELD = timestamp
seq_len = None
LABEL_FIELD = label
threshold = None
NEG_PREFIX = neg_
load_col = {'inter': ['user_id', 'item_id', 'rating', 'timestamp']}
unload_col = None
unused_col = None
additional_feat_suffix = None
rm_dup_inter = None
val_interval = None
filter_inter_by_user_or_item = True
user_inter_num_interval = [0,inf)
item_inter_num_interval = [0,inf)
alias_of_user_id = None
alias_of_item_id = None
alias_of_entity_id = None
alias_of_relation_id = None
preload_weight = None
normalize_field = None
normalize_all = None
ITEM_LIST_LENGTH_FIELD = item_length
LIST_SUFFIX = _list
MAX_ITEM_LIST_LENGTH = 32
POSITION_FIELD = position_id
HEAD_ENTITY_ID_FIELD = head_id
TAIL_ENTITY_ID_FIELD = tail_id
RELATION_ID_FIELD = relation_id
ENTITY_ID_FIELD = entity_id
benchmark_filename = None

Other Hyper Parameters: 
worker = 0
wandb_project = recbole
shuffle = True
require_pow = False
enable_amp = False
enable_scaler = False
transform = None
numerical_features = []
discretization = None
kg_reverse_r = False
entity_kg_num_interval = [0,inf)
relation_kg_num_interval = [0,inf)
MODEL_TYPE = ModelType.SEQUENTIAL
model_name = TimeWeaver
hidden_size = 64
num_layers = 2
hidden_dropout_prob = 0.5
initializer_range = 0.02
time_bucket_size = 1000
ema_decay = 0.5
tcn_kernel_size = -1
ffn_hidden_size = 256
loss_type = CE
early_stop = 10
neg_sampling = None
device = cuda
use_continuous_time = True
use_time_gate = False
use_time_augmentation = False
MODEL_INPUT_TYPE = InputType.POINTWISE
eval_type = EvaluatorType.RANKING
single_spec = True
local_rank = 0
valid_neg_sample_args = {'distribution': 'uniform', 'sample_num': 'none'}
test_neg_sample_args = {'distribution': 'uniform', 'sample_num': 'none'}


Thu 05 Mar 2026 09:36:28 INFO  amazon-toys-5core-subset
The number of users: 19413
Average actions of users: 8.633680197815783
The number of items: 11925
Average actions of items: 14.055434417980543
The number of inters: 167597
The sparsity of the dataset: 99.92760389550713%
Remain Fields: ['user_id', 'item_id', 'rating', 'timestamp']
Thu 05 Mar 2026 09:36:30 INFO  [Training]: train_batch_size = [256] train_neg_sample_args: [{'distribution': 'none', 'sample_num': 'none', 'alpha': 'none', 'dynamic': False, 'candidate_num': 0}]
Thu 05 Mar 2026 09:36:30 INFO  [Evaluation]: eval_batch_size = [512] eval_args: [{'split': {'LS': 'valid_and_test'}, 'order': 'TO', 'group_by': 'user', 'mode': {'valid': 'full', 'test': 'full'}}]
Thu 05 Mar 2026 09:36:31 INFO  TimeWeaver(
  (item_embedding): Embedding(11925, 64, padding_idx=0)
  (time_aug): TimeAwareAugmentation(
    (pos_embedding): Embedding(32, 64)
    (time_embedder): ContinuousTimeEmbedding(
      (time2vec): Time2Vec()
    )
    (layer_norm): LayerNorm((64,), eps=1e-05, elementwise_affine=True)
    (drop): Dropout(p=0.5, inplace=False)
  )
  (context_layers): ModuleList(
    (0-1): 2 x TCNNextBlock(
      (dw): DepthwiseConv1d(
        (conv): Conv1d(64, 64, kernel_size=(11,), stride=(1,), padding=(5,), groups=64)
        (bn): BatchNorm1d(64, eps=1e-05, momentum=0.1, affine=True, track_running_stats=True)
        (drop): Dropout(p=0.5, inplace=False)
      )
      (norm1): LayerNorm((64,), eps=1e-05, elementwise_affine=True)
      (conv_inter): ParallelConvInter(
        (conv1): Conv1d(64, 64, kernel_size=(1,), stride=(1,))
        (conv3): Conv1d(64, 64, kernel_size=(3,), stride=(1,), padding=(1,))
        (proj): Conv1d(64, 64, kernel_size=(1,), stride=(1,))
        (drop): Dropout(p=0.5, inplace=False)
      )
      (norm2): LayerNorm((64,), eps=1e-05, elementwise_affine=True)
      (ffn): Sequential(
        (0): Linear(in_features=64, out_features=256, bias=True)
        (1): GELU(approximate='none')
        (2): Dropout(p=0.5, inplace=False)
        (3): Linear(in_features=256, out_features=64, bias=True)
        (4): Dropout(p=0.5, inplace=False)
      )
      (norm3): LayerNorm((64,), eps=1e-05, elementwise_affine=True)
    )
  )
  (dynamic_layers): ModuleList(
    (0-1): 2 x EMAStream(
      (proj): Linear(in_features=64, out_features=64, bias=True)
    )
  )
  (weavers): ModuleList(
    (0-1): 2 x StreamWeaver(
      (proj): Linear(in_features=128, out_features=64, bias=True)
      (norm): LayerNorm((64,), eps=1e-05, elementwise_affine=True)
    )
  )
  (loss_fct): CrossEntropyLoss()
)
Trainable parameters: 900673.0
Thu 05 Mar 2026 09:36:31 INFO  FLOPs: 4296704.0
Thu 05 Mar 2026 09:37:11 INFO  epoch 0 training [time: 38.67s, train loss: 3846.0989]
Thu 05 Mar 2026 09:37:12 INFO  epoch 0 evaluating [time: 0.48s, valid_score: 0.012500]
Thu 05 Mar 2026 09:37:12 INFO  valid result: 
hit@10 : 0.0125    ndcg@10 : 0.0065    mrr@10 : 0.0046
Thu 05 Mar 2026 09:37:12 INFO  Saving current: saved\TimeWeaver-Mar-05-2026_09-36-31.pth
Thu 05 Mar 2026 09:37:53 INFO  epoch 1 training [time: 41.11s, train loss: 3648.8624]
Thu 05 Mar 2026 09:37:53 INFO  epoch 1 evaluating [time: 0.47s, valid_score: 0.028500]
Thu 05 Mar 2026 09:37:53 INFO  valid result: 
hit@10 : 0.0285    ndcg@10 : 0.0141    mrr@10 : 0.0098
Thu 05 Mar 2026 09:37:53 INFO  Saving current: saved\TimeWeaver-Mar-05-2026_09-36-31.pth
Thu 05 Mar 2026 09:38:32 INFO  epoch 2 training [time: 38.44s, train loss: 3485.2314]
Thu 05 Mar 2026 09:38:32 INFO  epoch 2 evaluating [time: 0.47s, valid_score: 0.047000]
Thu 05 Mar 2026 09:38:32 INFO  valid result: 
hit@10 : 0.047    ndcg@10 : 0.0239    mrr@10 : 0.017
Thu 05 Mar 2026 09:38:32 INFO  Saving current: saved\TimeWeaver-Mar-05-2026_09-36-31.pth
Thu 05 Mar 2026 09:39:11 INFO  epoch 3 training [time: 38.51s, train loss: 3320.8689]
Thu 05 Mar 2026 09:39:11 INFO  epoch 3 evaluating [time: 0.47s, valid_score: 0.065200]
Thu 05 Mar 2026 09:39:11 INFO  valid result: 
hit@10 : 0.0652    ndcg@10 : 0.033    mrr@10 : 0.0232
Thu 05 Mar 2026 09:39:11 INFO  Saving current: saved\TimeWeaver-Mar-05-2026_09-36-31.pth
Thu 05 Mar 2026 09:39:50 INFO  epoch 4 training [time: 39.09s, train loss: 3187.5139]
Thu 05 Mar 2026 09:39:51 INFO  epoch 4 evaluating [time: 0.47s, valid_score: 0.081000]
Thu 05 Mar 2026 09:39:51 INFO  valid result: 
hit@10 : 0.081    ndcg@10 : 0.0405    mrr@10 : 0.0281
Thu 05 Mar 2026 09:39:51 INFO  Saving current: saved\TimeWeaver-Mar-05-2026_09-36-31.pth
Thu 05 Mar 2026 09:40:31 INFO  epoch 5 training [time: 39.91s, train loss: 3081.7457]
Thu 05 Mar 2026 09:40:31 INFO  epoch 5 evaluating [time: 0.46s, valid_score: 0.089100]
Thu 05 Mar 2026 09:40:31 INFO  valid result: 
hit@10 : 0.0891    ndcg@10 : 0.0452    mrr@10 : 0.0317
Thu 05 Mar 2026 09:40:31 INFO  Saving current: saved\TimeWeaver-Mar-05-2026_09-36-31.pth
Thu 05 Mar 2026 09:41:11 INFO  epoch 6 training [time: 39.20s, train loss: 2999.4051]
Thu 05 Mar 2026 09:41:11 INFO  epoch 6 evaluating [time: 0.50s, valid_score: 0.097100]
Thu 05 Mar 2026 09:41:11 INFO  valid result: 
hit@10 : 0.0971    ndcg@10 : 0.0484    mrr@10 : 0.0333
Thu 05 Mar 2026 09:41:11 INFO  Saving current: saved\TimeWeaver-Mar-05-2026_09-36-31.pth
Thu 05 Mar 2026 09:41:53 INFO  epoch 7 training [time: 41.96s, train loss: 2932.5129]
Thu 05 Mar 2026 09:41:54 INFO  epoch 7 evaluating [time: 0.46s, valid_score: 0.097300]
Thu 05 Mar 2026 09:41:54 INFO  valid result: 
hit@10 : 0.0973    ndcg@10 : 0.048    mrr@10 : 0.0328
Thu 05 Mar 2026 09:41:54 INFO  Saving current: saved\TimeWeaver-Mar-05-2026_09-36-31.pth
Thu 05 Mar 2026 09:42:33 INFO  epoch 8 training [time: 39.97s, train loss: 2881.4789]
Thu 05 Mar 2026 09:42:34 INFO  epoch 8 evaluating [time: 0.49s, valid_score: 0.100100]
Thu 05 Mar 2026 09:42:34 INFO  valid result: 
hit@10 : 0.1001    ndcg@10 : 0.0494    mrr@10 : 0.0337
Thu 05 Mar 2026 09:42:34 INFO  Saving current: saved\TimeWeaver-Mar-05-2026_09-36-31.pth
Thu 05 Mar 2026 09:43:14 INFO  epoch 9 training [time: 39.62s, train loss: 2836.8412]
Thu 05 Mar 2026 09:43:14 INFO  epoch 9 evaluating [time: 0.43s, valid_score: 0.101000]
Thu 05 Mar 2026 09:43:14 INFO  valid result: 
hit@10 : 0.101    ndcg@10 : 0.0502    mrr@10 : 0.0344
Thu 05 Mar 2026 09:43:14 INFO  Saving current: saved\TimeWeaver-Mar-05-2026_09-36-31.pth
Thu 05 Mar 2026 09:43:54 INFO  epoch 10 training [time: 39.75s, train loss: 2803.1210]
Thu 05 Mar 2026 09:43:54 INFO  epoch 10 evaluating [time: 0.52s, valid_score: 0.101500]
Thu 05 Mar 2026 09:43:54 INFO  valid result: 
hit@10 : 0.1015    ndcg@10 : 0.0503    mrr@10 : 0.0345
Thu 05 Mar 2026 09:43:54 INFO  Saving current: saved\TimeWeaver-Mar-05-2026_09-36-31.pth
Thu 05 Mar 2026 09:44:34 INFO  epoch 11 training [time: 39.51s, train loss: 2772.1754]
Thu 05 Mar 2026 09:44:34 INFO  epoch 11 evaluating [time: 0.50s, valid_score: 0.102800]
Thu 05 Mar 2026 09:44:34 INFO  valid result: 
hit@10 : 0.1028    ndcg@10 : 0.051    mrr@10 : 0.0349
Thu 05 Mar 2026 09:44:34 INFO  Saving current: saved\TimeWeaver-Mar-05-2026_09-36-31.pth
Thu 05 Mar 2026 09:45:14 INFO  epoch 12 training [time: 39.77s, train loss: 2744.7783]
Thu 05 Mar 2026 09:45:15 INFO  epoch 12 evaluating [time: 0.45s, valid_score: 0.104000]
Thu 05 Mar 2026 09:45:15 INFO  valid result: 
hit@10 : 0.104    ndcg@10 : 0.052    mrr@10 : 0.0359
Thu 05 Mar 2026 09:45:15 INFO  Saving current: saved\TimeWeaver-Mar-05-2026_09-36-31.pth
Thu 05 Mar 2026 09:45:57 INFO  epoch 13 training [time: 42.19s, train loss: 2721.9399]
Thu 05 Mar 2026 09:45:57 INFO  epoch 13 evaluating [time: 0.51s, valid_score: 0.103100]
Thu 05 Mar 2026 09:45:57 INFO  valid result: 
hit@10 : 0.1031    ndcg@10 : 0.0515    mrr@10 : 0.0356
Thu 05 Mar 2026 09:46:37 INFO  epoch 14 training [time: 39.70s, train loss: 2698.6941]
Thu 05 Mar 2026 09:46:38 INFO  epoch 14 evaluating [time: 0.49s, valid_score: 0.101600]
Thu 05 Mar 2026 09:46:38 INFO  valid result: 
hit@10 : 0.1016    ndcg@10 : 0.0512    mrr@10 : 0.0356
Thu 05 Mar 2026 09:47:18 INFO  epoch 15 training [time: 40.04s, train loss: 2678.2140]
Thu 05 Mar 2026 09:47:18 INFO  epoch 15 evaluating [time: 0.51s, valid_score: 0.103300]
Thu 05 Mar 2026 09:47:18 INFO  valid result: 
hit@10 : 0.1033    ndcg@10 : 0.0515    mrr@10 : 0.0356
Thu 05 Mar 2026 09:47:57 INFO  epoch 16 training [time: 39.27s, train loss: 2661.0573]
Thu 05 Mar 2026 09:47:58 INFO  epoch 16 evaluating [time: 0.51s, valid_score: 0.101600]
Thu 05 Mar 2026 09:47:58 INFO  valid result: 
hit@10 : 0.1016    ndcg@10 : 0.0513    mrr@10 : 0.0357
Thu 05 Mar 2026 09:48:37 INFO  epoch 17 training [time: 39.58s, train loss: 2644.2692]
Thu 05 Mar 2026 09:48:38 INFO  epoch 17 evaluating [time: 0.47s, valid_score: 0.103100]
Thu 05 Mar 2026 09:48:38 INFO  valid result: 
hit@10 : 0.1031    ndcg@10 : 0.0526    mrr@10 : 0.037
Thu 05 Mar 2026 09:49:18 INFO  epoch 18 training [time: 39.73s, train loss: 2626.4926]
Thu 05 Mar 2026 09:49:18 INFO  epoch 18 evaluating [time: 0.48s, valid_score: 0.103000]
Thu 05 Mar 2026 09:49:18 INFO  valid result: 
hit@10 : 0.103    ndcg@10 : 0.0523    mrr@10 : 0.0366
Thu 05 Mar 2026 09:49:59 INFO  epoch 19 training [time: 41.14s, train loss: 2611.7847]
Thu 05 Mar 2026 09:50:00 INFO  epoch 19 evaluating [time: 0.45s, valid_score: 0.102100]
Thu 05 Mar 2026 09:50:00 INFO  valid result: 
hit@10 : 0.1021    ndcg@10 : 0.0521    mrr@10 : 0.0366
Thu 05 Mar 2026 09:50:38 INFO  epoch 20 training [time: 38.42s, train loss: 2598.3069]
Thu 05 Mar 2026 09:50:39 INFO  epoch 20 evaluating [time: 0.48s, valid_score: 0.101600]
Thu 05 Mar 2026 09:50:39 INFO  valid result: 
hit@10 : 0.1016    ndcg@10 : 0.0519    mrr@10 : 0.0366
Thu 05 Mar 2026 09:51:17 INFO  epoch 21 training [time: 38.25s, train loss: 2587.1363]
Thu 05 Mar 2026 09:51:17 INFO  epoch 21 evaluating [time: 0.50s, valid_score: 0.100700]
Thu 05 Mar 2026 09:51:17 INFO  valid result: 
hit@10 : 0.1007    ndcg@10 : 0.0524    mrr@10 : 0.0375
Thu 05 Mar 2026 09:51:55 INFO  epoch 22 training [time: 38.05s, train loss: 2571.6492]
Thu 05 Mar 2026 09:51:56 INFO  epoch 22 evaluating [time: 0.51s, valid_score: 0.100100]
Thu 05 Mar 2026 09:51:56 INFO  valid result: 
hit@10 : 0.1001    ndcg@10 : 0.0512    mrr@10 : 0.0361
Thu 05 Mar 2026 09:52:35 INFO  epoch 23 training [time: 38.75s, train loss: 2555.0756]
Thu 05 Mar 2026 09:52:35 INFO  epoch 23 evaluating [time: 0.49s, valid_score: 0.100200]
Thu 05 Mar 2026 09:52:35 INFO  valid result: 
hit@10 : 0.1002    ndcg@10 : 0.0514    mrr@10 : 0.0363
Thu 05 Mar 2026 09:52:35 INFO  Finished training, best eval result in epoch 12
Thu 05 Mar 2026 09:52:35 INFO  Loading model structure and parameters from saved\TimeWeaver-Mar-05-2026_09-36-31.pth
Thu 05 Mar 2026 09:52:37 INFO  The running environment of this training is as follows:
+-------------+----------------+
| Environment |     Usage      |
+=============+================+
| CPU         |    14.40 %     |
+-------------+----------------+
| GPU         | 0.31 G/6.00 G  |
+-------------+----------------+
| Memory      | 1.49 G/15.63 G |
+-------------+----------------+
Thu 05 Mar 2026 09:52:37 INFO  best valid : OrderedDict([('hit@10', 0.104), ('ndcg@10', 0.052), ('mrr@10', 0.0359)])
Thu 05 Mar 2026 09:52:37 INFO  test result: OrderedDict([('hit@10', 0.0842), ('ndcg@10', 0.0428), ('mrr@10', 0.0299)])
Thu 05 Mar 2026 09:52:37 WARNING  command line args [--models timeweaver --datasets amazon-toys-5core-subset-full --timeweaver-variant cont --seeds 42,2023,2024 --device gpu --output results/timeweaver_toys_ablation_full.json] will not be used in RecBole
Thu 05 Mar 2026 09:52:37 INFO  ['F:\\桌面\\recommendation_system\\scripts\\run_grid.py', '--models', 'timeweaver', '--datasets', 'amazon-toys-5core-subset-full', '--timeweaver-variant', 'cont', '--seeds', '42,2023,2024', '--device', 'gpu', '--output', 'results/timeweaver_toys_ablation_full.json']
Thu 05 Mar 2026 09:52:37 INFO  
General Hyper Parameters:
gpu_id = 0
use_gpu = True
seed = 2023
state = INFO
reproducibility = True
data_path = data/amazon\amazon-toys-5core-subset
checkpoint_dir = saved
show_progress = True
save_dataset = False
dataset_save_path = None
save_dataloaders = False
dataloaders_save_path = None
log_wandb = False

Training Hyper Parameters:
epochs = 100
train_batch_size = 256
learner = adam
learning_rate = 0.001
train_neg_sample_args = {'distribution': 'none', 'sample_num': 'none', 'alpha': 'none', 'dynamic': False, 'candidate_num': 0}
eval_step = 1
stopping_step = 10
clip_grad_norm = None
weight_decay = 0.0
loss_decimal_place = 4

Evaluation Hyper Parameters:
eval_args = {'split': {'LS': 'valid_and_test'}, 'order': 'TO', 'group_by': 'user', 'mode': {'valid': 'full', 'test': 'full'}}
repeatable = True
metrics = ['Hit', 'NDCG', 'MRR']
topk = [10]
valid_metric = Hit@10
valid_metric_bigger = True
eval_batch_size = 512
metric_decimal_place = 4

Dataset Hyper Parameters:
field_separator = 	
seq_separator =  
USER_ID_FIELD = user_id
ITEM_ID_FIELD = item_id
RATING_FIELD = rating
TIME_FIELD = timestamp
seq_len = None
LABEL_FIELD = label
threshold = None
NEG_PREFIX = neg_
load_col = {'inter': ['user_id', 'item_id', 'rating', 'timestamp']}
unload_col = None
unused_col = None
additional_feat_suffix = None
rm_dup_inter = None
val_interval = None
filter_inter_by_user_or_item = True
user_inter_num_interval = [0,inf)
item_inter_num_interval = [0,inf)
alias_of_user_id = None
alias_of_item_id = None
alias_of_entity_id = None
alias_of_relation_id = None
preload_weight = None
normalize_field = None
normalize_all = None
ITEM_LIST_LENGTH_FIELD = item_length
LIST_SUFFIX = _list
MAX_ITEM_LIST_LENGTH = 32
POSITION_FIELD = position_id
HEAD_ENTITY_ID_FIELD = head_id
TAIL_ENTITY_ID_FIELD = tail_id
RELATION_ID_FIELD = relation_id
ENTITY_ID_FIELD = entity_id
benchmark_filename = None

Other Hyper Parameters: 
worker = 0
wandb_project = recbole
shuffle = True
require_pow = False
enable_amp = False
enable_scaler = False
transform = None
numerical_features = []
discretization = None
kg_reverse_r = False
entity_kg_num_interval = [0,inf)
relation_kg_num_interval = [0,inf)
MODEL_TYPE = ModelType.SEQUENTIAL
model_name = TimeWeaver
hidden_size = 64
num_layers = 2
hidden_dropout_prob = 0.5
initializer_range = 0.02
time_bucket_size = 1000
ema_decay = 0.5
tcn_kernel_size = -1
ffn_hidden_size = 256
loss_type = CE
early_stop = 10
neg_sampling = None
device = cuda
use_continuous_time = True
use_time_gate = False
use_time_augmentation = False
MODEL_INPUT_TYPE = InputType.POINTWISE
eval_type = EvaluatorType.RANKING
single_spec = True
local_rank = 0
valid_neg_sample_args = {'distribution': 'uniform', 'sample_num': 'none'}
test_neg_sample_args = {'distribution': 'uniform', 'sample_num': 'none'}


Thu 05 Mar 2026 09:52:37 INFO  amazon-toys-5core-subset
The number of users: 19413
Average actions of users: 8.633680197815783
The number of items: 11925
Average actions of items: 14.055434417980543
The number of inters: 167597
The sparsity of the dataset: 99.92760389550713%
Remain Fields: ['user_id', 'item_id', 'rating', 'timestamp']
Thu 05 Mar 2026 09:52:40 INFO  [Training]: train_batch_size = [256] train_neg_sample_args: [{'distribution': 'none', 'sample_num': 'none', 'alpha': 'none', 'dynamic': False, 'candidate_num': 0}]
Thu 05 Mar 2026 09:52:40 INFO  [Evaluation]: eval_batch_size = [512] eval_args: [{'split': {'LS': 'valid_and_test'}, 'order': 'TO', 'group_by': 'user', 'mode': {'valid': 'full', 'test': 'full'}}]
Thu 05 Mar 2026 09:52:40 INFO  TimeWeaver(
  (item_embedding): Embedding(11925, 64, padding_idx=0)
  (time_aug): TimeAwareAugmentation(
    (pos_embedding): Embedding(32, 64)
    (time_embedder): ContinuousTimeEmbedding(
      (time2vec): Time2Vec()
    )
    (layer_norm): LayerNorm((64,), eps=1e-05, elementwise_affine=True)
    (drop): Dropout(p=0.5, inplace=False)
  )
  (context_layers): ModuleList(
    (0-1): 2 x TCNNextBlock(
      (dw): DepthwiseConv1d(
        (conv): Conv1d(64, 64, kernel_size=(11,), stride=(1,), padding=(5,), groups=64)
        (bn): BatchNorm1d(64, eps=1e-05, momentum=0.1, affine=True, track_running_stats=True)
        (drop): Dropout(p=0.5, inplace=False)
      )
      (norm1): LayerNorm((64,), eps=1e-05, elementwise_affine=True)
      (conv_inter): ParallelConvInter(
        (conv1): Conv1d(64, 64, kernel_size=(1,), stride=(1,))
        (conv3): Conv1d(64, 64, kernel_size=(3,), stride=(1,), padding=(1,))
        (proj): Conv1d(64, 64, kernel_size=(1,), stride=(1,))
        (drop): Dropout(p=0.5, inplace=False)
      )
      (norm2): LayerNorm((64,), eps=1e-05, elementwise_affine=True)
      (ffn): Sequential(
        (0): Linear(in_features=64, out_features=256, bias=True)
        (1): GELU(approximate='none')
        (2): Dropout(p=0.5, inplace=False)
        (3): Linear(in_features=256, out_features=64, bias=True)
        (4): Dropout(p=0.5, inplace=False)
      )
      (norm3): LayerNorm((64,), eps=1e-05, elementwise_affine=True)
    )
  )
  (dynamic_layers): ModuleList(
    (0-1): 2 x EMAStream(
      (proj): Linear(in_features=64, out_features=64, bias=True)
    )
  )
  (weavers): ModuleList(
    (0-1): 2 x StreamWeaver(
      (proj): Linear(in_features=128, out_features=64, bias=True)
      (norm): LayerNorm((64,), eps=1e-05, elementwise_affine=True)
    )
  )
  (loss_fct): CrossEntropyLoss()
)
Trainable parameters: 900673.0
Thu 05 Mar 2026 09:52:40 INFO  FLOPs: 4296704.0
Thu 05 Mar 2026 09:53:20 INFO  epoch 0 training [time: 39.83s, train loss: 3843.5966]
Thu 05 Mar 2026 09:53:20 INFO  epoch 0 evaluating [time: 0.51s, valid_score: 0.014700]
Thu 05 Mar 2026 09:53:20 INFO  valid result: 
hit@10 : 0.0147    ndcg@10 : 0.0073    mrr@10 : 0.005
Thu 05 Mar 2026 09:53:20 INFO  Saving current: saved\TimeWeaver-Mar-05-2026_09-52-40.pth
Thu 05 Mar 2026 09:54:01 INFO  epoch 1 training [time: 40.50s, train loss: 3642.1590]
Thu 05 Mar 2026 09:54:01 INFO  epoch 1 evaluating [time: 0.49s, valid_score: 0.025300]
Thu 05 Mar 2026 09:54:01 INFO  valid result: 
hit@10 : 0.0253    ndcg@10 : 0.0129    mrr@10 : 0.0091
Thu 05 Mar 2026 09:54:01 INFO  Saving current: saved\TimeWeaver-Mar-05-2026_09-52-40.pth
Thu 05 Mar 2026 09:54:40 INFO  epoch 2 training [time: 38.76s, train loss: 3475.5997]
Thu 05 Mar 2026 09:54:41 INFO  epoch 2 evaluating [time: 0.50s, valid_score: 0.043100]
Thu 05 Mar 2026 09:54:41 INFO  valid result: 
hit@10 : 0.0431    ndcg@10 : 0.0226    mrr@10 : 0.0164
Thu 05 Mar 2026 09:54:41 INFO  Saving current: saved\TimeWeaver-Mar-05-2026_09-52-40.pth
Thu 05 Mar 2026 09:55:19 INFO  epoch 3 training [time: 38.74s, train loss: 3311.2856]
Thu 05 Mar 2026 09:55:20 INFO  epoch 3 evaluating [time: 0.48s, valid_score: 0.064800]
Thu 05 Mar 2026 09:55:20 INFO  valid result: 
hit@10 : 0.0648    ndcg@10 : 0.0336    mrr@10 : 0.0241
Thu 05 Mar 2026 09:55:20 INFO  Saving current: saved\TimeWeaver-Mar-05-2026_09-52-40.pth
Thu 05 Mar 2026 09:55:58 INFO  epoch 4 training [time: 38.20s, train loss: 3177.2501]
Thu 05 Mar 2026 09:55:59 INFO  epoch 4 evaluating [time: 0.51s, valid_score: 0.080300]
Thu 05 Mar 2026 09:55:59 INFO  valid result: 
hit@10 : 0.0803    ndcg@10 : 0.0401    mrr@10 : 0.0278
Thu 05 Mar 2026 09:55:59 INFO  Saving current: saved\TimeWeaver-Mar-05-2026_09-52-40.pth
Thu 05 Mar 2026 09:56:37 INFO  epoch 5 training [time: 38.88s, train loss: 3072.3784]
Thu 05 Mar 2026 09:56:38 INFO  epoch 5 evaluating [time: 0.50s, valid_score: 0.089200]
Thu 05 Mar 2026 09:56:38 INFO  valid result: 
hit@10 : 0.0892    ndcg@10 : 0.0442    mrr@10 : 0.0303
Thu 05 Mar 2026 09:56:38 INFO  Saving current: saved\TimeWeaver-Mar-05-2026_09-52-40.pth
Thu 05 Mar 2026 09:57:17 INFO  epoch 6 training [time: 38.67s, train loss: 2990.0913]
Thu 05 Mar 2026 09:57:17 INFO  epoch 6 evaluating [time: 0.52s, valid_score: 0.092900]
Thu 05 Mar 2026 09:57:17 INFO  valid result: 
hit@10 : 0.0929    ndcg@10 : 0.0466    mrr@10 : 0.0323
Thu 05 Mar 2026 09:57:17 INFO  Saving current: saved\TimeWeaver-Mar-05-2026_09-52-40.pth
Thu 05 Mar 2026 09:57:58 INFO  epoch 7 training [time: 40.71s, train loss: 2927.4729]
Thu 05 Mar 2026 09:57:58 INFO  epoch 7 evaluating [time: 0.48s, valid_score: 0.097300]
Thu 05 Mar 2026 09:57:58 INFO  valid result: 
hit@10 : 0.0973    ndcg@10 : 0.0479    mrr@10 : 0.0327
Thu 05 Mar 2026 09:57:58 INFO  Saving current: saved\TimeWeaver-Mar-05-2026_09-52-40.pth
Thu 05 Mar 2026 09:58:37 INFO  epoch 8 training [time: 38.97s, train loss: 2876.3074]
Thu 05 Mar 2026 09:58:38 INFO  epoch 8 evaluating [time: 0.51s, valid_score: 0.098500]
Thu 05 Mar 2026 09:58:38 INFO  valid result: 
hit@10 : 0.0985    ndcg@10 : 0.049    mrr@10 : 0.0337
Thu 05 Mar 2026 09:58:38 INFO  Saving current: saved\TimeWeaver-Mar-05-2026_09-52-40.pth
Thu 05 Mar 2026 09:59:17 INFO  epoch 9 training [time: 38.80s, train loss: 2834.0382]
Thu 05 Mar 2026 09:59:17 INFO  epoch 9 evaluating [time: 0.46s, valid_score: 0.099300]
Thu 05 Mar 2026 09:59:17 INFO  valid result: 
hit@10 : 0.0993    ndcg@10 : 0.0496    mrr@10 : 0.0342
Thu 05 Mar 2026 09:59:17 INFO  Saving current: saved\TimeWeaver-Mar-05-2026_09-52-40.pth
Thu 05 Mar 2026 09:59:55 INFO  epoch 10 training [time: 38.20s, train loss: 2800.4791]
Thu 05 Mar 2026 09:59:56 INFO  epoch 10 evaluating [time: 0.51s, valid_score: 0.100600]
Thu 05 Mar 2026 09:59:56 INFO  valid result: 
hit@10 : 0.1006    ndcg@10 : 0.0502    mrr@10 : 0.0346
Thu 05 Mar 2026 09:59:56 INFO  Saving current: saved\TimeWeaver-Mar-05-2026_09-52-40.pth
Thu 05 Mar 2026 10:00:35 INFO  epoch 11 training [time: 38.94s, train loss: 2765.9399]
Thu 05 Mar 2026 10:00:35 INFO  epoch 11 evaluating [time: 0.46s, valid_score: 0.101500]
Thu 05 Mar 2026 10:00:35 INFO  valid result: 
hit@10 : 0.1015    ndcg@10 : 0.0498    mrr@10 : 0.0338
Thu 05 Mar 2026 10:00:35 INFO  Saving current: saved\TimeWeaver-Mar-05-2026_09-52-40.pth
Thu 05 Mar 2026 10:01:14 INFO  epoch 12 training [time: 38.43s, train loss: 2740.1293]
Thu 05 Mar 2026 10:01:14 INFO  epoch 12 evaluating [time: 0.50s, valid_score: 0.102100]
Thu 05 Mar 2026 10:01:14 INFO  valid result: 
hit@10 : 0.1021    ndcg@10 : 0.0504    mrr@10 : 0.0344
Thu 05 Mar 2026 10:01:14 INFO  Saving current: saved\TimeWeaver-Mar-05-2026_09-52-40.pth
Thu 05 Mar 2026 10:01:55 INFO  epoch 13 training [time: 40.68s, train loss: 2715.2282]
Thu 05 Mar 2026 10:01:55 INFO  epoch 13 evaluating [time: 0.50s, valid_score: 0.101300]
Thu 05 Mar 2026 10:01:55 INFO  valid result: 
hit@10 : 0.1013    ndcg@10 : 0.0505    mrr@10 : 0.0348
Thu 05 Mar 2026 10:02:35 INFO  epoch 14 training [time: 39.25s, train loss: 2693.3201]
Thu 05 Mar 2026 10:02:35 INFO  epoch 14 evaluating [time: 0.49s, valid_score: 0.100700]
Thu 05 Mar 2026 10:02:35 INFO  valid result: 
hit@10 : 0.1007    ndcg@10 : 0.0511    mrr@10 : 0.0357
Thu 05 Mar 2026 10:03:14 INFO  epoch 15 training [time: 38.40s, train loss: 2675.3547]
Thu 05 Mar 2026 10:03:14 INFO  epoch 15 evaluating [time: 0.45s, valid_score: 0.101700]
Thu 05 Mar 2026 10:03:14 INFO  valid result: 
hit@10 : 0.1017    ndcg@10 : 0.0514    mrr@10 : 0.0359
Thu 05 Mar 2026 10:03:52 INFO  epoch 16 training [time: 38.21s, train loss: 2654.4279]
Thu 05 Mar 2026 10:03:53 INFO  epoch 16 evaluating [time: 0.50s, valid_score: 0.099300]
Thu 05 Mar 2026 10:03:53 INFO  valid result: 
hit@10 : 0.0993    ndcg@10 : 0.0507    mrr@10 : 0.0357
Thu 05 Mar 2026 10:04:32 INFO  epoch 17 training [time: 39.07s, train loss: 2633.9779]
Thu 05 Mar 2026 10:04:32 INFO  epoch 17 evaluating [time: 0.51s, valid_score: 0.100300]
Thu 05 Mar 2026 10:04:32 INFO  valid result: 
hit@10 : 0.1003    ndcg@10 : 0.0515    mrr@10 : 0.0365
Thu 05 Mar 2026 10:05:11 INFO  epoch 18 training [time: 38.65s, train loss: 2622.0620]
Thu 05 Mar 2026 10:05:12 INFO  epoch 18 evaluating [time: 0.51s, valid_score: 0.100800]
Thu 05 Mar 2026 10:05:12 INFO  valid result: 
hit@10 : 0.1008    ndcg@10 : 0.0509    mrr@10 : 0.0356
Thu 05 Mar 2026 10:05:53 INFO  epoch 19 training [time: 41.11s, train loss: 2605.1877]
Thu 05 Mar 2026 10:05:53 INFO  epoch 19 evaluating [time: 0.52s, valid_score: 0.099300]
Thu 05 Mar 2026 10:05:53 INFO  valid result: 
hit@10 : 0.0993    ndcg@10 : 0.0511    mrr@10 : 0.0363
Thu 05 Mar 2026 10:06:32 INFO  epoch 20 training [time: 38.69s, train loss: 2588.5975]
Thu 05 Mar 2026 10:06:32 INFO  epoch 20 evaluating [time: 0.48s, valid_score: 0.100100]
Thu 05 Mar 2026 10:06:32 INFO  valid result: 
hit@10 : 0.1001    ndcg@10 : 0.0518    mrr@10 : 0.0369
Thu 05 Mar 2026 10:07:11 INFO  epoch 21 training [time: 38.26s, train loss: 2577.5505]
Thu 05 Mar 2026 10:07:11 INFO  epoch 21 evaluating [time: 0.52s, valid_score: 0.096000]
Thu 05 Mar 2026 10:07:11 INFO  valid result: 
hit@10 : 0.096    ndcg@10 : 0.0502    mrr@10 : 0.0361
Thu 05 Mar 2026 10:07:49 INFO  epoch 22 training [time: 37.81s, train loss: 2561.9406]
Thu 05 Mar 2026 10:07:49 INFO  epoch 22 evaluating [time: 0.44s, valid_score: 0.096100]
Thu 05 Mar 2026 10:07:49 INFO  valid result: 
hit@10 : 0.0961    ndcg@10 : 0.0505    mrr@10 : 0.0364
Thu 05 Mar 2026 10:08:28 INFO  epoch 23 training [time: 38.64s, train loss: 2548.2731]
Thu 05 Mar 2026 10:08:29 INFO  epoch 23 evaluating [time: 0.49s, valid_score: 0.095900]
Thu 05 Mar 2026 10:08:29 INFO  valid result: 
hit@10 : 0.0959    ndcg@10 : 0.0506    mrr@10 : 0.0367
Thu 05 Mar 2026 10:08:29 INFO  Finished training, best eval result in epoch 12
Thu 05 Mar 2026 10:08:29 INFO  Loading model structure and parameters from saved\TimeWeaver-Mar-05-2026_09-52-40.pth
Thu 05 Mar 2026 10:08:30 INFO  The running environment of this training is as follows:
+-------------+----------------+
| Environment |     Usage      |
+=============+================+
| CPU         |     7.40 %     |
+-------------+----------------+
| GPU         | 0.31 G/6.00 G  |
+-------------+----------------+
| Memory      | 1.51 G/15.63 G |
+-------------+----------------+
Thu 05 Mar 2026 10:08:30 INFO  best valid : OrderedDict([('hit@10', 0.1021), ('ndcg@10', 0.0504), ('mrr@10', 0.0344)])
Thu 05 Mar 2026 10:08:30 INFO  test result: OrderedDict([('hit@10', 0.0853), ('ndcg@10', 0.0426), ('mrr@10', 0.0295)])
Thu 05 Mar 2026 10:08:30 WARNING  command line args [--models timeweaver --datasets amazon-toys-5core-subset-full --timeweaver-variant cont --seeds 42,2023,2024 --device gpu --output results/timeweaver_toys_ablation_full.json] will not be used in RecBole
Thu 05 Mar 2026 10:08:30 INFO  ['F:\\桌面\\recommendation_system\\scripts\\run_grid.py', '--models', 'timeweaver', '--datasets', 'amazon-toys-5core-subset-full', '--timeweaver-variant', 'cont', '--seeds', '42,2023,2024', '--device', 'gpu', '--output', 'results/timeweaver_toys_ablation_full.json']
Thu 05 Mar 2026 10:08:30 INFO  
General Hyper Parameters:
gpu_id = 0
use_gpu = True
seed = 2024
state = INFO
reproducibility = True
data_path = data/amazon\amazon-toys-5core-subset
checkpoint_dir = saved
show_progress = True
save_dataset = False
dataset_save_path = None
save_dataloaders = False
dataloaders_save_path = None
log_wandb = False

Training Hyper Parameters:
epochs = 100
train_batch_size = 256
learner = adam
learning_rate = 0.001
train_neg_sample_args = {'distribution': 'none', 'sample_num': 'none', 'alpha': 'none', 'dynamic': False, 'candidate_num': 0}
eval_step = 1
stopping_step = 10
clip_grad_norm = None
weight_decay = 0.0
loss_decimal_place = 4

Evaluation Hyper Parameters:
eval_args = {'split': {'LS': 'valid_and_test'}, 'order': 'TO', 'group_by': 'user', 'mode': {'valid': 'full', 'test': 'full'}}
repeatable = True
metrics = ['Hit', 'NDCG', 'MRR']
topk = [10]
valid_metric = Hit@10
valid_metric_bigger = True
eval_batch_size = 512
metric_decimal_place = 4

Dataset Hyper Parameters:
field_separator = 	
seq_separator =  
USER_ID_FIELD = user_id
ITEM_ID_FIELD = item_id
RATING_FIELD = rating
TIME_FIELD = timestamp
seq_len = None
LABEL_FIELD = label
threshold = None
NEG_PREFIX = neg_
load_col = {'inter': ['user_id', 'item_id', 'rating', 'timestamp']}
unload_col = None
unused_col = None
additional_feat_suffix = None
rm_dup_inter = None
val_interval = None
filter_inter_by_user_or_item = True
user_inter_num_interval = [0,inf)
item_inter_num_interval = [0,inf)
alias_of_user_id = None
alias_of_item_id = None
alias_of_entity_id = None
alias_of_relation_id = None
preload_weight = None
normalize_field = None
normalize_all = None
ITEM_LIST_LENGTH_FIELD = item_length
LIST_SUFFIX = _list
MAX_ITEM_LIST_LENGTH = 32
POSITION_FIELD = position_id
HEAD_ENTITY_ID_FIELD = head_id
TAIL_ENTITY_ID_FIELD = tail_id
RELATION_ID_FIELD = relation_id
ENTITY_ID_FIELD = entity_id
benchmark_filename = None

Other Hyper Parameters: 
worker = 0
wandb_project = recbole
shuffle = True
require_pow = False
enable_amp = False
enable_scaler = False
transform = None
numerical_features = []
discretization = None
kg_reverse_r = False
entity_kg_num_interval = [0,inf)
relation_kg_num_interval = [0,inf)
MODEL_TYPE = ModelType.SEQUENTIAL
model_name = TimeWeaver
hidden_size = 64
num_layers = 2
hidden_dropout_prob = 0.5
initializer_range = 0.02
time_bucket_size = 1000
ema_decay = 0.5
tcn_kernel_size = -1
ffn_hidden_size = 256
loss_type = CE
early_stop = 10
neg_sampling = None
device = cuda
use_continuous_time = True
use_time_gate = False
use_time_augmentation = False
MODEL_INPUT_TYPE = InputType.POINTWISE
eval_type = EvaluatorType.RANKING
single_spec = True
local_rank = 0
valid_neg_sample_args = {'distribution': 'uniform', 'sample_num': 'none'}
test_neg_sample_args = {'distribution': 'uniform', 'sample_num': 'none'}


Thu 05 Mar 2026 10:08:31 INFO  amazon-toys-5core-subset
The number of users: 19413
Average actions of users: 8.633680197815783
The number of items: 11925
Average actions of items: 14.055434417980543
The number of inters: 167597
The sparsity of the dataset: 99.92760389550713%
Remain Fields: ['user_id', 'item_id', 'rating', 'timestamp']
Thu 05 Mar 2026 10:08:33 INFO  [Training]: train_batch_size = [256] train_neg_sample_args: [{'distribution': 'none', 'sample_num': 'none', 'alpha': 'none', 'dynamic': False, 'candidate_num': 0}]
Thu 05 Mar 2026 10:08:33 INFO  [Evaluation]: eval_batch_size = [512] eval_args: [{'split': {'LS': 'valid_and_test'}, 'order': 'TO', 'group_by': 'user', 'mode': {'valid': 'full', 'test': 'full'}}]
Thu 05 Mar 2026 10:08:33 INFO  TimeWeaver(
  (item_embedding): Embedding(11925, 64, padding_idx=0)
  (time_aug): TimeAwareAugmentation(
    (pos_embedding): Embedding(32, 64)
    (time_embedder): ContinuousTimeEmbedding(
      (time2vec): Time2Vec()
    )
    (layer_norm): LayerNorm((64,), eps=1e-05, elementwise_affine=True)
    (drop): Dropout(p=0.5, inplace=False)
  )
  (context_layers): ModuleList(
    (0-1): 2 x TCNNextBlock(
      (dw): DepthwiseConv1d(
        (conv): Conv1d(64, 64, kernel_size=(11,), stride=(1,), padding=(5,), groups=64)
        (bn): BatchNorm1d(64, eps=1e-05, momentum=0.1, affine=True, track_running_stats=True)
        (drop): Dropout(p=0.5, inplace=False)
      )
      (norm1): LayerNorm((64,), eps=1e-05, elementwise_affine=True)
      (conv_inter): ParallelConvInter(
        (conv1): Conv1d(64, 64, kernel_size=(1,), stride=(1,))
        (conv3): Conv1d(64, 64, kernel_size=(3,), stride=(1,), padding=(1,))
        (proj): Conv1d(64, 64, kernel_size=(1,), stride=(1,))
        (drop): Dropout(p=0.5, inplace=False)
      )
      (norm2): LayerNorm((64,), eps=1e-05, elementwise_affine=True)
      (ffn): Sequential(
        (0): Linear(in_features=64, out_features=256, bias=True)
        (1): GELU(approximate='none')
        (2): Dropout(p=0.5, inplace=False)
        (3): Linear(in_features=256, out_features=64, bias=True)
        (4): Dropout(p=0.5, inplace=False)
      )
      (norm3): LayerNorm((64,), eps=1e-05, elementwise_affine=True)
    )
  )
  (dynamic_layers): ModuleList(
    (0-1): 2 x EMAStream(
      (proj): Linear(in_features=64, out_features=64, bias=True)
    )
  )
  (weavers): ModuleList(
    (0-1): 2 x StreamWeaver(
      (proj): Linear(in_features=128, out_features=64, bias=True)
      (norm): LayerNorm((64,), eps=1e-05, elementwise_affine=True)
    )
  )
  (loss_fct): CrossEntropyLoss()
)
Trainable parameters: 900673.0
Thu 05 Mar 2026 10:08:33 INFO  FLOPs: 4296704.0
Thu 05 Mar 2026 10:09:13 INFO  epoch 0 training [time: 39.41s, train loss: 3839.0403]
Thu 05 Mar 2026 10:09:13 INFO  epoch 0 evaluating [time: 0.48s, valid_score: 0.015500]
Thu 05 Mar 2026 10:09:13 INFO  valid result: 
hit@10 : 0.0155    ndcg@10 : 0.0078    mrr@10 : 0.0055
Thu 05 Mar 2026 10:09:13 INFO  Saving current: saved\TimeWeaver-Mar-05-2026_10-08-33.pth
Thu 05 Mar 2026 10:09:55 INFO  epoch 1 training [time: 41.69s, train loss: 3637.4077]
Thu 05 Mar 2026 10:09:55 INFO  epoch 1 evaluating [time: 0.49s, valid_score: 0.031100]
Thu 05 Mar 2026 10:09:55 INFO  valid result: 
hit@10 : 0.0311    ndcg@10 : 0.0154    mrr@10 : 0.0108
Thu 05 Mar 2026 10:09:55 INFO  Saving current: saved\TimeWeaver-Mar-05-2026_10-08-33.pth
Thu 05 Mar 2026 10:10:34 INFO  epoch 2 training [time: 38.99s, train loss: 3464.7466]
Thu 05 Mar 2026 10:10:35 INFO  epoch 2 evaluating [time: 0.51s, valid_score: 0.047900]
Thu 05 Mar 2026 10:10:35 INFO  valid result: 
hit@10 : 0.0479    ndcg@10 : 0.0241    mrr@10 : 0.0169
Thu 05 Mar 2026 10:10:35 INFO  Saving current: saved\TimeWeaver-Mar-05-2026_10-08-33.pth
Thu 05 Mar 2026 10:11:14 INFO  epoch 3 training [time: 38.73s, train loss: 3310.5037]
Thu 05 Mar 2026 10:11:14 INFO  epoch 3 evaluating [time: 0.49s, valid_score: 0.067300]
Thu 05 Mar 2026 10:11:14 INFO  valid result: 
hit@10 : 0.0673    ndcg@10 : 0.0344    mrr@10 : 0.0244
Thu 05 Mar 2026 10:11:14 INFO  Saving current: saved\TimeWeaver-Mar-05-2026_10-08-33.pth
Thu 05 Mar 2026 10:11:52 INFO  epoch 4 training [time: 38.22s, train loss: 3176.8427]
Thu 05 Mar 2026 10:11:53 INFO  epoch 4 evaluating [time: 0.50s, valid_score: 0.081000]
Thu 05 Mar 2026 10:11:53 INFO  valid result: 
hit@10 : 0.081    ndcg@10 : 0.0412    mrr@10 : 0.029
Thu 05 Mar 2026 10:11:53 INFO  Saving current: saved\TimeWeaver-Mar-05-2026_10-08-33.pth
Thu 05 Mar 2026 10:12:32 INFO  epoch 5 training [time: 38.73s, train loss: 3073.2461]
Thu 05 Mar 2026 10:12:32 INFO  epoch 5 evaluating [time: 0.49s, valid_score: 0.089600]
Thu 05 Mar 2026 10:12:32 INFO  valid result: 
hit@10 : 0.0896    ndcg@10 : 0.0444    mrr@10 : 0.0305
Thu 05 Mar 2026 10:12:32 INFO  Saving current: saved\TimeWeaver-Mar-05-2026_10-08-33.pth
Thu 05 Mar 2026 10:13:11 INFO  epoch 6 training [time: 38.86s, train loss: 2992.4224]
Thu 05 Mar 2026 10:13:11 INFO  epoch 6 evaluating [time: 0.49s, valid_score: 0.095600]
Thu 05 Mar 2026 10:13:11 INFO  valid result: 
hit@10 : 0.0956    ndcg@10 : 0.0476    mrr@10 : 0.0328
Thu 05 Mar 2026 10:13:11 INFO  Saving current: saved\TimeWeaver-Mar-05-2026_10-08-33.pth
Thu 05 Mar 2026 10:13:53 INFO  epoch 7 training [time: 41.38s, train loss: 2927.9664]
Thu 05 Mar 2026 10:13:53 INFO  epoch 7 evaluating [time: 0.52s, valid_score: 0.098500]
Thu 05 Mar 2026 10:13:53 INFO  valid result: 
hit@10 : 0.0985    ndcg@10 : 0.0486    mrr@10 : 0.0333
Thu 05 Mar 2026 10:13:53 INFO  Saving current: saved\TimeWeaver-Mar-05-2026_10-08-33.pth
Thu 05 Mar 2026 10:14:33 INFO  epoch 8 training [time: 39.14s, train loss: 2880.6400]
Thu 05 Mar 2026 10:14:33 INFO  epoch 8 evaluating [time: 0.48s, valid_score: 0.099400]
Thu 05 Mar 2026 10:14:33 INFO  valid result: 
hit@10 : 0.0994    ndcg@10 : 0.0491    mrr@10 : 0.0336
Thu 05 Mar 2026 10:14:33 INFO  Saving current: saved\TimeWeaver-Mar-05-2026_10-08-33.pth
Thu 05 Mar 2026 10:15:12 INFO  epoch 9 training [time: 38.86s, train loss: 2838.9688]
Thu 05 Mar 2026 10:15:12 INFO  epoch 9 evaluating [time: 0.51s, valid_score: 0.099700]
Thu 05 Mar 2026 10:15:12 INFO  valid result: 
hit@10 : 0.0997    ndcg@10 : 0.0492    mrr@10 : 0.0336
Thu 05 Mar 2026 10:15:12 INFO  Saving current: saved\TimeWeaver-Mar-05-2026_10-08-33.pth
Thu 05 Mar 2026 10:15:51 INFO  epoch 10 training [time: 38.21s, train loss: 2803.3005]
Thu 05 Mar 2026 10:15:51 INFO  epoch 10 evaluating [time: 0.50s, valid_score: 0.099800]
Thu 05 Mar 2026 10:15:51 INFO  valid result: 
hit@10 : 0.0998    ndcg@10 : 0.0495    mrr@10 : 0.0339
Thu 05 Mar 2026 10:15:51 INFO  Saving current: saved\TimeWeaver-Mar-05-2026_10-08-33.pth
Thu 05 Mar 2026 10:16:30 INFO  epoch 11 training [time: 38.91s, train loss: 2772.2150]
Thu 05 Mar 2026 10:16:31 INFO  epoch 11 evaluating [time: 0.48s, valid_score: 0.100600]
Thu 05 Mar 2026 10:16:31 INFO  valid result: 
hit@10 : 0.1006    ndcg@10 : 0.0503    mrr@10 : 0.0348
Thu 05 Mar 2026 10:16:31 INFO  Saving current: saved\TimeWeaver-Mar-05-2026_10-08-33.pth
Thu 05 Mar 2026 10:17:09 INFO  epoch 12 training [time: 38.38s, train loss: 2744.3438]
Thu 05 Mar 2026 10:17:10 INFO  epoch 12 evaluating [time: 0.51s, valid_score: 0.100800]
Thu 05 Mar 2026 10:17:10 INFO  valid result: 
hit@10 : 0.1008    ndcg@10 : 0.0501    mrr@10 : 0.0343
Thu 05 Mar 2026 10:17:10 INFO  Saving current: saved\TimeWeaver-Mar-05-2026_10-08-33.pth
Thu 05 Mar 2026 10:17:50 INFO  epoch 13 training [time: 40.68s, train loss: 2720.4485]
Thu 05 Mar 2026 10:17:51 INFO  epoch 13 evaluating [time: 0.52s, valid_score: 0.101800]
Thu 05 Mar 2026 10:17:51 INFO  valid result: 
hit@10 : 0.1018    ndcg@10 : 0.0506    mrr@10 : 0.0347
Thu 05 Mar 2026 10:17:51 INFO  Saving current: saved\TimeWeaver-Mar-05-2026_10-08-33.pth
Thu 05 Mar 2026 10:18:30 INFO  epoch 14 training [time: 39.39s, train loss: 2699.2029]
Thu 05 Mar 2026 10:18:31 INFO  epoch 14 evaluating [time: 0.44s, valid_score: 0.101300]
Thu 05 Mar 2026 10:18:31 INFO  valid result: 
hit@10 : 0.1013    ndcg@10 : 0.0505    mrr@10 : 0.0348
Thu 05 Mar 2026 10:19:09 INFO  epoch 15 training [time: 38.79s, train loss: 2677.4597]
Thu 05 Mar 2026 10:19:10 INFO  epoch 15 evaluating [time: 0.52s, valid_score: 0.101100]
Thu 05 Mar 2026 10:19:10 INFO  valid result: 
hit@10 : 0.1011    ndcg@10 : 0.0508    mrr@10 : 0.0353
Thu 05 Mar 2026 10:19:48 INFO  epoch 16 training [time: 38.30s, train loss: 2658.4236]
Thu 05 Mar 2026 10:19:49 INFO  epoch 16 evaluating [time: 0.49s, valid_score: 0.100800]
Thu 05 Mar 2026 10:19:49 INFO  valid result: 
hit@10 : 0.1008    ndcg@10 : 0.0513    mrr@10 : 0.036
Thu 05 Mar 2026 10:20:28 INFO  epoch 17 training [time: 38.91s, train loss: 2641.7995]
Thu 05 Mar 2026 10:20:28 INFO  epoch 17 evaluating [time: 0.49s, valid_score: 0.099600]
Thu 05 Mar 2026 10:20:28 INFO  valid result: 
hit@10 : 0.0996    ndcg@10 : 0.05    mrr@10 : 0.0346
Thu 05 Mar 2026 10:21:07 INFO  epoch 18 training [time: 38.54s, train loss: 2629.2434]
Thu 05 Mar 2026 10:21:07 INFO  epoch 18 evaluating [time: 0.48s, valid_score: 0.099600]
Thu 05 Mar 2026 10:21:07 INFO  valid result: 
hit@10 : 0.0996    ndcg@10 : 0.0506    mrr@10 : 0.0356
Thu 05 Mar 2026 10:21:48 INFO  epoch 19 training [time: 40.41s, train loss: 2611.1317]
Thu 05 Mar 2026 10:21:48 INFO  epoch 19 evaluating [time: 0.52s, valid_score: 0.099700]
Thu 05 Mar 2026 10:21:48 INFO  valid result: 
hit@10 : 0.0997    ndcg@10 : 0.0507    mrr@10 : 0.0356
Thu 05 Mar 2026 10:22:27 INFO  epoch 20 training [time: 38.98s, train loss: 2598.0363]
Thu 05 Mar 2026 10:22:28 INFO  epoch 20 evaluating [time: 0.46s, valid_score: 0.100300]
Thu 05 Mar 2026 10:22:28 INFO  valid result: 
hit@10 : 0.1003    ndcg@10 : 0.0522    mrr@10 : 0.0373
Thu 05 Mar 2026 10:23:06 INFO  epoch 21 training [time: 38.83s, train loss: 2582.2942]
Thu 05 Mar 2026 10:23:07 INFO  epoch 21 evaluating [time: 0.51s, valid_score: 0.100500]
Thu 05 Mar 2026 10:23:07 INFO  valid result: 
hit@10 : 0.1005    ndcg@10 : 0.0521    mrr@10 : 0.0372
Thu 05 Mar 2026 10:23:45 INFO  epoch 22 training [time: 38.53s, train loss: 2568.9015]
Thu 05 Mar 2026 10:23:46 INFO  epoch 22 evaluating [time: 0.49s, valid_score: 0.097200]
Thu 05 Mar 2026 10:23:46 INFO  valid result: 
hit@10 : 0.0972    ndcg@10 : 0.0502    mrr@10 : 0.0357
Thu 05 Mar 2026 10:24:25 INFO  epoch 23 training [time: 38.87s, train loss: 2554.9904]
Thu 05 Mar 2026 10:24:25 INFO  epoch 23 evaluating [time: 0.49s, valid_score: 0.099500]
Thu 05 Mar 2026 10:24:25 INFO  valid result: 
hit@10 : 0.0995    ndcg@10 : 0.0517    mrr@10 : 0.037
Thu 05 Mar 2026 10:25:04 INFO  epoch 24 training [time: 38.42s, train loss: 2544.0269]
Thu 05 Mar 2026 10:25:04 INFO  epoch 24 evaluating [time: 0.52s, valid_score: 0.098600]
Thu 05 Mar 2026 10:25:04 INFO  valid result: 
hit@10 : 0.0986    ndcg@10 : 0.0515    mrr@10 : 0.037
Thu 05 Mar 2026 10:25:04 INFO  Finished training, best eval result in epoch 13
Thu 05 Mar 2026 10:25:04 INFO  Loading model structure and parameters from saved\TimeWeaver-Mar-05-2026_10-08-33.pth
Thu 05 Mar 2026 10:25:06 INFO  The running environment of this training is as follows:
+-------------+----------------+
| Environment |     Usage      |
+=============+================+
| CPU         |     2.00 %     |
+-------------+----------------+
| GPU         | 0.31 G/6.00 G  |
+-------------+----------------+
| Memory      | 1.38 G/15.63 G |
+-------------+----------------+
Thu 05 Mar 2026 10:25:06 INFO  best valid : OrderedDict([('hit@10', 0.1018), ('ndcg@10', 0.0506), ('mrr@10', 0.0347)])
Thu 05 Mar 2026 10:25:06 INFO  test result: OrderedDict([('hit@10', 0.0835), ('ndcg@10', 0.0427), ('mrr@10', 0.0302)])
