Tue 10 Feb 2026 01:27:43 INFO  ['F:\\桌面\\recommendation_system\\scripts\\run_grid.py', '--models', 'timeweaver', '--datasets', 'ml-100k', '--seeds', '42', '--device', 'gpu', '--timeweaver-variant', 'base', '--tag', 'e0p2_k9_d0p2_l1_f512_b1000', '--output', 'results/run_grid_timeweaver_tune.json', '--tw-ema-decay', '0.2', '--tw-tcn-kernel', '9', '--tw-hidden-dropout', '0.2', '--tw-num-layers', '1', '--tw-ffn-hidden', '512', '--tw-time-bucket', '1000']
Tue 10 Feb 2026 01:27:43 INFO  
General Hyper Parameters:
gpu_id = 0
use_gpu = True
seed = 42
state = INFO
reproducibility = True
data_path = F:\anaconda3\envs\rec39\Lib\site-packages\recbole\config\../dataset_example/ml-100k
checkpoint_dir = saved
show_progress = True
save_dataset = False
dataset_save_path = None
save_dataloaders = False
dataloaders_save_path = None
log_wandb = False

Training Hyper Parameters:
epochs = 100
train_batch_size = 256
learner = adam
learning_rate = 0.001
train_neg_sample_args = {'distribution': 'none', 'sample_num': 'none', 'alpha': 'none', 'dynamic': False, 'candidate_num': 0}
eval_step = 1
stopping_step = 10
clip_grad_norm = None
weight_decay = 0.0
loss_decimal_place = 4

Evaluation Hyper Parameters:
eval_args = {'split': {'LS': 'valid_and_test'}, 'order': 'TO', 'group_by': 'user', 'mode': {'valid': 'uni100', 'test': 'uni100'}}
repeatable = True
metrics = ['Hit', 'NDCG', 'MRR']
topk = [10]
valid_metric = MRR@10
valid_metric_bigger = True
eval_batch_size = 512
metric_decimal_place = 4

Dataset Hyper Parameters:
field_separator = 	
seq_separator =  
USER_ID_FIELD = user_id
ITEM_ID_FIELD = item_id
RATING_FIELD = rating
TIME_FIELD = timestamp
seq_len = None
LABEL_FIELD = label
threshold = None
NEG_PREFIX = neg_
load_col = {'inter': ['user_id', 'item_id', 'rating', 'timestamp'], 'user': ['user_id', 'age', 'gender', 'occupation', 'zip_code'], 'item': ['item_id', 'movie_title', 'release_year', 'class']}
unload_col = None
unused_col = None
additional_feat_suffix = None
rm_dup_inter = None
val_interval = None
filter_inter_by_user_or_item = True
user_inter_num_interval = None
item_inter_num_interval = None
alias_of_user_id = None
alias_of_item_id = None
alias_of_entity_id = None
alias_of_relation_id = None
preload_weight = None
normalize_field = None
normalize_all = True
ITEM_LIST_LENGTH_FIELD = item_length
LIST_SUFFIX = _list
MAX_ITEM_LIST_LENGTH = 32
POSITION_FIELD = position_id
HEAD_ENTITY_ID_FIELD = head_id
TAIL_ENTITY_ID_FIELD = tail_id
RELATION_ID_FIELD = relation_id
ENTITY_ID_FIELD = entity_id
kg_reverse_r = False
entity_kg_num_interval = None
relation_kg_num_interval = None
benchmark_filename = None

Other Hyper Parameters: 
worker = 0
wandb_project = recbole
shuffle = True
require_pow = False
enable_amp = False
enable_scaler = False
transform = None
numerical_features = []
discretization = None
MODEL_TYPE = ModelType.SEQUENTIAL
model_name = TimeWeaver
hidden_size = 64
num_layers = 1
hidden_dropout_prob = 0.2
initializer_range = 0.02
time_bucket_size = 1000
ema_decay = 0.2
tcn_kernel_size = 9
ffn_hidden_size = 512
loss_type = CE
early_stop = 10
neg_sampling = None
device = cuda
use_continuous_time = False
use_time_gate = False
use_time_augmentation = False
MODEL_INPUT_TYPE = InputType.POINTWISE
eval_type = EvaluatorType.RANKING
single_spec = True
local_rank = 0
valid_neg_sample_args = {'distribution': 'uniform', 'sample_num': 100}
test_neg_sample_args = {'distribution': 'uniform', 'sample_num': 100}


Tue 10 Feb 2026 01:27:44 INFO  ml-100k
The number of users: 944
Average actions of users: 106.04453870625663
The number of items: 1683
Average actions of items: 59.45303210463734
The number of inters: 100000
The sparsity of the dataset: 93.70575143257098%
Remain Fields: ['user_id', 'item_id', 'rating', 'timestamp', 'age', 'gender', 'occupation', 'zip_code', 'movie_title', 'release_year', 'class']
Tue 10 Feb 2026 01:27:45 INFO  [Training]: train_batch_size = [256] train_neg_sample_args: [{'distribution': 'none', 'sample_num': 'none', 'alpha': 'none', 'dynamic': False, 'candidate_num': 0}]
Tue 10 Feb 2026 01:27:45 INFO  [Evaluation]: eval_batch_size = [512] eval_args: [{'split': {'LS': 'valid_and_test'}, 'order': 'TO', 'group_by': 'user', 'mode': {'valid': 'uni100', 'test': 'uni100'}}]
Tue 10 Feb 2026 01:27:45 INFO  TimeWeaver(
  (item_embedding): Embedding(1683, 64, padding_idx=0)
  (time_aug): TimeAwareAugmentation(
    (pos_embedding): Embedding(32, 64)
    (time_embedding): Embedding(1000, 64)
    (layer_norm): LayerNorm((64,), eps=1e-05, elementwise_affine=True)
    (drop): Dropout(p=0.2, inplace=False)
  )
  (context_layers): ModuleList(
    (0): TCNNextBlock(
      (dw): DepthwiseConv1d(
        (conv): Conv1d(64, 64, kernel_size=(9,), stride=(1,), padding=(4,), groups=64)
        (bn): BatchNorm1d(64, eps=1e-05, momentum=0.1, affine=True, track_running_stats=True)
        (drop): Dropout(p=0.2, inplace=False)
      )
      (norm1): LayerNorm((64,), eps=1e-05, elementwise_affine=True)
      (conv_inter): ParallelConvInter(
        (conv1): Conv1d(64, 64, kernel_size=(1,), stride=(1,))
        (conv3): Conv1d(64, 64, kernel_size=(3,), stride=(1,), padding=(1,))
        (proj): Conv1d(64, 64, kernel_size=(1,), stride=(1,))
        (drop): Dropout(p=0.2, inplace=False)
      )
      (norm2): LayerNorm((64,), eps=1e-05, elementwise_affine=True)
      (ffn): Sequential(
        (0): Linear(in_features=64, out_features=512, bias=True)
        (1): GELU(approximate='none')
        (2): Dropout(p=0.2, inplace=False)
        (3): Linear(in_features=512, out_features=64, bias=True)
        (4): Dropout(p=0.2, inplace=False)
      )
      (norm3): LayerNorm((64,), eps=1e-05, elementwise_affine=True)
    )
  )
  (dynamic_layers): ModuleList(
    (0): EMAStream(
      (proj): Linear(in_features=64, out_features=64, bias=True)
    )
  )
  (weavers): ModuleList(
    (0): StreamWeaver(
      (proj): Linear(in_features=128, out_features=64, bias=True)
      (norm): LayerNorm((64,), eps=1e-05, elementwise_affine=True)
    )
  )
  (loss_fct): CrossEntropyLoss()
)
Trainable parameters: 274369.0
Tue 10 Feb 2026 01:27:46 INFO  FLOPs: 3198976.0
Tue 10 Feb 2026 01:28:06 INFO  epoch 0 training [time: 18.87s, train loss: 2426.2342]
Tue 10 Feb 2026 01:28:07 INFO  epoch 0 evaluating [time: 1.91s, valid_score: 0.286700]
Tue 10 Feb 2026 01:28:07 INFO  valid result: 
hit@10 : 0.6607    ndcg@10 : 0.3747    mrr@10 : 0.2867
Tue 10 Feb 2026 01:28:07 INFO  Saving current: saved\TimeWeaver-Feb-10-2026_01-27-46.pth
Tue 10 Feb 2026 01:28:26 INFO  epoch 1 training [time: 18.69s, train loss: 2230.7385]
Tue 10 Feb 2026 01:28:28 INFO  epoch 1 evaluating [time: 1.74s, valid_score: 0.325000]
Tue 10 Feb 2026 01:28:28 INFO  valid result: 
hit@10 : 0.6946    ndcg@10 : 0.4121    mrr@10 : 0.325
Tue 10 Feb 2026 01:28:28 INFO  Saving current: saved\TimeWeaver-Feb-10-2026_01-27-46.pth
Tue 10 Feb 2026 01:28:47 INFO  epoch 2 training [time: 19.00s, train loss: 2191.5012]
Tue 10 Feb 2026 01:28:49 INFO  epoch 2 evaluating [time: 1.80s, valid_score: 0.342200]
Tue 10 Feb 2026 01:28:49 INFO  valid result: 
hit@10 : 0.7073    ndcg@10 : 0.4284    mrr@10 : 0.3422
Tue 10 Feb 2026 01:28:49 INFO  Saving current: saved\TimeWeaver-Feb-10-2026_01-27-46.pth
Tue 10 Feb 2026 01:29:08 INFO  epoch 3 training [time: 19.17s, train loss: 2166.7086]
Tue 10 Feb 2026 01:29:10 INFO  epoch 3 evaluating [time: 1.76s, valid_score: 0.339300]
Tue 10 Feb 2026 01:29:10 INFO  valid result: 
hit@10 : 0.7147    ndcg@10 : 0.4282    mrr@10 : 0.3393
Tue 10 Feb 2026 01:29:28 INFO  epoch 4 training [time: 18.64s, train loss: 2145.5398]
Tue 10 Feb 2026 01:29:30 INFO  epoch 4 evaluating [time: 1.75s, valid_score: 0.358000]
Tue 10 Feb 2026 01:29:30 INFO  valid result: 
hit@10 : 0.7328    ndcg@10 : 0.4469    mrr@10 : 0.358
Tue 10 Feb 2026 01:29:30 INFO  Saving current: saved\TimeWeaver-Feb-10-2026_01-27-46.pth
Tue 10 Feb 2026 01:29:49 INFO  epoch 5 training [time: 19.16s, train loss: 2129.4530]
Tue 10 Feb 2026 01:29:51 INFO  epoch 5 evaluating [time: 1.81s, valid_score: 0.339800]
Tue 10 Feb 2026 01:29:51 INFO  valid result: 
hit@10 : 0.7264    ndcg@10 : 0.4313    mrr@10 : 0.3398
Tue 10 Feb 2026 01:30:10 INFO  epoch 6 training [time: 19.12s, train loss: 2115.7373]
Tue 10 Feb 2026 01:30:12 INFO  epoch 6 evaluating [time: 1.80s, valid_score: 0.348400]
Tue 10 Feb 2026 01:30:12 INFO  valid result: 
hit@10 : 0.7338    ndcg@10 : 0.4395    mrr@10 : 0.3484
Tue 10 Feb 2026 01:30:31 INFO  epoch 7 training [time: 19.15s, train loss: 2104.8996]
Tue 10 Feb 2026 01:30:33 INFO  epoch 7 evaluating [time: 1.86s, valid_score: 0.347800]
Tue 10 Feb 2026 01:30:33 INFO  valid result: 
hit@10 : 0.7296    ndcg@10 : 0.4381    mrr@10 : 0.3478
Tue 10 Feb 2026 01:30:52 INFO  epoch 8 training [time: 18.73s, train loss: 2095.4863]
Tue 10 Feb 2026 01:30:53 INFO  epoch 8 evaluating [time: 1.76s, valid_score: 0.344600]
Tue 10 Feb 2026 01:30:54 INFO  valid result: 
hit@10 : 0.7285    ndcg@10 : 0.4356    mrr@10 : 0.3446
Tue 10 Feb 2026 01:31:13 INFO  epoch 9 training [time: 19.42s, train loss: 2087.4650]
Tue 10 Feb 2026 01:31:15 INFO  epoch 9 evaluating [time: 1.83s, valid_score: 0.351600]
Tue 10 Feb 2026 01:31:15 INFO  valid result: 
hit@10 : 0.7285    ndcg@10 : 0.4405    mrr@10 : 0.3516
Tue 10 Feb 2026 01:31:35 INFO  epoch 10 training [time: 19.90s, train loss: 2079.3107]
Tue 10 Feb 2026 01:31:37 INFO  epoch 10 evaluating [time: 1.87s, valid_score: 0.336400]
Tue 10 Feb 2026 01:31:37 INFO  valid result: 
hit@10 : 0.7264    ndcg@10 : 0.4284    mrr@10 : 0.3364
Tue 10 Feb 2026 01:31:56 INFO  epoch 11 training [time: 19.75s, train loss: 2072.4554]
Tue 10 Feb 2026 01:31:58 INFO  epoch 11 evaluating [time: 1.84s, valid_score: 0.345400]
Tue 10 Feb 2026 01:31:58 INFO  valid result: 
hit@10 : 0.7232    ndcg@10 : 0.4348    mrr@10 : 0.3454
Tue 10 Feb 2026 01:32:17 INFO  epoch 12 training [time: 18.99s, train loss: 2067.0237]
Tue 10 Feb 2026 01:32:19 INFO  epoch 12 evaluating [time: 1.73s, valid_score: 0.328300]
Tue 10 Feb 2026 01:32:19 INFO  valid result: 
hit@10 : 0.7169    ndcg@10 : 0.4205    mrr@10 : 0.3283
Tue 10 Feb 2026 01:32:38 INFO  epoch 13 training [time: 18.87s, train loss: 2060.6844]
Tue 10 Feb 2026 01:32:40 INFO  epoch 13 evaluating [time: 1.97s, valid_score: 0.342500]
Tue 10 Feb 2026 01:32:40 INFO  valid result: 
hit@10 : 0.7105    ndcg@10 : 0.43    mrr@10 : 0.3425
Tue 10 Feb 2026 01:32:59 INFO  epoch 14 training [time: 19.54s, train loss: 2055.8272]
Tue 10 Feb 2026 01:33:01 INFO  epoch 14 evaluating [time: 1.85s, valid_score: 0.347000]
Tue 10 Feb 2026 01:33:01 INFO  valid result: 
hit@10 : 0.7169    ndcg@10 : 0.4341    mrr@10 : 0.347
Tue 10 Feb 2026 01:33:20 INFO  epoch 15 training [time: 18.90s, train loss: 2050.3317]
Tue 10 Feb 2026 01:33:22 INFO  epoch 15 evaluating [time: 1.77s, valid_score: 0.350500]
Tue 10 Feb 2026 01:33:22 INFO  valid result: 
hit@10 : 0.7232    ndcg@10 : 0.4383    mrr@10 : 0.3505
Tue 10 Feb 2026 01:33:22 INFO  Finished training, best eval result in epoch 4
Tue 10 Feb 2026 01:33:22 INFO  Loading model structure and parameters from saved\TimeWeaver-Feb-10-2026_01-27-46.pth
Tue 10 Feb 2026 01:33:24 INFO  The running environment of this training is as follows:
+-------------+----------------+
| Environment |     Usage      |
+=============+================+
| CPU         |     6.10 %     |
+-------------+----------------+
| GPU         | 0.21 G/6.00 G  |
+-------------+----------------+
| Memory      | 1.42 G/15.63 G |
+-------------+----------------+
Tue 10 Feb 2026 01:33:24 INFO  best valid : OrderedDict([('hit@10', 0.7328), ('ndcg@10', 0.4469), ('mrr@10', 0.358)])
Tue 10 Feb 2026 01:33:24 INFO  test result: OrderedDict([('hit@10', 0.6776), ('ndcg@10', 0.4032), ('mrr@10', 0.3181)])
