Mon 09 Feb 2026 08:50:44 INFO  ['F:\\桌面\\recommendation_system\\scripts\\run_grid.py', '--models', 'timeweaver', '--datasets', 'ml-100k', '--seeds', '42', '--device', 'gpu', '--timeweaver-variant', 'base', '--tag', 'e0p05_k-1_d0p5_l2_f256_b1000', '--output', 'results/run_grid_timeweaver_tune.json', '--tw-ema-decay', '0.05', '--tw-tcn-kernel', '-1', '--tw-hidden-dropout', '0.5', '--tw-num-layers', '2', '--tw-ffn-hidden', '256', '--tw-time-bucket', '1000']
Mon 09 Feb 2026 08:50:44 INFO  
General Hyper Parameters:
gpu_id = 0
use_gpu = True
seed = 42
state = INFO
reproducibility = True
data_path = F:\anaconda3\envs\rec39\Lib\site-packages\recbole\config\../dataset_example/ml-100k
checkpoint_dir = saved
show_progress = True
save_dataset = False
dataset_save_path = None
save_dataloaders = False
dataloaders_save_path = None
log_wandb = False

Training Hyper Parameters:
epochs = 100
train_batch_size = 256
learner = adam
learning_rate = 0.001
train_neg_sample_args = {'distribution': 'none', 'sample_num': 'none', 'alpha': 'none', 'dynamic': False, 'candidate_num': 0}
eval_step = 1
stopping_step = 10
clip_grad_norm = None
weight_decay = 0.0
loss_decimal_place = 4

Evaluation Hyper Parameters:
eval_args = {'split': {'LS': 'valid_and_test'}, 'order': 'TO', 'group_by': 'user', 'mode': {'valid': 'uni100', 'test': 'uni100'}}
repeatable = True
metrics = ['Hit', 'NDCG', 'MRR']
topk = [10]
valid_metric = MRR@10
valid_metric_bigger = True
eval_batch_size = 512
metric_decimal_place = 4

Dataset Hyper Parameters:
field_separator = 	
seq_separator =  
USER_ID_FIELD = user_id
ITEM_ID_FIELD = item_id
RATING_FIELD = rating
TIME_FIELD = timestamp
seq_len = None
LABEL_FIELD = label
threshold = None
NEG_PREFIX = neg_
load_col = {'inter': ['user_id', 'item_id', 'rating', 'timestamp'], 'user': ['user_id', 'age', 'gender', 'occupation', 'zip_code'], 'item': ['item_id', 'movie_title', 'release_year', 'class']}
unload_col = None
unused_col = None
additional_feat_suffix = None
rm_dup_inter = None
val_interval = None
filter_inter_by_user_or_item = True
user_inter_num_interval = None
item_inter_num_interval = None
alias_of_user_id = None
alias_of_item_id = None
alias_of_entity_id = None
alias_of_relation_id = None
preload_weight = None
normalize_field = None
normalize_all = True
ITEM_LIST_LENGTH_FIELD = item_length
LIST_SUFFIX = _list
MAX_ITEM_LIST_LENGTH = 32
POSITION_FIELD = position_id
HEAD_ENTITY_ID_FIELD = head_id
TAIL_ENTITY_ID_FIELD = tail_id
RELATION_ID_FIELD = relation_id
ENTITY_ID_FIELD = entity_id
kg_reverse_r = False
entity_kg_num_interval = None
relation_kg_num_interval = None
benchmark_filename = None

Other Hyper Parameters: 
worker = 0
wandb_project = recbole
shuffle = True
require_pow = False
enable_amp = False
enable_scaler = False
transform = None
numerical_features = []
discretization = None
MODEL_TYPE = ModelType.SEQUENTIAL
model_name = TimeWeaver
hidden_size = 64
num_layers = 2
hidden_dropout_prob = 0.5
initializer_range = 0.02
time_bucket_size = 1000
ema_decay = 0.05
tcn_kernel_size = -1
ffn_hidden_size = 256
loss_type = CE
early_stop = 10
neg_sampling = None
device = cuda
use_continuous_time = False
use_time_gate = False
use_time_augmentation = False
MODEL_INPUT_TYPE = InputType.POINTWISE
eval_type = EvaluatorType.RANKING
single_spec = True
local_rank = 0
valid_neg_sample_args = {'distribution': 'uniform', 'sample_num': 100}
test_neg_sample_args = {'distribution': 'uniform', 'sample_num': 100}


Mon 09 Feb 2026 08:50:44 INFO  ml-100k
The number of users: 944
Average actions of users: 106.04453870625663
The number of items: 1683
Average actions of items: 59.45303210463734
The number of inters: 100000
The sparsity of the dataset: 93.70575143257098%
Remain Fields: ['user_id', 'item_id', 'rating', 'timestamp', 'age', 'gender', 'occupation', 'zip_code', 'movie_title', 'release_year', 'class']
Mon 09 Feb 2026 08:50:45 INFO  [Training]: train_batch_size = [256] train_neg_sample_args: [{'distribution': 'none', 'sample_num': 'none', 'alpha': 'none', 'dynamic': False, 'candidate_num': 0}]
Mon 09 Feb 2026 08:50:45 INFO  [Evaluation]: eval_batch_size = [512] eval_args: [{'split': {'LS': 'valid_and_test'}, 'order': 'TO', 'group_by': 'user', 'mode': {'valid': 'uni100', 'test': 'uni100'}}]
Mon 09 Feb 2026 08:50:46 INFO  TimeWeaver(
  (item_embedding): Embedding(1683, 64, padding_idx=0)
  (time_aug): TimeAwareAugmentation(
    (pos_embedding): Embedding(32, 64)
    (time_embedding): Embedding(1000, 64)
    (layer_norm): LayerNorm((64,), eps=1e-05, elementwise_affine=True)
    (drop): Dropout(p=0.5, inplace=False)
  )
  (context_layers): ModuleList(
    (0-1): 2 x TCNNextBlock(
      (dw): DepthwiseConv1d(
        (conv): Conv1d(64, 64, kernel_size=(11,), stride=(1,), padding=(5,), groups=64)
        (bn): BatchNorm1d(64, eps=1e-05, momentum=0.1, affine=True, track_running_stats=True)
        (drop): Dropout(p=0.5, inplace=False)
      )
      (norm1): LayerNorm((64,), eps=1e-05, elementwise_affine=True)
      (conv_inter): ParallelConvInter(
        (conv1): Conv1d(64, 64, kernel_size=(1,), stride=(1,))
        (conv3): Conv1d(64, 64, kernel_size=(3,), stride=(1,), padding=(1,))
        (proj): Conv1d(64, 64, kernel_size=(1,), stride=(1,))
        (drop): Dropout(p=0.5, inplace=False)
      )
      (norm2): LayerNorm((64,), eps=1e-05, elementwise_affine=True)
      (ffn): Sequential(
        (0): Linear(in_features=64, out_features=256, bias=True)
        (1): GELU(approximate='none')
        (2): Dropout(p=0.5, inplace=False)
        (3): Linear(in_features=256, out_features=64, bias=True)
        (4): Dropout(p=0.5, inplace=False)
      )
      (norm3): LayerNorm((64,), eps=1e-05, elementwise_affine=True)
    )
  )
  (dynamic_layers): ModuleList(
    (0-1): 2 x EMAStream(
      (proj): Linear(in_features=64, out_features=64, bias=True)
    )
  )
  (weavers): ModuleList(
    (0-1): 2 x StreamWeaver(
      (proj): Linear(in_features=128, out_features=64, bias=True)
      (norm): LayerNorm((64,), eps=1e-05, elementwise_affine=True)
    )
  )
  (loss_fct): CrossEntropyLoss()
)
Trainable parameters: 309057.0
Mon 09 Feb 2026 08:50:46 INFO  FLOPs: 4298752.0
Mon 09 Feb 2026 08:51:19 INFO  epoch 0 training [time: 31.53s, train loss: 2451.4382]
Mon 09 Feb 2026 08:51:21 INFO  epoch 0 evaluating [time: 2.15s, valid_score: 0.276800]
Mon 09 Feb 2026 08:51:21 INFO  valid result: 
hit@10 : 0.6522    ndcg@10 : 0.3647    mrr@10 : 0.2768
Mon 09 Feb 2026 08:51:21 INFO  Saving current: saved\TimeWeaver-Feb-09-2026_08-50-46.pth
Mon 09 Feb 2026 08:51:53 INFO  epoch 1 training [time: 32.02s, train loss: 2247.5040]
Mon 09 Feb 2026 08:51:55 INFO  epoch 1 evaluating [time: 2.07s, valid_score: 0.311000]
Mon 09 Feb 2026 08:51:55 INFO  valid result: 
hit@10 : 0.6935    ndcg@10 : 0.4008    mrr@10 : 0.311
Mon 09 Feb 2026 08:51:55 INFO  Saving current: saved\TimeWeaver-Feb-09-2026_08-50-46.pth
Mon 09 Feb 2026 08:52:26 INFO  epoch 2 training [time: 30.84s, train loss: 2207.1611]
Mon 09 Feb 2026 08:52:28 INFO  epoch 2 evaluating [time: 1.99s, valid_score: 0.327900]
Mon 09 Feb 2026 08:52:28 INFO  valid result: 
hit@10 : 0.701    ndcg@10 : 0.4158    mrr@10 : 0.3279
Mon 09 Feb 2026 08:52:28 INFO  Saving current: saved\TimeWeaver-Feb-09-2026_08-50-46.pth
Mon 09 Feb 2026 08:52:59 INFO  epoch 3 training [time: 31.40s, train loss: 2181.7046]
Mon 09 Feb 2026 08:53:01 INFO  epoch 3 evaluating [time: 2.07s, valid_score: 0.321600]
Mon 09 Feb 2026 08:53:01 INFO  valid result: 
hit@10 : 0.7137    ndcg@10 : 0.4138    mrr@10 : 0.3216
Mon 09 Feb 2026 08:53:32 INFO  epoch 4 training [time: 30.40s, train loss: 2165.2941]
Mon 09 Feb 2026 08:53:34 INFO  epoch 4 evaluating [time: 2.11s, valid_score: 0.349100]
Mon 09 Feb 2026 08:53:34 INFO  valid result: 
hit@10 : 0.7359    ndcg@10 : 0.4404    mrr@10 : 0.3491
Mon 09 Feb 2026 08:53:34 INFO  Saving current: saved\TimeWeaver-Feb-09-2026_08-50-46.pth
Mon 09 Feb 2026 08:54:05 INFO  epoch 5 training [time: 31.04s, train loss: 2150.6627]
Mon 09 Feb 2026 08:54:07 INFO  epoch 5 evaluating [time: 2.07s, valid_score: 0.336400]
Mon 09 Feb 2026 08:54:07 INFO  valid result: 
hit@10 : 0.7275    ndcg@10 : 0.4288    mrr@10 : 0.3364
Mon 09 Feb 2026 08:54:38 INFO  epoch 6 training [time: 31.08s, train loss: 2140.2319]
Mon 09 Feb 2026 08:54:40 INFO  epoch 6 evaluating [time: 2.06s, valid_score: 0.335700]
Mon 09 Feb 2026 08:54:40 INFO  valid result: 
hit@10 : 0.755    ndcg@10 : 0.4346    mrr@10 : 0.3357
Mon 09 Feb 2026 08:55:11 INFO  epoch 7 training [time: 31.15s, train loss: 2129.0652]
Mon 09 Feb 2026 08:55:13 INFO  epoch 7 evaluating [time: 2.09s, valid_score: 0.345900]
Mon 09 Feb 2026 08:55:13 INFO  valid result: 
hit@10 : 0.7402    ndcg@10 : 0.4392    mrr@10 : 0.3459
Mon 09 Feb 2026 08:55:45 INFO  epoch 8 training [time: 32.19s, train loss: 2122.1146]
Mon 09 Feb 2026 08:55:47 INFO  epoch 8 evaluating [time: 2.11s, valid_score: 0.354100]
Mon 09 Feb 2026 08:55:47 INFO  valid result: 
hit@10 : 0.7466    ndcg@10 : 0.4471    mrr@10 : 0.3541
Mon 09 Feb 2026 08:55:47 INFO  Saving current: saved\TimeWeaver-Feb-09-2026_08-50-46.pth
Mon 09 Feb 2026 08:56:19 INFO  epoch 9 training [time: 31.06s, train loss: 2114.3018]
Mon 09 Feb 2026 08:56:21 INFO  epoch 9 evaluating [time: 2.01s, valid_score: 0.351700]
Mon 09 Feb 2026 08:56:21 INFO  valid result: 
hit@10 : 0.7487    ndcg@10 : 0.4455    mrr@10 : 0.3517
Mon 09 Feb 2026 08:56:51 INFO  epoch 10 training [time: 30.71s, train loss: 2109.1238]
Mon 09 Feb 2026 08:56:53 INFO  epoch 10 evaluating [time: 2.08s, valid_score: 0.336000]
Mon 09 Feb 2026 08:56:53 INFO  valid result: 
hit@10 : 0.7434    ndcg@10 : 0.4321    mrr@10 : 0.336
Mon 09 Feb 2026 08:57:24 INFO  epoch 11 training [time: 30.67s, train loss: 2102.4240]
Mon 09 Feb 2026 08:57:26 INFO  epoch 11 evaluating [time: 2.02s, valid_score: 0.343900]
Mon 09 Feb 2026 08:57:26 INFO  valid result: 
hit@10 : 0.7413    ndcg@10 : 0.4381    mrr@10 : 0.3439
Mon 09 Feb 2026 08:57:57 INFO  epoch 12 training [time: 31.15s, train loss: 2097.9222]
Mon 09 Feb 2026 08:57:59 INFO  epoch 12 evaluating [time: 2.05s, valid_score: 0.347600]
Mon 09 Feb 2026 08:57:59 INFO  valid result: 
hit@10 : 0.7444    ndcg@10 : 0.4412    mrr@10 : 0.3476
Mon 09 Feb 2026 08:58:30 INFO  epoch 13 training [time: 31.23s, train loss: 2092.8384]
Mon 09 Feb 2026 08:58:32 INFO  epoch 13 evaluating [time: 2.03s, valid_score: 0.355300]
Mon 09 Feb 2026 08:58:32 INFO  valid result: 
hit@10 : 0.7423    ndcg@10 : 0.4466    mrr@10 : 0.3553
Mon 09 Feb 2026 08:58:33 INFO  Saving current: saved\TimeWeaver-Feb-09-2026_08-50-46.pth
Mon 09 Feb 2026 08:59:03 INFO  epoch 14 training [time: 30.64s, train loss: 2089.4838]
Mon 09 Feb 2026 08:59:05 INFO  epoch 14 evaluating [time: 2.05s, valid_score: 0.345000]
Mon 09 Feb 2026 08:59:05 INFO  valid result: 
hit@10 : 0.7487    ndcg@10 : 0.44    mrr@10 : 0.345
Mon 09 Feb 2026 08:59:38 INFO  epoch 15 training [time: 32.38s, train loss: 2085.1819]
Mon 09 Feb 2026 08:59:40 INFO  epoch 15 evaluating [time: 2.11s, valid_score: 0.359200]
Mon 09 Feb 2026 08:59:40 INFO  valid result: 
hit@10 : 0.7455    ndcg@10 : 0.4506    mrr@10 : 0.3592
Mon 09 Feb 2026 08:59:40 INFO  Saving current: saved\TimeWeaver-Feb-09-2026_08-50-46.pth
Mon 09 Feb 2026 09:00:11 INFO  epoch 16 training [time: 31.39s, train loss: 2081.3183]
Mon 09 Feb 2026 09:00:13 INFO  epoch 16 evaluating [time: 2.01s, valid_score: 0.350300]
Mon 09 Feb 2026 09:00:13 INFO  valid result: 
hit@10 : 0.7317    ndcg@10 : 0.4411    mrr@10 : 0.3503
Mon 09 Feb 2026 09:00:44 INFO  epoch 17 training [time: 30.77s, train loss: 2078.1763]
Mon 09 Feb 2026 09:00:46 INFO  epoch 17 evaluating [time: 2.08s, valid_score: 0.337700]
Mon 09 Feb 2026 09:00:46 INFO  valid result: 
hit@10 : 0.754    ndcg@10 : 0.436    mrr@10 : 0.3377
Mon 09 Feb 2026 09:01:17 INFO  epoch 18 training [time: 30.96s, train loss: 2074.6666]
Mon 09 Feb 2026 09:01:19 INFO  epoch 18 evaluating [time: 2.03s, valid_score: 0.349100]
Mon 09 Feb 2026 09:01:19 INFO  valid result: 
hit@10 : 0.7529    ndcg@10 : 0.4442    mrr@10 : 0.3491
Mon 09 Feb 2026 09:01:50 INFO  epoch 19 training [time: 31.08s, train loss: 2071.7309]
Mon 09 Feb 2026 09:01:52 INFO  epoch 19 evaluating [time: 2.05s, valid_score: 0.348900]
Mon 09 Feb 2026 09:01:52 INFO  valid result: 
hit@10 : 0.7413    ndcg@10 : 0.442    mrr@10 : 0.3489
Mon 09 Feb 2026 09:02:23 INFO  epoch 20 training [time: 31.31s, train loss: 2068.3431]
Mon 09 Feb 2026 09:02:25 INFO  epoch 20 evaluating [time: 2.08s, valid_score: 0.353300]
Mon 09 Feb 2026 09:02:25 INFO  valid result: 
hit@10 : 0.7444    ndcg@10 : 0.4458    mrr@10 : 0.3533
Mon 09 Feb 2026 09:02:56 INFO  epoch 21 training [time: 30.88s, train loss: 2066.2851]
Mon 09 Feb 2026 09:02:58 INFO  epoch 21 evaluating [time: 2.03s, valid_score: 0.346700]
Mon 09 Feb 2026 09:02:58 INFO  valid result: 
hit@10 : 0.7328    ndcg@10 : 0.4381    mrr@10 : 0.3467
Mon 09 Feb 2026 09:03:31 INFO  epoch 22 training [time: 32.61s, train loss: 2064.0639]
Mon 09 Feb 2026 09:03:33 INFO  epoch 22 evaluating [time: 2.11s, valid_score: 0.349000]
Mon 09 Feb 2026 09:03:33 INFO  valid result: 
hit@10 : 0.7434    ndcg@10 : 0.4424    mrr@10 : 0.349
Mon 09 Feb 2026 09:04:05 INFO  epoch 23 training [time: 31.84s, train loss: 2061.1145]
Mon 09 Feb 2026 09:04:07 INFO  epoch 23 evaluating [time: 2.01s, valid_score: 0.346900]
Mon 09 Feb 2026 09:04:07 INFO  valid result: 
hit@10 : 0.7476    ndcg@10 : 0.4416    mrr@10 : 0.3469
Mon 09 Feb 2026 09:04:38 INFO  epoch 24 training [time: 30.71s, train loss: 2058.5077]
Mon 09 Feb 2026 09:04:40 INFO  epoch 24 evaluating [time: 2.05s, valid_score: 0.362000]
Mon 09 Feb 2026 09:04:40 INFO  valid result: 
hit@10 : 0.755    ndcg@10 : 0.4548    mrr@10 : 0.362
Mon 09 Feb 2026 09:04:40 INFO  Saving current: saved\TimeWeaver-Feb-09-2026_08-50-46.pth
Mon 09 Feb 2026 09:05:11 INFO  epoch 25 training [time: 31.22s, train loss: 2056.5106]
Mon 09 Feb 2026 09:05:13 INFO  epoch 25 evaluating [time: 2.01s, valid_score: 0.339500]
Mon 09 Feb 2026 09:05:13 INFO  valid result: 
hit@10 : 0.7328    ndcg@10 : 0.4326    mrr@10 : 0.3395
Mon 09 Feb 2026 09:05:44 INFO  epoch 26 training [time: 30.99s, train loss: 2055.0792]
Mon 09 Feb 2026 09:05:46 INFO  epoch 26 evaluating [time: 2.05s, valid_score: 0.349700]
Mon 09 Feb 2026 09:05:46 INFO  valid result: 
hit@10 : 0.7434    ndcg@10 : 0.4426    mrr@10 : 0.3497
Mon 09 Feb 2026 09:06:17 INFO  epoch 27 training [time: 31.22s, train loss: 2052.5353]
Mon 09 Feb 2026 09:06:19 INFO  epoch 27 evaluating [time: 2.04s, valid_score: 0.344900]
Mon 09 Feb 2026 09:06:19 INFO  valid result: 
hit@10 : 0.7466    ndcg@10 : 0.44    mrr@10 : 0.3449
Mon 09 Feb 2026 09:06:50 INFO  epoch 28 training [time: 31.08s, train loss: 2050.0964]
Mon 09 Feb 2026 09:06:52 INFO  epoch 28 evaluating [time: 2.00s, valid_score: 0.344200]
Mon 09 Feb 2026 09:06:52 INFO  valid result: 
hit@10 : 0.7306    ndcg@10 : 0.4358    mrr@10 : 0.3442
Mon 09 Feb 2026 09:07:24 INFO  epoch 29 training [time: 32.07s, train loss: 2048.1992]
Mon 09 Feb 2026 09:07:27 INFO  epoch 29 evaluating [time: 2.08s, valid_score: 0.347400]
Mon 09 Feb 2026 09:07:27 INFO  valid result: 
hit@10 : 0.7497    ndcg@10 : 0.4427    mrr@10 : 0.3474
Mon 09 Feb 2026 09:07:59 INFO  epoch 30 training [time: 32.09s, train loss: 2046.4414]
Mon 09 Feb 2026 09:08:01 INFO  epoch 30 evaluating [time: 2.10s, valid_score: 0.357300]
Mon 09 Feb 2026 09:08:01 INFO  valid result: 
hit@10 : 0.7413    ndcg@10 : 0.448    mrr@10 : 0.3573
Mon 09 Feb 2026 09:08:31 INFO  epoch 31 training [time: 30.62s, train loss: 2044.6327]
Mon 09 Feb 2026 09:08:33 INFO  epoch 31 evaluating [time: 2.08s, valid_score: 0.336800]
Mon 09 Feb 2026 09:08:33 INFO  valid result: 
hit@10 : 0.737    ndcg@10 : 0.4313    mrr@10 : 0.3368
Mon 09 Feb 2026 09:09:05 INFO  epoch 32 training [time: 31.22s, train loss: 2043.6231]
Mon 09 Feb 2026 09:09:07 INFO  epoch 32 evaluating [time: 2.00s, valid_score: 0.343900]
Mon 09 Feb 2026 09:09:07 INFO  valid result: 
hit@10 : 0.7349    ndcg@10 : 0.4364    mrr@10 : 0.3439
Mon 09 Feb 2026 09:09:38 INFO  epoch 33 training [time: 30.97s, train loss: 2041.7347]
Mon 09 Feb 2026 09:09:40 INFO  epoch 33 evaluating [time: 2.06s, valid_score: 0.343800]
Mon 09 Feb 2026 09:09:40 INFO  valid result: 
hit@10 : 0.7285    ndcg@10 : 0.4349    mrr@10 : 0.3438
Mon 09 Feb 2026 09:10:11 INFO  epoch 34 training [time: 31.30s, train loss: 2040.3703]
Mon 09 Feb 2026 09:10:13 INFO  epoch 34 evaluating [time: 2.08s, valid_score: 0.348400]
Mon 09 Feb 2026 09:10:13 INFO  valid result: 
hit@10 : 0.7359    ndcg@10 : 0.4401    mrr@10 : 0.3484
Mon 09 Feb 2026 09:10:44 INFO  epoch 35 training [time: 31.20s, train loss: 2038.5214]
Mon 09 Feb 2026 09:10:46 INFO  epoch 35 evaluating [time: 2.02s, valid_score: 0.355900]
Mon 09 Feb 2026 09:10:46 INFO  valid result: 
hit@10 : 0.7328    ndcg@10 : 0.4447    mrr@10 : 0.3559
Mon 09 Feb 2026 09:10:46 INFO  Finished training, best eval result in epoch 24
Mon 09 Feb 2026 09:10:46 INFO  Loading model structure and parameters from saved\TimeWeaver-Feb-09-2026_08-50-46.pth
Mon 09 Feb 2026 09:10:49 INFO  The running environment of this training is as follows:
+-------------+----------------+
| Environment |     Usage      |
+=============+================+
| CPU         |     7.90 %     |
+-------------+----------------+
| GPU         | 0.16 G/6.00 G  |
+-------------+----------------+
| Memory      | 1.46 G/15.63 G |
+-------------+----------------+
Mon 09 Feb 2026 09:10:49 INFO  best valid : OrderedDict([('hit@10', 0.755), ('ndcg@10', 0.4548), ('mrr@10', 0.362)])
Mon 09 Feb 2026 09:10:49 INFO  test result: OrderedDict([('hit@10', 0.72), ('ndcg@10', 0.4304), ('mrr@10', 0.3406)])
