Fri 20 Feb 2026 12:40:24 INFO  ['F:\\桌面\\recommendation_system\\scripts\\run_grid.py', '--models', 'timeweaver', '--datasets', 'amazon-beauty-5core-subset', '--timeweaver-variant', 'base', '--seeds', '42,2023,2024', '--device', 'gpu', '--output', 'results/timeweaver_tta_quad_amazon-beauty-5core-subset.json', '--tag', 'base_no_tta']
Fri 20 Feb 2026 12:40:24 INFO  
General Hyper Parameters:
gpu_id = 0
use_gpu = True
seed = 42
state = INFO
reproducibility = True
data_path = data/amazon\amazon-beauty-5core-subset
checkpoint_dir = saved
show_progress = True
save_dataset = False
dataset_save_path = None
save_dataloaders = False
dataloaders_save_path = None
log_wandb = False

Training Hyper Parameters:
epochs = 100
train_batch_size = 256
learner = adam
learning_rate = 0.001
train_neg_sample_args = {'distribution': 'none', 'sample_num': 'none', 'alpha': 'none', 'dynamic': False, 'candidate_num': 0}
eval_step = 1
stopping_step = 10
clip_grad_norm = None
weight_decay = 0.0
loss_decimal_place = 4

Evaluation Hyper Parameters:
eval_args = {'split': {'LS': 'valid_and_test'}, 'order': 'TO', 'group_by': 'user', 'mode': {'valid': 'uni100', 'test': 'uni100'}}
repeatable = True
metrics = ['Hit', 'NDCG', 'MRR']
topk = [10]
valid_metric = Hit@10
valid_metric_bigger = True
eval_batch_size = 512
metric_decimal_place = 4

Dataset Hyper Parameters:
field_separator = 	
seq_separator =  
USER_ID_FIELD = user_id
ITEM_ID_FIELD = item_id
RATING_FIELD = rating
TIME_FIELD = timestamp
seq_len = None
LABEL_FIELD = label
threshold = None
NEG_PREFIX = neg_
load_col = {'inter': ['user_id', 'item_id', 'rating', 'timestamp']}
unload_col = None
unused_col = None
additional_feat_suffix = None
rm_dup_inter = None
val_interval = None
filter_inter_by_user_or_item = True
user_inter_num_interval = [0,inf)
item_inter_num_interval = [0,inf)
alias_of_user_id = None
alias_of_item_id = None
alias_of_entity_id = None
alias_of_relation_id = None
preload_weight = None
normalize_field = None
normalize_all = None
ITEM_LIST_LENGTH_FIELD = item_length
LIST_SUFFIX = _list
MAX_ITEM_LIST_LENGTH = 32
POSITION_FIELD = position_id
HEAD_ENTITY_ID_FIELD = head_id
TAIL_ENTITY_ID_FIELD = tail_id
RELATION_ID_FIELD = relation_id
ENTITY_ID_FIELD = entity_id
benchmark_filename = None

Other Hyper Parameters: 
worker = 0
wandb_project = recbole
shuffle = True
require_pow = False
enable_amp = False
enable_scaler = False
transform = None
numerical_features = []
discretization = None
kg_reverse_r = False
entity_kg_num_interval = [0,inf)
relation_kg_num_interval = [0,inf)
MODEL_TYPE = ModelType.SEQUENTIAL
model_name = TimeWeaver
hidden_size = 64
num_layers = 2
hidden_dropout_prob = 0.5
initializer_range = 0.02
time_bucket_size = 1000
ema_decay = 0.5
tcn_kernel_size = -1
ffn_hidden_size = 256
loss_type = CE
early_stop = 10
neg_sampling = None
device = cuda
use_continuous_time = False
use_time_gate = False
use_time_augmentation = False
MODEL_INPUT_TYPE = InputType.POINTWISE
eval_type = EvaluatorType.RANKING
single_spec = True
local_rank = 0
valid_neg_sample_args = {'distribution': 'uniform', 'sample_num': 100}
test_neg_sample_args = {'distribution': 'uniform', 'sample_num': 100}


Fri 20 Feb 2026 12:40:25 INFO  amazon-beauty-5core-subset
The number of users: 7001
Average actions of users: 15.458
The number of items: 11924
Average actions of items: 9.075400486454752
The number of inters: 108206
The sparsity of the dataset: 99.87038081155896%
Remain Fields: ['user_id', 'item_id', 'rating', 'timestamp']
Fri 20 Feb 2026 12:40:27 INFO  [Training]: train_batch_size = [256] train_neg_sample_args: [{'distribution': 'none', 'sample_num': 'none', 'alpha': 'none', 'dynamic': False, 'candidate_num': 0}]
Fri 20 Feb 2026 12:40:27 INFO  [Evaluation]: eval_batch_size = [512] eval_args: [{'split': {'LS': 'valid_and_test'}, 'order': 'TO', 'group_by': 'user', 'mode': {'valid': 'uni100', 'test': 'uni100'}}]
Fri 20 Feb 2026 12:40:27 INFO  TimeWeaver(
  (item_embedding): Embedding(11924, 64, padding_idx=0)
  (time_aug): TimeAwareAugmentation(
    (pos_embedding): Embedding(32, 64)
    (time_embedding): Embedding(1000, 64)
    (layer_norm): LayerNorm((64,), eps=1e-05, elementwise_affine=True)
    (drop): Dropout(p=0.5, inplace=False)
  )
  (context_layers): ModuleList(
    (0-1): 2 x TCNNextBlock(
      (dw): DepthwiseConv1d(
        (conv): Conv1d(64, 64, kernel_size=(11,), stride=(1,), padding=(5,), groups=64)
        (bn): BatchNorm1d(64, eps=1e-05, momentum=0.1, affine=True, track_running_stats=True)
        (drop): Dropout(p=0.5, inplace=False)
      )
      (norm1): LayerNorm((64,), eps=1e-05, elementwise_affine=True)
      (conv_inter): ParallelConvInter(
        (conv1): Conv1d(64, 64, kernel_size=(1,), stride=(1,))
        (conv3): Conv1d(64, 64, kernel_size=(3,), stride=(1,), padding=(1,))
        (proj): Conv1d(64, 64, kernel_size=(1,), stride=(1,))
        (drop): Dropout(p=0.5, inplace=False)
      )
      (norm2): LayerNorm((64,), eps=1e-05, elementwise_affine=True)
      (ffn): Sequential(
        (0): Linear(in_features=64, out_features=256, bias=True)
        (1): GELU(approximate='none')
        (2): Dropout(p=0.5, inplace=False)
        (3): Linear(in_features=256, out_features=64, bias=True)
        (4): Dropout(p=0.5, inplace=False)
      )
      (norm3): LayerNorm((64,), eps=1e-05, elementwise_affine=True)
    )
  )
  (dynamic_layers): ModuleList(
    (0-1): 2 x EMAStream(
      (proj): Linear(in_features=64, out_features=64, bias=True)
    )
  )
  (weavers): ModuleList(
    (0-1): 2 x StreamWeaver(
      (proj): Linear(in_features=128, out_features=64, bias=True)
      (norm): LayerNorm((64,), eps=1e-05, elementwise_affine=True)
    )
  )
  (loss_fct): CrossEntropyLoss()
)
Trainable parameters: 964481.0
Fri 20 Feb 2026 12:40:28 INFO  FLOPs: 4298752.0
Fri 20 Feb 2026 12:40:59 INFO  epoch 0 training [time: 30.09s, train loss: 2936.2302]
Fri 20 Feb 2026 12:41:11 INFO  epoch 0 evaluating [time: 11.50s, valid_score: 0.462700]
Fri 20 Feb 2026 12:41:11 INFO  valid result: 
hit@10 : 0.4627    ndcg@10 : 0.2768    mrr@10 : 0.219
Fri 20 Feb 2026 12:41:11 INFO  Saving current: saved\TimeWeaver-Feb-20-2026_12-40-28.pth
Fri 20 Feb 2026 12:42:08 INFO  epoch 1 training [time: 56.97s, train loss: 2708.9912]
Fri 20 Feb 2026 12:42:19 INFO  epoch 1 evaluating [time: 11.21s, valid_score: 0.501600]
Fri 20 Feb 2026 12:42:19 INFO  valid result: 
hit@10 : 0.5016    ndcg@10 : 0.3381    mrr@10 : 0.2869
Fri 20 Feb 2026 12:42:19 INFO  Saving current: saved\TimeWeaver-Feb-20-2026_12-40-28.pth
Fri 20 Feb 2026 12:42:48 INFO  epoch 2 training [time: 28.63s, train loss: 2563.1766]
Fri 20 Feb 2026 12:42:59 INFO  epoch 2 evaluating [time: 11.16s, valid_score: 0.531900]
Fri 20 Feb 2026 12:42:59 INFO  valid result: 
hit@10 : 0.5319    ndcg@10 : 0.3734    mrr@10 : 0.3236
Fri 20 Feb 2026 12:42:59 INFO  Saving current: saved\TimeWeaver-Feb-20-2026_12-40-28.pth
Fri 20 Feb 2026 12:43:27 INFO  epoch 3 training [time: 28.47s, train loss: 2446.3307]
Fri 20 Feb 2026 12:43:38 INFO  epoch 3 evaluating [time: 10.88s, valid_score: 0.538600]
Fri 20 Feb 2026 12:43:38 INFO  valid result: 
hit@10 : 0.5386    ndcg@10 : 0.3876    mrr@10 : 0.3404
Fri 20 Feb 2026 12:43:38 INFO  Saving current: saved\TimeWeaver-Feb-20-2026_12-40-28.pth
Fri 20 Feb 2026 12:44:07 INFO  epoch 4 training [time: 28.19s, train loss: 2349.2199]
Fri 20 Feb 2026 12:44:18 INFO  epoch 4 evaluating [time: 11.05s, valid_score: 0.533900]
Fri 20 Feb 2026 12:44:18 INFO  valid result: 
hit@10 : 0.5339    ndcg@10 : 0.3884    mrr@10 : 0.3428
Fri 20 Feb 2026 12:44:48 INFO  epoch 5 training [time: 29.91s, train loss: 2266.8681]
Fri 20 Feb 2026 12:44:59 INFO  epoch 5 evaluating [time: 11.46s, valid_score: 0.531000]
Fri 20 Feb 2026 12:44:59 INFO  valid result: 
hit@10 : 0.531    ndcg@10 : 0.3886    mrr@10 : 0.344
Fri 20 Feb 2026 12:45:28 INFO  epoch 6 training [time: 28.64s, train loss: 2197.9730]
Fri 20 Feb 2026 12:45:39 INFO  epoch 6 evaluating [time: 10.87s, valid_score: 0.537400]
Fri 20 Feb 2026 12:45:39 INFO  valid result: 
hit@10 : 0.5374    ndcg@10 : 0.3941    mrr@10 : 0.3491
Fri 20 Feb 2026 12:46:07 INFO  epoch 7 training [time: 28.29s, train loss: 2140.1599]
Fri 20 Feb 2026 12:46:18 INFO  epoch 7 evaluating [time: 11.28s, valid_score: 0.535600]
Fri 20 Feb 2026 12:46:18 INFO  valid result: 
hit@10 : 0.5356    ndcg@10 : 0.3915    mrr@10 : 0.3463
Fri 20 Feb 2026 12:46:46 INFO  epoch 8 training [time: 27.56s, train loss: 2091.9544]
Fri 20 Feb 2026 12:46:57 INFO  epoch 8 evaluating [time: 11.09s, valid_score: 0.537000]
Fri 20 Feb 2026 12:46:57 INFO  valid result: 
hit@10 : 0.537    ndcg@10 : 0.3928    mrr@10 : 0.3478
Fri 20 Feb 2026 12:47:25 INFO  epoch 9 training [time: 28.02s, train loss: 2050.3441]
Fri 20 Feb 2026 12:47:36 INFO  epoch 9 evaluating [time: 11.05s, valid_score: 0.529900]
Fri 20 Feb 2026 12:47:36 INFO  valid result: 
hit@10 : 0.5299    ndcg@10 : 0.3879    mrr@10 : 0.3434
Fri 20 Feb 2026 12:48:04 INFO  epoch 10 training [time: 28.28s, train loss: 2018.3412]
Fri 20 Feb 2026 12:48:15 INFO  epoch 10 evaluating [time: 10.96s, valid_score: 0.534600]
Fri 20 Feb 2026 12:48:15 INFO  valid result: 
hit@10 : 0.5346    ndcg@10 : 0.3898    mrr@10 : 0.3445
Fri 20 Feb 2026 12:48:45 INFO  epoch 11 training [time: 30.37s, train loss: 1988.3743]
Fri 20 Feb 2026 12:48:57 INFO  epoch 11 evaluating [time: 11.38s, valid_score: 0.539600]
Fri 20 Feb 2026 12:48:57 INFO  valid result: 
hit@10 : 0.5396    ndcg@10 : 0.3932    mrr@10 : 0.3475
Fri 20 Feb 2026 12:48:57 INFO  Saving current: saved\TimeWeaver-Feb-20-2026_12-40-28.pth
Fri 20 Feb 2026 12:49:27 INFO  epoch 12 training [time: 29.78s, train loss: 1962.0102]
Fri 20 Feb 2026 12:49:38 INFO  epoch 12 evaluating [time: 11.09s, valid_score: 0.531300]
Fri 20 Feb 2026 12:49:38 INFO  valid result: 
hit@10 : 0.5313    ndcg@10 : 0.3877    mrr@10 : 0.3429
Fri 20 Feb 2026 12:50:07 INFO  epoch 13 training [time: 29.30s, train loss: 1938.2560]
Fri 20 Feb 2026 12:50:18 INFO  epoch 13 evaluating [time: 11.20s, valid_score: 0.533700]
Fri 20 Feb 2026 12:50:18 INFO  valid result: 
hit@10 : 0.5337    ndcg@10 : 0.3881    mrr@10 : 0.3426
Fri 20 Feb 2026 12:50:48 INFO  epoch 14 training [time: 29.80s, train loss: 1915.7590]
Fri 20 Feb 2026 12:50:59 INFO  epoch 14 evaluating [time: 11.05s, valid_score: 0.534600]
Fri 20 Feb 2026 12:50:59 INFO  valid result: 
hit@10 : 0.5346    ndcg@10 : 0.3862    mrr@10 : 0.34
Fri 20 Feb 2026 12:51:28 INFO  epoch 15 training [time: 29.01s, train loss: 1898.8907]
Fri 20 Feb 2026 12:51:39 INFO  epoch 15 evaluating [time: 11.13s, valid_score: 0.530100]
Fri 20 Feb 2026 12:51:39 INFO  valid result: 
hit@10 : 0.5301    ndcg@10 : 0.3853    mrr@10 : 0.3401
Fri 20 Feb 2026 12:52:07 INFO  epoch 16 training [time: 27.95s, train loss: 1879.5661]
Fri 20 Feb 2026 12:52:18 INFO  epoch 16 evaluating [time: 10.98s, valid_score: 0.532600]
Fri 20 Feb 2026 12:52:18 INFO  valid result: 
hit@10 : 0.5326    ndcg@10 : 0.3872    mrr@10 : 0.3417
Fri 20 Feb 2026 12:52:48 INFO  epoch 17 training [time: 30.28s, train loss: 1861.9291]
Fri 20 Feb 2026 12:53:00 INFO  epoch 17 evaluating [time: 11.59s, valid_score: 0.528600]
Fri 20 Feb 2026 12:53:00 INFO  valid result: 
hit@10 : 0.5286    ndcg@10 : 0.3872    mrr@10 : 0.3431
Fri 20 Feb 2026 12:53:29 INFO  epoch 18 training [time: 28.73s, train loss: 1847.0372]
Fri 20 Feb 2026 12:53:40 INFO  epoch 18 evaluating [time: 10.83s, valid_score: 0.529600]
Fri 20 Feb 2026 12:53:40 INFO  valid result: 
hit@10 : 0.5296    ndcg@10 : 0.3851    mrr@10 : 0.34
Fri 20 Feb 2026 12:54:08 INFO  epoch 19 training [time: 28.76s, train loss: 1830.1521]
Fri 20 Feb 2026 12:54:19 INFO  epoch 19 evaluating [time: 11.09s, valid_score: 0.533900]
Fri 20 Feb 2026 12:54:19 INFO  valid result: 
hit@10 : 0.5339    ndcg@10 : 0.388    mrr@10 : 0.3425
Fri 20 Feb 2026 12:54:48 INFO  epoch 20 training [time: 28.84s, train loss: 1814.1838]
Fri 20 Feb 2026 12:54:59 INFO  epoch 20 evaluating [time: 11.07s, valid_score: 0.530900]
Fri 20 Feb 2026 12:54:59 INFO  valid result: 
hit@10 : 0.5309    ndcg@10 : 0.3859    mrr@10 : 0.3408
Fri 20 Feb 2026 12:55:28 INFO  epoch 21 training [time: 28.70s, train loss: 1800.5315]
Fri 20 Feb 2026 12:55:39 INFO  epoch 21 evaluating [time: 11.08s, valid_score: 0.528600]
Fri 20 Feb 2026 12:55:39 INFO  valid result: 
hit@10 : 0.5286    ndcg@10 : 0.3839    mrr@10 : 0.3388
Fri 20 Feb 2026 12:56:08 INFO  epoch 22 training [time: 28.53s, train loss: 1788.0129]
Fri 20 Feb 2026 12:56:19 INFO  epoch 22 evaluating [time: 11.05s, valid_score: 0.531100]
Fri 20 Feb 2026 12:56:19 INFO  valid result: 
hit@10 : 0.5311    ndcg@10 : 0.3868    mrr@10 : 0.342
Fri 20 Feb 2026 12:56:19 INFO  Finished training, best eval result in epoch 11
Fri 20 Feb 2026 12:56:19 INFO  Loading model structure and parameters from saved\TimeWeaver-Feb-20-2026_12-40-28.pth
Fri 20 Feb 2026 12:56:31 INFO  The running environment of this training is as follows:
+-------------+----------------+
| Environment |     Usage      |
+=============+================+
| CPU         |     9.50 %     |
+-------------+----------------+
| GPU         | 0.22 G/6.00 G  |
+-------------+----------------+
| Memory      | 0.38 G/15.63 G |
+-------------+----------------+
Fri 20 Feb 2026 12:56:31 INFO  best valid : OrderedDict([('hit@10', 0.5396), ('ndcg@10', 0.3932), ('mrr@10', 0.3475)])
Fri 20 Feb 2026 12:56:31 INFO  test result: OrderedDict([('hit@10', 0.4946), ('ndcg@10', 0.3531), ('mrr@10', 0.3088)])
Fri 20 Feb 2026 12:56:31 WARNING  command line args [--models timeweaver --datasets amazon-beauty-5core-subset --timeweaver-variant base --seeds 42,2023,2024 --device gpu --output results/timeweaver_tta_quad_amazon-beauty-5core-subset.json --tag base_no_tta] will not be used in RecBole
Fri 20 Feb 2026 12:56:31 INFO  ['F:\\桌面\\recommendation_system\\scripts\\run_grid.py', '--models', 'timeweaver', '--datasets', 'amazon-beauty-5core-subset', '--timeweaver-variant', 'base', '--seeds', '42,2023,2024', '--device', 'gpu', '--output', 'results/timeweaver_tta_quad_amazon-beauty-5core-subset.json', '--tag', 'base_no_tta']
Fri 20 Feb 2026 12:56:31 INFO  
General Hyper Parameters:
gpu_id = 0
use_gpu = True
seed = 2023
state = INFO
reproducibility = True
data_path = data/amazon\amazon-beauty-5core-subset
checkpoint_dir = saved
show_progress = True
save_dataset = False
dataset_save_path = None
save_dataloaders = False
dataloaders_save_path = None
log_wandb = False

Training Hyper Parameters:
epochs = 100
train_batch_size = 256
learner = adam
learning_rate = 0.001
train_neg_sample_args = {'distribution': 'none', 'sample_num': 'none', 'alpha': 'none', 'dynamic': False, 'candidate_num': 0}
eval_step = 1
stopping_step = 10
clip_grad_norm = None
weight_decay = 0.0
loss_decimal_place = 4

Evaluation Hyper Parameters:
eval_args = {'split': {'LS': 'valid_and_test'}, 'order': 'TO', 'group_by': 'user', 'mode': {'valid': 'uni100', 'test': 'uni100'}}
repeatable = True
metrics = ['Hit', 'NDCG', 'MRR']
topk = [10]
valid_metric = Hit@10
valid_metric_bigger = True
eval_batch_size = 512
metric_decimal_place = 4

Dataset Hyper Parameters:
field_separator = 	
seq_separator =  
USER_ID_FIELD = user_id
ITEM_ID_FIELD = item_id
RATING_FIELD = rating
TIME_FIELD = timestamp
seq_len = None
LABEL_FIELD = label
threshold = None
NEG_PREFIX = neg_
load_col = {'inter': ['user_id', 'item_id', 'rating', 'timestamp']}
unload_col = None
unused_col = None
additional_feat_suffix = None
rm_dup_inter = None
val_interval = None
filter_inter_by_user_or_item = True
user_inter_num_interval = [0,inf)
item_inter_num_interval = [0,inf)
alias_of_user_id = None
alias_of_item_id = None
alias_of_entity_id = None
alias_of_relation_id = None
preload_weight = None
normalize_field = None
normalize_all = None
ITEM_LIST_LENGTH_FIELD = item_length
LIST_SUFFIX = _list
MAX_ITEM_LIST_LENGTH = 32
POSITION_FIELD = position_id
HEAD_ENTITY_ID_FIELD = head_id
TAIL_ENTITY_ID_FIELD = tail_id
RELATION_ID_FIELD = relation_id
ENTITY_ID_FIELD = entity_id
benchmark_filename = None

Other Hyper Parameters: 
worker = 0
wandb_project = recbole
shuffle = True
require_pow = False
enable_amp = False
enable_scaler = False
transform = None
numerical_features = []
discretization = None
kg_reverse_r = False
entity_kg_num_interval = [0,inf)
relation_kg_num_interval = [0,inf)
MODEL_TYPE = ModelType.SEQUENTIAL
model_name = TimeWeaver
hidden_size = 64
num_layers = 2
hidden_dropout_prob = 0.5
initializer_range = 0.02
time_bucket_size = 1000
ema_decay = 0.5
tcn_kernel_size = -1
ffn_hidden_size = 256
loss_type = CE
early_stop = 10
neg_sampling = None
device = cuda
use_continuous_time = False
use_time_gate = False
use_time_augmentation = False
MODEL_INPUT_TYPE = InputType.POINTWISE
eval_type = EvaluatorType.RANKING
single_spec = True
local_rank = 0
valid_neg_sample_args = {'distribution': 'uniform', 'sample_num': 100}
test_neg_sample_args = {'distribution': 'uniform', 'sample_num': 100}


Fri 20 Feb 2026 12:56:32 INFO  amazon-beauty-5core-subset
The number of users: 7001
Average actions of users: 15.458
The number of items: 11924
Average actions of items: 9.075400486454752
The number of inters: 108206
The sparsity of the dataset: 99.87038081155896%
Remain Fields: ['user_id', 'item_id', 'rating', 'timestamp']
Fri 20 Feb 2026 12:56:34 INFO  [Training]: train_batch_size = [256] train_neg_sample_args: [{'distribution': 'none', 'sample_num': 'none', 'alpha': 'none', 'dynamic': False, 'candidate_num': 0}]
Fri 20 Feb 2026 12:56:34 INFO  [Evaluation]: eval_batch_size = [512] eval_args: [{'split': {'LS': 'valid_and_test'}, 'order': 'TO', 'group_by': 'user', 'mode': {'valid': 'uni100', 'test': 'uni100'}}]
Fri 20 Feb 2026 12:56:34 INFO  TimeWeaver(
  (item_embedding): Embedding(11924, 64, padding_idx=0)
  (time_aug): TimeAwareAugmentation(
    (pos_embedding): Embedding(32, 64)
    (time_embedding): Embedding(1000, 64)
    (layer_norm): LayerNorm((64,), eps=1e-05, elementwise_affine=True)
    (drop): Dropout(p=0.5, inplace=False)
  )
  (context_layers): ModuleList(
    (0-1): 2 x TCNNextBlock(
      (dw): DepthwiseConv1d(
        (conv): Conv1d(64, 64, kernel_size=(11,), stride=(1,), padding=(5,), groups=64)
        (bn): BatchNorm1d(64, eps=1e-05, momentum=0.1, affine=True, track_running_stats=True)
        (drop): Dropout(p=0.5, inplace=False)
      )
      (norm1): LayerNorm((64,), eps=1e-05, elementwise_affine=True)
      (conv_inter): ParallelConvInter(
        (conv1): Conv1d(64, 64, kernel_size=(1,), stride=(1,))
        (conv3): Conv1d(64, 64, kernel_size=(3,), stride=(1,), padding=(1,))
        (proj): Conv1d(64, 64, kernel_size=(1,), stride=(1,))
        (drop): Dropout(p=0.5, inplace=False)
      )
      (norm2): LayerNorm((64,), eps=1e-05, elementwise_affine=True)
      (ffn): Sequential(
        (0): Linear(in_features=64, out_features=256, bias=True)
        (1): GELU(approximate='none')
        (2): Dropout(p=0.5, inplace=False)
        (3): Linear(in_features=256, out_features=64, bias=True)
        (4): Dropout(p=0.5, inplace=False)
      )
      (norm3): LayerNorm((64,), eps=1e-05, elementwise_affine=True)
    )
  )
  (dynamic_layers): ModuleList(
    (0-1): 2 x EMAStream(
      (proj): Linear(in_features=64, out_features=64, bias=True)
    )
  )
  (weavers): ModuleList(
    (0-1): 2 x StreamWeaver(
      (proj): Linear(in_features=128, out_features=64, bias=True)
      (norm): LayerNorm((64,), eps=1e-05, elementwise_affine=True)
    )
  )
  (loss_fct): CrossEntropyLoss()
)
Trainable parameters: 964481.0
Fri 20 Feb 2026 12:56:34 INFO  FLOPs: 4298752.0
Fri 20 Feb 2026 12:57:05 INFO  epoch 0 training [time: 31.29s, train loss: 2931.3772]
Fri 20 Feb 2026 12:57:17 INFO  epoch 0 evaluating [time: 11.63s, valid_score: 0.455700]
Fri 20 Feb 2026 12:57:17 INFO  valid result: 
hit@10 : 0.4557    ndcg@10 : 0.2761    mrr@10 : 0.2202
Fri 20 Feb 2026 12:57:17 INFO  Saving current: saved\TimeWeaver-Feb-20-2026_12-56-34.pth
Fri 20 Feb 2026 12:57:46 INFO  epoch 1 training [time: 28.63s, train loss: 2698.6365]
Fri 20 Feb 2026 12:57:57 INFO  epoch 1 evaluating [time: 11.52s, valid_score: 0.510400]
Fri 20 Feb 2026 12:57:57 INFO  valid result: 
hit@10 : 0.5104    ndcg@10 : 0.3476    mrr@10 : 0.2966
Fri 20 Feb 2026 12:57:57 INFO  Saving current: saved\TimeWeaver-Feb-20-2026_12-56-34.pth
Fri 20 Feb 2026 12:58:26 INFO  epoch 2 training [time: 29.03s, train loss: 2545.6872]
Fri 20 Feb 2026 12:58:37 INFO  epoch 2 evaluating [time: 11.22s, valid_score: 0.540300]
Fri 20 Feb 2026 12:58:37 INFO  valid result: 
hit@10 : 0.5403    ndcg@10 : 0.3821    mrr@10 : 0.3326
Fri 20 Feb 2026 12:58:37 INFO  Saving current: saved\TimeWeaver-Feb-20-2026_12-56-34.pth
Fri 20 Feb 2026 12:59:07 INFO  epoch 3 training [time: 29.23s, train loss: 2432.8055]
Fri 20 Feb 2026 12:59:18 INFO  epoch 3 evaluating [time: 11.23s, valid_score: 0.539600]
Fri 20 Feb 2026 12:59:18 INFO  valid result: 
hit@10 : 0.5396    ndcg@10 : 0.3906    mrr@10 : 0.3437
Fri 20 Feb 2026 12:59:47 INFO  epoch 4 training [time: 28.85s, train loss: 2340.0725]
Fri 20 Feb 2026 12:59:58 INFO  epoch 4 evaluating [time: 11.36s, valid_score: 0.537300]
Fri 20 Feb 2026 12:59:58 INFO  valid result: 
hit@10 : 0.5373    ndcg@10 : 0.394    mrr@10 : 0.3493
Fri 20 Feb 2026 13:00:28 INFO  epoch 5 training [time: 29.63s, train loss: 2257.2818]
Fri 20 Feb 2026 13:00:39 INFO  epoch 5 evaluating [time: 11.61s, valid_score: 0.538000]
Fri 20 Feb 2026 13:00:39 INFO  valid result: 
hit@10 : 0.538    ndcg@10 : 0.3947    mrr@10 : 0.3498
Fri 20 Feb 2026 13:01:10 INFO  epoch 6 training [time: 30.59s, train loss: 2189.8357]
Fri 20 Feb 2026 13:01:21 INFO  epoch 6 evaluating [time: 11.37s, valid_score: 0.535100]
Fri 20 Feb 2026 13:01:21 INFO  valid result: 
hit@10 : 0.5351    ndcg@10 : 0.3939    mrr@10 : 0.3496
Fri 20 Feb 2026 13:01:50 INFO  epoch 7 training [time: 28.50s, train loss: 2134.2676]
Fri 20 Feb 2026 13:02:01 INFO  epoch 7 evaluating [time: 11.45s, valid_score: 0.534600]
Fri 20 Feb 2026 13:02:01 INFO  valid result: 
hit@10 : 0.5346    ndcg@10 : 0.3947    mrr@10 : 0.3508
Fri 20 Feb 2026 13:02:30 INFO  epoch 8 training [time: 29.06s, train loss: 2086.4176]
Fri 20 Feb 2026 13:02:42 INFO  epoch 8 evaluating [time: 11.22s, valid_score: 0.530700]
Fri 20 Feb 2026 13:02:42 INFO  valid result: 
hit@10 : 0.5307    ndcg@10 : 0.3926    mrr@10 : 0.3493
Fri 20 Feb 2026 13:03:11 INFO  epoch 9 training [time: 29.08s, train loss: 2045.6258]
Fri 20 Feb 2026 13:03:22 INFO  epoch 9 evaluating [time: 11.24s, valid_score: 0.536100]
Fri 20 Feb 2026 13:03:22 INFO  valid result: 
hit@10 : 0.5361    ndcg@10 : 0.3964    mrr@10 : 0.3527
Fri 20 Feb 2026 13:03:51 INFO  epoch 10 training [time: 29.24s, train loss: 2010.1727]
Fri 20 Feb 2026 13:04:02 INFO  epoch 10 evaluating [time: 11.12s, valid_score: 0.530600]
Fri 20 Feb 2026 13:04:02 INFO  valid result: 
hit@10 : 0.5306    ndcg@10 : 0.3924    mrr@10 : 0.3493
Fri 20 Feb 2026 13:04:32 INFO  epoch 11 training [time: 29.78s, train loss: 1982.1105]
Fri 20 Feb 2026 13:04:43 INFO  epoch 11 evaluating [time: 11.49s, valid_score: 0.536300]
Fri 20 Feb 2026 13:04:43 INFO  valid result: 
hit@10 : 0.5363    ndcg@10 : 0.3949    mrr@10 : 0.3508
Fri 20 Feb 2026 13:05:14 INFO  epoch 12 training [time: 30.53s, train loss: 1956.0213]
Fri 20 Feb 2026 13:05:25 INFO  epoch 12 evaluating [time: 11.25s, valid_score: 0.536700]
Fri 20 Feb 2026 13:05:25 INFO  valid result: 
hit@10 : 0.5367    ndcg@10 : 0.3942    mrr@10 : 0.3495
Fri 20 Feb 2026 13:05:54 INFO  epoch 13 training [time: 29.06s, train loss: 1933.1957]
Fri 20 Feb 2026 13:06:06 INFO  epoch 13 evaluating [time: 11.48s, valid_score: 0.534400]
Fri 20 Feb 2026 13:06:06 INFO  valid result: 
hit@10 : 0.5344    ndcg@10 : 0.3918    mrr@10 : 0.3473
Fri 20 Feb 2026 13:06:06 INFO  Finished training, best eval result in epoch 2
Fri 20 Feb 2026 13:06:06 INFO  Loading model structure and parameters from saved\TimeWeaver-Feb-20-2026_12-56-34.pth
Fri 20 Feb 2026 13:06:18 INFO  The running environment of this training is as follows:
+-------------+----------------+
| Environment |     Usage      |
+=============+================+
| CPU         |     7.00 %     |
+-------------+----------------+
| GPU         | 0.22 G/6.00 G  |
+-------------+----------------+
| Memory      | 0.61 G/15.63 G |
+-------------+----------------+
Fri 20 Feb 2026 13:06:18 INFO  best valid : OrderedDict([('hit@10', 0.5403), ('ndcg@10', 0.3821), ('mrr@10', 0.3326)])
Fri 20 Feb 2026 13:06:18 INFO  test result: OrderedDict([('hit@10', 0.497), ('ndcg@10', 0.3354), ('mrr@10', 0.285)])
Fri 20 Feb 2026 13:06:18 WARNING  command line args [--models timeweaver --datasets amazon-beauty-5core-subset --timeweaver-variant base --seeds 42,2023,2024 --device gpu --output results/timeweaver_tta_quad_amazon-beauty-5core-subset.json --tag base_no_tta] will not be used in RecBole
Fri 20 Feb 2026 13:06:18 INFO  ['F:\\桌面\\recommendation_system\\scripts\\run_grid.py', '--models', 'timeweaver', '--datasets', 'amazon-beauty-5core-subset', '--timeweaver-variant', 'base', '--seeds', '42,2023,2024', '--device', 'gpu', '--output', 'results/timeweaver_tta_quad_amazon-beauty-5core-subset.json', '--tag', 'base_no_tta']
Fri 20 Feb 2026 13:06:18 INFO  
General Hyper Parameters:
gpu_id = 0
use_gpu = True
seed = 2024
state = INFO
reproducibility = True
data_path = data/amazon\amazon-beauty-5core-subset
checkpoint_dir = saved
show_progress = True
save_dataset = False
dataset_save_path = None
save_dataloaders = False
dataloaders_save_path = None
log_wandb = False

Training Hyper Parameters:
epochs = 100
train_batch_size = 256
learner = adam
learning_rate = 0.001
train_neg_sample_args = {'distribution': 'none', 'sample_num': 'none', 'alpha': 'none', 'dynamic': False, 'candidate_num': 0}
eval_step = 1
stopping_step = 10
clip_grad_norm = None
weight_decay = 0.0
loss_decimal_place = 4

Evaluation Hyper Parameters:
eval_args = {'split': {'LS': 'valid_and_test'}, 'order': 'TO', 'group_by': 'user', 'mode': {'valid': 'uni100', 'test': 'uni100'}}
repeatable = True
metrics = ['Hit', 'NDCG', 'MRR']
topk = [10]
valid_metric = Hit@10
valid_metric_bigger = True
eval_batch_size = 512
metric_decimal_place = 4

Dataset Hyper Parameters:
field_separator = 	
seq_separator =  
USER_ID_FIELD = user_id
ITEM_ID_FIELD = item_id
RATING_FIELD = rating
TIME_FIELD = timestamp
seq_len = None
LABEL_FIELD = label
threshold = None
NEG_PREFIX = neg_
load_col = {'inter': ['user_id', 'item_id', 'rating', 'timestamp']}
unload_col = None
unused_col = None
additional_feat_suffix = None
rm_dup_inter = None
val_interval = None
filter_inter_by_user_or_item = True
user_inter_num_interval = [0,inf)
item_inter_num_interval = [0,inf)
alias_of_user_id = None
alias_of_item_id = None
alias_of_entity_id = None
alias_of_relation_id = None
preload_weight = None
normalize_field = None
normalize_all = None
ITEM_LIST_LENGTH_FIELD = item_length
LIST_SUFFIX = _list
MAX_ITEM_LIST_LENGTH = 32
POSITION_FIELD = position_id
HEAD_ENTITY_ID_FIELD = head_id
TAIL_ENTITY_ID_FIELD = tail_id
RELATION_ID_FIELD = relation_id
ENTITY_ID_FIELD = entity_id
benchmark_filename = None

Other Hyper Parameters: 
worker = 0
wandb_project = recbole
shuffle = True
require_pow = False
enable_amp = False
enable_scaler = False
transform = None
numerical_features = []
discretization = None
kg_reverse_r = False
entity_kg_num_interval = [0,inf)
relation_kg_num_interval = [0,inf)
MODEL_TYPE = ModelType.SEQUENTIAL
model_name = TimeWeaver
hidden_size = 64
num_layers = 2
hidden_dropout_prob = 0.5
initializer_range = 0.02
time_bucket_size = 1000
ema_decay = 0.5
tcn_kernel_size = -1
ffn_hidden_size = 256
loss_type = CE
early_stop = 10
neg_sampling = None
device = cuda
use_continuous_time = False
use_time_gate = False
use_time_augmentation = False
MODEL_INPUT_TYPE = InputType.POINTWISE
eval_type = EvaluatorType.RANKING
single_spec = True
local_rank = 0
valid_neg_sample_args = {'distribution': 'uniform', 'sample_num': 100}
test_neg_sample_args = {'distribution': 'uniform', 'sample_num': 100}


Fri 20 Feb 2026 13:06:19 INFO  amazon-beauty-5core-subset
The number of users: 7001
Average actions of users: 15.458
The number of items: 11924
Average actions of items: 9.075400486454752
The number of inters: 108206
The sparsity of the dataset: 99.87038081155896%
Remain Fields: ['user_id', 'item_id', 'rating', 'timestamp']
Fri 20 Feb 2026 13:06:21 INFO  [Training]: train_batch_size = [256] train_neg_sample_args: [{'distribution': 'none', 'sample_num': 'none', 'alpha': 'none', 'dynamic': False, 'candidate_num': 0}]
Fri 20 Feb 2026 13:06:21 INFO  [Evaluation]: eval_batch_size = [512] eval_args: [{'split': {'LS': 'valid_and_test'}, 'order': 'TO', 'group_by': 'user', 'mode': {'valid': 'uni100', 'test': 'uni100'}}]
Fri 20 Feb 2026 13:06:21 INFO  TimeWeaver(
  (item_embedding): Embedding(11924, 64, padding_idx=0)
  (time_aug): TimeAwareAugmentation(
    (pos_embedding): Embedding(32, 64)
    (time_embedding): Embedding(1000, 64)
    (layer_norm): LayerNorm((64,), eps=1e-05, elementwise_affine=True)
    (drop): Dropout(p=0.5, inplace=False)
  )
  (context_layers): ModuleList(
    (0-1): 2 x TCNNextBlock(
      (dw): DepthwiseConv1d(
        (conv): Conv1d(64, 64, kernel_size=(11,), stride=(1,), padding=(5,), groups=64)
        (bn): BatchNorm1d(64, eps=1e-05, momentum=0.1, affine=True, track_running_stats=True)
        (drop): Dropout(p=0.5, inplace=False)
      )
      (norm1): LayerNorm((64,), eps=1e-05, elementwise_affine=True)
      (conv_inter): ParallelConvInter(
        (conv1): Conv1d(64, 64, kernel_size=(1,), stride=(1,))
        (conv3): Conv1d(64, 64, kernel_size=(3,), stride=(1,), padding=(1,))
        (proj): Conv1d(64, 64, kernel_size=(1,), stride=(1,))
        (drop): Dropout(p=0.5, inplace=False)
      )
      (norm2): LayerNorm((64,), eps=1e-05, elementwise_affine=True)
      (ffn): Sequential(
        (0): Linear(in_features=64, out_features=256, bias=True)
        (1): GELU(approximate='none')
        (2): Dropout(p=0.5, inplace=False)
        (3): Linear(in_features=256, out_features=64, bias=True)
        (4): Dropout(p=0.5, inplace=False)
      )
      (norm3): LayerNorm((64,), eps=1e-05, elementwise_affine=True)
    )
  )
  (dynamic_layers): ModuleList(
    (0-1): 2 x EMAStream(
      (proj): Linear(in_features=64, out_features=64, bias=True)
    )
  )
  (weavers): ModuleList(
    (0-1): 2 x StreamWeaver(
      (proj): Linear(in_features=128, out_features=64, bias=True)
      (norm): LayerNorm((64,), eps=1e-05, elementwise_affine=True)
    )
  )
  (loss_fct): CrossEntropyLoss()
)
Trainable parameters: 964481.0
Fri 20 Feb 2026 13:06:21 INFO  FLOPs: 4298752.0
Fri 20 Feb 2026 13:06:51 INFO  epoch 0 training [time: 29.97s, train loss: 2934.3080]
Fri 20 Feb 2026 13:07:02 INFO  epoch 0 evaluating [time: 11.55s, valid_score: 0.464100]
Fri 20 Feb 2026 13:07:02 INFO  valid result: 
hit@10 : 0.4641    ndcg@10 : 0.2744    mrr@10 : 0.2156
Fri 20 Feb 2026 13:07:02 INFO  Saving current: saved\TimeWeaver-Feb-20-2026_13-06-21.pth
Fri 20 Feb 2026 13:07:32 INFO  epoch 1 training [time: 29.72s, train loss: 2714.9461]
Fri 20 Feb 2026 13:07:43 INFO  epoch 1 evaluating [time: 11.62s, valid_score: 0.514600]
Fri 20 Feb 2026 13:07:43 INFO  valid result: 
hit@10 : 0.5146    ndcg@10 : 0.342    mrr@10 : 0.2882
Fri 20 Feb 2026 13:07:43 INFO  Saving current: saved\TimeWeaver-Feb-20-2026_13-06-21.pth
Fri 20 Feb 2026 13:08:12 INFO  epoch 2 training [time: 28.89s, train loss: 2558.9620]
Fri 20 Feb 2026 13:08:24 INFO  epoch 2 evaluating [time: 11.78s, valid_score: 0.535600]
Fri 20 Feb 2026 13:08:24 INFO  valid result: 
hit@10 : 0.5356    ndcg@10 : 0.3753    mrr@10 : 0.325
Fri 20 Feb 2026 13:08:24 INFO  Saving current: saved\TimeWeaver-Feb-20-2026_13-06-21.pth
Fri 20 Feb 2026 13:08:55 INFO  epoch 3 training [time: 31.06s, train loss: 2445.8055]
Fri 20 Feb 2026 13:09:07 INFO  epoch 3 evaluating [time: 11.92s, valid_score: 0.541400]
Fri 20 Feb 2026 13:09:07 INFO  valid result: 
hit@10 : 0.5414    ndcg@10 : 0.3895    mrr@10 : 0.3416
Fri 20 Feb 2026 13:09:07 INFO  Saving current: saved\TimeWeaver-Feb-20-2026_13-06-21.pth
Fri 20 Feb 2026 13:09:36 INFO  epoch 4 training [time: 29.22s, train loss: 2352.1606]
Fri 20 Feb 2026 13:09:48 INFO  epoch 4 evaluating [time: 11.49s, valid_score: 0.541400]
Fri 20 Feb 2026 13:09:48 INFO  valid result: 
hit@10 : 0.5414    ndcg@10 : 0.3949    mrr@10 : 0.349
Fri 20 Feb 2026 13:09:48 INFO  Saving current: saved\TimeWeaver-Feb-20-2026_13-06-21.pth
Fri 20 Feb 2026 13:10:18 INFO  epoch 5 training [time: 29.76s, train loss: 2269.9983]
Fri 20 Feb 2026 13:10:29 INFO  epoch 5 evaluating [time: 11.45s, valid_score: 0.544000]
Fri 20 Feb 2026 13:10:29 INFO  valid result: 
hit@10 : 0.544    ndcg@10 : 0.3966    mrr@10 : 0.3503
Fri 20 Feb 2026 13:10:29 INFO  Saving current: saved\TimeWeaver-Feb-20-2026_13-06-21.pth
Fri 20 Feb 2026 13:10:59 INFO  epoch 6 training [time: 29.35s, train loss: 2200.3633]
Fri 20 Feb 2026 13:11:10 INFO  epoch 6 evaluating [time: 11.55s, valid_score: 0.535300]
Fri 20 Feb 2026 13:11:10 INFO  valid result: 
hit@10 : 0.5353    ndcg@10 : 0.3938    mrr@10 : 0.3493
Fri 20 Feb 2026 13:11:40 INFO  epoch 7 training [time: 29.46s, train loss: 2143.6875]
Fri 20 Feb 2026 13:11:51 INFO  epoch 7 evaluating [time: 11.51s, valid_score: 0.543400]
Fri 20 Feb 2026 13:11:51 INFO  valid result: 
hit@10 : 0.5434    ndcg@10 : 0.4024    mrr@10 : 0.3582
Fri 20 Feb 2026 13:12:20 INFO  epoch 8 training [time: 28.91s, train loss: 2094.5236]
Fri 20 Feb 2026 13:12:32 INFO  epoch 8 evaluating [time: 11.99s, valid_score: 0.538100]
Fri 20 Feb 2026 13:12:32 INFO  valid result: 
hit@10 : 0.5381    ndcg@10 : 0.3978    mrr@10 : 0.3538
Fri 20 Feb 2026 13:13:02 INFO  epoch 9 training [time: 30.12s, train loss: 2052.2906]
Fri 20 Feb 2026 13:13:14 INFO  epoch 9 evaluating [time: 12.00s, valid_score: 0.539100]
Fri 20 Feb 2026 13:13:14 INFO  valid result: 
hit@10 : 0.5391    ndcg@10 : 0.3954    mrr@10 : 0.3505
Fri 20 Feb 2026 13:13:42 INFO  epoch 10 training [time: 28.32s, train loss: 2020.7491]
Fri 20 Feb 2026 13:13:54 INFO  epoch 10 evaluating [time: 11.72s, valid_score: 0.538600]
Fri 20 Feb 2026 13:13:54 INFO  valid result: 
hit@10 : 0.5386    ndcg@10 : 0.3965    mrr@10 : 0.3519
Fri 20 Feb 2026 13:14:24 INFO  epoch 11 training [time: 29.50s, train loss: 1988.6600]
Fri 20 Feb 2026 13:14:35 INFO  epoch 11 evaluating [time: 11.45s, valid_score: 0.540000]
Fri 20 Feb 2026 13:14:35 INFO  valid result: 
hit@10 : 0.54    ndcg@10 : 0.3997    mrr@10 : 0.3559
Fri 20 Feb 2026 13:15:04 INFO  epoch 12 training [time: 29.30s, train loss: 1963.2036]
Fri 20 Feb 2026 13:15:16 INFO  epoch 12 evaluating [time: 11.39s, valid_score: 0.534000]
Fri 20 Feb 2026 13:15:16 INFO  valid result: 
hit@10 : 0.534    ndcg@10 : 0.3949    mrr@10 : 0.3513
Fri 20 Feb 2026 13:15:45 INFO  epoch 13 training [time: 29.04s, train loss: 1940.1953]
Fri 20 Feb 2026 13:15:56 INFO  epoch 13 evaluating [time: 11.44s, valid_score: 0.541600]
Fri 20 Feb 2026 13:15:56 INFO  valid result: 
hit@10 : 0.5416    ndcg@10 : 0.3962    mrr@10 : 0.3507
Fri 20 Feb 2026 13:16:26 INFO  epoch 14 training [time: 29.29s, train loss: 1922.1527]
Fri 20 Feb 2026 13:16:37 INFO  epoch 14 evaluating [time: 11.88s, valid_score: 0.541400]
Fri 20 Feb 2026 13:16:37 INFO  valid result: 
hit@10 : 0.5414    ndcg@10 : 0.397    mrr@10 : 0.3518
Fri 20 Feb 2026 13:17:08 INFO  epoch 15 training [time: 30.65s, train loss: 1899.1902]
Fri 20 Feb 2026 13:17:20 INFO  epoch 15 evaluating [time: 11.58s, valid_score: 0.537700]
Fri 20 Feb 2026 13:17:20 INFO  valid result: 
hit@10 : 0.5377    ndcg@10 : 0.3938    mrr@10 : 0.3489
Fri 20 Feb 2026 13:17:48 INFO  epoch 16 training [time: 28.47s, train loss: 1880.1360]
Fri 20 Feb 2026 13:18:00 INFO  epoch 16 evaluating [time: 11.70s, valid_score: 0.542600]
Fri 20 Feb 2026 13:18:00 INFO  valid result: 
hit@10 : 0.5426    ndcg@10 : 0.3975    mrr@10 : 0.3522
Fri 20 Feb 2026 13:18:00 INFO  Finished training, best eval result in epoch 5
Fri 20 Feb 2026 13:18:00 INFO  Loading model structure and parameters from saved\TimeWeaver-Feb-20-2026_13-06-21.pth
Fri 20 Feb 2026 13:18:12 INFO  The running environment of this training is as follows:
+-------------+----------------+
| Environment |     Usage      |
+=============+================+
| CPU         |    11.10 %     |
+-------------+----------------+
| GPU         | 0.22 G/6.00 G  |
+-------------+----------------+
| Memory      | 0.61 G/15.63 G |
+-------------+----------------+
Fri 20 Feb 2026 13:18:12 INFO  best valid : OrderedDict([('hit@10', 0.544), ('ndcg@10', 0.3966), ('mrr@10', 0.3503)])
Fri 20 Feb 2026 13:18:12 INFO  test result: OrderedDict([('hit@10', 0.5031), ('ndcg@10', 0.3563), ('mrr@10', 0.3104)])
