Mon 09 Feb 2026 12:45:45 INFO  ['F:\\桌面\\recommendation_system\\scripts\\run_grid.py', '--models', 'timeweaver', '--datasets', 'ml-100k', '--seeds', '42', '--device', 'gpu', '--timeweaver-variant', 'base', '--tag', 'e0p05_k9_d0p2_l1_f512_b1000', '--output', 'results/run_grid_timeweaver_tune.json', '--tw-ema-decay', '0.05', '--tw-tcn-kernel', '9', '--tw-hidden-dropout', '0.2', '--tw-num-layers', '1', '--tw-ffn-hidden', '512', '--tw-time-bucket', '1000']
Mon 09 Feb 2026 12:45:45 INFO  
General Hyper Parameters:
gpu_id = 0
use_gpu = True
seed = 42
state = INFO
reproducibility = True
data_path = F:\anaconda3\envs\rec39\Lib\site-packages\recbole\config\../dataset_example/ml-100k
checkpoint_dir = saved
show_progress = True
save_dataset = False
dataset_save_path = None
save_dataloaders = False
dataloaders_save_path = None
log_wandb = False

Training Hyper Parameters:
epochs = 100
train_batch_size = 256
learner = adam
learning_rate = 0.001
train_neg_sample_args = {'distribution': 'none', 'sample_num': 'none', 'alpha': 'none', 'dynamic': False, 'candidate_num': 0}
eval_step = 1
stopping_step = 10
clip_grad_norm = None
weight_decay = 0.0
loss_decimal_place = 4

Evaluation Hyper Parameters:
eval_args = {'split': {'LS': 'valid_and_test'}, 'order': 'TO', 'group_by': 'user', 'mode': {'valid': 'uni100', 'test': 'uni100'}}
repeatable = True
metrics = ['Hit', 'NDCG', 'MRR']
topk = [10]
valid_metric = MRR@10
valid_metric_bigger = True
eval_batch_size = 512
metric_decimal_place = 4

Dataset Hyper Parameters:
field_separator = 	
seq_separator =  
USER_ID_FIELD = user_id
ITEM_ID_FIELD = item_id
RATING_FIELD = rating
TIME_FIELD = timestamp
seq_len = None
LABEL_FIELD = label
threshold = None
NEG_PREFIX = neg_
load_col = {'inter': ['user_id', 'item_id', 'rating', 'timestamp'], 'user': ['user_id', 'age', 'gender', 'occupation', 'zip_code'], 'item': ['item_id', 'movie_title', 'release_year', 'class']}
unload_col = None
unused_col = None
additional_feat_suffix = None
rm_dup_inter = None
val_interval = None
filter_inter_by_user_or_item = True
user_inter_num_interval = None
item_inter_num_interval = None
alias_of_user_id = None
alias_of_item_id = None
alias_of_entity_id = None
alias_of_relation_id = None
preload_weight = None
normalize_field = None
normalize_all = True
ITEM_LIST_LENGTH_FIELD = item_length
LIST_SUFFIX = _list
MAX_ITEM_LIST_LENGTH = 32
POSITION_FIELD = position_id
HEAD_ENTITY_ID_FIELD = head_id
TAIL_ENTITY_ID_FIELD = tail_id
RELATION_ID_FIELD = relation_id
ENTITY_ID_FIELD = entity_id
kg_reverse_r = False
entity_kg_num_interval = None
relation_kg_num_interval = None
benchmark_filename = None

Other Hyper Parameters: 
worker = 0
wandb_project = recbole
shuffle = True
require_pow = False
enable_amp = False
enable_scaler = False
transform = None
numerical_features = []
discretization = None
MODEL_TYPE = ModelType.SEQUENTIAL
model_name = TimeWeaver
hidden_size = 64
num_layers = 1
hidden_dropout_prob = 0.2
initializer_range = 0.02
time_bucket_size = 1000
ema_decay = 0.05
tcn_kernel_size = 9
ffn_hidden_size = 512
loss_type = CE
early_stop = 10
neg_sampling = None
device = cuda
use_continuous_time = False
use_time_gate = False
use_time_augmentation = False
MODEL_INPUT_TYPE = InputType.POINTWISE
eval_type = EvaluatorType.RANKING
single_spec = True
local_rank = 0
valid_neg_sample_args = {'distribution': 'uniform', 'sample_num': 100}
test_neg_sample_args = {'distribution': 'uniform', 'sample_num': 100}


Mon 09 Feb 2026 12:45:45 INFO  ml-100k
The number of users: 944
Average actions of users: 106.04453870625663
The number of items: 1683
Average actions of items: 59.45303210463734
The number of inters: 100000
The sparsity of the dataset: 93.70575143257098%
Remain Fields: ['user_id', 'item_id', 'rating', 'timestamp', 'age', 'gender', 'occupation', 'zip_code', 'movie_title', 'release_year', 'class']
Mon 09 Feb 2026 12:45:47 INFO  [Training]: train_batch_size = [256] train_neg_sample_args: [{'distribution': 'none', 'sample_num': 'none', 'alpha': 'none', 'dynamic': False, 'candidate_num': 0}]
Mon 09 Feb 2026 12:45:47 INFO  [Evaluation]: eval_batch_size = [512] eval_args: [{'split': {'LS': 'valid_and_test'}, 'order': 'TO', 'group_by': 'user', 'mode': {'valid': 'uni100', 'test': 'uni100'}}]
Mon 09 Feb 2026 12:45:47 INFO  TimeWeaver(
  (item_embedding): Embedding(1683, 64, padding_idx=0)
  (time_aug): TimeAwareAugmentation(
    (pos_embedding): Embedding(32, 64)
    (time_embedding): Embedding(1000, 64)
    (layer_norm): LayerNorm((64,), eps=1e-05, elementwise_affine=True)
    (drop): Dropout(p=0.2, inplace=False)
  )
  (context_layers): ModuleList(
    (0): TCNNextBlock(
      (dw): DepthwiseConv1d(
        (conv): Conv1d(64, 64, kernel_size=(9,), stride=(1,), padding=(4,), groups=64)
        (bn): BatchNorm1d(64, eps=1e-05, momentum=0.1, affine=True, track_running_stats=True)
        (drop): Dropout(p=0.2, inplace=False)
      )
      (norm1): LayerNorm((64,), eps=1e-05, elementwise_affine=True)
      (conv_inter): ParallelConvInter(
        (conv1): Conv1d(64, 64, kernel_size=(1,), stride=(1,))
        (conv3): Conv1d(64, 64, kernel_size=(3,), stride=(1,), padding=(1,))
        (proj): Conv1d(64, 64, kernel_size=(1,), stride=(1,))
        (drop): Dropout(p=0.2, inplace=False)
      )
      (norm2): LayerNorm((64,), eps=1e-05, elementwise_affine=True)
      (ffn): Sequential(
        (0): Linear(in_features=64, out_features=512, bias=True)
        (1): GELU(approximate='none')
        (2): Dropout(p=0.2, inplace=False)
        (3): Linear(in_features=512, out_features=64, bias=True)
        (4): Dropout(p=0.2, inplace=False)
      )
      (norm3): LayerNorm((64,), eps=1e-05, elementwise_affine=True)
    )
  )
  (dynamic_layers): ModuleList(
    (0): EMAStream(
      (proj): Linear(in_features=64, out_features=64, bias=True)
    )
  )
  (weavers): ModuleList(
    (0): StreamWeaver(
      (proj): Linear(in_features=128, out_features=64, bias=True)
      (norm): LayerNorm((64,), eps=1e-05, elementwise_affine=True)
    )
  )
  (loss_fct): CrossEntropyLoss()
)
Trainable parameters: 274369.0
Mon 09 Feb 2026 12:45:47 INFO  FLOPs: 3198976.0
Mon 09 Feb 2026 12:46:07 INFO  epoch 0 training [time: 18.72s, train loss: 2428.7467]
Mon 09 Feb 2026 12:46:09 INFO  epoch 0 evaluating [time: 1.89s, valid_score: 0.279100]
Mon 09 Feb 2026 12:46:09 INFO  valid result: 
hit@10 : 0.6585    ndcg@10 : 0.368    mrr@10 : 0.2791
Mon 09 Feb 2026 12:46:09 INFO  Saving current: saved\TimeWeaver-Feb-09-2026_12-45-47.pth
Mon 09 Feb 2026 12:46:28 INFO  epoch 1 training [time: 19.21s, train loss: 2227.6907]
Mon 09 Feb 2026 12:46:30 INFO  epoch 1 evaluating [time: 1.78s, valid_score: 0.319400]
Mon 09 Feb 2026 12:46:30 INFO  valid result: 
hit@10 : 0.6935    ndcg@10 : 0.4076    mrr@10 : 0.3194
Mon 09 Feb 2026 12:46:30 INFO  Saving current: saved\TimeWeaver-Feb-09-2026_12-45-47.pth
Mon 09 Feb 2026 12:46:48 INFO  epoch 2 training [time: 18.77s, train loss: 2180.1530]
Mon 09 Feb 2026 12:46:50 INFO  epoch 2 evaluating [time: 1.74s, valid_score: 0.339900]
Mon 09 Feb 2026 12:46:50 INFO  valid result: 
hit@10 : 0.7063    ndcg@10 : 0.4264    mrr@10 : 0.3399
Mon 09 Feb 2026 12:46:50 INFO  Saving current: saved\TimeWeaver-Feb-09-2026_12-45-47.pth
Mon 09 Feb 2026 12:47:09 INFO  epoch 3 training [time: 19.04s, train loss: 2152.0908]
Mon 09 Feb 2026 12:47:11 INFO  epoch 3 evaluating [time: 1.84s, valid_score: 0.339200]
Mon 09 Feb 2026 12:47:11 INFO  valid result: 
hit@10 : 0.7264    ndcg@10 : 0.4309    mrr@10 : 0.3392
Mon 09 Feb 2026 12:47:31 INFO  epoch 4 training [time: 19.86s, train loss: 2129.5840]
Mon 09 Feb 2026 12:47:33 INFO  epoch 4 evaluating [time: 1.86s, valid_score: 0.352900]
Mon 09 Feb 2026 12:47:33 INFO  valid result: 
hit@10 : 0.7434    ndcg@10 : 0.4454    mrr@10 : 0.3529
Mon 09 Feb 2026 12:47:33 INFO  Saving current: saved\TimeWeaver-Feb-09-2026_12-45-47.pth
Mon 09 Feb 2026 12:47:53 INFO  epoch 5 training [time: 19.77s, train loss: 2112.3111]
Mon 09 Feb 2026 12:47:54 INFO  epoch 5 evaluating [time: 1.91s, valid_score: 0.350000]
Mon 09 Feb 2026 12:47:54 INFO  valid result: 
hit@10 : 0.7349    ndcg@10 : 0.4414    mrr@10 : 0.35
Mon 09 Feb 2026 12:48:14 INFO  epoch 6 training [time: 19.16s, train loss: 2098.5134]
Mon 09 Feb 2026 12:48:15 INFO  epoch 6 evaluating [time: 1.77s, valid_score: 0.336800]
Mon 09 Feb 2026 12:48:15 INFO  valid result: 
hit@10 : 0.7466    ndcg@10 : 0.4335    mrr@10 : 0.3368
Mon 09 Feb 2026 12:48:34 INFO  epoch 7 training [time: 18.78s, train loss: 2086.3002]
Mon 09 Feb 2026 12:48:36 INFO  epoch 7 evaluating [time: 1.85s, valid_score: 0.348400]
Mon 09 Feb 2026 12:48:36 INFO  valid result: 
hit@10 : 0.7359    ndcg@10 : 0.4403    mrr@10 : 0.3484
Mon 09 Feb 2026 12:48:55 INFO  epoch 8 training [time: 19.28s, train loss: 2077.3764]
Mon 09 Feb 2026 12:48:57 INFO  epoch 8 evaluating [time: 1.84s, valid_score: 0.351400]
Mon 09 Feb 2026 12:48:57 INFO  valid result: 
hit@10 : 0.737    ndcg@10 : 0.443    mrr@10 : 0.3514
Mon 09 Feb 2026 12:49:16 INFO  epoch 9 training [time: 18.87s, train loss: 2068.6942]
Mon 09 Feb 2026 12:49:18 INFO  epoch 9 evaluating [time: 1.76s, valid_score: 0.350400]
Mon 09 Feb 2026 12:49:18 INFO  valid result: 
hit@10 : 0.7402    ndcg@10 : 0.4426    mrr@10 : 0.3504
Mon 09 Feb 2026 12:49:36 INFO  epoch 10 training [time: 18.72s, train loss: 2061.6397]
Mon 09 Feb 2026 12:49:38 INFO  epoch 10 evaluating [time: 1.80s, valid_score: 0.344200]
Mon 09 Feb 2026 12:49:38 INFO  valid result: 
hit@10 : 0.7285    ndcg@10 : 0.4352    mrr@10 : 0.3442
Mon 09 Feb 2026 12:49:57 INFO  epoch 11 training [time: 19.10s, train loss: 2054.7595]
Mon 09 Feb 2026 12:49:59 INFO  epoch 11 evaluating [time: 1.79s, valid_score: 0.352000]
Mon 09 Feb 2026 12:49:59 INFO  valid result: 
hit@10 : 0.737    ndcg@10 : 0.4432    mrr@10 : 0.352
Mon 09 Feb 2026 12:50:18 INFO  epoch 12 training [time: 19.11s, train loss: 2049.4616]
Mon 09 Feb 2026 12:50:20 INFO  epoch 12 evaluating [time: 1.80s, valid_score: 0.341400]
Mon 09 Feb 2026 12:50:20 INFO  valid result: 
hit@10 : 0.719    ndcg@10 : 0.4312    mrr@10 : 0.3414
Mon 09 Feb 2026 12:50:39 INFO  epoch 13 training [time: 19.04s, train loss: 2043.0088]
Mon 09 Feb 2026 12:50:41 INFO  epoch 13 evaluating [time: 1.75s, valid_score: 0.347900]
Mon 09 Feb 2026 12:50:41 INFO  valid result: 
hit@10 : 0.7328    ndcg@10 : 0.4393    mrr@10 : 0.3479
Mon 09 Feb 2026 12:50:59 INFO  epoch 14 training [time: 18.56s, train loss: 2038.2283]
Mon 09 Feb 2026 12:51:01 INFO  epoch 14 evaluating [time: 1.85s, valid_score: 0.346300]
Mon 09 Feb 2026 12:51:01 INFO  valid result: 
hit@10 : 0.7306    ndcg@10 : 0.4371    mrr@10 : 0.3463
Mon 09 Feb 2026 12:51:21 INFO  epoch 15 training [time: 20.20s, train loss: 2033.5428]
Mon 09 Feb 2026 12:51:23 INFO  epoch 15 evaluating [time: 1.80s, valid_score: 0.362900]
Mon 09 Feb 2026 12:51:23 INFO  valid result: 
hit@10 : 0.737    ndcg@10 : 0.4516    mrr@10 : 0.3629
Mon 09 Feb 2026 12:51:23 INFO  Saving current: saved\TimeWeaver-Feb-09-2026_12-45-47.pth
Mon 09 Feb 2026 12:51:43 INFO  epoch 16 training [time: 19.71s, train loss: 2029.4397]
Mon 09 Feb 2026 12:51:45 INFO  epoch 16 evaluating [time: 1.92s, valid_score: 0.345100]
Mon 09 Feb 2026 12:51:45 INFO  valid result: 
hit@10 : 0.7179    ndcg@10 : 0.4337    mrr@10 : 0.3451
Mon 09 Feb 2026 12:52:04 INFO  epoch 17 training [time: 19.38s, train loss: 2024.1418]
Mon 09 Feb 2026 12:52:06 INFO  epoch 17 evaluating [time: 1.74s, valid_score: 0.339500]
Mon 09 Feb 2026 12:52:06 INFO  valid result: 
hit@10 : 0.7232    ndcg@10 : 0.4306    mrr@10 : 0.3395
Mon 09 Feb 2026 12:52:25 INFO  epoch 18 training [time: 18.51s, train loss: 2020.2294]
Mon 09 Feb 2026 12:52:26 INFO  epoch 18 evaluating [time: 1.73s, valid_score: 0.328400]
Mon 09 Feb 2026 12:52:26 INFO  valid result: 
hit@10 : 0.72    ndcg@10 : 0.4209    mrr@10 : 0.3284
Mon 09 Feb 2026 12:52:45 INFO  epoch 19 training [time: 19.04s, train loss: 2017.0209]
Mon 09 Feb 2026 12:52:47 INFO  epoch 19 evaluating [time: 1.81s, valid_score: 0.344600]
Mon 09 Feb 2026 12:52:47 INFO  valid result: 
hit@10 : 0.7317    ndcg@10 : 0.4365    mrr@10 : 0.3446
Mon 09 Feb 2026 12:53:06 INFO  epoch 20 training [time: 19.13s, train loss: 2012.3852]
Mon 09 Feb 2026 12:53:08 INFO  epoch 20 evaluating [time: 1.76s, valid_score: 0.345500]
Mon 09 Feb 2026 12:53:08 INFO  valid result: 
hit@10 : 0.7349    ndcg@10 : 0.4375    mrr@10 : 0.3455
Mon 09 Feb 2026 12:53:27 INFO  epoch 21 training [time: 18.60s, train loss: 2009.9835]
Mon 09 Feb 2026 12:53:28 INFO  epoch 21 evaluating [time: 1.78s, valid_score: 0.338900]
Mon 09 Feb 2026 12:53:28 INFO  valid result: 
hit@10 : 0.7243    ndcg@10 : 0.4306    mrr@10 : 0.3389
Mon 09 Feb 2026 12:53:47 INFO  epoch 22 training [time: 19.02s, train loss: 2005.9394]
Mon 09 Feb 2026 12:53:49 INFO  epoch 22 evaluating [time: 1.82s, valid_score: 0.349300]
Mon 09 Feb 2026 12:53:49 INFO  valid result: 
hit@10 : 0.7126    ndcg@10 : 0.4355    mrr@10 : 0.3493
Mon 09 Feb 2026 12:54:09 INFO  epoch 23 training [time: 19.25s, train loss: 2002.0474]
Mon 09 Feb 2026 12:54:10 INFO  epoch 23 evaluating [time: 1.85s, valid_score: 0.346700]
Mon 09 Feb 2026 12:54:10 INFO  valid result: 
hit@10 : 0.7179    ndcg@10 : 0.4349    mrr@10 : 0.3467
Mon 09 Feb 2026 12:54:30 INFO  epoch 24 training [time: 19.23s, train loss: 1999.1934]
Mon 09 Feb 2026 12:54:31 INFO  epoch 24 evaluating [time: 1.82s, valid_score: 0.341900]
Mon 09 Feb 2026 12:54:31 INFO  valid result: 
hit@10 : 0.7328    ndcg@10 : 0.4345    mrr@10 : 0.3419
Mon 09 Feb 2026 12:54:50 INFO  epoch 25 training [time: 18.60s, train loss: 1995.9668]
Mon 09 Feb 2026 12:54:52 INFO  epoch 25 evaluating [time: 1.73s, valid_score: 0.342800]
Mon 09 Feb 2026 12:54:52 INFO  valid result: 
hit@10 : 0.6967    ndcg@10 : 0.4269    mrr@10 : 0.3428
Mon 09 Feb 2026 12:55:11 INFO  epoch 26 training [time: 19.21s, train loss: 1992.5774]
Mon 09 Feb 2026 12:55:13 INFO  epoch 26 evaluating [time: 1.97s, valid_score: 0.333700]
Mon 09 Feb 2026 12:55:13 INFO  valid result: 
hit@10 : 0.7211    ndcg@10 : 0.4254    mrr@10 : 0.3337
Mon 09 Feb 2026 12:55:13 INFO  Finished training, best eval result in epoch 15
Mon 09 Feb 2026 12:55:13 INFO  Loading model structure and parameters from saved\TimeWeaver-Feb-09-2026_12-45-47.pth
Mon 09 Feb 2026 12:55:16 INFO  The running environment of this training is as follows:
+-------------+----------------+
| Environment |     Usage      |
+=============+================+
| CPU         |     7.80 %     |
+-------------+----------------+
| GPU         | 0.21 G/6.00 G  |
+-------------+----------------+
| Memory      | 1.53 G/15.63 G |
+-------------+----------------+
Mon 09 Feb 2026 12:55:16 INFO  best valid : OrderedDict([('hit@10', 0.737), ('ndcg@10', 0.4516), ('mrr@10', 0.3629)])
Mon 09 Feb 2026 12:55:16 INFO  test result: OrderedDict([('hit@10', 0.6957), ('ndcg@10', 0.4079), ('mrr@10', 0.3188)])
