Mon 09 Feb 2026 18:37:52 INFO  ['F:\\桌面\\recommendation_system\\scripts\\run_grid.py', '--models', 'timeweaver', '--datasets', 'ml-100k', '--seeds', '42', '--device', 'gpu', '--timeweaver-variant', 'base', '--tag', 'e0p1_k7_d0p5_l2_f512_b1000', '--output', 'results/run_grid_timeweaver_tune.json', '--tw-ema-decay', '0.1', '--tw-tcn-kernel', '7', '--tw-hidden-dropout', '0.5', '--tw-num-layers', '2', '--tw-ffn-hidden', '512', '--tw-time-bucket', '1000']
Mon 09 Feb 2026 18:37:52 INFO  
General Hyper Parameters:
gpu_id = 0
use_gpu = True
seed = 42
state = INFO
reproducibility = True
data_path = F:\anaconda3\envs\rec39\Lib\site-packages\recbole\config\../dataset_example/ml-100k
checkpoint_dir = saved
show_progress = True
save_dataset = False
dataset_save_path = None
save_dataloaders = False
dataloaders_save_path = None
log_wandb = False

Training Hyper Parameters:
epochs = 100
train_batch_size = 256
learner = adam
learning_rate = 0.001
train_neg_sample_args = {'distribution': 'none', 'sample_num': 'none', 'alpha': 'none', 'dynamic': False, 'candidate_num': 0}
eval_step = 1
stopping_step = 10
clip_grad_norm = None
weight_decay = 0.0
loss_decimal_place = 4

Evaluation Hyper Parameters:
eval_args = {'split': {'LS': 'valid_and_test'}, 'order': 'TO', 'group_by': 'user', 'mode': {'valid': 'uni100', 'test': 'uni100'}}
repeatable = True
metrics = ['Hit', 'NDCG', 'MRR']
topk = [10]
valid_metric = MRR@10
valid_metric_bigger = True
eval_batch_size = 512
metric_decimal_place = 4

Dataset Hyper Parameters:
field_separator = 	
seq_separator =  
USER_ID_FIELD = user_id
ITEM_ID_FIELD = item_id
RATING_FIELD = rating
TIME_FIELD = timestamp
seq_len = None
LABEL_FIELD = label
threshold = None
NEG_PREFIX = neg_
load_col = {'inter': ['user_id', 'item_id', 'rating', 'timestamp'], 'user': ['user_id', 'age', 'gender', 'occupation', 'zip_code'], 'item': ['item_id', 'movie_title', 'release_year', 'class']}
unload_col = None
unused_col = None
additional_feat_suffix = None
rm_dup_inter = None
val_interval = None
filter_inter_by_user_or_item = True
user_inter_num_interval = None
item_inter_num_interval = None
alias_of_user_id = None
alias_of_item_id = None
alias_of_entity_id = None
alias_of_relation_id = None
preload_weight = None
normalize_field = None
normalize_all = True
ITEM_LIST_LENGTH_FIELD = item_length
LIST_SUFFIX = _list
MAX_ITEM_LIST_LENGTH = 32
POSITION_FIELD = position_id
HEAD_ENTITY_ID_FIELD = head_id
TAIL_ENTITY_ID_FIELD = tail_id
RELATION_ID_FIELD = relation_id
ENTITY_ID_FIELD = entity_id
kg_reverse_r = False
entity_kg_num_interval = None
relation_kg_num_interval = None
benchmark_filename = None

Other Hyper Parameters: 
worker = 0
wandb_project = recbole
shuffle = True
require_pow = False
enable_amp = False
enable_scaler = False
transform = None
numerical_features = []
discretization = None
MODEL_TYPE = ModelType.SEQUENTIAL
model_name = TimeWeaver
hidden_size = 64
num_layers = 2
hidden_dropout_prob = 0.5
initializer_range = 0.02
time_bucket_size = 1000
ema_decay = 0.1
tcn_kernel_size = 7
ffn_hidden_size = 512
loss_type = CE
early_stop = 10
neg_sampling = None
device = cuda
use_continuous_time = False
use_time_gate = False
use_time_augmentation = False
MODEL_INPUT_TYPE = InputType.POINTWISE
eval_type = EvaluatorType.RANKING
single_spec = True
local_rank = 0
valid_neg_sample_args = {'distribution': 'uniform', 'sample_num': 100}
test_neg_sample_args = {'distribution': 'uniform', 'sample_num': 100}


Mon 09 Feb 2026 18:37:52 INFO  ml-100k
The number of users: 944
Average actions of users: 106.04453870625663
The number of items: 1683
Average actions of items: 59.45303210463734
The number of inters: 100000
The sparsity of the dataset: 93.70575143257098%
Remain Fields: ['user_id', 'item_id', 'rating', 'timestamp', 'age', 'gender', 'occupation', 'zip_code', 'movie_title', 'release_year', 'class']
Mon 09 Feb 2026 18:37:54 INFO  [Training]: train_batch_size = [256] train_neg_sample_args: [{'distribution': 'none', 'sample_num': 'none', 'alpha': 'none', 'dynamic': False, 'candidate_num': 0}]
Mon 09 Feb 2026 18:37:54 INFO  [Evaluation]: eval_batch_size = [512] eval_args: [{'split': {'LS': 'valid_and_test'}, 'order': 'TO', 'group_by': 'user', 'mode': {'valid': 'uni100', 'test': 'uni100'}}]
Mon 09 Feb 2026 18:37:54 INFO  TimeWeaver(
  (item_embedding): Embedding(1683, 64, padding_idx=0)
  (time_aug): TimeAwareAugmentation(
    (pos_embedding): Embedding(32, 64)
    (time_embedding): Embedding(1000, 64)
    (layer_norm): LayerNorm((64,), eps=1e-05, elementwise_affine=True)
    (drop): Dropout(p=0.5, inplace=False)
  )
  (context_layers): ModuleList(
    (0-1): 2 x TCNNextBlock(
      (dw): DepthwiseConv1d(
        (conv): Conv1d(64, 64, kernel_size=(7,), stride=(1,), padding=(3,), groups=64)
        (bn): BatchNorm1d(64, eps=1e-05, momentum=0.1, affine=True, track_running_stats=True)
        (drop): Dropout(p=0.5, inplace=False)
      )
      (norm1): LayerNorm((64,), eps=1e-05, elementwise_affine=True)
      (conv_inter): ParallelConvInter(
        (conv1): Conv1d(64, 64, kernel_size=(1,), stride=(1,))
        (conv3): Conv1d(64, 64, kernel_size=(3,), stride=(1,), padding=(1,))
        (proj): Conv1d(64, 64, kernel_size=(1,), stride=(1,))
        (drop): Dropout(p=0.5, inplace=False)
      )
      (norm2): LayerNorm((64,), eps=1e-05, elementwise_affine=True)
      (ffn): Sequential(
        (0): Linear(in_features=64, out_features=512, bias=True)
        (1): GELU(approximate='none')
        (2): Dropout(p=0.5, inplace=False)
        (3): Linear(in_features=512, out_features=64, bias=True)
        (4): Dropout(p=0.5, inplace=False)
      )
      (norm3): LayerNorm((64,), eps=1e-05, elementwise_affine=True)
    )
  )
  (dynamic_layers): ModuleList(
    (0-1): 2 x EMAStream(
      (proj): Linear(in_features=64, out_features=64, bias=True)
    )
  )
  (weavers): ModuleList(
    (0-1): 2 x StreamWeaver(
      (proj): Linear(in_features=128, out_features=64, bias=True)
      (norm): LayerNorm((64,), eps=1e-05, elementwise_affine=True)
    )
  )
  (loss_fct): CrossEntropyLoss()
)
Trainable parameters: 374593.0
Mon 09 Feb 2026 18:37:54 INFO  FLOPs: 6379520.0
Mon 09 Feb 2026 18:38:27 INFO  epoch 0 training [time: 31.48s, train loss: 2458.5138]
Mon 09 Feb 2026 18:38:29 INFO  epoch 0 evaluating [time: 2.18s, valid_score: 0.271400]
Mon 09 Feb 2026 18:38:29 INFO  valid result: 
hit@10 : 0.6522    ndcg@10 : 0.3603    mrr@10 : 0.2714
Mon 09 Feb 2026 18:38:29 INFO  Saving current: saved\TimeWeaver-Feb-09-2026_18-37-54.pth
Mon 09 Feb 2026 18:39:00 INFO  epoch 1 training [time: 30.98s, train loss: 2250.0402]
Mon 09 Feb 2026 18:39:02 INFO  epoch 1 evaluating [time: 2.15s, valid_score: 0.307700]
Mon 09 Feb 2026 18:39:02 INFO  valid result: 
hit@10 : 0.684    ndcg@10 : 0.3963    mrr@10 : 0.3077
Mon 09 Feb 2026 18:39:02 INFO  Saving current: saved\TimeWeaver-Feb-09-2026_18-37-54.pth
Mon 09 Feb 2026 18:39:35 INFO  epoch 2 training [time: 33.27s, train loss: 2207.5616]
Mon 09 Feb 2026 18:39:37 INFO  epoch 2 evaluating [time: 2.20s, valid_score: 0.322100]
Mon 09 Feb 2026 18:39:37 INFO  valid result: 
hit@10 : 0.7105    ndcg@10 : 0.4135    mrr@10 : 0.3221
Mon 09 Feb 2026 18:39:37 INFO  Saving current: saved\TimeWeaver-Feb-09-2026_18-37-54.pth
Mon 09 Feb 2026 18:40:09 INFO  epoch 3 training [time: 31.67s, train loss: 2183.2611]
Mon 09 Feb 2026 18:40:11 INFO  epoch 3 evaluating [time: 2.10s, valid_score: 0.328900]
Mon 09 Feb 2026 18:40:11 INFO  valid result: 
hit@10 : 0.7232    ndcg@10 : 0.4219    mrr@10 : 0.3289
Mon 09 Feb 2026 18:40:11 INFO  Saving current: saved\TimeWeaver-Feb-09-2026_18-37-54.pth
Mon 09 Feb 2026 18:40:42 INFO  epoch 4 training [time: 31.20s, train loss: 2166.5114]
Mon 09 Feb 2026 18:40:45 INFO  epoch 4 evaluating [time: 2.15s, valid_score: 0.345100]
Mon 09 Feb 2026 18:40:45 INFO  valid result: 
hit@10 : 0.7275    ndcg@10 : 0.4355    mrr@10 : 0.3451
Mon 09 Feb 2026 18:40:45 INFO  Saving current: saved\TimeWeaver-Feb-09-2026_18-37-54.pth
Mon 09 Feb 2026 18:41:16 INFO  epoch 5 training [time: 31.48s, train loss: 2153.9450]
Mon 09 Feb 2026 18:41:18 INFO  epoch 5 evaluating [time: 2.15s, valid_score: 0.341300]
Mon 09 Feb 2026 18:41:18 INFO  valid result: 
hit@10 : 0.7211    ndcg@10 : 0.4312    mrr@10 : 0.3413
Mon 09 Feb 2026 18:41:50 INFO  epoch 6 training [time: 31.52s, train loss: 2142.7823]
Mon 09 Feb 2026 18:41:52 INFO  epoch 6 evaluating [time: 2.17s, valid_score: 0.336100]
Mon 09 Feb 2026 18:41:52 INFO  valid result: 
hit@10 : 0.7466    ndcg@10 : 0.4329    mrr@10 : 0.3361
Mon 09 Feb 2026 18:42:24 INFO  epoch 7 training [time: 31.76s, train loss: 2134.4112]
Mon 09 Feb 2026 18:42:26 INFO  epoch 7 evaluating [time: 2.18s, valid_score: 0.352000]
Mon 09 Feb 2026 18:42:26 INFO  valid result: 
hit@10 : 0.7338    ndcg@10 : 0.4422    mrr@10 : 0.352
Mon 09 Feb 2026 18:42:26 INFO  Saving current: saved\TimeWeaver-Feb-09-2026_18-37-54.pth
Mon 09 Feb 2026 18:42:57 INFO  epoch 8 training [time: 31.09s, train loss: 2127.0345]
Mon 09 Feb 2026 18:42:59 INFO  epoch 8 evaluating [time: 2.10s, valid_score: 0.353400]
Mon 09 Feb 2026 18:42:59 INFO  valid result: 
hit@10 : 0.7328    ndcg@10 : 0.4433    mrr@10 : 0.3534
Mon 09 Feb 2026 18:42:59 INFO  Saving current: saved\TimeWeaver-Feb-09-2026_18-37-54.pth
Mon 09 Feb 2026 18:43:32 INFO  epoch 9 training [time: 33.36s, train loss: 2119.7159]
Mon 09 Feb 2026 18:43:35 INFO  epoch 9 evaluating [time: 2.23s, valid_score: 0.360900]
Mon 09 Feb 2026 18:43:35 INFO  valid result: 
hit@10 : 0.7444    ndcg@10 : 0.4513    mrr@10 : 0.3609
Mon 09 Feb 2026 18:43:35 INFO  Saving current: saved\TimeWeaver-Feb-09-2026_18-37-54.pth
Mon 09 Feb 2026 18:44:07 INFO  epoch 10 training [time: 31.83s, train loss: 2113.2982]
Mon 09 Feb 2026 18:44:09 INFO  epoch 10 evaluating [time: 2.12s, valid_score: 0.345200]
Mon 09 Feb 2026 18:44:09 INFO  valid result: 
hit@10 : 0.7413    ndcg@10 : 0.4385    mrr@10 : 0.3452
Mon 09 Feb 2026 18:44:40 INFO  epoch 11 training [time: 31.06s, train loss: 2107.4847]
Mon 09 Feb 2026 18:44:42 INFO  epoch 11 evaluating [time: 2.19s, valid_score: 0.352800]
Mon 09 Feb 2026 18:44:42 INFO  valid result: 
hit@10 : 0.7306    ndcg@10 : 0.4423    mrr@10 : 0.3528
Mon 09 Feb 2026 18:45:13 INFO  epoch 12 training [time: 31.38s, train loss: 2103.3661]
Mon 09 Feb 2026 18:45:15 INFO  epoch 12 evaluating [time: 2.11s, valid_score: 0.352900]
Mon 09 Feb 2026 18:45:15 INFO  valid result: 
hit@10 : 0.7402    ndcg@10 : 0.4448    mrr@10 : 0.3529
Mon 09 Feb 2026 18:45:47 INFO  epoch 13 training [time: 31.34s, train loss: 2098.2036]
Mon 09 Feb 2026 18:45:49 INFO  epoch 13 evaluating [time: 2.15s, valid_score: 0.356300]
Mon 09 Feb 2026 18:45:49 INFO  valid result: 
hit@10 : 0.7413    ndcg@10 : 0.4476    mrr@10 : 0.3563
Mon 09 Feb 2026 18:46:21 INFO  epoch 14 training [time: 31.71s, train loss: 2094.2589]
Mon 09 Feb 2026 18:46:23 INFO  epoch 14 evaluating [time: 2.16s, valid_score: 0.348200]
Mon 09 Feb 2026 18:46:23 INFO  valid result: 
hit@10 : 0.7402    ndcg@10 : 0.4407    mrr@10 : 0.3482
Mon 09 Feb 2026 18:46:54 INFO  epoch 15 training [time: 31.18s, train loss: 2090.6207]
Mon 09 Feb 2026 18:46:56 INFO  epoch 15 evaluating [time: 2.11s, valid_score: 0.364900]
Mon 09 Feb 2026 18:46:56 INFO  valid result: 
hit@10 : 0.7391    ndcg@10 : 0.4538    mrr@10 : 0.3649
Mon 09 Feb 2026 18:46:56 INFO  Saving current: saved\TimeWeaver-Feb-09-2026_18-37-54.pth
Mon 09 Feb 2026 18:47:29 INFO  epoch 16 training [time: 32.82s, train loss: 2087.6798]
Mon 09 Feb 2026 18:47:31 INFO  epoch 16 evaluating [time: 2.17s, valid_score: 0.351300]
Mon 09 Feb 2026 18:47:31 INFO  valid result: 
hit@10 : 0.7349    ndcg@10 : 0.4422    mrr@10 : 0.3513
Mon 09 Feb 2026 18:48:03 INFO  epoch 17 training [time: 32.12s, train loss: 2084.1499]
Mon 09 Feb 2026 18:48:05 INFO  epoch 17 evaluating [time: 2.10s, valid_score: 0.345600]
Mon 09 Feb 2026 18:48:05 INFO  valid result: 
hit@10 : 0.7413    ndcg@10 : 0.4395    mrr@10 : 0.3456
Mon 09 Feb 2026 18:48:36 INFO  epoch 18 training [time: 30.91s, train loss: 2081.0968]
Mon 09 Feb 2026 18:48:38 INFO  epoch 18 evaluating [time: 2.14s, valid_score: 0.343400]
Mon 09 Feb 2026 18:48:38 INFO  valid result: 
hit@10 : 0.7413    ndcg@10 : 0.4374    mrr@10 : 0.3434
Mon 09 Feb 2026 18:49:10 INFO  epoch 19 training [time: 31.49s, train loss: 2078.9567]
Mon 09 Feb 2026 18:49:12 INFO  epoch 19 evaluating [time: 2.12s, valid_score: 0.351900]
Mon 09 Feb 2026 18:49:12 INFO  valid result: 
hit@10 : 0.7476    ndcg@10 : 0.4455    mrr@10 : 0.3519
Mon 09 Feb 2026 18:49:43 INFO  epoch 20 training [time: 31.10s, train loss: 2076.2457]
Mon 09 Feb 2026 18:49:45 INFO  epoch 20 evaluating [time: 2.16s, valid_score: 0.348400]
Mon 09 Feb 2026 18:49:45 INFO  valid result: 
hit@10 : 0.7275    ndcg@10 : 0.4387    mrr@10 : 0.3484
Mon 09 Feb 2026 18:50:17 INFO  epoch 21 training [time: 31.62s, train loss: 2072.9198]
Mon 09 Feb 2026 18:50:19 INFO  epoch 21 evaluating [time: 2.16s, valid_score: 0.341700]
Mon 09 Feb 2026 18:50:19 INFO  valid result: 
hit@10 : 0.7391    ndcg@10 : 0.4356    mrr@10 : 0.3417
Mon 09 Feb 2026 18:50:50 INFO  epoch 22 training [time: 31.20s, train loss: 2070.1600]
Mon 09 Feb 2026 18:50:52 INFO  epoch 22 evaluating [time: 2.10s, valid_score: 0.354400]
Mon 09 Feb 2026 18:50:52 INFO  valid result: 
hit@10 : 0.7264    ndcg@10 : 0.4429    mrr@10 : 0.3544
Mon 09 Feb 2026 18:51:25 INFO  epoch 23 training [time: 32.56s, train loss: 2068.5537]
Mon 09 Feb 2026 18:51:27 INFO  epoch 23 evaluating [time: 2.19s, valid_score: 0.345400]
Mon 09 Feb 2026 18:51:27 INFO  valid result: 
hit@10 : 0.7317    ndcg@10 : 0.4371    mrr@10 : 0.3454
Mon 09 Feb 2026 18:51:59 INFO  epoch 24 training [time: 32.42s, train loss: 2065.8175]
Mon 09 Feb 2026 18:52:02 INFO  epoch 24 evaluating [time: 2.19s, valid_score: 0.362100]
Mon 09 Feb 2026 18:52:02 INFO  valid result: 
hit@10 : 0.7476    ndcg@10 : 0.4534    mrr@10 : 0.3621
Mon 09 Feb 2026 18:52:32 INFO  epoch 25 training [time: 30.83s, train loss: 2063.6858]
Mon 09 Feb 2026 18:52:35 INFO  epoch 25 evaluating [time: 2.19s, valid_score: 0.345700]
Mon 09 Feb 2026 18:52:35 INFO  valid result: 
hit@10 : 0.7296    ndcg@10 : 0.4364    mrr@10 : 0.3457
Mon 09 Feb 2026 18:53:06 INFO  epoch 26 training [time: 31.55s, train loss: 2062.3237]
Mon 09 Feb 2026 18:53:08 INFO  epoch 26 evaluating [time: 2.12s, valid_score: 0.352700]
Mon 09 Feb 2026 18:53:08 INFO  valid result: 
hit@10 : 0.7413    ndcg@10 : 0.4447    mrr@10 : 0.3527
Mon 09 Feb 2026 18:53:08 INFO  Finished training, best eval result in epoch 15
Mon 09 Feb 2026 18:53:08 INFO  Loading model structure and parameters from saved\TimeWeaver-Feb-09-2026_18-37-54.pth
Mon 09 Feb 2026 18:53:11 INFO  The running environment of this training is as follows:
+-------------+----------------+
| Environment |     Usage      |
+=============+================+
| CPU         |     6.40 %     |
+-------------+----------------+
| GPU         | 0.28 G/6.00 G  |
+-------------+----------------+
| Memory      | 1.53 G/15.63 G |
+-------------+----------------+
Mon 09 Feb 2026 18:53:11 INFO  best valid : OrderedDict([('hit@10', 0.7391), ('ndcg@10', 0.4538), ('mrr@10', 0.3649)])
Mon 09 Feb 2026 18:53:11 INFO  test result: OrderedDict([('hit@10', 0.7169), ('ndcg@10', 0.4231), ('mrr@10', 0.332)])
