Thu 12 Feb 2026 21:04:48 INFO  ['F:\\桌面\\recommendation_system\\scripts\\run_grid.py', '--models', 'timeweaver', '--datasets', 'amazon-electronics-5core-subset', '--seeds', '42', '--device', 'gpu', '--timeweaver-variant', 'base', '--tag', 'e0p1_k9_d0p5_l1_f256_b1000', '--output', 'results/run_grid_timeweaver_tune.json', '--tw-ema-decay', '0.1', '--tw-tcn-kernel', '9', '--tw-hidden-dropout', '0.5', '--tw-num-layers', '1', '--tw-ffn-hidden', '256', '--tw-time-bucket', '1000']
Thu 12 Feb 2026 21:04:48 INFO  
General Hyper Parameters:
gpu_id = 0
use_gpu = True
seed = 42
state = INFO
reproducibility = True
data_path = data/amazon\amazon-electronics-5core-subset
checkpoint_dir = saved
show_progress = True
save_dataset = False
dataset_save_path = None
save_dataloaders = False
dataloaders_save_path = None
log_wandb = False

Training Hyper Parameters:
epochs = 100
train_batch_size = 256
learner = adam
learning_rate = 0.001
train_neg_sample_args = {'distribution': 'none', 'sample_num': 'none', 'alpha': 'none', 'dynamic': False, 'candidate_num': 0}
eval_step = 1
stopping_step = 10
clip_grad_norm = None
weight_decay = 0.0
loss_decimal_place = 4

Evaluation Hyper Parameters:
eval_args = {'split': {'LS': 'valid_and_test'}, 'order': 'TO', 'group_by': 'user', 'mode': {'valid': 'uni100', 'test': 'uni100'}}
repeatable = True
metrics = ['Hit', 'NDCG', 'MRR']
topk = [10]
valid_metric = MRR@10
valid_metric_bigger = True
eval_batch_size = 512
metric_decimal_place = 4

Dataset Hyper Parameters:
field_separator = 	
seq_separator =  
USER_ID_FIELD = user_id
ITEM_ID_FIELD = item_id
RATING_FIELD = rating
TIME_FIELD = timestamp
seq_len = None
LABEL_FIELD = label
threshold = None
NEG_PREFIX = neg_
load_col = {'inter': ['user_id', 'item_id', 'rating', 'timestamp']}
unload_col = None
unused_col = None
additional_feat_suffix = None
rm_dup_inter = None
val_interval = None
filter_inter_by_user_or_item = True
user_inter_num_interval = [0,inf)
item_inter_num_interval = [0,inf)
alias_of_user_id = None
alias_of_item_id = None
alias_of_entity_id = None
alias_of_relation_id = None
preload_weight = None
normalize_field = None
normalize_all = None
ITEM_LIST_LENGTH_FIELD = item_length
LIST_SUFFIX = _list
MAX_ITEM_LIST_LENGTH = 32
POSITION_FIELD = position_id
HEAD_ENTITY_ID_FIELD = head_id
TAIL_ENTITY_ID_FIELD = tail_id
RELATION_ID_FIELD = relation_id
ENTITY_ID_FIELD = entity_id
benchmark_filename = None

Other Hyper Parameters: 
worker = 0
wandb_project = recbole
shuffle = True
require_pow = False
enable_amp = False
enable_scaler = False
transform = None
numerical_features = []
discretization = None
kg_reverse_r = False
entity_kg_num_interval = [0,inf)
relation_kg_num_interval = [0,inf)
MODEL_TYPE = ModelType.SEQUENTIAL
model_name = TimeWeaver
hidden_size = 64
num_layers = 1
hidden_dropout_prob = 0.5
initializer_range = 0.02
time_bucket_size = 1000
ema_decay = 0.1
tcn_kernel_size = 9
ffn_hidden_size = 256
loss_type = CE
early_stop = 10
neg_sampling = None
device = cuda
use_continuous_time = False
use_time_gate = False
use_time_augmentation = False
MODEL_INPUT_TYPE = InputType.POINTWISE
eval_type = EvaluatorType.RANKING
single_spec = True
local_rank = 0
valid_neg_sample_args = {'distribution': 'uniform', 'sample_num': 100}
test_neg_sample_args = {'distribution': 'uniform', 'sample_num': 100}


Thu 12 Feb 2026 21:04:48 INFO  amazon-electronics-5core-subset
The number of users: 1501
Average actions of users: 108.42733333333334
The number of items: 54722
Average actions of items: 2.9721861808080994
The number of inters: 162641
The sparsity of the dataset: 99.80198988231011%
Remain Fields: ['user_id', 'item_id', 'rating', 'timestamp']
Thu 12 Feb 2026 21:04:51 INFO  [Training]: train_batch_size = [256] train_neg_sample_args: [{'distribution': 'none', 'sample_num': 'none', 'alpha': 'none', 'dynamic': False, 'candidate_num': 0}]
Thu 12 Feb 2026 21:04:51 INFO  [Evaluation]: eval_batch_size = [512] eval_args: [{'split': {'LS': 'valid_and_test'}, 'order': 'TO', 'group_by': 'user', 'mode': {'valid': 'uni100', 'test': 'uni100'}}]
Thu 12 Feb 2026 21:04:51 INFO  TimeWeaver(
  (item_embedding): Embedding(54722, 64, padding_idx=0)
  (time_aug): TimeAwareAugmentation(
    (pos_embedding): Embedding(32, 64)
    (time_embedding): Embedding(1000, 64)
    (layer_norm): LayerNorm((64,), eps=1e-05, elementwise_affine=True)
    (drop): Dropout(p=0.5, inplace=False)
  )
  (context_layers): ModuleList(
    (0): TCNNextBlock(
      (dw): DepthwiseConv1d(
        (conv): Conv1d(64, 64, kernel_size=(9,), stride=(1,), padding=(4,), groups=64)
        (bn): BatchNorm1d(64, eps=1e-05, momentum=0.1, affine=True, track_running_stats=True)
        (drop): Dropout(p=0.5, inplace=False)
      )
      (norm1): LayerNorm((64,), eps=1e-05, elementwise_affine=True)
      (conv_inter): ParallelConvInter(
        (conv1): Conv1d(64, 64, kernel_size=(1,), stride=(1,))
        (conv3): Conv1d(64, 64, kernel_size=(3,), stride=(1,), padding=(1,))
        (proj): Conv1d(64, 64, kernel_size=(1,), stride=(1,))
        (drop): Dropout(p=0.5, inplace=False)
      )
      (norm2): LayerNorm((64,), eps=1e-05, elementwise_affine=True)
      (ffn): Sequential(
        (0): Linear(in_features=64, out_features=256, bias=True)
        (1): GELU(approximate='none')
        (2): Dropout(p=0.5, inplace=False)
        (3): Linear(in_features=256, out_features=64, bias=True)
        (4): Dropout(p=0.5, inplace=False)
      )
      (norm3): LayerNorm((64,), eps=1e-05, elementwise_affine=True)
    )
  )
  (dynamic_layers): ModuleList(
    (0): EMAStream(
      (proj): Linear(in_features=64, out_features=64, bias=True)
    )
  )
  (weavers): ModuleList(
    (0): StreamWeaver(
      (proj): Linear(in_features=128, out_features=64, bias=True)
      (norm): LayerNorm((64,), eps=1e-05, elementwise_affine=True)
    )
  )
  (loss_fct): CrossEntropyLoss()
)
Trainable parameters: 3635841.0
Thu 12 Feb 2026 21:04:51 INFO  FLOPs: 2150400.0
Thu 12 Feb 2026 21:05:25 INFO  epoch 0 training [time: 32.60s, train loss: 6504.6364]
Thu 12 Feb 2026 21:05:27 INFO  epoch 0 evaluating [time: 2.15s, valid_score: 0.188300]
Thu 12 Feb 2026 21:05:27 INFO  valid result: 
hit@10 : 0.3627    ndcg@10 : 0.2295    mrr@10 : 0.1883
Thu 12 Feb 2026 21:05:27 INFO  Saving current: saved\TimeWeaver-Feb-12-2026_21-04-51.pth
Thu 12 Feb 2026 21:06:00 INFO  epoch 1 training [time: 32.64s, train loss: 6098.2216]
Thu 12 Feb 2026 21:06:02 INFO  epoch 1 evaluating [time: 2.23s, valid_score: 0.224300]
Thu 12 Feb 2026 21:06:02 INFO  valid result: 
hit@10 : 0.4233    ndcg@10 : 0.2713    mrr@10 : 0.2243
Thu 12 Feb 2026 21:06:02 INFO  Saving current: saved\TimeWeaver-Feb-12-2026_21-04-51.pth
Thu 12 Feb 2026 21:06:37 INFO  epoch 2 training [time: 34.91s, train loss: 5664.0214]
Thu 12 Feb 2026 21:06:39 INFO  epoch 2 evaluating [time: 2.21s, valid_score: 0.223600]
Thu 12 Feb 2026 21:06:39 INFO  valid result: 
hit@10 : 0.4153    ndcg@10 : 0.2687    mrr@10 : 0.2236
Thu 12 Feb 2026 21:07:12 INFO  epoch 3 training [time: 32.70s, train loss: 5203.5044]
Thu 12 Feb 2026 21:07:14 INFO  epoch 3 evaluating [time: 2.17s, valid_score: 0.224500]
Thu 12 Feb 2026 21:07:14 INFO  valid result: 
hit@10 : 0.3927    ndcg@10 : 0.2643    mrr@10 : 0.2245
Thu 12 Feb 2026 21:07:14 INFO  Saving current: saved\TimeWeaver-Feb-12-2026_21-04-51.pth
Thu 12 Feb 2026 21:07:50 INFO  epoch 4 training [time: 35.56s, train loss: 4779.8499]
Thu 12 Feb 2026 21:07:52 INFO  epoch 4 evaluating [time: 2.21s, valid_score: 0.215400]
Thu 12 Feb 2026 21:07:52 INFO  valid result: 
hit@10 : 0.384    ndcg@10 : 0.2551    mrr@10 : 0.2154
Thu 12 Feb 2026 21:08:27 INFO  epoch 5 training [time: 34.48s, train loss: 4433.7159]
Thu 12 Feb 2026 21:08:29 INFO  epoch 5 evaluating [time: 2.30s, valid_score: 0.210700]
Thu 12 Feb 2026 21:08:29 INFO  valid result: 
hit@10 : 0.3847    ndcg@10 : 0.2517    mrr@10 : 0.2107
Thu 12 Feb 2026 21:09:04 INFO  epoch 6 training [time: 35.00s, train loss: 4167.4267]
Thu 12 Feb 2026 21:09:06 INFO  epoch 6 evaluating [time: 2.23s, valid_score: 0.210100]
Thu 12 Feb 2026 21:09:06 INFO  valid result: 
hit@10 : 0.38    ndcg@10 : 0.25    mrr@10 : 0.2101
Thu 12 Feb 2026 21:09:41 INFO  epoch 7 training [time: 35.17s, train loss: 3960.8763]
Thu 12 Feb 2026 21:09:44 INFO  epoch 7 evaluating [time: 2.23s, valid_score: 0.217900]
Thu 12 Feb 2026 21:09:44 INFO  valid result: 
hit@10 : 0.394    ndcg@10 : 0.2596    mrr@10 : 0.2179
Thu 12 Feb 2026 21:10:19 INFO  epoch 8 training [time: 35.07s, train loss: 3793.8459]
Thu 12 Feb 2026 21:10:21 INFO  epoch 8 evaluating [time: 2.36s, valid_score: 0.211200]
Thu 12 Feb 2026 21:10:21 INFO  valid result: 
hit@10 : 0.3787    ndcg@10 : 0.2505    mrr@10 : 0.2112
Thu 12 Feb 2026 21:10:56 INFO  epoch 9 training [time: 34.57s, train loss: 3657.1122]
Thu 12 Feb 2026 21:10:58 INFO  epoch 9 evaluating [time: 2.25s, valid_score: 0.219700]
Thu 12 Feb 2026 21:10:58 INFO  valid result: 
hit@10 : 0.3887    ndcg@10 : 0.2595    mrr@10 : 0.2197
Thu 12 Feb 2026 21:11:33 INFO  epoch 10 training [time: 35.15s, train loss: 3541.3506]
Thu 12 Feb 2026 21:11:35 INFO  epoch 10 evaluating [time: 2.35s, valid_score: 0.219800]
Thu 12 Feb 2026 21:11:35 INFO  valid result: 
hit@10 : 0.3853    ndcg@10 : 0.2588    mrr@10 : 0.2198
Thu 12 Feb 2026 21:12:09 INFO  epoch 11 training [time: 33.28s, train loss: 3430.5823]
Thu 12 Feb 2026 21:12:11 INFO  epoch 11 evaluating [time: 2.13s, valid_score: 0.213000]
Thu 12 Feb 2026 21:12:11 INFO  valid result: 
hit@10 : 0.39    ndcg@10 : 0.2547    mrr@10 : 0.213
Thu 12 Feb 2026 21:12:46 INFO  epoch 12 training [time: 35.59s, train loss: 3333.0264]
Thu 12 Feb 2026 21:12:49 INFO  epoch 12 evaluating [time: 2.42s, valid_score: 0.215900]
Thu 12 Feb 2026 21:12:49 INFO  valid result: 
hit@10 : 0.3873    ndcg@10 : 0.2562    mrr@10 : 0.2159
Thu 12 Feb 2026 21:13:26 INFO  epoch 13 training [time: 37.64s, train loss: 3237.7379]
Thu 12 Feb 2026 21:13:29 INFO  epoch 13 evaluating [time: 2.42s, valid_score: 0.208800]
Thu 12 Feb 2026 21:13:29 INFO  valid result: 
hit@10 : 0.378    ndcg@10 : 0.2487    mrr@10 : 0.2088
Thu 12 Feb 2026 21:14:06 INFO  epoch 14 training [time: 37.10s, train loss: 3154.4599]
Thu 12 Feb 2026 21:14:08 INFO  epoch 14 evaluating [time: 2.57s, valid_score: 0.217600]
Thu 12 Feb 2026 21:14:08 INFO  valid result: 
hit@10 : 0.3833    ndcg@10 : 0.2567    mrr@10 : 0.2176
Thu 12 Feb 2026 21:14:08 INFO  Finished training, best eval result in epoch 3
Thu 12 Feb 2026 21:14:08 INFO  Loading model structure and parameters from saved\TimeWeaver-Feb-12-2026_21-04-51.pth
Thu 12 Feb 2026 21:14:12 INFO  The running environment of this training is as follows:
+-------------+----------------+
| Environment |     Usage      |
+=============+================+
| CPU         |    11.10 %     |
+-------------+----------------+
| GPU         | 0.42 G/6.00 G  |
+-------------+----------------+
| Memory      | 1.55 G/15.63 G |
+-------------+----------------+
Thu 12 Feb 2026 21:14:12 INFO  best valid : OrderedDict([('hit@10', 0.3927), ('ndcg@10', 0.2643), ('mrr@10', 0.2245)])
Thu 12 Feb 2026 21:14:12 INFO  test result: OrderedDict([('hit@10', 0.3587), ('ndcg@10', 0.2366), ('mrr@10', 0.1993)])
