Sun 08 Mar 2026 11:39:33 INFO  ['F:\\桌面\\recommendation_system\\scripts\\run_grid.py', '--models', 'timeweaver', '--datasets', 'amazon-toys-5core-subset-50k-full', '--timeweaver-variant', 'aug', '--seeds', '42,2023,2024', '--device', 'gpu', '--output', 'results/timeweaver_toys50k_ablation_full.json']
Sun 08 Mar 2026 11:39:33 INFO  
General Hyper Parameters:
gpu_id = 0
use_gpu = True
seed = 42
state = INFO
reproducibility = True
data_path = data/amazon\amazon-toys-5core-subset-50k
checkpoint_dir = saved
show_progress = True
save_dataset = False
dataset_save_path = None
save_dataloaders = False
dataloaders_save_path = None
log_wandb = False

Training Hyper Parameters:
epochs = 100
train_batch_size = 256
learner = adam
learning_rate = 0.001
train_neg_sample_args = {'distribution': 'none', 'sample_num': 'none', 'alpha': 'none', 'dynamic': False, 'candidate_num': 0}
eval_step = 1
stopping_step = 10
clip_grad_norm = None
weight_decay = 0.0
loss_decimal_place = 4

Evaluation Hyper Parameters:
eval_args = {'split': {'LS': 'valid_and_test'}, 'order': 'TO', 'group_by': 'user', 'mode': {'valid': 'full', 'test': 'full'}}
repeatable = True
metrics = ['Hit', 'NDCG', 'MRR']
topk = [10]
valid_metric = MRR@10
valid_metric_bigger = True
eval_batch_size = 512
metric_decimal_place = 4

Dataset Hyper Parameters:
field_separator = 	
seq_separator =  
USER_ID_FIELD = user_id
ITEM_ID_FIELD = item_id
RATING_FIELD = rating
TIME_FIELD = timestamp
seq_len = None
LABEL_FIELD = label
threshold = None
NEG_PREFIX = neg_
load_col = {'inter': ['user_id', 'item_id', 'rating', 'timestamp']}
unload_col = None
unused_col = None
additional_feat_suffix = None
rm_dup_inter = None
val_interval = None
filter_inter_by_user_or_item = True
user_inter_num_interval = [0,inf)
item_inter_num_interval = [0,inf)
alias_of_user_id = None
alias_of_item_id = None
alias_of_entity_id = None
alias_of_relation_id = None
preload_weight = None
normalize_field = None
normalize_all = None
ITEM_LIST_LENGTH_FIELD = item_length
LIST_SUFFIX = _list
MAX_ITEM_LIST_LENGTH = 32
POSITION_FIELD = position_id
HEAD_ENTITY_ID_FIELD = head_id
TAIL_ENTITY_ID_FIELD = tail_id
RELATION_ID_FIELD = relation_id
ENTITY_ID_FIELD = entity_id
benchmark_filename = None

Other Hyper Parameters: 
worker = 0
wandb_project = recbole
shuffle = True
require_pow = False
enable_amp = False
enable_scaler = False
transform = None
numerical_features = []
discretization = None
kg_reverse_r = False
entity_kg_num_interval = [0,inf)
relation_kg_num_interval = [0,inf)
MODEL_TYPE = ModelType.SEQUENTIAL
time_aug_prob = 0.05
time_aug_strength = 0.05
contrastive_weight = 0.01
model_name = TimeWeaver
hidden_size = 64
num_layers = 2
hidden_dropout_prob = 0.5
initializer_range = 0.02
time_bucket_size = 1000
ema_decay = 0.5
tcn_kernel_size = -1
ffn_hidden_size = 256
loss_type = CE
early_stop = 10
neg_sampling = None
device = cuda
use_continuous_time = True
use_time_gate = True
use_time_augmentation = True
MODEL_INPUT_TYPE = InputType.POINTWISE
eval_type = EvaluatorType.RANKING
single_spec = True
local_rank = 0
valid_neg_sample_args = {'distribution': 'uniform', 'sample_num': 'none'}
test_neg_sample_args = {'distribution': 'uniform', 'sample_num': 'none'}


Sun 08 Mar 2026 11:39:33 INFO  amazon-toys-5core-subset-50k
The number of users: 2098
Average actions of users: 24.392942298521696
The number of items: 10507
Average actions of items: 4.868836855130402
The number of inters: 51152
The sparsity of the dataset: 99.76795169374124%
Remain Fields: ['user_id', 'item_id', 'rating', 'timestamp']
Sun 08 Mar 2026 11:39:34 INFO  [Training]: train_batch_size = [256] train_neg_sample_args: [{'distribution': 'none', 'sample_num': 'none', 'alpha': 'none', 'dynamic': False, 'candidate_num': 0}]
Sun 08 Mar 2026 11:39:34 INFO  [Evaluation]: eval_batch_size = [512] eval_args: [{'split': {'LS': 'valid_and_test'}, 'order': 'TO', 'group_by': 'user', 'mode': {'valid': 'full', 'test': 'full'}}]
Sun 08 Mar 2026 11:39:34 INFO  TimeWeaver(
  (item_embedding): Embedding(10507, 64, padding_idx=0)
  (time_aug): TimeAwareAugmentation(
    (pos_embedding): Embedding(32, 64)
    (time_embedder): ContinuousTimeEmbedding(
      (time2vec): Time2Vec()
    )
    (time_gate): TimeGate(
      (net): Sequential(
        (0): Linear(in_features=128, out_features=16, bias=True)
        (1): GELU(approximate='none')
        (2): Linear(in_features=16, out_features=64, bias=True)
        (3): Sigmoid()
      )
    )
    (layer_norm): LayerNorm((64,), eps=1e-05, elementwise_affine=True)
    (drop): Dropout(p=0.5, inplace=False)
  )
  (context_layers): ModuleList(
    (0-1): 2 x TCNNextBlock(
      (dw): DepthwiseConv1d(
        (conv): Conv1d(64, 64, kernel_size=(11,), stride=(1,), padding=(5,), groups=64)
        (bn): BatchNorm1d(64, eps=1e-05, momentum=0.1, affine=True, track_running_stats=True)
        (drop): Dropout(p=0.5, inplace=False)
      )
      (norm1): LayerNorm((64,), eps=1e-05, elementwise_affine=True)
      (conv_inter): ParallelConvInter(
        (conv1): Conv1d(64, 64, kernel_size=(1,), stride=(1,))
        (conv3): Conv1d(64, 64, kernel_size=(3,), stride=(1,), padding=(1,))
        (proj): Conv1d(64, 64, kernel_size=(1,), stride=(1,))
        (drop): Dropout(p=0.5, inplace=False)
      )
      (norm2): LayerNorm((64,), eps=1e-05, elementwise_affine=True)
      (ffn): Sequential(
        (0): Linear(in_features=64, out_features=256, bias=True)
        (1): GELU(approximate='none')
        (2): Dropout(p=0.5, inplace=False)
        (3): Linear(in_features=256, out_features=64, bias=True)
        (4): Dropout(p=0.5, inplace=False)
      )
      (norm3): LayerNorm((64,), eps=1e-05, elementwise_affine=True)
    )
  )
  (dynamic_layers): ModuleList(
    (0-1): 2 x EMAStream(
      (proj): Linear(in_features=64, out_features=64, bias=True)
    )
  )
  (weavers): ModuleList(
    (0-1): 2 x StreamWeaver(
      (proj): Linear(in_features=128, out_features=64, bias=True)
      (norm): LayerNorm((64,), eps=1e-05, elementwise_affine=True)
    )
  )
  (loss_fct): CrossEntropyLoss()
)
Trainable parameters: 813074.0
Sun 08 Mar 2026 11:39:34 INFO  FLOPs: 4395008.0
Sun 08 Mar 2026 11:39:53 INFO  epoch 0 training [time: 17.19s, train loss: 1557.6064]
Sun 08 Mar 2026 11:39:53 INFO  epoch 0 evaluating [time: 0.12s, valid_score: 0.003500]
Sun 08 Mar 2026 11:39:53 INFO  valid result: 
hit@10 : 0.0067    ndcg@10 : 0.0042    mrr@10 : 0.0035
Sun 08 Mar 2026 11:39:53 INFO  Saving current: saved\TimeWeaver-Mar-08-2026_11-39-34.pth
Sun 08 Mar 2026 11:40:12 INFO  epoch 1 training [time: 18.65s, train loss: 1462.3573]
Sun 08 Mar 2026 11:40:12 INFO  epoch 1 evaluating [time: 0.10s, valid_score: 0.003900]
Sun 08 Mar 2026 11:40:12 INFO  valid result: 
hit@10 : 0.0124    ndcg@10 : 0.0059    mrr@10 : 0.0039
Sun 08 Mar 2026 11:40:12 INFO  Saving current: saved\TimeWeaver-Mar-08-2026_11-39-34.pth
Sun 08 Mar 2026 11:40:30 INFO  epoch 2 training [time: 18.47s, train loss: 1395.4925]
Sun 08 Mar 2026 11:40:30 INFO  epoch 2 evaluating [time: 0.09s, valid_score: 0.006400]
Sun 08 Mar 2026 11:40:30 INFO  valid result: 
hit@10 : 0.0234    ndcg@10 : 0.0103    mrr@10 : 0.0064
Sun 08 Mar 2026 11:40:30 INFO  Saving current: saved\TimeWeaver-Mar-08-2026_11-39-34.pth
Sun 08 Mar 2026 11:40:49 INFO  epoch 3 training [time: 18.62s, train loss: 1335.7858]
Sun 08 Mar 2026 11:40:49 INFO  epoch 3 evaluating [time: 0.10s, valid_score: 0.011100]
Sun 08 Mar 2026 11:40:49 INFO  valid result: 
hit@10 : 0.0305    ndcg@10 : 0.0156    mrr@10 : 0.0111
Sun 08 Mar 2026 11:40:49 INFO  Saving current: saved\TimeWeaver-Mar-08-2026_11-39-34.pth
Sun 08 Mar 2026 11:41:07 INFO  epoch 4 training [time: 18.21s, train loss: 1277.3191]
Sun 08 Mar 2026 11:41:07 INFO  epoch 4 evaluating [time: 0.09s, valid_score: 0.012700]
Sun 08 Mar 2026 11:41:07 INFO  valid result: 
hit@10 : 0.0396    ndcg@10 : 0.0189    mrr@10 : 0.0127
Sun 08 Mar 2026 11:41:07 INFO  Saving current: saved\TimeWeaver-Mar-08-2026_11-39-34.pth
Sun 08 Mar 2026 11:41:27 INFO  epoch 5 training [time: 19.02s, train loss: 1218.7948]
Sun 08 Mar 2026 11:41:27 INFO  epoch 5 evaluating [time: 0.11s, valid_score: 0.016400]
Sun 08 Mar 2026 11:41:27 INFO  valid result: 
hit@10 : 0.0515    ndcg@10 : 0.0245    mrr@10 : 0.0164
Sun 08 Mar 2026 11:41:27 INFO  Saving current: saved\TimeWeaver-Mar-08-2026_11-39-34.pth
Sun 08 Mar 2026 11:41:48 INFO  epoch 6 training [time: 21.39s, train loss: 1161.9444]
Sun 08 Mar 2026 11:41:48 INFO  epoch 6 evaluating [time: 0.09s, valid_score: 0.017900]
Sun 08 Mar 2026 11:41:48 INFO  valid result: 
hit@10 : 0.0606    ndcg@10 : 0.0277    mrr@10 : 0.0179
Sun 08 Mar 2026 11:41:48 INFO  Saving current: saved\TimeWeaver-Mar-08-2026_11-39-34.pth
Sun 08 Mar 2026 11:42:15 INFO  epoch 7 training [time: 26.87s, train loss: 1109.7590]
Sun 08 Mar 2026 11:42:15 INFO  epoch 7 evaluating [time: 0.09s, valid_score: 0.020100]
Sun 08 Mar 2026 11:42:15 INFO  valid result: 
hit@10 : 0.0658    ndcg@10 : 0.0307    mrr@10 : 0.0201
Sun 08 Mar 2026 11:42:15 INFO  Saving current: saved\TimeWeaver-Mar-08-2026_11-39-34.pth
Sun 08 Mar 2026 11:42:44 INFO  epoch 8 training [time: 28.54s, train loss: 1061.6089]
Sun 08 Mar 2026 11:42:44 INFO  epoch 8 evaluating [time: 0.08s, valid_score: 0.019300]
Sun 08 Mar 2026 11:42:44 INFO  valid result: 
hit@10 : 0.0682    ndcg@10 : 0.0306    mrr@10 : 0.0193
Sun 08 Mar 2026 11:43:17 INFO  epoch 9 training [time: 33.16s, train loss: 1020.3642]
Sun 08 Mar 2026 11:43:17 INFO  epoch 9 evaluating [time: 0.10s, valid_score: 0.020400]
Sun 08 Mar 2026 11:43:17 INFO  valid result: 
hit@10 : 0.0672    ndcg@10 : 0.0313    mrr@10 : 0.0204
Sun 08 Mar 2026 11:43:17 INFO  Saving current: saved\TimeWeaver-Mar-08-2026_11-39-34.pth
Sun 08 Mar 2026 11:43:50 INFO  epoch 10 training [time: 33.10s, train loss: 984.3630]
Sun 08 Mar 2026 11:43:50 INFO  epoch 10 evaluating [time: 0.10s, valid_score: 0.021900]
Sun 08 Mar 2026 11:43:50 INFO  valid result: 
hit@10 : 0.0825    ndcg@10 : 0.0359    mrr@10 : 0.0219
Sun 08 Mar 2026 11:43:50 INFO  Saving current: saved\TimeWeaver-Mar-08-2026_11-39-34.pth
Sun 08 Mar 2026 11:44:26 INFO  epoch 11 training [time: 35.66s, train loss: 951.9139]
Sun 08 Mar 2026 11:44:26 INFO  epoch 11 evaluating [time: 0.10s, valid_score: 0.022600]
Sun 08 Mar 2026 11:44:26 INFO  valid result: 
hit@10 : 0.0801    ndcg@10 : 0.0358    mrr@10 : 0.0226
Sun 08 Mar 2026 11:44:26 INFO  Saving current: saved\TimeWeaver-Mar-08-2026_11-39-34.pth
Sun 08 Mar 2026 11:45:03 INFO  epoch 12 training [time: 36.54s, train loss: 926.0500]
Sun 08 Mar 2026 11:45:03 INFO  epoch 12 evaluating [time: 0.10s, valid_score: 0.022600]
Sun 08 Mar 2026 11:45:03 INFO  valid result: 
hit@10 : 0.0806    ndcg@10 : 0.036    mrr@10 : 0.0226
Sun 08 Mar 2026 11:45:03 INFO  Saving current: saved\TimeWeaver-Mar-08-2026_11-39-34.pth
Sun 08 Mar 2026 11:45:41 INFO  epoch 13 training [time: 38.37s, train loss: 904.4901]
Sun 08 Mar 2026 11:45:41 INFO  epoch 13 evaluating [time: 0.11s, valid_score: 0.021300]
Sun 08 Mar 2026 11:45:41 INFO  valid result: 
hit@10 : 0.0768    ndcg@10 : 0.0342    mrr@10 : 0.0213
Sun 08 Mar 2026 11:46:20 INFO  epoch 14 training [time: 38.30s, train loss: 882.2323]
Sun 08 Mar 2026 11:46:20 INFO  epoch 14 evaluating [time: 0.11s, valid_score: 0.022400]
Sun 08 Mar 2026 11:46:20 INFO  valid result: 
hit@10 : 0.0787    ndcg@10 : 0.0354    mrr@10 : 0.0224
Sun 08 Mar 2026 11:46:57 INFO  epoch 15 training [time: 37.02s, train loss: 863.9688]
Sun 08 Mar 2026 11:46:57 INFO  epoch 15 evaluating [time: 0.11s, valid_score: 0.021400]
Sun 08 Mar 2026 11:46:57 INFO  valid result: 
hit@10 : 0.0782    ndcg@10 : 0.0346    mrr@10 : 0.0214
Sun 08 Mar 2026 11:47:34 INFO  epoch 16 training [time: 37.40s, train loss: 848.9425]
Sun 08 Mar 2026 11:47:34 INFO  epoch 16 evaluating [time: 0.10s, valid_score: 0.021100]
Sun 08 Mar 2026 11:47:34 INFO  valid result: 
hit@10 : 0.0801    ndcg@10 : 0.0348    mrr@10 : 0.0211
Sun 08 Mar 2026 11:48:12 INFO  epoch 17 training [time: 37.25s, train loss: 832.9592]
Sun 08 Mar 2026 11:48:12 INFO  epoch 17 evaluating [time: 0.10s, valid_score: 0.022600]
Sun 08 Mar 2026 11:48:12 INFO  valid result: 
hit@10 : 0.0806    ndcg@10 : 0.036    mrr@10 : 0.0226
Sun 08 Mar 2026 11:48:12 INFO  Saving current: saved\TimeWeaver-Mar-08-2026_11-39-34.pth
Sun 08 Mar 2026 11:48:49 INFO  epoch 18 training [time: 37.68s, train loss: 819.0681]
Sun 08 Mar 2026 11:48:49 INFO  epoch 18 evaluating [time: 0.10s, valid_score: 0.023700]
Sun 08 Mar 2026 11:48:49 INFO  valid result: 
hit@10 : 0.0806    ndcg@10 : 0.037    mrr@10 : 0.0237
Sun 08 Mar 2026 11:48:49 INFO  Saving current: saved\TimeWeaver-Mar-08-2026_11-39-34.pth
Sun 08 Mar 2026 11:49:27 INFO  epoch 19 training [time: 37.80s, train loss: 803.5160]
Sun 08 Mar 2026 11:49:27 INFO  epoch 19 evaluating [time: 0.11s, valid_score: 0.022600]
Sun 08 Mar 2026 11:49:27 INFO  valid result: 
hit@10 : 0.0706    ndcg@10 : 0.0339    mrr@10 : 0.0226
Sun 08 Mar 2026 11:50:06 INFO  epoch 20 training [time: 38.22s, train loss: 792.3953]
Sun 08 Mar 2026 11:50:06 INFO  epoch 20 evaluating [time: 0.10s, valid_score: 0.021800]
Sun 08 Mar 2026 11:50:06 INFO  valid result: 
hit@10 : 0.0768    ndcg@10 : 0.0345    mrr@10 : 0.0218
Sun 08 Mar 2026 11:50:43 INFO  epoch 21 training [time: 37.45s, train loss: 778.7820]
Sun 08 Mar 2026 11:50:43 INFO  epoch 21 evaluating [time: 0.10s, valid_score: 0.020100]
Sun 08 Mar 2026 11:50:43 INFO  valid result: 
hit@10 : 0.0691    ndcg@10 : 0.0315    mrr@10 : 0.0201
Sun 08 Mar 2026 11:51:20 INFO  epoch 22 training [time: 37.15s, train loss: 767.5191]
Sun 08 Mar 2026 11:51:21 INFO  epoch 22 evaluating [time: 0.11s, valid_score: 0.020600]
Sun 08 Mar 2026 11:51:21 INFO  valid result: 
hit@10 : 0.0701    ndcg@10 : 0.0321    mrr@10 : 0.0206
Sun 08 Mar 2026 11:51:57 INFO  epoch 23 training [time: 36.60s, train loss: 757.9002]
Sun 08 Mar 2026 11:51:57 INFO  epoch 23 evaluating [time: 0.10s, valid_score: 0.019100]
Sun 08 Mar 2026 11:51:57 INFO  valid result: 
hit@10 : 0.0687    ndcg@10 : 0.0306    mrr@10 : 0.0191
Sun 08 Mar 2026 11:52:35 INFO  epoch 24 training [time: 37.52s, train loss: 745.8761]
Sun 08 Mar 2026 11:52:35 INFO  epoch 24 evaluating [time: 0.10s, valid_score: 0.022600]
Sun 08 Mar 2026 11:52:35 INFO  valid result: 
hit@10 : 0.0715    ndcg@10 : 0.034    mrr@10 : 0.0226
Sun 08 Mar 2026 11:53:12 INFO  epoch 25 training [time: 36.93s, train loss: 735.4662]
Sun 08 Mar 2026 11:53:12 INFO  epoch 25 evaluating [time: 0.11s, valid_score: 0.021900]
Sun 08 Mar 2026 11:53:12 INFO  valid result: 
hit@10 : 0.0687    ndcg@10 : 0.0328    mrr@10 : 0.0219
Sun 08 Mar 2026 11:53:50 INFO  epoch 26 training [time: 38.12s, train loss: 728.0333]
Sun 08 Mar 2026 11:53:50 INFO  epoch 26 evaluating [time: 0.10s, valid_score: 0.021300]
Sun 08 Mar 2026 11:53:50 INFO  valid result: 
hit@10 : 0.0706    ndcg@10 : 0.0328    mrr@10 : 0.0213
Sun 08 Mar 2026 11:54:28 INFO  epoch 27 training [time: 37.71s, train loss: 716.5807]
Sun 08 Mar 2026 11:54:28 INFO  epoch 27 evaluating [time: 0.09s, valid_score: 0.020900]
Sun 08 Mar 2026 11:54:28 INFO  valid result: 
hit@10 : 0.0682    ndcg@10 : 0.0319    mrr@10 : 0.0209
Sun 08 Mar 2026 11:55:05 INFO  epoch 28 training [time: 36.70s, train loss: 709.1069]
Sun 08 Mar 2026 11:55:05 INFO  epoch 28 evaluating [time: 0.10s, valid_score: 0.025200]
Sun 08 Mar 2026 11:55:05 INFO  valid result: 
hit@10 : 0.0744    ndcg@10 : 0.0366    mrr@10 : 0.0252
Sun 08 Mar 2026 11:55:05 INFO  Saving current: saved\TimeWeaver-Mar-08-2026_11-39-34.pth
Sun 08 Mar 2026 11:55:42 INFO  epoch 29 training [time: 36.81s, train loss: 701.0434]
Sun 08 Mar 2026 11:55:42 INFO  epoch 29 evaluating [time: 0.10s, valid_score: 0.024800]
Sun 08 Mar 2026 11:55:42 INFO  valid result: 
hit@10 : 0.0725    ndcg@10 : 0.0359    mrr@10 : 0.0248
Sun 08 Mar 2026 11:56:19 INFO  epoch 30 training [time: 37.18s, train loss: 693.3171]
Sun 08 Mar 2026 11:56:19 INFO  epoch 30 evaluating [time: 0.11s, valid_score: 0.022200]
Sun 08 Mar 2026 11:56:19 INFO  valid result: 
hit@10 : 0.0672    ndcg@10 : 0.0328    mrr@10 : 0.0222
Sun 08 Mar 2026 11:56:56 INFO  epoch 31 training [time: 37.13s, train loss: 685.0877]
Sun 08 Mar 2026 11:56:56 INFO  epoch 31 evaluating [time: 0.10s, valid_score: 0.024900]
Sun 08 Mar 2026 11:56:56 INFO  valid result: 
hit@10 : 0.0744    ndcg@10 : 0.0364    mrr@10 : 0.0249
Sun 08 Mar 2026 11:57:34 INFO  epoch 32 training [time: 37.84s, train loss: 677.8400]
Sun 08 Mar 2026 11:57:34 INFO  epoch 32 evaluating [time: 0.11s, valid_score: 0.024900]
Sun 08 Mar 2026 11:57:34 INFO  valid result: 
hit@10 : 0.0725    ndcg@10 : 0.036    mrr@10 : 0.0249
Sun 08 Mar 2026 11:58:13 INFO  epoch 33 training [time: 38.48s, train loss: 670.4470]
Sun 08 Mar 2026 11:58:13 INFO  epoch 33 evaluating [time: 0.10s, valid_score: 0.022900]
Sun 08 Mar 2026 11:58:13 INFO  valid result: 
hit@10 : 0.0734    ndcg@10 : 0.0347    mrr@10 : 0.0229
Sun 08 Mar 2026 11:58:50 INFO  epoch 34 training [time: 37.04s, train loss: 664.4937]
Sun 08 Mar 2026 11:58:50 INFO  epoch 34 evaluating [time: 0.10s, valid_score: 0.023800]
Sun 08 Mar 2026 11:58:50 INFO  valid result: 
hit@10 : 0.0715    ndcg@10 : 0.0348    mrr@10 : 0.0238
Sun 08 Mar 2026 11:59:28 INFO  epoch 35 training [time: 37.64s, train loss: 656.2734]
Sun 08 Mar 2026 11:59:28 INFO  epoch 35 evaluating [time: 0.10s, valid_score: 0.021700]
Sun 08 Mar 2026 11:59:28 INFO  valid result: 
hit@10 : 0.0682    ndcg@10 : 0.0326    mrr@10 : 0.0217
Sun 08 Mar 2026 12:00:05 INFO  epoch 36 training [time: 37.31s, train loss: 652.2339]
Sun 08 Mar 2026 12:00:05 INFO  epoch 36 evaluating [time: 0.10s, valid_score: 0.022700]
Sun 08 Mar 2026 12:00:05 INFO  valid result: 
hit@10 : 0.0706    ndcg@10 : 0.0338    mrr@10 : 0.0227
Sun 08 Mar 2026 12:00:42 INFO  epoch 37 training [time: 37.43s, train loss: 644.5981]
Sun 08 Mar 2026 12:00:43 INFO  epoch 37 evaluating [time: 0.10s, valid_score: 0.023800]
Sun 08 Mar 2026 12:00:43 INFO  valid result: 
hit@10 : 0.0687    ndcg@10 : 0.0343    mrr@10 : 0.0238
Sun 08 Mar 2026 12:01:21 INFO  epoch 38 training [time: 38.01s, train loss: 638.7212]
Sun 08 Mar 2026 12:01:21 INFO  epoch 38 evaluating [time: 0.11s, valid_score: 0.022800]
Sun 08 Mar 2026 12:01:21 INFO  valid result: 
hit@10 : 0.0687    ndcg@10 : 0.0334    mrr@10 : 0.0228
Sun 08 Mar 2026 12:02:00 INFO  epoch 39 training [time: 38.83s, train loss: 633.8978]
Sun 08 Mar 2026 12:02:00 INFO  epoch 39 evaluating [time: 0.10s, valid_score: 0.023100]
Sun 08 Mar 2026 12:02:00 INFO  valid result: 
hit@10 : 0.0653    ndcg@10 : 0.0329    mrr@10 : 0.0231
Sun 08 Mar 2026 12:02:00 INFO  Finished training, best eval result in epoch 28
Sun 08 Mar 2026 12:02:00 INFO  Loading model structure and parameters from saved\TimeWeaver-Mar-08-2026_11-39-34.pth
Sun 08 Mar 2026 12:02:01 INFO  The running environment of this training is as follows:
+-------------+----------------+
| Environment |     Usage      |
+=============+================+
| CPU         |     4.70 %     |
+-------------+----------------+
| GPU         | 0.35 G/6.00 G  |
+-------------+----------------+
| Memory      | 1.58 G/15.63 G |
+-------------+----------------+
Sun 08 Mar 2026 12:02:01 INFO  best valid : OrderedDict([('hit@10', 0.0744), ('ndcg@10', 0.0366), ('mrr@10', 0.0252)])
Sun 08 Mar 2026 12:02:01 INFO  test result: OrderedDict([('hit@10', 0.0572), ('ndcg@10', 0.0281), ('mrr@10', 0.0193)])
Sun 08 Mar 2026 12:02:01 WARNING  command line args [--models timeweaver --datasets amazon-toys-5core-subset-50k-full --timeweaver-variant aug --seeds 42,2023,2024 --device gpu --output results/timeweaver_toys50k_ablation_full.json] will not be used in RecBole
Sun 08 Mar 2026 12:02:01 INFO  ['F:\\桌面\\recommendation_system\\scripts\\run_grid.py', '--models', 'timeweaver', '--datasets', 'amazon-toys-5core-subset-50k-full', '--timeweaver-variant', 'aug', '--seeds', '42,2023,2024', '--device', 'gpu', '--output', 'results/timeweaver_toys50k_ablation_full.json']
Sun 08 Mar 2026 12:02:01 INFO  
General Hyper Parameters:
gpu_id = 0
use_gpu = True
seed = 2023
state = INFO
reproducibility = True
data_path = data/amazon\amazon-toys-5core-subset-50k
checkpoint_dir = saved
show_progress = True
save_dataset = False
dataset_save_path = None
save_dataloaders = False
dataloaders_save_path = None
log_wandb = False

Training Hyper Parameters:
epochs = 100
train_batch_size = 256
learner = adam
learning_rate = 0.001
train_neg_sample_args = {'distribution': 'none', 'sample_num': 'none', 'alpha': 'none', 'dynamic': False, 'candidate_num': 0}
eval_step = 1
stopping_step = 10
clip_grad_norm = None
weight_decay = 0.0
loss_decimal_place = 4

Evaluation Hyper Parameters:
eval_args = {'split': {'LS': 'valid_and_test'}, 'order': 'TO', 'group_by': 'user', 'mode': {'valid': 'full', 'test': 'full'}}
repeatable = True
metrics = ['Hit', 'NDCG', 'MRR']
topk = [10]
valid_metric = MRR@10
valid_metric_bigger = True
eval_batch_size = 512
metric_decimal_place = 4

Dataset Hyper Parameters:
field_separator = 	
seq_separator =  
USER_ID_FIELD = user_id
ITEM_ID_FIELD = item_id
RATING_FIELD = rating
TIME_FIELD = timestamp
seq_len = None
LABEL_FIELD = label
threshold = None
NEG_PREFIX = neg_
load_col = {'inter': ['user_id', 'item_id', 'rating', 'timestamp']}
unload_col = None
unused_col = None
additional_feat_suffix = None
rm_dup_inter = None
val_interval = None
filter_inter_by_user_or_item = True
user_inter_num_interval = [0,inf)
item_inter_num_interval = [0,inf)
alias_of_user_id = None
alias_of_item_id = None
alias_of_entity_id = None
alias_of_relation_id = None
preload_weight = None
normalize_field = None
normalize_all = None
ITEM_LIST_LENGTH_FIELD = item_length
LIST_SUFFIX = _list
MAX_ITEM_LIST_LENGTH = 32
POSITION_FIELD = position_id
HEAD_ENTITY_ID_FIELD = head_id
TAIL_ENTITY_ID_FIELD = tail_id
RELATION_ID_FIELD = relation_id
ENTITY_ID_FIELD = entity_id
benchmark_filename = None

Other Hyper Parameters: 
worker = 0
wandb_project = recbole
shuffle = True
require_pow = False
enable_amp = False
enable_scaler = False
transform = None
numerical_features = []
discretization = None
kg_reverse_r = False
entity_kg_num_interval = [0,inf)
relation_kg_num_interval = [0,inf)
MODEL_TYPE = ModelType.SEQUENTIAL
time_aug_prob = 0.05
time_aug_strength = 0.05
contrastive_weight = 0.01
model_name = TimeWeaver
hidden_size = 64
num_layers = 2
hidden_dropout_prob = 0.5
initializer_range = 0.02
time_bucket_size = 1000
ema_decay = 0.5
tcn_kernel_size = -1
ffn_hidden_size = 256
loss_type = CE
early_stop = 10
neg_sampling = None
device = cuda
use_continuous_time = True
use_time_gate = True
use_time_augmentation = True
MODEL_INPUT_TYPE = InputType.POINTWISE
eval_type = EvaluatorType.RANKING
single_spec = True
local_rank = 0
valid_neg_sample_args = {'distribution': 'uniform', 'sample_num': 'none'}
test_neg_sample_args = {'distribution': 'uniform', 'sample_num': 'none'}


Sun 08 Mar 2026 12:02:01 INFO  amazon-toys-5core-subset-50k
The number of users: 2098
Average actions of users: 24.392942298521696
The number of items: 10507
Average actions of items: 4.868836855130402
The number of inters: 51152
The sparsity of the dataset: 99.76795169374124%
Remain Fields: ['user_id', 'item_id', 'rating', 'timestamp']
Sun 08 Mar 2026 12:02:02 INFO  [Training]: train_batch_size = [256] train_neg_sample_args: [{'distribution': 'none', 'sample_num': 'none', 'alpha': 'none', 'dynamic': False, 'candidate_num': 0}]
Sun 08 Mar 2026 12:02:02 INFO  [Evaluation]: eval_batch_size = [512] eval_args: [{'split': {'LS': 'valid_and_test'}, 'order': 'TO', 'group_by': 'user', 'mode': {'valid': 'full', 'test': 'full'}}]
Sun 08 Mar 2026 12:02:02 INFO  TimeWeaver(
  (item_embedding): Embedding(10507, 64, padding_idx=0)
  (time_aug): TimeAwareAugmentation(
    (pos_embedding): Embedding(32, 64)
    (time_embedder): ContinuousTimeEmbedding(
      (time2vec): Time2Vec()
    )
    (time_gate): TimeGate(
      (net): Sequential(
        (0): Linear(in_features=128, out_features=16, bias=True)
        (1): GELU(approximate='none')
        (2): Linear(in_features=16, out_features=64, bias=True)
        (3): Sigmoid()
      )
    )
    (layer_norm): LayerNorm((64,), eps=1e-05, elementwise_affine=True)
    (drop): Dropout(p=0.5, inplace=False)
  )
  (context_layers): ModuleList(
    (0-1): 2 x TCNNextBlock(
      (dw): DepthwiseConv1d(
        (conv): Conv1d(64, 64, kernel_size=(11,), stride=(1,), padding=(5,), groups=64)
        (bn): BatchNorm1d(64, eps=1e-05, momentum=0.1, affine=True, track_running_stats=True)
        (drop): Dropout(p=0.5, inplace=False)
      )
      (norm1): LayerNorm((64,), eps=1e-05, elementwise_affine=True)
      (conv_inter): ParallelConvInter(
        (conv1): Conv1d(64, 64, kernel_size=(1,), stride=(1,))
        (conv3): Conv1d(64, 64, kernel_size=(3,), stride=(1,), padding=(1,))
        (proj): Conv1d(64, 64, kernel_size=(1,), stride=(1,))
        (drop): Dropout(p=0.5, inplace=False)
      )
      (norm2): LayerNorm((64,), eps=1e-05, elementwise_affine=True)
      (ffn): Sequential(
        (0): Linear(in_features=64, out_features=256, bias=True)
        (1): GELU(approximate='none')
        (2): Dropout(p=0.5, inplace=False)
        (3): Linear(in_features=256, out_features=64, bias=True)
        (4): Dropout(p=0.5, inplace=False)
      )
      (norm3): LayerNorm((64,), eps=1e-05, elementwise_affine=True)
    )
  )
  (dynamic_layers): ModuleList(
    (0-1): 2 x EMAStream(
      (proj): Linear(in_features=64, out_features=64, bias=True)
    )
  )
  (weavers): ModuleList(
    (0-1): 2 x StreamWeaver(
      (proj): Linear(in_features=128, out_features=64, bias=True)
      (norm): LayerNorm((64,), eps=1e-05, elementwise_affine=True)
    )
  )
  (loss_fct): CrossEntropyLoss()
)
Trainable parameters: 813074.0
Sun 08 Mar 2026 12:02:02 INFO  FLOPs: 4395008.0
Sun 08 Mar 2026 12:02:21 INFO  epoch 0 training [time: 18.63s, train loss: 1562.7713]
Sun 08 Mar 2026 12:02:21 INFO  epoch 0 evaluating [time: 0.08s, valid_score: 0.002300]
Sun 08 Mar 2026 12:02:21 INFO  valid result: 
hit@10 : 0.0091    ndcg@10 : 0.0038    mrr@10 : 0.0023
Sun 08 Mar 2026 12:02:21 INFO  Saving current: saved\TimeWeaver-Mar-08-2026_12-02-02.pth
Sun 08 Mar 2026 12:02:39 INFO  epoch 1 training [time: 18.14s, train loss: 1464.2602]
Sun 08 Mar 2026 12:02:39 INFO  epoch 1 evaluating [time: 0.10s, valid_score: 0.005300]
Sun 08 Mar 2026 12:02:39 INFO  valid result: 
hit@10 : 0.0138    ndcg@10 : 0.0073    mrr@10 : 0.0053
Sun 08 Mar 2026 12:02:39 INFO  Saving current: saved\TimeWeaver-Mar-08-2026_12-02-02.pth
Sun 08 Mar 2026 12:02:58 INFO  epoch 2 training [time: 18.79s, train loss: 1396.1322]
Sun 08 Mar 2026 12:02:58 INFO  epoch 2 evaluating [time: 0.11s, valid_score: 0.007000]
Sun 08 Mar 2026 12:02:58 INFO  valid result: 
hit@10 : 0.0196    ndcg@10 : 0.0098    mrr@10 : 0.007
Sun 08 Mar 2026 12:02:58 INFO  Saving current: saved\TimeWeaver-Mar-08-2026_12-02-02.pth
Sun 08 Mar 2026 12:03:17 INFO  epoch 3 training [time: 18.78s, train loss: 1336.1579]
Sun 08 Mar 2026 12:03:17 INFO  epoch 3 evaluating [time: 0.10s, valid_score: 0.011700]
Sun 08 Mar 2026 12:03:17 INFO  valid result: 
hit@10 : 0.0362    ndcg@10 : 0.0173    mrr@10 : 0.0117
Sun 08 Mar 2026 12:03:17 INFO  Saving current: saved\TimeWeaver-Mar-08-2026_12-02-02.pth
Sun 08 Mar 2026 12:03:36 INFO  epoch 4 training [time: 18.85s, train loss: 1277.6555]
Sun 08 Mar 2026 12:03:36 INFO  epoch 4 evaluating [time: 0.11s, valid_score: 0.014800]
Sun 08 Mar 2026 12:03:36 INFO  valid result: 
hit@10 : 0.0463    ndcg@10 : 0.022    mrr@10 : 0.0148
Sun 08 Mar 2026 12:03:36 INFO  Saving current: saved\TimeWeaver-Mar-08-2026_12-02-02.pth
Sun 08 Mar 2026 12:03:55 INFO  epoch 5 training [time: 18.75s, train loss: 1220.8087]
Sun 08 Mar 2026 12:03:55 INFO  epoch 5 evaluating [time: 0.10s, valid_score: 0.017700]
Sun 08 Mar 2026 12:03:55 INFO  valid result: 
hit@10 : 0.0534    ndcg@10 : 0.026    mrr@10 : 0.0177
Sun 08 Mar 2026 12:03:55 INFO  Saving current: saved\TimeWeaver-Mar-08-2026_12-02-02.pth
Sun 08 Mar 2026 12:04:15 INFO  epoch 6 training [time: 20.44s, train loss: 1165.1908]
Sun 08 Mar 2026 12:04:15 INFO  epoch 6 evaluating [time: 0.10s, valid_score: 0.019200]
Sun 08 Mar 2026 12:04:15 INFO  valid result: 
hit@10 : 0.0649    ndcg@10 : 0.0298    mrr@10 : 0.0192
Sun 08 Mar 2026 12:04:15 INFO  Saving current: saved\TimeWeaver-Mar-08-2026_12-02-02.pth
Sun 08 Mar 2026 12:04:40 INFO  epoch 7 training [time: 24.50s, train loss: 1112.9460]
Sun 08 Mar 2026 12:04:40 INFO  epoch 7 evaluating [time: 0.08s, valid_score: 0.020500]
Sun 08 Mar 2026 12:04:40 INFO  valid result: 
hit@10 : 0.0701    ndcg@10 : 0.0321    mrr@10 : 0.0205
Sun 08 Mar 2026 12:04:40 INFO  Saving current: saved\TimeWeaver-Mar-08-2026_12-02-02.pth
Sun 08 Mar 2026 12:05:09 INFO  epoch 8 training [time: 29.20s, train loss: 1065.8883]
Sun 08 Mar 2026 12:05:09 INFO  epoch 8 evaluating [time: 0.10s, valid_score: 0.018100]
Sun 08 Mar 2026 12:05:09 INFO  valid result: 
hit@10 : 0.0649    ndcg@10 : 0.0289    mrr@10 : 0.0181
Sun 08 Mar 2026 12:05:43 INFO  epoch 9 training [time: 34.08s, train loss: 1023.0717]
Sun 08 Mar 2026 12:05:43 INFO  epoch 9 evaluating [time: 0.10s, valid_score: 0.021500]
Sun 08 Mar 2026 12:05:43 INFO  valid result: 
hit@10 : 0.0753    ndcg@10 : 0.034    mrr@10 : 0.0215
Sun 08 Mar 2026 12:05:43 INFO  Saving current: saved\TimeWeaver-Mar-08-2026_12-02-02.pth
Sun 08 Mar 2026 12:06:20 INFO  epoch 10 training [time: 36.65s, train loss: 985.3418]
Sun 08 Mar 2026 12:06:20 INFO  epoch 10 evaluating [time: 0.09s, valid_score: 0.020100]
Sun 08 Mar 2026 12:06:20 INFO  valid result: 
hit@10 : 0.072    ndcg@10 : 0.0322    mrr@10 : 0.0201
Sun 08 Mar 2026 12:06:56 INFO  epoch 11 training [time: 36.07s, train loss: 955.3516]
Sun 08 Mar 2026 12:06:56 INFO  epoch 11 evaluating [time: 0.10s, valid_score: 0.020700]
Sun 08 Mar 2026 12:06:56 INFO  valid result: 
hit@10 : 0.0749    ndcg@10 : 0.0332    mrr@10 : 0.0207
Sun 08 Mar 2026 12:07:33 INFO  epoch 12 training [time: 36.34s, train loss: 927.7881]
Sun 08 Mar 2026 12:07:33 INFO  epoch 12 evaluating [time: 0.10s, valid_score: 0.022300]
Sun 08 Mar 2026 12:07:33 INFO  valid result: 
hit@10 : 0.0811    ndcg@10 : 0.0359    mrr@10 : 0.0223
Sun 08 Mar 2026 12:07:33 INFO  Saving current: saved\TimeWeaver-Mar-08-2026_12-02-02.pth
Sun 08 Mar 2026 12:08:10 INFO  epoch 13 training [time: 37.49s, train loss: 906.3878]
Sun 08 Mar 2026 12:08:10 INFO  epoch 13 evaluating [time: 0.10s, valid_score: 0.020400]
Sun 08 Mar 2026 12:08:10 INFO  valid result: 
hit@10 : 0.0792    ndcg@10 : 0.0339    mrr@10 : 0.0204
Sun 08 Mar 2026 12:08:48 INFO  epoch 14 training [time: 37.56s, train loss: 885.0168]
Sun 08 Mar 2026 12:08:48 INFO  epoch 14 evaluating [time: 0.10s, valid_score: 0.021400]
Sun 08 Mar 2026 12:08:48 INFO  valid result: 
hit@10 : 0.0811    ndcg@10 : 0.0352    mrr@10 : 0.0214
Sun 08 Mar 2026 12:09:26 INFO  epoch 15 training [time: 37.62s, train loss: 864.9681]
Sun 08 Mar 2026 12:09:26 INFO  epoch 15 evaluating [time: 0.11s, valid_score: 0.021400]
Sun 08 Mar 2026 12:09:26 INFO  valid result: 
hit@10 : 0.0758    ndcg@10 : 0.034    mrr@10 : 0.0214
Sun 08 Mar 2026 12:10:05 INFO  epoch 16 training [time: 38.97s, train loss: 847.6367]
Sun 08 Mar 2026 12:10:05 INFO  epoch 16 evaluating [time: 0.10s, valid_score: 0.022800]
Sun 08 Mar 2026 12:10:05 INFO  valid result: 
hit@10 : 0.0782    ndcg@10 : 0.0356    mrr@10 : 0.0228
Sun 08 Mar 2026 12:10:05 INFO  Saving current: saved\TimeWeaver-Mar-08-2026_12-02-02.pth
Sun 08 Mar 2026 12:10:43 INFO  epoch 17 training [time: 38.42s, train loss: 831.2682]
Sun 08 Mar 2026 12:10:43 INFO  epoch 17 evaluating [time: 0.11s, valid_score: 0.023600]
Sun 08 Mar 2026 12:10:43 INFO  valid result: 
hit@10 : 0.082    ndcg@10 : 0.0371    mrr@10 : 0.0236
Sun 08 Mar 2026 12:10:43 INFO  Saving current: saved\TimeWeaver-Mar-08-2026_12-02-02.pth
Sun 08 Mar 2026 12:11:34 INFO  epoch 18 training [time: 50.69s, train loss: 819.8085]
Sun 08 Mar 2026 12:11:34 INFO  epoch 18 evaluating [time: 0.12s, valid_score: 0.022500]
Sun 08 Mar 2026 12:11:34 INFO  valid result: 
hit@10 : 0.0749    ndcg@10 : 0.0346    mrr@10 : 0.0225
Sun 08 Mar 2026 12:12:21 INFO  epoch 19 training [time: 46.37s, train loss: 802.3536]
Sun 08 Mar 2026 12:12:21 INFO  epoch 19 evaluating [time: 0.10s, valid_score: 0.022100]
Sun 08 Mar 2026 12:12:21 INFO  valid result: 
hit@10 : 0.0773    ndcg@10 : 0.0348    mrr@10 : 0.0221
Sun 08 Mar 2026 12:13:11 INFO  epoch 20 training [time: 50.54s, train loss: 790.4324]
Sun 08 Mar 2026 12:13:11 INFO  epoch 20 evaluating [time: 0.12s, valid_score: 0.022000]
Sun 08 Mar 2026 12:13:11 INFO  valid result: 
hit@10 : 0.0777    ndcg@10 : 0.0348    mrr@10 : 0.022
Sun 08 Mar 2026 12:13:56 INFO  epoch 21 training [time: 44.61s, train loss: 777.3214]
Sun 08 Mar 2026 12:13:56 INFO  epoch 21 evaluating [time: 0.10s, valid_score: 0.021700]
Sun 08 Mar 2026 12:13:56 INFO  valid result: 
hit@10 : 0.0749    ndcg@10 : 0.034    mrr@10 : 0.0217
Sun 08 Mar 2026 12:14:38 INFO  epoch 22 training [time: 41.67s, train loss: 765.0731]
Sun 08 Mar 2026 12:14:38 INFO  epoch 22 evaluating [time: 0.10s, valid_score: 0.022800]
Sun 08 Mar 2026 12:14:38 INFO  valid result: 
hit@10 : 0.0787    ndcg@10 : 0.0356    mrr@10 : 0.0228
Sun 08 Mar 2026 12:15:19 INFO  epoch 23 training [time: 41.26s, train loss: 754.0427]
Sun 08 Mar 2026 12:15:19 INFO  epoch 23 evaluating [time: 0.10s, valid_score: 0.021600]
Sun 08 Mar 2026 12:15:19 INFO  valid result: 
hit@10 : 0.0734    ndcg@10 : 0.0336    mrr@10 : 0.0216
Sun 08 Mar 2026 12:16:01 INFO  epoch 24 training [time: 41.30s, train loss: 742.7211]
Sun 08 Mar 2026 12:16:01 INFO  epoch 24 evaluating [time: 0.10s, valid_score: 0.022700]
Sun 08 Mar 2026 12:16:01 INFO  valid result: 
hit@10 : 0.0758    ndcg@10 : 0.035    mrr@10 : 0.0227
Sun 08 Mar 2026 12:16:46 INFO  epoch 25 training [time: 45.85s, train loss: 733.1798]
Sun 08 Mar 2026 12:16:47 INFO  epoch 25 evaluating [time: 0.09s, valid_score: 0.021700]
Sun 08 Mar 2026 12:16:47 INFO  valid result: 
hit@10 : 0.0758    ndcg@10 : 0.0342    mrr@10 : 0.0217
Sun 08 Mar 2026 12:17:31 INFO  epoch 26 training [time: 44.51s, train loss: 722.6035]
Sun 08 Mar 2026 12:17:31 INFO  epoch 26 evaluating [time: 0.09s, valid_score: 0.020200]
Sun 08 Mar 2026 12:17:31 INFO  valid result: 
hit@10 : 0.0706    ndcg@10 : 0.0318    mrr@10 : 0.0202
Sun 08 Mar 2026 12:18:16 INFO  epoch 27 training [time: 45.12s, train loss: 714.5309]
Sun 08 Mar 2026 12:18:16 INFO  epoch 27 evaluating [time: 0.08s, valid_score: 0.023200]
Sun 08 Mar 2026 12:18:16 INFO  valid result: 
hit@10 : 0.0768    ndcg@10 : 0.0356    mrr@10 : 0.0232
Sun 08 Mar 2026 12:19:00 INFO  epoch 28 training [time: 44.10s, train loss: 705.7631]
Sun 08 Mar 2026 12:19:01 INFO  epoch 28 evaluating [time: 0.07s, valid_score: 0.024300]
Sun 08 Mar 2026 12:19:01 INFO  valid result: 
hit@10 : 0.0777    ndcg@10 : 0.0367    mrr@10 : 0.0243
Sun 08 Mar 2026 12:19:01 INFO  Saving current: saved\TimeWeaver-Mar-08-2026_12-02-02.pth
Sun 08 Mar 2026 12:19:44 INFO  epoch 29 training [time: 42.98s, train loss: 697.3391]
Sun 08 Mar 2026 12:19:44 INFO  epoch 29 evaluating [time: 0.09s, valid_score: 0.024200]
Sun 08 Mar 2026 12:19:44 INFO  valid result: 
hit@10 : 0.0763    ndcg@10 : 0.0363    mrr@10 : 0.0242
Sun 08 Mar 2026 12:20:25 INFO  epoch 30 training [time: 41.49s, train loss: 689.3722]
Sun 08 Mar 2026 12:20:25 INFO  epoch 30 evaluating [time: 0.10s, valid_score: 0.024300]
Sun 08 Mar 2026 12:20:25 INFO  valid result: 
hit@10 : 0.0787    ndcg@10 : 0.0368    mrr@10 : 0.0243
Sun 08 Mar 2026 12:20:25 INFO  Saving current: saved\TimeWeaver-Mar-08-2026_12-02-02.pth
Sun 08 Mar 2026 12:21:07 INFO  epoch 31 training [time: 41.82s, train loss: 680.0829]
Sun 08 Mar 2026 12:21:07 INFO  epoch 31 evaluating [time: 0.08s, valid_score: 0.023300]
Sun 08 Mar 2026 12:21:07 INFO  valid result: 
hit@10 : 0.0782    ndcg@10 : 0.0359    mrr@10 : 0.0233
Sun 08 Mar 2026 12:21:49 INFO  epoch 32 training [time: 42.32s, train loss: 671.1850]
Sun 08 Mar 2026 12:21:50 INFO  epoch 32 evaluating [time: 0.08s, valid_score: 0.022000]
Sun 08 Mar 2026 12:21:50 INFO  valid result: 
hit@10 : 0.0687    ndcg@10 : 0.0329    mrr@10 : 0.022
Sun 08 Mar 2026 12:22:31 INFO  epoch 33 training [time: 41.62s, train loss: 666.4699]
Sun 08 Mar 2026 12:22:31 INFO  epoch 33 evaluating [time: 0.08s, valid_score: 0.021600]
Sun 08 Mar 2026 12:22:31 INFO  valid result: 
hit@10 : 0.0739    ndcg@10 : 0.0337    mrr@10 : 0.0216
Sun 08 Mar 2026 12:23:13 INFO  epoch 34 training [time: 41.61s, train loss: 657.6717]
Sun 08 Mar 2026 12:23:13 INFO  epoch 34 evaluating [time: 0.10s, valid_score: 0.021800]
Sun 08 Mar 2026 12:23:13 INFO  valid result: 
hit@10 : 0.0715    ndcg@10 : 0.0333    mrr@10 : 0.0218
Sun 08 Mar 2026 12:23:54 INFO  epoch 35 training [time: 40.63s, train loss: 652.0892]
Sun 08 Mar 2026 12:23:54 INFO  epoch 35 evaluating [time: 0.10s, valid_score: 0.024700]
Sun 08 Mar 2026 12:23:54 INFO  valid result: 
hit@10 : 0.0782    ndcg@10 : 0.0371    mrr@10 : 0.0247
Sun 08 Mar 2026 12:23:54 INFO  Saving current: saved\TimeWeaver-Mar-08-2026_12-02-02.pth
Sun 08 Mar 2026 12:24:34 INFO  epoch 36 training [time: 40.08s, train loss: 645.8488]
Sun 08 Mar 2026 12:24:34 INFO  epoch 36 evaluating [time: 0.09s, valid_score: 0.022400]
Sun 08 Mar 2026 12:24:34 INFO  valid result: 
hit@10 : 0.0744    ndcg@10 : 0.0343    mrr@10 : 0.0224
Sun 08 Mar 2026 12:25:14 INFO  epoch 37 training [time: 39.76s, train loss: 639.3474]
Sun 08 Mar 2026 12:25:14 INFO  epoch 37 evaluating [time: 0.05s, valid_score: 0.023700]
Sun 08 Mar 2026 12:25:14 INFO  valid result: 
hit@10 : 0.0753    ndcg@10 : 0.0356    mrr@10 : 0.0237
Sun 08 Mar 2026 12:25:55 INFO  epoch 38 training [time: 41.18s, train loss: 635.3492]
Sun 08 Mar 2026 12:25:55 INFO  epoch 38 evaluating [time: 0.10s, valid_score: 0.023000]
Sun 08 Mar 2026 12:25:55 INFO  valid result: 
hit@10 : 0.0725    ndcg@10 : 0.0344    mrr@10 : 0.023
Sun 08 Mar 2026 12:26:36 INFO  epoch 39 training [time: 40.60s, train loss: 627.5410]
Sun 08 Mar 2026 12:26:36 INFO  epoch 39 evaluating [time: 0.10s, valid_score: 0.024600]
Sun 08 Mar 2026 12:26:36 INFO  valid result: 
hit@10 : 0.0739    ndcg@10 : 0.0361    mrr@10 : 0.0246
Sun 08 Mar 2026 12:27:16 INFO  epoch 40 training [time: 40.66s, train loss: 622.7953]
Sun 08 Mar 2026 12:27:16 INFO  epoch 40 evaluating [time: 0.09s, valid_score: 0.023000]
Sun 08 Mar 2026 12:27:16 INFO  valid result: 
hit@10 : 0.0753    ndcg@10 : 0.0352    mrr@10 : 0.023
Sun 08 Mar 2026 12:27:57 INFO  epoch 41 training [time: 40.47s, train loss: 616.9358]
Sun 08 Mar 2026 12:27:57 INFO  epoch 41 evaluating [time: 0.09s, valid_score: 0.022300]
Sun 08 Mar 2026 12:27:57 INFO  valid result: 
hit@10 : 0.0715    ndcg@10 : 0.0338    mrr@10 : 0.0223
Sun 08 Mar 2026 12:28:39 INFO  epoch 42 training [time: 41.83s, train loss: 610.7418]
Sun 08 Mar 2026 12:28:39 INFO  epoch 42 evaluating [time: 0.12s, valid_score: 0.024300]
Sun 08 Mar 2026 12:28:39 INFO  valid result: 
hit@10 : 0.0768    ndcg@10 : 0.0365    mrr@10 : 0.0243
Sun 08 Mar 2026 12:29:26 INFO  epoch 43 training [time: 47.22s, train loss: 606.8759]
Sun 08 Mar 2026 12:29:26 INFO  epoch 43 evaluating [time: 0.14s, valid_score: 0.023500]
Sun 08 Mar 2026 12:29:26 INFO  valid result: 
hit@10 : 0.0763    ndcg@10 : 0.0357    mrr@10 : 0.0235
Sun 08 Mar 2026 12:30:15 INFO  epoch 44 training [time: 48.57s, train loss: 602.0229]
Sun 08 Mar 2026 12:30:15 INFO  epoch 44 evaluating [time: 0.13s, valid_score: 0.022900]
Sun 08 Mar 2026 12:30:15 INFO  valid result: 
hit@10 : 0.0749    ndcg@10 : 0.0348    mrr@10 : 0.0229
Sun 08 Mar 2026 12:31:03 INFO  epoch 45 training [time: 48.00s, train loss: 596.4789]
Sun 08 Mar 2026 12:31:03 INFO  epoch 45 evaluating [time: 0.14s, valid_score: 0.022100]
Sun 08 Mar 2026 12:31:03 INFO  valid result: 
hit@10 : 0.0691    ndcg@10 : 0.033    mrr@10 : 0.0221
Sun 08 Mar 2026 12:31:51 INFO  epoch 46 training [time: 47.35s, train loss: 593.6841]
Sun 08 Mar 2026 12:31:51 INFO  epoch 46 evaluating [time: 0.16s, valid_score: 0.023200]
Sun 08 Mar 2026 12:31:51 INFO  valid result: 
hit@10 : 0.0763    ndcg@10 : 0.0354    mrr@10 : 0.0232
Sun 08 Mar 2026 12:31:51 INFO  Finished training, best eval result in epoch 35
Sun 08 Mar 2026 12:31:51 INFO  Loading model structure and parameters from saved\TimeWeaver-Mar-08-2026_12-02-02.pth
Sun 08 Mar 2026 12:31:52 INFO  The running environment of this training is as follows:
+-------------+----------------+
| Environment |     Usage      |
+=============+================+
| CPU         |     7.50 %     |
+-------------+----------------+
| GPU         | 0.35 G/6.00 G  |
+-------------+----------------+
| Memory      | 0.26 G/15.63 G |
+-------------+----------------+
Sun 08 Mar 2026 12:31:52 INFO  best valid : OrderedDict([('hit@10', 0.0782), ('ndcg@10', 0.0371), ('mrr@10', 0.0247)])
Sun 08 Mar 2026 12:31:52 INFO  test result: OrderedDict([('hit@10', 0.0486), ('ndcg@10', 0.0258), ('mrr@10', 0.0189)])
Sun 08 Mar 2026 12:31:52 WARNING  command line args [--models timeweaver --datasets amazon-toys-5core-subset-50k-full --timeweaver-variant aug --seeds 42,2023,2024 --device gpu --output results/timeweaver_toys50k_ablation_full.json] will not be used in RecBole
Sun 08 Mar 2026 12:31:52 INFO  ['F:\\桌面\\recommendation_system\\scripts\\run_grid.py', '--models', 'timeweaver', '--datasets', 'amazon-toys-5core-subset-50k-full', '--timeweaver-variant', 'aug', '--seeds', '42,2023,2024', '--device', 'gpu', '--output', 'results/timeweaver_toys50k_ablation_full.json']
Sun 08 Mar 2026 12:31:52 INFO  
General Hyper Parameters:
gpu_id = 0
use_gpu = True
seed = 2024
state = INFO
reproducibility = True
data_path = data/amazon\amazon-toys-5core-subset-50k
checkpoint_dir = saved
show_progress = True
save_dataset = False
dataset_save_path = None
save_dataloaders = False
dataloaders_save_path = None
log_wandb = False

Training Hyper Parameters:
epochs = 100
train_batch_size = 256
learner = adam
learning_rate = 0.001
train_neg_sample_args = {'distribution': 'none', 'sample_num': 'none', 'alpha': 'none', 'dynamic': False, 'candidate_num': 0}
eval_step = 1
stopping_step = 10
clip_grad_norm = None
weight_decay = 0.0
loss_decimal_place = 4

Evaluation Hyper Parameters:
eval_args = {'split': {'LS': 'valid_and_test'}, 'order': 'TO', 'group_by': 'user', 'mode': {'valid': 'full', 'test': 'full'}}
repeatable = True
metrics = ['Hit', 'NDCG', 'MRR']
topk = [10]
valid_metric = MRR@10
valid_metric_bigger = True
eval_batch_size = 512
metric_decimal_place = 4

Dataset Hyper Parameters:
field_separator = 	
seq_separator =  
USER_ID_FIELD = user_id
ITEM_ID_FIELD = item_id
RATING_FIELD = rating
TIME_FIELD = timestamp
seq_len = None
LABEL_FIELD = label
threshold = None
NEG_PREFIX = neg_
load_col = {'inter': ['user_id', 'item_id', 'rating', 'timestamp']}
unload_col = None
unused_col = None
additional_feat_suffix = None
rm_dup_inter = None
val_interval = None
filter_inter_by_user_or_item = True
user_inter_num_interval = [0,inf)
item_inter_num_interval = [0,inf)
alias_of_user_id = None
alias_of_item_id = None
alias_of_entity_id = None
alias_of_relation_id = None
preload_weight = None
normalize_field = None
normalize_all = None
ITEM_LIST_LENGTH_FIELD = item_length
LIST_SUFFIX = _list
MAX_ITEM_LIST_LENGTH = 32
POSITION_FIELD = position_id
HEAD_ENTITY_ID_FIELD = head_id
TAIL_ENTITY_ID_FIELD = tail_id
RELATION_ID_FIELD = relation_id
ENTITY_ID_FIELD = entity_id
benchmark_filename = None

Other Hyper Parameters: 
worker = 0
wandb_project = recbole
shuffle = True
require_pow = False
enable_amp = False
enable_scaler = False
transform = None
numerical_features = []
discretization = None
kg_reverse_r = False
entity_kg_num_interval = [0,inf)
relation_kg_num_interval = [0,inf)
MODEL_TYPE = ModelType.SEQUENTIAL
time_aug_prob = 0.05
time_aug_strength = 0.05
contrastive_weight = 0.01
model_name = TimeWeaver
hidden_size = 64
num_layers = 2
hidden_dropout_prob = 0.5
initializer_range = 0.02
time_bucket_size = 1000
ema_decay = 0.5
tcn_kernel_size = -1
ffn_hidden_size = 256
loss_type = CE
early_stop = 10
neg_sampling = None
device = cuda
use_continuous_time = True
use_time_gate = True
use_time_augmentation = True
MODEL_INPUT_TYPE = InputType.POINTWISE
eval_type = EvaluatorType.RANKING
single_spec = True
local_rank = 0
valid_neg_sample_args = {'distribution': 'uniform', 'sample_num': 'none'}
test_neg_sample_args = {'distribution': 'uniform', 'sample_num': 'none'}


Sun 08 Mar 2026 12:31:52 INFO  amazon-toys-5core-subset-50k
The number of users: 2098
Average actions of users: 24.392942298521696
The number of items: 10507
Average actions of items: 4.868836855130402
The number of inters: 51152
The sparsity of the dataset: 99.76795169374124%
Remain Fields: ['user_id', 'item_id', 'rating', 'timestamp']
Sun 08 Mar 2026 12:31:53 INFO  [Training]: train_batch_size = [256] train_neg_sample_args: [{'distribution': 'none', 'sample_num': 'none', 'alpha': 'none', 'dynamic': False, 'candidate_num': 0}]
Sun 08 Mar 2026 12:31:53 INFO  [Evaluation]: eval_batch_size = [512] eval_args: [{'split': {'LS': 'valid_and_test'}, 'order': 'TO', 'group_by': 'user', 'mode': {'valid': 'full', 'test': 'full'}}]
Sun 08 Mar 2026 12:31:53 INFO  TimeWeaver(
  (item_embedding): Embedding(10507, 64, padding_idx=0)
  (time_aug): TimeAwareAugmentation(
    (pos_embedding): Embedding(32, 64)
    (time_embedder): ContinuousTimeEmbedding(
      (time2vec): Time2Vec()
    )
    (time_gate): TimeGate(
      (net): Sequential(
        (0): Linear(in_features=128, out_features=16, bias=True)
        (1): GELU(approximate='none')
        (2): Linear(in_features=16, out_features=64, bias=True)
        (3): Sigmoid()
      )
    )
    (layer_norm): LayerNorm((64,), eps=1e-05, elementwise_affine=True)
    (drop): Dropout(p=0.5, inplace=False)
  )
  (context_layers): ModuleList(
    (0-1): 2 x TCNNextBlock(
      (dw): DepthwiseConv1d(
        (conv): Conv1d(64, 64, kernel_size=(11,), stride=(1,), padding=(5,), groups=64)
        (bn): BatchNorm1d(64, eps=1e-05, momentum=0.1, affine=True, track_running_stats=True)
        (drop): Dropout(p=0.5, inplace=False)
      )
      (norm1): LayerNorm((64,), eps=1e-05, elementwise_affine=True)
      (conv_inter): ParallelConvInter(
        (conv1): Conv1d(64, 64, kernel_size=(1,), stride=(1,))
        (conv3): Conv1d(64, 64, kernel_size=(3,), stride=(1,), padding=(1,))
        (proj): Conv1d(64, 64, kernel_size=(1,), stride=(1,))
        (drop): Dropout(p=0.5, inplace=False)
      )
      (norm2): LayerNorm((64,), eps=1e-05, elementwise_affine=True)
      (ffn): Sequential(
        (0): Linear(in_features=64, out_features=256, bias=True)
        (1): GELU(approximate='none')
        (2): Dropout(p=0.5, inplace=False)
        (3): Linear(in_features=256, out_features=64, bias=True)
        (4): Dropout(p=0.5, inplace=False)
      )
      (norm3): LayerNorm((64,), eps=1e-05, elementwise_affine=True)
    )
  )
  (dynamic_layers): ModuleList(
    (0-1): 2 x EMAStream(
      (proj): Linear(in_features=64, out_features=64, bias=True)
    )
  )
  (weavers): ModuleList(
    (0-1): 2 x StreamWeaver(
      (proj): Linear(in_features=128, out_features=64, bias=True)
      (norm): LayerNorm((64,), eps=1e-05, elementwise_affine=True)
    )
  )
  (loss_fct): CrossEntropyLoss()
)
Trainable parameters: 813074.0
Sun 08 Mar 2026 12:31:53 INFO  FLOPs: 4395008.0
Sun 08 Mar 2026 12:32:16 INFO  epoch 0 training [time: 23.04s, train loss: 1564.0245]
Sun 08 Mar 2026 12:32:17 INFO  epoch 0 evaluating [time: 0.14s, valid_score: 0.002400]
Sun 08 Mar 2026 12:32:17 INFO  valid result: 
hit@10 : 0.0067    ndcg@10 : 0.0034    mrr@10 : 0.0024
Sun 08 Mar 2026 12:32:17 INFO  Saving current: saved\TimeWeaver-Mar-08-2026_12-31-53.pth
Sun 08 Mar 2026 12:32:39 INFO  epoch 1 training [time: 21.99s, train loss: 1468.8173]
Sun 08 Mar 2026 12:32:39 INFO  epoch 1 evaluating [time: 0.16s, valid_score: 0.003800]
Sun 08 Mar 2026 12:32:39 INFO  valid result: 
hit@10 : 0.0138    ndcg@10 : 0.0061    mrr@10 : 0.0038
Sun 08 Mar 2026 12:32:39 INFO  Saving current: saved\TimeWeaver-Mar-08-2026_12-31-53.pth
Sun 08 Mar 2026 12:32:59 INFO  epoch 2 training [time: 20.42s, train loss: 1403.6231]
Sun 08 Mar 2026 12:32:59 INFO  epoch 2 evaluating [time: 0.11s, valid_score: 0.007200]
Sun 08 Mar 2026 12:32:59 INFO  valid result: 
hit@10 : 0.0215    ndcg@10 : 0.0104    mrr@10 : 0.0072
Sun 08 Mar 2026 12:32:59 INFO  Saving current: saved\TimeWeaver-Mar-08-2026_12-31-53.pth
Sun 08 Mar 2026 12:33:20 INFO  epoch 3 training [time: 20.82s, train loss: 1349.4546]
Sun 08 Mar 2026 12:33:20 INFO  epoch 3 evaluating [time: 0.13s, valid_score: 0.008900]
Sun 08 Mar 2026 12:33:20 INFO  valid result: 
hit@10 : 0.032    ndcg@10 : 0.0141    mrr@10 : 0.0089
Sun 08 Mar 2026 12:33:20 INFO  Saving current: saved\TimeWeaver-Mar-08-2026_12-31-53.pth
Sun 08 Mar 2026 12:33:41 INFO  epoch 4 training [time: 20.97s, train loss: 1292.0320]
Sun 08 Mar 2026 12:33:41 INFO  epoch 4 evaluating [time: 0.11s, valid_score: 0.012800]
Sun 08 Mar 2026 12:33:41 INFO  valid result: 
hit@10 : 0.0405    ndcg@10 : 0.0192    mrr@10 : 0.0128
Sun 08 Mar 2026 12:33:41 INFO  Saving current: saved\TimeWeaver-Mar-08-2026_12-31-53.pth
Sun 08 Mar 2026 12:34:02 INFO  epoch 5 training [time: 20.83s, train loss: 1232.2872]
Sun 08 Mar 2026 12:34:02 INFO  epoch 5 evaluating [time: 0.11s, valid_score: 0.016200]
Sun 08 Mar 2026 12:34:02 INFO  valid result: 
hit@10 : 0.0539    ndcg@10 : 0.0249    mrr@10 : 0.0162
Sun 08 Mar 2026 12:34:02 INFO  Saving current: saved\TimeWeaver-Mar-08-2026_12-31-53.pth
Sun 08 Mar 2026 12:34:26 INFO  epoch 6 training [time: 23.31s, train loss: 1174.2143]
Sun 08 Mar 2026 12:34:26 INFO  epoch 6 evaluating [time: 0.10s, valid_score: 0.017800]
Sun 08 Mar 2026 12:34:26 INFO  valid result: 
hit@10 : 0.0596    ndcg@10 : 0.0274    mrr@10 : 0.0178
Sun 08 Mar 2026 12:34:26 INFO  Saving current: saved\TimeWeaver-Mar-08-2026_12-31-53.pth
Sun 08 Mar 2026 12:34:53 INFO  epoch 7 training [time: 27.62s, train loss: 1119.9349]
Sun 08 Mar 2026 12:34:53 INFO  epoch 7 evaluating [time: 0.10s, valid_score: 0.016800]
Sun 08 Mar 2026 12:34:53 INFO  valid result: 
hit@10 : 0.0591    ndcg@10 : 0.0267    mrr@10 : 0.0168
Sun 08 Mar 2026 12:35:25 INFO  epoch 8 training [time: 31.11s, train loss: 1071.0034]
Sun 08 Mar 2026 12:35:25 INFO  epoch 8 evaluating [time: 0.09s, valid_score: 0.019300]
Sun 08 Mar 2026 12:35:25 INFO  valid result: 
hit@10 : 0.072    ndcg@10 : 0.0315    mrr@10 : 0.0193
Sun 08 Mar 2026 12:35:25 INFO  Saving current: saved\TimeWeaver-Mar-08-2026_12-31-53.pth
Sun 08 Mar 2026 12:36:00 INFO  epoch 9 training [time: 34.81s, train loss: 1027.2417]
Sun 08 Mar 2026 12:36:00 INFO  epoch 9 evaluating [time: 0.11s, valid_score: 0.021100]
Sun 08 Mar 2026 12:36:00 INFO  valid result: 
hit@10 : 0.0806    ndcg@10 : 0.0349    mrr@10 : 0.0211
Sun 08 Mar 2026 12:36:00 INFO  Saving current: saved\TimeWeaver-Mar-08-2026_12-31-53.pth
Sun 08 Mar 2026 12:36:37 INFO  epoch 10 training [time: 37.30s, train loss: 990.0021]
Sun 08 Mar 2026 12:36:37 INFO  epoch 10 evaluating [time: 0.10s, valid_score: 0.020400]
Sun 08 Mar 2026 12:36:37 INFO  valid result: 
hit@10 : 0.0773    ndcg@10 : 0.0336    mrr@10 : 0.0204
Sun 08 Mar 2026 12:37:19 INFO  epoch 11 training [time: 41.55s, train loss: 959.4231]
Sun 08 Mar 2026 12:37:19 INFO  epoch 11 evaluating [time: 0.10s, valid_score: 0.021900]
Sun 08 Mar 2026 12:37:19 INFO  valid result: 
hit@10 : 0.0768    ndcg@10 : 0.0347    mrr@10 : 0.0219
Sun 08 Mar 2026 12:37:19 INFO  Saving current: saved\TimeWeaver-Mar-08-2026_12-31-53.pth
Sun 08 Mar 2026 12:38:00 INFO  epoch 12 training [time: 41.43s, train loss: 931.7009]
Sun 08 Mar 2026 12:38:00 INFO  epoch 12 evaluating [time: 0.11s, valid_score: 0.022100]
Sun 08 Mar 2026 12:38:00 INFO  valid result: 
hit@10 : 0.0792    ndcg@10 : 0.0355    mrr@10 : 0.0221
Sun 08 Mar 2026 12:38:00 INFO  Saving current: saved\TimeWeaver-Mar-08-2026_12-31-53.pth
Sun 08 Mar 2026 12:38:41 INFO  epoch 13 training [time: 40.55s, train loss: 908.7828]
Sun 08 Mar 2026 12:38:41 INFO  epoch 13 evaluating [time: 0.12s, valid_score: 0.019400]
Sun 08 Mar 2026 12:38:41 INFO  valid result: 
hit@10 : 0.0787    ndcg@10 : 0.0331    mrr@10 : 0.0194
Sun 08 Mar 2026 12:39:22 INFO  epoch 14 training [time: 41.29s, train loss: 887.5037]
Sun 08 Mar 2026 12:39:22 INFO  epoch 14 evaluating [time: 0.11s, valid_score: 0.021800]
Sun 08 Mar 2026 12:39:22 INFO  valid result: 
hit@10 : 0.0768    ndcg@10 : 0.0345    mrr@10 : 0.0218
Sun 08 Mar 2026 12:40:03 INFO  epoch 15 training [time: 40.54s, train loss: 869.3988]
Sun 08 Mar 2026 12:40:03 INFO  epoch 15 evaluating [time: 0.11s, valid_score: 0.023600]
Sun 08 Mar 2026 12:40:03 INFO  valid result: 
hit@10 : 0.083    ndcg@10 : 0.0373    mrr@10 : 0.0236
Sun 08 Mar 2026 12:40:03 INFO  Saving current: saved\TimeWeaver-Mar-08-2026_12-31-53.pth
Sun 08 Mar 2026 12:40:44 INFO  epoch 16 training [time: 40.84s, train loss: 851.3729]
Sun 08 Mar 2026 12:40:44 INFO  epoch 16 evaluating [time: 0.10s, valid_score: 0.020300]
Sun 08 Mar 2026 12:40:44 INFO  valid result: 
hit@10 : 0.0782    ndcg@10 : 0.0336    mrr@10 : 0.0203
Sun 08 Mar 2026 12:41:25 INFO  epoch 17 training [time: 41.34s, train loss: 835.2604]
Sun 08 Mar 2026 12:41:25 INFO  epoch 17 evaluating [time: 0.12s, valid_score: 0.022900]
Sun 08 Mar 2026 12:41:25 INFO  valid result: 
hit@10 : 0.0825    ndcg@10 : 0.0367    mrr@10 : 0.0229
Sun 08 Mar 2026 12:42:08 INFO  epoch 18 training [time: 42.75s, train loss: 819.2851]
Sun 08 Mar 2026 12:42:08 INFO  epoch 18 evaluating [time: 0.11s, valid_score: 0.024600]
Sun 08 Mar 2026 12:42:08 INFO  valid result: 
hit@10 : 0.0815    ndcg@10 : 0.0378    mrr@10 : 0.0246
Sun 08 Mar 2026 12:42:08 INFO  Saving current: saved\TimeWeaver-Mar-08-2026_12-31-53.pth
Sun 08 Mar 2026 12:42:54 INFO  epoch 19 training [time: 45.15s, train loss: 805.6861]
Sun 08 Mar 2026 12:42:54 INFO  epoch 19 evaluating [time: 0.08s, valid_score: 0.021100]
Sun 08 Mar 2026 12:42:54 INFO  valid result: 
hit@10 : 0.0725    ndcg@10 : 0.0331    mrr@10 : 0.0211
Sun 08 Mar 2026 12:43:44 INFO  epoch 20 training [time: 50.39s, train loss: 791.2020]
Sun 08 Mar 2026 12:43:44 INFO  epoch 20 evaluating [time: 0.13s, valid_score: 0.023500]
Sun 08 Mar 2026 12:43:44 INFO  valid result: 
hit@10 : 0.0758    ndcg@10 : 0.0357    mrr@10 : 0.0235
Sun 08 Mar 2026 12:44:33 INFO  epoch 21 training [time: 48.71s, train loss: 779.4240]
Sun 08 Mar 2026 12:44:33 INFO  epoch 21 evaluating [time: 0.14s, valid_score: 0.023100]
Sun 08 Mar 2026 12:44:33 INFO  valid result: 
hit@10 : 0.0749    ndcg@10 : 0.0352    mrr@10 : 0.0231
Sun 08 Mar 2026 12:45:24 INFO  epoch 22 training [time: 50.66s, train loss: 767.2230]
Sun 08 Mar 2026 12:45:24 INFO  epoch 22 evaluating [time: 0.11s, valid_score: 0.020800]
Sun 08 Mar 2026 12:45:24 INFO  valid result: 
hit@10 : 0.0768    ndcg@10 : 0.0338    mrr@10 : 0.0208
Sun 08 Mar 2026 12:46:06 INFO  epoch 23 training [time: 41.88s, train loss: 757.5774]
Sun 08 Mar 2026 12:46:06 INFO  epoch 23 evaluating [time: 0.10s, valid_score: 0.022200]
Sun 08 Mar 2026 12:46:06 INFO  valid result: 
hit@10 : 0.073    ndcg@10 : 0.034    mrr@10 : 0.0222
Sun 08 Mar 2026 12:46:46 INFO  epoch 24 training [time: 40.71s, train loss: 745.4520]
Sun 08 Mar 2026 12:46:47 INFO  epoch 24 evaluating [time: 0.10s, valid_score: 0.022100]
Sun 08 Mar 2026 12:46:47 INFO  valid result: 
hit@10 : 0.0744    ndcg@10 : 0.0342    mrr@10 : 0.0221
Sun 08 Mar 2026 12:47:27 INFO  epoch 25 training [time: 40.22s, train loss: 734.0935]
Sun 08 Mar 2026 12:47:27 INFO  epoch 25 evaluating [time: 0.10s, valid_score: 0.021600]
Sun 08 Mar 2026 12:47:27 INFO  valid result: 
hit@10 : 0.0744    ndcg@10 : 0.0339    mrr@10 : 0.0216
Sun 08 Mar 2026 14:40:57 INFO  epoch 26 training [time: 6809.75s, train loss: 723.2502]
Sun 08 Mar 2026 14:40:57 INFO  epoch 26 evaluating [time: 0.19s, valid_score: 0.022100]
Sun 08 Mar 2026 14:40:57 INFO  valid result: 
hit@10 : 0.0739    ndcg@10 : 0.0341    mrr@10 : 0.0221
Sun 08 Mar 2026 14:41:36 INFO  epoch 27 training [time: 38.76s, train loss: 716.0844]
Sun 08 Mar 2026 14:41:36 INFO  epoch 27 evaluating [time: 0.11s, valid_score: 0.022500]
Sun 08 Mar 2026 14:41:36 INFO  valid result: 
hit@10 : 0.0758    ndcg@10 : 0.0349    mrr@10 : 0.0225
Sun 08 Mar 2026 14:42:15 INFO  epoch 28 training [time: 39.08s, train loss: 706.7066]
Sun 08 Mar 2026 14:42:15 INFO  epoch 28 evaluating [time: 0.10s, valid_score: 0.022100]
Sun 08 Mar 2026 14:42:15 INFO  valid result: 
hit@10 : 0.0744    ndcg@10 : 0.0342    mrr@10 : 0.0221
Sun 08 Mar 2026 14:42:53 INFO  epoch 29 training [time: 38.52s, train loss: 699.8917]
Sun 08 Mar 2026 14:42:54 INFO  epoch 29 evaluating [time: 0.11s, valid_score: 0.022000]
Sun 08 Mar 2026 14:42:54 INFO  valid result: 
hit@10 : 0.0749    ndcg@10 : 0.0342    mrr@10 : 0.022
Sun 08 Mar 2026 14:42:54 INFO  Finished training, best eval result in epoch 18
Sun 08 Mar 2026 14:42:54 INFO  Loading model structure and parameters from saved\TimeWeaver-Mar-08-2026_12-31-53.pth
Sun 08 Mar 2026 14:42:55 INFO  The running environment of this training is as follows:
+-------------+----------------+
| Environment |     Usage      |
+=============+================+
| CPU         |     7.40 %     |
+-------------+----------------+
| GPU         | 0.35 G/6.00 G  |
+-------------+----------------+
| Memory      | 0.09 G/15.63 G |
+-------------+----------------+
Sun 08 Mar 2026 14:42:55 INFO  best valid : OrderedDict([('hit@10', 0.0815), ('ndcg@10', 0.0378), ('mrr@10', 0.0246)])
Sun 08 Mar 2026 14:42:55 INFO  test result: OrderedDict([('hit@10', 0.0563), ('ndcg@10', 0.0287), ('mrr@10', 0.0203)])
