Wed 11 Feb 2026 15:38:38 INFO  ['F:\\桌面\\recommendation_system\\scripts\\run_grid.py', '--models', 'timeweaver', '--datasets', 'amazon-beauty-5core-subset', '--seeds', '42', '--device', 'gpu', '--timeweaver-variant', 'base', '--tag', 'e0p05_k9_d0p5_l2_f512_b1000', '--output', 'results/run_grid_timeweaver_tune.json', '--tw-ema-decay', '0.05', '--tw-tcn-kernel', '9', '--tw-hidden-dropout', '0.5', '--tw-num-layers', '2', '--tw-ffn-hidden', '512', '--tw-time-bucket', '1000']
Wed 11 Feb 2026 15:38:38 INFO  
General Hyper Parameters:
gpu_id = 0
use_gpu = True
seed = 42
state = INFO
reproducibility = True
data_path = data/amazon\amazon-beauty-5core-subset
checkpoint_dir = saved
show_progress = True
save_dataset = False
dataset_save_path = None
save_dataloaders = False
dataloaders_save_path = None
log_wandb = False

Training Hyper Parameters:
epochs = 100
train_batch_size = 256
learner = adam
learning_rate = 0.001
train_neg_sample_args = {'distribution': 'none', 'sample_num': 'none', 'alpha': 'none', 'dynamic': False, 'candidate_num': 0}
eval_step = 1
stopping_step = 10
clip_grad_norm = None
weight_decay = 0.0
loss_decimal_place = 4

Evaluation Hyper Parameters:
eval_args = {'split': {'LS': 'valid_and_test'}, 'order': 'TO', 'group_by': 'user', 'mode': {'valid': 'uni100', 'test': 'uni100'}}
repeatable = True
metrics = ['Hit', 'NDCG', 'MRR']
topk = [10]
valid_metric = MRR@10
valid_metric_bigger = True
eval_batch_size = 512
metric_decimal_place = 4

Dataset Hyper Parameters:
field_separator = 	
seq_separator =  
USER_ID_FIELD = user_id
ITEM_ID_FIELD = item_id
RATING_FIELD = rating
TIME_FIELD = timestamp
seq_len = None
LABEL_FIELD = label
threshold = None
NEG_PREFIX = neg_
load_col = {'inter': ['user_id', 'item_id', 'rating', 'timestamp']}
unload_col = None
unused_col = None
additional_feat_suffix = None
rm_dup_inter = None
val_interval = None
filter_inter_by_user_or_item = True
user_inter_num_interval = [0,inf)
item_inter_num_interval = [0,inf)
alias_of_user_id = None
alias_of_item_id = None
alias_of_entity_id = None
alias_of_relation_id = None
preload_weight = None
normalize_field = None
normalize_all = None
ITEM_LIST_LENGTH_FIELD = item_length
LIST_SUFFIX = _list
MAX_ITEM_LIST_LENGTH = 32
POSITION_FIELD = position_id
HEAD_ENTITY_ID_FIELD = head_id
TAIL_ENTITY_ID_FIELD = tail_id
RELATION_ID_FIELD = relation_id
ENTITY_ID_FIELD = entity_id
benchmark_filename = None

Other Hyper Parameters: 
worker = 0
wandb_project = recbole
shuffle = True
require_pow = False
enable_amp = False
enable_scaler = False
transform = None
numerical_features = []
discretization = None
kg_reverse_r = False
entity_kg_num_interval = [0,inf)
relation_kg_num_interval = [0,inf)
MODEL_TYPE = ModelType.SEQUENTIAL
model_name = TimeWeaver
hidden_size = 64
num_layers = 2
hidden_dropout_prob = 0.5
initializer_range = 0.02
time_bucket_size = 1000
ema_decay = 0.05
tcn_kernel_size = 9
ffn_hidden_size = 512
loss_type = CE
early_stop = 10
neg_sampling = None
device = cuda
use_continuous_time = False
use_time_gate = False
use_time_augmentation = False
MODEL_INPUT_TYPE = InputType.POINTWISE
eval_type = EvaluatorType.RANKING
single_spec = True
local_rank = 0
valid_neg_sample_args = {'distribution': 'uniform', 'sample_num': 100}
test_neg_sample_args = {'distribution': 'uniform', 'sample_num': 100}


Wed 11 Feb 2026 15:38:38 INFO  amazon-beauty-5core-subset
The number of users: 7001
Average actions of users: 15.458
The number of items: 11924
Average actions of items: 9.075400486454752
The number of inters: 108206
The sparsity of the dataset: 99.87038081155896%
Remain Fields: ['user_id', 'item_id', 'rating', 'timestamp']
Wed 11 Feb 2026 15:38:40 INFO  [Training]: train_batch_size = [256] train_neg_sample_args: [{'distribution': 'none', 'sample_num': 'none', 'alpha': 'none', 'dynamic': False, 'candidate_num': 0}]
Wed 11 Feb 2026 15:38:40 INFO  [Evaluation]: eval_batch_size = [512] eval_args: [{'split': {'LS': 'valid_and_test'}, 'order': 'TO', 'group_by': 'user', 'mode': {'valid': 'uni100', 'test': 'uni100'}}]
Wed 11 Feb 2026 15:38:40 INFO  TimeWeaver(
  (item_embedding): Embedding(11924, 64, padding_idx=0)
  (time_aug): TimeAwareAugmentation(
    (pos_embedding): Embedding(32, 64)
    (time_embedding): Embedding(1000, 64)
    (layer_norm): LayerNorm((64,), eps=1e-05, elementwise_affine=True)
    (drop): Dropout(p=0.5, inplace=False)
  )
  (context_layers): ModuleList(
    (0-1): 2 x TCNNextBlock(
      (dw): DepthwiseConv1d(
        (conv): Conv1d(64, 64, kernel_size=(9,), stride=(1,), padding=(4,), groups=64)
        (bn): BatchNorm1d(64, eps=1e-05, momentum=0.1, affine=True, track_running_stats=True)
        (drop): Dropout(p=0.5, inplace=False)
      )
      (norm1): LayerNorm((64,), eps=1e-05, elementwise_affine=True)
      (conv_inter): ParallelConvInter(
        (conv1): Conv1d(64, 64, kernel_size=(1,), stride=(1,))
        (conv3): Conv1d(64, 64, kernel_size=(3,), stride=(1,), padding=(1,))
        (proj): Conv1d(64, 64, kernel_size=(1,), stride=(1,))
        (drop): Dropout(p=0.5, inplace=False)
      )
      (norm2): LayerNorm((64,), eps=1e-05, elementwise_affine=True)
      (ffn): Sequential(
        (0): Linear(in_features=64, out_features=512, bias=True)
        (1): GELU(approximate='none')
        (2): Dropout(p=0.5, inplace=False)
        (3): Linear(in_features=512, out_features=64, bias=True)
        (4): Dropout(p=0.5, inplace=False)
      )
      (norm3): LayerNorm((64,), eps=1e-05, elementwise_affine=True)
    )
  )
  (dynamic_layers): ModuleList(
    (0-1): 2 x EMAStream(
      (proj): Linear(in_features=64, out_features=64, bias=True)
    )
  )
  (weavers): ModuleList(
    (0-1): 2 x StreamWeaver(
      (proj): Linear(in_features=128, out_features=64, bias=True)
      (norm): LayerNorm((64,), eps=1e-05, elementwise_affine=True)
    )
  )
  (loss_fct): CrossEntropyLoss()
)
Trainable parameters: 1030273.0
Wed 11 Feb 2026 15:38:40 INFO  FLOPs: 6387712.0
Wed 11 Feb 2026 15:39:10 INFO  epoch 0 training [time: 28.37s, train loss: 2933.9283]
Wed 11 Feb 2026 15:39:22 INFO  epoch 0 evaluating [time: 12.31s, valid_score: 0.219000]
Wed 11 Feb 2026 15:39:22 INFO  valid result: 
hit@10 : 0.4604    ndcg@10 : 0.2763    mrr@10 : 0.219
Wed 11 Feb 2026 15:39:22 INFO  Saving current: saved\TimeWeaver-Feb-11-2026_15-38-40.pth
Wed 11 Feb 2026 15:39:52 INFO  epoch 1 training [time: 29.80s, train loss: 2694.0611]
Wed 11 Feb 2026 15:40:04 INFO  epoch 1 evaluating [time: 12.33s, valid_score: 0.284600]
Wed 11 Feb 2026 15:40:04 INFO  valid result: 
hit@10 : 0.5    ndcg@10 : 0.336    mrr@10 : 0.2846
Wed 11 Feb 2026 15:40:04 INFO  Saving current: saved\TimeWeaver-Feb-11-2026_15-38-40.pth
Wed 11 Feb 2026 15:40:32 INFO  epoch 2 training [time: 28.08s, train loss: 2537.2929]
Wed 11 Feb 2026 15:40:44 INFO  epoch 2 evaluating [time: 12.00s, valid_score: 0.324100]
Wed 11 Feb 2026 15:40:44 INFO  valid result: 
hit@10 : 0.53    ndcg@10 : 0.3734    mrr@10 : 0.3241
Wed 11 Feb 2026 15:40:44 INFO  Saving current: saved\TimeWeaver-Feb-11-2026_15-38-40.pth
Wed 11 Feb 2026 15:41:13 INFO  epoch 3 training [time: 28.30s, train loss: 2417.2869]
Wed 11 Feb 2026 15:41:24 INFO  epoch 3 evaluating [time: 11.73s, valid_score: 0.341700]
Wed 11 Feb 2026 15:41:24 INFO  valid result: 
hit@10 : 0.5337    ndcg@10 : 0.3874    mrr@10 : 0.3417
Wed 11 Feb 2026 15:41:25 INFO  Saving current: saved\TimeWeaver-Feb-11-2026_15-38-40.pth
Wed 11 Feb 2026 15:41:53 INFO  epoch 4 training [time: 28.36s, train loss: 2319.3692]
Wed 11 Feb 2026 15:42:05 INFO  epoch 4 evaluating [time: 12.04s, valid_score: 0.343900]
Wed 11 Feb 2026 15:42:05 INFO  valid result: 
hit@10 : 0.5361    ndcg@10 : 0.3897    mrr@10 : 0.3439
Wed 11 Feb 2026 15:42:05 INFO  Saving current: saved\TimeWeaver-Feb-11-2026_15-38-40.pth
Wed 11 Feb 2026 15:42:33 INFO  epoch 5 training [time: 28.30s, train loss: 2238.1975]
Wed 11 Feb 2026 15:42:45 INFO  epoch 5 evaluating [time: 11.66s, valid_score: 0.348900]
Wed 11 Feb 2026 15:42:45 INFO  valid result: 
hit@10 : 0.5364    ndcg@10 : 0.3938    mrr@10 : 0.3489
Wed 11 Feb 2026 15:42:45 INFO  Saving current: saved\TimeWeaver-Feb-11-2026_15-38-40.pth
Wed 11 Feb 2026 15:43:13 INFO  epoch 6 training [time: 28.54s, train loss: 2171.4368]
Wed 11 Feb 2026 15:43:26 INFO  epoch 6 evaluating [time: 12.05s, valid_score: 0.353500]
Wed 11 Feb 2026 15:43:26 INFO  valid result: 
hit@10 : 0.5403    ndcg@10 : 0.398    mrr@10 : 0.3535
Wed 11 Feb 2026 15:43:26 INFO  Saving current: saved\TimeWeaver-Feb-11-2026_15-38-40.pth
Wed 11 Feb 2026 15:43:55 INFO  epoch 7 training [time: 29.00s, train loss: 2115.9529]
Wed 11 Feb 2026 15:44:07 INFO  epoch 7 evaluating [time: 12.01s, valid_score: 0.352100]
Wed 11 Feb 2026 15:44:07 INFO  valid result: 
hit@10 : 0.5354    ndcg@10 : 0.3959    mrr@10 : 0.3521
Wed 11 Feb 2026 15:44:34 INFO  epoch 8 training [time: 27.73s, train loss: 2071.6058]
Wed 11 Feb 2026 15:44:46 INFO  epoch 8 evaluating [time: 12.11s, valid_score: 0.351700]
Wed 11 Feb 2026 15:44:46 INFO  valid result: 
hit@10 : 0.5351    ndcg@10 : 0.3954    mrr@10 : 0.3517
Wed 11 Feb 2026 15:45:15 INFO  epoch 9 training [time: 28.21s, train loss: 2037.1394]
Wed 11 Feb 2026 15:45:26 INFO  epoch 9 evaluating [time: 11.73s, valid_score: 0.347400]
Wed 11 Feb 2026 15:45:26 INFO  valid result: 
hit@10 : 0.533    ndcg@10 : 0.3917    mrr@10 : 0.3474
Wed 11 Feb 2026 15:45:55 INFO  epoch 10 training [time: 28.29s, train loss: 2004.2648]
Wed 11 Feb 2026 15:46:07 INFO  epoch 10 evaluating [time: 12.08s, valid_score: 0.350200]
Wed 11 Feb 2026 15:46:07 INFO  valid result: 
hit@10 : 0.5354    ndcg@10 : 0.3945    mrr@10 : 0.3502
Wed 11 Feb 2026 15:46:35 INFO  epoch 11 training [time: 28.47s, train loss: 1977.5799]
Wed 11 Feb 2026 15:46:47 INFO  epoch 11 evaluating [time: 11.68s, valid_score: 0.354100]
Wed 11 Feb 2026 15:46:47 INFO  valid result: 
hit@10 : 0.541    ndcg@10 : 0.3987    mrr@10 : 0.3541
Wed 11 Feb 2026 15:46:47 INFO  Saving current: saved\TimeWeaver-Feb-11-2026_15-38-40.pth
Wed 11 Feb 2026 15:47:16 INFO  epoch 12 training [time: 28.61s, train loss: 1952.4937]
Wed 11 Feb 2026 15:47:27 INFO  epoch 12 evaluating [time: 11.96s, valid_score: 0.352200]
Wed 11 Feb 2026 15:47:27 INFO  valid result: 
hit@10 : 0.5394    ndcg@10 : 0.3968    mrr@10 : 0.3522
Wed 11 Feb 2026 15:47:56 INFO  epoch 13 training [time: 28.90s, train loss: 1931.0425]
Wed 11 Feb 2026 15:48:08 INFO  epoch 13 evaluating [time: 11.90s, valid_score: 0.349700]
Wed 11 Feb 2026 15:48:08 INFO  valid result: 
hit@10 : 0.5384    ndcg@10 : 0.3947    mrr@10 : 0.3497
Wed 11 Feb 2026 15:48:36 INFO  epoch 14 training [time: 27.88s, train loss: 1912.1465]
Wed 11 Feb 2026 15:48:48 INFO  epoch 14 evaluating [time: 12.08s, valid_score: 0.352700]
Wed 11 Feb 2026 15:48:48 INFO  valid result: 
hit@10 : 0.5411    ndcg@10 : 0.3975    mrr@10 : 0.3527
Wed 11 Feb 2026 15:49:16 INFO  epoch 15 training [time: 28.13s, train loss: 1895.7134]
Wed 11 Feb 2026 15:49:28 INFO  epoch 15 evaluating [time: 11.70s, valid_score: 0.346600]
Wed 11 Feb 2026 15:49:28 INFO  valid result: 
hit@10 : 0.5346    ndcg@10 : 0.3913    mrr@10 : 0.3466
Wed 11 Feb 2026 15:49:56 INFO  epoch 16 training [time: 28.32s, train loss: 1879.7937]
Wed 11 Feb 2026 15:50:08 INFO  epoch 16 evaluating [time: 12.05s, valid_score: 0.349500]
Wed 11 Feb 2026 15:50:08 INFO  valid result: 
hit@10 : 0.5384    ndcg@10 : 0.3946    mrr@10 : 0.3495
Wed 11 Feb 2026 15:50:36 INFO  epoch 17 training [time: 28.00s, train loss: 1863.2573]
Wed 11 Feb 2026 15:50:48 INFO  epoch 17 evaluating [time: 11.68s, valid_score: 0.347600]
Wed 11 Feb 2026 15:50:48 INFO  valid result: 
hit@10 : 0.5361    ndcg@10 : 0.3925    mrr@10 : 0.3476
Wed 11 Feb 2026 15:51:17 INFO  epoch 18 training [time: 28.90s, train loss: 1850.7188]
Wed 11 Feb 2026 15:51:29 INFO  epoch 18 evaluating [time: 12.01s, valid_score: 0.347800]
Wed 11 Feb 2026 15:51:29 INFO  valid result: 
hit@10 : 0.5347    ndcg@10 : 0.3924    mrr@10 : 0.3478
Wed 11 Feb 2026 15:51:58 INFO  epoch 19 training [time: 29.00s, train loss: 1835.3384]
Wed 11 Feb 2026 15:52:10 INFO  epoch 19 evaluating [time: 11.84s, valid_score: 0.346000]
Wed 11 Feb 2026 15:52:10 INFO  valid result: 
hit@10 : 0.5339    ndcg@10 : 0.3908    mrr@10 : 0.346
Wed 11 Feb 2026 15:52:38 INFO  epoch 20 training [time: 27.80s, train loss: 1823.3385]
Wed 11 Feb 2026 15:52:50 INFO  epoch 20 evaluating [time: 12.07s, valid_score: 0.348900]
Wed 11 Feb 2026 15:52:50 INFO  valid result: 
hit@10 : 0.5326    ndcg@10 : 0.3927    mrr@10 : 0.3489
Wed 11 Feb 2026 15:53:18 INFO  epoch 21 training [time: 28.24s, train loss: 1811.0947]
Wed 11 Feb 2026 15:53:30 INFO  epoch 21 evaluating [time: 11.78s, valid_score: 0.347300]
Wed 11 Feb 2026 15:53:30 INFO  valid result: 
hit@10 : 0.5317    ndcg@10 : 0.3912    mrr@10 : 0.3473
Wed 11 Feb 2026 15:53:58 INFO  epoch 22 training [time: 28.29s, train loss: 1799.3721]
Wed 11 Feb 2026 15:54:10 INFO  epoch 22 evaluating [time: 12.06s, valid_score: 0.349400]
Wed 11 Feb 2026 15:54:10 INFO  valid result: 
hit@10 : 0.5359    ndcg@10 : 0.3938    mrr@10 : 0.3494
Wed 11 Feb 2026 15:54:10 INFO  Finished training, best eval result in epoch 11
Wed 11 Feb 2026 15:54:10 INFO  Loading model structure and parameters from saved\TimeWeaver-Feb-11-2026_15-38-40.pth
Wed 11 Feb 2026 15:54:23 INFO  The running environment of this training is as follows:
+-------------+----------------+
| Environment |     Usage      |
+=============+================+
| CPU         |     4.10 %     |
+-------------+----------------+
| GPU         | 0.31 G/6.00 G  |
+-------------+----------------+
| Memory      | 1.43 G/15.63 G |
+-------------+----------------+
Wed 11 Feb 2026 15:54:23 INFO  best valid : OrderedDict([('hit@10', 0.541), ('ndcg@10', 0.3987), ('mrr@10', 0.3541)])
Wed 11 Feb 2026 15:54:23 INFO  test result: OrderedDict([('hit@10', 0.502), ('ndcg@10', 0.3574), ('mrr@10', 0.3121)])
