Wed 11 Feb 2026 14:11:22 INFO  ['F:\\桌面\\recommendation_system\\scripts\\run_grid.py', '--models', 'timeweaver', '--datasets', 'amazon-beauty-5core-subset', '--seeds', '42', '--device', 'gpu', '--timeweaver-variant', 'base', '--tag', 'e0p05_k7_d0p5_l2_f512_b1000', '--output', 'results/run_grid_timeweaver_tune.json', '--tw-ema-decay', '0.05', '--tw-tcn-kernel', '7', '--tw-hidden-dropout', '0.5', '--tw-num-layers', '2', '--tw-ffn-hidden', '512', '--tw-time-bucket', '1000']
Wed 11 Feb 2026 14:11:22 INFO  
General Hyper Parameters:
gpu_id = 0
use_gpu = True
seed = 42
state = INFO
reproducibility = True
data_path = data/amazon\amazon-beauty-5core-subset
checkpoint_dir = saved
show_progress = True
save_dataset = False
dataset_save_path = None
save_dataloaders = False
dataloaders_save_path = None
log_wandb = False

Training Hyper Parameters:
epochs = 100
train_batch_size = 256
learner = adam
learning_rate = 0.001
train_neg_sample_args = {'distribution': 'none', 'sample_num': 'none', 'alpha': 'none', 'dynamic': False, 'candidate_num': 0}
eval_step = 1
stopping_step = 10
clip_grad_norm = None
weight_decay = 0.0
loss_decimal_place = 4

Evaluation Hyper Parameters:
eval_args = {'split': {'LS': 'valid_and_test'}, 'order': 'TO', 'group_by': 'user', 'mode': {'valid': 'uni100', 'test': 'uni100'}}
repeatable = True
metrics = ['Hit', 'NDCG', 'MRR']
topk = [10]
valid_metric = MRR@10
valid_metric_bigger = True
eval_batch_size = 512
metric_decimal_place = 4

Dataset Hyper Parameters:
field_separator = 	
seq_separator =  
USER_ID_FIELD = user_id
ITEM_ID_FIELD = item_id
RATING_FIELD = rating
TIME_FIELD = timestamp
seq_len = None
LABEL_FIELD = label
threshold = None
NEG_PREFIX = neg_
load_col = {'inter': ['user_id', 'item_id', 'rating', 'timestamp']}
unload_col = None
unused_col = None
additional_feat_suffix = None
rm_dup_inter = None
val_interval = None
filter_inter_by_user_or_item = True
user_inter_num_interval = [0,inf)
item_inter_num_interval = [0,inf)
alias_of_user_id = None
alias_of_item_id = None
alias_of_entity_id = None
alias_of_relation_id = None
preload_weight = None
normalize_field = None
normalize_all = None
ITEM_LIST_LENGTH_FIELD = item_length
LIST_SUFFIX = _list
MAX_ITEM_LIST_LENGTH = 32
POSITION_FIELD = position_id
HEAD_ENTITY_ID_FIELD = head_id
TAIL_ENTITY_ID_FIELD = tail_id
RELATION_ID_FIELD = relation_id
ENTITY_ID_FIELD = entity_id
benchmark_filename = None

Other Hyper Parameters: 
worker = 0
wandb_project = recbole
shuffle = True
require_pow = False
enable_amp = False
enable_scaler = False
transform = None
numerical_features = []
discretization = None
kg_reverse_r = False
entity_kg_num_interval = [0,inf)
relation_kg_num_interval = [0,inf)
MODEL_TYPE = ModelType.SEQUENTIAL
model_name = TimeWeaver
hidden_size = 64
num_layers = 2
hidden_dropout_prob = 0.5
initializer_range = 0.02
time_bucket_size = 1000
ema_decay = 0.05
tcn_kernel_size = 7
ffn_hidden_size = 512
loss_type = CE
early_stop = 10
neg_sampling = None
device = cuda
use_continuous_time = False
use_time_gate = False
use_time_augmentation = False
MODEL_INPUT_TYPE = InputType.POINTWISE
eval_type = EvaluatorType.RANKING
single_spec = True
local_rank = 0
valid_neg_sample_args = {'distribution': 'uniform', 'sample_num': 100}
test_neg_sample_args = {'distribution': 'uniform', 'sample_num': 100}


Wed 11 Feb 2026 14:11:22 INFO  amazon-beauty-5core-subset
The number of users: 7001
Average actions of users: 15.458
The number of items: 11924
Average actions of items: 9.075400486454752
The number of inters: 108206
The sparsity of the dataset: 99.87038081155896%
Remain Fields: ['user_id', 'item_id', 'rating', 'timestamp']
Wed 11 Feb 2026 14:11:24 INFO  [Training]: train_batch_size = [256] train_neg_sample_args: [{'distribution': 'none', 'sample_num': 'none', 'alpha': 'none', 'dynamic': False, 'candidate_num': 0}]
Wed 11 Feb 2026 14:11:24 INFO  [Evaluation]: eval_batch_size = [512] eval_args: [{'split': {'LS': 'valid_and_test'}, 'order': 'TO', 'group_by': 'user', 'mode': {'valid': 'uni100', 'test': 'uni100'}}]
Wed 11 Feb 2026 14:11:24 INFO  TimeWeaver(
  (item_embedding): Embedding(11924, 64, padding_idx=0)
  (time_aug): TimeAwareAugmentation(
    (pos_embedding): Embedding(32, 64)
    (time_embedding): Embedding(1000, 64)
    (layer_norm): LayerNorm((64,), eps=1e-05, elementwise_affine=True)
    (drop): Dropout(p=0.5, inplace=False)
  )
  (context_layers): ModuleList(
    (0-1): 2 x TCNNextBlock(
      (dw): DepthwiseConv1d(
        (conv): Conv1d(64, 64, kernel_size=(7,), stride=(1,), padding=(3,), groups=64)
        (bn): BatchNorm1d(64, eps=1e-05, momentum=0.1, affine=True, track_running_stats=True)
        (drop): Dropout(p=0.5, inplace=False)
      )
      (norm1): LayerNorm((64,), eps=1e-05, elementwise_affine=True)
      (conv_inter): ParallelConvInter(
        (conv1): Conv1d(64, 64, kernel_size=(1,), stride=(1,))
        (conv3): Conv1d(64, 64, kernel_size=(3,), stride=(1,), padding=(1,))
        (proj): Conv1d(64, 64, kernel_size=(1,), stride=(1,))
        (drop): Dropout(p=0.5, inplace=False)
      )
      (norm2): LayerNorm((64,), eps=1e-05, elementwise_affine=True)
      (ffn): Sequential(
        (0): Linear(in_features=64, out_features=512, bias=True)
        (1): GELU(approximate='none')
        (2): Dropout(p=0.5, inplace=False)
        (3): Linear(in_features=512, out_features=64, bias=True)
        (4): Dropout(p=0.5, inplace=False)
      )
      (norm3): LayerNorm((64,), eps=1e-05, elementwise_affine=True)
    )
  )
  (dynamic_layers): ModuleList(
    (0-1): 2 x EMAStream(
      (proj): Linear(in_features=64, out_features=64, bias=True)
    )
  )
  (weavers): ModuleList(
    (0-1): 2 x StreamWeaver(
      (proj): Linear(in_features=128, out_features=64, bias=True)
      (norm): LayerNorm((64,), eps=1e-05, elementwise_affine=True)
    )
  )
  (loss_fct): CrossEntropyLoss()
)
Trainable parameters: 1030017.0
Wed 11 Feb 2026 14:11:25 INFO  FLOPs: 6379520.0
Wed 11 Feb 2026 14:11:54 INFO  epoch 0 training [time: 28.60s, train loss: 2934.0844]
Wed 11 Feb 2026 14:12:06 INFO  epoch 0 evaluating [time: 12.06s, valid_score: 0.218400]
Wed 11 Feb 2026 14:12:06 INFO  valid result: 
hit@10 : 0.4607    ndcg@10 : 0.2759    mrr@10 : 0.2184
Wed 11 Feb 2026 14:12:06 INFO  Saving current: saved\TimeWeaver-Feb-11-2026_14-11-25.pth
Wed 11 Feb 2026 14:12:34 INFO  epoch 1 training [time: 27.62s, train loss: 2694.9796]
Wed 11 Feb 2026 14:12:46 INFO  epoch 1 evaluating [time: 12.04s, valid_score: 0.289300]
Wed 11 Feb 2026 14:12:46 INFO  valid result: 
hit@10 : 0.5074    ndcg@10 : 0.3414    mrr@10 : 0.2893
Wed 11 Feb 2026 14:12:46 INFO  Saving current: saved\TimeWeaver-Feb-11-2026_14-11-25.pth
Wed 11 Feb 2026 14:13:14 INFO  epoch 2 training [time: 27.74s, train loss: 2541.0823]
Wed 11 Feb 2026 14:13:25 INFO  epoch 2 evaluating [time: 11.61s, valid_score: 0.328700]
Wed 11 Feb 2026 14:13:25 INFO  valid result: 
hit@10 : 0.5339    ndcg@10 : 0.3779    mrr@10 : 0.3287
Wed 11 Feb 2026 14:13:25 INFO  Saving current: saved\TimeWeaver-Feb-11-2026_14-11-25.pth
Wed 11 Feb 2026 14:13:53 INFO  epoch 3 training [time: 27.89s, train loss: 2427.0990]
Wed 11 Feb 2026 14:14:05 INFO  epoch 3 evaluating [time: 11.95s, valid_score: 0.342600]
Wed 11 Feb 2026 14:14:05 INFO  valid result: 
hit@10 : 0.5377    ndcg@10 : 0.3893    mrr@10 : 0.3426
Wed 11 Feb 2026 14:14:05 INFO  Saving current: saved\TimeWeaver-Feb-11-2026_14-11-25.pth
Wed 11 Feb 2026 14:14:34 INFO  epoch 4 training [time: 28.37s, train loss: 2331.5794]
Wed 11 Feb 2026 14:14:45 INFO  epoch 4 evaluating [time: 11.61s, valid_score: 0.346900]
Wed 11 Feb 2026 14:14:45 INFO  valid result: 
hit@10 : 0.5364    ndcg@10 : 0.3922    mrr@10 : 0.3469
Wed 11 Feb 2026 14:14:45 INFO  Saving current: saved\TimeWeaver-Feb-11-2026_14-11-25.pth
Wed 11 Feb 2026 14:15:13 INFO  epoch 5 training [time: 28.13s, train loss: 2252.0522]
Wed 11 Feb 2026 14:15:25 INFO  epoch 5 evaluating [time: 11.93s, valid_score: 0.352100]
Wed 11 Feb 2026 14:15:25 INFO  valid result: 
hit@10 : 0.5356    ndcg@10 : 0.3959    mrr@10 : 0.3521
Wed 11 Feb 2026 14:15:25 INFO  Saving current: saved\TimeWeaver-Feb-11-2026_14-11-25.pth
Wed 11 Feb 2026 14:15:54 INFO  epoch 6 training [time: 28.75s, train loss: 2185.1379]
Wed 11 Feb 2026 14:16:06 INFO  epoch 6 evaluating [time: 12.07s, valid_score: 0.350800]
Wed 11 Feb 2026 14:16:06 INFO  valid result: 
hit@10 : 0.5343    ndcg@10 : 0.3947    mrr@10 : 0.3508
Wed 11 Feb 2026 14:16:34 INFO  epoch 7 training [time: 27.48s, train loss: 2127.2128]
Wed 11 Feb 2026 14:16:46 INFO  epoch 7 evaluating [time: 12.02s, valid_score: 0.351600]
Wed 11 Feb 2026 14:16:46 INFO  valid result: 
hit@10 : 0.5376    ndcg@10 : 0.396    mrr@10 : 0.3516
Wed 11 Feb 2026 14:17:13 INFO  epoch 8 training [time: 27.67s, train loss: 2082.9317]
Wed 11 Feb 2026 14:17:25 INFO  epoch 8 evaluating [time: 11.64s, valid_score: 0.349400]
Wed 11 Feb 2026 14:17:25 INFO  valid result: 
hit@10 : 0.534    ndcg@10 : 0.3935    mrr@10 : 0.3494
Wed 11 Feb 2026 14:17:53 INFO  epoch 9 training [time: 28.02s, train loss: 2047.0172]
Wed 11 Feb 2026 14:18:05 INFO  epoch 9 evaluating [time: 11.95s, valid_score: 0.354200]
Wed 11 Feb 2026 14:18:05 INFO  valid result: 
hit@10 : 0.5383    ndcg@10 : 0.3982    mrr@10 : 0.3542
Wed 11 Feb 2026 14:18:05 INFO  Saving current: saved\TimeWeaver-Feb-11-2026_14-11-25.pth
Wed 11 Feb 2026 14:18:33 INFO  epoch 10 training [time: 28.33s, train loss: 2013.7123]
Wed 11 Feb 2026 14:18:45 INFO  epoch 10 evaluating [time: 11.62s, valid_score: 0.349300]
Wed 11 Feb 2026 14:18:45 INFO  valid result: 
hit@10 : 0.5363    ndcg@10 : 0.3939    mrr@10 : 0.3493
Wed 11 Feb 2026 14:19:13 INFO  epoch 11 training [time: 28.23s, train loss: 1986.7458]
Wed 11 Feb 2026 14:19:25 INFO  epoch 11 evaluating [time: 11.90s, valid_score: 0.351400]
Wed 11 Feb 2026 14:19:25 INFO  valid result: 
hit@10 : 0.5401    ndcg@10 : 0.3963    mrr@10 : 0.3514
Wed 11 Feb 2026 14:19:54 INFO  epoch 12 training [time: 28.63s, train loss: 1963.3196]
Wed 11 Feb 2026 14:20:06 INFO  epoch 12 evaluating [time: 12.09s, valid_score: 0.354000]
Wed 11 Feb 2026 14:20:06 INFO  valid result: 
hit@10 : 0.5383    ndcg@10 : 0.398    mrr@10 : 0.354
Wed 11 Feb 2026 14:20:34 INFO  epoch 13 training [time: 27.66s, train loss: 1941.2062]
Wed 11 Feb 2026 14:20:46 INFO  epoch 13 evaluating [time: 11.96s, valid_score: 0.349700]
Wed 11 Feb 2026 14:20:46 INFO  valid result: 
hit@10 : 0.5401    ndcg@10 : 0.395    mrr@10 : 0.3497
Wed 11 Feb 2026 14:21:13 INFO  epoch 14 training [time: 27.94s, train loss: 1920.4328]
Wed 11 Feb 2026 14:21:25 INFO  epoch 14 evaluating [time: 11.74s, valid_score: 0.344000]
Wed 11 Feb 2026 14:21:25 INFO  valid result: 
hit@10 : 0.5397    ndcg@10 : 0.3906    mrr@10 : 0.344
Wed 11 Feb 2026 14:21:53 INFO  epoch 15 training [time: 27.96s, train loss: 1902.6961]
Wed 11 Feb 2026 14:22:05 INFO  epoch 15 evaluating [time: 12.06s, valid_score: 0.344300]
Wed 11 Feb 2026 14:22:05 INFO  valid result: 
hit@10 : 0.5319    ndcg@10 : 0.3889    mrr@10 : 0.3443
Wed 11 Feb 2026 14:22:34 INFO  epoch 16 training [time: 28.32s, train loss: 1887.8838]
Wed 11 Feb 2026 14:22:45 INFO  epoch 16 evaluating [time: 11.71s, valid_score: 0.345000]
Wed 11 Feb 2026 14:22:45 INFO  valid result: 
hit@10 : 0.5377    ndcg@10 : 0.3909    mrr@10 : 0.345
Wed 11 Feb 2026 14:23:13 INFO  epoch 17 training [time: 28.17s, train loss: 1872.3827]
Wed 11 Feb 2026 14:23:25 INFO  epoch 17 evaluating [time: 12.05s, valid_score: 0.343900]
Wed 11 Feb 2026 14:23:25 INFO  valid result: 
hit@10 : 0.5309    ndcg@10 : 0.3885    mrr@10 : 0.3439
Wed 11 Feb 2026 14:23:54 INFO  epoch 18 training [time: 28.56s, train loss: 1858.7845]
Wed 11 Feb 2026 14:24:06 INFO  epoch 18 evaluating [time: 11.96s, valid_score: 0.345200]
Wed 11 Feb 2026 14:24:06 INFO  valid result: 
hit@10 : 0.5366    ndcg@10 : 0.3908    mrr@10 : 0.3452
Wed 11 Feb 2026 14:24:34 INFO  epoch 19 training [time: 27.49s, train loss: 1846.3091]
Wed 11 Feb 2026 14:24:45 INFO  epoch 19 evaluating [time: 11.99s, valid_score: 0.343600]
Wed 11 Feb 2026 14:24:45 INFO  valid result: 
hit@10 : 0.5317    ndcg@10 : 0.3884    mrr@10 : 0.3436
Wed 11 Feb 2026 14:25:13 INFO  epoch 20 training [time: 27.85s, train loss: 1831.9410]
Wed 11 Feb 2026 14:25:25 INFO  epoch 20 evaluating [time: 11.63s, valid_score: 0.343100]
Wed 11 Feb 2026 14:25:25 INFO  valid result: 
hit@10 : 0.5334    ndcg@10 : 0.3883    mrr@10 : 0.3431
Wed 11 Feb 2026 14:25:25 INFO  Finished training, best eval result in epoch 9
Wed 11 Feb 2026 14:25:25 INFO  Loading model structure and parameters from saved\TimeWeaver-Feb-11-2026_14-11-25.pth
Wed 11 Feb 2026 14:25:38 INFO  The running environment of this training is as follows:
+-------------+----------------+
| Environment |     Usage      |
+=============+================+
| CPU         |     3.20 %     |
+-------------+----------------+
| GPU         | 0.31 G/6.00 G  |
+-------------+----------------+
| Memory      | 1.43 G/15.63 G |
+-------------+----------------+
Wed 11 Feb 2026 14:25:38 INFO  best valid : OrderedDict([('hit@10', 0.5383), ('ndcg@10', 0.3982), ('mrr@10', 0.3542)])
Wed 11 Feb 2026 14:25:38 INFO  test result: OrderedDict([('hit@10', 0.4964), ('ndcg@10', 0.3558), ('mrr@10', 0.3119)])
