Tue 17 Mar 2026 09:26:12 INFO  ['F:\\桌面\\recommendation_system\\scripts\\run_grid.py', '--models', 'timeweaver', '--datasets', 'amazon-sports-5core-longseq-full', '--seeds', '42,2023,2024', '--device', 'gpu', '--timeweaver-variant', 'aug_only', '--output', 'F:\\桌面\\recommendation_system\\results\\param_sweeps\\timeweaver_param_B1_warmup_ramp.json', '--tag', 'B1_warm0_ramp1000', '--skip-if-done', '--tw-time-aug-warmup', '0', '--tw-time-aug-ramp', '1000']
Tue 17 Mar 2026 09:26:12 INFO  
General Hyper Parameters:
gpu_id = 0
use_gpu = True
seed = 42
state = INFO
reproducibility = True
data_path = data/amazon\amazon-sports-5core-longseq
checkpoint_dir = saved
show_progress = True
save_dataset = False
dataset_save_path = None
save_dataloaders = False
dataloaders_save_path = None
log_wandb = False

Training Hyper Parameters:
epochs = 100
train_batch_size = 256
learner = adam
learning_rate = 0.001
train_neg_sample_args = {'distribution': 'none', 'sample_num': 'none', 'alpha': 'none', 'dynamic': False, 'candidate_num': 0}
eval_step = 1
stopping_step = 10
clip_grad_norm = None
weight_decay = 0.0
loss_decimal_place = 4

Evaluation Hyper Parameters:
eval_args = {'split': {'LS': 'valid_and_test'}, 'order': 'TO', 'group_by': 'user', 'mode': {'valid': 'full', 'test': 'full'}}
repeatable = True
metrics = ['Hit', 'NDCG', 'MRR']
topk = [10]
valid_metric = Hit@10
valid_metric_bigger = True
eval_batch_size = 512
metric_decimal_place = 4

Dataset Hyper Parameters:
field_separator = 	
seq_separator =  
USER_ID_FIELD = user_id
ITEM_ID_FIELD = item_id
RATING_FIELD = rating
TIME_FIELD = timestamp
seq_len = None
LABEL_FIELD = label
threshold = None
NEG_PREFIX = neg_
load_col = {'inter': ['user_id', 'item_id', 'rating', 'timestamp']}
unload_col = None
unused_col = None
additional_feat_suffix = None
rm_dup_inter = None
val_interval = None
filter_inter_by_user_or_item = True
user_inter_num_interval = [0,inf)
item_inter_num_interval = [0,inf)
alias_of_user_id = None
alias_of_item_id = None
alias_of_entity_id = None
alias_of_relation_id = None
preload_weight = None
normalize_field = None
normalize_all = None
ITEM_LIST_LENGTH_FIELD = item_length
LIST_SUFFIX = _list
MAX_ITEM_LIST_LENGTH = 32
POSITION_FIELD = position_id
HEAD_ENTITY_ID_FIELD = head_id
TAIL_ENTITY_ID_FIELD = tail_id
RELATION_ID_FIELD = relation_id
ENTITY_ID_FIELD = entity_id
benchmark_filename = None

Other Hyper Parameters: 
worker = 0
wandb_project = recbole
shuffle = True
require_pow = False
enable_amp = False
enable_scaler = False
transform = None
numerical_features = []
discretization = None
kg_reverse_r = False
entity_kg_num_interval = [0,inf)
relation_kg_num_interval = [0,inf)
MODEL_TYPE = ModelType.SEQUENTIAL
contrastive_weight = 0.03
contrastive_temp = 0.2
time_aug_prob = 0.15
time_aug_strength = 0.05
model_name = TimeWeaver
hidden_size = 64
num_layers = 2
hidden_dropout_prob = 0.5
initializer_range = 0.02
time_bucket_size = 1000
ema_decay = 0.5
tcn_kernel_size = -1
ffn_hidden_size = 256
loss_type = CE
early_stop = 10
neg_sampling = None
device = cuda
use_continuous_time = False
use_time_gate = False
use_time_augmentation = True
time_aug_warmup_steps = 0
time_aug_ramp_steps = 1000
MODEL_INPUT_TYPE = InputType.POINTWISE
eval_type = EvaluatorType.RANKING
single_spec = True
local_rank = 0
valid_neg_sample_args = {'distribution': 'uniform', 'sample_num': 'none'}
test_neg_sample_args = {'distribution': 'uniform', 'sample_num': 'none'}


Tue 17 Mar 2026 09:26:13 INFO  amazon-sports-5core-longseq
The number of users: 2181
Average actions of users: 25.74678899082569
The number of items: 14556
Average actions of items: 3.8562693232566128
The number of inters: 56128
The sparsity of the dataset: 99.82320016520806%
Remain Fields: ['user_id', 'item_id', 'rating', 'timestamp']
Tue 17 Mar 2026 09:26:14 INFO  [Training]: train_batch_size = [256] train_neg_sample_args: [{'distribution': 'none', 'sample_num': 'none', 'alpha': 'none', 'dynamic': False, 'candidate_num': 0}]
Tue 17 Mar 2026 09:26:14 INFO  [Evaluation]: eval_batch_size = [512] eval_args: [{'split': {'LS': 'valid_and_test'}, 'order': 'TO', 'group_by': 'user', 'mode': {'valid': 'full', 'test': 'full'}}]
Tue 17 Mar 2026 09:26:14 INFO  TimeWeaver(
  (item_embedding): Embedding(14556, 64, padding_idx=0)
  (time_aug): TimeAwareAugmentation(
    (pos_embedding): Embedding(32, 64)
    (time_embedding): Embedding(1000, 64)
    (layer_norm): LayerNorm((64,), eps=1e-05, elementwise_affine=True)
    (drop): Dropout(p=0.5, inplace=False)
  )
  (context_layers): ModuleList(
    (0-1): 2 x TCNNextBlock(
      (dw): DepthwiseConv1d(
        (conv): Conv1d(64, 64, kernel_size=(11,), stride=(1,), padding=(5,), groups=64)
        (bn): BatchNorm1d(64, eps=1e-05, momentum=0.1, affine=True, track_running_stats=True)
        (drop): Dropout(p=0.5, inplace=False)
      )
      (norm1): LayerNorm((64,), eps=1e-05, elementwise_affine=True)
      (conv_inter): ParallelConvInter(
        (conv1): Conv1d(64, 64, kernel_size=(1,), stride=(1,))
        (conv3): Conv1d(64, 64, kernel_size=(3,), stride=(1,), padding=(1,))
        (proj): Conv1d(64, 64, kernel_size=(1,), stride=(1,))
        (drop): Dropout(p=0.5, inplace=False)
      )
      (norm2): LayerNorm((64,), eps=1e-05, elementwise_affine=True)
      (ffn): Sequential(
        (0): Linear(in_features=64, out_features=256, bias=True)
        (1): GELU(approximate='none')
        (2): Dropout(p=0.5, inplace=False)
        (3): Linear(in_features=256, out_features=64, bias=True)
        (4): Dropout(p=0.5, inplace=False)
      )
      (norm3): LayerNorm((64,), eps=1e-05, elementwise_affine=True)
    )
  )
  (dynamic_layers): ModuleList(
    (0-1): 2 x EMAStream(
      (proj): Linear(in_features=64, out_features=64, bias=True)
    )
  )
  (weavers): ModuleList(
    (0-1): 2 x StreamWeaver(
      (proj): Linear(in_features=128, out_features=64, bias=True)
      (norm): LayerNorm((64,), eps=1e-05, elementwise_affine=True)
    )
  )
  (loss_fct): CrossEntropyLoss()
)
Trainable parameters: 1132929.0
Tue 17 Mar 2026 09:26:14 INFO  FLOPs: 4298752.0
Tue 17 Mar 2026 09:26:43 INFO  epoch 0 training [time: 27.34s, train loss: 1811.8947]
Tue 17 Mar 2026 09:26:43 INFO  epoch 0 evaluating [time: 0.12s, valid_score: 0.009600]
Tue 17 Mar 2026 09:26:43 INFO  valid result: 
hit@10 : 0.0096    ndcg@10 : 0.0054    mrr@10 : 0.0041
Tue 17 Mar 2026 09:26:43 INFO  Saving current: saved\TimeWeaver-Mar-17-2026_09-26-14.pth
Tue 17 Mar 2026 09:27:16 INFO  epoch 1 training [time: 33.24s, train loss: 1734.7423]
Tue 17 Mar 2026 09:27:16 INFO  epoch 1 evaluating [time: 0.08s, valid_score: 0.016100]
Tue 17 Mar 2026 09:27:16 INFO  valid result: 
hit@10 : 0.0161    ndcg@10 : 0.0081    mrr@10 : 0.0057
Tue 17 Mar 2026 09:27:16 INFO  Saving current: saved\TimeWeaver-Mar-17-2026_09-26-14.pth
Tue 17 Mar 2026 09:27:51 INFO  epoch 2 training [time: 35.21s, train loss: 1667.1245]
Tue 17 Mar 2026 09:27:51 INFO  epoch 2 evaluating [time: 0.08s, valid_score: 0.024300]
Tue 17 Mar 2026 09:27:51 INFO  valid result: 
hit@10 : 0.0243    ndcg@10 : 0.0129    mrr@10 : 0.0095
Tue 17 Mar 2026 09:27:51 INFO  Saving current: saved\TimeWeaver-Mar-17-2026_09-26-14.pth
Tue 17 Mar 2026 09:28:26 INFO  epoch 3 training [time: 34.30s, train loss: 1592.3991]
Tue 17 Mar 2026 09:28:26 INFO  epoch 3 evaluating [time: 0.09s, valid_score: 0.024300]
Tue 17 Mar 2026 09:28:26 INFO  valid result: 
hit@10 : 0.0243    ndcg@10 : 0.0121    mrr@10 : 0.0085
Tue 17 Mar 2026 09:28:26 INFO  Saving current: saved\TimeWeaver-Mar-17-2026_09-26-14.pth
Tue 17 Mar 2026 09:28:59 INFO  epoch 4 training [time: 33.04s, train loss: 1518.0693]
Tue 17 Mar 2026 09:28:59 INFO  epoch 4 evaluating [time: 0.09s, valid_score: 0.028000]
Tue 17 Mar 2026 09:28:59 INFO  valid result: 
hit@10 : 0.028    ndcg@10 : 0.0137    mrr@10 : 0.0094
Tue 17 Mar 2026 09:28:59 INFO  Saving current: saved\TimeWeaver-Mar-17-2026_09-26-14.pth
Tue 17 Mar 2026 09:29:32 INFO  epoch 5 training [time: 33.29s, train loss: 1446.4633]
Tue 17 Mar 2026 09:29:32 INFO  epoch 5 evaluating [time: 0.09s, valid_score: 0.032100]
Tue 17 Mar 2026 09:29:32 INFO  valid result: 
hit@10 : 0.0321    ndcg@10 : 0.0147    mrr@10 : 0.0095
Tue 17 Mar 2026 09:29:32 INFO  Saving current: saved\TimeWeaver-Mar-17-2026_09-26-14.pth
Tue 17 Mar 2026 09:30:07 INFO  epoch 6 training [time: 34.69s, train loss: 1376.7179]
Tue 17 Mar 2026 09:30:07 INFO  epoch 6 evaluating [time: 0.09s, valid_score: 0.026600]
Tue 17 Mar 2026 09:30:07 INFO  valid result: 
hit@10 : 0.0266    ndcg@10 : 0.0127    mrr@10 : 0.0085
Tue 17 Mar 2026 09:30:41 INFO  epoch 7 training [time: 33.99s, train loss: 1309.3241]
Tue 17 Mar 2026 09:30:41 INFO  epoch 7 evaluating [time: 0.08s, valid_score: 0.030300]
Tue 17 Mar 2026 09:30:41 INFO  valid result: 
hit@10 : 0.0303    ndcg@10 : 0.0149    mrr@10 : 0.0102
Tue 17 Mar 2026 09:31:15 INFO  epoch 8 training [time: 34.13s, train loss: 1249.5886]
Tue 17 Mar 2026 09:31:16 INFO  epoch 8 evaluating [time: 0.07s, valid_score: 0.033500]
Tue 17 Mar 2026 09:31:16 INFO  valid result: 
hit@10 : 0.0335    ndcg@10 : 0.0151    mrr@10 : 0.0095
Tue 17 Mar 2026 09:31:16 INFO  Saving current: saved\TimeWeaver-Mar-17-2026_09-26-14.pth
Tue 17 Mar 2026 09:31:52 INFO  epoch 9 training [time: 36.39s, train loss: 1198.1776]
Tue 17 Mar 2026 09:31:52 INFO  epoch 9 evaluating [time: 0.09s, valid_score: 0.033000]
Tue 17 Mar 2026 09:31:52 INFO  valid result: 
hit@10 : 0.033    ndcg@10 : 0.0149    mrr@10 : 0.0093
Tue 17 Mar 2026 09:32:27 INFO  epoch 10 training [time: 34.55s, train loss: 1150.1269]
Tue 17 Mar 2026 09:32:27 INFO  epoch 10 evaluating [time: 0.09s, valid_score: 0.029400]
Tue 17 Mar 2026 09:32:27 INFO  valid result: 
hit@10 : 0.0294    ndcg@10 : 0.0135    mrr@10 : 0.0087
Tue 17 Mar 2026 09:33:00 INFO  epoch 11 training [time: 33.81s, train loss: 1112.3828]
Tue 17 Mar 2026 09:33:01 INFO  epoch 11 evaluating [time: 0.09s, valid_score: 0.028400]
Tue 17 Mar 2026 09:33:01 INFO  valid result: 
hit@10 : 0.0284    ndcg@10 : 0.0131    mrr@10 : 0.0085
Tue 17 Mar 2026 09:33:35 INFO  epoch 12 training [time: 34.87s, train loss: 1076.5105]
Tue 17 Mar 2026 09:33:36 INFO  epoch 12 evaluating [time: 0.09s, valid_score: 0.029400]
Tue 17 Mar 2026 09:33:36 INFO  valid result: 
hit@10 : 0.0294    ndcg@10 : 0.0133    mrr@10 : 0.0084
Tue 17 Mar 2026 09:34:11 INFO  epoch 13 training [time: 35.07s, train loss: 1047.7938]
Tue 17 Mar 2026 09:34:11 INFO  epoch 13 evaluating [time: 0.09s, valid_score: 0.031700]
Tue 17 Mar 2026 09:34:11 INFO  valid result: 
hit@10 : 0.0317    ndcg@10 : 0.0141    mrr@10 : 0.0088
Tue 17 Mar 2026 09:34:45 INFO  epoch 14 training [time: 34.30s, train loss: 1017.9315]
Tue 17 Mar 2026 09:34:45 INFO  epoch 14 evaluating [time: 0.08s, valid_score: 0.032600]
Tue 17 Mar 2026 09:34:45 INFO  valid result: 
hit@10 : 0.0326    ndcg@10 : 0.0141    mrr@10 : 0.0087
Tue 17 Mar 2026 09:35:19 INFO  epoch 15 training [time: 34.29s, train loss: 993.0632]
Tue 17 Mar 2026 09:35:19 INFO  epoch 15 evaluating [time: 0.09s, valid_score: 0.031700]
Tue 17 Mar 2026 09:35:19 INFO  valid result: 
hit@10 : 0.0317    ndcg@10 : 0.0143    mrr@10 : 0.0091
Tue 17 Mar 2026 09:35:56 INFO  epoch 16 training [time: 36.66s, train loss: 968.5893]
Tue 17 Mar 2026 09:35:56 INFO  epoch 16 evaluating [time: 0.09s, valid_score: 0.028900]
Tue 17 Mar 2026 09:35:56 INFO  valid result: 
hit@10 : 0.0289    ndcg@10 : 0.013    mrr@10 : 0.0082
Tue 17 Mar 2026 09:36:30 INFO  epoch 17 training [time: 34.26s, train loss: 945.5236]
Tue 17 Mar 2026 09:36:31 INFO  epoch 17 evaluating [time: 0.07s, valid_score: 0.027100]
Tue 17 Mar 2026 09:36:31 INFO  valid result: 
hit@10 : 0.0271    ndcg@10 : 0.0134    mrr@10 : 0.0093
Tue 17 Mar 2026 09:37:04 INFO  epoch 18 training [time: 33.78s, train loss: 925.7711]
Tue 17 Mar 2026 09:37:04 INFO  epoch 18 evaluating [time: 0.09s, valid_score: 0.027500]
Tue 17 Mar 2026 09:37:04 INFO  valid result: 
hit@10 : 0.0275    ndcg@10 : 0.0126    mrr@10 : 0.008
Tue 17 Mar 2026 09:37:38 INFO  epoch 19 training [time: 33.66s, train loss: 908.1183]
Tue 17 Mar 2026 09:37:38 INFO  epoch 19 evaluating [time: 0.07s, valid_score: 0.026100]
Tue 17 Mar 2026 09:37:38 INFO  valid result: 
hit@10 : 0.0261    ndcg@10 : 0.0124    mrr@10 : 0.0081
Tue 17 Mar 2026 09:37:38 INFO  Finished training, best eval result in epoch 8
Tue 17 Mar 2026 09:37:38 INFO  Loading model structure and parameters from saved\TimeWeaver-Mar-17-2026_09-26-14.pth
Tue 17 Mar 2026 09:37:39 INFO  The running environment of this training is as follows:
+-------------+----------------+
| Environment |     Usage      |
+=============+================+
| CPU         |     5.20 %     |
+-------------+----------------+
| GPU         | 0.41 G/6.00 G  |
+-------------+----------------+
| Memory      | 1.57 G/15.63 G |
+-------------+----------------+
Tue 17 Mar 2026 09:37:39 INFO  best valid : OrderedDict([('hit@10', 0.0335), ('ndcg@10', 0.0151), ('mrr@10', 0.0095)])
Tue 17 Mar 2026 09:37:39 INFO  test result: OrderedDict([('hit@10', 0.022), ('ndcg@10', 0.01), ('mrr@10', 0.0065)])
Tue 17 Mar 2026 09:37:39 WARNING  command line args [--models timeweaver --datasets amazon-sports-5core-longseq-full --seeds 42,2023,2024 --device gpu --timeweaver-variant aug_only --output F:\桌面\recommendation_system\results\param_sweeps\timeweaver_param_B1_warmup_ramp.json --tag B1_warm0_ramp1000 --skip-if-done --tw-time-aug-warmup 0 --tw-time-aug-ramp 1000] will not be used in RecBole
Tue 17 Mar 2026 09:37:39 INFO  ['F:\\桌面\\recommendation_system\\scripts\\run_grid.py', '--models', 'timeweaver', '--datasets', 'amazon-sports-5core-longseq-full', '--seeds', '42,2023,2024', '--device', 'gpu', '--timeweaver-variant', 'aug_only', '--output', 'F:\\桌面\\recommendation_system\\results\\param_sweeps\\timeweaver_param_B1_warmup_ramp.json', '--tag', 'B1_warm0_ramp1000', '--skip-if-done', '--tw-time-aug-warmup', '0', '--tw-time-aug-ramp', '1000']
Tue 17 Mar 2026 09:37:39 INFO  
General Hyper Parameters:
gpu_id = 0
use_gpu = True
seed = 2023
state = INFO
reproducibility = True
data_path = data/amazon\amazon-sports-5core-longseq
checkpoint_dir = saved
show_progress = True
save_dataset = False
dataset_save_path = None
save_dataloaders = False
dataloaders_save_path = None
log_wandb = False

Training Hyper Parameters:
epochs = 100
train_batch_size = 256
learner = adam
learning_rate = 0.001
train_neg_sample_args = {'distribution': 'none', 'sample_num': 'none', 'alpha': 'none', 'dynamic': False, 'candidate_num': 0}
eval_step = 1
stopping_step = 10
clip_grad_norm = None
weight_decay = 0.0
loss_decimal_place = 4

Evaluation Hyper Parameters:
eval_args = {'split': {'LS': 'valid_and_test'}, 'order': 'TO', 'group_by': 'user', 'mode': {'valid': 'full', 'test': 'full'}}
repeatable = True
metrics = ['Hit', 'NDCG', 'MRR']
topk = [10]
valid_metric = Hit@10
valid_metric_bigger = True
eval_batch_size = 512
metric_decimal_place = 4

Dataset Hyper Parameters:
field_separator = 	
seq_separator =  
USER_ID_FIELD = user_id
ITEM_ID_FIELD = item_id
RATING_FIELD = rating
TIME_FIELD = timestamp
seq_len = None
LABEL_FIELD = label
threshold = None
NEG_PREFIX = neg_
load_col = {'inter': ['user_id', 'item_id', 'rating', 'timestamp']}
unload_col = None
unused_col = None
additional_feat_suffix = None
rm_dup_inter = None
val_interval = None
filter_inter_by_user_or_item = True
user_inter_num_interval = [0,inf)
item_inter_num_interval = [0,inf)
alias_of_user_id = None
alias_of_item_id = None
alias_of_entity_id = None
alias_of_relation_id = None
preload_weight = None
normalize_field = None
normalize_all = None
ITEM_LIST_LENGTH_FIELD = item_length
LIST_SUFFIX = _list
MAX_ITEM_LIST_LENGTH = 32
POSITION_FIELD = position_id
HEAD_ENTITY_ID_FIELD = head_id
TAIL_ENTITY_ID_FIELD = tail_id
RELATION_ID_FIELD = relation_id
ENTITY_ID_FIELD = entity_id
benchmark_filename = None

Other Hyper Parameters: 
worker = 0
wandb_project = recbole
shuffle = True
require_pow = False
enable_amp = False
enable_scaler = False
transform = None
numerical_features = []
discretization = None
kg_reverse_r = False
entity_kg_num_interval = [0,inf)
relation_kg_num_interval = [0,inf)
MODEL_TYPE = ModelType.SEQUENTIAL
contrastive_weight = 0.03
contrastive_temp = 0.2
time_aug_prob = 0.15
time_aug_strength = 0.05
model_name = TimeWeaver
hidden_size = 64
num_layers = 2
hidden_dropout_prob = 0.5
initializer_range = 0.02
time_bucket_size = 1000
ema_decay = 0.5
tcn_kernel_size = -1
ffn_hidden_size = 256
loss_type = CE
early_stop = 10
neg_sampling = None
device = cuda
use_continuous_time = False
use_time_gate = False
use_time_augmentation = True
time_aug_warmup_steps = 0
time_aug_ramp_steps = 1000
MODEL_INPUT_TYPE = InputType.POINTWISE
eval_type = EvaluatorType.RANKING
single_spec = True
local_rank = 0
valid_neg_sample_args = {'distribution': 'uniform', 'sample_num': 'none'}
test_neg_sample_args = {'distribution': 'uniform', 'sample_num': 'none'}


Tue 17 Mar 2026 09:37:40 INFO  amazon-sports-5core-longseq
The number of users: 2181
Average actions of users: 25.74678899082569
The number of items: 14556
Average actions of items: 3.8562693232566128
The number of inters: 56128
The sparsity of the dataset: 99.82320016520806%
Remain Fields: ['user_id', 'item_id', 'rating', 'timestamp']
Tue 17 Mar 2026 09:37:41 INFO  [Training]: train_batch_size = [256] train_neg_sample_args: [{'distribution': 'none', 'sample_num': 'none', 'alpha': 'none', 'dynamic': False, 'candidate_num': 0}]
Tue 17 Mar 2026 09:37:41 INFO  [Evaluation]: eval_batch_size = [512] eval_args: [{'split': {'LS': 'valid_and_test'}, 'order': 'TO', 'group_by': 'user', 'mode': {'valid': 'full', 'test': 'full'}}]
Tue 17 Mar 2026 09:37:41 INFO  TimeWeaver(
  (item_embedding): Embedding(14556, 64, padding_idx=0)
  (time_aug): TimeAwareAugmentation(
    (pos_embedding): Embedding(32, 64)
    (time_embedding): Embedding(1000, 64)
    (layer_norm): LayerNorm((64,), eps=1e-05, elementwise_affine=True)
    (drop): Dropout(p=0.5, inplace=False)
  )
  (context_layers): ModuleList(
    (0-1): 2 x TCNNextBlock(
      (dw): DepthwiseConv1d(
        (conv): Conv1d(64, 64, kernel_size=(11,), stride=(1,), padding=(5,), groups=64)
        (bn): BatchNorm1d(64, eps=1e-05, momentum=0.1, affine=True, track_running_stats=True)
        (drop): Dropout(p=0.5, inplace=False)
      )
      (norm1): LayerNorm((64,), eps=1e-05, elementwise_affine=True)
      (conv_inter): ParallelConvInter(
        (conv1): Conv1d(64, 64, kernel_size=(1,), stride=(1,))
        (conv3): Conv1d(64, 64, kernel_size=(3,), stride=(1,), padding=(1,))
        (proj): Conv1d(64, 64, kernel_size=(1,), stride=(1,))
        (drop): Dropout(p=0.5, inplace=False)
      )
      (norm2): LayerNorm((64,), eps=1e-05, elementwise_affine=True)
      (ffn): Sequential(
        (0): Linear(in_features=64, out_features=256, bias=True)
        (1): GELU(approximate='none')
        (2): Dropout(p=0.5, inplace=False)
        (3): Linear(in_features=256, out_features=64, bias=True)
        (4): Dropout(p=0.5, inplace=False)
      )
      (norm3): LayerNorm((64,), eps=1e-05, elementwise_affine=True)
    )
  )
  (dynamic_layers): ModuleList(
    (0-1): 2 x EMAStream(
      (proj): Linear(in_features=64, out_features=64, bias=True)
    )
  )
  (weavers): ModuleList(
    (0-1): 2 x StreamWeaver(
      (proj): Linear(in_features=128, out_features=64, bias=True)
      (norm): LayerNorm((64,), eps=1e-05, elementwise_affine=True)
    )
  )
  (loss_fct): CrossEntropyLoss()
)
Trainable parameters: 1132929.0
Tue 17 Mar 2026 09:37:41 INFO  FLOPs: 4298752.0
Tue 17 Mar 2026 09:38:08 INFO  epoch 0 training [time: 27.06s, train loss: 1812.8335]
Tue 17 Mar 2026 09:38:08 INFO  epoch 0 evaluating [time: 0.08s, valid_score: 0.011900]
Tue 17 Mar 2026 09:38:08 INFO  valid result: 
hit@10 : 0.0119    ndcg@10 : 0.0062    mrr@10 : 0.0045
Tue 17 Mar 2026 09:38:08 INFO  Saving current: saved\TimeWeaver-Mar-17-2026_09-37-41.pth
Tue 17 Mar 2026 09:38:42 INFO  epoch 1 training [time: 34.29s, train loss: 1735.2305]
Tue 17 Mar 2026 09:38:42 INFO  epoch 1 evaluating [time: 0.08s, valid_score: 0.018300]
Tue 17 Mar 2026 09:38:42 INFO  valid result: 
hit@10 : 0.0183    ndcg@10 : 0.0096    mrr@10 : 0.0069
Tue 17 Mar 2026 09:38:42 INFO  Saving current: saved\TimeWeaver-Mar-17-2026_09-37-41.pth
Tue 17 Mar 2026 09:39:16 INFO  epoch 2 training [time: 33.81s, train loss: 1666.8189]
Tue 17 Mar 2026 09:39:16 INFO  epoch 2 evaluating [time: 0.09s, valid_score: 0.024300]
Tue 17 Mar 2026 09:39:16 INFO  valid result: 
hit@10 : 0.0243    ndcg@10 : 0.0135    mrr@10 : 0.0103
Tue 17 Mar 2026 09:39:16 INFO  Saving current: saved\TimeWeaver-Mar-17-2026_09-37-41.pth
Tue 17 Mar 2026 09:39:52 INFO  epoch 3 training [time: 35.54s, train loss: 1594.6127]
Tue 17 Mar 2026 09:39:52 INFO  epoch 3 evaluating [time: 0.09s, valid_score: 0.029400]
Tue 17 Mar 2026 09:39:52 INFO  valid result: 
hit@10 : 0.0294    ndcg@10 : 0.0148    mrr@10 : 0.0105
Tue 17 Mar 2026 09:39:52 INFO  Saving current: saved\TimeWeaver-Mar-17-2026_09-37-41.pth
Tue 17 Mar 2026 09:40:26 INFO  epoch 4 training [time: 34.01s, train loss: 1522.3837]
Tue 17 Mar 2026 09:40:26 INFO  epoch 4 evaluating [time: 0.08s, valid_score: 0.028000]
Tue 17 Mar 2026 09:40:26 INFO  valid result: 
hit@10 : 0.028    ndcg@10 : 0.0144    mrr@10 : 0.0103
Tue 17 Mar 2026 09:40:59 INFO  epoch 5 training [time: 33.16s, train loss: 1449.9515]
Tue 17 Mar 2026 09:40:59 INFO  epoch 5 evaluating [time: 0.08s, valid_score: 0.030300]
Tue 17 Mar 2026 09:40:59 INFO  valid result: 
hit@10 : 0.0303    ndcg@10 : 0.0134    mrr@10 : 0.0083
Tue 17 Mar 2026 09:40:59 INFO  Saving current: saved\TimeWeaver-Mar-17-2026_09-37-41.pth
Tue 17 Mar 2026 09:41:33 INFO  epoch 6 training [time: 33.61s, train loss: 1379.5791]
Tue 17 Mar 2026 09:41:33 INFO  epoch 6 evaluating [time: 0.08s, valid_score: 0.028000]
Tue 17 Mar 2026 09:41:33 INFO  valid result: 
hit@10 : 0.028    ndcg@10 : 0.0134    mrr@10 : 0.0089
Tue 17 Mar 2026 09:42:07 INFO  epoch 7 training [time: 33.73s, train loss: 1311.8079]
Tue 17 Mar 2026 09:42:07 INFO  epoch 7 evaluating [time: 0.09s, valid_score: 0.028900]
Tue 17 Mar 2026 09:42:07 INFO  valid result: 
hit@10 : 0.0289    ndcg@10 : 0.013    mrr@10 : 0.0081
Tue 17 Mar 2026 09:42:40 INFO  epoch 8 training [time: 33.72s, train loss: 1251.5648]
Tue 17 Mar 2026 09:42:40 INFO  epoch 8 evaluating [time: 0.09s, valid_score: 0.033000]
Tue 17 Mar 2026 09:42:40 INFO  valid result: 
hit@10 : 0.033    ndcg@10 : 0.0146    mrr@10 : 0.009
Tue 17 Mar 2026 09:42:40 INFO  Saving current: saved\TimeWeaver-Mar-17-2026_09-37-41.pth
Tue 17 Mar 2026 09:43:14 INFO  epoch 9 training [time: 33.24s, train loss: 1197.5714]
Tue 17 Mar 2026 09:43:14 INFO  epoch 9 evaluating [time: 0.08s, valid_score: 0.030700]
Tue 17 Mar 2026 09:43:14 INFO  valid result: 
hit@10 : 0.0307    ndcg@10 : 0.0136    mrr@10 : 0.0085
Tue 17 Mar 2026 09:43:49 INFO  epoch 10 training [time: 34.98s, train loss: 1152.6041]
Tue 17 Mar 2026 09:43:49 INFO  epoch 10 evaluating [time: 0.08s, valid_score: 0.031700]
Tue 17 Mar 2026 09:43:49 INFO  valid result: 
hit@10 : 0.0317    ndcg@10 : 0.0137    mrr@10 : 0.0083
Tue 17 Mar 2026 09:44:23 INFO  epoch 11 training [time: 34.37s, train loss: 1114.3124]
Tue 17 Mar 2026 09:44:23 INFO  epoch 11 evaluating [time: 0.07s, valid_score: 0.031200]
Tue 17 Mar 2026 09:44:23 INFO  valid result: 
hit@10 : 0.0312    ndcg@10 : 0.0136    mrr@10 : 0.0082
Tue 17 Mar 2026 09:44:57 INFO  epoch 12 training [time: 33.25s, train loss: 1078.1889]
Tue 17 Mar 2026 09:44:57 INFO  epoch 12 evaluating [time: 0.09s, valid_score: 0.029800]
Tue 17 Mar 2026 09:44:57 INFO  valid result: 
hit@10 : 0.0298    ndcg@10 : 0.0132    mrr@10 : 0.0082
Tue 17 Mar 2026 09:45:30 INFO  epoch 13 training [time: 33.50s, train loss: 1048.3370]
Tue 17 Mar 2026 09:45:30 INFO  epoch 13 evaluating [time: 0.08s, valid_score: 0.029800]
Tue 17 Mar 2026 09:45:30 INFO  valid result: 
hit@10 : 0.0298    ndcg@10 : 0.0129    mrr@10 : 0.0078
Tue 17 Mar 2026 09:46:04 INFO  epoch 14 training [time: 33.37s, train loss: 1019.9650]
Tue 17 Mar 2026 09:46:04 INFO  epoch 14 evaluating [time: 0.09s, valid_score: 0.032100]
Tue 17 Mar 2026 09:46:04 INFO  valid result: 
hit@10 : 0.0321    ndcg@10 : 0.0139    mrr@10 : 0.0084
Tue 17 Mar 2026 09:46:38 INFO  epoch 15 training [time: 33.86s, train loss: 994.5524]
Tue 17 Mar 2026 09:46:38 INFO  epoch 15 evaluating [time: 0.08s, valid_score: 0.031700]
Tue 17 Mar 2026 09:46:38 INFO  valid result: 
hit@10 : 0.0317    ndcg@10 : 0.0141    mrr@10 : 0.0088
Tue 17 Mar 2026 09:47:11 INFO  epoch 16 training [time: 33.12s, train loss: 971.0025]
Tue 17 Mar 2026 09:47:11 INFO  epoch 16 evaluating [time: 0.08s, valid_score: 0.029800]
Tue 17 Mar 2026 09:47:11 INFO  valid result: 
hit@10 : 0.0298    ndcg@10 : 0.0127    mrr@10 : 0.0076
Tue 17 Mar 2026 09:47:46 INFO  epoch 17 training [time: 34.85s, train loss: 948.9166]
Tue 17 Mar 2026 09:47:46 INFO  epoch 17 evaluating [time: 0.08s, valid_score: 0.028000]
Tue 17 Mar 2026 09:47:46 INFO  valid result: 
hit@10 : 0.028    ndcg@10 : 0.0122    mrr@10 : 0.0074
Tue 17 Mar 2026 09:48:19 INFO  epoch 18 training [time: 33.72s, train loss: 931.4412]
Tue 17 Mar 2026 09:48:20 INFO  epoch 18 evaluating [time: 0.08s, valid_score: 0.026100]
Tue 17 Mar 2026 09:48:20 INFO  valid result: 
hit@10 : 0.0261    ndcg@10 : 0.0118    mrr@10 : 0.0073
Tue 17 Mar 2026 09:48:52 INFO  epoch 19 training [time: 32.50s, train loss: 910.4016]
Tue 17 Mar 2026 09:48:52 INFO  epoch 19 evaluating [time: 0.08s, valid_score: 0.027500]
Tue 17 Mar 2026 09:48:52 INFO  valid result: 
hit@10 : 0.0275    ndcg@10 : 0.0126    mrr@10 : 0.008
Tue 17 Mar 2026 09:48:52 INFO  Finished training, best eval result in epoch 8
Tue 17 Mar 2026 09:48:52 INFO  Loading model structure and parameters from saved\TimeWeaver-Mar-17-2026_09-37-41.pth
Tue 17 Mar 2026 09:48:53 INFO  The running environment of this training is as follows:
+-------------+----------------+
| Environment |     Usage      |
+=============+================+
| CPU         |     3.90 %     |
+-------------+----------------+
| GPU         | 0.41 G/6.00 G  |
+-------------+----------------+
| Memory      | 1.58 G/15.63 G |
+-------------+----------------+
Tue 17 Mar 2026 09:48:53 INFO  best valid : OrderedDict([('hit@10', 0.033), ('ndcg@10', 0.0146), ('mrr@10', 0.009)])
Tue 17 Mar 2026 09:48:53 INFO  test result: OrderedDict([('hit@10', 0.0239), ('ndcg@10', 0.0113), ('mrr@10', 0.0075)])
Tue 17 Mar 2026 09:48:53 WARNING  command line args [--models timeweaver --datasets amazon-sports-5core-longseq-full --seeds 42,2023,2024 --device gpu --timeweaver-variant aug_only --output F:\桌面\recommendation_system\results\param_sweeps\timeweaver_param_B1_warmup_ramp.json --tag B1_warm0_ramp1000 --skip-if-done --tw-time-aug-warmup 0 --tw-time-aug-ramp 1000] will not be used in RecBole
Tue 17 Mar 2026 09:48:53 INFO  ['F:\\桌面\\recommendation_system\\scripts\\run_grid.py', '--models', 'timeweaver', '--datasets', 'amazon-sports-5core-longseq-full', '--seeds', '42,2023,2024', '--device', 'gpu', '--timeweaver-variant', 'aug_only', '--output', 'F:\\桌面\\recommendation_system\\results\\param_sweeps\\timeweaver_param_B1_warmup_ramp.json', '--tag', 'B1_warm0_ramp1000', '--skip-if-done', '--tw-time-aug-warmup', '0', '--tw-time-aug-ramp', '1000']
Tue 17 Mar 2026 09:48:53 INFO  
General Hyper Parameters:
gpu_id = 0
use_gpu = True
seed = 2024
state = INFO
reproducibility = True
data_path = data/amazon\amazon-sports-5core-longseq
checkpoint_dir = saved
show_progress = True
save_dataset = False
dataset_save_path = None
save_dataloaders = False
dataloaders_save_path = None
log_wandb = False

Training Hyper Parameters:
epochs = 100
train_batch_size = 256
learner = adam
learning_rate = 0.001
train_neg_sample_args = {'distribution': 'none', 'sample_num': 'none', 'alpha': 'none', 'dynamic': False, 'candidate_num': 0}
eval_step = 1
stopping_step = 10
clip_grad_norm = None
weight_decay = 0.0
loss_decimal_place = 4

Evaluation Hyper Parameters:
eval_args = {'split': {'LS': 'valid_and_test'}, 'order': 'TO', 'group_by': 'user', 'mode': {'valid': 'full', 'test': 'full'}}
repeatable = True
metrics = ['Hit', 'NDCG', 'MRR']
topk = [10]
valid_metric = Hit@10
valid_metric_bigger = True
eval_batch_size = 512
metric_decimal_place = 4

Dataset Hyper Parameters:
field_separator = 	
seq_separator =  
USER_ID_FIELD = user_id
ITEM_ID_FIELD = item_id
RATING_FIELD = rating
TIME_FIELD = timestamp
seq_len = None
LABEL_FIELD = label
threshold = None
NEG_PREFIX = neg_
load_col = {'inter': ['user_id', 'item_id', 'rating', 'timestamp']}
unload_col = None
unused_col = None
additional_feat_suffix = None
rm_dup_inter = None
val_interval = None
filter_inter_by_user_or_item = True
user_inter_num_interval = [0,inf)
item_inter_num_interval = [0,inf)
alias_of_user_id = None
alias_of_item_id = None
alias_of_entity_id = None
alias_of_relation_id = None
preload_weight = None
normalize_field = None
normalize_all = None
ITEM_LIST_LENGTH_FIELD = item_length
LIST_SUFFIX = _list
MAX_ITEM_LIST_LENGTH = 32
POSITION_FIELD = position_id
HEAD_ENTITY_ID_FIELD = head_id
TAIL_ENTITY_ID_FIELD = tail_id
RELATION_ID_FIELD = relation_id
ENTITY_ID_FIELD = entity_id
benchmark_filename = None

Other Hyper Parameters: 
worker = 0
wandb_project = recbole
shuffle = True
require_pow = False
enable_amp = False
enable_scaler = False
transform = None
numerical_features = []
discretization = None
kg_reverse_r = False
entity_kg_num_interval = [0,inf)
relation_kg_num_interval = [0,inf)
MODEL_TYPE = ModelType.SEQUENTIAL
contrastive_weight = 0.03
contrastive_temp = 0.2
time_aug_prob = 0.15
time_aug_strength = 0.05
model_name = TimeWeaver
hidden_size = 64
num_layers = 2
hidden_dropout_prob = 0.5
initializer_range = 0.02
time_bucket_size = 1000
ema_decay = 0.5
tcn_kernel_size = -1
ffn_hidden_size = 256
loss_type = CE
early_stop = 10
neg_sampling = None
device = cuda
use_continuous_time = False
use_time_gate = False
use_time_augmentation = True
time_aug_warmup_steps = 0
time_aug_ramp_steps = 1000
MODEL_INPUT_TYPE = InputType.POINTWISE
eval_type = EvaluatorType.RANKING
single_spec = True
local_rank = 0
valid_neg_sample_args = {'distribution': 'uniform', 'sample_num': 'none'}
test_neg_sample_args = {'distribution': 'uniform', 'sample_num': 'none'}


Tue 17 Mar 2026 09:48:54 INFO  amazon-sports-5core-longseq
The number of users: 2181
Average actions of users: 25.74678899082569
The number of items: 14556
Average actions of items: 3.8562693232566128
The number of inters: 56128
The sparsity of the dataset: 99.82320016520806%
Remain Fields: ['user_id', 'item_id', 'rating', 'timestamp']
Tue 17 Mar 2026 09:48:54 INFO  [Training]: train_batch_size = [256] train_neg_sample_args: [{'distribution': 'none', 'sample_num': 'none', 'alpha': 'none', 'dynamic': False, 'candidate_num': 0}]
Tue 17 Mar 2026 09:48:54 INFO  [Evaluation]: eval_batch_size = [512] eval_args: [{'split': {'LS': 'valid_and_test'}, 'order': 'TO', 'group_by': 'user', 'mode': {'valid': 'full', 'test': 'full'}}]
Tue 17 Mar 2026 09:48:54 INFO  TimeWeaver(
  (item_embedding): Embedding(14556, 64, padding_idx=0)
  (time_aug): TimeAwareAugmentation(
    (pos_embedding): Embedding(32, 64)
    (time_embedding): Embedding(1000, 64)
    (layer_norm): LayerNorm((64,), eps=1e-05, elementwise_affine=True)
    (drop): Dropout(p=0.5, inplace=False)
  )
  (context_layers): ModuleList(
    (0-1): 2 x TCNNextBlock(
      (dw): DepthwiseConv1d(
        (conv): Conv1d(64, 64, kernel_size=(11,), stride=(1,), padding=(5,), groups=64)
        (bn): BatchNorm1d(64, eps=1e-05, momentum=0.1, affine=True, track_running_stats=True)
        (drop): Dropout(p=0.5, inplace=False)
      )
      (norm1): LayerNorm((64,), eps=1e-05, elementwise_affine=True)
      (conv_inter): ParallelConvInter(
        (conv1): Conv1d(64, 64, kernel_size=(1,), stride=(1,))
        (conv3): Conv1d(64, 64, kernel_size=(3,), stride=(1,), padding=(1,))
        (proj): Conv1d(64, 64, kernel_size=(1,), stride=(1,))
        (drop): Dropout(p=0.5, inplace=False)
      )
      (norm2): LayerNorm((64,), eps=1e-05, elementwise_affine=True)
      (ffn): Sequential(
        (0): Linear(in_features=64, out_features=256, bias=True)
        (1): GELU(approximate='none')
        (2): Dropout(p=0.5, inplace=False)
        (3): Linear(in_features=256, out_features=64, bias=True)
        (4): Dropout(p=0.5, inplace=False)
      )
      (norm3): LayerNorm((64,), eps=1e-05, elementwise_affine=True)
    )
  )
  (dynamic_layers): ModuleList(
    (0-1): 2 x EMAStream(
      (proj): Linear(in_features=64, out_features=64, bias=True)
    )
  )
  (weavers): ModuleList(
    (0-1): 2 x StreamWeaver(
      (proj): Linear(in_features=128, out_features=64, bias=True)
      (norm): LayerNorm((64,), eps=1e-05, elementwise_affine=True)
    )
  )
  (loss_fct): CrossEntropyLoss()
)
Trainable parameters: 1132929.0
Tue 17 Mar 2026 09:48:54 INFO  FLOPs: 4298752.0
Tue 17 Mar 2026 09:49:21 INFO  epoch 0 training [time: 26.92s, train loss: 1811.4306]
Tue 17 Mar 2026 09:49:21 INFO  epoch 0 evaluating [time: 0.08s, valid_score: 0.013300]
Tue 17 Mar 2026 09:49:21 INFO  valid result: 
hit@10 : 0.0133    ndcg@10 : 0.0069    mrr@10 : 0.005
Tue 17 Mar 2026 09:49:22 INFO  Saving current: saved\TimeWeaver-Mar-17-2026_09-48-54.pth
Tue 17 Mar 2026 09:49:55 INFO  epoch 1 training [time: 33.30s, train loss: 1734.1133]
Tue 17 Mar 2026 09:49:55 INFO  epoch 1 evaluating [time: 0.09s, valid_score: 0.017400]
Tue 17 Mar 2026 09:49:55 INFO  valid result: 
hit@10 : 0.0174    ndcg@10 : 0.0089    mrr@10 : 0.0064
Tue 17 Mar 2026 09:49:55 INFO  Saving current: saved\TimeWeaver-Mar-17-2026_09-48-54.pth
Tue 17 Mar 2026 09:50:29 INFO  epoch 2 training [time: 34.27s, train loss: 1668.2796]
Tue 17 Mar 2026 09:50:29 INFO  epoch 2 evaluating [time: 0.08s, valid_score: 0.022000]
Tue 17 Mar 2026 09:50:29 INFO  valid result: 
hit@10 : 0.022    ndcg@10 : 0.0112    mrr@10 : 0.008
Tue 17 Mar 2026 09:50:29 INFO  Saving current: saved\TimeWeaver-Mar-17-2026_09-48-54.pth
Tue 17 Mar 2026 09:51:03 INFO  epoch 3 training [time: 33.68s, train loss: 1594.2302]
Tue 17 Mar 2026 09:51:03 INFO  epoch 3 evaluating [time: 0.09s, valid_score: 0.024300]
Tue 17 Mar 2026 09:51:03 INFO  valid result: 
hit@10 : 0.0243    ndcg@10 : 0.011    mrr@10 : 0.007
Tue 17 Mar 2026 09:51:03 INFO  Saving current: saved\TimeWeaver-Mar-17-2026_09-48-54.pth
Tue 17 Mar 2026 09:51:38 INFO  epoch 4 training [time: 34.81s, train loss: 1520.7344]
Tue 17 Mar 2026 09:51:38 INFO  epoch 4 evaluating [time: 0.10s, valid_score: 0.025200]
Tue 17 Mar 2026 09:51:38 INFO  valid result: 
hit@10 : 0.0252    ndcg@10 : 0.0108    mrr@10 : 0.0065
Tue 17 Mar 2026 09:51:38 INFO  Saving current: saved\TimeWeaver-Mar-17-2026_09-48-54.pth
Tue 17 Mar 2026 09:52:13 INFO  epoch 5 training [time: 35.02s, train loss: 1447.6801]
Tue 17 Mar 2026 09:52:13 INFO  epoch 5 evaluating [time: 0.09s, valid_score: 0.027500]
Tue 17 Mar 2026 09:52:13 INFO  valid result: 
hit@10 : 0.0275    ndcg@10 : 0.0122    mrr@10 : 0.0075
Tue 17 Mar 2026 09:52:13 INFO  Saving current: saved\TimeWeaver-Mar-17-2026_09-48-54.pth
Tue 17 Mar 2026 09:52:46 INFO  epoch 6 training [time: 33.02s, train loss: 1376.2362]
Tue 17 Mar 2026 09:52:46 INFO  epoch 6 evaluating [time: 0.08s, valid_score: 0.027500]
Tue 17 Mar 2026 09:52:46 INFO  valid result: 
hit@10 : 0.0275    ndcg@10 : 0.0124    mrr@10 : 0.0079
Tue 17 Mar 2026 09:52:46 INFO  Saving current: saved\TimeWeaver-Mar-17-2026_09-48-54.pth
Tue 17 Mar 2026 09:53:20 INFO  epoch 7 training [time: 33.87s, train loss: 1309.6790]
Tue 17 Mar 2026 09:53:20 INFO  epoch 7 evaluating [time: 0.08s, valid_score: 0.025200]
Tue 17 Mar 2026 09:53:20 INFO  valid result: 
hit@10 : 0.0252    ndcg@10 : 0.0112    mrr@10 : 0.0069
Tue 17 Mar 2026 09:53:54 INFO  epoch 8 training [time: 33.44s, train loss: 1251.1819]
Tue 17 Mar 2026 09:53:54 INFO  epoch 8 evaluating [time: 0.09s, valid_score: 0.026100]
Tue 17 Mar 2026 09:53:54 INFO  valid result: 
hit@10 : 0.0261    ndcg@10 : 0.0122    mrr@10 : 0.0079
Tue 17 Mar 2026 09:54:28 INFO  epoch 9 training [time: 34.04s, train loss: 1195.9356]
Tue 17 Mar 2026 09:54:28 INFO  epoch 9 evaluating [time: 0.08s, valid_score: 0.028900]
Tue 17 Mar 2026 09:54:28 INFO  valid result: 
hit@10 : 0.0289    ndcg@10 : 0.0125    mrr@10 : 0.0076
Tue 17 Mar 2026 09:54:28 INFO  Saving current: saved\TimeWeaver-Mar-17-2026_09-48-54.pth
Tue 17 Mar 2026 09:55:02 INFO  epoch 10 training [time: 34.26s, train loss: 1149.7542]
Tue 17 Mar 2026 09:55:02 INFO  epoch 10 evaluating [time: 0.08s, valid_score: 0.028900]
Tue 17 Mar 2026 09:55:02 INFO  valid result: 
hit@10 : 0.0289    ndcg@10 : 0.0129    mrr@10 : 0.008
Tue 17 Mar 2026 09:55:02 INFO  Saving current: saved\TimeWeaver-Mar-17-2026_09-48-54.pth
Tue 17 Mar 2026 09:55:37 INFO  epoch 11 training [time: 34.74s, train loss: 1111.8361]
Tue 17 Mar 2026 09:55:37 INFO  epoch 11 evaluating [time: 0.09s, valid_score: 0.034400]
Tue 17 Mar 2026 09:55:37 INFO  valid result: 
hit@10 : 0.0344    ndcg@10 : 0.0147    mrr@10 : 0.0087
Tue 17 Mar 2026 09:55:37 INFO  Saving current: saved\TimeWeaver-Mar-17-2026_09-48-54.pth
Tue 17 Mar 2026 09:56:12 INFO  epoch 12 training [time: 34.81s, train loss: 1075.7672]
Tue 17 Mar 2026 09:56:12 INFO  epoch 12 evaluating [time: 0.08s, valid_score: 0.029400]
Tue 17 Mar 2026 09:56:12 INFO  valid result: 
hit@10 : 0.0294    ndcg@10 : 0.0131    mrr@10 : 0.0082
Tue 17 Mar 2026 09:56:45 INFO  epoch 13 training [time: 32.89s, train loss: 1047.7855]
Tue 17 Mar 2026 09:56:45 INFO  epoch 13 evaluating [time: 0.08s, valid_score: 0.028900]
Tue 17 Mar 2026 09:56:45 INFO  valid result: 
hit@10 : 0.0289    ndcg@10 : 0.0129    mrr@10 : 0.008
Tue 17 Mar 2026 09:57:19 INFO  epoch 14 training [time: 33.75s, train loss: 1019.3693]
Tue 17 Mar 2026 09:57:19 INFO  epoch 14 evaluating [time: 0.08s, valid_score: 0.029400]
Tue 17 Mar 2026 09:57:19 INFO  valid result: 
hit@10 : 0.0294    ndcg@10 : 0.0132    mrr@10 : 0.0083
Tue 17 Mar 2026 09:57:52 INFO  epoch 15 training [time: 33.00s, train loss: 993.3195]
Tue 17 Mar 2026 09:57:52 INFO  epoch 15 evaluating [time: 0.08s, valid_score: 0.027100]
Tue 17 Mar 2026 09:57:52 INFO  valid result: 
hit@10 : 0.0271    ndcg@10 : 0.0122    mrr@10 : 0.0076
Tue 17 Mar 2026 09:58:26 INFO  epoch 16 training [time: 33.65s, train loss: 969.0422]
Tue 17 Mar 2026 09:58:26 INFO  epoch 16 evaluating [time: 0.09s, valid_score: 0.027100]
Tue 17 Mar 2026 09:58:26 INFO  valid result: 
hit@10 : 0.0271    ndcg@10 : 0.012    mrr@10 : 0.0074
Tue 17 Mar 2026 09:58:59 INFO  epoch 17 training [time: 33.31s, train loss: 946.4081]
Tue 17 Mar 2026 09:58:59 INFO  epoch 17 evaluating [time: 0.09s, valid_score: 0.025200]
Tue 17 Mar 2026 09:58:59 INFO  valid result: 
hit@10 : 0.0252    ndcg@10 : 0.0113    mrr@10 : 0.0071
Tue 17 Mar 2026 09:59:33 INFO  epoch 18 training [time: 33.62s, train loss: 928.1379]
Tue 17 Mar 2026 09:59:33 INFO  epoch 18 evaluating [time: 0.10s, valid_score: 0.026600]
Tue 17 Mar 2026 09:59:33 INFO  valid result: 
hit@10 : 0.0266    ndcg@10 : 0.0117    mrr@10 : 0.0071
Tue 17 Mar 2026 10:00:08 INFO  epoch 19 training [time: 34.77s, train loss: 907.9223]
Tue 17 Mar 2026 10:00:08 INFO  epoch 19 evaluating [time: 0.08s, valid_score: 0.026100]
Tue 17 Mar 2026 10:00:08 INFO  valid result: 
hit@10 : 0.0261    ndcg@10 : 0.0117    mrr@10 : 0.0073
Tue 17 Mar 2026 10:00:40 INFO  epoch 20 training [time: 32.51s, train loss: 892.7947]
Tue 17 Mar 2026 10:00:40 INFO  epoch 20 evaluating [time: 0.08s, valid_score: 0.025700]
Tue 17 Mar 2026 10:00:40 INFO  valid result: 
hit@10 : 0.0257    ndcg@10 : 0.0117    mrr@10 : 0.0074
Tue 17 Mar 2026 10:01:14 INFO  epoch 21 training [time: 33.29s, train loss: 874.9104]
Tue 17 Mar 2026 10:01:14 INFO  epoch 21 evaluating [time: 0.08s, valid_score: 0.027500]
Tue 17 Mar 2026 10:01:14 INFO  valid result: 
hit@10 : 0.0275    ndcg@10 : 0.0119    mrr@10 : 0.0072
Tue 17 Mar 2026 10:01:47 INFO  epoch 22 training [time: 32.96s, train loss: 858.6455]
Tue 17 Mar 2026 10:01:47 INFO  epoch 22 evaluating [time: 0.08s, valid_score: 0.029800]
Tue 17 Mar 2026 10:01:47 INFO  valid result: 
hit@10 : 0.0298    ndcg@10 : 0.0124    mrr@10 : 0.0072
Tue 17 Mar 2026 10:01:47 INFO  Finished training, best eval result in epoch 11
Tue 17 Mar 2026 10:01:47 INFO  Loading model structure and parameters from saved\TimeWeaver-Mar-17-2026_09-48-54.pth
Tue 17 Mar 2026 10:01:48 INFO  The running environment of this training is as follows:
+-------------+----------------+
| Environment |     Usage      |
+=============+================+
| CPU         |     5.00 %     |
+-------------+----------------+
| GPU         | 0.41 G/6.00 G  |
+-------------+----------------+
| Memory      | 1.58 G/15.63 G |
+-------------+----------------+
Tue 17 Mar 2026 10:01:48 INFO  best valid : OrderedDict([('hit@10', 0.0344), ('ndcg@10', 0.0147), ('mrr@10', 0.0087)])
Tue 17 Mar 2026 10:01:48 INFO  test result: OrderedDict([('hit@10', 0.0252), ('ndcg@10', 0.0104), ('mrr@10', 0.006)])
