Wed 25 Feb 2026 12:16:38 INFO  ['F:\\桌面\\recommendation_system\\scripts\\run_grid.py', '--models', 'timeweaver', '--datasets', 'amazon-electronics-5core-subset-full', '--timeweaver-variant', 'cont', '--seeds', '42,2023,2024', '--device', 'gpu', '--output', 'results/timeweaver_ablations_all_full.json', '--skip-if-done']
Wed 25 Feb 2026 12:16:38 INFO  
General Hyper Parameters:
gpu_id = 0
use_gpu = True
seed = 42
state = INFO
reproducibility = True
data_path = data/amazon\amazon-electronics-5core-subset
checkpoint_dir = saved
show_progress = True
save_dataset = False
dataset_save_path = None
save_dataloaders = False
dataloaders_save_path = None
log_wandb = False

Training Hyper Parameters:
epochs = 100
train_batch_size = 256
learner = adam
learning_rate = 0.001
train_neg_sample_args = {'distribution': 'none', 'sample_num': 'none', 'alpha': 'none', 'dynamic': False, 'candidate_num': 0}
eval_step = 1
stopping_step = 10
clip_grad_norm = None
weight_decay = 0.0
loss_decimal_place = 4

Evaluation Hyper Parameters:
eval_args = {'split': {'LS': 'valid_and_test'}, 'order': 'TO', 'group_by': 'user', 'mode': {'valid': 'full', 'test': 'full'}}
repeatable = True
metrics = ['Hit', 'NDCG', 'MRR']
topk = [10]
valid_metric = Hit@10
valid_metric_bigger = True
eval_batch_size = 512
metric_decimal_place = 4

Dataset Hyper Parameters:
field_separator = 	
seq_separator =  
USER_ID_FIELD = user_id
ITEM_ID_FIELD = item_id
RATING_FIELD = rating
TIME_FIELD = timestamp
seq_len = None
LABEL_FIELD = label
threshold = None
NEG_PREFIX = neg_
load_col = {'inter': ['user_id', 'item_id', 'rating', 'timestamp']}
unload_col = None
unused_col = None
additional_feat_suffix = None
rm_dup_inter = None
val_interval = None
filter_inter_by_user_or_item = True
user_inter_num_interval = [0,inf)
item_inter_num_interval = [0,inf)
alias_of_user_id = None
alias_of_item_id = None
alias_of_entity_id = None
alias_of_relation_id = None
preload_weight = None
normalize_field = None
normalize_all = None
ITEM_LIST_LENGTH_FIELD = item_length
LIST_SUFFIX = _list
MAX_ITEM_LIST_LENGTH = 32
POSITION_FIELD = position_id
HEAD_ENTITY_ID_FIELD = head_id
TAIL_ENTITY_ID_FIELD = tail_id
RELATION_ID_FIELD = relation_id
ENTITY_ID_FIELD = entity_id
benchmark_filename = None

Other Hyper Parameters: 
worker = 0
wandb_project = recbole
shuffle = True
require_pow = False
enable_amp = False
enable_scaler = False
transform = None
numerical_features = []
discretization = None
kg_reverse_r = False
entity_kg_num_interval = [0,inf)
relation_kg_num_interval = [0,inf)
MODEL_TYPE = ModelType.SEQUENTIAL
model_name = TimeWeaver
hidden_size = 64
num_layers = 2
hidden_dropout_prob = 0.5
initializer_range = 0.02
time_bucket_size = 1000
ema_decay = 0.5
tcn_kernel_size = -1
ffn_hidden_size = 256
loss_type = CE
early_stop = 10
neg_sampling = None
device = cuda
use_continuous_time = True
use_time_gate = False
use_time_augmentation = False
MODEL_INPUT_TYPE = InputType.POINTWISE
eval_type = EvaluatorType.RANKING
single_spec = True
local_rank = 0
valid_neg_sample_args = {'distribution': 'uniform', 'sample_num': 'none'}
test_neg_sample_args = {'distribution': 'uniform', 'sample_num': 'none'}


Wed 25 Feb 2026 12:16:39 INFO  amazon-electronics-5core-subset
The number of users: 1501
Average actions of users: 108.42733333333334
The number of items: 54722
Average actions of items: 2.9721861808080994
The number of inters: 162641
The sparsity of the dataset: 99.80198988231011%
Remain Fields: ['user_id', 'item_id', 'rating', 'timestamp']
Wed 25 Feb 2026 12:16:42 INFO  [Training]: train_batch_size = [256] train_neg_sample_args: [{'distribution': 'none', 'sample_num': 'none', 'alpha': 'none', 'dynamic': False, 'candidate_num': 0}]
Wed 25 Feb 2026 12:16:42 INFO  [Evaluation]: eval_batch_size = [512] eval_args: [{'split': {'LS': 'valid_and_test'}, 'order': 'TO', 'group_by': 'user', 'mode': {'valid': 'full', 'test': 'full'}}]
Wed 25 Feb 2026 12:16:42 INFO  TimeWeaver(
  (item_embedding): Embedding(54722, 64, padding_idx=0)
  (time_aug): TimeAwareAugmentation(
    (pos_embedding): Embedding(32, 64)
    (time_embedder): ContinuousTimeEmbedding(
      (time2vec): Time2Vec()
    )
    (layer_norm): LayerNorm((64,), eps=1e-05, elementwise_affine=True)
    (drop): Dropout(p=0.5, inplace=False)
  )
  (context_layers): ModuleList(
    (0-1): 2 x TCNNextBlock(
      (dw): DepthwiseConv1d(
        (conv): Conv1d(64, 64, kernel_size=(11,), stride=(1,), padding=(5,), groups=64)
        (bn): BatchNorm1d(64, eps=1e-05, momentum=0.1, affine=True, track_running_stats=True)
        (drop): Dropout(p=0.5, inplace=False)
      )
      (norm1): LayerNorm((64,), eps=1e-05, elementwise_affine=True)
      (conv_inter): ParallelConvInter(
        (conv1): Conv1d(64, 64, kernel_size=(1,), stride=(1,))
        (conv3): Conv1d(64, 64, kernel_size=(3,), stride=(1,), padding=(1,))
        (proj): Conv1d(64, 64, kernel_size=(1,), stride=(1,))
        (drop): Dropout(p=0.5, inplace=False)
      )
      (norm2): LayerNorm((64,), eps=1e-05, elementwise_affine=True)
      (ffn): Sequential(
        (0): Linear(in_features=64, out_features=256, bias=True)
        (1): GELU(approximate='none')
        (2): Dropout(p=0.5, inplace=False)
        (3): Linear(in_features=256, out_features=64, bias=True)
        (4): Dropout(p=0.5, inplace=False)
      )
      (norm3): LayerNorm((64,), eps=1e-05, elementwise_affine=True)
    )
  )
  (dynamic_layers): ModuleList(
    (0-1): 2 x EMAStream(
      (proj): Linear(in_features=64, out_features=64, bias=True)
    )
  )
  (weavers): ModuleList(
    (0-1): 2 x StreamWeaver(
      (proj): Linear(in_features=128, out_features=64, bias=True)
      (norm): LayerNorm((64,), eps=1e-05, elementwise_affine=True)
    )
  )
  (loss_fct): CrossEntropyLoss()
)
Trainable parameters: 3639681.0
Wed 25 Feb 2026 12:16:43 INFO  FLOPs: 4296704.0
Wed 25 Feb 2026 12:17:55 INFO  epoch 0 training [time: 69.98s, train loss: 6518.9682]
Wed 25 Feb 2026 12:17:55 INFO  epoch 0 evaluating [time: 0.16s, valid_score: 0.006000]
Wed 25 Feb 2026 12:17:55 INFO  valid result: 
hit@10 : 0.006    ndcg@10 : 0.0027    mrr@10 : 0.0018
Wed 25 Feb 2026 12:17:55 INFO  Saving current: saved\TimeWeaver-Feb-25-2026_12-16-43.pth
Wed 25 Feb 2026 12:19:06 INFO  epoch 1 training [time: 71.47s, train loss: 6117.0387]
Wed 25 Feb 2026 12:19:06 INFO  epoch 1 evaluating [time: 0.09s, valid_score: 0.014700]
Wed 25 Feb 2026 12:19:06 INFO  valid result: 
hit@10 : 0.0147    ndcg@10 : 0.0085    mrr@10 : 0.0067
Wed 25 Feb 2026 12:19:06 INFO  Saving current: saved\TimeWeaver-Feb-25-2026_12-16-43.pth
Wed 25 Feb 2026 12:20:19 INFO  epoch 2 training [time: 72.87s, train loss: 5705.4632]
Wed 25 Feb 2026 12:20:19 INFO  epoch 2 evaluating [time: 0.10s, valid_score: 0.022000]
Wed 25 Feb 2026 12:20:19 INFO  valid result: 
hit@10 : 0.022    ndcg@10 : 0.0148    mrr@10 : 0.0126
Wed 25 Feb 2026 12:20:19 INFO  Saving current: saved\TimeWeaver-Feb-25-2026_12-16-43.pth
Wed 25 Feb 2026 12:21:31 INFO  epoch 3 training [time: 71.61s, train loss: 5263.3082]
Wed 25 Feb 2026 12:21:31 INFO  epoch 3 evaluating [time: 0.09s, valid_score: 0.026700]
Wed 25 Feb 2026 12:21:31 INFO  valid result: 
hit@10 : 0.0267    ndcg@10 : 0.0199    mrr@10 : 0.0178
Wed 25 Feb 2026 12:21:31 INFO  Saving current: saved\TimeWeaver-Feb-25-2026_12-16-43.pth
Wed 25 Feb 2026 12:22:41 INFO  epoch 4 training [time: 69.65s, train loss: 4837.7151]
Wed 25 Feb 2026 12:22:41 INFO  epoch 4 evaluating [time: 0.09s, valid_score: 0.032700]
Wed 25 Feb 2026 12:22:41 INFO  valid result: 
hit@10 : 0.0327    ndcg@10 : 0.0208    mrr@10 : 0.0172
Wed 25 Feb 2026 12:22:41 INFO  Saving current: saved\TimeWeaver-Feb-25-2026_12-16-43.pth
Wed 25 Feb 2026 12:23:51 INFO  epoch 5 training [time: 69.86s, train loss: 4476.4545]
Wed 25 Feb 2026 12:23:51 INFO  epoch 5 evaluating [time: 0.09s, valid_score: 0.032700]
Wed 25 Feb 2026 12:23:51 INFO  valid result: 
hit@10 : 0.0327    ndcg@10 : 0.021    mrr@10 : 0.0173
Wed 25 Feb 2026 12:23:51 INFO  Saving current: saved\TimeWeaver-Feb-25-2026_12-16-43.pth
Wed 25 Feb 2026 12:25:00 INFO  epoch 6 training [time: 68.77s, train loss: 4182.9057]
Wed 25 Feb 2026 12:25:00 INFO  epoch 6 evaluating [time: 0.09s, valid_score: 0.030700]
Wed 25 Feb 2026 12:25:00 INFO  valid result: 
hit@10 : 0.0307    ndcg@10 : 0.0201    mrr@10 : 0.0169
Wed 25 Feb 2026 12:26:05 INFO  epoch 7 training [time: 65.20s, train loss: 3957.1867]
Wed 25 Feb 2026 12:26:05 INFO  epoch 7 evaluating [time: 0.09s, valid_score: 0.037300]
Wed 25 Feb 2026 12:26:05 INFO  valid result: 
hit@10 : 0.0373    ndcg@10 : 0.0216    mrr@10 : 0.0169
Wed 25 Feb 2026 12:26:05 INFO  Saving current: saved\TimeWeaver-Feb-25-2026_12-16-43.pth
Wed 25 Feb 2026 12:27:11 INFO  epoch 8 training [time: 65.46s, train loss: 3783.4791]
Wed 25 Feb 2026 12:27:11 INFO  epoch 8 evaluating [time: 0.08s, valid_score: 0.032700]
Wed 25 Feb 2026 12:27:11 INFO  valid result: 
hit@10 : 0.0327    ndcg@10 : 0.0207    mrr@10 : 0.017
Wed 25 Feb 2026 12:28:16 INFO  epoch 9 training [time: 65.02s, train loss: 3636.9590]
Wed 25 Feb 2026 12:28:16 INFO  epoch 9 evaluating [time: 0.09s, valid_score: 0.030700]
Wed 25 Feb 2026 12:28:16 INFO  valid result: 
hit@10 : 0.0307    ndcg@10 : 0.0191    mrr@10 : 0.0154
Wed 25 Feb 2026 12:29:22 INFO  epoch 10 training [time: 66.10s, train loss: 3508.8939]
Wed 25 Feb 2026 12:29:22 INFO  epoch 10 evaluating [time: 0.09s, valid_score: 0.030700]
Wed 25 Feb 2026 12:29:22 INFO  valid result: 
hit@10 : 0.0307    ndcg@10 : 0.0204    mrr@10 : 0.0172
Wed 25 Feb 2026 12:30:27 INFO  epoch 11 training [time: 64.98s, train loss: 3391.9495]
Wed 25 Feb 2026 12:30:27 INFO  epoch 11 evaluating [time: 0.09s, valid_score: 0.030700]
Wed 25 Feb 2026 12:30:27 INFO  valid result: 
hit@10 : 0.0307    ndcg@10 : 0.02    mrr@10 : 0.0166
Wed 25 Feb 2026 12:31:32 INFO  epoch 12 training [time: 65.29s, train loss: 3288.8473]
Wed 25 Feb 2026 12:31:33 INFO  epoch 12 evaluating [time: 0.09s, valid_score: 0.029300]
Wed 25 Feb 2026 12:31:33 INFO  valid result: 
hit@10 : 0.0293    ndcg@10 : 0.0184    mrr@10 : 0.0149
Wed 25 Feb 2026 12:32:38 INFO  epoch 13 training [time: 65.83s, train loss: 3189.3219]
Wed 25 Feb 2026 12:32:38 INFO  epoch 13 evaluating [time: 0.09s, valid_score: 0.027300]
Wed 25 Feb 2026 12:32:38 INFO  valid result: 
hit@10 : 0.0273    ndcg@10 : 0.0179    mrr@10 : 0.015
Wed 25 Feb 2026 12:33:45 INFO  epoch 14 training [time: 66.06s, train loss: 3101.3734]
Wed 25 Feb 2026 12:33:45 INFO  epoch 14 evaluating [time: 0.09s, valid_score: 0.032000]
Wed 25 Feb 2026 12:33:45 INFO  valid result: 
hit@10 : 0.032    ndcg@10 : 0.0192    mrr@10 : 0.0152
Wed 25 Feb 2026 12:34:59 INFO  epoch 15 training [time: 74.19s, train loss: 3015.8838]
Wed 25 Feb 2026 12:34:59 INFO  epoch 15 evaluating [time: 0.10s, valid_score: 0.030000]
Wed 25 Feb 2026 12:34:59 INFO  valid result: 
hit@10 : 0.03    ndcg@10 : 0.0193    mrr@10 : 0.0159
Wed 25 Feb 2026 12:36:17 INFO  epoch 16 training [time: 77.62s, train loss: 2936.5698]
Wed 25 Feb 2026 12:36:17 INFO  epoch 16 evaluating [time: 0.08s, valid_score: 0.030000]
Wed 25 Feb 2026 12:36:17 INFO  valid result: 
hit@10 : 0.03    ndcg@10 : 0.0192    mrr@10 : 0.0159
Wed 25 Feb 2026 12:37:24 INFO  epoch 17 training [time: 67.42s, train loss: 2866.7099]
Wed 25 Feb 2026 12:37:24 INFO  epoch 17 evaluating [time: 0.09s, valid_score: 0.034000]
Wed 25 Feb 2026 12:37:24 INFO  valid result: 
hit@10 : 0.034    ndcg@10 : 0.0198    mrr@10 : 0.0155
Wed 25 Feb 2026 12:38:29 INFO  epoch 18 training [time: 65.05s, train loss: 2791.2043]
Wed 25 Feb 2026 12:38:29 INFO  epoch 18 evaluating [time: 0.09s, valid_score: 0.029300]
Wed 25 Feb 2026 12:38:29 INFO  valid result: 
hit@10 : 0.0293    ndcg@10 : 0.0185    mrr@10 : 0.0152
Wed 25 Feb 2026 12:38:29 INFO  Finished training, best eval result in epoch 7
Wed 25 Feb 2026 12:38:29 INFO  Loading model structure and parameters from saved\TimeWeaver-Feb-25-2026_12-16-43.pth
Wed 25 Feb 2026 12:38:30 INFO  The running environment of this training is as follows:
+-------------+----------------+
| Environment |     Usage      |
+=============+================+
| CPU         |     6.90 %     |
+-------------+----------------+
| GPU         | 0.80 G/6.00 G  |
+-------------+----------------+
| Memory      | 1.52 G/15.63 G |
+-------------+----------------+
Wed 25 Feb 2026 12:38:30 INFO  best valid : OrderedDict([('hit@10', 0.0373), ('ndcg@10', 0.0216), ('mrr@10', 0.0169)])
Wed 25 Feb 2026 12:38:30 INFO  test result: OrderedDict([('hit@10', 0.0273), ('ndcg@10', 0.0181), ('mrr@10', 0.0151)])
Wed 25 Feb 2026 12:38:31 WARNING  command line args [--models timeweaver --datasets amazon-electronics-5core-subset-full --timeweaver-variant cont --seeds 42,2023,2024 --device gpu --output results/timeweaver_ablations_all_full.json --skip-if-done] will not be used in RecBole
Wed 25 Feb 2026 12:38:31 INFO  ['F:\\桌面\\recommendation_system\\scripts\\run_grid.py', '--models', 'timeweaver', '--datasets', 'amazon-electronics-5core-subset-full', '--timeweaver-variant', 'cont', '--seeds', '42,2023,2024', '--device', 'gpu', '--output', 'results/timeweaver_ablations_all_full.json', '--skip-if-done']
Wed 25 Feb 2026 12:38:31 INFO  
General Hyper Parameters:
gpu_id = 0
use_gpu = True
seed = 2023
state = INFO
reproducibility = True
data_path = data/amazon\amazon-electronics-5core-subset
checkpoint_dir = saved
show_progress = True
save_dataset = False
dataset_save_path = None
save_dataloaders = False
dataloaders_save_path = None
log_wandb = False

Training Hyper Parameters:
epochs = 100
train_batch_size = 256
learner = adam
learning_rate = 0.001
train_neg_sample_args = {'distribution': 'none', 'sample_num': 'none', 'alpha': 'none', 'dynamic': False, 'candidate_num': 0}
eval_step = 1
stopping_step = 10
clip_grad_norm = None
weight_decay = 0.0
loss_decimal_place = 4

Evaluation Hyper Parameters:
eval_args = {'split': {'LS': 'valid_and_test'}, 'order': 'TO', 'group_by': 'user', 'mode': {'valid': 'full', 'test': 'full'}}
repeatable = True
metrics = ['Hit', 'NDCG', 'MRR']
topk = [10]
valid_metric = Hit@10
valid_metric_bigger = True
eval_batch_size = 512
metric_decimal_place = 4

Dataset Hyper Parameters:
field_separator = 	
seq_separator =  
USER_ID_FIELD = user_id
ITEM_ID_FIELD = item_id
RATING_FIELD = rating
TIME_FIELD = timestamp
seq_len = None
LABEL_FIELD = label
threshold = None
NEG_PREFIX = neg_
load_col = {'inter': ['user_id', 'item_id', 'rating', 'timestamp']}
unload_col = None
unused_col = None
additional_feat_suffix = None
rm_dup_inter = None
val_interval = None
filter_inter_by_user_or_item = True
user_inter_num_interval = [0,inf)
item_inter_num_interval = [0,inf)
alias_of_user_id = None
alias_of_item_id = None
alias_of_entity_id = None
alias_of_relation_id = None
preload_weight = None
normalize_field = None
normalize_all = None
ITEM_LIST_LENGTH_FIELD = item_length
LIST_SUFFIX = _list
MAX_ITEM_LIST_LENGTH = 32
POSITION_FIELD = position_id
HEAD_ENTITY_ID_FIELD = head_id
TAIL_ENTITY_ID_FIELD = tail_id
RELATION_ID_FIELD = relation_id
ENTITY_ID_FIELD = entity_id
benchmark_filename = None

Other Hyper Parameters: 
worker = 0
wandb_project = recbole
shuffle = True
require_pow = False
enable_amp = False
enable_scaler = False
transform = None
numerical_features = []
discretization = None
kg_reverse_r = False
entity_kg_num_interval = [0,inf)
relation_kg_num_interval = [0,inf)
MODEL_TYPE = ModelType.SEQUENTIAL
model_name = TimeWeaver
hidden_size = 64
num_layers = 2
hidden_dropout_prob = 0.5
initializer_range = 0.02
time_bucket_size = 1000
ema_decay = 0.5
tcn_kernel_size = -1
ffn_hidden_size = 256
loss_type = CE
early_stop = 10
neg_sampling = None
device = cuda
use_continuous_time = True
use_time_gate = False
use_time_augmentation = False
MODEL_INPUT_TYPE = InputType.POINTWISE
eval_type = EvaluatorType.RANKING
single_spec = True
local_rank = 0
valid_neg_sample_args = {'distribution': 'uniform', 'sample_num': 'none'}
test_neg_sample_args = {'distribution': 'uniform', 'sample_num': 'none'}


Wed 25 Feb 2026 12:38:31 INFO  amazon-electronics-5core-subset
The number of users: 1501
Average actions of users: 108.42733333333334
The number of items: 54722
Average actions of items: 2.9721861808080994
The number of inters: 162641
The sparsity of the dataset: 99.80198988231011%
Remain Fields: ['user_id', 'item_id', 'rating', 'timestamp']
Wed 25 Feb 2026 12:38:34 INFO  [Training]: train_batch_size = [256] train_neg_sample_args: [{'distribution': 'none', 'sample_num': 'none', 'alpha': 'none', 'dynamic': False, 'candidate_num': 0}]
Wed 25 Feb 2026 12:38:34 INFO  [Evaluation]: eval_batch_size = [512] eval_args: [{'split': {'LS': 'valid_and_test'}, 'order': 'TO', 'group_by': 'user', 'mode': {'valid': 'full', 'test': 'full'}}]
Wed 25 Feb 2026 12:38:34 INFO  TimeWeaver(
  (item_embedding): Embedding(54722, 64, padding_idx=0)
  (time_aug): TimeAwareAugmentation(
    (pos_embedding): Embedding(32, 64)
    (time_embedder): ContinuousTimeEmbedding(
      (time2vec): Time2Vec()
    )
    (layer_norm): LayerNorm((64,), eps=1e-05, elementwise_affine=True)
    (drop): Dropout(p=0.5, inplace=False)
  )
  (context_layers): ModuleList(
    (0-1): 2 x TCNNextBlock(
      (dw): DepthwiseConv1d(
        (conv): Conv1d(64, 64, kernel_size=(11,), stride=(1,), padding=(5,), groups=64)
        (bn): BatchNorm1d(64, eps=1e-05, momentum=0.1, affine=True, track_running_stats=True)
        (drop): Dropout(p=0.5, inplace=False)
      )
      (norm1): LayerNorm((64,), eps=1e-05, elementwise_affine=True)
      (conv_inter): ParallelConvInter(
        (conv1): Conv1d(64, 64, kernel_size=(1,), stride=(1,))
        (conv3): Conv1d(64, 64, kernel_size=(3,), stride=(1,), padding=(1,))
        (proj): Conv1d(64, 64, kernel_size=(1,), stride=(1,))
        (drop): Dropout(p=0.5, inplace=False)
      )
      (norm2): LayerNorm((64,), eps=1e-05, elementwise_affine=True)
      (ffn): Sequential(
        (0): Linear(in_features=64, out_features=256, bias=True)
        (1): GELU(approximate='none')
        (2): Dropout(p=0.5, inplace=False)
        (3): Linear(in_features=256, out_features=64, bias=True)
        (4): Dropout(p=0.5, inplace=False)
      )
      (norm3): LayerNorm((64,), eps=1e-05, elementwise_affine=True)
    )
  )
  (dynamic_layers): ModuleList(
    (0-1): 2 x EMAStream(
      (proj): Linear(in_features=64, out_features=64, bias=True)
    )
  )
  (weavers): ModuleList(
    (0-1): 2 x StreamWeaver(
      (proj): Linear(in_features=128, out_features=64, bias=True)
      (norm): LayerNorm((64,), eps=1e-05, elementwise_affine=True)
    )
  )
  (loss_fct): CrossEntropyLoss()
)
Trainable parameters: 3639681.0
Wed 25 Feb 2026 12:38:34 INFO  FLOPs: 4296704.0
Wed 25 Feb 2026 12:39:39 INFO  epoch 0 training [time: 64.91s, train loss: 6523.4557]
Wed 25 Feb 2026 12:39:39 INFO  epoch 0 evaluating [time: 0.08s, valid_score: 0.009300]
Wed 25 Feb 2026 12:39:39 INFO  valid result: 
hit@10 : 0.0093    ndcg@10 : 0.006    mrr@10 : 0.0049
Wed 25 Feb 2026 12:39:39 INFO  Saving current: saved\TimeWeaver-Feb-25-2026_12-38-34.pth
Wed 25 Feb 2026 12:40:45 INFO  epoch 1 training [time: 66.24s, train loss: 6145.8340]
Wed 25 Feb 2026 12:40:45 INFO  epoch 1 evaluating [time: 0.09s, valid_score: 0.016700]
Wed 25 Feb 2026 12:40:45 INFO  valid result: 
hit@10 : 0.0167    ndcg@10 : 0.0104    mrr@10 : 0.0085
Wed 25 Feb 2026 12:40:45 INFO  Saving current: saved\TimeWeaver-Feb-25-2026_12-38-34.pth
Wed 25 Feb 2026 12:41:52 INFO  epoch 2 training [time: 66.45s, train loss: 5741.6145]
Wed 25 Feb 2026 12:41:52 INFO  epoch 2 evaluating [time: 0.09s, valid_score: 0.020000]
Wed 25 Feb 2026 12:41:52 INFO  valid result: 
hit@10 : 0.02    ndcg@10 : 0.0136    mrr@10 : 0.0116
Wed 25 Feb 2026 12:41:52 INFO  Saving current: saved\TimeWeaver-Feb-25-2026_12-38-34.pth
Wed 25 Feb 2026 12:42:57 INFO  epoch 3 training [time: 65.55s, train loss: 5303.5935]
Wed 25 Feb 2026 12:42:57 INFO  epoch 3 evaluating [time: 0.09s, valid_score: 0.023300]
Wed 25 Feb 2026 12:42:57 INFO  valid result: 
hit@10 : 0.0233    ndcg@10 : 0.017    mrr@10 : 0.015
Wed 25 Feb 2026 12:42:58 INFO  Saving current: saved\TimeWeaver-Feb-25-2026_12-38-34.pth
Wed 25 Feb 2026 12:44:04 INFO  epoch 4 training [time: 66.23s, train loss: 4881.0204]
Wed 25 Feb 2026 12:44:04 INFO  epoch 4 evaluating [time: 0.09s, valid_score: 0.030000]
Wed 25 Feb 2026 12:44:04 INFO  valid result: 
hit@10 : 0.03    ndcg@10 : 0.0205    mrr@10 : 0.0175
Wed 25 Feb 2026 12:44:04 INFO  Saving current: saved\TimeWeaver-Feb-25-2026_12-38-34.pth
Wed 25 Feb 2026 12:45:11 INFO  epoch 5 training [time: 66.70s, train loss: 4508.1815]
Wed 25 Feb 2026 12:45:11 INFO  epoch 5 evaluating [time: 0.09s, valid_score: 0.032700]
Wed 25 Feb 2026 12:45:11 INFO  valid result: 
hit@10 : 0.0327    ndcg@10 : 0.0237    mrr@10 : 0.0209
Wed 25 Feb 2026 12:45:11 INFO  Saving current: saved\TimeWeaver-Feb-25-2026_12-38-34.pth
Wed 25 Feb 2026 12:46:16 INFO  epoch 6 training [time: 65.48s, train loss: 4210.7680]
Wed 25 Feb 2026 12:46:16 INFO  epoch 6 evaluating [time: 0.09s, valid_score: 0.033300]
Wed 25 Feb 2026 12:46:16 INFO  valid result: 
hit@10 : 0.0333    ndcg@10 : 0.0229    mrr@10 : 0.0196
Wed 25 Feb 2026 12:46:16 INFO  Saving current: saved\TimeWeaver-Feb-25-2026_12-38-34.pth
Wed 25 Feb 2026 12:47:27 INFO  epoch 7 training [time: 70.47s, train loss: 3975.4681]
Wed 25 Feb 2026 12:47:27 INFO  epoch 7 evaluating [time: 0.10s, valid_score: 0.031300]
Wed 25 Feb 2026 12:47:27 INFO  valid result: 
hit@10 : 0.0313    ndcg@10 : 0.0206    mrr@10 : 0.0172
Wed 25 Feb 2026 12:48:40 INFO  epoch 8 training [time: 72.66s, train loss: 3787.8216]
Wed 25 Feb 2026 12:48:40 INFO  epoch 8 evaluating [time: 0.09s, valid_score: 0.030000]
Wed 25 Feb 2026 12:48:40 INFO  valid result: 
hit@10 : 0.03    ndcg@10 : 0.0196    mrr@10 : 0.0163
Wed 25 Feb 2026 12:49:46 INFO  epoch 9 training [time: 66.47s, train loss: 3634.8560]
Wed 25 Feb 2026 12:49:46 INFO  epoch 9 evaluating [time: 0.09s, valid_score: 0.030700]
Wed 25 Feb 2026 12:49:46 INFO  valid result: 
hit@10 : 0.0307    ndcg@10 : 0.0216    mrr@10 : 0.0186
Wed 25 Feb 2026 12:50:54 INFO  epoch 10 training [time: 67.60s, train loss: 3497.0847]
Wed 25 Feb 2026 12:50:54 INFO  epoch 10 evaluating [time: 0.09s, valid_score: 0.034700]
Wed 25 Feb 2026 12:50:54 INFO  valid result: 
hit@10 : 0.0347    ndcg@10 : 0.0204    mrr@10 : 0.0161
Wed 25 Feb 2026 12:50:54 INFO  Saving current: saved\TimeWeaver-Feb-25-2026_12-38-34.pth
Wed 25 Feb 2026 12:52:03 INFO  epoch 11 training [time: 69.06s, train loss: 3378.4917]
Wed 25 Feb 2026 12:52:03 INFO  epoch 11 evaluating [time: 0.09s, valid_score: 0.031300]
Wed 25 Feb 2026 12:52:03 INFO  valid result: 
hit@10 : 0.0313    ndcg@10 : 0.0211    mrr@10 : 0.0178
Wed 25 Feb 2026 12:53:14 INFO  epoch 12 training [time: 70.36s, train loss: 3269.4988]
Wed 25 Feb 2026 12:53:14 INFO  epoch 12 evaluating [time: 0.09s, valid_score: 0.033300]
Wed 25 Feb 2026 12:53:14 INFO  valid result: 
hit@10 : 0.0333    ndcg@10 : 0.02    mrr@10 : 0.016
Wed 25 Feb 2026 12:54:26 INFO  epoch 13 training [time: 72.54s, train loss: 3168.1420]
Wed 25 Feb 2026 12:54:26 INFO  epoch 13 evaluating [time: 0.09s, valid_score: 0.032000]
Wed 25 Feb 2026 12:54:26 INFO  valid result: 
hit@10 : 0.032    ndcg@10 : 0.0206    mrr@10 : 0.0171
Wed 25 Feb 2026 12:55:39 INFO  epoch 14 training [time: 72.34s, train loss: 3069.4618]
Wed 25 Feb 2026 12:55:39 INFO  epoch 14 evaluating [time: 0.09s, valid_score: 0.029300]
Wed 25 Feb 2026 12:55:39 INFO  valid result: 
hit@10 : 0.0293    ndcg@10 : 0.0191    mrr@10 : 0.0159
Wed 25 Feb 2026 12:56:49 INFO  epoch 15 training [time: 70.71s, train loss: 2986.9851]
Wed 25 Feb 2026 12:56:49 INFO  epoch 15 evaluating [time: 0.09s, valid_score: 0.028000]
Wed 25 Feb 2026 12:56:49 INFO  valid result: 
hit@10 : 0.028    ndcg@10 : 0.0192    mrr@10 : 0.0165
Wed 25 Feb 2026 12:57:58 INFO  epoch 16 training [time: 68.65s, train loss: 2906.9822]
Wed 25 Feb 2026 12:57:58 INFO  epoch 16 evaluating [time: 0.09s, valid_score: 0.028000]
Wed 25 Feb 2026 12:57:58 INFO  valid result: 
hit@10 : 0.028    ndcg@10 : 0.0179    mrr@10 : 0.0147
Wed 25 Feb 2026 12:59:06 INFO  epoch 17 training [time: 67.63s, train loss: 2824.3972]
Wed 25 Feb 2026 12:59:06 INFO  epoch 17 evaluating [time: 0.09s, valid_score: 0.028700]
Wed 25 Feb 2026 12:59:06 INFO  valid result: 
hit@10 : 0.0287    ndcg@10 : 0.018    mrr@10 : 0.0147
Wed 25 Feb 2026 13:00:13 INFO  epoch 18 training [time: 67.37s, train loss: 2754.0187]
Wed 25 Feb 2026 13:00:13 INFO  epoch 18 evaluating [time: 0.09s, valid_score: 0.026000]
Wed 25 Feb 2026 13:00:13 INFO  valid result: 
hit@10 : 0.026    ndcg@10 : 0.0175    mrr@10 : 0.0149
Wed 25 Feb 2026 13:01:20 INFO  epoch 19 training [time: 66.33s, train loss: 2683.9869]
Wed 25 Feb 2026 13:01:20 INFO  epoch 19 evaluating [time: 0.09s, valid_score: 0.026000]
Wed 25 Feb 2026 13:01:20 INFO  valid result: 
hit@10 : 0.026    ndcg@10 : 0.0172    mrr@10 : 0.0145
Wed 25 Feb 2026 13:02:25 INFO  epoch 20 training [time: 65.35s, train loss: 2626.1235]
Wed 25 Feb 2026 13:02:25 INFO  epoch 20 evaluating [time: 0.09s, valid_score: 0.026700]
Wed 25 Feb 2026 13:02:25 INFO  valid result: 
hit@10 : 0.0267    ndcg@10 : 0.0176    mrr@10 : 0.0149
Wed 25 Feb 2026 13:03:30 INFO  epoch 21 training [time: 64.82s, train loss: 2560.1872]
Wed 25 Feb 2026 13:03:30 INFO  epoch 21 evaluating [time: 0.09s, valid_score: 0.026700]
Wed 25 Feb 2026 13:03:30 INFO  valid result: 
hit@10 : 0.0267    ndcg@10 : 0.0186    mrr@10 : 0.0162
Wed 25 Feb 2026 13:03:30 INFO  Finished training, best eval result in epoch 10
Wed 25 Feb 2026 13:03:30 INFO  Loading model structure and parameters from saved\TimeWeaver-Feb-25-2026_12-38-34.pth
Wed 25 Feb 2026 13:03:31 INFO  The running environment of this training is as follows:
+-------------+----------------+
| Environment |     Usage      |
+=============+================+
| CPU         |     5.40 %     |
+-------------+----------------+
| GPU         | 0.80 G/6.00 G  |
+-------------+----------------+
| Memory      | 0.78 G/15.63 G |
+-------------+----------------+
Wed 25 Feb 2026 13:03:31 INFO  best valid : OrderedDict([('hit@10', 0.0347), ('ndcg@10', 0.0204), ('mrr@10', 0.0161)])
Wed 25 Feb 2026 13:03:31 INFO  test result: OrderedDict([('hit@10', 0.0287), ('ndcg@10', 0.0165), ('mrr@10', 0.0129)])
Wed 25 Feb 2026 13:03:31 WARNING  command line args [--models timeweaver --datasets amazon-electronics-5core-subset-full --timeweaver-variant cont --seeds 42,2023,2024 --device gpu --output results/timeweaver_ablations_all_full.json --skip-if-done] will not be used in RecBole
Wed 25 Feb 2026 13:03:31 INFO  ['F:\\桌面\\recommendation_system\\scripts\\run_grid.py', '--models', 'timeweaver', '--datasets', 'amazon-electronics-5core-subset-full', '--timeweaver-variant', 'cont', '--seeds', '42,2023,2024', '--device', 'gpu', '--output', 'results/timeweaver_ablations_all_full.json', '--skip-if-done']
Wed 25 Feb 2026 13:03:31 INFO  
General Hyper Parameters:
gpu_id = 0
use_gpu = True
seed = 2024
state = INFO
reproducibility = True
data_path = data/amazon\amazon-electronics-5core-subset
checkpoint_dir = saved
show_progress = True
save_dataset = False
dataset_save_path = None
save_dataloaders = False
dataloaders_save_path = None
log_wandb = False

Training Hyper Parameters:
epochs = 100
train_batch_size = 256
learner = adam
learning_rate = 0.001
train_neg_sample_args = {'distribution': 'none', 'sample_num': 'none', 'alpha': 'none', 'dynamic': False, 'candidate_num': 0}
eval_step = 1
stopping_step = 10
clip_grad_norm = None
weight_decay = 0.0
loss_decimal_place = 4

Evaluation Hyper Parameters:
eval_args = {'split': {'LS': 'valid_and_test'}, 'order': 'TO', 'group_by': 'user', 'mode': {'valid': 'full', 'test': 'full'}}
repeatable = True
metrics = ['Hit', 'NDCG', 'MRR']
topk = [10]
valid_metric = Hit@10
valid_metric_bigger = True
eval_batch_size = 512
metric_decimal_place = 4

Dataset Hyper Parameters:
field_separator = 	
seq_separator =  
USER_ID_FIELD = user_id
ITEM_ID_FIELD = item_id
RATING_FIELD = rating
TIME_FIELD = timestamp
seq_len = None
LABEL_FIELD = label
threshold = None
NEG_PREFIX = neg_
load_col = {'inter': ['user_id', 'item_id', 'rating', 'timestamp']}
unload_col = None
unused_col = None
additional_feat_suffix = None
rm_dup_inter = None
val_interval = None
filter_inter_by_user_or_item = True
user_inter_num_interval = [0,inf)
item_inter_num_interval = [0,inf)
alias_of_user_id = None
alias_of_item_id = None
alias_of_entity_id = None
alias_of_relation_id = None
preload_weight = None
normalize_field = None
normalize_all = None
ITEM_LIST_LENGTH_FIELD = item_length
LIST_SUFFIX = _list
MAX_ITEM_LIST_LENGTH = 32
POSITION_FIELD = position_id
HEAD_ENTITY_ID_FIELD = head_id
TAIL_ENTITY_ID_FIELD = tail_id
RELATION_ID_FIELD = relation_id
ENTITY_ID_FIELD = entity_id
benchmark_filename = None

Other Hyper Parameters: 
worker = 0
wandb_project = recbole
shuffle = True
require_pow = False
enable_amp = False
enable_scaler = False
transform = None
numerical_features = []
discretization = None
kg_reverse_r = False
entity_kg_num_interval = [0,inf)
relation_kg_num_interval = [0,inf)
MODEL_TYPE = ModelType.SEQUENTIAL
model_name = TimeWeaver
hidden_size = 64
num_layers = 2
hidden_dropout_prob = 0.5
initializer_range = 0.02
time_bucket_size = 1000
ema_decay = 0.5
tcn_kernel_size = -1
ffn_hidden_size = 256
loss_type = CE
early_stop = 10
neg_sampling = None
device = cuda
use_continuous_time = True
use_time_gate = False
use_time_augmentation = False
MODEL_INPUT_TYPE = InputType.POINTWISE
eval_type = EvaluatorType.RANKING
single_spec = True
local_rank = 0
valid_neg_sample_args = {'distribution': 'uniform', 'sample_num': 'none'}
test_neg_sample_args = {'distribution': 'uniform', 'sample_num': 'none'}


Wed 25 Feb 2026 13:03:32 INFO  amazon-electronics-5core-subset
The number of users: 1501
Average actions of users: 108.42733333333334
The number of items: 54722
Average actions of items: 2.9721861808080994
The number of inters: 162641
The sparsity of the dataset: 99.80198988231011%
Remain Fields: ['user_id', 'item_id', 'rating', 'timestamp']
Wed 25 Feb 2026 13:03:34 INFO  [Training]: train_batch_size = [256] train_neg_sample_args: [{'distribution': 'none', 'sample_num': 'none', 'alpha': 'none', 'dynamic': False, 'candidate_num': 0}]
Wed 25 Feb 2026 13:03:34 INFO  [Evaluation]: eval_batch_size = [512] eval_args: [{'split': {'LS': 'valid_and_test'}, 'order': 'TO', 'group_by': 'user', 'mode': {'valid': 'full', 'test': 'full'}}]
Wed 25 Feb 2026 13:03:35 INFO  TimeWeaver(
  (item_embedding): Embedding(54722, 64, padding_idx=0)
  (time_aug): TimeAwareAugmentation(
    (pos_embedding): Embedding(32, 64)
    (time_embedder): ContinuousTimeEmbedding(
      (time2vec): Time2Vec()
    )
    (layer_norm): LayerNorm((64,), eps=1e-05, elementwise_affine=True)
    (drop): Dropout(p=0.5, inplace=False)
  )
  (context_layers): ModuleList(
    (0-1): 2 x TCNNextBlock(
      (dw): DepthwiseConv1d(
        (conv): Conv1d(64, 64, kernel_size=(11,), stride=(1,), padding=(5,), groups=64)
        (bn): BatchNorm1d(64, eps=1e-05, momentum=0.1, affine=True, track_running_stats=True)
        (drop): Dropout(p=0.5, inplace=False)
      )
      (norm1): LayerNorm((64,), eps=1e-05, elementwise_affine=True)
      (conv_inter): ParallelConvInter(
        (conv1): Conv1d(64, 64, kernel_size=(1,), stride=(1,))
        (conv3): Conv1d(64, 64, kernel_size=(3,), stride=(1,), padding=(1,))
        (proj): Conv1d(64, 64, kernel_size=(1,), stride=(1,))
        (drop): Dropout(p=0.5, inplace=False)
      )
      (norm2): LayerNorm((64,), eps=1e-05, elementwise_affine=True)
      (ffn): Sequential(
        (0): Linear(in_features=64, out_features=256, bias=True)
        (1): GELU(approximate='none')
        (2): Dropout(p=0.5, inplace=False)
        (3): Linear(in_features=256, out_features=64, bias=True)
        (4): Dropout(p=0.5, inplace=False)
      )
      (norm3): LayerNorm((64,), eps=1e-05, elementwise_affine=True)
    )
  )
  (dynamic_layers): ModuleList(
    (0-1): 2 x EMAStream(
      (proj): Linear(in_features=64, out_features=64, bias=True)
    )
  )
  (weavers): ModuleList(
    (0-1): 2 x StreamWeaver(
      (proj): Linear(in_features=128, out_features=64, bias=True)
      (norm): LayerNorm((64,), eps=1e-05, elementwise_affine=True)
    )
  )
  (loss_fct): CrossEntropyLoss()
)
Trainable parameters: 3639681.0
Wed 25 Feb 2026 13:03:35 INFO  FLOPs: 4296704.0
Wed 25 Feb 2026 13:04:39 INFO  epoch 0 training [time: 64.91s, train loss: 6525.3665]
Wed 25 Feb 2026 13:04:40 INFO  epoch 0 evaluating [time: 0.09s, valid_score: 0.006000]
Wed 25 Feb 2026 13:04:40 INFO  valid result: 
hit@10 : 0.006    ndcg@10 : 0.003    mrr@10 : 0.0021
Wed 25 Feb 2026 13:04:40 INFO  Saving current: saved\TimeWeaver-Feb-25-2026_13-03-35.pth
Wed 25 Feb 2026 13:05:46 INFO  epoch 1 training [time: 66.09s, train loss: 6144.7131]
Wed 25 Feb 2026 13:05:46 INFO  epoch 1 evaluating [time: 0.09s, valid_score: 0.012000]
Wed 25 Feb 2026 13:05:46 INFO  valid result: 
hit@10 : 0.012    ndcg@10 : 0.0063    mrr@10 : 0.0046
Wed 25 Feb 2026 13:05:46 INFO  Saving current: saved\TimeWeaver-Feb-25-2026_13-03-35.pth
Wed 25 Feb 2026 13:06:51 INFO  epoch 2 training [time: 65.22s, train loss: 5743.6895]
Wed 25 Feb 2026 13:06:51 INFO  epoch 2 evaluating [time: 0.09s, valid_score: 0.022700]
Wed 25 Feb 2026 13:06:51 INFO  valid result: 
hit@10 : 0.0227    ndcg@10 : 0.0136    mrr@10 : 0.0109
Wed 25 Feb 2026 13:06:51 INFO  Saving current: saved\TimeWeaver-Feb-25-2026_13-03-35.pth
Wed 25 Feb 2026 13:07:57 INFO  epoch 3 training [time: 65.83s, train loss: 5316.6313]
Wed 25 Feb 2026 13:07:57 INFO  epoch 3 evaluating [time: 0.09s, valid_score: 0.027300]
Wed 25 Feb 2026 13:07:57 INFO  valid result: 
hit@10 : 0.0273    ndcg@10 : 0.0185    mrr@10 : 0.0157
Wed 25 Feb 2026 13:07:57 INFO  Saving current: saved\TimeWeaver-Feb-25-2026_13-03-35.pth
Wed 25 Feb 2026 13:09:03 INFO  epoch 4 training [time: 66.18s, train loss: 4896.8427]
Wed 25 Feb 2026 13:09:03 INFO  epoch 4 evaluating [time: 0.09s, valid_score: 0.028000]
Wed 25 Feb 2026 13:09:03 INFO  valid result: 
hit@10 : 0.028    ndcg@10 : 0.0199    mrr@10 : 0.0174
Wed 25 Feb 2026 13:09:04 INFO  Saving current: saved\TimeWeaver-Feb-25-2026_13-03-35.pth
Wed 25 Feb 2026 13:10:09 INFO  epoch 5 training [time: 65.42s, train loss: 4524.3336]
Wed 25 Feb 2026 13:10:09 INFO  epoch 5 evaluating [time: 0.09s, valid_score: 0.033300]
Wed 25 Feb 2026 13:10:09 INFO  valid result: 
hit@10 : 0.0333    ndcg@10 : 0.0216    mrr@10 : 0.0179
Wed 25 Feb 2026 13:10:09 INFO  Saving current: saved\TimeWeaver-Feb-25-2026_13-03-35.pth
Wed 25 Feb 2026 13:11:14 INFO  epoch 6 training [time: 65.40s, train loss: 4220.6333]
Wed 25 Feb 2026 13:11:15 INFO  epoch 6 evaluating [time: 0.09s, valid_score: 0.029300]
Wed 25 Feb 2026 13:11:15 INFO  valid result: 
hit@10 : 0.0293    ndcg@10 : 0.0196    mrr@10 : 0.0165
Wed 25 Feb 2026 13:12:20 INFO  epoch 7 training [time: 65.40s, train loss: 3990.8594]
Wed 25 Feb 2026 13:12:20 INFO  epoch 7 evaluating [time: 0.09s, valid_score: 0.026000]
Wed 25 Feb 2026 13:12:20 INFO  valid result: 
hit@10 : 0.026    ndcg@10 : 0.0182    mrr@10 : 0.0157
Wed 25 Feb 2026 13:13:26 INFO  epoch 8 training [time: 66.19s, train loss: 3807.4975]
Wed 25 Feb 2026 13:13:26 INFO  epoch 8 evaluating [time: 0.09s, valid_score: 0.030000]
Wed 25 Feb 2026 13:13:26 INFO  valid result: 
hit@10 : 0.03    ndcg@10 : 0.0195    mrr@10 : 0.0162
Wed 25 Feb 2026 13:14:29 INFO  epoch 9 training [time: 62.35s, train loss: 3653.0824]
Wed 25 Feb 2026 13:14:29 INFO  epoch 9 evaluating [time: 0.07s, valid_score: 0.027300]
Wed 25 Feb 2026 13:14:29 INFO  valid result: 
hit@10 : 0.0273    ndcg@10 : 0.0197    mrr@10 : 0.0172
Wed 25 Feb 2026 13:15:27 INFO  epoch 10 training [time: 57.78s, train loss: 3520.1081]
Wed 25 Feb 2026 13:15:27 INFO  epoch 10 evaluating [time: 0.07s, valid_score: 0.030700]
Wed 25 Feb 2026 13:15:27 INFO  valid result: 
hit@10 : 0.0307    ndcg@10 : 0.02    mrr@10 : 0.0167
Wed 25 Feb 2026 13:16:25 INFO  epoch 11 training [time: 58.01s, train loss: 3402.3391]
Wed 25 Feb 2026 13:16:25 INFO  epoch 11 evaluating [time: 0.08s, valid_score: 0.028000]
Wed 25 Feb 2026 13:16:25 INFO  valid result: 
hit@10 : 0.028    ndcg@10 : 0.0205    mrr@10 : 0.0182
Wed 25 Feb 2026 13:17:25 INFO  epoch 12 training [time: 60.31s, train loss: 3295.5709]
Wed 25 Feb 2026 13:17:25 INFO  epoch 12 evaluating [time: 0.07s, valid_score: 0.025300]
Wed 25 Feb 2026 13:17:25 INFO  valid result: 
hit@10 : 0.0253    ndcg@10 : 0.019    mrr@10 : 0.0169
Wed 25 Feb 2026 13:18:23 INFO  epoch 13 training [time: 58.10s, train loss: 3195.2659]
Wed 25 Feb 2026 13:18:23 INFO  epoch 13 evaluating [time: 0.07s, valid_score: 0.032000]
Wed 25 Feb 2026 13:18:23 INFO  valid result: 
hit@10 : 0.032    ndcg@10 : 0.0223    mrr@10 : 0.0193
Wed 25 Feb 2026 13:19:21 INFO  epoch 14 training [time: 58.16s, train loss: 3102.2580]
Wed 25 Feb 2026 13:19:22 INFO  epoch 14 evaluating [time: 0.08s, valid_score: 0.026700]
Wed 25 Feb 2026 13:19:22 INFO  valid result: 
hit@10 : 0.0267    ndcg@10 : 0.0191    mrr@10 : 0.0168
Wed 25 Feb 2026 13:20:19 INFO  epoch 15 training [time: 57.23s, train loss: 3018.2306]
Wed 25 Feb 2026 13:20:19 INFO  epoch 15 evaluating [time: 0.07s, valid_score: 0.031300]
Wed 25 Feb 2026 13:20:19 INFO  valid result: 
hit@10 : 0.0313    ndcg@10 : 0.0224    mrr@10 : 0.0195
Wed 25 Feb 2026 13:21:19 INFO  epoch 16 training [time: 60.13s, train loss: 2933.8261]
Wed 25 Feb 2026 13:21:19 INFO  epoch 16 evaluating [time: 0.09s, valid_score: 0.026700]
Wed 25 Feb 2026 13:21:19 INFO  valid result: 
hit@10 : 0.0267    ndcg@10 : 0.0202    mrr@10 : 0.0181
Wed 25 Feb 2026 13:21:19 INFO  Finished training, best eval result in epoch 5
Wed 25 Feb 2026 13:21:19 INFO  Loading model structure and parameters from saved\TimeWeaver-Feb-25-2026_13-03-35.pth
Wed 25 Feb 2026 13:21:20 INFO  The running environment of this training is as follows:
+-------------+----------------+
| Environment |     Usage      |
+=============+================+
| CPU         |     5.10 %     |
+-------------+----------------+
| GPU         | 0.80 G/6.00 G  |
+-------------+----------------+
| Memory      | 0.76 G/15.63 G |
+-------------+----------------+
Wed 25 Feb 2026 13:21:20 INFO  best valid : OrderedDict([('hit@10', 0.0333), ('ndcg@10', 0.0216), ('mrr@10', 0.0179)])
Wed 25 Feb 2026 13:21:20 INFO  test result: OrderedDict([('hit@10', 0.0287), ('ndcg@10', 0.0203), ('mrr@10', 0.0177)])
