Thu 12 Feb 2026 10:43:04 INFO  ['F:\\桌面\\recommendation_system\\scripts\\run_grid.py', '--models', 'timeweaver', '--datasets', 'amazon-electronics-5core-subset', '--seeds', '42', '--device', 'gpu', '--timeweaver-variant', 'base', '--tag', 'e0p05_k-1_d0p2_l1_f256_b1000', '--output', 'results/run_grid_timeweaver_tune.json', '--tw-ema-decay', '0.05', '--tw-tcn-kernel', '-1', '--tw-hidden-dropout', '0.2', '--tw-num-layers', '1', '--tw-ffn-hidden', '256', '--tw-time-bucket', '1000']
Thu 12 Feb 2026 10:43:04 INFO  
General Hyper Parameters:
gpu_id = 0
use_gpu = True
seed = 42
state = INFO
reproducibility = True
data_path = data/amazon\amazon-electronics-5core-subset
checkpoint_dir = saved
show_progress = True
save_dataset = False
dataset_save_path = None
save_dataloaders = False
dataloaders_save_path = None
log_wandb = False

Training Hyper Parameters:
epochs = 100
train_batch_size = 256
learner = adam
learning_rate = 0.001
train_neg_sample_args = {'distribution': 'none', 'sample_num': 'none', 'alpha': 'none', 'dynamic': False, 'candidate_num': 0}
eval_step = 1
stopping_step = 10
clip_grad_norm = None
weight_decay = 0.0
loss_decimal_place = 4

Evaluation Hyper Parameters:
eval_args = {'split': {'LS': 'valid_and_test'}, 'order': 'TO', 'group_by': 'user', 'mode': {'valid': 'uni100', 'test': 'uni100'}}
repeatable = True
metrics = ['Hit', 'NDCG', 'MRR']
topk = [10]
valid_metric = MRR@10
valid_metric_bigger = True
eval_batch_size = 512
metric_decimal_place = 4

Dataset Hyper Parameters:
field_separator = 	
seq_separator =  
USER_ID_FIELD = user_id
ITEM_ID_FIELD = item_id
RATING_FIELD = rating
TIME_FIELD = timestamp
seq_len = None
LABEL_FIELD = label
threshold = None
NEG_PREFIX = neg_
load_col = {'inter': ['user_id', 'item_id', 'rating', 'timestamp']}
unload_col = None
unused_col = None
additional_feat_suffix = None
rm_dup_inter = None
val_interval = None
filter_inter_by_user_or_item = True
user_inter_num_interval = [0,inf)
item_inter_num_interval = [0,inf)
alias_of_user_id = None
alias_of_item_id = None
alias_of_entity_id = None
alias_of_relation_id = None
preload_weight = None
normalize_field = None
normalize_all = None
ITEM_LIST_LENGTH_FIELD = item_length
LIST_SUFFIX = _list
MAX_ITEM_LIST_LENGTH = 32
POSITION_FIELD = position_id
HEAD_ENTITY_ID_FIELD = head_id
TAIL_ENTITY_ID_FIELD = tail_id
RELATION_ID_FIELD = relation_id
ENTITY_ID_FIELD = entity_id
benchmark_filename = None

Other Hyper Parameters: 
worker = 0
wandb_project = recbole
shuffle = True
require_pow = False
enable_amp = False
enable_scaler = False
transform = None
numerical_features = []
discretization = None
kg_reverse_r = False
entity_kg_num_interval = [0,inf)
relation_kg_num_interval = [0,inf)
MODEL_TYPE = ModelType.SEQUENTIAL
model_name = TimeWeaver
hidden_size = 64
num_layers = 1
hidden_dropout_prob = 0.2
initializer_range = 0.02
time_bucket_size = 1000
ema_decay = 0.05
tcn_kernel_size = -1
ffn_hidden_size = 256
loss_type = CE
early_stop = 10
neg_sampling = None
device = cuda
use_continuous_time = False
use_time_gate = False
use_time_augmentation = False
MODEL_INPUT_TYPE = InputType.POINTWISE
eval_type = EvaluatorType.RANKING
single_spec = True
local_rank = 0
valid_neg_sample_args = {'distribution': 'uniform', 'sample_num': 100}
test_neg_sample_args = {'distribution': 'uniform', 'sample_num': 100}


Thu 12 Feb 2026 10:43:05 INFO  amazon-electronics-5core-subset
The number of users: 1501
Average actions of users: 108.42733333333334
The number of items: 54722
Average actions of items: 2.9721861808080994
The number of inters: 162641
The sparsity of the dataset: 99.80198988231011%
Remain Fields: ['user_id', 'item_id', 'rating', 'timestamp']
Thu 12 Feb 2026 10:43:07 INFO  [Training]: train_batch_size = [256] train_neg_sample_args: [{'distribution': 'none', 'sample_num': 'none', 'alpha': 'none', 'dynamic': False, 'candidate_num': 0}]
Thu 12 Feb 2026 10:43:07 INFO  [Evaluation]: eval_batch_size = [512] eval_args: [{'split': {'LS': 'valid_and_test'}, 'order': 'TO', 'group_by': 'user', 'mode': {'valid': 'uni100', 'test': 'uni100'}}]
Thu 12 Feb 2026 10:43:07 INFO  TimeWeaver(
  (item_embedding): Embedding(54722, 64, padding_idx=0)
  (time_aug): TimeAwareAugmentation(
    (pos_embedding): Embedding(32, 64)
    (time_embedding): Embedding(1000, 64)
    (layer_norm): LayerNorm((64,), eps=1e-05, elementwise_affine=True)
    (drop): Dropout(p=0.2, inplace=False)
  )
  (context_layers): ModuleList(
    (0): TCNNextBlock(
      (dw): DepthwiseConv1d(
        (conv): Conv1d(64, 64, kernel_size=(11,), stride=(1,), padding=(5,), groups=64)
        (bn): BatchNorm1d(64, eps=1e-05, momentum=0.1, affine=True, track_running_stats=True)
        (drop): Dropout(p=0.2, inplace=False)
      )
      (norm1): LayerNorm((64,), eps=1e-05, elementwise_affine=True)
      (conv_inter): ParallelConvInter(
        (conv1): Conv1d(64, 64, kernel_size=(1,), stride=(1,))
        (conv3): Conv1d(64, 64, kernel_size=(3,), stride=(1,), padding=(1,))
        (proj): Conv1d(64, 64, kernel_size=(1,), stride=(1,))
        (drop): Dropout(p=0.2, inplace=False)
      )
      (norm2): LayerNorm((64,), eps=1e-05, elementwise_affine=True)
      (ffn): Sequential(
        (0): Linear(in_features=64, out_features=256, bias=True)
        (1): GELU(approximate='none')
        (2): Dropout(p=0.2, inplace=False)
        (3): Linear(in_features=256, out_features=64, bias=True)
        (4): Dropout(p=0.2, inplace=False)
      )
      (norm3): LayerNorm((64,), eps=1e-05, elementwise_affine=True)
    )
  )
  (dynamic_layers): ModuleList(
    (0): EMAStream(
      (proj): Linear(in_features=64, out_features=64, bias=True)
    )
  )
  (weavers): ModuleList(
    (0): StreamWeaver(
      (proj): Linear(in_features=128, out_features=64, bias=True)
      (norm): LayerNorm((64,), eps=1e-05, elementwise_affine=True)
    )
  )
  (loss_fct): CrossEntropyLoss()
)
Trainable parameters: 3635969.0
Thu 12 Feb 2026 10:43:07 INFO  FLOPs: 2154496.0
Thu 12 Feb 2026 10:43:50 INFO  epoch 0 training [time: 40.95s, train loss: 6466.0178]
Thu 12 Feb 2026 10:43:53 INFO  epoch 0 evaluating [time: 2.79s, valid_score: 0.209500]
Thu 12 Feb 2026 10:43:53 INFO  valid result: 
hit@10 : 0.392    ndcg@10 : 0.2526    mrr@10 : 0.2095
Thu 12 Feb 2026 10:43:53 INFO  Saving current: saved\TimeWeaver-Feb-12-2026_10-43-07.pth
Thu 12 Feb 2026 10:44:28 INFO  epoch 1 training [time: 35.08s, train loss: 5818.5053]
Thu 12 Feb 2026 10:44:30 INFO  epoch 1 evaluating [time: 2.18s, valid_score: 0.232200]
Thu 12 Feb 2026 10:44:30 INFO  valid result: 
hit@10 : 0.4107    ndcg@10 : 0.2745    mrr@10 : 0.2322
Thu 12 Feb 2026 10:44:30 INFO  Saving current: saved\TimeWeaver-Feb-12-2026_10-43-07.pth
Thu 12 Feb 2026 10:45:04 INFO  epoch 2 training [time: 33.89s, train loss: 5013.5201]
Thu 12 Feb 2026 10:45:06 INFO  epoch 2 evaluating [time: 2.23s, valid_score: 0.206300]
Thu 12 Feb 2026 10:45:06 INFO  valid result: 
hit@10 : 0.3733    ndcg@10 : 0.2459    mrr@10 : 0.2063
Thu 12 Feb 2026 10:45:41 INFO  epoch 3 training [time: 34.97s, train loss: 4295.8199]
Thu 12 Feb 2026 10:45:43 INFO  epoch 3 evaluating [time: 2.17s, valid_score: 0.195400]
Thu 12 Feb 2026 10:45:43 INFO  valid result: 
hit@10 : 0.3527    ndcg@10 : 0.2325    mrr@10 : 0.1954
Thu 12 Feb 2026 10:46:20 INFO  epoch 4 training [time: 36.28s, train loss: 3816.6192]
Thu 12 Feb 2026 10:46:22 INFO  epoch 4 evaluating [time: 2.56s, valid_score: 0.187500]
Thu 12 Feb 2026 10:46:22 INFO  valid result: 
hit@10 : 0.3493    ndcg@10 : 0.2256    mrr@10 : 0.1875
Thu 12 Feb 2026 10:46:57 INFO  epoch 5 training [time: 34.42s, train loss: 3475.2441]
Thu 12 Feb 2026 10:46:59 INFO  epoch 5 evaluating [time: 2.30s, valid_score: 0.201900]
Thu 12 Feb 2026 10:46:59 INFO  valid result: 
hit@10 : 0.3487    ndcg@10 : 0.2367    mrr@10 : 0.2019
Thu 12 Feb 2026 10:47:37 INFO  epoch 6 training [time: 37.78s, train loss: 3195.7738]
Thu 12 Feb 2026 10:47:39 INFO  epoch 6 evaluating [time: 2.47s, valid_score: 0.196300]
Thu 12 Feb 2026 10:47:39 INFO  valid result: 
hit@10 : 0.3367    ndcg@10 : 0.2294    mrr@10 : 0.1963
Thu 12 Feb 2026 10:48:14 INFO  epoch 7 training [time: 34.54s, train loss: 2944.9653]
Thu 12 Feb 2026 10:48:16 INFO  epoch 7 evaluating [time: 2.22s, valid_score: 0.192000]
Thu 12 Feb 2026 10:48:16 INFO  valid result: 
hit@10 : 0.34    ndcg@10 : 0.2266    mrr@10 : 0.192
Thu 12 Feb 2026 10:48:53 INFO  epoch 8 training [time: 36.66s, train loss: 2721.3404]
Thu 12 Feb 2026 10:48:55 INFO  epoch 8 evaluating [time: 2.34s, valid_score: 0.181100]
Thu 12 Feb 2026 10:48:55 INFO  valid result: 
hit@10 : 0.3273    ndcg@10 : 0.2155    mrr@10 : 0.1811
Thu 12 Feb 2026 10:49:29 INFO  epoch 9 training [time: 34.01s, train loss: 2531.6545]
Thu 12 Feb 2026 10:49:31 INFO  epoch 9 evaluating [time: 2.14s, valid_score: 0.181100]
Thu 12 Feb 2026 10:49:31 INFO  valid result: 
hit@10 : 0.3293    ndcg@10 : 0.216    mrr@10 : 0.1811
Thu 12 Feb 2026 10:50:05 INFO  epoch 10 training [time: 34.03s, train loss: 2364.3165]
Thu 12 Feb 2026 10:50:07 INFO  epoch 10 evaluating [time: 2.28s, valid_score: 0.173800]
Thu 12 Feb 2026 10:50:07 INFO  valid result: 
hit@10 : 0.322    ndcg@10 : 0.2085    mrr@10 : 0.1738
Thu 12 Feb 2026 10:50:43 INFO  epoch 11 training [time: 35.64s, train loss: 2217.6374]
Thu 12 Feb 2026 10:50:45 INFO  epoch 11 evaluating [time: 2.25s, valid_score: 0.171500]
Thu 12 Feb 2026 10:50:45 INFO  valid result: 
hit@10 : 0.3187    ndcg@10 : 0.2062    mrr@10 : 0.1715
Thu 12 Feb 2026 10:51:19 INFO  epoch 12 training [time: 34.03s, train loss: 2091.3198]
Thu 12 Feb 2026 10:51:21 INFO  epoch 12 evaluating [time: 2.11s, valid_score: 0.179000]
Thu 12 Feb 2026 10:51:21 INFO  valid result: 
hit@10 : 0.3213    ndcg@10 : 0.2123    mrr@10 : 0.179
Thu 12 Feb 2026 10:51:21 INFO  Finished training, best eval result in epoch 1
Thu 12 Feb 2026 10:51:21 INFO  Loading model structure and parameters from saved\TimeWeaver-Feb-12-2026_10-43-07.pth
Thu 12 Feb 2026 10:51:24 INFO  The running environment of this training is as follows:
+-------------+----------------+
| Environment |     Usage      |
+=============+================+
| CPU         |     6.80 %     |
+-------------+----------------+
| GPU         | 0.42 G/6.00 G  |
+-------------+----------------+
| Memory      | 1.66 G/15.63 G |
+-------------+----------------+
Thu 12 Feb 2026 10:51:24 INFO  best valid : OrderedDict([('hit@10', 0.4107), ('ndcg@10', 0.2745), ('mrr@10', 0.2322)])
Thu 12 Feb 2026 10:51:24 INFO  test result: OrderedDict([('hit@10', 0.3573), ('ndcg@10', 0.234), ('mrr@10', 0.196)])
