Thu 19 Feb 2026 00:13:36 INFO  ['F:\\桌面\\recommendation_system\\scripts\\run_grid.py', '--models', 'timeweaver', '--datasets', 'amazon-beauty-5core-subset', '--timeweaver-variant', 'gate', '--seeds', '42,2023,2024', '--device', 'gpu', '--output', 'results/timeweaver_ablations_beauty.json']
Thu 19 Feb 2026 00:13:36 INFO  
General Hyper Parameters:
gpu_id = 0
use_gpu = True
seed = 42
state = INFO
reproducibility = True
data_path = data/amazon\amazon-beauty-5core-subset
checkpoint_dir = saved
show_progress = True
save_dataset = False
dataset_save_path = None
save_dataloaders = False
dataloaders_save_path = None
log_wandb = False

Training Hyper Parameters:
epochs = 100
train_batch_size = 256
learner = adam
learning_rate = 0.001
train_neg_sample_args = {'distribution': 'none', 'sample_num': 'none', 'alpha': 'none', 'dynamic': False, 'candidate_num': 0}
eval_step = 1
stopping_step = 10
clip_grad_norm = None
weight_decay = 0.0
loss_decimal_place = 4

Evaluation Hyper Parameters:
eval_args = {'split': {'LS': 'valid_and_test'}, 'order': 'TO', 'group_by': 'user', 'mode': {'valid': 'uni100', 'test': 'uni100'}}
repeatable = True
metrics = ['Hit', 'NDCG', 'MRR']
topk = [10]
valid_metric = Hit@10
valid_metric_bigger = True
eval_batch_size = 512
metric_decimal_place = 4

Dataset Hyper Parameters:
field_separator = 	
seq_separator =  
USER_ID_FIELD = user_id
ITEM_ID_FIELD = item_id
RATING_FIELD = rating
TIME_FIELD = timestamp
seq_len = None
LABEL_FIELD = label
threshold = None
NEG_PREFIX = neg_
load_col = {'inter': ['user_id', 'item_id', 'rating', 'timestamp']}
unload_col = None
unused_col = None
additional_feat_suffix = None
rm_dup_inter = None
val_interval = None
filter_inter_by_user_or_item = True
user_inter_num_interval = [0,inf)
item_inter_num_interval = [0,inf)
alias_of_user_id = None
alias_of_item_id = None
alias_of_entity_id = None
alias_of_relation_id = None
preload_weight = None
normalize_field = None
normalize_all = None
ITEM_LIST_LENGTH_FIELD = item_length
LIST_SUFFIX = _list
MAX_ITEM_LIST_LENGTH = 32
POSITION_FIELD = position_id
HEAD_ENTITY_ID_FIELD = head_id
TAIL_ENTITY_ID_FIELD = tail_id
RELATION_ID_FIELD = relation_id
ENTITY_ID_FIELD = entity_id
benchmark_filename = None

Other Hyper Parameters: 
worker = 0
wandb_project = recbole
shuffle = True
require_pow = False
enable_amp = False
enable_scaler = False
transform = None
numerical_features = []
discretization = None
kg_reverse_r = False
entity_kg_num_interval = [0,inf)
relation_kg_num_interval = [0,inf)
MODEL_TYPE = ModelType.SEQUENTIAL
model_name = TimeWeaver
hidden_size = 64
num_layers = 2
hidden_dropout_prob = 0.5
initializer_range = 0.02
time_bucket_size = 1000
ema_decay = 0.5
tcn_kernel_size = -1
ffn_hidden_size = 256
loss_type = CE
early_stop = 10
neg_sampling = None
device = cuda
use_continuous_time = True
use_time_gate = True
use_time_augmentation = False
MODEL_INPUT_TYPE = InputType.POINTWISE
eval_type = EvaluatorType.RANKING
single_spec = True
local_rank = 0
valid_neg_sample_args = {'distribution': 'uniform', 'sample_num': 100}
test_neg_sample_args = {'distribution': 'uniform', 'sample_num': 100}


Thu 19 Feb 2026 00:13:37 INFO  amazon-beauty-5core-subset
The number of users: 7001
Average actions of users: 15.458
The number of items: 11924
Average actions of items: 9.075400486454752
The number of inters: 108206
The sparsity of the dataset: 99.87038081155896%
Remain Fields: ['user_id', 'item_id', 'rating', 'timestamp']
Thu 19 Feb 2026 00:13:39 INFO  [Training]: train_batch_size = [256] train_neg_sample_args: [{'distribution': 'none', 'sample_num': 'none', 'alpha': 'none', 'dynamic': False, 'candidate_num': 0}]
Thu 19 Feb 2026 00:13:39 INFO  [Evaluation]: eval_batch_size = [512] eval_args: [{'split': {'LS': 'valid_and_test'}, 'order': 'TO', 'group_by': 'user', 'mode': {'valid': 'uni100', 'test': 'uni100'}}]
Thu 19 Feb 2026 00:13:39 INFO  TimeWeaver(
  (item_embedding): Embedding(11924, 64, padding_idx=0)
  (time_aug): TimeAwareAugmentation(
    (pos_embedding): Embedding(32, 64)
    (time_embedder): ContinuousTimeEmbedding(
      (time2vec): Time2Vec()
    )
    (time_gate): TimeGate(
      (net): Sequential(
        (0): Linear(in_features=128, out_features=16, bias=True)
        (1): GELU(approximate='none')
        (2): Linear(in_features=16, out_features=64, bias=True)
        (3): Sigmoid()
      )
    )
    (layer_norm): LayerNorm((64,), eps=1e-05, elementwise_affine=True)
    (drop): Dropout(p=0.5, inplace=False)
  )
  (context_layers): ModuleList(
    (0-1): 2 x TCNNextBlock(
      (dw): DepthwiseConv1d(
        (conv): Conv1d(64, 64, kernel_size=(11,), stride=(1,), padding=(5,), groups=64)
        (bn): BatchNorm1d(64, eps=1e-05, momentum=0.1, affine=True, track_running_stats=True)
        (drop): Dropout(p=0.5, inplace=False)
      )
      (norm1): LayerNorm((64,), eps=1e-05, elementwise_affine=True)
      (conv_inter): ParallelConvInter(
        (conv1): Conv1d(64, 64, kernel_size=(1,), stride=(1,))
        (conv3): Conv1d(64, 64, kernel_size=(3,), stride=(1,), padding=(1,))
        (proj): Conv1d(64, 64, kernel_size=(1,), stride=(1,))
        (drop): Dropout(p=0.5, inplace=False)
      )
      (norm2): LayerNorm((64,), eps=1e-05, elementwise_affine=True)
      (ffn): Sequential(
        (0): Linear(in_features=64, out_features=256, bias=True)
        (1): GELU(approximate='none')
        (2): Dropout(p=0.5, inplace=False)
        (3): Linear(in_features=256, out_features=64, bias=True)
        (4): Dropout(p=0.5, inplace=False)
      )
      (norm3): LayerNorm((64,), eps=1e-05, elementwise_affine=True)
    )
  )
  (dynamic_layers): ModuleList(
    (0-1): 2 x EMAStream(
      (proj): Linear(in_features=64, out_features=64, bias=True)
    )
  )
  (weavers): ModuleList(
    (0-1): 2 x StreamWeaver(
      (proj): Linear(in_features=128, out_features=64, bias=True)
      (norm): LayerNorm((64,), eps=1e-05, elementwise_affine=True)
    )
  )
  (loss_fct): CrossEntropyLoss()
)
Trainable parameters: 903762.0
Thu 19 Feb 2026 00:13:39 INFO  FLOPs: 4395008.0
Thu 19 Feb 2026 00:14:14 INFO  epoch 0 training [time: 34.01s, train loss: 2952.2859]
Thu 19 Feb 2026 00:14:26 INFO  epoch 0 evaluating [time: 11.78s, valid_score: 0.447700]
Thu 19 Feb 2026 00:14:26 INFO  valid result: 
hit@10 : 0.4477    ndcg@10 : 0.262    mrr@10 : 0.2044
Thu 19 Feb 2026 00:14:26 INFO  Saving current: saved\TimeWeaver-Feb-19-2026_00-13-39.pth
Thu 19 Feb 2026 00:15:00 INFO  epoch 1 training [time: 34.14s, train loss: 2713.0673]
Thu 19 Feb 2026 00:15:12 INFO  epoch 1 evaluating [time: 11.74s, valid_score: 0.516400]
Thu 19 Feb 2026 00:15:12 INFO  valid result: 
hit@10 : 0.5164    ndcg@10 : 0.3434    mrr@10 : 0.2891
Thu 19 Feb 2026 00:15:12 INFO  Saving current: saved\TimeWeaver-Feb-19-2026_00-13-39.pth
Thu 19 Feb 2026 00:15:46 INFO  epoch 2 training [time: 34.28s, train loss: 2580.0529]
Thu 19 Feb 2026 00:15:58 INFO  epoch 2 evaluating [time: 11.61s, valid_score: 0.542300]
Thu 19 Feb 2026 00:15:58 INFO  valid result: 
hit@10 : 0.5423    ndcg@10 : 0.3758    mrr@10 : 0.3235
Thu 19 Feb 2026 00:15:58 INFO  Saving current: saved\TimeWeaver-Feb-19-2026_00-13-39.pth
Thu 19 Feb 2026 00:16:32 INFO  epoch 3 training [time: 34.30s, train loss: 2482.6799]
Thu 19 Feb 2026 00:16:44 INFO  epoch 3 evaluating [time: 12.22s, valid_score: 0.543900]
Thu 19 Feb 2026 00:16:44 INFO  valid result: 
hit@10 : 0.5439    ndcg@10 : 0.3895    mrr@10 : 0.3411
Thu 19 Feb 2026 00:16:44 INFO  Saving current: saved\TimeWeaver-Feb-19-2026_00-13-39.pth
Thu 19 Feb 2026 00:17:19 INFO  epoch 4 training [time: 34.97s, train loss: 2393.5260]
Thu 19 Feb 2026 00:17:31 INFO  epoch 4 evaluating [time: 11.76s, valid_score: 0.543400]
Thu 19 Feb 2026 00:17:31 INFO  valid result: 
hit@10 : 0.5434    ndcg@10 : 0.3907    mrr@10 : 0.3428
Thu 19 Feb 2026 00:18:05 INFO  epoch 5 training [time: 33.63s, train loss: 2312.9318]
Thu 19 Feb 2026 00:18:17 INFO  epoch 5 evaluating [time: 12.21s, valid_score: 0.542300]
Thu 19 Feb 2026 00:18:17 INFO  valid result: 
hit@10 : 0.5423    ndcg@10 : 0.3939    mrr@10 : 0.3473
Thu 19 Feb 2026 00:18:51 INFO  epoch 6 training [time: 33.68s, train loss: 2238.3037]
Thu 19 Feb 2026 00:19:03 INFO  epoch 6 evaluating [time: 11.86s, valid_score: 0.538100]
Thu 19 Feb 2026 00:19:03 INFO  valid result: 
hit@10 : 0.5381    ndcg@10 : 0.3926    mrr@10 : 0.3469
Thu 19 Feb 2026 00:19:37 INFO  epoch 7 training [time: 34.00s, train loss: 2174.1482]
Thu 19 Feb 2026 00:19:48 INFO  epoch 7 evaluating [time: 11.87s, valid_score: 0.543900]
Thu 19 Feb 2026 00:19:48 INFO  valid result: 
hit@10 : 0.5439    ndcg@10 : 0.3963    mrr@10 : 0.3501
Thu 19 Feb 2026 00:19:48 INFO  Saving current: saved\TimeWeaver-Feb-19-2026_00-13-39.pth
Thu 19 Feb 2026 00:20:22 INFO  epoch 8 training [time: 33.94s, train loss: 2118.3064]
Thu 19 Feb 2026 00:20:35 INFO  epoch 8 evaluating [time: 12.21s, valid_score: 0.538700]
Thu 19 Feb 2026 00:20:35 INFO  valid result: 
hit@10 : 0.5387    ndcg@10 : 0.3979    mrr@10 : 0.3539
Thu 19 Feb 2026 00:21:10 INFO  epoch 9 training [time: 35.18s, train loss: 2072.8992]
Thu 19 Feb 2026 00:21:22 INFO  epoch 9 evaluating [time: 12.08s, valid_score: 0.537600]
Thu 19 Feb 2026 00:21:22 INFO  valid result: 
hit@10 : 0.5376    ndcg@10 : 0.3936    mrr@10 : 0.3486
Thu 19 Feb 2026 00:21:56 INFO  epoch 10 training [time: 33.64s, train loss: 2034.6697]
Thu 19 Feb 2026 00:22:08 INFO  epoch 10 evaluating [time: 12.16s, valid_score: 0.540700]
Thu 19 Feb 2026 00:22:08 INFO  valid result: 
hit@10 : 0.5407    ndcg@10 : 0.3928    mrr@10 : 0.3466
Thu 19 Feb 2026 00:22:42 INFO  epoch 11 training [time: 34.22s, train loss: 1999.4190]
Thu 19 Feb 2026 00:22:54 INFO  epoch 11 evaluating [time: 11.85s, valid_score: 0.538100]
Thu 19 Feb 2026 00:22:54 INFO  valid result: 
hit@10 : 0.5381    ndcg@10 : 0.3965    mrr@10 : 0.3522
Thu 19 Feb 2026 00:23:28 INFO  epoch 12 training [time: 34.27s, train loss: 1968.9071]
Thu 19 Feb 2026 00:23:40 INFO  epoch 12 evaluating [time: 11.76s, valid_score: 0.548300]
Thu 19 Feb 2026 00:23:40 INFO  valid result: 
hit@10 : 0.5483    ndcg@10 : 0.3997    mrr@10 : 0.3536
Thu 19 Feb 2026 00:23:40 INFO  Saving current: saved\TimeWeaver-Feb-19-2026_00-13-39.pth
Thu 19 Feb 2026 00:24:13 INFO  epoch 13 training [time: 33.36s, train loss: 1941.2752]
Thu 19 Feb 2026 00:24:25 INFO  epoch 13 evaluating [time: 12.21s, valid_score: 0.540900]
Thu 19 Feb 2026 00:24:25 INFO  valid result: 
hit@10 : 0.5409    ndcg@10 : 0.3912    mrr@10 : 0.3444
Thu 19 Feb 2026 00:25:00 INFO  epoch 14 training [time: 34.40s, train loss: 1919.2050]
Thu 19 Feb 2026 00:25:12 INFO  epoch 14 evaluating [time: 12.36s, valid_score: 0.542000]
Thu 19 Feb 2026 00:25:12 INFO  valid result: 
hit@10 : 0.542    ndcg@10 : 0.3929    mrr@10 : 0.3463
Thu 19 Feb 2026 00:25:46 INFO  epoch 15 training [time: 33.62s, train loss: 1896.0721]
Thu 19 Feb 2026 00:25:58 INFO  epoch 15 evaluating [time: 12.20s, valid_score: 0.537900]
Thu 19 Feb 2026 00:25:58 INFO  valid result: 
hit@10 : 0.5379    ndcg@10 : 0.3911    mrr@10 : 0.3453
Thu 19 Feb 2026 00:26:33 INFO  epoch 16 training [time: 34.62s, train loss: 1875.8349]
Thu 19 Feb 2026 00:26:44 INFO  epoch 16 evaluating [time: 11.79s, valid_score: 0.537400]
Thu 19 Feb 2026 00:26:44 INFO  valid result: 
hit@10 : 0.5374    ndcg@10 : 0.3905    mrr@10 : 0.3446
Thu 19 Feb 2026 00:27:19 INFO  epoch 17 training [time: 34.16s, train loss: 1857.3061]
Thu 19 Feb 2026 00:27:30 INFO  epoch 17 evaluating [time: 11.90s, valid_score: 0.535400]
Thu 19 Feb 2026 00:27:30 INFO  valid result: 
hit@10 : 0.5354    ndcg@10 : 0.3906    mrr@10 : 0.3454
Thu 19 Feb 2026 00:28:04 INFO  epoch 18 training [time: 33.89s, train loss: 1838.8861]
Thu 19 Feb 2026 00:28:16 INFO  epoch 18 evaluating [time: 11.81s, valid_score: 0.537900]
Thu 19 Feb 2026 00:28:16 INFO  valid result: 
hit@10 : 0.5379    ndcg@10 : 0.3907    mrr@10 : 0.3448
Thu 19 Feb 2026 00:28:52 INFO  epoch 19 training [time: 35.82s, train loss: 1821.2290]
Thu 19 Feb 2026 00:29:04 INFO  epoch 19 evaluating [time: 12.45s, valid_score: 0.534700]
Thu 19 Feb 2026 00:29:04 INFO  valid result: 
hit@10 : 0.5347    ndcg@10 : 0.3904    mrr@10 : 0.3454
Thu 19 Feb 2026 00:29:39 INFO  epoch 20 training [time: 34.15s, train loss: 1803.3894]
Thu 19 Feb 2026 00:29:50 INFO  epoch 20 evaluating [time: 11.90s, valid_score: 0.538000]
Thu 19 Feb 2026 00:29:50 INFO  valid result: 
hit@10 : 0.538    ndcg@10 : 0.3884    mrr@10 : 0.3417
Thu 19 Feb 2026 00:30:25 INFO  epoch 21 training [time: 34.49s, train loss: 1785.6103]
Thu 19 Feb 2026 00:30:37 INFO  epoch 21 evaluating [time: 11.78s, valid_score: 0.538000]
Thu 19 Feb 2026 00:30:37 INFO  valid result: 
hit@10 : 0.538    ndcg@10 : 0.3896    mrr@10 : 0.3433
Thu 19 Feb 2026 00:31:11 INFO  epoch 22 training [time: 34.05s, train loss: 1773.8438]
Thu 19 Feb 2026 00:31:23 INFO  epoch 22 evaluating [time: 11.89s, valid_score: 0.537000]
Thu 19 Feb 2026 00:31:23 INFO  valid result: 
hit@10 : 0.537    ndcg@10 : 0.3904    mrr@10 : 0.3448
Thu 19 Feb 2026 00:31:57 INFO  epoch 23 training [time: 33.94s, train loss: 1755.6998]
Thu 19 Feb 2026 00:32:08 INFO  epoch 23 evaluating [time: 11.85s, valid_score: 0.534900]
Thu 19 Feb 2026 00:32:08 INFO  valid result: 
hit@10 : 0.5349    ndcg@10 : 0.3864    mrr@10 : 0.34
Thu 19 Feb 2026 00:32:08 INFO  Finished training, best eval result in epoch 12
Thu 19 Feb 2026 00:32:09 INFO  Loading model structure and parameters from saved\TimeWeaver-Feb-19-2026_00-13-39.pth
Thu 19 Feb 2026 00:32:21 INFO  The running environment of this training is as follows:
+-------------+----------------+
| Environment |     Usage      |
+=============+================+
| CPU         |     6.70 %     |
+-------------+----------------+
| GPU         | 0.23 G/6.00 G  |
+-------------+----------------+
| Memory      | 1.45 G/15.63 G |
+-------------+----------------+
Thu 19 Feb 2026 00:32:21 INFO  best valid : OrderedDict([('hit@10', 0.5483), ('ndcg@10', 0.3997), ('mrr@10', 0.3536)])
Thu 19 Feb 2026 00:32:21 INFO  test result: OrderedDict([('hit@10', 0.4957), ('ndcg@10', 0.35), ('mrr@10', 0.3046)])
Thu 19 Feb 2026 00:32:21 WARNING  command line args [--models timeweaver --datasets amazon-beauty-5core-subset --timeweaver-variant gate --seeds 42,2023,2024 --device gpu --output results/timeweaver_ablations_beauty.json] will not be used in RecBole
Thu 19 Feb 2026 00:32:21 INFO  ['F:\\桌面\\recommendation_system\\scripts\\run_grid.py', '--models', 'timeweaver', '--datasets', 'amazon-beauty-5core-subset', '--timeweaver-variant', 'gate', '--seeds', '42,2023,2024', '--device', 'gpu', '--output', 'results/timeweaver_ablations_beauty.json']
Thu 19 Feb 2026 00:32:21 INFO  
General Hyper Parameters:
gpu_id = 0
use_gpu = True
seed = 2023
state = INFO
reproducibility = True
data_path = data/amazon\amazon-beauty-5core-subset
checkpoint_dir = saved
show_progress = True
save_dataset = False
dataset_save_path = None
save_dataloaders = False
dataloaders_save_path = None
log_wandb = False

Training Hyper Parameters:
epochs = 100
train_batch_size = 256
learner = adam
learning_rate = 0.001
train_neg_sample_args = {'distribution': 'none', 'sample_num': 'none', 'alpha': 'none', 'dynamic': False, 'candidate_num': 0}
eval_step = 1
stopping_step = 10
clip_grad_norm = None
weight_decay = 0.0
loss_decimal_place = 4

Evaluation Hyper Parameters:
eval_args = {'split': {'LS': 'valid_and_test'}, 'order': 'TO', 'group_by': 'user', 'mode': {'valid': 'uni100', 'test': 'uni100'}}
repeatable = True
metrics = ['Hit', 'NDCG', 'MRR']
topk = [10]
valid_metric = Hit@10
valid_metric_bigger = True
eval_batch_size = 512
metric_decimal_place = 4

Dataset Hyper Parameters:
field_separator = 	
seq_separator =  
USER_ID_FIELD = user_id
ITEM_ID_FIELD = item_id
RATING_FIELD = rating
TIME_FIELD = timestamp
seq_len = None
LABEL_FIELD = label
threshold = None
NEG_PREFIX = neg_
load_col = {'inter': ['user_id', 'item_id', 'rating', 'timestamp']}
unload_col = None
unused_col = None
additional_feat_suffix = None
rm_dup_inter = None
val_interval = None
filter_inter_by_user_or_item = True
user_inter_num_interval = [0,inf)
item_inter_num_interval = [0,inf)
alias_of_user_id = None
alias_of_item_id = None
alias_of_entity_id = None
alias_of_relation_id = None
preload_weight = None
normalize_field = None
normalize_all = None
ITEM_LIST_LENGTH_FIELD = item_length
LIST_SUFFIX = _list
MAX_ITEM_LIST_LENGTH = 32
POSITION_FIELD = position_id
HEAD_ENTITY_ID_FIELD = head_id
TAIL_ENTITY_ID_FIELD = tail_id
RELATION_ID_FIELD = relation_id
ENTITY_ID_FIELD = entity_id
benchmark_filename = None

Other Hyper Parameters: 
worker = 0
wandb_project = recbole
shuffle = True
require_pow = False
enable_amp = False
enable_scaler = False
transform = None
numerical_features = []
discretization = None
kg_reverse_r = False
entity_kg_num_interval = [0,inf)
relation_kg_num_interval = [0,inf)
MODEL_TYPE = ModelType.SEQUENTIAL
model_name = TimeWeaver
hidden_size = 64
num_layers = 2
hidden_dropout_prob = 0.5
initializer_range = 0.02
time_bucket_size = 1000
ema_decay = 0.5
tcn_kernel_size = -1
ffn_hidden_size = 256
loss_type = CE
early_stop = 10
neg_sampling = None
device = cuda
use_continuous_time = True
use_time_gate = True
use_time_augmentation = False
MODEL_INPUT_TYPE = InputType.POINTWISE
eval_type = EvaluatorType.RANKING
single_spec = True
local_rank = 0
valid_neg_sample_args = {'distribution': 'uniform', 'sample_num': 100}
test_neg_sample_args = {'distribution': 'uniform', 'sample_num': 100}


Thu 19 Feb 2026 00:32:22 INFO  amazon-beauty-5core-subset
The number of users: 7001
Average actions of users: 15.458
The number of items: 11924
Average actions of items: 9.075400486454752
The number of inters: 108206
The sparsity of the dataset: 99.87038081155896%
Remain Fields: ['user_id', 'item_id', 'rating', 'timestamp']
Thu 19 Feb 2026 00:32:24 INFO  [Training]: train_batch_size = [256] train_neg_sample_args: [{'distribution': 'none', 'sample_num': 'none', 'alpha': 'none', 'dynamic': False, 'candidate_num': 0}]
Thu 19 Feb 2026 00:32:24 INFO  [Evaluation]: eval_batch_size = [512] eval_args: [{'split': {'LS': 'valid_and_test'}, 'order': 'TO', 'group_by': 'user', 'mode': {'valid': 'uni100', 'test': 'uni100'}}]
Thu 19 Feb 2026 00:32:24 INFO  TimeWeaver(
  (item_embedding): Embedding(11924, 64, padding_idx=0)
  (time_aug): TimeAwareAugmentation(
    (pos_embedding): Embedding(32, 64)
    (time_embedder): ContinuousTimeEmbedding(
      (time2vec): Time2Vec()
    )
    (time_gate): TimeGate(
      (net): Sequential(
        (0): Linear(in_features=128, out_features=16, bias=True)
        (1): GELU(approximate='none')
        (2): Linear(in_features=16, out_features=64, bias=True)
        (3): Sigmoid()
      )
    )
    (layer_norm): LayerNorm((64,), eps=1e-05, elementwise_affine=True)
    (drop): Dropout(p=0.5, inplace=False)
  )
  (context_layers): ModuleList(
    (0-1): 2 x TCNNextBlock(
      (dw): DepthwiseConv1d(
        (conv): Conv1d(64, 64, kernel_size=(11,), stride=(1,), padding=(5,), groups=64)
        (bn): BatchNorm1d(64, eps=1e-05, momentum=0.1, affine=True, track_running_stats=True)
        (drop): Dropout(p=0.5, inplace=False)
      )
      (norm1): LayerNorm((64,), eps=1e-05, elementwise_affine=True)
      (conv_inter): ParallelConvInter(
        (conv1): Conv1d(64, 64, kernel_size=(1,), stride=(1,))
        (conv3): Conv1d(64, 64, kernel_size=(3,), stride=(1,), padding=(1,))
        (proj): Conv1d(64, 64, kernel_size=(1,), stride=(1,))
        (drop): Dropout(p=0.5, inplace=False)
      )
      (norm2): LayerNorm((64,), eps=1e-05, elementwise_affine=True)
      (ffn): Sequential(
        (0): Linear(in_features=64, out_features=256, bias=True)
        (1): GELU(approximate='none')
        (2): Dropout(p=0.5, inplace=False)
        (3): Linear(in_features=256, out_features=64, bias=True)
        (4): Dropout(p=0.5, inplace=False)
      )
      (norm3): LayerNorm((64,), eps=1e-05, elementwise_affine=True)
    )
  )
  (dynamic_layers): ModuleList(
    (0-1): 2 x EMAStream(
      (proj): Linear(in_features=64, out_features=64, bias=True)
    )
  )
  (weavers): ModuleList(
    (0-1): 2 x StreamWeaver(
      (proj): Linear(in_features=128, out_features=64, bias=True)
      (norm): LayerNorm((64,), eps=1e-05, elementwise_affine=True)
    )
  )
  (loss_fct): CrossEntropyLoss()
)
Trainable parameters: 903762.0
Thu 19 Feb 2026 00:32:24 INFO  FLOPs: 4395008.0
Thu 19 Feb 2026 00:33:00 INFO  epoch 0 training [time: 36.48s, train loss: 2950.8411]
Thu 19 Feb 2026 00:33:13 INFO  epoch 0 evaluating [time: 12.57s, valid_score: 0.448600]
Thu 19 Feb 2026 00:33:13 INFO  valid result: 
hit@10 : 0.4486    ndcg@10 : 0.2623    mrr@10 : 0.2045
Thu 19 Feb 2026 00:33:13 INFO  Saving current: saved\TimeWeaver-Feb-19-2026_00-32-24.pth
Thu 19 Feb 2026 00:33:47 INFO  epoch 1 training [time: 33.83s, train loss: 2709.1634]
Thu 19 Feb 2026 00:33:59 INFO  epoch 1 evaluating [time: 12.34s, valid_score: 0.513400]
Thu 19 Feb 2026 00:33:59 INFO  valid result: 
hit@10 : 0.5134    ndcg@10 : 0.3439    mrr@10 : 0.2908
Thu 19 Feb 2026 00:33:59 INFO  Saving current: saved\TimeWeaver-Feb-19-2026_00-32-24.pth
Thu 19 Feb 2026 00:34:34 INFO  epoch 2 training [time: 34.43s, train loss: 2581.1693]
Thu 19 Feb 2026 00:34:46 INFO  epoch 2 evaluating [time: 12.10s, valid_score: 0.540000]
Thu 19 Feb 2026 00:34:46 INFO  valid result: 
hit@10 : 0.54    ndcg@10 : 0.3749    mrr@10 : 0.3232
Thu 19 Feb 2026 00:34:46 INFO  Saving current: saved\TimeWeaver-Feb-19-2026_00-32-24.pth
Thu 19 Feb 2026 00:35:19 INFO  epoch 3 training [time: 33.73s, train loss: 2485.0693]
Thu 19 Feb 2026 00:35:31 INFO  epoch 3 evaluating [time: 12.02s, valid_score: 0.546100]
Thu 19 Feb 2026 00:35:31 INFO  valid result: 
hit@10 : 0.5461    ndcg@10 : 0.3853    mrr@10 : 0.335
Thu 19 Feb 2026 00:35:31 INFO  Saving current: saved\TimeWeaver-Feb-19-2026_00-32-24.pth
Thu 19 Feb 2026 00:36:05 INFO  epoch 4 training [time: 33.56s, train loss: 2395.8050]
Thu 19 Feb 2026 00:36:17 INFO  epoch 4 evaluating [time: 11.97s, valid_score: 0.537000]
Thu 19 Feb 2026 00:36:17 INFO  valid result: 
hit@10 : 0.537    ndcg@10 : 0.3893    mrr@10 : 0.3429
Thu 19 Feb 2026 00:36:53 INFO  epoch 5 training [time: 35.62s, train loss: 2314.1784]
Thu 19 Feb 2026 00:37:05 INFO  epoch 5 evaluating [time: 12.60s, valid_score: 0.542100]
Thu 19 Feb 2026 00:37:05 INFO  valid result: 
hit@10 : 0.5421    ndcg@10 : 0.3913    mrr@10 : 0.3442
Thu 19 Feb 2026 00:37:39 INFO  epoch 6 training [time: 33.92s, train loss: 2242.3065]
Thu 19 Feb 2026 00:37:51 INFO  epoch 6 evaluating [time: 12.31s, valid_score: 0.539300]
Thu 19 Feb 2026 00:37:51 INFO  valid result: 
hit@10 : 0.5393    ndcg@10 : 0.3934    mrr@10 : 0.3476
Thu 19 Feb 2026 00:38:26 INFO  epoch 7 training [time: 34.28s, train loss: 2178.2004]
Thu 19 Feb 2026 00:38:38 INFO  epoch 7 evaluating [time: 11.97s, valid_score: 0.542700]
Thu 19 Feb 2026 00:38:38 INFO  valid result: 
hit@10 : 0.5427    ndcg@10 : 0.3981    mrr@10 : 0.3528
Thu 19 Feb 2026 00:39:12 INFO  epoch 8 training [time: 33.99s, train loss: 2123.6695]
Thu 19 Feb 2026 00:39:24 INFO  epoch 8 evaluating [time: 12.12s, valid_score: 0.536300]
Thu 19 Feb 2026 00:39:24 INFO  valid result: 
hit@10 : 0.5363    ndcg@10 : 0.393    mrr@10 : 0.3481
Thu 19 Feb 2026 00:39:57 INFO  epoch 9 training [time: 33.72s, train loss: 2075.6756]
Thu 19 Feb 2026 00:40:09 INFO  epoch 9 evaluating [time: 11.91s, valid_score: 0.545400]
Thu 19 Feb 2026 00:40:09 INFO  valid result: 
hit@10 : 0.5454    ndcg@10 : 0.3977    mrr@10 : 0.3517
Thu 19 Feb 2026 00:40:45 INFO  epoch 10 training [time: 35.20s, train loss: 2036.8340]
Thu 19 Feb 2026 00:40:57 INFO  epoch 10 evaluating [time: 12.62s, valid_score: 0.538100]
Thu 19 Feb 2026 00:40:57 INFO  valid result: 
hit@10 : 0.5381    ndcg@10 : 0.3946    mrr@10 : 0.3496
Thu 19 Feb 2026 00:41:32 INFO  epoch 11 training [time: 34.78s, train loss: 2001.2675]
Thu 19 Feb 2026 00:41:44 INFO  epoch 11 evaluating [time: 11.94s, valid_score: 0.540600]
Thu 19 Feb 2026 00:41:44 INFO  valid result: 
hit@10 : 0.5406    ndcg@10 : 0.3989    mrr@10 : 0.3546
Thu 19 Feb 2026 00:42:19 INFO  epoch 12 training [time: 34.63s, train loss: 1971.3637]
Thu 19 Feb 2026 00:42:31 INFO  epoch 12 evaluating [time: 12.03s, valid_score: 0.540700]
Thu 19 Feb 2026 00:42:31 INFO  valid result: 
hit@10 : 0.5407    ndcg@10 : 0.3958    mrr@10 : 0.3505
Thu 19 Feb 2026 00:43:05 INFO  epoch 13 training [time: 34.13s, train loss: 1946.2549]
Thu 19 Feb 2026 00:43:17 INFO  epoch 13 evaluating [time: 12.06s, valid_score: 0.541700]
Thu 19 Feb 2026 00:43:17 INFO  valid result: 
hit@10 : 0.5417    ndcg@10 : 0.3976    mrr@10 : 0.3526
Thu 19 Feb 2026 00:43:51 INFO  epoch 14 training [time: 34.35s, train loss: 1922.5023]
Thu 19 Feb 2026 00:44:03 INFO  epoch 14 evaluating [time: 11.96s, valid_score: 0.541700]
Thu 19 Feb 2026 00:44:03 INFO  valid result: 
hit@10 : 0.5417    ndcg@10 : 0.3951    mrr@10 : 0.3491
Thu 19 Feb 2026 00:44:03 INFO  Finished training, best eval result in epoch 3
Thu 19 Feb 2026 00:44:03 INFO  Loading model structure and parameters from saved\TimeWeaver-Feb-19-2026_00-32-24.pth
Thu 19 Feb 2026 00:44:16 INFO  The running environment of this training is as follows:
+-------------+----------------+
| Environment |     Usage      |
+=============+================+
| CPU         |     9.20 %     |
+-------------+----------------+
| GPU         | 0.23 G/6.00 G  |
+-------------+----------------+
| Memory      | 1.45 G/15.63 G |
+-------------+----------------+
Thu 19 Feb 2026 00:44:16 INFO  best valid : OrderedDict([('hit@10', 0.5461), ('ndcg@10', 0.3853), ('mrr@10', 0.335)])
Thu 19 Feb 2026 00:44:16 INFO  test result: OrderedDict([('hit@10', 0.5027), ('ndcg@10', 0.3396), ('mrr@10', 0.2886)])
Thu 19 Feb 2026 00:44:16 WARNING  command line args [--models timeweaver --datasets amazon-beauty-5core-subset --timeweaver-variant gate --seeds 42,2023,2024 --device gpu --output results/timeweaver_ablations_beauty.json] will not be used in RecBole
Thu 19 Feb 2026 00:44:16 INFO  ['F:\\桌面\\recommendation_system\\scripts\\run_grid.py', '--models', 'timeweaver', '--datasets', 'amazon-beauty-5core-subset', '--timeweaver-variant', 'gate', '--seeds', '42,2023,2024', '--device', 'gpu', '--output', 'results/timeweaver_ablations_beauty.json']
Thu 19 Feb 2026 00:44:16 INFO  
General Hyper Parameters:
gpu_id = 0
use_gpu = True
seed = 2024
state = INFO
reproducibility = True
data_path = data/amazon\amazon-beauty-5core-subset
checkpoint_dir = saved
show_progress = True
save_dataset = False
dataset_save_path = None
save_dataloaders = False
dataloaders_save_path = None
log_wandb = False

Training Hyper Parameters:
epochs = 100
train_batch_size = 256
learner = adam
learning_rate = 0.001
train_neg_sample_args = {'distribution': 'none', 'sample_num': 'none', 'alpha': 'none', 'dynamic': False, 'candidate_num': 0}
eval_step = 1
stopping_step = 10
clip_grad_norm = None
weight_decay = 0.0
loss_decimal_place = 4

Evaluation Hyper Parameters:
eval_args = {'split': {'LS': 'valid_and_test'}, 'order': 'TO', 'group_by': 'user', 'mode': {'valid': 'uni100', 'test': 'uni100'}}
repeatable = True
metrics = ['Hit', 'NDCG', 'MRR']
topk = [10]
valid_metric = Hit@10
valid_metric_bigger = True
eval_batch_size = 512
metric_decimal_place = 4

Dataset Hyper Parameters:
field_separator = 	
seq_separator =  
USER_ID_FIELD = user_id
ITEM_ID_FIELD = item_id
RATING_FIELD = rating
TIME_FIELD = timestamp
seq_len = None
LABEL_FIELD = label
threshold = None
NEG_PREFIX = neg_
load_col = {'inter': ['user_id', 'item_id', 'rating', 'timestamp']}
unload_col = None
unused_col = None
additional_feat_suffix = None
rm_dup_inter = None
val_interval = None
filter_inter_by_user_or_item = True
user_inter_num_interval = [0,inf)
item_inter_num_interval = [0,inf)
alias_of_user_id = None
alias_of_item_id = None
alias_of_entity_id = None
alias_of_relation_id = None
preload_weight = None
normalize_field = None
normalize_all = None
ITEM_LIST_LENGTH_FIELD = item_length
LIST_SUFFIX = _list
MAX_ITEM_LIST_LENGTH = 32
POSITION_FIELD = position_id
HEAD_ENTITY_ID_FIELD = head_id
TAIL_ENTITY_ID_FIELD = tail_id
RELATION_ID_FIELD = relation_id
ENTITY_ID_FIELD = entity_id
benchmark_filename = None

Other Hyper Parameters: 
worker = 0
wandb_project = recbole
shuffle = True
require_pow = False
enable_amp = False
enable_scaler = False
transform = None
numerical_features = []
discretization = None
kg_reverse_r = False
entity_kg_num_interval = [0,inf)
relation_kg_num_interval = [0,inf)
MODEL_TYPE = ModelType.SEQUENTIAL
model_name = TimeWeaver
hidden_size = 64
num_layers = 2
hidden_dropout_prob = 0.5
initializer_range = 0.02
time_bucket_size = 1000
ema_decay = 0.5
tcn_kernel_size = -1
ffn_hidden_size = 256
loss_type = CE
early_stop = 10
neg_sampling = None
device = cuda
use_continuous_time = True
use_time_gate = True
use_time_augmentation = False
MODEL_INPUT_TYPE = InputType.POINTWISE
eval_type = EvaluatorType.RANKING
single_spec = True
local_rank = 0
valid_neg_sample_args = {'distribution': 'uniform', 'sample_num': 100}
test_neg_sample_args = {'distribution': 'uniform', 'sample_num': 100}


Thu 19 Feb 2026 00:44:16 INFO  amazon-beauty-5core-subset
The number of users: 7001
Average actions of users: 15.458
The number of items: 11924
Average actions of items: 9.075400486454752
The number of inters: 108206
The sparsity of the dataset: 99.87038081155896%
Remain Fields: ['user_id', 'item_id', 'rating', 'timestamp']
Thu 19 Feb 2026 00:44:18 INFO  [Training]: train_batch_size = [256] train_neg_sample_args: [{'distribution': 'none', 'sample_num': 'none', 'alpha': 'none', 'dynamic': False, 'candidate_num': 0}]
Thu 19 Feb 2026 00:44:18 INFO  [Evaluation]: eval_batch_size = [512] eval_args: [{'split': {'LS': 'valid_and_test'}, 'order': 'TO', 'group_by': 'user', 'mode': {'valid': 'uni100', 'test': 'uni100'}}]
Thu 19 Feb 2026 00:44:18 INFO  TimeWeaver(
  (item_embedding): Embedding(11924, 64, padding_idx=0)
  (time_aug): TimeAwareAugmentation(
    (pos_embedding): Embedding(32, 64)
    (time_embedder): ContinuousTimeEmbedding(
      (time2vec): Time2Vec()
    )
    (time_gate): TimeGate(
      (net): Sequential(
        (0): Linear(in_features=128, out_features=16, bias=True)
        (1): GELU(approximate='none')
        (2): Linear(in_features=16, out_features=64, bias=True)
        (3): Sigmoid()
      )
    )
    (layer_norm): LayerNorm((64,), eps=1e-05, elementwise_affine=True)
    (drop): Dropout(p=0.5, inplace=False)
  )
  (context_layers): ModuleList(
    (0-1): 2 x TCNNextBlock(
      (dw): DepthwiseConv1d(
        (conv): Conv1d(64, 64, kernel_size=(11,), stride=(1,), padding=(5,), groups=64)
        (bn): BatchNorm1d(64, eps=1e-05, momentum=0.1, affine=True, track_running_stats=True)
        (drop): Dropout(p=0.5, inplace=False)
      )
      (norm1): LayerNorm((64,), eps=1e-05, elementwise_affine=True)
      (conv_inter): ParallelConvInter(
        (conv1): Conv1d(64, 64, kernel_size=(1,), stride=(1,))
        (conv3): Conv1d(64, 64, kernel_size=(3,), stride=(1,), padding=(1,))
        (proj): Conv1d(64, 64, kernel_size=(1,), stride=(1,))
        (drop): Dropout(p=0.5, inplace=False)
      )
      (norm2): LayerNorm((64,), eps=1e-05, elementwise_affine=True)
      (ffn): Sequential(
        (0): Linear(in_features=64, out_features=256, bias=True)
        (1): GELU(approximate='none')
        (2): Dropout(p=0.5, inplace=False)
        (3): Linear(in_features=256, out_features=64, bias=True)
        (4): Dropout(p=0.5, inplace=False)
      )
      (norm3): LayerNorm((64,), eps=1e-05, elementwise_affine=True)
    )
  )
  (dynamic_layers): ModuleList(
    (0-1): 2 x EMAStream(
      (proj): Linear(in_features=64, out_features=64, bias=True)
    )
  )
  (weavers): ModuleList(
    (0-1): 2 x StreamWeaver(
      (proj): Linear(in_features=128, out_features=64, bias=True)
      (norm): LayerNorm((64,), eps=1e-05, elementwise_affine=True)
    )
  )
  (loss_fct): CrossEntropyLoss()
)
Trainable parameters: 903762.0
Thu 19 Feb 2026 00:44:18 INFO  FLOPs: 4395008.0
Thu 19 Feb 2026 00:44:55 INFO  epoch 0 training [time: 36.46s, train loss: 2949.0569]
Thu 19 Feb 2026 00:45:08 INFO  epoch 0 evaluating [time: 12.73s, valid_score: 0.459300]
Thu 19 Feb 2026 00:45:08 INFO  valid result: 
hit@10 : 0.4593    ndcg@10 : 0.2711    mrr@10 : 0.2128
Thu 19 Feb 2026 00:45:08 INFO  Saving current: saved\TimeWeaver-Feb-19-2026_00-44-18.pth
Thu 19 Feb 2026 00:45:42 INFO  epoch 1 training [time: 34.17s, train loss: 2703.9635]
Thu 19 Feb 2026 00:45:54 INFO  epoch 1 evaluating [time: 12.55s, valid_score: 0.515600]
Thu 19 Feb 2026 00:45:54 INFO  valid result: 
hit@10 : 0.5156    ndcg@10 : 0.3433    mrr@10 : 0.2894
Thu 19 Feb 2026 00:45:54 INFO  Saving current: saved\TimeWeaver-Feb-19-2026_00-44-18.pth
Thu 19 Feb 2026 00:46:29 INFO  epoch 2 training [time: 34.27s, train loss: 2576.5059]
Thu 19 Feb 2026 00:46:41 INFO  epoch 2 evaluating [time: 12.21s, valid_score: 0.543000]
Thu 19 Feb 2026 00:46:41 INFO  valid result: 
hit@10 : 0.543    ndcg@10 : 0.3725    mrr@10 : 0.3191
Thu 19 Feb 2026 00:46:41 INFO  Saving current: saved\TimeWeaver-Feb-19-2026_00-44-18.pth
Thu 19 Feb 2026 00:47:15 INFO  epoch 3 training [time: 34.30s, train loss: 2479.2451]
Thu 19 Feb 2026 00:47:27 INFO  epoch 3 evaluating [time: 12.19s, valid_score: 0.542700]
Thu 19 Feb 2026 00:47:27 INFO  valid result: 
hit@10 : 0.5427    ndcg@10 : 0.385    mrr@10 : 0.3356
Thu 19 Feb 2026 00:48:02 INFO  epoch 4 training [time: 34.38s, train loss: 2389.4075]
Thu 19 Feb 2026 00:48:14 INFO  epoch 4 evaluating [time: 12.08s, valid_score: 0.536000]
Thu 19 Feb 2026 00:48:14 INFO  valid result: 
hit@10 : 0.536    ndcg@10 : 0.3886    mrr@10 : 0.3424
Thu 19 Feb 2026 00:48:49 INFO  epoch 5 training [time: 35.54s, train loss: 2304.7332]
Thu 19 Feb 2026 00:49:02 INFO  epoch 5 evaluating [time: 12.81s, valid_score: 0.535400]
Thu 19 Feb 2026 00:49:02 INFO  valid result: 
hit@10 : 0.5354    ndcg@10 : 0.3882    mrr@10 : 0.3421
Thu 19 Feb 2026 00:49:37 INFO  epoch 6 training [time: 34.43s, train loss: 2234.6210]
Thu 19 Feb 2026 00:49:49 INFO  epoch 6 evaluating [time: 12.27s, valid_score: 0.533600]
Thu 19 Feb 2026 00:49:49 INFO  valid result: 
hit@10 : 0.5336    ndcg@10 : 0.3894    mrr@10 : 0.3443
Thu 19 Feb 2026 00:50:23 INFO  epoch 7 training [time: 34.44s, train loss: 2170.1660]
Thu 19 Feb 2026 00:50:36 INFO  epoch 7 evaluating [time: 12.22s, valid_score: 0.534900]
Thu 19 Feb 2026 00:50:36 INFO  valid result: 
hit@10 : 0.5349    ndcg@10 : 0.3934    mrr@10 : 0.3492
Thu 19 Feb 2026 00:51:10 INFO  epoch 8 training [time: 33.90s, train loss: 2114.3918]
Thu 19 Feb 2026 00:51:22 INFO  epoch 8 evaluating [time: 12.18s, valid_score: 0.531600]
Thu 19 Feb 2026 00:51:22 INFO  valid result: 
hit@10 : 0.5316    ndcg@10 : 0.3904    mrr@10 : 0.3464
Thu 19 Feb 2026 00:51:56 INFO  epoch 9 training [time: 34.09s, train loss: 2068.4949]
Thu 19 Feb 2026 00:52:08 INFO  epoch 9 evaluating [time: 12.14s, valid_score: 0.530900]
Thu 19 Feb 2026 00:52:08 INFO  valid result: 
hit@10 : 0.5309    ndcg@10 : 0.3902    mrr@10 : 0.3462
Thu 19 Feb 2026 00:52:43 INFO  epoch 10 training [time: 35.00s, train loss: 2031.8542]
Thu 19 Feb 2026 00:52:56 INFO  epoch 10 evaluating [time: 12.76s, valid_score: 0.534600]
Thu 19 Feb 2026 00:52:56 INFO  valid result: 
hit@10 : 0.5346    ndcg@10 : 0.3906    mrr@10 : 0.3457
Thu 19 Feb 2026 00:53:30 INFO  epoch 11 training [time: 34.67s, train loss: 1998.7815]
Thu 19 Feb 2026 00:53:42 INFO  epoch 11 evaluating [time: 12.13s, valid_score: 0.533700]
Thu 19 Feb 2026 00:53:42 INFO  valid result: 
hit@10 : 0.5337    ndcg@10 : 0.3921    mrr@10 : 0.3479
Thu 19 Feb 2026 00:54:17 INFO  epoch 12 training [time: 34.10s, train loss: 1971.8344]
Thu 19 Feb 2026 00:54:29 INFO  epoch 12 evaluating [time: 12.23s, valid_score: 0.536100]
Thu 19 Feb 2026 00:54:29 INFO  valid result: 
hit@10 : 0.5361    ndcg@10 : 0.3919    mrr@10 : 0.3467
Thu 19 Feb 2026 00:55:03 INFO  epoch 13 training [time: 33.95s, train loss: 1946.9812]
Thu 19 Feb 2026 00:55:15 INFO  epoch 13 evaluating [time: 12.17s, valid_score: 0.545400]
Thu 19 Feb 2026 00:55:15 INFO  valid result: 
hit@10 : 0.5454    ndcg@10 : 0.3962    mrr@10 : 0.3497
Thu 19 Feb 2026 00:55:15 INFO  Saving current: saved\TimeWeaver-Feb-19-2026_00-44-18.pth
Thu 19 Feb 2026 00:55:49 INFO  epoch 14 training [time: 34.31s, train loss: 1924.2268]
Thu 19 Feb 2026 00:56:01 INFO  epoch 14 evaluating [time: 12.01s, valid_score: 0.535700]
Thu 19 Feb 2026 00:56:01 INFO  valid result: 
hit@10 : 0.5357    ndcg@10 : 0.3905    mrr@10 : 0.3451
Thu 19 Feb 2026 00:56:36 INFO  epoch 15 training [time: 34.42s, train loss: 1901.6844]
Thu 19 Feb 2026 00:56:48 INFO  epoch 15 evaluating [time: 12.59s, valid_score: 0.537000]
Thu 19 Feb 2026 00:56:48 INFO  valid result: 
hit@10 : 0.537    ndcg@10 : 0.3906    mrr@10 : 0.3451
Thu 19 Feb 2026 00:57:23 INFO  epoch 16 training [time: 34.81s, train loss: 1884.2303]
Thu 19 Feb 2026 00:57:35 INFO  epoch 16 evaluating [time: 12.12s, valid_score: 0.536600]
Thu 19 Feb 2026 00:57:35 INFO  valid result: 
hit@10 : 0.5366    ndcg@10 : 0.393    mrr@10 : 0.3481
Thu 19 Feb 2026 00:58:09 INFO  epoch 17 training [time: 34.23s, train loss: 1863.5415]
Thu 19 Feb 2026 00:58:22 INFO  epoch 17 evaluating [time: 12.33s, valid_score: 0.542900]
Thu 19 Feb 2026 00:58:22 INFO  valid result: 
hit@10 : 0.5429    ndcg@10 : 0.3933    mrr@10 : 0.3468
Thu 19 Feb 2026 00:58:56 INFO  epoch 18 training [time: 33.99s, train loss: 1847.0908]
Thu 19 Feb 2026 00:59:08 INFO  epoch 18 evaluating [time: 12.17s, valid_score: 0.540300]
Thu 19 Feb 2026 00:59:08 INFO  valid result: 
hit@10 : 0.5403    ndcg@10 : 0.3919    mrr@10 : 0.3456
Thu 19 Feb 2026 00:59:42 INFO  epoch 19 training [time: 34.26s, train loss: 1829.7311]
Thu 19 Feb 2026 00:59:54 INFO  epoch 19 evaluating [time: 12.18s, valid_score: 0.531600]
Thu 19 Feb 2026 00:59:54 INFO  valid result: 
hit@10 : 0.5316    ndcg@10 : 0.3879    mrr@10 : 0.343
Thu 19 Feb 2026 01:00:29 INFO  epoch 20 training [time: 34.37s, train loss: 1815.0119]
Thu 19 Feb 2026 01:00:41 INFO  epoch 20 evaluating [time: 12.52s, valid_score: 0.543400]
Thu 19 Feb 2026 01:00:41 INFO  valid result: 
hit@10 : 0.5434    ndcg@10 : 0.3912    mrr@10 : 0.3439
Thu 19 Feb 2026 01:01:16 INFO  epoch 21 training [time: 35.10s, train loss: 1797.8962]
Thu 19 Feb 2026 01:01:28 INFO  epoch 21 evaluating [time: 12.07s, valid_score: 0.537400]
Thu 19 Feb 2026 01:01:28 INFO  valid result: 
hit@10 : 0.5374    ndcg@10 : 0.3898    mrr@10 : 0.3439
Thu 19 Feb 2026 01:02:02 INFO  epoch 22 training [time: 34.00s, train loss: 1784.9177]
Thu 19 Feb 2026 01:02:15 INFO  epoch 22 evaluating [time: 12.54s, valid_score: 0.539600]
Thu 19 Feb 2026 01:02:15 INFO  valid result: 
hit@10 : 0.5396    ndcg@10 : 0.3929    mrr@10 : 0.3471
Thu 19 Feb 2026 01:02:49 INFO  epoch 23 training [time: 33.58s, train loss: 1768.5419]
Thu 19 Feb 2026 01:03:01 INFO  epoch 23 evaluating [time: 12.23s, valid_score: 0.540100]
Thu 19 Feb 2026 01:03:01 INFO  valid result: 
hit@10 : 0.5401    ndcg@10 : 0.3924    mrr@10 : 0.3464
Thu 19 Feb 2026 01:03:35 INFO  epoch 24 training [time: 34.25s, train loss: 1757.5254]
Thu 19 Feb 2026 01:03:47 INFO  epoch 24 evaluating [time: 12.15s, valid_score: 0.537300]
Thu 19 Feb 2026 01:03:47 INFO  valid result: 
hit@10 : 0.5373    ndcg@10 : 0.389    mrr@10 : 0.3426
Thu 19 Feb 2026 01:03:47 INFO  Finished training, best eval result in epoch 13
Thu 19 Feb 2026 01:03:47 INFO  Loading model structure and parameters from saved\TimeWeaver-Feb-19-2026_00-44-18.pth
Thu 19 Feb 2026 01:04:00 INFO  The running environment of this training is as follows:
+-------------+----------------+
| Environment |     Usage      |
+=============+================+
| CPU         |     8.60 %     |
+-------------+----------------+
| GPU         | 0.23 G/6.00 G  |
+-------------+----------------+
| Memory      | 1.45 G/15.63 G |
+-------------+----------------+
Thu 19 Feb 2026 01:04:00 INFO  best valid : OrderedDict([('hit@10', 0.5454), ('ndcg@10', 0.3962), ('mrr@10', 0.3497)])
Thu 19 Feb 2026 01:04:00 INFO  test result: OrderedDict([('hit@10', 0.497), ('ndcg@10', 0.3502), ('mrr@10', 0.3044)])
