Fri 30 Jan 2026 19:57:21 INFO  ['scripts/run_grid.py', '--models', 'timeweaver', '--datasets', 'ml-100k']
Fri 30 Jan 2026 19:57:21 INFO  
General Hyper Parameters:
gpu_id = 0
use_gpu = True
seed = 42
state = INFO
reproducibility = True
data_path = F:\anaconda3\envs\rec39\Lib\site-packages\recbole\config\../dataset_example/ml-100k
checkpoint_dir = saved
show_progress = True
save_dataset = False
dataset_save_path = None
save_dataloaders = False
dataloaders_save_path = None
log_wandb = False

Training Hyper Parameters:
epochs = 100
train_batch_size = 256
learner = adam
learning_rate = 0.001
train_neg_sample_args = {'distribution': 'none', 'sample_num': 'none', 'alpha': 'none', 'dynamic': False, 'candidate_num': 0}
eval_step = 1
stopping_step = 10
clip_grad_norm = None
weight_decay = 0.0
loss_decimal_place = 4

Evaluation Hyper Parameters:
eval_args = {'split': {'LS': 'valid_and_test'}, 'order': 'TO', 'group_by': 'user', 'mode': {'valid': 'uni100', 'test': 'uni100'}}
repeatable = True
metrics = ['Hit', 'NDCG', 'MRR']
topk = [10]
valid_metric = MRR@10
valid_metric_bigger = True
eval_batch_size = 512
metric_decimal_place = 4

Dataset Hyper Parameters:
field_separator = 	
seq_separator =  
USER_ID_FIELD = user_id
ITEM_ID_FIELD = item_id
RATING_FIELD = rating
TIME_FIELD = timestamp
seq_len = None
LABEL_FIELD = label
threshold = None
NEG_PREFIX = neg_
load_col = {'inter': ['user_id', 'item_id', 'rating', 'timestamp'], 'user': ['user_id', 'age', 'gender', 'occupation', 'zip_code'], 'item': ['item_id', 'movie_title', 'release_year', 'class']}
unload_col = None
unused_col = None
additional_feat_suffix = None
rm_dup_inter = None
val_interval = None
filter_inter_by_user_or_item = True
user_inter_num_interval = None
item_inter_num_interval = None
alias_of_user_id = None
alias_of_item_id = None
alias_of_entity_id = None
alias_of_relation_id = None
preload_weight = None
normalize_field = None
normalize_all = True
ITEM_LIST_LENGTH_FIELD = item_length
LIST_SUFFIX = _list
MAX_ITEM_LIST_LENGTH = 32
POSITION_FIELD = position_id
HEAD_ENTITY_ID_FIELD = head_id
TAIL_ENTITY_ID_FIELD = tail_id
RELATION_ID_FIELD = relation_id
ENTITY_ID_FIELD = entity_id
kg_reverse_r = False
entity_kg_num_interval = None
relation_kg_num_interval = None
benchmark_filename = None

Other Hyper Parameters: 
worker = 0
wandb_project = recbole
shuffle = True
require_pow = False
enable_amp = False
enable_scaler = False
transform = None
numerical_features = []
discretization = None
MODEL_TYPE = ModelType.SEQUENTIAL
model_name = TimeWeaver
hidden_size = 128
num_layers = 2
hidden_dropout_prob = 0.5
initializer_range = 0.02
time_bucket_size = 1000
ema_decay = 0.1
tcn_kernel_size = -1
ffn_hidden_size = 256
loss_type = CE
early_stop = 10
neg_sampling = None
device = cuda
MODEL_INPUT_TYPE = InputType.POINTWISE
eval_type = EvaluatorType.RANKING
single_spec = True
local_rank = 0
valid_neg_sample_args = {'distribution': 'uniform', 'sample_num': 100}
test_neg_sample_args = {'distribution': 'uniform', 'sample_num': 100}


Fri 30 Jan 2026 19:57:21 INFO  ml-100k
The number of users: 944
Average actions of users: 106.04453870625663
The number of items: 1683
Average actions of items: 59.45303210463734
The number of inters: 100000
The sparsity of the dataset: 93.70575143257098%
Remain Fields: ['user_id', 'item_id', 'rating', 'timestamp', 'age', 'gender', 'occupation', 'zip_code', 'movie_title', 'release_year', 'class']
Fri 30 Jan 2026 19:57:22 INFO  [Training]: train_batch_size = [256] train_neg_sample_args: [{'distribution': 'none', 'sample_num': 'none', 'alpha': 'none', 'dynamic': False, 'candidate_num': 0}]
Fri 30 Jan 2026 19:57:22 INFO  [Evaluation]: eval_batch_size = [512] eval_args: [{'split': {'LS': 'valid_and_test'}, 'order': 'TO', 'group_by': 'user', 'mode': {'valid': 'uni100', 'test': 'uni100'}}]
Fri 30 Jan 2026 19:57:23 INFO  TimeWeaver(
  (item_embedding): Embedding(1683, 128, padding_idx=0)
  (time_aug): TimeAwareAugmentation(
    (pos_embedding): Embedding(32, 128)
    (time_embedding): Embedding(1000, 128)
    (layer_norm): LayerNorm((128,), eps=1e-05, elementwise_affine=True)
    (drop): Dropout(p=0.5, inplace=False)
  )
  (context_layers): ModuleList(
    (0-1): 2 x TCNNextBlock(
      (dw): DepthwiseConv1d(
        (conv): Conv1d(128, 128, kernel_size=(11,), stride=(1,), padding=(5,), groups=128)
        (bn): BatchNorm1d(128, eps=1e-05, momentum=0.1, affine=True, track_running_stats=True)
        (drop): Dropout(p=0.5, inplace=False)
      )
      (norm1): LayerNorm((128,), eps=1e-05, elementwise_affine=True)
      (conv_inter): ParallelConvInter(
        (conv1): Conv1d(128, 128, kernel_size=(1,), stride=(1,))
        (conv3): Conv1d(128, 128, kernel_size=(3,), stride=(1,), padding=(1,))
        (proj): Conv1d(128, 128, kernel_size=(1,), stride=(1,))
        (drop): Dropout(p=0.5, inplace=False)
      )
      (norm2): LayerNorm((128,), eps=1e-05, elementwise_affine=True)
      (ffn): Sequential(
        (0): Linear(in_features=128, out_features=256, bias=True)
        (1): GELU(approximate='none')
        (2): Dropout(p=0.5, inplace=False)
        (3): Linear(in_features=256, out_features=128, bias=True)
        (4): Dropout(p=0.5, inplace=False)
      )
      (norm3): LayerNorm((128,), eps=1e-05, elementwise_affine=True)
    )
  )
  (dynamic_layers): ModuleList(
    (0-1): 2 x EMAStream(
      (proj): Linear(in_features=128, out_features=128, bias=True)
    )
  )
  (weavers): ModuleList(
    (0-1): 2 x StreamWeaver(
      (proj): Linear(in_features=256, out_features=128, bias=True)
      (norm): LayerNorm((128,), eps=1e-05, elementwise_affine=True)
    )
  )
  (loss_fct): CrossEntropyLoss()
)
Trainable parameters: 748673.0
Fri 30 Jan 2026 19:57:23 INFO  FLOPs: 12791808.0
Fri 30 Jan 2026 19:57:55 INFO  epoch 0 training [time: 31.39s, train loss: 2391.2229]
Fri 30 Jan 2026 19:57:58 INFO  epoch 0 evaluating [time: 2.44s, valid_score: 0.285900]
Fri 30 Jan 2026 19:57:58 INFO  valid result: 
hit@10 : 0.6744    ndcg@10 : 0.3774    mrr@10 : 0.2859
Fri 30 Jan 2026 19:57:58 INFO  Saving current: saved\TimeWeaver-Jan-30-2026_19-57-23.pth
Fri 30 Jan 2026 19:58:29 INFO  epoch 1 training [time: 31.05s, train loss: 2217.6666]
Fri 30 Jan 2026 19:58:31 INFO  epoch 1 evaluating [time: 2.40s, valid_score: 0.334300]
Fri 30 Jan 2026 19:58:31 INFO  valid result: 
hit@10 : 0.7094    ndcg@10 : 0.4225    mrr@10 : 0.3343
Fri 30 Jan 2026 19:58:31 INFO  Saving current: saved\TimeWeaver-Jan-30-2026_19-57-23.pth
Fri 30 Jan 2026 19:59:41 INFO  epoch 2 training [time: 69.79s, train loss: 2176.4491]
Fri 30 Jan 2026 19:59:44 INFO  epoch 2 evaluating [time: 2.90s, valid_score: 0.336500]
Fri 30 Jan 2026 19:59:44 INFO  valid result: 
hit@10 : 0.7243    ndcg@10 : 0.4279    mrr@10 : 0.3365
Fri 30 Jan 2026 19:59:44 INFO  Saving current: saved\TimeWeaver-Jan-30-2026_19-57-23.pth
Fri 30 Jan 2026 20:00:43 INFO  epoch 3 training [time: 58.67s, train loss: 2152.2315]
Fri 30 Jan 2026 20:00:45 INFO  epoch 3 evaluating [time: 2.44s, valid_score: 0.345700]
Fri 30 Jan 2026 20:00:45 INFO  valid result: 
hit@10 : 0.7275    ndcg@10 : 0.4358    mrr@10 : 0.3457
Fri 30 Jan 2026 20:00:45 INFO  Saving current: saved\TimeWeaver-Jan-30-2026_19-57-23.pth
Fri 30 Jan 2026 20:01:41 INFO  epoch 4 training [time: 55.24s, train loss: 2132.9656]
Fri 30 Jan 2026 20:01:46 INFO  epoch 4 evaluating [time: 5.74s, valid_score: 0.355200]
Fri 30 Jan 2026 20:01:46 INFO  valid result: 
hit@10 : 0.7381    ndcg@10 : 0.446    mrr@10 : 0.3552
Fri 30 Jan 2026 20:01:46 INFO  Saving current: saved\TimeWeaver-Jan-30-2026_19-57-23.pth
Fri 30 Jan 2026 20:02:43 INFO  epoch 5 training [time: 56.95s, train loss: 2117.4565]
Fri 30 Jan 2026 20:02:49 INFO  epoch 5 evaluating [time: 5.87s, valid_score: 0.346300]
Fri 30 Jan 2026 20:02:49 INFO  valid result: 
hit@10 : 0.7243    ndcg@10 : 0.436    mrr@10 : 0.3463
Fri 30 Jan 2026 20:04:12 INFO  epoch 6 training [time: 82.48s, train loss: 2103.5210]
Fri 30 Jan 2026 20:04:17 INFO  epoch 6 evaluating [time: 5.33s, valid_score: 0.333800]
Fri 30 Jan 2026 20:04:17 INFO  valid result: 
hit@10 : 0.7413    ndcg@10 : 0.4303    mrr@10 : 0.3338
Fri 30 Jan 2026 20:05:46 INFO  epoch 7 training [time: 88.58s, train loss: 2093.2365]
Fri 30 Jan 2026 20:05:51 INFO  epoch 7 evaluating [time: 5.62s, valid_score: 0.356400]
Fri 30 Jan 2026 20:05:51 INFO  valid result: 
hit@10 : 0.754    ndcg@10 : 0.4505    mrr@10 : 0.3564
Fri 30 Jan 2026 20:05:51 INFO  Saving current: saved\TimeWeaver-Jan-30-2026_19-57-23.pth
Fri 30 Jan 2026 20:07:08 INFO  epoch 8 training [time: 76.95s, train loss: 2086.1536]
Fri 30 Jan 2026 20:07:14 INFO  epoch 8 evaluating [time: 5.33s, valid_score: 0.357000]
Fri 30 Jan 2026 20:07:14 INFO  valid result: 
hit@10 : 0.7328    ndcg@10 : 0.4465    mrr@10 : 0.357
Fri 30 Jan 2026 20:07:14 INFO  Saving current: saved\TimeWeaver-Jan-30-2026_19-57-23.pth
Fri 30 Jan 2026 20:08:44 INFO  epoch 9 training [time: 90.45s, train loss: 2077.0858]
Fri 30 Jan 2026 20:08:50 INFO  epoch 9 evaluating [time: 5.49s, valid_score: 0.359500]
Fri 30 Jan 2026 20:08:50 INFO  valid result: 
hit@10 : 0.7455    ndcg@10 : 0.4507    mrr@10 : 0.3595
Fri 30 Jan 2026 20:08:50 INFO  Saving current: saved\TimeWeaver-Jan-30-2026_19-57-23.pth
Fri 30 Jan 2026 20:10:08 INFO  epoch 10 training [time: 78.02s, train loss: 2069.8437]
Fri 30 Jan 2026 20:10:10 INFO  epoch 10 evaluating [time: 2.31s, valid_score: 0.347900]
Fri 30 Jan 2026 20:10:10 INFO  valid result: 
hit@10 : 0.7413    ndcg@10 : 0.4411    mrr@10 : 0.3479
Fri 30 Jan 2026 20:11:31 INFO  epoch 11 training [time: 81.31s, train loss: 2063.5158]
Fri 30 Jan 2026 20:11:37 INFO  epoch 11 evaluating [time: 5.70s, valid_score: 0.349600]
Fri 30 Jan 2026 20:11:37 INFO  valid result: 
hit@10 : 0.7508    ndcg@10 : 0.4448    mrr@10 : 0.3496
Fri 30 Jan 2026 20:13:09 INFO  epoch 12 training [time: 92.00s, train loss: 2056.8560]
Fri 30 Jan 2026 20:13:15 INFO  epoch 12 evaluating [time: 5.83s, valid_score: 0.343300]
Fri 30 Jan 2026 20:13:15 INFO  valid result: 
hit@10 : 0.7359    ndcg@10 : 0.4363    mrr@10 : 0.3433
Fri 30 Jan 2026 20:14:47 INFO  epoch 13 training [time: 92.60s, train loss: 2050.5629]
Fri 30 Jan 2026 20:14:53 INFO  epoch 13 evaluating [time: 5.84s, valid_score: 0.349100]
Fri 30 Jan 2026 20:14:53 INFO  valid result: 
hit@10 : 0.737    ndcg@10 : 0.4411    mrr@10 : 0.3491
Fri 30 Jan 2026 20:16:26 INFO  epoch 14 training [time: 93.09s, train loss: 2044.1676]
Fri 30 Jan 2026 20:16:32 INFO  epoch 14 evaluating [time: 5.82s, valid_score: 0.336900]
Fri 30 Jan 2026 20:16:32 INFO  valid result: 
hit@10 : 0.737    ndcg@10 : 0.4317    mrr@10 : 0.3369
Fri 30 Jan 2026 20:18:05 INFO  epoch 15 training [time: 92.88s, train loss: 2038.5305]
Fri 30 Jan 2026 20:18:11 INFO  epoch 15 evaluating [time: 5.81s, valid_score: 0.362000]
Fri 30 Jan 2026 20:18:11 INFO  valid result: 
hit@10 : 0.7476    ndcg@10 : 0.4532    mrr@10 : 0.362
Fri 30 Jan 2026 20:18:11 INFO  Saving current: saved\TimeWeaver-Jan-30-2026_19-57-23.pth
Fri 30 Jan 2026 20:19:44 INFO  epoch 16 training [time: 93.29s, train loss: 2034.1361]
Fri 30 Jan 2026 20:19:50 INFO  epoch 16 evaluating [time: 5.57s, valid_score: 0.342100]
Fri 30 Jan 2026 20:19:50 INFO  valid result: 
hit@10 : 0.7243    ndcg@10 : 0.4326    mrr@10 : 0.3421
Fri 30 Jan 2026 20:21:22 INFO  epoch 17 training [time: 92.30s, train loss: 2029.3003]
Fri 30 Jan 2026 20:21:28 INFO  epoch 17 evaluating [time: 5.69s, valid_score: 0.339300]
Fri 30 Jan 2026 20:21:28 INFO  valid result: 
hit@10 : 0.7476    ndcg@10 : 0.4359    mrr@10 : 0.3393
Fri 30 Jan 2026 20:22:33 INFO  epoch 18 training [time: 65.31s, train loss: 2023.3822]
Fri 30 Jan 2026 20:22:39 INFO  epoch 18 evaluating [time: 5.91s, valid_score: 0.341400]
Fri 30 Jan 2026 20:22:39 INFO  valid result: 
hit@10 : 0.7381    ndcg@10 : 0.4347    mrr@10 : 0.3414
Fri 30 Jan 2026 20:24:13 INFO  epoch 19 training [time: 94.16s, train loss: 2018.4164]
Fri 30 Jan 2026 20:24:19 INFO  epoch 19 evaluating [time: 5.97s, valid_score: 0.343500]
Fri 30 Jan 2026 20:24:19 INFO  valid result: 
hit@10 : 0.7296    ndcg@10 : 0.4351    mrr@10 : 0.3435
Fri 30 Jan 2026 20:25:41 INFO  epoch 20 training [time: 81.59s, train loss: 2012.8955]
Fri 30 Jan 2026 20:25:46 INFO  epoch 20 evaluating [time: 5.48s, valid_score: 0.335100]
Fri 30 Jan 2026 20:25:46 INFO  valid result: 
hit@10 : 0.7211    ndcg@10 : 0.4265    mrr@10 : 0.3351
Fri 30 Jan 2026 20:26:52 INFO  epoch 21 training [time: 65.81s, train loss: 2009.7345]
Fri 30 Jan 2026 20:26:59 INFO  epoch 21 evaluating [time: 6.94s, valid_score: 0.343500]
Fri 30 Jan 2026 20:26:59 INFO  valid result: 
hit@10 : 0.7306    ndcg@10 : 0.4346    mrr@10 : 0.3435
Fri 30 Jan 2026 20:28:46 INFO  epoch 22 training [time: 106.95s, train loss: 2004.7455]
Fri 30 Jan 2026 20:28:48 INFO  epoch 22 evaluating [time: 2.41s, valid_score: 0.334300]
Fri 30 Jan 2026 20:28:48 INFO  valid result: 
hit@10 : 0.7222    ndcg@10 : 0.426    mrr@10 : 0.3343
Fri 30 Jan 2026 20:29:20 INFO  epoch 23 training [time: 31.95s, train loss: 1999.4951]
Fri 30 Jan 2026 20:29:23 INFO  epoch 23 evaluating [time: 2.46s, valid_score: 0.338500]
Fri 30 Jan 2026 20:29:23 INFO  valid result: 
hit@10 : 0.7232    ndcg@10 : 0.4298    mrr@10 : 0.3385
Fri 30 Jan 2026 20:30:44 INFO  epoch 24 training [time: 81.65s, train loss: 1996.2079]
Fri 30 Jan 2026 20:30:50 INFO  epoch 24 evaluating [time: 5.55s, valid_score: 0.352900]
Fri 30 Jan 2026 20:30:50 INFO  valid result: 
hit@10 : 0.7423    ndcg@10 : 0.4449    mrr@10 : 0.3529
Fri 30 Jan 2026 20:32:25 INFO  epoch 25 training [time: 94.76s, train loss: 1991.5965]
Fri 30 Jan 2026 20:32:31 INFO  epoch 25 evaluating [time: 5.97s, valid_score: 0.338100]
Fri 30 Jan 2026 20:32:31 INFO  valid result: 
hit@10 : 0.7126    ndcg@10 : 0.4268    mrr@10 : 0.3381
Fri 30 Jan 2026 20:34:04 INFO  epoch 26 training [time: 92.99s, train loss: 1988.0217]
Fri 30 Jan 2026 20:34:09 INFO  epoch 26 evaluating [time: 5.18s, valid_score: 0.333800]
Fri 30 Jan 2026 20:34:09 INFO  valid result: 
hit@10 : 0.7137    ndcg@10 : 0.4238    mrr@10 : 0.3338
Fri 30 Jan 2026 20:34:09 INFO  Finished training, best eval result in epoch 15
Fri 30 Jan 2026 20:34:09 INFO  Loading model structure and parameters from saved\TimeWeaver-Jan-30-2026_19-57-23.pth
Fri 30 Jan 2026 20:34:15 INFO  The running environment of this training is as follows:
+-------------+----------------+
| Environment |     Usage      |
+=============+================+
| CPU         |     6.20 %     |
+-------------+----------------+
| GPU         | 0.24 G/6.00 G  |
+-------------+----------------+
| Memory      | 0.44 G/15.63 G |
+-------------+----------------+
Fri 30 Jan 2026 20:34:15 INFO  best valid : OrderedDict([('hit@10', 0.7476), ('ndcg@10', 0.4532), ('mrr@10', 0.362)])
Fri 30 Jan 2026 20:34:15 INFO  test result: OrderedDict([('hit@10', 0.7031), ('ndcg@10', 0.4125), ('mrr@10', 0.323)])
Fri 30 Jan 2026 20:34:15 WARNING  command line args [--models timeweaver --datasets ml-100k] will not be used in RecBole
Fri 30 Jan 2026 20:34:15 INFO  ['scripts/run_grid.py', '--models', 'timeweaver', '--datasets', 'ml-100k']
Fri 30 Jan 2026 20:34:15 INFO  
General Hyper Parameters:
gpu_id = 0
use_gpu = True
seed = 2023
state = INFO
reproducibility = True
data_path = F:\anaconda3\envs\rec39\Lib\site-packages\recbole\config\../dataset_example/ml-100k
checkpoint_dir = saved
show_progress = True
save_dataset = False
dataset_save_path = None
save_dataloaders = False
dataloaders_save_path = None
log_wandb = False

Training Hyper Parameters:
epochs = 100
train_batch_size = 256
learner = adam
learning_rate = 0.001
train_neg_sample_args = {'distribution': 'none', 'sample_num': 'none', 'alpha': 'none', 'dynamic': False, 'candidate_num': 0}
eval_step = 1
stopping_step = 10
clip_grad_norm = None
weight_decay = 0.0
loss_decimal_place = 4

Evaluation Hyper Parameters:
eval_args = {'split': {'LS': 'valid_and_test'}, 'order': 'TO', 'group_by': 'user', 'mode': {'valid': 'uni100', 'test': 'uni100'}}
repeatable = True
metrics = ['Hit', 'NDCG', 'MRR']
topk = [10]
valid_metric = MRR@10
valid_metric_bigger = True
eval_batch_size = 512
metric_decimal_place = 4

Dataset Hyper Parameters:
field_separator = 	
seq_separator =  
USER_ID_FIELD = user_id
ITEM_ID_FIELD = item_id
RATING_FIELD = rating
TIME_FIELD = timestamp
seq_len = None
LABEL_FIELD = label
threshold = None
NEG_PREFIX = neg_
load_col = {'inter': ['user_id', 'item_id', 'rating', 'timestamp'], 'user': ['user_id', 'age', 'gender', 'occupation', 'zip_code'], 'item': ['item_id', 'movie_title', 'release_year', 'class']}
unload_col = None
unused_col = None
additional_feat_suffix = None
rm_dup_inter = None
val_interval = None
filter_inter_by_user_or_item = True
user_inter_num_interval = None
item_inter_num_interval = None
alias_of_user_id = None
alias_of_item_id = None
alias_of_entity_id = None
alias_of_relation_id = None
preload_weight = None
normalize_field = None
normalize_all = True
ITEM_LIST_LENGTH_FIELD = item_length
LIST_SUFFIX = _list
MAX_ITEM_LIST_LENGTH = 32
POSITION_FIELD = position_id
HEAD_ENTITY_ID_FIELD = head_id
TAIL_ENTITY_ID_FIELD = tail_id
RELATION_ID_FIELD = relation_id
ENTITY_ID_FIELD = entity_id
kg_reverse_r = False
entity_kg_num_interval = None
relation_kg_num_interval = None
benchmark_filename = None

Other Hyper Parameters: 
worker = 0
wandb_project = recbole
shuffle = True
require_pow = False
enable_amp = False
enable_scaler = False
transform = None
numerical_features = []
discretization = None
MODEL_TYPE = ModelType.SEQUENTIAL
model_name = TimeWeaver
hidden_size = 128
num_layers = 2
hidden_dropout_prob = 0.5
initializer_range = 0.02
time_bucket_size = 1000
ema_decay = 0.1
tcn_kernel_size = -1
ffn_hidden_size = 256
loss_type = CE
early_stop = 10
neg_sampling = None
device = cuda
MODEL_INPUT_TYPE = InputType.POINTWISE
eval_type = EvaluatorType.RANKING
single_spec = True
local_rank = 0
valid_neg_sample_args = {'distribution': 'uniform', 'sample_num': 100}
test_neg_sample_args = {'distribution': 'uniform', 'sample_num': 100}


Fri 30 Jan 2026 20:34:16 INFO  ml-100k
The number of users: 944
Average actions of users: 106.04453870625663
The number of items: 1683
Average actions of items: 59.45303210463734
The number of inters: 100000
The sparsity of the dataset: 93.70575143257098%
Remain Fields: ['user_id', 'item_id', 'rating', 'timestamp', 'age', 'gender', 'occupation', 'zip_code', 'movie_title', 'release_year', 'class']
Fri 30 Jan 2026 20:34:23 INFO  [Training]: train_batch_size = [256] train_neg_sample_args: [{'distribution': 'none', 'sample_num': 'none', 'alpha': 'none', 'dynamic': False, 'candidate_num': 0}]
Fri 30 Jan 2026 20:34:23 INFO  [Evaluation]: eval_batch_size = [512] eval_args: [{'split': {'LS': 'valid_and_test'}, 'order': 'TO', 'group_by': 'user', 'mode': {'valid': 'uni100', 'test': 'uni100'}}]
Fri 30 Jan 2026 20:34:23 INFO  TimeWeaver(
  (item_embedding): Embedding(1683, 128, padding_idx=0)
  (time_aug): TimeAwareAugmentation(
    (pos_embedding): Embedding(32, 128)
    (time_embedding): Embedding(1000, 128)
    (layer_norm): LayerNorm((128,), eps=1e-05, elementwise_affine=True)
    (drop): Dropout(p=0.5, inplace=False)
  )
  (context_layers): ModuleList(
    (0-1): 2 x TCNNextBlock(
      (dw): DepthwiseConv1d(
        (conv): Conv1d(128, 128, kernel_size=(11,), stride=(1,), padding=(5,), groups=128)
        (bn): BatchNorm1d(128, eps=1e-05, momentum=0.1, affine=True, track_running_stats=True)
        (drop): Dropout(p=0.5, inplace=False)
      )
      (norm1): LayerNorm((128,), eps=1e-05, elementwise_affine=True)
      (conv_inter): ParallelConvInter(
        (conv1): Conv1d(128, 128, kernel_size=(1,), stride=(1,))
        (conv3): Conv1d(128, 128, kernel_size=(3,), stride=(1,), padding=(1,))
        (proj): Conv1d(128, 128, kernel_size=(1,), stride=(1,))
        (drop): Dropout(p=0.5, inplace=False)
      )
      (norm2): LayerNorm((128,), eps=1e-05, elementwise_affine=True)
      (ffn): Sequential(
        (0): Linear(in_features=128, out_features=256, bias=True)
        (1): GELU(approximate='none')
        (2): Dropout(p=0.5, inplace=False)
        (3): Linear(in_features=256, out_features=128, bias=True)
        (4): Dropout(p=0.5, inplace=False)
      )
      (norm3): LayerNorm((128,), eps=1e-05, elementwise_affine=True)
    )
  )
  (dynamic_layers): ModuleList(
    (0-1): 2 x EMAStream(
      (proj): Linear(in_features=128, out_features=128, bias=True)
    )
  )
  (weavers): ModuleList(
    (0-1): 2 x StreamWeaver(
      (proj): Linear(in_features=256, out_features=128, bias=True)
      (norm): LayerNorm((128,), eps=1e-05, elementwise_affine=True)
    )
  )
  (loss_fct): CrossEntropyLoss()
)
Trainable parameters: 748673.0
Fri 30 Jan 2026 20:34:24 INFO  FLOPs: 12791808.0
Fri 30 Jan 2026 20:35:59 INFO  epoch 0 training [time: 95.41s, train loss: 2393.6441]
Fri 30 Jan 2026 20:36:05 INFO  epoch 0 evaluating [time: 5.70s, valid_score: 0.277200]
Fri 30 Jan 2026 20:36:05 INFO  valid result: 
hit@10 : 0.6638    ndcg@10 : 0.3681    mrr@10 : 0.2772
Fri 30 Jan 2026 20:36:05 INFO  Saving current: saved\TimeWeaver-Jan-30-2026_20-34-24.pth
Fri 30 Jan 2026 20:36:53 INFO  epoch 1 training [time: 48.52s, train loss: 2221.9141]
Fri 30 Jan 2026 20:36:56 INFO  epoch 1 evaluating [time: 2.48s, valid_score: 0.311600]
Fri 30 Jan 2026 20:36:56 INFO  valid result: 
hit@10 : 0.7126    ndcg@10 : 0.406    mrr@10 : 0.3116
Fri 30 Jan 2026 20:36:56 INFO  Saving current: saved\TimeWeaver-Jan-30-2026_20-34-24.pth
Fri 30 Jan 2026 20:37:57 INFO  epoch 2 training [time: 61.59s, train loss: 2183.4435]
Fri 30 Jan 2026 20:38:04 INFO  epoch 2 evaluating [time: 6.41s, valid_score: 0.333600]
Fri 30 Jan 2026 20:38:04 INFO  valid result: 
hit@10 : 0.737    ndcg@10 : 0.4289    mrr@10 : 0.3336
Fri 30 Jan 2026 20:38:04 INFO  Saving current: saved\TimeWeaver-Jan-30-2026_20-34-24.pth
Fri 30 Jan 2026 20:39:48 INFO  epoch 3 training [time: 104.46s, train loss: 2156.1522]
Fri 30 Jan 2026 20:39:55 INFO  epoch 3 evaluating [time: 6.34s, valid_score: 0.338200]
Fri 30 Jan 2026 20:39:55 INFO  valid result: 
hit@10 : 0.7349    ndcg@10 : 0.4316    mrr@10 : 0.3382
Fri 30 Jan 2026 20:39:55 INFO  Saving current: saved\TimeWeaver-Jan-30-2026_20-34-24.pth
Fri 30 Jan 2026 20:41:25 INFO  epoch 4 training [time: 90.76s, train loss: 2137.0701]
Fri 30 Jan 2026 20:41:32 INFO  epoch 4 evaluating [time: 6.59s, valid_score: 0.338900]
Fri 30 Jan 2026 20:41:32 INFO  valid result: 
hit@10 : 0.7434    ndcg@10 : 0.4346    mrr@10 : 0.3389
Fri 30 Jan 2026 20:41:32 INFO  Saving current: saved\TimeWeaver-Jan-30-2026_20-34-24.pth
Fri 30 Jan 2026 20:43:12 INFO  epoch 5 training [time: 99.53s, train loss: 2121.3675]
Fri 30 Jan 2026 20:43:14 INFO  epoch 5 evaluating [time: 2.54s, valid_score: 0.351000]
Fri 30 Jan 2026 20:43:14 INFO  valid result: 
hit@10 : 0.7423    ndcg@10 : 0.444    mrr@10 : 0.351
Fri 30 Jan 2026 20:43:14 INFO  Saving current: saved\TimeWeaver-Jan-30-2026_20-34-24.pth
Fri 30 Jan 2026 20:44:39 INFO  epoch 6 training [time: 85.15s, train loss: 2108.0805]
Fri 30 Jan 2026 20:44:45 INFO  epoch 6 evaluating [time: 5.61s, valid_score: 0.338700]
Fri 30 Jan 2026 20:44:45 INFO  valid result: 
hit@10 : 0.7391    ndcg@10 : 0.4334    mrr@10 : 0.3387
Fri 30 Jan 2026 20:46:18 INFO  epoch 7 training [time: 92.93s, train loss: 2097.8180]
Fri 30 Jan 2026 20:46:24 INFO  epoch 7 evaluating [time: 6.10s, valid_score: 0.340800]
Fri 30 Jan 2026 20:46:24 INFO  valid result: 
hit@10 : 0.7476    ndcg@10 : 0.4373    mrr@10 : 0.3408
Fri 30 Jan 2026 20:47:58 INFO  epoch 8 training [time: 94.16s, train loss: 2088.7244]
Fri 30 Jan 2026 20:48:04 INFO  epoch 8 evaluating [time: 5.71s, valid_score: 0.356900]
Fri 30 Jan 2026 20:48:04 INFO  valid result: 
hit@10 : 0.755    ndcg@10 : 0.4507    mrr@10 : 0.3569
Fri 30 Jan 2026 20:48:04 INFO  Saving current: saved\TimeWeaver-Jan-30-2026_20-34-24.pth
Fri 30 Jan 2026 20:49:25 INFO  epoch 9 training [time: 80.73s, train loss: 2080.2617]
Fri 30 Jan 2026 20:49:31 INFO  epoch 9 evaluating [time: 5.91s, valid_score: 0.333100]
Fri 30 Jan 2026 20:49:31 INFO  valid result: 
hit@10 : 0.7455    ndcg@10 : 0.4308    mrr@10 : 0.3331
Fri 30 Jan 2026 20:51:05 INFO  epoch 10 training [time: 94.08s, train loss: 2072.4807]
Fri 30 Jan 2026 20:51:10 INFO  epoch 10 evaluating [time: 5.47s, valid_score: 0.347200]
Fri 30 Jan 2026 20:51:10 INFO  valid result: 
hit@10 : 0.7476    ndcg@10 : 0.4415    mrr@10 : 0.3472
Fri 30 Jan 2026 20:52:26 INFO  epoch 11 training [time: 75.37s, train loss: 2065.8464]
Fri 30 Jan 2026 20:52:32 INFO  epoch 11 evaluating [time: 6.64s, valid_score: 0.359100]
Fri 30 Jan 2026 20:52:32 INFO  valid result: 
hit@10 : 0.7572    ndcg@10 : 0.4529    mrr@10 : 0.3591
Fri 30 Jan 2026 20:52:32 INFO  Saving current: saved\TimeWeaver-Jan-30-2026_20-34-24.pth
Fri 30 Jan 2026 20:53:42 INFO  epoch 12 training [time: 69.90s, train loss: 2059.7435]
Fri 30 Jan 2026 20:53:45 INFO  epoch 12 evaluating [time: 2.46s, valid_score: 0.348400]
Fri 30 Jan 2026 20:53:45 INFO  valid result: 
hit@10 : 0.7444    ndcg@10 : 0.442    mrr@10 : 0.3484
Fri 30 Jan 2026 20:54:16 INFO  epoch 13 training [time: 31.74s, train loss: 2053.2891]
Fri 30 Jan 2026 20:54:19 INFO  epoch 13 evaluating [time: 2.48s, valid_score: 0.343400]
Fri 30 Jan 2026 20:54:19 INFO  valid result: 
hit@10 : 0.7381    ndcg@10 : 0.4369    mrr@10 : 0.3434
Fri 30 Jan 2026 20:54:50 INFO  epoch 14 training [time: 31.21s, train loss: 2047.7726]
Fri 30 Jan 2026 20:54:52 INFO  epoch 14 evaluating [time: 2.40s, valid_score: 0.357600]
Fri 30 Jan 2026 20:54:52 INFO  valid result: 
hit@10 : 0.7296    ndcg@10 : 0.4453    mrr@10 : 0.3576
Fri 30 Jan 2026 20:55:25 INFO  epoch 15 training [time: 32.62s, train loss: 2042.4206]
Fri 30 Jan 2026 20:55:28 INFO  epoch 15 evaluating [time: 2.50s, valid_score: 0.338900]
Fri 30 Jan 2026 20:55:28 INFO  valid result: 
hit@10 : 0.7328    ndcg@10 : 0.4321    mrr@10 : 0.3389
Fri 30 Jan 2026 20:55:59 INFO  epoch 16 training [time: 31.92s, train loss: 2036.5580]
Fri 30 Jan 2026 20:56:02 INFO  epoch 16 evaluating [time: 2.44s, valid_score: 0.342500]
Fri 30 Jan 2026 20:56:02 INFO  valid result: 
hit@10 : 0.7391    ndcg@10 : 0.4363    mrr@10 : 0.3425
Fri 30 Jan 2026 20:56:33 INFO  epoch 17 training [time: 30.98s, train loss: 2032.1017]
Fri 30 Jan 2026 20:56:35 INFO  epoch 17 evaluating [time: 2.50s, valid_score: 0.346200]
Fri 30 Jan 2026 20:56:35 INFO  valid result: 
hit@10 : 0.7381    ndcg@10 : 0.4389    mrr@10 : 0.3462
Fri 30 Jan 2026 20:57:07 INFO  epoch 18 training [time: 31.46s, train loss: 2026.2210]
Fri 30 Jan 2026 20:57:09 INFO  epoch 18 evaluating [time: 2.44s, valid_score: 0.346900]
Fri 30 Jan 2026 20:57:09 INFO  valid result: 
hit@10 : 0.7317    ndcg@10 : 0.4381    mrr@10 : 0.3469
Fri 30 Jan 2026 20:57:41 INFO  epoch 19 training [time: 31.27s, train loss: 2020.8657]
Fri 30 Jan 2026 20:57:43 INFO  epoch 19 evaluating [time: 2.48s, valid_score: 0.334700]
Fri 30 Jan 2026 20:57:43 INFO  valid result: 
hit@10 : 0.7328    ndcg@10 : 0.4288    mrr@10 : 0.3347
Fri 30 Jan 2026 20:58:14 INFO  epoch 20 training [time: 31.31s, train loss: 2016.5327]
Fri 30 Jan 2026 20:58:17 INFO  epoch 20 evaluating [time: 2.46s, valid_score: 0.348700]
Fri 30 Jan 2026 20:58:17 INFO  valid result: 
hit@10 : 0.7296    ndcg@10 : 0.4387    mrr@10 : 0.3487
Fri 30 Jan 2026 20:58:48 INFO  epoch 21 training [time: 31.13s, train loss: 2011.4641]
Fri 30 Jan 2026 20:58:50 INFO  epoch 21 evaluating [time: 2.47s, valid_score: 0.344700]
Fri 30 Jan 2026 20:58:50 INFO  valid result: 
hit@10 : 0.7275    ndcg@10 : 0.4351    mrr@10 : 0.3447
Fri 30 Jan 2026 20:59:23 INFO  epoch 22 training [time: 32.57s, train loss: 2007.8584]
Fri 30 Jan 2026 20:59:25 INFO  epoch 22 evaluating [time: 2.50s, valid_score: 0.348500]
Fri 30 Jan 2026 20:59:25 INFO  valid result: 
hit@10 : 0.7253    ndcg@10 : 0.4376    mrr@10 : 0.3485
Fri 30 Jan 2026 20:59:25 INFO  Finished training, best eval result in epoch 11
Fri 30 Jan 2026 20:59:26 INFO  Loading model structure and parameters from saved\TimeWeaver-Jan-30-2026_20-34-24.pth
Fri 30 Jan 2026 20:59:29 INFO  The running environment of this training is as follows:
+-------------+----------------+
| Environment |     Usage      |
+=============+================+
| CPU         |     8.80 %     |
+-------------+----------------+
| GPU         | 0.24 G/6.00 G  |
+-------------+----------------+
| Memory      | 0.36 G/15.63 G |
+-------------+----------------+
Fri 30 Jan 2026 20:59:29 INFO  best valid : OrderedDict([('hit@10', 0.7572), ('ndcg@10', 0.4529), ('mrr@10', 0.3591)])
Fri 30 Jan 2026 20:59:29 INFO  test result: OrderedDict([('hit@10', 0.7222), ('ndcg@10', 0.4134), ('mrr@10', 0.318)])
Fri 30 Jan 2026 20:59:29 WARNING  command line args [--models timeweaver --datasets ml-100k] will not be used in RecBole
Fri 30 Jan 2026 20:59:29 INFO  ['scripts/run_grid.py', '--models', 'timeweaver', '--datasets', 'ml-100k']
Fri 30 Jan 2026 20:59:29 INFO  
General Hyper Parameters:
gpu_id = 0
use_gpu = True
seed = 2024
state = INFO
reproducibility = True
data_path = F:\anaconda3\envs\rec39\Lib\site-packages\recbole\config\../dataset_example/ml-100k
checkpoint_dir = saved
show_progress = True
save_dataset = False
dataset_save_path = None
save_dataloaders = False
dataloaders_save_path = None
log_wandb = False

Training Hyper Parameters:
epochs = 100
train_batch_size = 256
learner = adam
learning_rate = 0.001
train_neg_sample_args = {'distribution': 'none', 'sample_num': 'none', 'alpha': 'none', 'dynamic': False, 'candidate_num': 0}
eval_step = 1
stopping_step = 10
clip_grad_norm = None
weight_decay = 0.0
loss_decimal_place = 4

Evaluation Hyper Parameters:
eval_args = {'split': {'LS': 'valid_and_test'}, 'order': 'TO', 'group_by': 'user', 'mode': {'valid': 'uni100', 'test': 'uni100'}}
repeatable = True
metrics = ['Hit', 'NDCG', 'MRR']
topk = [10]
valid_metric = MRR@10
valid_metric_bigger = True
eval_batch_size = 512
metric_decimal_place = 4

Dataset Hyper Parameters:
field_separator = 	
seq_separator =  
USER_ID_FIELD = user_id
ITEM_ID_FIELD = item_id
RATING_FIELD = rating
TIME_FIELD = timestamp
seq_len = None
LABEL_FIELD = label
threshold = None
NEG_PREFIX = neg_
load_col = {'inter': ['user_id', 'item_id', 'rating', 'timestamp'], 'user': ['user_id', 'age', 'gender', 'occupation', 'zip_code'], 'item': ['item_id', 'movie_title', 'release_year', 'class']}
unload_col = None
unused_col = None
additional_feat_suffix = None
rm_dup_inter = None
val_interval = None
filter_inter_by_user_or_item = True
user_inter_num_interval = None
item_inter_num_interval = None
alias_of_user_id = None
alias_of_item_id = None
alias_of_entity_id = None
alias_of_relation_id = None
preload_weight = None
normalize_field = None
normalize_all = True
ITEM_LIST_LENGTH_FIELD = item_length
LIST_SUFFIX = _list
MAX_ITEM_LIST_LENGTH = 32
POSITION_FIELD = position_id
HEAD_ENTITY_ID_FIELD = head_id
TAIL_ENTITY_ID_FIELD = tail_id
RELATION_ID_FIELD = relation_id
ENTITY_ID_FIELD = entity_id
kg_reverse_r = False
entity_kg_num_interval = None
relation_kg_num_interval = None
benchmark_filename = None

Other Hyper Parameters: 
worker = 0
wandb_project = recbole
shuffle = True
require_pow = False
enable_amp = False
enable_scaler = False
transform = None
numerical_features = []
discretization = None
MODEL_TYPE = ModelType.SEQUENTIAL
model_name = TimeWeaver
hidden_size = 128
num_layers = 2
hidden_dropout_prob = 0.5
initializer_range = 0.02
time_bucket_size = 1000
ema_decay = 0.1
tcn_kernel_size = -1
ffn_hidden_size = 256
loss_type = CE
early_stop = 10
neg_sampling = None
device = cuda
MODEL_INPUT_TYPE = InputType.POINTWISE
eval_type = EvaluatorType.RANKING
single_spec = True
local_rank = 0
valid_neg_sample_args = {'distribution': 'uniform', 'sample_num': 100}
test_neg_sample_args = {'distribution': 'uniform', 'sample_num': 100}


Fri 30 Jan 2026 20:59:29 INFO  ml-100k
The number of users: 944
Average actions of users: 106.04453870625663
The number of items: 1683
Average actions of items: 59.45303210463734
The number of inters: 100000
The sparsity of the dataset: 93.70575143257098%
Remain Fields: ['user_id', 'item_id', 'rating', 'timestamp', 'age', 'gender', 'occupation', 'zip_code', 'movie_title', 'release_year', 'class']
Fri 30 Jan 2026 20:59:31 INFO  [Training]: train_batch_size = [256] train_neg_sample_args: [{'distribution': 'none', 'sample_num': 'none', 'alpha': 'none', 'dynamic': False, 'candidate_num': 0}]
Fri 30 Jan 2026 20:59:31 INFO  [Evaluation]: eval_batch_size = [512] eval_args: [{'split': {'LS': 'valid_and_test'}, 'order': 'TO', 'group_by': 'user', 'mode': {'valid': 'uni100', 'test': 'uni100'}}]
Fri 30 Jan 2026 20:59:31 INFO  TimeWeaver(
  (item_embedding): Embedding(1683, 128, padding_idx=0)
  (time_aug): TimeAwareAugmentation(
    (pos_embedding): Embedding(32, 128)
    (time_embedding): Embedding(1000, 128)
    (layer_norm): LayerNorm((128,), eps=1e-05, elementwise_affine=True)
    (drop): Dropout(p=0.5, inplace=False)
  )
  (context_layers): ModuleList(
    (0-1): 2 x TCNNextBlock(
      (dw): DepthwiseConv1d(
        (conv): Conv1d(128, 128, kernel_size=(11,), stride=(1,), padding=(5,), groups=128)
        (bn): BatchNorm1d(128, eps=1e-05, momentum=0.1, affine=True, track_running_stats=True)
        (drop): Dropout(p=0.5, inplace=False)
      )
      (norm1): LayerNorm((128,), eps=1e-05, elementwise_affine=True)
      (conv_inter): ParallelConvInter(
        (conv1): Conv1d(128, 128, kernel_size=(1,), stride=(1,))
        (conv3): Conv1d(128, 128, kernel_size=(3,), stride=(1,), padding=(1,))
        (proj): Conv1d(128, 128, kernel_size=(1,), stride=(1,))
        (drop): Dropout(p=0.5, inplace=False)
      )
      (norm2): LayerNorm((128,), eps=1e-05, elementwise_affine=True)
      (ffn): Sequential(
        (0): Linear(in_features=128, out_features=256, bias=True)
        (1): GELU(approximate='none')
        (2): Dropout(p=0.5, inplace=False)
        (3): Linear(in_features=256, out_features=128, bias=True)
        (4): Dropout(p=0.5, inplace=False)
      )
      (norm3): LayerNorm((128,), eps=1e-05, elementwise_affine=True)
    )
  )
  (dynamic_layers): ModuleList(
    (0-1): 2 x EMAStream(
      (proj): Linear(in_features=128, out_features=128, bias=True)
    )
  )
  (weavers): ModuleList(
    (0-1): 2 x StreamWeaver(
      (proj): Linear(in_features=256, out_features=128, bias=True)
      (norm): LayerNorm((128,), eps=1e-05, elementwise_affine=True)
    )
  )
  (loss_fct): CrossEntropyLoss()
)
Trainable parameters: 748673.0
Fri 30 Jan 2026 20:59:31 INFO  FLOPs: 12791808.0
Fri 30 Jan 2026 21:00:04 INFO  epoch 0 training [time: 32.71s, train loss: 2396.9905]
Fri 30 Jan 2026 21:00:06 INFO  epoch 0 evaluating [time: 2.44s, valid_score: 0.287400]
Fri 30 Jan 2026 21:00:06 INFO  valid result: 
hit@10 : 0.6819    ndcg@10 : 0.3802    mrr@10 : 0.2874
Fri 30 Jan 2026 21:00:06 INFO  Saving current: saved\TimeWeaver-Jan-30-2026_20-59-31.pth
Fri 30 Jan 2026 21:00:37 INFO  epoch 1 training [time: 31.00s, train loss: 2219.2336]
Fri 30 Jan 2026 21:00:40 INFO  epoch 1 evaluating [time: 2.49s, valid_score: 0.314300]
Fri 30 Jan 2026 21:00:40 INFO  valid result: 
hit@10 : 0.6978    ndcg@10 : 0.4049    mrr@10 : 0.3143
Fri 30 Jan 2026 21:00:40 INFO  Saving current: saved\TimeWeaver-Jan-30-2026_20-59-31.pth
Fri 30 Jan 2026 21:01:11 INFO  epoch 2 training [time: 31.44s, train loss: 2180.3612]
Fri 30 Jan 2026 21:01:13 INFO  epoch 2 evaluating [time: 2.46s, valid_score: 0.329100]
Fri 30 Jan 2026 21:01:13 INFO  valid result: 
hit@10 : 0.7222    ndcg@10 : 0.4219    mrr@10 : 0.3291
Fri 30 Jan 2026 21:01:13 INFO  Saving current: saved\TimeWeaver-Jan-30-2026_20-59-31.pth
Fri 30 Jan 2026 21:01:45 INFO  epoch 3 training [time: 31.54s, train loss: 2156.3458]
Fri 30 Jan 2026 21:01:48 INFO  epoch 3 evaluating [time: 2.51s, valid_score: 0.342800]
Fri 30 Jan 2026 21:01:48 INFO  valid result: 
hit@10 : 0.7338    ndcg@10 : 0.4352    mrr@10 : 0.3428
Fri 30 Jan 2026 21:01:48 INFO  Saving current: saved\TimeWeaver-Jan-30-2026_20-59-31.pth
Fri 30 Jan 2026 21:02:19 INFO  epoch 4 training [time: 31.66s, train loss: 2135.5724]
Fri 30 Jan 2026 21:02:22 INFO  epoch 4 evaluating [time: 2.48s, valid_score: 0.344600]
Fri 30 Jan 2026 21:02:22 INFO  valid result: 
hit@10 : 0.7296    ndcg@10 : 0.4354    mrr@10 : 0.3446
Fri 30 Jan 2026 21:02:22 INFO  Saving current: saved\TimeWeaver-Jan-30-2026_20-59-31.pth
Fri 30 Jan 2026 21:02:53 INFO  epoch 5 training [time: 31.46s, train loss: 2120.1436]
Fri 30 Jan 2026 21:02:56 INFO  epoch 5 evaluating [time: 2.43s, valid_score: 0.349400]
Fri 30 Jan 2026 21:02:56 INFO  valid result: 
hit@10 : 0.7423    ndcg@10 : 0.4426    mrr@10 : 0.3494
Fri 30 Jan 2026 21:02:56 INFO  Saving current: saved\TimeWeaver-Jan-30-2026_20-59-31.pth
Fri 30 Jan 2026 21:03:29 INFO  epoch 6 training [time: 33.17s, train loss: 2107.2869]
Fri 30 Jan 2026 21:03:31 INFO  epoch 6 evaluating [time: 2.53s, valid_score: 0.357300]
Fri 30 Jan 2026 21:03:31 INFO  valid result: 
hit@10 : 0.7381    ndcg@10 : 0.4473    mrr@10 : 0.3573
Fri 30 Jan 2026 21:03:31 INFO  Saving current: saved\TimeWeaver-Jan-30-2026_20-59-31.pth
Fri 30 Jan 2026 21:04:03 INFO  epoch 7 training [time: 31.97s, train loss: 2096.8067]
Fri 30 Jan 2026 21:04:06 INFO  epoch 7 evaluating [time: 2.44s, valid_score: 0.350800]
Fri 30 Jan 2026 21:04:06 INFO  valid result: 
hit@10 : 0.7391    ndcg@10 : 0.4423    mrr@10 : 0.3508
Fri 30 Jan 2026 21:04:37 INFO  epoch 8 training [time: 31.16s, train loss: 2087.4180]
Fri 30 Jan 2026 21:04:39 INFO  epoch 8 evaluating [time: 2.50s, valid_score: 0.343100]
Fri 30 Jan 2026 21:04:39 INFO  valid result: 
hit@10 : 0.737    ndcg@10 : 0.4361    mrr@10 : 0.3431
Fri 30 Jan 2026 21:05:11 INFO  epoch 9 training [time: 31.59s, train loss: 2079.2541]
Fri 30 Jan 2026 21:05:13 INFO  epoch 9 evaluating [time: 2.45s, valid_score: 0.342500]
Fri 30 Jan 2026 21:05:13 INFO  valid result: 
hit@10 : 0.7391    ndcg@10 : 0.4364    mrr@10 : 0.3425
Fri 30 Jan 2026 21:05:45 INFO  epoch 10 training [time: 31.58s, train loss: 2071.0415]
Fri 30 Jan 2026 21:05:48 INFO  epoch 10 evaluating [time: 2.46s, valid_score: 0.359800]
Fri 30 Jan 2026 21:05:48 INFO  valid result: 
hit@10 : 0.7423    ndcg@10 : 0.4505    mrr@10 : 0.3598
Fri 30 Jan 2026 21:05:48 INFO  Saving current: saved\TimeWeaver-Jan-30-2026_20-59-31.pth
Fri 30 Jan 2026 21:06:19 INFO  epoch 11 training [time: 31.83s, train loss: 2065.8445]
Fri 30 Jan 2026 21:06:22 INFO  epoch 11 evaluating [time: 2.51s, valid_score: 0.350900]
Fri 30 Jan 2026 21:06:22 INFO  valid result: 
hit@10 : 0.7487    ndcg@10 : 0.4451    mrr@10 : 0.3509
Fri 30 Jan 2026 21:06:53 INFO  epoch 12 training [time: 31.32s, train loss: 2058.9371]
Fri 30 Jan 2026 21:06:56 INFO  epoch 12 evaluating [time: 2.43s, valid_score: 0.352300]
Fri 30 Jan 2026 21:06:56 INFO  valid result: 
hit@10 : 0.7349    ndcg@10 : 0.4428    mrr@10 : 0.3523
Fri 30 Jan 2026 21:07:29 INFO  epoch 13 training [time: 33.25s, train loss: 2051.7672]
Fri 30 Jan 2026 21:07:31 INFO  epoch 13 evaluating [time: 2.53s, valid_score: 0.338200]
Fri 30 Jan 2026 21:07:31 INFO  valid result: 
hit@10 : 0.7359    ndcg@10 : 0.4324    mrr@10 : 0.3382
Fri 30 Jan 2026 21:08:03 INFO  epoch 14 training [time: 31.95s, train loss: 2046.6015]
Fri 30 Jan 2026 21:08:06 INFO  epoch 14 evaluating [time: 2.44s, valid_score: 0.348000]
Fri 30 Jan 2026 21:08:06 INFO  valid result: 
hit@10 : 0.7253    ndcg@10 : 0.4372    mrr@10 : 0.348
Fri 30 Jan 2026 21:08:37 INFO  epoch 15 training [time: 31.15s, train loss: 2040.8339]
Fri 30 Jan 2026 21:08:39 INFO  epoch 15 evaluating [time: 2.50s, valid_score: 0.339600]
Fri 30 Jan 2026 21:08:39 INFO  valid result: 
hit@10 : 0.7296    ndcg@10 : 0.432    mrr@10 : 0.3396
Fri 30 Jan 2026 21:09:11 INFO  epoch 16 training [time: 31.48s, train loss: 2035.4530]
Fri 30 Jan 2026 21:09:13 INFO  epoch 16 evaluating [time: 2.45s, valid_score: 0.345600]
Fri 30 Jan 2026 21:09:13 INFO  valid result: 
hit@10 : 0.7158    ndcg@10 : 0.4334    mrr@10 : 0.3456
Fri 30 Jan 2026 21:09:45 INFO  epoch 17 training [time: 31.62s, train loss: 2030.3939]
Fri 30 Jan 2026 21:09:47 INFO  epoch 17 evaluating [time: 2.47s, valid_score: 0.349300]
Fri 30 Jan 2026 21:09:47 INFO  valid result: 
hit@10 : 0.7476    ndcg@10 : 0.4432    mrr@10 : 0.3493
Fri 30 Jan 2026 21:10:19 INFO  epoch 18 training [time: 31.77s, train loss: 2024.7975]
Fri 30 Jan 2026 21:10:22 INFO  epoch 18 evaluating [time: 2.47s, valid_score: 0.343800]
Fri 30 Jan 2026 21:10:22 INFO  valid result: 
hit@10 : 0.7317    ndcg@10 : 0.4361    mrr@10 : 0.3438
Fri 30 Jan 2026 21:10:53 INFO  epoch 19 training [time: 31.20s, train loss: 2021.0851]
Fri 30 Jan 2026 21:10:55 INFO  epoch 19 evaluating [time: 2.44s, valid_score: 0.334700]
Fri 30 Jan 2026 21:10:55 INFO  valid result: 
hit@10 : 0.7402    ndcg@10 : 0.4304    mrr@10 : 0.3347
Fri 30 Jan 2026 21:11:29 INFO  epoch 20 training [time: 33.34s, train loss: 2016.7616]
Fri 30 Jan 2026 21:11:31 INFO  epoch 20 evaluating [time: 2.54s, valid_score: 0.347500]
Fri 30 Jan 2026 21:11:31 INFO  valid result: 
hit@10 : 0.7275    ndcg@10 : 0.4376    mrr@10 : 0.3475
Fri 30 Jan 2026 21:12:03 INFO  epoch 21 training [time: 31.79s, train loss: 2011.2315]
Fri 30 Jan 2026 21:12:05 INFO  epoch 21 evaluating [time: 2.44s, valid_score: 0.345900]
Fri 30 Jan 2026 21:12:05 INFO  valid result: 
hit@10 : 0.7317    ndcg@10 : 0.437    mrr@10 : 0.3459
Fri 30 Jan 2026 21:12:05 INFO  Finished training, best eval result in epoch 10
Fri 30 Jan 2026 21:12:06 INFO  Loading model structure and parameters from saved\TimeWeaver-Jan-30-2026_20-59-31.pth
Fri 30 Jan 2026 21:12:09 INFO  The running environment of this training is as follows:
+-------------+----------------+
| Environment |     Usage      |
+=============+================+
| CPU         |     5.90 %     |
+-------------+----------------+
| GPU         | 0.24 G/6.00 G  |
+-------------+----------------+
| Memory      | 0.42 G/15.63 G |
+-------------+----------------+
Fri 30 Jan 2026 21:12:09 INFO  best valid : OrderedDict([('hit@10', 0.7423), ('ndcg@10', 0.4505), ('mrr@10', 0.3598)])
Fri 30 Jan 2026 21:12:09 INFO  test result: OrderedDict([('hit@10', 0.7063), ('ndcg@10', 0.4186), ('mrr@10', 0.329)])
