Mon 09 Feb 2026 13:29:11 INFO  ['F:\\桌面\\recommendation_system\\scripts\\run_grid.py', '--models', 'timeweaver', '--datasets', 'ml-100k', '--seeds', '42', '--device', 'gpu', '--timeweaver-variant', 'base', '--tag', 'e0p05_k9_d0p5_l1_f512_b1000', '--output', 'results/run_grid_timeweaver_tune.json', '--tw-ema-decay', '0.05', '--tw-tcn-kernel', '9', '--tw-hidden-dropout', '0.5', '--tw-num-layers', '1', '--tw-ffn-hidden', '512', '--tw-time-bucket', '1000']
Mon 09 Feb 2026 13:29:11 INFO  
General Hyper Parameters:
gpu_id = 0
use_gpu = True
seed = 42
state = INFO
reproducibility = True
data_path = F:\anaconda3\envs\rec39\Lib\site-packages\recbole\config\../dataset_example/ml-100k
checkpoint_dir = saved
show_progress = True
save_dataset = False
dataset_save_path = None
save_dataloaders = False
dataloaders_save_path = None
log_wandb = False

Training Hyper Parameters:
epochs = 100
train_batch_size = 256
learner = adam
learning_rate = 0.001
train_neg_sample_args = {'distribution': 'none', 'sample_num': 'none', 'alpha': 'none', 'dynamic': False, 'candidate_num': 0}
eval_step = 1
stopping_step = 10
clip_grad_norm = None
weight_decay = 0.0
loss_decimal_place = 4

Evaluation Hyper Parameters:
eval_args = {'split': {'LS': 'valid_and_test'}, 'order': 'TO', 'group_by': 'user', 'mode': {'valid': 'uni100', 'test': 'uni100'}}
repeatable = True
metrics = ['Hit', 'NDCG', 'MRR']
topk = [10]
valid_metric = MRR@10
valid_metric_bigger = True
eval_batch_size = 512
metric_decimal_place = 4

Dataset Hyper Parameters:
field_separator = 	
seq_separator =  
USER_ID_FIELD = user_id
ITEM_ID_FIELD = item_id
RATING_FIELD = rating
TIME_FIELD = timestamp
seq_len = None
LABEL_FIELD = label
threshold = None
NEG_PREFIX = neg_
load_col = {'inter': ['user_id', 'item_id', 'rating', 'timestamp'], 'user': ['user_id', 'age', 'gender', 'occupation', 'zip_code'], 'item': ['item_id', 'movie_title', 'release_year', 'class']}
unload_col = None
unused_col = None
additional_feat_suffix = None
rm_dup_inter = None
val_interval = None
filter_inter_by_user_or_item = True
user_inter_num_interval = None
item_inter_num_interval = None
alias_of_user_id = None
alias_of_item_id = None
alias_of_entity_id = None
alias_of_relation_id = None
preload_weight = None
normalize_field = None
normalize_all = True
ITEM_LIST_LENGTH_FIELD = item_length
LIST_SUFFIX = _list
MAX_ITEM_LIST_LENGTH = 32
POSITION_FIELD = position_id
HEAD_ENTITY_ID_FIELD = head_id
TAIL_ENTITY_ID_FIELD = tail_id
RELATION_ID_FIELD = relation_id
ENTITY_ID_FIELD = entity_id
kg_reverse_r = False
entity_kg_num_interval = None
relation_kg_num_interval = None
benchmark_filename = None

Other Hyper Parameters: 
worker = 0
wandb_project = recbole
shuffle = True
require_pow = False
enable_amp = False
enable_scaler = False
transform = None
numerical_features = []
discretization = None
MODEL_TYPE = ModelType.SEQUENTIAL
model_name = TimeWeaver
hidden_size = 64
num_layers = 1
hidden_dropout_prob = 0.5
initializer_range = 0.02
time_bucket_size = 1000
ema_decay = 0.05
tcn_kernel_size = 9
ffn_hidden_size = 512
loss_type = CE
early_stop = 10
neg_sampling = None
device = cuda
use_continuous_time = False
use_time_gate = False
use_time_augmentation = False
MODEL_INPUT_TYPE = InputType.POINTWISE
eval_type = EvaluatorType.RANKING
single_spec = True
local_rank = 0
valid_neg_sample_args = {'distribution': 'uniform', 'sample_num': 100}
test_neg_sample_args = {'distribution': 'uniform', 'sample_num': 100}


Mon 09 Feb 2026 13:29:11 INFO  ml-100k
The number of users: 944
Average actions of users: 106.04453870625663
The number of items: 1683
Average actions of items: 59.45303210463734
The number of inters: 100000
The sparsity of the dataset: 93.70575143257098%
Remain Fields: ['user_id', 'item_id', 'rating', 'timestamp', 'age', 'gender', 'occupation', 'zip_code', 'movie_title', 'release_year', 'class']
Mon 09 Feb 2026 13:29:12 INFO  [Training]: train_batch_size = [256] train_neg_sample_args: [{'distribution': 'none', 'sample_num': 'none', 'alpha': 'none', 'dynamic': False, 'candidate_num': 0}]
Mon 09 Feb 2026 13:29:12 INFO  [Evaluation]: eval_batch_size = [512] eval_args: [{'split': {'LS': 'valid_and_test'}, 'order': 'TO', 'group_by': 'user', 'mode': {'valid': 'uni100', 'test': 'uni100'}}]
Mon 09 Feb 2026 13:29:12 INFO  TimeWeaver(
  (item_embedding): Embedding(1683, 64, padding_idx=0)
  (time_aug): TimeAwareAugmentation(
    (pos_embedding): Embedding(32, 64)
    (time_embedding): Embedding(1000, 64)
    (layer_norm): LayerNorm((64,), eps=1e-05, elementwise_affine=True)
    (drop): Dropout(p=0.5, inplace=False)
  )
  (context_layers): ModuleList(
    (0): TCNNextBlock(
      (dw): DepthwiseConv1d(
        (conv): Conv1d(64, 64, kernel_size=(9,), stride=(1,), padding=(4,), groups=64)
        (bn): BatchNorm1d(64, eps=1e-05, momentum=0.1, affine=True, track_running_stats=True)
        (drop): Dropout(p=0.5, inplace=False)
      )
      (norm1): LayerNorm((64,), eps=1e-05, elementwise_affine=True)
      (conv_inter): ParallelConvInter(
        (conv1): Conv1d(64, 64, kernel_size=(1,), stride=(1,))
        (conv3): Conv1d(64, 64, kernel_size=(3,), stride=(1,), padding=(1,))
        (proj): Conv1d(64, 64, kernel_size=(1,), stride=(1,))
        (drop): Dropout(p=0.5, inplace=False)
      )
      (norm2): LayerNorm((64,), eps=1e-05, elementwise_affine=True)
      (ffn): Sequential(
        (0): Linear(in_features=64, out_features=512, bias=True)
        (1): GELU(approximate='none')
        (2): Dropout(p=0.5, inplace=False)
        (3): Linear(in_features=512, out_features=64, bias=True)
        (4): Dropout(p=0.5, inplace=False)
      )
      (norm3): LayerNorm((64,), eps=1e-05, elementwise_affine=True)
    )
  )
  (dynamic_layers): ModuleList(
    (0): EMAStream(
      (proj): Linear(in_features=64, out_features=64, bias=True)
    )
  )
  (weavers): ModuleList(
    (0): StreamWeaver(
      (proj): Linear(in_features=128, out_features=64, bias=True)
      (norm): LayerNorm((64,), eps=1e-05, elementwise_affine=True)
    )
  )
  (loss_fct): CrossEntropyLoss()
)
Trainable parameters: 274369.0
Mon 09 Feb 2026 13:29:13 INFO  FLOPs: 3198976.0
Mon 09 Feb 2026 13:29:32 INFO  epoch 0 training [time: 18.19s, train loss: 2465.5139]
Mon 09 Feb 2026 13:29:34 INFO  epoch 0 evaluating [time: 1.90s, valid_score: 0.274200]
Mon 09 Feb 2026 13:29:34 INFO  valid result: 
hit@10 : 0.6437    ndcg@10 : 0.3607    mrr@10 : 0.2742
Mon 09 Feb 2026 13:29:34 INFO  Saving current: saved\TimeWeaver-Feb-09-2026_13-29-13.pth
Mon 09 Feb 2026 13:29:53 INFO  epoch 1 training [time: 19.06s, train loss: 2254.5423]
Mon 09 Feb 2026 13:29:55 INFO  epoch 1 evaluating [time: 1.82s, valid_score: 0.311300]
Mon 09 Feb 2026 13:29:55 INFO  valid result: 
hit@10 : 0.6872    ndcg@10 : 0.3996    mrr@10 : 0.3113
Mon 09 Feb 2026 13:29:55 INFO  Saving current: saved\TimeWeaver-Feb-09-2026_13-29-13.pth
Mon 09 Feb 2026 13:30:14 INFO  epoch 2 training [time: 19.21s, train loss: 2211.7853]
Mon 09 Feb 2026 13:30:16 INFO  epoch 2 evaluating [time: 1.78s, valid_score: 0.327400]
Mon 09 Feb 2026 13:30:16 INFO  valid result: 
hit@10 : 0.685    ndcg@10 : 0.4119    mrr@10 : 0.3274
Mon 09 Feb 2026 13:30:16 INFO  Saving current: saved\TimeWeaver-Feb-09-2026_13-29-13.pth
Mon 09 Feb 2026 13:30:35 INFO  epoch 3 training [time: 19.22s, train loss: 2187.8389]
Mon 09 Feb 2026 13:30:37 INFO  epoch 3 evaluating [time: 1.74s, valid_score: 0.331300]
Mon 09 Feb 2026 13:30:37 INFO  valid result: 
hit@10 : 0.7147    ndcg@10 : 0.4219    mrr@10 : 0.3313
Mon 09 Feb 2026 13:30:37 INFO  Saving current: saved\TimeWeaver-Feb-09-2026_13-29-13.pth
Mon 09 Feb 2026 13:30:55 INFO  epoch 4 training [time: 18.61s, train loss: 2172.0757]
Mon 09 Feb 2026 13:30:57 INFO  epoch 4 evaluating [time: 1.76s, valid_score: 0.350800]
Mon 09 Feb 2026 13:30:57 INFO  valid result: 
hit@10 : 0.7359    ndcg@10 : 0.4417    mrr@10 : 0.3508
Mon 09 Feb 2026 13:30:57 INFO  Saving current: saved\TimeWeaver-Feb-09-2026_13-29-13.pth
Mon 09 Feb 2026 13:31:17 INFO  epoch 5 training [time: 19.58s, train loss: 2158.6951]
Mon 09 Feb 2026 13:31:19 INFO  epoch 5 evaluating [time: 1.86s, valid_score: 0.338500]
Mon 09 Feb 2026 13:31:19 INFO  valid result: 
hit@10 : 0.7232    ndcg@10 : 0.4297    mrr@10 : 0.3385
Mon 09 Feb 2026 13:31:38 INFO  epoch 6 training [time: 19.82s, train loss: 2149.1492]
Mon 09 Feb 2026 13:31:40 INFO  epoch 6 evaluating [time: 1.91s, valid_score: 0.331700]
Mon 09 Feb 2026 13:31:40 INFO  valid result: 
hit@10 : 0.737    ndcg@10 : 0.4273    mrr@10 : 0.3317
Mon 09 Feb 2026 13:32:00 INFO  epoch 7 training [time: 19.52s, train loss: 2140.4553]
Mon 09 Feb 2026 13:32:02 INFO  epoch 7 evaluating [time: 1.80s, valid_score: 0.343300]
Mon 09 Feb 2026 13:32:02 INFO  valid result: 
hit@10 : 0.7275    ndcg@10 : 0.4342    mrr@10 : 0.3433
Mon 09 Feb 2026 13:32:20 INFO  epoch 8 training [time: 18.62s, train loss: 2134.6967]
Mon 09 Feb 2026 13:32:22 INFO  epoch 8 evaluating [time: 1.73s, valid_score: 0.352900]
Mon 09 Feb 2026 13:32:22 INFO  valid result: 
hit@10 : 0.7328    ndcg@10 : 0.4429    mrr@10 : 0.3529
Mon 09 Feb 2026 13:32:22 INFO  Saving current: saved\TimeWeaver-Feb-09-2026_13-29-13.pth
Mon 09 Feb 2026 13:32:41 INFO  epoch 9 training [time: 18.94s, train loss: 2128.7163]
Mon 09 Feb 2026 13:32:43 INFO  epoch 9 evaluating [time: 1.85s, valid_score: 0.349100]
Mon 09 Feb 2026 13:32:43 INFO  valid result: 
hit@10 : 0.7391    ndcg@10 : 0.4414    mrr@10 : 0.3491
Mon 09 Feb 2026 13:33:02 INFO  epoch 10 training [time: 19.09s, train loss: 2123.0257]
Mon 09 Feb 2026 13:33:04 INFO  epoch 10 evaluating [time: 1.76s, valid_score: 0.333500]
Mon 09 Feb 2026 13:33:04 INFO  valid result: 
hit@10 : 0.7349    ndcg@10 : 0.4286    mrr@10 : 0.3335
Mon 09 Feb 2026 13:33:22 INFO  epoch 11 training [time: 18.66s, train loss: 2118.5541]
Mon 09 Feb 2026 13:33:24 INFO  epoch 11 evaluating [time: 1.80s, valid_score: 0.348300]
Mon 09 Feb 2026 13:33:24 INFO  valid result: 
hit@10 : 0.7391    ndcg@10 : 0.4408    mrr@10 : 0.3483
Mon 09 Feb 2026 13:33:43 INFO  epoch 12 training [time: 18.94s, train loss: 2114.5002]
Mon 09 Feb 2026 13:33:45 INFO  epoch 12 evaluating [time: 1.85s, valid_score: 0.341700]
Mon 09 Feb 2026 13:33:45 INFO  valid result: 
hit@10 : 0.7402    ndcg@10 : 0.4361    mrr@10 : 0.3417
Mon 09 Feb 2026 13:34:04 INFO  epoch 13 training [time: 19.18s, train loss: 2111.1922]
Mon 09 Feb 2026 13:34:06 INFO  epoch 13 evaluating [time: 1.84s, valid_score: 0.348900]
Mon 09 Feb 2026 13:34:06 INFO  valid result: 
hit@10 : 0.7253    ndcg@10 : 0.4385    mrr@10 : 0.3489
Mon 09 Feb 2026 13:34:25 INFO  epoch 14 training [time: 19.40s, train loss: 2106.4984]
Mon 09 Feb 2026 13:34:27 INFO  epoch 14 evaluating [time: 1.81s, valid_score: 0.346000]
Mon 09 Feb 2026 13:34:27 INFO  valid result: 
hit@10 : 0.7381    ndcg@10 : 0.4387    mrr@10 : 0.346
Mon 09 Feb 2026 13:34:46 INFO  epoch 15 training [time: 18.88s, train loss: 2103.4732]
Mon 09 Feb 2026 13:34:48 INFO  epoch 15 evaluating [time: 1.72s, valid_score: 0.366100]
Mon 09 Feb 2026 13:34:48 INFO  valid result: 
hit@10 : 0.7466    ndcg@10 : 0.4558    mrr@10 : 0.3661
Mon 09 Feb 2026 13:34:48 INFO  Saving current: saved\TimeWeaver-Feb-09-2026_13-29-13.pth
Mon 09 Feb 2026 13:35:07 INFO  epoch 16 training [time: 19.07s, train loss: 2099.7245]
Mon 09 Feb 2026 13:35:09 INFO  epoch 16 evaluating [time: 1.83s, valid_score: 0.346600]
Mon 09 Feb 2026 13:35:09 INFO  valid result: 
hit@10 : 0.7359    ndcg@10 : 0.4385    mrr@10 : 0.3466
Mon 09 Feb 2026 13:35:29 INFO  epoch 17 training [time: 19.87s, train loss: 2097.3578]
Mon 09 Feb 2026 13:35:30 INFO  epoch 17 evaluating [time: 1.81s, valid_score: 0.341000]
Mon 09 Feb 2026 13:35:30 INFO  valid result: 
hit@10 : 0.7402    ndcg@10 : 0.4356    mrr@10 : 0.341
Mon 09 Feb 2026 13:35:50 INFO  epoch 18 training [time: 19.49s, train loss: 2094.8977]
Mon 09 Feb 2026 13:35:52 INFO  epoch 18 evaluating [time: 1.88s, valid_score: 0.340900]
Mon 09 Feb 2026 13:35:52 INFO  valid result: 
hit@10 : 0.7381    ndcg@10 : 0.4345    mrr@10 : 0.3409
Mon 09 Feb 2026 13:36:11 INFO  epoch 19 training [time: 19.21s, train loss: 2092.7910]
Mon 09 Feb 2026 13:36:13 INFO  epoch 19 evaluating [time: 1.76s, valid_score: 0.354400]
Mon 09 Feb 2026 13:36:13 INFO  valid result: 
hit@10 : 0.7338    ndcg@10 : 0.4447    mrr@10 : 0.3544
Mon 09 Feb 2026 13:36:32 INFO  epoch 20 training [time: 18.88s, train loss: 2090.1290]
Mon 09 Feb 2026 13:36:33 INFO  epoch 20 evaluating [time: 1.84s, valid_score: 0.348200]
Mon 09 Feb 2026 13:36:33 INFO  valid result: 
hit@10 : 0.7444    ndcg@10 : 0.442    mrr@10 : 0.3482
Mon 09 Feb 2026 13:36:53 INFO  epoch 21 training [time: 19.15s, train loss: 2089.2490]
Mon 09 Feb 2026 13:36:54 INFO  epoch 21 evaluating [time: 1.80s, valid_score: 0.351200]
Mon 09 Feb 2026 13:36:54 INFO  valid result: 
hit@10 : 0.7413    ndcg@10 : 0.4431    mrr@10 : 0.3512
Mon 09 Feb 2026 13:37:13 INFO  epoch 22 training [time: 18.71s, train loss: 2086.3912]
Mon 09 Feb 2026 13:37:15 INFO  epoch 22 evaluating [time: 1.75s, valid_score: 0.345800]
Mon 09 Feb 2026 13:37:15 INFO  valid result: 
hit@10 : 0.7349    ndcg@10 : 0.438    mrr@10 : 0.3458
Mon 09 Feb 2026 13:37:33 INFO  epoch 23 training [time: 18.52s, train loss: 2083.6802]
Mon 09 Feb 2026 13:37:35 INFO  epoch 23 evaluating [time: 1.79s, valid_score: 0.346100]
Mon 09 Feb 2026 13:37:35 INFO  valid result: 
hit@10 : 0.7317    ndcg@10 : 0.4376    mrr@10 : 0.3461
Mon 09 Feb 2026 13:37:54 INFO  epoch 24 training [time: 19.22s, train loss: 2082.4613]
Mon 09 Feb 2026 13:37:56 INFO  epoch 24 evaluating [time: 1.82s, valid_score: 0.352500]
Mon 09 Feb 2026 13:37:56 INFO  valid result: 
hit@10 : 0.7402    ndcg@10 : 0.4443    mrr@10 : 0.3525
Mon 09 Feb 2026 13:38:15 INFO  epoch 25 training [time: 19.23s, train loss: 2081.3033]
Mon 09 Feb 2026 13:38:17 INFO  epoch 25 evaluating [time: 1.83s, valid_score: 0.344500]
Mon 09 Feb 2026 13:38:17 INFO  valid result: 
hit@10 : 0.7253    ndcg@10 : 0.4347    mrr@10 : 0.3445
Mon 09 Feb 2026 13:38:36 INFO  epoch 26 training [time: 19.16s, train loss: 2078.7715]
Mon 09 Feb 2026 13:38:38 INFO  epoch 26 evaluating [time: 1.74s, valid_score: 0.353100]
Mon 09 Feb 2026 13:38:38 INFO  valid result: 
hit@10 : 0.7338    ndcg@10 : 0.4433    mrr@10 : 0.3531
Mon 09 Feb 2026 13:38:38 INFO  Finished training, best eval result in epoch 15
Mon 09 Feb 2026 13:38:38 INFO  Loading model structure and parameters from saved\TimeWeaver-Feb-09-2026_13-29-13.pth
Mon 09 Feb 2026 13:38:41 INFO  The running environment of this training is as follows:
+-------------+----------------+
| Environment |     Usage      |
+=============+================+
| CPU         |     2.80 %     |
+-------------+----------------+
| GPU         | 0.21 G/6.00 G  |
+-------------+----------------+
| Memory      | 1.53 G/15.63 G |
+-------------+----------------+
Mon 09 Feb 2026 13:38:41 INFO  best valid : OrderedDict([('hit@10', 0.7466), ('ndcg@10', 0.4558), ('mrr@10', 0.3661)])
Mon 09 Feb 2026 13:38:41 INFO  test result: OrderedDict([('hit@10', 0.7063), ('ndcg@10', 0.4149), ('mrr@10', 0.3251)])
