Thu 19 Feb 2026 10:28:39 INFO  ['F:\\桌面\\recommendation_system\\scripts\\run_grid.py', '--models', 'timeweaver', '--datasets', 'amazon-electronics-5core-subset', '--timeweaver-variant', 'gate_discrete', '--seeds', '42,2023,2024', '--device', 'gpu', '--output', 'results/timeweaver_ablations_elc.json']
Thu 19 Feb 2026 10:28:39 INFO  
General Hyper Parameters:
gpu_id = 0
use_gpu = True
seed = 42
state = INFO
reproducibility = True
data_path = data/amazon\amazon-electronics-5core-subset
checkpoint_dir = saved
show_progress = True
save_dataset = False
dataset_save_path = None
save_dataloaders = False
dataloaders_save_path = None
log_wandb = False

Training Hyper Parameters:
epochs = 100
train_batch_size = 256
learner = adam
learning_rate = 0.001
train_neg_sample_args = {'distribution': 'none', 'sample_num': 'none', 'alpha': 'none', 'dynamic': False, 'candidate_num': 0}
eval_step = 1
stopping_step = 10
clip_grad_norm = None
weight_decay = 0.0
loss_decimal_place = 4

Evaluation Hyper Parameters:
eval_args = {'split': {'LS': 'valid_and_test'}, 'order': 'TO', 'group_by': 'user', 'mode': {'valid': 'uni100', 'test': 'uni100'}}
repeatable = True
metrics = ['Hit', 'NDCG', 'MRR']
topk = [10]
valid_metric = Hit@10
valid_metric_bigger = True
eval_batch_size = 512
metric_decimal_place = 4

Dataset Hyper Parameters:
field_separator = 	
seq_separator =  
USER_ID_FIELD = user_id
ITEM_ID_FIELD = item_id
RATING_FIELD = rating
TIME_FIELD = timestamp
seq_len = None
LABEL_FIELD = label
threshold = None
NEG_PREFIX = neg_
load_col = {'inter': ['user_id', 'item_id', 'rating', 'timestamp']}
unload_col = None
unused_col = None
additional_feat_suffix = None
rm_dup_inter = None
val_interval = None
filter_inter_by_user_or_item = True
user_inter_num_interval = [0,inf)
item_inter_num_interval = [0,inf)
alias_of_user_id = None
alias_of_item_id = None
alias_of_entity_id = None
alias_of_relation_id = None
preload_weight = None
normalize_field = None
normalize_all = None
ITEM_LIST_LENGTH_FIELD = item_length
LIST_SUFFIX = _list
MAX_ITEM_LIST_LENGTH = 32
POSITION_FIELD = position_id
HEAD_ENTITY_ID_FIELD = head_id
TAIL_ENTITY_ID_FIELD = tail_id
RELATION_ID_FIELD = relation_id
ENTITY_ID_FIELD = entity_id
benchmark_filename = None

Other Hyper Parameters: 
worker = 0
wandb_project = recbole
shuffle = True
require_pow = False
enable_amp = False
enable_scaler = False
transform = None
numerical_features = []
discretization = None
kg_reverse_r = False
entity_kg_num_interval = [0,inf)
relation_kg_num_interval = [0,inf)
MODEL_TYPE = ModelType.SEQUENTIAL
model_name = TimeWeaver
hidden_size = 64
num_layers = 2
hidden_dropout_prob = 0.5
initializer_range = 0.02
time_bucket_size = 1000
ema_decay = 0.5
tcn_kernel_size = -1
ffn_hidden_size = 256
loss_type = CE
early_stop = 10
neg_sampling = None
device = cuda
use_continuous_time = False
use_time_gate = True
use_time_augmentation = False
MODEL_INPUT_TYPE = InputType.POINTWISE
eval_type = EvaluatorType.RANKING
single_spec = True
local_rank = 0
valid_neg_sample_args = {'distribution': 'uniform', 'sample_num': 100}
test_neg_sample_args = {'distribution': 'uniform', 'sample_num': 100}


Thu 19 Feb 2026 10:28:39 INFO  amazon-electronics-5core-subset
The number of users: 1501
Average actions of users: 108.42733333333334
The number of items: 54722
Average actions of items: 2.9721861808080994
The number of inters: 162641
The sparsity of the dataset: 99.80198988231011%
Remain Fields: ['user_id', 'item_id', 'rating', 'timestamp']
Thu 19 Feb 2026 10:28:42 INFO  [Training]: train_batch_size = [256] train_neg_sample_args: [{'distribution': 'none', 'sample_num': 'none', 'alpha': 'none', 'dynamic': False, 'candidate_num': 0}]
Thu 19 Feb 2026 10:28:42 INFO  [Evaluation]: eval_batch_size = [512] eval_args: [{'split': {'LS': 'valid_and_test'}, 'order': 'TO', 'group_by': 'user', 'mode': {'valid': 'uni100', 'test': 'uni100'}}]
Thu 19 Feb 2026 10:28:42 INFO  TimeWeaver(
  (item_embedding): Embedding(54722, 64, padding_idx=0)
  (time_aug): TimeAwareAugmentation(
    (pos_embedding): Embedding(32, 64)
    (time_embedding): Embedding(1000, 64)
    (time_gate): TimeGate(
      (net): Sequential(
        (0): Linear(in_features=128, out_features=16, bias=True)
        (1): GELU(approximate='none')
        (2): Linear(in_features=16, out_features=64, bias=True)
        (3): Sigmoid()
      )
    )
    (layer_norm): LayerNorm((64,), eps=1e-05, elementwise_affine=True)
    (drop): Dropout(p=0.5, inplace=False)
  )
  (context_layers): ModuleList(
    (0-1): 2 x TCNNextBlock(
      (dw): DepthwiseConv1d(
        (conv): Conv1d(64, 64, kernel_size=(11,), stride=(1,), padding=(5,), groups=64)
        (bn): BatchNorm1d(64, eps=1e-05, momentum=0.1, affine=True, track_running_stats=True)
        (drop): Dropout(p=0.5, inplace=False)
      )
      (norm1): LayerNorm((64,), eps=1e-05, elementwise_affine=True)
      (conv_inter): ParallelConvInter(
        (conv1): Conv1d(64, 64, kernel_size=(1,), stride=(1,))
        (conv3): Conv1d(64, 64, kernel_size=(3,), stride=(1,), padding=(1,))
        (proj): Conv1d(64, 64, kernel_size=(1,), stride=(1,))
        (drop): Dropout(p=0.5, inplace=False)
      )
      (norm2): LayerNorm((64,), eps=1e-05, elementwise_affine=True)
      (ffn): Sequential(
        (0): Linear(in_features=64, out_features=256, bias=True)
        (1): GELU(approximate='none')
        (2): Dropout(p=0.5, inplace=False)
        (3): Linear(in_features=256, out_features=64, bias=True)
        (4): Dropout(p=0.5, inplace=False)
      )
      (norm3): LayerNorm((64,), eps=1e-05, elementwise_affine=True)
    )
  )
  (dynamic_layers): ModuleList(
    (0-1): 2 x EMAStream(
      (proj): Linear(in_features=64, out_features=64, bias=True)
    )
  )
  (weavers): ModuleList(
    (0-1): 2 x StreamWeaver(
      (proj): Linear(in_features=128, out_features=64, bias=True)
      (norm): LayerNorm((64,), eps=1e-05, elementwise_affine=True)
    )
  )
  (loss_fct): CrossEntropyLoss()
)
Trainable parameters: 3706706.0
Thu 19 Feb 2026 10:28:42 INFO  FLOPs: 4397056.0
Thu 19 Feb 2026 10:29:46 INFO  epoch 0 training [time: 62.23s, train loss: 6513.9768]
Thu 19 Feb 2026 10:29:49 INFO  epoch 0 evaluating [time: 2.93s, valid_score: 0.352000]
Thu 19 Feb 2026 10:29:49 INFO  valid result: 
hit@10 : 0.352    ndcg@10 : 0.22    mrr@10 : 0.1795
Thu 19 Feb 2026 10:29:49 INFO  Saving current: saved\TimeWeaver-Feb-19-2026_10-28-42.pth
Thu 19 Feb 2026 10:30:51 INFO  epoch 1 training [time: 61.91s, train loss: 6079.3162]
Thu 19 Feb 2026 10:30:53 INFO  epoch 1 evaluating [time: 2.89s, valid_score: 0.420700]
Thu 19 Feb 2026 10:30:54 INFO  valid result: 
hit@10 : 0.4207    ndcg@10 : 0.2692    mrr@10 : 0.2223
Thu 19 Feb 2026 10:30:54 INFO  Saving current: saved\TimeWeaver-Feb-19-2026_10-28-42.pth
Thu 19 Feb 2026 10:31:56 INFO  epoch 2 training [time: 62.24s, train loss: 5613.5743]
Thu 19 Feb 2026 10:31:59 INFO  epoch 2 evaluating [time: 2.78s, valid_score: 0.406000]
Thu 19 Feb 2026 10:31:59 INFO  valid result: 
hit@10 : 0.406    ndcg@10 : 0.2641    mrr@10 : 0.22
Thu 19 Feb 2026 10:33:02 INFO  epoch 3 training [time: 63.48s, train loss: 5129.5468]
Thu 19 Feb 2026 10:33:05 INFO  epoch 3 evaluating [time: 2.92s, valid_score: 0.384000]
Thu 19 Feb 2026 10:33:05 INFO  valid result: 
hit@10 : 0.384    ndcg@10 : 0.2579    mrr@10 : 0.2186
Thu 19 Feb 2026 10:34:08 INFO  epoch 4 training [time: 62.57s, train loss: 4692.9092]
Thu 19 Feb 2026 10:34:10 INFO  epoch 4 evaluating [time: 2.91s, valid_score: 0.378700]
Thu 19 Feb 2026 10:34:10 INFO  valid result: 
hit@10 : 0.3787    ndcg@10 : 0.2591    mrr@10 : 0.222
Thu 19 Feb 2026 10:35:12 INFO  epoch 5 training [time: 61.64s, train loss: 4351.5178]
Thu 19 Feb 2026 10:35:15 INFO  epoch 5 evaluating [time: 2.76s, valid_score: 0.388700]
Thu 19 Feb 2026 10:35:15 INFO  valid result: 
hit@10 : 0.3887    ndcg@10 : 0.2642    mrr@10 : 0.2256
Thu 19 Feb 2026 10:36:16 INFO  epoch 6 training [time: 60.93s, train loss: 4093.8163]
Thu 19 Feb 2026 10:36:19 INFO  epoch 6 evaluating [time: 2.86s, valid_score: 0.375300]
Thu 19 Feb 2026 10:36:19 INFO  valid result: 
hit@10 : 0.3753    ndcg@10 : 0.2553    mrr@10 : 0.2182
Thu 19 Feb 2026 10:37:22 INFO  epoch 7 training [time: 63.33s, train loss: 3895.4654]
Thu 19 Feb 2026 10:37:25 INFO  epoch 7 evaluating [time: 2.78s, valid_score: 0.378000]
Thu 19 Feb 2026 10:37:25 INFO  valid result: 
hit@10 : 0.378    ndcg@10 : 0.261    mrr@10 : 0.2248
Thu 19 Feb 2026 10:38:27 INFO  epoch 8 training [time: 61.75s, train loss: 3727.6827]
Thu 19 Feb 2026 10:38:29 INFO  epoch 8 evaluating [time: 2.80s, valid_score: 0.374000]
Thu 19 Feb 2026 10:38:29 INFO  valid result: 
hit@10 : 0.374    ndcg@10 : 0.2569    mrr@10 : 0.2206
Thu 19 Feb 2026 10:39:31 INFO  epoch 9 training [time: 61.65s, train loss: 3590.8629]
Thu 19 Feb 2026 10:39:34 INFO  epoch 9 evaluating [time: 2.78s, valid_score: 0.382000]
Thu 19 Feb 2026 10:39:34 INFO  valid result: 
hit@10 : 0.382    ndcg@10 : 0.2617    mrr@10 : 0.2247
Thu 19 Feb 2026 10:40:35 INFO  epoch 10 training [time: 61.48s, train loss: 3467.0271]
Thu 19 Feb 2026 10:40:38 INFO  epoch 10 evaluating [time: 2.92s, valid_score: 0.372700]
Thu 19 Feb 2026 10:40:38 INFO  valid result: 
hit@10 : 0.3727    ndcg@10 : 0.2553    mrr@10 : 0.219
Thu 19 Feb 2026 10:41:39 INFO  epoch 11 training [time: 61.32s, train loss: 3353.7980]
Thu 19 Feb 2026 10:41:42 INFO  epoch 11 evaluating [time: 2.76s, valid_score: 0.376700]
Thu 19 Feb 2026 10:41:42 INFO  valid result: 
hit@10 : 0.3767    ndcg@10 : 0.2542    mrr@10 : 0.2164
Thu 19 Feb 2026 10:42:42 INFO  epoch 12 training [time: 59.63s, train loss: 3254.6164]
Thu 19 Feb 2026 10:42:45 INFO  epoch 12 evaluating [time: 2.77s, valid_score: 0.377300]
Thu 19 Feb 2026 10:42:45 INFO  valid result: 
hit@10 : 0.3773    ndcg@10 : 0.257    mrr@10 : 0.2199
Thu 19 Feb 2026 10:42:45 INFO  Finished training, best eval result in epoch 1
Thu 19 Feb 2026 10:42:45 INFO  Loading model structure and parameters from saved\TimeWeaver-Feb-19-2026_10-28-42.pth
Thu 19 Feb 2026 10:42:48 INFO  The running environment of this training is as follows:
+-------------+----------------+
| Environment |     Usage      |
+=============+================+
| CPU         |     6.20 %     |
+-------------+----------------+
| GPU         | 0.48 G/6.00 G  |
+-------------+----------------+
| Memory      | 1.56 G/15.63 G |
+-------------+----------------+
Thu 19 Feb 2026 10:42:48 INFO  best valid : OrderedDict([('hit@10', 0.4207), ('ndcg@10', 0.2692), ('mrr@10', 0.2223)])
Thu 19 Feb 2026 10:42:48 INFO  test result: OrderedDict([('hit@10', 0.3607), ('ndcg@10', 0.2286), ('mrr@10', 0.1877)])
Thu 19 Feb 2026 10:42:48 WARNING  command line args [--models timeweaver --datasets amazon-electronics-5core-subset --timeweaver-variant gate_discrete --seeds 42,2023,2024 --device gpu --output results/timeweaver_ablations_elc.json] will not be used in RecBole
Thu 19 Feb 2026 10:42:48 INFO  ['F:\\桌面\\recommendation_system\\scripts\\run_grid.py', '--models', 'timeweaver', '--datasets', 'amazon-electronics-5core-subset', '--timeweaver-variant', 'gate_discrete', '--seeds', '42,2023,2024', '--device', 'gpu', '--output', 'results/timeweaver_ablations_elc.json']
Thu 19 Feb 2026 10:42:48 INFO  
General Hyper Parameters:
gpu_id = 0
use_gpu = True
seed = 2023
state = INFO
reproducibility = True
data_path = data/amazon\amazon-electronics-5core-subset
checkpoint_dir = saved
show_progress = True
save_dataset = False
dataset_save_path = None
save_dataloaders = False
dataloaders_save_path = None
log_wandb = False

Training Hyper Parameters:
epochs = 100
train_batch_size = 256
learner = adam
learning_rate = 0.001
train_neg_sample_args = {'distribution': 'none', 'sample_num': 'none', 'alpha': 'none', 'dynamic': False, 'candidate_num': 0}
eval_step = 1
stopping_step = 10
clip_grad_norm = None
weight_decay = 0.0
loss_decimal_place = 4

Evaluation Hyper Parameters:
eval_args = {'split': {'LS': 'valid_and_test'}, 'order': 'TO', 'group_by': 'user', 'mode': {'valid': 'uni100', 'test': 'uni100'}}
repeatable = True
metrics = ['Hit', 'NDCG', 'MRR']
topk = [10]
valid_metric = Hit@10
valid_metric_bigger = True
eval_batch_size = 512
metric_decimal_place = 4

Dataset Hyper Parameters:
field_separator = 	
seq_separator =  
USER_ID_FIELD = user_id
ITEM_ID_FIELD = item_id
RATING_FIELD = rating
TIME_FIELD = timestamp
seq_len = None
LABEL_FIELD = label
threshold = None
NEG_PREFIX = neg_
load_col = {'inter': ['user_id', 'item_id', 'rating', 'timestamp']}
unload_col = None
unused_col = None
additional_feat_suffix = None
rm_dup_inter = None
val_interval = None
filter_inter_by_user_or_item = True
user_inter_num_interval = [0,inf)
item_inter_num_interval = [0,inf)
alias_of_user_id = None
alias_of_item_id = None
alias_of_entity_id = None
alias_of_relation_id = None
preload_weight = None
normalize_field = None
normalize_all = None
ITEM_LIST_LENGTH_FIELD = item_length
LIST_SUFFIX = _list
MAX_ITEM_LIST_LENGTH = 32
POSITION_FIELD = position_id
HEAD_ENTITY_ID_FIELD = head_id
TAIL_ENTITY_ID_FIELD = tail_id
RELATION_ID_FIELD = relation_id
ENTITY_ID_FIELD = entity_id
benchmark_filename = None

Other Hyper Parameters: 
worker = 0
wandb_project = recbole
shuffle = True
require_pow = False
enable_amp = False
enable_scaler = False
transform = None
numerical_features = []
discretization = None
kg_reverse_r = False
entity_kg_num_interval = [0,inf)
relation_kg_num_interval = [0,inf)
MODEL_TYPE = ModelType.SEQUENTIAL
model_name = TimeWeaver
hidden_size = 64
num_layers = 2
hidden_dropout_prob = 0.5
initializer_range = 0.02
time_bucket_size = 1000
ema_decay = 0.5
tcn_kernel_size = -1
ffn_hidden_size = 256
loss_type = CE
early_stop = 10
neg_sampling = None
device = cuda
use_continuous_time = False
use_time_gate = True
use_time_augmentation = False
MODEL_INPUT_TYPE = InputType.POINTWISE
eval_type = EvaluatorType.RANKING
single_spec = True
local_rank = 0
valid_neg_sample_args = {'distribution': 'uniform', 'sample_num': 100}
test_neg_sample_args = {'distribution': 'uniform', 'sample_num': 100}


Thu 19 Feb 2026 10:42:49 INFO  amazon-electronics-5core-subset
The number of users: 1501
Average actions of users: 108.42733333333334
The number of items: 54722
Average actions of items: 2.9721861808080994
The number of inters: 162641
The sparsity of the dataset: 99.80198988231011%
Remain Fields: ['user_id', 'item_id', 'rating', 'timestamp']
Thu 19 Feb 2026 10:42:51 INFO  [Training]: train_batch_size = [256] train_neg_sample_args: [{'distribution': 'none', 'sample_num': 'none', 'alpha': 'none', 'dynamic': False, 'candidate_num': 0}]
Thu 19 Feb 2026 10:42:51 INFO  [Evaluation]: eval_batch_size = [512] eval_args: [{'split': {'LS': 'valid_and_test'}, 'order': 'TO', 'group_by': 'user', 'mode': {'valid': 'uni100', 'test': 'uni100'}}]
Thu 19 Feb 2026 10:42:51 INFO  TimeWeaver(
  (item_embedding): Embedding(54722, 64, padding_idx=0)
  (time_aug): TimeAwareAugmentation(
    (pos_embedding): Embedding(32, 64)
    (time_embedding): Embedding(1000, 64)
    (time_gate): TimeGate(
      (net): Sequential(
        (0): Linear(in_features=128, out_features=16, bias=True)
        (1): GELU(approximate='none')
        (2): Linear(in_features=16, out_features=64, bias=True)
        (3): Sigmoid()
      )
    )
    (layer_norm): LayerNorm((64,), eps=1e-05, elementwise_affine=True)
    (drop): Dropout(p=0.5, inplace=False)
  )
  (context_layers): ModuleList(
    (0-1): 2 x TCNNextBlock(
      (dw): DepthwiseConv1d(
        (conv): Conv1d(64, 64, kernel_size=(11,), stride=(1,), padding=(5,), groups=64)
        (bn): BatchNorm1d(64, eps=1e-05, momentum=0.1, affine=True, track_running_stats=True)
        (drop): Dropout(p=0.5, inplace=False)
      )
      (norm1): LayerNorm((64,), eps=1e-05, elementwise_affine=True)
      (conv_inter): ParallelConvInter(
        (conv1): Conv1d(64, 64, kernel_size=(1,), stride=(1,))
        (conv3): Conv1d(64, 64, kernel_size=(3,), stride=(1,), padding=(1,))
        (proj): Conv1d(64, 64, kernel_size=(1,), stride=(1,))
        (drop): Dropout(p=0.5, inplace=False)
      )
      (norm2): LayerNorm((64,), eps=1e-05, elementwise_affine=True)
      (ffn): Sequential(
        (0): Linear(in_features=64, out_features=256, bias=True)
        (1): GELU(approximate='none')
        (2): Dropout(p=0.5, inplace=False)
        (3): Linear(in_features=256, out_features=64, bias=True)
        (4): Dropout(p=0.5, inplace=False)
      )
      (norm3): LayerNorm((64,), eps=1e-05, elementwise_affine=True)
    )
  )
  (dynamic_layers): ModuleList(
    (0-1): 2 x EMAStream(
      (proj): Linear(in_features=64, out_features=64, bias=True)
    )
  )
  (weavers): ModuleList(
    (0-1): 2 x StreamWeaver(
      (proj): Linear(in_features=128, out_features=64, bias=True)
      (norm): LayerNorm((64,), eps=1e-05, elementwise_affine=True)
    )
  )
  (loss_fct): CrossEntropyLoss()
)
Trainable parameters: 3706706.0
Thu 19 Feb 2026 10:42:52 INFO  FLOPs: 4397056.0
Thu 19 Feb 2026 10:43:52 INFO  epoch 0 training [time: 60.87s, train loss: 6508.7275]
Thu 19 Feb 2026 10:43:55 INFO  epoch 0 evaluating [time: 2.82s, valid_score: 0.373300]
Thu 19 Feb 2026 10:43:55 INFO  valid result: 
hit@10 : 0.3733    ndcg@10 : 0.2336    mrr@10 : 0.1906
Thu 19 Feb 2026 10:43:55 INFO  Saving current: saved\TimeWeaver-Feb-19-2026_10-42-52.pth
Thu 19 Feb 2026 10:44:56 INFO  epoch 1 training [time: 61.09s, train loss: 6076.7267]
Thu 19 Feb 2026 10:44:59 INFO  epoch 1 evaluating [time: 3.02s, valid_score: 0.410700]
Thu 19 Feb 2026 10:44:59 INFO  valid result: 
hit@10 : 0.4107    ndcg@10 : 0.2715    mrr@10 : 0.2282
Thu 19 Feb 2026 10:44:59 INFO  Saving current: saved\TimeWeaver-Feb-19-2026_10-42-52.pth
Thu 19 Feb 2026 10:45:59 INFO  epoch 2 training [time: 59.34s, train loss: 5613.8741]
Thu 19 Feb 2026 10:46:02 INFO  epoch 2 evaluating [time: 2.95s, valid_score: 0.409300]
Thu 19 Feb 2026 10:46:02 INFO  valid result: 
hit@10 : 0.4093    ndcg@10 : 0.2712    mrr@10 : 0.2282
Thu 19 Feb 2026 10:47:02 INFO  epoch 3 training [time: 60.03s, train loss: 5122.0663]
Thu 19 Feb 2026 10:47:05 INFO  epoch 3 evaluating [time: 2.89s, valid_score: 0.419300]
Thu 19 Feb 2026 10:47:05 INFO  valid result: 
hit@10 : 0.4193    ndcg@10 : 0.2818    mrr@10 : 0.2395
Thu 19 Feb 2026 10:47:05 INFO  Saving current: saved\TimeWeaver-Feb-19-2026_10-42-52.pth
Thu 19 Feb 2026 10:48:06 INFO  epoch 4 training [time: 61.74s, train loss: 4690.1132]
Thu 19 Feb 2026 10:48:09 INFO  epoch 4 evaluating [time: 2.80s, valid_score: 0.415300]
Thu 19 Feb 2026 10:48:09 INFO  valid result: 
hit@10 : 0.4153    ndcg@10 : 0.2689    mrr@10 : 0.2238
Thu 19 Feb 2026 10:49:12 INFO  epoch 5 training [time: 62.78s, train loss: 4342.3995]
Thu 19 Feb 2026 10:49:15 INFO  epoch 5 evaluating [time: 2.99s, valid_score: 0.414700]
Thu 19 Feb 2026 10:49:15 INFO  valid result: 
hit@10 : 0.4147    ndcg@10 : 0.2719    mrr@10 : 0.2281
Thu 19 Feb 2026 10:50:15 INFO  epoch 6 training [time: 60.44s, train loss: 4083.3170]
Thu 19 Feb 2026 10:50:18 INFO  epoch 6 evaluating [time: 2.82s, valid_score: 0.397300]
Thu 19 Feb 2026 10:50:18 INFO  valid result: 
hit@10 : 0.3973    ndcg@10 : 0.2573    mrr@10 : 0.214
Thu 19 Feb 2026 10:51:20 INFO  epoch 7 training [time: 61.35s, train loss: 3881.2033]
Thu 19 Feb 2026 10:51:22 INFO  epoch 7 evaluating [time: 2.84s, valid_score: 0.394700]
Thu 19 Feb 2026 10:51:22 INFO  valid result: 
hit@10 : 0.3947    ndcg@10 : 0.2632    mrr@10 : 0.2227
Thu 19 Feb 2026 10:52:24 INFO  epoch 8 training [time: 61.22s, train loss: 3718.4731]
Thu 19 Feb 2026 10:52:27 INFO  epoch 8 evaluating [time: 3.01s, valid_score: 0.396700]
Thu 19 Feb 2026 10:52:27 INFO  valid result: 
hit@10 : 0.3967    ndcg@10 : 0.2603    mrr@10 : 0.2185
Thu 19 Feb 2026 10:53:29 INFO  epoch 9 training [time: 62.67s, train loss: 3576.5347]
Thu 19 Feb 2026 10:53:32 INFO  epoch 9 evaluating [time: 2.79s, valid_score: 0.386000]
Thu 19 Feb 2026 10:53:32 INFO  valid result: 
hit@10 : 0.386    ndcg@10 : 0.2544    mrr@10 : 0.214
Thu 19 Feb 2026 10:54:33 INFO  epoch 10 training [time: 61.03s, train loss: 3450.6070]
Thu 19 Feb 2026 10:54:36 INFO  epoch 10 evaluating [time: 2.79s, valid_score: 0.386000]
Thu 19 Feb 2026 10:54:36 INFO  valid result: 
hit@10 : 0.386    ndcg@10 : 0.2592    mrr@10 : 0.2199
Thu 19 Feb 2026 10:55:37 INFO  epoch 11 training [time: 61.49s, train loss: 3333.5806]
Thu 19 Feb 2026 10:55:40 INFO  epoch 11 evaluating [time: 2.90s, valid_score: 0.394700]
Thu 19 Feb 2026 10:55:40 INFO  valid result: 
hit@10 : 0.3947    ndcg@10 : 0.2659    mrr@10 : 0.2264
Thu 19 Feb 2026 10:56:41 INFO  epoch 12 training [time: 61.08s, train loss: 3223.8736]
Thu 19 Feb 2026 10:56:44 INFO  epoch 12 evaluating [time: 2.97s, valid_score: 0.394000]
Thu 19 Feb 2026 10:56:44 INFO  valid result: 
hit@10 : 0.394    ndcg@10 : 0.2623    mrr@10 : 0.2219
Thu 19 Feb 2026 10:57:46 INFO  epoch 13 training [time: 61.31s, train loss: 3113.9657]
Thu 19 Feb 2026 10:57:49 INFO  epoch 13 evaluating [time: 2.89s, valid_score: 0.376700]
Thu 19 Feb 2026 10:57:49 INFO  valid result: 
hit@10 : 0.3767    ndcg@10 : 0.2531    mrr@10 : 0.2149
Thu 19 Feb 2026 10:58:50 INFO  epoch 14 training [time: 61.38s, train loss: 3005.5538]
Thu 19 Feb 2026 10:58:53 INFO  epoch 14 evaluating [time: 2.91s, valid_score: 0.385300]
Thu 19 Feb 2026 10:58:53 INFO  valid result: 
hit@10 : 0.3853    ndcg@10 : 0.2575    mrr@10 : 0.2181
Thu 19 Feb 2026 10:58:53 INFO  Finished training, best eval result in epoch 3
Thu 19 Feb 2026 10:58:53 INFO  Loading model structure and parameters from saved\TimeWeaver-Feb-19-2026_10-42-52.pth
Thu 19 Feb 2026 10:58:57 INFO  The running environment of this training is as follows:
+-------------+----------------+
| Environment |     Usage      |
+=============+================+
| CPU         |    10.80 %     |
+-------------+----------------+
| GPU         | 0.48 G/6.00 G  |
+-------------+----------------+
| Memory      | 1.59 G/15.63 G |
+-------------+----------------+
Thu 19 Feb 2026 10:58:57 INFO  best valid : OrderedDict([('hit@10', 0.4193), ('ndcg@10', 0.2818), ('mrr@10', 0.2395)])
Thu 19 Feb 2026 10:58:57 INFO  test result: OrderedDict([('hit@10', 0.3487), ('ndcg@10', 0.2319), ('mrr@10', 0.1961)])
Thu 19 Feb 2026 10:58:57 WARNING  command line args [--models timeweaver --datasets amazon-electronics-5core-subset --timeweaver-variant gate_discrete --seeds 42,2023,2024 --device gpu --output results/timeweaver_ablations_elc.json] will not be used in RecBole
Thu 19 Feb 2026 10:58:57 INFO  ['F:\\桌面\\recommendation_system\\scripts\\run_grid.py', '--models', 'timeweaver', '--datasets', 'amazon-electronics-5core-subset', '--timeweaver-variant', 'gate_discrete', '--seeds', '42,2023,2024', '--device', 'gpu', '--output', 'results/timeweaver_ablations_elc.json']
Thu 19 Feb 2026 10:58:57 INFO  
General Hyper Parameters:
gpu_id = 0
use_gpu = True
seed = 2024
state = INFO
reproducibility = True
data_path = data/amazon\amazon-electronics-5core-subset
checkpoint_dir = saved
show_progress = True
save_dataset = False
dataset_save_path = None
save_dataloaders = False
dataloaders_save_path = None
log_wandb = False

Training Hyper Parameters:
epochs = 100
train_batch_size = 256
learner = adam
learning_rate = 0.001
train_neg_sample_args = {'distribution': 'none', 'sample_num': 'none', 'alpha': 'none', 'dynamic': False, 'candidate_num': 0}
eval_step = 1
stopping_step = 10
clip_grad_norm = None
weight_decay = 0.0
loss_decimal_place = 4

Evaluation Hyper Parameters:
eval_args = {'split': {'LS': 'valid_and_test'}, 'order': 'TO', 'group_by': 'user', 'mode': {'valid': 'uni100', 'test': 'uni100'}}
repeatable = True
metrics = ['Hit', 'NDCG', 'MRR']
topk = [10]
valid_metric = Hit@10
valid_metric_bigger = True
eval_batch_size = 512
metric_decimal_place = 4

Dataset Hyper Parameters:
field_separator = 	
seq_separator =  
USER_ID_FIELD = user_id
ITEM_ID_FIELD = item_id
RATING_FIELD = rating
TIME_FIELD = timestamp
seq_len = None
LABEL_FIELD = label
threshold = None
NEG_PREFIX = neg_
load_col = {'inter': ['user_id', 'item_id', 'rating', 'timestamp']}
unload_col = None
unused_col = None
additional_feat_suffix = None
rm_dup_inter = None
val_interval = None
filter_inter_by_user_or_item = True
user_inter_num_interval = [0,inf)
item_inter_num_interval = [0,inf)
alias_of_user_id = None
alias_of_item_id = None
alias_of_entity_id = None
alias_of_relation_id = None
preload_weight = None
normalize_field = None
normalize_all = None
ITEM_LIST_LENGTH_FIELD = item_length
LIST_SUFFIX = _list
MAX_ITEM_LIST_LENGTH = 32
POSITION_FIELD = position_id
HEAD_ENTITY_ID_FIELD = head_id
TAIL_ENTITY_ID_FIELD = tail_id
RELATION_ID_FIELD = relation_id
ENTITY_ID_FIELD = entity_id
benchmark_filename = None

Other Hyper Parameters: 
worker = 0
wandb_project = recbole
shuffle = True
require_pow = False
enable_amp = False
enable_scaler = False
transform = None
numerical_features = []
discretization = None
kg_reverse_r = False
entity_kg_num_interval = [0,inf)
relation_kg_num_interval = [0,inf)
MODEL_TYPE = ModelType.SEQUENTIAL
model_name = TimeWeaver
hidden_size = 64
num_layers = 2
hidden_dropout_prob = 0.5
initializer_range = 0.02
time_bucket_size = 1000
ema_decay = 0.5
tcn_kernel_size = -1
ffn_hidden_size = 256
loss_type = CE
early_stop = 10
neg_sampling = None
device = cuda
use_continuous_time = False
use_time_gate = True
use_time_augmentation = False
MODEL_INPUT_TYPE = InputType.POINTWISE
eval_type = EvaluatorType.RANKING
single_spec = True
local_rank = 0
valid_neg_sample_args = {'distribution': 'uniform', 'sample_num': 100}
test_neg_sample_args = {'distribution': 'uniform', 'sample_num': 100}


Thu 19 Feb 2026 10:58:57 INFO  amazon-electronics-5core-subset
The number of users: 1501
Average actions of users: 108.42733333333334
The number of items: 54722
Average actions of items: 2.9721861808080994
The number of inters: 162641
The sparsity of the dataset: 99.80198988231011%
Remain Fields: ['user_id', 'item_id', 'rating', 'timestamp']
Thu 19 Feb 2026 10:59:00 INFO  [Training]: train_batch_size = [256] train_neg_sample_args: [{'distribution': 'none', 'sample_num': 'none', 'alpha': 'none', 'dynamic': False, 'candidate_num': 0}]
Thu 19 Feb 2026 10:59:00 INFO  [Evaluation]: eval_batch_size = [512] eval_args: [{'split': {'LS': 'valid_and_test'}, 'order': 'TO', 'group_by': 'user', 'mode': {'valid': 'uni100', 'test': 'uni100'}}]
Thu 19 Feb 2026 10:59:00 INFO  TimeWeaver(
  (item_embedding): Embedding(54722, 64, padding_idx=0)
  (time_aug): TimeAwareAugmentation(
    (pos_embedding): Embedding(32, 64)
    (time_embedding): Embedding(1000, 64)
    (time_gate): TimeGate(
      (net): Sequential(
        (0): Linear(in_features=128, out_features=16, bias=True)
        (1): GELU(approximate='none')
        (2): Linear(in_features=16, out_features=64, bias=True)
        (3): Sigmoid()
      )
    )
    (layer_norm): LayerNorm((64,), eps=1e-05, elementwise_affine=True)
    (drop): Dropout(p=0.5, inplace=False)
  )
  (context_layers): ModuleList(
    (0-1): 2 x TCNNextBlock(
      (dw): DepthwiseConv1d(
        (conv): Conv1d(64, 64, kernel_size=(11,), stride=(1,), padding=(5,), groups=64)
        (bn): BatchNorm1d(64, eps=1e-05, momentum=0.1, affine=True, track_running_stats=True)
        (drop): Dropout(p=0.5, inplace=False)
      )
      (norm1): LayerNorm((64,), eps=1e-05, elementwise_affine=True)
      (conv_inter): ParallelConvInter(
        (conv1): Conv1d(64, 64, kernel_size=(1,), stride=(1,))
        (conv3): Conv1d(64, 64, kernel_size=(3,), stride=(1,), padding=(1,))
        (proj): Conv1d(64, 64, kernel_size=(1,), stride=(1,))
        (drop): Dropout(p=0.5, inplace=False)
      )
      (norm2): LayerNorm((64,), eps=1e-05, elementwise_affine=True)
      (ffn): Sequential(
        (0): Linear(in_features=64, out_features=256, bias=True)
        (1): GELU(approximate='none')
        (2): Dropout(p=0.5, inplace=False)
        (3): Linear(in_features=256, out_features=64, bias=True)
        (4): Dropout(p=0.5, inplace=False)
      )
      (norm3): LayerNorm((64,), eps=1e-05, elementwise_affine=True)
    )
  )
  (dynamic_layers): ModuleList(
    (0-1): 2 x EMAStream(
      (proj): Linear(in_features=64, out_features=64, bias=True)
    )
  )
  (weavers): ModuleList(
    (0-1): 2 x StreamWeaver(
      (proj): Linear(in_features=128, out_features=64, bias=True)
      (norm): LayerNorm((64,), eps=1e-05, elementwise_affine=True)
    )
  )
  (loss_fct): CrossEntropyLoss()
)
Trainable parameters: 3706706.0
Thu 19 Feb 2026 10:59:00 INFO  FLOPs: 4397056.0
Thu 19 Feb 2026 11:00:02 INFO  epoch 0 training [time: 62.27s, train loss: 6511.0773]
Thu 19 Feb 2026 11:00:05 INFO  epoch 0 evaluating [time: 2.84s, valid_score: 0.364700]
Thu 19 Feb 2026 11:00:05 INFO  valid result: 
hit@10 : 0.3647    ndcg@10 : 0.2209    mrr@10 : 0.1765
Thu 19 Feb 2026 11:00:05 INFO  Saving current: saved\TimeWeaver-Feb-19-2026_10-59-00.pth
Thu 19 Feb 2026 11:01:07 INFO  epoch 1 training [time: 62.40s, train loss: 6084.4437]
Thu 19 Feb 2026 11:01:10 INFO  epoch 1 evaluating [time: 2.97s, valid_score: 0.402700]
Thu 19 Feb 2026 11:01:10 INFO  valid result: 
hit@10 : 0.4027    ndcg@10 : 0.2615    mrr@10 : 0.2175
Thu 19 Feb 2026 11:01:10 INFO  Saving current: saved\TimeWeaver-Feb-19-2026_10-59-00.pth
Thu 19 Feb 2026 11:02:11 INFO  epoch 2 training [time: 60.41s, train loss: 5612.2689]
Thu 19 Feb 2026 11:02:14 INFO  epoch 2 evaluating [time: 2.97s, valid_score: 0.410700]
Thu 19 Feb 2026 11:02:14 INFO  valid result: 
hit@10 : 0.4107    ndcg@10 : 0.275    mrr@10 : 0.233
Thu 19 Feb 2026 11:02:14 INFO  Saving current: saved\TimeWeaver-Feb-19-2026_10-59-00.pth
Thu 19 Feb 2026 11:03:16 INFO  epoch 3 training [time: 61.63s, train loss: 5122.9125]
Thu 19 Feb 2026 11:03:18 INFO  epoch 3 evaluating [time: 2.89s, valid_score: 0.392000]
Thu 19 Feb 2026 11:03:18 INFO  valid result: 
hit@10 : 0.392    ndcg@10 : 0.2649    mrr@10 : 0.2255
Thu 19 Feb 2026 11:04:20 INFO  epoch 4 training [time: 62.09s, train loss: 4689.0765]
Thu 19 Feb 2026 11:04:24 INFO  epoch 4 evaluating [time: 3.02s, valid_score: 0.386000]
Thu 19 Feb 2026 11:04:24 INFO  valid result: 
hit@10 : 0.386    ndcg@10 : 0.2677    mrr@10 : 0.231
Thu 19 Feb 2026 11:05:29 INFO  epoch 5 training [time: 65.88s, train loss: 4349.4282]
Thu 19 Feb 2026 11:05:32 INFO  epoch 5 evaluating [time: 2.95s, valid_score: 0.373300]
Thu 19 Feb 2026 11:05:32 INFO  valid result: 
hit@10 : 0.3733    ndcg@10 : 0.2597    mrr@10 : 0.2242
Thu 19 Feb 2026 11:06:37 INFO  epoch 6 training [time: 64.32s, train loss: 4091.2406]
Thu 19 Feb 2026 11:06:40 INFO  epoch 6 evaluating [time: 2.93s, valid_score: 0.374000]
Thu 19 Feb 2026 11:06:40 INFO  valid result: 
hit@10 : 0.374    ndcg@10 : 0.2605    mrr@10 : 0.2251
Thu 19 Feb 2026 11:07:43 INFO  epoch 7 training [time: 63.71s, train loss: 3892.0378]
Thu 19 Feb 2026 11:07:47 INFO  epoch 7 evaluating [time: 3.46s, valid_score: 0.381300]
Thu 19 Feb 2026 11:07:47 INFO  valid result: 
hit@10 : 0.3813    ndcg@10 : 0.2656    mrr@10 : 0.2298
Thu 19 Feb 2026 11:08:50 INFO  epoch 8 training [time: 62.95s, train loss: 3732.5070]
Thu 19 Feb 2026 11:08:53 INFO  epoch 8 evaluating [time: 3.03s, valid_score: 0.383300]
Thu 19 Feb 2026 11:08:53 INFO  valid result: 
hit@10 : 0.3833    ndcg@10 : 0.2649    mrr@10 : 0.2282
Thu 19 Feb 2026 11:09:55 INFO  epoch 9 training [time: 62.55s, train loss: 3596.7749]
Thu 19 Feb 2026 11:09:58 INFO  epoch 9 evaluating [time: 2.97s, valid_score: 0.368700]
Thu 19 Feb 2026 11:09:58 INFO  valid result: 
hit@10 : 0.3687    ndcg@10 : 0.257    mrr@10 : 0.2224
Thu 19 Feb 2026 11:11:00 INFO  epoch 10 training [time: 61.52s, train loss: 3472.4106]
Thu 19 Feb 2026 11:11:03 INFO  epoch 10 evaluating [time: 2.86s, valid_score: 0.384000]
Thu 19 Feb 2026 11:11:03 INFO  valid result: 
hit@10 : 0.384    ndcg@10 : 0.2611    mrr@10 : 0.2231
Thu 19 Feb 2026 11:12:04 INFO  epoch 11 training [time: 61.35s, train loss: 3355.1923]
Thu 19 Feb 2026 11:12:07 INFO  epoch 11 evaluating [time: 2.92s, valid_score: 0.388700]
Thu 19 Feb 2026 11:12:07 INFO  valid result: 
hit@10 : 0.3887    ndcg@10 : 0.2632    mrr@10 : 0.2242
Thu 19 Feb 2026 11:13:10 INFO  epoch 12 training [time: 63.46s, train loss: 3258.1647]
Thu 19 Feb 2026 11:13:13 INFO  epoch 12 evaluating [time: 3.06s, valid_score: 0.371300]
Thu 19 Feb 2026 11:13:13 INFO  valid result: 
hit@10 : 0.3713    ndcg@10 : 0.2534    mrr@10 : 0.217
Thu 19 Feb 2026 11:14:15 INFO  epoch 13 training [time: 61.80s, train loss: 3156.2995]
Thu 19 Feb 2026 11:14:18 INFO  epoch 13 evaluating [time: 2.90s, valid_score: 0.378700]
Thu 19 Feb 2026 11:14:18 INFO  valid result: 
hit@10 : 0.3787    ndcg@10 : 0.2623    mrr@10 : 0.2264
Thu 19 Feb 2026 11:14:18 INFO  Finished training, best eval result in epoch 2
Thu 19 Feb 2026 11:14:18 INFO  Loading model structure and parameters from saved\TimeWeaver-Feb-19-2026_10-59-00.pth
Thu 19 Feb 2026 11:14:22 INFO  The running environment of this training is as follows:
+-------------+----------------+
| Environment |     Usage      |
+=============+================+
| CPU         |    19.50 %     |
+-------------+----------------+
| GPU         | 0.48 G/6.00 G  |
+-------------+----------------+
| Memory      | 0.83 G/15.63 G |
+-------------+----------------+
Thu 19 Feb 2026 11:14:22 INFO  best valid : OrderedDict([('hit@10', 0.4107), ('ndcg@10', 0.275), ('mrr@10', 0.233)])
Thu 19 Feb 2026 11:14:22 INFO  test result: OrderedDict([('hit@10', 0.3587), ('ndcg@10', 0.2285), ('mrr@10', 0.1882)])
