Wed 11 Mar 2026 21:59:36 INFO  ['F:\\桌面\\recommendation_system\\scripts\\run_grid.py', '--models', 'timeweaver', '--datasets', 'amazon-toys-5core-longseq-full', '--timeweaver-variant', 'aug', '--seeds', '42,2023,2024', '--device', 'gpu', '--output', 'results/timeweaver_toyslong_ablation_full.json', '--skip-if-done']
Wed 11 Mar 2026 21:59:36 INFO  
General Hyper Parameters:
gpu_id = 0
use_gpu = True
seed = 42
state = INFO
reproducibility = True
data_path = data/amazon\amazon-toys-5core-longseq
checkpoint_dir = saved
show_progress = True
save_dataset = False
dataset_save_path = None
save_dataloaders = False
dataloaders_save_path = None
log_wandb = False

Training Hyper Parameters:
epochs = 100
train_batch_size = 256
learner = adam
learning_rate = 0.001
train_neg_sample_args = {'distribution': 'none', 'sample_num': 'none', 'alpha': 'none', 'dynamic': False, 'candidate_num': 0}
eval_step = 1
stopping_step = 10
clip_grad_norm = None
weight_decay = 0.0
loss_decimal_place = 4

Evaluation Hyper Parameters:
eval_args = {'split': {'LS': 'valid_and_test'}, 'order': 'TO', 'group_by': 'user', 'mode': {'valid': 'full', 'test': 'full'}}
repeatable = True
metrics = ['Hit', 'NDCG', 'MRR']
topk = [10]
valid_metric = Hit@10
valid_metric_bigger = True
eval_batch_size = 512
metric_decimal_place = 4

Dataset Hyper Parameters:
field_separator = 	
seq_separator =  
USER_ID_FIELD = user_id
ITEM_ID_FIELD = item_id
RATING_FIELD = rating
TIME_FIELD = timestamp
seq_len = None
LABEL_FIELD = label
threshold = None
NEG_PREFIX = neg_
load_col = {'inter': ['user_id', 'item_id', 'rating', 'timestamp']}
unload_col = None
unused_col = None
additional_feat_suffix = None
rm_dup_inter = None
val_interval = None
filter_inter_by_user_or_item = True
user_inter_num_interval = [0,inf)
item_inter_num_interval = [0,inf)
alias_of_user_id = None
alias_of_item_id = None
alias_of_entity_id = None
alias_of_relation_id = None
preload_weight = None
normalize_field = None
normalize_all = None
ITEM_LIST_LENGTH_FIELD = item_length
LIST_SUFFIX = _list
MAX_ITEM_LIST_LENGTH = 32
POSITION_FIELD = position_id
HEAD_ENTITY_ID_FIELD = head_id
TAIL_ENTITY_ID_FIELD = tail_id
RELATION_ID_FIELD = relation_id
ENTITY_ID_FIELD = entity_id
benchmark_filename = None

Other Hyper Parameters: 
worker = 0
wandb_project = recbole
shuffle = True
require_pow = False
enable_amp = False
enable_scaler = False
transform = None
numerical_features = []
discretization = None
kg_reverse_r = False
entity_kg_num_interval = [0,inf)
relation_kg_num_interval = [0,inf)
MODEL_TYPE = ModelType.SEQUENTIAL
model_name = TimeWeaver
hidden_size = 64
num_layers = 2
hidden_dropout_prob = 0.5
initializer_range = 0.02
time_bucket_size = 1000
ema_decay = 0.5
tcn_kernel_size = -1
ffn_hidden_size = 256
loss_type = CE
early_stop = 10
neg_sampling = None
device = cuda
use_continuous_time = True
use_time_gate = True
use_time_augmentation = True
MODEL_INPUT_TYPE = InputType.POINTWISE
eval_type = EvaluatorType.RANKING
single_spec = True
local_rank = 0
valid_neg_sample_args = {'distribution': 'uniform', 'sample_num': 'none'}
test_neg_sample_args = {'distribution': 'uniform', 'sample_num': 'none'}


Wed 11 Mar 2026 21:59:36 INFO  amazon-toys-5core-longseq
The number of users: 1789
Average actions of users: 26.18903803131991
The number of items: 10183
Average actions of items: 4.598900019642507
The number of inters: 46826
The sparsity of the dataset: 99.74295984380197%
Remain Fields: ['user_id', 'item_id', 'rating', 'timestamp']
Wed 11 Mar 2026 21:59:37 INFO  [Training]: train_batch_size = [256] train_neg_sample_args: [{'distribution': 'none', 'sample_num': 'none', 'alpha': 'none', 'dynamic': False, 'candidate_num': 0}]
Wed 11 Mar 2026 21:59:37 INFO  [Evaluation]: eval_batch_size = [512] eval_args: [{'split': {'LS': 'valid_and_test'}, 'order': 'TO', 'group_by': 'user', 'mode': {'valid': 'full', 'test': 'full'}}]
Wed 11 Mar 2026 21:59:38 INFO  TimeWeaver(
  (item_embedding): Embedding(10183, 64, padding_idx=0)
  (time_aug): TimeAwareAugmentation(
    (pos_embedding): Embedding(32, 64)
    (time_embedder): ContinuousTimeEmbedding(
      (time2vec): Time2Vec()
    )
    (time_gate): TimeGate(
      (net): Sequential(
        (0): Linear(in_features=128, out_features=16, bias=True)
        (1): GELU(approximate='none')
        (2): Linear(in_features=16, out_features=64, bias=True)
        (3): Sigmoid()
      )
    )
    (layer_norm): LayerNorm((64,), eps=1e-05, elementwise_affine=True)
    (drop): Dropout(p=0.5, inplace=False)
  )
  (context_layers): ModuleList(
    (0-1): 2 x TCNNextBlock(
      (dw): DepthwiseConv1d(
        (conv): Conv1d(64, 64, kernel_size=(11,), stride=(1,), padding=(5,), groups=64)
        (bn): BatchNorm1d(64, eps=1e-05, momentum=0.1, affine=True, track_running_stats=True)
        (drop): Dropout(p=0.5, inplace=False)
      )
      (norm1): LayerNorm((64,), eps=1e-05, elementwise_affine=True)
      (conv_inter): ParallelConvInter(
        (conv1): Conv1d(64, 64, kernel_size=(1,), stride=(1,))
        (conv3): Conv1d(64, 64, kernel_size=(3,), stride=(1,), padding=(1,))
        (proj): Conv1d(64, 64, kernel_size=(1,), stride=(1,))
        (drop): Dropout(p=0.5, inplace=False)
      )
      (norm2): LayerNorm((64,), eps=1e-05, elementwise_affine=True)
      (ffn): Sequential(
        (0): Linear(in_features=64, out_features=256, bias=True)
        (1): GELU(approximate='none')
        (2): Dropout(p=0.5, inplace=False)
        (3): Linear(in_features=256, out_features=64, bias=True)
        (4): Dropout(p=0.5, inplace=False)
      )
      (norm3): LayerNorm((64,), eps=1e-05, elementwise_affine=True)
    )
  )
  (dynamic_layers): ModuleList(
    (0-1): 2 x EMAStream(
      (proj): Linear(in_features=64, out_features=64, bias=True)
    )
  )
  (weavers): ModuleList(
    (0-1): 2 x StreamWeaver(
      (proj): Linear(in_features=128, out_features=64, bias=True)
      (norm): LayerNorm((64,), eps=1e-05, elementwise_affine=True)
    )
  )
  (loss_fct): CrossEntropyLoss()
)
Trainable parameters: 792338.0
Wed 11 Mar 2026 21:59:39 INFO  FLOPs: 4395008.0
Wed 11 Mar 2026 22:00:05 INFO  epoch 0 training [time: 23.96s, train loss: 1429.2450]
Wed 11 Mar 2026 22:00:06 INFO  epoch 0 evaluating [time: 0.20s, valid_score: 0.005600]
Wed 11 Mar 2026 22:00:06 INFO  valid result: 
hit@10 : 0.0056    ndcg@10 : 0.0034    mrr@10 : 0.0027
Wed 11 Mar 2026 22:00:06 INFO  Saving current: saved\TimeWeaver-Mar-11-2026_21-59-39.pth
Wed 11 Mar 2026 22:00:29 INFO  epoch 1 training [time: 23.48s, train loss: 1338.7081]
Wed 11 Mar 2026 22:00:29 INFO  epoch 1 evaluating [time: 0.09s, valid_score: 0.014500]
Wed 11 Mar 2026 22:00:29 INFO  valid result: 
hit@10 : 0.0145    ndcg@10 : 0.0059    mrr@10 : 0.0034
Wed 11 Mar 2026 22:00:29 INFO  Saving current: saved\TimeWeaver-Mar-11-2026_21-59-39.pth
Wed 11 Mar 2026 22:00:53 INFO  epoch 2 training [time: 23.69s, train loss: 1276.9184]
Wed 11 Mar 2026 22:00:53 INFO  epoch 2 evaluating [time: 0.09s, valid_score: 0.022900]
Wed 11 Mar 2026 22:00:53 INFO  valid result: 
hit@10 : 0.0229    ndcg@10 : 0.0106    mrr@10 : 0.007
Wed 11 Mar 2026 22:00:53 INFO  Saving current: saved\TimeWeaver-Mar-11-2026_21-59-39.pth
Wed 11 Mar 2026 22:01:16 INFO  epoch 3 training [time: 23.30s, train loss: 1223.2224]
Wed 11 Mar 2026 22:01:16 INFO  epoch 3 evaluating [time: 0.08s, valid_score: 0.034700]
Wed 11 Mar 2026 22:01:16 INFO  valid result: 
hit@10 : 0.0347    ndcg@10 : 0.016    mrr@10 : 0.0104
Wed 11 Mar 2026 22:01:16 INFO  Saving current: saved\TimeWeaver-Mar-11-2026_21-59-39.pth
Wed 11 Mar 2026 22:01:40 INFO  epoch 4 training [time: 23.61s, train loss: 1170.9829]
Wed 11 Mar 2026 22:01:40 INFO  epoch 4 evaluating [time: 0.08s, valid_score: 0.045900]
Wed 11 Mar 2026 22:01:40 INFO  valid result: 
hit@10 : 0.0459    ndcg@10 : 0.0209    mrr@10 : 0.0134
Wed 11 Mar 2026 22:01:40 INFO  Saving current: saved\TimeWeaver-Mar-11-2026_21-59-39.pth
Wed 11 Mar 2026 22:02:04 INFO  epoch 5 training [time: 23.56s, train loss: 1116.9722]
Wed 11 Mar 2026 22:02:04 INFO  epoch 5 evaluating [time: 0.11s, valid_score: 0.054800]
Wed 11 Mar 2026 22:02:04 INFO  valid result: 
hit@10 : 0.0548    ndcg@10 : 0.0256    mrr@10 : 0.0169
Wed 11 Mar 2026 22:02:04 INFO  Saving current: saved\TimeWeaver-Mar-11-2026_21-59-39.pth
Wed 11 Mar 2026 22:02:31 INFO  epoch 6 training [time: 27.43s, train loss: 1065.4293]
Wed 11 Mar 2026 22:02:31 INFO  epoch 6 evaluating [time: 0.06s, valid_score: 0.058200]
Wed 11 Mar 2026 22:02:31 INFO  valid result: 
hit@10 : 0.0582    ndcg@10 : 0.0273    mrr@10 : 0.0181
Wed 11 Mar 2026 22:02:31 INFO  Saving current: saved\TimeWeaver-Mar-11-2026_21-59-39.pth
Wed 11 Mar 2026 22:03:12 INFO  epoch 7 training [time: 41.04s, train loss: 1017.4062]
Wed 11 Mar 2026 22:03:12 INFO  epoch 7 evaluating [time: 0.08s, valid_score: 0.065400]
Wed 11 Mar 2026 22:03:12 INFO  valid result: 
hit@10 : 0.0654    ndcg@10 : 0.0296    mrr@10 : 0.0189
Wed 11 Mar 2026 22:03:13 INFO  Saving current: saved\TimeWeaver-Mar-11-2026_21-59-39.pth
Wed 11 Mar 2026 22:03:58 INFO  epoch 8 training [time: 45.63s, train loss: 972.7540]
Wed 11 Mar 2026 22:03:58 INFO  epoch 8 evaluating [time: 0.08s, valid_score: 0.064900]
Wed 11 Mar 2026 22:03:58 INFO  valid result: 
hit@10 : 0.0649    ndcg@10 : 0.0292    mrr@10 : 0.0184
Wed 11 Mar 2026 22:04:43 INFO  epoch 9 training [time: 44.72s, train loss: 934.6488]
Wed 11 Mar 2026 22:04:43 INFO  epoch 9 evaluating [time: 0.08s, valid_score: 0.068200]
Wed 11 Mar 2026 22:04:43 INFO  valid result: 
hit@10 : 0.0682    ndcg@10 : 0.031    mrr@10 : 0.02
Wed 11 Mar 2026 22:04:43 INFO  Saving current: saved\TimeWeaver-Mar-11-2026_21-59-39.pth
Wed 11 Mar 2026 22:05:24 INFO  epoch 10 training [time: 40.48s, train loss: 900.7332]
Wed 11 Mar 2026 22:05:24 INFO  epoch 10 evaluating [time: 0.08s, valid_score: 0.079400]
Wed 11 Mar 2026 22:05:24 INFO  valid result: 
hit@10 : 0.0794    ndcg@10 : 0.034    mrr@10 : 0.0203
Wed 11 Mar 2026 22:05:24 INFO  Saving current: saved\TimeWeaver-Mar-11-2026_21-59-39.pth
Wed 11 Mar 2026 22:06:04 INFO  epoch 11 training [time: 40.73s, train loss: 870.9422]
Wed 11 Mar 2026 22:06:04 INFO  epoch 11 evaluating [time: 0.08s, valid_score: 0.078300]
Wed 11 Mar 2026 22:06:04 INFO  valid result: 
hit@10 : 0.0783    ndcg@10 : 0.0341    mrr@10 : 0.0209
Wed 11 Mar 2026 22:06:45 INFO  epoch 12 training [time: 40.07s, train loss: 847.3797]
Wed 11 Mar 2026 22:06:45 INFO  epoch 12 evaluating [time: 0.08s, valid_score: 0.081700]
Wed 11 Mar 2026 22:06:45 INFO  valid result: 
hit@10 : 0.0817    ndcg@10 : 0.0353    mrr@10 : 0.0214
Wed 11 Mar 2026 22:06:45 INFO  Saving current: saved\TimeWeaver-Mar-11-2026_21-59-39.pth
Wed 11 Mar 2026 22:07:25 INFO  epoch 13 training [time: 40.12s, train loss: 825.7902]
Wed 11 Mar 2026 22:07:25 INFO  epoch 13 evaluating [time: 0.09s, valid_score: 0.076600]
Wed 11 Mar 2026 22:07:25 INFO  valid result: 
hit@10 : 0.0766    ndcg@10 : 0.0344    mrr@10 : 0.0215
Wed 11 Mar 2026 22:08:04 INFO  epoch 14 training [time: 39.25s, train loss: 805.8656]
Wed 11 Mar 2026 22:08:04 INFO  epoch 14 evaluating [time: 0.08s, valid_score: 0.086700]
Wed 11 Mar 2026 22:08:04 INFO  valid result: 
hit@10 : 0.0867    ndcg@10 : 0.0381    mrr@10 : 0.0236
Wed 11 Mar 2026 22:08:04 INFO  Saving current: saved\TimeWeaver-Mar-11-2026_21-59-39.pth
Wed 11 Mar 2026 22:08:44 INFO  epoch 15 training [time: 39.96s, train loss: 788.3843]
Wed 11 Mar 2026 22:08:44 INFO  epoch 15 evaluating [time: 0.08s, valid_score: 0.076100]
Wed 11 Mar 2026 22:08:44 INFO  valid result: 
hit@10 : 0.0761    ndcg@10 : 0.0341    mrr@10 : 0.0215
Wed 11 Mar 2026 22:09:24 INFO  epoch 16 training [time: 39.92s, train loss: 773.2431]
Wed 11 Mar 2026 22:09:24 INFO  epoch 16 evaluating [time: 0.07s, valid_score: 0.080500]
Wed 11 Mar 2026 22:09:24 INFO  valid result: 
hit@10 : 0.0805    ndcg@10 : 0.0346    mrr@10 : 0.0208
Wed 11 Mar 2026 22:10:04 INFO  epoch 17 training [time: 39.88s, train loss: 757.6060]
Wed 11 Mar 2026 22:10:04 INFO  epoch 17 evaluating [time: 0.08s, valid_score: 0.080000]
Wed 11 Mar 2026 22:10:04 INFO  valid result: 
hit@10 : 0.08    ndcg@10 : 0.035    mrr@10 : 0.0213
Wed 11 Mar 2026 22:10:44 INFO  epoch 18 training [time: 40.01s, train loss: 745.0644]
Wed 11 Mar 2026 22:10:44 INFO  epoch 18 evaluating [time: 0.08s, valid_score: 0.080500]
Wed 11 Mar 2026 22:10:44 INFO  valid result: 
hit@10 : 0.0805    ndcg@10 : 0.0364    mrr@10 : 0.0229
Wed 11 Mar 2026 22:11:24 INFO  epoch 19 training [time: 39.74s, train loss: 731.8353]
Wed 11 Mar 2026 22:11:24 INFO  epoch 19 evaluating [time: 0.08s, valid_score: 0.082800]
Wed 11 Mar 2026 22:11:24 INFO  valid result: 
hit@10 : 0.0828    ndcg@10 : 0.0364    mrr@10 : 0.0225
Wed 11 Mar 2026 22:12:04 INFO  epoch 20 training [time: 39.66s, train loss: 721.0829]
Wed 11 Mar 2026 22:12:04 INFO  epoch 20 evaluating [time: 0.08s, valid_score: 0.090600]
Wed 11 Mar 2026 22:12:04 INFO  valid result: 
hit@10 : 0.0906    ndcg@10 : 0.0395    mrr@10 : 0.0242
Wed 11 Mar 2026 22:12:04 INFO  Saving current: saved\TimeWeaver-Mar-11-2026_21-59-39.pth
Wed 11 Mar 2026 22:12:47 INFO  epoch 21 training [time: 43.39s, train loss: 706.3498]
Wed 11 Mar 2026 22:12:47 INFO  epoch 21 evaluating [time: 0.08s, valid_score: 0.080500]
Wed 11 Mar 2026 22:12:47 INFO  valid result: 
hit@10 : 0.0805    ndcg@10 : 0.0366    mrr@10 : 0.0233
Wed 11 Mar 2026 22:13:29 INFO  epoch 22 training [time: 41.26s, train loss: 695.6845]
Wed 11 Mar 2026 22:13:29 INFO  epoch 22 evaluating [time: 0.08s, valid_score: 0.086700]
Wed 11 Mar 2026 22:13:29 INFO  valid result: 
hit@10 : 0.0867    ndcg@10 : 0.0396    mrr@10 : 0.0253
Wed 11 Mar 2026 22:14:09 INFO  epoch 23 training [time: 40.37s, train loss: 684.9155]
Wed 11 Mar 2026 22:14:09 INFO  epoch 23 evaluating [time: 0.09s, valid_score: 0.090000]
Wed 11 Mar 2026 22:14:09 INFO  valid result: 
hit@10 : 0.09    ndcg@10 : 0.0397    mrr@10 : 0.0248
Wed 11 Mar 2026 22:14:49 INFO  epoch 24 training [time: 40.16s, train loss: 676.2985]
Wed 11 Mar 2026 22:14:49 INFO  epoch 24 evaluating [time: 0.08s, valid_score: 0.083300]
Wed 11 Mar 2026 22:14:49 INFO  valid result: 
hit@10 : 0.0833    ndcg@10 : 0.0362    mrr@10 : 0.0221
Wed 11 Mar 2026 22:15:32 INFO  epoch 25 training [time: 42.64s, train loss: 665.8196]
Wed 11 Mar 2026 22:15:32 INFO  epoch 25 evaluating [time: 0.08s, valid_score: 0.082200]
Wed 11 Mar 2026 22:15:32 INFO  valid result: 
hit@10 : 0.0822    ndcg@10 : 0.0371    mrr@10 : 0.0235
Wed 11 Mar 2026 22:16:12 INFO  epoch 26 training [time: 40.04s, train loss: 655.9073]
Wed 11 Mar 2026 22:16:12 INFO  epoch 26 evaluating [time: 0.09s, valid_score: 0.085000]
Wed 11 Mar 2026 22:16:12 INFO  valid result: 
hit@10 : 0.085    ndcg@10 : 0.0377    mrr@10 : 0.0234
Wed 11 Mar 2026 22:16:52 INFO  epoch 27 training [time: 40.05s, train loss: 647.3685]
Wed 11 Mar 2026 22:16:52 INFO  epoch 27 evaluating [time: 0.08s, valid_score: 0.081100]
Wed 11 Mar 2026 22:16:52 INFO  valid result: 
hit@10 : 0.0811    ndcg@10 : 0.0366    mrr@10 : 0.0232
Wed 11 Mar 2026 22:17:36 INFO  epoch 28 training [time: 43.57s, train loss: 639.7415]
Wed 11 Mar 2026 22:17:36 INFO  epoch 28 evaluating [time: 0.10s, valid_score: 0.082200]
Wed 11 Mar 2026 22:17:36 INFO  valid result: 
hit@10 : 0.0822    ndcg@10 : 0.037    mrr@10 : 0.0234
Wed 11 Mar 2026 22:18:20 INFO  epoch 29 training [time: 43.84s, train loss: 629.8378]
Wed 11 Mar 2026 22:18:20 INFO  epoch 29 evaluating [time: 0.09s, valid_score: 0.074900]
Wed 11 Mar 2026 22:18:20 INFO  valid result: 
hit@10 : 0.0749    ndcg@10 : 0.0335    mrr@10 : 0.0208
Wed 11 Mar 2026 22:19:02 INFO  epoch 30 training [time: 41.81s, train loss: 622.9009]
Wed 11 Mar 2026 22:19:02 INFO  epoch 30 evaluating [time: 0.08s, valid_score: 0.084500]
Wed 11 Mar 2026 22:19:02 INFO  valid result: 
hit@10 : 0.0845    ndcg@10 : 0.0382    mrr@10 : 0.0243
Wed 11 Mar 2026 22:19:44 INFO  epoch 31 training [time: 42.38s, train loss: 616.4918]
Wed 11 Mar 2026 22:19:44 INFO  epoch 31 evaluating [time: 0.08s, valid_score: 0.076600]
Wed 11 Mar 2026 22:19:44 INFO  valid result: 
hit@10 : 0.0766    ndcg@10 : 0.0357    mrr@10 : 0.0234
Wed 11 Mar 2026 22:19:44 INFO  Finished training, best eval result in epoch 20
Wed 11 Mar 2026 22:19:44 INFO  Loading model structure and parameters from saved\TimeWeaver-Mar-11-2026_21-59-39.pth
Wed 11 Mar 2026 22:19:46 INFO  The running environment of this training is as follows:
+-------------+----------------+
| Environment |     Usage      |
+=============+================+
| CPU         |    14.10 %     |
+-------------+----------------+
| GPU         | 0.31 G/6.00 G  |
+-------------+----------------+
| Memory      | 1.57 G/15.63 G |
+-------------+----------------+
Wed 11 Mar 2026 22:19:46 INFO  best valid : OrderedDict([('hit@10', 0.0906), ('ndcg@10', 0.0395), ('mrr@10', 0.0242)])
Wed 11 Mar 2026 22:19:46 INFO  test result: OrderedDict([('hit@10', 0.0682), ('ndcg@10', 0.0326), ('mrr@10', 0.0219)])
Wed 11 Mar 2026 22:19:46 WARNING  command line args [--models timeweaver --datasets amazon-toys-5core-longseq-full --timeweaver-variant aug --seeds 42,2023,2024 --device gpu --output results/timeweaver_toyslong_ablation_full.json --skip-if-done] will not be used in RecBole
Wed 11 Mar 2026 22:19:46 INFO  ['F:\\桌面\\recommendation_system\\scripts\\run_grid.py', '--models', 'timeweaver', '--datasets', 'amazon-toys-5core-longseq-full', '--timeweaver-variant', 'aug', '--seeds', '42,2023,2024', '--device', 'gpu', '--output', 'results/timeweaver_toyslong_ablation_full.json', '--skip-if-done']
Wed 11 Mar 2026 22:19:46 INFO  
General Hyper Parameters:
gpu_id = 0
use_gpu = True
seed = 2023
state = INFO
reproducibility = True
data_path = data/amazon\amazon-toys-5core-longseq
checkpoint_dir = saved
show_progress = True
save_dataset = False
dataset_save_path = None
save_dataloaders = False
dataloaders_save_path = None
log_wandb = False

Training Hyper Parameters:
epochs = 100
train_batch_size = 256
learner = adam
learning_rate = 0.001
train_neg_sample_args = {'distribution': 'none', 'sample_num': 'none', 'alpha': 'none', 'dynamic': False, 'candidate_num': 0}
eval_step = 1
stopping_step = 10
clip_grad_norm = None
weight_decay = 0.0
loss_decimal_place = 4

Evaluation Hyper Parameters:
eval_args = {'split': {'LS': 'valid_and_test'}, 'order': 'TO', 'group_by': 'user', 'mode': {'valid': 'full', 'test': 'full'}}
repeatable = True
metrics = ['Hit', 'NDCG', 'MRR']
topk = [10]
valid_metric = Hit@10
valid_metric_bigger = True
eval_batch_size = 512
metric_decimal_place = 4

Dataset Hyper Parameters:
field_separator = 	
seq_separator =  
USER_ID_FIELD = user_id
ITEM_ID_FIELD = item_id
RATING_FIELD = rating
TIME_FIELD = timestamp
seq_len = None
LABEL_FIELD = label
threshold = None
NEG_PREFIX = neg_
load_col = {'inter': ['user_id', 'item_id', 'rating', 'timestamp']}
unload_col = None
unused_col = None
additional_feat_suffix = None
rm_dup_inter = None
val_interval = None
filter_inter_by_user_or_item = True
user_inter_num_interval = [0,inf)
item_inter_num_interval = [0,inf)
alias_of_user_id = None
alias_of_item_id = None
alias_of_entity_id = None
alias_of_relation_id = None
preload_weight = None
normalize_field = None
normalize_all = None
ITEM_LIST_LENGTH_FIELD = item_length
LIST_SUFFIX = _list
MAX_ITEM_LIST_LENGTH = 32
POSITION_FIELD = position_id
HEAD_ENTITY_ID_FIELD = head_id
TAIL_ENTITY_ID_FIELD = tail_id
RELATION_ID_FIELD = relation_id
ENTITY_ID_FIELD = entity_id
benchmark_filename = None

Other Hyper Parameters: 
worker = 0
wandb_project = recbole
shuffle = True
require_pow = False
enable_amp = False
enable_scaler = False
transform = None
numerical_features = []
discretization = None
kg_reverse_r = False
entity_kg_num_interval = [0,inf)
relation_kg_num_interval = [0,inf)
MODEL_TYPE = ModelType.SEQUENTIAL
model_name = TimeWeaver
hidden_size = 64
num_layers = 2
hidden_dropout_prob = 0.5
initializer_range = 0.02
time_bucket_size = 1000
ema_decay = 0.5
tcn_kernel_size = -1
ffn_hidden_size = 256
loss_type = CE
early_stop = 10
neg_sampling = None
device = cuda
use_continuous_time = True
use_time_gate = True
use_time_augmentation = True
MODEL_INPUT_TYPE = InputType.POINTWISE
eval_type = EvaluatorType.RANKING
single_spec = True
local_rank = 0
valid_neg_sample_args = {'distribution': 'uniform', 'sample_num': 'none'}
test_neg_sample_args = {'distribution': 'uniform', 'sample_num': 'none'}


Wed 11 Mar 2026 22:19:46 INFO  amazon-toys-5core-longseq
The number of users: 1789
Average actions of users: 26.18903803131991
The number of items: 10183
Average actions of items: 4.598900019642507
The number of inters: 46826
The sparsity of the dataset: 99.74295984380197%
Remain Fields: ['user_id', 'item_id', 'rating', 'timestamp']
Wed 11 Mar 2026 22:19:47 INFO  [Training]: train_batch_size = [256] train_neg_sample_args: [{'distribution': 'none', 'sample_num': 'none', 'alpha': 'none', 'dynamic': False, 'candidate_num': 0}]
Wed 11 Mar 2026 22:19:47 INFO  [Evaluation]: eval_batch_size = [512] eval_args: [{'split': {'LS': 'valid_and_test'}, 'order': 'TO', 'group_by': 'user', 'mode': {'valid': 'full', 'test': 'full'}}]
Wed 11 Mar 2026 22:19:47 INFO  TimeWeaver(
  (item_embedding): Embedding(10183, 64, padding_idx=0)
  (time_aug): TimeAwareAugmentation(
    (pos_embedding): Embedding(32, 64)
    (time_embedder): ContinuousTimeEmbedding(
      (time2vec): Time2Vec()
    )
    (time_gate): TimeGate(
      (net): Sequential(
        (0): Linear(in_features=128, out_features=16, bias=True)
        (1): GELU(approximate='none')
        (2): Linear(in_features=16, out_features=64, bias=True)
        (3): Sigmoid()
      )
    )
    (layer_norm): LayerNorm((64,), eps=1e-05, elementwise_affine=True)
    (drop): Dropout(p=0.5, inplace=False)
  )
  (context_layers): ModuleList(
    (0-1): 2 x TCNNextBlock(
      (dw): DepthwiseConv1d(
        (conv): Conv1d(64, 64, kernel_size=(11,), stride=(1,), padding=(5,), groups=64)
        (bn): BatchNorm1d(64, eps=1e-05, momentum=0.1, affine=True, track_running_stats=True)
        (drop): Dropout(p=0.5, inplace=False)
      )
      (norm1): LayerNorm((64,), eps=1e-05, elementwise_affine=True)
      (conv_inter): ParallelConvInter(
        (conv1): Conv1d(64, 64, kernel_size=(1,), stride=(1,))
        (conv3): Conv1d(64, 64, kernel_size=(3,), stride=(1,), padding=(1,))
        (proj): Conv1d(64, 64, kernel_size=(1,), stride=(1,))
        (drop): Dropout(p=0.5, inplace=False)
      )
      (norm2): LayerNorm((64,), eps=1e-05, elementwise_affine=True)
      (ffn): Sequential(
        (0): Linear(in_features=64, out_features=256, bias=True)
        (1): GELU(approximate='none')
        (2): Dropout(p=0.5, inplace=False)
        (3): Linear(in_features=256, out_features=64, bias=True)
        (4): Dropout(p=0.5, inplace=False)
      )
      (norm3): LayerNorm((64,), eps=1e-05, elementwise_affine=True)
    )
  )
  (dynamic_layers): ModuleList(
    (0-1): 2 x EMAStream(
      (proj): Linear(in_features=64, out_features=64, bias=True)
    )
  )
  (weavers): ModuleList(
    (0-1): 2 x StreamWeaver(
      (proj): Linear(in_features=128, out_features=64, bias=True)
      (norm): LayerNorm((64,), eps=1e-05, elementwise_affine=True)
    )
  )
  (loss_fct): CrossEntropyLoss()
)
Trainable parameters: 792338.0
Wed 11 Mar 2026 22:19:47 INFO  FLOPs: 4395008.0
Wed 11 Mar 2026 22:20:09 INFO  epoch 0 training [time: 22.36s, train loss: 1431.9784]
Wed 11 Mar 2026 22:20:09 INFO  epoch 0 evaluating [time: 0.07s, valid_score: 0.008900]
Wed 11 Mar 2026 22:20:09 INFO  valid result: 
hit@10 : 0.0089    ndcg@10 : 0.0055    mrr@10 : 0.0044
Wed 11 Mar 2026 22:20:09 INFO  Saving current: saved\TimeWeaver-Mar-11-2026_22-19-47.pth
Wed 11 Mar 2026 22:20:28 INFO  epoch 1 training [time: 19.17s, train loss: 1344.0897]
Wed 11 Mar 2026 22:20:29 INFO  epoch 1 evaluating [time: 0.08s, valid_score: 0.008400]
Wed 11 Mar 2026 22:20:29 INFO  valid result: 
hit@10 : 0.0084    ndcg@10 : 0.0041    mrr@10 : 0.0028
Wed 11 Mar 2026 22:20:48 INFO  epoch 2 training [time: 19.22s, train loss: 1284.7338]
Wed 11 Mar 2026 22:20:48 INFO  epoch 2 evaluating [time: 0.08s, valid_score: 0.017300]
Wed 11 Mar 2026 22:20:48 INFO  valid result: 
hit@10 : 0.0173    ndcg@10 : 0.008    mrr@10 : 0.0053
Wed 11 Mar 2026 22:20:48 INFO  Saving current: saved\TimeWeaver-Mar-11-2026_22-19-47.pth
Wed 11 Mar 2026 22:21:07 INFO  epoch 3 training [time: 19.14s, train loss: 1231.8145]
Wed 11 Mar 2026 22:21:07 INFO  epoch 3 evaluating [time: 0.08s, valid_score: 0.031300]
Wed 11 Mar 2026 22:21:07 INFO  valid result: 
hit@10 : 0.0313    ndcg@10 : 0.0151    mrr@10 : 0.0103
Wed 11 Mar 2026 22:21:07 INFO  Saving current: saved\TimeWeaver-Mar-11-2026_22-19-47.pth
Wed 11 Mar 2026 22:21:29 INFO  epoch 4 training [time: 21.42s, train loss: 1179.0446]
Wed 11 Mar 2026 22:21:29 INFO  epoch 4 evaluating [time: 0.08s, valid_score: 0.048100]
Wed 11 Mar 2026 22:21:29 INFO  valid result: 
hit@10 : 0.0481    ndcg@10 : 0.0224    mrr@10 : 0.0146
Wed 11 Mar 2026 22:21:29 INFO  Saving current: saved\TimeWeaver-Mar-11-2026_22-19-47.pth
Wed 11 Mar 2026 22:21:49 INFO  epoch 5 training [time: 20.81s, train loss: 1126.3773]
Wed 11 Mar 2026 22:21:50 INFO  epoch 5 evaluating [time: 0.08s, valid_score: 0.049800]
Wed 11 Mar 2026 22:21:50 INFO  valid result: 
hit@10 : 0.0498    ndcg@10 : 0.0246    mrr@10 : 0.0168
Wed 11 Mar 2026 22:21:50 INFO  Saving current: saved\TimeWeaver-Mar-11-2026_22-19-47.pth
Wed 11 Mar 2026 22:22:13 INFO  epoch 6 training [time: 22.90s, train loss: 1076.4209]
Wed 11 Mar 2026 22:22:13 INFO  epoch 6 evaluating [time: 0.08s, valid_score: 0.058700]
Wed 11 Mar 2026 22:22:13 INFO  valid result: 
hit@10 : 0.0587    ndcg@10 : 0.026    mrr@10 : 0.0163
Wed 11 Mar 2026 22:22:13 INFO  Saving current: saved\TimeWeaver-Mar-11-2026_22-19-47.pth
Wed 11 Mar 2026 22:22:45 INFO  epoch 7 training [time: 32.59s, train loss: 1028.0818]
Wed 11 Mar 2026 22:22:45 INFO  epoch 7 evaluating [time: 0.07s, valid_score: 0.061500]
Wed 11 Mar 2026 22:22:45 INFO  valid result: 
hit@10 : 0.0615    ndcg@10 : 0.0285    mrr@10 : 0.0185
Wed 11 Mar 2026 22:22:45 INFO  Saving current: saved\TimeWeaver-Mar-11-2026_22-19-47.pth
Wed 11 Mar 2026 22:23:22 INFO  epoch 8 training [time: 37.17s, train loss: 984.2260]
Wed 11 Mar 2026 22:23:23 INFO  epoch 8 evaluating [time: 0.10s, valid_score: 0.072700]
Wed 11 Mar 2026 22:23:23 INFO  valid result: 
hit@10 : 0.0727    ndcg@10 : 0.033    mrr@10 : 0.0211
Wed 11 Mar 2026 22:23:23 INFO  Saving current: saved\TimeWeaver-Mar-11-2026_22-19-47.pth
Wed 11 Mar 2026 22:24:01 INFO  epoch 9 training [time: 38.78s, train loss: 945.0563]
Wed 11 Mar 2026 22:24:01 INFO  epoch 9 evaluating [time: 0.09s, valid_score: 0.076600]
Wed 11 Mar 2026 22:24:01 INFO  valid result: 
hit@10 : 0.0766    ndcg@10 : 0.0344    mrr@10 : 0.0217
Wed 11 Mar 2026 22:24:01 INFO  Saving current: saved\TimeWeaver-Mar-11-2026_22-19-47.pth
Wed 11 Mar 2026 22:24:41 INFO  epoch 10 training [time: 39.25s, train loss: 908.9132]
Wed 11 Mar 2026 22:24:41 INFO  epoch 10 evaluating [time: 0.08s, valid_score: 0.073800]
Wed 11 Mar 2026 22:24:41 INFO  valid result: 
hit@10 : 0.0738    ndcg@10 : 0.0316    mrr@10 : 0.019
Wed 11 Mar 2026 22:25:19 INFO  epoch 11 training [time: 38.60s, train loss: 879.4851]
Wed 11 Mar 2026 22:25:19 INFO  epoch 11 evaluating [time: 0.08s, valid_score: 0.081700]
Wed 11 Mar 2026 22:25:19 INFO  valid result: 
hit@10 : 0.0817    ndcg@10 : 0.035    mrr@10 : 0.021
Wed 11 Mar 2026 22:25:20 INFO  Saving current: saved\TimeWeaver-Mar-11-2026_22-19-47.pth
Wed 11 Mar 2026 22:25:58 INFO  epoch 12 training [time: 38.57s, train loss: 855.7212]
Wed 11 Mar 2026 22:25:58 INFO  epoch 12 evaluating [time: 0.08s, valid_score: 0.085600]
Wed 11 Mar 2026 22:25:58 INFO  valid result: 
hit@10 : 0.0856    ndcg@10 : 0.0373    mrr@10 : 0.0228
Wed 11 Mar 2026 22:25:58 INFO  Saving current: saved\TimeWeaver-Mar-11-2026_22-19-47.pth
Wed 11 Mar 2026 22:26:36 INFO  epoch 13 training [time: 38.14s, train loss: 831.2250]
Wed 11 Mar 2026 22:26:36 INFO  epoch 13 evaluating [time: 0.08s, valid_score: 0.085600]
Wed 11 Mar 2026 22:26:36 INFO  valid result: 
hit@10 : 0.0856    ndcg@10 : 0.037    mrr@10 : 0.0225
Wed 11 Mar 2026 22:26:36 INFO  Saving current: saved\TimeWeaver-Mar-11-2026_22-19-47.pth
Wed 11 Mar 2026 22:27:15 INFO  epoch 14 training [time: 38.48s, train loss: 811.0943]
Wed 11 Mar 2026 22:27:15 INFO  epoch 14 evaluating [time: 0.09s, valid_score: 0.090000]
Wed 11 Mar 2026 22:27:15 INFO  valid result: 
hit@10 : 0.09    ndcg@10 : 0.0389    mrr@10 : 0.0235
Wed 11 Mar 2026 22:27:15 INFO  Saving current: saved\TimeWeaver-Mar-11-2026_22-19-47.pth
Wed 11 Mar 2026 22:27:53 INFO  epoch 15 training [time: 38.36s, train loss: 794.9361]
Wed 11 Mar 2026 22:27:53 INFO  epoch 15 evaluating [time: 0.08s, valid_score: 0.085000]
Wed 11 Mar 2026 22:27:53 INFO  valid result: 
hit@10 : 0.085    ndcg@10 : 0.0358    mrr@10 : 0.021
Wed 11 Mar 2026 22:28:32 INFO  epoch 16 training [time: 38.70s, train loss: 777.0088]
Wed 11 Mar 2026 22:28:32 INFO  epoch 16 evaluating [time: 0.08s, valid_score: 0.083900]
Wed 11 Mar 2026 22:28:32 INFO  valid result: 
hit@10 : 0.0839    ndcg@10 : 0.037    mrr@10 : 0.0228
Wed 11 Mar 2026 22:29:13 INFO  epoch 17 training [time: 40.67s, train loss: 762.2749]
Wed 11 Mar 2026 22:29:13 INFO  epoch 17 evaluating [time: 0.06s, valid_score: 0.085000]
Wed 11 Mar 2026 22:29:13 INFO  valid result: 
hit@10 : 0.085    ndcg@10 : 0.0381    mrr@10 : 0.0239
Wed 11 Mar 2026 22:29:58 INFO  epoch 18 training [time: 45.14s, train loss: 749.4525]
Wed 11 Mar 2026 22:29:58 INFO  epoch 18 evaluating [time: 0.05s, valid_score: 0.087800]
Wed 11 Mar 2026 22:29:58 INFO  valid result: 
hit@10 : 0.0878    ndcg@10 : 0.0399    mrr@10 : 0.0254
Wed 11 Mar 2026 22:30:45 INFO  epoch 19 training [time: 46.95s, train loss: 736.4363]
Wed 11 Mar 2026 22:30:45 INFO  epoch 19 evaluating [time: 0.07s, valid_score: 0.080000]
Wed 11 Mar 2026 22:30:45 INFO  valid result: 
hit@10 : 0.08    ndcg@10 : 0.0359    mrr@10 : 0.0225
Wed 11 Mar 2026 22:31:32 INFO  epoch 20 training [time: 46.74s, train loss: 721.4905]
Wed 11 Mar 2026 22:31:32 INFO  epoch 20 evaluating [time: 0.09s, valid_score: 0.079400]
Wed 11 Mar 2026 22:31:32 INFO  valid result: 
hit@10 : 0.0794    ndcg@10 : 0.0358    mrr@10 : 0.0226
Wed 11 Mar 2026 22:32:18 INFO  epoch 21 training [time: 46.02s, train loss: 710.7241]
Wed 11 Mar 2026 22:32:18 INFO  epoch 21 evaluating [time: 0.17s, valid_score: 0.087800]
Wed 11 Mar 2026 22:32:18 INFO  valid result: 
hit@10 : 0.0878    ndcg@10 : 0.0407    mrr@10 : 0.0264
Wed 11 Mar 2026 22:33:03 INFO  epoch 22 training [time: 44.29s, train loss: 697.9671]
Wed 11 Mar 2026 22:33:03 INFO  epoch 22 evaluating [time: 0.05s, valid_score: 0.088400]
Wed 11 Mar 2026 22:33:03 INFO  valid result: 
hit@10 : 0.0884    ndcg@10 : 0.0404    mrr@10 : 0.0259
Wed 11 Mar 2026 22:33:49 INFO  epoch 23 training [time: 46.04s, train loss: 688.4140]
Wed 11 Mar 2026 22:33:49 INFO  epoch 23 evaluating [time: 0.09s, valid_score: 0.078300]
Wed 11 Mar 2026 22:33:49 INFO  valid result: 
hit@10 : 0.0783    ndcg@10 : 0.0377    mrr@10 : 0.0253
Wed 11 Mar 2026 22:34:32 INFO  epoch 24 training [time: 43.21s, train loss: 679.3818]
Wed 11 Mar 2026 22:34:32 INFO  epoch 24 evaluating [time: 0.08s, valid_score: 0.086100]
Wed 11 Mar 2026 22:34:32 INFO  valid result: 
hit@10 : 0.0861    ndcg@10 : 0.0399    mrr@10 : 0.0261
Wed 11 Mar 2026 22:35:16 INFO  epoch 25 training [time: 43.81s, train loss: 668.8567]
Wed 11 Mar 2026 22:35:16 INFO  epoch 25 evaluating [time: 0.08s, valid_score: 0.087200]
Wed 11 Mar 2026 22:35:16 INFO  valid result: 
hit@10 : 0.0872    ndcg@10 : 0.0387    mrr@10 : 0.0241
Wed 11 Mar 2026 22:35:16 INFO  Finished training, best eval result in epoch 14
Wed 11 Mar 2026 22:35:16 INFO  Loading model structure and parameters from saved\TimeWeaver-Mar-11-2026_22-19-47.pth
Wed 11 Mar 2026 22:35:17 INFO  The running environment of this training is as follows:
+-------------+----------------+
| Environment |     Usage      |
+=============+================+
| CPU         |    11.90 %     |
+-------------+----------------+
| GPU         | 0.31 G/6.00 G  |
+-------------+----------------+
| Memory      | 0.98 G/15.63 G |
+-------------+----------------+
Wed 11 Mar 2026 22:35:17 INFO  best valid : OrderedDict([('hit@10', 0.09), ('ndcg@10', 0.0389), ('mrr@10', 0.0235)])
Wed 11 Mar 2026 22:35:17 INFO  test result: OrderedDict([('hit@10', 0.0621), ('ndcg@10', 0.0291), ('mrr@10', 0.0191)])
Wed 11 Mar 2026 22:35:17 WARNING  command line args [--models timeweaver --datasets amazon-toys-5core-longseq-full --timeweaver-variant aug --seeds 42,2023,2024 --device gpu --output results/timeweaver_toyslong_ablation_full.json --skip-if-done] will not be used in RecBole
Wed 11 Mar 2026 22:35:17 INFO  ['F:\\桌面\\recommendation_system\\scripts\\run_grid.py', '--models', 'timeweaver', '--datasets', 'amazon-toys-5core-longseq-full', '--timeweaver-variant', 'aug', '--seeds', '42,2023,2024', '--device', 'gpu', '--output', 'results/timeweaver_toyslong_ablation_full.json', '--skip-if-done']
Wed 11 Mar 2026 22:35:17 INFO  
General Hyper Parameters:
gpu_id = 0
use_gpu = True
seed = 2024
state = INFO
reproducibility = True
data_path = data/amazon\amazon-toys-5core-longseq
checkpoint_dir = saved
show_progress = True
save_dataset = False
dataset_save_path = None
save_dataloaders = False
dataloaders_save_path = None
log_wandb = False

Training Hyper Parameters:
epochs = 100
train_batch_size = 256
learner = adam
learning_rate = 0.001
train_neg_sample_args = {'distribution': 'none', 'sample_num': 'none', 'alpha': 'none', 'dynamic': False, 'candidate_num': 0}
eval_step = 1
stopping_step = 10
clip_grad_norm = None
weight_decay = 0.0
loss_decimal_place = 4

Evaluation Hyper Parameters:
eval_args = {'split': {'LS': 'valid_and_test'}, 'order': 'TO', 'group_by': 'user', 'mode': {'valid': 'full', 'test': 'full'}}
repeatable = True
metrics = ['Hit', 'NDCG', 'MRR']
topk = [10]
valid_metric = Hit@10
valid_metric_bigger = True
eval_batch_size = 512
metric_decimal_place = 4

Dataset Hyper Parameters:
field_separator = 	
seq_separator =  
USER_ID_FIELD = user_id
ITEM_ID_FIELD = item_id
RATING_FIELD = rating
TIME_FIELD = timestamp
seq_len = None
LABEL_FIELD = label
threshold = None
NEG_PREFIX = neg_
load_col = {'inter': ['user_id', 'item_id', 'rating', 'timestamp']}
unload_col = None
unused_col = None
additional_feat_suffix = None
rm_dup_inter = None
val_interval = None
filter_inter_by_user_or_item = True
user_inter_num_interval = [0,inf)
item_inter_num_interval = [0,inf)
alias_of_user_id = None
alias_of_item_id = None
alias_of_entity_id = None
alias_of_relation_id = None
preload_weight = None
normalize_field = None
normalize_all = None
ITEM_LIST_LENGTH_FIELD = item_length
LIST_SUFFIX = _list
MAX_ITEM_LIST_LENGTH = 32
POSITION_FIELD = position_id
HEAD_ENTITY_ID_FIELD = head_id
TAIL_ENTITY_ID_FIELD = tail_id
RELATION_ID_FIELD = relation_id
ENTITY_ID_FIELD = entity_id
benchmark_filename = None

Other Hyper Parameters: 
worker = 0
wandb_project = recbole
shuffle = True
require_pow = False
enable_amp = False
enable_scaler = False
transform = None
numerical_features = []
discretization = None
kg_reverse_r = False
entity_kg_num_interval = [0,inf)
relation_kg_num_interval = [0,inf)
MODEL_TYPE = ModelType.SEQUENTIAL
model_name = TimeWeaver
hidden_size = 64
num_layers = 2
hidden_dropout_prob = 0.5
initializer_range = 0.02
time_bucket_size = 1000
ema_decay = 0.5
tcn_kernel_size = -1
ffn_hidden_size = 256
loss_type = CE
early_stop = 10
neg_sampling = None
device = cuda
use_continuous_time = True
use_time_gate = True
use_time_augmentation = True
MODEL_INPUT_TYPE = InputType.POINTWISE
eval_type = EvaluatorType.RANKING
single_spec = True
local_rank = 0
valid_neg_sample_args = {'distribution': 'uniform', 'sample_num': 'none'}
test_neg_sample_args = {'distribution': 'uniform', 'sample_num': 'none'}


Wed 11 Mar 2026 22:35:17 INFO  amazon-toys-5core-longseq
The number of users: 1789
Average actions of users: 26.18903803131991
The number of items: 10183
Average actions of items: 4.598900019642507
The number of inters: 46826
The sparsity of the dataset: 99.74295984380197%
Remain Fields: ['user_id', 'item_id', 'rating', 'timestamp']
Wed 11 Mar 2026 22:35:19 INFO  [Training]: train_batch_size = [256] train_neg_sample_args: [{'distribution': 'none', 'sample_num': 'none', 'alpha': 'none', 'dynamic': False, 'candidate_num': 0}]
Wed 11 Mar 2026 22:35:19 INFO  [Evaluation]: eval_batch_size = [512] eval_args: [{'split': {'LS': 'valid_and_test'}, 'order': 'TO', 'group_by': 'user', 'mode': {'valid': 'full', 'test': 'full'}}]
Wed 11 Mar 2026 22:35:19 INFO  TimeWeaver(
  (item_embedding): Embedding(10183, 64, padding_idx=0)
  (time_aug): TimeAwareAugmentation(
    (pos_embedding): Embedding(32, 64)
    (time_embedder): ContinuousTimeEmbedding(
      (time2vec): Time2Vec()
    )
    (time_gate): TimeGate(
      (net): Sequential(
        (0): Linear(in_features=128, out_features=16, bias=True)
        (1): GELU(approximate='none')
        (2): Linear(in_features=16, out_features=64, bias=True)
        (3): Sigmoid()
      )
    )
    (layer_norm): LayerNorm((64,), eps=1e-05, elementwise_affine=True)
    (drop): Dropout(p=0.5, inplace=False)
  )
  (context_layers): ModuleList(
    (0-1): 2 x TCNNextBlock(
      (dw): DepthwiseConv1d(
        (conv): Conv1d(64, 64, kernel_size=(11,), stride=(1,), padding=(5,), groups=64)
        (bn): BatchNorm1d(64, eps=1e-05, momentum=0.1, affine=True, track_running_stats=True)
        (drop): Dropout(p=0.5, inplace=False)
      )
      (norm1): LayerNorm((64,), eps=1e-05, elementwise_affine=True)
      (conv_inter): ParallelConvInter(
        (conv1): Conv1d(64, 64, kernel_size=(1,), stride=(1,))
        (conv3): Conv1d(64, 64, kernel_size=(3,), stride=(1,), padding=(1,))
        (proj): Conv1d(64, 64, kernel_size=(1,), stride=(1,))
        (drop): Dropout(p=0.5, inplace=False)
      )
      (norm2): LayerNorm((64,), eps=1e-05, elementwise_affine=True)
      (ffn): Sequential(
        (0): Linear(in_features=64, out_features=256, bias=True)
        (1): GELU(approximate='none')
        (2): Dropout(p=0.5, inplace=False)
        (3): Linear(in_features=256, out_features=64, bias=True)
        (4): Dropout(p=0.5, inplace=False)
      )
      (norm3): LayerNorm((64,), eps=1e-05, elementwise_affine=True)
    )
  )
  (dynamic_layers): ModuleList(
    (0-1): 2 x EMAStream(
      (proj): Linear(in_features=64, out_features=64, bias=True)
    )
  )
  (weavers): ModuleList(
    (0-1): 2 x StreamWeaver(
      (proj): Linear(in_features=128, out_features=64, bias=True)
      (norm): LayerNorm((64,), eps=1e-05, elementwise_affine=True)
    )
  )
  (loss_fct): CrossEntropyLoss()
)
Trainable parameters: 792338.0
Wed 11 Mar 2026 22:35:19 INFO  FLOPs: 4395008.0
Wed 11 Mar 2026 22:35:43 INFO  epoch 0 training [time: 23.93s, train loss: 1429.4977]
Wed 11 Mar 2026 22:35:43 INFO  epoch 0 evaluating [time: 0.08s, valid_score: 0.006700]
Wed 11 Mar 2026 22:35:43 INFO  valid result: 
hit@10 : 0.0067    ndcg@10 : 0.0032    mrr@10 : 0.0022
Wed 11 Mar 2026 22:35:43 INFO  Saving current: saved\TimeWeaver-Mar-11-2026_22-35-19.pth
Wed 11 Mar 2026 22:36:08 INFO  epoch 1 training [time: 25.23s, train loss: 1339.4252]
Wed 11 Mar 2026 22:36:08 INFO  epoch 1 evaluating [time: 0.08s, valid_score: 0.015100]
Wed 11 Mar 2026 22:36:08 INFO  valid result: 
hit@10 : 0.0151    ndcg@10 : 0.0064    mrr@10 : 0.0039
Wed 11 Mar 2026 22:36:08 INFO  Saving current: saved\TimeWeaver-Mar-11-2026_22-35-19.pth
Wed 11 Mar 2026 22:36:34 INFO  epoch 2 training [time: 25.66s, train loss: 1280.8091]
Wed 11 Mar 2026 22:36:34 INFO  epoch 2 evaluating [time: 0.10s, valid_score: 0.022900]
Wed 11 Mar 2026 22:36:34 INFO  valid result: 
hit@10 : 0.0229    ndcg@10 : 0.0106    mrr@10 : 0.007
Wed 11 Mar 2026 22:36:34 INFO  Saving current: saved\TimeWeaver-Mar-11-2026_22-35-19.pth
Wed 11 Mar 2026 22:36:57 INFO  epoch 3 training [time: 23.69s, train loss: 1227.8999]
Wed 11 Mar 2026 22:36:58 INFO  epoch 3 evaluating [time: 0.09s, valid_score: 0.031300]
Wed 11 Mar 2026 22:36:58 INFO  valid result: 
hit@10 : 0.0313    ndcg@10 : 0.0144    mrr@10 : 0.0094
Wed 11 Mar 2026 22:36:58 INFO  Saving current: saved\TimeWeaver-Mar-11-2026_22-35-19.pth
Wed 11 Mar 2026 22:37:22 INFO  epoch 4 training [time: 24.30s, train loss: 1175.0038]
Wed 11 Mar 2026 22:37:22 INFO  epoch 4 evaluating [time: 0.07s, valid_score: 0.034100]
Wed 11 Mar 2026 22:37:22 INFO  valid result: 
hit@10 : 0.0341    ndcg@10 : 0.0155    mrr@10 : 0.0099
Wed 11 Mar 2026 22:37:22 INFO  Saving current: saved\TimeWeaver-Mar-11-2026_22-35-19.pth
Wed 11 Mar 2026 22:37:46 INFO  epoch 5 training [time: 24.00s, train loss: 1122.3421]
Wed 11 Mar 2026 22:37:46 INFO  epoch 5 evaluating [time: 0.12s, valid_score: 0.045300]
Wed 11 Mar 2026 22:37:46 INFO  valid result: 
hit@10 : 0.0453    ndcg@10 : 0.0215    mrr@10 : 0.0145
Wed 11 Mar 2026 22:37:46 INFO  Saving current: saved\TimeWeaver-Mar-11-2026_22-35-19.pth
Wed 11 Mar 2026 22:38:12 INFO  epoch 6 training [time: 25.52s, train loss: 1069.4033]
Wed 11 Mar 2026 22:38:12 INFO  epoch 6 evaluating [time: 0.09s, valid_score: 0.055400]
Wed 11 Mar 2026 22:38:12 INFO  valid result: 
hit@10 : 0.0554    ndcg@10 : 0.0257    mrr@10 : 0.0169
Wed 11 Mar 2026 22:38:12 INFO  Saving current: saved\TimeWeaver-Mar-11-2026_22-35-19.pth
Wed 11 Mar 2026 22:38:53 INFO  epoch 7 training [time: 40.75s, train loss: 1020.7743]
Wed 11 Mar 2026 22:38:53 INFO  epoch 7 evaluating [time: 0.06s, valid_score: 0.064300]
Wed 11 Mar 2026 22:38:53 INFO  valid result: 
hit@10 : 0.0643    ndcg@10 : 0.0298    mrr@10 : 0.0195
Wed 11 Mar 2026 22:38:53 INFO  Saving current: saved\TimeWeaver-Mar-11-2026_22-35-19.pth
Wed 11 Mar 2026 22:39:39 INFO  epoch 8 training [time: 46.26s, train loss: 976.6665]
Wed 11 Mar 2026 22:39:39 INFO  epoch 8 evaluating [time: 0.08s, valid_score: 0.067700]
Wed 11 Mar 2026 22:39:39 INFO  valid result: 
hit@10 : 0.0677    ndcg@10 : 0.0308    mrr@10 : 0.0196
Wed 11 Mar 2026 22:39:39 INFO  Saving current: saved\TimeWeaver-Mar-11-2026_22-35-19.pth
Wed 11 Mar 2026 22:40:26 INFO  epoch 9 training [time: 46.77s, train loss: 937.4483]
Wed 11 Mar 2026 22:40:26 INFO  epoch 9 evaluating [time: 0.06s, valid_score: 0.073800]
Wed 11 Mar 2026 22:40:26 INFO  valid result: 
hit@10 : 0.0738    ndcg@10 : 0.0327    mrr@10 : 0.0203
Wed 11 Mar 2026 22:40:26 INFO  Saving current: saved\TimeWeaver-Mar-11-2026_22-35-19.pth
Wed 11 Mar 2026 22:41:12 INFO  epoch 10 training [time: 46.30s, train loss: 901.4455]
Wed 11 Mar 2026 22:41:12 INFO  epoch 10 evaluating [time: 0.07s, valid_score: 0.080000]
Wed 11 Mar 2026 22:41:12 INFO  valid result: 
hit@10 : 0.08    ndcg@10 : 0.0363    mrr@10 : 0.0231
Wed 11 Mar 2026 22:41:12 INFO  Saving current: saved\TimeWeaver-Mar-11-2026_22-35-19.pth
Wed 11 Mar 2026 22:41:57 INFO  epoch 11 training [time: 44.41s, train loss: 873.2609]
Wed 11 Mar 2026 22:41:57 INFO  epoch 11 evaluating [time: 0.08s, valid_score: 0.082800]
Wed 11 Mar 2026 22:41:57 INFO  valid result: 
hit@10 : 0.0828    ndcg@10 : 0.0363    mrr@10 : 0.0222
Wed 11 Mar 2026 22:41:57 INFO  Saving current: saved\TimeWeaver-Mar-11-2026_22-35-19.pth
Wed 11 Mar 2026 22:42:47 INFO  epoch 12 training [time: 50.39s, train loss: 848.2654]
Wed 11 Mar 2026 22:42:47 INFO  epoch 12 evaluating [time: 0.16s, valid_score: 0.078900]
Wed 11 Mar 2026 22:42:47 INFO  valid result: 
hit@10 : 0.0789    ndcg@10 : 0.0352    mrr@10 : 0.0219
Wed 11 Mar 2026 22:43:38 INFO  epoch 13 training [time: 50.23s, train loss: 825.0770]
Wed 11 Mar 2026 22:43:38 INFO  epoch 13 evaluating [time: 0.08s, valid_score: 0.086100]
Wed 11 Mar 2026 22:43:38 INFO  valid result: 
hit@10 : 0.0861    ndcg@10 : 0.0383    mrr@10 : 0.024
Wed 11 Mar 2026 22:43:38 INFO  Saving current: saved\TimeWeaver-Mar-11-2026_22-35-19.pth
Wed 11 Mar 2026 22:44:26 INFO  epoch 14 training [time: 47.85s, train loss: 805.2514]
Wed 11 Mar 2026 22:44:26 INFO  epoch 14 evaluating [time: 0.15s, valid_score: 0.082200]
Wed 11 Mar 2026 22:44:26 INFO  valid result: 
hit@10 : 0.0822    ndcg@10 : 0.0347    mrr@10 : 0.0204
Wed 11 Mar 2026 22:45:17 INFO  epoch 15 training [time: 51.69s, train loss: 788.7345]
Wed 11 Mar 2026 22:45:17 INFO  epoch 15 evaluating [time: 0.06s, valid_score: 0.079400]
Wed 11 Mar 2026 22:45:17 INFO  valid result: 
hit@10 : 0.0794    ndcg@10 : 0.0358    mrr@10 : 0.0227
Wed 11 Mar 2026 22:46:05 INFO  epoch 16 training [time: 47.79s, train loss: 774.0412]
Wed 11 Mar 2026 22:46:05 INFO  epoch 16 evaluating [time: 0.09s, valid_score: 0.077700]
Wed 11 Mar 2026 22:46:05 INFO  valid result: 
hit@10 : 0.0777    ndcg@10 : 0.0345    mrr@10 : 0.0215
Wed 11 Mar 2026 22:46:47 INFO  epoch 17 training [time: 41.17s, train loss: 758.2530]
Wed 11 Mar 2026 22:46:47 INFO  epoch 17 evaluating [time: 0.09s, valid_score: 0.077200]
Wed 11 Mar 2026 22:46:47 INFO  valid result: 
hit@10 : 0.0772    ndcg@10 : 0.034    mrr@10 : 0.021
Wed 11 Mar 2026 22:47:29 INFO  epoch 18 training [time: 42.59s, train loss: 744.6086]
Wed 11 Mar 2026 22:47:29 INFO  epoch 18 evaluating [time: 0.06s, valid_score: 0.078900]
Wed 11 Mar 2026 22:47:29 INFO  valid result: 
hit@10 : 0.0789    ndcg@10 : 0.0342    mrr@10 : 0.0209
Wed 11 Mar 2026 22:48:26 INFO  epoch 19 training [time: 56.60s, train loss: 731.6126]
Wed 11 Mar 2026 22:48:26 INFO  epoch 19 evaluating [time: 0.09s, valid_score: 0.080000]
Wed 11 Mar 2026 22:48:26 INFO  valid result: 
hit@10 : 0.08    ndcg@10 : 0.0351    mrr@10 : 0.0216
Wed 11 Mar 2026 22:49:17 INFO  epoch 20 training [time: 51.13s, train loss: 721.0684]
Wed 11 Mar 2026 22:49:17 INFO  epoch 20 evaluating [time: 0.09s, valid_score: 0.078300]
Wed 11 Mar 2026 22:49:17 INFO  valid result: 
hit@10 : 0.0783    ndcg@10 : 0.0353    mrr@10 : 0.0223
Wed 11 Mar 2026 22:50:08 INFO  epoch 21 training [time: 50.68s, train loss: 706.7487]
Wed 11 Mar 2026 22:50:08 INFO  epoch 21 evaluating [time: 0.07s, valid_score: 0.076100]
Wed 11 Mar 2026 22:50:08 INFO  valid result: 
hit@10 : 0.0761    ndcg@10 : 0.0357    mrr@10 : 0.0235
Wed 11 Mar 2026 22:51:04 INFO  epoch 22 training [time: 55.93s, train loss: 696.3391]
Wed 11 Mar 2026 22:51:04 INFO  epoch 22 evaluating [time: 0.08s, valid_score: 0.072700]
Wed 11 Mar 2026 22:51:04 INFO  valid result: 
hit@10 : 0.0727    ndcg@10 : 0.033    mrr@10 : 0.0209
Wed 11 Mar 2026 22:51:58 INFO  epoch 23 training [time: 54.03s, train loss: 686.2182]
Wed 11 Mar 2026 22:51:58 INFO  epoch 23 evaluating [time: 0.06s, valid_score: 0.080500]
Wed 11 Mar 2026 22:51:58 INFO  valid result: 
hit@10 : 0.0805    ndcg@10 : 0.034    mrr@10 : 0.0202
Wed 11 Mar 2026 22:52:43 INFO  epoch 24 training [time: 45.05s, train loss: 675.0996]
Wed 11 Mar 2026 22:52:43 INFO  epoch 24 evaluating [time: 0.09s, valid_score: 0.078900]
Wed 11 Mar 2026 22:52:43 INFO  valid result: 
hit@10 : 0.0789    ndcg@10 : 0.0357    mrr@10 : 0.0228
Wed 11 Mar 2026 22:52:43 INFO  Finished training, best eval result in epoch 13
Wed 11 Mar 2026 22:52:43 INFO  Loading model structure and parameters from saved\TimeWeaver-Mar-11-2026_22-35-19.pth
Wed 11 Mar 2026 22:52:44 INFO  The running environment of this training is as follows:
+-------------+----------------+
| Environment |     Usage      |
+=============+================+
| CPU         |    19.30 %     |
+-------------+----------------+
| GPU         | 0.31 G/6.00 G  |
+-------------+----------------+
| Memory      | 0.61 G/15.63 G |
+-------------+----------------+
Wed 11 Mar 2026 22:52:44 INFO  best valid : OrderedDict([('hit@10', 0.0861), ('ndcg@10', 0.0383), ('mrr@10', 0.024)])
Wed 11 Mar 2026 22:52:44 INFO  test result: OrderedDict([('hit@10', 0.0576), ('ndcg@10', 0.0269), ('mrr@10', 0.0178)])
