Sat 14 Mar 2026 08:43:31 INFO  ['F:\\桌面\\recommendation_system\\scripts\\run_grid.py', '--models', 'timeweaver', '--datasets', 'amazon-sports-5core-longseq-full', '--seeds', '42,2023,2024', '--device', 'gpu', '--timeweaver-variant', 'aug_only', '--output', 'F:\\桌面\\recommendation_system\\results\\param_sweeps\\timeweaver_param_A_contrastive.json', '--tag', 'A_w0.0_t0.1', '--skip-if-done', '--tw-contrastive-weight', '0.0', '--tw-contrastive-temp', '0.1']
Sat 14 Mar 2026 08:43:31 INFO  
General Hyper Parameters:
gpu_id = 0
use_gpu = True
seed = 42
state = INFO
reproducibility = True
data_path = data/amazon\amazon-sports-5core-longseq
checkpoint_dir = saved
show_progress = True
save_dataset = False
dataset_save_path = None
save_dataloaders = False
dataloaders_save_path = None
log_wandb = False

Training Hyper Parameters:
epochs = 100
train_batch_size = 256
learner = adam
learning_rate = 0.001
train_neg_sample_args = {'distribution': 'none', 'sample_num': 'none', 'alpha': 'none', 'dynamic': False, 'candidate_num': 0}
eval_step = 1
stopping_step = 10
clip_grad_norm = None
weight_decay = 0.0
loss_decimal_place = 4

Evaluation Hyper Parameters:
eval_args = {'split': {'LS': 'valid_and_test'}, 'order': 'TO', 'group_by': 'user', 'mode': {'valid': 'full', 'test': 'full'}}
repeatable = True
metrics = ['Hit', 'NDCG', 'MRR']
topk = [10]
valid_metric = Hit@10
valid_metric_bigger = True
eval_batch_size = 512
metric_decimal_place = 4

Dataset Hyper Parameters:
field_separator = 	
seq_separator =  
USER_ID_FIELD = user_id
ITEM_ID_FIELD = item_id
RATING_FIELD = rating
TIME_FIELD = timestamp
seq_len = None
LABEL_FIELD = label
threshold = None
NEG_PREFIX = neg_
load_col = {'inter': ['user_id', 'item_id', 'rating', 'timestamp']}
unload_col = None
unused_col = None
additional_feat_suffix = None
rm_dup_inter = None
val_interval = None
filter_inter_by_user_or_item = True
user_inter_num_interval = [0,inf)
item_inter_num_interval = [0,inf)
alias_of_user_id = None
alias_of_item_id = None
alias_of_entity_id = None
alias_of_relation_id = None
preload_weight = None
normalize_field = None
normalize_all = None
ITEM_LIST_LENGTH_FIELD = item_length
LIST_SUFFIX = _list
MAX_ITEM_LIST_LENGTH = 32
POSITION_FIELD = position_id
HEAD_ENTITY_ID_FIELD = head_id
TAIL_ENTITY_ID_FIELD = tail_id
RELATION_ID_FIELD = relation_id
ENTITY_ID_FIELD = entity_id
benchmark_filename = None

Other Hyper Parameters: 
worker = 0
wandb_project = recbole
shuffle = True
require_pow = False
enable_amp = False
enable_scaler = False
transform = None
numerical_features = []
discretization = None
kg_reverse_r = False
entity_kg_num_interval = [0,inf)
relation_kg_num_interval = [0,inf)
MODEL_TYPE = ModelType.SEQUENTIAL
model_name = TimeWeaver
hidden_size = 64
num_layers = 2
hidden_dropout_prob = 0.5
initializer_range = 0.02
time_bucket_size = 1000
ema_decay = 0.5
tcn_kernel_size = -1
ffn_hidden_size = 256
loss_type = CE
early_stop = 10
neg_sampling = None
device = cuda
use_continuous_time = False
use_time_gate = False
use_time_augmentation = True
contrastive_weight = 0.0
contrastive_temp = 0.1
MODEL_INPUT_TYPE = InputType.POINTWISE
eval_type = EvaluatorType.RANKING
single_spec = True
local_rank = 0
valid_neg_sample_args = {'distribution': 'uniform', 'sample_num': 'none'}
test_neg_sample_args = {'distribution': 'uniform', 'sample_num': 'none'}


Sat 14 Mar 2026 08:43:31 INFO  amazon-sports-5core-longseq
The number of users: 2181
Average actions of users: 25.74678899082569
The number of items: 14556
Average actions of items: 3.8562693232566128
The number of inters: 56128
The sparsity of the dataset: 99.82320016520806%
Remain Fields: ['user_id', 'item_id', 'rating', 'timestamp']
Sat 14 Mar 2026 08:43:32 INFO  [Training]: train_batch_size = [256] train_neg_sample_args: [{'distribution': 'none', 'sample_num': 'none', 'alpha': 'none', 'dynamic': False, 'candidate_num': 0}]
Sat 14 Mar 2026 08:43:32 INFO  [Evaluation]: eval_batch_size = [512] eval_args: [{'split': {'LS': 'valid_and_test'}, 'order': 'TO', 'group_by': 'user', 'mode': {'valid': 'full', 'test': 'full'}}]
Sat 14 Mar 2026 08:43:32 INFO  TimeWeaver(
  (item_embedding): Embedding(14556, 64, padding_idx=0)
  (time_aug): TimeAwareAugmentation(
    (pos_embedding): Embedding(32, 64)
    (time_embedding): Embedding(1000, 64)
    (layer_norm): LayerNorm((64,), eps=1e-05, elementwise_affine=True)
    (drop): Dropout(p=0.5, inplace=False)
  )
  (context_layers): ModuleList(
    (0-1): 2 x TCNNextBlock(
      (dw): DepthwiseConv1d(
        (conv): Conv1d(64, 64, kernel_size=(11,), stride=(1,), padding=(5,), groups=64)
        (bn): BatchNorm1d(64, eps=1e-05, momentum=0.1, affine=True, track_running_stats=True)
        (drop): Dropout(p=0.5, inplace=False)
      )
      (norm1): LayerNorm((64,), eps=1e-05, elementwise_affine=True)
      (conv_inter): ParallelConvInter(
        (conv1): Conv1d(64, 64, kernel_size=(1,), stride=(1,))
        (conv3): Conv1d(64, 64, kernel_size=(3,), stride=(1,), padding=(1,))
        (proj): Conv1d(64, 64, kernel_size=(1,), stride=(1,))
        (drop): Dropout(p=0.5, inplace=False)
      )
      (norm2): LayerNorm((64,), eps=1e-05, elementwise_affine=True)
      (ffn): Sequential(
        (0): Linear(in_features=64, out_features=256, bias=True)
        (1): GELU(approximate='none')
        (2): Dropout(p=0.5, inplace=False)
        (3): Linear(in_features=256, out_features=64, bias=True)
        (4): Dropout(p=0.5, inplace=False)
      )
      (norm3): LayerNorm((64,), eps=1e-05, elementwise_affine=True)
    )
  )
  (dynamic_layers): ModuleList(
    (0-1): 2 x EMAStream(
      (proj): Linear(in_features=64, out_features=64, bias=True)
    )
  )
  (weavers): ModuleList(
    (0-1): 2 x StreamWeaver(
      (proj): Linear(in_features=128, out_features=64, bias=True)
      (norm): LayerNorm((64,), eps=1e-05, elementwise_affine=True)
    )
  )
  (loss_fct): CrossEntropyLoss()
)
Trainable parameters: 1132929.0
Sat 14 Mar 2026 08:43:33 INFO  FLOPs: 4298752.0
Sat 14 Mar 2026 08:43:54 INFO  epoch 0 training [time: 18.57s, train loss: 1809.4322]
Sat 14 Mar 2026 08:43:54 INFO  epoch 0 evaluating [time: 0.14s, valid_score: 0.012400]
Sat 14 Mar 2026 08:43:54 INFO  valid result: 
hit@10 : 0.0124    ndcg@10 : 0.0063    mrr@10 : 0.0046
Sat 14 Mar 2026 08:43:54 INFO  Saving current: saved\TimeWeaver-Mar-14-2026_08-43-33.pth
Sat 14 Mar 2026 08:44:12 INFO  epoch 1 training [time: 18.59s, train loss: 1735.6456]
Sat 14 Mar 2026 08:44:12 INFO  epoch 1 evaluating [time: 0.07s, valid_score: 0.015100]
Sat 14 Mar 2026 08:44:12 INFO  valid result: 
hit@10 : 0.0151    ndcg@10 : 0.0072    mrr@10 : 0.0049
Sat 14 Mar 2026 08:44:12 INFO  Saving current: saved\TimeWeaver-Mar-14-2026_08-43-33.pth
Sat 14 Mar 2026 08:44:31 INFO  epoch 2 training [time: 18.83s, train loss: 1671.3945]
Sat 14 Mar 2026 08:44:31 INFO  epoch 2 evaluating [time: 0.09s, valid_score: 0.029400]
Sat 14 Mar 2026 08:44:31 INFO  valid result: 
hit@10 : 0.0294    ndcg@10 : 0.0134    mrr@10 : 0.0087
Sat 14 Mar 2026 08:44:31 INFO  Saving current: saved\TimeWeaver-Mar-14-2026_08-43-33.pth
Sat 14 Mar 2026 08:44:51 INFO  epoch 3 training [time: 19.12s, train loss: 1594.9921]
Sat 14 Mar 2026 08:44:51 INFO  epoch 3 evaluating [time: 0.10s, valid_score: 0.026600]
Sat 14 Mar 2026 08:44:51 INFO  valid result: 
hit@10 : 0.0266    ndcg@10 : 0.0131    mrr@10 : 0.009
Sat 14 Mar 2026 08:45:09 INFO  epoch 4 training [time: 18.48s, train loss: 1520.7400]
Sat 14 Mar 2026 08:45:09 INFO  epoch 4 evaluating [time: 0.10s, valid_score: 0.026100]
Sat 14 Mar 2026 08:45:09 INFO  valid result: 
hit@10 : 0.0261    ndcg@10 : 0.0124    mrr@10 : 0.0082
Sat 14 Mar 2026 08:45:32 INFO  epoch 5 training [time: 23.14s, train loss: 1447.0521]
Sat 14 Mar 2026 08:45:32 INFO  epoch 5 evaluating [time: 0.08s, valid_score: 0.028400]
Sat 14 Mar 2026 08:45:32 INFO  valid result: 
hit@10 : 0.0284    ndcg@10 : 0.0131    mrr@10 : 0.0084
Sat 14 Mar 2026 08:46:06 INFO  epoch 6 training [time: 33.86s, train loss: 1377.5572]
Sat 14 Mar 2026 08:46:06 INFO  epoch 6 evaluating [time: 0.10s, valid_score: 0.030300]
Sat 14 Mar 2026 08:46:06 INFO  valid result: 
hit@10 : 0.0303    ndcg@10 : 0.0131    mrr@10 : 0.0078
Sat 14 Mar 2026 08:46:06 INFO  Saving current: saved\TimeWeaver-Mar-14-2026_08-43-33.pth
Sat 14 Mar 2026 08:46:43 INFO  epoch 7 training [time: 36.85s, train loss: 1309.6077]
Sat 14 Mar 2026 08:46:43 INFO  epoch 7 evaluating [time: 0.09s, valid_score: 0.028900]
Sat 14 Mar 2026 08:46:43 INFO  valid result: 
hit@10 : 0.0289    ndcg@10 : 0.0132    mrr@10 : 0.0085
Sat 14 Mar 2026 08:47:20 INFO  epoch 8 training [time: 36.61s, train loss: 1249.5565]
Sat 14 Mar 2026 08:47:20 INFO  epoch 8 evaluating [time: 0.09s, valid_score: 0.032100]
Sat 14 Mar 2026 08:47:20 INFO  valid result: 
hit@10 : 0.0321    ndcg@10 : 0.0146    mrr@10 : 0.0093
Sat 14 Mar 2026 08:47:20 INFO  Saving current: saved\TimeWeaver-Mar-14-2026_08-43-33.pth
Sat 14 Mar 2026 08:47:57 INFO  epoch 9 training [time: 36.70s, train loss: 1197.1804]
Sat 14 Mar 2026 08:47:57 INFO  epoch 9 evaluating [time: 0.09s, valid_score: 0.033500]
Sat 14 Mar 2026 08:47:57 INFO  valid result: 
hit@10 : 0.0335    ndcg@10 : 0.0144    mrr@10 : 0.0087
Sat 14 Mar 2026 08:47:57 INFO  Saving current: saved\TimeWeaver-Mar-14-2026_08-43-33.pth
Sat 14 Mar 2026 08:48:36 INFO  epoch 10 training [time: 39.11s, train loss: 1150.5999]
Sat 14 Mar 2026 08:48:36 INFO  epoch 10 evaluating [time: 0.10s, valid_score: 0.030700]
Sat 14 Mar 2026 08:48:36 INFO  valid result: 
hit@10 : 0.0307    ndcg@10 : 0.0141    mrr@10 : 0.0091
Sat 14 Mar 2026 08:49:14 INFO  epoch 11 training [time: 37.44s, train loss: 1107.7473]
Sat 14 Mar 2026 08:49:14 INFO  epoch 11 evaluating [time: 0.09s, valid_score: 0.031200]
Sat 14 Mar 2026 08:49:14 INFO  valid result: 
hit@10 : 0.0312    ndcg@10 : 0.0139    mrr@10 : 0.0086
Sat 14 Mar 2026 08:49:52 INFO  epoch 12 training [time: 38.23s, train loss: 1075.5437]
Sat 14 Mar 2026 08:49:52 INFO  epoch 12 evaluating [time: 0.09s, valid_score: 0.031700]
Sat 14 Mar 2026 08:49:52 INFO  valid result: 
hit@10 : 0.0317    ndcg@10 : 0.0139    mrr@10 : 0.0085
Sat 14 Mar 2026 08:50:32 INFO  epoch 13 training [time: 39.56s, train loss: 1044.9383]
Sat 14 Mar 2026 08:50:32 INFO  epoch 13 evaluating [time: 0.09s, valid_score: 0.032100]
Sat 14 Mar 2026 08:50:32 INFO  valid result: 
hit@10 : 0.0321    ndcg@10 : 0.014    mrr@10 : 0.0084
Sat 14 Mar 2026 08:51:11 INFO  epoch 14 training [time: 38.89s, train loss: 1014.4069]
Sat 14 Mar 2026 08:51:11 INFO  epoch 14 evaluating [time: 0.09s, valid_score: 0.031200]
Sat 14 Mar 2026 08:51:11 INFO  valid result: 
hit@10 : 0.0312    ndcg@10 : 0.0136    mrr@10 : 0.0083
Sat 14 Mar 2026 08:51:49 INFO  epoch 15 training [time: 38.60s, train loss: 990.8162]
Sat 14 Mar 2026 08:51:49 INFO  epoch 15 evaluating [time: 0.10s, valid_score: 0.029400]
Sat 14 Mar 2026 08:51:49 INFO  valid result: 
hit@10 : 0.0294    ndcg@10 : 0.013    mrr@10 : 0.0081
Sat 14 Mar 2026 08:52:29 INFO  epoch 16 training [time: 39.53s, train loss: 968.2565]
Sat 14 Mar 2026 08:52:29 INFO  epoch 16 evaluating [time: 0.11s, valid_score: 0.023400]
Sat 14 Mar 2026 08:52:29 INFO  valid result: 
hit@10 : 0.0234    ndcg@10 : 0.0105    mrr@10 : 0.0066
Sat 14 Mar 2026 08:53:06 INFO  epoch 17 training [time: 36.81s, train loss: 944.8484]
Sat 14 Mar 2026 08:53:06 INFO  epoch 17 evaluating [time: 0.10s, valid_score: 0.027100]
Sat 14 Mar 2026 08:53:06 INFO  valid result: 
hit@10 : 0.0271    ndcg@10 : 0.0124    mrr@10 : 0.0081
Sat 14 Mar 2026 08:53:44 INFO  epoch 18 training [time: 38.17s, train loss: 926.8572]
Sat 14 Mar 2026 08:53:44 INFO  epoch 18 evaluating [time: 0.11s, valid_score: 0.026100]
Sat 14 Mar 2026 08:53:44 INFO  valid result: 
hit@10 : 0.0261    ndcg@10 : 0.0113    mrr@10 : 0.0069
Sat 14 Mar 2026 08:54:21 INFO  epoch 19 training [time: 37.03s, train loss: 906.9116]
Sat 14 Mar 2026 08:54:21 INFO  epoch 19 evaluating [time: 0.09s, valid_score: 0.028400]
Sat 14 Mar 2026 08:54:21 INFO  valid result: 
hit@10 : 0.0284    ndcg@10 : 0.0126    mrr@10 : 0.0079
Sat 14 Mar 2026 08:54:58 INFO  epoch 20 training [time: 36.68s, train loss: 888.6175]
Sat 14 Mar 2026 08:54:58 INFO  epoch 20 evaluating [time: 0.09s, valid_score: 0.024800]
Sat 14 Mar 2026 08:54:58 INFO  valid result: 
hit@10 : 0.0248    ndcg@10 : 0.0112    mrr@10 : 0.0072
Sat 14 Mar 2026 08:54:58 INFO  Finished training, best eval result in epoch 9
Sat 14 Mar 2026 08:54:58 INFO  Loading model structure and parameters from saved\TimeWeaver-Mar-14-2026_08-43-33.pth
Sat 14 Mar 2026 08:54:59 INFO  The running environment of this training is as follows:
+-------------+----------------+
| Environment |     Usage      |
+=============+================+
| CPU         |     6.40 %     |
+-------------+----------------+
| GPU         | 0.33 G/6.00 G  |
+-------------+----------------+
| Memory      | 0.87 G/15.63 G |
+-------------+----------------+
Sat 14 Mar 2026 08:54:59 INFO  best valid : OrderedDict([('hit@10', 0.0335), ('ndcg@10', 0.0144), ('mrr@10', 0.0087)])
Sat 14 Mar 2026 08:54:59 INFO  test result: OrderedDict([('hit@10', 0.0257), ('ndcg@10', 0.0132), ('mrr@10', 0.0095)])
Sat 14 Mar 2026 08:54:59 WARNING  command line args [--models timeweaver --datasets amazon-sports-5core-longseq-full --seeds 42,2023,2024 --device gpu --timeweaver-variant aug_only --output F:\桌面\recommendation_system\results\param_sweeps\timeweaver_param_A_contrastive.json --tag A_w0.0_t0.1 --skip-if-done --tw-contrastive-weight 0.0 --tw-contrastive-temp 0.1] will not be used in RecBole
Sat 14 Mar 2026 08:54:59 INFO  ['F:\\桌面\\recommendation_system\\scripts\\run_grid.py', '--models', 'timeweaver', '--datasets', 'amazon-sports-5core-longseq-full', '--seeds', '42,2023,2024', '--device', 'gpu', '--timeweaver-variant', 'aug_only', '--output', 'F:\\桌面\\recommendation_system\\results\\param_sweeps\\timeweaver_param_A_contrastive.json', '--tag', 'A_w0.0_t0.1', '--skip-if-done', '--tw-contrastive-weight', '0.0', '--tw-contrastive-temp', '0.1']
Sat 14 Mar 2026 08:54:59 INFO  
General Hyper Parameters:
gpu_id = 0
use_gpu = True
seed = 2023
state = INFO
reproducibility = True
data_path = data/amazon\amazon-sports-5core-longseq
checkpoint_dir = saved
show_progress = True
save_dataset = False
dataset_save_path = None
save_dataloaders = False
dataloaders_save_path = None
log_wandb = False

Training Hyper Parameters:
epochs = 100
train_batch_size = 256
learner = adam
learning_rate = 0.001
train_neg_sample_args = {'distribution': 'none', 'sample_num': 'none', 'alpha': 'none', 'dynamic': False, 'candidate_num': 0}
eval_step = 1
stopping_step = 10
clip_grad_norm = None
weight_decay = 0.0
loss_decimal_place = 4

Evaluation Hyper Parameters:
eval_args = {'split': {'LS': 'valid_and_test'}, 'order': 'TO', 'group_by': 'user', 'mode': {'valid': 'full', 'test': 'full'}}
repeatable = True
metrics = ['Hit', 'NDCG', 'MRR']
topk = [10]
valid_metric = Hit@10
valid_metric_bigger = True
eval_batch_size = 512
metric_decimal_place = 4

Dataset Hyper Parameters:
field_separator = 	
seq_separator =  
USER_ID_FIELD = user_id
ITEM_ID_FIELD = item_id
RATING_FIELD = rating
TIME_FIELD = timestamp
seq_len = None
LABEL_FIELD = label
threshold = None
NEG_PREFIX = neg_
load_col = {'inter': ['user_id', 'item_id', 'rating', 'timestamp']}
unload_col = None
unused_col = None
additional_feat_suffix = None
rm_dup_inter = None
val_interval = None
filter_inter_by_user_or_item = True
user_inter_num_interval = [0,inf)
item_inter_num_interval = [0,inf)
alias_of_user_id = None
alias_of_item_id = None
alias_of_entity_id = None
alias_of_relation_id = None
preload_weight = None
normalize_field = None
normalize_all = None
ITEM_LIST_LENGTH_FIELD = item_length
LIST_SUFFIX = _list
MAX_ITEM_LIST_LENGTH = 32
POSITION_FIELD = position_id
HEAD_ENTITY_ID_FIELD = head_id
TAIL_ENTITY_ID_FIELD = tail_id
RELATION_ID_FIELD = relation_id
ENTITY_ID_FIELD = entity_id
benchmark_filename = None

Other Hyper Parameters: 
worker = 0
wandb_project = recbole
shuffle = True
require_pow = False
enable_amp = False
enable_scaler = False
transform = None
numerical_features = []
discretization = None
kg_reverse_r = False
entity_kg_num_interval = [0,inf)
relation_kg_num_interval = [0,inf)
MODEL_TYPE = ModelType.SEQUENTIAL
model_name = TimeWeaver
hidden_size = 64
num_layers = 2
hidden_dropout_prob = 0.5
initializer_range = 0.02
time_bucket_size = 1000
ema_decay = 0.5
tcn_kernel_size = -1
ffn_hidden_size = 256
loss_type = CE
early_stop = 10
neg_sampling = None
device = cuda
use_continuous_time = False
use_time_gate = False
use_time_augmentation = True
contrastive_weight = 0.0
contrastive_temp = 0.1
MODEL_INPUT_TYPE = InputType.POINTWISE
eval_type = EvaluatorType.RANKING
single_spec = True
local_rank = 0
valid_neg_sample_args = {'distribution': 'uniform', 'sample_num': 'none'}
test_neg_sample_args = {'distribution': 'uniform', 'sample_num': 'none'}


Sat 14 Mar 2026 08:55:00 INFO  amazon-sports-5core-longseq
The number of users: 2181
Average actions of users: 25.74678899082569
The number of items: 14556
Average actions of items: 3.8562693232566128
The number of inters: 56128
The sparsity of the dataset: 99.82320016520806%
Remain Fields: ['user_id', 'item_id', 'rating', 'timestamp']
Sat 14 Mar 2026 08:55:01 INFO  [Training]: train_batch_size = [256] train_neg_sample_args: [{'distribution': 'none', 'sample_num': 'none', 'alpha': 'none', 'dynamic': False, 'candidate_num': 0}]
Sat 14 Mar 2026 08:55:01 INFO  [Evaluation]: eval_batch_size = [512] eval_args: [{'split': {'LS': 'valid_and_test'}, 'order': 'TO', 'group_by': 'user', 'mode': {'valid': 'full', 'test': 'full'}}]
Sat 14 Mar 2026 08:55:01 INFO  TimeWeaver(
  (item_embedding): Embedding(14556, 64, padding_idx=0)
  (time_aug): TimeAwareAugmentation(
    (pos_embedding): Embedding(32, 64)
    (time_embedding): Embedding(1000, 64)
    (layer_norm): LayerNorm((64,), eps=1e-05, elementwise_affine=True)
    (drop): Dropout(p=0.5, inplace=False)
  )
  (context_layers): ModuleList(
    (0-1): 2 x TCNNextBlock(
      (dw): DepthwiseConv1d(
        (conv): Conv1d(64, 64, kernel_size=(11,), stride=(1,), padding=(5,), groups=64)
        (bn): BatchNorm1d(64, eps=1e-05, momentum=0.1, affine=True, track_running_stats=True)
        (drop): Dropout(p=0.5, inplace=False)
      )
      (norm1): LayerNorm((64,), eps=1e-05, elementwise_affine=True)
      (conv_inter): ParallelConvInter(
        (conv1): Conv1d(64, 64, kernel_size=(1,), stride=(1,))
        (conv3): Conv1d(64, 64, kernel_size=(3,), stride=(1,), padding=(1,))
        (proj): Conv1d(64, 64, kernel_size=(1,), stride=(1,))
        (drop): Dropout(p=0.5, inplace=False)
      )
      (norm2): LayerNorm((64,), eps=1e-05, elementwise_affine=True)
      (ffn): Sequential(
        (0): Linear(in_features=64, out_features=256, bias=True)
        (1): GELU(approximate='none')
        (2): Dropout(p=0.5, inplace=False)
        (3): Linear(in_features=256, out_features=64, bias=True)
        (4): Dropout(p=0.5, inplace=False)
      )
      (norm3): LayerNorm((64,), eps=1e-05, elementwise_affine=True)
    )
  )
  (dynamic_layers): ModuleList(
    (0-1): 2 x EMAStream(
      (proj): Linear(in_features=64, out_features=64, bias=True)
    )
  )
  (weavers): ModuleList(
    (0-1): 2 x StreamWeaver(
      (proj): Linear(in_features=128, out_features=64, bias=True)
      (norm): LayerNorm((64,), eps=1e-05, elementwise_affine=True)
    )
  )
  (loss_fct): CrossEntropyLoss()
)
Trainable parameters: 1132929.0
Sat 14 Mar 2026 08:55:01 INFO  FLOPs: 4298752.0
Sat 14 Mar 2026 08:55:18 INFO  epoch 0 training [time: 17.66s, train loss: 1810.2932]
Sat 14 Mar 2026 08:55:18 INFO  epoch 0 evaluating [time: 0.09s, valid_score: 0.011500]
Sat 14 Mar 2026 08:55:18 INFO  valid result: 
hit@10 : 0.0115    ndcg@10 : 0.0061    mrr@10 : 0.0044
Sat 14 Mar 2026 08:55:18 INFO  Saving current: saved\TimeWeaver-Mar-14-2026_08-55-01.pth
Sat 14 Mar 2026 08:55:37 INFO  epoch 1 training [time: 18.08s, train loss: 1735.3626]
Sat 14 Mar 2026 08:55:37 INFO  epoch 1 evaluating [time: 0.09s, valid_score: 0.013800]
Sat 14 Mar 2026 08:55:37 INFO  valid result: 
hit@10 : 0.0138    ndcg@10 : 0.0073    mrr@10 : 0.0054
Sat 14 Mar 2026 08:55:37 INFO  Saving current: saved\TimeWeaver-Mar-14-2026_08-55-01.pth
Sat 14 Mar 2026 08:55:56 INFO  epoch 2 training [time: 19.32s, train loss: 1672.5438]
Sat 14 Mar 2026 08:55:56 INFO  epoch 2 evaluating [time: 0.10s, valid_score: 0.027500]
Sat 14 Mar 2026 08:55:56 INFO  valid result: 
hit@10 : 0.0275    ndcg@10 : 0.0132    mrr@10 : 0.009
Sat 14 Mar 2026 08:55:56 INFO  Saving current: saved\TimeWeaver-Mar-14-2026_08-55-01.pth
Sat 14 Mar 2026 08:56:15 INFO  epoch 3 training [time: 18.93s, train loss: 1598.5518]
Sat 14 Mar 2026 08:56:15 INFO  epoch 3 evaluating [time: 0.09s, valid_score: 0.025200]
Sat 14 Mar 2026 08:56:15 INFO  valid result: 
hit@10 : 0.0252    ndcg@10 : 0.0126    mrr@10 : 0.0087
Sat 14 Mar 2026 08:56:34 INFO  epoch 4 training [time: 18.93s, train loss: 1523.7081]
Sat 14 Mar 2026 08:56:34 INFO  epoch 4 evaluating [time: 0.09s, valid_score: 0.026100]
Sat 14 Mar 2026 08:56:34 INFO  valid result: 
hit@10 : 0.0261    ndcg@10 : 0.0131    mrr@10 : 0.0092
Sat 14 Mar 2026 08:56:57 INFO  epoch 5 training [time: 22.55s, train loss: 1450.2519]
Sat 14 Mar 2026 08:56:57 INFO  epoch 5 evaluating [time: 0.08s, valid_score: 0.028000]
Sat 14 Mar 2026 08:56:57 INFO  valid result: 
hit@10 : 0.028    ndcg@10 : 0.0125    mrr@10 : 0.0078
Sat 14 Mar 2026 08:56:57 INFO  Saving current: saved\TimeWeaver-Mar-14-2026_08-55-01.pth
Sat 14 Mar 2026 08:57:31 INFO  epoch 6 training [time: 34.27s, train loss: 1378.2795]
Sat 14 Mar 2026 08:57:31 INFO  epoch 6 evaluating [time: 0.10s, valid_score: 0.027100]
Sat 14 Mar 2026 08:57:31 INFO  valid result: 
hit@10 : 0.0271    ndcg@10 : 0.0124    mrr@10 : 0.0079
Sat 14 Mar 2026 08:58:08 INFO  epoch 7 training [time: 37.19s, train loss: 1309.7694]
Sat 14 Mar 2026 08:58:08 INFO  epoch 7 evaluating [time: 0.09s, valid_score: 0.031200]
Sat 14 Mar 2026 08:58:08 INFO  valid result: 
hit@10 : 0.0312    ndcg@10 : 0.0138    mrr@10 : 0.0084
Sat 14 Mar 2026 08:58:09 INFO  Saving current: saved\TimeWeaver-Mar-14-2026_08-55-01.pth
Sat 14 Mar 2026 08:58:46 INFO  epoch 8 training [time: 37.06s, train loss: 1248.9767]
Sat 14 Mar 2026 08:58:46 INFO  epoch 8 evaluating [time: 0.10s, valid_score: 0.031200]
Sat 14 Mar 2026 08:58:46 INFO  valid result: 
hit@10 : 0.0312    ndcg@10 : 0.0134    mrr@10 : 0.0081
Sat 14 Mar 2026 08:58:46 INFO  Saving current: saved\TimeWeaver-Mar-14-2026_08-55-01.pth
Sat 14 Mar 2026 08:59:23 INFO  epoch 9 training [time: 37.31s, train loss: 1195.3256]
Sat 14 Mar 2026 08:59:23 INFO  epoch 9 evaluating [time: 0.09s, valid_score: 0.033500]
Sat 14 Mar 2026 08:59:23 INFO  valid result: 
hit@10 : 0.0335    ndcg@10 : 0.014    mrr@10 : 0.0082
Sat 14 Mar 2026 08:59:23 INFO  Saving current: saved\TimeWeaver-Mar-14-2026_08-55-01.pth
Sat 14 Mar 2026 09:00:01 INFO  epoch 10 training [time: 38.34s, train loss: 1150.2425]
Sat 14 Mar 2026 09:00:02 INFO  epoch 10 evaluating [time: 0.10s, valid_score: 0.031200]
Sat 14 Mar 2026 09:00:02 INFO  valid result: 
hit@10 : 0.0312    ndcg@10 : 0.0136    mrr@10 : 0.0083
Sat 14 Mar 2026 09:00:41 INFO  epoch 11 training [time: 38.97s, train loss: 1110.5105]
Sat 14 Mar 2026 09:00:41 INFO  epoch 11 evaluating [time: 0.10s, valid_score: 0.029400]
Sat 14 Mar 2026 09:00:41 INFO  valid result: 
hit@10 : 0.0294    ndcg@10 : 0.0128    mrr@10 : 0.0077
Sat 14 Mar 2026 09:01:18 INFO  epoch 12 training [time: 37.40s, train loss: 1074.6086]
Sat 14 Mar 2026 09:01:18 INFO  epoch 12 evaluating [time: 0.10s, valid_score: 0.030300]
Sat 14 Mar 2026 09:01:18 INFO  valid result: 
hit@10 : 0.0303    ndcg@10 : 0.0131    mrr@10 : 0.0078
Sat 14 Mar 2026 09:01:56 INFO  epoch 13 training [time: 38.13s, train loss: 1047.2721]
Sat 14 Mar 2026 09:01:56 INFO  epoch 13 evaluating [time: 0.09s, valid_score: 0.030300]
Sat 14 Mar 2026 09:01:56 INFO  valid result: 
hit@10 : 0.0303    ndcg@10 : 0.0127    mrr@10 : 0.0073
Sat 14 Mar 2026 09:02:34 INFO  epoch 14 training [time: 37.35s, train loss: 1019.5863]
Sat 14 Mar 2026 09:02:34 INFO  epoch 14 evaluating [time: 0.10s, valid_score: 0.028000]
Sat 14 Mar 2026 09:02:34 INFO  valid result: 
hit@10 : 0.028    ndcg@10 : 0.0125    mrr@10 : 0.0078
Sat 14 Mar 2026 09:03:11 INFO  epoch 15 training [time: 37.45s, train loss: 994.4436]
Sat 14 Mar 2026 09:03:11 INFO  epoch 15 evaluating [time: 0.10s, valid_score: 0.029800]
Sat 14 Mar 2026 09:03:11 INFO  valid result: 
hit@10 : 0.0298    ndcg@10 : 0.0131    mrr@10 : 0.008
Sat 14 Mar 2026 09:03:49 INFO  epoch 16 training [time: 37.30s, train loss: 969.4637]
Sat 14 Mar 2026 09:03:49 INFO  epoch 16 evaluating [time: 0.10s, valid_score: 0.029800]
Sat 14 Mar 2026 09:03:49 INFO  valid result: 
hit@10 : 0.0298    ndcg@10 : 0.0126    mrr@10 : 0.0075
Sat 14 Mar 2026 09:04:28 INFO  epoch 17 training [time: 39.05s, train loss: 950.4975]
Sat 14 Mar 2026 09:04:28 INFO  epoch 17 evaluating [time: 0.10s, valid_score: 0.025700]
Sat 14 Mar 2026 09:04:28 INFO  valid result: 
hit@10 : 0.0257    ndcg@10 : 0.0112    mrr@10 : 0.0067
Sat 14 Mar 2026 09:05:05 INFO  epoch 18 training [time: 37.37s, train loss: 929.6175]
Sat 14 Mar 2026 09:05:05 INFO  epoch 18 evaluating [time: 0.10s, valid_score: 0.027100]
Sat 14 Mar 2026 09:05:05 INFO  valid result: 
hit@10 : 0.0271    ndcg@10 : 0.0122    mrr@10 : 0.0076
Sat 14 Mar 2026 09:05:44 INFO  epoch 19 training [time: 38.26s, train loss: 907.6128]
Sat 14 Mar 2026 09:05:44 INFO  epoch 19 evaluating [time: 0.10s, valid_score: 0.028000]
Sat 14 Mar 2026 09:05:44 INFO  valid result: 
hit@10 : 0.028    ndcg@10 : 0.0118    mrr@10 : 0.0069
Sat 14 Mar 2026 09:06:21 INFO  epoch 20 training [time: 36.99s, train loss: 892.5467]
Sat 14 Mar 2026 09:06:21 INFO  epoch 20 evaluating [time: 0.09s, valid_score: 0.025200]
Sat 14 Mar 2026 09:06:21 INFO  valid result: 
hit@10 : 0.0252    ndcg@10 : 0.0107    mrr@10 : 0.0063
Sat 14 Mar 2026 09:06:21 INFO  Finished training, best eval result in epoch 9
Sat 14 Mar 2026 09:06:21 INFO  Loading model structure and parameters from saved\TimeWeaver-Mar-14-2026_08-55-01.pth
Sat 14 Mar 2026 09:06:22 INFO  The running environment of this training is as follows:
+-------------+----------------+
| Environment |     Usage      |
+=============+================+
| CPU         |    14.10 %     |
+-------------+----------------+
| GPU         | 0.33 G/6.00 G  |
+-------------+----------------+
| Memory      | 0.92 G/15.63 G |
+-------------+----------------+
Sat 14 Mar 2026 09:06:22 INFO  best valid : OrderedDict([('hit@10', 0.0335), ('ndcg@10', 0.014), ('mrr@10', 0.0082)])
Sat 14 Mar 2026 09:06:22 INFO  test result: OrderedDict([('hit@10', 0.0248), ('ndcg@10', 0.0123), ('mrr@10', 0.0085)])
Sat 14 Mar 2026 09:06:22 WARNING  command line args [--models timeweaver --datasets amazon-sports-5core-longseq-full --seeds 42,2023,2024 --device gpu --timeweaver-variant aug_only --output F:\桌面\recommendation_system\results\param_sweeps\timeweaver_param_A_contrastive.json --tag A_w0.0_t0.1 --skip-if-done --tw-contrastive-weight 0.0 --tw-contrastive-temp 0.1] will not be used in RecBole
Sat 14 Mar 2026 09:06:22 INFO  ['F:\\桌面\\recommendation_system\\scripts\\run_grid.py', '--models', 'timeweaver', '--datasets', 'amazon-sports-5core-longseq-full', '--seeds', '42,2023,2024', '--device', 'gpu', '--timeweaver-variant', 'aug_only', '--output', 'F:\\桌面\\recommendation_system\\results\\param_sweeps\\timeweaver_param_A_contrastive.json', '--tag', 'A_w0.0_t0.1', '--skip-if-done', '--tw-contrastive-weight', '0.0', '--tw-contrastive-temp', '0.1']
Sat 14 Mar 2026 09:06:22 INFO  
General Hyper Parameters:
gpu_id = 0
use_gpu = True
seed = 2024
state = INFO
reproducibility = True
data_path = data/amazon\amazon-sports-5core-longseq
checkpoint_dir = saved
show_progress = True
save_dataset = False
dataset_save_path = None
save_dataloaders = False
dataloaders_save_path = None
log_wandb = False

Training Hyper Parameters:
epochs = 100
train_batch_size = 256
learner = adam
learning_rate = 0.001
train_neg_sample_args = {'distribution': 'none', 'sample_num': 'none', 'alpha': 'none', 'dynamic': False, 'candidate_num': 0}
eval_step = 1
stopping_step = 10
clip_grad_norm = None
weight_decay = 0.0
loss_decimal_place = 4

Evaluation Hyper Parameters:
eval_args = {'split': {'LS': 'valid_and_test'}, 'order': 'TO', 'group_by': 'user', 'mode': {'valid': 'full', 'test': 'full'}}
repeatable = True
metrics = ['Hit', 'NDCG', 'MRR']
topk = [10]
valid_metric = Hit@10
valid_metric_bigger = True
eval_batch_size = 512
metric_decimal_place = 4

Dataset Hyper Parameters:
field_separator = 	
seq_separator =  
USER_ID_FIELD = user_id
ITEM_ID_FIELD = item_id
RATING_FIELD = rating
TIME_FIELD = timestamp
seq_len = None
LABEL_FIELD = label
threshold = None
NEG_PREFIX = neg_
load_col = {'inter': ['user_id', 'item_id', 'rating', 'timestamp']}
unload_col = None
unused_col = None
additional_feat_suffix = None
rm_dup_inter = None
val_interval = None
filter_inter_by_user_or_item = True
user_inter_num_interval = [0,inf)
item_inter_num_interval = [0,inf)
alias_of_user_id = None
alias_of_item_id = None
alias_of_entity_id = None
alias_of_relation_id = None
preload_weight = None
normalize_field = None
normalize_all = None
ITEM_LIST_LENGTH_FIELD = item_length
LIST_SUFFIX = _list
MAX_ITEM_LIST_LENGTH = 32
POSITION_FIELD = position_id
HEAD_ENTITY_ID_FIELD = head_id
TAIL_ENTITY_ID_FIELD = tail_id
RELATION_ID_FIELD = relation_id
ENTITY_ID_FIELD = entity_id
benchmark_filename = None

Other Hyper Parameters: 
worker = 0
wandb_project = recbole
shuffle = True
require_pow = False
enable_amp = False
enable_scaler = False
transform = None
numerical_features = []
discretization = None
kg_reverse_r = False
entity_kg_num_interval = [0,inf)
relation_kg_num_interval = [0,inf)
MODEL_TYPE = ModelType.SEQUENTIAL
model_name = TimeWeaver
hidden_size = 64
num_layers = 2
hidden_dropout_prob = 0.5
initializer_range = 0.02
time_bucket_size = 1000
ema_decay = 0.5
tcn_kernel_size = -1
ffn_hidden_size = 256
loss_type = CE
early_stop = 10
neg_sampling = None
device = cuda
use_continuous_time = False
use_time_gate = False
use_time_augmentation = True
contrastive_weight = 0.0
contrastive_temp = 0.1
MODEL_INPUT_TYPE = InputType.POINTWISE
eval_type = EvaluatorType.RANKING
single_spec = True
local_rank = 0
valid_neg_sample_args = {'distribution': 'uniform', 'sample_num': 'none'}
test_neg_sample_args = {'distribution': 'uniform', 'sample_num': 'none'}


Sat 14 Mar 2026 09:06:22 INFO  amazon-sports-5core-longseq
The number of users: 2181
Average actions of users: 25.74678899082569
The number of items: 14556
Average actions of items: 3.8562693232566128
The number of inters: 56128
The sparsity of the dataset: 99.82320016520806%
Remain Fields: ['user_id', 'item_id', 'rating', 'timestamp']
Sat 14 Mar 2026 09:06:23 INFO  [Training]: train_batch_size = [256] train_neg_sample_args: [{'distribution': 'none', 'sample_num': 'none', 'alpha': 'none', 'dynamic': False, 'candidate_num': 0}]
Sat 14 Mar 2026 09:06:23 INFO  [Evaluation]: eval_batch_size = [512] eval_args: [{'split': {'LS': 'valid_and_test'}, 'order': 'TO', 'group_by': 'user', 'mode': {'valid': 'full', 'test': 'full'}}]
Sat 14 Mar 2026 09:06:23 INFO  TimeWeaver(
  (item_embedding): Embedding(14556, 64, padding_idx=0)
  (time_aug): TimeAwareAugmentation(
    (pos_embedding): Embedding(32, 64)
    (time_embedding): Embedding(1000, 64)
    (layer_norm): LayerNorm((64,), eps=1e-05, elementwise_affine=True)
    (drop): Dropout(p=0.5, inplace=False)
  )
  (context_layers): ModuleList(
    (0-1): 2 x TCNNextBlock(
      (dw): DepthwiseConv1d(
        (conv): Conv1d(64, 64, kernel_size=(11,), stride=(1,), padding=(5,), groups=64)
        (bn): BatchNorm1d(64, eps=1e-05, momentum=0.1, affine=True, track_running_stats=True)
        (drop): Dropout(p=0.5, inplace=False)
      )
      (norm1): LayerNorm((64,), eps=1e-05, elementwise_affine=True)
      (conv_inter): ParallelConvInter(
        (conv1): Conv1d(64, 64, kernel_size=(1,), stride=(1,))
        (conv3): Conv1d(64, 64, kernel_size=(3,), stride=(1,), padding=(1,))
        (proj): Conv1d(64, 64, kernel_size=(1,), stride=(1,))
        (drop): Dropout(p=0.5, inplace=False)
      )
      (norm2): LayerNorm((64,), eps=1e-05, elementwise_affine=True)
      (ffn): Sequential(
        (0): Linear(in_features=64, out_features=256, bias=True)
        (1): GELU(approximate='none')
        (2): Dropout(p=0.5, inplace=False)
        (3): Linear(in_features=256, out_features=64, bias=True)
        (4): Dropout(p=0.5, inplace=False)
      )
      (norm3): LayerNorm((64,), eps=1e-05, elementwise_affine=True)
    )
  )
  (dynamic_layers): ModuleList(
    (0-1): 2 x EMAStream(
      (proj): Linear(in_features=64, out_features=64, bias=True)
    )
  )
  (weavers): ModuleList(
    (0-1): 2 x StreamWeaver(
      (proj): Linear(in_features=128, out_features=64, bias=True)
      (norm): LayerNorm((64,), eps=1e-05, elementwise_affine=True)
    )
  )
  (loss_fct): CrossEntropyLoss()
)
Trainable parameters: 1132929.0
Sat 14 Mar 2026 09:06:23 INFO  FLOPs: 4298752.0
Sat 14 Mar 2026 09:06:41 INFO  epoch 0 training [time: 17.66s, train loss: 1809.7610]
Sat 14 Mar 2026 09:06:41 INFO  epoch 0 evaluating [time: 0.09s, valid_score: 0.011500]
Sat 14 Mar 2026 09:06:41 INFO  valid result: 
hit@10 : 0.0115    ndcg@10 : 0.0063    mrr@10 : 0.0047
Sat 14 Mar 2026 09:06:41 INFO  Saving current: saved\TimeWeaver-Mar-14-2026_09-06-23.pth
Sat 14 Mar 2026 09:06:59 INFO  epoch 1 training [time: 18.30s, train loss: 1735.7294]
Sat 14 Mar 2026 09:06:59 INFO  epoch 1 evaluating [time: 0.09s, valid_score: 0.017000]
Sat 14 Mar 2026 09:06:59 INFO  valid result: 
hit@10 : 0.017    ndcg@10 : 0.0078    mrr@10 : 0.005
Sat 14 Mar 2026 09:07:00 INFO  Saving current: saved\TimeWeaver-Mar-14-2026_09-06-23.pth
Sat 14 Mar 2026 09:07:18 INFO  epoch 2 training [time: 18.35s, train loss: 1674.0062]
Sat 14 Mar 2026 09:07:18 INFO  epoch 2 evaluating [time: 0.09s, valid_score: 0.026600]
Sat 14 Mar 2026 09:07:18 INFO  valid result: 
hit@10 : 0.0266    ndcg@10 : 0.0129    mrr@10 : 0.0087
Sat 14 Mar 2026 09:07:18 INFO  Saving current: saved\TimeWeaver-Mar-14-2026_09-06-23.pth
Sat 14 Mar 2026 09:07:36 INFO  epoch 3 training [time: 18.24s, train loss: 1599.1303]
Sat 14 Mar 2026 09:07:36 INFO  epoch 3 evaluating [time: 0.10s, valid_score: 0.026600]
Sat 14 Mar 2026 09:07:36 INFO  valid result: 
hit@10 : 0.0266    ndcg@10 : 0.0124    mrr@10 : 0.0082
Sat 14 Mar 2026 09:07:36 INFO  Saving current: saved\TimeWeaver-Mar-14-2026_09-06-23.pth
Sat 14 Mar 2026 09:07:55 INFO  epoch 4 training [time: 19.03s, train loss: 1523.0991]
Sat 14 Mar 2026 09:07:55 INFO  epoch 4 evaluating [time: 0.10s, valid_score: 0.028400]
Sat 14 Mar 2026 09:07:55 INFO  valid result: 
hit@10 : 0.0284    ndcg@10 : 0.0126    mrr@10 : 0.0079
Sat 14 Mar 2026 09:07:56 INFO  Saving current: saved\TimeWeaver-Mar-14-2026_09-06-23.pth
Sat 14 Mar 2026 09:08:19 INFO  epoch 5 training [time: 23.83s, train loss: 1447.9121]
Sat 14 Mar 2026 09:08:19 INFO  epoch 5 evaluating [time: 0.09s, valid_score: 0.031700]
Sat 14 Mar 2026 09:08:19 INFO  valid result: 
hit@10 : 0.0317    ndcg@10 : 0.0137    mrr@10 : 0.0083
Sat 14 Mar 2026 09:08:19 INFO  Saving current: saved\TimeWeaver-Mar-14-2026_09-06-23.pth
Sat 14 Mar 2026 09:08:55 INFO  epoch 6 training [time: 35.27s, train loss: 1375.2511]
Sat 14 Mar 2026 09:08:55 INFO  epoch 6 evaluating [time: 0.10s, valid_score: 0.029800]
Sat 14 Mar 2026 09:08:55 INFO  valid result: 
hit@10 : 0.0298    ndcg@10 : 0.0136    mrr@10 : 0.0087
Sat 14 Mar 2026 09:09:32 INFO  epoch 7 training [time: 37.63s, train loss: 1307.7704]
Sat 14 Mar 2026 09:09:33 INFO  epoch 7 evaluating [time: 0.10s, valid_score: 0.031200]
Sat 14 Mar 2026 09:09:33 INFO  valid result: 
hit@10 : 0.0312    ndcg@10 : 0.0128    mrr@10 : 0.0073
Sat 14 Mar 2026 09:10:10 INFO  epoch 8 training [time: 37.64s, train loss: 1248.9509]
Sat 14 Mar 2026 09:10:10 INFO  epoch 8 evaluating [time: 0.09s, valid_score: 0.034900]
Sat 14 Mar 2026 09:10:10 INFO  valid result: 
hit@10 : 0.0349    ndcg@10 : 0.015    mrr@10 : 0.009
Sat 14 Mar 2026 09:10:10 INFO  Saving current: saved\TimeWeaver-Mar-14-2026_09-06-23.pth
Sat 14 Mar 2026 09:10:48 INFO  epoch 9 training [time: 37.78s, train loss: 1194.6759]
Sat 14 Mar 2026 09:10:48 INFO  epoch 9 evaluating [time: 0.10s, valid_score: 0.028400]
Sat 14 Mar 2026 09:10:48 INFO  valid result: 
hit@10 : 0.0284    ndcg@10 : 0.0125    mrr@10 : 0.0077
Sat 14 Mar 2026 09:11:26 INFO  epoch 10 training [time: 37.34s, train loss: 1151.2757]
Sat 14 Mar 2026 09:11:26 INFO  epoch 10 evaluating [time: 0.11s, valid_score: 0.029800]
Sat 14 Mar 2026 09:11:26 INFO  valid result: 
hit@10 : 0.0298    ndcg@10 : 0.0131    mrr@10 : 0.008
Sat 14 Mar 2026 09:12:04 INFO  epoch 11 training [time: 38.46s, train loss: 1111.3022]
Sat 14 Mar 2026 09:12:04 INFO  epoch 11 evaluating [time: 0.10s, valid_score: 0.033900]
Sat 14 Mar 2026 09:12:04 INFO  valid result: 
hit@10 : 0.0339    ndcg@10 : 0.0149    mrr@10 : 0.009
Sat 14 Mar 2026 09:12:43 INFO  epoch 12 training [time: 38.80s, train loss: 1078.2076]
Sat 14 Mar 2026 09:12:43 INFO  epoch 12 evaluating [time: 0.09s, valid_score: 0.033900]
Sat 14 Mar 2026 09:12:43 INFO  valid result: 
hit@10 : 0.0339    ndcg@10 : 0.0147    mrr@10 : 0.0089
Sat 14 Mar 2026 09:13:21 INFO  epoch 13 training [time: 37.62s, train loss: 1048.0803]
Sat 14 Mar 2026 09:13:21 INFO  epoch 13 evaluating [time: 0.09s, valid_score: 0.033500]
Sat 14 Mar 2026 09:13:21 INFO  valid result: 
hit@10 : 0.0335    ndcg@10 : 0.0151    mrr@10 : 0.0095
Sat 14 Mar 2026 09:13:59 INFO  epoch 14 training [time: 38.04s, train loss: 1023.7848]
Sat 14 Mar 2026 09:13:59 INFO  epoch 14 evaluating [time: 0.11s, valid_score: 0.034400]
Sat 14 Mar 2026 09:13:59 INFO  valid result: 
hit@10 : 0.0344    ndcg@10 : 0.0149    mrr@10 : 0.009
Sat 14 Mar 2026 09:14:36 INFO  epoch 15 training [time: 37.48s, train loss: 998.1861]
Sat 14 Mar 2026 09:14:37 INFO  epoch 15 evaluating [time: 0.10s, valid_score: 0.033500]
Sat 14 Mar 2026 09:14:37 INFO  valid result: 
hit@10 : 0.0335    ndcg@10 : 0.0152    mrr@10 : 0.0097
Sat 14 Mar 2026 09:15:14 INFO  epoch 16 training [time: 37.67s, train loss: 978.2120]
Sat 14 Mar 2026 09:15:14 INFO  epoch 16 evaluating [time: 0.09s, valid_score: 0.034400]
Sat 14 Mar 2026 09:15:14 INFO  valid result: 
hit@10 : 0.0344    ndcg@10 : 0.0154    mrr@10 : 0.0096
Sat 14 Mar 2026 09:15:52 INFO  epoch 17 training [time: 37.91s, train loss: 954.3225]
Sat 14 Mar 2026 09:15:52 INFO  epoch 17 evaluating [time: 0.11s, valid_score: 0.033000]
Sat 14 Mar 2026 09:15:52 INFO  valid result: 
hit@10 : 0.033    ndcg@10 : 0.0147    mrr@10 : 0.0091
Sat 14 Mar 2026 09:16:31 INFO  epoch 18 training [time: 39.11s, train loss: 935.1409]
Sat 14 Mar 2026 09:16:32 INFO  epoch 18 evaluating [time: 0.10s, valid_score: 0.031700]
Sat 14 Mar 2026 09:16:32 INFO  valid result: 
hit@10 : 0.0317    ndcg@10 : 0.0143    mrr@10 : 0.0091
Sat 14 Mar 2026 09:17:09 INFO  epoch 19 training [time: 37.30s, train loss: 917.6167]
Sat 14 Mar 2026 09:17:09 INFO  epoch 19 evaluating [time: 0.09s, valid_score: 0.031200]
Sat 14 Mar 2026 09:17:09 INFO  valid result: 
hit@10 : 0.0312    ndcg@10 : 0.0146    mrr@10 : 0.0097
Sat 14 Mar 2026 09:17:09 INFO  Finished training, best eval result in epoch 8
Sat 14 Mar 2026 09:17:09 INFO  Loading model structure and parameters from saved\TimeWeaver-Mar-14-2026_09-06-23.pth
Sat 14 Mar 2026 09:17:10 INFO  The running environment of this training is as follows:
+-------------+----------------+
| Environment |     Usage      |
+=============+================+
| CPU         |    11.50 %     |
+-------------+----------------+
| GPU         | 0.33 G/6.00 G  |
+-------------+----------------+
| Memory      | 0.91 G/15.63 G |
+-------------+----------------+
Sat 14 Mar 2026 09:17:10 INFO  best valid : OrderedDict([('hit@10', 0.0349), ('ndcg@10', 0.015), ('mrr@10', 0.009)])
Sat 14 Mar 2026 09:17:10 INFO  test result: OrderedDict([('hit@10', 0.0225), ('ndcg@10', 0.0107), ('mrr@10', 0.0071)])
