Thu 12 Feb 2026 22:37:40 INFO  ['F:\\桌面\\recommendation_system\\scripts\\run_grid.py', '--models', 'timeweaver', '--datasets', 'amazon-electronics-5core-subset', '--seeds', '42', '--device', 'gpu', '--timeweaver-variant', 'base', '--tag', 'e0p2_k-1_d0p5_l1_f512_b1000', '--output', 'results/run_grid_timeweaver_tune.json', '--tw-ema-decay', '0.2', '--tw-tcn-kernel', '-1', '--tw-hidden-dropout', '0.5', '--tw-num-layers', '1', '--tw-ffn-hidden', '512', '--tw-time-bucket', '1000']
Thu 12 Feb 2026 22:37:40 INFO  
General Hyper Parameters:
gpu_id = 0
use_gpu = True
seed = 42
state = INFO
reproducibility = True
data_path = data/amazon\amazon-electronics-5core-subset
checkpoint_dir = saved
show_progress = True
save_dataset = False
dataset_save_path = None
save_dataloaders = False
dataloaders_save_path = None
log_wandb = False

Training Hyper Parameters:
epochs = 100
train_batch_size = 256
learner = adam
learning_rate = 0.001
train_neg_sample_args = {'distribution': 'none', 'sample_num': 'none', 'alpha': 'none', 'dynamic': False, 'candidate_num': 0}
eval_step = 1
stopping_step = 10
clip_grad_norm = None
weight_decay = 0.0
loss_decimal_place = 4

Evaluation Hyper Parameters:
eval_args = {'split': {'LS': 'valid_and_test'}, 'order': 'TO', 'group_by': 'user', 'mode': {'valid': 'uni100', 'test': 'uni100'}}
repeatable = True
metrics = ['Hit', 'NDCG', 'MRR']
topk = [10]
valid_metric = MRR@10
valid_metric_bigger = True
eval_batch_size = 512
metric_decimal_place = 4

Dataset Hyper Parameters:
field_separator = 	
seq_separator =  
USER_ID_FIELD = user_id
ITEM_ID_FIELD = item_id
RATING_FIELD = rating
TIME_FIELD = timestamp
seq_len = None
LABEL_FIELD = label
threshold = None
NEG_PREFIX = neg_
load_col = {'inter': ['user_id', 'item_id', 'rating', 'timestamp']}
unload_col = None
unused_col = None
additional_feat_suffix = None
rm_dup_inter = None
val_interval = None
filter_inter_by_user_or_item = True
user_inter_num_interval = [0,inf)
item_inter_num_interval = [0,inf)
alias_of_user_id = None
alias_of_item_id = None
alias_of_entity_id = None
alias_of_relation_id = None
preload_weight = None
normalize_field = None
normalize_all = None
ITEM_LIST_LENGTH_FIELD = item_length
LIST_SUFFIX = _list
MAX_ITEM_LIST_LENGTH = 32
POSITION_FIELD = position_id
HEAD_ENTITY_ID_FIELD = head_id
TAIL_ENTITY_ID_FIELD = tail_id
RELATION_ID_FIELD = relation_id
ENTITY_ID_FIELD = entity_id
benchmark_filename = None

Other Hyper Parameters: 
worker = 0
wandb_project = recbole
shuffle = True
require_pow = False
enable_amp = False
enable_scaler = False
transform = None
numerical_features = []
discretization = None
kg_reverse_r = False
entity_kg_num_interval = [0,inf)
relation_kg_num_interval = [0,inf)
MODEL_TYPE = ModelType.SEQUENTIAL
model_name = TimeWeaver
hidden_size = 64
num_layers = 1
hidden_dropout_prob = 0.5
initializer_range = 0.02
time_bucket_size = 1000
ema_decay = 0.2
tcn_kernel_size = -1
ffn_hidden_size = 512
loss_type = CE
early_stop = 10
neg_sampling = None
device = cuda
use_continuous_time = False
use_time_gate = False
use_time_augmentation = False
MODEL_INPUT_TYPE = InputType.POINTWISE
eval_type = EvaluatorType.RANKING
single_spec = True
local_rank = 0
valid_neg_sample_args = {'distribution': 'uniform', 'sample_num': 100}
test_neg_sample_args = {'distribution': 'uniform', 'sample_num': 100}


Thu 12 Feb 2026 22:37:41 INFO  amazon-electronics-5core-subset
The number of users: 1501
Average actions of users: 108.42733333333334
The number of items: 54722
Average actions of items: 2.9721861808080994
The number of inters: 162641
The sparsity of the dataset: 99.80198988231011%
Remain Fields: ['user_id', 'item_id', 'rating', 'timestamp']
Thu 12 Feb 2026 22:37:43 INFO  [Training]: train_batch_size = [256] train_neg_sample_args: [{'distribution': 'none', 'sample_num': 'none', 'alpha': 'none', 'dynamic': False, 'candidate_num': 0}]
Thu 12 Feb 2026 22:37:43 INFO  [Evaluation]: eval_batch_size = [512] eval_args: [{'split': {'LS': 'valid_and_test'}, 'order': 'TO', 'group_by': 'user', 'mode': {'valid': 'uni100', 'test': 'uni100'}}]
Thu 12 Feb 2026 22:37:43 INFO  TimeWeaver(
  (item_embedding): Embedding(54722, 64, padding_idx=0)
  (time_aug): TimeAwareAugmentation(
    (pos_embedding): Embedding(32, 64)
    (time_embedding): Embedding(1000, 64)
    (layer_norm): LayerNorm((64,), eps=1e-05, elementwise_affine=True)
    (drop): Dropout(p=0.5, inplace=False)
  )
  (context_layers): ModuleList(
    (0): TCNNextBlock(
      (dw): DepthwiseConv1d(
        (conv): Conv1d(64, 64, kernel_size=(11,), stride=(1,), padding=(5,), groups=64)
        (bn): BatchNorm1d(64, eps=1e-05, momentum=0.1, affine=True, track_running_stats=True)
        (drop): Dropout(p=0.5, inplace=False)
      )
      (norm1): LayerNorm((64,), eps=1e-05, elementwise_affine=True)
      (conv_inter): ParallelConvInter(
        (conv1): Conv1d(64, 64, kernel_size=(1,), stride=(1,))
        (conv3): Conv1d(64, 64, kernel_size=(3,), stride=(1,), padding=(1,))
        (proj): Conv1d(64, 64, kernel_size=(1,), stride=(1,))
        (drop): Dropout(p=0.5, inplace=False)
      )
      (norm2): LayerNorm((64,), eps=1e-05, elementwise_affine=True)
      (ffn): Sequential(
        (0): Linear(in_features=64, out_features=512, bias=True)
        (1): GELU(approximate='none')
        (2): Dropout(p=0.5, inplace=False)
        (3): Linear(in_features=512, out_features=64, bias=True)
        (4): Dropout(p=0.5, inplace=False)
      )
      (norm3): LayerNorm((64,), eps=1e-05, elementwise_affine=True)
    )
  )
  (dynamic_layers): ModuleList(
    (0): EMAStream(
      (proj): Linear(in_features=64, out_features=64, bias=True)
    )
  )
  (weavers): ModuleList(
    (0): StreamWeaver(
      (proj): Linear(in_features=128, out_features=64, bias=True)
      (norm): LayerNorm((64,), eps=1e-05, elementwise_affine=True)
    )
  )
  (loss_fct): CrossEntropyLoss()
)
Trainable parameters: 3668993.0
Thu 12 Feb 2026 22:37:43 INFO  FLOPs: 3203072.0
Thu 12 Feb 2026 22:38:15 INFO  epoch 0 training [time: 30.87s, train loss: 6517.4928]
Thu 12 Feb 2026 22:38:17 INFO  epoch 0 evaluating [time: 2.17s, valid_score: 0.175900]
Thu 12 Feb 2026 22:38:17 INFO  valid result: 
hit@10 : 0.3487    ndcg@10 : 0.2167    mrr@10 : 0.1759
Thu 12 Feb 2026 22:38:17 INFO  Saving current: saved\TimeWeaver-Feb-12-2026_22-37-43.pth
Thu 12 Feb 2026 22:38:49 INFO  epoch 1 training [time: 31.58s, train loss: 6123.4525]
Thu 12 Feb 2026 22:38:51 INFO  epoch 1 evaluating [time: 2.14s, valid_score: 0.222200]
Thu 12 Feb 2026 22:38:51 INFO  valid result: 
hit@10 : 0.4113    ndcg@10 : 0.2672    mrr@10 : 0.2222
Thu 12 Feb 2026 22:38:51 INFO  Saving current: saved\TimeWeaver-Feb-12-2026_22-37-43.pth
Thu 12 Feb 2026 22:39:22 INFO  epoch 2 training [time: 30.95s, train loss: 5708.9554]
Thu 12 Feb 2026 22:39:24 INFO  epoch 2 evaluating [time: 2.03s, valid_score: 0.215700]
Thu 12 Feb 2026 22:39:24 INFO  valid result: 
hit@10 : 0.4007    ndcg@10 : 0.2594    mrr@10 : 0.2157
Thu 12 Feb 2026 22:39:55 INFO  epoch 3 training [time: 30.51s, train loss: 5266.6532]
Thu 12 Feb 2026 22:39:57 INFO  epoch 3 evaluating [time: 2.09s, valid_score: 0.221700]
Thu 12 Feb 2026 22:39:57 INFO  valid result: 
hit@10 : 0.3893    ndcg@10 : 0.2611    mrr@10 : 0.2217
Thu 12 Feb 2026 22:40:27 INFO  epoch 4 training [time: 30.24s, train loss: 4854.1590]
Thu 12 Feb 2026 22:40:29 INFO  epoch 4 evaluating [time: 2.10s, valid_score: 0.213200]
Thu 12 Feb 2026 22:40:29 INFO  valid result: 
hit@10 : 0.3787    ndcg@10 : 0.2522    mrr@10 : 0.2132
Thu 12 Feb 2026 22:41:00 INFO  epoch 5 training [time: 30.50s, train loss: 4501.5764]
Thu 12 Feb 2026 22:41:02 INFO  epoch 5 evaluating [time: 2.07s, valid_score: 0.213400]
Thu 12 Feb 2026 22:41:02 INFO  valid result: 
hit@10 : 0.382    ndcg@10 : 0.2527    mrr@10 : 0.2134
Thu 12 Feb 2026 22:41:32 INFO  epoch 6 training [time: 30.40s, train loss: 4232.4328]
Thu 12 Feb 2026 22:41:34 INFO  epoch 6 evaluating [time: 2.05s, valid_score: 0.219700]
Thu 12 Feb 2026 22:41:34 INFO  valid result: 
hit@10 : 0.3753    ndcg@10 : 0.2565    mrr@10 : 0.2197
Thu 12 Feb 2026 22:42:04 INFO  epoch 7 training [time: 30.24s, train loss: 4020.8243]
Thu 12 Feb 2026 22:42:07 INFO  epoch 7 evaluating [time: 2.18s, valid_score: 0.222000]
Thu 12 Feb 2026 22:42:07 INFO  valid result: 
hit@10 : 0.382    ndcg@10 : 0.2597    mrr@10 : 0.222
Thu 12 Feb 2026 22:42:39 INFO  epoch 8 training [time: 32.29s, train loss: 3853.1566]
Thu 12 Feb 2026 22:42:41 INFO  epoch 8 evaluating [time: 2.13s, valid_score: 0.206600]
Thu 12 Feb 2026 22:42:41 INFO  valid result: 
hit@10 : 0.3687    ndcg@10 : 0.2448    mrr@10 : 0.2066
Thu 12 Feb 2026 22:43:12 INFO  epoch 9 training [time: 30.69s, train loss: 3712.2327]
Thu 12 Feb 2026 22:43:14 INFO  epoch 9 evaluating [time: 2.01s, valid_score: 0.223900]
Thu 12 Feb 2026 22:43:14 INFO  valid result: 
hit@10 : 0.3893    ndcg@10 : 0.2628    mrr@10 : 0.2239
Thu 12 Feb 2026 22:43:14 INFO  Saving current: saved\TimeWeaver-Feb-12-2026_22-37-43.pth
Thu 12 Feb 2026 22:43:44 INFO  epoch 10 training [time: 30.14s, train loss: 3584.2169]
Thu 12 Feb 2026 22:43:46 INFO  epoch 10 evaluating [time: 2.07s, valid_score: 0.217900]
Thu 12 Feb 2026 22:43:46 INFO  valid result: 
hit@10 : 0.3813    ndcg@10 : 0.2563    mrr@10 : 0.2179
Thu 12 Feb 2026 22:44:17 INFO  epoch 11 training [time: 30.56s, train loss: 3479.7387]
Thu 12 Feb 2026 22:44:19 INFO  epoch 11 evaluating [time: 2.01s, valid_score: 0.207200]
Thu 12 Feb 2026 22:44:19 INFO  valid result: 
hit@10 : 0.3787    ndcg@10 : 0.2474    mrr@10 : 0.2072
Thu 12 Feb 2026 22:44:49 INFO  epoch 12 training [time: 30.42s, train loss: 3374.5825]
Thu 12 Feb 2026 22:44:51 INFO  epoch 12 evaluating [time: 2.08s, valid_score: 0.223200]
Thu 12 Feb 2026 22:44:51 INFO  valid result: 
hit@10 : 0.382    ndcg@10 : 0.2607    mrr@10 : 0.2232
Thu 12 Feb 2026 22:45:22 INFO  epoch 13 training [time: 30.56s, train loss: 3281.8885]
Thu 12 Feb 2026 22:45:24 INFO  epoch 13 evaluating [time: 2.05s, valid_score: 0.217500]
Thu 12 Feb 2026 22:45:24 INFO  valid result: 
hit@10 : 0.38    ndcg@10 : 0.2557    mrr@10 : 0.2175
Thu 12 Feb 2026 22:45:54 INFO  epoch 14 training [time: 29.88s, train loss: 3190.2621]
Thu 12 Feb 2026 22:45:56 INFO  epoch 14 evaluating [time: 2.00s, valid_score: 0.214800]
Thu 12 Feb 2026 22:45:56 INFO  valid result: 
hit@10 : 0.376    ndcg@10 : 0.253    mrr@10 : 0.2148
Thu 12 Feb 2026 22:46:28 INFO  epoch 15 training [time: 32.12s, train loss: 3104.9281]
Thu 12 Feb 2026 22:46:30 INFO  epoch 15 evaluating [time: 2.19s, valid_score: 0.216400]
Thu 12 Feb 2026 22:46:30 INFO  valid result: 
hit@10 : 0.374    ndcg@10 : 0.2534    mrr@10 : 0.2164
Thu 12 Feb 2026 22:47:01 INFO  epoch 16 training [time: 31.43s, train loss: 3020.0487]
Thu 12 Feb 2026 22:47:03 INFO  epoch 16 evaluating [time: 2.03s, valid_score: 0.211100]
Thu 12 Feb 2026 22:47:03 INFO  valid result: 
hit@10 : 0.3693    ndcg@10 : 0.2484    mrr@10 : 0.2111
Thu 12 Feb 2026 22:47:33 INFO  epoch 17 training [time: 30.02s, train loss: 2943.4975]
Thu 12 Feb 2026 22:47:35 INFO  epoch 17 evaluating [time: 2.07s, valid_score: 0.208600]
Thu 12 Feb 2026 22:47:35 INFO  valid result: 
hit@10 : 0.3727    ndcg@10 : 0.2472    mrr@10 : 0.2086
Thu 12 Feb 2026 22:48:06 INFO  epoch 18 training [time: 30.58s, train loss: 2865.7584]
Thu 12 Feb 2026 22:48:08 INFO  epoch 18 evaluating [time: 2.00s, valid_score: 0.207900]
Thu 12 Feb 2026 22:48:08 INFO  valid result: 
hit@10 : 0.37    ndcg@10 : 0.2462    mrr@10 : 0.2079
Thu 12 Feb 2026 22:48:38 INFO  epoch 19 training [time: 30.18s, train loss: 2795.8797]
Thu 12 Feb 2026 22:48:40 INFO  epoch 19 evaluating [time: 2.03s, valid_score: 0.213400]
Thu 12 Feb 2026 22:48:40 INFO  valid result: 
hit@10 : 0.37    ndcg@10 : 0.2504    mrr@10 : 0.2134
Thu 12 Feb 2026 22:49:11 INFO  epoch 20 training [time: 30.33s, train loss: 2725.8332]
Thu 12 Feb 2026 22:49:13 INFO  epoch 20 evaluating [time: 2.07s, valid_score: 0.211500]
Thu 12 Feb 2026 22:49:13 INFO  valid result: 
hit@10 : 0.3687    ndcg@10 : 0.2488    mrr@10 : 0.2115
Thu 12 Feb 2026 22:49:13 INFO  Finished training, best eval result in epoch 9
Thu 12 Feb 2026 22:49:13 INFO  Loading model structure and parameters from saved\TimeWeaver-Feb-12-2026_22-37-43.pth
Thu 12 Feb 2026 22:49:16 INFO  The running environment of this training is as follows:
+-------------+----------------+
| Environment |     Usage      |
+=============+================+
| CPU         |     4.10 %     |
+-------------+----------------+
| GPU         | 0.44 G/6.00 G  |
+-------------+----------------+
| Memory      | 1.55 G/15.63 G |
+-------------+----------------+
Thu 12 Feb 2026 22:49:16 INFO  best valid : OrderedDict([('hit@10', 0.3893), ('ndcg@10', 0.2628), ('mrr@10', 0.2239)])
Thu 12 Feb 2026 22:49:16 INFO  test result: OrderedDict([('hit@10', 0.3427), ('ndcg@10', 0.2283), ('mrr@10', 0.1934)])
