Fri 20 Feb 2026 23:46:51 INFO  ['F:\\桌面\\recommendation_system\\scripts\\run_grid.py', '--models', 'timeweaver', '--datasets', 'amazon-electronics-5core-subset', '--timeweaver-variant', 'aug', '--seeds', '42,2023,2024', '--device', 'gpu', '--output', 'results/timeweaver_tta_quad_amazon-electronics-5core-subset.json', '--tag', 'aug_tta', '--tw-test-tta']
Fri 20 Feb 2026 23:46:51 INFO  
General Hyper Parameters:
gpu_id = 0
use_gpu = True
seed = 42
state = INFO
reproducibility = True
data_path = data/amazon\amazon-electronics-5core-subset
checkpoint_dir = saved
show_progress = True
save_dataset = False
dataset_save_path = None
save_dataloaders = False
dataloaders_save_path = None
log_wandb = False

Training Hyper Parameters:
epochs = 100
train_batch_size = 256
learner = adam
learning_rate = 0.001
train_neg_sample_args = {'distribution': 'none', 'sample_num': 'none', 'alpha': 'none', 'dynamic': False, 'candidate_num': 0}
eval_step = 1
stopping_step = 10
clip_grad_norm = None
weight_decay = 0.0
loss_decimal_place = 4

Evaluation Hyper Parameters:
eval_args = {'split': {'LS': 'valid_and_test'}, 'order': 'TO', 'group_by': 'user', 'mode': {'valid': 'uni100', 'test': 'uni100'}}
repeatable = True
metrics = ['Hit', 'NDCG', 'MRR']
topk = [10]
valid_metric = Hit@10
valid_metric_bigger = True
eval_batch_size = 512
metric_decimal_place = 4

Dataset Hyper Parameters:
field_separator = 	
seq_separator =  
USER_ID_FIELD = user_id
ITEM_ID_FIELD = item_id
RATING_FIELD = rating
TIME_FIELD = timestamp
seq_len = None
LABEL_FIELD = label
threshold = None
NEG_PREFIX = neg_
load_col = {'inter': ['user_id', 'item_id', 'rating', 'timestamp']}
unload_col = None
unused_col = None
additional_feat_suffix = None
rm_dup_inter = None
val_interval = None
filter_inter_by_user_or_item = True
user_inter_num_interval = [0,inf)
item_inter_num_interval = [0,inf)
alias_of_user_id = None
alias_of_item_id = None
alias_of_entity_id = None
alias_of_relation_id = None
preload_weight = None
normalize_field = None
normalize_all = None
ITEM_LIST_LENGTH_FIELD = item_length
LIST_SUFFIX = _list
MAX_ITEM_LIST_LENGTH = 32
POSITION_FIELD = position_id
HEAD_ENTITY_ID_FIELD = head_id
TAIL_ENTITY_ID_FIELD = tail_id
RELATION_ID_FIELD = relation_id
ENTITY_ID_FIELD = entity_id
benchmark_filename = None

Other Hyper Parameters: 
worker = 0
wandb_project = recbole
shuffle = True
require_pow = False
enable_amp = False
enable_scaler = False
transform = None
numerical_features = []
discretization = None
kg_reverse_r = False
entity_kg_num_interval = [0,inf)
relation_kg_num_interval = [0,inf)
MODEL_TYPE = ModelType.SEQUENTIAL
model_name = TimeWeaver
hidden_size = 64
num_layers = 2
hidden_dropout_prob = 0.5
initializer_range = 0.02
time_bucket_size = 1000
ema_decay = 0.5
tcn_kernel_size = -1
ffn_hidden_size = 256
loss_type = CE
early_stop = 10
neg_sampling = None
device = cuda
use_continuous_time = True
use_time_gate = True
use_time_augmentation = True
use_test_tta = True
MODEL_INPUT_TYPE = InputType.POINTWISE
eval_type = EvaluatorType.RANKING
single_spec = True
local_rank = 0
valid_neg_sample_args = {'distribution': 'uniform', 'sample_num': 100}
test_neg_sample_args = {'distribution': 'uniform', 'sample_num': 100}


Fri 20 Feb 2026 23:46:52 INFO  amazon-electronics-5core-subset
The number of users: 1501
Average actions of users: 108.42733333333334
The number of items: 54722
Average actions of items: 2.9721861808080994
The number of inters: 162641
The sparsity of the dataset: 99.80198988231011%
Remain Fields: ['user_id', 'item_id', 'rating', 'timestamp']
Fri 20 Feb 2026 23:46:54 INFO  [Training]: train_batch_size = [256] train_neg_sample_args: [{'distribution': 'none', 'sample_num': 'none', 'alpha': 'none', 'dynamic': False, 'candidate_num': 0}]
Fri 20 Feb 2026 23:46:54 INFO  [Evaluation]: eval_batch_size = [512] eval_args: [{'split': {'LS': 'valid_and_test'}, 'order': 'TO', 'group_by': 'user', 'mode': {'valid': 'uni100', 'test': 'uni100'}}]
Fri 20 Feb 2026 23:46:54 INFO  TimeWeaver(
  (item_embedding): Embedding(54722, 64, padding_idx=0)
  (time_aug): TimeAwareAugmentation(
    (pos_embedding): Embedding(32, 64)
    (time_embedder): ContinuousTimeEmbedding(
      (time2vec): Time2Vec()
    )
    (time_gate): TimeGate(
      (net): Sequential(
        (0): Linear(in_features=128, out_features=16, bias=True)
        (1): GELU(approximate='none')
        (2): Linear(in_features=16, out_features=64, bias=True)
        (3): Sigmoid()
      )
    )
    (layer_norm): LayerNorm((64,), eps=1e-05, elementwise_affine=True)
    (drop): Dropout(p=0.5, inplace=False)
  )
  (context_layers): ModuleList(
    (0-1): 2 x TCNNextBlock(
      (dw): DepthwiseConv1d(
        (conv): Conv1d(64, 64, kernel_size=(11,), stride=(1,), padding=(5,), groups=64)
        (bn): BatchNorm1d(64, eps=1e-05, momentum=0.1, affine=True, track_running_stats=True)
        (drop): Dropout(p=0.5, inplace=False)
      )
      (norm1): LayerNorm((64,), eps=1e-05, elementwise_affine=True)
      (conv_inter): ParallelConvInter(
        (conv1): Conv1d(64, 64, kernel_size=(1,), stride=(1,))
        (conv3): Conv1d(64, 64, kernel_size=(3,), stride=(1,), padding=(1,))
        (proj): Conv1d(64, 64, kernel_size=(1,), stride=(1,))
        (drop): Dropout(p=0.5, inplace=False)
      )
      (norm2): LayerNorm((64,), eps=1e-05, elementwise_affine=True)
      (ffn): Sequential(
        (0): Linear(in_features=64, out_features=256, bias=True)
        (1): GELU(approximate='none')
        (2): Dropout(p=0.5, inplace=False)
        (3): Linear(in_features=256, out_features=64, bias=True)
        (4): Dropout(p=0.5, inplace=False)
      )
      (norm3): LayerNorm((64,), eps=1e-05, elementwise_affine=True)
    )
  )
  (dynamic_layers): ModuleList(
    (0-1): 2 x EMAStream(
      (proj): Linear(in_features=64, out_features=64, bias=True)
    )
  )
  (weavers): ModuleList(
    (0-1): 2 x StreamWeaver(
      (proj): Linear(in_features=128, out_features=64, bias=True)
      (norm): LayerNorm((64,), eps=1e-05, elementwise_affine=True)
    )
  )
  (loss_fct): CrossEntropyLoss()
)
Trainable parameters: 3642834.0
Fri 20 Feb 2026 23:46:54 INFO  FLOPs: 4395008.0
Fri 20 Feb 2026 23:47:59 INFO  epoch 0 training [time: 63.02s, train loss: 6558.6118]
Fri 20 Feb 2026 23:48:10 INFO  epoch 0 evaluating [time: 10.88s, valid_score: 0.318700]
Fri 20 Feb 2026 23:48:10 INFO  valid result: 
hit@10 : 0.3187    ndcg@10 : 0.1923    mrr@10 : 0.1534
Fri 20 Feb 2026 23:48:10 INFO  Saving current: saved\TimeWeaver-Feb-20-2026_23-46-54.pth
Fri 20 Feb 2026 23:49:28 INFO  epoch 1 training [time: 78.43s, train loss: 6179.0314]
Fri 20 Feb 2026 23:49:39 INFO  epoch 1 evaluating [time: 10.80s, valid_score: 0.414700]
Fri 20 Feb 2026 23:49:39 INFO  valid result: 
hit@10 : 0.4147    ndcg@10 : 0.2712    mrr@10 : 0.2263
Fri 20 Feb 2026 23:49:39 INFO  Saving current: saved\TimeWeaver-Feb-20-2026_23-46-54.pth
Fri 20 Feb 2026 23:51:47 INFO  epoch 2 training [time: 128.50s, train loss: 5782.2708]
Fri 20 Feb 2026 23:51:58 INFO  epoch 2 evaluating [time: 10.78s, valid_score: 0.432700]
Fri 20 Feb 2026 23:51:58 INFO  valid result: 
hit@10 : 0.4327    ndcg@10 : 0.2959    mrr@10 : 0.2532
Fri 20 Feb 2026 23:51:58 INFO  Saving current: saved\TimeWeaver-Feb-20-2026_23-46-54.pth
Fri 20 Feb 2026 23:54:08 INFO  epoch 3 training [time: 129.83s, train loss: 5366.1964]
Fri 20 Feb 2026 23:54:19 INFO  epoch 3 evaluating [time: 11.00s, valid_score: 0.425300]
Fri 20 Feb 2026 23:54:19 INFO  valid result: 
hit@10 : 0.4253    ndcg@10 : 0.2901    mrr@10 : 0.2477
Fri 20 Feb 2026 23:56:27 INFO  epoch 4 training [time: 128.11s, train loss: 4947.4679]
Fri 20 Feb 2026 23:56:38 INFO  epoch 4 evaluating [time: 11.04s, valid_score: 0.412000]
Fri 20 Feb 2026 23:56:38 INFO  valid result: 
hit@10 : 0.412    ndcg@10 : 0.2805    mrr@10 : 0.2395
Fri 20 Feb 2026 23:58:47 INFO  epoch 5 training [time: 128.52s, train loss: 4570.2834]
Fri 20 Feb 2026 23:58:58 INFO  epoch 5 evaluating [time: 10.99s, valid_score: 0.402000]
Fri 20 Feb 2026 23:58:58 INFO  valid result: 
hit@10 : 0.402    ndcg@10 : 0.28    mrr@10 : 0.2421
Sat 21 Feb 2026 00:01:08 INFO  epoch 6 training [time: 130.55s, train loss: 4256.9893]
Sat 21 Feb 2026 00:01:19 INFO  epoch 6 evaluating [time: 11.11s, valid_score: 0.405300]
Sat 21 Feb 2026 00:01:19 INFO  valid result: 
hit@10 : 0.4053    ndcg@10 : 0.2716    mrr@10 : 0.2304
Sat 21 Feb 2026 00:03:27 INFO  epoch 7 training [time: 127.99s, train loss: 4007.8310]
Sat 21 Feb 2026 00:03:38 INFO  epoch 7 evaluating [time: 10.87s, valid_score: 0.396000]
Sat 21 Feb 2026 00:03:38 INFO  valid result: 
hit@10 : 0.396    ndcg@10 : 0.2649    mrr@10 : 0.2246
Sat 21 Feb 2026 00:05:50 INFO  epoch 8 training [time: 131.39s, train loss: 3808.5069]
Sat 21 Feb 2026 00:06:01 INFO  epoch 8 evaluating [time: 11.06s, valid_score: 0.382000]
Sat 21 Feb 2026 00:06:01 INFO  valid result: 
hit@10 : 0.382    ndcg@10 : 0.2592    mrr@10 : 0.2212
Sat 21 Feb 2026 00:08:09 INFO  epoch 9 training [time: 128.25s, train loss: 3642.3860]
Sat 21 Feb 2026 00:08:20 INFO  epoch 9 evaluating [time: 10.86s, valid_score: 0.388700]
Sat 21 Feb 2026 00:08:20 INFO  valid result: 
hit@10 : 0.3887    ndcg@10 : 0.2597    mrr@10 : 0.22
Sat 21 Feb 2026 00:10:31 INFO  epoch 10 training [time: 131.10s, train loss: 3502.5916]
Sat 21 Feb 2026 00:10:42 INFO  epoch 10 evaluating [time: 10.87s, valid_score: 0.391300]
Sat 21 Feb 2026 00:10:42 INFO  valid result: 
hit@10 : 0.3913    ndcg@10 : 0.2624    mrr@10 : 0.2226
Sat 21 Feb 2026 00:12:53 INFO  epoch 11 training [time: 131.65s, train loss: 3380.4251]
Sat 21 Feb 2026 00:13:04 INFO  epoch 11 evaluating [time: 11.08s, valid_score: 0.379300]
Sat 21 Feb 2026 00:13:04 INFO  valid result: 
hit@10 : 0.3793    ndcg@10 : 0.2536    mrr@10 : 0.2146
Sat 21 Feb 2026 00:15:14 INFO  epoch 12 training [time: 129.55s, train loss: 3267.0531]
Sat 21 Feb 2026 00:15:25 INFO  epoch 12 evaluating [time: 10.83s, valid_score: 0.392700]
Sat 21 Feb 2026 00:15:25 INFO  valid result: 
hit@10 : 0.3927    ndcg@10 : 0.2644    mrr@10 : 0.2249
Sat 21 Feb 2026 00:17:34 INFO  epoch 13 training [time: 129.54s, train loss: 3164.9113]
Sat 21 Feb 2026 00:17:45 INFO  epoch 13 evaluating [time: 10.81s, valid_score: 0.367300]
Sat 21 Feb 2026 00:17:45 INFO  valid result: 
hit@10 : 0.3673    ndcg@10 : 0.2491    mrr@10 : 0.2124
Sat 21 Feb 2026 00:17:45 INFO  Finished training, best eval result in epoch 2
Sat 21 Feb 2026 00:17:45 INFO  Loading model structure and parameters from saved\TimeWeaver-Feb-20-2026_23-46-54.pth
Sat 21 Feb 2026 00:17:57 INFO  The running environment of this training is as follows:
+-------------+----------------+
| Environment |     Usage      |
+=============+================+
| CPU         |    22.30 %     |
+-------------+----------------+
| GPU         | 0.70 G/6.00 G  |
+-------------+----------------+
| Memory      | 1.75 G/15.63 G |
+-------------+----------------+
Sat 21 Feb 2026 00:17:57 INFO  best valid : OrderedDict([('hit@10', 0.4327), ('ndcg@10', 0.2959), ('mrr@10', 0.2532)])
Sat 21 Feb 2026 00:17:57 INFO  test result: OrderedDict([('hit@10', 0.3633), ('ndcg@10', 0.2359), ('mrr@10', 0.1964)])
Sat 21 Feb 2026 00:17:57 WARNING  command line args [--models timeweaver --datasets amazon-electronics-5core-subset --timeweaver-variant aug --seeds 42,2023,2024 --device gpu --output results/timeweaver_tta_quad_amazon-electronics-5core-subset.json --tag aug_tta --tw-test-tta] will not be used in RecBole
Sat 21 Feb 2026 00:17:57 INFO  ['F:\\桌面\\recommendation_system\\scripts\\run_grid.py', '--models', 'timeweaver', '--datasets', 'amazon-electronics-5core-subset', '--timeweaver-variant', 'aug', '--seeds', '42,2023,2024', '--device', 'gpu', '--output', 'results/timeweaver_tta_quad_amazon-electronics-5core-subset.json', '--tag', 'aug_tta', '--tw-test-tta']
Sat 21 Feb 2026 00:17:57 INFO  
General Hyper Parameters:
gpu_id = 0
use_gpu = True
seed = 2023
state = INFO
reproducibility = True
data_path = data/amazon\amazon-electronics-5core-subset
checkpoint_dir = saved
show_progress = True
save_dataset = False
dataset_save_path = None
save_dataloaders = False
dataloaders_save_path = None
log_wandb = False

Training Hyper Parameters:
epochs = 100
train_batch_size = 256
learner = adam
learning_rate = 0.001
train_neg_sample_args = {'distribution': 'none', 'sample_num': 'none', 'alpha': 'none', 'dynamic': False, 'candidate_num': 0}
eval_step = 1
stopping_step = 10
clip_grad_norm = None
weight_decay = 0.0
loss_decimal_place = 4

Evaluation Hyper Parameters:
eval_args = {'split': {'LS': 'valid_and_test'}, 'order': 'TO', 'group_by': 'user', 'mode': {'valid': 'uni100', 'test': 'uni100'}}
repeatable = True
metrics = ['Hit', 'NDCG', 'MRR']
topk = [10]
valid_metric = Hit@10
valid_metric_bigger = True
eval_batch_size = 512
metric_decimal_place = 4

Dataset Hyper Parameters:
field_separator = 	
seq_separator =  
USER_ID_FIELD = user_id
ITEM_ID_FIELD = item_id
RATING_FIELD = rating
TIME_FIELD = timestamp
seq_len = None
LABEL_FIELD = label
threshold = None
NEG_PREFIX = neg_
load_col = {'inter': ['user_id', 'item_id', 'rating', 'timestamp']}
unload_col = None
unused_col = None
additional_feat_suffix = None
rm_dup_inter = None
val_interval = None
filter_inter_by_user_or_item = True
user_inter_num_interval = [0,inf)
item_inter_num_interval = [0,inf)
alias_of_user_id = None
alias_of_item_id = None
alias_of_entity_id = None
alias_of_relation_id = None
preload_weight = None
normalize_field = None
normalize_all = None
ITEM_LIST_LENGTH_FIELD = item_length
LIST_SUFFIX = _list
MAX_ITEM_LIST_LENGTH = 32
POSITION_FIELD = position_id
HEAD_ENTITY_ID_FIELD = head_id
TAIL_ENTITY_ID_FIELD = tail_id
RELATION_ID_FIELD = relation_id
ENTITY_ID_FIELD = entity_id
benchmark_filename = None

Other Hyper Parameters: 
worker = 0
wandb_project = recbole
shuffle = True
require_pow = False
enable_amp = False
enable_scaler = False
transform = None
numerical_features = []
discretization = None
kg_reverse_r = False
entity_kg_num_interval = [0,inf)
relation_kg_num_interval = [0,inf)
MODEL_TYPE = ModelType.SEQUENTIAL
model_name = TimeWeaver
hidden_size = 64
num_layers = 2
hidden_dropout_prob = 0.5
initializer_range = 0.02
time_bucket_size = 1000
ema_decay = 0.5
tcn_kernel_size = -1
ffn_hidden_size = 256
loss_type = CE
early_stop = 10
neg_sampling = None
device = cuda
use_continuous_time = True
use_time_gate = True
use_time_augmentation = True
use_test_tta = True
MODEL_INPUT_TYPE = InputType.POINTWISE
eval_type = EvaluatorType.RANKING
single_spec = True
local_rank = 0
valid_neg_sample_args = {'distribution': 'uniform', 'sample_num': 100}
test_neg_sample_args = {'distribution': 'uniform', 'sample_num': 100}


Sat 21 Feb 2026 00:17:58 INFO  amazon-electronics-5core-subset
The number of users: 1501
Average actions of users: 108.42733333333334
The number of items: 54722
Average actions of items: 2.9721861808080994
The number of inters: 162641
The sparsity of the dataset: 99.80198988231011%
Remain Fields: ['user_id', 'item_id', 'rating', 'timestamp']
Sat 21 Feb 2026 00:18:00 INFO  [Training]: train_batch_size = [256] train_neg_sample_args: [{'distribution': 'none', 'sample_num': 'none', 'alpha': 'none', 'dynamic': False, 'candidate_num': 0}]
Sat 21 Feb 2026 00:18:00 INFO  [Evaluation]: eval_batch_size = [512] eval_args: [{'split': {'LS': 'valid_and_test'}, 'order': 'TO', 'group_by': 'user', 'mode': {'valid': 'uni100', 'test': 'uni100'}}]
Sat 21 Feb 2026 00:18:00 INFO  TimeWeaver(
  (item_embedding): Embedding(54722, 64, padding_idx=0)
  (time_aug): TimeAwareAugmentation(
    (pos_embedding): Embedding(32, 64)
    (time_embedder): ContinuousTimeEmbedding(
      (time2vec): Time2Vec()
    )
    (time_gate): TimeGate(
      (net): Sequential(
        (0): Linear(in_features=128, out_features=16, bias=True)
        (1): GELU(approximate='none')
        (2): Linear(in_features=16, out_features=64, bias=True)
        (3): Sigmoid()
      )
    )
    (layer_norm): LayerNorm((64,), eps=1e-05, elementwise_affine=True)
    (drop): Dropout(p=0.5, inplace=False)
  )
  (context_layers): ModuleList(
    (0-1): 2 x TCNNextBlock(
      (dw): DepthwiseConv1d(
        (conv): Conv1d(64, 64, kernel_size=(11,), stride=(1,), padding=(5,), groups=64)
        (bn): BatchNorm1d(64, eps=1e-05, momentum=0.1, affine=True, track_running_stats=True)
        (drop): Dropout(p=0.5, inplace=False)
      )
      (norm1): LayerNorm((64,), eps=1e-05, elementwise_affine=True)
      (conv_inter): ParallelConvInter(
        (conv1): Conv1d(64, 64, kernel_size=(1,), stride=(1,))
        (conv3): Conv1d(64, 64, kernel_size=(3,), stride=(1,), padding=(1,))
        (proj): Conv1d(64, 64, kernel_size=(1,), stride=(1,))
        (drop): Dropout(p=0.5, inplace=False)
      )
      (norm2): LayerNorm((64,), eps=1e-05, elementwise_affine=True)
      (ffn): Sequential(
        (0): Linear(in_features=64, out_features=256, bias=True)
        (1): GELU(approximate='none')
        (2): Dropout(p=0.5, inplace=False)
        (3): Linear(in_features=256, out_features=64, bias=True)
        (4): Dropout(p=0.5, inplace=False)
      )
      (norm3): LayerNorm((64,), eps=1e-05, elementwise_affine=True)
    )
  )
  (dynamic_layers): ModuleList(
    (0-1): 2 x EMAStream(
      (proj): Linear(in_features=64, out_features=64, bias=True)
    )
  )
  (weavers): ModuleList(
    (0-1): 2 x StreamWeaver(
      (proj): Linear(in_features=128, out_features=64, bias=True)
      (norm): LayerNorm((64,), eps=1e-05, elementwise_affine=True)
    )
  )
  (loss_fct): CrossEntropyLoss()
)
Trainable parameters: 3642834.0
Sat 21 Feb 2026 00:18:00 INFO  FLOPs: 4395008.0
Sat 21 Feb 2026 00:19:04 INFO  epoch 0 training [time: 63.56s, train loss: 6572.8873]
Sat 21 Feb 2026 00:19:15 INFO  epoch 0 evaluating [time: 10.96s, valid_score: 0.332000]
Sat 21 Feb 2026 00:19:15 INFO  valid result: 
hit@10 : 0.332    ndcg@10 : 0.1872    mrr@10 : 0.1431
Sat 21 Feb 2026 00:19:15 INFO  Saving current: saved\TimeWeaver-Feb-21-2026_00-18-00.pth
Sat 21 Feb 2026 00:20:31 INFO  epoch 1 training [time: 75.90s, train loss: 6287.9704]
Sat 21 Feb 2026 00:20:42 INFO  epoch 1 evaluating [time: 11.13s, valid_score: 0.409300]
Sat 21 Feb 2026 00:20:42 INFO  valid result: 
hit@10 : 0.4093    ndcg@10 : 0.2569    mrr@10 : 0.2097
Sat 21 Feb 2026 00:20:42 INFO  Saving current: saved\TimeWeaver-Feb-21-2026_00-18-00.pth
Sat 21 Feb 2026 00:22:51 INFO  epoch 2 training [time: 129.46s, train loss: 5937.6431]
Sat 21 Feb 2026 00:23:02 INFO  epoch 2 evaluating [time: 10.96s, valid_score: 0.424000]
Sat 21 Feb 2026 00:23:02 INFO  valid result: 
hit@10 : 0.424    ndcg@10 : 0.2798    mrr@10 : 0.2348
Sat 21 Feb 2026 00:23:02 INFO  Saving current: saved\TimeWeaver-Feb-21-2026_00-18-00.pth
Sat 21 Feb 2026 00:25:13 INFO  epoch 3 training [time: 130.64s, train loss: 5532.2542]
Sat 21 Feb 2026 00:25:24 INFO  epoch 3 evaluating [time: 10.99s, valid_score: 0.451300]
Sat 21 Feb 2026 00:25:24 INFO  valid result: 
hit@10 : 0.4513    ndcg@10 : 0.3072    mrr@10 : 0.2628
Sat 21 Feb 2026 00:25:24 INFO  Saving current: saved\TimeWeaver-Feb-21-2026_00-18-00.pth
Sat 21 Feb 2026 00:27:35 INFO  epoch 4 training [time: 130.66s, train loss: 5113.9470]
Sat 21 Feb 2026 00:27:46 INFO  epoch 4 evaluating [time: 10.94s, valid_score: 0.432000]
Sat 21 Feb 2026 00:27:46 INFO  valid result: 
hit@10 : 0.432    ndcg@10 : 0.2927    mrr@10 : 0.2491
Sat 21 Feb 2026 00:29:57 INFO  epoch 5 training [time: 131.50s, train loss: 4717.3766]
Sat 21 Feb 2026 00:30:08 INFO  epoch 5 evaluating [time: 10.91s, valid_score: 0.414000]
Sat 21 Feb 2026 00:30:08 INFO  valid result: 
hit@10 : 0.414    ndcg@10 : 0.2868    mrr@10 : 0.2474
Sat 21 Feb 2026 00:32:18 INFO  epoch 6 training [time: 129.87s, train loss: 4370.7514]
Sat 21 Feb 2026 00:32:29 INFO  epoch 6 evaluating [time: 11.02s, valid_score: 0.412700]
Sat 21 Feb 2026 00:32:29 INFO  valid result: 
hit@10 : 0.4127    ndcg@10 : 0.2821    mrr@10 : 0.2417
Sat 21 Feb 2026 00:34:40 INFO  epoch 7 training [time: 131.50s, train loss: 4088.8128]
Sat 21 Feb 2026 00:34:51 INFO  epoch 7 evaluating [time: 10.92s, valid_score: 0.422700]
Sat 21 Feb 2026 00:34:51 INFO  valid result: 
hit@10 : 0.4227    ndcg@10 : 0.2885    mrr@10 : 0.2474
Sat 21 Feb 2026 00:37:03 INFO  epoch 8 training [time: 131.83s, train loss: 3860.0645]
Sat 21 Feb 2026 00:37:14 INFO  epoch 8 evaluating [time: 11.25s, valid_score: 0.401300]
Sat 21 Feb 2026 00:37:14 INFO  valid result: 
hit@10 : 0.4013    ndcg@10 : 0.2791    mrr@10 : 0.2412
Sat 21 Feb 2026 00:39:24 INFO  epoch 9 training [time: 129.76s, train loss: 3667.3904]
Sat 21 Feb 2026 00:39:35 INFO  epoch 9 evaluating [time: 10.92s, valid_score: 0.402000]
Sat 21 Feb 2026 00:39:35 INFO  valid result: 
hit@10 : 0.402    ndcg@10 : 0.2724    mrr@10 : 0.2323
Sat 21 Feb 2026 00:41:46 INFO  epoch 10 training [time: 131.18s, train loss: 3506.7526]
Sat 21 Feb 2026 00:41:57 INFO  epoch 10 evaluating [time: 10.86s, valid_score: 0.384000]
Sat 21 Feb 2026 00:41:57 INFO  valid result: 
hit@10 : 0.384    ndcg@10 : 0.2599    mrr@10 : 0.2216
Sat 21 Feb 2026 00:44:07 INFO  epoch 11 training [time: 130.23s, train loss: 3362.3005]
Sat 21 Feb 2026 00:44:18 INFO  epoch 11 evaluating [time: 10.89s, valid_score: 0.404700]
Sat 21 Feb 2026 00:44:18 INFO  valid result: 
hit@10 : 0.4047    ndcg@10 : 0.2737    mrr@10 : 0.2334
Sat 21 Feb 2026 00:46:29 INFO  epoch 12 training [time: 131.13s, train loss: 3233.2316]
Sat 21 Feb 2026 00:46:40 INFO  epoch 12 evaluating [time: 10.85s, valid_score: 0.390000]
Sat 21 Feb 2026 00:46:40 INFO  valid result: 
hit@10 : 0.39    ndcg@10 : 0.2638    mrr@10 : 0.2248
Sat 21 Feb 2026 00:48:51 INFO  epoch 13 training [time: 130.89s, train loss: 3115.2838]
Sat 21 Feb 2026 00:49:02 INFO  epoch 13 evaluating [time: 11.27s, valid_score: 0.378000]
Sat 21 Feb 2026 00:49:02 INFO  valid result: 
hit@10 : 0.378    ndcg@10 : 0.2601    mrr@10 : 0.2235
Sat 21 Feb 2026 00:51:12 INFO  epoch 14 training [time: 129.86s, train loss: 3009.3843]
Sat 21 Feb 2026 00:51:23 INFO  epoch 14 evaluating [time: 10.94s, valid_score: 0.398700]
Sat 21 Feb 2026 00:51:23 INFO  valid result: 
hit@10 : 0.3987    ndcg@10 : 0.2674    mrr@10 : 0.2271
Sat 21 Feb 2026 00:51:23 INFO  Finished training, best eval result in epoch 3
Sat 21 Feb 2026 00:51:23 INFO  Loading model structure and parameters from saved\TimeWeaver-Feb-21-2026_00-18-00.pth
Sat 21 Feb 2026 00:51:35 INFO  The running environment of this training is as follows:
+-------------+----------------+
| Environment |     Usage      |
+=============+================+
| CPU         |     3.50 %     |
+-------------+----------------+
| GPU         | 0.70 G/6.00 G  |
+-------------+----------------+
| Memory      | 1.78 G/15.63 G |
+-------------+----------------+
Sat 21 Feb 2026 00:51:35 INFO  best valid : OrderedDict([('hit@10', 0.4513), ('ndcg@10', 0.3072), ('mrr@10', 0.2628)])
Sat 21 Feb 2026 00:51:35 INFO  test result: OrderedDict([('hit@10', 0.3707), ('ndcg@10', 0.2506), ('mrr@10', 0.2136)])
Sat 21 Feb 2026 00:51:35 WARNING  command line args [--models timeweaver --datasets amazon-electronics-5core-subset --timeweaver-variant aug --seeds 42,2023,2024 --device gpu --output results/timeweaver_tta_quad_amazon-electronics-5core-subset.json --tag aug_tta --tw-test-tta] will not be used in RecBole
Sat 21 Feb 2026 00:51:35 INFO  ['F:\\桌面\\recommendation_system\\scripts\\run_grid.py', '--models', 'timeweaver', '--datasets', 'amazon-electronics-5core-subset', '--timeweaver-variant', 'aug', '--seeds', '42,2023,2024', '--device', 'gpu', '--output', 'results/timeweaver_tta_quad_amazon-electronics-5core-subset.json', '--tag', 'aug_tta', '--tw-test-tta']
Sat 21 Feb 2026 00:51:35 INFO  
General Hyper Parameters:
gpu_id = 0
use_gpu = True
seed = 2024
state = INFO
reproducibility = True
data_path = data/amazon\amazon-electronics-5core-subset
checkpoint_dir = saved
show_progress = True
save_dataset = False
dataset_save_path = None
save_dataloaders = False
dataloaders_save_path = None
log_wandb = False

Training Hyper Parameters:
epochs = 100
train_batch_size = 256
learner = adam
learning_rate = 0.001
train_neg_sample_args = {'distribution': 'none', 'sample_num': 'none', 'alpha': 'none', 'dynamic': False, 'candidate_num': 0}
eval_step = 1
stopping_step = 10
clip_grad_norm = None
weight_decay = 0.0
loss_decimal_place = 4

Evaluation Hyper Parameters:
eval_args = {'split': {'LS': 'valid_and_test'}, 'order': 'TO', 'group_by': 'user', 'mode': {'valid': 'uni100', 'test': 'uni100'}}
repeatable = True
metrics = ['Hit', 'NDCG', 'MRR']
topk = [10]
valid_metric = Hit@10
valid_metric_bigger = True
eval_batch_size = 512
metric_decimal_place = 4

Dataset Hyper Parameters:
field_separator = 	
seq_separator =  
USER_ID_FIELD = user_id
ITEM_ID_FIELD = item_id
RATING_FIELD = rating
TIME_FIELD = timestamp
seq_len = None
LABEL_FIELD = label
threshold = None
NEG_PREFIX = neg_
load_col = {'inter': ['user_id', 'item_id', 'rating', 'timestamp']}
unload_col = None
unused_col = None
additional_feat_suffix = None
rm_dup_inter = None
val_interval = None
filter_inter_by_user_or_item = True
user_inter_num_interval = [0,inf)
item_inter_num_interval = [0,inf)
alias_of_user_id = None
alias_of_item_id = None
alias_of_entity_id = None
alias_of_relation_id = None
preload_weight = None
normalize_field = None
normalize_all = None
ITEM_LIST_LENGTH_FIELD = item_length
LIST_SUFFIX = _list
MAX_ITEM_LIST_LENGTH = 32
POSITION_FIELD = position_id
HEAD_ENTITY_ID_FIELD = head_id
TAIL_ENTITY_ID_FIELD = tail_id
RELATION_ID_FIELD = relation_id
ENTITY_ID_FIELD = entity_id
benchmark_filename = None

Other Hyper Parameters: 
worker = 0
wandb_project = recbole
shuffle = True
require_pow = False
enable_amp = False
enable_scaler = False
transform = None
numerical_features = []
discretization = None
kg_reverse_r = False
entity_kg_num_interval = [0,inf)
relation_kg_num_interval = [0,inf)
MODEL_TYPE = ModelType.SEQUENTIAL
model_name = TimeWeaver
hidden_size = 64
num_layers = 2
hidden_dropout_prob = 0.5
initializer_range = 0.02
time_bucket_size = 1000
ema_decay = 0.5
tcn_kernel_size = -1
ffn_hidden_size = 256
loss_type = CE
early_stop = 10
neg_sampling = None
device = cuda
use_continuous_time = True
use_time_gate = True
use_time_augmentation = True
use_test_tta = True
MODEL_INPUT_TYPE = InputType.POINTWISE
eval_type = EvaluatorType.RANKING
single_spec = True
local_rank = 0
valid_neg_sample_args = {'distribution': 'uniform', 'sample_num': 100}
test_neg_sample_args = {'distribution': 'uniform', 'sample_num': 100}


Sat 21 Feb 2026 00:51:36 INFO  amazon-electronics-5core-subset
The number of users: 1501
Average actions of users: 108.42733333333334
The number of items: 54722
Average actions of items: 2.9721861808080994
The number of inters: 162641
The sparsity of the dataset: 99.80198988231011%
Remain Fields: ['user_id', 'item_id', 'rating', 'timestamp']
Sat 21 Feb 2026 00:51:38 INFO  [Training]: train_batch_size = [256] train_neg_sample_args: [{'distribution': 'none', 'sample_num': 'none', 'alpha': 'none', 'dynamic': False, 'candidate_num': 0}]
Sat 21 Feb 2026 00:51:38 INFO  [Evaluation]: eval_batch_size = [512] eval_args: [{'split': {'LS': 'valid_and_test'}, 'order': 'TO', 'group_by': 'user', 'mode': {'valid': 'uni100', 'test': 'uni100'}}]
Sat 21 Feb 2026 00:51:38 INFO  TimeWeaver(
  (item_embedding): Embedding(54722, 64, padding_idx=0)
  (time_aug): TimeAwareAugmentation(
    (pos_embedding): Embedding(32, 64)
    (time_embedder): ContinuousTimeEmbedding(
      (time2vec): Time2Vec()
    )
    (time_gate): TimeGate(
      (net): Sequential(
        (0): Linear(in_features=128, out_features=16, bias=True)
        (1): GELU(approximate='none')
        (2): Linear(in_features=16, out_features=64, bias=True)
        (3): Sigmoid()
      )
    )
    (layer_norm): LayerNorm((64,), eps=1e-05, elementwise_affine=True)
    (drop): Dropout(p=0.5, inplace=False)
  )
  (context_layers): ModuleList(
    (0-1): 2 x TCNNextBlock(
      (dw): DepthwiseConv1d(
        (conv): Conv1d(64, 64, kernel_size=(11,), stride=(1,), padding=(5,), groups=64)
        (bn): BatchNorm1d(64, eps=1e-05, momentum=0.1, affine=True, track_running_stats=True)
        (drop): Dropout(p=0.5, inplace=False)
      )
      (norm1): LayerNorm((64,), eps=1e-05, elementwise_affine=True)
      (conv_inter): ParallelConvInter(
        (conv1): Conv1d(64, 64, kernel_size=(1,), stride=(1,))
        (conv3): Conv1d(64, 64, kernel_size=(3,), stride=(1,), padding=(1,))
        (proj): Conv1d(64, 64, kernel_size=(1,), stride=(1,))
        (drop): Dropout(p=0.5, inplace=False)
      )
      (norm2): LayerNorm((64,), eps=1e-05, elementwise_affine=True)
      (ffn): Sequential(
        (0): Linear(in_features=64, out_features=256, bias=True)
        (1): GELU(approximate='none')
        (2): Dropout(p=0.5, inplace=False)
        (3): Linear(in_features=256, out_features=64, bias=True)
        (4): Dropout(p=0.5, inplace=False)
      )
      (norm3): LayerNorm((64,), eps=1e-05, elementwise_affine=True)
    )
  )
  (dynamic_layers): ModuleList(
    (0-1): 2 x EMAStream(
      (proj): Linear(in_features=64, out_features=64, bias=True)
    )
  )
  (weavers): ModuleList(
    (0-1): 2 x StreamWeaver(
      (proj): Linear(in_features=128, out_features=64, bias=True)
      (norm): LayerNorm((64,), eps=1e-05, elementwise_affine=True)
    )
  )
  (loss_fct): CrossEntropyLoss()
)
Trainable parameters: 3642834.0
Sat 21 Feb 2026 00:51:38 INFO  FLOPs: 4395008.0
Sat 21 Feb 2026 00:52:44 INFO  epoch 0 training [time: 65.72s, train loss: 6566.9531]
Sat 21 Feb 2026 00:52:55 INFO  epoch 0 evaluating [time: 11.23s, valid_score: 0.336000]
Sat 21 Feb 2026 00:52:55 INFO  valid result: 
hit@10 : 0.336    ndcg@10 : 0.1909    mrr@10 : 0.1469
Sat 21 Feb 2026 00:52:55 INFO  Saving current: saved\TimeWeaver-Feb-21-2026_00-51-38.pth
Sat 21 Feb 2026 00:54:13 INFO  epoch 1 training [time: 77.13s, train loss: 6230.6285]
Sat 21 Feb 2026 00:54:24 INFO  epoch 1 evaluating [time: 10.96s, valid_score: 0.400000]
Sat 21 Feb 2026 00:54:24 INFO  valid result: 
hit@10 : 0.4    ndcg@10 : 0.2583    mrr@10 : 0.2144
Sat 21 Feb 2026 00:54:24 INFO  Saving current: saved\TimeWeaver-Feb-21-2026_00-51-38.pth
Sat 21 Feb 2026 00:56:34 INFO  epoch 2 training [time: 130.12s, train loss: 5844.4261]
Sat 21 Feb 2026 00:56:45 INFO  epoch 2 evaluating [time: 11.13s, valid_score: 0.428700]
Sat 21 Feb 2026 00:56:45 INFO  valid result: 
hit@10 : 0.4287    ndcg@10 : 0.2874    mrr@10 : 0.2434
Sat 21 Feb 2026 00:56:45 INFO  Saving current: saved\TimeWeaver-Feb-21-2026_00-51-38.pth
Sat 21 Feb 2026 00:58:56 INFO  epoch 3 training [time: 130.85s, train loss: 5430.8626]
Sat 21 Feb 2026 00:59:07 INFO  epoch 3 evaluating [time: 11.02s, valid_score: 0.408000]
Sat 21 Feb 2026 00:59:07 INFO  valid result: 
hit@10 : 0.408    ndcg@10 : 0.278    mrr@10 : 0.2372
Sat 21 Feb 2026 01:01:19 INFO  epoch 4 training [time: 132.35s, train loss: 5016.2820]
Sat 21 Feb 2026 01:01:30 INFO  epoch 4 evaluating [time: 10.92s, valid_score: 0.420000]
Sat 21 Feb 2026 01:01:30 INFO  valid result: 
hit@10 : 0.42    ndcg@10 : 0.2909    mrr@10 : 0.2507
Sat 21 Feb 2026 01:03:40 INFO  epoch 5 training [time: 129.76s, train loss: 4634.9651]
Sat 21 Feb 2026 01:03:51 INFO  epoch 5 evaluating [time: 10.94s, valid_score: 0.408000]
Sat 21 Feb 2026 01:03:51 INFO  valid result: 
hit@10 : 0.408    ndcg@10 : 0.2738    mrr@10 : 0.2323
Sat 21 Feb 2026 01:06:02 INFO  epoch 6 training [time: 130.85s, train loss: 4309.3941]
Sat 21 Feb 2026 01:06:13 INFO  epoch 6 evaluating [time: 11.11s, valid_score: 0.404700]
Sat 21 Feb 2026 01:06:13 INFO  valid result: 
hit@10 : 0.4047    ndcg@10 : 0.2713    mrr@10 : 0.2299
Sat 21 Feb 2026 01:08:23 INFO  epoch 7 training [time: 129.94s, train loss: 4041.8724]
Sat 21 Feb 2026 01:08:34 INFO  epoch 7 evaluating [time: 11.11s, valid_score: 0.405300]
Sat 21 Feb 2026 01:08:34 INFO  valid result: 
hit@10 : 0.4053    ndcg@10 : 0.2696    mrr@10 : 0.2277
Sat 21 Feb 2026 01:10:44 INFO  epoch 8 training [time: 130.57s, train loss: 3834.6321]
Sat 21 Feb 2026 01:10:55 INFO  epoch 8 evaluating [time: 11.00s, valid_score: 0.407300]
Sat 21 Feb 2026 01:10:55 INFO  valid result: 
hit@10 : 0.4073    ndcg@10 : 0.2659    mrr@10 : 0.2225
Sat 21 Feb 2026 01:13:06 INFO  epoch 9 training [time: 130.62s, train loss: 3657.0040]
Sat 21 Feb 2026 01:13:17 INFO  epoch 9 evaluating [time: 11.29s, valid_score: 0.386700]
Sat 21 Feb 2026 01:13:17 INFO  valid result: 
hit@10 : 0.3867    ndcg@10 : 0.2616    mrr@10 : 0.2232
Sat 21 Feb 2026 01:15:26 INFO  epoch 10 training [time: 128.78s, train loss: 3504.1514]
Sat 21 Feb 2026 01:15:37 INFO  epoch 10 evaluating [time: 10.93s, valid_score: 0.390000]
Sat 21 Feb 2026 01:15:37 INFO  valid result: 
hit@10 : 0.39    ndcg@10 : 0.2534    mrr@10 : 0.2113
Sat 21 Feb 2026 01:17:47 INFO  epoch 11 training [time: 129.68s, train loss: 3374.0906]
Sat 21 Feb 2026 01:17:58 INFO  epoch 11 evaluating [time: 11.18s, valid_score: 0.381300]
Sat 21 Feb 2026 01:17:58 INFO  valid result: 
hit@10 : 0.3813    ndcg@10 : 0.2482    mrr@10 : 0.2071
Sat 21 Feb 2026 01:20:07 INFO  epoch 12 training [time: 129.39s, train loss: 3251.1634]
Sat 21 Feb 2026 01:20:18 INFO  epoch 12 evaluating [time: 10.93s, valid_score: 0.388000]
Sat 21 Feb 2026 01:20:18 INFO  valid result: 
hit@10 : 0.388    ndcg@10 : 0.2509    mrr@10 : 0.2088
Sat 21 Feb 2026 01:22:29 INFO  epoch 13 training [time: 130.63s, train loss: 3139.9178]
Sat 21 Feb 2026 01:22:40 INFO  epoch 13 evaluating [time: 10.92s, valid_score: 0.398700]
Sat 21 Feb 2026 01:22:40 INFO  valid result: 
hit@10 : 0.3987    ndcg@10 : 0.2596    mrr@10 : 0.2166
Sat 21 Feb 2026 01:22:40 INFO  Finished training, best eval result in epoch 2
Sat 21 Feb 2026 01:22:40 INFO  Loading model structure and parameters from saved\TimeWeaver-Feb-21-2026_00-51-38.pth
Sat 21 Feb 2026 01:22:52 INFO  The running environment of this training is as follows:
+-------------+----------------+
| Environment |     Usage      |
+=============+================+
| CPU         |     6.10 %     |
+-------------+----------------+
| GPU         | 0.70 G/6.00 G  |
+-------------+----------------+
| Memory      | 1.68 G/15.63 G |
+-------------+----------------+
Sat 21 Feb 2026 01:22:52 INFO  best valid : OrderedDict([('hit@10', 0.4287), ('ndcg@10', 0.2874), ('mrr@10', 0.2434)])
Sat 21 Feb 2026 01:22:52 INFO  test result: OrderedDict([('hit@10', 0.3707), ('ndcg@10', 0.2351), ('mrr@10', 0.1934)])
