Tue 03 Feb 2026 21:00:40 INFO  ['scripts\\run_grid.py', '--models', 'timeweaver', '--datasets', 'ml-100k', '--seeds', '42,2023,2024', '--device', 'gpu', '--timeweaver-variant', 'gate_discrete']
Tue 03 Feb 2026 21:00:40 INFO  
General Hyper Parameters:
gpu_id = 0
use_gpu = True
seed = 42
state = INFO
reproducibility = True
data_path = F:\anaconda3\envs\rec39\Lib\site-packages\recbole\config\../dataset_example/ml-100k
checkpoint_dir = saved
show_progress = True
save_dataset = False
dataset_save_path = None
save_dataloaders = False
dataloaders_save_path = None
log_wandb = False

Training Hyper Parameters:
epochs = 100
train_batch_size = 256
learner = adam
learning_rate = 0.001
train_neg_sample_args = {'distribution': 'none', 'sample_num': 'none', 'alpha': 'none', 'dynamic': False, 'candidate_num': 0}
eval_step = 1
stopping_step = 10
clip_grad_norm = None
weight_decay = 0.0
loss_decimal_place = 4

Evaluation Hyper Parameters:
eval_args = {'split': {'LS': 'valid_and_test'}, 'order': 'TO', 'group_by': 'user', 'mode': {'valid': 'uni100', 'test': 'uni100'}}
repeatable = True
metrics = ['Hit', 'NDCG', 'MRR']
topk = [10]
valid_metric = MRR@10
valid_metric_bigger = True
eval_batch_size = 512
metric_decimal_place = 4

Dataset Hyper Parameters:
field_separator = 	
seq_separator =  
USER_ID_FIELD = user_id
ITEM_ID_FIELD = item_id
RATING_FIELD = rating
TIME_FIELD = timestamp
seq_len = None
LABEL_FIELD = label
threshold = None
NEG_PREFIX = neg_
load_col = {'inter': ['user_id', 'item_id', 'rating', 'timestamp'], 'user': ['user_id', 'age', 'gender', 'occupation', 'zip_code'], 'item': ['item_id', 'movie_title', 'release_year', 'class']}
unload_col = None
unused_col = None
additional_feat_suffix = None
rm_dup_inter = None
val_interval = None
filter_inter_by_user_or_item = True
user_inter_num_interval = None
item_inter_num_interval = None
alias_of_user_id = None
alias_of_item_id = None
alias_of_entity_id = None
alias_of_relation_id = None
preload_weight = None
normalize_field = None
normalize_all = True
ITEM_LIST_LENGTH_FIELD = item_length
LIST_SUFFIX = _list
MAX_ITEM_LIST_LENGTH = 32
POSITION_FIELD = position_id
HEAD_ENTITY_ID_FIELD = head_id
TAIL_ENTITY_ID_FIELD = tail_id
RELATION_ID_FIELD = relation_id
ENTITY_ID_FIELD = entity_id
kg_reverse_r = False
entity_kg_num_interval = None
relation_kg_num_interval = None
benchmark_filename = None

Other Hyper Parameters: 
worker = 0
wandb_project = recbole
shuffle = True
require_pow = False
enable_amp = False
enable_scaler = False
transform = None
numerical_features = []
discretization = None
MODEL_TYPE = ModelType.SEQUENTIAL
model_name = TimeWeaver
hidden_size = 64
num_layers = 2
hidden_dropout_prob = 0.5
initializer_range = 0.02
time_bucket_size = 1000
ema_decay = 0.1
tcn_kernel_size = -1
ffn_hidden_size = 256
loss_type = CE
early_stop = 10
neg_sampling = None
device = cuda
use_continuous_time = False
use_time_gate = True
use_time_augmentation = False
MODEL_INPUT_TYPE = InputType.POINTWISE
eval_type = EvaluatorType.RANKING
single_spec = True
local_rank = 0
valid_neg_sample_args = {'distribution': 'uniform', 'sample_num': 100}
test_neg_sample_args = {'distribution': 'uniform', 'sample_num': 100}


Tue 03 Feb 2026 21:00:40 INFO  ml-100k
The number of users: 944
Average actions of users: 106.04453870625663
The number of items: 1683
Average actions of items: 59.45303210463734
The number of inters: 100000
The sparsity of the dataset: 93.70575143257098%
Remain Fields: ['user_id', 'item_id', 'rating', 'timestamp', 'age', 'gender', 'occupation', 'zip_code', 'movie_title', 'release_year', 'class']
Tue 03 Feb 2026 21:00:41 INFO  [Training]: train_batch_size = [256] train_neg_sample_args: [{'distribution': 'none', 'sample_num': 'none', 'alpha': 'none', 'dynamic': False, 'candidate_num': 0}]
Tue 03 Feb 2026 21:00:41 INFO  [Evaluation]: eval_batch_size = [512] eval_args: [{'split': {'LS': 'valid_and_test'}, 'order': 'TO', 'group_by': 'user', 'mode': {'valid': 'uni100', 'test': 'uni100'}}]
Tue 03 Feb 2026 21:00:41 INFO  TimeWeaver(
  (item_embedding): Embedding(1683, 64, padding_idx=0)
  (time_aug): TimeAwareAugmentation(
    (pos_embedding): Embedding(32, 64)
    (time_embedding): Embedding(1000, 64)
    (time_gate): TimeGate(
      (net): Sequential(
        (0): Linear(in_features=64, out_features=16, bias=True)
        (1): GELU(approximate='none')
        (2): Linear(in_features=16, out_features=64, bias=True)
        (3): Sigmoid()
      )
    )
    (layer_norm): LayerNorm((64,), eps=1e-05, elementwise_affine=True)
    (drop): Dropout(p=0.5, inplace=False)
  )
  (context_layers): ModuleList(
    (0-1): 2 x TCNNextBlock(
      (dw): DepthwiseConv1d(
        (conv): Conv1d(64, 64, kernel_size=(11,), stride=(1,), padding=(5,), groups=64)
        (bn): BatchNorm1d(64, eps=1e-05, momentum=0.1, affine=True, track_running_stats=True)
        (drop): Dropout(p=0.5, inplace=False)
      )
      (norm1): LayerNorm((64,), eps=1e-05, elementwise_affine=True)
      (conv_inter): ParallelConvInter(
        (conv1): Conv1d(64, 64, kernel_size=(1,), stride=(1,))
        (conv3): Conv1d(64, 64, kernel_size=(3,), stride=(1,), padding=(1,))
        (proj): Conv1d(64, 64, kernel_size=(1,), stride=(1,))
        (drop): Dropout(p=0.5, inplace=False)
      )
      (norm2): LayerNorm((64,), eps=1e-05, elementwise_affine=True)
      (ffn): Sequential(
        (0): Linear(in_features=64, out_features=256, bias=True)
        (1): GELU(approximate='none')
        (2): Dropout(p=0.5, inplace=False)
        (3): Linear(in_features=256, out_features=64, bias=True)
        (4): Dropout(p=0.5, inplace=False)
      )
      (norm3): LayerNorm((64,), eps=1e-05, elementwise_affine=True)
    )
  )
  (dynamic_layers): ModuleList(
    (0-1): 2 x EMAStream(
      (proj): Linear(in_features=64, out_features=64, bias=True)
    )
  )
  (weavers): ModuleList(
    (0-1): 2 x StreamWeaver(
      (proj): Linear(in_features=128, out_features=64, bias=True)
      (norm): LayerNorm((64,), eps=1e-05, elementwise_affine=True)
    )
  )
  (loss_fct): CrossEntropyLoss()
)
Trainable parameters: 311185.0
Tue 03 Feb 2026 21:00:42 INFO  FLOPs: 4364288.0
Tue 03 Feb 2026 21:01:22 INFO  epoch 0 training [time: 38.59s, train loss: 2454.0034]
Tue 03 Feb 2026 21:01:24 INFO  epoch 0 evaluating [time: 2.35s, valid_score: 0.276700]
Tue 03 Feb 2026 21:01:24 INFO  valid result: 
hit@10 : 0.6575    ndcg@10 : 0.3658    mrr@10 : 0.2767
Tue 03 Feb 2026 21:01:24 INFO  Saving current: saved\TimeWeaver-Feb-03-2026_21-00-42.pth
Tue 03 Feb 2026 21:02:04 INFO  epoch 1 training [time: 39.71s, train loss: 2246.0337]
Tue 03 Feb 2026 21:02:06 INFO  epoch 1 evaluating [time: 2.31s, valid_score: 0.315600]
Tue 03 Feb 2026 21:02:06 INFO  valid result: 
hit@10 : 0.6903    ndcg@10 : 0.4037    mrr@10 : 0.3156
Tue 03 Feb 2026 21:02:06 INFO  Saving current: saved\TimeWeaver-Feb-03-2026_21-00-42.pth
Tue 03 Feb 2026 21:02:46 INFO  epoch 2 training [time: 39.89s, train loss: 2206.2743]
Tue 03 Feb 2026 21:02:49 INFO  epoch 2 evaluating [time: 2.59s, valid_score: 0.321200]
Tue 03 Feb 2026 21:02:49 INFO  valid result: 
hit@10 : 0.7063    ndcg@10 : 0.412    mrr@10 : 0.3212
Tue 03 Feb 2026 21:02:49 INFO  Saving current: saved\TimeWeaver-Feb-03-2026_21-00-42.pth
Tue 03 Feb 2026 21:03:31 INFO  epoch 3 training [time: 41.97s, train loss: 2184.0920]
Tue 03 Feb 2026 21:03:33 INFO  epoch 3 evaluating [time: 2.47s, valid_score: 0.321800]
Tue 03 Feb 2026 21:03:33 INFO  valid result: 
hit@10 : 0.7126    ndcg@10 : 0.4139    mrr@10 : 0.3218
Tue 03 Feb 2026 21:03:33 INFO  Saving current: saved\TimeWeaver-Feb-03-2026_21-00-42.pth
Tue 03 Feb 2026 21:04:15 INFO  epoch 4 training [time: 41.61s, train loss: 2166.9457]
Tue 03 Feb 2026 21:04:17 INFO  epoch 4 evaluating [time: 2.41s, valid_score: 0.339500]
Tue 03 Feb 2026 21:04:17 INFO  valid result: 
hit@10 : 0.7381    ndcg@10 : 0.4337    mrr@10 : 0.3395
Tue 03 Feb 2026 21:04:17 INFO  Saving current: saved\TimeWeaver-Feb-03-2026_21-00-42.pth
Tue 03 Feb 2026 21:05:01 INFO  epoch 5 training [time: 44.03s, train loss: 2153.2485]
Tue 03 Feb 2026 21:05:04 INFO  epoch 5 evaluating [time: 2.62s, valid_score: 0.341700]
Tue 03 Feb 2026 21:05:04 INFO  valid result: 
hit@10 : 0.7306    ndcg@10 : 0.4339    mrr@10 : 0.3417
Tue 03 Feb 2026 21:05:04 INFO  Saving current: saved\TimeWeaver-Feb-03-2026_21-00-42.pth
Tue 03 Feb 2026 21:05:47 INFO  epoch 6 training [time: 42.91s, train loss: 2140.7395]
Tue 03 Feb 2026 21:05:49 INFO  epoch 6 evaluating [time: 2.46s, valid_score: 0.331100]
Tue 03 Feb 2026 21:05:49 INFO  valid result: 
hit@10 : 0.7381    ndcg@10 : 0.4274    mrr@10 : 0.3311
Tue 03 Feb 2026 21:06:32 INFO  epoch 7 training [time: 43.15s, train loss: 2131.1819]
Tue 03 Feb 2026 21:06:35 INFO  epoch 7 evaluating [time: 2.62s, valid_score: 0.343000]
Tue 03 Feb 2026 21:06:35 INFO  valid result: 
hit@10 : 0.7359    ndcg@10 : 0.4359    mrr@10 : 0.343
Tue 03 Feb 2026 21:06:35 INFO  Saving current: saved\TimeWeaver-Feb-03-2026_21-00-42.pth
Tue 03 Feb 2026 21:07:19 INFO  epoch 8 training [time: 43.51s, train loss: 2123.0846]
Tue 03 Feb 2026 21:07:21 INFO  epoch 8 evaluating [time: 2.67s, valid_score: 0.356100]
Tue 03 Feb 2026 21:07:21 INFO  valid result: 
hit@10 : 0.7296    ndcg@10 : 0.4448    mrr@10 : 0.3561
Tue 03 Feb 2026 21:07:21 INFO  Saving current: saved\TimeWeaver-Feb-03-2026_21-00-42.pth
Tue 03 Feb 2026 21:08:05 INFO  epoch 9 training [time: 44.12s, train loss: 2114.7953]
Tue 03 Feb 2026 21:08:08 INFO  epoch 9 evaluating [time: 2.37s, valid_score: 0.361600]
Tue 03 Feb 2026 21:08:08 INFO  valid result: 
hit@10 : 0.7487    ndcg@10 : 0.4529    mrr@10 : 0.3616
Tue 03 Feb 2026 21:08:08 INFO  Saving current: saved\TimeWeaver-Feb-03-2026_21-00-42.pth
Tue 03 Feb 2026 21:08:51 INFO  epoch 10 training [time: 43.66s, train loss: 2109.2434]
Tue 03 Feb 2026 21:08:54 INFO  epoch 10 evaluating [time: 2.44s, valid_score: 0.345800]
Tue 03 Feb 2026 21:08:54 INFO  valid result: 
hit@10 : 0.7349    ndcg@10 : 0.4379    mrr@10 : 0.3458
Tue 03 Feb 2026 21:09:40 INFO  epoch 11 training [time: 45.92s, train loss: 2103.6750]
Tue 03 Feb 2026 21:09:42 INFO  epoch 11 evaluating [time: 2.39s, valid_score: 0.350200]
Tue 03 Feb 2026 21:09:42 INFO  valid result: 
hit@10 : 0.7444    ndcg@10 : 0.4433    mrr@10 : 0.3502
Tue 03 Feb 2026 21:10:25 INFO  epoch 12 training [time: 42.74s, train loss: 2098.4224]
Tue 03 Feb 2026 21:10:27 INFO  epoch 12 evaluating [time: 2.52s, valid_score: 0.355400]
Tue 03 Feb 2026 21:10:27 INFO  valid result: 
hit@10 : 0.7466    ndcg@10 : 0.4478    mrr@10 : 0.3554
Tue 03 Feb 2026 21:11:12 INFO  epoch 13 training [time: 44.31s, train loss: 2093.8460]
Tue 03 Feb 2026 21:11:14 INFO  epoch 13 evaluating [time: 2.36s, valid_score: 0.361700]
Tue 03 Feb 2026 21:11:14 INFO  valid result: 
hit@10 : 0.7317    ndcg@10 : 0.4495    mrr@10 : 0.3617
Tue 03 Feb 2026 21:11:14 INFO  Saving current: saved\TimeWeaver-Feb-03-2026_21-00-42.pth
Tue 03 Feb 2026 21:11:56 INFO  epoch 14 training [time: 42.36s, train loss: 2089.3893]
Tue 03 Feb 2026 21:11:59 INFO  epoch 14 evaluating [time: 2.47s, valid_score: 0.345500]
Tue 03 Feb 2026 21:11:59 INFO  valid result: 
hit@10 : 0.7423    ndcg@10 : 0.439    mrr@10 : 0.3455
Tue 03 Feb 2026 21:12:39 INFO  epoch 15 training [time: 40.42s, train loss: 2086.5092]
Tue 03 Feb 2026 21:12:42 INFO  epoch 15 evaluating [time: 2.32s, valid_score: 0.358800]
Tue 03 Feb 2026 21:12:42 INFO  valid result: 
hit@10 : 0.7423    ndcg@10 : 0.4496    mrr@10 : 0.3588
Tue 03 Feb 2026 21:13:21 INFO  epoch 16 training [time: 39.20s, train loss: 2082.7337]
Tue 03 Feb 2026 21:13:23 INFO  epoch 16 evaluating [time: 2.22s, valid_score: 0.354800]
Tue 03 Feb 2026 21:13:23 INFO  valid result: 
hit@10 : 0.7349    ndcg@10 : 0.4448    mrr@10 : 0.3548
Tue 03 Feb 2026 21:14:02 INFO  epoch 17 training [time: 38.62s, train loss: 2079.3616]
Tue 03 Feb 2026 21:14:04 INFO  epoch 17 evaluating [time: 2.30s, valid_score: 0.342800]
Tue 03 Feb 2026 21:14:04 INFO  valid result: 
hit@10 : 0.7423    ndcg@10 : 0.4375    mrr@10 : 0.3428
Tue 03 Feb 2026 21:14:43 INFO  epoch 18 training [time: 38.81s, train loss: 2076.5194]
Tue 03 Feb 2026 21:14:45 INFO  epoch 18 evaluating [time: 2.11s, valid_score: 0.345100]
Tue 03 Feb 2026 21:14:45 INFO  valid result: 
hit@10 : 0.7508    ndcg@10 : 0.4405    mrr@10 : 0.3451
Tue 03 Feb 2026 21:15:20 INFO  epoch 19 training [time: 35.50s, train loss: 2072.8320]
Tue 03 Feb 2026 21:15:23 INFO  epoch 19 evaluating [time: 2.18s, valid_score: 0.346500]
Tue 03 Feb 2026 21:15:23 INFO  valid result: 
hit@10 : 0.7306    ndcg@10 : 0.4377    mrr@10 : 0.3465
Tue 03 Feb 2026 21:15:59 INFO  epoch 20 training [time: 35.93s, train loss: 2070.8962]
Tue 03 Feb 2026 21:16:01 INFO  epoch 20 evaluating [time: 2.11s, valid_score: 0.342900]
Tue 03 Feb 2026 21:16:01 INFO  valid result: 
hit@10 : 0.7328    ndcg@10 : 0.4354    mrr@10 : 0.3429
Tue 03 Feb 2026 21:16:34 INFO  epoch 21 training [time: 33.74s, train loss: 2068.1671]
Tue 03 Feb 2026 21:16:37 INFO  epoch 21 evaluating [time: 2.15s, valid_score: 0.332300]
Tue 03 Feb 2026 21:16:37 INFO  valid result: 
hit@10 : 0.7275    ndcg@10 : 0.4258    mrr@10 : 0.3323
Tue 03 Feb 2026 21:17:11 INFO  epoch 22 training [time: 34.41s, train loss: 2064.6825]
Tue 03 Feb 2026 21:17:13 INFO  epoch 22 evaluating [time: 2.00s, valid_score: 0.347500]
Tue 03 Feb 2026 21:17:13 INFO  valid result: 
hit@10 : 0.7413    ndcg@10 : 0.4408    mrr@10 : 0.3475
Tue 03 Feb 2026 21:17:47 INFO  epoch 23 training [time: 34.15s, train loss: 2062.3512]
Tue 03 Feb 2026 21:17:49 INFO  epoch 23 evaluating [time: 2.13s, valid_score: 0.348800]
Tue 03 Feb 2026 21:17:49 INFO  valid result: 
hit@10 : 0.7338    ndcg@10 : 0.4401    mrr@10 : 0.3488
Tue 03 Feb 2026 21:18:24 INFO  epoch 24 training [time: 34.84s, train loss: 2060.3778]
Tue 03 Feb 2026 21:18:26 INFO  epoch 24 evaluating [time: 2.14s, valid_score: 0.355500]
Tue 03 Feb 2026 21:18:26 INFO  valid result: 
hit@10 : 0.7391    ndcg@10 : 0.4462    mrr@10 : 0.3555
Tue 03 Feb 2026 21:18:26 INFO  Finished training, best eval result in epoch 13
Tue 03 Feb 2026 21:18:26 INFO  Loading model structure and parameters from saved\TimeWeaver-Feb-03-2026_21-00-42.pth
Tue 03 Feb 2026 21:18:29 INFO  The running environment of this training is as follows:
+-------------+----------------+
| Environment |     Usage      |
+=============+================+
| CPU         |     5.70 %     |
+-------------+----------------+
| GPU         | 0.17 G/6.00 G  |
+-------------+----------------+
| Memory      | 1.16 G/15.63 G |
+-------------+----------------+
Tue 03 Feb 2026 21:18:29 INFO  best valid : OrderedDict([('hit@10', 0.7317), ('ndcg@10', 0.4495), ('mrr@10', 0.3617)])
Tue 03 Feb 2026 21:18:29 INFO  test result: OrderedDict([('hit@10', 0.7147), ('ndcg@10', 0.4054), ('mrr@10', 0.3103)])
Tue 03 Feb 2026 21:18:29 WARNING  command line args [--models timeweaver --datasets ml-100k --seeds 42,2023,2024 --device gpu --timeweaver-variant gate_discrete] will not be used in RecBole
Tue 03 Feb 2026 21:18:29 INFO  ['scripts\\run_grid.py', '--models', 'timeweaver', '--datasets', 'ml-100k', '--seeds', '42,2023,2024', '--device', 'gpu', '--timeweaver-variant', 'gate_discrete']
Tue 03 Feb 2026 21:18:29 INFO  
General Hyper Parameters:
gpu_id = 0
use_gpu = True
seed = 2023
state = INFO
reproducibility = True
data_path = F:\anaconda3\envs\rec39\Lib\site-packages\recbole\config\../dataset_example/ml-100k
checkpoint_dir = saved
show_progress = True
save_dataset = False
dataset_save_path = None
save_dataloaders = False
dataloaders_save_path = None
log_wandb = False

Training Hyper Parameters:
epochs = 100
train_batch_size = 256
learner = adam
learning_rate = 0.001
train_neg_sample_args = {'distribution': 'none', 'sample_num': 'none', 'alpha': 'none', 'dynamic': False, 'candidate_num': 0}
eval_step = 1
stopping_step = 10
clip_grad_norm = None
weight_decay = 0.0
loss_decimal_place = 4

Evaluation Hyper Parameters:
eval_args = {'split': {'LS': 'valid_and_test'}, 'order': 'TO', 'group_by': 'user', 'mode': {'valid': 'uni100', 'test': 'uni100'}}
repeatable = True
metrics = ['Hit', 'NDCG', 'MRR']
topk = [10]
valid_metric = MRR@10
valid_metric_bigger = True
eval_batch_size = 512
metric_decimal_place = 4

Dataset Hyper Parameters:
field_separator = 	
seq_separator =  
USER_ID_FIELD = user_id
ITEM_ID_FIELD = item_id
RATING_FIELD = rating
TIME_FIELD = timestamp
seq_len = None
LABEL_FIELD = label
threshold = None
NEG_PREFIX = neg_
load_col = {'inter': ['user_id', 'item_id', 'rating', 'timestamp'], 'user': ['user_id', 'age', 'gender', 'occupation', 'zip_code'], 'item': ['item_id', 'movie_title', 'release_year', 'class']}
unload_col = None
unused_col = None
additional_feat_suffix = None
rm_dup_inter = None
val_interval = None
filter_inter_by_user_or_item = True
user_inter_num_interval = None
item_inter_num_interval = None
alias_of_user_id = None
alias_of_item_id = None
alias_of_entity_id = None
alias_of_relation_id = None
preload_weight = None
normalize_field = None
normalize_all = True
ITEM_LIST_LENGTH_FIELD = item_length
LIST_SUFFIX = _list
MAX_ITEM_LIST_LENGTH = 32
POSITION_FIELD = position_id
HEAD_ENTITY_ID_FIELD = head_id
TAIL_ENTITY_ID_FIELD = tail_id
RELATION_ID_FIELD = relation_id
ENTITY_ID_FIELD = entity_id
kg_reverse_r = False
entity_kg_num_interval = None
relation_kg_num_interval = None
benchmark_filename = None

Other Hyper Parameters: 
worker = 0
wandb_project = recbole
shuffle = True
require_pow = False
enable_amp = False
enable_scaler = False
transform = None
numerical_features = []
discretization = None
MODEL_TYPE = ModelType.SEQUENTIAL
model_name = TimeWeaver
hidden_size = 64
num_layers = 2
hidden_dropout_prob = 0.5
initializer_range = 0.02
time_bucket_size = 1000
ema_decay = 0.1
tcn_kernel_size = -1
ffn_hidden_size = 256
loss_type = CE
early_stop = 10
neg_sampling = None
device = cuda
use_continuous_time = False
use_time_gate = True
use_time_augmentation = False
MODEL_INPUT_TYPE = InputType.POINTWISE
eval_type = EvaluatorType.RANKING
single_spec = True
local_rank = 0
valid_neg_sample_args = {'distribution': 'uniform', 'sample_num': 100}
test_neg_sample_args = {'distribution': 'uniform', 'sample_num': 100}


Tue 03 Feb 2026 21:18:30 INFO  ml-100k
The number of users: 944
Average actions of users: 106.04453870625663
The number of items: 1683
Average actions of items: 59.45303210463734
The number of inters: 100000
The sparsity of the dataset: 93.70575143257098%
Remain Fields: ['user_id', 'item_id', 'rating', 'timestamp', 'age', 'gender', 'occupation', 'zip_code', 'movie_title', 'release_year', 'class']
Tue 03 Feb 2026 21:18:31 INFO  [Training]: train_batch_size = [256] train_neg_sample_args: [{'distribution': 'none', 'sample_num': 'none', 'alpha': 'none', 'dynamic': False, 'candidate_num': 0}]
Tue 03 Feb 2026 21:18:31 INFO  [Evaluation]: eval_batch_size = [512] eval_args: [{'split': {'LS': 'valid_and_test'}, 'order': 'TO', 'group_by': 'user', 'mode': {'valid': 'uni100', 'test': 'uni100'}}]
Tue 03 Feb 2026 21:18:31 INFO  TimeWeaver(
  (item_embedding): Embedding(1683, 64, padding_idx=0)
  (time_aug): TimeAwareAugmentation(
    (pos_embedding): Embedding(32, 64)
    (time_embedding): Embedding(1000, 64)
    (time_gate): TimeGate(
      (net): Sequential(
        (0): Linear(in_features=64, out_features=16, bias=True)
        (1): GELU(approximate='none')
        (2): Linear(in_features=16, out_features=64, bias=True)
        (3): Sigmoid()
      )
    )
    (layer_norm): LayerNorm((64,), eps=1e-05, elementwise_affine=True)
    (drop): Dropout(p=0.5, inplace=False)
  )
  (context_layers): ModuleList(
    (0-1): 2 x TCNNextBlock(
      (dw): DepthwiseConv1d(
        (conv): Conv1d(64, 64, kernel_size=(11,), stride=(1,), padding=(5,), groups=64)
        (bn): BatchNorm1d(64, eps=1e-05, momentum=0.1, affine=True, track_running_stats=True)
        (drop): Dropout(p=0.5, inplace=False)
      )
      (norm1): LayerNorm((64,), eps=1e-05, elementwise_affine=True)
      (conv_inter): ParallelConvInter(
        (conv1): Conv1d(64, 64, kernel_size=(1,), stride=(1,))
        (conv3): Conv1d(64, 64, kernel_size=(3,), stride=(1,), padding=(1,))
        (proj): Conv1d(64, 64, kernel_size=(1,), stride=(1,))
        (drop): Dropout(p=0.5, inplace=False)
      )
      (norm2): LayerNorm((64,), eps=1e-05, elementwise_affine=True)
      (ffn): Sequential(
        (0): Linear(in_features=64, out_features=256, bias=True)
        (1): GELU(approximate='none')
        (2): Dropout(p=0.5, inplace=False)
        (3): Linear(in_features=256, out_features=64, bias=True)
        (4): Dropout(p=0.5, inplace=False)
      )
      (norm3): LayerNorm((64,), eps=1e-05, elementwise_affine=True)
    )
  )
  (dynamic_layers): ModuleList(
    (0-1): 2 x EMAStream(
      (proj): Linear(in_features=64, out_features=64, bias=True)
    )
  )
  (weavers): ModuleList(
    (0-1): 2 x StreamWeaver(
      (proj): Linear(in_features=128, out_features=64, bias=True)
      (norm): LayerNorm((64,), eps=1e-05, elementwise_affine=True)
    )
  )
  (loss_fct): CrossEntropyLoss()
)
Trainable parameters: 311185.0
Tue 03 Feb 2026 21:18:31 INFO  FLOPs: 4364288.0
Tue 03 Feb 2026 21:19:07 INFO  epoch 0 training [time: 35.89s, train loss: 2462.6181]
Tue 03 Feb 2026 21:19:09 INFO  epoch 0 evaluating [time: 2.33s, valid_score: 0.267300]
Tue 03 Feb 2026 21:19:09 INFO  valid result: 
hit@10 : 0.6257    ndcg@10 : 0.3516    mrr@10 : 0.2673
Tue 03 Feb 2026 21:19:09 INFO  Saving current: saved\TimeWeaver-Feb-03-2026_21-18-31.pth
Tue 03 Feb 2026 21:19:46 INFO  epoch 1 training [time: 36.31s, train loss: 2250.0695]
Tue 03 Feb 2026 21:19:48 INFO  epoch 1 evaluating [time: 2.18s, valid_score: 0.293600]
Tue 03 Feb 2026 21:19:48 INFO  valid result: 
hit@10 : 0.6861    ndcg@10 : 0.3859    mrr@10 : 0.2936
Tue 03 Feb 2026 21:19:48 INFO  Saving current: saved\TimeWeaver-Feb-03-2026_21-18-31.pth
Tue 03 Feb 2026 21:20:22 INFO  epoch 2 training [time: 34.34s, train loss: 2210.0161]
Tue 03 Feb 2026 21:20:24 INFO  epoch 2 evaluating [time: 2.12s, valid_score: 0.320900]
Tue 03 Feb 2026 21:20:24 INFO  valid result: 
hit@10 : 0.7211    ndcg@10 : 0.4154    mrr@10 : 0.3209
Tue 03 Feb 2026 21:20:24 INFO  Saving current: saved\TimeWeaver-Feb-03-2026_21-18-31.pth
Tue 03 Feb 2026 21:20:59 INFO  epoch 3 training [time: 34.71s, train loss: 2185.6380]
Tue 03 Feb 2026 21:21:01 INFO  epoch 3 evaluating [time: 2.16s, valid_score: 0.326400]
Tue 03 Feb 2026 21:21:01 INFO  valid result: 
hit@10 : 0.7158    ndcg@10 : 0.4181    mrr@10 : 0.3264
Tue 03 Feb 2026 21:21:01 INFO  Saving current: saved\TimeWeaver-Feb-03-2026_21-18-31.pth
Tue 03 Feb 2026 21:21:36 INFO  epoch 4 training [time: 35.06s, train loss: 2168.3510]
Tue 03 Feb 2026 21:21:38 INFO  epoch 4 evaluating [time: 2.13s, valid_score: 0.325400]
Tue 03 Feb 2026 21:21:38 INFO  valid result: 
hit@10 : 0.7253    ndcg@10 : 0.4198    mrr@10 : 0.3254
Tue 03 Feb 2026 21:22:13 INFO  epoch 5 training [time: 34.38s, train loss: 2153.6193]
Tue 03 Feb 2026 21:22:15 INFO  epoch 5 evaluating [time: 2.13s, valid_score: 0.344900]
Tue 03 Feb 2026 21:22:15 INFO  valid result: 
hit@10 : 0.7359    ndcg@10 : 0.4374    mrr@10 : 0.3449
Tue 03 Feb 2026 21:22:15 INFO  Saving current: saved\TimeWeaver-Feb-03-2026_21-18-31.pth
Tue 03 Feb 2026 21:22:49 INFO  epoch 6 training [time: 34.04s, train loss: 2141.8690]
Tue 03 Feb 2026 21:22:51 INFO  epoch 6 evaluating [time: 2.08s, valid_score: 0.339800]
Tue 03 Feb 2026 21:22:51 INFO  valid result: 
hit@10 : 0.72    ndcg@10 : 0.4298    mrr@10 : 0.3398
Tue 03 Feb 2026 21:23:27 INFO  epoch 7 training [time: 36.07s, train loss: 2132.6213]
Tue 03 Feb 2026 21:23:29 INFO  epoch 7 evaluating [time: 2.20s, valid_score: 0.344500]
Tue 03 Feb 2026 21:23:29 INFO  valid result: 
hit@10 : 0.7306    ndcg@10 : 0.4359    mrr@10 : 0.3445
Tue 03 Feb 2026 21:24:05 INFO  epoch 8 training [time: 35.34s, train loss: 2124.2019]
Tue 03 Feb 2026 21:24:07 INFO  epoch 8 evaluating [time: 2.00s, valid_score: 0.350000]
Tue 03 Feb 2026 21:24:07 INFO  valid result: 
hit@10 : 0.7413    ndcg@10 : 0.4425    mrr@10 : 0.35
Tue 03 Feb 2026 21:24:07 INFO  Saving current: saved\TimeWeaver-Feb-03-2026_21-18-31.pth
Tue 03 Feb 2026 21:24:41 INFO  epoch 9 training [time: 34.11s, train loss: 2116.7140]
Tue 03 Feb 2026 21:24:43 INFO  epoch 9 evaluating [time: 2.15s, valid_score: 0.343800]
Tue 03 Feb 2026 21:24:43 INFO  valid result: 
hit@10 : 0.737    ndcg@10 : 0.4371    mrr@10 : 0.3438
Tue 03 Feb 2026 21:25:17 INFO  epoch 10 training [time: 34.35s, train loss: 2110.3385]
Tue 03 Feb 2026 21:25:19 INFO  epoch 10 evaluating [time: 2.11s, valid_score: 0.347900]
Tue 03 Feb 2026 21:25:19 INFO  valid result: 
hit@10 : 0.7413    ndcg@10 : 0.441    mrr@10 : 0.3479
Tue 03 Feb 2026 21:25:54 INFO  epoch 11 training [time: 34.45s, train loss: 2103.9265]
Tue 03 Feb 2026 21:25:56 INFO  epoch 11 evaluating [time: 2.16s, valid_score: 0.351100]
Tue 03 Feb 2026 21:25:56 INFO  valid result: 
hit@10 : 0.7434    ndcg@10 : 0.4438    mrr@10 : 0.3511
Tue 03 Feb 2026 21:25:56 INFO  Saving current: saved\TimeWeaver-Feb-03-2026_21-18-31.pth
Tue 03 Feb 2026 21:26:31 INFO  epoch 12 training [time: 34.93s, train loss: 2099.5396]
Tue 03 Feb 2026 21:26:33 INFO  epoch 12 evaluating [time: 2.09s, valid_score: 0.355400]
Tue 03 Feb 2026 21:26:33 INFO  valid result: 
hit@10 : 0.7359    ndcg@10 : 0.4457    mrr@10 : 0.3554
Tue 03 Feb 2026 21:26:33 INFO  Saving current: saved\TimeWeaver-Feb-03-2026_21-18-31.pth
Tue 03 Feb 2026 21:27:07 INFO  epoch 13 training [time: 34.44s, train loss: 2094.6688]
Tue 03 Feb 2026 21:27:10 INFO  epoch 13 evaluating [time: 2.17s, valid_score: 0.342100]
Tue 03 Feb 2026 21:27:10 INFO  valid result: 
hit@10 : 0.7402    ndcg@10 : 0.4361    mrr@10 : 0.3421
Tue 03 Feb 2026 21:27:46 INFO  epoch 14 training [time: 35.88s, train loss: 2090.9906]
Tue 03 Feb 2026 21:27:48 INFO  epoch 14 evaluating [time: 2.23s, valid_score: 0.355400]
Tue 03 Feb 2026 21:27:48 INFO  valid result: 
hit@10 : 0.737    ndcg@10 : 0.4456    mrr@10 : 0.3554
Tue 03 Feb 2026 21:27:48 INFO  Saving current: saved\TimeWeaver-Feb-03-2026_21-18-31.pth
Tue 03 Feb 2026 21:28:22 INFO  epoch 15 training [time: 34.33s, train loss: 2086.4128]
Tue 03 Feb 2026 21:28:24 INFO  epoch 15 evaluating [time: 2.09s, valid_score: 0.350300]
Tue 03 Feb 2026 21:28:24 INFO  valid result: 
hit@10 : 0.7328    ndcg@10 : 0.4408    mrr@10 : 0.3503
Tue 03 Feb 2026 21:28:59 INFO  epoch 16 training [time: 34.94s, train loss: 2082.2472]
Tue 03 Feb 2026 21:29:01 INFO  epoch 16 evaluating [time: 2.03s, valid_score: 0.349800]
Tue 03 Feb 2026 21:29:01 INFO  valid result: 
hit@10 : 0.7434    ndcg@10 : 0.4431    mrr@10 : 0.3498
Tue 03 Feb 2026 21:29:35 INFO  epoch 17 training [time: 34.23s, train loss: 2080.1585]
Tue 03 Feb 2026 21:29:38 INFO  epoch 17 evaluating [time: 2.13s, valid_score: 0.351300]
Tue 03 Feb 2026 21:29:38 INFO  valid result: 
hit@10 : 0.7381    ndcg@10 : 0.443    mrr@10 : 0.3513
Tue 03 Feb 2026 21:30:13 INFO  epoch 18 training [time: 35.08s, train loss: 2076.5995]
Tue 03 Feb 2026 21:30:15 INFO  epoch 18 evaluating [time: 2.14s, valid_score: 0.347600]
Tue 03 Feb 2026 21:30:15 INFO  valid result: 
hit@10 : 0.7381    ndcg@10 : 0.4404    mrr@10 : 0.3476
Tue 03 Feb 2026 21:30:49 INFO  epoch 19 training [time: 34.51s, train loss: 2073.7704]
Tue 03 Feb 2026 21:30:51 INFO  epoch 19 evaluating [time: 2.09s, valid_score: 0.340600]
Tue 03 Feb 2026 21:30:51 INFO  valid result: 
hit@10 : 0.7413    ndcg@10 : 0.4354    mrr@10 : 0.3406
Tue 03 Feb 2026 21:31:27 INFO  epoch 20 training [time: 35.53s, train loss: 2072.0317]
Tue 03 Feb 2026 21:31:29 INFO  epoch 20 evaluating [time: 2.06s, valid_score: 0.351200]
Tue 03 Feb 2026 21:31:29 INFO  valid result: 
hit@10 : 0.7391    ndcg@10 : 0.4428    mrr@10 : 0.3512
Tue 03 Feb 2026 21:32:05 INFO  epoch 21 training [time: 35.86s, train loss: 2068.3818]
Tue 03 Feb 2026 21:32:07 INFO  epoch 21 evaluating [time: 2.07s, valid_score: 0.360000]
Tue 03 Feb 2026 21:32:07 INFO  valid result: 
hit@10 : 0.737    ndcg@10 : 0.4491    mrr@10 : 0.36
Tue 03 Feb 2026 21:32:07 INFO  Saving current: saved\TimeWeaver-Feb-03-2026_21-18-31.pth
Tue 03 Feb 2026 21:32:41 INFO  epoch 22 training [time: 34.32s, train loss: 2065.9184]
Tue 03 Feb 2026 21:32:43 INFO  epoch 22 evaluating [time: 2.18s, valid_score: 0.359100]
Tue 03 Feb 2026 21:32:43 INFO  valid result: 
hit@10 : 0.7328    ndcg@10 : 0.4476    mrr@10 : 0.3591
Tue 03 Feb 2026 21:33:18 INFO  epoch 23 training [time: 34.63s, train loss: 2064.1769]
Tue 03 Feb 2026 21:33:20 INFO  epoch 23 evaluating [time: 2.12s, valid_score: 0.356000]
Tue 03 Feb 2026 21:33:20 INFO  valid result: 
hit@10 : 0.737    ndcg@10 : 0.4467    mrr@10 : 0.356
Tue 03 Feb 2026 21:33:55 INFO  epoch 24 training [time: 34.88s, train loss: 2061.1498]
Tue 03 Feb 2026 21:33:57 INFO  epoch 24 evaluating [time: 2.15s, valid_score: 0.350300]
Tue 03 Feb 2026 21:33:57 INFO  valid result: 
hit@10 : 0.7338    ndcg@10 : 0.4412    mrr@10 : 0.3503
Tue 03 Feb 2026 21:34:32 INFO  epoch 25 training [time: 35.22s, train loss: 2059.6036]
Tue 03 Feb 2026 21:34:35 INFO  epoch 25 evaluating [time: 2.11s, valid_score: 0.358300]
Tue 03 Feb 2026 21:34:35 INFO  valid result: 
hit@10 : 0.7359    ndcg@10 : 0.4479    mrr@10 : 0.3583
Tue 03 Feb 2026 21:35:09 INFO  epoch 26 training [time: 34.77s, train loss: 2057.6183]
Tue 03 Feb 2026 21:35:12 INFO  epoch 26 evaluating [time: 2.18s, valid_score: 0.357300]
Tue 03 Feb 2026 21:35:12 INFO  valid result: 
hit@10 : 0.7497    ndcg@10 : 0.4497    mrr@10 : 0.3573
Tue 03 Feb 2026 21:35:48 INFO  epoch 27 training [time: 36.12s, train loss: 2055.4946]
Tue 03 Feb 2026 21:35:50 INFO  epoch 27 evaluating [time: 2.07s, valid_score: 0.343700]
Tue 03 Feb 2026 21:35:50 INFO  valid result: 
hit@10 : 0.7444    ndcg@10 : 0.4384    mrr@10 : 0.3437
Tue 03 Feb 2026 21:36:24 INFO  epoch 28 training [time: 34.00s, train loss: 2052.8322]
Tue 03 Feb 2026 21:36:26 INFO  epoch 28 evaluating [time: 2.08s, valid_score: 0.345200]
Tue 03 Feb 2026 21:36:26 INFO  valid result: 
hit@10 : 0.7508    ndcg@10 : 0.4408    mrr@10 : 0.3452
Tue 03 Feb 2026 21:37:01 INFO  epoch 29 training [time: 34.87s, train loss: 2050.5765]
Tue 03 Feb 2026 21:37:03 INFO  epoch 29 evaluating [time: 2.11s, valid_score: 0.341700]
Tue 03 Feb 2026 21:37:03 INFO  valid result: 
hit@10 : 0.7317    ndcg@10 : 0.434    mrr@10 : 0.3417
Tue 03 Feb 2026 21:37:37 INFO  epoch 30 training [time: 34.19s, train loss: 2048.4374]
Tue 03 Feb 2026 21:37:39 INFO  epoch 30 evaluating [time: 2.14s, valid_score: 0.349800]
Tue 03 Feb 2026 21:37:39 INFO  valid result: 
hit@10 : 0.7359    ndcg@10 : 0.4411    mrr@10 : 0.3498
Tue 03 Feb 2026 21:38:14 INFO  epoch 31 training [time: 35.12s, train loss: 2047.2719]
Tue 03 Feb 2026 21:38:16 INFO  epoch 31 evaluating [time: 2.20s, valid_score: 0.340600]
Tue 03 Feb 2026 21:38:16 INFO  valid result: 
hit@10 : 0.754    ndcg@10 : 0.4383    mrr@10 : 0.3406
Tue 03 Feb 2026 21:38:51 INFO  epoch 32 training [time: 34.36s, train loss: 2045.4182]
Tue 03 Feb 2026 21:38:53 INFO  epoch 32 evaluating [time: 2.01s, valid_score: 0.362400]
Tue 03 Feb 2026 21:38:53 INFO  valid result: 
hit@10 : 0.7381    ndcg@10 : 0.4511    mrr@10 : 0.3624
Tue 03 Feb 2026 21:38:53 INFO  Saving current: saved\TimeWeaver-Feb-03-2026_21-18-31.pth
Tue 03 Feb 2026 21:39:29 INFO  epoch 33 training [time: 36.26s, train loss: 2043.9756]
Tue 03 Feb 2026 21:39:31 INFO  epoch 33 evaluating [time: 2.20s, valid_score: 0.348500]
Tue 03 Feb 2026 21:39:31 INFO  valid result: 
hit@10 : 0.7349    ndcg@10 : 0.4401    mrr@10 : 0.3485
Tue 03 Feb 2026 21:40:06 INFO  epoch 34 training [time: 35.24s, train loss: 2042.3157]
Tue 03 Feb 2026 21:40:09 INFO  epoch 34 evaluating [time: 2.10s, valid_score: 0.355400]
Tue 03 Feb 2026 21:40:09 INFO  valid result: 
hit@10 : 0.7317    ndcg@10 : 0.4447    mrr@10 : 0.3554
Tue 03 Feb 2026 21:40:43 INFO  epoch 35 training [time: 34.36s, train loss: 2040.0752]
Tue 03 Feb 2026 21:40:45 INFO  epoch 35 evaluating [time: 2.20s, valid_score: 0.344700]
Tue 03 Feb 2026 21:40:45 INFO  valid result: 
hit@10 : 0.7381    ndcg@10 : 0.4373    mrr@10 : 0.3447
Tue 03 Feb 2026 21:41:20 INFO  epoch 36 training [time: 34.49s, train loss: 2038.8352]
Tue 03 Feb 2026 21:41:22 INFO  epoch 36 evaluating [time: 2.11s, valid_score: 0.348200]
Tue 03 Feb 2026 21:41:22 INFO  valid result: 
hit@10 : 0.7381    ndcg@10 : 0.4407    mrr@10 : 0.3482
Tue 03 Feb 2026 21:41:57 INFO  epoch 37 training [time: 35.06s, train loss: 2037.3939]
Tue 03 Feb 2026 21:41:59 INFO  epoch 37 evaluating [time: 2.15s, valid_score: 0.349000]
Tue 03 Feb 2026 21:41:59 INFO  valid result: 
hit@10 : 0.755    ndcg@10 : 0.4449    mrr@10 : 0.349
Tue 03 Feb 2026 21:42:34 INFO  epoch 38 training [time: 34.83s, train loss: 2035.5313]
Tue 03 Feb 2026 21:42:36 INFO  epoch 38 evaluating [time: 2.10s, valid_score: 0.340900]
Tue 03 Feb 2026 21:42:36 INFO  valid result: 
hit@10 : 0.7402    ndcg@10 : 0.4356    mrr@10 : 0.3409
Tue 03 Feb 2026 21:43:11 INFO  epoch 39 training [time: 34.80s, train loss: 2033.4252]
Tue 03 Feb 2026 21:43:13 INFO  epoch 39 evaluating [time: 2.22s, valid_score: 0.344500]
Tue 03 Feb 2026 21:43:13 INFO  valid result: 
hit@10 : 0.7359    ndcg@10 : 0.437    mrr@10 : 0.3445
Tue 03 Feb 2026 21:43:49 INFO  epoch 40 training [time: 36.01s, train loss: 2032.0838]
Tue 03 Feb 2026 21:43:51 INFO  epoch 40 evaluating [time: 2.17s, valid_score: 0.346700]
Tue 03 Feb 2026 21:43:51 INFO  valid result: 
hit@10 : 0.7349    ndcg@10 : 0.4384    mrr@10 : 0.3467
Tue 03 Feb 2026 21:44:25 INFO  epoch 41 training [time: 33.99s, train loss: 2032.2060]
Tue 03 Feb 2026 21:44:27 INFO  epoch 41 evaluating [time: 2.09s, valid_score: 0.348600]
Tue 03 Feb 2026 21:44:27 INFO  valid result: 
hit@10 : 0.7476    ndcg@10 : 0.4433    mrr@10 : 0.3486
Tue 03 Feb 2026 21:45:02 INFO  epoch 42 training [time: 35.07s, train loss: 2029.1913]
Tue 03 Feb 2026 21:45:05 INFO  epoch 42 evaluating [time: 2.34s, valid_score: 0.354800]
Tue 03 Feb 2026 21:45:05 INFO  valid result: 
hit@10 : 0.7444    ndcg@10 : 0.4466    mrr@10 : 0.3548
Tue 03 Feb 2026 21:45:39 INFO  epoch 43 training [time: 34.22s, train loss: 2028.9790]
Tue 03 Feb 2026 21:45:41 INFO  epoch 43 evaluating [time: 2.16s, valid_score: 0.354000]
Tue 03 Feb 2026 21:45:41 INFO  valid result: 
hit@10 : 0.7317    ndcg@10 : 0.4434    mrr@10 : 0.354
Tue 03 Feb 2026 21:45:41 INFO  Finished training, best eval result in epoch 32
Tue 03 Feb 2026 21:45:41 INFO  Loading model structure and parameters from saved\TimeWeaver-Feb-03-2026_21-18-31.pth
Tue 03 Feb 2026 21:45:44 INFO  The running environment of this training is as follows:
+-------------+----------------+
| Environment |     Usage      |
+=============+================+
| CPU         |     8.00 %     |
+-------------+----------------+
| GPU         | 0.17 G/6.00 G  |
+-------------+----------------+
| Memory      | 0.69 G/15.63 G |
+-------------+----------------+
Tue 03 Feb 2026 21:45:44 INFO  best valid : OrderedDict([('hit@10', 0.7381), ('ndcg@10', 0.4511), ('mrr@10', 0.3624)])
Tue 03 Feb 2026 21:45:44 INFO  test result: OrderedDict([('hit@10', 0.7169), ('ndcg@10', 0.4222), ('mrr@10', 0.3306)])
Tue 03 Feb 2026 21:45:44 WARNING  command line args [--models timeweaver --datasets ml-100k --seeds 42,2023,2024 --device gpu --timeweaver-variant gate_discrete] will not be used in RecBole
Tue 03 Feb 2026 21:45:44 INFO  ['scripts\\run_grid.py', '--models', 'timeweaver', '--datasets', 'ml-100k', '--seeds', '42,2023,2024', '--device', 'gpu', '--timeweaver-variant', 'gate_discrete']
Tue 03 Feb 2026 21:45:44 INFO  
General Hyper Parameters:
gpu_id = 0
use_gpu = True
seed = 2024
state = INFO
reproducibility = True
data_path = F:\anaconda3\envs\rec39\Lib\site-packages\recbole\config\../dataset_example/ml-100k
checkpoint_dir = saved
show_progress = True
save_dataset = False
dataset_save_path = None
save_dataloaders = False
dataloaders_save_path = None
log_wandb = False

Training Hyper Parameters:
epochs = 100
train_batch_size = 256
learner = adam
learning_rate = 0.001
train_neg_sample_args = {'distribution': 'none', 'sample_num': 'none', 'alpha': 'none', 'dynamic': False, 'candidate_num': 0}
eval_step = 1
stopping_step = 10
clip_grad_norm = None
weight_decay = 0.0
loss_decimal_place = 4

Evaluation Hyper Parameters:
eval_args = {'split': {'LS': 'valid_and_test'}, 'order': 'TO', 'group_by': 'user', 'mode': {'valid': 'uni100', 'test': 'uni100'}}
repeatable = True
metrics = ['Hit', 'NDCG', 'MRR']
topk = [10]
valid_metric = MRR@10
valid_metric_bigger = True
eval_batch_size = 512
metric_decimal_place = 4

Dataset Hyper Parameters:
field_separator = 	
seq_separator =  
USER_ID_FIELD = user_id
ITEM_ID_FIELD = item_id
RATING_FIELD = rating
TIME_FIELD = timestamp
seq_len = None
LABEL_FIELD = label
threshold = None
NEG_PREFIX = neg_
load_col = {'inter': ['user_id', 'item_id', 'rating', 'timestamp'], 'user': ['user_id', 'age', 'gender', 'occupation', 'zip_code'], 'item': ['item_id', 'movie_title', 'release_year', 'class']}
unload_col = None
unused_col = None
additional_feat_suffix = None
rm_dup_inter = None
val_interval = None
filter_inter_by_user_or_item = True
user_inter_num_interval = None
item_inter_num_interval = None
alias_of_user_id = None
alias_of_item_id = None
alias_of_entity_id = None
alias_of_relation_id = None
preload_weight = None
normalize_field = None
normalize_all = True
ITEM_LIST_LENGTH_FIELD = item_length
LIST_SUFFIX = _list
MAX_ITEM_LIST_LENGTH = 32
POSITION_FIELD = position_id
HEAD_ENTITY_ID_FIELD = head_id
TAIL_ENTITY_ID_FIELD = tail_id
RELATION_ID_FIELD = relation_id
ENTITY_ID_FIELD = entity_id
kg_reverse_r = False
entity_kg_num_interval = None
relation_kg_num_interval = None
benchmark_filename = None

Other Hyper Parameters: 
worker = 0
wandb_project = recbole
shuffle = True
require_pow = False
enable_amp = False
enable_scaler = False
transform = None
numerical_features = []
discretization = None
MODEL_TYPE = ModelType.SEQUENTIAL
model_name = TimeWeaver
hidden_size = 64
num_layers = 2
hidden_dropout_prob = 0.5
initializer_range = 0.02
time_bucket_size = 1000
ema_decay = 0.1
tcn_kernel_size = -1
ffn_hidden_size = 256
loss_type = CE
early_stop = 10
neg_sampling = None
device = cuda
use_continuous_time = False
use_time_gate = True
use_time_augmentation = False
MODEL_INPUT_TYPE = InputType.POINTWISE
eval_type = EvaluatorType.RANKING
single_spec = True
local_rank = 0
valid_neg_sample_args = {'distribution': 'uniform', 'sample_num': 100}
test_neg_sample_args = {'distribution': 'uniform', 'sample_num': 100}


Tue 03 Feb 2026 21:45:44 INFO  ml-100k
The number of users: 944
Average actions of users: 106.04453870625663
The number of items: 1683
Average actions of items: 59.45303210463734
The number of inters: 100000
The sparsity of the dataset: 93.70575143257098%
Remain Fields: ['user_id', 'item_id', 'rating', 'timestamp', 'age', 'gender', 'occupation', 'zip_code', 'movie_title', 'release_year', 'class']
Tue 03 Feb 2026 21:45:46 INFO  [Training]: train_batch_size = [256] train_neg_sample_args: [{'distribution': 'none', 'sample_num': 'none', 'alpha': 'none', 'dynamic': False, 'candidate_num': 0}]
Tue 03 Feb 2026 21:45:46 INFO  [Evaluation]: eval_batch_size = [512] eval_args: [{'split': {'LS': 'valid_and_test'}, 'order': 'TO', 'group_by': 'user', 'mode': {'valid': 'uni100', 'test': 'uni100'}}]
Tue 03 Feb 2026 21:45:46 INFO  TimeWeaver(
  (item_embedding): Embedding(1683, 64, padding_idx=0)
  (time_aug): TimeAwareAugmentation(
    (pos_embedding): Embedding(32, 64)
    (time_embedding): Embedding(1000, 64)
    (time_gate): TimeGate(
      (net): Sequential(
        (0): Linear(in_features=64, out_features=16, bias=True)
        (1): GELU(approximate='none')
        (2): Linear(in_features=16, out_features=64, bias=True)
        (3): Sigmoid()
      )
    )
    (layer_norm): LayerNorm((64,), eps=1e-05, elementwise_affine=True)
    (drop): Dropout(p=0.5, inplace=False)
  )
  (context_layers): ModuleList(
    (0-1): 2 x TCNNextBlock(
      (dw): DepthwiseConv1d(
        (conv): Conv1d(64, 64, kernel_size=(11,), stride=(1,), padding=(5,), groups=64)
        (bn): BatchNorm1d(64, eps=1e-05, momentum=0.1, affine=True, track_running_stats=True)
        (drop): Dropout(p=0.5, inplace=False)
      )
      (norm1): LayerNorm((64,), eps=1e-05, elementwise_affine=True)
      (conv_inter): ParallelConvInter(
        (conv1): Conv1d(64, 64, kernel_size=(1,), stride=(1,))
        (conv3): Conv1d(64, 64, kernel_size=(3,), stride=(1,), padding=(1,))
        (proj): Conv1d(64, 64, kernel_size=(1,), stride=(1,))
        (drop): Dropout(p=0.5, inplace=False)
      )
      (norm2): LayerNorm((64,), eps=1e-05, elementwise_affine=True)
      (ffn): Sequential(
        (0): Linear(in_features=64, out_features=256, bias=True)
        (1): GELU(approximate='none')
        (2): Dropout(p=0.5, inplace=False)
        (3): Linear(in_features=256, out_features=64, bias=True)
        (4): Dropout(p=0.5, inplace=False)
      )
      (norm3): LayerNorm((64,), eps=1e-05, elementwise_affine=True)
    )
  )
  (dynamic_layers): ModuleList(
    (0-1): 2 x EMAStream(
      (proj): Linear(in_features=64, out_features=64, bias=True)
    )
  )
  (weavers): ModuleList(
    (0-1): 2 x StreamWeaver(
      (proj): Linear(in_features=128, out_features=64, bias=True)
      (norm): LayerNorm((64,), eps=1e-05, elementwise_affine=True)
    )
  )
  (loss_fct): CrossEntropyLoss()
)
Trainable parameters: 311185.0
Tue 03 Feb 2026 21:45:46 INFO  FLOPs: 4364288.0
Tue 03 Feb 2026 21:46:21 INFO  epoch 0 training [time: 35.32s, train loss: 2463.0102]
Tue 03 Feb 2026 21:46:23 INFO  epoch 0 evaluating [time: 2.17s, valid_score: 0.277000]
Tue 03 Feb 2026 21:46:23 INFO  valid result: 
hit@10 : 0.6755    ndcg@10 : 0.3703    mrr@10 : 0.277
Tue 03 Feb 2026 21:46:23 INFO  Saving current: saved\TimeWeaver-Feb-03-2026_21-45-46.pth
Tue 03 Feb 2026 21:46:58 INFO  epoch 1 training [time: 34.15s, train loss: 2247.7114]
Tue 03 Feb 2026 21:47:00 INFO  epoch 1 evaluating [time: 2.19s, valid_score: 0.307900]
Tue 03 Feb 2026 21:47:00 INFO  valid result: 
hit@10 : 0.6903    ndcg@10 : 0.3979    mrr@10 : 0.3079
Tue 03 Feb 2026 21:47:00 INFO  Saving current: saved\TimeWeaver-Feb-03-2026_21-45-46.pth
Tue 03 Feb 2026 21:47:36 INFO  epoch 2 training [time: 36.55s, train loss: 2209.2293]
Tue 03 Feb 2026 21:47:39 INFO  epoch 2 evaluating [time: 2.26s, valid_score: 0.320200]
Tue 03 Feb 2026 21:47:39 INFO  valid result: 
hit@10 : 0.7169    ndcg@10 : 0.4136    mrr@10 : 0.3202
Tue 03 Feb 2026 21:47:39 INFO  Saving current: saved\TimeWeaver-Feb-03-2026_21-45-46.pth
Tue 03 Feb 2026 21:48:14 INFO  epoch 3 training [time: 34.99s, train loss: 2184.8261]
Tue 03 Feb 2026 21:48:16 INFO  epoch 3 evaluating [time: 2.14s, valid_score: 0.333600]
Tue 03 Feb 2026 21:48:16 INFO  valid result: 
hit@10 : 0.7243    ndcg@10 : 0.4256    mrr@10 : 0.3336
Tue 03 Feb 2026 21:48:16 INFO  Saving current: saved\TimeWeaver-Feb-03-2026_21-45-46.pth
Tue 03 Feb 2026 21:48:50 INFO  epoch 4 training [time: 34.37s, train loss: 2167.0702]
Tue 03 Feb 2026 21:48:52 INFO  epoch 4 evaluating [time: 2.14s, valid_score: 0.341900]
Tue 03 Feb 2026 21:48:52 INFO  valid result: 
hit@10 : 0.7285    ndcg@10 : 0.4333    mrr@10 : 0.3419
Tue 03 Feb 2026 21:48:52 INFO  Saving current: saved\TimeWeaver-Feb-03-2026_21-45-46.pth
Tue 03 Feb 2026 21:49:27 INFO  epoch 5 training [time: 34.27s, train loss: 2154.3242]
Tue 03 Feb 2026 21:49:29 INFO  epoch 5 evaluating [time: 2.14s, valid_score: 0.346700]
Tue 03 Feb 2026 21:49:29 INFO  valid result: 
hit@10 : 0.7285    ndcg@10 : 0.4372    mrr@10 : 0.3467
Tue 03 Feb 2026 21:49:29 INFO  Saving current: saved\TimeWeaver-Feb-03-2026_21-45-46.pth
Tue 03 Feb 2026 21:50:03 INFO  epoch 6 training [time: 34.32s, train loss: 2142.2912]
Tue 03 Feb 2026 21:50:05 INFO  epoch 6 evaluating [time: 2.14s, valid_score: 0.352100]
Tue 03 Feb 2026 21:50:05 INFO  valid result: 
hit@10 : 0.7285    ndcg@10 : 0.4411    mrr@10 : 0.3521
Tue 03 Feb 2026 21:50:05 INFO  Saving current: saved\TimeWeaver-Feb-03-2026_21-45-46.pth
Tue 03 Feb 2026 21:50:39 INFO  epoch 7 training [time: 34.24s, train loss: 2133.4270]
Tue 03 Feb 2026 21:50:42 INFO  epoch 7 evaluating [time: 2.12s, valid_score: 0.350000]
Tue 03 Feb 2026 21:50:42 INFO  valid result: 
hit@10 : 0.737    ndcg@10 : 0.4415    mrr@10 : 0.35
Tue 03 Feb 2026 21:51:17 INFO  epoch 8 training [time: 35.21s, train loss: 2125.6951]
Tue 03 Feb 2026 21:51:19 INFO  epoch 8 evaluating [time: 2.09s, valid_score: 0.345300]
Tue 03 Feb 2026 21:51:19 INFO  valid result: 
hit@10 : 0.7381    ndcg@10 : 0.4385    mrr@10 : 0.3453
Tue 03 Feb 2026 21:51:55 INFO  epoch 9 training [time: 35.91s, train loss: 2117.7998]
Tue 03 Feb 2026 21:51:57 INFO  epoch 9 evaluating [time: 2.24s, valid_score: 0.346400]
Tue 03 Feb 2026 21:51:57 INFO  valid result: 
hit@10 : 0.7306    ndcg@10 : 0.4377    mrr@10 : 0.3464
Tue 03 Feb 2026 21:52:31 INFO  epoch 10 training [time: 34.07s, train loss: 2111.3009]
Tue 03 Feb 2026 21:52:33 INFO  epoch 10 evaluating [time: 2.16s, valid_score: 0.358100]
Tue 03 Feb 2026 21:52:33 INFO  valid result: 
hit@10 : 0.7455    ndcg@10 : 0.4496    mrr@10 : 0.3581
Tue 03 Feb 2026 21:52:33 INFO  Saving current: saved\TimeWeaver-Feb-03-2026_21-45-46.pth
Tue 03 Feb 2026 21:53:08 INFO  epoch 11 training [time: 34.69s, train loss: 2105.0996]
Tue 03 Feb 2026 21:53:10 INFO  epoch 11 evaluating [time: 2.14s, valid_score: 0.345900]
Tue 03 Feb 2026 21:53:10 INFO  valid result: 
hit@10 : 0.7402    ndcg@10 : 0.4394    mrr@10 : 0.3459
Tue 03 Feb 2026 21:53:45 INFO  epoch 12 training [time: 34.52s, train loss: 2100.8206]
Tue 03 Feb 2026 21:53:47 INFO  epoch 12 evaluating [time: 2.18s, valid_score: 0.357000]
Tue 03 Feb 2026 21:53:47 INFO  valid result: 
hit@10 : 0.7317    ndcg@10 : 0.446    mrr@10 : 0.357
Tue 03 Feb 2026 21:54:21 INFO  epoch 13 training [time: 34.60s, train loss: 2095.4605]
Tue 03 Feb 2026 21:54:24 INFO  epoch 13 evaluating [time: 2.17s, valid_score: 0.349300]
Tue 03 Feb 2026 21:54:24 INFO  valid result: 
hit@10 : 0.7381    ndcg@10 : 0.441    mrr@10 : 0.3493
Tue 03 Feb 2026 21:54:58 INFO  epoch 14 training [time: 34.18s, train loss: 2091.9270]
Tue 03 Feb 2026 21:55:00 INFO  epoch 14 evaluating [time: 2.18s, valid_score: 0.352500]
Tue 03 Feb 2026 21:55:00 INFO  valid result: 
hit@10 : 0.7306    ndcg@10 : 0.4421    mrr@10 : 0.3525
Tue 03 Feb 2026 21:55:36 INFO  epoch 15 training [time: 36.34s, train loss: 2088.3426]
Tue 03 Feb 2026 21:55:38 INFO  epoch 15 evaluating [time: 2.24s, valid_score: 0.351100]
Tue 03 Feb 2026 21:55:38 INFO  valid result: 
hit@10 : 0.737    ndcg@10 : 0.4427    mrr@10 : 0.3511
Tue 03 Feb 2026 21:56:14 INFO  epoch 16 training [time: 35.09s, train loss: 2084.4581]
Tue 03 Feb 2026 21:56:16 INFO  epoch 16 evaluating [time: 2.10s, valid_score: 0.356400]
Tue 03 Feb 2026 21:56:16 INFO  valid result: 
hit@10 : 0.7285    ndcg@10 : 0.4444    mrr@10 : 0.3564
Tue 03 Feb 2026 21:56:50 INFO  epoch 17 training [time: 34.75s, train loss: 2081.7358]
Tue 03 Feb 2026 21:56:52 INFO  epoch 17 evaluating [time: 2.07s, valid_score: 0.348700]
Tue 03 Feb 2026 21:56:52 INFO  valid result: 
hit@10 : 0.7423    ndcg@10 : 0.4416    mrr@10 : 0.3487
Tue 03 Feb 2026 21:57:27 INFO  epoch 18 training [time: 34.46s, train loss: 2078.8026]
Tue 03 Feb 2026 21:57:29 INFO  epoch 18 evaluating [time: 2.13s, valid_score: 0.354400]
Tue 03 Feb 2026 21:57:29 INFO  valid result: 
hit@10 : 0.7359    ndcg@10 : 0.4446    mrr@10 : 0.3544
Tue 03 Feb 2026 21:58:04 INFO  epoch 19 training [time: 35.22s, train loss: 2075.2915]
Tue 03 Feb 2026 21:58:07 INFO  epoch 19 evaluating [time: 2.21s, valid_score: 0.353800]
Tue 03 Feb 2026 21:58:07 INFO  valid result: 
hit@10 : 0.7349    ndcg@10 : 0.4441    mrr@10 : 0.3538
Tue 03 Feb 2026 21:58:41 INFO  epoch 20 training [time: 34.82s, train loss: 2072.3741]
Tue 03 Feb 2026 21:58:43 INFO  epoch 20 evaluating [time: 2.11s, valid_score: 0.347300]
Tue 03 Feb 2026 21:58:43 INFO  valid result: 
hit@10 : 0.7296    ndcg@10 : 0.438    mrr@10 : 0.3473
Tue 03 Feb 2026 21:59:19 INFO  epoch 21 training [time: 35.69s, train loss: 2070.3561]
Tue 03 Feb 2026 21:59:21 INFO  epoch 21 evaluating [time: 2.24s, valid_score: 0.355700]
Tue 03 Feb 2026 21:59:21 INFO  valid result: 
hit@10 : 0.7359    ndcg@10 : 0.4456    mrr@10 : 0.3557
Tue 03 Feb 2026 21:59:21 INFO  Finished training, best eval result in epoch 10
Tue 03 Feb 2026 21:59:21 INFO  Loading model structure and parameters from saved\TimeWeaver-Feb-03-2026_21-45-46.pth
Tue 03 Feb 2026 21:59:24 INFO  The running environment of this training is as follows:
+-------------+----------------+
| Environment |     Usage      |
+=============+================+
| CPU         |     4.50 %     |
+-------------+----------------+
| GPU         | 0.17 G/6.00 G  |
+-------------+----------------+
| Memory      | 0.69 G/15.63 G |
+-------------+----------------+
Tue 03 Feb 2026 21:59:24 INFO  best valid : OrderedDict([('hit@10', 0.7455), ('ndcg@10', 0.4496), ('mrr@10', 0.3581)])
Tue 03 Feb 2026 21:59:24 INFO  test result: OrderedDict([('hit@10', 0.7073), ('ndcg@10', 0.4177), ('mrr@10', 0.3278)])
