Mon 09 Feb 2026 20:58:03 INFO  ['F:\\桌面\\recommendation_system\\scripts\\run_grid.py', '--models', 'timeweaver', '--datasets', 'ml-100k', '--seeds', '42', '--device', 'gpu', '--timeweaver-variant', 'base', '--tag', 'e0p2_k-1_d0p2_l2_f512_b1000', '--output', 'results/run_grid_timeweaver_tune.json', '--tw-ema-decay', '0.2', '--tw-tcn-kernel', '-1', '--tw-hidden-dropout', '0.2', '--tw-num-layers', '2', '--tw-ffn-hidden', '512', '--tw-time-bucket', '1000']
Mon 09 Feb 2026 20:58:03 INFO  
General Hyper Parameters:
gpu_id = 0
use_gpu = True
seed = 42
state = INFO
reproducibility = True
data_path = F:\anaconda3\envs\rec39\Lib\site-packages\recbole\config\../dataset_example/ml-100k
checkpoint_dir = saved
show_progress = True
save_dataset = False
dataset_save_path = None
save_dataloaders = False
dataloaders_save_path = None
log_wandb = False

Training Hyper Parameters:
epochs = 100
train_batch_size = 256
learner = adam
learning_rate = 0.001
train_neg_sample_args = {'distribution': 'none', 'sample_num': 'none', 'alpha': 'none', 'dynamic': False, 'candidate_num': 0}
eval_step = 1
stopping_step = 10
clip_grad_norm = None
weight_decay = 0.0
loss_decimal_place = 4

Evaluation Hyper Parameters:
eval_args = {'split': {'LS': 'valid_and_test'}, 'order': 'TO', 'group_by': 'user', 'mode': {'valid': 'uni100', 'test': 'uni100'}}
repeatable = True
metrics = ['Hit', 'NDCG', 'MRR']
topk = [10]
valid_metric = MRR@10
valid_metric_bigger = True
eval_batch_size = 512
metric_decimal_place = 4

Dataset Hyper Parameters:
field_separator = 	
seq_separator =  
USER_ID_FIELD = user_id
ITEM_ID_FIELD = item_id
RATING_FIELD = rating
TIME_FIELD = timestamp
seq_len = None
LABEL_FIELD = label
threshold = None
NEG_PREFIX = neg_
load_col = {'inter': ['user_id', 'item_id', 'rating', 'timestamp'], 'user': ['user_id', 'age', 'gender', 'occupation', 'zip_code'], 'item': ['item_id', 'movie_title', 'release_year', 'class']}
unload_col = None
unused_col = None
additional_feat_suffix = None
rm_dup_inter = None
val_interval = None
filter_inter_by_user_or_item = True
user_inter_num_interval = None
item_inter_num_interval = None
alias_of_user_id = None
alias_of_item_id = None
alias_of_entity_id = None
alias_of_relation_id = None
preload_weight = None
normalize_field = None
normalize_all = True
ITEM_LIST_LENGTH_FIELD = item_length
LIST_SUFFIX = _list
MAX_ITEM_LIST_LENGTH = 32
POSITION_FIELD = position_id
HEAD_ENTITY_ID_FIELD = head_id
TAIL_ENTITY_ID_FIELD = tail_id
RELATION_ID_FIELD = relation_id
ENTITY_ID_FIELD = entity_id
kg_reverse_r = False
entity_kg_num_interval = None
relation_kg_num_interval = None
benchmark_filename = None

Other Hyper Parameters: 
worker = 0
wandb_project = recbole
shuffle = True
require_pow = False
enable_amp = False
enable_scaler = False
transform = None
numerical_features = []
discretization = None
MODEL_TYPE = ModelType.SEQUENTIAL
model_name = TimeWeaver
hidden_size = 64
num_layers = 2
hidden_dropout_prob = 0.2
initializer_range = 0.02
time_bucket_size = 1000
ema_decay = 0.2
tcn_kernel_size = -1
ffn_hidden_size = 512
loss_type = CE
early_stop = 10
neg_sampling = None
device = cuda
use_continuous_time = False
use_time_gate = False
use_time_augmentation = False
MODEL_INPUT_TYPE = InputType.POINTWISE
eval_type = EvaluatorType.RANKING
single_spec = True
local_rank = 0
valid_neg_sample_args = {'distribution': 'uniform', 'sample_num': 100}
test_neg_sample_args = {'distribution': 'uniform', 'sample_num': 100}


Mon 09 Feb 2026 20:58:04 INFO  ml-100k
The number of users: 944
Average actions of users: 106.04453870625663
The number of items: 1683
Average actions of items: 59.45303210463734
The number of inters: 100000
The sparsity of the dataset: 93.70575143257098%
Remain Fields: ['user_id', 'item_id', 'rating', 'timestamp', 'age', 'gender', 'occupation', 'zip_code', 'movie_title', 'release_year', 'class']
Mon 09 Feb 2026 20:58:05 INFO  [Training]: train_batch_size = [256] train_neg_sample_args: [{'distribution': 'none', 'sample_num': 'none', 'alpha': 'none', 'dynamic': False, 'candidate_num': 0}]
Mon 09 Feb 2026 20:58:05 INFO  [Evaluation]: eval_batch_size = [512] eval_args: [{'split': {'LS': 'valid_and_test'}, 'order': 'TO', 'group_by': 'user', 'mode': {'valid': 'uni100', 'test': 'uni100'}}]
Mon 09 Feb 2026 20:58:05 INFO  TimeWeaver(
  (item_embedding): Embedding(1683, 64, padding_idx=0)
  (time_aug): TimeAwareAugmentation(
    (pos_embedding): Embedding(32, 64)
    (time_embedding): Embedding(1000, 64)
    (layer_norm): LayerNorm((64,), eps=1e-05, elementwise_affine=True)
    (drop): Dropout(p=0.2, inplace=False)
  )
  (context_layers): ModuleList(
    (0-1): 2 x TCNNextBlock(
      (dw): DepthwiseConv1d(
        (conv): Conv1d(64, 64, kernel_size=(11,), stride=(1,), padding=(5,), groups=64)
        (bn): BatchNorm1d(64, eps=1e-05, momentum=0.1, affine=True, track_running_stats=True)
        (drop): Dropout(p=0.2, inplace=False)
      )
      (norm1): LayerNorm((64,), eps=1e-05, elementwise_affine=True)
      (conv_inter): ParallelConvInter(
        (conv1): Conv1d(64, 64, kernel_size=(1,), stride=(1,))
        (conv3): Conv1d(64, 64, kernel_size=(3,), stride=(1,), padding=(1,))
        (proj): Conv1d(64, 64, kernel_size=(1,), stride=(1,))
        (drop): Dropout(p=0.2, inplace=False)
      )
      (norm2): LayerNorm((64,), eps=1e-05, elementwise_affine=True)
      (ffn): Sequential(
        (0): Linear(in_features=64, out_features=512, bias=True)
        (1): GELU(approximate='none')
        (2): Dropout(p=0.2, inplace=False)
        (3): Linear(in_features=512, out_features=64, bias=True)
        (4): Dropout(p=0.2, inplace=False)
      )
      (norm3): LayerNorm((64,), eps=1e-05, elementwise_affine=True)
    )
  )
  (dynamic_layers): ModuleList(
    (0-1): 2 x EMAStream(
      (proj): Linear(in_features=64, out_features=64, bias=True)
    )
  )
  (weavers): ModuleList(
    (0-1): 2 x StreamWeaver(
      (proj): Linear(in_features=128, out_features=64, bias=True)
      (norm): LayerNorm((64,), eps=1e-05, elementwise_affine=True)
    )
  )
  (loss_fct): CrossEntropyLoss()
)
Trainable parameters: 375105.0
Mon 09 Feb 2026 20:58:05 INFO  FLOPs: 6395904.0
Mon 09 Feb 2026 20:58:38 INFO  epoch 0 training [time: 31.04s, train loss: 2420.0031]
Mon 09 Feb 2026 20:58:40 INFO  epoch 0 evaluating [time: 2.15s, valid_score: 0.279500]
Mon 09 Feb 2026 20:58:40 INFO  valid result: 
hit@10 : 0.6702    ndcg@10 : 0.371    mrr@10 : 0.2795
Mon 09 Feb 2026 20:58:40 INFO  Saving current: saved\TimeWeaver-Feb-09-2026_20-58-05.pth
Mon 09 Feb 2026 20:59:11 INFO  epoch 1 training [time: 31.66s, train loss: 2230.9926]
Mon 09 Feb 2026 20:59:14 INFO  epoch 1 evaluating [time: 2.20s, valid_score: 0.323200]
Mon 09 Feb 2026 20:59:14 INFO  valid result: 
hit@10 : 0.701    ndcg@10 : 0.4122    mrr@10 : 0.3232
Mon 09 Feb 2026 20:59:14 INFO  Saving current: saved\TimeWeaver-Feb-09-2026_20-58-05.pth
Mon 09 Feb 2026 20:59:46 INFO  epoch 2 training [time: 32.60s, train loss: 2189.0328]
Mon 09 Feb 2026 20:59:48 INFO  epoch 2 evaluating [time: 2.21s, valid_score: 0.335000]
Mon 09 Feb 2026 20:59:48 INFO  valid result: 
hit@10 : 0.7084    ndcg@10 : 0.4231    mrr@10 : 0.335
Mon 09 Feb 2026 20:59:48 INFO  Saving current: saved\TimeWeaver-Feb-09-2026_20-58-05.pth
Mon 09 Feb 2026 21:00:20 INFO  epoch 3 training [time: 31.26s, train loss: 2163.0713]
Mon 09 Feb 2026 21:00:22 INFO  epoch 3 evaluating [time: 2.09s, valid_score: 0.332500]
Mon 09 Feb 2026 21:00:22 INFO  valid result: 
hit@10 : 0.7147    ndcg@10 : 0.4231    mrr@10 : 0.3325
Mon 09 Feb 2026 21:00:53 INFO  epoch 4 training [time: 31.13s, train loss: 2141.4209]
Mon 09 Feb 2026 21:00:55 INFO  epoch 4 evaluating [time: 2.22s, valid_score: 0.348700]
Mon 09 Feb 2026 21:00:55 INFO  valid result: 
hit@10 : 0.7232    ndcg@10 : 0.4373    mrr@10 : 0.3487
Mon 09 Feb 2026 21:00:55 INFO  Saving current: saved\TimeWeaver-Feb-09-2026_20-58-05.pth
Mon 09 Feb 2026 21:01:26 INFO  epoch 5 training [time: 30.92s, train loss: 2123.7670]
Mon 09 Feb 2026 21:01:28 INFO  epoch 5 evaluating [time: 2.12s, valid_score: 0.338800]
Mon 09 Feb 2026 21:01:28 INFO  valid result: 
hit@10 : 0.7158    ndcg@10 : 0.4285    mrr@10 : 0.3388
Mon 09 Feb 2026 21:02:00 INFO  epoch 6 training [time: 31.44s, train loss: 2108.4550]
Mon 09 Feb 2026 21:02:02 INFO  epoch 6 evaluating [time: 2.16s, valid_score: 0.345500]
Mon 09 Feb 2026 21:02:02 INFO  valid result: 
hit@10 : 0.7423    ndcg@10 : 0.4392    mrr@10 : 0.3455
Mon 09 Feb 2026 21:02:33 INFO  epoch 7 training [time: 31.29s, train loss: 2095.0842]
Mon 09 Feb 2026 21:02:35 INFO  epoch 7 evaluating [time: 2.11s, valid_score: 0.354100]
Mon 09 Feb 2026 21:02:35 INFO  valid result: 
hit@10 : 0.737    ndcg@10 : 0.4448    mrr@10 : 0.3541
Mon 09 Feb 2026 21:02:35 INFO  Saving current: saved\TimeWeaver-Feb-09-2026_20-58-05.pth
Mon 09 Feb 2026 21:03:06 INFO  epoch 8 training [time: 31.06s, train loss: 2083.3486]
Mon 09 Feb 2026 21:03:09 INFO  epoch 8 evaluating [time: 2.20s, valid_score: 0.358100]
Mon 09 Feb 2026 21:03:09 INFO  valid result: 
hit@10 : 0.7476    ndcg@10 : 0.4502    mrr@10 : 0.3581
Mon 09 Feb 2026 21:03:09 INFO  Saving current: saved\TimeWeaver-Feb-09-2026_20-58-05.pth
Mon 09 Feb 2026 21:03:42 INFO  epoch 9 training [time: 33.04s, train loss: 2073.3532]
Mon 09 Feb 2026 21:03:44 INFO  epoch 9 evaluating [time: 2.19s, valid_score: 0.353200]
Mon 09 Feb 2026 21:03:44 INFO  valid result: 
hit@10 : 0.7328    ndcg@10 : 0.4429    mrr@10 : 0.3532
Mon 09 Feb 2026 21:04:15 INFO  epoch 10 training [time: 31.65s, train loss: 2064.2243]
Mon 09 Feb 2026 21:04:18 INFO  epoch 10 evaluating [time: 2.15s, valid_score: 0.337500]
Mon 09 Feb 2026 21:04:18 INFO  valid result: 
hit@10 : 0.7359    ndcg@10 : 0.4314    mrr@10 : 0.3375
Mon 09 Feb 2026 21:04:49 INFO  epoch 11 training [time: 30.94s, train loss: 2055.2111]
Mon 09 Feb 2026 21:04:51 INFO  epoch 11 evaluating [time: 2.16s, valid_score: 0.346600]
Mon 09 Feb 2026 21:04:51 INFO  valid result: 
hit@10 : 0.7391    ndcg@10 : 0.4397    mrr@10 : 0.3466
Mon 09 Feb 2026 21:05:22 INFO  epoch 12 training [time: 30.98s, train loss: 2047.8568]
Mon 09 Feb 2026 21:05:24 INFO  epoch 12 evaluating [time: 2.13s, valid_score: 0.345600]
Mon 09 Feb 2026 21:05:24 INFO  valid result: 
hit@10 : 0.7455    ndcg@10 : 0.4402    mrr@10 : 0.3456
Mon 09 Feb 2026 21:05:55 INFO  epoch 13 training [time: 31.16s, train loss: 2040.2160]
Mon 09 Feb 2026 21:05:57 INFO  epoch 13 evaluating [time: 2.16s, valid_score: 0.351100]
Mon 09 Feb 2026 21:05:57 INFO  valid result: 
hit@10 : 0.7222    ndcg@10 : 0.4391    mrr@10 : 0.3511
Mon 09 Feb 2026 21:06:29 INFO  epoch 14 training [time: 31.38s, train loss: 2034.3250]
Mon 09 Feb 2026 21:06:31 INFO  epoch 14 evaluating [time: 2.14s, valid_score: 0.342000]
Mon 09 Feb 2026 21:06:31 INFO  valid result: 
hit@10 : 0.7391    ndcg@10 : 0.4357    mrr@10 : 0.342
Mon 09 Feb 2026 21:07:01 INFO  epoch 15 training [time: 30.60s, train loss: 2026.6413]
Mon 09 Feb 2026 21:07:03 INFO  epoch 15 evaluating [time: 2.16s, valid_score: 0.358900]
Mon 09 Feb 2026 21:07:03 INFO  valid result: 
hit@10 : 0.7359    ndcg@10 : 0.4481    mrr@10 : 0.3589
Mon 09 Feb 2026 21:07:03 INFO  Saving current: saved\TimeWeaver-Feb-09-2026_20-58-05.pth
Mon 09 Feb 2026 21:07:36 INFO  epoch 16 training [time: 32.74s, train loss: 2021.5500]
Mon 09 Feb 2026 21:07:38 INFO  epoch 16 evaluating [time: 2.21s, valid_score: 0.337300]
Mon 09 Feb 2026 21:07:38 INFO  valid result: 
hit@10 : 0.7169    ndcg@10 : 0.4276    mrr@10 : 0.3373
Mon 09 Feb 2026 21:08:10 INFO  epoch 17 training [time: 31.69s, train loss: 2015.8989]
Mon 09 Feb 2026 21:08:12 INFO  epoch 17 evaluating [time: 2.10s, valid_score: 0.335700]
Mon 09 Feb 2026 21:08:12 INFO  valid result: 
hit@10 : 0.7455    ndcg@10 : 0.4324    mrr@10 : 0.3357
Mon 09 Feb 2026 21:08:43 INFO  epoch 18 training [time: 30.75s, train loss: 2009.9491]
Mon 09 Feb 2026 21:08:45 INFO  epoch 18 evaluating [time: 2.16s, valid_score: 0.331100]
Mon 09 Feb 2026 21:08:45 INFO  valid result: 
hit@10 : 0.7306    ndcg@10 : 0.4253    mrr@10 : 0.3311
Mon 09 Feb 2026 21:09:16 INFO  epoch 19 training [time: 31.14s, train loss: 2004.9523]
Mon 09 Feb 2026 21:09:18 INFO  epoch 19 evaluating [time: 2.11s, valid_score: 0.341800]
Mon 09 Feb 2026 21:09:18 INFO  valid result: 
hit@10 : 0.7338    ndcg@10 : 0.4348    mrr@10 : 0.3418
Mon 09 Feb 2026 21:09:49 INFO  epoch 20 training [time: 31.11s, train loss: 1999.5657]
Mon 09 Feb 2026 21:09:52 INFO  epoch 20 evaluating [time: 2.15s, valid_score: 0.337600]
Mon 09 Feb 2026 21:09:52 INFO  valid result: 
hit@10 : 0.7338    ndcg@10 : 0.4313    mrr@10 : 0.3376
Mon 09 Feb 2026 21:10:23 INFO  epoch 21 training [time: 31.38s, train loss: 1995.1700]
Mon 09 Feb 2026 21:10:25 INFO  epoch 21 evaluating [time: 2.20s, valid_score: 0.332900]
Mon 09 Feb 2026 21:10:25 INFO  valid result: 
hit@10 : 0.737    ndcg@10 : 0.4287    mrr@10 : 0.3329
Mon 09 Feb 2026 21:10:56 INFO  epoch 22 training [time: 30.70s, train loss: 1989.6559]
Mon 09 Feb 2026 21:10:58 INFO  epoch 22 evaluating [time: 2.12s, valid_score: 0.336100]
Mon 09 Feb 2026 21:10:58 INFO  valid result: 
hit@10 : 0.7338    ndcg@10 : 0.4299    mrr@10 : 0.3361
Mon 09 Feb 2026 21:11:31 INFO  epoch 23 training [time: 33.15s, train loss: 1985.9882]
Mon 09 Feb 2026 21:11:33 INFO  epoch 23 evaluating [time: 2.22s, valid_score: 0.332100]
Mon 09 Feb 2026 21:11:33 INFO  valid result: 
hit@10 : 0.7179    ndcg@10 : 0.4238    mrr@10 : 0.3321
Mon 09 Feb 2026 21:12:05 INFO  epoch 24 training [time: 31.67s, train loss: 1980.7860]
Mon 09 Feb 2026 21:12:07 INFO  epoch 24 evaluating [time: 2.11s, valid_score: 0.341500]
Mon 09 Feb 2026 21:12:07 INFO  valid result: 
hit@10 : 0.7338    ndcg@10 : 0.4344    mrr@10 : 0.3415
Mon 09 Feb 2026 21:12:38 INFO  epoch 25 training [time: 30.86s, train loss: 1977.1321]
Mon 09 Feb 2026 21:12:40 INFO  epoch 25 evaluating [time: 2.15s, valid_score: 0.325500]
Mon 09 Feb 2026 21:12:40 INFO  valid result: 
hit@10 : 0.7073    ndcg@10 : 0.4156    mrr@10 : 0.3255
Mon 09 Feb 2026 21:13:11 INFO  epoch 26 training [time: 31.13s, train loss: 1974.0043]
Mon 09 Feb 2026 21:13:13 INFO  epoch 26 evaluating [time: 2.14s, valid_score: 0.333000]
Mon 09 Feb 2026 21:13:13 INFO  valid result: 
hit@10 : 0.7264    ndcg@10 : 0.4262    mrr@10 : 0.333
Mon 09 Feb 2026 21:13:13 INFO  Finished training, best eval result in epoch 15
Mon 09 Feb 2026 21:13:14 INFO  Loading model structure and parameters from saved\TimeWeaver-Feb-09-2026_20-58-05.pth
Mon 09 Feb 2026 21:13:16 INFO  The running environment of this training is as follows:
+-------------+----------------+
| Environment |     Usage      |
+=============+================+
| CPU         |    12.10 %     |
+-------------+----------------+
| GPU         | 0.28 G/6.00 G  |
+-------------+----------------+
| Memory      | 1.42 G/15.63 G |
+-------------+----------------+
Mon 09 Feb 2026 21:13:16 INFO  best valid : OrderedDict([('hit@10', 0.7359), ('ndcg@10', 0.4481), ('mrr@10', 0.3589)])
Mon 09 Feb 2026 21:13:16 INFO  test result: OrderedDict([('hit@10', 0.6882), ('ndcg@10', 0.4142), ('mrr@10', 0.3292)])
