Mon 09 Feb 2026 22:13:37 INFO  ['F:\\桌面\\recommendation_system\\scripts\\run_grid.py', '--models', 'timeweaver', '--datasets', 'ml-100k', '--seeds', '42', '--device', 'gpu', '--timeweaver-variant', 'base', '--tag', 'e0p2_k5_d0p2_l1_f512_b1000', '--output', 'results/run_grid_timeweaver_tune.json', '--tw-ema-decay', '0.2', '--tw-tcn-kernel', '5', '--tw-hidden-dropout', '0.2', '--tw-num-layers', '1', '--tw-ffn-hidden', '512', '--tw-time-bucket', '1000']
Mon 09 Feb 2026 22:13:37 INFO  
General Hyper Parameters:
gpu_id = 0
use_gpu = True
seed = 42
state = INFO
reproducibility = True
data_path = F:\anaconda3\envs\rec39\Lib\site-packages\recbole\config\../dataset_example/ml-100k
checkpoint_dir = saved
show_progress = True
save_dataset = False
dataset_save_path = None
save_dataloaders = False
dataloaders_save_path = None
log_wandb = False

Training Hyper Parameters:
epochs = 100
train_batch_size = 256
learner = adam
learning_rate = 0.001
train_neg_sample_args = {'distribution': 'none', 'sample_num': 'none', 'alpha': 'none', 'dynamic': False, 'candidate_num': 0}
eval_step = 1
stopping_step = 10
clip_grad_norm = None
weight_decay = 0.0
loss_decimal_place = 4

Evaluation Hyper Parameters:
eval_args = {'split': {'LS': 'valid_and_test'}, 'order': 'TO', 'group_by': 'user', 'mode': {'valid': 'uni100', 'test': 'uni100'}}
repeatable = True
metrics = ['Hit', 'NDCG', 'MRR']
topk = [10]
valid_metric = MRR@10
valid_metric_bigger = True
eval_batch_size = 512
metric_decimal_place = 4

Dataset Hyper Parameters:
field_separator = 	
seq_separator =  
USER_ID_FIELD = user_id
ITEM_ID_FIELD = item_id
RATING_FIELD = rating
TIME_FIELD = timestamp
seq_len = None
LABEL_FIELD = label
threshold = None
NEG_PREFIX = neg_
load_col = {'inter': ['user_id', 'item_id', 'rating', 'timestamp'], 'user': ['user_id', 'age', 'gender', 'occupation', 'zip_code'], 'item': ['item_id', 'movie_title', 'release_year', 'class']}
unload_col = None
unused_col = None
additional_feat_suffix = None
rm_dup_inter = None
val_interval = None
filter_inter_by_user_or_item = True
user_inter_num_interval = None
item_inter_num_interval = None
alias_of_user_id = None
alias_of_item_id = None
alias_of_entity_id = None
alias_of_relation_id = None
preload_weight = None
normalize_field = None
normalize_all = True
ITEM_LIST_LENGTH_FIELD = item_length
LIST_SUFFIX = _list
MAX_ITEM_LIST_LENGTH = 32
POSITION_FIELD = position_id
HEAD_ENTITY_ID_FIELD = head_id
TAIL_ENTITY_ID_FIELD = tail_id
RELATION_ID_FIELD = relation_id
ENTITY_ID_FIELD = entity_id
kg_reverse_r = False
entity_kg_num_interval = None
relation_kg_num_interval = None
benchmark_filename = None

Other Hyper Parameters: 
worker = 0
wandb_project = recbole
shuffle = True
require_pow = False
enable_amp = False
enable_scaler = False
transform = None
numerical_features = []
discretization = None
MODEL_TYPE = ModelType.SEQUENTIAL
model_name = TimeWeaver
hidden_size = 64
num_layers = 1
hidden_dropout_prob = 0.2
initializer_range = 0.02
time_bucket_size = 1000
ema_decay = 0.2
tcn_kernel_size = 5
ffn_hidden_size = 512
loss_type = CE
early_stop = 10
neg_sampling = None
device = cuda
use_continuous_time = False
use_time_gate = False
use_time_augmentation = False
MODEL_INPUT_TYPE = InputType.POINTWISE
eval_type = EvaluatorType.RANKING
single_spec = True
local_rank = 0
valid_neg_sample_args = {'distribution': 'uniform', 'sample_num': 100}
test_neg_sample_args = {'distribution': 'uniform', 'sample_num': 100}


Mon 09 Feb 2026 22:13:37 INFO  ml-100k
The number of users: 944
Average actions of users: 106.04453870625663
The number of items: 1683
Average actions of items: 59.45303210463734
The number of inters: 100000
The sparsity of the dataset: 93.70575143257098%
Remain Fields: ['user_id', 'item_id', 'rating', 'timestamp', 'age', 'gender', 'occupation', 'zip_code', 'movie_title', 'release_year', 'class']
Mon 09 Feb 2026 22:13:38 INFO  [Training]: train_batch_size = [256] train_neg_sample_args: [{'distribution': 'none', 'sample_num': 'none', 'alpha': 'none', 'dynamic': False, 'candidate_num': 0}]
Mon 09 Feb 2026 22:13:38 INFO  [Evaluation]: eval_batch_size = [512] eval_args: [{'split': {'LS': 'valid_and_test'}, 'order': 'TO', 'group_by': 'user', 'mode': {'valid': 'uni100', 'test': 'uni100'}}]
Mon 09 Feb 2026 22:13:38 INFO  TimeWeaver(
  (item_embedding): Embedding(1683, 64, padding_idx=0)
  (time_aug): TimeAwareAugmentation(
    (pos_embedding): Embedding(32, 64)
    (time_embedding): Embedding(1000, 64)
    (layer_norm): LayerNorm((64,), eps=1e-05, elementwise_affine=True)
    (drop): Dropout(p=0.2, inplace=False)
  )
  (context_layers): ModuleList(
    (0): TCNNextBlock(
      (dw): DepthwiseConv1d(
        (conv): Conv1d(64, 64, kernel_size=(5,), stride=(1,), padding=(2,), groups=64)
        (bn): BatchNorm1d(64, eps=1e-05, momentum=0.1, affine=True, track_running_stats=True)
        (drop): Dropout(p=0.2, inplace=False)
      )
      (norm1): LayerNorm((64,), eps=1e-05, elementwise_affine=True)
      (conv_inter): ParallelConvInter(
        (conv1): Conv1d(64, 64, kernel_size=(1,), stride=(1,))
        (conv3): Conv1d(64, 64, kernel_size=(3,), stride=(1,), padding=(1,))
        (proj): Conv1d(64, 64, kernel_size=(1,), stride=(1,))
        (drop): Dropout(p=0.2, inplace=False)
      )
      (norm2): LayerNorm((64,), eps=1e-05, elementwise_affine=True)
      (ffn): Sequential(
        (0): Linear(in_features=64, out_features=512, bias=True)
        (1): GELU(approximate='none')
        (2): Dropout(p=0.2, inplace=False)
        (3): Linear(in_features=512, out_features=64, bias=True)
        (4): Dropout(p=0.2, inplace=False)
      )
      (norm3): LayerNorm((64,), eps=1e-05, elementwise_affine=True)
    )
  )
  (dynamic_layers): ModuleList(
    (0): EMAStream(
      (proj): Linear(in_features=64, out_features=64, bias=True)
    )
  )
  (weavers): ModuleList(
    (0): StreamWeaver(
      (proj): Linear(in_features=128, out_features=64, bias=True)
      (norm): LayerNorm((64,), eps=1e-05, elementwise_affine=True)
    )
  )
  (loss_fct): CrossEntropyLoss()
)
Trainable parameters: 274113.0
Mon 09 Feb 2026 22:13:39 INFO  FLOPs: 3190784.0
Mon 09 Feb 2026 22:13:59 INFO  epoch 0 training [time: 18.76s, train loss: 2418.7876]
Mon 09 Feb 2026 22:14:01 INFO  epoch 0 evaluating [time: 1.87s, valid_score: 0.279200]
Mon 09 Feb 2026 22:14:01 INFO  valid result: 
hit@10 : 0.6649    ndcg@10 : 0.3697    mrr@10 : 0.2792
Mon 09 Feb 2026 22:14:01 INFO  Saving current: saved\TimeWeaver-Feb-09-2026_22-13-39.pth
Mon 09 Feb 2026 22:14:20 INFO  epoch 1 training [time: 19.27s, train loss: 2233.6435]
Mon 09 Feb 2026 22:14:22 INFO  epoch 1 evaluating [time: 1.82s, valid_score: 0.325600]
Mon 09 Feb 2026 22:14:22 INFO  valid result: 
hit@10 : 0.7063    ndcg@10 : 0.4151    mrr@10 : 0.3256
Mon 09 Feb 2026 22:14:22 INFO  Saving current: saved\TimeWeaver-Feb-09-2026_22-13-39.pth
Mon 09 Feb 2026 22:14:41 INFO  epoch 2 training [time: 19.04s, train loss: 2192.1928]
Mon 09 Feb 2026 22:14:42 INFO  epoch 2 evaluating [time: 1.73s, valid_score: 0.344800]
Mon 09 Feb 2026 22:14:42 INFO  valid result: 
hit@10 : 0.7147    ndcg@10 : 0.432    mrr@10 : 0.3448
Mon 09 Feb 2026 22:14:42 INFO  Saving current: saved\TimeWeaver-Feb-09-2026_22-13-39.pth
Mon 09 Feb 2026 22:15:01 INFO  epoch 3 training [time: 18.82s, train loss: 2168.9874]
Mon 09 Feb 2026 22:15:03 INFO  epoch 3 evaluating [time: 1.92s, valid_score: 0.337100]
Mon 09 Feb 2026 22:15:03 INFO  valid result: 
hit@10 : 0.7147    ndcg@10 : 0.4267    mrr@10 : 0.3371
Mon 09 Feb 2026 22:15:23 INFO  epoch 4 training [time: 19.68s, train loss: 2150.7935]
Mon 09 Feb 2026 22:15:25 INFO  epoch 4 evaluating [time: 1.82s, valid_score: 0.349500]
Mon 09 Feb 2026 22:15:25 INFO  valid result: 
hit@10 : 0.7328    ndcg@10 : 0.4399    mrr@10 : 0.3495
Mon 09 Feb 2026 22:15:25 INFO  Saving current: saved\TimeWeaver-Feb-09-2026_22-13-39.pth
Mon 09 Feb 2026 22:15:44 INFO  epoch 5 training [time: 19.53s, train loss: 2136.9756]
Mon 09 Feb 2026 22:15:46 INFO  epoch 5 evaluating [time: 1.85s, valid_score: 0.344500]
Mon 09 Feb 2026 22:15:46 INFO  valid result: 
hit@10 : 0.72    ndcg@10 : 0.4334    mrr@10 : 0.3445
Mon 09 Feb 2026 22:16:06 INFO  epoch 6 training [time: 19.54s, train loss: 2124.4214]
Mon 09 Feb 2026 22:16:07 INFO  epoch 6 evaluating [time: 1.75s, valid_score: 0.332700]
Mon 09 Feb 2026 22:16:07 INFO  valid result: 
hit@10 : 0.7328    ndcg@10 : 0.4272    mrr@10 : 0.3327
Mon 09 Feb 2026 22:16:26 INFO  epoch 7 training [time: 18.58s, train loss: 2112.7224]
Mon 09 Feb 2026 22:16:28 INFO  epoch 7 evaluating [time: 1.74s, valid_score: 0.345300]
Mon 09 Feb 2026 22:16:28 INFO  valid result: 
hit@10 : 0.7275    ndcg@10 : 0.436    mrr@10 : 0.3453
Mon 09 Feb 2026 22:16:47 INFO  epoch 8 training [time: 19.15s, train loss: 2104.6338]
Mon 09 Feb 2026 22:16:49 INFO  epoch 8 evaluating [time: 1.87s, valid_score: 0.346100]
Mon 09 Feb 2026 22:16:49 INFO  valid result: 
hit@10 : 0.7285    ndcg@10 : 0.4363    mrr@10 : 0.3461
Mon 09 Feb 2026 22:17:08 INFO  epoch 9 training [time: 19.31s, train loss: 2096.1036]
Mon 09 Feb 2026 22:17:10 INFO  epoch 9 evaluating [time: 1.74s, valid_score: 0.340200]
Mon 09 Feb 2026 22:17:10 INFO  valid result: 
hit@10 : 0.7296    ndcg@10 : 0.4321    mrr@10 : 0.3402
Mon 09 Feb 2026 22:17:28 INFO  epoch 10 training [time: 18.71s, train loss: 2087.7794]
Mon 09 Feb 2026 22:17:30 INFO  epoch 10 evaluating [time: 1.74s, valid_score: 0.331800]
Mon 09 Feb 2026 22:17:30 INFO  valid result: 
hit@10 : 0.72    ndcg@10 : 0.4237    mrr@10 : 0.3318
Mon 09 Feb 2026 22:17:49 INFO  epoch 11 training [time: 19.19s, train loss: 2080.1855]
Mon 09 Feb 2026 22:17:51 INFO  epoch 11 evaluating [time: 1.81s, valid_score: 0.337500]
Mon 09 Feb 2026 22:17:51 INFO  valid result: 
hit@10 : 0.7253    ndcg@10 : 0.4292    mrr@10 : 0.3375
Mon 09 Feb 2026 22:18:11 INFO  epoch 12 training [time: 19.35s, train loss: 2074.6908]
Mon 09 Feb 2026 22:18:12 INFO  epoch 12 evaluating [time: 1.79s, valid_score: 0.343900]
Mon 09 Feb 2026 22:18:12 INFO  valid result: 
hit@10 : 0.719    ndcg@10 : 0.4326    mrr@10 : 0.3439
Mon 09 Feb 2026 22:18:32 INFO  epoch 13 training [time: 19.29s, train loss: 2069.0031]
Mon 09 Feb 2026 22:18:33 INFO  epoch 13 evaluating [time: 1.74s, valid_score: 0.342600]
Mon 09 Feb 2026 22:18:33 INFO  valid result: 
hit@10 : 0.7253    ndcg@10 : 0.4327    mrr@10 : 0.3426
Mon 09 Feb 2026 22:18:52 INFO  epoch 14 training [time: 18.57s, train loss: 2063.3226]
Mon 09 Feb 2026 22:18:54 INFO  epoch 14 evaluating [time: 1.73s, valid_score: 0.342400]
Mon 09 Feb 2026 22:18:54 INFO  valid result: 
hit@10 : 0.7253    ndcg@10 : 0.4326    mrr@10 : 0.3424
Mon 09 Feb 2026 22:19:13 INFO  epoch 15 training [time: 19.29s, train loss: 2058.3829]
Mon 09 Feb 2026 22:19:15 INFO  epoch 15 evaluating [time: 1.80s, valid_score: 0.351600]
Mon 09 Feb 2026 22:19:15 INFO  valid result: 
hit@10 : 0.7232    ndcg@10 : 0.4394    mrr@10 : 0.3516
Mon 09 Feb 2026 22:19:15 INFO  Saving current: saved\TimeWeaver-Feb-09-2026_22-13-39.pth
Mon 09 Feb 2026 22:19:35 INFO  epoch 16 training [time: 19.87s, train loss: 2052.9983]
Mon 09 Feb 2026 22:19:37 INFO  epoch 16 evaluating [time: 1.87s, valid_score: 0.329700]
Mon 09 Feb 2026 22:19:37 INFO  valid result: 
hit@10 : 0.72    ndcg@10 : 0.4219    mrr@10 : 0.3297
Mon 09 Feb 2026 22:19:56 INFO  epoch 17 training [time: 19.62s, train loss: 2047.0896]
Mon 09 Feb 2026 22:19:58 INFO  epoch 17 evaluating [time: 1.86s, valid_score: 0.333000]
Mon 09 Feb 2026 22:19:58 INFO  valid result: 
hit@10 : 0.7306    ndcg@10 : 0.4265    mrr@10 : 0.333
Mon 09 Feb 2026 22:20:17 INFO  epoch 18 training [time: 18.71s, train loss: 2044.3080]
Mon 09 Feb 2026 22:20:18 INFO  epoch 18 evaluating [time: 1.74s, valid_score: 0.330300]
Mon 09 Feb 2026 22:20:18 INFO  valid result: 
hit@10 : 0.7222    ndcg@10 : 0.4226    mrr@10 : 0.3303
Mon 09 Feb 2026 22:20:37 INFO  epoch 19 training [time: 18.84s, train loss: 2039.1555]
Mon 09 Feb 2026 22:20:39 INFO  epoch 19 evaluating [time: 1.81s, valid_score: 0.340600]
Mon 09 Feb 2026 22:20:39 INFO  valid result: 
hit@10 : 0.7243    ndcg@10 : 0.4313    mrr@10 : 0.3406
Mon 09 Feb 2026 22:20:59 INFO  epoch 20 training [time: 19.38s, train loss: 2034.2691]
Mon 09 Feb 2026 22:21:00 INFO  epoch 20 evaluating [time: 1.77s, valid_score: 0.335500]
Mon 09 Feb 2026 22:21:00 INFO  valid result: 
hit@10 : 0.7158    ndcg@10 : 0.4254    mrr@10 : 0.3355
Mon 09 Feb 2026 22:21:19 INFO  epoch 21 training [time: 18.71s, train loss: 2030.7206]
Mon 09 Feb 2026 22:21:21 INFO  epoch 21 evaluating [time: 1.74s, valid_score: 0.333000]
Mon 09 Feb 2026 22:21:21 INFO  valid result: 
hit@10 : 0.7041    ndcg@10 : 0.4209    mrr@10 : 0.333
Mon 09 Feb 2026 22:21:40 INFO  epoch 22 training [time: 18.92s, train loss: 2026.3555]
Mon 09 Feb 2026 22:21:41 INFO  epoch 22 evaluating [time: 1.83s, valid_score: 0.332500]
Mon 09 Feb 2026 22:21:41 INFO  valid result: 
hit@10 : 0.701    ndcg@10 : 0.4196    mrr@10 : 0.3325
Mon 09 Feb 2026 22:22:01 INFO  epoch 23 training [time: 19.37s, train loss: 2023.1304]
Mon 09 Feb 2026 22:22:03 INFO  epoch 23 evaluating [time: 1.86s, valid_score: 0.327700]
Mon 09 Feb 2026 22:22:03 INFO  valid result: 
hit@10 : 0.7063    ndcg@10 : 0.4172    mrr@10 : 0.3277
Mon 09 Feb 2026 22:22:22 INFO  epoch 24 training [time: 19.30s, train loss: 2018.6877]
Mon 09 Feb 2026 22:22:24 INFO  epoch 24 evaluating [time: 1.85s, valid_score: 0.330600]
Mon 09 Feb 2026 22:22:24 INFO  valid result: 
hit@10 : 0.7073    ndcg@10 : 0.4197    mrr@10 : 0.3306
Mon 09 Feb 2026 22:22:43 INFO  epoch 25 training [time: 18.99s, train loss: 2015.2428]
Mon 09 Feb 2026 22:22:45 INFO  epoch 25 evaluating [time: 1.75s, valid_score: 0.320900]
Mon 09 Feb 2026 22:22:45 INFO  valid result: 
hit@10 : 0.701    ndcg@10 : 0.4105    mrr@10 : 0.3209
Mon 09 Feb 2026 22:23:03 INFO  epoch 26 training [time: 18.63s, train loss: 2011.8390]
Mon 09 Feb 2026 22:23:05 INFO  epoch 26 evaluating [time: 1.84s, valid_score: 0.325300]
Mon 09 Feb 2026 22:23:05 INFO  valid result: 
hit@10 : 0.7052    ndcg@10 : 0.4152    mrr@10 : 0.3253
Mon 09 Feb 2026 22:23:05 INFO  Finished training, best eval result in epoch 15
Mon 09 Feb 2026 22:23:05 INFO  Loading model structure and parameters from saved\TimeWeaver-Feb-09-2026_22-13-39.pth
Mon 09 Feb 2026 22:23:08 INFO  The running environment of this training is as follows:
+-------------+----------------+
| Environment |     Usage      |
+=============+================+
| CPU         |     4.60 %     |
+-------------+----------------+
| GPU         | 0.21 G/6.00 G  |
+-------------+----------------+
| Memory      | 1.53 G/15.63 G |
+-------------+----------------+
Mon 09 Feb 2026 22:23:08 INFO  best valid : OrderedDict([('hit@10', 0.7232), ('ndcg@10', 0.4394), ('mrr@10', 0.3516)])
Mon 09 Feb 2026 22:23:08 INFO  test result: OrderedDict([('hit@10', 0.6819), ('ndcg@10', 0.4073), ('mrr@10', 0.3226)])
