Wed 11 Feb 2026 23:56:28 INFO  ['F:\\桌面\\recommendation_system\\scripts\\run_grid.py', '--models', 'timeweaver', '--datasets', 'amazon-beauty-5core-subset', '--seeds', '42', '--device', 'gpu', '--timeweaver-variant', 'base', '--tag', 'e0p2_k5_d0p5_l1_f512_b1000', '--output', 'results/run_grid_timeweaver_tune.json', '--tw-ema-decay', '0.2', '--tw-tcn-kernel', '5', '--tw-hidden-dropout', '0.5', '--tw-num-layers', '1', '--tw-ffn-hidden', '512', '--tw-time-bucket', '1000']
Wed 11 Feb 2026 23:56:28 INFO  
General Hyper Parameters:
gpu_id = 0
use_gpu = True
seed = 42
state = INFO
reproducibility = True
data_path = data/amazon\amazon-beauty-5core-subset
checkpoint_dir = saved
show_progress = True
save_dataset = False
dataset_save_path = None
save_dataloaders = False
dataloaders_save_path = None
log_wandb = False

Training Hyper Parameters:
epochs = 100
train_batch_size = 256
learner = adam
learning_rate = 0.001
train_neg_sample_args = {'distribution': 'none', 'sample_num': 'none', 'alpha': 'none', 'dynamic': False, 'candidate_num': 0}
eval_step = 1
stopping_step = 10
clip_grad_norm = None
weight_decay = 0.0
loss_decimal_place = 4

Evaluation Hyper Parameters:
eval_args = {'split': {'LS': 'valid_and_test'}, 'order': 'TO', 'group_by': 'user', 'mode': {'valid': 'uni100', 'test': 'uni100'}}
repeatable = True
metrics = ['Hit', 'NDCG', 'MRR']
topk = [10]
valid_metric = MRR@10
valid_metric_bigger = True
eval_batch_size = 512
metric_decimal_place = 4

Dataset Hyper Parameters:
field_separator = 	
seq_separator =  
USER_ID_FIELD = user_id
ITEM_ID_FIELD = item_id
RATING_FIELD = rating
TIME_FIELD = timestamp
seq_len = None
LABEL_FIELD = label
threshold = None
NEG_PREFIX = neg_
load_col = {'inter': ['user_id', 'item_id', 'rating', 'timestamp']}
unload_col = None
unused_col = None
additional_feat_suffix = None
rm_dup_inter = None
val_interval = None
filter_inter_by_user_or_item = True
user_inter_num_interval = [0,inf)
item_inter_num_interval = [0,inf)
alias_of_user_id = None
alias_of_item_id = None
alias_of_entity_id = None
alias_of_relation_id = None
preload_weight = None
normalize_field = None
normalize_all = None
ITEM_LIST_LENGTH_FIELD = item_length
LIST_SUFFIX = _list
MAX_ITEM_LIST_LENGTH = 32
POSITION_FIELD = position_id
HEAD_ENTITY_ID_FIELD = head_id
TAIL_ENTITY_ID_FIELD = tail_id
RELATION_ID_FIELD = relation_id
ENTITY_ID_FIELD = entity_id
benchmark_filename = None

Other Hyper Parameters: 
worker = 0
wandb_project = recbole
shuffle = True
require_pow = False
enable_amp = False
enable_scaler = False
transform = None
numerical_features = []
discretization = None
kg_reverse_r = False
entity_kg_num_interval = [0,inf)
relation_kg_num_interval = [0,inf)
MODEL_TYPE = ModelType.SEQUENTIAL
model_name = TimeWeaver
hidden_size = 64
num_layers = 1
hidden_dropout_prob = 0.5
initializer_range = 0.02
time_bucket_size = 1000
ema_decay = 0.2
tcn_kernel_size = 5
ffn_hidden_size = 512
loss_type = CE
early_stop = 10
neg_sampling = None
device = cuda
use_continuous_time = False
use_time_gate = False
use_time_augmentation = False
MODEL_INPUT_TYPE = InputType.POINTWISE
eval_type = EvaluatorType.RANKING
single_spec = True
local_rank = 0
valid_neg_sample_args = {'distribution': 'uniform', 'sample_num': 100}
test_neg_sample_args = {'distribution': 'uniform', 'sample_num': 100}


Wed 11 Feb 2026 23:56:29 INFO  amazon-beauty-5core-subset
The number of users: 7001
Average actions of users: 15.458
The number of items: 11924
Average actions of items: 9.075400486454752
The number of inters: 108206
The sparsity of the dataset: 99.87038081155896%
Remain Fields: ['user_id', 'item_id', 'rating', 'timestamp']
Wed 11 Feb 2026 23:56:30 INFO  [Training]: train_batch_size = [256] train_neg_sample_args: [{'distribution': 'none', 'sample_num': 'none', 'alpha': 'none', 'dynamic': False, 'candidate_num': 0}]
Wed 11 Feb 2026 23:56:30 INFO  [Evaluation]: eval_batch_size = [512] eval_args: [{'split': {'LS': 'valid_and_test'}, 'order': 'TO', 'group_by': 'user', 'mode': {'valid': 'uni100', 'test': 'uni100'}}]
Wed 11 Feb 2026 23:56:30 INFO  TimeWeaver(
  (item_embedding): Embedding(11924, 64, padding_idx=0)
  (time_aug): TimeAwareAugmentation(
    (pos_embedding): Embedding(32, 64)
    (time_embedding): Embedding(1000, 64)
    (layer_norm): LayerNorm((64,), eps=1e-05, elementwise_affine=True)
    (drop): Dropout(p=0.5, inplace=False)
  )
  (context_layers): ModuleList(
    (0): TCNNextBlock(
      (dw): DepthwiseConv1d(
        (conv): Conv1d(64, 64, kernel_size=(5,), stride=(1,), padding=(2,), groups=64)
        (bn): BatchNorm1d(64, eps=1e-05, momentum=0.1, affine=True, track_running_stats=True)
        (drop): Dropout(p=0.5, inplace=False)
      )
      (norm1): LayerNorm((64,), eps=1e-05, elementwise_affine=True)
      (conv_inter): ParallelConvInter(
        (conv1): Conv1d(64, 64, kernel_size=(1,), stride=(1,))
        (conv3): Conv1d(64, 64, kernel_size=(3,), stride=(1,), padding=(1,))
        (proj): Conv1d(64, 64, kernel_size=(1,), stride=(1,))
        (drop): Dropout(p=0.5, inplace=False)
      )
      (norm2): LayerNorm((64,), eps=1e-05, elementwise_affine=True)
      (ffn): Sequential(
        (0): Linear(in_features=64, out_features=512, bias=True)
        (1): GELU(approximate='none')
        (2): Dropout(p=0.5, inplace=False)
        (3): Linear(in_features=512, out_features=64, bias=True)
        (4): Dropout(p=0.5, inplace=False)
      )
      (norm3): LayerNorm((64,), eps=1e-05, elementwise_affine=True)
    )
  )
  (dynamic_layers): ModuleList(
    (0): EMAStream(
      (proj): Linear(in_features=64, out_features=64, bias=True)
    )
  )
  (weavers): ModuleList(
    (0): StreamWeaver(
      (proj): Linear(in_features=128, out_features=64, bias=True)
      (norm): LayerNorm((64,), eps=1e-05, elementwise_affine=True)
    )
  )
  (loss_fct): CrossEntropyLoss()
)
Trainable parameters: 929537.0
Wed 11 Feb 2026 23:56:31 INFO  FLOPs: 3190784.0
Wed 11 Feb 2026 23:56:49 INFO  epoch 0 training [time: 16.75s, train loss: 2935.5368]
Wed 11 Feb 2026 23:56:57 INFO  epoch 0 evaluating [time: 8.58s, valid_score: 0.217100]
Wed 11 Feb 2026 23:56:57 INFO  valid result: 
hit@10 : 0.4593    ndcg@10 : 0.2745    mrr@10 : 0.2171
Wed 11 Feb 2026 23:56:57 INFO  Saving current: saved\TimeWeaver-Feb-11-2026_23-56-31.pth
Wed 11 Feb 2026 23:57:14 INFO  epoch 1 training [time: 16.90s, train loss: 2688.2950]
Wed 11 Feb 2026 23:57:23 INFO  epoch 1 evaluating [time: 8.27s, valid_score: 0.284300]
Wed 11 Feb 2026 23:57:23 INFO  valid result: 
hit@10 : 0.5067    ndcg@10 : 0.3374    mrr@10 : 0.2843
Wed 11 Feb 2026 23:57:23 INFO  Saving current: saved\TimeWeaver-Feb-11-2026_23-56-31.pth
Wed 11 Feb 2026 23:57:40 INFO  epoch 2 training [time: 17.07s, train loss: 2534.7592]
Wed 11 Feb 2026 23:57:48 INFO  epoch 2 evaluating [time: 8.52s, valid_score: 0.325100]
Wed 11 Feb 2026 23:57:48 INFO  valid result: 
hit@10 : 0.5359    ndcg@10 : 0.3754    mrr@10 : 0.3251
Wed 11 Feb 2026 23:57:48 INFO  Saving current: saved\TimeWeaver-Feb-11-2026_23-56-31.pth
Wed 11 Feb 2026 23:58:05 INFO  epoch 3 training [time: 17.25s, train loss: 2420.1761]
Wed 11 Feb 2026 23:58:14 INFO  epoch 3 evaluating [time: 8.60s, valid_score: 0.339300]
Wed 11 Feb 2026 23:58:14 INFO  valid result: 
hit@10 : 0.5399    ndcg@10 : 0.3871    mrr@10 : 0.3393
Wed 11 Feb 2026 23:58:14 INFO  Saving current: saved\TimeWeaver-Feb-11-2026_23-56-31.pth
Wed 11 Feb 2026 23:58:31 INFO  epoch 4 training [time: 17.37s, train loss: 2325.2408]
Wed 11 Feb 2026 23:58:40 INFO  epoch 4 evaluating [time: 8.32s, valid_score: 0.344800]
Wed 11 Feb 2026 23:58:40 INFO  valid result: 
hit@10 : 0.5416    ndcg@10 : 0.3917    mrr@10 : 0.3448
Wed 11 Feb 2026 23:58:40 INFO  Saving current: saved\TimeWeaver-Feb-11-2026_23-56-31.pth
Wed 11 Feb 2026 23:58:57 INFO  epoch 5 training [time: 16.91s, train loss: 2246.4866]
Wed 11 Feb 2026 23:59:05 INFO  epoch 5 evaluating [time: 8.42s, valid_score: 0.345800]
Wed 11 Feb 2026 23:59:05 INFO  valid result: 
hit@10 : 0.5376    ndcg@10 : 0.3915    mrr@10 : 0.3458
Wed 11 Feb 2026 23:59:05 INFO  Saving current: saved\TimeWeaver-Feb-11-2026_23-56-31.pth
Wed 11 Feb 2026 23:59:23 INFO  epoch 6 training [time: 17.72s, train loss: 2178.9103]
Wed 11 Feb 2026 23:59:31 INFO  epoch 6 evaluating [time: 8.55s, valid_score: 0.350600]
Wed 11 Feb 2026 23:59:31 INFO  valid result: 
hit@10 : 0.5371    ndcg@10 : 0.3951    mrr@10 : 0.3506
Wed 11 Feb 2026 23:59:31 INFO  Saving current: saved\TimeWeaver-Feb-11-2026_23-56-31.pth
Wed 11 Feb 2026 23:59:49 INFO  epoch 7 training [time: 17.35s, train loss: 2123.6844]
Wed 11 Feb 2026 23:59:57 INFO  epoch 7 evaluating [time: 8.75s, valid_score: 0.348400]
Wed 11 Feb 2026 23:59:57 INFO  valid result: 
hit@10 : 0.5341    ndcg@10 : 0.3926    mrr@10 : 0.3484
Thu 12 Feb 2026 00:00:15 INFO  epoch 8 training [time: 17.08s, train loss: 2079.9995]
Thu 12 Feb 2026 00:00:23 INFO  epoch 8 evaluating [time: 8.29s, valid_score: 0.348400]
Thu 12 Feb 2026 00:00:23 INFO  valid result: 
hit@10 : 0.535    ndcg@10 : 0.3928    mrr@10 : 0.3484
Thu 12 Feb 2026 00:00:40 INFO  epoch 9 training [time: 16.88s, train loss: 2043.9327]
Thu 12 Feb 2026 00:00:48 INFO  epoch 9 evaluating [time: 8.72s, valid_score: 0.346000]
Thu 12 Feb 2026 00:00:48 INFO  valid result: 
hit@10 : 0.5316    ndcg@10 : 0.3902    mrr@10 : 0.346
Thu 12 Feb 2026 00:01:06 INFO  epoch 10 training [time: 17.08s, train loss: 2012.5416]
Thu 12 Feb 2026 00:01:14 INFO  epoch 10 evaluating [time: 8.31s, valid_score: 0.344500]
Thu 12 Feb 2026 00:01:14 INFO  valid result: 
hit@10 : 0.5343    ndcg@10 : 0.3898    mrr@10 : 0.3445
Thu 12 Feb 2026 00:01:31 INFO  epoch 11 training [time: 16.88s, train loss: 1985.5833]
Thu 12 Feb 2026 00:01:39 INFO  epoch 11 evaluating [time: 8.52s, valid_score: 0.348200]
Thu 12 Feb 2026 00:01:39 INFO  valid result: 
hit@10 : 0.5334    ndcg@10 : 0.3923    mrr@10 : 0.3482
Thu 12 Feb 2026 00:01:56 INFO  epoch 12 training [time: 17.19s, train loss: 1960.8464]
Thu 12 Feb 2026 00:02:05 INFO  epoch 12 evaluating [time: 8.58s, valid_score: 0.349700]
Thu 12 Feb 2026 00:02:05 INFO  valid result: 
hit@10 : 0.54    ndcg@10 : 0.395    mrr@10 : 0.3497
Thu 12 Feb 2026 00:02:22 INFO  epoch 13 training [time: 17.20s, train loss: 1940.7631]
Thu 12 Feb 2026 00:02:31 INFO  epoch 13 evaluating [time: 8.62s, valid_score: 0.344900]
Thu 12 Feb 2026 00:02:31 INFO  valid result: 
hit@10 : 0.5366    ndcg@10 : 0.3905    mrr@10 : 0.3449
Thu 12 Feb 2026 00:02:48 INFO  epoch 14 training [time: 17.09s, train loss: 1919.9742]
Thu 12 Feb 2026 00:02:56 INFO  epoch 14 evaluating [time: 8.31s, valid_score: 0.344700]
Thu 12 Feb 2026 00:02:56 INFO  valid result: 
hit@10 : 0.5287    ndcg@10 : 0.3886    mrr@10 : 0.3447
Thu 12 Feb 2026 00:03:14 INFO  epoch 15 training [time: 17.35s, train loss: 1902.9063]
Thu 12 Feb 2026 00:03:22 INFO  epoch 15 evaluating [time: 8.62s, valid_score: 0.344400]
Thu 12 Feb 2026 00:03:22 INFO  valid result: 
hit@10 : 0.5283    ndcg@10 : 0.3882    mrr@10 : 0.3444
Thu 12 Feb 2026 00:03:40 INFO  epoch 16 training [time: 17.56s, train loss: 1886.3447]
Thu 12 Feb 2026 00:03:48 INFO  epoch 16 evaluating [time: 8.68s, valid_score: 0.342400]
Thu 12 Feb 2026 00:03:48 INFO  valid result: 
hit@10 : 0.5366    ndcg@10 : 0.3887    mrr@10 : 0.3424
Thu 12 Feb 2026 00:04:06 INFO  epoch 17 training [time: 17.38s, train loss: 1870.9164]
Thu 12 Feb 2026 00:04:14 INFO  epoch 17 evaluating [time: 8.36s, valid_score: 0.342200]
Thu 12 Feb 2026 00:04:14 INFO  valid result: 
hit@10 : 0.529    ndcg@10 : 0.3868    mrr@10 : 0.3422
Thu 12 Feb 2026 00:04:14 INFO  Finished training, best eval result in epoch 6
Thu 12 Feb 2026 00:04:14 INFO  Loading model structure and parameters from saved\TimeWeaver-Feb-11-2026_23-56-31.pth
Thu 12 Feb 2026 00:04:23 INFO  The running environment of this training is as follows:
+-------------+----------------+
| Environment |     Usage      |
+=============+================+
| CPU         |     2.00 %     |
+-------------+----------------+
| GPU         | 0.23 G/6.00 G  |
+-------------+----------------+
| Memory      | 1.54 G/15.63 G |
+-------------+----------------+
Thu 12 Feb 2026 00:04:23 INFO  best valid : OrderedDict([('hit@10', 0.5371), ('ndcg@10', 0.3951), ('mrr@10', 0.3506)])
Thu 12 Feb 2026 00:04:23 INFO  test result: OrderedDict([('hit@10', 0.4984), ('ndcg@10', 0.3526), ('mrr@10', 0.3071)])
