Mon 09 Feb 2026 08:05:07 INFO  ['F:\\桌面\\recommendation_system\\scripts\\run_grid.py', '--models', 'timeweaver', '--datasets', 'ml-100k', '--seeds', '42', '--device', 'gpu', '--timeweaver-variant', 'base', '--tag', 'e0p05_k-1_d0p2_l2_f256_b1000', '--output', 'results/run_grid_timeweaver_tune.json', '--tw-ema-decay', '0.05', '--tw-tcn-kernel', '-1', '--tw-hidden-dropout', '0.2', '--tw-num-layers', '2', '--tw-ffn-hidden', '256', '--tw-time-bucket', '1000']
Mon 09 Feb 2026 08:05:07 INFO  
General Hyper Parameters:
gpu_id = 0
use_gpu = True
seed = 42
state = INFO
reproducibility = True
data_path = F:\anaconda3\envs\rec39\Lib\site-packages\recbole\config\../dataset_example/ml-100k
checkpoint_dir = saved
show_progress = True
save_dataset = False
dataset_save_path = None
save_dataloaders = False
dataloaders_save_path = None
log_wandb = False

Training Hyper Parameters:
epochs = 100
train_batch_size = 256
learner = adam
learning_rate = 0.001
train_neg_sample_args = {'distribution': 'none', 'sample_num': 'none', 'alpha': 'none', 'dynamic': False, 'candidate_num': 0}
eval_step = 1
stopping_step = 10
clip_grad_norm = None
weight_decay = 0.0
loss_decimal_place = 4

Evaluation Hyper Parameters:
eval_args = {'split': {'LS': 'valid_and_test'}, 'order': 'TO', 'group_by': 'user', 'mode': {'valid': 'uni100', 'test': 'uni100'}}
repeatable = True
metrics = ['Hit', 'NDCG', 'MRR']
topk = [10]
valid_metric = MRR@10
valid_metric_bigger = True
eval_batch_size = 512
metric_decimal_place = 4

Dataset Hyper Parameters:
field_separator = 	
seq_separator =  
USER_ID_FIELD = user_id
ITEM_ID_FIELD = item_id
RATING_FIELD = rating
TIME_FIELD = timestamp
seq_len = None
LABEL_FIELD = label
threshold = None
NEG_PREFIX = neg_
load_col = {'inter': ['user_id', 'item_id', 'rating', 'timestamp'], 'user': ['user_id', 'age', 'gender', 'occupation', 'zip_code'], 'item': ['item_id', 'movie_title', 'release_year', 'class']}
unload_col = None
unused_col = None
additional_feat_suffix = None
rm_dup_inter = None
val_interval = None
filter_inter_by_user_or_item = True
user_inter_num_interval = None
item_inter_num_interval = None
alias_of_user_id = None
alias_of_item_id = None
alias_of_entity_id = None
alias_of_relation_id = None
preload_weight = None
normalize_field = None
normalize_all = True
ITEM_LIST_LENGTH_FIELD = item_length
LIST_SUFFIX = _list
MAX_ITEM_LIST_LENGTH = 32
POSITION_FIELD = position_id
HEAD_ENTITY_ID_FIELD = head_id
TAIL_ENTITY_ID_FIELD = tail_id
RELATION_ID_FIELD = relation_id
ENTITY_ID_FIELD = entity_id
kg_reverse_r = False
entity_kg_num_interval = None
relation_kg_num_interval = None
benchmark_filename = None

Other Hyper Parameters: 
worker = 0
wandb_project = recbole
shuffle = True
require_pow = False
enable_amp = False
enable_scaler = False
transform = None
numerical_features = []
discretization = None
MODEL_TYPE = ModelType.SEQUENTIAL
model_name = TimeWeaver
hidden_size = 64
num_layers = 2
hidden_dropout_prob = 0.2
initializer_range = 0.02
time_bucket_size = 1000
ema_decay = 0.05
tcn_kernel_size = -1
ffn_hidden_size = 256
loss_type = CE
early_stop = 10
neg_sampling = None
device = cuda
use_continuous_time = False
use_time_gate = False
use_time_augmentation = False
MODEL_INPUT_TYPE = InputType.POINTWISE
eval_type = EvaluatorType.RANKING
single_spec = True
local_rank = 0
valid_neg_sample_args = {'distribution': 'uniform', 'sample_num': 100}
test_neg_sample_args = {'distribution': 'uniform', 'sample_num': 100}


Mon 09 Feb 2026 08:05:07 INFO  ml-100k
The number of users: 944
Average actions of users: 106.04453870625663
The number of items: 1683
Average actions of items: 59.45303210463734
The number of inters: 100000
The sparsity of the dataset: 93.70575143257098%
Remain Fields: ['user_id', 'item_id', 'rating', 'timestamp', 'age', 'gender', 'occupation', 'zip_code', 'movie_title', 'release_year', 'class']
Mon 09 Feb 2026 08:05:09 INFO  [Training]: train_batch_size = [256] train_neg_sample_args: [{'distribution': 'none', 'sample_num': 'none', 'alpha': 'none', 'dynamic': False, 'candidate_num': 0}]
Mon 09 Feb 2026 08:05:09 INFO  [Evaluation]: eval_batch_size = [512] eval_args: [{'split': {'LS': 'valid_and_test'}, 'order': 'TO', 'group_by': 'user', 'mode': {'valid': 'uni100', 'test': 'uni100'}}]
Mon 09 Feb 2026 08:05:09 INFO  TimeWeaver(
  (item_embedding): Embedding(1683, 64, padding_idx=0)
  (time_aug): TimeAwareAugmentation(
    (pos_embedding): Embedding(32, 64)
    (time_embedding): Embedding(1000, 64)
    (layer_norm): LayerNorm((64,), eps=1e-05, elementwise_affine=True)
    (drop): Dropout(p=0.2, inplace=False)
  )
  (context_layers): ModuleList(
    (0-1): 2 x TCNNextBlock(
      (dw): DepthwiseConv1d(
        (conv): Conv1d(64, 64, kernel_size=(11,), stride=(1,), padding=(5,), groups=64)
        (bn): BatchNorm1d(64, eps=1e-05, momentum=0.1, affine=True, track_running_stats=True)
        (drop): Dropout(p=0.2, inplace=False)
      )
      (norm1): LayerNorm((64,), eps=1e-05, elementwise_affine=True)
      (conv_inter): ParallelConvInter(
        (conv1): Conv1d(64, 64, kernel_size=(1,), stride=(1,))
        (conv3): Conv1d(64, 64, kernel_size=(3,), stride=(1,), padding=(1,))
        (proj): Conv1d(64, 64, kernel_size=(1,), stride=(1,))
        (drop): Dropout(p=0.2, inplace=False)
      )
      (norm2): LayerNorm((64,), eps=1e-05, elementwise_affine=True)
      (ffn): Sequential(
        (0): Linear(in_features=64, out_features=256, bias=True)
        (1): GELU(approximate='none')
        (2): Dropout(p=0.2, inplace=False)
        (3): Linear(in_features=256, out_features=64, bias=True)
        (4): Dropout(p=0.2, inplace=False)
      )
      (norm3): LayerNorm((64,), eps=1e-05, elementwise_affine=True)
    )
  )
  (dynamic_layers): ModuleList(
    (0-1): 2 x EMAStream(
      (proj): Linear(in_features=64, out_features=64, bias=True)
    )
  )
  (weavers): ModuleList(
    (0-1): 2 x StreamWeaver(
      (proj): Linear(in_features=128, out_features=64, bias=True)
      (norm): LayerNorm((64,), eps=1e-05, elementwise_affine=True)
    )
  )
  (loss_fct): CrossEntropyLoss()
)
Trainable parameters: 309057.0
Mon 09 Feb 2026 08:05:09 INFO  FLOPs: 4298752.0
Mon 09 Feb 2026 08:05:41 INFO  epoch 0 training [time: 30.63s, train loss: 2414.0570]
Mon 09 Feb 2026 08:05:43 INFO  epoch 0 evaluating [time: 2.10s, valid_score: 0.281900]
Mon 09 Feb 2026 08:05:43 INFO  valid result: 
hit@10 : 0.667    ndcg@10 : 0.3722    mrr@10 : 0.2819
Mon 09 Feb 2026 08:05:43 INFO  Saving current: saved\TimeWeaver-Feb-09-2026_08-05-09.pth
Mon 09 Feb 2026 08:06:14 INFO  epoch 1 training [time: 31.42s, train loss: 2222.2494]
Mon 09 Feb 2026 08:06:16 INFO  epoch 1 evaluating [time: 2.05s, valid_score: 0.324800]
Mon 09 Feb 2026 08:06:16 INFO  valid result: 
hit@10 : 0.7084    ndcg@10 : 0.4149    mrr@10 : 0.3248
Mon 09 Feb 2026 08:06:16 INFO  Saving current: saved\TimeWeaver-Feb-09-2026_08-05-09.pth
Mon 09 Feb 2026 08:06:47 INFO  epoch 2 training [time: 31.09s, train loss: 2175.9783]
Mon 09 Feb 2026 08:06:50 INFO  epoch 2 evaluating [time: 2.14s, valid_score: 0.343900]
Mon 09 Feb 2026 08:06:50 INFO  valid result: 
hit@10 : 0.7169    ndcg@10 : 0.432    mrr@10 : 0.3439
Mon 09 Feb 2026 08:06:50 INFO  Saving current: saved\TimeWeaver-Feb-09-2026_08-05-09.pth
Mon 09 Feb 2026 08:07:22 INFO  epoch 3 training [time: 32.24s, train loss: 2147.3450]
Mon 09 Feb 2026 08:07:24 INFO  epoch 3 evaluating [time: 2.09s, valid_score: 0.337400]
Mon 09 Feb 2026 08:07:24 INFO  valid result: 
hit@10 : 0.7243    ndcg@10 : 0.4289    mrr@10 : 0.3374
Mon 09 Feb 2026 08:07:56 INFO  epoch 4 training [time: 32.21s, train loss: 2124.8201]
Mon 09 Feb 2026 08:07:58 INFO  epoch 4 evaluating [time: 2.11s, valid_score: 0.347200]
Mon 09 Feb 2026 08:07:58 INFO  valid result: 
hit@10 : 0.7349    ndcg@10 : 0.4387    mrr@10 : 0.3472
Mon 09 Feb 2026 08:07:58 INFO  Saving current: saved\TimeWeaver-Feb-09-2026_08-05-09.pth
Mon 09 Feb 2026 08:08:29 INFO  epoch 5 training [time: 30.65s, train loss: 2105.4346]
Mon 09 Feb 2026 08:08:31 INFO  epoch 5 evaluating [time: 2.08s, valid_score: 0.345000]
Mon 09 Feb 2026 08:08:31 INFO  valid result: 
hit@10 : 0.7232    ndcg@10 : 0.4346    mrr@10 : 0.345
Mon 09 Feb 2026 08:09:03 INFO  epoch 6 training [time: 31.57s, train loss: 2089.9614]
Mon 09 Feb 2026 08:09:05 INFO  epoch 6 evaluating [time: 2.09s, valid_score: 0.329200]
Mon 09 Feb 2026 08:09:05 INFO  valid result: 
hit@10 : 0.7391    ndcg@10 : 0.426    mrr@10 : 0.3292
Mon 09 Feb 2026 08:09:36 INFO  epoch 7 training [time: 31.08s, train loss: 2075.3200]
Mon 09 Feb 2026 08:09:38 INFO  epoch 7 evaluating [time: 2.08s, valid_score: 0.345800]
Mon 09 Feb 2026 08:09:38 INFO  valid result: 
hit@10 : 0.7359    ndcg@10 : 0.438    mrr@10 : 0.3458
Mon 09 Feb 2026 08:10:09 INFO  epoch 8 training [time: 31.16s, train loss: 2064.7968]
Mon 09 Feb 2026 08:10:11 INFO  epoch 8 evaluating [time: 2.07s, valid_score: 0.349200]
Mon 09 Feb 2026 08:10:11 INFO  valid result: 
hit@10 : 0.7306    ndcg@10 : 0.4396    mrr@10 : 0.3492
Mon 09 Feb 2026 08:10:11 INFO  Saving current: saved\TimeWeaver-Feb-09-2026_08-05-09.pth
Mon 09 Feb 2026 08:10:42 INFO  epoch 9 training [time: 30.78s, train loss: 2054.2747]
Mon 09 Feb 2026 08:10:44 INFO  epoch 9 evaluating [time: 2.00s, valid_score: 0.351800]
Mon 09 Feb 2026 08:10:44 INFO  valid result: 
hit@10 : 0.7455    ndcg@10 : 0.4446    mrr@10 : 0.3518
Mon 09 Feb 2026 08:10:44 INFO  Saving current: saved\TimeWeaver-Feb-09-2026_08-05-09.pth
Mon 09 Feb 2026 08:11:15 INFO  epoch 10 training [time: 31.14s, train loss: 2046.5806]
Mon 09 Feb 2026 08:11:17 INFO  epoch 10 evaluating [time: 2.06s, valid_score: 0.324500]
Mon 09 Feb 2026 08:11:17 INFO  valid result: 
hit@10 : 0.7158    ndcg@10 : 0.4169    mrr@10 : 0.3245
Mon 09 Feb 2026 08:11:49 INFO  epoch 11 training [time: 32.10s, train loss: 2038.6295]
Mon 09 Feb 2026 08:11:51 INFO  epoch 11 evaluating [time: 2.09s, valid_score: 0.341400]
Mon 09 Feb 2026 08:11:51 INFO  valid result: 
hit@10 : 0.7264    ndcg@10 : 0.4325    mrr@10 : 0.3414
Mon 09 Feb 2026 08:12:22 INFO  epoch 12 training [time: 30.60s, train loss: 2030.8192]
Mon 09 Feb 2026 08:12:24 INFO  epoch 12 evaluating [time: 1.99s, valid_score: 0.334900]
Mon 09 Feb 2026 08:12:24 INFO  valid result: 
hit@10 : 0.7381    ndcg@10 : 0.4304    mrr@10 : 0.3349
Mon 09 Feb 2026 08:12:55 INFO  epoch 13 training [time: 31.20s, train loss: 2024.1283]
Mon 09 Feb 2026 08:12:57 INFO  epoch 13 evaluating [time: 2.07s, valid_score: 0.339200]
Mon 09 Feb 2026 08:12:57 INFO  valid result: 
hit@10 : 0.7328    ndcg@10 : 0.432    mrr@10 : 0.3392
Mon 09 Feb 2026 08:13:28 INFO  epoch 14 training [time: 30.65s, train loss: 2017.8157]
Mon 09 Feb 2026 08:13:30 INFO  epoch 14 evaluating [time: 2.01s, valid_score: 0.330200]
Mon 09 Feb 2026 08:13:30 INFO  valid result: 
hit@10 : 0.7147    ndcg@10 : 0.421    mrr@10 : 0.3302
Mon 09 Feb 2026 08:14:01 INFO  epoch 15 training [time: 31.43s, train loss: 2011.0050]
Mon 09 Feb 2026 08:14:03 INFO  epoch 15 evaluating [time: 2.05s, valid_score: 0.349900]
Mon 09 Feb 2026 08:14:03 INFO  valid result: 
hit@10 : 0.7296    ndcg@10 : 0.4395    mrr@10 : 0.3499
Mon 09 Feb 2026 08:14:35 INFO  epoch 16 training [time: 31.30s, train loss: 2005.6061]
Mon 09 Feb 2026 08:14:37 INFO  epoch 16 evaluating [time: 2.00s, valid_score: 0.340700]
Mon 09 Feb 2026 08:14:37 INFO  valid result: 
hit@10 : 0.7222    ndcg@10 : 0.4308    mrr@10 : 0.3407
Mon 09 Feb 2026 08:15:08 INFO  epoch 17 training [time: 31.08s, train loss: 2000.2132]
Mon 09 Feb 2026 08:15:10 INFO  epoch 17 evaluating [time: 2.11s, valid_score: 0.330400]
Mon 09 Feb 2026 08:15:10 INFO  valid result: 
hit@10 : 0.7466    ndcg@10 : 0.4285    mrr@10 : 0.3304
Mon 09 Feb 2026 08:15:42 INFO  epoch 18 training [time: 32.29s, train loss: 1994.5266]
Mon 09 Feb 2026 08:15:44 INFO  epoch 18 evaluating [time: 2.14s, valid_score: 0.333300]
Mon 09 Feb 2026 08:15:44 INFO  valid result: 
hit@10 : 0.7211    ndcg@10 : 0.4243    mrr@10 : 0.3333
Mon 09 Feb 2026 08:16:15 INFO  epoch 19 training [time: 31.16s, train loss: 1989.8582]
Mon 09 Feb 2026 08:16:17 INFO  epoch 19 evaluating [time: 2.01s, valid_score: 0.328900]
Mon 09 Feb 2026 08:16:17 INFO  valid result: 
hit@10 : 0.7264    ndcg@10 : 0.423    mrr@10 : 0.3289
Mon 09 Feb 2026 08:16:48 INFO  epoch 20 training [time: 30.87s, train loss: 1985.5067]
Mon 09 Feb 2026 08:16:50 INFO  epoch 20 evaluating [time: 2.06s, valid_score: 0.338100]
Mon 09 Feb 2026 08:16:50 INFO  valid result: 
hit@10 : 0.7105    ndcg@10 : 0.4267    mrr@10 : 0.3381
Mon 09 Feb 2026 08:16:50 INFO  Finished training, best eval result in epoch 9
Mon 09 Feb 2026 08:16:50 INFO  Loading model structure and parameters from saved\TimeWeaver-Feb-09-2026_08-05-09.pth
Mon 09 Feb 2026 08:16:53 INFO  The running environment of this training is as follows:
+-------------+----------------+
| Environment |     Usage      |
+=============+================+
| CPU         |     4.20 %     |
+-------------+----------------+
| GPU         | 0.16 G/6.00 G  |
+-------------+----------------+
| Memory      | 1.42 G/15.63 G |
+-------------+----------------+
Mon 09 Feb 2026 08:16:53 INFO  best valid : OrderedDict([('hit@10', 0.7455), ('ndcg@10', 0.4446), ('mrr@10', 0.3518)])
Mon 09 Feb 2026 08:16:53 INFO  test result: OrderedDict([('hit@10', 0.7169), ('ndcg@10', 0.4177), ('mrr@10', 0.325)])
