Fri 13 Feb 2026 00:16:02 INFO  ['F:\\桌面\\recommendation_system\\scripts\\run_grid.py', '--models', 'timeweaver', '--datasets', 'amazon-electronics-5core-subset', '--seeds', '42', '--device', 'gpu', '--timeweaver-variant', 'base', '--tag', 'e0p2_k5_d0p5_l2_f256_b1000', '--output', 'results/run_grid_timeweaver_tune.json', '--tw-ema-decay', '0.2', '--tw-tcn-kernel', '5', '--tw-hidden-dropout', '0.5', '--tw-num-layers', '2', '--tw-ffn-hidden', '256', '--tw-time-bucket', '1000']
Fri 13 Feb 2026 00:16:02 INFO  
General Hyper Parameters:
gpu_id = 0
use_gpu = True
seed = 42
state = INFO
reproducibility = True
data_path = data/amazon\amazon-electronics-5core-subset
checkpoint_dir = saved
show_progress = True
save_dataset = False
dataset_save_path = None
save_dataloaders = False
dataloaders_save_path = None
log_wandb = False

Training Hyper Parameters:
epochs = 100
train_batch_size = 256
learner = adam
learning_rate = 0.001
train_neg_sample_args = {'distribution': 'none', 'sample_num': 'none', 'alpha': 'none', 'dynamic': False, 'candidate_num': 0}
eval_step = 1
stopping_step = 10
clip_grad_norm = None
weight_decay = 0.0
loss_decimal_place = 4

Evaluation Hyper Parameters:
eval_args = {'split': {'LS': 'valid_and_test'}, 'order': 'TO', 'group_by': 'user', 'mode': {'valid': 'uni100', 'test': 'uni100'}}
repeatable = True
metrics = ['Hit', 'NDCG', 'MRR']
topk = [10]
valid_metric = MRR@10
valid_metric_bigger = True
eval_batch_size = 512
metric_decimal_place = 4

Dataset Hyper Parameters:
field_separator = 	
seq_separator =  
USER_ID_FIELD = user_id
ITEM_ID_FIELD = item_id
RATING_FIELD = rating
TIME_FIELD = timestamp
seq_len = None
LABEL_FIELD = label
threshold = None
NEG_PREFIX = neg_
load_col = {'inter': ['user_id', 'item_id', 'rating', 'timestamp']}
unload_col = None
unused_col = None
additional_feat_suffix = None
rm_dup_inter = None
val_interval = None
filter_inter_by_user_or_item = True
user_inter_num_interval = [0,inf)
item_inter_num_interval = [0,inf)
alias_of_user_id = None
alias_of_item_id = None
alias_of_entity_id = None
alias_of_relation_id = None
preload_weight = None
normalize_field = None
normalize_all = None
ITEM_LIST_LENGTH_FIELD = item_length
LIST_SUFFIX = _list
MAX_ITEM_LIST_LENGTH = 32
POSITION_FIELD = position_id
HEAD_ENTITY_ID_FIELD = head_id
TAIL_ENTITY_ID_FIELD = tail_id
RELATION_ID_FIELD = relation_id
ENTITY_ID_FIELD = entity_id
benchmark_filename = None

Other Hyper Parameters: 
worker = 0
wandb_project = recbole
shuffle = True
require_pow = False
enable_amp = False
enable_scaler = False
transform = None
numerical_features = []
discretization = None
kg_reverse_r = False
entity_kg_num_interval = [0,inf)
relation_kg_num_interval = [0,inf)
MODEL_TYPE = ModelType.SEQUENTIAL
model_name = TimeWeaver
hidden_size = 64
num_layers = 2
hidden_dropout_prob = 0.5
initializer_range = 0.02
time_bucket_size = 1000
ema_decay = 0.2
tcn_kernel_size = 5
ffn_hidden_size = 256
loss_type = CE
early_stop = 10
neg_sampling = None
device = cuda
use_continuous_time = False
use_time_gate = False
use_time_augmentation = False
MODEL_INPUT_TYPE = InputType.POINTWISE
eval_type = EvaluatorType.RANKING
single_spec = True
local_rank = 0
valid_neg_sample_args = {'distribution': 'uniform', 'sample_num': 100}
test_neg_sample_args = {'distribution': 'uniform', 'sample_num': 100}


Fri 13 Feb 2026 00:16:03 INFO  amazon-electronics-5core-subset
The number of users: 1501
Average actions of users: 108.42733333333334
The number of items: 54722
Average actions of items: 2.9721861808080994
The number of inters: 162641
The sparsity of the dataset: 99.80198988231011%
Remain Fields: ['user_id', 'item_id', 'rating', 'timestamp']
Fri 13 Feb 2026 00:16:05 INFO  [Training]: train_batch_size = [256] train_neg_sample_args: [{'distribution': 'none', 'sample_num': 'none', 'alpha': 'none', 'dynamic': False, 'candidate_num': 0}]
Fri 13 Feb 2026 00:16:05 INFO  [Evaluation]: eval_batch_size = [512] eval_args: [{'split': {'LS': 'valid_and_test'}, 'order': 'TO', 'group_by': 'user', 'mode': {'valid': 'uni100', 'test': 'uni100'}}]
Fri 13 Feb 2026 00:16:06 INFO  TimeWeaver(
  (item_embedding): Embedding(54722, 64, padding_idx=0)
  (time_aug): TimeAwareAugmentation(
    (pos_embedding): Embedding(32, 64)
    (time_embedding): Embedding(1000, 64)
    (layer_norm): LayerNorm((64,), eps=1e-05, elementwise_affine=True)
    (drop): Dropout(p=0.5, inplace=False)
  )
  (context_layers): ModuleList(
    (0-1): 2 x TCNNextBlock(
      (dw): DepthwiseConv1d(
        (conv): Conv1d(64, 64, kernel_size=(5,), stride=(1,), padding=(2,), groups=64)
        (bn): BatchNorm1d(64, eps=1e-05, momentum=0.1, affine=True, track_running_stats=True)
        (drop): Dropout(p=0.5, inplace=False)
      )
      (norm1): LayerNorm((64,), eps=1e-05, elementwise_affine=True)
      (conv_inter): ParallelConvInter(
        (conv1): Conv1d(64, 64, kernel_size=(1,), stride=(1,))
        (conv3): Conv1d(64, 64, kernel_size=(3,), stride=(1,), padding=(1,))
        (proj): Conv1d(64, 64, kernel_size=(1,), stride=(1,))
        (drop): Dropout(p=0.5, inplace=False)
      )
      (norm2): LayerNorm((64,), eps=1e-05, elementwise_affine=True)
      (ffn): Sequential(
        (0): Linear(in_features=64, out_features=256, bias=True)
        (1): GELU(approximate='none')
        (2): Dropout(p=0.5, inplace=False)
        (3): Linear(in_features=256, out_features=64, bias=True)
        (4): Dropout(p=0.5, inplace=False)
      )
      (norm3): LayerNorm((64,), eps=1e-05, elementwise_affine=True)
    )
  )
  (dynamic_layers): ModuleList(
    (0-1): 2 x EMAStream(
      (proj): Linear(in_features=64, out_features=64, bias=True)
    )
  )
  (weavers): ModuleList(
    (0-1): 2 x StreamWeaver(
      (proj): Linear(in_features=128, out_features=64, bias=True)
      (norm): LayerNorm((64,), eps=1e-05, elementwise_affine=True)
    )
  )
  (loss_fct): CrossEntropyLoss()
)
Trainable parameters: 3702785.0
Fri 13 Feb 2026 00:16:06 INFO  FLOPs: 4274176.0
Fri 13 Feb 2026 00:16:56 INFO  epoch 0 training [time: 49.29s, train loss: 6508.0995]
Fri 13 Feb 2026 00:16:59 INFO  epoch 0 evaluating [time: 2.62s, valid_score: 0.192600]
Fri 13 Feb 2026 00:16:59 INFO  valid result: 
hit@10 : 0.37    ndcg@10 : 0.2344    mrr@10 : 0.1926
Fri 13 Feb 2026 00:16:59 INFO  Saving current: saved\TimeWeaver-Feb-13-2026_00-16-06.pth
Fri 13 Feb 2026 00:17:48 INFO  epoch 1 training [time: 49.19s, train loss: 6067.7004]
Fri 13 Feb 2026 00:17:51 INFO  epoch 1 evaluating [time: 2.54s, valid_score: 0.226300]
Fri 13 Feb 2026 00:17:51 INFO  valid result: 
hit@10 : 0.422    ndcg@10 : 0.2728    mrr@10 : 0.2263
Fri 13 Feb 2026 00:17:51 INFO  Saving current: saved\TimeWeaver-Feb-13-2026_00-16-06.pth
Fri 13 Feb 2026 00:18:43 INFO  epoch 2 training [time: 52.63s, train loss: 5624.5838]
Fri 13 Feb 2026 00:18:46 INFO  epoch 2 evaluating [time: 2.69s, valid_score: 0.241500]
Fri 13 Feb 2026 00:18:46 INFO  valid result: 
hit@10 : 0.4267    ndcg@10 : 0.2854    mrr@10 : 0.2415
Fri 13 Feb 2026 00:18:46 INFO  Saving current: saved\TimeWeaver-Feb-13-2026_00-16-06.pth
Fri 13 Feb 2026 00:19:36 INFO  epoch 3 training [time: 49.94s, train loss: 5169.5293]
Fri 13 Feb 2026 00:19:38 INFO  epoch 3 evaluating [time: 2.56s, valid_score: 0.237500]
Fri 13 Feb 2026 00:19:38 INFO  valid result: 
hit@10 : 0.4007    ndcg@10 : 0.2762    mrr@10 : 0.2375
Fri 13 Feb 2026 00:20:28 INFO  epoch 4 training [time: 49.62s, train loss: 4742.9265]
Fri 13 Feb 2026 00:20:31 INFO  epoch 4 evaluating [time: 2.64s, valid_score: 0.230200]
Fri 13 Feb 2026 00:20:31 INFO  valid result: 
hit@10 : 0.396    ndcg@10 : 0.2696    mrr@10 : 0.2302
Fri 13 Feb 2026 00:21:20 INFO  epoch 5 training [time: 49.45s, train loss: 4382.2252]
Fri 13 Feb 2026 00:21:23 INFO  epoch 5 evaluating [time: 2.65s, valid_score: 0.228700]
Fri 13 Feb 2026 00:21:23 INFO  valid result: 
hit@10 : 0.3993    ndcg@10 : 0.2692    mrr@10 : 0.2287
Fri 13 Feb 2026 00:22:13 INFO  epoch 6 training [time: 50.27s, train loss: 4097.6939]
Fri 13 Feb 2026 00:22:16 INFO  epoch 6 evaluating [time: 2.74s, valid_score: 0.231700]
Fri 13 Feb 2026 00:22:16 INFO  valid result: 
hit@10 : 0.396    ndcg@10 : 0.2705    mrr@10 : 0.2317
Fri 13 Feb 2026 00:23:07 INFO  epoch 7 training [time: 51.08s, train loss: 3877.5513]
Fri 13 Feb 2026 00:23:09 INFO  epoch 7 evaluating [time: 2.53s, valid_score: 0.234000]
Fri 13 Feb 2026 00:23:09 INFO  valid result: 
hit@10 : 0.396    ndcg@10 : 0.2721    mrr@10 : 0.234
Fri 13 Feb 2026 00:23:58 INFO  epoch 8 training [time: 48.93s, train loss: 3694.9681]
Fri 13 Feb 2026 00:24:01 INFO  epoch 8 evaluating [time: 2.57s, valid_score: 0.212200]
Fri 13 Feb 2026 00:24:01 INFO  valid result: 
hit@10 : 0.38    ndcg@10 : 0.2518    mrr@10 : 0.2122
Fri 13 Feb 2026 00:24:50 INFO  epoch 9 training [time: 49.17s, train loss: 3545.4901]
Fri 13 Feb 2026 00:24:53 INFO  epoch 9 evaluating [time: 2.61s, valid_score: 0.221400]
Fri 13 Feb 2026 00:24:53 INFO  valid result: 
hit@10 : 0.3907    ndcg@10 : 0.2613    mrr@10 : 0.2214
Fri 13 Feb 2026 00:25:41 INFO  epoch 10 training [time: 48.64s, train loss: 3407.1494]
Fri 13 Feb 2026 00:25:44 INFO  epoch 10 evaluating [time: 2.52s, valid_score: 0.218200]
Fri 13 Feb 2026 00:25:44 INFO  valid result: 
hit@10 : 0.3767    ndcg@10 : 0.2555    mrr@10 : 0.2182
Fri 13 Feb 2026 00:26:36 INFO  epoch 11 training [time: 51.85s, train loss: 3286.6696]
Fri 13 Feb 2026 00:26:38 INFO  epoch 11 evaluating [time: 2.63s, valid_score: 0.205600]
Fri 13 Feb 2026 00:26:38 INFO  valid result: 
hit@10 : 0.3713    ndcg@10 : 0.2447    mrr@10 : 0.2056
Fri 13 Feb 2026 00:27:28 INFO  epoch 12 training [time: 49.46s, train loss: 3169.9082]
Fri 13 Feb 2026 00:27:30 INFO  epoch 12 evaluating [time: 2.63s, valid_score: 0.218100]
Fri 13 Feb 2026 00:27:30 INFO  valid result: 
hit@10 : 0.3787    ndcg@10 : 0.2562    mrr@10 : 0.2181
Fri 13 Feb 2026 00:28:20 INFO  epoch 13 training [time: 49.05s, train loss: 3068.2988]
Fri 13 Feb 2026 00:28:22 INFO  epoch 13 evaluating [time: 2.56s, valid_score: 0.213800]
Fri 13 Feb 2026 00:28:22 INFO  valid result: 
hit@10 : 0.3753    ndcg@10 : 0.252    mrr@10 : 0.2138
Fri 13 Feb 2026 00:28:22 INFO  Finished training, best eval result in epoch 2
Fri 13 Feb 2026 00:28:22 INFO  Loading model structure and parameters from saved\TimeWeaver-Feb-13-2026_00-16-06.pth
Fri 13 Feb 2026 00:28:26 INFO  The running environment of this training is as follows:
+-------------+----------------+
| Environment |     Usage      |
+=============+================+
| CPU         |     3.60 %     |
+-------------+----------------+
| GPU         | 0.48 G/6.00 G  |
+-------------+----------------+
| Memory      | 1.54 G/15.63 G |
+-------------+----------------+
Fri 13 Feb 2026 00:28:26 INFO  best valid : OrderedDict([('hit@10', 0.4267), ('ndcg@10', 0.2854), ('mrr@10', 0.2415)])
Fri 13 Feb 2026 00:28:26 INFO  test result: OrderedDict([('hit@10', 0.3713), ('ndcg@10', 0.242), ('mrr@10', 0.2021)])
