Wed 11 Feb 2026 10:48:05 INFO  ['F:\\桌面\\recommendation_system\\scripts\\run_grid.py', '--models', 'timeweaver', '--datasets', 'amazon-beauty-5core-subset', '--seeds', '42', '--device', 'gpu', '--timeweaver-variant', 'base', '--tag', 'e0p05_k-1_d0p5_l1_f256_b1000', '--output', 'results/run_grid_timeweaver_tune.json', '--tw-ema-decay', '0.05', '--tw-tcn-kernel', '-1', '--tw-hidden-dropout', '0.5', '--tw-num-layers', '1', '--tw-ffn-hidden', '256', '--tw-time-bucket', '1000']
Wed 11 Feb 2026 10:48:05 INFO  
General Hyper Parameters:
gpu_id = 0
use_gpu = True
seed = 42
state = INFO
reproducibility = True
data_path = data/amazon\amazon-beauty-5core-subset
checkpoint_dir = saved
show_progress = True
save_dataset = False
dataset_save_path = None
save_dataloaders = False
dataloaders_save_path = None
log_wandb = False

Training Hyper Parameters:
epochs = 100
train_batch_size = 256
learner = adam
learning_rate = 0.001
train_neg_sample_args = {'distribution': 'none', 'sample_num': 'none', 'alpha': 'none', 'dynamic': False, 'candidate_num': 0}
eval_step = 1
stopping_step = 10
clip_grad_norm = None
weight_decay = 0.0
loss_decimal_place = 4

Evaluation Hyper Parameters:
eval_args = {'split': {'LS': 'valid_and_test'}, 'order': 'TO', 'group_by': 'user', 'mode': {'valid': 'uni100', 'test': 'uni100'}}
repeatable = True
metrics = ['Hit', 'NDCG', 'MRR']
topk = [10]
valid_metric = MRR@10
valid_metric_bigger = True
eval_batch_size = 512
metric_decimal_place = 4

Dataset Hyper Parameters:
field_separator = 	
seq_separator =  
USER_ID_FIELD = user_id
ITEM_ID_FIELD = item_id
RATING_FIELD = rating
TIME_FIELD = timestamp
seq_len = None
LABEL_FIELD = label
threshold = None
NEG_PREFIX = neg_
load_col = {'inter': ['user_id', 'item_id', 'rating', 'timestamp']}
unload_col = None
unused_col = None
additional_feat_suffix = None
rm_dup_inter = None
val_interval = None
filter_inter_by_user_or_item = True
user_inter_num_interval = [0,inf)
item_inter_num_interval = [0,inf)
alias_of_user_id = None
alias_of_item_id = None
alias_of_entity_id = None
alias_of_relation_id = None
preload_weight = None
normalize_field = None
normalize_all = None
ITEM_LIST_LENGTH_FIELD = item_length
LIST_SUFFIX = _list
MAX_ITEM_LIST_LENGTH = 32
POSITION_FIELD = position_id
HEAD_ENTITY_ID_FIELD = head_id
TAIL_ENTITY_ID_FIELD = tail_id
RELATION_ID_FIELD = relation_id
ENTITY_ID_FIELD = entity_id
benchmark_filename = None

Other Hyper Parameters: 
worker = 0
wandb_project = recbole
shuffle = True
require_pow = False
enable_amp = False
enable_scaler = False
transform = None
numerical_features = []
discretization = None
kg_reverse_r = False
entity_kg_num_interval = [0,inf)
relation_kg_num_interval = [0,inf)
MODEL_TYPE = ModelType.SEQUENTIAL
model_name = TimeWeaver
hidden_size = 64
num_layers = 1
hidden_dropout_prob = 0.5
initializer_range = 0.02
time_bucket_size = 1000
ema_decay = 0.05
tcn_kernel_size = -1
ffn_hidden_size = 256
loss_type = CE
early_stop = 10
neg_sampling = None
device = cuda
use_continuous_time = False
use_time_gate = False
use_time_augmentation = False
MODEL_INPUT_TYPE = InputType.POINTWISE
eval_type = EvaluatorType.RANKING
single_spec = True
local_rank = 0
valid_neg_sample_args = {'distribution': 'uniform', 'sample_num': 100}
test_neg_sample_args = {'distribution': 'uniform', 'sample_num': 100}


Wed 11 Feb 2026 10:48:06 INFO  amazon-beauty-5core-subset
The number of users: 7001
Average actions of users: 15.458
The number of items: 11924
Average actions of items: 9.075400486454752
The number of inters: 108206
The sparsity of the dataset: 99.87038081155896%
Remain Fields: ['user_id', 'item_id', 'rating', 'timestamp']
Wed 11 Feb 2026 10:48:08 INFO  [Training]: train_batch_size = [256] train_neg_sample_args: [{'distribution': 'none', 'sample_num': 'none', 'alpha': 'none', 'dynamic': False, 'candidate_num': 0}]
Wed 11 Feb 2026 10:48:08 INFO  [Evaluation]: eval_batch_size = [512] eval_args: [{'split': {'LS': 'valid_and_test'}, 'order': 'TO', 'group_by': 'user', 'mode': {'valid': 'uni100', 'test': 'uni100'}}]
Wed 11 Feb 2026 10:48:08 INFO  TimeWeaver(
  (item_embedding): Embedding(11924, 64, padding_idx=0)
  (time_aug): TimeAwareAugmentation(
    (pos_embedding): Embedding(32, 64)
    (time_embedding): Embedding(1000, 64)
    (layer_norm): LayerNorm((64,), eps=1e-05, elementwise_affine=True)
    (drop): Dropout(p=0.5, inplace=False)
  )
  (context_layers): ModuleList(
    (0): TCNNextBlock(
      (dw): DepthwiseConv1d(
        (conv): Conv1d(64, 64, kernel_size=(11,), stride=(1,), padding=(5,), groups=64)
        (bn): BatchNorm1d(64, eps=1e-05, momentum=0.1, affine=True, track_running_stats=True)
        (drop): Dropout(p=0.5, inplace=False)
      )
      (norm1): LayerNorm((64,), eps=1e-05, elementwise_affine=True)
      (conv_inter): ParallelConvInter(
        (conv1): Conv1d(64, 64, kernel_size=(1,), stride=(1,))
        (conv3): Conv1d(64, 64, kernel_size=(3,), stride=(1,), padding=(1,))
        (proj): Conv1d(64, 64, kernel_size=(1,), stride=(1,))
        (drop): Dropout(p=0.5, inplace=False)
      )
      (norm2): LayerNorm((64,), eps=1e-05, elementwise_affine=True)
      (ffn): Sequential(
        (0): Linear(in_features=64, out_features=256, bias=True)
        (1): GELU(approximate='none')
        (2): Dropout(p=0.5, inplace=False)
        (3): Linear(in_features=256, out_features=64, bias=True)
        (4): Dropout(p=0.5, inplace=False)
      )
      (norm3): LayerNorm((64,), eps=1e-05, elementwise_affine=True)
    )
  )
  (dynamic_layers): ModuleList(
    (0): EMAStream(
      (proj): Linear(in_features=64, out_features=64, bias=True)
    )
  )
  (weavers): ModuleList(
    (0): StreamWeaver(
      (proj): Linear(in_features=128, out_features=64, bias=True)
      (norm): LayerNorm((64,), eps=1e-05, elementwise_affine=True)
    )
  )
  (loss_fct): CrossEntropyLoss()
)
Trainable parameters: 896897.0
Wed 11 Feb 2026 10:48:08 INFO  FLOPs: 2154496.0
Wed 11 Feb 2026 10:48:25 INFO  epoch 0 training [time: 16.36s, train loss: 2940.9512]
Wed 11 Feb 2026 10:48:33 INFO  epoch 0 evaluating [time: 7.81s, valid_score: 0.216200]
Wed 11 Feb 2026 10:48:33 INFO  valid result: 
hit@10 : 0.4589    ndcg@10 : 0.2737    mrr@10 : 0.2162
Wed 11 Feb 2026 10:48:33 INFO  Saving current: saved\TimeWeaver-Feb-11-2026_10-48-08.pth
Wed 11 Feb 2026 10:48:50 INFO  epoch 1 training [time: 16.64s, train loss: 2682.1492]
Wed 11 Feb 2026 10:48:58 INFO  epoch 1 evaluating [time: 8.16s, valid_score: 0.288300]
Wed 11 Feb 2026 10:48:58 INFO  valid result: 
hit@10 : 0.497    ndcg@10 : 0.338    mrr@10 : 0.2883
Wed 11 Feb 2026 10:48:58 INFO  Saving current: saved\TimeWeaver-Feb-11-2026_10-48-08.pth
Wed 11 Feb 2026 10:49:15 INFO  epoch 2 training [time: 16.45s, train loss: 2524.6550]
Wed 11 Feb 2026 10:49:22 INFO  epoch 2 evaluating [time: 7.77s, valid_score: 0.325000]
Wed 11 Feb 2026 10:49:22 INFO  valid result: 
hit@10 : 0.526    ndcg@10 : 0.373    mrr@10 : 0.325
Wed 11 Feb 2026 10:49:22 INFO  Saving current: saved\TimeWeaver-Feb-11-2026_10-48-08.pth
Wed 11 Feb 2026 10:49:39 INFO  epoch 3 training [time: 16.43s, train loss: 2409.3826]
Wed 11 Feb 2026 10:49:47 INFO  epoch 3 evaluating [time: 8.16s, valid_score: 0.341600]
Wed 11 Feb 2026 10:49:47 INFO  valid result: 
hit@10 : 0.5356    ndcg@10 : 0.3878    mrr@10 : 0.3416
Wed 11 Feb 2026 10:49:47 INFO  Saving current: saved\TimeWeaver-Feb-11-2026_10-48-08.pth
Wed 11 Feb 2026 10:50:04 INFO  epoch 4 training [time: 16.74s, train loss: 2316.6177]
Wed 11 Feb 2026 10:50:12 INFO  epoch 4 evaluating [time: 8.13s, valid_score: 0.340400]
Wed 11 Feb 2026 10:50:12 INFO  valid result: 
hit@10 : 0.5271    ndcg@10 : 0.3849    mrr@10 : 0.3404
Wed 11 Feb 2026 10:50:29 INFO  epoch 5 training [time: 16.97s, train loss: 2237.8307]
Wed 11 Feb 2026 10:50:37 INFO  epoch 5 evaluating [time: 7.98s, valid_score: 0.345500]
Wed 11 Feb 2026 10:50:37 INFO  valid result: 
hit@10 : 0.528    ndcg@10 : 0.3891    mrr@10 : 0.3455
Wed 11 Feb 2026 10:50:37 INFO  Saving current: saved\TimeWeaver-Feb-11-2026_10-48-08.pth
Wed 11 Feb 2026 10:50:53 INFO  epoch 6 training [time: 16.46s, train loss: 2171.2511]
Wed 11 Feb 2026 10:51:01 INFO  epoch 6 evaluating [time: 7.81s, valid_score: 0.341600]
Wed 11 Feb 2026 10:51:01 INFO  valid result: 
hit@10 : 0.5259    ndcg@10 : 0.3856    mrr@10 : 0.3416
Wed 11 Feb 2026 10:51:18 INFO  epoch 7 training [time: 17.34s, train loss: 2119.2661]
Wed 11 Feb 2026 10:51:27 INFO  epoch 7 evaluating [time: 8.07s, valid_score: 0.341900]
Wed 11 Feb 2026 10:51:27 INFO  valid result: 
hit@10 : 0.5219    ndcg@10 : 0.385    mrr@10 : 0.3419
Wed 11 Feb 2026 10:51:44 INFO  epoch 8 training [time: 17.26s, train loss: 2075.3380]
Wed 11 Feb 2026 10:51:52 INFO  epoch 8 evaluating [time: 8.46s, valid_score: 0.343400]
Wed 11 Feb 2026 10:51:52 INFO  valid result: 
hit@10 : 0.5259    ndcg@10 : 0.3869    mrr@10 : 0.3434
Wed 11 Feb 2026 10:52:09 INFO  epoch 9 training [time: 17.04s, train loss: 2042.5665]
Wed 11 Feb 2026 10:52:17 INFO  epoch 9 evaluating [time: 7.69s, valid_score: 0.346500]
Wed 11 Feb 2026 10:52:17 INFO  valid result: 
hit@10 : 0.5247    ndcg@10 : 0.389    mrr@10 : 0.3465
Wed 11 Feb 2026 10:52:17 INFO  Saving current: saved\TimeWeaver-Feb-11-2026_10-48-08.pth
Wed 11 Feb 2026 10:52:34 INFO  epoch 10 training [time: 16.64s, train loss: 2013.6132]
Wed 11 Feb 2026 10:52:42 INFO  epoch 10 evaluating [time: 8.25s, valid_score: 0.341400]
Wed 11 Feb 2026 10:52:42 INFO  valid result: 
hit@10 : 0.5236    ndcg@10 : 0.3849    mrr@10 : 0.3414
Wed 11 Feb 2026 10:52:59 INFO  epoch 11 training [time: 16.88s, train loss: 1988.9805]
Wed 11 Feb 2026 10:53:07 INFO  epoch 11 evaluating [time: 8.03s, valid_score: 0.347400]
Wed 11 Feb 2026 10:53:07 INFO  valid result: 
hit@10 : 0.5301    ndcg@10 : 0.391    mrr@10 : 0.3474
Wed 11 Feb 2026 10:53:07 INFO  Saving current: saved\TimeWeaver-Feb-11-2026_10-48-08.pth
Wed 11 Feb 2026 10:53:23 INFO  epoch 12 training [time: 16.46s, train loss: 1965.1351]
Wed 11 Feb 2026 10:53:31 INFO  epoch 12 evaluating [time: 7.74s, valid_score: 0.352700]
Wed 11 Feb 2026 10:53:31 INFO  valid result: 
hit@10 : 0.5366    ndcg@10 : 0.3964    mrr@10 : 0.3527
Wed 11 Feb 2026 10:53:31 INFO  Saving current: saved\TimeWeaver-Feb-11-2026_10-48-08.pth
Wed 11 Feb 2026 10:53:48 INFO  epoch 13 training [time: 16.88s, train loss: 1946.5960]
Wed 11 Feb 2026 10:53:56 INFO  epoch 13 evaluating [time: 8.15s, valid_score: 0.345100]
Wed 11 Feb 2026 10:53:56 INFO  valid result: 
hit@10 : 0.5311    ndcg@10 : 0.3894    mrr@10 : 0.3451
Wed 11 Feb 2026 10:54:13 INFO  epoch 14 training [time: 16.98s, train loss: 1926.6281]
Wed 11 Feb 2026 10:54:21 INFO  epoch 14 evaluating [time: 8.11s, valid_score: 0.345000]
Wed 11 Feb 2026 10:54:21 INFO  valid result: 
hit@10 : 0.5321    ndcg@10 : 0.3896    mrr@10 : 0.345
Wed 11 Feb 2026 10:54:38 INFO  epoch 15 training [time: 16.87s, train loss: 1911.5638]
Wed 11 Feb 2026 10:54:46 INFO  epoch 15 evaluating [time: 7.65s, valid_score: 0.344800]
Wed 11 Feb 2026 10:54:46 INFO  valid result: 
hit@10 : 0.5279    ndcg@10 : 0.3884    mrr@10 : 0.3448
Wed 11 Feb 2026 10:55:02 INFO  epoch 16 training [time: 16.36s, train loss: 1896.8587]
Wed 11 Feb 2026 10:55:10 INFO  epoch 16 evaluating [time: 7.93s, valid_score: 0.344700]
Wed 11 Feb 2026 10:55:10 INFO  valid result: 
hit@10 : 0.5333    ndcg@10 : 0.3895    mrr@10 : 0.3447
Wed 11 Feb 2026 10:55:28 INFO  epoch 17 training [time: 17.54s, train loss: 1881.5390]
Wed 11 Feb 2026 10:55:36 INFO  epoch 17 evaluating [time: 8.13s, valid_score: 0.341100]
Wed 11 Feb 2026 10:55:36 INFO  valid result: 
hit@10 : 0.5317    ndcg@10 : 0.3864    mrr@10 : 0.3411
Wed 11 Feb 2026 10:55:53 INFO  epoch 18 training [time: 17.14s, train loss: 1866.2596]
Wed 11 Feb 2026 10:56:01 INFO  epoch 18 evaluating [time: 8.38s, valid_score: 0.344500]
Wed 11 Feb 2026 10:56:01 INFO  valid result: 
hit@10 : 0.531    ndcg@10 : 0.3889    mrr@10 : 0.3445
Wed 11 Feb 2026 10:56:18 INFO  epoch 19 training [time: 16.63s, train loss: 1854.7048]
Wed 11 Feb 2026 10:56:26 INFO  epoch 19 evaluating [time: 7.71s, valid_score: 0.344000]
Wed 11 Feb 2026 10:56:26 INFO  valid result: 
hit@10 : 0.53    ndcg@10 : 0.3883    mrr@10 : 0.344
Wed 11 Feb 2026 10:56:42 INFO  epoch 20 training [time: 16.67s, train loss: 1843.6378]
Wed 11 Feb 2026 10:56:50 INFO  epoch 20 evaluating [time: 8.13s, valid_score: 0.338200]
Wed 11 Feb 2026 10:56:50 INFO  valid result: 
hit@10 : 0.5284    ndcg@10 : 0.3835    mrr@10 : 0.3382
Wed 11 Feb 2026 10:57:07 INFO  epoch 21 training [time: 16.75s, train loss: 1829.6256]
Wed 11 Feb 2026 10:57:15 INFO  epoch 21 evaluating [time: 7.82s, valid_score: 0.341500]
Wed 11 Feb 2026 10:57:15 INFO  valid result: 
hit@10 : 0.5273    ndcg@10 : 0.3856    mrr@10 : 0.3415
Wed 11 Feb 2026 10:57:31 INFO  epoch 22 training [time: 16.23s, train loss: 1816.8342]
Wed 11 Feb 2026 10:57:39 INFO  epoch 22 evaluating [time: 8.13s, valid_score: 0.343900]
Wed 11 Feb 2026 10:57:39 INFO  valid result: 
hit@10 : 0.5284    ndcg@10 : 0.3878    mrr@10 : 0.3439
Wed 11 Feb 2026 10:57:56 INFO  epoch 23 training [time: 16.89s, train loss: 1806.4293]
Wed 11 Feb 2026 10:58:04 INFO  epoch 23 evaluating [time: 8.25s, valid_score: 0.336000]
Wed 11 Feb 2026 10:58:04 INFO  valid result: 
hit@10 : 0.527    ndcg@10 : 0.3815    mrr@10 : 0.336
Wed 11 Feb 2026 10:58:04 INFO  Finished training, best eval result in epoch 12
Wed 11 Feb 2026 10:58:04 INFO  Loading model structure and parameters from saved\TimeWeaver-Feb-11-2026_10-48-08.pth
Wed 11 Feb 2026 10:58:13 INFO  The running environment of this training is as follows:
+-------------+----------------+
| Environment |     Usage      |
+=============+================+
| CPU         |     5.40 %     |
+-------------+----------------+
| GPU         | 0.18 G/6.00 G  |
+-------------+----------------+
| Memory      | 1.44 G/15.63 G |
+-------------+----------------+
Wed 11 Feb 2026 10:58:13 INFO  best valid : OrderedDict([('hit@10', 0.5366), ('ndcg@10', 0.3964), ('mrr@10', 0.3527)])
Wed 11 Feb 2026 10:58:13 INFO  test result: OrderedDict([('hit@10', 0.4974), ('ndcg@10', 0.3518), ('mrr@10', 0.3063)])
