Mon 09 Feb 2026 23:51:36 INFO  ['F:\\桌面\\recommendation_system\\scripts\\run_grid.py', '--models', 'timeweaver', '--datasets', 'ml-100k', '--seeds', '42', '--device', 'gpu', '--timeweaver-variant', 'base', '--tag', 'e0p2_k7_d0p2_l1_f512_b1000', '--output', 'results/run_grid_timeweaver_tune.json', '--tw-ema-decay', '0.2', '--tw-tcn-kernel', '7', '--tw-hidden-dropout', '0.2', '--tw-num-layers', '1', '--tw-ffn-hidden', '512', '--tw-time-bucket', '1000']
Mon 09 Feb 2026 23:51:36 INFO  
General Hyper Parameters:
gpu_id = 0
use_gpu = True
seed = 42
state = INFO
reproducibility = True
data_path = F:\anaconda3\envs\rec39\Lib\site-packages\recbole\config\../dataset_example/ml-100k
checkpoint_dir = saved
show_progress = True
save_dataset = False
dataset_save_path = None
save_dataloaders = False
dataloaders_save_path = None
log_wandb = False

Training Hyper Parameters:
epochs = 100
train_batch_size = 256
learner = adam
learning_rate = 0.001
train_neg_sample_args = {'distribution': 'none', 'sample_num': 'none', 'alpha': 'none', 'dynamic': False, 'candidate_num': 0}
eval_step = 1
stopping_step = 10
clip_grad_norm = None
weight_decay = 0.0
loss_decimal_place = 4

Evaluation Hyper Parameters:
eval_args = {'split': {'LS': 'valid_and_test'}, 'order': 'TO', 'group_by': 'user', 'mode': {'valid': 'uni100', 'test': 'uni100'}}
repeatable = True
metrics = ['Hit', 'NDCG', 'MRR']
topk = [10]
valid_metric = MRR@10
valid_metric_bigger = True
eval_batch_size = 512
metric_decimal_place = 4

Dataset Hyper Parameters:
field_separator = 	
seq_separator =  
USER_ID_FIELD = user_id
ITEM_ID_FIELD = item_id
RATING_FIELD = rating
TIME_FIELD = timestamp
seq_len = None
LABEL_FIELD = label
threshold = None
NEG_PREFIX = neg_
load_col = {'inter': ['user_id', 'item_id', 'rating', 'timestamp'], 'user': ['user_id', 'age', 'gender', 'occupation', 'zip_code'], 'item': ['item_id', 'movie_title', 'release_year', 'class']}
unload_col = None
unused_col = None
additional_feat_suffix = None
rm_dup_inter = None
val_interval = None
filter_inter_by_user_or_item = True
user_inter_num_interval = None
item_inter_num_interval = None
alias_of_user_id = None
alias_of_item_id = None
alias_of_entity_id = None
alias_of_relation_id = None
preload_weight = None
normalize_field = None
normalize_all = True
ITEM_LIST_LENGTH_FIELD = item_length
LIST_SUFFIX = _list
MAX_ITEM_LIST_LENGTH = 32
POSITION_FIELD = position_id
HEAD_ENTITY_ID_FIELD = head_id
TAIL_ENTITY_ID_FIELD = tail_id
RELATION_ID_FIELD = relation_id
ENTITY_ID_FIELD = entity_id
kg_reverse_r = False
entity_kg_num_interval = None
relation_kg_num_interval = None
benchmark_filename = None

Other Hyper Parameters: 
worker = 0
wandb_project = recbole
shuffle = True
require_pow = False
enable_amp = False
enable_scaler = False
transform = None
numerical_features = []
discretization = None
MODEL_TYPE = ModelType.SEQUENTIAL
model_name = TimeWeaver
hidden_size = 64
num_layers = 1
hidden_dropout_prob = 0.2
initializer_range = 0.02
time_bucket_size = 1000
ema_decay = 0.2
tcn_kernel_size = 7
ffn_hidden_size = 512
loss_type = CE
early_stop = 10
neg_sampling = None
device = cuda
use_continuous_time = False
use_time_gate = False
use_time_augmentation = False
MODEL_INPUT_TYPE = InputType.POINTWISE
eval_type = EvaluatorType.RANKING
single_spec = True
local_rank = 0
valid_neg_sample_args = {'distribution': 'uniform', 'sample_num': 100}
test_neg_sample_args = {'distribution': 'uniform', 'sample_num': 100}


Mon 09 Feb 2026 23:51:36 INFO  ml-100k
The number of users: 944
Average actions of users: 106.04453870625663
The number of items: 1683
Average actions of items: 59.45303210463734
The number of inters: 100000
The sparsity of the dataset: 93.70575143257098%
Remain Fields: ['user_id', 'item_id', 'rating', 'timestamp', 'age', 'gender', 'occupation', 'zip_code', 'movie_title', 'release_year', 'class']
Mon 09 Feb 2026 23:51:38 INFO  [Training]: train_batch_size = [256] train_neg_sample_args: [{'distribution': 'none', 'sample_num': 'none', 'alpha': 'none', 'dynamic': False, 'candidate_num': 0}]
Mon 09 Feb 2026 23:51:38 INFO  [Evaluation]: eval_batch_size = [512] eval_args: [{'split': {'LS': 'valid_and_test'}, 'order': 'TO', 'group_by': 'user', 'mode': {'valid': 'uni100', 'test': 'uni100'}}]
Mon 09 Feb 2026 23:51:38 INFO  TimeWeaver(
  (item_embedding): Embedding(1683, 64, padding_idx=0)
  (time_aug): TimeAwareAugmentation(
    (pos_embedding): Embedding(32, 64)
    (time_embedding): Embedding(1000, 64)
    (layer_norm): LayerNorm((64,), eps=1e-05, elementwise_affine=True)
    (drop): Dropout(p=0.2, inplace=False)
  )
  (context_layers): ModuleList(
    (0): TCNNextBlock(
      (dw): DepthwiseConv1d(
        (conv): Conv1d(64, 64, kernel_size=(7,), stride=(1,), padding=(3,), groups=64)
        (bn): BatchNorm1d(64, eps=1e-05, momentum=0.1, affine=True, track_running_stats=True)
        (drop): Dropout(p=0.2, inplace=False)
      )
      (norm1): LayerNorm((64,), eps=1e-05, elementwise_affine=True)
      (conv_inter): ParallelConvInter(
        (conv1): Conv1d(64, 64, kernel_size=(1,), stride=(1,))
        (conv3): Conv1d(64, 64, kernel_size=(3,), stride=(1,), padding=(1,))
        (proj): Conv1d(64, 64, kernel_size=(1,), stride=(1,))
        (drop): Dropout(p=0.2, inplace=False)
      )
      (norm2): LayerNorm((64,), eps=1e-05, elementwise_affine=True)
      (ffn): Sequential(
        (0): Linear(in_features=64, out_features=512, bias=True)
        (1): GELU(approximate='none')
        (2): Dropout(p=0.2, inplace=False)
        (3): Linear(in_features=512, out_features=64, bias=True)
        (4): Dropout(p=0.2, inplace=False)
      )
      (norm3): LayerNorm((64,), eps=1e-05, elementwise_affine=True)
    )
  )
  (dynamic_layers): ModuleList(
    (0): EMAStream(
      (proj): Linear(in_features=64, out_features=64, bias=True)
    )
  )
  (weavers): ModuleList(
    (0): StreamWeaver(
      (proj): Linear(in_features=128, out_features=64, bias=True)
      (norm): LayerNorm((64,), eps=1e-05, elementwise_affine=True)
    )
  )
  (loss_fct): CrossEntropyLoss()
)
Trainable parameters: 274241.0
Mon 09 Feb 2026 23:51:38 INFO  FLOPs: 3194880.0
Mon 09 Feb 2026 23:51:58 INFO  epoch 0 training [time: 19.11s, train loss: 2421.1728]
Mon 09 Feb 2026 23:52:00 INFO  epoch 0 evaluating [time: 1.93s, valid_score: 0.274900]
Mon 09 Feb 2026 23:52:00 INFO  valid result: 
hit@10 : 0.6628    ndcg@10 : 0.3659    mrr@10 : 0.2749
Mon 09 Feb 2026 23:52:00 INFO  Saving current: saved\TimeWeaver-Feb-09-2026_23-51-38.pth
Mon 09 Feb 2026 23:52:19 INFO  epoch 1 training [time: 18.78s, train loss: 2236.7425]
Mon 09 Feb 2026 23:52:21 INFO  epoch 1 evaluating [time: 1.74s, valid_score: 0.330600]
Mon 09 Feb 2026 23:52:21 INFO  valid result: 
hit@10 : 0.7063    ndcg@10 : 0.419    mrr@10 : 0.3306
Mon 09 Feb 2026 23:52:21 INFO  Saving current: saved\TimeWeaver-Feb-09-2026_23-51-38.pth
Mon 09 Feb 2026 23:52:40 INFO  epoch 2 training [time: 18.78s, train loss: 2193.8380]
Mon 09 Feb 2026 23:52:41 INFO  epoch 2 evaluating [time: 1.83s, valid_score: 0.339700]
Mon 09 Feb 2026 23:52:41 INFO  valid result: 
hit@10 : 0.7179    ndcg@10 : 0.4287    mrr@10 : 0.3397
Mon 09 Feb 2026 23:52:41 INFO  Saving current: saved\TimeWeaver-Feb-09-2026_23-51-38.pth
Mon 09 Feb 2026 23:53:01 INFO  epoch 3 training [time: 19.36s, train loss: 2168.8790]
Mon 09 Feb 2026 23:53:03 INFO  epoch 3 evaluating [time: 1.80s, valid_score: 0.335200]
Mon 09 Feb 2026 23:53:03 INFO  valid result: 
hit@10 : 0.7264    ndcg@10 : 0.4275    mrr@10 : 0.3352
Mon 09 Feb 2026 23:53:21 INFO  epoch 4 training [time: 18.75s, train loss: 2150.8764]
Mon 09 Feb 2026 23:53:23 INFO  epoch 4 evaluating [time: 1.77s, valid_score: 0.353600]
Mon 09 Feb 2026 23:53:23 INFO  valid result: 
hit@10 : 0.7264    ndcg@10 : 0.442    mrr@10 : 0.3536
Mon 09 Feb 2026 23:53:23 INFO  Saving current: saved\TimeWeaver-Feb-09-2026_23-51-38.pth
Mon 09 Feb 2026 23:53:42 INFO  epoch 5 training [time: 18.91s, train loss: 2135.6402]
Mon 09 Feb 2026 23:53:44 INFO  epoch 5 evaluating [time: 1.83s, valid_score: 0.344800]
Mon 09 Feb 2026 23:53:44 INFO  valid result: 
hit@10 : 0.7275    ndcg@10 : 0.4356    mrr@10 : 0.3448
Mon 09 Feb 2026 23:54:03 INFO  epoch 6 training [time: 19.36s, train loss: 2122.2138]
Mon 09 Feb 2026 23:54:05 INFO  epoch 6 evaluating [time: 1.82s, valid_score: 0.347400]
Mon 09 Feb 2026 23:54:05 INFO  valid result: 
hit@10 : 0.7275    ndcg@10 : 0.4374    mrr@10 : 0.3474
Mon 09 Feb 2026 23:54:24 INFO  epoch 7 training [time: 19.24s, train loss: 2110.7927]
Mon 09 Feb 2026 23:54:26 INFO  epoch 7 evaluating [time: 1.85s, valid_score: 0.348600]
Mon 09 Feb 2026 23:54:26 INFO  valid result: 
hit@10 : 0.7275    ndcg@10 : 0.4386    mrr@10 : 0.3486
Mon 09 Feb 2026 23:54:45 INFO  epoch 8 training [time: 18.86s, train loss: 2101.6745]
Mon 09 Feb 2026 23:54:47 INFO  epoch 8 evaluating [time: 1.76s, valid_score: 0.352100]
Mon 09 Feb 2026 23:54:47 INFO  valid result: 
hit@10 : 0.7158    ndcg@10 : 0.4385    mrr@10 : 0.3521
Mon 09 Feb 2026 23:55:06 INFO  epoch 9 training [time: 18.89s, train loss: 2093.3539]
Mon 09 Feb 2026 23:55:08 INFO  epoch 9 evaluating [time: 1.86s, valid_score: 0.338800]
Mon 09 Feb 2026 23:55:08 INFO  valid result: 
hit@10 : 0.7169    ndcg@10 : 0.4283    mrr@10 : 0.3388
Mon 09 Feb 2026 23:55:28 INFO  epoch 10 training [time: 20.00s, train loss: 2085.6671]
Mon 09 Feb 2026 23:55:29 INFO  epoch 10 evaluating [time: 1.85s, valid_score: 0.336700]
Mon 09 Feb 2026 23:55:29 INFO  valid result: 
hit@10 : 0.72    ndcg@10 : 0.4276    mrr@10 : 0.3367
Mon 09 Feb 2026 23:55:49 INFO  epoch 11 training [time: 19.66s, train loss: 2077.9600]
Mon 09 Feb 2026 23:55:51 INFO  epoch 11 evaluating [time: 1.85s, valid_score: 0.350300]
Mon 09 Feb 2026 23:55:51 INFO  valid result: 
hit@10 : 0.7296    ndcg@10 : 0.4399    mrr@10 : 0.3503
Mon 09 Feb 2026 23:56:10 INFO  epoch 12 training [time: 19.30s, train loss: 2072.6296]
Mon 09 Feb 2026 23:56:12 INFO  epoch 12 evaluating [time: 1.74s, valid_score: 0.341000]
Mon 09 Feb 2026 23:56:12 INFO  valid result: 
hit@10 : 0.7285    ndcg@10 : 0.433    mrr@10 : 0.341
Mon 09 Feb 2026 23:56:31 INFO  epoch 13 training [time: 18.60s, train loss: 2066.8192]
Mon 09 Feb 2026 23:56:32 INFO  epoch 13 evaluating [time: 1.76s, valid_score: 0.347500]
Mon 09 Feb 2026 23:56:32 INFO  valid result: 
hit@10 : 0.7169    ndcg@10 : 0.4352    mrr@10 : 0.3475
Mon 09 Feb 2026 23:56:52 INFO  epoch 14 training [time: 19.18s, train loss: 2060.4206]
Mon 09 Feb 2026 23:56:53 INFO  epoch 14 evaluating [time: 1.84s, valid_score: 0.349900]
Mon 09 Feb 2026 23:56:53 INFO  valid result: 
hit@10 : 0.7296    ndcg@10 : 0.4397    mrr@10 : 0.3499
Mon 09 Feb 2026 23:57:12 INFO  epoch 15 training [time: 19.08s, train loss: 2055.8384]
Mon 09 Feb 2026 23:57:14 INFO  epoch 15 evaluating [time: 1.75s, valid_score: 0.366600]
Mon 09 Feb 2026 23:57:14 INFO  valid result: 
hit@10 : 0.7328    ndcg@10 : 0.4531    mrr@10 : 0.3666
Mon 09 Feb 2026 23:57:14 INFO  Saving current: saved\TimeWeaver-Feb-09-2026_23-51-38.pth
Mon 09 Feb 2026 23:57:33 INFO  epoch 16 training [time: 18.85s, train loss: 2051.2751]
Mon 09 Feb 2026 23:57:35 INFO  epoch 16 evaluating [time: 1.84s, valid_score: 0.350500]
Mon 09 Feb 2026 23:57:35 INFO  valid result: 
hit@10 : 0.7105    ndcg@10 : 0.4361    mrr@10 : 0.3505
Mon 09 Feb 2026 23:57:54 INFO  epoch 17 training [time: 19.27s, train loss: 2045.1678]
Mon 09 Feb 2026 23:57:56 INFO  epoch 17 evaluating [time: 1.80s, valid_score: 0.341800]
Mon 09 Feb 2026 23:57:56 INFO  valid result: 
hit@10 : 0.7306    ndcg@10 : 0.4336    mrr@10 : 0.3418
Mon 09 Feb 2026 23:58:15 INFO  epoch 18 training [time: 19.19s, train loss: 2040.4130]
Mon 09 Feb 2026 23:58:17 INFO  epoch 18 evaluating [time: 1.80s, valid_score: 0.340000]
Mon 09 Feb 2026 23:58:17 INFO  valid result: 
hit@10 : 0.7317    ndcg@10 : 0.4322    mrr@10 : 0.34
Mon 09 Feb 2026 23:58:36 INFO  epoch 19 training [time: 19.19s, train loss: 2037.0084]
Mon 09 Feb 2026 23:58:38 INFO  epoch 19 evaluating [time: 1.74s, valid_score: 0.340500]
Mon 09 Feb 2026 23:58:38 INFO  valid result: 
hit@10 : 0.72    ndcg@10 : 0.4307    mrr@10 : 0.3405
Mon 09 Feb 2026 23:58:57 INFO  epoch 20 training [time: 18.72s, train loss: 2033.3469]
Mon 09 Feb 2026 23:58:58 INFO  epoch 20 evaluating [time: 1.75s, valid_score: 0.335900]
Mon 09 Feb 2026 23:58:58 INFO  valid result: 
hit@10 : 0.7328    ndcg@10 : 0.43    mrr@10 : 0.3359
Mon 09 Feb 2026 23:59:18 INFO  epoch 21 training [time: 19.74s, train loss: 2030.2134]
Mon 09 Feb 2026 23:59:20 INFO  epoch 21 evaluating [time: 1.86s, valid_score: 0.338200]
Mon 09 Feb 2026 23:59:20 INFO  valid result: 
hit@10 : 0.7232    ndcg@10 : 0.4294    mrr@10 : 0.3382
Mon 09 Feb 2026 23:59:40 INFO  epoch 22 training [time: 19.90s, train loss: 2024.6074]
Mon 09 Feb 2026 23:59:42 INFO  epoch 22 evaluating [time: 1.88s, valid_score: 0.354800]
Mon 09 Feb 2026 23:59:42 INFO  valid result: 
hit@10 : 0.7359    ndcg@10 : 0.4449    mrr@10 : 0.3548
Tue 10 Feb 2026 00:00:02 INFO  epoch 23 training [time: 19.76s, train loss: 2020.7272]
Tue 10 Feb 2026 00:00:03 INFO  epoch 23 evaluating [time: 1.82s, valid_score: 0.344100]
Tue 10 Feb 2026 00:00:03 INFO  valid result: 
hit@10 : 0.719    ndcg@10 : 0.433    mrr@10 : 0.3441
Tue 10 Feb 2026 00:00:22 INFO  epoch 24 training [time: 18.69s, train loss: 2018.0781]
Tue 10 Feb 2026 00:00:24 INFO  epoch 24 evaluating [time: 1.76s, valid_score: 0.353800]
Tue 10 Feb 2026 00:00:24 INFO  valid result: 
hit@10 : 0.7243    ndcg@10 : 0.4412    mrr@10 : 0.3538
Tue 10 Feb 2026 00:00:43 INFO  epoch 25 training [time: 19.08s, train loss: 2013.5116]
Tue 10 Feb 2026 00:00:45 INFO  epoch 25 evaluating [time: 1.81s, valid_score: 0.332400]
Tue 10 Feb 2026 00:00:45 INFO  valid result: 
hit@10 : 0.7094    ndcg@10 : 0.4215    mrr@10 : 0.3324
Tue 10 Feb 2026 00:01:04 INFO  epoch 26 training [time: 19.27s, train loss: 2010.1586]
Tue 10 Feb 2026 00:01:06 INFO  epoch 26 evaluating [time: 1.74s, valid_score: 0.328200]
Tue 10 Feb 2026 00:01:06 INFO  valid result: 
hit@10 : 0.7222    ndcg@10 : 0.4215    mrr@10 : 0.3282
Tue 10 Feb 2026 00:01:06 INFO  Finished training, best eval result in epoch 15
Tue 10 Feb 2026 00:01:06 INFO  Loading model structure and parameters from saved\TimeWeaver-Feb-09-2026_23-51-38.pth
Tue 10 Feb 2026 00:01:08 INFO  The running environment of this training is as follows:
+-------------+----------------+
| Environment |     Usage      |
+=============+================+
| CPU         |     5.90 %     |
+-------------+----------------+
| GPU         | 0.21 G/6.00 G  |
+-------------+----------------+
| Memory      | 1.42 G/15.63 G |
+-------------+----------------+
Tue 10 Feb 2026 00:01:08 INFO  best valid : OrderedDict([('hit@10', 0.7328), ('ndcg@10', 0.4531), ('mrr@10', 0.3666)])
Tue 10 Feb 2026 00:01:08 INFO  test result: OrderedDict([('hit@10', 0.6766), ('ndcg@10', 0.4058), ('mrr@10', 0.322)])
