Thu 12 Feb 2026 00:36:28 INFO  ['F:\\桌面\\recommendation_system\\scripts\\run_grid.py', '--models', 'timeweaver', '--datasets', 'amazon-beauty-5core-subset', '--seeds', '42', '--device', 'gpu', '--timeweaver-variant', 'base', '--tag', 'e0p2_k7_d0p2_l1_f512_b1000', '--output', 'results/run_grid_timeweaver_tune.json', '--tw-ema-decay', '0.2', '--tw-tcn-kernel', '7', '--tw-hidden-dropout', '0.2', '--tw-num-layers', '1', '--tw-ffn-hidden', '512', '--tw-time-bucket', '1000']
Thu 12 Feb 2026 00:36:28 INFO  
General Hyper Parameters:
gpu_id = 0
use_gpu = True
seed = 42
state = INFO
reproducibility = True
data_path = data/amazon\amazon-beauty-5core-subset
checkpoint_dir = saved
show_progress = True
save_dataset = False
dataset_save_path = None
save_dataloaders = False
dataloaders_save_path = None
log_wandb = False

Training Hyper Parameters:
epochs = 100
train_batch_size = 256
learner = adam
learning_rate = 0.001
train_neg_sample_args = {'distribution': 'none', 'sample_num': 'none', 'alpha': 'none', 'dynamic': False, 'candidate_num': 0}
eval_step = 1
stopping_step = 10
clip_grad_norm = None
weight_decay = 0.0
loss_decimal_place = 4

Evaluation Hyper Parameters:
eval_args = {'split': {'LS': 'valid_and_test'}, 'order': 'TO', 'group_by': 'user', 'mode': {'valid': 'uni100', 'test': 'uni100'}}
repeatable = True
metrics = ['Hit', 'NDCG', 'MRR']
topk = [10]
valid_metric = MRR@10
valid_metric_bigger = True
eval_batch_size = 512
metric_decimal_place = 4

Dataset Hyper Parameters:
field_separator = 	
seq_separator =  
USER_ID_FIELD = user_id
ITEM_ID_FIELD = item_id
RATING_FIELD = rating
TIME_FIELD = timestamp
seq_len = None
LABEL_FIELD = label
threshold = None
NEG_PREFIX = neg_
load_col = {'inter': ['user_id', 'item_id', 'rating', 'timestamp']}
unload_col = None
unused_col = None
additional_feat_suffix = None
rm_dup_inter = None
val_interval = None
filter_inter_by_user_or_item = True
user_inter_num_interval = [0,inf)
item_inter_num_interval = [0,inf)
alias_of_user_id = None
alias_of_item_id = None
alias_of_entity_id = None
alias_of_relation_id = None
preload_weight = None
normalize_field = None
normalize_all = None
ITEM_LIST_LENGTH_FIELD = item_length
LIST_SUFFIX = _list
MAX_ITEM_LIST_LENGTH = 32
POSITION_FIELD = position_id
HEAD_ENTITY_ID_FIELD = head_id
TAIL_ENTITY_ID_FIELD = tail_id
RELATION_ID_FIELD = relation_id
ENTITY_ID_FIELD = entity_id
benchmark_filename = None

Other Hyper Parameters: 
worker = 0
wandb_project = recbole
shuffle = True
require_pow = False
enable_amp = False
enable_scaler = False
transform = None
numerical_features = []
discretization = None
kg_reverse_r = False
entity_kg_num_interval = [0,inf)
relation_kg_num_interval = [0,inf)
MODEL_TYPE = ModelType.SEQUENTIAL
model_name = TimeWeaver
hidden_size = 64
num_layers = 1
hidden_dropout_prob = 0.2
initializer_range = 0.02
time_bucket_size = 1000
ema_decay = 0.2
tcn_kernel_size = 7
ffn_hidden_size = 512
loss_type = CE
early_stop = 10
neg_sampling = None
device = cuda
use_continuous_time = False
use_time_gate = False
use_time_augmentation = False
MODEL_INPUT_TYPE = InputType.POINTWISE
eval_type = EvaluatorType.RANKING
single_spec = True
local_rank = 0
valid_neg_sample_args = {'distribution': 'uniform', 'sample_num': 100}
test_neg_sample_args = {'distribution': 'uniform', 'sample_num': 100}


Thu 12 Feb 2026 00:36:28 INFO  amazon-beauty-5core-subset
The number of users: 7001
Average actions of users: 15.458
The number of items: 11924
Average actions of items: 9.075400486454752
The number of inters: 108206
The sparsity of the dataset: 99.87038081155896%
Remain Fields: ['user_id', 'item_id', 'rating', 'timestamp']
Thu 12 Feb 2026 00:36:30 INFO  [Training]: train_batch_size = [256] train_neg_sample_args: [{'distribution': 'none', 'sample_num': 'none', 'alpha': 'none', 'dynamic': False, 'candidate_num': 0}]
Thu 12 Feb 2026 00:36:30 INFO  [Evaluation]: eval_batch_size = [512] eval_args: [{'split': {'LS': 'valid_and_test'}, 'order': 'TO', 'group_by': 'user', 'mode': {'valid': 'uni100', 'test': 'uni100'}}]
Thu 12 Feb 2026 00:36:30 INFO  TimeWeaver(
  (item_embedding): Embedding(11924, 64, padding_idx=0)
  (time_aug): TimeAwareAugmentation(
    (pos_embedding): Embedding(32, 64)
    (time_embedding): Embedding(1000, 64)
    (layer_norm): LayerNorm((64,), eps=1e-05, elementwise_affine=True)
    (drop): Dropout(p=0.2, inplace=False)
  )
  (context_layers): ModuleList(
    (0): TCNNextBlock(
      (dw): DepthwiseConv1d(
        (conv): Conv1d(64, 64, kernel_size=(7,), stride=(1,), padding=(3,), groups=64)
        (bn): BatchNorm1d(64, eps=1e-05, momentum=0.1, affine=True, track_running_stats=True)
        (drop): Dropout(p=0.2, inplace=False)
      )
      (norm1): LayerNorm((64,), eps=1e-05, elementwise_affine=True)
      (conv_inter): ParallelConvInter(
        (conv1): Conv1d(64, 64, kernel_size=(1,), stride=(1,))
        (conv3): Conv1d(64, 64, kernel_size=(3,), stride=(1,), padding=(1,))
        (proj): Conv1d(64, 64, kernel_size=(1,), stride=(1,))
        (drop): Dropout(p=0.2, inplace=False)
      )
      (norm2): LayerNorm((64,), eps=1e-05, elementwise_affine=True)
      (ffn): Sequential(
        (0): Linear(in_features=64, out_features=512, bias=True)
        (1): GELU(approximate='none')
        (2): Dropout(p=0.2, inplace=False)
        (3): Linear(in_features=512, out_features=64, bias=True)
        (4): Dropout(p=0.2, inplace=False)
      )
      (norm3): LayerNorm((64,), eps=1e-05, elementwise_affine=True)
    )
  )
  (dynamic_layers): ModuleList(
    (0): EMAStream(
      (proj): Linear(in_features=64, out_features=64, bias=True)
    )
  )
  (weavers): ModuleList(
    (0): StreamWeaver(
      (proj): Linear(in_features=128, out_features=64, bias=True)
      (norm): LayerNorm((64,), eps=1e-05, elementwise_affine=True)
    )
  )
  (loss_fct): CrossEntropyLoss()
)
Trainable parameters: 929665.0
Thu 12 Feb 2026 00:36:30 INFO  FLOPs: 3194880.0
Thu 12 Feb 2026 00:36:48 INFO  epoch 0 training [time: 16.61s, train loss: 2914.1903]
Thu 12 Feb 2026 00:36:57 INFO  epoch 0 evaluating [time: 8.59s, valid_score: 0.240200]
Thu 12 Feb 2026 00:36:57 INFO  valid result: 
hit@10 : 0.4647    ndcg@10 : 0.2935    mrr@10 : 0.2402
Thu 12 Feb 2026 00:36:57 INFO  Saving current: saved\TimeWeaver-Feb-12-2026_00-36-30.pth
Thu 12 Feb 2026 00:37:14 INFO  epoch 1 training [time: 16.89s, train loss: 2602.6240]
Thu 12 Feb 2026 00:37:22 INFO  epoch 1 evaluating [time: 8.23s, valid_score: 0.312400]
Thu 12 Feb 2026 00:37:22 INFO  valid result: 
hit@10 : 0.5153    ndcg@10 : 0.3608    mrr@10 : 0.3124
Thu 12 Feb 2026 00:37:22 INFO  Saving current: saved\TimeWeaver-Feb-12-2026_00-36-30.pth
Thu 12 Feb 2026 00:37:39 INFO  epoch 2 training [time: 17.12s, train loss: 2386.0441]
Thu 12 Feb 2026 00:37:48 INFO  epoch 2 evaluating [time: 8.61s, valid_score: 0.337900]
Thu 12 Feb 2026 00:37:48 INFO  valid result: 
hit@10 : 0.5316    ndcg@10 : 0.384    mrr@10 : 0.3379
Thu 12 Feb 2026 00:37:48 INFO  Saving current: saved\TimeWeaver-Feb-12-2026_00-36-30.pth
Thu 12 Feb 2026 00:38:05 INFO  epoch 3 training [time: 17.29s, train loss: 2213.8733]
Thu 12 Feb 2026 00:38:13 INFO  epoch 3 evaluating [time: 8.60s, valid_score: 0.340100]
Thu 12 Feb 2026 00:38:13 INFO  valid result: 
hit@10 : 0.5239    ndcg@10 : 0.3838    mrr@10 : 0.3401
Thu 12 Feb 2026 00:38:14 INFO  Saving current: saved\TimeWeaver-Feb-12-2026_00-36-30.pth
Thu 12 Feb 2026 00:38:31 INFO  epoch 4 training [time: 17.28s, train loss: 2081.4379]
Thu 12 Feb 2026 00:38:39 INFO  epoch 4 evaluating [time: 8.42s, valid_score: 0.337000]
Thu 12 Feb 2026 00:38:39 INFO  valid result: 
hit@10 : 0.5206    ndcg@10 : 0.3807    mrr@10 : 0.337
Thu 12 Feb 2026 00:38:56 INFO  epoch 5 training [time: 17.06s, train loss: 1986.4843]
Thu 12 Feb 2026 00:39:05 INFO  epoch 5 evaluating [time: 8.42s, valid_score: 0.334400]
Thu 12 Feb 2026 00:39:05 INFO  valid result: 
hit@10 : 0.5129    ndcg@10 : 0.3768    mrr@10 : 0.3344
Thu 12 Feb 2026 00:39:22 INFO  epoch 6 training [time: 17.64s, train loss: 1915.9949]
Thu 12 Feb 2026 00:39:31 INFO  epoch 6 evaluating [time: 8.60s, valid_score: 0.335200]
Thu 12 Feb 2026 00:39:31 INFO  valid result: 
hit@10 : 0.5177    ndcg@10 : 0.3786    mrr@10 : 0.3352
Thu 12 Feb 2026 00:39:48 INFO  epoch 7 training [time: 17.37s, train loss: 1859.6075]
Thu 12 Feb 2026 00:39:57 INFO  epoch 7 evaluating [time: 8.67s, valid_score: 0.330000]
Thu 12 Feb 2026 00:39:57 INFO  valid result: 
hit@10 : 0.5126    ndcg@10 : 0.3735    mrr@10 : 0.33
Thu 12 Feb 2026 00:40:14 INFO  epoch 8 training [time: 17.05s, train loss: 1811.5940]
Thu 12 Feb 2026 00:40:22 INFO  epoch 8 evaluating [time: 8.33s, valid_score: 0.325400]
Thu 12 Feb 2026 00:40:22 INFO  valid result: 
hit@10 : 0.5074    ndcg@10 : 0.3686    mrr@10 : 0.3254
Thu 12 Feb 2026 00:40:39 INFO  epoch 9 training [time: 16.84s, train loss: 1768.6548]
Thu 12 Feb 2026 00:40:48 INFO  epoch 9 evaluating [time: 8.62s, valid_score: 0.323800]
Thu 12 Feb 2026 00:40:48 INFO  valid result: 
hit@10 : 0.5057    ndcg@10 : 0.367    mrr@10 : 0.3238
Thu 12 Feb 2026 00:41:05 INFO  epoch 10 training [time: 17.40s, train loss: 1730.9724]
Thu 12 Feb 2026 00:41:14 INFO  epoch 10 evaluating [time: 8.37s, valid_score: 0.320800]
Thu 12 Feb 2026 00:41:14 INFO  valid result: 
hit@10 : 0.5014    ndcg@10 : 0.3638    mrr@10 : 0.3208
Thu 12 Feb 2026 00:41:30 INFO  epoch 11 training [time: 16.76s, train loss: 1694.1418]
Thu 12 Feb 2026 00:41:39 INFO  epoch 11 evaluating [time: 8.45s, valid_score: 0.322200]
Thu 12 Feb 2026 00:41:39 INFO  valid result: 
hit@10 : 0.5023    ndcg@10 : 0.3648    mrr@10 : 0.3222
Thu 12 Feb 2026 00:41:56 INFO  epoch 12 training [time: 17.26s, train loss: 1661.4888]
Thu 12 Feb 2026 00:42:05 INFO  epoch 12 evaluating [time: 8.54s, valid_score: 0.318800]
Thu 12 Feb 2026 00:42:05 INFO  valid result: 
hit@10 : 0.5001    ndcg@10 : 0.3617    mrr@10 : 0.3188
Thu 12 Feb 2026 00:42:22 INFO  epoch 13 training [time: 17.30s, train loss: 1630.5317]
Thu 12 Feb 2026 00:42:30 INFO  epoch 13 evaluating [time: 8.55s, valid_score: 0.317100]
Thu 12 Feb 2026 00:42:30 INFO  valid result: 
hit@10 : 0.4947    ndcg@10 : 0.3593    mrr@10 : 0.3171
Thu 12 Feb 2026 00:42:47 INFO  epoch 14 training [time: 16.99s, train loss: 1599.3322]
Thu 12 Feb 2026 00:42:56 INFO  epoch 14 evaluating [time: 8.20s, valid_score: 0.309100]
Thu 12 Feb 2026 00:42:56 INFO  valid result: 
hit@10 : 0.486    ndcg@10 : 0.3511    mrr@10 : 0.3091
Thu 12 Feb 2026 00:42:56 INFO  Finished training, best eval result in epoch 3
Thu 12 Feb 2026 00:42:56 INFO  Loading model structure and parameters from saved\TimeWeaver-Feb-12-2026_00-36-30.pth
Thu 12 Feb 2026 00:43:05 INFO  The running environment of this training is as follows:
+-------------+----------------+
| Environment |     Usage      |
+=============+================+
| CPU         |     6.20 %     |
+-------------+----------------+
| GPU         | 0.23 G/6.00 G  |
+-------------+----------------+
| Memory      | 1.44 G/15.63 G |
+-------------+----------------+
Thu 12 Feb 2026 00:43:05 INFO  best valid : OrderedDict([('hit@10', 0.5239), ('ndcg@10', 0.3838), ('mrr@10', 0.3401)])
Thu 12 Feb 2026 00:43:05 INFO  test result: OrderedDict([('hit@10', 0.4791), ('ndcg@10', 0.3403), ('mrr@10', 0.297)])
