Thu 05 Mar 2026 10:25:10 INFO  ['F:\\桌面\\recommendation_system\\scripts\\run_grid.py', '--models', 'timeweaver', '--datasets', 'amazon-toys-5core-subset-full', '--timeweaver-variant', 'gate_discrete', '--seeds', '42,2023,2024', '--device', 'gpu', '--output', 'results/timeweaver_toys_ablation_full.json']
Thu 05 Mar 2026 10:25:10 INFO  
General Hyper Parameters:
gpu_id = 0
use_gpu = True
seed = 42
state = INFO
reproducibility = True
data_path = data/amazon\amazon-toys-5core-subset
checkpoint_dir = saved
show_progress = True
save_dataset = False
dataset_save_path = None
save_dataloaders = False
dataloaders_save_path = None
log_wandb = False

Training Hyper Parameters:
epochs = 100
train_batch_size = 256
learner = adam
learning_rate = 0.001
train_neg_sample_args = {'distribution': 'none', 'sample_num': 'none', 'alpha': 'none', 'dynamic': False, 'candidate_num': 0}
eval_step = 1
stopping_step = 10
clip_grad_norm = None
weight_decay = 0.0
loss_decimal_place = 4

Evaluation Hyper Parameters:
eval_args = {'split': {'LS': 'valid_and_test'}, 'order': 'TO', 'group_by': 'user', 'mode': {'valid': 'full', 'test': 'full'}}
repeatable = True
metrics = ['Hit', 'NDCG', 'MRR']
topk = [10]
valid_metric = Hit@10
valid_metric_bigger = True
eval_batch_size = 512
metric_decimal_place = 4

Dataset Hyper Parameters:
field_separator = 	
seq_separator =  
USER_ID_FIELD = user_id
ITEM_ID_FIELD = item_id
RATING_FIELD = rating
TIME_FIELD = timestamp
seq_len = None
LABEL_FIELD = label
threshold = None
NEG_PREFIX = neg_
load_col = {'inter': ['user_id', 'item_id', 'rating', 'timestamp']}
unload_col = None
unused_col = None
additional_feat_suffix = None
rm_dup_inter = None
val_interval = None
filter_inter_by_user_or_item = True
user_inter_num_interval = [0,inf)
item_inter_num_interval = [0,inf)
alias_of_user_id = None
alias_of_item_id = None
alias_of_entity_id = None
alias_of_relation_id = None
preload_weight = None
normalize_field = None
normalize_all = None
ITEM_LIST_LENGTH_FIELD = item_length
LIST_SUFFIX = _list
MAX_ITEM_LIST_LENGTH = 32
POSITION_FIELD = position_id
HEAD_ENTITY_ID_FIELD = head_id
TAIL_ENTITY_ID_FIELD = tail_id
RELATION_ID_FIELD = relation_id
ENTITY_ID_FIELD = entity_id
benchmark_filename = None

Other Hyper Parameters: 
worker = 0
wandb_project = recbole
shuffle = True
require_pow = False
enable_amp = False
enable_scaler = False
transform = None
numerical_features = []
discretization = None
kg_reverse_r = False
entity_kg_num_interval = [0,inf)
relation_kg_num_interval = [0,inf)
MODEL_TYPE = ModelType.SEQUENTIAL
model_name = TimeWeaver
hidden_size = 64
num_layers = 2
hidden_dropout_prob = 0.5
initializer_range = 0.02
time_bucket_size = 1000
ema_decay = 0.5
tcn_kernel_size = -1
ffn_hidden_size = 256
loss_type = CE
early_stop = 10
neg_sampling = None
device = cuda
use_continuous_time = False
use_time_gate = True
use_time_augmentation = False
MODEL_INPUT_TYPE = InputType.POINTWISE
eval_type = EvaluatorType.RANKING
single_spec = True
local_rank = 0
valid_neg_sample_args = {'distribution': 'uniform', 'sample_num': 'none'}
test_neg_sample_args = {'distribution': 'uniform', 'sample_num': 'none'}


Thu 05 Mar 2026 10:25:11 INFO  amazon-toys-5core-subset
The number of users: 19413
Average actions of users: 8.633680197815783
The number of items: 11925
Average actions of items: 14.055434417980543
The number of inters: 167597
The sparsity of the dataset: 99.92760389550713%
Remain Fields: ['user_id', 'item_id', 'rating', 'timestamp']
Thu 05 Mar 2026 10:25:13 INFO  [Training]: train_batch_size = [256] train_neg_sample_args: [{'distribution': 'none', 'sample_num': 'none', 'alpha': 'none', 'dynamic': False, 'candidate_num': 0}]
Thu 05 Mar 2026 10:25:13 INFO  [Evaluation]: eval_batch_size = [512] eval_args: [{'split': {'LS': 'valid_and_test'}, 'order': 'TO', 'group_by': 'user', 'mode': {'valid': 'full', 'test': 'full'}}]
Thu 05 Mar 2026 10:25:13 INFO  TimeWeaver(
  (item_embedding): Embedding(11925, 64, padding_idx=0)
  (time_aug): TimeAwareAugmentation(
    (pos_embedding): Embedding(32, 64)
    (time_embedding): Embedding(1000, 64)
    (time_gate): TimeGate(
      (net): Sequential(
        (0): Linear(in_features=128, out_features=16, bias=True)
        (1): GELU(approximate='none')
        (2): Linear(in_features=16, out_features=64, bias=True)
        (3): Sigmoid()
      )
    )
    (layer_norm): LayerNorm((64,), eps=1e-05, elementwise_affine=True)
    (drop): Dropout(p=0.5, inplace=False)
  )
  (context_layers): ModuleList(
    (0-1): 2 x TCNNextBlock(
      (dw): DepthwiseConv1d(
        (conv): Conv1d(64, 64, kernel_size=(11,), stride=(1,), padding=(5,), groups=64)
        (bn): BatchNorm1d(64, eps=1e-05, momentum=0.1, affine=True, track_running_stats=True)
        (drop): Dropout(p=0.5, inplace=False)
      )
      (norm1): LayerNorm((64,), eps=1e-05, elementwise_affine=True)
      (conv_inter): ParallelConvInter(
        (conv1): Conv1d(64, 64, kernel_size=(1,), stride=(1,))
        (conv3): Conv1d(64, 64, kernel_size=(3,), stride=(1,), padding=(1,))
        (proj): Conv1d(64, 64, kernel_size=(1,), stride=(1,))
        (drop): Dropout(p=0.5, inplace=False)
      )
      (norm2): LayerNorm((64,), eps=1e-05, elementwise_affine=True)
      (ffn): Sequential(
        (0): Linear(in_features=64, out_features=256, bias=True)
        (1): GELU(approximate='none')
        (2): Dropout(p=0.5, inplace=False)
        (3): Linear(in_features=256, out_features=64, bias=True)
        (4): Dropout(p=0.5, inplace=False)
      )
      (norm3): LayerNorm((64,), eps=1e-05, elementwise_affine=True)
    )
  )
  (dynamic_layers): ModuleList(
    (0-1): 2 x EMAStream(
      (proj): Linear(in_features=64, out_features=64, bias=True)
    )
  )
  (weavers): ModuleList(
    (0-1): 2 x StreamWeaver(
      (proj): Linear(in_features=128, out_features=64, bias=True)
      (norm): LayerNorm((64,), eps=1e-05, elementwise_affine=True)
    )
  )
  (loss_fct): CrossEntropyLoss()
)
Trainable parameters: 967698.0
Thu 05 Mar 2026 10:25:14 INFO  FLOPs: 4397056.0
Thu 05 Mar 2026 10:25:59 INFO  epoch 0 training [time: 43.96s, train loss: 3839.7773]
Thu 05 Mar 2026 10:26:00 INFO  epoch 0 evaluating [time: 0.55s, valid_score: 0.014500]
Thu 05 Mar 2026 10:26:00 INFO  valid result: 
hit@10 : 0.0145    ndcg@10 : 0.0073    mrr@10 : 0.0052
Thu 05 Mar 2026 10:26:00 INFO  Saving current: saved\TimeWeaver-Mar-05-2026_10-25-14.pth
Thu 05 Mar 2026 10:26:42 INFO  epoch 1 training [time: 42.67s, train loss: 3622.0856]
Thu 05 Mar 2026 10:26:43 INFO  epoch 1 evaluating [time: 0.49s, valid_score: 0.031400]
Thu 05 Mar 2026 10:26:43 INFO  valid result: 
hit@10 : 0.0314    ndcg@10 : 0.016    mrr@10 : 0.0113
Thu 05 Mar 2026 10:26:43 INFO  Saving current: saved\TimeWeaver-Mar-05-2026_10-25-14.pth
Thu 05 Mar 2026 10:27:25 INFO  epoch 2 training [time: 42.36s, train loss: 3443.5866]
Thu 05 Mar 2026 10:27:26 INFO  epoch 2 evaluating [time: 0.53s, valid_score: 0.049800]
Thu 05 Mar 2026 10:27:26 INFO  valid result: 
hit@10 : 0.0498    ndcg@10 : 0.0256    mrr@10 : 0.0182
Thu 05 Mar 2026 10:27:26 INFO  Saving current: saved\TimeWeaver-Mar-05-2026_10-25-14.pth
Thu 05 Mar 2026 10:28:08 INFO  epoch 3 training [time: 42.37s, train loss: 3284.5015]
Thu 05 Mar 2026 10:28:09 INFO  epoch 3 evaluating [time: 0.46s, valid_score: 0.071200]
Thu 05 Mar 2026 10:28:09 INFO  valid result: 
hit@10 : 0.0712    ndcg@10 : 0.0371    mrr@10 : 0.0266
Thu 05 Mar 2026 10:28:09 INFO  Saving current: saved\TimeWeaver-Mar-05-2026_10-25-14.pth
Thu 05 Mar 2026 10:28:51 INFO  epoch 4 training [time: 42.71s, train loss: 3156.9658]
Thu 05 Mar 2026 10:28:52 INFO  epoch 4 evaluating [time: 0.46s, valid_score: 0.081700]
Thu 05 Mar 2026 10:28:52 INFO  valid result: 
hit@10 : 0.0817    ndcg@10 : 0.0413    mrr@10 : 0.029
Thu 05 Mar 2026 10:28:52 INFO  Saving current: saved\TimeWeaver-Mar-05-2026_10-25-14.pth
Thu 05 Mar 2026 10:29:35 INFO  epoch 5 training [time: 43.26s, train loss: 3056.0938]
Thu 05 Mar 2026 10:29:36 INFO  epoch 5 evaluating [time: 0.49s, valid_score: 0.092500]
Thu 05 Mar 2026 10:29:36 INFO  valid result: 
hit@10 : 0.0925    ndcg@10 : 0.0465    mrr@10 : 0.0324
Thu 05 Mar 2026 10:29:36 INFO  Saving current: saved\TimeWeaver-Mar-05-2026_10-25-14.pth
Thu 05 Mar 2026 10:30:19 INFO  epoch 6 training [time: 43.54s, train loss: 2976.9355]
Thu 05 Mar 2026 10:30:20 INFO  epoch 6 evaluating [time: 0.54s, valid_score: 0.097100]
Thu 05 Mar 2026 10:30:20 INFO  valid result: 
hit@10 : 0.0971    ndcg@10 : 0.0474    mrr@10 : 0.032
Thu 05 Mar 2026 10:30:20 INFO  Saving current: saved\TimeWeaver-Mar-05-2026_10-25-14.pth
Thu 05 Mar 2026 10:31:02 INFO  epoch 7 training [time: 42.05s, train loss: 2914.4424]
Thu 05 Mar 2026 10:31:02 INFO  epoch 7 evaluating [time: 0.52s, valid_score: 0.097500]
Thu 05 Mar 2026 10:31:02 INFO  valid result: 
hit@10 : 0.0975    ndcg@10 : 0.0479    mrr@10 : 0.0325
Thu 05 Mar 2026 10:31:02 INFO  Saving current: saved\TimeWeaver-Mar-05-2026_10-25-14.pth
Thu 05 Mar 2026 10:31:44 INFO  epoch 8 training [time: 41.96s, train loss: 2864.0411]
Thu 05 Mar 2026 10:31:45 INFO  epoch 8 evaluating [time: 0.47s, valid_score: 0.098800]
Thu 05 Mar 2026 10:31:45 INFO  valid result: 
hit@10 : 0.0988    ndcg@10 : 0.0486    mrr@10 : 0.0331
Thu 05 Mar 2026 10:31:45 INFO  Saving current: saved\TimeWeaver-Mar-05-2026_10-25-14.pth
Thu 05 Mar 2026 10:32:27 INFO  epoch 9 training [time: 42.30s, train loss: 2824.0568]
Thu 05 Mar 2026 10:32:28 INFO  epoch 9 evaluating [time: 0.46s, valid_score: 0.100100]
Thu 05 Mar 2026 10:32:28 INFO  valid result: 
hit@10 : 0.1001    ndcg@10 : 0.0491    mrr@10 : 0.0333
Thu 05 Mar 2026 10:32:28 INFO  Saving current: saved\TimeWeaver-Mar-05-2026_10-25-14.pth
Thu 05 Mar 2026 10:33:10 INFO  epoch 10 training [time: 42.22s, train loss: 2792.7491]
Thu 05 Mar 2026 10:33:10 INFO  epoch 10 evaluating [time: 0.50s, valid_score: 0.100800]
Thu 05 Mar 2026 10:33:10 INFO  valid result: 
hit@10 : 0.1008    ndcg@10 : 0.0494    mrr@10 : 0.0335
Thu 05 Mar 2026 10:33:10 INFO  Saving current: saved\TimeWeaver-Mar-05-2026_10-25-14.pth
Thu 05 Mar 2026 10:33:54 INFO  epoch 11 training [time: 43.54s, train loss: 2761.8662]
Thu 05 Mar 2026 10:33:54 INFO  epoch 11 evaluating [time: 0.47s, valid_score: 0.102400]
Thu 05 Mar 2026 10:33:54 INFO  valid result: 
hit@10 : 0.1024    ndcg@10 : 0.0507    mrr@10 : 0.0347
Thu 05 Mar 2026 10:33:54 INFO  Saving current: saved\TimeWeaver-Mar-05-2026_10-25-14.pth
Thu 05 Mar 2026 10:34:37 INFO  epoch 12 training [time: 42.59s, train loss: 2736.7809]
Thu 05 Mar 2026 10:34:37 INFO  epoch 12 evaluating [time: 0.50s, valid_score: 0.103900]
Thu 05 Mar 2026 10:34:37 INFO  valid result: 
hit@10 : 0.1039    ndcg@10 : 0.0515    mrr@10 : 0.0355
Thu 05 Mar 2026 10:34:37 INFO  Saving current: saved\TimeWeaver-Mar-05-2026_10-25-14.pth
Thu 05 Mar 2026 10:35:20 INFO  epoch 13 training [time: 42.22s, train loss: 2712.3166]
Thu 05 Mar 2026 10:35:20 INFO  epoch 13 evaluating [time: 0.52s, valid_score: 0.101900]
Thu 05 Mar 2026 10:35:20 INFO  valid result: 
hit@10 : 0.1019    ndcg@10 : 0.0511    mrr@10 : 0.0353
Thu 05 Mar 2026 10:36:02 INFO  epoch 14 training [time: 41.79s, train loss: 2692.1725]
Thu 05 Mar 2026 10:36:02 INFO  epoch 14 evaluating [time: 0.48s, valid_score: 0.100800]
Thu 05 Mar 2026 10:36:03 INFO  valid result: 
hit@10 : 0.1008    ndcg@10 : 0.0505    mrr@10 : 0.035
Thu 05 Mar 2026 10:36:45 INFO  epoch 15 training [time: 42.49s, train loss: 2672.9782]
Thu 05 Mar 2026 10:36:45 INFO  epoch 15 evaluating [time: 0.47s, valid_score: 0.103000]
Thu 05 Mar 2026 10:36:45 INFO  valid result: 
hit@10 : 0.103    ndcg@10 : 0.0511    mrr@10 : 0.035
Thu 05 Mar 2026 10:37:28 INFO  epoch 16 training [time: 42.56s, train loss: 2654.1899]
Thu 05 Mar 2026 10:37:29 INFO  epoch 16 evaluating [time: 0.53s, valid_score: 0.102600]
Thu 05 Mar 2026 10:37:29 INFO  valid result: 
hit@10 : 0.1026    ndcg@10 : 0.0517    mrr@10 : 0.0359
Thu 05 Mar 2026 10:38:13 INFO  epoch 17 training [time: 44.33s, train loss: 2637.2583]
Thu 05 Mar 2026 10:38:13 INFO  epoch 17 evaluating [time: 0.52s, valid_score: 0.101800]
Thu 05 Mar 2026 10:38:13 INFO  valid result: 
hit@10 : 0.1018    ndcg@10 : 0.0517    mrr@10 : 0.0362
Thu 05 Mar 2026 10:38:56 INFO  epoch 18 training [time: 42.22s, train loss: 2621.1460]
Thu 05 Mar 2026 10:38:56 INFO  epoch 18 evaluating [time: 0.53s, valid_score: 0.102500]
Thu 05 Mar 2026 10:38:56 INFO  valid result: 
hit@10 : 0.1025    ndcg@10 : 0.0521    mrr@10 : 0.0366
Thu 05 Mar 2026 10:39:39 INFO  epoch 19 training [time: 42.84s, train loss: 2605.5650]
Thu 05 Mar 2026 10:39:40 INFO  epoch 19 evaluating [time: 0.53s, valid_score: 0.100700]
Thu 05 Mar 2026 10:39:40 INFO  valid result: 
hit@10 : 0.1007    ndcg@10 : 0.051    mrr@10 : 0.0357
Thu 05 Mar 2026 10:40:22 INFO  epoch 20 training [time: 42.93s, train loss: 2590.4536]
Thu 05 Mar 2026 10:40:23 INFO  epoch 20 evaluating [time: 0.51s, valid_score: 0.103200]
Thu 05 Mar 2026 10:40:23 INFO  valid result: 
hit@10 : 0.1032    ndcg@10 : 0.0525    mrr@10 : 0.0369
Thu 05 Mar 2026 10:41:06 INFO  epoch 21 training [time: 42.79s, train loss: 2576.8665]
Thu 05 Mar 2026 10:41:06 INFO  epoch 21 evaluating [time: 0.54s, valid_score: 0.098600]
Thu 05 Mar 2026 10:41:06 INFO  valid result: 
hit@10 : 0.0986    ndcg@10 : 0.051    mrr@10 : 0.0362
Thu 05 Mar 2026 10:41:51 INFO  epoch 22 training [time: 44.40s, train loss: 2561.3711]
Thu 05 Mar 2026 10:41:51 INFO  epoch 22 evaluating [time: 0.47s, valid_score: 0.100600]
Thu 05 Mar 2026 10:41:51 INFO  valid result: 
hit@10 : 0.1006    ndcg@10 : 0.0516    mrr@10 : 0.0364
Thu 05 Mar 2026 10:42:34 INFO  epoch 23 training [time: 43.09s, train loss: 2549.0168]
Thu 05 Mar 2026 10:42:35 INFO  epoch 23 evaluating [time: 0.47s, valid_score: 0.098800]
Thu 05 Mar 2026 10:42:35 INFO  valid result: 
hit@10 : 0.0988    ndcg@10 : 0.0515    mrr@10 : 0.0368
Thu 05 Mar 2026 10:42:35 INFO  Finished training, best eval result in epoch 12
Thu 05 Mar 2026 10:42:35 INFO  Loading model structure and parameters from saved\TimeWeaver-Mar-05-2026_10-25-14.pth
Thu 05 Mar 2026 10:42:36 INFO  The running environment of this training is as follows:
+-------------+----------------+
| Environment |     Usage      |
+=============+================+
| CPU         |     3.90 %     |
+-------------+----------------+
| GPU         | 0.32 G/6.00 G  |
+-------------+----------------+
| Memory      | 1.53 G/15.63 G |
+-------------+----------------+
Thu 05 Mar 2026 10:42:36 INFO  best valid : OrderedDict([('hit@10', 0.1039), ('ndcg@10', 0.0515), ('mrr@10', 0.0355)])
Thu 05 Mar 2026 10:42:36 INFO  test result: OrderedDict([('hit@10', 0.0862), ('ndcg@10', 0.0433), ('mrr@10', 0.03)])
Thu 05 Mar 2026 10:42:36 WARNING  command line args [--models timeweaver --datasets amazon-toys-5core-subset-full --timeweaver-variant gate_discrete --seeds 42,2023,2024 --device gpu --output results/timeweaver_toys_ablation_full.json] will not be used in RecBole
Thu 05 Mar 2026 10:42:36 INFO  ['F:\\桌面\\recommendation_system\\scripts\\run_grid.py', '--models', 'timeweaver', '--datasets', 'amazon-toys-5core-subset-full', '--timeweaver-variant', 'gate_discrete', '--seeds', '42,2023,2024', '--device', 'gpu', '--output', 'results/timeweaver_toys_ablation_full.json']
Thu 05 Mar 2026 10:42:36 INFO  
General Hyper Parameters:
gpu_id = 0
use_gpu = True
seed = 2023
state = INFO
reproducibility = True
data_path = data/amazon\amazon-toys-5core-subset
checkpoint_dir = saved
show_progress = True
save_dataset = False
dataset_save_path = None
save_dataloaders = False
dataloaders_save_path = None
log_wandb = False

Training Hyper Parameters:
epochs = 100
train_batch_size = 256
learner = adam
learning_rate = 0.001
train_neg_sample_args = {'distribution': 'none', 'sample_num': 'none', 'alpha': 'none', 'dynamic': False, 'candidate_num': 0}
eval_step = 1
stopping_step = 10
clip_grad_norm = None
weight_decay = 0.0
loss_decimal_place = 4

Evaluation Hyper Parameters:
eval_args = {'split': {'LS': 'valid_and_test'}, 'order': 'TO', 'group_by': 'user', 'mode': {'valid': 'full', 'test': 'full'}}
repeatable = True
metrics = ['Hit', 'NDCG', 'MRR']
topk = [10]
valid_metric = Hit@10
valid_metric_bigger = True
eval_batch_size = 512
metric_decimal_place = 4

Dataset Hyper Parameters:
field_separator = 	
seq_separator =  
USER_ID_FIELD = user_id
ITEM_ID_FIELD = item_id
RATING_FIELD = rating
TIME_FIELD = timestamp
seq_len = None
LABEL_FIELD = label
threshold = None
NEG_PREFIX = neg_
load_col = {'inter': ['user_id', 'item_id', 'rating', 'timestamp']}
unload_col = None
unused_col = None
additional_feat_suffix = None
rm_dup_inter = None
val_interval = None
filter_inter_by_user_or_item = True
user_inter_num_interval = [0,inf)
item_inter_num_interval = [0,inf)
alias_of_user_id = None
alias_of_item_id = None
alias_of_entity_id = None
alias_of_relation_id = None
preload_weight = None
normalize_field = None
normalize_all = None
ITEM_LIST_LENGTH_FIELD = item_length
LIST_SUFFIX = _list
MAX_ITEM_LIST_LENGTH = 32
POSITION_FIELD = position_id
HEAD_ENTITY_ID_FIELD = head_id
TAIL_ENTITY_ID_FIELD = tail_id
RELATION_ID_FIELD = relation_id
ENTITY_ID_FIELD = entity_id
benchmark_filename = None

Other Hyper Parameters: 
worker = 0
wandb_project = recbole
shuffle = True
require_pow = False
enable_amp = False
enable_scaler = False
transform = None
numerical_features = []
discretization = None
kg_reverse_r = False
entity_kg_num_interval = [0,inf)
relation_kg_num_interval = [0,inf)
MODEL_TYPE = ModelType.SEQUENTIAL
model_name = TimeWeaver
hidden_size = 64
num_layers = 2
hidden_dropout_prob = 0.5
initializer_range = 0.02
time_bucket_size = 1000
ema_decay = 0.5
tcn_kernel_size = -1
ffn_hidden_size = 256
loss_type = CE
early_stop = 10
neg_sampling = None
device = cuda
use_continuous_time = False
use_time_gate = True
use_time_augmentation = False
MODEL_INPUT_TYPE = InputType.POINTWISE
eval_type = EvaluatorType.RANKING
single_spec = True
local_rank = 0
valid_neg_sample_args = {'distribution': 'uniform', 'sample_num': 'none'}
test_neg_sample_args = {'distribution': 'uniform', 'sample_num': 'none'}


Thu 05 Mar 2026 10:42:37 INFO  amazon-toys-5core-subset
The number of users: 19413
Average actions of users: 8.633680197815783
The number of items: 11925
Average actions of items: 14.055434417980543
The number of inters: 167597
The sparsity of the dataset: 99.92760389550713%
Remain Fields: ['user_id', 'item_id', 'rating', 'timestamp']
Thu 05 Mar 2026 10:42:39 INFO  [Training]: train_batch_size = [256] train_neg_sample_args: [{'distribution': 'none', 'sample_num': 'none', 'alpha': 'none', 'dynamic': False, 'candidate_num': 0}]
Thu 05 Mar 2026 10:42:39 INFO  [Evaluation]: eval_batch_size = [512] eval_args: [{'split': {'LS': 'valid_and_test'}, 'order': 'TO', 'group_by': 'user', 'mode': {'valid': 'full', 'test': 'full'}}]
Thu 05 Mar 2026 10:42:39 INFO  TimeWeaver(
  (item_embedding): Embedding(11925, 64, padding_idx=0)
  (time_aug): TimeAwareAugmentation(
    (pos_embedding): Embedding(32, 64)
    (time_embedding): Embedding(1000, 64)
    (time_gate): TimeGate(
      (net): Sequential(
        (0): Linear(in_features=128, out_features=16, bias=True)
        (1): GELU(approximate='none')
        (2): Linear(in_features=16, out_features=64, bias=True)
        (3): Sigmoid()
      )
    )
    (layer_norm): LayerNorm((64,), eps=1e-05, elementwise_affine=True)
    (drop): Dropout(p=0.5, inplace=False)
  )
  (context_layers): ModuleList(
    (0-1): 2 x TCNNextBlock(
      (dw): DepthwiseConv1d(
        (conv): Conv1d(64, 64, kernel_size=(11,), stride=(1,), padding=(5,), groups=64)
        (bn): BatchNorm1d(64, eps=1e-05, momentum=0.1, affine=True, track_running_stats=True)
        (drop): Dropout(p=0.5, inplace=False)
      )
      (norm1): LayerNorm((64,), eps=1e-05, elementwise_affine=True)
      (conv_inter): ParallelConvInter(
        (conv1): Conv1d(64, 64, kernel_size=(1,), stride=(1,))
        (conv3): Conv1d(64, 64, kernel_size=(3,), stride=(1,), padding=(1,))
        (proj): Conv1d(64, 64, kernel_size=(1,), stride=(1,))
        (drop): Dropout(p=0.5, inplace=False)
      )
      (norm2): LayerNorm((64,), eps=1e-05, elementwise_affine=True)
      (ffn): Sequential(
        (0): Linear(in_features=64, out_features=256, bias=True)
        (1): GELU(approximate='none')
        (2): Dropout(p=0.5, inplace=False)
        (3): Linear(in_features=256, out_features=64, bias=True)
        (4): Dropout(p=0.5, inplace=False)
      )
      (norm3): LayerNorm((64,), eps=1e-05, elementwise_affine=True)
    )
  )
  (dynamic_layers): ModuleList(
    (0-1): 2 x EMAStream(
      (proj): Linear(in_features=64, out_features=64, bias=True)
    )
  )
  (weavers): ModuleList(
    (0-1): 2 x StreamWeaver(
      (proj): Linear(in_features=128, out_features=64, bias=True)
      (norm): LayerNorm((64,), eps=1e-05, elementwise_affine=True)
    )
  )
  (loss_fct): CrossEntropyLoss()
)
Trainable parameters: 967698.0
Thu 05 Mar 2026 10:42:39 INFO  FLOPs: 4397056.0
Thu 05 Mar 2026 10:43:23 INFO  epoch 0 training [time: 43.72s, train loss: 3838.4618]
Thu 05 Mar 2026 10:43:24 INFO  epoch 0 evaluating [time: 0.54s, valid_score: 0.014100]
Thu 05 Mar 2026 10:43:24 INFO  valid result: 
hit@10 : 0.0141    ndcg@10 : 0.0069    mrr@10 : 0.0047
Thu 05 Mar 2026 10:43:24 INFO  Saving current: saved\TimeWeaver-Mar-05-2026_10-42-39.pth
Thu 05 Mar 2026 10:44:07 INFO  epoch 1 training [time: 43.13s, train loss: 3624.7869]
Thu 05 Mar 2026 10:44:07 INFO  epoch 1 evaluating [time: 0.50s, valid_score: 0.032200]
Thu 05 Mar 2026 10:44:07 INFO  valid result: 
hit@10 : 0.0322    ndcg@10 : 0.0161    mrr@10 : 0.0112
Thu 05 Mar 2026 10:44:07 INFO  Saving current: saved\TimeWeaver-Mar-05-2026_10-42-39.pth
Thu 05 Mar 2026 10:44:50 INFO  epoch 2 training [time: 42.90s, train loss: 3445.8814]
Thu 05 Mar 2026 10:44:51 INFO  epoch 2 evaluating [time: 0.47s, valid_score: 0.049500]
Thu 05 Mar 2026 10:44:51 INFO  valid result: 
hit@10 : 0.0495    ndcg@10 : 0.0247    mrr@10 : 0.0171
Thu 05 Mar 2026 10:44:51 INFO  Saving current: saved\TimeWeaver-Mar-05-2026_10-42-39.pth
Thu 05 Mar 2026 10:45:34 INFO  epoch 3 training [time: 43.43s, train loss: 3283.0897]
Thu 05 Mar 2026 10:45:35 INFO  epoch 3 evaluating [time: 0.51s, valid_score: 0.067700]
Thu 05 Mar 2026 10:45:35 INFO  valid result: 
hit@10 : 0.0677    ndcg@10 : 0.0348    mrr@10 : 0.0248
Thu 05 Mar 2026 10:45:35 INFO  Saving current: saved\TimeWeaver-Mar-05-2026_10-42-39.pth
Thu 05 Mar 2026 10:46:18 INFO  epoch 4 training [time: 43.46s, train loss: 3150.7073]
Thu 05 Mar 2026 10:46:19 INFO  epoch 4 evaluating [time: 0.49s, valid_score: 0.082200]
Thu 05 Mar 2026 10:46:19 INFO  valid result: 
hit@10 : 0.0822    ndcg@10 : 0.0414    mrr@10 : 0.0289
Thu 05 Mar 2026 10:46:19 INFO  Saving current: saved\TimeWeaver-Mar-05-2026_10-42-39.pth
Thu 05 Mar 2026 10:47:01 INFO  epoch 5 training [time: 42.47s, train loss: 3050.4369]
Thu 05 Mar 2026 10:47:02 INFO  epoch 5 evaluating [time: 0.50s, valid_score: 0.088800]
Thu 05 Mar 2026 10:47:02 INFO  valid result: 
hit@10 : 0.0888    ndcg@10 : 0.0445    mrr@10 : 0.0309
Thu 05 Mar 2026 10:47:02 INFO  Saving current: saved\TimeWeaver-Mar-05-2026_10-42-39.pth
Thu 05 Mar 2026 10:47:44 INFO  epoch 6 training [time: 42.48s, train loss: 2968.0219]
Thu 05 Mar 2026 10:47:45 INFO  epoch 6 evaluating [time: 0.48s, valid_score: 0.093900]
Thu 05 Mar 2026 10:47:45 INFO  valid result: 
hit@10 : 0.0939    ndcg@10 : 0.0466    mrr@10 : 0.032
Thu 05 Mar 2026 10:47:45 INFO  Saving current: saved\TimeWeaver-Mar-05-2026_10-42-39.pth
Thu 05 Mar 2026 10:48:27 INFO  epoch 7 training [time: 42.60s, train loss: 2908.2679]
Thu 05 Mar 2026 10:48:28 INFO  epoch 7 evaluating [time: 0.51s, valid_score: 0.096800]
Thu 05 Mar 2026 10:48:28 INFO  valid result: 
hit@10 : 0.0968    ndcg@10 : 0.0485    mrr@10 : 0.0336
Thu 05 Mar 2026 10:48:28 INFO  Saving current: saved\TimeWeaver-Mar-05-2026_10-42-39.pth
Thu 05 Mar 2026 10:49:10 INFO  epoch 8 training [time: 42.42s, train loss: 2859.3059]
Thu 05 Mar 2026 10:49:11 INFO  epoch 8 evaluating [time: 0.52s, valid_score: 0.098500]
Thu 05 Mar 2026 10:49:11 INFO  valid result: 
hit@10 : 0.0985    ndcg@10 : 0.0486    mrr@10 : 0.0331
Thu 05 Mar 2026 10:49:11 INFO  Saving current: saved\TimeWeaver-Mar-05-2026_10-42-39.pth
Thu 05 Mar 2026 10:49:55 INFO  epoch 9 training [time: 44.33s, train loss: 2817.3622]
Thu 05 Mar 2026 10:49:56 INFO  epoch 9 evaluating [time: 0.50s, valid_score: 0.099600]
Thu 05 Mar 2026 10:49:56 INFO  valid result: 
hit@10 : 0.0996    ndcg@10 : 0.049    mrr@10 : 0.0334
Thu 05 Mar 2026 10:49:56 INFO  Saving current: saved\TimeWeaver-Mar-05-2026_10-42-39.pth
Thu 05 Mar 2026 10:50:39 INFO  epoch 10 training [time: 43.18s, train loss: 2784.2223]
Thu 05 Mar 2026 10:50:39 INFO  epoch 10 evaluating [time: 0.51s, valid_score: 0.102100]
Thu 05 Mar 2026 10:50:39 INFO  valid result: 
hit@10 : 0.1021    ndcg@10 : 0.0502    mrr@10 : 0.0342
Thu 05 Mar 2026 10:50:39 INFO  Saving current: saved\TimeWeaver-Mar-05-2026_10-42-39.pth
Thu 05 Mar 2026 10:51:22 INFO  epoch 11 training [time: 42.96s, train loss: 2753.1798]
Thu 05 Mar 2026 10:51:23 INFO  epoch 11 evaluating [time: 0.47s, valid_score: 0.099800]
Thu 05 Mar 2026 10:51:23 INFO  valid result: 
hit@10 : 0.0998    ndcg@10 : 0.0498    mrr@10 : 0.0343
Thu 05 Mar 2026 10:52:06 INFO  epoch 12 training [time: 42.90s, train loss: 2729.7398]
Thu 05 Mar 2026 10:52:06 INFO  epoch 12 evaluating [time: 0.47s, valid_score: 0.102200]
Thu 05 Mar 2026 10:52:06 INFO  valid result: 
hit@10 : 0.1022    ndcg@10 : 0.0506    mrr@10 : 0.0346
Thu 05 Mar 2026 10:52:06 INFO  Saving current: saved\TimeWeaver-Mar-05-2026_10-42-39.pth
Thu 05 Mar 2026 10:52:49 INFO  epoch 13 training [time: 42.95s, train loss: 2705.7664]
Thu 05 Mar 2026 10:52:50 INFO  epoch 13 evaluating [time: 0.53s, valid_score: 0.101900]
Thu 05 Mar 2026 10:52:50 INFO  valid result: 
hit@10 : 0.1019    ndcg@10 : 0.0508    mrr@10 : 0.0349
Thu 05 Mar 2026 10:53:33 INFO  epoch 14 training [time: 43.38s, train loss: 2681.6464]
Thu 05 Mar 2026 10:53:34 INFO  epoch 14 evaluating [time: 0.48s, valid_score: 0.101500]
Thu 05 Mar 2026 10:53:34 INFO  valid result: 
hit@10 : 0.1015    ndcg@10 : 0.0515    mrr@10 : 0.036
Thu 05 Mar 2026 10:54:18 INFO  epoch 15 training [time: 44.01s, train loss: 2663.2156]
Thu 05 Mar 2026 10:54:18 INFO  epoch 15 evaluating [time: 0.51s, valid_score: 0.102500]
Thu 05 Mar 2026 10:54:18 INFO  valid result: 
hit@10 : 0.1025    ndcg@10 : 0.0518    mrr@10 : 0.0361
Thu 05 Mar 2026 10:54:18 INFO  Saving current: saved\TimeWeaver-Mar-05-2026_10-42-39.pth
Thu 05 Mar 2026 10:55:01 INFO  epoch 16 training [time: 42.71s, train loss: 2643.6761]
Thu 05 Mar 2026 10:55:01 INFO  epoch 16 evaluating [time: 0.49s, valid_score: 0.101800]
Thu 05 Mar 2026 10:55:01 INFO  valid result: 
hit@10 : 0.1018    ndcg@10 : 0.0518    mrr@10 : 0.0363
Thu 05 Mar 2026 10:55:44 INFO  epoch 17 training [time: 42.62s, train loss: 2627.8210]
Thu 05 Mar 2026 10:55:44 INFO  epoch 17 evaluating [time: 0.51s, valid_score: 0.102400]
Thu 05 Mar 2026 10:55:44 INFO  valid result: 
hit@10 : 0.1024    ndcg@10 : 0.0523    mrr@10 : 0.0368
Thu 05 Mar 2026 10:56:27 INFO  epoch 18 training [time: 42.79s, train loss: 2613.1558]
Thu 05 Mar 2026 10:56:28 INFO  epoch 18 evaluating [time: 0.45s, valid_score: 0.101200]
Thu 05 Mar 2026 10:56:28 INFO  valid result: 
hit@10 : 0.1012    ndcg@10 : 0.0512    mrr@10 : 0.0357
Thu 05 Mar 2026 10:57:10 INFO  epoch 19 training [time: 42.70s, train loss: 2594.2173]
Thu 05 Mar 2026 10:57:11 INFO  epoch 19 evaluating [time: 0.48s, valid_score: 0.099000]
Thu 05 Mar 2026 10:57:11 INFO  valid result: 
hit@10 : 0.099    ndcg@10 : 0.0505    mrr@10 : 0.0355
Thu 05 Mar 2026 10:57:55 INFO  epoch 20 training [time: 44.51s, train loss: 2581.6949]
Thu 05 Mar 2026 10:57:56 INFO  epoch 20 evaluating [time: 0.49s, valid_score: 0.100400]
Thu 05 Mar 2026 10:57:56 INFO  valid result: 
hit@10 : 0.1004    ndcg@10 : 0.0517    mrr@10 : 0.0366
Thu 05 Mar 2026 10:58:39 INFO  epoch 21 training [time: 43.27s, train loss: 2567.0829]
Thu 05 Mar 2026 10:58:40 INFO  epoch 21 evaluating [time: 0.48s, valid_score: 0.096700]
Thu 05 Mar 2026 10:58:40 INFO  valid result: 
hit@10 : 0.0967    ndcg@10 : 0.0503    mrr@10 : 0.0359
Thu 05 Mar 2026 10:59:23 INFO  epoch 22 training [time: 42.93s, train loss: 2551.6140]
Thu 05 Mar 2026 10:59:23 INFO  epoch 22 evaluating [time: 0.46s, valid_score: 0.097500]
Thu 05 Mar 2026 10:59:23 INFO  valid result: 
hit@10 : 0.0975    ndcg@10 : 0.0508    mrr@10 : 0.0363
Thu 05 Mar 2026 11:00:06 INFO  epoch 23 training [time: 42.93s, train loss: 2542.3487]
Thu 05 Mar 2026 11:00:06 INFO  epoch 23 evaluating [time: 0.45s, valid_score: 0.097900]
Thu 05 Mar 2026 11:00:06 INFO  valid result: 
hit@10 : 0.0979    ndcg@10 : 0.0513    mrr@10 : 0.0368
Thu 05 Mar 2026 11:00:49 INFO  epoch 24 training [time: 42.76s, train loss: 2525.0785]
Thu 05 Mar 2026 11:00:50 INFO  epoch 24 evaluating [time: 0.53s, valid_score: 0.098000]
Thu 05 Mar 2026 11:00:50 INFO  valid result: 
hit@10 : 0.098    ndcg@10 : 0.0518    mrr@10 : 0.0375
Thu 05 Mar 2026 11:01:33 INFO  epoch 25 training [time: 43.62s, train loss: 2515.0178]
Thu 05 Mar 2026 11:01:34 INFO  epoch 25 evaluating [time: 0.46s, valid_score: 0.098100]
Thu 05 Mar 2026 11:01:34 INFO  valid result: 
hit@10 : 0.0981    ndcg@10 : 0.0517    mrr@10 : 0.0375
Thu 05 Mar 2026 11:02:18 INFO  epoch 26 training [time: 44.00s, train loss: 2500.0370]
Thu 05 Mar 2026 11:02:18 INFO  epoch 26 evaluating [time: 0.51s, valid_score: 0.097000]
Thu 05 Mar 2026 11:02:18 INFO  valid result: 
hit@10 : 0.097    ndcg@10 : 0.0512    mrr@10 : 0.0371
Thu 05 Mar 2026 11:02:18 INFO  Finished training, best eval result in epoch 15
Thu 05 Mar 2026 11:02:18 INFO  Loading model structure and parameters from saved\TimeWeaver-Mar-05-2026_10-42-39.pth
Thu 05 Mar 2026 11:02:20 INFO  The running environment of this training is as follows:
+-------------+----------------+
| Environment |     Usage      |
+=============+================+
| CPU         |     2.60 %     |
+-------------+----------------+
| GPU         | 0.32 G/6.00 G  |
+-------------+----------------+
| Memory      | 1.54 G/15.63 G |
+-------------+----------------+
Thu 05 Mar 2026 11:02:20 INFO  best valid : OrderedDict([('hit@10', 0.1025), ('ndcg@10', 0.0518), ('mrr@10', 0.0361)])
Thu 05 Mar 2026 11:02:20 INFO  test result: OrderedDict([('hit@10', 0.084), ('ndcg@10', 0.0431), ('mrr@10', 0.0304)])
Thu 05 Mar 2026 11:02:20 WARNING  command line args [--models timeweaver --datasets amazon-toys-5core-subset-full --timeweaver-variant gate_discrete --seeds 42,2023,2024 --device gpu --output results/timeweaver_toys_ablation_full.json] will not be used in RecBole
Thu 05 Mar 2026 11:02:20 INFO  ['F:\\桌面\\recommendation_system\\scripts\\run_grid.py', '--models', 'timeweaver', '--datasets', 'amazon-toys-5core-subset-full', '--timeweaver-variant', 'gate_discrete', '--seeds', '42,2023,2024', '--device', 'gpu', '--output', 'results/timeweaver_toys_ablation_full.json']
Thu 05 Mar 2026 11:02:20 INFO  
General Hyper Parameters:
gpu_id = 0
use_gpu = True
seed = 2024
state = INFO
reproducibility = True
data_path = data/amazon\amazon-toys-5core-subset
checkpoint_dir = saved
show_progress = True
save_dataset = False
dataset_save_path = None
save_dataloaders = False
dataloaders_save_path = None
log_wandb = False

Training Hyper Parameters:
epochs = 100
train_batch_size = 256
learner = adam
learning_rate = 0.001
train_neg_sample_args = {'distribution': 'none', 'sample_num': 'none', 'alpha': 'none', 'dynamic': False, 'candidate_num': 0}
eval_step = 1
stopping_step = 10
clip_grad_norm = None
weight_decay = 0.0
loss_decimal_place = 4

Evaluation Hyper Parameters:
eval_args = {'split': {'LS': 'valid_and_test'}, 'order': 'TO', 'group_by': 'user', 'mode': {'valid': 'full', 'test': 'full'}}
repeatable = True
metrics = ['Hit', 'NDCG', 'MRR']
topk = [10]
valid_metric = Hit@10
valid_metric_bigger = True
eval_batch_size = 512
metric_decimal_place = 4

Dataset Hyper Parameters:
field_separator = 	
seq_separator =  
USER_ID_FIELD = user_id
ITEM_ID_FIELD = item_id
RATING_FIELD = rating
TIME_FIELD = timestamp
seq_len = None
LABEL_FIELD = label
threshold = None
NEG_PREFIX = neg_
load_col = {'inter': ['user_id', 'item_id', 'rating', 'timestamp']}
unload_col = None
unused_col = None
additional_feat_suffix = None
rm_dup_inter = None
val_interval = None
filter_inter_by_user_or_item = True
user_inter_num_interval = [0,inf)
item_inter_num_interval = [0,inf)
alias_of_user_id = None
alias_of_item_id = None
alias_of_entity_id = None
alias_of_relation_id = None
preload_weight = None
normalize_field = None
normalize_all = None
ITEM_LIST_LENGTH_FIELD = item_length
LIST_SUFFIX = _list
MAX_ITEM_LIST_LENGTH = 32
POSITION_FIELD = position_id
HEAD_ENTITY_ID_FIELD = head_id
TAIL_ENTITY_ID_FIELD = tail_id
RELATION_ID_FIELD = relation_id
ENTITY_ID_FIELD = entity_id
benchmark_filename = None

Other Hyper Parameters: 
worker = 0
wandb_project = recbole
shuffle = True
require_pow = False
enable_amp = False
enable_scaler = False
transform = None
numerical_features = []
discretization = None
kg_reverse_r = False
entity_kg_num_interval = [0,inf)
relation_kg_num_interval = [0,inf)
MODEL_TYPE = ModelType.SEQUENTIAL
model_name = TimeWeaver
hidden_size = 64
num_layers = 2
hidden_dropout_prob = 0.5
initializer_range = 0.02
time_bucket_size = 1000
ema_decay = 0.5
tcn_kernel_size = -1
ffn_hidden_size = 256
loss_type = CE
early_stop = 10
neg_sampling = None
device = cuda
use_continuous_time = False
use_time_gate = True
use_time_augmentation = False
MODEL_INPUT_TYPE = InputType.POINTWISE
eval_type = EvaluatorType.RANKING
single_spec = True
local_rank = 0
valid_neg_sample_args = {'distribution': 'uniform', 'sample_num': 'none'}
test_neg_sample_args = {'distribution': 'uniform', 'sample_num': 'none'}


Thu 05 Mar 2026 11:02:20 INFO  amazon-toys-5core-subset
The number of users: 19413
Average actions of users: 8.633680197815783
The number of items: 11925
Average actions of items: 14.055434417980543
The number of inters: 167597
The sparsity of the dataset: 99.92760389550713%
Remain Fields: ['user_id', 'item_id', 'rating', 'timestamp']
Thu 05 Mar 2026 11:02:23 INFO  [Training]: train_batch_size = [256] train_neg_sample_args: [{'distribution': 'none', 'sample_num': 'none', 'alpha': 'none', 'dynamic': False, 'candidate_num': 0}]
Thu 05 Mar 2026 11:02:23 INFO  [Evaluation]: eval_batch_size = [512] eval_args: [{'split': {'LS': 'valid_and_test'}, 'order': 'TO', 'group_by': 'user', 'mode': {'valid': 'full', 'test': 'full'}}]
Thu 05 Mar 2026 11:02:23 INFO  TimeWeaver(
  (item_embedding): Embedding(11925, 64, padding_idx=0)
  (time_aug): TimeAwareAugmentation(
    (pos_embedding): Embedding(32, 64)
    (time_embedding): Embedding(1000, 64)
    (time_gate): TimeGate(
      (net): Sequential(
        (0): Linear(in_features=128, out_features=16, bias=True)
        (1): GELU(approximate='none')
        (2): Linear(in_features=16, out_features=64, bias=True)
        (3): Sigmoid()
      )
    )
    (layer_norm): LayerNorm((64,), eps=1e-05, elementwise_affine=True)
    (drop): Dropout(p=0.5, inplace=False)
  )
  (context_layers): ModuleList(
    (0-1): 2 x TCNNextBlock(
      (dw): DepthwiseConv1d(
        (conv): Conv1d(64, 64, kernel_size=(11,), stride=(1,), padding=(5,), groups=64)
        (bn): BatchNorm1d(64, eps=1e-05, momentum=0.1, affine=True, track_running_stats=True)
        (drop): Dropout(p=0.5, inplace=False)
      )
      (norm1): LayerNorm((64,), eps=1e-05, elementwise_affine=True)
      (conv_inter): ParallelConvInter(
        (conv1): Conv1d(64, 64, kernel_size=(1,), stride=(1,))
        (conv3): Conv1d(64, 64, kernel_size=(3,), stride=(1,), padding=(1,))
        (proj): Conv1d(64, 64, kernel_size=(1,), stride=(1,))
        (drop): Dropout(p=0.5, inplace=False)
      )
      (norm2): LayerNorm((64,), eps=1e-05, elementwise_affine=True)
      (ffn): Sequential(
        (0): Linear(in_features=64, out_features=256, bias=True)
        (1): GELU(approximate='none')
        (2): Dropout(p=0.5, inplace=False)
        (3): Linear(in_features=256, out_features=64, bias=True)
        (4): Dropout(p=0.5, inplace=False)
      )
      (norm3): LayerNorm((64,), eps=1e-05, elementwise_affine=True)
    )
  )
  (dynamic_layers): ModuleList(
    (0-1): 2 x EMAStream(
      (proj): Linear(in_features=64, out_features=64, bias=True)
    )
  )
  (weavers): ModuleList(
    (0-1): 2 x StreamWeaver(
      (proj): Linear(in_features=128, out_features=64, bias=True)
      (norm): LayerNorm((64,), eps=1e-05, elementwise_affine=True)
    )
  )
  (loss_fct): CrossEntropyLoss()
)
Trainable parameters: 967698.0
Thu 05 Mar 2026 11:02:23 INFO  FLOPs: 4397056.0
Thu 05 Mar 2026 11:03:07 INFO  epoch 0 training [time: 44.24s, train loss: 3831.7033]
Thu 05 Mar 2026 11:03:08 INFO  epoch 0 evaluating [time: 0.51s, valid_score: 0.016300]
Thu 05 Mar 2026 11:03:08 INFO  valid result: 
hit@10 : 0.0163    ndcg@10 : 0.0077    mrr@10 : 0.0051
Thu 05 Mar 2026 11:03:08 INFO  Saving current: saved\TimeWeaver-Mar-05-2026_11-02-23.pth
Thu 05 Mar 2026 11:03:51 INFO  epoch 1 training [time: 42.91s, train loss: 3611.6550]
Thu 05 Mar 2026 11:03:51 INFO  epoch 1 evaluating [time: 0.47s, valid_score: 0.032500]
Thu 05 Mar 2026 11:03:51 INFO  valid result: 
hit@10 : 0.0325    ndcg@10 : 0.0166    mrr@10 : 0.0118
Thu 05 Mar 2026 11:03:51 INFO  Saving current: saved\TimeWeaver-Mar-05-2026_11-02-23.pth
Thu 05 Mar 2026 11:04:35 INFO  epoch 2 training [time: 43.38s, train loss: 3438.9388]
Thu 05 Mar 2026 11:04:35 INFO  epoch 2 evaluating [time: 0.51s, valid_score: 0.049700]
Thu 05 Mar 2026 11:04:35 INFO  valid result: 
hit@10 : 0.0497    ndcg@10 : 0.0257    mrr@10 : 0.0183
Thu 05 Mar 2026 11:04:35 INFO  Saving current: saved\TimeWeaver-Mar-05-2026_11-02-23.pth
Thu 05 Mar 2026 11:05:18 INFO  epoch 3 training [time: 42.96s, train loss: 3283.4233]
Thu 05 Mar 2026 11:05:19 INFO  epoch 3 evaluating [time: 0.46s, valid_score: 0.068600]
Thu 05 Mar 2026 11:05:19 INFO  valid result: 
hit@10 : 0.0686    ndcg@10 : 0.035    mrr@10 : 0.0248
Thu 05 Mar 2026 11:05:19 INFO  Saving current: saved\TimeWeaver-Mar-05-2026_11-02-23.pth
Thu 05 Mar 2026 11:06:03 INFO  epoch 4 training [time: 44.51s, train loss: 3152.9054]
Thu 05 Mar 2026 11:06:04 INFO  epoch 4 evaluating [time: 0.55s, valid_score: 0.084100]
Thu 05 Mar 2026 11:06:04 INFO  valid result: 
hit@10 : 0.0841    ndcg@10 : 0.0416    mrr@10 : 0.0287
Thu 05 Mar 2026 11:06:04 INFO  Saving current: saved\TimeWeaver-Mar-05-2026_11-02-23.pth
Thu 05 Mar 2026 11:06:47 INFO  epoch 5 training [time: 42.98s, train loss: 3050.4537]
Thu 05 Mar 2026 11:06:47 INFO  epoch 5 evaluating [time: 0.49s, valid_score: 0.091500]
Thu 05 Mar 2026 11:06:47 INFO  valid result: 
hit@10 : 0.0915    ndcg@10 : 0.0454    mrr@10 : 0.0312
Thu 05 Mar 2026 11:06:47 INFO  Saving current: saved\TimeWeaver-Mar-05-2026_11-02-23.pth
Thu 05 Mar 2026 11:07:30 INFO  epoch 6 training [time: 42.93s, train loss: 2972.6158]
Thu 05 Mar 2026 11:07:31 INFO  epoch 6 evaluating [time: 0.52s, valid_score: 0.096400]
Thu 05 Mar 2026 11:07:31 INFO  valid result: 
hit@10 : 0.0964    ndcg@10 : 0.0476    mrr@10 : 0.0325
Thu 05 Mar 2026 11:07:31 INFO  Saving current: saved\TimeWeaver-Mar-05-2026_11-02-23.pth
Thu 05 Mar 2026 11:08:14 INFO  epoch 7 training [time: 42.99s, train loss: 2912.6078]
Thu 05 Mar 2026 11:08:14 INFO  epoch 7 evaluating [time: 0.46s, valid_score: 0.099300]
Thu 05 Mar 2026 11:08:14 INFO  valid result: 
hit@10 : 0.0993    ndcg@10 : 0.0489    mrr@10 : 0.0333
Thu 05 Mar 2026 11:08:14 INFO  Saving current: saved\TimeWeaver-Mar-05-2026_11-02-23.pth
Thu 05 Mar 2026 11:08:57 INFO  epoch 8 training [time: 42.85s, train loss: 2863.4025]
Thu 05 Mar 2026 11:08:57 INFO  epoch 8 evaluating [time: 0.49s, valid_score: 0.102700]
Thu 05 Mar 2026 11:08:57 INFO  valid result: 
hit@10 : 0.1027    ndcg@10 : 0.0501    mrr@10 : 0.0339
Thu 05 Mar 2026 11:08:57 INFO  Saving current: saved\TimeWeaver-Mar-05-2026_11-02-23.pth
Thu 05 Mar 2026 11:09:42 INFO  epoch 9 training [time: 44.10s, train loss: 2820.2520]
Thu 05 Mar 2026 11:09:42 INFO  epoch 9 evaluating [time: 0.49s, valid_score: 0.101800]
Thu 05 Mar 2026 11:09:42 INFO  valid result: 
hit@10 : 0.1018    ndcg@10 : 0.0502    mrr@10 : 0.0343
Thu 05 Mar 2026 11:10:26 INFO  epoch 10 training [time: 43.81s, train loss: 2789.5534]
Thu 05 Mar 2026 11:10:26 INFO  epoch 10 evaluating [time: 0.52s, valid_score: 0.102800]
Thu 05 Mar 2026 11:10:26 INFO  valid result: 
hit@10 : 0.1028    ndcg@10 : 0.0508    mrr@10 : 0.0347
Thu 05 Mar 2026 11:10:26 INFO  Saving current: saved\TimeWeaver-Mar-05-2026_11-02-23.pth
Thu 05 Mar 2026 11:11:09 INFO  epoch 11 training [time: 42.79s, train loss: 2760.4626]
Thu 05 Mar 2026 11:11:10 INFO  epoch 11 evaluating [time: 0.55s, valid_score: 0.103800]
Thu 05 Mar 2026 11:11:10 INFO  valid result: 
hit@10 : 0.1038    ndcg@10 : 0.0515    mrr@10 : 0.0354
Thu 05 Mar 2026 11:11:10 INFO  Saving current: saved\TimeWeaver-Mar-05-2026_11-02-23.pth
Thu 05 Mar 2026 11:11:52 INFO  epoch 12 training [time: 42.50s, train loss: 2734.5062]
Thu 05 Mar 2026 11:11:53 INFO  epoch 12 evaluating [time: 0.51s, valid_score: 0.103800]
Thu 05 Mar 2026 11:11:53 INFO  valid result: 
hit@10 : 0.1038    ndcg@10 : 0.0511    mrr@10 : 0.0347
Thu 05 Mar 2026 11:11:53 INFO  Saving current: saved\TimeWeaver-Mar-05-2026_11-02-23.pth
Thu 05 Mar 2026 11:12:36 INFO  epoch 13 training [time: 43.10s, train loss: 2711.0741]
Thu 05 Mar 2026 11:12:36 INFO  epoch 13 evaluating [time: 0.48s, valid_score: 0.103100]
Thu 05 Mar 2026 11:12:36 INFO  valid result: 
hit@10 : 0.1031    ndcg@10 : 0.0509    mrr@10 : 0.0348
Thu 05 Mar 2026 11:13:19 INFO  epoch 14 training [time: 42.93s, train loss: 2692.4599]
Thu 05 Mar 2026 11:13:20 INFO  epoch 14 evaluating [time: 0.47s, valid_score: 0.105000]
Thu 05 Mar 2026 11:13:20 INFO  valid result: 
hit@10 : 0.105    ndcg@10 : 0.0522    mrr@10 : 0.0359
Thu 05 Mar 2026 11:13:20 INFO  Saving current: saved\TimeWeaver-Mar-05-2026_11-02-23.pth
Thu 05 Mar 2026 11:14:04 INFO  epoch 15 training [time: 44.58s, train loss: 2672.5452]
Thu 05 Mar 2026 11:14:05 INFO  epoch 15 evaluating [time: 0.52s, valid_score: 0.103600]
Thu 05 Mar 2026 11:14:05 INFO  valid result: 
hit@10 : 0.1036    ndcg@10 : 0.052    mrr@10 : 0.036
Thu 05 Mar 2026 11:14:48 INFO  epoch 16 training [time: 43.04s, train loss: 2655.8409]
Thu 05 Mar 2026 11:14:48 INFO  epoch 16 evaluating [time: 0.53s, valid_score: 0.106200]
Thu 05 Mar 2026 11:14:48 INFO  valid result: 
hit@10 : 0.1062    ndcg@10 : 0.0536    mrr@10 : 0.0374
Thu 05 Mar 2026 11:14:49 INFO  Saving current: saved\TimeWeaver-Mar-05-2026_11-02-23.pth
Thu 05 Mar 2026 11:15:31 INFO  epoch 17 training [time: 42.70s, train loss: 2635.5333]
Thu 05 Mar 2026 11:15:32 INFO  epoch 17 evaluating [time: 0.49s, valid_score: 0.105500]
Thu 05 Mar 2026 11:15:32 INFO  valid result: 
hit@10 : 0.1055    ndcg@10 : 0.0527    mrr@10 : 0.0364
Thu 05 Mar 2026 11:16:15 INFO  epoch 18 training [time: 42.79s, train loss: 2621.1119]
Thu 05 Mar 2026 11:16:15 INFO  epoch 18 evaluating [time: 0.54s, valid_score: 0.104600]
Thu 05 Mar 2026 11:16:15 INFO  valid result: 
hit@10 : 0.1046    ndcg@10 : 0.0529    mrr@10 : 0.037
Thu 05 Mar 2026 11:16:58 INFO  epoch 19 training [time: 42.91s, train loss: 2606.3026]
Thu 05 Mar 2026 11:16:58 INFO  epoch 19 evaluating [time: 0.50s, valid_score: 0.104100]
Thu 05 Mar 2026 11:16:58 INFO  valid result: 
hit@10 : 0.1041    ndcg@10 : 0.0529    mrr@10 : 0.0371
Thu 05 Mar 2026 11:17:42 INFO  epoch 20 training [time: 43.88s, train loss: 2591.6493]
Thu 05 Mar 2026 11:17:43 INFO  epoch 20 evaluating [time: 0.52s, valid_score: 0.103900]
Thu 05 Mar 2026 11:17:43 INFO  valid result: 
hit@10 : 0.1039    ndcg@10 : 0.0532    mrr@10 : 0.0375
Thu 05 Mar 2026 11:18:27 INFO  epoch 21 training [time: 43.68s, train loss: 2577.8187]
Thu 05 Mar 2026 11:18:27 INFO  epoch 21 evaluating [time: 0.50s, valid_score: 0.102200]
Thu 05 Mar 2026 11:18:27 INFO  valid result: 
hit@10 : 0.1022    ndcg@10 : 0.0532    mrr@10 : 0.0381
Thu 05 Mar 2026 11:19:09 INFO  epoch 22 training [time: 42.43s, train loss: 2566.0775]
Thu 05 Mar 2026 11:19:10 INFO  epoch 22 evaluating [time: 0.52s, valid_score: 0.102800]
Thu 05 Mar 2026 11:19:10 INFO  valid result: 
hit@10 : 0.1028    ndcg@10 : 0.0528    mrr@10 : 0.0374
Thu 05 Mar 2026 11:19:53 INFO  epoch 23 training [time: 42.70s, train loss: 2554.2440]
Thu 05 Mar 2026 11:19:53 INFO  epoch 23 evaluating [time: 0.51s, valid_score: 0.104200]
Thu 05 Mar 2026 11:19:53 INFO  valid result: 
hit@10 : 0.1042    ndcg@10 : 0.0537    mrr@10 : 0.0382
Thu 05 Mar 2026 11:20:36 INFO  epoch 24 training [time: 43.13s, train loss: 2537.9977]
Thu 05 Mar 2026 11:20:37 INFO  epoch 24 evaluating [time: 0.49s, valid_score: 0.101000]
Thu 05 Mar 2026 11:20:37 INFO  valid result: 
hit@10 : 0.101    ndcg@10 : 0.0533    mrr@10 : 0.0385
Thu 05 Mar 2026 11:21:20 INFO  epoch 25 training [time: 42.92s, train loss: 2525.4877]
Thu 05 Mar 2026 11:21:20 INFO  epoch 25 evaluating [time: 0.47s, valid_score: 0.101000]
Thu 05 Mar 2026 11:21:20 INFO  valid result: 
hit@10 : 0.101    ndcg@10 : 0.0529    mrr@10 : 0.0381
Thu 05 Mar 2026 11:22:05 INFO  epoch 26 training [time: 44.64s, train loss: 2513.8077]
Thu 05 Mar 2026 11:22:05 INFO  epoch 26 evaluating [time: 0.51s, valid_score: 0.101100]
Thu 05 Mar 2026 11:22:05 INFO  valid result: 
hit@10 : 0.1011    ndcg@10 : 0.0528    mrr@10 : 0.0379
Thu 05 Mar 2026 11:22:48 INFO  epoch 27 training [time: 42.57s, train loss: 2505.0933]
Thu 05 Mar 2026 11:22:48 INFO  epoch 27 evaluating [time: 0.54s, valid_score: 0.100300]
Thu 05 Mar 2026 11:22:48 INFO  valid result: 
hit@10 : 0.1003    ndcg@10 : 0.0521    mrr@10 : 0.0372
Thu 05 Mar 2026 11:22:48 INFO  Finished training, best eval result in epoch 16
Thu 05 Mar 2026 11:22:49 INFO  Loading model structure and parameters from saved\TimeWeaver-Mar-05-2026_11-02-23.pth
Thu 05 Mar 2026 11:22:50 INFO  The running environment of this training is as follows:
+-------------+----------------+
| Environment |     Usage      |
+=============+================+
| CPU         |     8.00 %     |
+-------------+----------------+
| GPU         | 0.32 G/6.00 G  |
+-------------+----------------+
| Memory      | 1.42 G/15.63 G |
+-------------+----------------+
Thu 05 Mar 2026 11:22:50 INFO  best valid : OrderedDict([('hit@10', 0.1062), ('ndcg@10', 0.0536), ('mrr@10', 0.0374)])
Thu 05 Mar 2026 11:22:50 INFO  test result: OrderedDict([('hit@10', 0.0858), ('ndcg@10', 0.0439), ('mrr@10', 0.031)])
