Wed 25 Feb 2026 14:23:21 INFO  ['F:\\桌面\\recommendation_system\\scripts\\run_grid.py', '--models', 'timeweaver', '--datasets', 'amazon-electronics-5core-subset-full', '--timeweaver-variant', 'gate', '--seeds', '42,2023,2024', '--device', 'gpu', '--output', 'results/timeweaver_ablations_all_full.json', '--skip-if-done']
Wed 25 Feb 2026 14:23:21 INFO  
General Hyper Parameters:
gpu_id = 0
use_gpu = True
seed = 42
state = INFO
reproducibility = True
data_path = data/amazon\amazon-electronics-5core-subset
checkpoint_dir = saved
show_progress = True
save_dataset = False
dataset_save_path = None
save_dataloaders = False
dataloaders_save_path = None
log_wandb = False

Training Hyper Parameters:
epochs = 100
train_batch_size = 256
learner = adam
learning_rate = 0.001
train_neg_sample_args = {'distribution': 'none', 'sample_num': 'none', 'alpha': 'none', 'dynamic': False, 'candidate_num': 0}
eval_step = 1
stopping_step = 10
clip_grad_norm = None
weight_decay = 0.0
loss_decimal_place = 4

Evaluation Hyper Parameters:
eval_args = {'split': {'LS': 'valid_and_test'}, 'order': 'TO', 'group_by': 'user', 'mode': {'valid': 'full', 'test': 'full'}}
repeatable = True
metrics = ['Hit', 'NDCG', 'MRR']
topk = [10]
valid_metric = Hit@10
valid_metric_bigger = True
eval_batch_size = 512
metric_decimal_place = 4

Dataset Hyper Parameters:
field_separator = 	
seq_separator =  
USER_ID_FIELD = user_id
ITEM_ID_FIELD = item_id
RATING_FIELD = rating
TIME_FIELD = timestamp
seq_len = None
LABEL_FIELD = label
threshold = None
NEG_PREFIX = neg_
load_col = {'inter': ['user_id', 'item_id', 'rating', 'timestamp']}
unload_col = None
unused_col = None
additional_feat_suffix = None
rm_dup_inter = None
val_interval = None
filter_inter_by_user_or_item = True
user_inter_num_interval = [0,inf)
item_inter_num_interval = [0,inf)
alias_of_user_id = None
alias_of_item_id = None
alias_of_entity_id = None
alias_of_relation_id = None
preload_weight = None
normalize_field = None
normalize_all = None
ITEM_LIST_LENGTH_FIELD = item_length
LIST_SUFFIX = _list
MAX_ITEM_LIST_LENGTH = 32
POSITION_FIELD = position_id
HEAD_ENTITY_ID_FIELD = head_id
TAIL_ENTITY_ID_FIELD = tail_id
RELATION_ID_FIELD = relation_id
ENTITY_ID_FIELD = entity_id
benchmark_filename = None

Other Hyper Parameters: 
worker = 0
wandb_project = recbole
shuffle = True
require_pow = False
enable_amp = False
enable_scaler = False
transform = None
numerical_features = []
discretization = None
kg_reverse_r = False
entity_kg_num_interval = [0,inf)
relation_kg_num_interval = [0,inf)
MODEL_TYPE = ModelType.SEQUENTIAL
model_name = TimeWeaver
hidden_size = 64
num_layers = 2
hidden_dropout_prob = 0.5
initializer_range = 0.02
time_bucket_size = 1000
ema_decay = 0.5
tcn_kernel_size = -1
ffn_hidden_size = 256
loss_type = CE
early_stop = 10
neg_sampling = None
device = cuda
use_continuous_time = True
use_time_gate = True
use_time_augmentation = False
MODEL_INPUT_TYPE = InputType.POINTWISE
eval_type = EvaluatorType.RANKING
single_spec = True
local_rank = 0
valid_neg_sample_args = {'distribution': 'uniform', 'sample_num': 'none'}
test_neg_sample_args = {'distribution': 'uniform', 'sample_num': 'none'}


Wed 25 Feb 2026 14:23:22 INFO  amazon-electronics-5core-subset
The number of users: 1501
Average actions of users: 108.42733333333334
The number of items: 54722
Average actions of items: 2.9721861808080994
The number of inters: 162641
The sparsity of the dataset: 99.80198988231011%
Remain Fields: ['user_id', 'item_id', 'rating', 'timestamp']
Wed 25 Feb 2026 14:23:24 INFO  [Training]: train_batch_size = [256] train_neg_sample_args: [{'distribution': 'none', 'sample_num': 'none', 'alpha': 'none', 'dynamic': False, 'candidate_num': 0}]
Wed 25 Feb 2026 14:23:24 INFO  [Evaluation]: eval_batch_size = [512] eval_args: [{'split': {'LS': 'valid_and_test'}, 'order': 'TO', 'group_by': 'user', 'mode': {'valid': 'full', 'test': 'full'}}]
Wed 25 Feb 2026 14:23:24 INFO  TimeWeaver(
  (item_embedding): Embedding(54722, 64, padding_idx=0)
  (time_aug): TimeAwareAugmentation(
    (pos_embedding): Embedding(32, 64)
    (time_embedder): ContinuousTimeEmbedding(
      (time2vec): Time2Vec()
    )
    (time_gate): TimeGate(
      (net): Sequential(
        (0): Linear(in_features=128, out_features=16, bias=True)
        (1): GELU(approximate='none')
        (2): Linear(in_features=16, out_features=64, bias=True)
        (3): Sigmoid()
      )
    )
    (layer_norm): LayerNorm((64,), eps=1e-05, elementwise_affine=True)
    (drop): Dropout(p=0.5, inplace=False)
  )
  (context_layers): ModuleList(
    (0-1): 2 x TCNNextBlock(
      (dw): DepthwiseConv1d(
        (conv): Conv1d(64, 64, kernel_size=(11,), stride=(1,), padding=(5,), groups=64)
        (bn): BatchNorm1d(64, eps=1e-05, momentum=0.1, affine=True, track_running_stats=True)
        (drop): Dropout(p=0.5, inplace=False)
      )
      (norm1): LayerNorm((64,), eps=1e-05, elementwise_affine=True)
      (conv_inter): ParallelConvInter(
        (conv1): Conv1d(64, 64, kernel_size=(1,), stride=(1,))
        (conv3): Conv1d(64, 64, kernel_size=(3,), stride=(1,), padding=(1,))
        (proj): Conv1d(64, 64, kernel_size=(1,), stride=(1,))
        (drop): Dropout(p=0.5, inplace=False)
      )
      (norm2): LayerNorm((64,), eps=1e-05, elementwise_affine=True)
      (ffn): Sequential(
        (0): Linear(in_features=64, out_features=256, bias=True)
        (1): GELU(approximate='none')
        (2): Dropout(p=0.5, inplace=False)
        (3): Linear(in_features=256, out_features=64, bias=True)
        (4): Dropout(p=0.5, inplace=False)
      )
      (norm3): LayerNorm((64,), eps=1e-05, elementwise_affine=True)
    )
  )
  (dynamic_layers): ModuleList(
    (0-1): 2 x EMAStream(
      (proj): Linear(in_features=64, out_features=64, bias=True)
    )
  )
  (weavers): ModuleList(
    (0-1): 2 x StreamWeaver(
      (proj): Linear(in_features=128, out_features=64, bias=True)
      (norm): LayerNorm((64,), eps=1e-05, elementwise_affine=True)
    )
  )
  (loss_fct): CrossEntropyLoss()
)
Trainable parameters: 3642834.0
Wed 25 Feb 2026 14:23:25 INFO  FLOPs: 4395008.0
Wed 25 Feb 2026 14:24:30 INFO  epoch 0 training [time: 63.73s, train loss: 6558.6118]
Wed 25 Feb 2026 14:24:30 INFO  epoch 0 evaluating [time: 0.11s, valid_score: 0.000000]
Wed 25 Feb 2026 14:24:30 INFO  valid result: 
hit@10 : 0.0    ndcg@10 : 0.0    mrr@10 : 0.0
Wed 25 Feb 2026 14:24:30 INFO  Saving current: saved\TimeWeaver-Feb-25-2026_14-23-25.pth
Wed 25 Feb 2026 14:25:37 INFO  epoch 1 training [time: 67.08s, train loss: 6177.4093]
Wed 25 Feb 2026 14:25:37 INFO  epoch 1 evaluating [time: 0.09s, valid_score: 0.012700]
Wed 25 Feb 2026 14:25:37 INFO  valid result: 
hit@10 : 0.0127    ndcg@10 : 0.0072    mrr@10 : 0.0055
Wed 25 Feb 2026 14:25:37 INFO  Saving current: saved\TimeWeaver-Feb-25-2026_14-23-25.pth
Wed 25 Feb 2026 14:26:43 INFO  epoch 2 training [time: 66.05s, train loss: 5765.8410]
Wed 25 Feb 2026 14:26:43 INFO  epoch 2 evaluating [time: 0.08s, valid_score: 0.020700]
Wed 25 Feb 2026 14:26:43 INFO  valid result: 
hit@10 : 0.0207    ndcg@10 : 0.0127    mrr@10 : 0.0102
Wed 25 Feb 2026 14:26:44 INFO  Saving current: saved\TimeWeaver-Feb-25-2026_14-23-25.pth
Wed 25 Feb 2026 14:27:50 INFO  epoch 3 training [time: 66.77s, train loss: 5339.8823]
Wed 25 Feb 2026 14:27:50 INFO  epoch 3 evaluating [time: 0.09s, valid_score: 0.031300]
Wed 25 Feb 2026 14:27:50 INFO  valid result: 
hit@10 : 0.0313    ndcg@10 : 0.0199    mrr@10 : 0.0166
Wed 25 Feb 2026 14:27:50 INFO  Saving current: saved\TimeWeaver-Feb-25-2026_14-23-25.pth
Wed 25 Feb 2026 14:28:57 INFO  epoch 4 training [time: 66.08s, train loss: 4917.7609]
Wed 25 Feb 2026 14:28:57 INFO  epoch 4 evaluating [time: 0.09s, valid_score: 0.026700]
Wed 25 Feb 2026 14:28:57 INFO  valid result: 
hit@10 : 0.0267    ndcg@10 : 0.0183    mrr@10 : 0.0157
Wed 25 Feb 2026 14:30:03 INFO  epoch 5 training [time: 66.41s, train loss: 4542.9151]
Wed 25 Feb 2026 14:30:03 INFO  epoch 5 evaluating [time: 0.09s, valid_score: 0.028000]
Wed 25 Feb 2026 14:30:03 INFO  valid result: 
hit@10 : 0.028    ndcg@10 : 0.019    mrr@10 : 0.0163
Wed 25 Feb 2026 14:31:09 INFO  epoch 6 training [time: 65.74s, train loss: 4231.8839]
Wed 25 Feb 2026 14:31:09 INFO  epoch 6 evaluating [time: 0.09s, valid_score: 0.032000]
Wed 25 Feb 2026 14:31:09 INFO  valid result: 
hit@10 : 0.032    ndcg@10 : 0.0209    mrr@10 : 0.0175
Wed 25 Feb 2026 14:31:09 INFO  Saving current: saved\TimeWeaver-Feb-25-2026_14-23-25.pth
Wed 25 Feb 2026 14:32:15 INFO  epoch 7 training [time: 66.43s, train loss: 3985.2449]
Wed 25 Feb 2026 14:32:16 INFO  epoch 7 evaluating [time: 0.08s, valid_score: 0.035300]
Wed 25 Feb 2026 14:32:16 INFO  valid result: 
hit@10 : 0.0353    ndcg@10 : 0.0227    mrr@10 : 0.0188
Wed 25 Feb 2026 14:32:16 INFO  Saving current: saved\TimeWeaver-Feb-25-2026_14-23-25.pth
Wed 25 Feb 2026 14:33:23 INFO  epoch 8 training [time: 67.28s, train loss: 3789.6008]
Wed 25 Feb 2026 14:33:23 INFO  epoch 8 evaluating [time: 0.09s, valid_score: 0.034700]
Wed 25 Feb 2026 14:33:23 INFO  valid result: 
hit@10 : 0.0347    ndcg@10 : 0.0216    mrr@10 : 0.0176
Wed 25 Feb 2026 14:34:29 INFO  epoch 9 training [time: 65.97s, train loss: 3620.7470]
Wed 25 Feb 2026 14:34:29 INFO  epoch 9 evaluating [time: 0.09s, valid_score: 0.031300]
Wed 25 Feb 2026 14:34:29 INFO  valid result: 
hit@10 : 0.0313    ndcg@10 : 0.0198    mrr@10 : 0.0162
Wed 25 Feb 2026 14:35:35 INFO  epoch 10 training [time: 66.30s, train loss: 3483.2116]
Wed 25 Feb 2026 14:35:35 INFO  epoch 10 evaluating [time: 0.09s, valid_score: 0.030700]
Wed 25 Feb 2026 14:35:35 INFO  valid result: 
hit@10 : 0.0307    ndcg@10 : 0.0212    mrr@10 : 0.0182
Wed 25 Feb 2026 14:36:42 INFO  epoch 11 training [time: 66.84s, train loss: 3359.8669]
Wed 25 Feb 2026 14:36:42 INFO  epoch 11 evaluating [time: 0.09s, valid_score: 0.028700]
Wed 25 Feb 2026 14:36:42 INFO  valid result: 
hit@10 : 0.0287    ndcg@10 : 0.0197    mrr@10 : 0.0169
Wed 25 Feb 2026 14:37:49 INFO  epoch 12 training [time: 66.90s, train loss: 3249.0163]
Wed 25 Feb 2026 14:37:49 INFO  epoch 12 evaluating [time: 0.09s, valid_score: 0.031300]
Wed 25 Feb 2026 14:37:49 INFO  valid result: 
hit@10 : 0.0313    ndcg@10 : 0.02    mrr@10 : 0.0165
Wed 25 Feb 2026 14:38:57 INFO  epoch 13 training [time: 67.34s, train loss: 3147.2891]
Wed 25 Feb 2026 14:38:57 INFO  epoch 13 evaluating [time: 0.09s, valid_score: 0.024700]
Wed 25 Feb 2026 14:38:57 INFO  valid result: 
hit@10 : 0.0247    ndcg@10 : 0.0183    mrr@10 : 0.0164
Wed 25 Feb 2026 14:40:04 INFO  epoch 14 training [time: 67.19s, train loss: 3056.8393]
Wed 25 Feb 2026 14:40:04 INFO  epoch 14 evaluating [time: 0.08s, valid_score: 0.027300]
Wed 25 Feb 2026 14:40:04 INFO  valid result: 
hit@10 : 0.0273    ndcg@10 : 0.0183    mrr@10 : 0.0155
Wed 25 Feb 2026 14:41:12 INFO  epoch 15 training [time: 68.20s, train loss: 2968.9657]
Wed 25 Feb 2026 14:41:12 INFO  epoch 15 evaluating [time: 0.09s, valid_score: 0.026700]
Wed 25 Feb 2026 14:41:12 INFO  valid result: 
hit@10 : 0.0267    ndcg@10 : 0.0176    mrr@10 : 0.0148
Wed 25 Feb 2026 14:42:19 INFO  epoch 16 training [time: 67.16s, train loss: 2883.1518]
Wed 25 Feb 2026 14:42:20 INFO  epoch 16 evaluating [time: 0.09s, valid_score: 0.029300]
Wed 25 Feb 2026 14:42:20 INFO  valid result: 
hit@10 : 0.0293    ndcg@10 : 0.0196    mrr@10 : 0.0166
Wed 25 Feb 2026 14:43:26 INFO  epoch 17 training [time: 66.83s, train loss: 2806.2773]
Wed 25 Feb 2026 14:43:27 INFO  epoch 17 evaluating [time: 0.09s, valid_score: 0.029300]
Wed 25 Feb 2026 14:43:27 INFO  valid result: 
hit@10 : 0.0293    ndcg@10 : 0.0193    mrr@10 : 0.0162
Wed 25 Feb 2026 14:44:33 INFO  epoch 18 training [time: 66.96s, train loss: 2729.4060]
Wed 25 Feb 2026 14:44:34 INFO  epoch 18 evaluating [time: 0.09s, valid_score: 0.024000]
Wed 25 Feb 2026 14:44:34 INFO  valid result: 
hit@10 : 0.024    ndcg@10 : 0.0186    mrr@10 : 0.0169
Wed 25 Feb 2026 14:44:34 INFO  Finished training, best eval result in epoch 7
Wed 25 Feb 2026 14:44:34 INFO  Loading model structure and parameters from saved\TimeWeaver-Feb-25-2026_14-23-25.pth
Wed 25 Feb 2026 14:44:35 INFO  The running environment of this training is as follows:
+-------------+----------------+
| Environment |     Usage      |
+=============+================+
| CPU         |     5.80 %     |
+-------------+----------------+
| GPU         | 0.80 G/6.00 G  |
+-------------+----------------+
| Memory      | 1.55 G/15.63 G |
+-------------+----------------+
Wed 25 Feb 2026 14:44:35 INFO  best valid : OrderedDict([('hit@10', 0.0353), ('ndcg@10', 0.0227), ('mrr@10', 0.0188)])
Wed 25 Feb 2026 14:44:35 INFO  test result: OrderedDict([('hit@10', 0.0333), ('ndcg@10', 0.0209), ('mrr@10', 0.0171)])
Wed 25 Feb 2026 14:44:35 WARNING  command line args [--models timeweaver --datasets amazon-electronics-5core-subset-full --timeweaver-variant gate --seeds 42,2023,2024 --device gpu --output results/timeweaver_ablations_all_full.json --skip-if-done] will not be used in RecBole
Wed 25 Feb 2026 14:44:35 INFO  ['F:\\桌面\\recommendation_system\\scripts\\run_grid.py', '--models', 'timeweaver', '--datasets', 'amazon-electronics-5core-subset-full', '--timeweaver-variant', 'gate', '--seeds', '42,2023,2024', '--device', 'gpu', '--output', 'results/timeweaver_ablations_all_full.json', '--skip-if-done']
Wed 25 Feb 2026 14:44:35 INFO  
General Hyper Parameters:
gpu_id = 0
use_gpu = True
seed = 2023
state = INFO
reproducibility = True
data_path = data/amazon\amazon-electronics-5core-subset
checkpoint_dir = saved
show_progress = True
save_dataset = False
dataset_save_path = None
save_dataloaders = False
dataloaders_save_path = None
log_wandb = False

Training Hyper Parameters:
epochs = 100
train_batch_size = 256
learner = adam
learning_rate = 0.001
train_neg_sample_args = {'distribution': 'none', 'sample_num': 'none', 'alpha': 'none', 'dynamic': False, 'candidate_num': 0}
eval_step = 1
stopping_step = 10
clip_grad_norm = None
weight_decay = 0.0
loss_decimal_place = 4

Evaluation Hyper Parameters:
eval_args = {'split': {'LS': 'valid_and_test'}, 'order': 'TO', 'group_by': 'user', 'mode': {'valid': 'full', 'test': 'full'}}
repeatable = True
metrics = ['Hit', 'NDCG', 'MRR']
topk = [10]
valid_metric = Hit@10
valid_metric_bigger = True
eval_batch_size = 512
metric_decimal_place = 4

Dataset Hyper Parameters:
field_separator = 	
seq_separator =  
USER_ID_FIELD = user_id
ITEM_ID_FIELD = item_id
RATING_FIELD = rating
TIME_FIELD = timestamp
seq_len = None
LABEL_FIELD = label
threshold = None
NEG_PREFIX = neg_
load_col = {'inter': ['user_id', 'item_id', 'rating', 'timestamp']}
unload_col = None
unused_col = None
additional_feat_suffix = None
rm_dup_inter = None
val_interval = None
filter_inter_by_user_or_item = True
user_inter_num_interval = [0,inf)
item_inter_num_interval = [0,inf)
alias_of_user_id = None
alias_of_item_id = None
alias_of_entity_id = None
alias_of_relation_id = None
preload_weight = None
normalize_field = None
normalize_all = None
ITEM_LIST_LENGTH_FIELD = item_length
LIST_SUFFIX = _list
MAX_ITEM_LIST_LENGTH = 32
POSITION_FIELD = position_id
HEAD_ENTITY_ID_FIELD = head_id
TAIL_ENTITY_ID_FIELD = tail_id
RELATION_ID_FIELD = relation_id
ENTITY_ID_FIELD = entity_id
benchmark_filename = None

Other Hyper Parameters: 
worker = 0
wandb_project = recbole
shuffle = True
require_pow = False
enable_amp = False
enable_scaler = False
transform = None
numerical_features = []
discretization = None
kg_reverse_r = False
entity_kg_num_interval = [0,inf)
relation_kg_num_interval = [0,inf)
MODEL_TYPE = ModelType.SEQUENTIAL
model_name = TimeWeaver
hidden_size = 64
num_layers = 2
hidden_dropout_prob = 0.5
initializer_range = 0.02
time_bucket_size = 1000
ema_decay = 0.5
tcn_kernel_size = -1
ffn_hidden_size = 256
loss_type = CE
early_stop = 10
neg_sampling = None
device = cuda
use_continuous_time = True
use_time_gate = True
use_time_augmentation = False
MODEL_INPUT_TYPE = InputType.POINTWISE
eval_type = EvaluatorType.RANKING
single_spec = True
local_rank = 0
valid_neg_sample_args = {'distribution': 'uniform', 'sample_num': 'none'}
test_neg_sample_args = {'distribution': 'uniform', 'sample_num': 'none'}


Wed 25 Feb 2026 14:44:35 INFO  amazon-electronics-5core-subset
The number of users: 1501
Average actions of users: 108.42733333333334
The number of items: 54722
Average actions of items: 2.9721861808080994
The number of inters: 162641
The sparsity of the dataset: 99.80198988231011%
Remain Fields: ['user_id', 'item_id', 'rating', 'timestamp']
Wed 25 Feb 2026 14:44:38 INFO  [Training]: train_batch_size = [256] train_neg_sample_args: [{'distribution': 'none', 'sample_num': 'none', 'alpha': 'none', 'dynamic': False, 'candidate_num': 0}]
Wed 25 Feb 2026 14:44:38 INFO  [Evaluation]: eval_batch_size = [512] eval_args: [{'split': {'LS': 'valid_and_test'}, 'order': 'TO', 'group_by': 'user', 'mode': {'valid': 'full', 'test': 'full'}}]
Wed 25 Feb 2026 14:44:38 INFO  TimeWeaver(
  (item_embedding): Embedding(54722, 64, padding_idx=0)
  (time_aug): TimeAwareAugmentation(
    (pos_embedding): Embedding(32, 64)
    (time_embedder): ContinuousTimeEmbedding(
      (time2vec): Time2Vec()
    )
    (time_gate): TimeGate(
      (net): Sequential(
        (0): Linear(in_features=128, out_features=16, bias=True)
        (1): GELU(approximate='none')
        (2): Linear(in_features=16, out_features=64, bias=True)
        (3): Sigmoid()
      )
    )
    (layer_norm): LayerNorm((64,), eps=1e-05, elementwise_affine=True)
    (drop): Dropout(p=0.5, inplace=False)
  )
  (context_layers): ModuleList(
    (0-1): 2 x TCNNextBlock(
      (dw): DepthwiseConv1d(
        (conv): Conv1d(64, 64, kernel_size=(11,), stride=(1,), padding=(5,), groups=64)
        (bn): BatchNorm1d(64, eps=1e-05, momentum=0.1, affine=True, track_running_stats=True)
        (drop): Dropout(p=0.5, inplace=False)
      )
      (norm1): LayerNorm((64,), eps=1e-05, elementwise_affine=True)
      (conv_inter): ParallelConvInter(
        (conv1): Conv1d(64, 64, kernel_size=(1,), stride=(1,))
        (conv3): Conv1d(64, 64, kernel_size=(3,), stride=(1,), padding=(1,))
        (proj): Conv1d(64, 64, kernel_size=(1,), stride=(1,))
        (drop): Dropout(p=0.5, inplace=False)
      )
      (norm2): LayerNorm((64,), eps=1e-05, elementwise_affine=True)
      (ffn): Sequential(
        (0): Linear(in_features=64, out_features=256, bias=True)
        (1): GELU(approximate='none')
        (2): Dropout(p=0.5, inplace=False)
        (3): Linear(in_features=256, out_features=64, bias=True)
        (4): Dropout(p=0.5, inplace=False)
      )
      (norm3): LayerNorm((64,), eps=1e-05, elementwise_affine=True)
    )
  )
  (dynamic_layers): ModuleList(
    (0-1): 2 x EMAStream(
      (proj): Linear(in_features=64, out_features=64, bias=True)
    )
  )
  (weavers): ModuleList(
    (0-1): 2 x StreamWeaver(
      (proj): Linear(in_features=128, out_features=64, bias=True)
      (norm): LayerNorm((64,), eps=1e-05, elementwise_affine=True)
    )
  )
  (loss_fct): CrossEntropyLoss()
)
Trainable parameters: 3642834.0
Wed 25 Feb 2026 14:44:38 INFO  FLOPs: 4395008.0
Wed 25 Feb 2026 14:45:45 INFO  epoch 0 training [time: 67.33s, train loss: 6572.8873]
Wed 25 Feb 2026 14:45:45 INFO  epoch 0 evaluating [time: 0.08s, valid_score: 0.001300]
Wed 25 Feb 2026 14:45:45 INFO  valid result: 
hit@10 : 0.0013    ndcg@10 : 0.0004    mrr@10 : 0.0002
Wed 25 Feb 2026 14:45:45 INFO  Saving current: saved\TimeWeaver-Feb-25-2026_14-44-38.pth
Wed 25 Feb 2026 14:46:53 INFO  epoch 1 training [time: 67.37s, train loss: 6283.9158]
Wed 25 Feb 2026 14:46:53 INFO  epoch 1 evaluating [time: 0.09s, valid_score: 0.011300]
Wed 25 Feb 2026 14:46:53 INFO  valid result: 
hit@10 : 0.0113    ndcg@10 : 0.0062    mrr@10 : 0.0047
Wed 25 Feb 2026 14:46:53 INFO  Saving current: saved\TimeWeaver-Feb-25-2026_14-44-38.pth
Wed 25 Feb 2026 14:48:00 INFO  epoch 2 training [time: 67.10s, train loss: 5918.8761]
Wed 25 Feb 2026 14:48:00 INFO  epoch 2 evaluating [time: 0.09s, valid_score: 0.015300]
Wed 25 Feb 2026 14:48:00 INFO  valid result: 
hit@10 : 0.0153    ndcg@10 : 0.0075    mrr@10 : 0.0051
Wed 25 Feb 2026 14:48:00 INFO  Saving current: saved\TimeWeaver-Feb-25-2026_14-44-38.pth
Wed 25 Feb 2026 14:49:08 INFO  epoch 3 training [time: 68.08s, train loss: 5507.1637]
Wed 25 Feb 2026 14:49:08 INFO  epoch 3 evaluating [time: 0.09s, valid_score: 0.032000]
Wed 25 Feb 2026 14:49:08 INFO  valid result: 
hit@10 : 0.032    ndcg@10 : 0.0169    mrr@10 : 0.0123
Wed 25 Feb 2026 14:49:08 INFO  Saving current: saved\TimeWeaver-Feb-25-2026_14-44-38.pth
Wed 25 Feb 2026 14:50:15 INFO  epoch 4 training [time: 67.25s, train loss: 5077.5313]
Wed 25 Feb 2026 14:50:16 INFO  epoch 4 evaluating [time: 0.09s, valid_score: 0.029300]
Wed 25 Feb 2026 14:50:16 INFO  valid result: 
hit@10 : 0.0293    ndcg@10 : 0.0205    mrr@10 : 0.0177
Wed 25 Feb 2026 14:51:22 INFO  epoch 5 training [time: 66.95s, train loss: 4678.0066]
Wed 25 Feb 2026 14:51:23 INFO  epoch 5 evaluating [time: 0.09s, valid_score: 0.030700]
Wed 25 Feb 2026 14:51:23 INFO  valid result: 
hit@10 : 0.0307    ndcg@10 : 0.0215    mrr@10 : 0.0187
Wed 25 Feb 2026 14:52:30 INFO  epoch 6 training [time: 66.99s, train loss: 4333.2696]
Wed 25 Feb 2026 14:52:30 INFO  epoch 6 evaluating [time: 0.09s, valid_score: 0.032000]
Wed 25 Feb 2026 14:52:30 INFO  valid result: 
hit@10 : 0.032    ndcg@10 : 0.0214    mrr@10 : 0.018
Wed 25 Feb 2026 14:52:30 INFO  Saving current: saved\TimeWeaver-Feb-25-2026_14-44-38.pth
Wed 25 Feb 2026 14:53:38 INFO  epoch 7 training [time: 68.08s, train loss: 4056.5969]
Wed 25 Feb 2026 14:53:38 INFO  epoch 7 evaluating [time: 0.09s, valid_score: 0.032700]
Wed 25 Feb 2026 14:53:38 INFO  valid result: 
hit@10 : 0.0327    ndcg@10 : 0.0213    mrr@10 : 0.0179
Wed 25 Feb 2026 14:53:38 INFO  Saving current: saved\TimeWeaver-Feb-25-2026_14-44-38.pth
Wed 25 Feb 2026 14:54:45 INFO  epoch 8 training [time: 66.87s, train loss: 3827.9195]
Wed 25 Feb 2026 14:54:45 INFO  epoch 8 evaluating [time: 0.09s, valid_score: 0.032700]
Wed 25 Feb 2026 14:54:45 INFO  valid result: 
hit@10 : 0.0327    ndcg@10 : 0.0211    mrr@10 : 0.0174
Wed 25 Feb 2026 14:54:45 INFO  Saving current: saved\TimeWeaver-Feb-25-2026_14-44-38.pth
Wed 25 Feb 2026 14:55:53 INFO  epoch 9 training [time: 67.66s, train loss: 3638.3887]
Wed 25 Feb 2026 14:55:53 INFO  epoch 9 evaluating [time: 0.08s, valid_score: 0.032000]
Wed 25 Feb 2026 14:55:53 INFO  valid result: 
hit@10 : 0.032    ndcg@10 : 0.0218    mrr@10 : 0.0185
Wed 25 Feb 2026 14:57:00 INFO  epoch 10 training [time: 67.56s, train loss: 3476.8722]
Wed 25 Feb 2026 14:57:00 INFO  epoch 10 evaluating [time: 0.09s, valid_score: 0.030700]
Wed 25 Feb 2026 14:57:00 INFO  valid result: 
hit@10 : 0.0307    ndcg@10 : 0.0194    mrr@10 : 0.0159
Wed 25 Feb 2026 14:58:08 INFO  epoch 11 training [time: 67.27s, train loss: 3336.7773]
Wed 25 Feb 2026 14:58:08 INFO  epoch 11 evaluating [time: 0.08s, valid_score: 0.027300]
Wed 25 Feb 2026 14:58:08 INFO  valid result: 
hit@10 : 0.0273    ndcg@10 : 0.0196    mrr@10 : 0.0171
Wed 25 Feb 2026 14:59:15 INFO  epoch 12 training [time: 67.13s, train loss: 3210.0069]
Wed 25 Feb 2026 14:59:15 INFO  epoch 12 evaluating [time: 0.09s, valid_score: 0.026700]
Wed 25 Feb 2026 14:59:15 INFO  valid result: 
hit@10 : 0.0267    ndcg@10 : 0.0182    mrr@10 : 0.0155
Wed 25 Feb 2026 15:00:22 INFO  epoch 13 training [time: 67.15s, train loss: 3091.2898]
Wed 25 Feb 2026 15:00:22 INFO  epoch 13 evaluating [time: 0.09s, valid_score: 0.028700]
Wed 25 Feb 2026 15:00:22 INFO  valid result: 
hit@10 : 0.0287    ndcg@10 : 0.0185    mrr@10 : 0.0153
Wed 25 Feb 2026 15:01:30 INFO  epoch 14 training [time: 67.80s, train loss: 2989.7374]
Wed 25 Feb 2026 15:01:30 INFO  epoch 14 evaluating [time: 0.08s, valid_score: 0.028000]
Wed 25 Feb 2026 15:01:30 INFO  valid result: 
hit@10 : 0.028    ndcg@10 : 0.0187    mrr@10 : 0.0157
Wed 25 Feb 2026 15:02:37 INFO  epoch 15 training [time: 66.85s, train loss: 2892.0241]
Wed 25 Feb 2026 15:02:37 INFO  epoch 15 evaluating [time: 0.09s, valid_score: 0.026700]
Wed 25 Feb 2026 15:02:37 INFO  valid result: 
hit@10 : 0.0267    ndcg@10 : 0.019    mrr@10 : 0.0166
Wed 25 Feb 2026 15:03:45 INFO  epoch 16 training [time: 67.70s, train loss: 2802.7008]
Wed 25 Feb 2026 15:03:45 INFO  epoch 16 evaluating [time: 0.08s, valid_score: 0.028000]
Wed 25 Feb 2026 15:03:45 INFO  valid result: 
hit@10 : 0.028    ndcg@10 : 0.0187    mrr@10 : 0.0158
Wed 25 Feb 2026 15:04:52 INFO  epoch 17 training [time: 67.49s, train loss: 2715.1212]
Wed 25 Feb 2026 15:04:52 INFO  epoch 17 evaluating [time: 0.08s, valid_score: 0.031300]
Wed 25 Feb 2026 15:04:52 INFO  valid result: 
hit@10 : 0.0313    ndcg@10 : 0.0203    mrr@10 : 0.0169
Wed 25 Feb 2026 15:06:00 INFO  epoch 18 training [time: 67.48s, train loss: 2644.1734]
Wed 25 Feb 2026 15:06:00 INFO  epoch 18 evaluating [time: 0.08s, valid_score: 0.028700]
Wed 25 Feb 2026 15:06:00 INFO  valid result: 
hit@10 : 0.0287    ndcg@10 : 0.0188    mrr@10 : 0.0159
Wed 25 Feb 2026 15:07:07 INFO  epoch 19 training [time: 67.04s, train loss: 2568.2447]
Wed 25 Feb 2026 15:07:07 INFO  epoch 19 evaluating [time: 0.09s, valid_score: 0.028000]
Wed 25 Feb 2026 15:07:07 INFO  valid result: 
hit@10 : 0.028    ndcg@10 : 0.0192    mrr@10 : 0.0164
Wed 25 Feb 2026 15:07:07 INFO  Finished training, best eval result in epoch 8
Wed 25 Feb 2026 15:07:07 INFO  Loading model structure and parameters from saved\TimeWeaver-Feb-25-2026_14-44-38.pth
Wed 25 Feb 2026 15:07:08 INFO  The running environment of this training is as follows:
+-------------+----------------+
| Environment |     Usage      |
+=============+================+
| CPU         |     5.70 %     |
+-------------+----------------+
| GPU         | 0.80 G/6.00 G  |
+-------------+----------------+
| Memory      | 1.59 G/15.63 G |
+-------------+----------------+
Wed 25 Feb 2026 15:07:08 INFO  best valid : OrderedDict([('hit@10', 0.0327), ('ndcg@10', 0.0211), ('mrr@10', 0.0174)])
Wed 25 Feb 2026 15:07:08 INFO  test result: OrderedDict([('hit@10', 0.03), ('ndcg@10', 0.0193), ('mrr@10', 0.016)])
Wed 25 Feb 2026 15:07:08 WARNING  command line args [--models timeweaver --datasets amazon-electronics-5core-subset-full --timeweaver-variant gate --seeds 42,2023,2024 --device gpu --output results/timeweaver_ablations_all_full.json --skip-if-done] will not be used in RecBole
Wed 25 Feb 2026 15:07:08 INFO  ['F:\\桌面\\recommendation_system\\scripts\\run_grid.py', '--models', 'timeweaver', '--datasets', 'amazon-electronics-5core-subset-full', '--timeweaver-variant', 'gate', '--seeds', '42,2023,2024', '--device', 'gpu', '--output', 'results/timeweaver_ablations_all_full.json', '--skip-if-done']
Wed 25 Feb 2026 15:07:08 INFO  
General Hyper Parameters:
gpu_id = 0
use_gpu = True
seed = 2024
state = INFO
reproducibility = True
data_path = data/amazon\amazon-electronics-5core-subset
checkpoint_dir = saved
show_progress = True
save_dataset = False
dataset_save_path = None
save_dataloaders = False
dataloaders_save_path = None
log_wandb = False

Training Hyper Parameters:
epochs = 100
train_batch_size = 256
learner = adam
learning_rate = 0.001
train_neg_sample_args = {'distribution': 'none', 'sample_num': 'none', 'alpha': 'none', 'dynamic': False, 'candidate_num': 0}
eval_step = 1
stopping_step = 10
clip_grad_norm = None
weight_decay = 0.0
loss_decimal_place = 4

Evaluation Hyper Parameters:
eval_args = {'split': {'LS': 'valid_and_test'}, 'order': 'TO', 'group_by': 'user', 'mode': {'valid': 'full', 'test': 'full'}}
repeatable = True
metrics = ['Hit', 'NDCG', 'MRR']
topk = [10]
valid_metric = Hit@10
valid_metric_bigger = True
eval_batch_size = 512
metric_decimal_place = 4

Dataset Hyper Parameters:
field_separator = 	
seq_separator =  
USER_ID_FIELD = user_id
ITEM_ID_FIELD = item_id
RATING_FIELD = rating
TIME_FIELD = timestamp
seq_len = None
LABEL_FIELD = label
threshold = None
NEG_PREFIX = neg_
load_col = {'inter': ['user_id', 'item_id', 'rating', 'timestamp']}
unload_col = None
unused_col = None
additional_feat_suffix = None
rm_dup_inter = None
val_interval = None
filter_inter_by_user_or_item = True
user_inter_num_interval = [0,inf)
item_inter_num_interval = [0,inf)
alias_of_user_id = None
alias_of_item_id = None
alias_of_entity_id = None
alias_of_relation_id = None
preload_weight = None
normalize_field = None
normalize_all = None
ITEM_LIST_LENGTH_FIELD = item_length
LIST_SUFFIX = _list
MAX_ITEM_LIST_LENGTH = 32
POSITION_FIELD = position_id
HEAD_ENTITY_ID_FIELD = head_id
TAIL_ENTITY_ID_FIELD = tail_id
RELATION_ID_FIELD = relation_id
ENTITY_ID_FIELD = entity_id
benchmark_filename = None

Other Hyper Parameters: 
worker = 0
wandb_project = recbole
shuffle = True
require_pow = False
enable_amp = False
enable_scaler = False
transform = None
numerical_features = []
discretization = None
kg_reverse_r = False
entity_kg_num_interval = [0,inf)
relation_kg_num_interval = [0,inf)
MODEL_TYPE = ModelType.SEQUENTIAL
model_name = TimeWeaver
hidden_size = 64
num_layers = 2
hidden_dropout_prob = 0.5
initializer_range = 0.02
time_bucket_size = 1000
ema_decay = 0.5
tcn_kernel_size = -1
ffn_hidden_size = 256
loss_type = CE
early_stop = 10
neg_sampling = None
device = cuda
use_continuous_time = True
use_time_gate = True
use_time_augmentation = False
MODEL_INPUT_TYPE = InputType.POINTWISE
eval_type = EvaluatorType.RANKING
single_spec = True
local_rank = 0
valid_neg_sample_args = {'distribution': 'uniform', 'sample_num': 'none'}
test_neg_sample_args = {'distribution': 'uniform', 'sample_num': 'none'}


Wed 25 Feb 2026 15:07:09 INFO  amazon-electronics-5core-subset
The number of users: 1501
Average actions of users: 108.42733333333334
The number of items: 54722
Average actions of items: 2.9721861808080994
The number of inters: 162641
The sparsity of the dataset: 99.80198988231011%
Remain Fields: ['user_id', 'item_id', 'rating', 'timestamp']
Wed 25 Feb 2026 15:07:11 INFO  [Training]: train_batch_size = [256] train_neg_sample_args: [{'distribution': 'none', 'sample_num': 'none', 'alpha': 'none', 'dynamic': False, 'candidate_num': 0}]
Wed 25 Feb 2026 15:07:11 INFO  [Evaluation]: eval_batch_size = [512] eval_args: [{'split': {'LS': 'valid_and_test'}, 'order': 'TO', 'group_by': 'user', 'mode': {'valid': 'full', 'test': 'full'}}]
Wed 25 Feb 2026 15:07:11 INFO  TimeWeaver(
  (item_embedding): Embedding(54722, 64, padding_idx=0)
  (time_aug): TimeAwareAugmentation(
    (pos_embedding): Embedding(32, 64)
    (time_embedder): ContinuousTimeEmbedding(
      (time2vec): Time2Vec()
    )
    (time_gate): TimeGate(
      (net): Sequential(
        (0): Linear(in_features=128, out_features=16, bias=True)
        (1): GELU(approximate='none')
        (2): Linear(in_features=16, out_features=64, bias=True)
        (3): Sigmoid()
      )
    )
    (layer_norm): LayerNorm((64,), eps=1e-05, elementwise_affine=True)
    (drop): Dropout(p=0.5, inplace=False)
  )
  (context_layers): ModuleList(
    (0-1): 2 x TCNNextBlock(
      (dw): DepthwiseConv1d(
        (conv): Conv1d(64, 64, kernel_size=(11,), stride=(1,), padding=(5,), groups=64)
        (bn): BatchNorm1d(64, eps=1e-05, momentum=0.1, affine=True, track_running_stats=True)
        (drop): Dropout(p=0.5, inplace=False)
      )
      (norm1): LayerNorm((64,), eps=1e-05, elementwise_affine=True)
      (conv_inter): ParallelConvInter(
        (conv1): Conv1d(64, 64, kernel_size=(1,), stride=(1,))
        (conv3): Conv1d(64, 64, kernel_size=(3,), stride=(1,), padding=(1,))
        (proj): Conv1d(64, 64, kernel_size=(1,), stride=(1,))
        (drop): Dropout(p=0.5, inplace=False)
      )
      (norm2): LayerNorm((64,), eps=1e-05, elementwise_affine=True)
      (ffn): Sequential(
        (0): Linear(in_features=64, out_features=256, bias=True)
        (1): GELU(approximate='none')
        (2): Dropout(p=0.5, inplace=False)
        (3): Linear(in_features=256, out_features=64, bias=True)
        (4): Dropout(p=0.5, inplace=False)
      )
      (norm3): LayerNorm((64,), eps=1e-05, elementwise_affine=True)
    )
  )
  (dynamic_layers): ModuleList(
    (0-1): 2 x EMAStream(
      (proj): Linear(in_features=64, out_features=64, bias=True)
    )
  )
  (weavers): ModuleList(
    (0-1): 2 x StreamWeaver(
      (proj): Linear(in_features=128, out_features=64, bias=True)
      (norm): LayerNorm((64,), eps=1e-05, elementwise_affine=True)
    )
  )
  (loss_fct): CrossEntropyLoss()
)
Trainable parameters: 3642834.0
Wed 25 Feb 2026 15:07:11 INFO  FLOPs: 4395008.0
Wed 25 Feb 2026 15:08:17 INFO  epoch 0 training [time: 66.08s, train loss: 6566.9531]
Wed 25 Feb 2026 15:08:17 INFO  epoch 0 evaluating [time: 0.09s, valid_score: 0.000000]
Wed 25 Feb 2026 15:08:17 INFO  valid result: 
hit@10 : 0.0    ndcg@10 : 0.0    mrr@10 : 0.0
Wed 25 Feb 2026 15:08:17 INFO  Saving current: saved\TimeWeaver-Feb-25-2026_15-07-11.pth
Wed 25 Feb 2026 15:09:26 INFO  epoch 1 training [time: 68.66s, train loss: 6229.5770]
Wed 25 Feb 2026 15:09:26 INFO  epoch 1 evaluating [time: 0.08s, valid_score: 0.012700]
Wed 25 Feb 2026 15:09:26 INFO  valid result: 
hit@10 : 0.0127    ndcg@10 : 0.0053    mrr@10 : 0.0032
Wed 25 Feb 2026 15:09:26 INFO  Saving current: saved\TimeWeaver-Feb-25-2026_15-07-11.pth
Wed 25 Feb 2026 15:10:33 INFO  epoch 2 training [time: 66.86s, train loss: 5827.3596]
Wed 25 Feb 2026 15:10:33 INFO  epoch 2 evaluating [time: 0.08s, valid_score: 0.018700]
Wed 25 Feb 2026 15:10:33 INFO  valid result: 
hit@10 : 0.0187    ndcg@10 : 0.0109    mrr@10 : 0.0085
Wed 25 Feb 2026 15:10:33 INFO  Saving current: saved\TimeWeaver-Feb-25-2026_15-07-11.pth
Wed 25 Feb 2026 15:11:41 INFO  epoch 3 training [time: 67.64s, train loss: 5400.7055]
Wed 25 Feb 2026 15:11:41 INFO  epoch 3 evaluating [time: 0.09s, valid_score: 0.026000]
Wed 25 Feb 2026 15:11:41 INFO  valid result: 
hit@10 : 0.026    ndcg@10 : 0.017    mrr@10 : 0.0142
Wed 25 Feb 2026 15:11:41 INFO  Saving current: saved\TimeWeaver-Feb-25-2026_15-07-11.pth
Wed 25 Feb 2026 15:12:48 INFO  epoch 4 training [time: 67.16s, train loss: 4979.2737]
Wed 25 Feb 2026 15:12:48 INFO  epoch 4 evaluating [time: 0.09s, valid_score: 0.028000]
Wed 25 Feb 2026 15:12:48 INFO  valid result: 
hit@10 : 0.028    ndcg@10 : 0.0191    mrr@10 : 0.0163
Wed 25 Feb 2026 15:12:48 INFO  Saving current: saved\TimeWeaver-Feb-25-2026_15-07-11.pth
Wed 25 Feb 2026 15:13:56 INFO  epoch 5 training [time: 67.43s, train loss: 4597.3591]
Wed 25 Feb 2026 15:13:56 INFO  epoch 5 evaluating [time: 0.09s, valid_score: 0.033300]
Wed 25 Feb 2026 15:13:56 INFO  valid result: 
hit@10 : 0.0333    ndcg@10 : 0.0219    mrr@10 : 0.0184
Wed 25 Feb 2026 15:13:56 INFO  Saving current: saved\TimeWeaver-Feb-25-2026_15-07-11.pth
Wed 25 Feb 2026 15:15:03 INFO  epoch 6 training [time: 67.15s, train loss: 4271.1496]
Wed 25 Feb 2026 15:15:03 INFO  epoch 6 evaluating [time: 0.08s, valid_score: 0.031300]
Wed 25 Feb 2026 15:15:03 INFO  valid result: 
hit@10 : 0.0313    ndcg@10 : 0.0213    mrr@10 : 0.0183
Wed 25 Feb 2026 15:16:10 INFO  epoch 7 training [time: 67.25s, train loss: 4011.7633]
Wed 25 Feb 2026 15:16:11 INFO  epoch 7 evaluating [time: 0.09s, valid_score: 0.028700]
Wed 25 Feb 2026 15:16:11 INFO  valid result: 
hit@10 : 0.0287    ndcg@10 : 0.0188    mrr@10 : 0.0157
Wed 25 Feb 2026 15:17:19 INFO  epoch 8 training [time: 68.07s, train loss: 3804.5733]
Wed 25 Feb 2026 15:17:19 INFO  epoch 8 evaluating [time: 0.10s, valid_score: 0.027300]
Wed 25 Feb 2026 15:17:19 INFO  valid result: 
hit@10 : 0.0273    ndcg@10 : 0.0184    mrr@10 : 0.0155
Wed 25 Feb 2026 15:18:25 INFO  epoch 9 training [time: 66.57s, train loss: 3626.0565]
Wed 25 Feb 2026 15:18:25 INFO  epoch 9 evaluating [time: 0.08s, valid_score: 0.031300]
Wed 25 Feb 2026 15:18:25 INFO  valid result: 
hit@10 : 0.0313    ndcg@10 : 0.0217    mrr@10 : 0.0186
Wed 25 Feb 2026 15:19:33 INFO  epoch 10 training [time: 67.37s, train loss: 3482.7397]
Wed 25 Feb 2026 15:19:33 INFO  epoch 10 evaluating [time: 0.09s, valid_score: 0.031300]
Wed 25 Feb 2026 15:19:33 INFO  valid result: 
hit@10 : 0.0313    ndcg@10 : 0.0215    mrr@10 : 0.0185
Wed 25 Feb 2026 15:20:40 INFO  epoch 11 training [time: 66.95s, train loss: 3347.0122]
Wed 25 Feb 2026 15:20:40 INFO  epoch 11 evaluating [time: 0.09s, valid_score: 0.033300]
Wed 25 Feb 2026 15:20:40 INFO  valid result: 
hit@10 : 0.0333    ndcg@10 : 0.0218    mrr@10 : 0.0182
Wed 25 Feb 2026 15:20:40 INFO  Saving current: saved\TimeWeaver-Feb-25-2026_15-07-11.pth
Wed 25 Feb 2026 15:21:47 INFO  epoch 12 training [time: 67.39s, train loss: 3232.5382]
Wed 25 Feb 2026 15:21:47 INFO  epoch 12 evaluating [time: 0.09s, valid_score: 0.029300]
Wed 25 Feb 2026 15:21:47 INFO  valid result: 
hit@10 : 0.0293    ndcg@10 : 0.0195    mrr@10 : 0.0166
Wed 25 Feb 2026 15:22:54 INFO  epoch 13 training [time: 66.82s, train loss: 3126.1568]
Wed 25 Feb 2026 15:22:54 INFO  epoch 13 evaluating [time: 0.10s, valid_score: 0.032000]
Wed 25 Feb 2026 15:22:54 INFO  valid result: 
hit@10 : 0.032    ndcg@10 : 0.0217    mrr@10 : 0.0185
Wed 25 Feb 2026 15:24:01 INFO  epoch 14 training [time: 66.97s, train loss: 3025.5681]
Wed 25 Feb 2026 15:24:01 INFO  epoch 14 evaluating [time: 0.09s, valid_score: 0.032700]
Wed 25 Feb 2026 15:24:01 INFO  valid result: 
hit@10 : 0.0327    ndcg@10 : 0.021    mrr@10 : 0.0174
Wed 25 Feb 2026 15:25:09 INFO  epoch 15 training [time: 67.49s, train loss: 2931.6561]
Wed 25 Feb 2026 15:25:09 INFO  epoch 15 evaluating [time: 0.09s, valid_score: 0.035300]
Wed 25 Feb 2026 15:25:09 INFO  valid result: 
hit@10 : 0.0353    ndcg@10 : 0.022    mrr@10 : 0.0179
Wed 25 Feb 2026 15:25:09 INFO  Saving current: saved\TimeWeaver-Feb-25-2026_15-07-11.pth
Wed 25 Feb 2026 15:26:16 INFO  epoch 16 training [time: 66.61s, train loss: 2842.0922]
Wed 25 Feb 2026 15:26:16 INFO  epoch 16 evaluating [time: 0.08s, valid_score: 0.028000]
Wed 25 Feb 2026 15:26:16 INFO  valid result: 
hit@10 : 0.028    ndcg@10 : 0.0186    mrr@10 : 0.0158
Wed 25 Feb 2026 15:27:22 INFO  epoch 17 training [time: 66.75s, train loss: 2758.0112]
Wed 25 Feb 2026 15:27:22 INFO  epoch 17 evaluating [time: 0.09s, valid_score: 0.027300]
Wed 25 Feb 2026 15:27:22 INFO  valid result: 
hit@10 : 0.0273    ndcg@10 : 0.0189    mrr@10 : 0.0163
Wed 25 Feb 2026 15:28:29 INFO  epoch 18 training [time: 66.76s, train loss: 2679.1313]
Wed 25 Feb 2026 15:28:29 INFO  epoch 18 evaluating [time: 0.09s, valid_score: 0.028700]
Wed 25 Feb 2026 15:28:29 INFO  valid result: 
hit@10 : 0.0287    ndcg@10 : 0.0184    mrr@10 : 0.0153
Wed 25 Feb 2026 15:29:37 INFO  epoch 19 training [time: 67.75s, train loss: 2604.1915]
Wed 25 Feb 2026 15:29:37 INFO  epoch 19 evaluating [time: 0.09s, valid_score: 0.027300]
Wed 25 Feb 2026 15:29:37 INFO  valid result: 
hit@10 : 0.0273    ndcg@10 : 0.0183    mrr@10 : 0.0156
Wed 25 Feb 2026 15:30:44 INFO  epoch 20 training [time: 66.64s, train loss: 2533.4205]
Wed 25 Feb 2026 15:30:44 INFO  epoch 20 evaluating [time: 0.09s, valid_score: 0.028700]
Wed 25 Feb 2026 15:30:44 INFO  valid result: 
hit@10 : 0.0287    ndcg@10 : 0.0193    mrr@10 : 0.0164
Wed 25 Feb 2026 15:31:51 INFO  epoch 21 training [time: 67.28s, train loss: 2469.7415]
Wed 25 Feb 2026 15:31:51 INFO  epoch 21 evaluating [time: 0.09s, valid_score: 0.028000]
Wed 25 Feb 2026 15:31:51 INFO  valid result: 
hit@10 : 0.028    ndcg@10 : 0.0191    mrr@10 : 0.0164
Wed 25 Feb 2026 15:32:58 INFO  epoch 22 training [time: 66.75s, train loss: 2400.8330]
Wed 25 Feb 2026 15:32:58 INFO  epoch 22 evaluating [time: 0.09s, valid_score: 0.028000]
Wed 25 Feb 2026 15:32:58 INFO  valid result: 
hit@10 : 0.028    ndcg@10 : 0.0188    mrr@10 : 0.016
Wed 25 Feb 2026 15:34:05 INFO  epoch 23 training [time: 66.98s, train loss: 2349.2346]
Wed 25 Feb 2026 15:34:05 INFO  epoch 23 evaluating [time: 0.08s, valid_score: 0.026000]
Wed 25 Feb 2026 15:34:05 INFO  valid result: 
hit@10 : 0.026    ndcg@10 : 0.0183    mrr@10 : 0.0158
Wed 25 Feb 2026 15:35:12 INFO  epoch 24 training [time: 67.00s, train loss: 2285.5968]
Wed 25 Feb 2026 15:35:12 INFO  epoch 24 evaluating [time: 0.09s, valid_score: 0.030000]
Wed 25 Feb 2026 15:35:12 INFO  valid result: 
hit@10 : 0.03    ndcg@10 : 0.0195    mrr@10 : 0.0162
Wed 25 Feb 2026 15:36:19 INFO  epoch 25 training [time: 66.68s, train loss: 2230.2771]
Wed 25 Feb 2026 15:36:19 INFO  epoch 25 evaluating [time: 0.08s, valid_score: 0.030000]
Wed 25 Feb 2026 15:36:19 INFO  valid result: 
hit@10 : 0.03    ndcg@10 : 0.0201    mrr@10 : 0.017
Wed 25 Feb 2026 15:37:27 INFO  epoch 26 training [time: 67.82s, train loss: 2180.0626]
Wed 25 Feb 2026 15:37:27 INFO  epoch 26 evaluating [time: 0.09s, valid_score: 0.029300]
Wed 25 Feb 2026 15:37:27 INFO  valid result: 
hit@10 : 0.0293    ndcg@10 : 0.0194    mrr@10 : 0.0163
Wed 25 Feb 2026 15:37:27 INFO  Finished training, best eval result in epoch 15
Wed 25 Feb 2026 15:37:27 INFO  Loading model structure and parameters from saved\TimeWeaver-Feb-25-2026_15-07-11.pth
Wed 25 Feb 2026 15:37:28 INFO  The running environment of this training is as follows:
+-------------+----------------+
| Environment |     Usage      |
+=============+================+
| CPU         |    14.20 %     |
+-------------+----------------+
| GPU         | 0.80 G/6.00 G  |
+-------------+----------------+
| Memory      | 1.57 G/15.63 G |
+-------------+----------------+
Wed 25 Feb 2026 15:37:28 INFO  best valid : OrderedDict([('hit@10', 0.0353), ('ndcg@10', 0.022), ('mrr@10', 0.0179)])
Wed 25 Feb 2026 15:37:28 INFO  test result: OrderedDict([('hit@10', 0.0227), ('ndcg@10', 0.0153), ('mrr@10', 0.013)])
