Mon 09 Feb 2026 19:23:45 INFO  ['F:\\桌面\\recommendation_system\\scripts\\run_grid.py', '--models', 'timeweaver', '--datasets', 'ml-100k', '--seeds', '42', '--device', 'gpu', '--timeweaver-variant', 'base', '--tag', 'e0p1_k9_d0p2_l2_f512_b1000', '--output', 'results/run_grid_timeweaver_tune.json', '--tw-ema-decay', '0.1', '--tw-tcn-kernel', '9', '--tw-hidden-dropout', '0.2', '--tw-num-layers', '2', '--tw-ffn-hidden', '512', '--tw-time-bucket', '1000']
Mon 09 Feb 2026 19:23:45 INFO  
General Hyper Parameters:
gpu_id = 0
use_gpu = True
seed = 42
state = INFO
reproducibility = True
data_path = F:\anaconda3\envs\rec39\Lib\site-packages\recbole\config\../dataset_example/ml-100k
checkpoint_dir = saved
show_progress = True
save_dataset = False
dataset_save_path = None
save_dataloaders = False
dataloaders_save_path = None
log_wandb = False

Training Hyper Parameters:
epochs = 100
train_batch_size = 256
learner = adam
learning_rate = 0.001
train_neg_sample_args = {'distribution': 'none', 'sample_num': 'none', 'alpha': 'none', 'dynamic': False, 'candidate_num': 0}
eval_step = 1
stopping_step = 10
clip_grad_norm = None
weight_decay = 0.0
loss_decimal_place = 4

Evaluation Hyper Parameters:
eval_args = {'split': {'LS': 'valid_and_test'}, 'order': 'TO', 'group_by': 'user', 'mode': {'valid': 'uni100', 'test': 'uni100'}}
repeatable = True
metrics = ['Hit', 'NDCG', 'MRR']
topk = [10]
valid_metric = MRR@10
valid_metric_bigger = True
eval_batch_size = 512
metric_decimal_place = 4

Dataset Hyper Parameters:
field_separator = 	
seq_separator =  
USER_ID_FIELD = user_id
ITEM_ID_FIELD = item_id
RATING_FIELD = rating
TIME_FIELD = timestamp
seq_len = None
LABEL_FIELD = label
threshold = None
NEG_PREFIX = neg_
load_col = {'inter': ['user_id', 'item_id', 'rating', 'timestamp'], 'user': ['user_id', 'age', 'gender', 'occupation', 'zip_code'], 'item': ['item_id', 'movie_title', 'release_year', 'class']}
unload_col = None
unused_col = None
additional_feat_suffix = None
rm_dup_inter = None
val_interval = None
filter_inter_by_user_or_item = True
user_inter_num_interval = None
item_inter_num_interval = None
alias_of_user_id = None
alias_of_item_id = None
alias_of_entity_id = None
alias_of_relation_id = None
preload_weight = None
normalize_field = None
normalize_all = True
ITEM_LIST_LENGTH_FIELD = item_length
LIST_SUFFIX = _list
MAX_ITEM_LIST_LENGTH = 32
POSITION_FIELD = position_id
HEAD_ENTITY_ID_FIELD = head_id
TAIL_ENTITY_ID_FIELD = tail_id
RELATION_ID_FIELD = relation_id
ENTITY_ID_FIELD = entity_id
kg_reverse_r = False
entity_kg_num_interval = None
relation_kg_num_interval = None
benchmark_filename = None

Other Hyper Parameters: 
worker = 0
wandb_project = recbole
shuffle = True
require_pow = False
enable_amp = False
enable_scaler = False
transform = None
numerical_features = []
discretization = None
MODEL_TYPE = ModelType.SEQUENTIAL
model_name = TimeWeaver
hidden_size = 64
num_layers = 2
hidden_dropout_prob = 0.2
initializer_range = 0.02
time_bucket_size = 1000
ema_decay = 0.1
tcn_kernel_size = 9
ffn_hidden_size = 512
loss_type = CE
early_stop = 10
neg_sampling = None
device = cuda
use_continuous_time = False
use_time_gate = False
use_time_augmentation = False
MODEL_INPUT_TYPE = InputType.POINTWISE
eval_type = EvaluatorType.RANKING
single_spec = True
local_rank = 0
valid_neg_sample_args = {'distribution': 'uniform', 'sample_num': 100}
test_neg_sample_args = {'distribution': 'uniform', 'sample_num': 100}


Mon 09 Feb 2026 19:23:45 INFO  ml-100k
The number of users: 944
Average actions of users: 106.04453870625663
The number of items: 1683
Average actions of items: 59.45303210463734
The number of inters: 100000
The sparsity of the dataset: 93.70575143257098%
Remain Fields: ['user_id', 'item_id', 'rating', 'timestamp', 'age', 'gender', 'occupation', 'zip_code', 'movie_title', 'release_year', 'class']
Mon 09 Feb 2026 19:23:47 INFO  [Training]: train_batch_size = [256] train_neg_sample_args: [{'distribution': 'none', 'sample_num': 'none', 'alpha': 'none', 'dynamic': False, 'candidate_num': 0}]
Mon 09 Feb 2026 19:23:47 INFO  [Evaluation]: eval_batch_size = [512] eval_args: [{'split': {'LS': 'valid_and_test'}, 'order': 'TO', 'group_by': 'user', 'mode': {'valid': 'uni100', 'test': 'uni100'}}]
Mon 09 Feb 2026 19:23:47 INFO  TimeWeaver(
  (item_embedding): Embedding(1683, 64, padding_idx=0)
  (time_aug): TimeAwareAugmentation(
    (pos_embedding): Embedding(32, 64)
    (time_embedding): Embedding(1000, 64)
    (layer_norm): LayerNorm((64,), eps=1e-05, elementwise_affine=True)
    (drop): Dropout(p=0.2, inplace=False)
  )
  (context_layers): ModuleList(
    (0-1): 2 x TCNNextBlock(
      (dw): DepthwiseConv1d(
        (conv): Conv1d(64, 64, kernel_size=(9,), stride=(1,), padding=(4,), groups=64)
        (bn): BatchNorm1d(64, eps=1e-05, momentum=0.1, affine=True, track_running_stats=True)
        (drop): Dropout(p=0.2, inplace=False)
      )
      (norm1): LayerNorm((64,), eps=1e-05, elementwise_affine=True)
      (conv_inter): ParallelConvInter(
        (conv1): Conv1d(64, 64, kernel_size=(1,), stride=(1,))
        (conv3): Conv1d(64, 64, kernel_size=(3,), stride=(1,), padding=(1,))
        (proj): Conv1d(64, 64, kernel_size=(1,), stride=(1,))
        (drop): Dropout(p=0.2, inplace=False)
      )
      (norm2): LayerNorm((64,), eps=1e-05, elementwise_affine=True)
      (ffn): Sequential(
        (0): Linear(in_features=64, out_features=512, bias=True)
        (1): GELU(approximate='none')
        (2): Dropout(p=0.2, inplace=False)
        (3): Linear(in_features=512, out_features=64, bias=True)
        (4): Dropout(p=0.2, inplace=False)
      )
      (norm3): LayerNorm((64,), eps=1e-05, elementwise_affine=True)
    )
  )
  (dynamic_layers): ModuleList(
    (0-1): 2 x EMAStream(
      (proj): Linear(in_features=64, out_features=64, bias=True)
    )
  )
  (weavers): ModuleList(
    (0-1): 2 x StreamWeaver(
      (proj): Linear(in_features=128, out_features=64, bias=True)
      (norm): LayerNorm((64,), eps=1e-05, elementwise_affine=True)
    )
  )
  (loss_fct): CrossEntropyLoss()
)
Trainable parameters: 374849.0
Mon 09 Feb 2026 19:23:47 INFO  FLOPs: 6387712.0
Mon 09 Feb 2026 19:24:19 INFO  epoch 0 training [time: 30.93s, train loss: 2422.6857]
Mon 09 Feb 2026 19:24:21 INFO  epoch 0 evaluating [time: 2.13s, valid_score: 0.279500]
Mon 09 Feb 2026 19:24:21 INFO  valid result: 
hit@10 : 0.6628    ndcg@10 : 0.3694    mrr@10 : 0.2795
Mon 09 Feb 2026 19:24:21 INFO  Saving current: saved\TimeWeaver-Feb-09-2026_19-23-47.pth
Mon 09 Feb 2026 19:24:52 INFO  epoch 1 training [time: 31.10s, train loss: 2228.2221]
Mon 09 Feb 2026 19:24:55 INFO  epoch 1 evaluating [time: 2.17s, valid_score: 0.322500]
Mon 09 Feb 2026 19:24:55 INFO  valid result: 
hit@10 : 0.6988    ndcg@10 : 0.4113    mrr@10 : 0.3225
Mon 09 Feb 2026 19:24:55 INFO  Saving current: saved\TimeWeaver-Feb-09-2026_19-23-47.pth
Mon 09 Feb 2026 19:25:26 INFO  epoch 2 training [time: 30.96s, train loss: 2182.3349]
Mon 09 Feb 2026 19:25:28 INFO  epoch 2 evaluating [time: 2.16s, valid_score: 0.331900]
Mon 09 Feb 2026 19:25:28 INFO  valid result: 
hit@10 : 0.7222    ndcg@10 : 0.4238    mrr@10 : 0.3319
Mon 09 Feb 2026 19:25:28 INFO  Saving current: saved\TimeWeaver-Feb-09-2026_19-23-47.pth
Mon 09 Feb 2026 19:25:59 INFO  epoch 3 training [time: 31.38s, train loss: 2152.8266]
Mon 09 Feb 2026 19:26:01 INFO  epoch 3 evaluating [time: 2.15s, valid_score: 0.335200]
Mon 09 Feb 2026 19:26:01 INFO  valid result: 
hit@10 : 0.7158    ndcg@10 : 0.4254    mrr@10 : 0.3352
Mon 09 Feb 2026 19:26:01 INFO  Saving current: saved\TimeWeaver-Feb-09-2026_19-23-47.pth
Mon 09 Feb 2026 19:26:33 INFO  epoch 4 training [time: 31.35s, train loss: 2130.7979]
Mon 09 Feb 2026 19:26:35 INFO  epoch 4 evaluating [time: 2.10s, valid_score: 0.353000]
Mon 09 Feb 2026 19:26:35 INFO  valid result: 
hit@10 : 0.7434    ndcg@10 : 0.4452    mrr@10 : 0.353
Mon 09 Feb 2026 19:26:35 INFO  Saving current: saved\TimeWeaver-Feb-09-2026_19-23-47.pth
Mon 09 Feb 2026 19:27:06 INFO  epoch 5 training [time: 31.24s, train loss: 2111.4338]
Mon 09 Feb 2026 19:27:08 INFO  epoch 5 evaluating [time: 2.19s, valid_score: 0.343300]
Mon 09 Feb 2026 19:27:08 INFO  valid result: 
hit@10 : 0.7413    ndcg@10 : 0.4374    mrr@10 : 0.3433
Mon 09 Feb 2026 19:27:41 INFO  epoch 6 training [time: 32.67s, train loss: 2094.4996]
Mon 09 Feb 2026 19:27:43 INFO  epoch 6 evaluating [time: 2.20s, valid_score: 0.334400]
Mon 09 Feb 2026 19:27:43 INFO  valid result: 
hit@10 : 0.7402    ndcg@10 : 0.4305    mrr@10 : 0.3344
Mon 09 Feb 2026 19:28:15 INFO  epoch 7 training [time: 31.42s, train loss: 2081.4894]
Mon 09 Feb 2026 19:28:17 INFO  epoch 7 evaluating [time: 2.10s, valid_score: 0.347900]
Mon 09 Feb 2026 19:28:17 INFO  valid result: 
hit@10 : 0.7466    ndcg@10 : 0.4422    mrr@10 : 0.3479
Mon 09 Feb 2026 19:28:48 INFO  epoch 8 training [time: 31.19s, train loss: 2070.0698]
Mon 09 Feb 2026 19:28:50 INFO  epoch 8 evaluating [time: 2.18s, valid_score: 0.350500]
Mon 09 Feb 2026 19:28:50 INFO  valid result: 
hit@10 : 0.7338    ndcg@10 : 0.4415    mrr@10 : 0.3505
Mon 09 Feb 2026 19:29:21 INFO  epoch 9 training [time: 31.24s, train loss: 2059.8290]
Mon 09 Feb 2026 19:29:23 INFO  epoch 9 evaluating [time: 2.10s, valid_score: 0.352700]
Mon 09 Feb 2026 19:29:23 INFO  valid result: 
hit@10 : 0.7306    ndcg@10 : 0.4424    mrr@10 : 0.3527
Mon 09 Feb 2026 19:29:55 INFO  epoch 10 training [time: 31.38s, train loss: 2050.5851]
Mon 09 Feb 2026 19:29:57 INFO  epoch 10 evaluating [time: 2.19s, valid_score: 0.333900]
Mon 09 Feb 2026 19:29:57 INFO  valid result: 
hit@10 : 0.7179    ndcg@10 : 0.4249    mrr@10 : 0.3339
Mon 09 Feb 2026 19:30:28 INFO  epoch 11 training [time: 31.47s, train loss: 2040.8431]
Mon 09 Feb 2026 19:30:31 INFO  epoch 11 evaluating [time: 2.15s, valid_score: 0.344000]
Mon 09 Feb 2026 19:30:31 INFO  valid result: 
hit@10 : 0.7264    ndcg@10 : 0.4346    mrr@10 : 0.344
Mon 09 Feb 2026 19:31:01 INFO  epoch 12 training [time: 30.88s, train loss: 2035.2636]
Mon 09 Feb 2026 19:31:04 INFO  epoch 12 evaluating [time: 2.18s, valid_score: 0.344900]
Mon 09 Feb 2026 19:31:04 INFO  valid result: 
hit@10 : 0.7359    ndcg@10 : 0.4375    mrr@10 : 0.3449
Mon 09 Feb 2026 19:31:37 INFO  epoch 13 training [time: 33.37s, train loss: 2026.5967]
Mon 09 Feb 2026 19:31:39 INFO  epoch 13 evaluating [time: 2.20s, valid_score: 0.347100]
Mon 09 Feb 2026 19:31:39 INFO  valid result: 
hit@10 : 0.7253    ndcg@10 : 0.4364    mrr@10 : 0.3471
Mon 09 Feb 2026 19:32:11 INFO  epoch 14 training [time: 31.79s, train loss: 2021.4224]
Mon 09 Feb 2026 19:32:13 INFO  epoch 14 evaluating [time: 2.13s, valid_score: 0.342000]
Mon 09 Feb 2026 19:32:13 INFO  valid result: 
hit@10 : 0.7381    ndcg@10 : 0.4351    mrr@10 : 0.342
Mon 09 Feb 2026 19:32:44 INFO  epoch 15 training [time: 31.14s, train loss: 2013.6130]
Mon 09 Feb 2026 19:32:46 INFO  epoch 15 evaluating [time: 2.18s, valid_score: 0.353400]
Mon 09 Feb 2026 19:32:46 INFO  valid result: 
hit@10 : 0.7285    ndcg@10 : 0.4425    mrr@10 : 0.3534
Mon 09 Feb 2026 19:32:46 INFO  Saving current: saved\TimeWeaver-Feb-09-2026_19-23-47.pth
Mon 09 Feb 2026 19:33:18 INFO  epoch 16 training [time: 31.31s, train loss: 2008.9606]
Mon 09 Feb 2026 19:33:20 INFO  epoch 16 evaluating [time: 2.12s, valid_score: 0.339400]
Mon 09 Feb 2026 19:33:20 INFO  valid result: 
hit@10 : 0.7275    ndcg@10 : 0.4314    mrr@10 : 0.3394
Mon 09 Feb 2026 19:33:51 INFO  epoch 17 training [time: 31.34s, train loss: 2003.2516]
Mon 09 Feb 2026 19:33:53 INFO  epoch 17 evaluating [time: 2.17s, valid_score: 0.341000]
Mon 09 Feb 2026 19:33:53 INFO  valid result: 
hit@10 : 0.7381    ndcg@10 : 0.4347    mrr@10 : 0.341
Mon 09 Feb 2026 19:34:25 INFO  epoch 18 training [time: 31.59s, train loss: 1997.4658]
Mon 09 Feb 2026 19:34:27 INFO  epoch 18 evaluating [time: 2.19s, valid_score: 0.330500]
Mon 09 Feb 2026 19:34:27 INFO  valid result: 
hit@10 : 0.7211    ndcg@10 : 0.4227    mrr@10 : 0.3305
Mon 09 Feb 2026 19:34:58 INFO  epoch 19 training [time: 30.87s, train loss: 1992.3274]
Mon 09 Feb 2026 19:35:00 INFO  epoch 19 evaluating [time: 2.14s, valid_score: 0.337300]
Mon 09 Feb 2026 19:35:00 INFO  valid result: 
hit@10 : 0.7211    ndcg@10 : 0.428    mrr@10 : 0.3373
Mon 09 Feb 2026 19:35:33 INFO  epoch 20 training [time: 33.24s, train loss: 1987.8887]
Mon 09 Feb 2026 19:35:36 INFO  epoch 20 evaluating [time: 2.23s, valid_score: 0.344600]
Mon 09 Feb 2026 19:35:36 INFO  valid result: 
hit@10 : 0.7328    ndcg@10 : 0.4359    mrr@10 : 0.3446
Mon 09 Feb 2026 19:36:07 INFO  epoch 21 training [time: 31.77s, train loss: 1982.9453]
Mon 09 Feb 2026 19:36:10 INFO  epoch 21 evaluating [time: 2.11s, valid_score: 0.335500]
Mon 09 Feb 2026 19:36:10 INFO  valid result: 
hit@10 : 0.7094    ndcg@10 : 0.424    mrr@10 : 0.3355
Mon 09 Feb 2026 19:36:40 INFO  epoch 22 training [time: 30.92s, train loss: 1978.9492]
Mon 09 Feb 2026 19:36:43 INFO  epoch 22 evaluating [time: 2.14s, valid_score: 0.342600]
Mon 09 Feb 2026 19:36:43 INFO  valid result: 
hit@10 : 0.7179    ndcg@10 : 0.4318    mrr@10 : 0.3426
Mon 09 Feb 2026 19:37:14 INFO  epoch 23 training [time: 31.24s, train loss: 1974.1594]
Mon 09 Feb 2026 19:37:16 INFO  epoch 23 evaluating [time: 2.12s, valid_score: 0.328300]
Mon 09 Feb 2026 19:37:16 INFO  valid result: 
hit@10 : 0.7041    ndcg@10 : 0.4176    mrr@10 : 0.3283
Mon 09 Feb 2026 19:37:47 INFO  epoch 24 training [time: 31.24s, train loss: 1970.7963]
Mon 09 Feb 2026 19:37:49 INFO  epoch 24 evaluating [time: 2.09s, valid_score: 0.345500]
Mon 09 Feb 2026 19:37:49 INFO  valid result: 
hit@10 : 0.7253    ndcg@10 : 0.4353    mrr@10 : 0.3455
Mon 09 Feb 2026 19:38:21 INFO  epoch 25 training [time: 31.39s, train loss: 1964.8264]
Mon 09 Feb 2026 19:38:23 INFO  epoch 25 evaluating [time: 2.18s, valid_score: 0.331100]
Mon 09 Feb 2026 19:38:23 INFO  valid result: 
hit@10 : 0.7041    ndcg@10 : 0.4193    mrr@10 : 0.3311
Mon 09 Feb 2026 19:38:54 INFO  epoch 26 training [time: 30.89s, train loss: 1961.0983]
Mon 09 Feb 2026 19:38:56 INFO  epoch 26 evaluating [time: 2.14s, valid_score: 0.333200]
Mon 09 Feb 2026 19:38:56 INFO  valid result: 
hit@10 : 0.7243    ndcg@10 : 0.4256    mrr@10 : 0.3332
Mon 09 Feb 2026 19:38:56 INFO  Finished training, best eval result in epoch 15
Mon 09 Feb 2026 19:38:56 INFO  Loading model structure and parameters from saved\TimeWeaver-Feb-09-2026_19-23-47.pth
Mon 09 Feb 2026 19:38:59 INFO  The running environment of this training is as follows:
+-------------+----------------+
| Environment |     Usage      |
+=============+================+
| CPU         |     5.10 %     |
+-------------+----------------+
| GPU         | 0.28 G/6.00 G  |
+-------------+----------------+
| Memory      | 1.45 G/15.63 G |
+-------------+----------------+
Mon 09 Feb 2026 19:38:59 INFO  best valid : OrderedDict([('hit@10', 0.7285), ('ndcg@10', 0.4425), ('mrr@10', 0.3534)])
Mon 09 Feb 2026 19:38:59 INFO  test result: OrderedDict([('hit@10', 0.7073), ('ndcg@10', 0.4157), ('mrr@10', 0.3255)])
