Thu 12 Feb 2026 17:56:50 INFO  ['F:\\桌面\\recommendation_system\\scripts\\run_grid.py', '--models', 'timeweaver', '--datasets', 'amazon-electronics-5core-subset', '--seeds', '42', '--device', 'gpu', '--timeweaver-variant', 'base', '--tag', 'e0p1_k5_d0p2_l1_f512_b1000', '--output', 'results/run_grid_timeweaver_tune.json', '--tw-ema-decay', '0.1', '--tw-tcn-kernel', '5', '--tw-hidden-dropout', '0.2', '--tw-num-layers', '1', '--tw-ffn-hidden', '512', '--tw-time-bucket', '1000']
Thu 12 Feb 2026 17:56:50 INFO  
General Hyper Parameters:
gpu_id = 0
use_gpu = True
seed = 42
state = INFO
reproducibility = True
data_path = data/amazon\amazon-electronics-5core-subset
checkpoint_dir = saved
show_progress = True
save_dataset = False
dataset_save_path = None
save_dataloaders = False
dataloaders_save_path = None
log_wandb = False

Training Hyper Parameters:
epochs = 100
train_batch_size = 256
learner = adam
learning_rate = 0.001
train_neg_sample_args = {'distribution': 'none', 'sample_num': 'none', 'alpha': 'none', 'dynamic': False, 'candidate_num': 0}
eval_step = 1
stopping_step = 10
clip_grad_norm = None
weight_decay = 0.0
loss_decimal_place = 4

Evaluation Hyper Parameters:
eval_args = {'split': {'LS': 'valid_and_test'}, 'order': 'TO', 'group_by': 'user', 'mode': {'valid': 'uni100', 'test': 'uni100'}}
repeatable = True
metrics = ['Hit', 'NDCG', 'MRR']
topk = [10]
valid_metric = MRR@10
valid_metric_bigger = True
eval_batch_size = 512
metric_decimal_place = 4

Dataset Hyper Parameters:
field_separator = 	
seq_separator =  
USER_ID_FIELD = user_id
ITEM_ID_FIELD = item_id
RATING_FIELD = rating
TIME_FIELD = timestamp
seq_len = None
LABEL_FIELD = label
threshold = None
NEG_PREFIX = neg_
load_col = {'inter': ['user_id', 'item_id', 'rating', 'timestamp']}
unload_col = None
unused_col = None
additional_feat_suffix = None
rm_dup_inter = None
val_interval = None
filter_inter_by_user_or_item = True
user_inter_num_interval = [0,inf)
item_inter_num_interval = [0,inf)
alias_of_user_id = None
alias_of_item_id = None
alias_of_entity_id = None
alias_of_relation_id = None
preload_weight = None
normalize_field = None
normalize_all = None
ITEM_LIST_LENGTH_FIELD = item_length
LIST_SUFFIX = _list
MAX_ITEM_LIST_LENGTH = 32
POSITION_FIELD = position_id
HEAD_ENTITY_ID_FIELD = head_id
TAIL_ENTITY_ID_FIELD = tail_id
RELATION_ID_FIELD = relation_id
ENTITY_ID_FIELD = entity_id
benchmark_filename = None

Other Hyper Parameters: 
worker = 0
wandb_project = recbole
shuffle = True
require_pow = False
enable_amp = False
enable_scaler = False
transform = None
numerical_features = []
discretization = None
kg_reverse_r = False
entity_kg_num_interval = [0,inf)
relation_kg_num_interval = [0,inf)
MODEL_TYPE = ModelType.SEQUENTIAL
model_name = TimeWeaver
hidden_size = 64
num_layers = 1
hidden_dropout_prob = 0.2
initializer_range = 0.02
time_bucket_size = 1000
ema_decay = 0.1
tcn_kernel_size = 5
ffn_hidden_size = 512
loss_type = CE
early_stop = 10
neg_sampling = None
device = cuda
use_continuous_time = False
use_time_gate = False
use_time_augmentation = False
MODEL_INPUT_TYPE = InputType.POINTWISE
eval_type = EvaluatorType.RANKING
single_spec = True
local_rank = 0
valid_neg_sample_args = {'distribution': 'uniform', 'sample_num': 100}
test_neg_sample_args = {'distribution': 'uniform', 'sample_num': 100}


Thu 12 Feb 2026 17:56:50 INFO  amazon-electronics-5core-subset
The number of users: 1501
Average actions of users: 108.42733333333334
The number of items: 54722
Average actions of items: 2.9721861808080994
The number of inters: 162641
The sparsity of the dataset: 99.80198988231011%
Remain Fields: ['user_id', 'item_id', 'rating', 'timestamp']
Thu 12 Feb 2026 17:56:53 INFO  [Training]: train_batch_size = [256] train_neg_sample_args: [{'distribution': 'none', 'sample_num': 'none', 'alpha': 'none', 'dynamic': False, 'candidate_num': 0}]
Thu 12 Feb 2026 17:56:53 INFO  [Evaluation]: eval_batch_size = [512] eval_args: [{'split': {'LS': 'valid_and_test'}, 'order': 'TO', 'group_by': 'user', 'mode': {'valid': 'uni100', 'test': 'uni100'}}]
Thu 12 Feb 2026 17:56:53 INFO  TimeWeaver(
  (item_embedding): Embedding(54722, 64, padding_idx=0)
  (time_aug): TimeAwareAugmentation(
    (pos_embedding): Embedding(32, 64)
    (time_embedding): Embedding(1000, 64)
    (layer_norm): LayerNorm((64,), eps=1e-05, elementwise_affine=True)
    (drop): Dropout(p=0.2, inplace=False)
  )
  (context_layers): ModuleList(
    (0): TCNNextBlock(
      (dw): DepthwiseConv1d(
        (conv): Conv1d(64, 64, kernel_size=(5,), stride=(1,), padding=(2,), groups=64)
        (bn): BatchNorm1d(64, eps=1e-05, momentum=0.1, affine=True, track_running_stats=True)
        (drop): Dropout(p=0.2, inplace=False)
      )
      (norm1): LayerNorm((64,), eps=1e-05, elementwise_affine=True)
      (conv_inter): ParallelConvInter(
        (conv1): Conv1d(64, 64, kernel_size=(1,), stride=(1,))
        (conv3): Conv1d(64, 64, kernel_size=(3,), stride=(1,), padding=(1,))
        (proj): Conv1d(64, 64, kernel_size=(1,), stride=(1,))
        (drop): Dropout(p=0.2, inplace=False)
      )
      (norm2): LayerNorm((64,), eps=1e-05, elementwise_affine=True)
      (ffn): Sequential(
        (0): Linear(in_features=64, out_features=512, bias=True)
        (1): GELU(approximate='none')
        (2): Dropout(p=0.2, inplace=False)
        (3): Linear(in_features=512, out_features=64, bias=True)
        (4): Dropout(p=0.2, inplace=False)
      )
      (norm3): LayerNorm((64,), eps=1e-05, elementwise_affine=True)
    )
  )
  (dynamic_layers): ModuleList(
    (0): EMAStream(
      (proj): Linear(in_features=64, out_features=64, bias=True)
    )
  )
  (weavers): ModuleList(
    (0): StreamWeaver(
      (proj): Linear(in_features=128, out_features=64, bias=True)
      (norm): LayerNorm((64,), eps=1e-05, elementwise_affine=True)
    )
  )
  (loss_fct): CrossEntropyLoss()
)
Trainable parameters: 3668609.0
Thu 12 Feb 2026 17:56:53 INFO  FLOPs: 3190784.0
Thu 12 Feb 2026 17:57:25 INFO  epoch 0 training [time: 30.33s, train loss: 6468.6690]
Thu 12 Feb 2026 17:57:27 INFO  epoch 0 evaluating [time: 2.06s, valid_score: 0.221800]
Thu 12 Feb 2026 17:57:27 INFO  valid result: 
hit@10 : 0.408    ndcg@10 : 0.2659    mrr@10 : 0.2218
Thu 12 Feb 2026 17:57:27 INFO  Saving current: saved\TimeWeaver-Feb-12-2026_17-56-53.pth
Thu 12 Feb 2026 17:57:56 INFO  epoch 1 training [time: 29.83s, train loss: 5815.0788]
Thu 12 Feb 2026 17:57:58 INFO  epoch 1 evaluating [time: 1.98s, valid_score: 0.242300]
Thu 12 Feb 2026 17:57:58 INFO  valid result: 
hit@10 : 0.4253    ndcg@10 : 0.2857    mrr@10 : 0.2423
Thu 12 Feb 2026 17:57:58 INFO  Saving current: saved\TimeWeaver-Feb-12-2026_17-56-53.pth
Thu 12 Feb 2026 17:58:31 INFO  epoch 2 training [time: 32.83s, train loss: 5009.7378]
Thu 12 Feb 2026 17:58:33 INFO  epoch 2 evaluating [time: 2.11s, valid_score: 0.223400]
Thu 12 Feb 2026 17:58:33 INFO  valid result: 
hit@10 : 0.3867    ndcg@10 : 0.2621    mrr@10 : 0.2234
Thu 12 Feb 2026 17:59:04 INFO  epoch 3 training [time: 30.91s, train loss: 4288.2767]
Thu 12 Feb 2026 17:59:06 INFO  epoch 3 evaluating [time: 1.95s, valid_score: 0.215700]
Thu 12 Feb 2026 17:59:06 INFO  valid result: 
hit@10 : 0.374    ndcg@10 : 0.2532    mrr@10 : 0.2157
Thu 12 Feb 2026 17:59:36 INFO  epoch 4 training [time: 29.80s, train loss: 3799.9450]
Thu 12 Feb 2026 17:59:38 INFO  epoch 4 evaluating [time: 2.03s, valid_score: 0.200500]
Thu 12 Feb 2026 17:59:38 INFO  valid result: 
hit@10 : 0.3673    ndcg@10 : 0.2399    mrr@10 : 0.2005
Thu 12 Feb 2026 18:00:09 INFO  epoch 5 training [time: 30.65s, train loss: 3448.6875]
Thu 12 Feb 2026 18:00:11 INFO  epoch 5 evaluating [time: 2.02s, valid_score: 0.201700]
Thu 12 Feb 2026 18:00:11 INFO  valid result: 
hit@10 : 0.364    ndcg@10 : 0.2398    mrr@10 : 0.2017
Thu 12 Feb 2026 18:00:41 INFO  epoch 6 training [time: 30.43s, train loss: 3164.1417]
Thu 12 Feb 2026 18:00:43 INFO  epoch 6 evaluating [time: 2.06s, valid_score: 0.205400]
Thu 12 Feb 2026 18:00:43 INFO  valid result: 
hit@10 : 0.36    ndcg@10 : 0.2422    mrr@10 : 0.2054
Thu 12 Feb 2026 18:01:14 INFO  epoch 7 training [time: 30.75s, train loss: 2917.0966]
Thu 12 Feb 2026 18:01:16 INFO  epoch 7 evaluating [time: 2.06s, valid_score: 0.197800]
Thu 12 Feb 2026 18:01:16 INFO  valid result: 
hit@10 : 0.3513    ndcg@10 : 0.234    mrr@10 : 0.1978
Thu 12 Feb 2026 18:01:46 INFO  epoch 8 training [time: 30.17s, train loss: 2700.6094]
Thu 12 Feb 2026 18:01:48 INFO  epoch 8 evaluating [time: 1.96s, valid_score: 0.193100]
Thu 12 Feb 2026 18:01:48 INFO  valid result: 
hit@10 : 0.3447    ndcg@10 : 0.2289    mrr@10 : 0.1931
Thu 12 Feb 2026 18:02:20 INFO  epoch 9 training [time: 31.56s, train loss: 2522.8658]
Thu 12 Feb 2026 18:02:22 INFO  epoch 9 evaluating [time: 2.16s, valid_score: 0.198300]
Thu 12 Feb 2026 18:02:22 INFO  valid result: 
hit@10 : 0.35    ndcg@10 : 0.2341    mrr@10 : 0.1983
Thu 12 Feb 2026 18:02:54 INFO  epoch 10 training [time: 31.53s, train loss: 2359.4674]
Thu 12 Feb 2026 18:02:56 INFO  epoch 10 evaluating [time: 2.23s, valid_score: 0.185300]
Thu 12 Feb 2026 18:02:56 INFO  valid result: 
hit@10 : 0.3353    ndcg@10 : 0.2207    mrr@10 : 0.1853
Thu 12 Feb 2026 18:03:26 INFO  epoch 11 training [time: 30.07s, train loss: 2219.9644]
Thu 12 Feb 2026 18:03:28 INFO  epoch 11 evaluating [time: 1.98s, valid_score: 0.184000]
Thu 12 Feb 2026 18:03:28 INFO  valid result: 
hit@10 : 0.3293    ndcg@10 : 0.2185    mrr@10 : 0.184
Thu 12 Feb 2026 18:03:58 INFO  epoch 12 training [time: 30.35s, train loss: 2098.5584]
Thu 12 Feb 2026 18:04:00 INFO  epoch 12 evaluating [time: 2.03s, valid_score: 0.187000]
Thu 12 Feb 2026 18:04:00 INFO  valid result: 
hit@10 : 0.3373    ndcg@10 : 0.2225    mrr@10 : 0.187
Thu 12 Feb 2026 18:04:00 INFO  Finished training, best eval result in epoch 1
Thu 12 Feb 2026 18:04:00 INFO  Loading model structure and parameters from saved\TimeWeaver-Feb-12-2026_17-56-53.pth
Thu 12 Feb 2026 18:04:03 INFO  The running environment of this training is as follows:
+-------------+----------------+
| Environment |     Usage      |
+=============+================+
| CPU         |     3.80 %     |
+-------------+----------------+
| GPU         | 0.44 G/6.00 G  |
+-------------+----------------+
| Memory      | 1.66 G/15.63 G |
+-------------+----------------+
Thu 12 Feb 2026 18:04:03 INFO  best valid : OrderedDict([('hit@10', 0.4253), ('ndcg@10', 0.2857), ('mrr@10', 0.2423)])
Thu 12 Feb 2026 18:04:03 INFO  test result: OrderedDict([('hit@10', 0.3587), ('ndcg@10', 0.2359), ('mrr@10', 0.1979)])
