Fri 13 Feb 2026 02:06:27 INFO  ['F:\\桌面\\recommendation_system\\scripts\\run_grid.py', '--models', 'timeweaver', '--datasets', 'amazon-electronics-5core-subset', '--seeds', '42', '--device', 'gpu', '--timeweaver-variant', 'base', '--tag', 'e0p2_k9_d0p2_l1_f512_b1000', '--output', 'results/run_grid_timeweaver_tune.json', '--tw-ema-decay', '0.2', '--tw-tcn-kernel', '9', '--tw-hidden-dropout', '0.2', '--tw-num-layers', '1', '--tw-ffn-hidden', '512', '--tw-time-bucket', '1000']
Fri 13 Feb 2026 02:06:27 INFO  
General Hyper Parameters:
gpu_id = 0
use_gpu = True
seed = 42
state = INFO
reproducibility = True
data_path = data/amazon\amazon-electronics-5core-subset
checkpoint_dir = saved
show_progress = True
save_dataset = False
dataset_save_path = None
save_dataloaders = False
dataloaders_save_path = None
log_wandb = False

Training Hyper Parameters:
epochs = 100
train_batch_size = 256
learner = adam
learning_rate = 0.001
train_neg_sample_args = {'distribution': 'none', 'sample_num': 'none', 'alpha': 'none', 'dynamic': False, 'candidate_num': 0}
eval_step = 1
stopping_step = 10
clip_grad_norm = None
weight_decay = 0.0
loss_decimal_place = 4

Evaluation Hyper Parameters:
eval_args = {'split': {'LS': 'valid_and_test'}, 'order': 'TO', 'group_by': 'user', 'mode': {'valid': 'uni100', 'test': 'uni100'}}
repeatable = True
metrics = ['Hit', 'NDCG', 'MRR']
topk = [10]
valid_metric = MRR@10
valid_metric_bigger = True
eval_batch_size = 512
metric_decimal_place = 4

Dataset Hyper Parameters:
field_separator = 	
seq_separator =  
USER_ID_FIELD = user_id
ITEM_ID_FIELD = item_id
RATING_FIELD = rating
TIME_FIELD = timestamp
seq_len = None
LABEL_FIELD = label
threshold = None
NEG_PREFIX = neg_
load_col = {'inter': ['user_id', 'item_id', 'rating', 'timestamp']}
unload_col = None
unused_col = None
additional_feat_suffix = None
rm_dup_inter = None
val_interval = None
filter_inter_by_user_or_item = True
user_inter_num_interval = [0,inf)
item_inter_num_interval = [0,inf)
alias_of_user_id = None
alias_of_item_id = None
alias_of_entity_id = None
alias_of_relation_id = None
preload_weight = None
normalize_field = None
normalize_all = None
ITEM_LIST_LENGTH_FIELD = item_length
LIST_SUFFIX = _list
MAX_ITEM_LIST_LENGTH = 32
POSITION_FIELD = position_id
HEAD_ENTITY_ID_FIELD = head_id
TAIL_ENTITY_ID_FIELD = tail_id
RELATION_ID_FIELD = relation_id
ENTITY_ID_FIELD = entity_id
benchmark_filename = None

Other Hyper Parameters: 
worker = 0
wandb_project = recbole
shuffle = True
require_pow = False
enable_amp = False
enable_scaler = False
transform = None
numerical_features = []
discretization = None
kg_reverse_r = False
entity_kg_num_interval = [0,inf)
relation_kg_num_interval = [0,inf)
MODEL_TYPE = ModelType.SEQUENTIAL
model_name = TimeWeaver
hidden_size = 64
num_layers = 1
hidden_dropout_prob = 0.2
initializer_range = 0.02
time_bucket_size = 1000
ema_decay = 0.2
tcn_kernel_size = 9
ffn_hidden_size = 512
loss_type = CE
early_stop = 10
neg_sampling = None
device = cuda
use_continuous_time = False
use_time_gate = False
use_time_augmentation = False
MODEL_INPUT_TYPE = InputType.POINTWISE
eval_type = EvaluatorType.RANKING
single_spec = True
local_rank = 0
valid_neg_sample_args = {'distribution': 'uniform', 'sample_num': 100}
test_neg_sample_args = {'distribution': 'uniform', 'sample_num': 100}


Fri 13 Feb 2026 02:06:28 INFO  amazon-electronics-5core-subset
The number of users: 1501
Average actions of users: 108.42733333333334
The number of items: 54722
Average actions of items: 2.9721861808080994
The number of inters: 162641
The sparsity of the dataset: 99.80198988231011%
Remain Fields: ['user_id', 'item_id', 'rating', 'timestamp']
Fri 13 Feb 2026 02:06:30 INFO  [Training]: train_batch_size = [256] train_neg_sample_args: [{'distribution': 'none', 'sample_num': 'none', 'alpha': 'none', 'dynamic': False, 'candidate_num': 0}]
Fri 13 Feb 2026 02:06:30 INFO  [Evaluation]: eval_batch_size = [512] eval_args: [{'split': {'LS': 'valid_and_test'}, 'order': 'TO', 'group_by': 'user', 'mode': {'valid': 'uni100', 'test': 'uni100'}}]
Fri 13 Feb 2026 02:06:30 INFO  TimeWeaver(
  (item_embedding): Embedding(54722, 64, padding_idx=0)
  (time_aug): TimeAwareAugmentation(
    (pos_embedding): Embedding(32, 64)
    (time_embedding): Embedding(1000, 64)
    (layer_norm): LayerNorm((64,), eps=1e-05, elementwise_affine=True)
    (drop): Dropout(p=0.2, inplace=False)
  )
  (context_layers): ModuleList(
    (0): TCNNextBlock(
      (dw): DepthwiseConv1d(
        (conv): Conv1d(64, 64, kernel_size=(9,), stride=(1,), padding=(4,), groups=64)
        (bn): BatchNorm1d(64, eps=1e-05, momentum=0.1, affine=True, track_running_stats=True)
        (drop): Dropout(p=0.2, inplace=False)
      )
      (norm1): LayerNorm((64,), eps=1e-05, elementwise_affine=True)
      (conv_inter): ParallelConvInter(
        (conv1): Conv1d(64, 64, kernel_size=(1,), stride=(1,))
        (conv3): Conv1d(64, 64, kernel_size=(3,), stride=(1,), padding=(1,))
        (proj): Conv1d(64, 64, kernel_size=(1,), stride=(1,))
        (drop): Dropout(p=0.2, inplace=False)
      )
      (norm2): LayerNorm((64,), eps=1e-05, elementwise_affine=True)
      (ffn): Sequential(
        (0): Linear(in_features=64, out_features=512, bias=True)
        (1): GELU(approximate='none')
        (2): Dropout(p=0.2, inplace=False)
        (3): Linear(in_features=512, out_features=64, bias=True)
        (4): Dropout(p=0.2, inplace=False)
      )
      (norm3): LayerNorm((64,), eps=1e-05, elementwise_affine=True)
    )
  )
  (dynamic_layers): ModuleList(
    (0): EMAStream(
      (proj): Linear(in_features=64, out_features=64, bias=True)
    )
  )
  (weavers): ModuleList(
    (0): StreamWeaver(
      (proj): Linear(in_features=128, out_features=64, bias=True)
      (norm): LayerNorm((64,), eps=1e-05, elementwise_affine=True)
    )
  )
  (loss_fct): CrossEntropyLoss()
)
Trainable parameters: 3668865.0
Fri 13 Feb 2026 02:06:30 INFO  FLOPs: 3198976.0
Fri 13 Feb 2026 02:07:02 INFO  epoch 0 training [time: 30.73s, train loss: 6476.0699]
Fri 13 Feb 2026 02:07:04 INFO  epoch 0 evaluating [time: 1.99s, valid_score: 0.213400]
Fri 13 Feb 2026 02:07:04 INFO  valid result: 
hit@10 : 0.396    ndcg@10 : 0.2564    mrr@10 : 0.2134
Fri 13 Feb 2026 02:07:04 INFO  Saving current: saved\TimeWeaver-Feb-13-2026_02-06-30.pth
Fri 13 Feb 2026 02:07:34 INFO  epoch 1 training [time: 29.66s, train loss: 5840.7581]
Fri 13 Feb 2026 02:07:36 INFO  epoch 1 evaluating [time: 2.08s, valid_score: 0.232400]
Fri 13 Feb 2026 02:07:36 INFO  valid result: 
hit@10 : 0.4087    ndcg@10 : 0.274    mrr@10 : 0.2324
Fri 13 Feb 2026 02:07:36 INFO  Saving current: saved\TimeWeaver-Feb-13-2026_02-06-30.pth
Fri 13 Feb 2026 02:08:06 INFO  epoch 2 training [time: 30.34s, train loss: 5064.0040]
Fri 13 Feb 2026 02:08:08 INFO  epoch 2 evaluating [time: 2.02s, valid_score: 0.218900]
Fri 13 Feb 2026 02:08:08 INFO  valid result: 
hit@10 : 0.3913    ndcg@10 : 0.2598    mrr@10 : 0.2189
Fri 13 Feb 2026 02:08:38 INFO  epoch 3 training [time: 30.00s, train loss: 4345.4137]
Fri 13 Feb 2026 02:08:40 INFO  epoch 3 evaluating [time: 2.04s, valid_score: 0.214400]
Fri 13 Feb 2026 02:08:40 INFO  valid result: 
hit@10 : 0.3653    ndcg@10 : 0.2501    mrr@10 : 0.2144
Fri 13 Feb 2026 02:09:10 INFO  epoch 4 training [time: 30.06s, train loss: 3860.4909]
Fri 13 Feb 2026 02:09:13 INFO  epoch 4 evaluating [time: 2.03s, valid_score: 0.208500]
Fri 13 Feb 2026 02:09:13 INFO  valid result: 
hit@10 : 0.3653    ndcg@10 : 0.2455    mrr@10 : 0.2085
Fri 13 Feb 2026 02:09:42 INFO  epoch 5 training [time: 29.92s, train loss: 3525.0208]
Fri 13 Feb 2026 02:09:44 INFO  epoch 5 evaluating [time: 1.97s, valid_score: 0.217700]
Fri 13 Feb 2026 02:09:44 INFO  valid result: 
hit@10 : 0.366    ndcg@10 : 0.2529    mrr@10 : 0.2177
Fri 13 Feb 2026 02:10:16 INFO  epoch 6 training [time: 31.33s, train loss: 3250.7934]
Fri 13 Feb 2026 02:10:18 INFO  epoch 6 evaluating [time: 2.16s, valid_score: 0.218900]
Fri 13 Feb 2026 02:10:18 INFO  valid result: 
hit@10 : 0.366    ndcg@10 : 0.2538    mrr@10 : 0.2189
Fri 13 Feb 2026 02:10:50 INFO  epoch 7 training [time: 31.93s, train loss: 3013.8552]
Fri 13 Feb 2026 02:10:52 INFO  epoch 7 evaluating [time: 2.13s, valid_score: 0.213300]
Fri 13 Feb 2026 02:10:52 INFO  valid result: 
hit@10 : 0.36    ndcg@10 : 0.2478    mrr@10 : 0.2133
Fri 13 Feb 2026 02:11:22 INFO  epoch 8 training [time: 29.99s, train loss: 2803.8972]
Fri 13 Feb 2026 02:11:24 INFO  epoch 8 evaluating [time: 1.98s, valid_score: 0.194300]
Fri 13 Feb 2026 02:11:24 INFO  valid result: 
hit@10 : 0.3407    ndcg@10 : 0.2289    mrr@10 : 0.1943
Fri 13 Feb 2026 02:11:54 INFO  epoch 9 training [time: 30.27s, train loss: 2618.1310]
Fri 13 Feb 2026 02:11:56 INFO  epoch 9 evaluating [time: 2.07s, valid_score: 0.196100]
Fri 13 Feb 2026 02:11:56 INFO  valid result: 
hit@10 : 0.3433    ndcg@10 : 0.2307    mrr@10 : 0.1961
Fri 13 Feb 2026 02:12:26 INFO  epoch 10 training [time: 30.09s, train loss: 2452.1775]
Fri 13 Feb 2026 02:12:28 INFO  epoch 10 evaluating [time: 2.02s, valid_score: 0.185100]
Fri 13 Feb 2026 02:12:28 INFO  valid result: 
hit@10 : 0.3413    ndcg@10 : 0.2219    mrr@10 : 0.1851
Fri 13 Feb 2026 02:12:59 INFO  epoch 11 training [time: 30.29s, train loss: 2306.6900]
Fri 13 Feb 2026 02:13:01 INFO  epoch 11 evaluating [time: 2.04s, valid_score: 0.190400]
Fri 13 Feb 2026 02:13:01 INFO  valid result: 
hit@10 : 0.332    ndcg@10 : 0.2238    mrr@10 : 0.1904
Fri 13 Feb 2026 02:13:31 INFO  epoch 12 training [time: 30.31s, train loss: 2184.4485]
Fri 13 Feb 2026 02:13:33 INFO  epoch 12 evaluating [time: 1.96s, valid_score: 0.192700]
Fri 13 Feb 2026 02:13:33 INFO  valid result: 
hit@10 : 0.3347    ndcg@10 : 0.2262    mrr@10 : 0.1927
Fri 13 Feb 2026 02:13:33 INFO  Finished training, best eval result in epoch 1
Fri 13 Feb 2026 02:13:33 INFO  Loading model structure and parameters from saved\TimeWeaver-Feb-13-2026_02-06-30.pth
Fri 13 Feb 2026 02:13:36 INFO  The running environment of this training is as follows:
+-------------+----------------+
| Environment |     Usage      |
+=============+================+
| CPU         |     5.40 %     |
+-------------+----------------+
| GPU         | 0.44 G/6.00 G  |
+-------------+----------------+
| Memory      | 1.55 G/15.63 G |
+-------------+----------------+
Fri 13 Feb 2026 02:13:36 INFO  best valid : OrderedDict([('hit@10', 0.4087), ('ndcg@10', 0.274), ('mrr@10', 0.2324)])
Fri 13 Feb 2026 02:13:36 INFO  test result: OrderedDict([('hit@10', 0.3533), ('ndcg@10', 0.2218), ('mrr@10', 0.1815)])
