Mon 09 Feb 2026 13:38:44 INFO  ['F:\\桌面\\recommendation_system\\scripts\\run_grid.py', '--models', 'timeweaver', '--datasets', 'ml-100k', '--seeds', '42', '--device', 'gpu', '--timeweaver-variant', 'base', '--tag', 'e0p05_k9_d0p5_l2_f256_b1000', '--output', 'results/run_grid_timeweaver_tune.json', '--tw-ema-decay', '0.05', '--tw-tcn-kernel', '9', '--tw-hidden-dropout', '0.5', '--tw-num-layers', '2', '--tw-ffn-hidden', '256', '--tw-time-bucket', '1000']
Mon 09 Feb 2026 13:38:44 INFO  
General Hyper Parameters:
gpu_id = 0
use_gpu = True
seed = 42
state = INFO
reproducibility = True
data_path = F:\anaconda3\envs\rec39\Lib\site-packages\recbole\config\../dataset_example/ml-100k
checkpoint_dir = saved
show_progress = True
save_dataset = False
dataset_save_path = None
save_dataloaders = False
dataloaders_save_path = None
log_wandb = False

Training Hyper Parameters:
epochs = 100
train_batch_size = 256
learner = adam
learning_rate = 0.001
train_neg_sample_args = {'distribution': 'none', 'sample_num': 'none', 'alpha': 'none', 'dynamic': False, 'candidate_num': 0}
eval_step = 1
stopping_step = 10
clip_grad_norm = None
weight_decay = 0.0
loss_decimal_place = 4

Evaluation Hyper Parameters:
eval_args = {'split': {'LS': 'valid_and_test'}, 'order': 'TO', 'group_by': 'user', 'mode': {'valid': 'uni100', 'test': 'uni100'}}
repeatable = True
metrics = ['Hit', 'NDCG', 'MRR']
topk = [10]
valid_metric = MRR@10
valid_metric_bigger = True
eval_batch_size = 512
metric_decimal_place = 4

Dataset Hyper Parameters:
field_separator = 	
seq_separator =  
USER_ID_FIELD = user_id
ITEM_ID_FIELD = item_id
RATING_FIELD = rating
TIME_FIELD = timestamp
seq_len = None
LABEL_FIELD = label
threshold = None
NEG_PREFIX = neg_
load_col = {'inter': ['user_id', 'item_id', 'rating', 'timestamp'], 'user': ['user_id', 'age', 'gender', 'occupation', 'zip_code'], 'item': ['item_id', 'movie_title', 'release_year', 'class']}
unload_col = None
unused_col = None
additional_feat_suffix = None
rm_dup_inter = None
val_interval = None
filter_inter_by_user_or_item = True
user_inter_num_interval = None
item_inter_num_interval = None
alias_of_user_id = None
alias_of_item_id = None
alias_of_entity_id = None
alias_of_relation_id = None
preload_weight = None
normalize_field = None
normalize_all = True
ITEM_LIST_LENGTH_FIELD = item_length
LIST_SUFFIX = _list
MAX_ITEM_LIST_LENGTH = 32
POSITION_FIELD = position_id
HEAD_ENTITY_ID_FIELD = head_id
TAIL_ENTITY_ID_FIELD = tail_id
RELATION_ID_FIELD = relation_id
ENTITY_ID_FIELD = entity_id
kg_reverse_r = False
entity_kg_num_interval = None
relation_kg_num_interval = None
benchmark_filename = None

Other Hyper Parameters: 
worker = 0
wandb_project = recbole
shuffle = True
require_pow = False
enable_amp = False
enable_scaler = False
transform = None
numerical_features = []
discretization = None
MODEL_TYPE = ModelType.SEQUENTIAL
model_name = TimeWeaver
hidden_size = 64
num_layers = 2
hidden_dropout_prob = 0.5
initializer_range = 0.02
time_bucket_size = 1000
ema_decay = 0.05
tcn_kernel_size = 9
ffn_hidden_size = 256
loss_type = CE
early_stop = 10
neg_sampling = None
device = cuda
use_continuous_time = False
use_time_gate = False
use_time_augmentation = False
MODEL_INPUT_TYPE = InputType.POINTWISE
eval_type = EvaluatorType.RANKING
single_spec = True
local_rank = 0
valid_neg_sample_args = {'distribution': 'uniform', 'sample_num': 100}
test_neg_sample_args = {'distribution': 'uniform', 'sample_num': 100}


Mon 09 Feb 2026 13:38:44 INFO  ml-100k
The number of users: 944
Average actions of users: 106.04453870625663
The number of items: 1683
Average actions of items: 59.45303210463734
The number of inters: 100000
The sparsity of the dataset: 93.70575143257098%
Remain Fields: ['user_id', 'item_id', 'rating', 'timestamp', 'age', 'gender', 'occupation', 'zip_code', 'movie_title', 'release_year', 'class']
Mon 09 Feb 2026 13:38:46 INFO  [Training]: train_batch_size = [256] train_neg_sample_args: [{'distribution': 'none', 'sample_num': 'none', 'alpha': 'none', 'dynamic': False, 'candidate_num': 0}]
Mon 09 Feb 2026 13:38:46 INFO  [Evaluation]: eval_batch_size = [512] eval_args: [{'split': {'LS': 'valid_and_test'}, 'order': 'TO', 'group_by': 'user', 'mode': {'valid': 'uni100', 'test': 'uni100'}}]
Mon 09 Feb 2026 13:38:46 INFO  TimeWeaver(
  (item_embedding): Embedding(1683, 64, padding_idx=0)
  (time_aug): TimeAwareAugmentation(
    (pos_embedding): Embedding(32, 64)
    (time_embedding): Embedding(1000, 64)
    (layer_norm): LayerNorm((64,), eps=1e-05, elementwise_affine=True)
    (drop): Dropout(p=0.5, inplace=False)
  )
  (context_layers): ModuleList(
    (0-1): 2 x TCNNextBlock(
      (dw): DepthwiseConv1d(
        (conv): Conv1d(64, 64, kernel_size=(9,), stride=(1,), padding=(4,), groups=64)
        (bn): BatchNorm1d(64, eps=1e-05, momentum=0.1, affine=True, track_running_stats=True)
        (drop): Dropout(p=0.5, inplace=False)
      )
      (norm1): LayerNorm((64,), eps=1e-05, elementwise_affine=True)
      (conv_inter): ParallelConvInter(
        (conv1): Conv1d(64, 64, kernel_size=(1,), stride=(1,))
        (conv3): Conv1d(64, 64, kernel_size=(3,), stride=(1,), padding=(1,))
        (proj): Conv1d(64, 64, kernel_size=(1,), stride=(1,))
        (drop): Dropout(p=0.5, inplace=False)
      )
      (norm2): LayerNorm((64,), eps=1e-05, elementwise_affine=True)
      (ffn): Sequential(
        (0): Linear(in_features=64, out_features=256, bias=True)
        (1): GELU(approximate='none')
        (2): Dropout(p=0.5, inplace=False)
        (3): Linear(in_features=256, out_features=64, bias=True)
        (4): Dropout(p=0.5, inplace=False)
      )
      (norm3): LayerNorm((64,), eps=1e-05, elementwise_affine=True)
    )
  )
  (dynamic_layers): ModuleList(
    (0-1): 2 x EMAStream(
      (proj): Linear(in_features=64, out_features=64, bias=True)
    )
  )
  (weavers): ModuleList(
    (0-1): 2 x StreamWeaver(
      (proj): Linear(in_features=128, out_features=64, bias=True)
      (norm): LayerNorm((64,), eps=1e-05, elementwise_affine=True)
    )
  )
  (loss_fct): CrossEntropyLoss()
)
Trainable parameters: 308801.0
Mon 09 Feb 2026 13:38:46 INFO  FLOPs: 4290560.0
Mon 09 Feb 2026 13:39:19 INFO  epoch 0 training [time: 31.57s, train loss: 2461.5829]
Mon 09 Feb 2026 13:39:21 INFO  epoch 0 evaluating [time: 2.22s, valid_score: 0.279000]
Mon 09 Feb 2026 13:39:21 INFO  valid result: 
hit@10 : 0.6522    ndcg@10 : 0.3664    mrr@10 : 0.279
Mon 09 Feb 2026 13:39:21 INFO  Saving current: saved\TimeWeaver-Feb-09-2026_13-38-46.pth
Mon 09 Feb 2026 13:39:53 INFO  epoch 1 training [time: 32.13s, train loss: 2246.5240]
Mon 09 Feb 2026 13:39:56 INFO  epoch 1 evaluating [time: 2.13s, valid_score: 0.308100]
Mon 09 Feb 2026 13:39:56 INFO  valid result: 
hit@10 : 0.685    ndcg@10 : 0.3967    mrr@10 : 0.3081
Mon 09 Feb 2026 13:39:56 INFO  Saving current: saved\TimeWeaver-Feb-09-2026_13-38-46.pth
Mon 09 Feb 2026 13:40:26 INFO  epoch 2 training [time: 30.82s, train loss: 2205.3380]
Mon 09 Feb 2026 13:40:28 INFO  epoch 2 evaluating [time: 2.02s, valid_score: 0.331700]
Mon 09 Feb 2026 13:40:28 INFO  valid result: 
hit@10 : 0.7105    ndcg@10 : 0.4206    mrr@10 : 0.3317
Mon 09 Feb 2026 13:40:28 INFO  Saving current: saved\TimeWeaver-Feb-09-2026_13-38-46.pth
Mon 09 Feb 2026 13:40:59 INFO  epoch 3 training [time: 30.97s, train loss: 2183.7978]
Mon 09 Feb 2026 13:41:01 INFO  epoch 3 evaluating [time: 2.05s, valid_score: 0.324900]
Mon 09 Feb 2026 13:41:01 INFO  valid result: 
hit@10 : 0.7232    ndcg@10 : 0.4186    mrr@10 : 0.3249
Mon 09 Feb 2026 13:41:32 INFO  epoch 4 training [time: 30.87s, train loss: 2167.0219]
Mon 09 Feb 2026 13:41:34 INFO  epoch 4 evaluating [time: 2.11s, valid_score: 0.344300]
Mon 09 Feb 2026 13:41:34 INFO  valid result: 
hit@10 : 0.7285    ndcg@10 : 0.4352    mrr@10 : 0.3443
Mon 09 Feb 2026 13:41:34 INFO  Saving current: saved\TimeWeaver-Feb-09-2026_13-38-46.pth
Mon 09 Feb 2026 13:42:06 INFO  epoch 5 training [time: 31.68s, train loss: 2153.9421]
Mon 09 Feb 2026 13:42:08 INFO  epoch 5 evaluating [time: 2.09s, valid_score: 0.346300]
Mon 09 Feb 2026 13:42:08 INFO  valid result: 
hit@10 : 0.719    ndcg@10 : 0.4344    mrr@10 : 0.3463
Mon 09 Feb 2026 13:42:08 INFO  Saving current: saved\TimeWeaver-Feb-09-2026_13-38-46.pth
Mon 09 Feb 2026 13:42:40 INFO  epoch 6 training [time: 31.41s, train loss: 2142.0037]
Mon 09 Feb 2026 13:42:42 INFO  epoch 6 evaluating [time: 2.03s, valid_score: 0.336800]
Mon 09 Feb 2026 13:42:42 INFO  valid result: 
hit@10 : 0.7413    ndcg@10 : 0.4322    mrr@10 : 0.3368
Mon 09 Feb 2026 13:43:13 INFO  epoch 7 training [time: 31.33s, train loss: 2131.9366]
Mon 09 Feb 2026 13:43:15 INFO  epoch 7 evaluating [time: 2.10s, valid_score: 0.338000]
Mon 09 Feb 2026 13:43:15 INFO  valid result: 
hit@10 : 0.7381    ndcg@10 : 0.4327    mrr@10 : 0.338
Mon 09 Feb 2026 13:43:48 INFO  epoch 8 training [time: 32.70s, train loss: 2125.3339]
Mon 09 Feb 2026 13:43:50 INFO  epoch 8 evaluating [time: 2.10s, valid_score: 0.350000]
Mon 09 Feb 2026 13:43:50 INFO  valid result: 
hit@10 : 0.72    ndcg@10 : 0.4382    mrr@10 : 0.35
Mon 09 Feb 2026 13:43:50 INFO  Saving current: saved\TimeWeaver-Feb-09-2026_13-38-46.pth
Mon 09 Feb 2026 13:44:21 INFO  epoch 9 training [time: 31.14s, train loss: 2118.1997]
Mon 09 Feb 2026 13:44:23 INFO  epoch 9 evaluating [time: 2.01s, valid_score: 0.340900]
Mon 09 Feb 2026 13:44:23 INFO  valid result: 
hit@10 : 0.7285    ndcg@10 : 0.4327    mrr@10 : 0.3409
Mon 09 Feb 2026 13:44:54 INFO  epoch 10 training [time: 30.77s, train loss: 2110.8647]
Mon 09 Feb 2026 13:44:56 INFO  epoch 10 evaluating [time: 2.09s, valid_score: 0.337700]
Mon 09 Feb 2026 13:44:56 INFO  valid result: 
hit@10 : 0.7349    ndcg@10 : 0.4316    mrr@10 : 0.3377
Mon 09 Feb 2026 13:45:27 INFO  epoch 11 training [time: 30.61s, train loss: 2105.5269]
Mon 09 Feb 2026 13:45:29 INFO  epoch 11 evaluating [time: 2.02s, valid_score: 0.341000]
Mon 09 Feb 2026 13:45:29 INFO  valid result: 
hit@10 : 0.7222    ndcg@10 : 0.4314    mrr@10 : 0.341
Mon 09 Feb 2026 13:46:00 INFO  epoch 12 training [time: 31.15s, train loss: 2100.3169]
Mon 09 Feb 2026 13:46:02 INFO  epoch 12 evaluating [time: 2.06s, valid_score: 0.350500]
Mon 09 Feb 2026 13:46:02 INFO  valid result: 
hit@10 : 0.7253    ndcg@10 : 0.4396    mrr@10 : 0.3505
Mon 09 Feb 2026 13:46:02 INFO  Saving current: saved\TimeWeaver-Feb-09-2026_13-38-46.pth
Mon 09 Feb 2026 13:46:33 INFO  epoch 13 training [time: 31.51s, train loss: 2095.6075]
Mon 09 Feb 2026 13:46:35 INFO  epoch 13 evaluating [time: 2.01s, valid_score: 0.351500]
Mon 09 Feb 2026 13:46:35 INFO  valid result: 
hit@10 : 0.7179    ndcg@10 : 0.4385    mrr@10 : 0.3515
Mon 09 Feb 2026 13:46:35 INFO  Saving current: saved\TimeWeaver-Feb-09-2026_13-38-46.pth
Mon 09 Feb 2026 13:47:06 INFO  epoch 14 training [time: 31.09s, train loss: 2090.4544]
Mon 09 Feb 2026 13:47:08 INFO  epoch 14 evaluating [time: 2.08s, valid_score: 0.338600]
Mon 09 Feb 2026 13:47:08 INFO  valid result: 
hit@10 : 0.7232    ndcg@10 : 0.4296    mrr@10 : 0.3386
Mon 09 Feb 2026 13:47:41 INFO  epoch 15 training [time: 32.44s, train loss: 2087.0908]
Mon 09 Feb 2026 13:47:43 INFO  epoch 15 evaluating [time: 2.13s, valid_score: 0.360800]
Mon 09 Feb 2026 13:47:43 INFO  valid result: 
hit@10 : 0.7253    ndcg@10 : 0.4473    mrr@10 : 0.3608
Mon 09 Feb 2026 13:47:43 INFO  Saving current: saved\TimeWeaver-Feb-09-2026_13-38-46.pth
Mon 09 Feb 2026 13:48:14 INFO  epoch 16 training [time: 31.19s, train loss: 2083.6758]
Mon 09 Feb 2026 13:48:16 INFO  epoch 16 evaluating [time: 2.02s, valid_score: 0.353300]
Mon 09 Feb 2026 13:48:16 INFO  valid result: 
hit@10 : 0.7285    ndcg@10 : 0.4423    mrr@10 : 0.3533
Mon 09 Feb 2026 13:48:47 INFO  epoch 17 training [time: 30.77s, train loss: 2079.7342]
Mon 09 Feb 2026 13:48:49 INFO  epoch 17 evaluating [time: 2.07s, valid_score: 0.327800]
Mon 09 Feb 2026 13:48:49 INFO  valid result: 
hit@10 : 0.7296    ndcg@10 : 0.4231    mrr@10 : 0.3278
Mon 09 Feb 2026 13:49:20 INFO  epoch 18 training [time: 30.79s, train loss: 2076.3408]
Mon 09 Feb 2026 13:49:22 INFO  epoch 18 evaluating [time: 2.02s, valid_score: 0.349500]
Mon 09 Feb 2026 13:49:22 INFO  valid result: 
hit@10 : 0.7402    ndcg@10 : 0.4416    mrr@10 : 0.3495
Mon 09 Feb 2026 13:49:53 INFO  epoch 19 training [time: 30.93s, train loss: 2073.8905]
Mon 09 Feb 2026 13:49:55 INFO  epoch 19 evaluating [time: 2.09s, valid_score: 0.348900]
Mon 09 Feb 2026 13:49:55 INFO  valid result: 
hit@10 : 0.7338    ndcg@10 : 0.4401    mrr@10 : 0.3489
Mon 09 Feb 2026 13:50:26 INFO  epoch 20 training [time: 31.42s, train loss: 2070.7226]
Mon 09 Feb 2026 13:50:28 INFO  epoch 20 evaluating [time: 2.06s, valid_score: 0.350800]
Mon 09 Feb 2026 13:50:28 INFO  valid result: 
hit@10 : 0.7211    ndcg@10 : 0.4388    mrr@10 : 0.3508
Mon 09 Feb 2026 13:50:59 INFO  epoch 21 training [time: 30.57s, train loss: 2069.3465]
Mon 09 Feb 2026 13:51:01 INFO  epoch 21 evaluating [time: 2.01s, valid_score: 0.341300]
Mon 09 Feb 2026 13:51:01 INFO  valid result: 
hit@10 : 0.7094    ndcg@10 : 0.4288    mrr@10 : 0.3413
Mon 09 Feb 2026 13:51:34 INFO  epoch 22 training [time: 32.71s, train loss: 2065.7337]
Mon 09 Feb 2026 13:51:36 INFO  epoch 22 evaluating [time: 2.09s, valid_score: 0.354900]
Mon 09 Feb 2026 13:51:36 INFO  valid result: 
hit@10 : 0.7296    ndcg@10 : 0.444    mrr@10 : 0.3549
Mon 09 Feb 2026 13:52:07 INFO  epoch 23 training [time: 31.28s, train loss: 2063.3263]
Mon 09 Feb 2026 13:52:09 INFO  epoch 23 evaluating [time: 2.00s, valid_score: 0.341900]
Mon 09 Feb 2026 13:52:09 INFO  valid result: 
hit@10 : 0.7306    ndcg@10 : 0.4342    mrr@10 : 0.3419
Mon 09 Feb 2026 13:52:40 INFO  epoch 24 training [time: 30.73s, train loss: 2060.3377]
Mon 09 Feb 2026 13:52:42 INFO  epoch 24 evaluating [time: 2.08s, valid_score: 0.357000]
Mon 09 Feb 2026 13:52:42 INFO  valid result: 
hit@10 : 0.7349    ndcg@10 : 0.4466    mrr@10 : 0.357
Mon 09 Feb 2026 13:53:13 INFO  epoch 25 training [time: 30.76s, train loss: 2059.3514]
Mon 09 Feb 2026 13:53:15 INFO  epoch 25 evaluating [time: 2.00s, valid_score: 0.332100]
Mon 09 Feb 2026 13:53:15 INFO  valid result: 
hit@10 : 0.7158    ndcg@10 : 0.4231    mrr@10 : 0.3321
Mon 09 Feb 2026 13:53:45 INFO  epoch 26 training [time: 30.62s, train loss: 2056.5217]
Mon 09 Feb 2026 13:53:47 INFO  epoch 26 evaluating [time: 2.06s, valid_score: 0.347100]
Mon 09 Feb 2026 13:53:47 INFO  valid result: 
hit@10 : 0.7317    ndcg@10 : 0.4382    mrr@10 : 0.3471
Mon 09 Feb 2026 13:53:47 INFO  Finished training, best eval result in epoch 15
Mon 09 Feb 2026 13:53:47 INFO  Loading model structure and parameters from saved\TimeWeaver-Feb-09-2026_13-38-46.pth
Mon 09 Feb 2026 13:53:50 INFO  The running environment of this training is as follows:
+-------------+----------------+
| Environment |     Usage      |
+=============+================+
| CPU         |     2.90 %     |
+-------------+----------------+
| GPU         | 0.16 G/6.00 G  |
+-------------+----------------+
| Memory      | 1.53 G/15.63 G |
+-------------+----------------+
Mon 09 Feb 2026 13:53:50 INFO  best valid : OrderedDict([('hit@10', 0.7253), ('ndcg@10', 0.4473), ('mrr@10', 0.3608)])
Mon 09 Feb 2026 13:53:50 INFO  test result: OrderedDict([('hit@10', 0.7158), ('ndcg@10', 0.4197), ('mrr@10', 0.3284)])
