Wed 18 Mar 2026 09:09:15 INFO  ['F:\\桌面\\recommendation_system\\scripts\\run_grid.py', '--models', 'timeweaver', '--datasets', 'amazon-sports-5core-longseq-full', '--seeds', '42,2023,2024', '--device', 'gpu', '--timeweaver-variant', 'gate', '--output', 'F:\\桌面\\recommendation_system\\results\\param_sweeps\\timeweaver_param_C_gate_hidden.json', '--tag', 'C_gate_hidden16', '--skip-if-done', '--tw-gate-hidden', '16']
Wed 18 Mar 2026 09:09:15 INFO  
General Hyper Parameters:
gpu_id = 0
use_gpu = True
seed = 42
state = INFO
reproducibility = True
data_path = data/amazon\amazon-sports-5core-longseq
checkpoint_dir = saved
show_progress = True
save_dataset = False
dataset_save_path = None
save_dataloaders = False
dataloaders_save_path = None
log_wandb = False

Training Hyper Parameters:
epochs = 100
train_batch_size = 256
learner = adam
learning_rate = 0.001
train_neg_sample_args = {'distribution': 'none', 'sample_num': 'none', 'alpha': 'none', 'dynamic': False, 'candidate_num': 0}
eval_step = 1
stopping_step = 10
clip_grad_norm = None
weight_decay = 0.0
loss_decimal_place = 4

Evaluation Hyper Parameters:
eval_args = {'split': {'LS': 'valid_and_test'}, 'order': 'TO', 'group_by': 'user', 'mode': {'valid': 'full', 'test': 'full'}}
repeatable = True
metrics = ['Hit', 'NDCG', 'MRR']
topk = [10]
valid_metric = Hit@10
valid_metric_bigger = True
eval_batch_size = 512
metric_decimal_place = 4

Dataset Hyper Parameters:
field_separator = 	
seq_separator =  
USER_ID_FIELD = user_id
ITEM_ID_FIELD = item_id
RATING_FIELD = rating
TIME_FIELD = timestamp
seq_len = None
LABEL_FIELD = label
threshold = None
NEG_PREFIX = neg_
load_col = {'inter': ['user_id', 'item_id', 'rating', 'timestamp']}
unload_col = None
unused_col = None
additional_feat_suffix = None
rm_dup_inter = None
val_interval = None
filter_inter_by_user_or_item = True
user_inter_num_interval = [0,inf)
item_inter_num_interval = [0,inf)
alias_of_user_id = None
alias_of_item_id = None
alias_of_entity_id = None
alias_of_relation_id = None
preload_weight = None
normalize_field = None
normalize_all = None
ITEM_LIST_LENGTH_FIELD = item_length
LIST_SUFFIX = _list
MAX_ITEM_LIST_LENGTH = 32
POSITION_FIELD = position_id
HEAD_ENTITY_ID_FIELD = head_id
TAIL_ENTITY_ID_FIELD = tail_id
RELATION_ID_FIELD = relation_id
ENTITY_ID_FIELD = entity_id
benchmark_filename = None

Other Hyper Parameters: 
worker = 0
wandb_project = recbole
shuffle = True
require_pow = False
enable_amp = False
enable_scaler = False
transform = None
numerical_features = []
discretization = None
kg_reverse_r = False
entity_kg_num_interval = [0,inf)
relation_kg_num_interval = [0,inf)
MODEL_TYPE = ModelType.SEQUENTIAL
contrastive_weight = 0.03
contrastive_temp = 0.2
time_aug_prob = 0.15
time_aug_strength = 0.05
time_aug_warmup_steps = 0
time_aug_ramp_steps = 2000
model_name = TimeWeaver
hidden_size = 64
num_layers = 2
hidden_dropout_prob = 0.5
initializer_range = 0.02
time_bucket_size = 1000
ema_decay = 0.5
tcn_kernel_size = -1
ffn_hidden_size = 256
loss_type = CE
early_stop = 10
neg_sampling = None
device = cuda
use_continuous_time = True
use_time_gate = True
use_time_augmentation = False
time_gate_hidden = 16
MODEL_INPUT_TYPE = InputType.POINTWISE
eval_type = EvaluatorType.RANKING
single_spec = True
local_rank = 0
valid_neg_sample_args = {'distribution': 'uniform', 'sample_num': 'none'}
test_neg_sample_args = {'distribution': 'uniform', 'sample_num': 'none'}


Wed 18 Mar 2026 09:09:15 INFO  amazon-sports-5core-longseq
The number of users: 2181
Average actions of users: 25.74678899082569
The number of items: 14556
Average actions of items: 3.8562693232566128
The number of inters: 56128
The sparsity of the dataset: 99.82320016520806%
Remain Fields: ['user_id', 'item_id', 'rating', 'timestamp']
Wed 18 Mar 2026 09:09:16 INFO  [Training]: train_batch_size = [256] train_neg_sample_args: [{'distribution': 'none', 'sample_num': 'none', 'alpha': 'none', 'dynamic': False, 'candidate_num': 0}]
Wed 18 Mar 2026 09:09:16 INFO  [Evaluation]: eval_batch_size = [512] eval_args: [{'split': {'LS': 'valid_and_test'}, 'order': 'TO', 'group_by': 'user', 'mode': {'valid': 'full', 'test': 'full'}}]
Wed 18 Mar 2026 09:09:16 INFO  TimeWeaver(
  (item_embedding): Embedding(14556, 64, padding_idx=0)
  (time_aug): TimeAwareAugmentation(
    (pos_embedding): Embedding(32, 64)
    (time_embedder): ContinuousTimeEmbedding(
      (time2vec): Time2Vec()
    )
    (time_gate): TimeGate(
      (net): Sequential(
        (0): Linear(in_features=128, out_features=16, bias=True)
        (1): GELU(approximate='none')
        (2): Linear(in_features=16, out_features=64, bias=True)
        (3): Sigmoid()
      )
    )
    (layer_norm): LayerNorm((64,), eps=1e-05, elementwise_affine=True)
    (drop): Dropout(p=0.5, inplace=False)
  )
  (context_layers): ModuleList(
    (0-1): 2 x TCNNextBlock(
      (dw): DepthwiseConv1d(
        (conv): Conv1d(64, 64, kernel_size=(11,), stride=(1,), padding=(5,), groups=64)
        (bn): BatchNorm1d(64, eps=1e-05, momentum=0.1, affine=True, track_running_stats=True)
        (drop): Dropout(p=0.5, inplace=False)
      )
      (norm1): LayerNorm((64,), eps=1e-05, elementwise_affine=True)
      (conv_inter): ParallelConvInter(
        (conv1): Conv1d(64, 64, kernel_size=(1,), stride=(1,))
        (conv3): Conv1d(64, 64, kernel_size=(3,), stride=(1,), padding=(1,))
        (proj): Conv1d(64, 64, kernel_size=(1,), stride=(1,))
        (drop): Dropout(p=0.5, inplace=False)
      )
      (norm2): LayerNorm((64,), eps=1e-05, elementwise_affine=True)
      (ffn): Sequential(
        (0): Linear(in_features=64, out_features=256, bias=True)
        (1): GELU(approximate='none')
        (2): Dropout(p=0.5, inplace=False)
        (3): Linear(in_features=256, out_features=64, bias=True)
        (4): Dropout(p=0.5, inplace=False)
      )
      (norm3): LayerNorm((64,), eps=1e-05, elementwise_affine=True)
    )
  )
  (dynamic_layers): ModuleList(
    (0-1): 2 x EMAStream(
      (proj): Linear(in_features=64, out_features=64, bias=True)
    )
  )
  (weavers): ModuleList(
    (0-1): 2 x StreamWeaver(
      (proj): Linear(in_features=128, out_features=64, bias=True)
      (norm): LayerNorm((64,), eps=1e-05, elementwise_affine=True)
    )
  )
  (loss_fct): CrossEntropyLoss()
)
Trainable parameters: 1072210.0
Wed 18 Mar 2026 09:09:16 INFO  FLOPs: 4395008.0
Wed 18 Mar 2026 09:09:36 INFO  epoch 0 training [time: 18.35s, train loss: 1813.0242]
Wed 18 Mar 2026 09:09:36 INFO  epoch 0 evaluating [time: 0.11s, valid_score: 0.013300]
Wed 18 Mar 2026 09:09:36 INFO  valid result: 
hit@10 : 0.0133    ndcg@10 : 0.0067    mrr@10 : 0.0048
Wed 18 Mar 2026 09:09:36 INFO  Saving current: saved\TimeWeaver-Mar-18-2026_09-09-16.pth
Wed 18 Mar 2026 09:09:56 INFO  epoch 1 training [time: 19.54s, train loss: 1748.9689]
Wed 18 Mar 2026 09:09:56 INFO  epoch 1 evaluating [time: 0.10s, valid_score: 0.013800]
Wed 18 Mar 2026 09:09:56 INFO  valid result: 
hit@10 : 0.0138    ndcg@10 : 0.0068    mrr@10 : 0.0048
Wed 18 Mar 2026 09:09:56 INFO  Saving current: saved\TimeWeaver-Mar-18-2026_09-09-16.pth
Wed 18 Mar 2026 09:10:15 INFO  epoch 2 training [time: 19.65s, train loss: 1701.3428]
Wed 18 Mar 2026 09:10:16 INFO  epoch 2 evaluating [time: 0.10s, valid_score: 0.018800]
Wed 18 Mar 2026 09:10:16 INFO  valid result: 
hit@10 : 0.0188    ndcg@10 : 0.0093    mrr@10 : 0.0065
Wed 18 Mar 2026 09:10:16 INFO  Saving current: saved\TimeWeaver-Mar-18-2026_09-09-16.pth
Wed 18 Mar 2026 09:10:36 INFO  epoch 3 training [time: 19.91s, train loss: 1633.1508]
Wed 18 Mar 2026 09:10:36 INFO  epoch 3 evaluating [time: 0.10s, valid_score: 0.016500]
Wed 18 Mar 2026 09:10:36 INFO  valid result: 
hit@10 : 0.0165    ndcg@10 : 0.0093    mrr@10 : 0.007
Wed 18 Mar 2026 09:10:55 INFO  epoch 4 training [time: 19.50s, train loss: 1564.8354]
Wed 18 Mar 2026 09:10:55 INFO  epoch 4 evaluating [time: 0.09s, valid_score: 0.025700]
Wed 18 Mar 2026 09:10:55 INFO  valid result: 
hit@10 : 0.0257    ndcg@10 : 0.0123    mrr@10 : 0.0082
Wed 18 Mar 2026 09:10:55 INFO  Saving current: saved\TimeWeaver-Mar-18-2026_09-09-16.pth
Wed 18 Mar 2026 09:11:14 INFO  epoch 5 training [time: 19.13s, train loss: 1495.6559]
Wed 18 Mar 2026 09:11:14 INFO  epoch 5 evaluating [time: 0.10s, valid_score: 0.024800]
Wed 18 Mar 2026 09:11:14 INFO  valid result: 
hit@10 : 0.0248    ndcg@10 : 0.0121    mrr@10 : 0.0083
Wed 18 Mar 2026 09:11:35 INFO  epoch 6 training [time: 20.16s, train loss: 1426.5869]
Wed 18 Mar 2026 09:11:35 INFO  epoch 6 evaluating [time: 0.10s, valid_score: 0.021100]
Wed 18 Mar 2026 09:11:35 INFO  valid result: 
hit@10 : 0.0211    ndcg@10 : 0.0099    mrr@10 : 0.0065
Wed 18 Mar 2026 09:11:55 INFO  epoch 7 training [time: 20.19s, train loss: 1359.8324]
Wed 18 Mar 2026 09:11:55 INFO  epoch 7 evaluating [time: 0.09s, valid_score: 0.024300]
Wed 18 Mar 2026 09:11:55 INFO  valid result: 
hit@10 : 0.0243    ndcg@10 : 0.0117    mrr@10 : 0.0079
Wed 18 Mar 2026 09:12:15 INFO  epoch 8 training [time: 19.98s, train loss: 1296.3583]
Wed 18 Mar 2026 09:12:15 INFO  epoch 8 evaluating [time: 0.09s, valid_score: 0.028400]
Wed 18 Mar 2026 09:12:15 INFO  valid result: 
hit@10 : 0.0284    ndcg@10 : 0.0123    mrr@10 : 0.0074
Wed 18 Mar 2026 09:12:15 INFO  Saving current: saved\TimeWeaver-Mar-18-2026_09-09-16.pth
Wed 18 Mar 2026 09:12:35 INFO  epoch 9 training [time: 19.53s, train loss: 1237.4502]
Wed 18 Mar 2026 09:12:35 INFO  epoch 9 evaluating [time: 0.10s, valid_score: 0.029800]
Wed 18 Mar 2026 09:12:35 INFO  valid result: 
hit@10 : 0.0298    ndcg@10 : 0.0132    mrr@10 : 0.0081
Wed 18 Mar 2026 09:12:35 INFO  Saving current: saved\TimeWeaver-Mar-18-2026_09-09-16.pth
Wed 18 Mar 2026 09:12:54 INFO  epoch 10 training [time: 19.60s, train loss: 1183.9070]
Wed 18 Mar 2026 09:12:54 INFO  epoch 10 evaluating [time: 0.10s, valid_score: 0.027100]
Wed 18 Mar 2026 09:12:54 INFO  valid result: 
hit@10 : 0.0271    ndcg@10 : 0.0124    mrr@10 : 0.0079
Wed 18 Mar 2026 09:13:14 INFO  epoch 11 training [time: 19.69s, train loss: 1138.5368]
Wed 18 Mar 2026 09:13:14 INFO  epoch 11 evaluating [time: 0.09s, valid_score: 0.029400]
Wed 18 Mar 2026 09:13:14 INFO  valid result: 
hit@10 : 0.0294    ndcg@10 : 0.0132    mrr@10 : 0.0084
Wed 18 Mar 2026 09:13:34 INFO  epoch 12 training [time: 19.53s, train loss: 1100.4927]
Wed 18 Mar 2026 09:13:34 INFO  epoch 12 evaluating [time: 0.10s, valid_score: 0.027100]
Wed 18 Mar 2026 09:13:34 INFO  valid result: 
hit@10 : 0.0271    ndcg@10 : 0.0115    mrr@10 : 0.0068
Wed 18 Mar 2026 09:13:53 INFO  epoch 13 training [time: 19.56s, train loss: 1064.8323]
Wed 18 Mar 2026 09:13:54 INFO  epoch 13 evaluating [time: 0.10s, valid_score: 0.023400]
Wed 18 Mar 2026 09:13:54 INFO  valid result: 
hit@10 : 0.0234    ndcg@10 : 0.0099    mrr@10 : 0.0058
Wed 18 Mar 2026 09:14:13 INFO  epoch 14 training [time: 19.80s, train loss: 1036.5310]
Wed 18 Mar 2026 09:14:13 INFO  epoch 14 evaluating [time: 0.09s, valid_score: 0.028400]
Wed 18 Mar 2026 09:14:13 INFO  valid result: 
hit@10 : 0.0284    ndcg@10 : 0.0118    mrr@10 : 0.0068
Wed 18 Mar 2026 09:14:33 INFO  epoch 15 training [time: 19.66s, train loss: 1008.8274]
Wed 18 Mar 2026 09:14:33 INFO  epoch 15 evaluating [time: 0.09s, valid_score: 0.027100]
Wed 18 Mar 2026 09:14:33 INFO  valid result: 
hit@10 : 0.0271    ndcg@10 : 0.012    mrr@10 : 0.0074
Wed 18 Mar 2026 09:14:53 INFO  epoch 16 training [time: 19.57s, train loss: 980.3776]
Wed 18 Mar 2026 09:14:53 INFO  epoch 16 evaluating [time: 0.09s, valid_score: 0.025700]
Wed 18 Mar 2026 09:14:53 INFO  valid result: 
hit@10 : 0.0257    ndcg@10 : 0.0111    mrr@10 : 0.0066
Wed 18 Mar 2026 09:15:12 INFO  epoch 17 training [time: 19.43s, train loss: 958.7314]
Wed 18 Mar 2026 09:15:12 INFO  epoch 17 evaluating [time: 0.09s, valid_score: 0.025700]
Wed 18 Mar 2026 09:15:12 INFO  valid result: 
hit@10 : 0.0257    ndcg@10 : 0.0111    mrr@10 : 0.0067
Wed 18 Mar 2026 09:15:33 INFO  epoch 18 training [time: 20.14s, train loss: 936.3963]
Wed 18 Mar 2026 09:15:33 INFO  epoch 18 evaluating [time: 0.09s, valid_score: 0.026600]
Wed 18 Mar 2026 09:15:33 INFO  valid result: 
hit@10 : 0.0266    ndcg@10 : 0.012    mrr@10 : 0.0075
Wed 18 Mar 2026 09:15:53 INFO  epoch 19 training [time: 20.47s, train loss: 917.7004]
Wed 18 Mar 2026 09:15:53 INFO  epoch 19 evaluating [time: 0.11s, valid_score: 0.025200]
Wed 18 Mar 2026 09:15:53 INFO  valid result: 
hit@10 : 0.0252    ndcg@10 : 0.0108    mrr@10 : 0.0064
Wed 18 Mar 2026 09:16:13 INFO  epoch 20 training [time: 19.68s, train loss: 897.2827]
Wed 18 Mar 2026 09:16:13 INFO  epoch 20 evaluating [time: 0.10s, valid_score: 0.026100]
Wed 18 Mar 2026 09:16:13 INFO  valid result: 
hit@10 : 0.0261    ndcg@10 : 0.0112    mrr@10 : 0.0068
Wed 18 Mar 2026 09:16:13 INFO  Finished training, best eval result in epoch 9
Wed 18 Mar 2026 09:16:13 INFO  Loading model structure and parameters from saved\TimeWeaver-Mar-18-2026_09-09-16.pth
Wed 18 Mar 2026 09:16:14 INFO  The running environment of this training is as follows:
+-------------+----------------+
| Environment |     Usage      |
+=============+================+
| CPU         |     1.90 %     |
+-------------+----------------+
| GPU         | 0.34 G/6.00 G  |
+-------------+----------------+
| Memory      | 1.39 G/15.63 G |
+-------------+----------------+
Wed 18 Mar 2026 09:16:14 INFO  best valid : OrderedDict([('hit@10', 0.0298), ('ndcg@10', 0.0132), ('mrr@10', 0.0081)])
Wed 18 Mar 2026 09:16:14 INFO  test result: OrderedDict([('hit@10', 0.0234), ('ndcg@10', 0.0103), ('mrr@10', 0.0063)])
Wed 18 Mar 2026 09:16:14 WARNING  command line args [--models timeweaver --datasets amazon-sports-5core-longseq-full --seeds 42,2023,2024 --device gpu --timeweaver-variant gate --output F:\桌面\recommendation_system\results\param_sweeps\timeweaver_param_C_gate_hidden.json --tag C_gate_hidden16 --skip-if-done --tw-gate-hidden 16] will not be used in RecBole
Wed 18 Mar 2026 09:16:14 INFO  ['F:\\桌面\\recommendation_system\\scripts\\run_grid.py', '--models', 'timeweaver', '--datasets', 'amazon-sports-5core-longseq-full', '--seeds', '42,2023,2024', '--device', 'gpu', '--timeweaver-variant', 'gate', '--output', 'F:\\桌面\\recommendation_system\\results\\param_sweeps\\timeweaver_param_C_gate_hidden.json', '--tag', 'C_gate_hidden16', '--skip-if-done', '--tw-gate-hidden', '16']
Wed 18 Mar 2026 09:16:14 INFO  
General Hyper Parameters:
gpu_id = 0
use_gpu = True
seed = 2023
state = INFO
reproducibility = True
data_path = data/amazon\amazon-sports-5core-longseq
checkpoint_dir = saved
show_progress = True
save_dataset = False
dataset_save_path = None
save_dataloaders = False
dataloaders_save_path = None
log_wandb = False

Training Hyper Parameters:
epochs = 100
train_batch_size = 256
learner = adam
learning_rate = 0.001
train_neg_sample_args = {'distribution': 'none', 'sample_num': 'none', 'alpha': 'none', 'dynamic': False, 'candidate_num': 0}
eval_step = 1
stopping_step = 10
clip_grad_norm = None
weight_decay = 0.0
loss_decimal_place = 4

Evaluation Hyper Parameters:
eval_args = {'split': {'LS': 'valid_and_test'}, 'order': 'TO', 'group_by': 'user', 'mode': {'valid': 'full', 'test': 'full'}}
repeatable = True
metrics = ['Hit', 'NDCG', 'MRR']
topk = [10]
valid_metric = Hit@10
valid_metric_bigger = True
eval_batch_size = 512
metric_decimal_place = 4

Dataset Hyper Parameters:
field_separator = 	
seq_separator =  
USER_ID_FIELD = user_id
ITEM_ID_FIELD = item_id
RATING_FIELD = rating
TIME_FIELD = timestamp
seq_len = None
LABEL_FIELD = label
threshold = None
NEG_PREFIX = neg_
load_col = {'inter': ['user_id', 'item_id', 'rating', 'timestamp']}
unload_col = None
unused_col = None
additional_feat_suffix = None
rm_dup_inter = None
val_interval = None
filter_inter_by_user_or_item = True
user_inter_num_interval = [0,inf)
item_inter_num_interval = [0,inf)
alias_of_user_id = None
alias_of_item_id = None
alias_of_entity_id = None
alias_of_relation_id = None
preload_weight = None
normalize_field = None
normalize_all = None
ITEM_LIST_LENGTH_FIELD = item_length
LIST_SUFFIX = _list
MAX_ITEM_LIST_LENGTH = 32
POSITION_FIELD = position_id
HEAD_ENTITY_ID_FIELD = head_id
TAIL_ENTITY_ID_FIELD = tail_id
RELATION_ID_FIELD = relation_id
ENTITY_ID_FIELD = entity_id
benchmark_filename = None

Other Hyper Parameters: 
worker = 0
wandb_project = recbole
shuffle = True
require_pow = False
enable_amp = False
enable_scaler = False
transform = None
numerical_features = []
discretization = None
kg_reverse_r = False
entity_kg_num_interval = [0,inf)
relation_kg_num_interval = [0,inf)
MODEL_TYPE = ModelType.SEQUENTIAL
contrastive_weight = 0.03
contrastive_temp = 0.2
time_aug_prob = 0.15
time_aug_strength = 0.05
time_aug_warmup_steps = 0
time_aug_ramp_steps = 2000
model_name = TimeWeaver
hidden_size = 64
num_layers = 2
hidden_dropout_prob = 0.5
initializer_range = 0.02
time_bucket_size = 1000
ema_decay = 0.5
tcn_kernel_size = -1
ffn_hidden_size = 256
loss_type = CE
early_stop = 10
neg_sampling = None
device = cuda
use_continuous_time = True
use_time_gate = True
use_time_augmentation = False
time_gate_hidden = 16
MODEL_INPUT_TYPE = InputType.POINTWISE
eval_type = EvaluatorType.RANKING
single_spec = True
local_rank = 0
valid_neg_sample_args = {'distribution': 'uniform', 'sample_num': 'none'}
test_neg_sample_args = {'distribution': 'uniform', 'sample_num': 'none'}


Wed 18 Mar 2026 09:16:14 INFO  amazon-sports-5core-longseq
The number of users: 2181
Average actions of users: 25.74678899082569
The number of items: 14556
Average actions of items: 3.8562693232566128
The number of inters: 56128
The sparsity of the dataset: 99.82320016520806%
Remain Fields: ['user_id', 'item_id', 'rating', 'timestamp']
Wed 18 Mar 2026 09:16:15 INFO  [Training]: train_batch_size = [256] train_neg_sample_args: [{'distribution': 'none', 'sample_num': 'none', 'alpha': 'none', 'dynamic': False, 'candidate_num': 0}]
Wed 18 Mar 2026 09:16:15 INFO  [Evaluation]: eval_batch_size = [512] eval_args: [{'split': {'LS': 'valid_and_test'}, 'order': 'TO', 'group_by': 'user', 'mode': {'valid': 'full', 'test': 'full'}}]
Wed 18 Mar 2026 09:16:15 INFO  TimeWeaver(
  (item_embedding): Embedding(14556, 64, padding_idx=0)
  (time_aug): TimeAwareAugmentation(
    (pos_embedding): Embedding(32, 64)
    (time_embedder): ContinuousTimeEmbedding(
      (time2vec): Time2Vec()
    )
    (time_gate): TimeGate(
      (net): Sequential(
        (0): Linear(in_features=128, out_features=16, bias=True)
        (1): GELU(approximate='none')
        (2): Linear(in_features=16, out_features=64, bias=True)
        (3): Sigmoid()
      )
    )
    (layer_norm): LayerNorm((64,), eps=1e-05, elementwise_affine=True)
    (drop): Dropout(p=0.5, inplace=False)
  )
  (context_layers): ModuleList(
    (0-1): 2 x TCNNextBlock(
      (dw): DepthwiseConv1d(
        (conv): Conv1d(64, 64, kernel_size=(11,), stride=(1,), padding=(5,), groups=64)
        (bn): BatchNorm1d(64, eps=1e-05, momentum=0.1, affine=True, track_running_stats=True)
        (drop): Dropout(p=0.5, inplace=False)
      )
      (norm1): LayerNorm((64,), eps=1e-05, elementwise_affine=True)
      (conv_inter): ParallelConvInter(
        (conv1): Conv1d(64, 64, kernel_size=(1,), stride=(1,))
        (conv3): Conv1d(64, 64, kernel_size=(3,), stride=(1,), padding=(1,))
        (proj): Conv1d(64, 64, kernel_size=(1,), stride=(1,))
        (drop): Dropout(p=0.5, inplace=False)
      )
      (norm2): LayerNorm((64,), eps=1e-05, elementwise_affine=True)
      (ffn): Sequential(
        (0): Linear(in_features=64, out_features=256, bias=True)
        (1): GELU(approximate='none')
        (2): Dropout(p=0.5, inplace=False)
        (3): Linear(in_features=256, out_features=64, bias=True)
        (4): Dropout(p=0.5, inplace=False)
      )
      (norm3): LayerNorm((64,), eps=1e-05, elementwise_affine=True)
    )
  )
  (dynamic_layers): ModuleList(
    (0-1): 2 x EMAStream(
      (proj): Linear(in_features=64, out_features=64, bias=True)
    )
  )
  (weavers): ModuleList(
    (0-1): 2 x StreamWeaver(
      (proj): Linear(in_features=128, out_features=64, bias=True)
      (norm): LayerNorm((64,), eps=1e-05, elementwise_affine=True)
    )
  )
  (loss_fct): CrossEntropyLoss()
)
Trainable parameters: 1072210.0
Wed 18 Mar 2026 09:16:15 INFO  FLOPs: 4395008.0
Wed 18 Mar 2026 09:16:34 INFO  epoch 0 training [time: 18.49s, train loss: 1813.5505]
Wed 18 Mar 2026 09:16:34 INFO  epoch 0 evaluating [time: 0.10s, valid_score: 0.012400]
Wed 18 Mar 2026 09:16:34 INFO  valid result: 
hit@10 : 0.0124    ndcg@10 : 0.0063    mrr@10 : 0.0045
Wed 18 Mar 2026 09:16:34 INFO  Saving current: saved\TimeWeaver-Mar-18-2026_09-16-15.pth
Wed 18 Mar 2026 09:16:53 INFO  epoch 1 training [time: 19.06s, train loss: 1751.3454]
Wed 18 Mar 2026 09:16:53 INFO  epoch 1 evaluating [time: 0.09s, valid_score: 0.013300]
Wed 18 Mar 2026 09:16:53 INFO  valid result: 
hit@10 : 0.0133    ndcg@10 : 0.006    mrr@10 : 0.0038
Wed 18 Mar 2026 09:16:53 INFO  Saving current: saved\TimeWeaver-Mar-18-2026_09-16-15.pth
Wed 18 Mar 2026 09:17:12 INFO  epoch 2 training [time: 19.29s, train loss: 1708.3724]
Wed 18 Mar 2026 09:17:13 INFO  epoch 2 evaluating [time: 0.10s, valid_score: 0.017900]
Wed 18 Mar 2026 09:17:13 INFO  valid result: 
hit@10 : 0.0179    ndcg@10 : 0.0079    mrr@10 : 0.0049
Wed 18 Mar 2026 09:17:13 INFO  Saving current: saved\TimeWeaver-Mar-18-2026_09-16-15.pth
Wed 18 Mar 2026 09:17:32 INFO  epoch 3 training [time: 19.15s, train loss: 1643.8636]
Wed 18 Mar 2026 09:17:32 INFO  epoch 3 evaluating [time: 0.08s, valid_score: 0.022900]
Wed 18 Mar 2026 09:17:32 INFO  valid result: 
hit@10 : 0.0229    ndcg@10 : 0.0124    mrr@10 : 0.0092
Wed 18 Mar 2026 09:17:32 INFO  Saving current: saved\TimeWeaver-Mar-18-2026_09-16-15.pth
Wed 18 Mar 2026 09:17:51 INFO  epoch 4 training [time: 19.31s, train loss: 1576.0366]
Wed 18 Mar 2026 09:17:51 INFO  epoch 4 evaluating [time: 0.11s, valid_score: 0.022900]
Wed 18 Mar 2026 09:17:51 INFO  valid result: 
hit@10 : 0.0229    ndcg@10 : 0.0122    mrr@10 : 0.0089
Wed 18 Mar 2026 09:17:51 INFO  Saving current: saved\TimeWeaver-Mar-18-2026_09-16-15.pth
Wed 18 Mar 2026 09:18:11 INFO  epoch 5 training [time: 19.52s, train loss: 1507.4225]
Wed 18 Mar 2026 09:18:11 INFO  epoch 5 evaluating [time: 0.10s, valid_score: 0.023400]
Wed 18 Mar 2026 09:18:11 INFO  valid result: 
hit@10 : 0.0234    ndcg@10 : 0.0109    mrr@10 : 0.0072
Wed 18 Mar 2026 09:18:11 INFO  Saving current: saved\TimeWeaver-Mar-18-2026_09-16-15.pth
Wed 18 Mar 2026 09:18:30 INFO  epoch 6 training [time: 19.31s, train loss: 1438.4005]
Wed 18 Mar 2026 09:18:30 INFO  epoch 6 evaluating [time: 0.09s, valid_score: 0.020200]
Wed 18 Mar 2026 09:18:30 INFO  valid result: 
hit@10 : 0.0202    ndcg@10 : 0.0095    mrr@10 : 0.0063
Wed 18 Mar 2026 09:18:50 INFO  epoch 7 training [time: 19.47s, train loss: 1373.6857]
Wed 18 Mar 2026 09:18:50 INFO  epoch 7 evaluating [time: 0.09s, valid_score: 0.026600]
Wed 18 Mar 2026 09:18:50 INFO  valid result: 
hit@10 : 0.0266    ndcg@10 : 0.0119    mrr@10 : 0.0074
Wed 18 Mar 2026 09:18:50 INFO  Saving current: saved\TimeWeaver-Mar-18-2026_09-16-15.pth
Wed 18 Mar 2026 09:19:09 INFO  epoch 8 training [time: 19.05s, train loss: 1308.7145]
Wed 18 Mar 2026 09:19:09 INFO  epoch 8 evaluating [time: 0.09s, valid_score: 0.025200]
Wed 18 Mar 2026 09:19:09 INFO  valid result: 
hit@10 : 0.0252    ndcg@10 : 0.0109    mrr@10 : 0.0066
Wed 18 Mar 2026 09:19:29 INFO  epoch 9 training [time: 19.68s, train loss: 1249.5831]
Wed 18 Mar 2026 09:19:29 INFO  epoch 9 evaluating [time: 0.09s, valid_score: 0.027500]
Wed 18 Mar 2026 09:19:29 INFO  valid result: 
hit@10 : 0.0275    ndcg@10 : 0.0114    mrr@10 : 0.0066
Wed 18 Mar 2026 09:19:29 INFO  Saving current: saved\TimeWeaver-Mar-18-2026_09-16-15.pth
Wed 18 Mar 2026 09:19:49 INFO  epoch 10 training [time: 20.20s, train loss: 1196.5407]
Wed 18 Mar 2026 09:19:49 INFO  epoch 10 evaluating [time: 0.10s, valid_score: 0.032100]
Wed 18 Mar 2026 09:19:49 INFO  valid result: 
hit@10 : 0.0321    ndcg@10 : 0.0139    mrr@10 : 0.0084
Wed 18 Mar 2026 09:19:49 INFO  Saving current: saved\TimeWeaver-Mar-18-2026_09-16-15.pth
Wed 18 Mar 2026 09:20:09 INFO  epoch 11 training [time: 19.75s, train loss: 1148.8393]
Wed 18 Mar 2026 09:20:09 INFO  epoch 11 evaluating [time: 0.10s, valid_score: 0.031700]
Wed 18 Mar 2026 09:20:09 INFO  valid result: 
hit@10 : 0.0317    ndcg@10 : 0.0137    mrr@10 : 0.0084
Wed 18 Mar 2026 09:20:28 INFO  epoch 12 training [time: 19.19s, train loss: 1111.0453]
Wed 18 Mar 2026 09:20:28 INFO  epoch 12 evaluating [time: 0.09s, valid_score: 0.028900]
Wed 18 Mar 2026 09:20:28 INFO  valid result: 
hit@10 : 0.0289    ndcg@10 : 0.0124    mrr@10 : 0.0074
Wed 18 Mar 2026 09:20:47 INFO  epoch 13 training [time: 18.99s, train loss: 1073.2529]
Wed 18 Mar 2026 09:20:47 INFO  epoch 13 evaluating [time: 0.09s, valid_score: 0.031700]
Wed 18 Mar 2026 09:20:47 INFO  valid result: 
hit@10 : 0.0317    ndcg@10 : 0.0132    mrr@10 : 0.0076
Wed 18 Mar 2026 09:21:07 INFO  epoch 14 training [time: 19.60s, train loss: 1039.5600]
Wed 18 Mar 2026 09:21:07 INFO  epoch 14 evaluating [time: 0.09s, valid_score: 0.027500]
Wed 18 Mar 2026 09:21:07 INFO  valid result: 
hit@10 : 0.0275    ndcg@10 : 0.0118    mrr@10 : 0.007
Wed 18 Mar 2026 09:21:26 INFO  epoch 15 training [time: 19.32s, train loss: 1012.3294]
Wed 18 Mar 2026 09:21:27 INFO  epoch 15 evaluating [time: 0.09s, valid_score: 0.028900]
Wed 18 Mar 2026 09:21:27 INFO  valid result: 
hit@10 : 0.0289    ndcg@10 : 0.0123    mrr@10 : 0.0073
Wed 18 Mar 2026 09:21:46 INFO  epoch 16 training [time: 18.99s, train loss: 985.8085]
Wed 18 Mar 2026 09:21:46 INFO  epoch 16 evaluating [time: 0.10s, valid_score: 0.027500]
Wed 18 Mar 2026 09:21:46 INFO  valid result: 
hit@10 : 0.0275    ndcg@10 : 0.0118    mrr@10 : 0.0071
Wed 18 Mar 2026 09:22:05 INFO  epoch 17 training [time: 18.97s, train loss: 962.9389]
Wed 18 Mar 2026 09:22:05 INFO  epoch 17 evaluating [time: 0.09s, valid_score: 0.025200]
Wed 18 Mar 2026 09:22:05 INFO  valid result: 
hit@10 : 0.0252    ndcg@10 : 0.011    mrr@10 : 0.0066
Wed 18 Mar 2026 09:22:24 INFO  epoch 18 training [time: 19.36s, train loss: 939.6748]
Wed 18 Mar 2026 09:22:24 INFO  epoch 18 evaluating [time: 0.09s, valid_score: 0.024300]
Wed 18 Mar 2026 09:22:24 INFO  valid result: 
hit@10 : 0.0243    ndcg@10 : 0.0106    mrr@10 : 0.0064
Wed 18 Mar 2026 09:22:44 INFO  epoch 19 training [time: 19.63s, train loss: 920.3901]
Wed 18 Mar 2026 09:22:44 INFO  epoch 19 evaluating [time: 0.10s, valid_score: 0.024800]
Wed 18 Mar 2026 09:22:44 INFO  valid result: 
hit@10 : 0.0248    ndcg@10 : 0.0107    mrr@10 : 0.0065
Wed 18 Mar 2026 09:23:03 INFO  epoch 20 training [time: 18.95s, train loss: 898.6511]
Wed 18 Mar 2026 09:23:03 INFO  epoch 20 evaluating [time: 0.09s, valid_score: 0.026600]
Wed 18 Mar 2026 09:23:03 INFO  valid result: 
hit@10 : 0.0266    ndcg@10 : 0.0113    mrr@10 : 0.0067
Wed 18 Mar 2026 09:23:22 INFO  epoch 21 training [time: 19.18s, train loss: 882.6642]
Wed 18 Mar 2026 09:23:22 INFO  epoch 21 evaluating [time: 0.10s, valid_score: 0.025700]
Wed 18 Mar 2026 09:23:22 INFO  valid result: 
hit@10 : 0.0257    ndcg@10 : 0.011    mrr@10 : 0.0066
Wed 18 Mar 2026 09:23:22 INFO  Finished training, best eval result in epoch 10
Wed 18 Mar 2026 09:23:22 INFO  Loading model structure and parameters from saved\TimeWeaver-Mar-18-2026_09-16-15.pth
Wed 18 Mar 2026 09:23:23 INFO  The running environment of this training is as follows:
+-------------+----------------+
| Environment |     Usage      |
+=============+================+
| CPU         |     4.20 %     |
+-------------+----------------+
| GPU         | 0.34 G/6.00 G  |
+-------------+----------------+
| Memory      | 1.41 G/15.63 G |
+-------------+----------------+
Wed 18 Mar 2026 09:23:23 INFO  best valid : OrderedDict([('hit@10', 0.0321), ('ndcg@10', 0.0139), ('mrr@10', 0.0084)])
Wed 18 Mar 2026 09:23:23 INFO  test result: OrderedDict([('hit@10', 0.0239), ('ndcg@10', 0.0113), ('mrr@10', 0.0074)])
Wed 18 Mar 2026 09:23:23 WARNING  command line args [--models timeweaver --datasets amazon-sports-5core-longseq-full --seeds 42,2023,2024 --device gpu --timeweaver-variant gate --output F:\桌面\recommendation_system\results\param_sweeps\timeweaver_param_C_gate_hidden.json --tag C_gate_hidden16 --skip-if-done --tw-gate-hidden 16] will not be used in RecBole
Wed 18 Mar 2026 09:23:23 INFO  ['F:\\桌面\\recommendation_system\\scripts\\run_grid.py', '--models', 'timeweaver', '--datasets', 'amazon-sports-5core-longseq-full', '--seeds', '42,2023,2024', '--device', 'gpu', '--timeweaver-variant', 'gate', '--output', 'F:\\桌面\\recommendation_system\\results\\param_sweeps\\timeweaver_param_C_gate_hidden.json', '--tag', 'C_gate_hidden16', '--skip-if-done', '--tw-gate-hidden', '16']
Wed 18 Mar 2026 09:23:23 INFO  
General Hyper Parameters:
gpu_id = 0
use_gpu = True
seed = 2024
state = INFO
reproducibility = True
data_path = data/amazon\amazon-sports-5core-longseq
checkpoint_dir = saved
show_progress = True
save_dataset = False
dataset_save_path = None
save_dataloaders = False
dataloaders_save_path = None
log_wandb = False

Training Hyper Parameters:
epochs = 100
train_batch_size = 256
learner = adam
learning_rate = 0.001
train_neg_sample_args = {'distribution': 'none', 'sample_num': 'none', 'alpha': 'none', 'dynamic': False, 'candidate_num': 0}
eval_step = 1
stopping_step = 10
clip_grad_norm = None
weight_decay = 0.0
loss_decimal_place = 4

Evaluation Hyper Parameters:
eval_args = {'split': {'LS': 'valid_and_test'}, 'order': 'TO', 'group_by': 'user', 'mode': {'valid': 'full', 'test': 'full'}}
repeatable = True
metrics = ['Hit', 'NDCG', 'MRR']
topk = [10]
valid_metric = Hit@10
valid_metric_bigger = True
eval_batch_size = 512
metric_decimal_place = 4

Dataset Hyper Parameters:
field_separator = 	
seq_separator =  
USER_ID_FIELD = user_id
ITEM_ID_FIELD = item_id
RATING_FIELD = rating
TIME_FIELD = timestamp
seq_len = None
LABEL_FIELD = label
threshold = None
NEG_PREFIX = neg_
load_col = {'inter': ['user_id', 'item_id', 'rating', 'timestamp']}
unload_col = None
unused_col = None
additional_feat_suffix = None
rm_dup_inter = None
val_interval = None
filter_inter_by_user_or_item = True
user_inter_num_interval = [0,inf)
item_inter_num_interval = [0,inf)
alias_of_user_id = None
alias_of_item_id = None
alias_of_entity_id = None
alias_of_relation_id = None
preload_weight = None
normalize_field = None
normalize_all = None
ITEM_LIST_LENGTH_FIELD = item_length
LIST_SUFFIX = _list
MAX_ITEM_LIST_LENGTH = 32
POSITION_FIELD = position_id
HEAD_ENTITY_ID_FIELD = head_id
TAIL_ENTITY_ID_FIELD = tail_id
RELATION_ID_FIELD = relation_id
ENTITY_ID_FIELD = entity_id
benchmark_filename = None

Other Hyper Parameters: 
worker = 0
wandb_project = recbole
shuffle = True
require_pow = False
enable_amp = False
enable_scaler = False
transform = None
numerical_features = []
discretization = None
kg_reverse_r = False
entity_kg_num_interval = [0,inf)
relation_kg_num_interval = [0,inf)
MODEL_TYPE = ModelType.SEQUENTIAL
contrastive_weight = 0.03
contrastive_temp = 0.2
time_aug_prob = 0.15
time_aug_strength = 0.05
time_aug_warmup_steps = 0
time_aug_ramp_steps = 2000
model_name = TimeWeaver
hidden_size = 64
num_layers = 2
hidden_dropout_prob = 0.5
initializer_range = 0.02
time_bucket_size = 1000
ema_decay = 0.5
tcn_kernel_size = -1
ffn_hidden_size = 256
loss_type = CE
early_stop = 10
neg_sampling = None
device = cuda
use_continuous_time = True
use_time_gate = True
use_time_augmentation = False
time_gate_hidden = 16
MODEL_INPUT_TYPE = InputType.POINTWISE
eval_type = EvaluatorType.RANKING
single_spec = True
local_rank = 0
valid_neg_sample_args = {'distribution': 'uniform', 'sample_num': 'none'}
test_neg_sample_args = {'distribution': 'uniform', 'sample_num': 'none'}


Wed 18 Mar 2026 09:23:24 INFO  amazon-sports-5core-longseq
The number of users: 2181
Average actions of users: 25.74678899082569
The number of items: 14556
Average actions of items: 3.8562693232566128
The number of inters: 56128
The sparsity of the dataset: 99.82320016520806%
Remain Fields: ['user_id', 'item_id', 'rating', 'timestamp']
Wed 18 Mar 2026 09:23:25 INFO  [Training]: train_batch_size = [256] train_neg_sample_args: [{'distribution': 'none', 'sample_num': 'none', 'alpha': 'none', 'dynamic': False, 'candidate_num': 0}]
Wed 18 Mar 2026 09:23:25 INFO  [Evaluation]: eval_batch_size = [512] eval_args: [{'split': {'LS': 'valid_and_test'}, 'order': 'TO', 'group_by': 'user', 'mode': {'valid': 'full', 'test': 'full'}}]
Wed 18 Mar 2026 09:23:25 INFO  TimeWeaver(
  (item_embedding): Embedding(14556, 64, padding_idx=0)
  (time_aug): TimeAwareAugmentation(
    (pos_embedding): Embedding(32, 64)
    (time_embedder): ContinuousTimeEmbedding(
      (time2vec): Time2Vec()
    )
    (time_gate): TimeGate(
      (net): Sequential(
        (0): Linear(in_features=128, out_features=16, bias=True)
        (1): GELU(approximate='none')
        (2): Linear(in_features=16, out_features=64, bias=True)
        (3): Sigmoid()
      )
    )
    (layer_norm): LayerNorm((64,), eps=1e-05, elementwise_affine=True)
    (drop): Dropout(p=0.5, inplace=False)
  )
  (context_layers): ModuleList(
    (0-1): 2 x TCNNextBlock(
      (dw): DepthwiseConv1d(
        (conv): Conv1d(64, 64, kernel_size=(11,), stride=(1,), padding=(5,), groups=64)
        (bn): BatchNorm1d(64, eps=1e-05, momentum=0.1, affine=True, track_running_stats=True)
        (drop): Dropout(p=0.5, inplace=False)
      )
      (norm1): LayerNorm((64,), eps=1e-05, elementwise_affine=True)
      (conv_inter): ParallelConvInter(
        (conv1): Conv1d(64, 64, kernel_size=(1,), stride=(1,))
        (conv3): Conv1d(64, 64, kernel_size=(3,), stride=(1,), padding=(1,))
        (proj): Conv1d(64, 64, kernel_size=(1,), stride=(1,))
        (drop): Dropout(p=0.5, inplace=False)
      )
      (norm2): LayerNorm((64,), eps=1e-05, elementwise_affine=True)
      (ffn): Sequential(
        (0): Linear(in_features=64, out_features=256, bias=True)
        (1): GELU(approximate='none')
        (2): Dropout(p=0.5, inplace=False)
        (3): Linear(in_features=256, out_features=64, bias=True)
        (4): Dropout(p=0.5, inplace=False)
      )
      (norm3): LayerNorm((64,), eps=1e-05, elementwise_affine=True)
    )
  )
  (dynamic_layers): ModuleList(
    (0-1): 2 x EMAStream(
      (proj): Linear(in_features=64, out_features=64, bias=True)
    )
  )
  (weavers): ModuleList(
    (0-1): 2 x StreamWeaver(
      (proj): Linear(in_features=128, out_features=64, bias=True)
      (norm): LayerNorm((64,), eps=1e-05, elementwise_affine=True)
    )
  )
  (loss_fct): CrossEntropyLoss()
)
Trainable parameters: 1072210.0
Wed 18 Mar 2026 09:23:25 INFO  FLOPs: 4395008.0
Wed 18 Mar 2026 09:23:44 INFO  epoch 0 training [time: 19.96s, train loss: 1816.0321]
Wed 18 Mar 2026 09:23:45 INFO  epoch 0 evaluating [time: 0.09s, valid_score: 0.011000]
Wed 18 Mar 2026 09:23:45 INFO  valid result: 
hit@10 : 0.011    ndcg@10 : 0.0063    mrr@10 : 0.0048
Wed 18 Mar 2026 09:23:45 INFO  Saving current: saved\TimeWeaver-Mar-18-2026_09-23-25.pth
Wed 18 Mar 2026 09:24:04 INFO  epoch 1 training [time: 19.62s, train loss: 1754.7013]
Wed 18 Mar 2026 09:24:04 INFO  epoch 1 evaluating [time: 0.09s, valid_score: 0.013800]
Wed 18 Mar 2026 09:24:04 INFO  valid result: 
hit@10 : 0.0138    ndcg@10 : 0.0068    mrr@10 : 0.0047
Wed 18 Mar 2026 09:24:04 INFO  Saving current: saved\TimeWeaver-Mar-18-2026_09-23-25.pth
Wed 18 Mar 2026 09:24:24 INFO  epoch 2 training [time: 19.36s, train loss: 1717.1266]
Wed 18 Mar 2026 09:24:24 INFO  epoch 2 evaluating [time: 0.09s, valid_score: 0.017900]
Wed 18 Mar 2026 09:24:24 INFO  valid result: 
hit@10 : 0.0179    ndcg@10 : 0.0091    mrr@10 : 0.0065
Wed 18 Mar 2026 09:24:24 INFO  Saving current: saved\TimeWeaver-Mar-18-2026_09-23-25.pth
Wed 18 Mar 2026 09:24:43 INFO  epoch 3 training [time: 19.05s, train loss: 1652.9468]
Wed 18 Mar 2026 09:24:43 INFO  epoch 3 evaluating [time: 0.09s, valid_score: 0.025200]
Wed 18 Mar 2026 09:24:43 INFO  valid result: 
hit@10 : 0.0252    ndcg@10 : 0.0126    mrr@10 : 0.0088
Wed 18 Mar 2026 09:24:43 INFO  Saving current: saved\TimeWeaver-Mar-18-2026_09-23-25.pth
Wed 18 Mar 2026 09:25:02 INFO  epoch 4 training [time: 19.12s, train loss: 1583.7813]
Wed 18 Mar 2026 09:25:02 INFO  epoch 4 evaluating [time: 0.10s, valid_score: 0.021600]
Wed 18 Mar 2026 09:25:02 INFO  valid result: 
hit@10 : 0.0216    ndcg@10 : 0.0097    mrr@10 : 0.0061
Wed 18 Mar 2026 09:25:21 INFO  epoch 5 training [time: 19.21s, train loss: 1515.4549]
Wed 18 Mar 2026 09:25:22 INFO  epoch 5 evaluating [time: 0.09s, valid_score: 0.023400]
Wed 18 Mar 2026 09:25:22 INFO  valid result: 
hit@10 : 0.0234    ndcg@10 : 0.0121    mrr@10 : 0.0087
Wed 18 Mar 2026 09:25:40 INFO  epoch 6 training [time: 18.90s, train loss: 1449.1733]
Wed 18 Mar 2026 09:25:41 INFO  epoch 6 evaluating [time: 0.09s, valid_score: 0.028000]
Wed 18 Mar 2026 09:25:41 INFO  valid result: 
hit@10 : 0.028    ndcg@10 : 0.0123    mrr@10 : 0.0077
Wed 18 Mar 2026 09:25:41 INFO  Saving current: saved\TimeWeaver-Mar-18-2026_09-23-25.pth
Wed 18 Mar 2026 09:26:00 INFO  epoch 7 training [time: 19.11s, train loss: 1383.2113]
Wed 18 Mar 2026 09:26:00 INFO  epoch 7 evaluating [time: 0.10s, valid_score: 0.026600]
Wed 18 Mar 2026 09:26:00 INFO  valid result: 
hit@10 : 0.0266    ndcg@10 : 0.0107    mrr@10 : 0.0059
Wed 18 Mar 2026 09:26:19 INFO  epoch 8 training [time: 19.13s, train loss: 1320.0119]
Wed 18 Mar 2026 09:26:19 INFO  epoch 8 evaluating [time: 0.10s, valid_score: 0.027100]
Wed 18 Mar 2026 09:26:19 INFO  valid result: 
hit@10 : 0.0271    ndcg@10 : 0.011    mrr@10 : 0.0062
Wed 18 Mar 2026 09:26:38 INFO  epoch 9 training [time: 19.49s, train loss: 1262.6129]
Wed 18 Mar 2026 09:26:39 INFO  epoch 9 evaluating [time: 0.10s, valid_score: 0.025700]
Wed 18 Mar 2026 09:26:39 INFO  valid result: 
hit@10 : 0.0257    ndcg@10 : 0.0112    mrr@10 : 0.0067
Wed 18 Mar 2026 09:26:58 INFO  epoch 10 training [time: 19.02s, train loss: 1208.3030]
Wed 18 Mar 2026 09:26:58 INFO  epoch 10 evaluating [time: 0.09s, valid_score: 0.027500]
Wed 18 Mar 2026 09:26:58 INFO  valid result: 
hit@10 : 0.0275    ndcg@10 : 0.0121    mrr@10 : 0.0074
Wed 18 Mar 2026 09:27:16 INFO  epoch 11 training [time: 18.70s, train loss: 1159.1232]
Wed 18 Mar 2026 09:27:16 INFO  epoch 11 evaluating [time: 0.09s, valid_score: 0.027100]
Wed 18 Mar 2026 09:27:16 INFO  valid result: 
hit@10 : 0.0271    ndcg@10 : 0.0124    mrr@10 : 0.0079
Wed 18 Mar 2026 09:27:37 INFO  epoch 12 training [time: 20.09s, train loss: 1117.5509]
Wed 18 Mar 2026 09:27:37 INFO  epoch 12 evaluating [time: 0.10s, valid_score: 0.029400]
Wed 18 Mar 2026 09:27:37 INFO  valid result: 
hit@10 : 0.0294    ndcg@10 : 0.0121    mrr@10 : 0.0068
Wed 18 Mar 2026 09:27:37 INFO  Saving current: saved\TimeWeaver-Mar-18-2026_09-23-25.pth
Wed 18 Mar 2026 09:27:57 INFO  epoch 13 training [time: 19.91s, train loss: 1078.3398]
Wed 18 Mar 2026 09:27:57 INFO  epoch 13 evaluating [time: 0.10s, valid_score: 0.028000]
Wed 18 Mar 2026 09:27:57 INFO  valid result: 
hit@10 : 0.028    ndcg@10 : 0.0122    mrr@10 : 0.0075
Wed 18 Mar 2026 09:28:16 INFO  epoch 14 training [time: 19.51s, train loss: 1044.5771]
Wed 18 Mar 2026 09:28:16 INFO  epoch 14 evaluating [time: 0.10s, valid_score: 0.030300]
Wed 18 Mar 2026 09:28:16 INFO  valid result: 
hit@10 : 0.0303    ndcg@10 : 0.013    mrr@10 : 0.0077
Wed 18 Mar 2026 09:28:16 INFO  Saving current: saved\TimeWeaver-Mar-18-2026_09-23-25.pth
Wed 18 Mar 2026 09:28:35 INFO  epoch 15 training [time: 18.94s, train loss: 1013.8601]
Wed 18 Mar 2026 09:28:35 INFO  epoch 15 evaluating [time: 0.09s, valid_score: 0.026100]
Wed 18 Mar 2026 09:28:35 INFO  valid result: 
hit@10 : 0.0261    ndcg@10 : 0.0122    mrr@10 : 0.0079
Wed 18 Mar 2026 09:28:55 INFO  epoch 16 training [time: 19.15s, train loss: 985.7595]
Wed 18 Mar 2026 09:28:55 INFO  epoch 16 evaluating [time: 0.09s, valid_score: 0.028900]
Wed 18 Mar 2026 09:28:55 INFO  valid result: 
hit@10 : 0.0289    ndcg@10 : 0.014    mrr@10 : 0.0094
Wed 18 Mar 2026 09:29:14 INFO  epoch 17 training [time: 18.96s, train loss: 961.4185]
Wed 18 Mar 2026 09:29:14 INFO  epoch 17 evaluating [time: 0.10s, valid_score: 0.027100]
Wed 18 Mar 2026 09:29:14 INFO  valid result: 
hit@10 : 0.0271    ndcg@10 : 0.0132    mrr@10 : 0.0089
Wed 18 Mar 2026 09:29:33 INFO  epoch 18 training [time: 19.01s, train loss: 939.3795]
Wed 18 Mar 2026 09:29:33 INFO  epoch 18 evaluating [time: 0.09s, valid_score: 0.028900]
Wed 18 Mar 2026 09:29:33 INFO  valid result: 
hit@10 : 0.0289    ndcg@10 : 0.0129    mrr@10 : 0.0081
Wed 18 Mar 2026 09:29:52 INFO  epoch 19 training [time: 19.13s, train loss: 916.1212]
Wed 18 Mar 2026 09:29:52 INFO  epoch 19 evaluating [time: 0.09s, valid_score: 0.025700]
Wed 18 Mar 2026 09:29:52 INFO  valid result: 
hit@10 : 0.0257    ndcg@10 : 0.012    mrr@10 : 0.0079
Wed 18 Mar 2026 09:30:12 INFO  epoch 20 training [time: 19.52s, train loss: 896.5845]
Wed 18 Mar 2026 09:30:12 INFO  epoch 20 evaluating [time: 0.09s, valid_score: 0.023900]
Wed 18 Mar 2026 09:30:12 INFO  valid result: 
hit@10 : 0.0239    ndcg@10 : 0.0121    mrr@10 : 0.0084
Wed 18 Mar 2026 09:30:31 INFO  epoch 21 training [time: 19.72s, train loss: 876.9570]
Wed 18 Mar 2026 09:30:31 INFO  epoch 21 evaluating [time: 0.09s, valid_score: 0.024800]
Wed 18 Mar 2026 09:30:31 INFO  valid result: 
hit@10 : 0.0248    ndcg@10 : 0.0115    mrr@10 : 0.0074
Wed 18 Mar 2026 09:30:51 INFO  epoch 22 training [time: 19.35s, train loss: 858.3110]
Wed 18 Mar 2026 09:30:51 INFO  epoch 22 evaluating [time: 0.09s, valid_score: 0.026600]
Wed 18 Mar 2026 09:30:51 INFO  valid result: 
hit@10 : 0.0266    ndcg@10 : 0.0124    mrr@10 : 0.0081
Wed 18 Mar 2026 09:31:10 INFO  epoch 23 training [time: 19.02s, train loss: 841.8745]
Wed 18 Mar 2026 09:31:10 INFO  epoch 23 evaluating [time: 0.09s, valid_score: 0.023400]
Wed 18 Mar 2026 09:31:10 INFO  valid result: 
hit@10 : 0.0234    ndcg@10 : 0.0107    mrr@10 : 0.0069
Wed 18 Mar 2026 09:31:30 INFO  epoch 24 training [time: 19.87s, train loss: 824.7283]
Wed 18 Mar 2026 09:31:30 INFO  epoch 24 evaluating [time: 0.09s, valid_score: 0.023900]
Wed 18 Mar 2026 09:31:30 INFO  valid result: 
hit@10 : 0.0239    ndcg@10 : 0.0115    mrr@10 : 0.0077
Wed 18 Mar 2026 09:31:50 INFO  epoch 25 training [time: 20.26s, train loss: 811.2318]
Wed 18 Mar 2026 09:31:50 INFO  epoch 25 evaluating [time: 0.09s, valid_score: 0.027100]
Wed 18 Mar 2026 09:31:50 INFO  valid result: 
hit@10 : 0.0271    ndcg@10 : 0.0126    mrr@10 : 0.0082
Wed 18 Mar 2026 09:31:50 INFO  Finished training, best eval result in epoch 14
Wed 18 Mar 2026 09:31:50 INFO  Loading model structure and parameters from saved\TimeWeaver-Mar-18-2026_09-23-25.pth
Wed 18 Mar 2026 09:31:51 INFO  The running environment of this training is as follows:
+-------------+----------------+
| Environment |     Usage      |
+=============+================+
| CPU         |     3.80 %     |
+-------------+----------------+
| GPU         | 0.34 G/6.00 G  |
+-------------+----------------+
| Memory      | 1.41 G/15.63 G |
+-------------+----------------+
Wed 18 Mar 2026 09:31:51 INFO  best valid : OrderedDict([('hit@10', 0.0303), ('ndcg@10', 0.013), ('mrr@10', 0.0077)])
Wed 18 Mar 2026 09:31:51 INFO  test result: OrderedDict([('hit@10', 0.0211), ('ndcg@10', 0.0103), ('mrr@10', 0.007)])
