Wed 25 Feb 2026 02:16:44 INFO  ['F:\\桌面\\recommendation_system\\scripts\\run_grid.py', '--models', 'timeweaver', '--datasets', 'amazon-beauty-5core-subset-full', '--timeweaver-variant', 'cont', '--seeds', '42,2023,2024', '--device', 'gpu', '--output', 'results/timeweaver_ablations_all_full.json', '--skip-if-done']
Wed 25 Feb 2026 02:16:44 INFO  
General Hyper Parameters:
gpu_id = 0
use_gpu = True
seed = 42
state = INFO
reproducibility = True
data_path = data/amazon\amazon-beauty-5core-subset
checkpoint_dir = saved
show_progress = True
save_dataset = False
dataset_save_path = None
save_dataloaders = False
dataloaders_save_path = None
log_wandb = False

Training Hyper Parameters:
epochs = 100
train_batch_size = 256
learner = adam
learning_rate = 0.001
train_neg_sample_args = {'distribution': 'none', 'sample_num': 'none', 'alpha': 'none', 'dynamic': False, 'candidate_num': 0}
eval_step = 1
stopping_step = 10
clip_grad_norm = None
weight_decay = 0.0
loss_decimal_place = 4

Evaluation Hyper Parameters:
eval_args = {'split': {'LS': 'valid_and_test'}, 'order': 'TO', 'group_by': 'user', 'mode': {'valid': 'full', 'test': 'full'}}
repeatable = True
metrics = ['Hit', 'NDCG', 'MRR']
topk = [10]
valid_metric = Hit@10
valid_metric_bigger = True
eval_batch_size = 512
metric_decimal_place = 4

Dataset Hyper Parameters:
field_separator = 	
seq_separator =  
USER_ID_FIELD = user_id
ITEM_ID_FIELD = item_id
RATING_FIELD = rating
TIME_FIELD = timestamp
seq_len = None
LABEL_FIELD = label
threshold = None
NEG_PREFIX = neg_
load_col = {'inter': ['user_id', 'item_id', 'rating', 'timestamp']}
unload_col = None
unused_col = None
additional_feat_suffix = None
rm_dup_inter = None
val_interval = None
filter_inter_by_user_or_item = True
user_inter_num_interval = [0,inf)
item_inter_num_interval = [0,inf)
alias_of_user_id = None
alias_of_item_id = None
alias_of_entity_id = None
alias_of_relation_id = None
preload_weight = None
normalize_field = None
normalize_all = None
ITEM_LIST_LENGTH_FIELD = item_length
LIST_SUFFIX = _list
MAX_ITEM_LIST_LENGTH = 32
POSITION_FIELD = position_id
HEAD_ENTITY_ID_FIELD = head_id
TAIL_ENTITY_ID_FIELD = tail_id
RELATION_ID_FIELD = relation_id
ENTITY_ID_FIELD = entity_id
benchmark_filename = None

Other Hyper Parameters: 
worker = 0
wandb_project = recbole
shuffle = True
require_pow = False
enable_amp = False
enable_scaler = False
transform = None
numerical_features = []
discretization = None
kg_reverse_r = False
entity_kg_num_interval = [0,inf)
relation_kg_num_interval = [0,inf)
MODEL_TYPE = ModelType.SEQUENTIAL
model_name = TimeWeaver
hidden_size = 64
num_layers = 2
hidden_dropout_prob = 0.5
initializer_range = 0.02
time_bucket_size = 1000
ema_decay = 0.5
tcn_kernel_size = -1
ffn_hidden_size = 256
loss_type = CE
early_stop = 10
neg_sampling = None
device = cuda
use_continuous_time = True
use_time_gate = False
use_time_augmentation = False
MODEL_INPUT_TYPE = InputType.POINTWISE
eval_type = EvaluatorType.RANKING
single_spec = True
local_rank = 0
valid_neg_sample_args = {'distribution': 'uniform', 'sample_num': 'none'}
test_neg_sample_args = {'distribution': 'uniform', 'sample_num': 'none'}


Wed 25 Feb 2026 02:16:44 INFO  amazon-beauty-5core-subset
The number of users: 7001
Average actions of users: 15.458
The number of items: 11924
Average actions of items: 9.075400486454752
The number of inters: 108206
The sparsity of the dataset: 99.87038081155896%
Remain Fields: ['user_id', 'item_id', 'rating', 'timestamp']
Wed 25 Feb 2026 02:16:46 INFO  [Training]: train_batch_size = [256] train_neg_sample_args: [{'distribution': 'none', 'sample_num': 'none', 'alpha': 'none', 'dynamic': False, 'candidate_num': 0}]
Wed 25 Feb 2026 02:16:46 INFO  [Evaluation]: eval_batch_size = [512] eval_args: [{'split': {'LS': 'valid_and_test'}, 'order': 'TO', 'group_by': 'user', 'mode': {'valid': 'full', 'test': 'full'}}]
Wed 25 Feb 2026 02:16:46 INFO  TimeWeaver(
  (item_embedding): Embedding(11924, 64, padding_idx=0)
  (time_aug): TimeAwareAugmentation(
    (pos_embedding): Embedding(32, 64)
    (time_embedder): ContinuousTimeEmbedding(
      (time2vec): Time2Vec()
    )
    (layer_norm): LayerNorm((64,), eps=1e-05, elementwise_affine=True)
    (drop): Dropout(p=0.5, inplace=False)
  )
  (context_layers): ModuleList(
    (0-1): 2 x TCNNextBlock(
      (dw): DepthwiseConv1d(
        (conv): Conv1d(64, 64, kernel_size=(11,), stride=(1,), padding=(5,), groups=64)
        (bn): BatchNorm1d(64, eps=1e-05, momentum=0.1, affine=True, track_running_stats=True)
        (drop): Dropout(p=0.5, inplace=False)
      )
      (norm1): LayerNorm((64,), eps=1e-05, elementwise_affine=True)
      (conv_inter): ParallelConvInter(
        (conv1): Conv1d(64, 64, kernel_size=(1,), stride=(1,))
        (conv3): Conv1d(64, 64, kernel_size=(3,), stride=(1,), padding=(1,))
        (proj): Conv1d(64, 64, kernel_size=(1,), stride=(1,))
        (drop): Dropout(p=0.5, inplace=False)
      )
      (norm2): LayerNorm((64,), eps=1e-05, elementwise_affine=True)
      (ffn): Sequential(
        (0): Linear(in_features=64, out_features=256, bias=True)
        (1): GELU(approximate='none')
        (2): Dropout(p=0.5, inplace=False)
        (3): Linear(in_features=256, out_features=64, bias=True)
        (4): Dropout(p=0.5, inplace=False)
      )
      (norm3): LayerNorm((64,), eps=1e-05, elementwise_affine=True)
    )
  )
  (dynamic_layers): ModuleList(
    (0-1): 2 x EMAStream(
      (proj): Linear(in_features=64, out_features=64, bias=True)
    )
  )
  (weavers): ModuleList(
    (0-1): 2 x StreamWeaver(
      (proj): Linear(in_features=128, out_features=64, bias=True)
      (norm): LayerNorm((64,), eps=1e-05, elementwise_affine=True)
    )
  )
  (loss_fct): CrossEntropyLoss()
)
Trainable parameters: 900609.0
Wed 25 Feb 2026 02:16:46 INFO  FLOPs: 4296704.0
Wed 25 Feb 2026 02:17:19 INFO  epoch 0 training [time: 31.86s, train loss: 2936.3397]
Wed 25 Feb 2026 02:17:20 INFO  epoch 0 evaluating [time: 0.27s, valid_score: 0.017700]
Wed 25 Feb 2026 02:17:20 INFO  valid result: 
hit@10 : 0.0177    ndcg@10 : 0.0084    mrr@10 : 0.0056
Wed 25 Feb 2026 02:17:20 INFO  Saving current: saved\TimeWeaver-Feb-25-2026_02-16-46.pth
Wed 25 Feb 2026 02:17:50 INFO  epoch 1 training [time: 30.32s, train loss: 2708.3641]
Wed 25 Feb 2026 02:17:50 INFO  epoch 1 evaluating [time: 0.25s, valid_score: 0.044000]
Wed 25 Feb 2026 02:17:50 INFO  valid result: 
hit@10 : 0.044    ndcg@10 : 0.0216    mrr@10 : 0.0149
Wed 25 Feb 2026 02:17:50 INFO  Saving current: saved\TimeWeaver-Feb-25-2026_02-16-46.pth
Wed 25 Feb 2026 02:18:22 INFO  epoch 2 training [time: 31.26s, train loss: 2565.2183]
Wed 25 Feb 2026 02:18:22 INFO  epoch 2 evaluating [time: 0.23s, valid_score: 0.067600]
Wed 25 Feb 2026 02:18:22 INFO  valid result: 
hit@10 : 0.0676    ndcg@10 : 0.0337    mrr@10 : 0.0234
Wed 25 Feb 2026 02:18:22 INFO  Saving current: saved\TimeWeaver-Feb-25-2026_02-16-46.pth
Wed 25 Feb 2026 02:18:52 INFO  epoch 3 training [time: 30.58s, train loss: 2451.8792]
Wed 25 Feb 2026 02:18:53 INFO  epoch 3 evaluating [time: 0.24s, valid_score: 0.082100]
Wed 25 Feb 2026 02:18:53 INFO  valid result: 
hit@10 : 0.0821    ndcg@10 : 0.0408    mrr@10 : 0.0284
Wed 25 Feb 2026 02:18:53 INFO  Saving current: saved\TimeWeaver-Feb-25-2026_02-16-46.pth
Wed 25 Feb 2026 02:19:24 INFO  epoch 4 training [time: 31.59s, train loss: 2358.3460]
Wed 25 Feb 2026 02:19:24 INFO  epoch 4 evaluating [time: 0.23s, valid_score: 0.089300]
Wed 25 Feb 2026 02:19:24 INFO  valid result: 
hit@10 : 0.0893    ndcg@10 : 0.0459    mrr@10 : 0.0326
Wed 25 Feb 2026 02:19:24 INFO  Saving current: saved\TimeWeaver-Feb-25-2026_02-16-46.pth
Wed 25 Feb 2026 02:19:56 INFO  epoch 5 training [time: 31.12s, train loss: 2277.4505]
Wed 25 Feb 2026 02:19:56 INFO  epoch 5 evaluating [time: 0.22s, valid_score: 0.095000]
Wed 25 Feb 2026 02:19:56 INFO  valid result: 
hit@10 : 0.095    ndcg@10 : 0.0486    mrr@10 : 0.0344
Wed 25 Feb 2026 02:19:56 INFO  Saving current: saved\TimeWeaver-Feb-25-2026_02-16-46.pth
Wed 25 Feb 2026 02:20:26 INFO  epoch 6 training [time: 30.08s, train loss: 2206.2636]
Wed 25 Feb 2026 02:20:26 INFO  epoch 6 evaluating [time: 0.27s, valid_score: 0.099600]
Wed 25 Feb 2026 02:20:26 INFO  valid result: 
hit@10 : 0.0996    ndcg@10 : 0.0484    mrr@10 : 0.0327
Wed 25 Feb 2026 02:20:26 INFO  Saving current: saved\TimeWeaver-Feb-25-2026_02-16-46.pth
Wed 25 Feb 2026 02:20:58 INFO  epoch 7 training [time: 31.54s, train loss: 2146.5265]
Wed 25 Feb 2026 02:20:58 INFO  epoch 7 evaluating [time: 0.26s, valid_score: 0.099100]
Wed 25 Feb 2026 02:20:58 INFO  valid result: 
hit@10 : 0.0991    ndcg@10 : 0.0504    mrr@10 : 0.0354
Wed 25 Feb 2026 02:21:29 INFO  epoch 8 training [time: 31.26s, train loss: 2095.1575]
Wed 25 Feb 2026 02:21:30 INFO  epoch 8 evaluating [time: 0.23s, valid_score: 0.101300]
Wed 25 Feb 2026 02:21:30 INFO  valid result: 
hit@10 : 0.1013    ndcg@10 : 0.05    mrr@10 : 0.0344
Wed 25 Feb 2026 02:21:30 INFO  Saving current: saved\TimeWeaver-Feb-25-2026_02-16-46.pth
Wed 25 Feb 2026 02:22:00 INFO  epoch 9 training [time: 30.90s, train loss: 2053.4215]
Wed 25 Feb 2026 02:22:01 INFO  epoch 9 evaluating [time: 0.25s, valid_score: 0.096700]
Wed 25 Feb 2026 02:22:01 INFO  valid result: 
hit@10 : 0.0967    ndcg@10 : 0.0477    mrr@10 : 0.0327
Wed 25 Feb 2026 02:22:32 INFO  epoch 10 training [time: 31.01s, train loss: 2019.5557]
Wed 25 Feb 2026 02:22:32 INFO  epoch 10 evaluating [time: 0.26s, valid_score: 0.104900]
Wed 25 Feb 2026 02:22:32 INFO  valid result: 
hit@10 : 0.1049    ndcg@10 : 0.0519    mrr@10 : 0.0356
Wed 25 Feb 2026 02:22:32 INFO  Saving current: saved\TimeWeaver-Feb-25-2026_02-16-46.pth
Wed 25 Feb 2026 02:23:03 INFO  epoch 11 training [time: 30.50s, train loss: 1987.3204]
Wed 25 Feb 2026 02:23:03 INFO  epoch 11 evaluating [time: 0.26s, valid_score: 0.101100]
Wed 25 Feb 2026 02:23:03 INFO  valid result: 
hit@10 : 0.1011    ndcg@10 : 0.0504    mrr@10 : 0.0349
Wed 25 Feb 2026 02:23:34 INFO  epoch 12 training [time: 31.41s, train loss: 1959.6939]
Wed 25 Feb 2026 02:23:34 INFO  epoch 12 evaluating [time: 0.22s, valid_score: 0.102600]
Wed 25 Feb 2026 02:23:34 INFO  valid result: 
hit@10 : 0.1026    ndcg@10 : 0.0505    mrr@10 : 0.0346
Wed 25 Feb 2026 02:24:05 INFO  epoch 13 training [time: 30.68s, train loss: 1934.8358]
Wed 25 Feb 2026 02:24:05 INFO  epoch 13 evaluating [time: 0.25s, valid_score: 0.100400]
Wed 25 Feb 2026 02:24:05 INFO  valid result: 
hit@10 : 0.1004    ndcg@10 : 0.0516    mrr@10 : 0.0366
Wed 25 Feb 2026 02:24:36 INFO  epoch 14 training [time: 30.87s, train loss: 1910.7950]
Wed 25 Feb 2026 02:24:36 INFO  epoch 14 evaluating [time: 0.24s, valid_score: 0.101300]
Wed 25 Feb 2026 02:24:36 INFO  valid result: 
hit@10 : 0.1013    ndcg@10 : 0.051    mrr@10 : 0.0355
Wed 25 Feb 2026 02:25:09 INFO  epoch 15 training [time: 32.34s, train loss: 1890.4550]
Wed 25 Feb 2026 02:25:09 INFO  epoch 15 evaluating [time: 0.26s, valid_score: 0.102000]
Wed 25 Feb 2026 02:25:09 INFO  valid result: 
hit@10 : 0.102    ndcg@10 : 0.0522    mrr@10 : 0.0371
Wed 25 Feb 2026 02:25:40 INFO  epoch 16 training [time: 30.99s, train loss: 1870.0385]
Wed 25 Feb 2026 02:25:40 INFO  epoch 16 evaluating [time: 0.24s, valid_score: 0.100100]
Wed 25 Feb 2026 02:25:40 INFO  valid result: 
hit@10 : 0.1001    ndcg@10 : 0.0509    mrr@10 : 0.0359
Wed 25 Feb 2026 02:26:11 INFO  epoch 17 training [time: 31.00s, train loss: 1854.5255]
Wed 25 Feb 2026 02:26:12 INFO  epoch 17 evaluating [time: 0.25s, valid_score: 0.103000]
Wed 25 Feb 2026 02:26:12 INFO  valid result: 
hit@10 : 0.103    ndcg@10 : 0.052    mrr@10 : 0.0364
Wed 25 Feb 2026 02:26:42 INFO  epoch 18 training [time: 30.32s, train loss: 1837.0707]
Wed 25 Feb 2026 02:26:42 INFO  epoch 18 evaluating [time: 0.26s, valid_score: 0.103400]
Wed 25 Feb 2026 02:26:42 INFO  valid result: 
hit@10 : 0.1034    ndcg@10 : 0.0544    mrr@10 : 0.0394
Wed 25 Feb 2026 02:27:13 INFO  epoch 19 training [time: 31.03s, train loss: 1821.5929]
Wed 25 Feb 2026 02:27:13 INFO  epoch 19 evaluating [time: 0.24s, valid_score: 0.101000]
Wed 25 Feb 2026 02:27:13 INFO  valid result: 
hit@10 : 0.101    ndcg@10 : 0.0515    mrr@10 : 0.0364
Wed 25 Feb 2026 02:27:45 INFO  epoch 20 training [time: 31.98s, train loss: 1803.4174]
Wed 25 Feb 2026 02:27:46 INFO  epoch 20 evaluating [time: 0.26s, valid_score: 0.102400]
Wed 25 Feb 2026 02:27:46 INFO  valid result: 
hit@10 : 0.1024    ndcg@10 : 0.0534    mrr@10 : 0.0384
Wed 25 Feb 2026 02:28:16 INFO  epoch 21 training [time: 30.46s, train loss: 1789.5737]
Wed 25 Feb 2026 02:28:16 INFO  epoch 21 evaluating [time: 0.22s, valid_score: 0.100400]
Wed 25 Feb 2026 02:28:16 INFO  valid result: 
hit@10 : 0.1004    ndcg@10 : 0.0511    mrr@10 : 0.0361
Wed 25 Feb 2026 02:28:16 INFO  Finished training, best eval result in epoch 10
Wed 25 Feb 2026 02:28:16 INFO  Loading model structure and parameters from saved\TimeWeaver-Feb-25-2026_02-16-46.pth
Wed 25 Feb 2026 02:28:17 INFO  The running environment of this training is as follows:
+-------------+----------------+
| Environment |     Usage      |
+=============+================+
| CPU         |     3.50 %     |
+-------------+----------------+
| GPU         | 0.30 G/6.00 G  |
+-------------+----------------+
| Memory      | 1.43 G/15.63 G |
+-------------+----------------+
Wed 25 Feb 2026 02:28:17 INFO  best valid : OrderedDict([('hit@10', 0.1049), ('ndcg@10', 0.0519), ('mrr@10', 0.0356)])
Wed 25 Feb 2026 02:28:17 INFO  test result: OrderedDict([('hit@10', 0.0824), ('ndcg@10', 0.0416), ('mrr@10', 0.0292)])
Wed 25 Feb 2026 02:28:18 WARNING  command line args [--models timeweaver --datasets amazon-beauty-5core-subset-full --timeweaver-variant cont --seeds 42,2023,2024 --device gpu --output results/timeweaver_ablations_all_full.json --skip-if-done] will not be used in RecBole
Wed 25 Feb 2026 02:28:18 INFO  ['F:\\桌面\\recommendation_system\\scripts\\run_grid.py', '--models', 'timeweaver', '--datasets', 'amazon-beauty-5core-subset-full', '--timeweaver-variant', 'cont', '--seeds', '42,2023,2024', '--device', 'gpu', '--output', 'results/timeweaver_ablations_all_full.json', '--skip-if-done']
Wed 25 Feb 2026 02:28:18 INFO  
General Hyper Parameters:
gpu_id = 0
use_gpu = True
seed = 2023
state = INFO
reproducibility = True
data_path = data/amazon\amazon-beauty-5core-subset
checkpoint_dir = saved
show_progress = True
save_dataset = False
dataset_save_path = None
save_dataloaders = False
dataloaders_save_path = None
log_wandb = False

Training Hyper Parameters:
epochs = 100
train_batch_size = 256
learner = adam
learning_rate = 0.001
train_neg_sample_args = {'distribution': 'none', 'sample_num': 'none', 'alpha': 'none', 'dynamic': False, 'candidate_num': 0}
eval_step = 1
stopping_step = 10
clip_grad_norm = None
weight_decay = 0.0
loss_decimal_place = 4

Evaluation Hyper Parameters:
eval_args = {'split': {'LS': 'valid_and_test'}, 'order': 'TO', 'group_by': 'user', 'mode': {'valid': 'full', 'test': 'full'}}
repeatable = True
metrics = ['Hit', 'NDCG', 'MRR']
topk = [10]
valid_metric = Hit@10
valid_metric_bigger = True
eval_batch_size = 512
metric_decimal_place = 4

Dataset Hyper Parameters:
field_separator = 	
seq_separator =  
USER_ID_FIELD = user_id
ITEM_ID_FIELD = item_id
RATING_FIELD = rating
TIME_FIELD = timestamp
seq_len = None
LABEL_FIELD = label
threshold = None
NEG_PREFIX = neg_
load_col = {'inter': ['user_id', 'item_id', 'rating', 'timestamp']}
unload_col = None
unused_col = None
additional_feat_suffix = None
rm_dup_inter = None
val_interval = None
filter_inter_by_user_or_item = True
user_inter_num_interval = [0,inf)
item_inter_num_interval = [0,inf)
alias_of_user_id = None
alias_of_item_id = None
alias_of_entity_id = None
alias_of_relation_id = None
preload_weight = None
normalize_field = None
normalize_all = None
ITEM_LIST_LENGTH_FIELD = item_length
LIST_SUFFIX = _list
MAX_ITEM_LIST_LENGTH = 32
POSITION_FIELD = position_id
HEAD_ENTITY_ID_FIELD = head_id
TAIL_ENTITY_ID_FIELD = tail_id
RELATION_ID_FIELD = relation_id
ENTITY_ID_FIELD = entity_id
benchmark_filename = None

Other Hyper Parameters: 
worker = 0
wandb_project = recbole
shuffle = True
require_pow = False
enable_amp = False
enable_scaler = False
transform = None
numerical_features = []
discretization = None
kg_reverse_r = False
entity_kg_num_interval = [0,inf)
relation_kg_num_interval = [0,inf)
MODEL_TYPE = ModelType.SEQUENTIAL
model_name = TimeWeaver
hidden_size = 64
num_layers = 2
hidden_dropout_prob = 0.5
initializer_range = 0.02
time_bucket_size = 1000
ema_decay = 0.5
tcn_kernel_size = -1
ffn_hidden_size = 256
loss_type = CE
early_stop = 10
neg_sampling = None
device = cuda
use_continuous_time = True
use_time_gate = False
use_time_augmentation = False
MODEL_INPUT_TYPE = InputType.POINTWISE
eval_type = EvaluatorType.RANKING
single_spec = True
local_rank = 0
valid_neg_sample_args = {'distribution': 'uniform', 'sample_num': 'none'}
test_neg_sample_args = {'distribution': 'uniform', 'sample_num': 'none'}


Wed 25 Feb 2026 02:28:18 INFO  amazon-beauty-5core-subset
The number of users: 7001
Average actions of users: 15.458
The number of items: 11924
Average actions of items: 9.075400486454752
The number of inters: 108206
The sparsity of the dataset: 99.87038081155896%
Remain Fields: ['user_id', 'item_id', 'rating', 'timestamp']
Wed 25 Feb 2026 02:28:20 INFO  [Training]: train_batch_size = [256] train_neg_sample_args: [{'distribution': 'none', 'sample_num': 'none', 'alpha': 'none', 'dynamic': False, 'candidate_num': 0}]
Wed 25 Feb 2026 02:28:20 INFO  [Evaluation]: eval_batch_size = [512] eval_args: [{'split': {'LS': 'valid_and_test'}, 'order': 'TO', 'group_by': 'user', 'mode': {'valid': 'full', 'test': 'full'}}]
Wed 25 Feb 2026 02:28:20 INFO  TimeWeaver(
  (item_embedding): Embedding(11924, 64, padding_idx=0)
  (time_aug): TimeAwareAugmentation(
    (pos_embedding): Embedding(32, 64)
    (time_embedder): ContinuousTimeEmbedding(
      (time2vec): Time2Vec()
    )
    (layer_norm): LayerNorm((64,), eps=1e-05, elementwise_affine=True)
    (drop): Dropout(p=0.5, inplace=False)
  )
  (context_layers): ModuleList(
    (0-1): 2 x TCNNextBlock(
      (dw): DepthwiseConv1d(
        (conv): Conv1d(64, 64, kernel_size=(11,), stride=(1,), padding=(5,), groups=64)
        (bn): BatchNorm1d(64, eps=1e-05, momentum=0.1, affine=True, track_running_stats=True)
        (drop): Dropout(p=0.5, inplace=False)
      )
      (norm1): LayerNorm((64,), eps=1e-05, elementwise_affine=True)
      (conv_inter): ParallelConvInter(
        (conv1): Conv1d(64, 64, kernel_size=(1,), stride=(1,))
        (conv3): Conv1d(64, 64, kernel_size=(3,), stride=(1,), padding=(1,))
        (proj): Conv1d(64, 64, kernel_size=(1,), stride=(1,))
        (drop): Dropout(p=0.5, inplace=False)
      )
      (norm2): LayerNorm((64,), eps=1e-05, elementwise_affine=True)
      (ffn): Sequential(
        (0): Linear(in_features=64, out_features=256, bias=True)
        (1): GELU(approximate='none')
        (2): Dropout(p=0.5, inplace=False)
        (3): Linear(in_features=256, out_features=64, bias=True)
        (4): Dropout(p=0.5, inplace=False)
      )
      (norm3): LayerNorm((64,), eps=1e-05, elementwise_affine=True)
    )
  )
  (dynamic_layers): ModuleList(
    (0-1): 2 x EMAStream(
      (proj): Linear(in_features=64, out_features=64, bias=True)
    )
  )
  (weavers): ModuleList(
    (0-1): 2 x StreamWeaver(
      (proj): Linear(in_features=128, out_features=64, bias=True)
      (norm): LayerNorm((64,), eps=1e-05, elementwise_affine=True)
    )
  )
  (loss_fct): CrossEntropyLoss()
)
Trainable parameters: 900609.0
Wed 25 Feb 2026 02:28:20 INFO  FLOPs: 4296704.0
Wed 25 Feb 2026 02:28:52 INFO  epoch 0 training [time: 32.21s, train loss: 2935.8795]
Wed 25 Feb 2026 02:28:52 INFO  epoch 0 evaluating [time: 0.24s, valid_score: 0.020600]
Wed 25 Feb 2026 02:28:52 INFO  valid result: 
hit@10 : 0.0206    ndcg@10 : 0.0098    mrr@10 : 0.0065
Wed 25 Feb 2026 02:28:52 INFO  Saving current: saved\TimeWeaver-Feb-25-2026_02-28-20.pth
Wed 25 Feb 2026 02:29:24 INFO  epoch 1 training [time: 31.73s, train loss: 2717.5340]
Wed 25 Feb 2026 02:29:24 INFO  epoch 1 evaluating [time: 0.24s, valid_score: 0.042100]
Wed 25 Feb 2026 02:29:24 INFO  valid result: 
hit@10 : 0.0421    ndcg@10 : 0.0217    mrr@10 : 0.0155
Wed 25 Feb 2026 02:29:24 INFO  Saving current: saved\TimeWeaver-Feb-25-2026_02-28-20.pth
Wed 25 Feb 2026 02:29:55 INFO  epoch 2 training [time: 30.48s, train loss: 2571.4693]
Wed 25 Feb 2026 02:29:55 INFO  epoch 2 evaluating [time: 0.26s, valid_score: 0.065000]
Wed 25 Feb 2026 02:29:55 INFO  valid result: 
hit@10 : 0.065    ndcg@10 : 0.0332    mrr@10 : 0.0237
Wed 25 Feb 2026 02:29:55 INFO  Saving current: saved\TimeWeaver-Feb-25-2026_02-28-20.pth
Wed 25 Feb 2026 02:30:26 INFO  epoch 3 training [time: 31.06s, train loss: 2463.0876]
Wed 25 Feb 2026 02:30:26 INFO  epoch 3 evaluating [time: 0.23s, valid_score: 0.081300]
Wed 25 Feb 2026 02:30:26 INFO  valid result: 
hit@10 : 0.0813    ndcg@10 : 0.0381    mrr@10 : 0.0252
Wed 25 Feb 2026 02:30:26 INFO  Saving current: saved\TimeWeaver-Feb-25-2026_02-28-20.pth
Wed 25 Feb 2026 02:30:57 INFO  epoch 4 training [time: 30.61s, train loss: 2372.1238]
Wed 25 Feb 2026 02:30:57 INFO  epoch 4 evaluating [time: 0.26s, valid_score: 0.090600]
Wed 25 Feb 2026 02:30:57 INFO  valid result: 
hit@10 : 0.0906    ndcg@10 : 0.0465    mrr@10 : 0.0331
Wed 25 Feb 2026 02:30:57 INFO  Saving current: saved\TimeWeaver-Feb-25-2026_02-28-20.pth
Wed 25 Feb 2026 02:31:29 INFO  epoch 5 training [time: 31.45s, train loss: 2288.4304]
Wed 25 Feb 2026 02:31:29 INFO  epoch 5 evaluating [time: 0.24s, valid_score: 0.095100]
Wed 25 Feb 2026 02:31:29 INFO  valid result: 
hit@10 : 0.0951    ndcg@10 : 0.0484    mrr@10 : 0.0342
Wed 25 Feb 2026 02:31:29 INFO  Saving current: saved\TimeWeaver-Feb-25-2026_02-28-20.pth
Wed 25 Feb 2026 02:32:00 INFO  epoch 6 training [time: 31.57s, train loss: 2216.5099]
Wed 25 Feb 2026 02:32:01 INFO  epoch 6 evaluating [time: 0.25s, valid_score: 0.097000]
Wed 25 Feb 2026 02:32:01 INFO  valid result: 
hit@10 : 0.097    ndcg@10 : 0.0499    mrr@10 : 0.0355
Wed 25 Feb 2026 02:32:01 INFO  Saving current: saved\TimeWeaver-Feb-25-2026_02-28-20.pth
Wed 25 Feb 2026 02:32:31 INFO  epoch 7 training [time: 30.71s, train loss: 2158.6737]
Wed 25 Feb 2026 02:32:32 INFO  epoch 7 evaluating [time: 0.26s, valid_score: 0.103300]
Wed 25 Feb 2026 02:32:32 INFO  valid result: 
hit@10 : 0.1033    ndcg@10 : 0.0511    mrr@10 : 0.035
Wed 25 Feb 2026 02:32:32 INFO  Saving current: saved\TimeWeaver-Feb-25-2026_02-28-20.pth
Wed 25 Feb 2026 02:33:03 INFO  epoch 8 training [time: 31.62s, train loss: 2106.5114]
Wed 25 Feb 2026 02:33:03 INFO  epoch 8 evaluating [time: 0.25s, valid_score: 0.099000]
Wed 25 Feb 2026 02:33:03 INFO  valid result: 
hit@10 : 0.099    ndcg@10 : 0.0501    mrr@10 : 0.035
Wed 25 Feb 2026 02:33:35 INFO  epoch 9 training [time: 31.53s, train loss: 2063.7861]
Wed 25 Feb 2026 02:33:35 INFO  epoch 9 evaluating [time: 0.23s, valid_score: 0.102000]
Wed 25 Feb 2026 02:33:35 INFO  valid result: 
hit@10 : 0.102    ndcg@10 : 0.0505    mrr@10 : 0.0347
Wed 25 Feb 2026 02:34:06 INFO  epoch 10 training [time: 31.23s, train loss: 2026.8456]
Wed 25 Feb 2026 02:34:07 INFO  epoch 10 evaluating [time: 0.27s, valid_score: 0.103600]
Wed 25 Feb 2026 02:34:07 INFO  valid result: 
hit@10 : 0.1036    ndcg@10 : 0.0519    mrr@10 : 0.036
Wed 25 Feb 2026 02:34:07 INFO  Saving current: saved\TimeWeaver-Feb-25-2026_02-28-20.pth
Wed 25 Feb 2026 02:34:37 INFO  epoch 11 training [time: 30.55s, train loss: 1993.9331]
Wed 25 Feb 2026 02:34:38 INFO  epoch 11 evaluating [time: 0.23s, valid_score: 0.102100]
Wed 25 Feb 2026 02:34:38 INFO  valid result: 
hit@10 : 0.1021    ndcg@10 : 0.0513    mrr@10 : 0.0357
Wed 25 Feb 2026 02:35:08 INFO  epoch 12 training [time: 30.70s, train loss: 1968.9002]
Wed 25 Feb 2026 02:35:09 INFO  epoch 12 evaluating [time: 0.27s, valid_score: 0.102300]
Wed 25 Feb 2026 02:35:09 INFO  valid result: 
hit@10 : 0.1023    ndcg@10 : 0.0517    mrr@10 : 0.0362
Wed 25 Feb 2026 02:35:40 INFO  epoch 13 training [time: 31.65s, train loss: 1945.3328]
Wed 25 Feb 2026 02:35:40 INFO  epoch 13 evaluating [time: 0.24s, valid_score: 0.103000]
Wed 25 Feb 2026 02:35:40 INFO  valid result: 
hit@10 : 0.103    ndcg@10 : 0.0523    mrr@10 : 0.0368
Wed 25 Feb 2026 02:36:11 INFO  epoch 14 training [time: 30.35s, train loss: 1923.1238]
Wed 25 Feb 2026 02:36:11 INFO  epoch 14 evaluating [time: 0.23s, valid_score: 0.103700]
Wed 25 Feb 2026 02:36:11 INFO  valid result: 
hit@10 : 0.1037    ndcg@10 : 0.0526    mrr@10 : 0.0369
Wed 25 Feb 2026 02:36:11 INFO  Saving current: saved\TimeWeaver-Feb-25-2026_02-28-20.pth
Wed 25 Feb 2026 02:36:42 INFO  epoch 15 training [time: 30.67s, train loss: 1900.1475]
Wed 25 Feb 2026 02:36:42 INFO  epoch 15 evaluating [time: 0.23s, valid_score: 0.101600]
Wed 25 Feb 2026 02:36:42 INFO  valid result: 
hit@10 : 0.1016    ndcg@10 : 0.0526    mrr@10 : 0.0375
Wed 25 Feb 2026 02:37:13 INFO  epoch 16 training [time: 31.34s, train loss: 1882.1107]
Wed 25 Feb 2026 02:37:14 INFO  epoch 16 evaluating [time: 0.24s, valid_score: 0.102700]
Wed 25 Feb 2026 02:37:14 INFO  valid result: 
hit@10 : 0.1027    ndcg@10 : 0.0531    mrr@10 : 0.0378
Wed 25 Feb 2026 02:37:44 INFO  epoch 17 training [time: 30.51s, train loss: 1866.2190]
Wed 25 Feb 2026 02:37:44 INFO  epoch 17 evaluating [time: 0.25s, valid_score: 0.100100]
Wed 25 Feb 2026 02:37:44 INFO  valid result: 
hit@10 : 0.1001    ndcg@10 : 0.0516    mrr@10 : 0.0367
Wed 25 Feb 2026 02:38:15 INFO  epoch 18 training [time: 31.00s, train loss: 1848.6593]
Wed 25 Feb 2026 02:38:16 INFO  epoch 18 evaluating [time: 0.22s, valid_score: 0.102100]
Wed 25 Feb 2026 02:38:16 INFO  valid result: 
hit@10 : 0.1021    ndcg@10 : 0.0519    mrr@10 : 0.0365
Wed 25 Feb 2026 02:38:45 INFO  epoch 19 training [time: 29.97s, train loss: 1830.7749]
Wed 25 Feb 2026 02:38:46 INFO  epoch 19 evaluating [time: 0.22s, valid_score: 0.104700]
Wed 25 Feb 2026 02:38:46 INFO  valid result: 
hit@10 : 0.1047    ndcg@10 : 0.0551    mrr@10 : 0.0399
Wed 25 Feb 2026 02:38:46 INFO  Saving current: saved\TimeWeaver-Feb-25-2026_02-28-20.pth
Wed 25 Feb 2026 02:39:17 INFO  epoch 20 training [time: 31.03s, train loss: 1817.0747]
Wed 25 Feb 2026 02:39:17 INFO  epoch 20 evaluating [time: 0.24s, valid_score: 0.104400]
Wed 25 Feb 2026 02:39:17 INFO  valid result: 
hit@10 : 0.1044    ndcg@10 : 0.0541    mrr@10 : 0.0388
Wed 25 Feb 2026 02:39:49 INFO  epoch 21 training [time: 32.04s, train loss: 1801.4177]
Wed 25 Feb 2026 02:39:49 INFO  epoch 21 evaluating [time: 0.23s, valid_score: 0.100900]
Wed 25 Feb 2026 02:39:49 INFO  valid result: 
hit@10 : 0.1009    ndcg@10 : 0.0529    mrr@10 : 0.0383
Wed 25 Feb 2026 02:40:19 INFO  epoch 22 training [time: 29.92s, train loss: 1787.5802]
Wed 25 Feb 2026 02:40:19 INFO  epoch 22 evaluating [time: 0.25s, valid_score: 0.099100]
Wed 25 Feb 2026 02:40:19 INFO  valid result: 
hit@10 : 0.0991    ndcg@10 : 0.0525    mrr@10 : 0.0382
Wed 25 Feb 2026 02:40:51 INFO  epoch 23 training [time: 31.58s, train loss: 1773.6815]
Wed 25 Feb 2026 02:40:51 INFO  epoch 23 evaluating [time: 0.23s, valid_score: 0.099400]
Wed 25 Feb 2026 02:40:51 INFO  valid result: 
hit@10 : 0.0994    ndcg@10 : 0.0538    mrr@10 : 0.0399
Wed 25 Feb 2026 02:41:23 INFO  epoch 24 training [time: 31.74s, train loss: 1760.7760]
Wed 25 Feb 2026 02:41:23 INFO  epoch 24 evaluating [time: 0.23s, valid_score: 0.102400]
Wed 25 Feb 2026 02:41:23 INFO  valid result: 
hit@10 : 0.1024    ndcg@10 : 0.0531    mrr@10 : 0.038
Wed 25 Feb 2026 02:41:54 INFO  epoch 25 training [time: 30.34s, train loss: 1748.2582]
Wed 25 Feb 2026 02:41:54 INFO  epoch 25 evaluating [time: 0.25s, valid_score: 0.102000]
Wed 25 Feb 2026 02:41:54 INFO  valid result: 
hit@10 : 0.102    ndcg@10 : 0.0532    mrr@10 : 0.0384
Wed 25 Feb 2026 02:42:25 INFO  epoch 26 training [time: 30.78s, train loss: 1734.8267]
Wed 25 Feb 2026 02:42:25 INFO  epoch 26 evaluating [time: 0.21s, valid_score: 0.096900]
Wed 25 Feb 2026 02:42:25 INFO  valid result: 
hit@10 : 0.0969    ndcg@10 : 0.0514    mrr@10 : 0.0375
Wed 25 Feb 2026 02:42:55 INFO  epoch 27 training [time: 29.81s, train loss: 1723.2340]
Wed 25 Feb 2026 02:42:55 INFO  epoch 27 evaluating [time: 0.25s, valid_score: 0.100000]
Wed 25 Feb 2026 02:42:55 INFO  valid result: 
hit@10 : 0.1    ndcg@10 : 0.0527    mrr@10 : 0.0383
Wed 25 Feb 2026 02:43:26 INFO  epoch 28 training [time: 31.40s, train loss: 1712.0157]
Wed 25 Feb 2026 02:43:27 INFO  epoch 28 evaluating [time: 0.25s, valid_score: 0.096700]
Wed 25 Feb 2026 02:43:27 INFO  valid result: 
hit@10 : 0.0967    ndcg@10 : 0.0506    mrr@10 : 0.0365
Wed 25 Feb 2026 02:43:57 INFO  epoch 29 training [time: 30.82s, train loss: 1701.4767]
Wed 25 Feb 2026 02:43:58 INFO  epoch 29 evaluating [time: 0.22s, valid_score: 0.099700]
Wed 25 Feb 2026 02:43:58 INFO  valid result: 
hit@10 : 0.0997    ndcg@10 : 0.0536    mrr@10 : 0.0395
Wed 25 Feb 2026 02:44:28 INFO  epoch 30 training [time: 30.16s, train loss: 1688.9844]
Wed 25 Feb 2026 02:44:28 INFO  epoch 30 evaluating [time: 0.22s, valid_score: 0.099100]
Wed 25 Feb 2026 02:44:28 INFO  valid result: 
hit@10 : 0.0991    ndcg@10 : 0.0532    mrr@10 : 0.0391
Wed 25 Feb 2026 02:44:28 INFO  Finished training, best eval result in epoch 19
Wed 25 Feb 2026 02:44:28 INFO  Loading model structure and parameters from saved\TimeWeaver-Feb-25-2026_02-28-20.pth
Wed 25 Feb 2026 02:44:29 INFO  The running environment of this training is as follows:
+-------------+----------------+
| Environment |     Usage      |
+=============+================+
| CPU         |     4.70 %     |
+-------------+----------------+
| GPU         | 0.30 G/6.00 G  |
+-------------+----------------+
| Memory      | 1.43 G/15.63 G |
+-------------+----------------+
Wed 25 Feb 2026 02:44:29 INFO  best valid : OrderedDict([('hit@10', 0.1047), ('ndcg@10', 0.0551), ('mrr@10', 0.0399)])
Wed 25 Feb 2026 02:44:29 INFO  test result: OrderedDict([('hit@10', 0.082), ('ndcg@10', 0.0438), ('mrr@10', 0.0322)])
Wed 25 Feb 2026 02:44:29 WARNING  command line args [--models timeweaver --datasets amazon-beauty-5core-subset-full --timeweaver-variant cont --seeds 42,2023,2024 --device gpu --output results/timeweaver_ablations_all_full.json --skip-if-done] will not be used in RecBole
Wed 25 Feb 2026 02:44:29 INFO  ['F:\\桌面\\recommendation_system\\scripts\\run_grid.py', '--models', 'timeweaver', '--datasets', 'amazon-beauty-5core-subset-full', '--timeweaver-variant', 'cont', '--seeds', '42,2023,2024', '--device', 'gpu', '--output', 'results/timeweaver_ablations_all_full.json', '--skip-if-done']
Wed 25 Feb 2026 02:44:29 INFO  
General Hyper Parameters:
gpu_id = 0
use_gpu = True
seed = 2024
state = INFO
reproducibility = True
data_path = data/amazon\amazon-beauty-5core-subset
checkpoint_dir = saved
show_progress = True
save_dataset = False
dataset_save_path = None
save_dataloaders = False
dataloaders_save_path = None
log_wandb = False

Training Hyper Parameters:
epochs = 100
train_batch_size = 256
learner = adam
learning_rate = 0.001
train_neg_sample_args = {'distribution': 'none', 'sample_num': 'none', 'alpha': 'none', 'dynamic': False, 'candidate_num': 0}
eval_step = 1
stopping_step = 10
clip_grad_norm = None
weight_decay = 0.0
loss_decimal_place = 4

Evaluation Hyper Parameters:
eval_args = {'split': {'LS': 'valid_and_test'}, 'order': 'TO', 'group_by': 'user', 'mode': {'valid': 'full', 'test': 'full'}}
repeatable = True
metrics = ['Hit', 'NDCG', 'MRR']
topk = [10]
valid_metric = Hit@10
valid_metric_bigger = True
eval_batch_size = 512
metric_decimal_place = 4

Dataset Hyper Parameters:
field_separator = 	
seq_separator =  
USER_ID_FIELD = user_id
ITEM_ID_FIELD = item_id
RATING_FIELD = rating
TIME_FIELD = timestamp
seq_len = None
LABEL_FIELD = label
threshold = None
NEG_PREFIX = neg_
load_col = {'inter': ['user_id', 'item_id', 'rating', 'timestamp']}
unload_col = None
unused_col = None
additional_feat_suffix = None
rm_dup_inter = None
val_interval = None
filter_inter_by_user_or_item = True
user_inter_num_interval = [0,inf)
item_inter_num_interval = [0,inf)
alias_of_user_id = None
alias_of_item_id = None
alias_of_entity_id = None
alias_of_relation_id = None
preload_weight = None
normalize_field = None
normalize_all = None
ITEM_LIST_LENGTH_FIELD = item_length
LIST_SUFFIX = _list
MAX_ITEM_LIST_LENGTH = 32
POSITION_FIELD = position_id
HEAD_ENTITY_ID_FIELD = head_id
TAIL_ENTITY_ID_FIELD = tail_id
RELATION_ID_FIELD = relation_id
ENTITY_ID_FIELD = entity_id
benchmark_filename = None

Other Hyper Parameters: 
worker = 0
wandb_project = recbole
shuffle = True
require_pow = False
enable_amp = False
enable_scaler = False
transform = None
numerical_features = []
discretization = None
kg_reverse_r = False
entity_kg_num_interval = [0,inf)
relation_kg_num_interval = [0,inf)
MODEL_TYPE = ModelType.SEQUENTIAL
model_name = TimeWeaver
hidden_size = 64
num_layers = 2
hidden_dropout_prob = 0.5
initializer_range = 0.02
time_bucket_size = 1000
ema_decay = 0.5
tcn_kernel_size = -1
ffn_hidden_size = 256
loss_type = CE
early_stop = 10
neg_sampling = None
device = cuda
use_continuous_time = True
use_time_gate = False
use_time_augmentation = False
MODEL_INPUT_TYPE = InputType.POINTWISE
eval_type = EvaluatorType.RANKING
single_spec = True
local_rank = 0
valid_neg_sample_args = {'distribution': 'uniform', 'sample_num': 'none'}
test_neg_sample_args = {'distribution': 'uniform', 'sample_num': 'none'}


Wed 25 Feb 2026 02:44:30 INFO  amazon-beauty-5core-subset
The number of users: 7001
Average actions of users: 15.458
The number of items: 11924
Average actions of items: 9.075400486454752
The number of inters: 108206
The sparsity of the dataset: 99.87038081155896%
Remain Fields: ['user_id', 'item_id', 'rating', 'timestamp']
Wed 25 Feb 2026 02:44:31 INFO  [Training]: train_batch_size = [256] train_neg_sample_args: [{'distribution': 'none', 'sample_num': 'none', 'alpha': 'none', 'dynamic': False, 'candidate_num': 0}]
Wed 25 Feb 2026 02:44:31 INFO  [Evaluation]: eval_batch_size = [512] eval_args: [{'split': {'LS': 'valid_and_test'}, 'order': 'TO', 'group_by': 'user', 'mode': {'valid': 'full', 'test': 'full'}}]
Wed 25 Feb 2026 02:44:31 INFO  TimeWeaver(
  (item_embedding): Embedding(11924, 64, padding_idx=0)
  (time_aug): TimeAwareAugmentation(
    (pos_embedding): Embedding(32, 64)
    (time_embedder): ContinuousTimeEmbedding(
      (time2vec): Time2Vec()
    )
    (layer_norm): LayerNorm((64,), eps=1e-05, elementwise_affine=True)
    (drop): Dropout(p=0.5, inplace=False)
  )
  (context_layers): ModuleList(
    (0-1): 2 x TCNNextBlock(
      (dw): DepthwiseConv1d(
        (conv): Conv1d(64, 64, kernel_size=(11,), stride=(1,), padding=(5,), groups=64)
        (bn): BatchNorm1d(64, eps=1e-05, momentum=0.1, affine=True, track_running_stats=True)
        (drop): Dropout(p=0.5, inplace=False)
      )
      (norm1): LayerNorm((64,), eps=1e-05, elementwise_affine=True)
      (conv_inter): ParallelConvInter(
        (conv1): Conv1d(64, 64, kernel_size=(1,), stride=(1,))
        (conv3): Conv1d(64, 64, kernel_size=(3,), stride=(1,), padding=(1,))
        (proj): Conv1d(64, 64, kernel_size=(1,), stride=(1,))
        (drop): Dropout(p=0.5, inplace=False)
      )
      (norm2): LayerNorm((64,), eps=1e-05, elementwise_affine=True)
      (ffn): Sequential(
        (0): Linear(in_features=64, out_features=256, bias=True)
        (1): GELU(approximate='none')
        (2): Dropout(p=0.5, inplace=False)
        (3): Linear(in_features=256, out_features=64, bias=True)
        (4): Dropout(p=0.5, inplace=False)
      )
      (norm3): LayerNorm((64,), eps=1e-05, elementwise_affine=True)
    )
  )
  (dynamic_layers): ModuleList(
    (0-1): 2 x EMAStream(
      (proj): Linear(in_features=64, out_features=64, bias=True)
    )
  )
  (weavers): ModuleList(
    (0-1): 2 x StreamWeaver(
      (proj): Linear(in_features=128, out_features=64, bias=True)
      (norm): LayerNorm((64,), eps=1e-05, elementwise_affine=True)
    )
  )
  (loss_fct): CrossEntropyLoss()
)
Trainable parameters: 900609.0
Wed 25 Feb 2026 02:44:31 INFO  FLOPs: 4296704.0
Wed 25 Feb 2026 02:45:04 INFO  epoch 0 training [time: 32.41s, train loss: 2933.6563]
Wed 25 Feb 2026 02:45:04 INFO  epoch 0 evaluating [time: 0.25s, valid_score: 0.018300]
Wed 25 Feb 2026 02:45:04 INFO  valid result: 
hit@10 : 0.0183    ndcg@10 : 0.0083    mrr@10 : 0.0054
Wed 25 Feb 2026 02:45:04 INFO  Saving current: saved\TimeWeaver-Feb-25-2026_02-44-31.pth
Wed 25 Feb 2026 02:45:35 INFO  epoch 1 training [time: 30.91s, train loss: 2725.6038]
Wed 25 Feb 2026 02:45:35 INFO  epoch 1 evaluating [time: 0.25s, valid_score: 0.040300]
Wed 25 Feb 2026 02:45:35 INFO  valid result: 
hit@10 : 0.0403    ndcg@10 : 0.0188    mrr@10 : 0.0124
Wed 25 Feb 2026 02:45:35 INFO  Saving current: saved\TimeWeaver-Feb-25-2026_02-44-31.pth
Wed 25 Feb 2026 02:46:06 INFO  epoch 2 training [time: 30.59s, train loss: 2578.6680]
Wed 25 Feb 2026 02:46:06 INFO  epoch 2 evaluating [time: 0.25s, valid_score: 0.066900]
Wed 25 Feb 2026 02:46:06 INFO  valid result: 
hit@10 : 0.0669    ndcg@10 : 0.0337    mrr@10 : 0.0237
Wed 25 Feb 2026 02:46:06 INFO  Saving current: saved\TimeWeaver-Feb-25-2026_02-44-31.pth
Wed 25 Feb 2026 02:46:37 INFO  epoch 3 training [time: 30.69s, train loss: 2457.9288]
Wed 25 Feb 2026 02:46:37 INFO  epoch 3 evaluating [time: 0.21s, valid_score: 0.078000]
Wed 25 Feb 2026 02:46:37 INFO  valid result: 
hit@10 : 0.078    ndcg@10 : 0.0395    mrr@10 : 0.0278
Wed 25 Feb 2026 02:46:37 INFO  Saving current: saved\TimeWeaver-Feb-25-2026_02-44-31.pth
Wed 25 Feb 2026 02:47:08 INFO  epoch 4 training [time: 30.88s, train loss: 2360.7099]
Wed 25 Feb 2026 02:47:08 INFO  epoch 4 evaluating [time: 0.26s, valid_score: 0.087100]
Wed 25 Feb 2026 02:47:08 INFO  valid result: 
hit@10 : 0.0871    ndcg@10 : 0.0447    mrr@10 : 0.0318
Wed 25 Feb 2026 02:47:08 INFO  Saving current: saved\TimeWeaver-Feb-25-2026_02-44-31.pth
Wed 25 Feb 2026 02:47:40 INFO  epoch 5 training [time: 31.64s, train loss: 2278.7446]
Wed 25 Feb 2026 02:47:40 INFO  epoch 5 evaluating [time: 0.25s, valid_score: 0.095900]
Wed 25 Feb 2026 02:47:40 INFO  valid result: 
hit@10 : 0.0959    ndcg@10 : 0.0478    mrr@10 : 0.0333
Wed 25 Feb 2026 02:47:40 INFO  Saving current: saved\TimeWeaver-Feb-25-2026_02-44-31.pth
Wed 25 Feb 2026 02:48:11 INFO  epoch 6 training [time: 30.77s, train loss: 2208.6634]
Wed 25 Feb 2026 02:48:11 INFO  epoch 6 evaluating [time: 0.25s, valid_score: 0.099100]
Wed 25 Feb 2026 02:48:11 INFO  valid result: 
hit@10 : 0.0991    ndcg@10 : 0.0489    mrr@10 : 0.0335
Wed 25 Feb 2026 02:48:11 INFO  Saving current: saved\TimeWeaver-Feb-25-2026_02-44-31.pth
Wed 25 Feb 2026 02:48:42 INFO  epoch 7 training [time: 30.98s, train loss: 2149.1669]
Wed 25 Feb 2026 02:48:42 INFO  epoch 7 evaluating [time: 0.23s, valid_score: 0.101600]
Wed 25 Feb 2026 02:48:42 INFO  valid result: 
hit@10 : 0.1016    ndcg@10 : 0.0499    mrr@10 : 0.034
Wed 25 Feb 2026 02:48:42 INFO  Saving current: saved\TimeWeaver-Feb-25-2026_02-44-31.pth
Wed 25 Feb 2026 02:49:14 INFO  epoch 8 training [time: 32.05s, train loss: 2100.1010]
Wed 25 Feb 2026 02:49:15 INFO  epoch 8 evaluating [time: 0.27s, valid_score: 0.101100]
Wed 25 Feb 2026 02:49:15 INFO  valid result: 
hit@10 : 0.1011    ndcg@10 : 0.0503    mrr@10 : 0.0347
Wed 25 Feb 2026 02:49:45 INFO  epoch 9 training [time: 30.48s, train loss: 2061.3924]
Wed 25 Feb 2026 02:49:45 INFO  epoch 9 evaluating [time: 0.24s, valid_score: 0.097100]
Wed 25 Feb 2026 02:49:45 INFO  valid result: 
hit@10 : 0.0971    ndcg@10 : 0.0478    mrr@10 : 0.0328
Wed 25 Feb 2026 02:50:17 INFO  epoch 10 training [time: 31.57s, train loss: 2023.4082]
Wed 25 Feb 2026 02:50:17 INFO  epoch 10 evaluating [time: 0.27s, valid_score: 0.103000]
Wed 25 Feb 2026 02:50:17 INFO  valid result: 
hit@10 : 0.103    ndcg@10 : 0.0501    mrr@10 : 0.0339
Wed 25 Feb 2026 02:50:17 INFO  Saving current: saved\TimeWeaver-Feb-25-2026_02-44-31.pth
Wed 25 Feb 2026 02:50:48 INFO  epoch 11 training [time: 30.30s, train loss: 1994.1546]
Wed 25 Feb 2026 02:50:48 INFO  epoch 11 evaluating [time: 0.25s, valid_score: 0.101000]
Wed 25 Feb 2026 02:50:48 INFO  valid result: 
hit@10 : 0.101    ndcg@10 : 0.0495    mrr@10 : 0.0338
Wed 25 Feb 2026 02:51:19 INFO  epoch 12 training [time: 31.41s, train loss: 1965.7267]
Wed 25 Feb 2026 02:51:19 INFO  epoch 12 evaluating [time: 0.23s, valid_score: 0.100600]
Wed 25 Feb 2026 02:51:19 INFO  valid result: 
hit@10 : 0.1006    ndcg@10 : 0.0496    mrr@10 : 0.034
Wed 25 Feb 2026 02:51:51 INFO  epoch 13 training [time: 31.58s, train loss: 1944.0325]
Wed 25 Feb 2026 02:51:51 INFO  epoch 13 evaluating [time: 0.21s, valid_score: 0.100700]
Wed 25 Feb 2026 02:51:51 INFO  valid result: 
hit@10 : 0.1007    ndcg@10 : 0.051    mrr@10 : 0.0357
Wed 25 Feb 2026 02:52:22 INFO  epoch 14 training [time: 30.26s, train loss: 1920.7736]
Wed 25 Feb 2026 02:52:22 INFO  epoch 14 evaluating [time: 0.24s, valid_score: 0.102100]
Wed 25 Feb 2026 02:52:22 INFO  valid result: 
hit@10 : 0.1021    ndcg@10 : 0.0502    mrr@10 : 0.0344
Wed 25 Feb 2026 02:52:54 INFO  epoch 15 training [time: 31.86s, train loss: 1900.4252]
Wed 25 Feb 2026 02:52:54 INFO  epoch 15 evaluating [time: 0.22s, valid_score: 0.103300]
Wed 25 Feb 2026 02:52:54 INFO  valid result: 
hit@10 : 0.1033    ndcg@10 : 0.0528    mrr@10 : 0.0373
Wed 25 Feb 2026 02:52:54 INFO  Saving current: saved\TimeWeaver-Feb-25-2026_02-44-31.pth
Wed 25 Feb 2026 02:53:26 INFO  epoch 16 training [time: 31.72s, train loss: 1880.4323]
Wed 25 Feb 2026 02:53:26 INFO  epoch 16 evaluating [time: 0.22s, valid_score: 0.103300]
Wed 25 Feb 2026 02:53:26 INFO  valid result: 
hit@10 : 0.1033    ndcg@10 : 0.0519    mrr@10 : 0.0362
Wed 25 Feb 2026 02:53:26 INFO  Saving current: saved\TimeWeaver-Feb-25-2026_02-44-31.pth
Wed 25 Feb 2026 02:53:57 INFO  epoch 17 training [time: 30.75s, train loss: 1863.9635]
Wed 25 Feb 2026 02:53:57 INFO  epoch 17 evaluating [time: 0.23s, valid_score: 0.102400]
Wed 25 Feb 2026 02:53:57 INFO  valid result: 
hit@10 : 0.1024    ndcg@10 : 0.0524    mrr@10 : 0.0372
Wed 25 Feb 2026 02:54:28 INFO  epoch 18 training [time: 31.43s, train loss: 1844.5389]
Wed 25 Feb 2026 02:54:28 INFO  epoch 18 evaluating [time: 0.24s, valid_score: 0.102400]
Wed 25 Feb 2026 02:54:28 INFO  valid result: 
hit@10 : 0.1024    ndcg@10 : 0.0515    mrr@10 : 0.0361
Wed 25 Feb 2026 02:55:00 INFO  epoch 19 training [time: 31.14s, train loss: 1829.8179]
Wed 25 Feb 2026 02:55:00 INFO  epoch 19 evaluating [time: 0.26s, valid_score: 0.101700]
Wed 25 Feb 2026 02:55:00 INFO  valid result: 
hit@10 : 0.1017    ndcg@10 : 0.0524    mrr@10 : 0.0373
Wed 25 Feb 2026 02:55:32 INFO  epoch 20 training [time: 32.03s, train loss: 1813.0824]
Wed 25 Feb 2026 02:55:32 INFO  epoch 20 evaluating [time: 0.26s, valid_score: 0.098300]
Wed 25 Feb 2026 02:55:32 INFO  valid result: 
hit@10 : 0.0983    ndcg@10 : 0.0512    mrr@10 : 0.0369
Wed 25 Feb 2026 02:56:04 INFO  epoch 21 training [time: 31.44s, train loss: 1803.1115]
Wed 25 Feb 2026 02:56:04 INFO  epoch 21 evaluating [time: 0.25s, valid_score: 0.101000]
Wed 25 Feb 2026 02:56:04 INFO  valid result: 
hit@10 : 0.101    ndcg@10 : 0.0527    mrr@10 : 0.0379
Wed 25 Feb 2026 02:56:35 INFO  epoch 22 training [time: 30.88s, train loss: 1785.6504]
Wed 25 Feb 2026 02:56:35 INFO  epoch 22 evaluating [time: 0.23s, valid_score: 0.101000]
Wed 25 Feb 2026 02:56:35 INFO  valid result: 
hit@10 : 0.101    ndcg@10 : 0.0531    mrr@10 : 0.0384
Wed 25 Feb 2026 02:57:07 INFO  epoch 23 training [time: 32.42s, train loss: 1771.5136]
Wed 25 Feb 2026 02:57:08 INFO  epoch 23 evaluating [time: 0.25s, valid_score: 0.098400]
Wed 25 Feb 2026 02:57:08 INFO  valid result: 
hit@10 : 0.0984    ndcg@10 : 0.0515    mrr@10 : 0.0371
Wed 25 Feb 2026 02:57:39 INFO  epoch 24 training [time: 30.91s, train loss: 1759.9377]
Wed 25 Feb 2026 02:57:39 INFO  epoch 24 evaluating [time: 0.25s, valid_score: 0.100900]
Wed 25 Feb 2026 02:57:39 INFO  valid result: 
hit@10 : 0.1009    ndcg@10 : 0.0527    mrr@10 : 0.0381
Wed 25 Feb 2026 02:58:10 INFO  epoch 25 training [time: 31.13s, train loss: 1747.0405]
Wed 25 Feb 2026 02:58:10 INFO  epoch 25 evaluating [time: 0.26s, valid_score: 0.097600]
Wed 25 Feb 2026 02:58:10 INFO  valid result: 
hit@10 : 0.0976    ndcg@10 : 0.0517    mrr@10 : 0.0377
Wed 25 Feb 2026 02:58:41 INFO  epoch 26 training [time: 30.76s, train loss: 1730.8996]
Wed 25 Feb 2026 02:58:41 INFO  epoch 26 evaluating [time: 0.24s, valid_score: 0.098700]
Wed 25 Feb 2026 02:58:41 INFO  valid result: 
hit@10 : 0.0987    ndcg@10 : 0.0522    mrr@10 : 0.038
Wed 25 Feb 2026 02:59:13 INFO  epoch 27 training [time: 31.26s, train loss: 1722.1771]
Wed 25 Feb 2026 02:59:13 INFO  epoch 27 evaluating [time: 0.26s, valid_score: 0.097400]
Wed 25 Feb 2026 02:59:13 INFO  valid result: 
hit@10 : 0.0974    ndcg@10 : 0.0522    mrr@10 : 0.0383
Wed 25 Feb 2026 02:59:13 INFO  Finished training, best eval result in epoch 16
Wed 25 Feb 2026 02:59:13 INFO  Loading model structure and parameters from saved\TimeWeaver-Feb-25-2026_02-44-31.pth
Wed 25 Feb 2026 02:59:14 INFO  The running environment of this training is as follows:
+-------------+----------------+
| Environment |     Usage      |
+=============+================+
| CPU         |     6.40 %     |
+-------------+----------------+
| GPU         | 0.30 G/6.00 G  |
+-------------+----------------+
| Memory      | 1.43 G/15.63 G |
+-------------+----------------+
Wed 25 Feb 2026 02:59:14 INFO  best valid : OrderedDict([('hit@10', 0.1033), ('ndcg@10', 0.0519), ('mrr@10', 0.0362)])
Wed 25 Feb 2026 02:59:14 INFO  test result: OrderedDict([('hit@10', 0.0767), ('ndcg@10', 0.0395), ('mrr@10', 0.0282)])
