Tue 17 Mar 2026 12:28:54 INFO  ['F:\\桌面\\recommendation_system\\scripts\\run_grid.py', '--models', 'timeweaver', '--datasets', 'amazon-sports-5core-longseq-full', '--seeds', '42,2023,2024', '--device', 'gpu', '--timeweaver-variant', 'aug_only', '--output', 'F:\\桌面\\recommendation_system\\results\\param_sweeps\\timeweaver_param_B1_warmup_ramp.json', '--tag', 'B1_warm500_ramp2000', '--skip-if-done', '--tw-time-aug-warmup', '500', '--tw-time-aug-ramp', '2000']
Tue 17 Mar 2026 12:28:54 INFO  
General Hyper Parameters:
gpu_id = 0
use_gpu = True
seed = 42
state = INFO
reproducibility = True
data_path = data/amazon\amazon-sports-5core-longseq
checkpoint_dir = saved
show_progress = True
save_dataset = False
dataset_save_path = None
save_dataloaders = False
dataloaders_save_path = None
log_wandb = False

Training Hyper Parameters:
epochs = 100
train_batch_size = 256
learner = adam
learning_rate = 0.001
train_neg_sample_args = {'distribution': 'none', 'sample_num': 'none', 'alpha': 'none', 'dynamic': False, 'candidate_num': 0}
eval_step = 1
stopping_step = 10
clip_grad_norm = None
weight_decay = 0.0
loss_decimal_place = 4

Evaluation Hyper Parameters:
eval_args = {'split': {'LS': 'valid_and_test'}, 'order': 'TO', 'group_by': 'user', 'mode': {'valid': 'full', 'test': 'full'}}
repeatable = True
metrics = ['Hit', 'NDCG', 'MRR']
topk = [10]
valid_metric = Hit@10
valid_metric_bigger = True
eval_batch_size = 512
metric_decimal_place = 4

Dataset Hyper Parameters:
field_separator = 	
seq_separator =  
USER_ID_FIELD = user_id
ITEM_ID_FIELD = item_id
RATING_FIELD = rating
TIME_FIELD = timestamp
seq_len = None
LABEL_FIELD = label
threshold = None
NEG_PREFIX = neg_
load_col = {'inter': ['user_id', 'item_id', 'rating', 'timestamp']}
unload_col = None
unused_col = None
additional_feat_suffix = None
rm_dup_inter = None
val_interval = None
filter_inter_by_user_or_item = True
user_inter_num_interval = [0,inf)
item_inter_num_interval = [0,inf)
alias_of_user_id = None
alias_of_item_id = None
alias_of_entity_id = None
alias_of_relation_id = None
preload_weight = None
normalize_field = None
normalize_all = None
ITEM_LIST_LENGTH_FIELD = item_length
LIST_SUFFIX = _list
MAX_ITEM_LIST_LENGTH = 32
POSITION_FIELD = position_id
HEAD_ENTITY_ID_FIELD = head_id
TAIL_ENTITY_ID_FIELD = tail_id
RELATION_ID_FIELD = relation_id
ENTITY_ID_FIELD = entity_id
benchmark_filename = None

Other Hyper Parameters: 
worker = 0
wandb_project = recbole
shuffle = True
require_pow = False
enable_amp = False
enable_scaler = False
transform = None
numerical_features = []
discretization = None
kg_reverse_r = False
entity_kg_num_interval = [0,inf)
relation_kg_num_interval = [0,inf)
MODEL_TYPE = ModelType.SEQUENTIAL
contrastive_weight = 0.03
contrastive_temp = 0.2
time_aug_prob = 0.15
time_aug_strength = 0.05
model_name = TimeWeaver
hidden_size = 64
num_layers = 2
hidden_dropout_prob = 0.5
initializer_range = 0.02
time_bucket_size = 1000
ema_decay = 0.5
tcn_kernel_size = -1
ffn_hidden_size = 256
loss_type = CE
early_stop = 10
neg_sampling = None
device = cuda
use_continuous_time = False
use_time_gate = False
use_time_augmentation = True
time_aug_warmup_steps = 500
time_aug_ramp_steps = 2000
MODEL_INPUT_TYPE = InputType.POINTWISE
eval_type = EvaluatorType.RANKING
single_spec = True
local_rank = 0
valid_neg_sample_args = {'distribution': 'uniform', 'sample_num': 'none'}
test_neg_sample_args = {'distribution': 'uniform', 'sample_num': 'none'}


Tue 17 Mar 2026 12:28:54 INFO  amazon-sports-5core-longseq
The number of users: 2181
Average actions of users: 25.74678899082569
The number of items: 14556
Average actions of items: 3.8562693232566128
The number of inters: 56128
The sparsity of the dataset: 99.82320016520806%
Remain Fields: ['user_id', 'item_id', 'rating', 'timestamp']
Tue 17 Mar 2026 12:28:56 INFO  [Training]: train_batch_size = [256] train_neg_sample_args: [{'distribution': 'none', 'sample_num': 'none', 'alpha': 'none', 'dynamic': False, 'candidate_num': 0}]
Tue 17 Mar 2026 12:28:56 INFO  [Evaluation]: eval_batch_size = [512] eval_args: [{'split': {'LS': 'valid_and_test'}, 'order': 'TO', 'group_by': 'user', 'mode': {'valid': 'full', 'test': 'full'}}]
Tue 17 Mar 2026 12:28:56 INFO  TimeWeaver(
  (item_embedding): Embedding(14556, 64, padding_idx=0)
  (time_aug): TimeAwareAugmentation(
    (pos_embedding): Embedding(32, 64)
    (time_embedding): Embedding(1000, 64)
    (layer_norm): LayerNorm((64,), eps=1e-05, elementwise_affine=True)
    (drop): Dropout(p=0.5, inplace=False)
  )
  (context_layers): ModuleList(
    (0-1): 2 x TCNNextBlock(
      (dw): DepthwiseConv1d(
        (conv): Conv1d(64, 64, kernel_size=(11,), stride=(1,), padding=(5,), groups=64)
        (bn): BatchNorm1d(64, eps=1e-05, momentum=0.1, affine=True, track_running_stats=True)
        (drop): Dropout(p=0.5, inplace=False)
      )
      (norm1): LayerNorm((64,), eps=1e-05, elementwise_affine=True)
      (conv_inter): ParallelConvInter(
        (conv1): Conv1d(64, 64, kernel_size=(1,), stride=(1,))
        (conv3): Conv1d(64, 64, kernel_size=(3,), stride=(1,), padding=(1,))
        (proj): Conv1d(64, 64, kernel_size=(1,), stride=(1,))
        (drop): Dropout(p=0.5, inplace=False)
      )
      (norm2): LayerNorm((64,), eps=1e-05, elementwise_affine=True)
      (ffn): Sequential(
        (0): Linear(in_features=64, out_features=256, bias=True)
        (1): GELU(approximate='none')
        (2): Dropout(p=0.5, inplace=False)
        (3): Linear(in_features=256, out_features=64, bias=True)
        (4): Dropout(p=0.5, inplace=False)
      )
      (norm3): LayerNorm((64,), eps=1e-05, elementwise_affine=True)
    )
  )
  (dynamic_layers): ModuleList(
    (0-1): 2 x EMAStream(
      (proj): Linear(in_features=64, out_features=64, bias=True)
    )
  )
  (weavers): ModuleList(
    (0-1): 2 x StreamWeaver(
      (proj): Linear(in_features=128, out_features=64, bias=True)
      (norm): LayerNorm((64,), eps=1e-05, elementwise_affine=True)
    )
  )
  (loss_fct): CrossEntropyLoss()
)
Trainable parameters: 1132929.0
Tue 17 Mar 2026 12:28:56 INFO  FLOPs: 4298752.0
Tue 17 Mar 2026 12:29:19 INFO  epoch 0 training [time: 20.52s, train loss: 1809.4322]
Tue 17 Mar 2026 12:29:19 INFO  epoch 0 evaluating [time: 0.13s, valid_score: 0.012400]
Tue 17 Mar 2026 12:29:19 INFO  valid result: 
hit@10 : 0.0124    ndcg@10 : 0.0063    mrr@10 : 0.0046
Tue 17 Mar 2026 12:29:19 INFO  Saving current: saved\TimeWeaver-Mar-17-2026_12-28-56.pth
Tue 17 Mar 2026 12:29:38 INFO  epoch 1 training [time: 19.12s, train loss: 1735.6456]
Tue 17 Mar 2026 12:29:38 INFO  epoch 1 evaluating [time: 0.10s, valid_score: 0.015100]
Tue 17 Mar 2026 12:29:38 INFO  valid result: 
hit@10 : 0.0151    ndcg@10 : 0.0072    mrr@10 : 0.0049
Tue 17 Mar 2026 12:29:38 INFO  Saving current: saved\TimeWeaver-Mar-17-2026_12-28-56.pth
Tue 17 Mar 2026 12:30:00 INFO  epoch 2 training [time: 21.49s, train loss: 1671.3704]
Tue 17 Mar 2026 12:30:00 INFO  epoch 2 evaluating [time: 0.10s, valid_score: 0.028000]
Tue 17 Mar 2026 12:30:00 INFO  valid result: 
hit@10 : 0.028    ndcg@10 : 0.0136    mrr@10 : 0.0092
Tue 17 Mar 2026 12:30:00 INFO  Saving current: saved\TimeWeaver-Mar-17-2026_12-28-56.pth
Tue 17 Mar 2026 12:30:35 INFO  epoch 3 training [time: 35.58s, train loss: 1595.3088]
Tue 17 Mar 2026 12:30:35 INFO  epoch 3 evaluating [time: 0.10s, valid_score: 0.027100]
Tue 17 Mar 2026 12:30:35 INFO  valid result: 
hit@10 : 0.0271    ndcg@10 : 0.0126    mrr@10 : 0.0082
Tue 17 Mar 2026 12:31:17 INFO  epoch 4 training [time: 41.55s, train loss: 1521.3138]
Tue 17 Mar 2026 12:31:17 INFO  epoch 4 evaluating [time: 0.11s, valid_score: 0.030300]
Tue 17 Mar 2026 12:31:17 INFO  valid result: 
hit@10 : 0.0303    ndcg@10 : 0.0142    mrr@10 : 0.0093
Tue 17 Mar 2026 12:31:17 INFO  Saving current: saved\TimeWeaver-Mar-17-2026_12-28-56.pth
Tue 17 Mar 2026 12:32:01 INFO  epoch 5 training [time: 44.21s, train loss: 1448.0870]
Tue 17 Mar 2026 12:32:01 INFO  epoch 5 evaluating [time: 0.10s, valid_score: 0.031200]
Tue 17 Mar 2026 12:32:01 INFO  valid result: 
hit@10 : 0.0312    ndcg@10 : 0.0147    mrr@10 : 0.0097
Tue 17 Mar 2026 12:32:01 INFO  Saving current: saved\TimeWeaver-Mar-17-2026_12-28-56.pth
Tue 17 Mar 2026 12:32:40 INFO  epoch 6 training [time: 38.64s, train loss: 1378.2306]
Tue 17 Mar 2026 12:32:40 INFO  epoch 6 evaluating [time: 0.11s, valid_score: 0.029400]
Tue 17 Mar 2026 12:32:40 INFO  valid result: 
hit@10 : 0.0294    ndcg@10 : 0.0125    mrr@10 : 0.0075
Tue 17 Mar 2026 12:33:18 INFO  epoch 7 training [time: 38.30s, train loss: 1312.9709]
Tue 17 Mar 2026 12:33:19 INFO  epoch 7 evaluating [time: 0.10s, valid_score: 0.032100]
Tue 17 Mar 2026 12:33:19 INFO  valid result: 
hit@10 : 0.0321    ndcg@10 : 0.0141    mrr@10 : 0.0087
Tue 17 Mar 2026 12:33:19 INFO  Saving current: saved\TimeWeaver-Mar-17-2026_12-28-56.pth
Tue 17 Mar 2026 12:33:57 INFO  epoch 8 training [time: 38.59s, train loss: 1253.4397]
Tue 17 Mar 2026 12:33:57 INFO  epoch 8 evaluating [time: 0.09s, valid_score: 0.032600]
Tue 17 Mar 2026 12:33:57 INFO  valid result: 
hit@10 : 0.0326    ndcg@10 : 0.0145    mrr@10 : 0.009
Tue 17 Mar 2026 12:33:57 INFO  Saving current: saved\TimeWeaver-Mar-17-2026_12-28-56.pth
Tue 17 Mar 2026 12:34:36 INFO  epoch 9 training [time: 38.52s, train loss: 1200.9254]
Tue 17 Mar 2026 12:34:36 INFO  epoch 9 evaluating [time: 0.10s, valid_score: 0.032600]
Tue 17 Mar 2026 12:34:36 INFO  valid result: 
hit@10 : 0.0326    ndcg@10 : 0.0138    mrr@10 : 0.0082
Tue 17 Mar 2026 12:34:36 INFO  Saving current: saved\TimeWeaver-Mar-17-2026_12-28-56.pth
Tue 17 Mar 2026 12:35:14 INFO  epoch 10 training [time: 38.34s, train loss: 1154.6233]
Tue 17 Mar 2026 12:35:14 INFO  epoch 10 evaluating [time: 0.09s, valid_score: 0.029400]
Tue 17 Mar 2026 12:35:14 INFO  valid result: 
hit@10 : 0.0294    ndcg@10 : 0.0133    mrr@10 : 0.0084
Tue 17 Mar 2026 12:35:53 INFO  epoch 11 training [time: 38.83s, train loss: 1115.5859]
Tue 17 Mar 2026 12:35:53 INFO  epoch 11 evaluating [time: 0.10s, valid_score: 0.031200]
Tue 17 Mar 2026 12:35:53 INFO  valid result: 
hit@10 : 0.0312    ndcg@10 : 0.0137    mrr@10 : 0.0084
Tue 17 Mar 2026 12:36:30 INFO  epoch 12 training [time: 37.08s, train loss: 1079.4658]
Tue 17 Mar 2026 12:36:30 INFO  epoch 12 evaluating [time: 0.09s, valid_score: 0.030700]
Tue 17 Mar 2026 12:36:30 INFO  valid result: 
hit@10 : 0.0307    ndcg@10 : 0.0134    mrr@10 : 0.0081
Tue 17 Mar 2026 12:37:08 INFO  epoch 13 training [time: 37.06s, train loss: 1049.8707]
Tue 17 Mar 2026 12:37:08 INFO  epoch 13 evaluating [time: 0.09s, valid_score: 0.032600]
Tue 17 Mar 2026 12:37:08 INFO  valid result: 
hit@10 : 0.0326    ndcg@10 : 0.0138    mrr@10 : 0.0082
Tue 17 Mar 2026 12:37:08 INFO  Saving current: saved\TimeWeaver-Mar-17-2026_12-28-56.pth
Tue 17 Mar 2026 12:37:44 INFO  epoch 14 training [time: 36.61s, train loss: 1021.8684]
Tue 17 Mar 2026 12:37:44 INFO  epoch 14 evaluating [time: 0.10s, valid_score: 0.028400]
Tue 17 Mar 2026 12:37:44 INFO  valid result: 
hit@10 : 0.0284    ndcg@10 : 0.0126    mrr@10 : 0.0079
Tue 17 Mar 2026 12:38:21 INFO  epoch 15 training [time: 36.59s, train loss: 996.9645]
Tue 17 Mar 2026 12:38:21 INFO  epoch 15 evaluating [time: 0.10s, valid_score: 0.026600]
Tue 17 Mar 2026 12:38:21 INFO  valid result: 
hit@10 : 0.0266    ndcg@10 : 0.012    mrr@10 : 0.0075
Tue 17 Mar 2026 12:38:57 INFO  epoch 16 training [time: 36.37s, train loss: 974.4416]
Tue 17 Mar 2026 12:38:58 INFO  epoch 16 evaluating [time: 0.10s, valid_score: 0.024800]
Tue 17 Mar 2026 12:38:58 INFO  valid result: 
hit@10 : 0.0248    ndcg@10 : 0.0112    mrr@10 : 0.0072
Tue 17 Mar 2026 12:39:35 INFO  epoch 17 training [time: 37.50s, train loss: 952.4296]
Tue 17 Mar 2026 12:39:35 INFO  epoch 17 evaluating [time: 0.10s, valid_score: 0.028400]
Tue 17 Mar 2026 12:39:35 INFO  valid result: 
hit@10 : 0.0284    ndcg@10 : 0.0124    mrr@10 : 0.0075
Tue 17 Mar 2026 12:40:12 INFO  epoch 18 training [time: 37.22s, train loss: 928.6739]
Tue 17 Mar 2026 12:40:12 INFO  epoch 18 evaluating [time: 0.10s, valid_score: 0.027100]
Tue 17 Mar 2026 12:40:12 INFO  valid result: 
hit@10 : 0.0271    ndcg@10 : 0.0119    mrr@10 : 0.0074
Tue 17 Mar 2026 12:40:48 INFO  epoch 19 training [time: 35.94s, train loss: 912.8399]
Tue 17 Mar 2026 12:40:49 INFO  epoch 19 evaluating [time: 0.12s, valid_score: 0.024800]
Tue 17 Mar 2026 12:40:49 INFO  valid result: 
hit@10 : 0.0248    ndcg@10 : 0.0109    mrr@10 : 0.0067
Tue 17 Mar 2026 12:41:25 INFO  epoch 20 training [time: 36.94s, train loss: 893.2911]
Tue 17 Mar 2026 12:41:26 INFO  epoch 20 evaluating [time: 0.09s, valid_score: 0.025700]
Tue 17 Mar 2026 12:41:26 INFO  valid result: 
hit@10 : 0.0257    ndcg@10 : 0.0115    mrr@10 : 0.0072
Tue 17 Mar 2026 12:42:02 INFO  epoch 21 training [time: 36.48s, train loss: 875.6243]
Tue 17 Mar 2026 12:42:02 INFO  epoch 21 evaluating [time: 0.10s, valid_score: 0.023400]
Tue 17 Mar 2026 12:42:02 INFO  valid result: 
hit@10 : 0.0234    ndcg@10 : 0.0103    mrr@10 : 0.0064
Tue 17 Mar 2026 12:42:38 INFO  epoch 22 training [time: 36.30s, train loss: 862.2942]
Tue 17 Mar 2026 12:42:39 INFO  epoch 22 evaluating [time: 0.10s, valid_score: 0.022900]
Tue 17 Mar 2026 12:42:39 INFO  valid result: 
hit@10 : 0.0229    ndcg@10 : 0.0104    mrr@10 : 0.0066
Tue 17 Mar 2026 12:43:15 INFO  epoch 23 training [time: 36.37s, train loss: 846.8477]
Tue 17 Mar 2026 12:43:15 INFO  epoch 23 evaluating [time: 0.09s, valid_score: 0.024800]
Tue 17 Mar 2026 12:43:15 INFO  valid result: 
hit@10 : 0.0248    ndcg@10 : 0.0116    mrr@10 : 0.0077
Tue 17 Mar 2026 12:43:53 INFO  epoch 24 training [time: 37.84s, train loss: 829.7895]
Tue 17 Mar 2026 12:43:53 INFO  epoch 24 evaluating [time: 0.10s, valid_score: 0.024800]
Tue 17 Mar 2026 12:43:53 INFO  valid result: 
hit@10 : 0.0248    ndcg@10 : 0.0119    mrr@10 : 0.008
Tue 17 Mar 2026 12:43:53 INFO  Finished training, best eval result in epoch 13
Tue 17 Mar 2026 12:43:53 INFO  Loading model structure and parameters from saved\TimeWeaver-Mar-17-2026_12-28-56.pth
Tue 17 Mar 2026 12:43:54 INFO  The running environment of this training is as follows:
+-------------+----------------+
| Environment |     Usage      |
+=============+================+
| CPU         |     3.20 %     |
+-------------+----------------+
| GPU         | 0.33 G/6.00 G  |
+-------------+----------------+
| Memory      | 1.57 G/15.63 G |
+-------------+----------------+
Tue 17 Mar 2026 12:43:54 INFO  best valid : OrderedDict([('hit@10', 0.0326), ('ndcg@10', 0.0138), ('mrr@10', 0.0082)])
Tue 17 Mar 2026 12:43:54 INFO  test result: OrderedDict([('hit@10', 0.0202), ('ndcg@10', 0.0092), ('mrr@10', 0.0059)])
Tue 17 Mar 2026 12:43:54 WARNING  command line args [--models timeweaver --datasets amazon-sports-5core-longseq-full --seeds 42,2023,2024 --device gpu --timeweaver-variant aug_only --output F:\桌面\recommendation_system\results\param_sweeps\timeweaver_param_B1_warmup_ramp.json --tag B1_warm500_ramp2000 --skip-if-done --tw-time-aug-warmup 500 --tw-time-aug-ramp 2000] will not be used in RecBole
Tue 17 Mar 2026 12:43:54 INFO  ['F:\\桌面\\recommendation_system\\scripts\\run_grid.py', '--models', 'timeweaver', '--datasets', 'amazon-sports-5core-longseq-full', '--seeds', '42,2023,2024', '--device', 'gpu', '--timeweaver-variant', 'aug_only', '--output', 'F:\\桌面\\recommendation_system\\results\\param_sweeps\\timeweaver_param_B1_warmup_ramp.json', '--tag', 'B1_warm500_ramp2000', '--skip-if-done', '--tw-time-aug-warmup', '500', '--tw-time-aug-ramp', '2000']
Tue 17 Mar 2026 12:43:54 INFO  
General Hyper Parameters:
gpu_id = 0
use_gpu = True
seed = 2023
state = INFO
reproducibility = True
data_path = data/amazon\amazon-sports-5core-longseq
checkpoint_dir = saved
show_progress = True
save_dataset = False
dataset_save_path = None
save_dataloaders = False
dataloaders_save_path = None
log_wandb = False

Training Hyper Parameters:
epochs = 100
train_batch_size = 256
learner = adam
learning_rate = 0.001
train_neg_sample_args = {'distribution': 'none', 'sample_num': 'none', 'alpha': 'none', 'dynamic': False, 'candidate_num': 0}
eval_step = 1
stopping_step = 10
clip_grad_norm = None
weight_decay = 0.0
loss_decimal_place = 4

Evaluation Hyper Parameters:
eval_args = {'split': {'LS': 'valid_and_test'}, 'order': 'TO', 'group_by': 'user', 'mode': {'valid': 'full', 'test': 'full'}}
repeatable = True
metrics = ['Hit', 'NDCG', 'MRR']
topk = [10]
valid_metric = Hit@10
valid_metric_bigger = True
eval_batch_size = 512
metric_decimal_place = 4

Dataset Hyper Parameters:
field_separator = 	
seq_separator =  
USER_ID_FIELD = user_id
ITEM_ID_FIELD = item_id
RATING_FIELD = rating
TIME_FIELD = timestamp
seq_len = None
LABEL_FIELD = label
threshold = None
NEG_PREFIX = neg_
load_col = {'inter': ['user_id', 'item_id', 'rating', 'timestamp']}
unload_col = None
unused_col = None
additional_feat_suffix = None
rm_dup_inter = None
val_interval = None
filter_inter_by_user_or_item = True
user_inter_num_interval = [0,inf)
item_inter_num_interval = [0,inf)
alias_of_user_id = None
alias_of_item_id = None
alias_of_entity_id = None
alias_of_relation_id = None
preload_weight = None
normalize_field = None
normalize_all = None
ITEM_LIST_LENGTH_FIELD = item_length
LIST_SUFFIX = _list
MAX_ITEM_LIST_LENGTH = 32
POSITION_FIELD = position_id
HEAD_ENTITY_ID_FIELD = head_id
TAIL_ENTITY_ID_FIELD = tail_id
RELATION_ID_FIELD = relation_id
ENTITY_ID_FIELD = entity_id
benchmark_filename = None

Other Hyper Parameters: 
worker = 0
wandb_project = recbole
shuffle = True
require_pow = False
enable_amp = False
enable_scaler = False
transform = None
numerical_features = []
discretization = None
kg_reverse_r = False
entity_kg_num_interval = [0,inf)
relation_kg_num_interval = [0,inf)
MODEL_TYPE = ModelType.SEQUENTIAL
contrastive_weight = 0.03
contrastive_temp = 0.2
time_aug_prob = 0.15
time_aug_strength = 0.05
model_name = TimeWeaver
hidden_size = 64
num_layers = 2
hidden_dropout_prob = 0.5
initializer_range = 0.02
time_bucket_size = 1000
ema_decay = 0.5
tcn_kernel_size = -1
ffn_hidden_size = 256
loss_type = CE
early_stop = 10
neg_sampling = None
device = cuda
use_continuous_time = False
use_time_gate = False
use_time_augmentation = True
time_aug_warmup_steps = 500
time_aug_ramp_steps = 2000
MODEL_INPUT_TYPE = InputType.POINTWISE
eval_type = EvaluatorType.RANKING
single_spec = True
local_rank = 0
valid_neg_sample_args = {'distribution': 'uniform', 'sample_num': 'none'}
test_neg_sample_args = {'distribution': 'uniform', 'sample_num': 'none'}


Tue 17 Mar 2026 12:43:54 INFO  amazon-sports-5core-longseq
The number of users: 2181
Average actions of users: 25.74678899082569
The number of items: 14556
Average actions of items: 3.8562693232566128
The number of inters: 56128
The sparsity of the dataset: 99.82320016520806%
Remain Fields: ['user_id', 'item_id', 'rating', 'timestamp']
Tue 17 Mar 2026 12:43:55 INFO  [Training]: train_batch_size = [256] train_neg_sample_args: [{'distribution': 'none', 'sample_num': 'none', 'alpha': 'none', 'dynamic': False, 'candidate_num': 0}]
Tue 17 Mar 2026 12:43:55 INFO  [Evaluation]: eval_batch_size = [512] eval_args: [{'split': {'LS': 'valid_and_test'}, 'order': 'TO', 'group_by': 'user', 'mode': {'valid': 'full', 'test': 'full'}}]
Tue 17 Mar 2026 12:43:55 INFO  TimeWeaver(
  (item_embedding): Embedding(14556, 64, padding_idx=0)
  (time_aug): TimeAwareAugmentation(
    (pos_embedding): Embedding(32, 64)
    (time_embedding): Embedding(1000, 64)
    (layer_norm): LayerNorm((64,), eps=1e-05, elementwise_affine=True)
    (drop): Dropout(p=0.5, inplace=False)
  )
  (context_layers): ModuleList(
    (0-1): 2 x TCNNextBlock(
      (dw): DepthwiseConv1d(
        (conv): Conv1d(64, 64, kernel_size=(11,), stride=(1,), padding=(5,), groups=64)
        (bn): BatchNorm1d(64, eps=1e-05, momentum=0.1, affine=True, track_running_stats=True)
        (drop): Dropout(p=0.5, inplace=False)
      )
      (norm1): LayerNorm((64,), eps=1e-05, elementwise_affine=True)
      (conv_inter): ParallelConvInter(
        (conv1): Conv1d(64, 64, kernel_size=(1,), stride=(1,))
        (conv3): Conv1d(64, 64, kernel_size=(3,), stride=(1,), padding=(1,))
        (proj): Conv1d(64, 64, kernel_size=(1,), stride=(1,))
        (drop): Dropout(p=0.5, inplace=False)
      )
      (norm2): LayerNorm((64,), eps=1e-05, elementwise_affine=True)
      (ffn): Sequential(
        (0): Linear(in_features=64, out_features=256, bias=True)
        (1): GELU(approximate='none')
        (2): Dropout(p=0.5, inplace=False)
        (3): Linear(in_features=256, out_features=64, bias=True)
        (4): Dropout(p=0.5, inplace=False)
      )
      (norm3): LayerNorm((64,), eps=1e-05, elementwise_affine=True)
    )
  )
  (dynamic_layers): ModuleList(
    (0-1): 2 x EMAStream(
      (proj): Linear(in_features=64, out_features=64, bias=True)
    )
  )
  (weavers): ModuleList(
    (0-1): 2 x StreamWeaver(
      (proj): Linear(in_features=128, out_features=64, bias=True)
      (norm): LayerNorm((64,), eps=1e-05, elementwise_affine=True)
    )
  )
  (loss_fct): CrossEntropyLoss()
)
Trainable parameters: 1132929.0
Tue 17 Mar 2026 12:43:55 INFO  FLOPs: 4298752.0
Tue 17 Mar 2026 12:44:13 INFO  epoch 0 training [time: 17.97s, train loss: 1810.2932]
Tue 17 Mar 2026 12:44:13 INFO  epoch 0 evaluating [time: 0.10s, valid_score: 0.011500]
Tue 17 Mar 2026 12:44:13 INFO  valid result: 
hit@10 : 0.0115    ndcg@10 : 0.0061    mrr@10 : 0.0044
Tue 17 Mar 2026 12:44:13 INFO  Saving current: saved\TimeWeaver-Mar-17-2026_12-43-55.pth
Tue 17 Mar 2026 12:44:32 INFO  epoch 1 training [time: 18.11s, train loss: 1735.3626]
Tue 17 Mar 2026 12:44:32 INFO  epoch 1 evaluating [time: 0.09s, valid_score: 0.013800]
Tue 17 Mar 2026 12:44:32 INFO  valid result: 
hit@10 : 0.0138    ndcg@10 : 0.0073    mrr@10 : 0.0054
Tue 17 Mar 2026 12:44:32 INFO  Saving current: saved\TimeWeaver-Mar-17-2026_12-43-55.pth
Tue 17 Mar 2026 12:44:51 INFO  epoch 2 training [time: 18.95s, train loss: 1672.2309]
Tue 17 Mar 2026 12:44:51 INFO  epoch 2 evaluating [time: 0.09s, valid_score: 0.026100]
Tue 17 Mar 2026 12:44:51 INFO  valid result: 
hit@10 : 0.0261    ndcg@10 : 0.0131    mrr@10 : 0.0091
Tue 17 Mar 2026 12:44:51 INFO  Saving current: saved\TimeWeaver-Mar-17-2026_12-43-55.pth
Tue 17 Mar 2026 12:45:19 INFO  epoch 3 training [time: 28.69s, train loss: 1599.3027]
Tue 17 Mar 2026 12:45:20 INFO  epoch 3 evaluating [time: 0.09s, valid_score: 0.026600]
Tue 17 Mar 2026 12:45:20 INFO  valid result: 
hit@10 : 0.0266    ndcg@10 : 0.0128    mrr@10 : 0.0087
Tue 17 Mar 2026 12:45:20 INFO  Saving current: saved\TimeWeaver-Mar-17-2026_12-43-55.pth
Tue 17 Mar 2026 12:45:55 INFO  epoch 4 training [time: 34.98s, train loss: 1525.5106]
Tue 17 Mar 2026 12:45:55 INFO  epoch 4 evaluating [time: 0.09s, valid_score: 0.025200]
Tue 17 Mar 2026 12:45:55 INFO  valid result: 
hit@10 : 0.0252    ndcg@10 : 0.0124    mrr@10 : 0.0086
Tue 17 Mar 2026 12:46:31 INFO  epoch 5 training [time: 36.80s, train loss: 1453.2901]
Tue 17 Mar 2026 12:46:32 INFO  epoch 5 evaluating [time: 0.09s, valid_score: 0.029800]
Tue 17 Mar 2026 12:46:32 INFO  valid result: 
hit@10 : 0.0298    ndcg@10 : 0.0132    mrr@10 : 0.0082
Tue 17 Mar 2026 12:46:32 INFO  Saving current: saved\TimeWeaver-Mar-17-2026_12-43-55.pth
Tue 17 Mar 2026 12:47:08 INFO  epoch 6 training [time: 36.76s, train loss: 1381.7942]
Tue 17 Mar 2026 12:47:08 INFO  epoch 6 evaluating [time: 0.09s, valid_score: 0.031700]
Tue 17 Mar 2026 12:47:08 INFO  valid result: 
hit@10 : 0.0317    ndcg@10 : 0.0146    mrr@10 : 0.0095
Tue 17 Mar 2026 12:47:08 INFO  Saving current: saved\TimeWeaver-Mar-17-2026_12-43-55.pth
Tue 17 Mar 2026 12:47:46 INFO  epoch 7 training [time: 37.97s, train loss: 1313.9038]
Tue 17 Mar 2026 12:47:46 INFO  epoch 7 evaluating [time: 0.09s, valid_score: 0.033500]
Tue 17 Mar 2026 12:47:46 INFO  valid result: 
hit@10 : 0.0335    ndcg@10 : 0.0147    mrr@10 : 0.009
Tue 17 Mar 2026 12:47:47 INFO  Saving current: saved\TimeWeaver-Mar-17-2026_12-43-55.pth
Tue 17 Mar 2026 12:48:23 INFO  epoch 8 training [time: 36.57s, train loss: 1252.7236]
Tue 17 Mar 2026 12:48:23 INFO  epoch 8 evaluating [time: 0.09s, valid_score: 0.034900]
Tue 17 Mar 2026 12:48:23 INFO  valid result: 
hit@10 : 0.0349    ndcg@10 : 0.0155    mrr@10 : 0.0096
Tue 17 Mar 2026 12:48:23 INFO  Saving current: saved\TimeWeaver-Mar-17-2026_12-43-55.pth
Tue 17 Mar 2026 12:48:59 INFO  epoch 9 training [time: 36.13s, train loss: 1200.6929]
Tue 17 Mar 2026 12:48:59 INFO  epoch 9 evaluating [time: 0.10s, valid_score: 0.030300]
Tue 17 Mar 2026 12:48:59 INFO  valid result: 
hit@10 : 0.0303    ndcg@10 : 0.0134    mrr@10 : 0.0083
Tue 17 Mar 2026 12:49:37 INFO  epoch 10 training [time: 37.26s, train loss: 1154.4662]
Tue 17 Mar 2026 12:49:37 INFO  epoch 10 evaluating [time: 0.11s, valid_score: 0.033500]
Tue 17 Mar 2026 12:49:37 INFO  valid result: 
hit@10 : 0.0335    ndcg@10 : 0.0148    mrr@10 : 0.0091
Tue 17 Mar 2026 12:50:15 INFO  epoch 11 training [time: 38.54s, train loss: 1114.4597]
Tue 17 Mar 2026 12:50:15 INFO  epoch 11 evaluating [time: 0.08s, valid_score: 0.033500]
Tue 17 Mar 2026 12:50:15 INFO  valid result: 
hit@10 : 0.0335    ndcg@10 : 0.0149    mrr@10 : 0.0092
Tue 17 Mar 2026 12:50:54 INFO  epoch 12 training [time: 38.71s, train loss: 1081.9826]
Tue 17 Mar 2026 12:50:54 INFO  epoch 12 evaluating [time: 0.10s, valid_score: 0.032600]
Tue 17 Mar 2026 12:50:54 INFO  valid result: 
hit@10 : 0.0326    ndcg@10 : 0.0139    mrr@10 : 0.0083
Tue 17 Mar 2026 12:51:34 INFO  epoch 13 training [time: 39.37s, train loss: 1053.0859]
Tue 17 Mar 2026 12:51:34 INFO  epoch 13 evaluating [time: 0.10s, valid_score: 0.035300]
Tue 17 Mar 2026 12:51:34 INFO  valid result: 
hit@10 : 0.0353    ndcg@10 : 0.015    mrr@10 : 0.0089
Tue 17 Mar 2026 12:51:34 INFO  Saving current: saved\TimeWeaver-Mar-17-2026_12-43-55.pth
Tue 17 Mar 2026 12:52:13 INFO  epoch 14 training [time: 39.60s, train loss: 1024.3946]
Tue 17 Mar 2026 12:52:13 INFO  epoch 14 evaluating [time: 0.09s, valid_score: 0.031700]
Tue 17 Mar 2026 12:52:13 INFO  valid result: 
hit@10 : 0.0317    ndcg@10 : 0.0139    mrr@10 : 0.0085
Tue 17 Mar 2026 12:52:52 INFO  epoch 15 training [time: 38.43s, train loss: 999.4340]
Tue 17 Mar 2026 12:52:52 INFO  epoch 15 evaluating [time: 0.09s, valid_score: 0.031200]
Tue 17 Mar 2026 12:52:52 INFO  valid result: 
hit@10 : 0.0312    ndcg@10 : 0.013    mrr@10 : 0.0076
Tue 17 Mar 2026 12:53:30 INFO  epoch 16 training [time: 38.40s, train loss: 976.3112]
Tue 17 Mar 2026 12:53:30 INFO  epoch 16 evaluating [time: 0.09s, valid_score: 0.030700]
Tue 17 Mar 2026 12:53:30 INFO  valid result: 
hit@10 : 0.0307    ndcg@10 : 0.0127    mrr@10 : 0.0073
Tue 17 Mar 2026 12:54:09 INFO  epoch 17 training [time: 38.85s, train loss: 954.2350]
Tue 17 Mar 2026 12:54:09 INFO  epoch 17 evaluating [time: 0.09s, valid_score: 0.028400]
Tue 17 Mar 2026 12:54:09 INFO  valid result: 
hit@10 : 0.0284    ndcg@10 : 0.0122    mrr@10 : 0.0072
Tue 17 Mar 2026 12:54:48 INFO  epoch 18 training [time: 38.62s, train loss: 932.6927]
Tue 17 Mar 2026 12:54:48 INFO  epoch 18 evaluating [time: 0.10s, valid_score: 0.027500]
Tue 17 Mar 2026 12:54:48 INFO  valid result: 
hit@10 : 0.0275    ndcg@10 : 0.013    mrr@10 : 0.0086
Tue 17 Mar 2026 12:55:27 INFO  epoch 19 training [time: 39.22s, train loss: 914.1221]
Tue 17 Mar 2026 12:55:27 INFO  epoch 19 evaluating [time: 0.10s, valid_score: 0.028900]
Tue 17 Mar 2026 12:55:27 INFO  valid result: 
hit@10 : 0.0289    ndcg@10 : 0.0121    mrr@10 : 0.0071
Tue 17 Mar 2026 12:56:12 INFO  epoch 20 training [time: 44.64s, train loss: 896.4188]
Tue 17 Mar 2026 12:56:12 INFO  epoch 20 evaluating [time: 0.11s, valid_score: 0.030300]
Tue 17 Mar 2026 12:56:12 INFO  valid result: 
hit@10 : 0.0303    ndcg@10 : 0.0127    mrr@10 : 0.0075
Tue 17 Mar 2026 12:56:57 INFO  epoch 21 training [time: 44.41s, train loss: 878.4043]
Tue 17 Mar 2026 12:56:57 INFO  epoch 21 evaluating [time: 0.09s, valid_score: 0.030300]
Tue 17 Mar 2026 12:56:57 INFO  valid result: 
hit@10 : 0.0303    ndcg@10 : 0.0125    mrr@10 : 0.0071
Tue 17 Mar 2026 14:32:48 INFO  epoch 22 training [time: 5751.69s, train loss: 861.1141]
Tue 17 Mar 2026 14:32:49 INFO  epoch 22 evaluating [time: 0.10s, valid_score: 0.028900]
Tue 17 Mar 2026 14:32:49 INFO  valid result: 
hit@10 : 0.0289    ndcg@10 : 0.0127    mrr@10 : 0.0078
Tue 17 Mar 2026 14:33:24 INFO  epoch 23 training [time: 35.11s, train loss: 848.1659]
Tue 17 Mar 2026 14:33:24 INFO  epoch 23 evaluating [time: 0.11s, valid_score: 0.029400]
Tue 17 Mar 2026 14:33:24 INFO  valid result: 
hit@10 : 0.0294    ndcg@10 : 0.0129    mrr@10 : 0.0079
Tue 17 Mar 2026 14:33:59 INFO  epoch 24 training [time: 35.14s, train loss: 833.8463]
Tue 17 Mar 2026 14:33:59 INFO  epoch 24 evaluating [time: 0.09s, valid_score: 0.026600]
Tue 17 Mar 2026 14:33:59 INFO  valid result: 
hit@10 : 0.0266    ndcg@10 : 0.0123    mrr@10 : 0.0079
Tue 17 Mar 2026 14:33:59 INFO  Finished training, best eval result in epoch 13
Tue 17 Mar 2026 14:33:59 INFO  Loading model structure and parameters from saved\TimeWeaver-Mar-17-2026_12-43-55.pth
Tue 17 Mar 2026 14:34:00 INFO  The running environment of this training is as follows:
+-------------+----------------+
| Environment |     Usage      |
+=============+================+
| CPU         |     3.30 %     |
+-------------+----------------+
| GPU         | 0.33 G/6.00 G  |
+-------------+----------------+
| Memory      | 1.58 G/15.63 G |
+-------------+----------------+
Tue 17 Mar 2026 14:34:00 INFO  best valid : OrderedDict([('hit@10', 0.0353), ('ndcg@10', 0.015), ('mrr@10', 0.0089)])
Tue 17 Mar 2026 14:34:00 INFO  test result: OrderedDict([('hit@10', 0.0284), ('ndcg@10', 0.0129), ('mrr@10', 0.0082)])
Tue 17 Mar 2026 14:34:00 WARNING  command line args [--models timeweaver --datasets amazon-sports-5core-longseq-full --seeds 42,2023,2024 --device gpu --timeweaver-variant aug_only --output F:\桌面\recommendation_system\results\param_sweeps\timeweaver_param_B1_warmup_ramp.json --tag B1_warm500_ramp2000 --skip-if-done --tw-time-aug-warmup 500 --tw-time-aug-ramp 2000] will not be used in RecBole
Tue 17 Mar 2026 14:34:00 INFO  ['F:\\桌面\\recommendation_system\\scripts\\run_grid.py', '--models', 'timeweaver', '--datasets', 'amazon-sports-5core-longseq-full', '--seeds', '42,2023,2024', '--device', 'gpu', '--timeweaver-variant', 'aug_only', '--output', 'F:\\桌面\\recommendation_system\\results\\param_sweeps\\timeweaver_param_B1_warmup_ramp.json', '--tag', 'B1_warm500_ramp2000', '--skip-if-done', '--tw-time-aug-warmup', '500', '--tw-time-aug-ramp', '2000']
Tue 17 Mar 2026 14:34:00 INFO  
General Hyper Parameters:
gpu_id = 0
use_gpu = True
seed = 2024
state = INFO
reproducibility = True
data_path = data/amazon\amazon-sports-5core-longseq
checkpoint_dir = saved
show_progress = True
save_dataset = False
dataset_save_path = None
save_dataloaders = False
dataloaders_save_path = None
log_wandb = False

Training Hyper Parameters:
epochs = 100
train_batch_size = 256
learner = adam
learning_rate = 0.001
train_neg_sample_args = {'distribution': 'none', 'sample_num': 'none', 'alpha': 'none', 'dynamic': False, 'candidate_num': 0}
eval_step = 1
stopping_step = 10
clip_grad_norm = None
weight_decay = 0.0
loss_decimal_place = 4

Evaluation Hyper Parameters:
eval_args = {'split': {'LS': 'valid_and_test'}, 'order': 'TO', 'group_by': 'user', 'mode': {'valid': 'full', 'test': 'full'}}
repeatable = True
metrics = ['Hit', 'NDCG', 'MRR']
topk = [10]
valid_metric = Hit@10
valid_metric_bigger = True
eval_batch_size = 512
metric_decimal_place = 4

Dataset Hyper Parameters:
field_separator = 	
seq_separator =  
USER_ID_FIELD = user_id
ITEM_ID_FIELD = item_id
RATING_FIELD = rating
TIME_FIELD = timestamp
seq_len = None
LABEL_FIELD = label
threshold = None
NEG_PREFIX = neg_
load_col = {'inter': ['user_id', 'item_id', 'rating', 'timestamp']}
unload_col = None
unused_col = None
additional_feat_suffix = None
rm_dup_inter = None
val_interval = None
filter_inter_by_user_or_item = True
user_inter_num_interval = [0,inf)
item_inter_num_interval = [0,inf)
alias_of_user_id = None
alias_of_item_id = None
alias_of_entity_id = None
alias_of_relation_id = None
preload_weight = None
normalize_field = None
normalize_all = None
ITEM_LIST_LENGTH_FIELD = item_length
LIST_SUFFIX = _list
MAX_ITEM_LIST_LENGTH = 32
POSITION_FIELD = position_id
HEAD_ENTITY_ID_FIELD = head_id
TAIL_ENTITY_ID_FIELD = tail_id
RELATION_ID_FIELD = relation_id
ENTITY_ID_FIELD = entity_id
benchmark_filename = None

Other Hyper Parameters: 
worker = 0
wandb_project = recbole
shuffle = True
require_pow = False
enable_amp = False
enable_scaler = False
transform = None
numerical_features = []
discretization = None
kg_reverse_r = False
entity_kg_num_interval = [0,inf)
relation_kg_num_interval = [0,inf)
MODEL_TYPE = ModelType.SEQUENTIAL
contrastive_weight = 0.03
contrastive_temp = 0.2
time_aug_prob = 0.15
time_aug_strength = 0.05
model_name = TimeWeaver
hidden_size = 64
num_layers = 2
hidden_dropout_prob = 0.5
initializer_range = 0.02
time_bucket_size = 1000
ema_decay = 0.5
tcn_kernel_size = -1
ffn_hidden_size = 256
loss_type = CE
early_stop = 10
neg_sampling = None
device = cuda
use_continuous_time = False
use_time_gate = False
use_time_augmentation = True
time_aug_warmup_steps = 500
time_aug_ramp_steps = 2000
MODEL_INPUT_TYPE = InputType.POINTWISE
eval_type = EvaluatorType.RANKING
single_spec = True
local_rank = 0
valid_neg_sample_args = {'distribution': 'uniform', 'sample_num': 'none'}
test_neg_sample_args = {'distribution': 'uniform', 'sample_num': 'none'}


Tue 17 Mar 2026 14:34:01 INFO  amazon-sports-5core-longseq
The number of users: 2181
Average actions of users: 25.74678899082569
The number of items: 14556
Average actions of items: 3.8562693232566128
The number of inters: 56128
The sparsity of the dataset: 99.82320016520806%
Remain Fields: ['user_id', 'item_id', 'rating', 'timestamp']
Tue 17 Mar 2026 14:34:01 INFO  [Training]: train_batch_size = [256] train_neg_sample_args: [{'distribution': 'none', 'sample_num': 'none', 'alpha': 'none', 'dynamic': False, 'candidate_num': 0}]
Tue 17 Mar 2026 14:34:01 INFO  [Evaluation]: eval_batch_size = [512] eval_args: [{'split': {'LS': 'valid_and_test'}, 'order': 'TO', 'group_by': 'user', 'mode': {'valid': 'full', 'test': 'full'}}]
Tue 17 Mar 2026 14:34:01 INFO  TimeWeaver(
  (item_embedding): Embedding(14556, 64, padding_idx=0)
  (time_aug): TimeAwareAugmentation(
    (pos_embedding): Embedding(32, 64)
    (time_embedding): Embedding(1000, 64)
    (layer_norm): LayerNorm((64,), eps=1e-05, elementwise_affine=True)
    (drop): Dropout(p=0.5, inplace=False)
  )
  (context_layers): ModuleList(
    (0-1): 2 x TCNNextBlock(
      (dw): DepthwiseConv1d(
        (conv): Conv1d(64, 64, kernel_size=(11,), stride=(1,), padding=(5,), groups=64)
        (bn): BatchNorm1d(64, eps=1e-05, momentum=0.1, affine=True, track_running_stats=True)
        (drop): Dropout(p=0.5, inplace=False)
      )
      (norm1): LayerNorm((64,), eps=1e-05, elementwise_affine=True)
      (conv_inter): ParallelConvInter(
        (conv1): Conv1d(64, 64, kernel_size=(1,), stride=(1,))
        (conv3): Conv1d(64, 64, kernel_size=(3,), stride=(1,), padding=(1,))
        (proj): Conv1d(64, 64, kernel_size=(1,), stride=(1,))
        (drop): Dropout(p=0.5, inplace=False)
      )
      (norm2): LayerNorm((64,), eps=1e-05, elementwise_affine=True)
      (ffn): Sequential(
        (0): Linear(in_features=64, out_features=256, bias=True)
        (1): GELU(approximate='none')
        (2): Dropout(p=0.5, inplace=False)
        (3): Linear(in_features=256, out_features=64, bias=True)
        (4): Dropout(p=0.5, inplace=False)
      )
      (norm3): LayerNorm((64,), eps=1e-05, elementwise_affine=True)
    )
  )
  (dynamic_layers): ModuleList(
    (0-1): 2 x EMAStream(
      (proj): Linear(in_features=64, out_features=64, bias=True)
    )
  )
  (weavers): ModuleList(
    (0-1): 2 x StreamWeaver(
      (proj): Linear(in_features=128, out_features=64, bias=True)
      (norm): LayerNorm((64,), eps=1e-05, elementwise_affine=True)
    )
  )
  (loss_fct): CrossEntropyLoss()
)
Trainable parameters: 1132929.0
Tue 17 Mar 2026 14:34:01 INFO  FLOPs: 4298752.0
Tue 17 Mar 2026 14:34:19 INFO  epoch 0 training [time: 17.52s, train loss: 1809.7610]
Tue 17 Mar 2026 14:34:19 INFO  epoch 0 evaluating [time: 0.09s, valid_score: 0.011500]
Tue 17 Mar 2026 14:34:19 INFO  valid result: 
hit@10 : 0.0115    ndcg@10 : 0.0063    mrr@10 : 0.0047
Tue 17 Mar 2026 14:34:19 INFO  Saving current: saved\TimeWeaver-Mar-17-2026_14-34-01.pth
Tue 17 Mar 2026 14:34:37 INFO  epoch 1 training [time: 18.25s, train loss: 1735.7294]
Tue 17 Mar 2026 14:34:37 INFO  epoch 1 evaluating [time: 0.10s, valid_score: 0.017000]
Tue 17 Mar 2026 14:34:37 INFO  valid result: 
hit@10 : 0.017    ndcg@10 : 0.0078    mrr@10 : 0.005
Tue 17 Mar 2026 14:34:37 INFO  Saving current: saved\TimeWeaver-Mar-17-2026_14-34-01.pth
Tue 17 Mar 2026 14:34:56 INFO  epoch 2 training [time: 18.40s, train loss: 1674.0017]
Tue 17 Mar 2026 14:34:56 INFO  epoch 2 evaluating [time: 0.09s, valid_score: 0.026600]
Tue 17 Mar 2026 14:34:56 INFO  valid result: 
hit@10 : 0.0266    ndcg@10 : 0.0133    mrr@10 : 0.0093
Tue 17 Mar 2026 14:34:56 INFO  Saving current: saved\TimeWeaver-Mar-17-2026_14-34-01.pth
Tue 17 Mar 2026 14:35:25 INFO  epoch 3 training [time: 29.11s, train loss: 1600.4377]
Tue 17 Mar 2026 14:35:25 INFO  epoch 3 evaluating [time: 0.10s, valid_score: 0.024800]
Tue 17 Mar 2026 14:35:25 INFO  valid result: 
hit@10 : 0.0248    ndcg@10 : 0.0119    mrr@10 : 0.0079
Tue 17 Mar 2026 14:36:04 INFO  epoch 4 training [time: 38.42s, train loss: 1525.0624]
Tue 17 Mar 2026 14:36:04 INFO  epoch 4 evaluating [time: 0.14s, valid_score: 0.022500]
Tue 17 Mar 2026 14:36:04 INFO  valid result: 
hit@10 : 0.0225    ndcg@10 : 0.0111    mrr@10 : 0.0076
Tue 17 Mar 2026 14:36:45 INFO  epoch 5 training [time: 40.99s, train loss: 1450.4071]
Tue 17 Mar 2026 14:36:45 INFO  epoch 5 evaluating [time: 0.09s, valid_score: 0.027100]
Tue 17 Mar 2026 14:36:45 INFO  valid result: 
hit@10 : 0.0271    ndcg@10 : 0.0122    mrr@10 : 0.0076
Tue 17 Mar 2026 14:36:45 INFO  Saving current: saved\TimeWeaver-Mar-17-2026_14-34-01.pth
Tue 17 Mar 2026 14:37:21 INFO  epoch 6 training [time: 36.30s, train loss: 1378.6820]
Tue 17 Mar 2026 14:37:21 INFO  epoch 6 evaluating [time: 0.10s, valid_score: 0.023900]
Tue 17 Mar 2026 14:37:21 INFO  valid result: 
hit@10 : 0.0239    ndcg@10 : 0.0116    mrr@10 : 0.0079
Tue 17 Mar 2026 14:38:01 INFO  epoch 7 training [time: 40.05s, train loss: 1311.2330]
Tue 17 Mar 2026 14:38:01 INFO  epoch 7 evaluating [time: 0.11s, valid_score: 0.028900]
Tue 17 Mar 2026 14:38:01 INFO  valid result: 
hit@10 : 0.0289    ndcg@10 : 0.0122    mrr@10 : 0.0071
Tue 17 Mar 2026 14:38:01 INFO  Saving current: saved\TimeWeaver-Mar-17-2026_14-34-01.pth
Tue 17 Mar 2026 14:38:38 INFO  epoch 8 training [time: 36.48s, train loss: 1250.7211]
Tue 17 Mar 2026 14:38:38 INFO  epoch 8 evaluating [time: 0.09s, valid_score: 0.031200]
Tue 17 Mar 2026 14:38:38 INFO  valid result: 
hit@10 : 0.0312    ndcg@10 : 0.0138    mrr@10 : 0.0085
Tue 17 Mar 2026 14:38:38 INFO  Saving current: saved\TimeWeaver-Mar-17-2026_14-34-01.pth
Tue 17 Mar 2026 14:39:19 INFO  epoch 9 training [time: 41.05s, train loss: 1198.1966]
Tue 17 Mar 2026 14:39:19 INFO  epoch 9 evaluating [time: 0.06s, valid_score: 0.031200]
Tue 17 Mar 2026 14:39:19 INFO  valid result: 
hit@10 : 0.0312    ndcg@10 : 0.0141    mrr@10 : 0.0089
Tue 17 Mar 2026 14:39:19 INFO  Saving current: saved\TimeWeaver-Mar-17-2026_14-34-01.pth
Tue 17 Mar 2026 14:40:04 INFO  epoch 10 training [time: 44.37s, train loss: 1154.7988]
Tue 17 Mar 2026 14:40:04 INFO  epoch 10 evaluating [time: 0.10s, valid_score: 0.032100]
Tue 17 Mar 2026 14:40:04 INFO  valid result: 
hit@10 : 0.0321    ndcg@10 : 0.0146    mrr@10 : 0.0093
Tue 17 Mar 2026 14:40:04 INFO  Saving current: saved\TimeWeaver-Mar-17-2026_14-34-01.pth
Tue 17 Mar 2026 14:40:41 INFO  epoch 11 training [time: 37.34s, train loss: 1115.2629]
Tue 17 Mar 2026 14:40:41 INFO  epoch 11 evaluating [time: 0.10s, valid_score: 0.033500]
Tue 17 Mar 2026 14:40:41 INFO  valid result: 
hit@10 : 0.0335    ndcg@10 : 0.0152    mrr@10 : 0.0097
Tue 17 Mar 2026 14:40:41 INFO  Saving current: saved\TimeWeaver-Mar-17-2026_14-34-01.pth
Tue 17 Mar 2026 14:41:21 INFO  epoch 12 training [time: 40.17s, train loss: 1084.7334]
Tue 17 Mar 2026 14:41:21 INFO  epoch 12 evaluating [time: 0.12s, valid_score: 0.032100]
Tue 17 Mar 2026 14:41:21 INFO  valid result: 
hit@10 : 0.0321    ndcg@10 : 0.014    mrr@10 : 0.0085
Tue 17 Mar 2026 14:42:01 INFO  epoch 13 training [time: 39.93s, train loss: 1052.6139]
Tue 17 Mar 2026 14:42:01 INFO  epoch 13 evaluating [time: 0.11s, valid_score: 0.030300]
Tue 17 Mar 2026 14:42:02 INFO  valid result: 
hit@10 : 0.0303    ndcg@10 : 0.0139    mrr@10 : 0.0089
Tue 17 Mar 2026 14:42:42 INFO  epoch 14 training [time: 40.34s, train loss: 1028.1100]
Tue 17 Mar 2026 14:42:42 INFO  epoch 14 evaluating [time: 0.10s, valid_score: 0.029400]
Tue 17 Mar 2026 14:42:42 INFO  valid result: 
hit@10 : 0.0294    ndcg@10 : 0.0138    mrr@10 : 0.0089
Tue 17 Mar 2026 14:43:28 INFO  epoch 15 training [time: 46.29s, train loss: 1003.6381]
Tue 17 Mar 2026 14:43:28 INFO  epoch 15 evaluating [time: 0.12s, valid_score: 0.029400]
Tue 17 Mar 2026 14:43:28 INFO  valid result: 
hit@10 : 0.0294    ndcg@10 : 0.0136    mrr@10 : 0.0088
Tue 17 Mar 2026 14:44:09 INFO  epoch 16 training [time: 40.70s, train loss: 981.3832]
Tue 17 Mar 2026 14:44:09 INFO  epoch 16 evaluating [time: 0.10s, valid_score: 0.032100]
Tue 17 Mar 2026 14:44:09 INFO  valid result: 
hit@10 : 0.0321    ndcg@10 : 0.0145    mrr@10 : 0.0091
Tue 17 Mar 2026 14:44:48 INFO  epoch 17 training [time: 39.22s, train loss: 959.1258]
Tue 17 Mar 2026 14:44:48 INFO  epoch 17 evaluating [time: 0.08s, valid_score: 0.030300]
Tue 17 Mar 2026 14:44:48 INFO  valid result: 
hit@10 : 0.0303    ndcg@10 : 0.0139    mrr@10 : 0.0088
Tue 17 Mar 2026 14:45:30 INFO  epoch 18 training [time: 41.22s, train loss: 939.4237]
Tue 17 Mar 2026 14:45:30 INFO  epoch 18 evaluating [time: 0.11s, valid_score: 0.033900]
Tue 17 Mar 2026 14:45:30 INFO  valid result: 
hit@10 : 0.0339    ndcg@10 : 0.0155    mrr@10 : 0.01
Tue 17 Mar 2026 14:45:30 INFO  Saving current: saved\TimeWeaver-Mar-17-2026_14-34-01.pth
Tue 17 Mar 2026 14:46:09 INFO  epoch 19 training [time: 38.90s, train loss: 918.4519]
Tue 17 Mar 2026 14:46:09 INFO  epoch 19 evaluating [time: 0.08s, valid_score: 0.029400]
Tue 17 Mar 2026 14:46:09 INFO  valid result: 
hit@10 : 0.0294    ndcg@10 : 0.0139    mrr@10 : 0.0092
Tue 17 Mar 2026 14:46:44 INFO  epoch 20 training [time: 35.27s, train loss: 903.9422]
Tue 17 Mar 2026 14:46:44 INFO  epoch 20 evaluating [time: 0.09s, valid_score: 0.028000]
Tue 17 Mar 2026 14:46:44 INFO  valid result: 
hit@10 : 0.028    ndcg@10 : 0.0133    mrr@10 : 0.0088
Tue 17 Mar 2026 14:47:19 INFO  epoch 21 training [time: 34.97s, train loss: 885.1724]
Tue 17 Mar 2026 14:47:19 INFO  epoch 21 evaluating [time: 0.09s, valid_score: 0.025700]
Tue 17 Mar 2026 14:47:19 INFO  valid result: 
hit@10 : 0.0257    ndcg@10 : 0.0124    mrr@10 : 0.0083
Tue 17 Mar 2026 14:47:56 INFO  epoch 22 training [time: 36.48s, train loss: 870.7665]
Tue 17 Mar 2026 14:47:56 INFO  epoch 22 evaluating [time: 0.09s, valid_score: 0.026600]
Tue 17 Mar 2026 14:47:56 INFO  valid result: 
hit@10 : 0.0266    ndcg@10 : 0.0128    mrr@10 : 0.0086
Tue 17 Mar 2026 14:48:31 INFO  epoch 23 training [time: 34.77s, train loss: 854.2688]
Tue 17 Mar 2026 14:48:31 INFO  epoch 23 evaluating [time: 0.09s, valid_score: 0.026600]
Tue 17 Mar 2026 14:48:31 INFO  valid result: 
hit@10 : 0.0266    ndcg@10 : 0.0126    mrr@10 : 0.0084
Tue 17 Mar 2026 14:49:05 INFO  epoch 24 training [time: 34.18s, train loss: 837.7973]
Tue 17 Mar 2026 14:49:05 INFO  epoch 24 evaluating [time: 0.09s, valid_score: 0.027500]
Tue 17 Mar 2026 14:49:05 INFO  valid result: 
hit@10 : 0.0275    ndcg@10 : 0.0137    mrr@10 : 0.0094
Tue 17 Mar 2026 14:49:40 INFO  epoch 25 training [time: 34.68s, train loss: 825.3743]
Tue 17 Mar 2026 14:49:40 INFO  epoch 25 evaluating [time: 0.09s, valid_score: 0.025700]
Tue 17 Mar 2026 14:49:40 INFO  valid result: 
hit@10 : 0.0257    ndcg@10 : 0.013    mrr@10 : 0.0091
Tue 17 Mar 2026 14:50:15 INFO  epoch 26 training [time: 35.31s, train loss: 812.8169]
Tue 17 Mar 2026 14:50:15 INFO  epoch 26 evaluating [time: 0.09s, valid_score: 0.027100]
Tue 17 Mar 2026 14:50:15 INFO  valid result: 
hit@10 : 0.0271    ndcg@10 : 0.0135    mrr@10 : 0.0094
Tue 17 Mar 2026 14:50:50 INFO  epoch 27 training [time: 34.88s, train loss: 800.5479]
Tue 17 Mar 2026 14:50:50 INFO  epoch 27 evaluating [time: 0.08s, valid_score: 0.027100]
Tue 17 Mar 2026 14:50:50 INFO  valid result: 
hit@10 : 0.0271    ndcg@10 : 0.0136    mrr@10 : 0.0095
Tue 17 Mar 2026 14:51:25 INFO  epoch 28 training [time: 34.57s, train loss: 789.2561]
Tue 17 Mar 2026 14:51:25 INFO  epoch 28 evaluating [time: 0.08s, valid_score: 0.024300]
Tue 17 Mar 2026 14:51:25 INFO  valid result: 
hit@10 : 0.0243    ndcg@10 : 0.0125    mrr@10 : 0.009
Tue 17 Mar 2026 14:52:00 INFO  epoch 29 training [time: 35.36s, train loss: 775.4511]
Tue 17 Mar 2026 14:52:00 INFO  epoch 29 evaluating [time: 0.08s, valid_score: 0.028000]
Tue 17 Mar 2026 14:52:00 INFO  valid result: 
hit@10 : 0.028    ndcg@10 : 0.014    mrr@10 : 0.0097
Tue 17 Mar 2026 14:52:00 INFO  Finished training, best eval result in epoch 18
Tue 17 Mar 2026 14:52:00 INFO  Loading model structure and parameters from saved\TimeWeaver-Mar-17-2026_14-34-01.pth
Tue 17 Mar 2026 14:52:01 INFO  The running environment of this training is as follows:
+-------------+----------------+
| Environment |     Usage      |
+=============+================+
| CPU         |     8.30 %     |
+-------------+----------------+
| GPU         | 0.33 G/6.00 G  |
+-------------+----------------+
| Memory      | 0.90 G/15.63 G |
+-------------+----------------+
Tue 17 Mar 2026 14:52:01 INFO  best valid : OrderedDict([('hit@10', 0.0339), ('ndcg@10', 0.0155), ('mrr@10', 0.01)])
Tue 17 Mar 2026 14:52:01 INFO  test result: OrderedDict([('hit@10', 0.0243), ('ndcg@10', 0.0113), ('mrr@10', 0.0074)])
