Mon 09 Feb 2026 10:50:52 INFO  ['F:\\桌面\\recommendation_system\\scripts\\run_grid.py', '--models', 'timeweaver', '--datasets', 'ml-100k', '--seeds', '42', '--device', 'gpu', '--timeweaver-variant', 'base', '--tag', 'e0p05_k5_d0p5_l2_f512_b1000', '--output', 'results/run_grid_timeweaver_tune.json', '--tw-ema-decay', '0.05', '--tw-tcn-kernel', '5', '--tw-hidden-dropout', '0.5', '--tw-num-layers', '2', '--tw-ffn-hidden', '512', '--tw-time-bucket', '1000']
Mon 09 Feb 2026 10:50:52 INFO  
General Hyper Parameters:
gpu_id = 0
use_gpu = True
seed = 42
state = INFO
reproducibility = True
data_path = F:\anaconda3\envs\rec39\Lib\site-packages\recbole\config\../dataset_example/ml-100k
checkpoint_dir = saved
show_progress = True
save_dataset = False
dataset_save_path = None
save_dataloaders = False
dataloaders_save_path = None
log_wandb = False

Training Hyper Parameters:
epochs = 100
train_batch_size = 256
learner = adam
learning_rate = 0.001
train_neg_sample_args = {'distribution': 'none', 'sample_num': 'none', 'alpha': 'none', 'dynamic': False, 'candidate_num': 0}
eval_step = 1
stopping_step = 10
clip_grad_norm = None
weight_decay = 0.0
loss_decimal_place = 4

Evaluation Hyper Parameters:
eval_args = {'split': {'LS': 'valid_and_test'}, 'order': 'TO', 'group_by': 'user', 'mode': {'valid': 'uni100', 'test': 'uni100'}}
repeatable = True
metrics = ['Hit', 'NDCG', 'MRR']
topk = [10]
valid_metric = MRR@10
valid_metric_bigger = True
eval_batch_size = 512
metric_decimal_place = 4

Dataset Hyper Parameters:
field_separator = 	
seq_separator =  
USER_ID_FIELD = user_id
ITEM_ID_FIELD = item_id
RATING_FIELD = rating
TIME_FIELD = timestamp
seq_len = None
LABEL_FIELD = label
threshold = None
NEG_PREFIX = neg_
load_col = {'inter': ['user_id', 'item_id', 'rating', 'timestamp'], 'user': ['user_id', 'age', 'gender', 'occupation', 'zip_code'], 'item': ['item_id', 'movie_title', 'release_year', 'class']}
unload_col = None
unused_col = None
additional_feat_suffix = None
rm_dup_inter = None
val_interval = None
filter_inter_by_user_or_item = True
user_inter_num_interval = None
item_inter_num_interval = None
alias_of_user_id = None
alias_of_item_id = None
alias_of_entity_id = None
alias_of_relation_id = None
preload_weight = None
normalize_field = None
normalize_all = True
ITEM_LIST_LENGTH_FIELD = item_length
LIST_SUFFIX = _list
MAX_ITEM_LIST_LENGTH = 32
POSITION_FIELD = position_id
HEAD_ENTITY_ID_FIELD = head_id
TAIL_ENTITY_ID_FIELD = tail_id
RELATION_ID_FIELD = relation_id
ENTITY_ID_FIELD = entity_id
kg_reverse_r = False
entity_kg_num_interval = None
relation_kg_num_interval = None
benchmark_filename = None

Other Hyper Parameters: 
worker = 0
wandb_project = recbole
shuffle = True
require_pow = False
enable_amp = False
enable_scaler = False
transform = None
numerical_features = []
discretization = None
MODEL_TYPE = ModelType.SEQUENTIAL
model_name = TimeWeaver
hidden_size = 64
num_layers = 2
hidden_dropout_prob = 0.5
initializer_range = 0.02
time_bucket_size = 1000
ema_decay = 0.05
tcn_kernel_size = 5
ffn_hidden_size = 512
loss_type = CE
early_stop = 10
neg_sampling = None
device = cuda
use_continuous_time = False
use_time_gate = False
use_time_augmentation = False
MODEL_INPUT_TYPE = InputType.POINTWISE
eval_type = EvaluatorType.RANKING
single_spec = True
local_rank = 0
valid_neg_sample_args = {'distribution': 'uniform', 'sample_num': 100}
test_neg_sample_args = {'distribution': 'uniform', 'sample_num': 100}


Mon 09 Feb 2026 10:50:52 INFO  ml-100k
The number of users: 944
Average actions of users: 106.04453870625663
The number of items: 1683
Average actions of items: 59.45303210463734
The number of inters: 100000
The sparsity of the dataset: 93.70575143257098%
Remain Fields: ['user_id', 'item_id', 'rating', 'timestamp', 'age', 'gender', 'occupation', 'zip_code', 'movie_title', 'release_year', 'class']
Mon 09 Feb 2026 10:50:54 INFO  [Training]: train_batch_size = [256] train_neg_sample_args: [{'distribution': 'none', 'sample_num': 'none', 'alpha': 'none', 'dynamic': False, 'candidate_num': 0}]
Mon 09 Feb 2026 10:50:54 INFO  [Evaluation]: eval_batch_size = [512] eval_args: [{'split': {'LS': 'valid_and_test'}, 'order': 'TO', 'group_by': 'user', 'mode': {'valid': 'uni100', 'test': 'uni100'}}]
Mon 09 Feb 2026 10:50:54 INFO  TimeWeaver(
  (item_embedding): Embedding(1683, 64, padding_idx=0)
  (time_aug): TimeAwareAugmentation(
    (pos_embedding): Embedding(32, 64)
    (time_embedding): Embedding(1000, 64)
    (layer_norm): LayerNorm((64,), eps=1e-05, elementwise_affine=True)
    (drop): Dropout(p=0.5, inplace=False)
  )
  (context_layers): ModuleList(
    (0-1): 2 x TCNNextBlock(
      (dw): DepthwiseConv1d(
        (conv): Conv1d(64, 64, kernel_size=(5,), stride=(1,), padding=(2,), groups=64)
        (bn): BatchNorm1d(64, eps=1e-05, momentum=0.1, affine=True, track_running_stats=True)
        (drop): Dropout(p=0.5, inplace=False)
      )
      (norm1): LayerNorm((64,), eps=1e-05, elementwise_affine=True)
      (conv_inter): ParallelConvInter(
        (conv1): Conv1d(64, 64, kernel_size=(1,), stride=(1,))
        (conv3): Conv1d(64, 64, kernel_size=(3,), stride=(1,), padding=(1,))
        (proj): Conv1d(64, 64, kernel_size=(1,), stride=(1,))
        (drop): Dropout(p=0.5, inplace=False)
      )
      (norm2): LayerNorm((64,), eps=1e-05, elementwise_affine=True)
      (ffn): Sequential(
        (0): Linear(in_features=64, out_features=512, bias=True)
        (1): GELU(approximate='none')
        (2): Dropout(p=0.5, inplace=False)
        (3): Linear(in_features=512, out_features=64, bias=True)
        (4): Dropout(p=0.5, inplace=False)
      )
      (norm3): LayerNorm((64,), eps=1e-05, elementwise_affine=True)
    )
  )
  (dynamic_layers): ModuleList(
    (0-1): 2 x EMAStream(
      (proj): Linear(in_features=64, out_features=64, bias=True)
    )
  )
  (weavers): ModuleList(
    (0-1): 2 x StreamWeaver(
      (proj): Linear(in_features=128, out_features=64, bias=True)
      (norm): LayerNorm((64,), eps=1e-05, elementwise_affine=True)
    )
  )
  (loss_fct): CrossEntropyLoss()
)
Trainable parameters: 374337.0
Mon 09 Feb 2026 10:50:54 INFO  FLOPs: 6371328.0
Mon 09 Feb 2026 10:51:27 INFO  epoch 0 training [time: 32.23s, train loss: 2459.9306]
Mon 09 Feb 2026 10:51:30 INFO  epoch 0 evaluating [time: 2.24s, valid_score: 0.272000]
Mon 09 Feb 2026 10:51:30 INFO  valid result: 
hit@10 : 0.6543    ndcg@10 : 0.3614    mrr@10 : 0.272
Mon 09 Feb 2026 10:51:30 INFO  Saving current: saved\TimeWeaver-Feb-09-2026_10-50-54.pth
Mon 09 Feb 2026 10:52:02 INFO  epoch 1 training [time: 31.88s, train loss: 2252.4939]
Mon 09 Feb 2026 10:52:04 INFO  epoch 1 evaluating [time: 2.13s, valid_score: 0.303800]
Mon 09 Feb 2026 10:52:04 INFO  valid result: 
hit@10 : 0.6702    ndcg@10 : 0.39    mrr@10 : 0.3038
Mon 09 Feb 2026 10:52:04 INFO  Saving current: saved\TimeWeaver-Feb-09-2026_10-50-54.pth
Mon 09 Feb 2026 10:52:34 INFO  epoch 2 training [time: 30.73s, train loss: 2211.0458]
Mon 09 Feb 2026 10:52:37 INFO  epoch 2 evaluating [time: 2.20s, valid_score: 0.328600]
Mon 09 Feb 2026 10:52:37 INFO  valid result: 
hit@10 : 0.7105    ndcg@10 : 0.4182    mrr@10 : 0.3286
Mon 09 Feb 2026 10:52:37 INFO  Saving current: saved\TimeWeaver-Feb-09-2026_10-50-54.pth
Mon 09 Feb 2026 10:53:08 INFO  epoch 3 training [time: 31.61s, train loss: 2186.2433]
Mon 09 Feb 2026 10:53:10 INFO  epoch 3 evaluating [time: 2.19s, valid_score: 0.323100]
Mon 09 Feb 2026 10:53:10 INFO  valid result: 
hit@10 : 0.7137    ndcg@10 : 0.4153    mrr@10 : 0.3231
Mon 09 Feb 2026 10:53:42 INFO  epoch 4 training [time: 31.46s, train loss: 2168.6099]
Mon 09 Feb 2026 10:53:44 INFO  epoch 4 evaluating [time: 2.21s, valid_score: 0.334600]
Mon 09 Feb 2026 10:53:44 INFO  valid result: 
hit@10 : 0.7349    ndcg@10 : 0.4293    mrr@10 : 0.3346
Mon 09 Feb 2026 10:53:44 INFO  Saving current: saved\TimeWeaver-Feb-09-2026_10-50-54.pth
Mon 09 Feb 2026 10:54:16 INFO  epoch 5 training [time: 31.86s, train loss: 2155.4069]
Mon 09 Feb 2026 10:54:18 INFO  epoch 5 evaluating [time: 2.21s, valid_score: 0.332500]
Mon 09 Feb 2026 10:54:18 INFO  valid result: 
hit@10 : 0.7105    ndcg@10 : 0.4224    mrr@10 : 0.3325
Mon 09 Feb 2026 10:54:50 INFO  epoch 6 training [time: 31.62s, train loss: 2145.7782]
Mon 09 Feb 2026 10:54:52 INFO  epoch 6 evaluating [time: 2.18s, valid_score: 0.327700]
Mon 09 Feb 2026 10:54:52 INFO  valid result: 
hit@10 : 0.7402    ndcg@10 : 0.4252    mrr@10 : 0.3277
Mon 09 Feb 2026 10:55:25 INFO  epoch 7 training [time: 32.75s, train loss: 2136.6188]
Mon 09 Feb 2026 10:55:27 INFO  epoch 7 evaluating [time: 2.20s, valid_score: 0.343500]
Mon 09 Feb 2026 10:55:27 INFO  valid result: 
hit@10 : 0.7359    ndcg@10 : 0.4364    mrr@10 : 0.3435
Mon 09 Feb 2026 10:55:27 INFO  Saving current: saved\TimeWeaver-Feb-09-2026_10-50-54.pth
Mon 09 Feb 2026 10:55:59 INFO  epoch 8 training [time: 32.11s, train loss: 2129.8756]
Mon 09 Feb 2026 10:56:01 INFO  epoch 8 evaluating [time: 2.19s, valid_score: 0.350200]
Mon 09 Feb 2026 10:56:01 INFO  valid result: 
hit@10 : 0.7232    ndcg@10 : 0.4388    mrr@10 : 0.3502
Mon 09 Feb 2026 10:56:01 INFO  Saving current: saved\TimeWeaver-Feb-09-2026_10-50-54.pth
Mon 09 Feb 2026 10:56:32 INFO  epoch 9 training [time: 30.82s, train loss: 2121.5733]
Mon 09 Feb 2026 10:56:34 INFO  epoch 9 evaluating [time: 2.19s, valid_score: 0.343400]
Mon 09 Feb 2026 10:56:34 INFO  valid result: 
hit@10 : 0.737    ndcg@10 : 0.4363    mrr@10 : 0.3434
Mon 09 Feb 2026 10:57:06 INFO  epoch 10 training [time: 31.29s, train loss: 2116.0456]
Mon 09 Feb 2026 10:57:08 INFO  epoch 10 evaluating [time: 2.12s, valid_score: 0.337300]
Mon 09 Feb 2026 10:57:08 INFO  valid result: 
hit@10 : 0.7243    ndcg@10 : 0.4289    mrr@10 : 0.3373
Mon 09 Feb 2026 10:57:39 INFO  epoch 11 training [time: 31.36s, train loss: 2110.2675]
Mon 09 Feb 2026 10:57:41 INFO  epoch 11 evaluating [time: 2.16s, valid_score: 0.341900]
Mon 09 Feb 2026 10:57:41 INFO  valid result: 
hit@10 : 0.7328    ndcg@10 : 0.4345    mrr@10 : 0.3419
Mon 09 Feb 2026 10:58:13 INFO  epoch 12 training [time: 31.37s, train loss: 2105.7744]
Mon 09 Feb 2026 10:58:15 INFO  epoch 12 evaluating [time: 2.17s, valid_score: 0.344400]
Mon 09 Feb 2026 10:58:15 INFO  valid result: 
hit@10 : 0.7434    ndcg@10 : 0.4385    mrr@10 : 0.3444
Mon 09 Feb 2026 10:58:46 INFO  epoch 13 training [time: 31.10s, train loss: 2101.1989]
Mon 09 Feb 2026 10:58:48 INFO  epoch 13 evaluating [time: 2.14s, valid_score: 0.345400]
Mon 09 Feb 2026 10:58:48 INFO  valid result: 
hit@10 : 0.7402    ndcg@10 : 0.4388    mrr@10 : 0.3454
Mon 09 Feb 2026 10:59:20 INFO  epoch 14 training [time: 32.12s, train loss: 2096.5299]
Mon 09 Feb 2026 10:59:22 INFO  epoch 14 evaluating [time: 2.18s, valid_score: 0.338700]
Mon 09 Feb 2026 10:59:22 INFO  valid result: 
hit@10 : 0.7328    ndcg@10 : 0.4318    mrr@10 : 0.3387
Mon 09 Feb 2026 10:59:54 INFO  epoch 15 training [time: 32.05s, train loss: 2093.3099]
Mon 09 Feb 2026 10:59:57 INFO  epoch 15 evaluating [time: 2.27s, valid_score: 0.362700]
Mon 09 Feb 2026 10:59:57 INFO  valid result: 
hit@10 : 0.7423    ndcg@10 : 0.4522    mrr@10 : 0.3627
Mon 09 Feb 2026 10:59:57 INFO  Saving current: saved\TimeWeaver-Feb-09-2026_10-50-54.pth
Mon 09 Feb 2026 11:00:27 INFO  epoch 16 training [time: 30.69s, train loss: 2089.6220]
Mon 09 Feb 2026 11:00:29 INFO  epoch 16 evaluating [time: 2.08s, valid_score: 0.345400]
Mon 09 Feb 2026 11:00:29 INFO  valid result: 
hit@10 : 0.7296    ndcg@10 : 0.4366    mrr@10 : 0.3454
Mon 09 Feb 2026 11:01:01 INFO  epoch 17 training [time: 31.21s, train loss: 2085.6062]
Mon 09 Feb 2026 11:01:03 INFO  epoch 17 evaluating [time: 2.14s, valid_score: 0.333200]
Mon 09 Feb 2026 11:01:03 INFO  valid result: 
hit@10 : 0.7253    ndcg@10 : 0.4264    mrr@10 : 0.3332
Mon 09 Feb 2026 11:01:34 INFO  epoch 18 training [time: 30.81s, train loss: 2082.4708]
Mon 09 Feb 2026 11:01:36 INFO  epoch 18 evaluating [time: 2.15s, valid_score: 0.343600]
Mon 09 Feb 2026 11:01:36 INFO  valid result: 
hit@10 : 0.7285    ndcg@10 : 0.4341    mrr@10 : 0.3436
Mon 09 Feb 2026 11:02:08 INFO  epoch 19 training [time: 31.73s, train loss: 2078.8130]
Mon 09 Feb 2026 11:02:10 INFO  epoch 19 evaluating [time: 2.16s, valid_score: 0.351100]
Mon 09 Feb 2026 11:02:10 INFO  valid result: 
hit@10 : 0.7275    ndcg@10 : 0.4405    mrr@10 : 0.3511
Mon 09 Feb 2026 11:02:41 INFO  epoch 20 training [time: 31.23s, train loss: 2076.6758]
Mon 09 Feb 2026 11:02:43 INFO  epoch 20 evaluating [time: 2.08s, valid_score: 0.344800]
Mon 09 Feb 2026 11:02:43 INFO  valid result: 
hit@10 : 0.737    ndcg@10 : 0.438    mrr@10 : 0.3448
Mon 09 Feb 2026 11:03:15 INFO  epoch 21 training [time: 31.67s, train loss: 2074.3915]
Mon 09 Feb 2026 11:03:17 INFO  epoch 21 evaluating [time: 2.09s, valid_score: 0.339500]
Mon 09 Feb 2026 11:03:17 INFO  valid result: 
hit@10 : 0.719    ndcg@10 : 0.4299    mrr@10 : 0.3395
Mon 09 Feb 2026 11:03:49 INFO  epoch 22 training [time: 32.36s, train loss: 2071.0814]
Mon 09 Feb 2026 11:03:51 INFO  epoch 22 evaluating [time: 2.20s, valid_score: 0.346900]
Mon 09 Feb 2026 11:03:51 INFO  valid result: 
hit@10 : 0.7349    ndcg@10 : 0.4391    mrr@10 : 0.3469
Mon 09 Feb 2026 11:04:22 INFO  epoch 23 training [time: 30.93s, train loss: 2068.8947]
Mon 09 Feb 2026 11:04:24 INFO  epoch 23 evaluating [time: 2.10s, valid_score: 0.347500]
Mon 09 Feb 2026 11:04:24 INFO  valid result: 
hit@10 : 0.7359    ndcg@10 : 0.4393    mrr@10 : 0.3475
Mon 09 Feb 2026 11:04:55 INFO  epoch 24 training [time: 31.09s, train loss: 2066.2510]
Mon 09 Feb 2026 11:04:58 INFO  epoch 24 evaluating [time: 2.16s, valid_score: 0.357300]
Mon 09 Feb 2026 11:04:58 INFO  valid result: 
hit@10 : 0.7381    ndcg@10 : 0.4473    mrr@10 : 0.3573
Mon 09 Feb 2026 11:05:28 INFO  epoch 25 training [time: 30.80s, train loss: 2064.9296]
Mon 09 Feb 2026 11:05:31 INFO  epoch 25 evaluating [time: 2.13s, valid_score: 0.340900]
Mon 09 Feb 2026 11:05:31 INFO  valid result: 
hit@10 : 0.7306    ndcg@10 : 0.4329    mrr@10 : 0.3409
Mon 09 Feb 2026 11:06:03 INFO  epoch 26 training [time: 32.46s, train loss: 2062.3631]
Mon 09 Feb 2026 11:06:05 INFO  epoch 26 evaluating [time: 2.20s, valid_score: 0.348500]
Mon 09 Feb 2026 11:06:05 INFO  valid result: 
hit@10 : 0.7391    ndcg@10 : 0.4408    mrr@10 : 0.3485
Mon 09 Feb 2026 11:06:05 INFO  Finished training, best eval result in epoch 15
Mon 09 Feb 2026 11:06:05 INFO  Loading model structure and parameters from saved\TimeWeaver-Feb-09-2026_10-50-54.pth
Mon 09 Feb 2026 11:06:08 INFO  The running environment of this training is as follows:
+-------------+----------------+
| Environment |     Usage      |
+=============+================+
| CPU         |     9.90 %     |
+-------------+----------------+
| GPU         | 0.28 G/6.00 G  |
+-------------+----------------+
| Memory      | 1.53 G/15.63 G |
+-------------+----------------+
Mon 09 Feb 2026 11:06:08 INFO  best valid : OrderedDict([('hit@10', 0.7423), ('ndcg@10', 0.4522), ('mrr@10', 0.3627)])
Mon 09 Feb 2026 11:06:08 INFO  test result: OrderedDict([('hit@10', 0.6999), ('ndcg@10', 0.4217), ('mrr@10', 0.3354)])
