Mon 09 Feb 2026 15:45:02 INFO  ['F:\\桌面\\recommendation_system\\scripts\\run_grid.py', '--models', 'timeweaver', '--datasets', 'ml-100k', '--seeds', '42', '--device', 'gpu', '--timeweaver-variant', 'base', '--tag', 'e0p1_k5_d0p2_l1_f256_b1000', '--output', 'results/run_grid_timeweaver_tune.json', '--tw-ema-decay', '0.1', '--tw-tcn-kernel', '5', '--tw-hidden-dropout', '0.2', '--tw-num-layers', '1', '--tw-ffn-hidden', '256', '--tw-time-bucket', '1000']
Mon 09 Feb 2026 15:45:02 INFO  
General Hyper Parameters:
gpu_id = 0
use_gpu = True
seed = 42
state = INFO
reproducibility = True
data_path = F:\anaconda3\envs\rec39\Lib\site-packages\recbole\config\../dataset_example/ml-100k
checkpoint_dir = saved
show_progress = True
save_dataset = False
dataset_save_path = None
save_dataloaders = False
dataloaders_save_path = None
log_wandb = False

Training Hyper Parameters:
epochs = 100
train_batch_size = 256
learner = adam
learning_rate = 0.001
train_neg_sample_args = {'distribution': 'none', 'sample_num': 'none', 'alpha': 'none', 'dynamic': False, 'candidate_num': 0}
eval_step = 1
stopping_step = 10
clip_grad_norm = None
weight_decay = 0.0
loss_decimal_place = 4

Evaluation Hyper Parameters:
eval_args = {'split': {'LS': 'valid_and_test'}, 'order': 'TO', 'group_by': 'user', 'mode': {'valid': 'uni100', 'test': 'uni100'}}
repeatable = True
metrics = ['Hit', 'NDCG', 'MRR']
topk = [10]
valid_metric = MRR@10
valid_metric_bigger = True
eval_batch_size = 512
metric_decimal_place = 4

Dataset Hyper Parameters:
field_separator = 	
seq_separator =  
USER_ID_FIELD = user_id
ITEM_ID_FIELD = item_id
RATING_FIELD = rating
TIME_FIELD = timestamp
seq_len = None
LABEL_FIELD = label
threshold = None
NEG_PREFIX = neg_
load_col = {'inter': ['user_id', 'item_id', 'rating', 'timestamp'], 'user': ['user_id', 'age', 'gender', 'occupation', 'zip_code'], 'item': ['item_id', 'movie_title', 'release_year', 'class']}
unload_col = None
unused_col = None
additional_feat_suffix = None
rm_dup_inter = None
val_interval = None
filter_inter_by_user_or_item = True
user_inter_num_interval = None
item_inter_num_interval = None
alias_of_user_id = None
alias_of_item_id = None
alias_of_entity_id = None
alias_of_relation_id = None
preload_weight = None
normalize_field = None
normalize_all = True
ITEM_LIST_LENGTH_FIELD = item_length
LIST_SUFFIX = _list
MAX_ITEM_LIST_LENGTH = 32
POSITION_FIELD = position_id
HEAD_ENTITY_ID_FIELD = head_id
TAIL_ENTITY_ID_FIELD = tail_id
RELATION_ID_FIELD = relation_id
ENTITY_ID_FIELD = entity_id
kg_reverse_r = False
entity_kg_num_interval = None
relation_kg_num_interval = None
benchmark_filename = None

Other Hyper Parameters: 
worker = 0
wandb_project = recbole
shuffle = True
require_pow = False
enable_amp = False
enable_scaler = False
transform = None
numerical_features = []
discretization = None
MODEL_TYPE = ModelType.SEQUENTIAL
model_name = TimeWeaver
hidden_size = 64
num_layers = 1
hidden_dropout_prob = 0.2
initializer_range = 0.02
time_bucket_size = 1000
ema_decay = 0.1
tcn_kernel_size = 5
ffn_hidden_size = 256
loss_type = CE
early_stop = 10
neg_sampling = None
device = cuda
use_continuous_time = False
use_time_gate = False
use_time_augmentation = False
MODEL_INPUT_TYPE = InputType.POINTWISE
eval_type = EvaluatorType.RANKING
single_spec = True
local_rank = 0
valid_neg_sample_args = {'distribution': 'uniform', 'sample_num': 100}
test_neg_sample_args = {'distribution': 'uniform', 'sample_num': 100}


Mon 09 Feb 2026 15:45:03 INFO  ml-100k
The number of users: 944
Average actions of users: 106.04453870625663
The number of items: 1683
Average actions of items: 59.45303210463734
The number of inters: 100000
The sparsity of the dataset: 93.70575143257098%
Remain Fields: ['user_id', 'item_id', 'rating', 'timestamp', 'age', 'gender', 'occupation', 'zip_code', 'movie_title', 'release_year', 'class']
Mon 09 Feb 2026 15:45:04 INFO  [Training]: train_batch_size = [256] train_neg_sample_args: [{'distribution': 'none', 'sample_num': 'none', 'alpha': 'none', 'dynamic': False, 'candidate_num': 0}]
Mon 09 Feb 2026 15:45:04 INFO  [Evaluation]: eval_batch_size = [512] eval_args: [{'split': {'LS': 'valid_and_test'}, 'order': 'TO', 'group_by': 'user', 'mode': {'valid': 'uni100', 'test': 'uni100'}}]
Mon 09 Feb 2026 15:45:04 INFO  TimeWeaver(
  (item_embedding): Embedding(1683, 64, padding_idx=0)
  (time_aug): TimeAwareAugmentation(
    (pos_embedding): Embedding(32, 64)
    (time_embedding): Embedding(1000, 64)
    (layer_norm): LayerNorm((64,), eps=1e-05, elementwise_affine=True)
    (drop): Dropout(p=0.2, inplace=False)
  )
  (context_layers): ModuleList(
    (0): TCNNextBlock(
      (dw): DepthwiseConv1d(
        (conv): Conv1d(64, 64, kernel_size=(5,), stride=(1,), padding=(2,), groups=64)
        (bn): BatchNorm1d(64, eps=1e-05, momentum=0.1, affine=True, track_running_stats=True)
        (drop): Dropout(p=0.2, inplace=False)
      )
      (norm1): LayerNorm((64,), eps=1e-05, elementwise_affine=True)
      (conv_inter): ParallelConvInter(
        (conv1): Conv1d(64, 64, kernel_size=(1,), stride=(1,))
        (conv3): Conv1d(64, 64, kernel_size=(3,), stride=(1,), padding=(1,))
        (proj): Conv1d(64, 64, kernel_size=(1,), stride=(1,))
        (drop): Dropout(p=0.2, inplace=False)
      )
      (norm2): LayerNorm((64,), eps=1e-05, elementwise_affine=True)
      (ffn): Sequential(
        (0): Linear(in_features=64, out_features=256, bias=True)
        (1): GELU(approximate='none')
        (2): Dropout(p=0.2, inplace=False)
        (3): Linear(in_features=256, out_features=64, bias=True)
        (4): Dropout(p=0.2, inplace=False)
      )
      (norm3): LayerNorm((64,), eps=1e-05, elementwise_affine=True)
    )
  )
  (dynamic_layers): ModuleList(
    (0): EMAStream(
      (proj): Linear(in_features=64, out_features=64, bias=True)
    )
  )
  (weavers): ModuleList(
    (0): StreamWeaver(
      (proj): Linear(in_features=128, out_features=64, bias=True)
      (norm): LayerNorm((64,), eps=1e-05, elementwise_affine=True)
    )
  )
  (loss_fct): CrossEntropyLoss()
)
Trainable parameters: 241089.0
Mon 09 Feb 2026 15:45:05 INFO  FLOPs: 2142208.0
Mon 09 Feb 2026 15:45:24 INFO  epoch 0 training [time: 18.07s, train loss: 2421.9091]
Mon 09 Feb 2026 15:45:26 INFO  epoch 0 evaluating [time: 1.81s, valid_score: 0.286300]
Mon 09 Feb 2026 15:45:26 INFO  valid result: 
hit@10 : 0.6638    ndcg@10 : 0.3748    mrr@10 : 0.2863
Mon 09 Feb 2026 15:45:26 INFO  Saving current: saved\TimeWeaver-Feb-09-2026_15-45-05.pth
Mon 09 Feb 2026 15:45:45 INFO  epoch 1 training [time: 18.89s, train loss: 2229.9201]
Mon 09 Feb 2026 15:45:46 INFO  epoch 1 evaluating [time: 1.77s, valid_score: 0.330000]
Mon 09 Feb 2026 15:45:46 INFO  valid result: 
hit@10 : 0.7041    ndcg@10 : 0.4179    mrr@10 : 0.33
Mon 09 Feb 2026 15:45:46 INFO  Saving current: saved\TimeWeaver-Feb-09-2026_15-45-05.pth
Mon 09 Feb 2026 15:46:05 INFO  epoch 2 training [time: 19.03s, train loss: 2182.8247]
Mon 09 Feb 2026 15:46:07 INFO  epoch 2 evaluating [time: 1.77s, valid_score: 0.343000]
Mon 09 Feb 2026 15:46:07 INFO  valid result: 
hit@10 : 0.7126    ndcg@10 : 0.4301    mrr@10 : 0.343
Mon 09 Feb 2026 15:46:07 INFO  Saving current: saved\TimeWeaver-Feb-09-2026_15-45-05.pth
Mon 09 Feb 2026 15:46:26 INFO  epoch 3 training [time: 19.03s, train loss: 2153.5576]
Mon 09 Feb 2026 15:46:28 INFO  epoch 3 evaluating [time: 1.78s, valid_score: 0.343000]
Mon 09 Feb 2026 15:46:28 INFO  valid result: 
hit@10 : 0.7296    ndcg@10 : 0.4345    mrr@10 : 0.343
Mon 09 Feb 2026 15:46:28 INFO  Saving current: saved\TimeWeaver-Feb-09-2026_15-45-05.pth
Mon 09 Feb 2026 15:46:47 INFO  epoch 4 training [time: 18.70s, train loss: 2131.8783]
Mon 09 Feb 2026 15:46:48 INFO  epoch 4 evaluating [time: 1.77s, valid_score: 0.362100]
Mon 09 Feb 2026 15:46:48 INFO  valid result: 
hit@10 : 0.7476    ndcg@10 : 0.4529    mrr@10 : 0.3621
Mon 09 Feb 2026 15:46:48 INFO  Saving current: saved\TimeWeaver-Feb-09-2026_15-45-05.pth
Mon 09 Feb 2026 15:47:08 INFO  epoch 5 training [time: 19.11s, train loss: 2116.4351]
Mon 09 Feb 2026 15:47:09 INFO  epoch 5 evaluating [time: 1.87s, valid_score: 0.343100]
Mon 09 Feb 2026 15:47:09 INFO  valid result: 
hit@10 : 0.7306    ndcg@10 : 0.4348    mrr@10 : 0.3431
Mon 09 Feb 2026 15:47:29 INFO  epoch 6 training [time: 19.86s, train loss: 2102.5620]
Mon 09 Feb 2026 15:47:31 INFO  epoch 6 evaluating [time: 1.88s, valid_score: 0.328400]
Mon 09 Feb 2026 15:47:31 INFO  valid result: 
hit@10 : 0.7476    ndcg@10 : 0.4271    mrr@10 : 0.3284
Mon 09 Feb 2026 15:47:51 INFO  epoch 7 training [time: 19.43s, train loss: 2091.1491]
Mon 09 Feb 2026 15:47:53 INFO  epoch 7 evaluating [time: 1.91s, valid_score: 0.344900]
Mon 09 Feb 2026 15:47:53 INFO  valid result: 
hit@10 : 0.7413    ndcg@10 : 0.4385    mrr@10 : 0.3449
Mon 09 Feb 2026 15:48:12 INFO  epoch 8 training [time: 19.10s, train loss: 2082.6240]
Mon 09 Feb 2026 15:48:13 INFO  epoch 8 evaluating [time: 1.79s, valid_score: 0.347400]
Mon 09 Feb 2026 15:48:13 INFO  valid result: 
hit@10 : 0.7359    ndcg@10 : 0.4394    mrr@10 : 0.3474
Mon 09 Feb 2026 15:48:32 INFO  epoch 9 training [time: 18.63s, train loss: 2074.2766]
Mon 09 Feb 2026 15:48:34 INFO  epoch 9 evaluating [time: 1.85s, valid_score: 0.346300]
Mon 09 Feb 2026 15:48:34 INFO  valid result: 
hit@10 : 0.7434    ndcg@10 : 0.4401    mrr@10 : 0.3463
Mon 09 Feb 2026 15:48:53 INFO  epoch 10 training [time: 19.25s, train loss: 2066.5754]
Mon 09 Feb 2026 15:48:55 INFO  epoch 10 evaluating [time: 1.78s, valid_score: 0.330800]
Mon 09 Feb 2026 15:48:55 INFO  valid result: 
hit@10 : 0.7275    ndcg@10 : 0.4245    mrr@10 : 0.3308
Mon 09 Feb 2026 15:49:14 INFO  epoch 11 training [time: 18.77s, train loss: 2059.5935]
Mon 09 Feb 2026 15:49:15 INFO  epoch 11 evaluating [time: 1.74s, valid_score: 0.341400]
Mon 09 Feb 2026 15:49:15 INFO  valid result: 
hit@10 : 0.737    ndcg@10 : 0.4348    mrr@10 : 0.3414
Mon 09 Feb 2026 15:49:34 INFO  epoch 12 training [time: 18.65s, train loss: 2053.2098]
Mon 09 Feb 2026 15:49:36 INFO  epoch 12 evaluating [time: 1.79s, valid_score: 0.340500]
Mon 09 Feb 2026 15:49:36 INFO  valid result: 
hit@10 : 0.7476    ndcg@10 : 0.4365    mrr@10 : 0.3405
Mon 09 Feb 2026 15:49:55 INFO  epoch 13 training [time: 18.99s, train loss: 2048.1133]
Mon 09 Feb 2026 15:49:57 INFO  epoch 13 evaluating [time: 1.84s, valid_score: 0.337200]
Mon 09 Feb 2026 15:49:57 INFO  valid result: 
hit@10 : 0.7232    ndcg@10 : 0.4285    mrr@10 : 0.3372
Mon 09 Feb 2026 15:50:16 INFO  epoch 14 training [time: 19.04s, train loss: 2042.4873]
Mon 09 Feb 2026 15:50:18 INFO  epoch 14 evaluating [time: 1.86s, valid_score: 0.329800]
Mon 09 Feb 2026 15:50:18 INFO  valid result: 
hit@10 : 0.7264    ndcg@10 : 0.4235    mrr@10 : 0.3298
Mon 09 Feb 2026 15:50:36 INFO  epoch 15 training [time: 18.90s, train loss: 2037.5322]
Mon 09 Feb 2026 15:50:38 INFO  epoch 15 evaluating [time: 1.74s, valid_score: 0.357700]
Mon 09 Feb 2026 15:50:38 INFO  valid result: 
hit@10 : 0.7285    ndcg@10 : 0.4456    mrr@10 : 0.3577
Mon 09 Feb 2026 15:50:38 INFO  Finished training, best eval result in epoch 4
Mon 09 Feb 2026 15:50:38 INFO  Loading model structure and parameters from saved\TimeWeaver-Feb-09-2026_15-45-05.pth
Mon 09 Feb 2026 15:50:41 INFO  The running environment of this training is as follows:
+-------------+----------------+
| Environment |     Usage      |
+=============+================+
| CPU         |     7.50 %     |
+-------------+----------------+
| GPU         | 0.11 G/6.00 G  |
+-------------+----------------+
| Memory      | 1.53 G/15.63 G |
+-------------+----------------+
Mon 09 Feb 2026 15:50:41 INFO  best valid : OrderedDict([('hit@10', 0.7476), ('ndcg@10', 0.4529), ('mrr@10', 0.3621)])
Mon 09 Feb 2026 15:50:41 INFO  test result: OrderedDict([('hit@10', 0.701), ('ndcg@10', 0.413), ('mrr@10', 0.3242)])
