Wed 25 Feb 2026 01:38:24 INFO  ['F:\\桌面\\recommendation_system\\scripts\\run_grid.py', '--models', 'timeweaver', '--datasets', 'amazon-beauty-5core-subset-full', '--timeweaver-variant', 'base', '--seeds', '42,2023,2024', '--device', 'gpu', '--output', 'results/timeweaver_ablations_all_full.json', '--skip-if-done']
Wed 25 Feb 2026 01:38:24 INFO  
General Hyper Parameters:
gpu_id = 0
use_gpu = True
seed = 42
state = INFO
reproducibility = True
data_path = data/amazon\amazon-beauty-5core-subset
checkpoint_dir = saved
show_progress = True
save_dataset = False
dataset_save_path = None
save_dataloaders = False
dataloaders_save_path = None
log_wandb = False

Training Hyper Parameters:
epochs = 100
train_batch_size = 256
learner = adam
learning_rate = 0.001
train_neg_sample_args = {'distribution': 'none', 'sample_num': 'none', 'alpha': 'none', 'dynamic': False, 'candidate_num': 0}
eval_step = 1
stopping_step = 10
clip_grad_norm = None
weight_decay = 0.0
loss_decimal_place = 4

Evaluation Hyper Parameters:
eval_args = {'split': {'LS': 'valid_and_test'}, 'order': 'TO', 'group_by': 'user', 'mode': {'valid': 'full', 'test': 'full'}}
repeatable = True
metrics = ['Hit', 'NDCG', 'MRR']
topk = [10]
valid_metric = Hit@10
valid_metric_bigger = True
eval_batch_size = 512
metric_decimal_place = 4

Dataset Hyper Parameters:
field_separator = 	
seq_separator =  
USER_ID_FIELD = user_id
ITEM_ID_FIELD = item_id
RATING_FIELD = rating
TIME_FIELD = timestamp
seq_len = None
LABEL_FIELD = label
threshold = None
NEG_PREFIX = neg_
load_col = {'inter': ['user_id', 'item_id', 'rating', 'timestamp']}
unload_col = None
unused_col = None
additional_feat_suffix = None
rm_dup_inter = None
val_interval = None
filter_inter_by_user_or_item = True
user_inter_num_interval = [0,inf)
item_inter_num_interval = [0,inf)
alias_of_user_id = None
alias_of_item_id = None
alias_of_entity_id = None
alias_of_relation_id = None
preload_weight = None
normalize_field = None
normalize_all = None
ITEM_LIST_LENGTH_FIELD = item_length
LIST_SUFFIX = _list
MAX_ITEM_LIST_LENGTH = 32
POSITION_FIELD = position_id
HEAD_ENTITY_ID_FIELD = head_id
TAIL_ENTITY_ID_FIELD = tail_id
RELATION_ID_FIELD = relation_id
ENTITY_ID_FIELD = entity_id
benchmark_filename = None

Other Hyper Parameters: 
worker = 0
wandb_project = recbole
shuffle = True
require_pow = False
enable_amp = False
enable_scaler = False
transform = None
numerical_features = []
discretization = None
kg_reverse_r = False
entity_kg_num_interval = [0,inf)
relation_kg_num_interval = [0,inf)
MODEL_TYPE = ModelType.SEQUENTIAL
model_name = TimeWeaver
hidden_size = 64
num_layers = 2
hidden_dropout_prob = 0.5
initializer_range = 0.02
time_bucket_size = 1000
ema_decay = 0.5
tcn_kernel_size = -1
ffn_hidden_size = 256
loss_type = CE
early_stop = 10
neg_sampling = None
device = cuda
use_continuous_time = False
use_time_gate = False
use_time_augmentation = False
MODEL_INPUT_TYPE = InputType.POINTWISE
eval_type = EvaluatorType.RANKING
single_spec = True
local_rank = 0
valid_neg_sample_args = {'distribution': 'uniform', 'sample_num': 'none'}
test_neg_sample_args = {'distribution': 'uniform', 'sample_num': 'none'}


Wed 25 Feb 2026 01:38:24 INFO  amazon-beauty-5core-subset
The number of users: 7001
Average actions of users: 15.458
The number of items: 11924
Average actions of items: 9.075400486454752
The number of inters: 108206
The sparsity of the dataset: 99.87038081155896%
Remain Fields: ['user_id', 'item_id', 'rating', 'timestamp']
Wed 25 Feb 2026 01:38:26 INFO  [Training]: train_batch_size = [256] train_neg_sample_args: [{'distribution': 'none', 'sample_num': 'none', 'alpha': 'none', 'dynamic': False, 'candidate_num': 0}]
Wed 25 Feb 2026 01:38:26 INFO  [Evaluation]: eval_batch_size = [512] eval_args: [{'split': {'LS': 'valid_and_test'}, 'order': 'TO', 'group_by': 'user', 'mode': {'valid': 'full', 'test': 'full'}}]
Wed 25 Feb 2026 01:38:26 INFO  TimeWeaver(
  (item_embedding): Embedding(11924, 64, padding_idx=0)
  (time_aug): TimeAwareAugmentation(
    (pos_embedding): Embedding(32, 64)
    (time_embedding): Embedding(1000, 64)
    (layer_norm): LayerNorm((64,), eps=1e-05, elementwise_affine=True)
    (drop): Dropout(p=0.5, inplace=False)
  )
  (context_layers): ModuleList(
    (0-1): 2 x TCNNextBlock(
      (dw): DepthwiseConv1d(
        (conv): Conv1d(64, 64, kernel_size=(11,), stride=(1,), padding=(5,), groups=64)
        (bn): BatchNorm1d(64, eps=1e-05, momentum=0.1, affine=True, track_running_stats=True)
        (drop): Dropout(p=0.5, inplace=False)
      )
      (norm1): LayerNorm((64,), eps=1e-05, elementwise_affine=True)
      (conv_inter): ParallelConvInter(
        (conv1): Conv1d(64, 64, kernel_size=(1,), stride=(1,))
        (conv3): Conv1d(64, 64, kernel_size=(3,), stride=(1,), padding=(1,))
        (proj): Conv1d(64, 64, kernel_size=(1,), stride=(1,))
        (drop): Dropout(p=0.5, inplace=False)
      )
      (norm2): LayerNorm((64,), eps=1e-05, elementwise_affine=True)
      (ffn): Sequential(
        (0): Linear(in_features=64, out_features=256, bias=True)
        (1): GELU(approximate='none')
        (2): Dropout(p=0.5, inplace=False)
        (3): Linear(in_features=256, out_features=64, bias=True)
        (4): Dropout(p=0.5, inplace=False)
      )
      (norm3): LayerNorm((64,), eps=1e-05, elementwise_affine=True)
    )
  )
  (dynamic_layers): ModuleList(
    (0-1): 2 x EMAStream(
      (proj): Linear(in_features=64, out_features=64, bias=True)
    )
  )
  (weavers): ModuleList(
    (0-1): 2 x StreamWeaver(
      (proj): Linear(in_features=128, out_features=64, bias=True)
      (norm): LayerNorm((64,), eps=1e-05, elementwise_affine=True)
    )
  )
  (loss_fct): CrossEntropyLoss()
)
Trainable parameters: 964481.0
Wed 25 Feb 2026 01:38:27 INFO  FLOPs: 4298752.0
Wed 25 Feb 2026 01:38:57 INFO  epoch 0 training [time: 28.35s, train loss: 2936.2302]
Wed 25 Feb 2026 01:38:57 INFO  epoch 0 evaluating [time: 0.24s, valid_score: 0.018100]
Wed 25 Feb 2026 01:38:57 INFO  valid result: 
hit@10 : 0.0181    ndcg@10 : 0.0085    mrr@10 : 0.0056
Wed 25 Feb 2026 01:38:57 INFO  Saving current: saved\TimeWeaver-Feb-25-2026_01-38-27.pth
Wed 25 Feb 2026 01:39:27 INFO  epoch 1 training [time: 29.93s, train loss: 2708.9912]
Wed 25 Feb 2026 01:39:27 INFO  epoch 1 evaluating [time: 0.21s, valid_score: 0.046300]
Wed 25 Feb 2026 01:39:27 INFO  valid result: 
hit@10 : 0.0463    ndcg@10 : 0.0216    mrr@10 : 0.0143
Wed 25 Feb 2026 01:39:27 INFO  Saving current: saved\TimeWeaver-Feb-25-2026_01-38-27.pth
Wed 25 Feb 2026 01:39:57 INFO  epoch 2 training [time: 30.12s, train loss: 2563.1766]
Wed 25 Feb 2026 01:39:58 INFO  epoch 2 evaluating [time: 0.22s, valid_score: 0.068600]
Wed 25 Feb 2026 01:39:58 INFO  valid result: 
hit@10 : 0.0686    ndcg@10 : 0.0347    mrr@10 : 0.0244
Wed 25 Feb 2026 01:39:58 INFO  Saving current: saved\TimeWeaver-Feb-25-2026_01-38-27.pth
Wed 25 Feb 2026 01:40:26 INFO  epoch 3 training [time: 28.75s, train loss: 2446.3307]
Wed 25 Feb 2026 01:40:27 INFO  epoch 3 evaluating [time: 0.21s, valid_score: 0.081300]
Wed 25 Feb 2026 01:40:27 INFO  valid result: 
hit@10 : 0.0813    ndcg@10 : 0.04    mrr@10 : 0.0276
Wed 25 Feb 2026 01:40:27 INFO  Saving current: saved\TimeWeaver-Feb-25-2026_01-38-27.pth
Wed 25 Feb 2026 01:40:56 INFO  epoch 4 training [time: 29.80s, train loss: 2349.2199]
Wed 25 Feb 2026 01:40:57 INFO  epoch 4 evaluating [time: 0.24s, valid_score: 0.091000]
Wed 25 Feb 2026 01:40:57 INFO  valid result: 
hit@10 : 0.091    ndcg@10 : 0.047    mrr@10 : 0.0336
Wed 25 Feb 2026 01:40:57 INFO  Saving current: saved\TimeWeaver-Feb-25-2026_01-38-27.pth
Wed 25 Feb 2026 01:41:27 INFO  epoch 5 training [time: 30.50s, train loss: 2266.8681]
Wed 25 Feb 2026 01:41:27 INFO  epoch 5 evaluating [time: 0.20s, valid_score: 0.093000]
Wed 25 Feb 2026 01:41:27 INFO  valid result: 
hit@10 : 0.093    ndcg@10 : 0.0467    mrr@10 : 0.0325
Wed 25 Feb 2026 01:41:27 INFO  Saving current: saved\TimeWeaver-Feb-25-2026_01-38-27.pth
Wed 25 Feb 2026 01:41:57 INFO  epoch 6 training [time: 29.15s, train loss: 2197.9730]
Wed 25 Feb 2026 01:41:57 INFO  epoch 6 evaluating [time: 0.21s, valid_score: 0.095700]
Wed 25 Feb 2026 01:41:57 INFO  valid result: 
hit@10 : 0.0957    ndcg@10 : 0.0474    mrr@10 : 0.0325
Wed 25 Feb 2026 01:41:57 INFO  Saving current: saved\TimeWeaver-Feb-25-2026_01-38-27.pth
Wed 25 Feb 2026 01:42:26 INFO  epoch 7 training [time: 29.49s, train loss: 2140.1599]
Wed 25 Feb 2026 01:42:27 INFO  epoch 7 evaluating [time: 0.24s, valid_score: 0.098600]
Wed 25 Feb 2026 01:42:27 INFO  valid result: 
hit@10 : 0.0986    ndcg@10 : 0.0495    mrr@10 : 0.0345
Wed 25 Feb 2026 01:42:27 INFO  Saving current: saved\TimeWeaver-Feb-25-2026_01-38-27.pth
Wed 25 Feb 2026 01:42:55 INFO  epoch 8 training [time: 28.47s, train loss: 2091.9544]
Wed 25 Feb 2026 01:42:55 INFO  epoch 8 evaluating [time: 0.24s, valid_score: 0.099000]
Wed 25 Feb 2026 01:42:55 INFO  valid result: 
hit@10 : 0.099    ndcg@10 : 0.0486    mrr@10 : 0.0332
Wed 25 Feb 2026 01:42:55 INFO  Saving current: saved\TimeWeaver-Feb-25-2026_01-38-27.pth
Wed 25 Feb 2026 01:43:25 INFO  epoch 9 training [time: 30.08s, train loss: 2050.3441]
Wed 25 Feb 2026 01:43:26 INFO  epoch 9 evaluating [time: 0.23s, valid_score: 0.093900]
Wed 25 Feb 2026 01:43:26 INFO  valid result: 
hit@10 : 0.0939    ndcg@10 : 0.0471    mrr@10 : 0.0327
Wed 25 Feb 2026 01:43:56 INFO  epoch 10 training [time: 30.47s, train loss: 2018.3412]
Wed 25 Feb 2026 01:43:56 INFO  epoch 10 evaluating [time: 0.24s, valid_score: 0.099700]
Wed 25 Feb 2026 01:43:56 INFO  valid result: 
hit@10 : 0.0997    ndcg@10 : 0.0493    mrr@10 : 0.0339
Wed 25 Feb 2026 01:43:56 INFO  Saving current: saved\TimeWeaver-Feb-25-2026_01-38-27.pth
Wed 25 Feb 2026 01:44:25 INFO  epoch 11 training [time: 28.67s, train loss: 1988.3743]
Wed 25 Feb 2026 01:44:25 INFO  epoch 11 evaluating [time: 0.22s, valid_score: 0.098600]
Wed 25 Feb 2026 01:44:25 INFO  valid result: 
hit@10 : 0.0986    ndcg@10 : 0.0503    mrr@10 : 0.0355
Wed 25 Feb 2026 01:44:55 INFO  epoch 12 training [time: 29.89s, train loss: 1962.0102]
Wed 25 Feb 2026 01:44:55 INFO  epoch 12 evaluating [time: 0.23s, valid_score: 0.104900]
Wed 25 Feb 2026 01:44:55 INFO  valid result: 
hit@10 : 0.1049    ndcg@10 : 0.0519    mrr@10 : 0.0358
Wed 25 Feb 2026 01:44:55 INFO  Saving current: saved\TimeWeaver-Feb-25-2026_01-38-27.pth
Wed 25 Feb 2026 01:45:26 INFO  epoch 13 training [time: 30.57s, train loss: 1938.2560]
Wed 25 Feb 2026 01:45:26 INFO  epoch 13 evaluating [time: 0.24s, valid_score: 0.104300]
Wed 25 Feb 2026 01:45:26 INFO  valid result: 
hit@10 : 0.1043    ndcg@10 : 0.0537    mrr@10 : 0.0383
Wed 25 Feb 2026 01:45:56 INFO  epoch 14 training [time: 29.59s, train loss: 1915.7590]
Wed 25 Feb 2026 01:45:56 INFO  epoch 14 evaluating [time: 0.23s, valid_score: 0.101100]
Wed 25 Feb 2026 01:45:56 INFO  valid result: 
hit@10 : 0.1011    ndcg@10 : 0.0506    mrr@10 : 0.0351
Wed 25 Feb 2026 01:46:26 INFO  epoch 15 training [time: 29.68s, train loss: 1898.8907]
Wed 25 Feb 2026 01:46:26 INFO  epoch 15 evaluating [time: 0.23s, valid_score: 0.100300]
Wed 25 Feb 2026 01:46:26 INFO  valid result: 
hit@10 : 0.1003    ndcg@10 : 0.0519    mrr@10 : 0.0372
Wed 25 Feb 2026 01:46:55 INFO  epoch 16 training [time: 29.12s, train loss: 1879.5661]
Wed 25 Feb 2026 01:46:55 INFO  epoch 16 evaluating [time: 0.23s, valid_score: 0.101900]
Wed 25 Feb 2026 01:46:55 INFO  valid result: 
hit@10 : 0.1019    ndcg@10 : 0.052    mrr@10 : 0.0368
Wed 25 Feb 2026 01:47:25 INFO  epoch 17 training [time: 30.01s, train loss: 1861.9291]
Wed 25 Feb 2026 01:47:26 INFO  epoch 17 evaluating [time: 0.23s, valid_score: 0.099600]
Wed 25 Feb 2026 01:47:26 INFO  valid result: 
hit@10 : 0.0996    ndcg@10 : 0.0515    mrr@10 : 0.0368
Wed 25 Feb 2026 01:47:56 INFO  epoch 18 training [time: 30.36s, train loss: 1847.0372]
Wed 25 Feb 2026 01:47:56 INFO  epoch 18 evaluating [time: 0.22s, valid_score: 0.103700]
Wed 25 Feb 2026 01:47:56 INFO  valid result: 
hit@10 : 0.1037    ndcg@10 : 0.0543    mrr@10 : 0.0391
Wed 25 Feb 2026 01:48:25 INFO  epoch 19 training [time: 28.97s, train loss: 1830.1521]
Wed 25 Feb 2026 01:48:25 INFO  epoch 19 evaluating [time: 0.21s, valid_score: 0.102000]
Wed 25 Feb 2026 01:48:25 INFO  valid result: 
hit@10 : 0.102    ndcg@10 : 0.0529    mrr@10 : 0.0379
Wed 25 Feb 2026 01:48:55 INFO  epoch 20 training [time: 29.85s, train loss: 1814.1838]
Wed 25 Feb 2026 01:48:55 INFO  epoch 20 evaluating [time: 0.24s, valid_score: 0.100900]
Wed 25 Feb 2026 01:48:55 INFO  valid result: 
hit@10 : 0.1009    ndcg@10 : 0.0531    mrr@10 : 0.0385
Wed 25 Feb 2026 01:49:26 INFO  epoch 21 training [time: 30.28s, train loss: 1800.5315]
Wed 25 Feb 2026 01:49:26 INFO  epoch 21 evaluating [time: 0.20s, valid_score: 0.102600]
Wed 25 Feb 2026 01:49:26 INFO  valid result: 
hit@10 : 0.1026    ndcg@10 : 0.0537    mrr@10 : 0.0388
Wed 25 Feb 2026 01:49:55 INFO  epoch 22 training [time: 29.23s, train loss: 1788.0129]
Wed 25 Feb 2026 01:49:55 INFO  epoch 22 evaluating [time: 0.23s, valid_score: 0.102900]
Wed 25 Feb 2026 01:49:55 INFO  valid result: 
hit@10 : 0.1029    ndcg@10 : 0.0539    mrr@10 : 0.039
Wed 25 Feb 2026 01:50:25 INFO  epoch 23 training [time: 29.63s, train loss: 1775.3780]
Wed 25 Feb 2026 01:50:25 INFO  epoch 23 evaluating [time: 0.24s, valid_score: 0.103000]
Wed 25 Feb 2026 01:50:25 INFO  valid result: 
hit@10 : 0.103    ndcg@10 : 0.0548    mrr@10 : 0.0402
Wed 25 Feb 2026 01:50:25 INFO  Finished training, best eval result in epoch 12
Wed 25 Feb 2026 01:50:25 INFO  Loading model structure and parameters from saved\TimeWeaver-Feb-25-2026_01-38-27.pth
Wed 25 Feb 2026 01:50:26 INFO  The running environment of this training is as follows:
+-------------+----------------+
| Environment |     Usage      |
+=============+================+
| CPU         |     4.40 %     |
+-------------+----------------+
| GPU         | 0.29 G/6.00 G  |
+-------------+----------------+
| Memory      | 1.54 G/15.63 G |
+-------------+----------------+
Wed 25 Feb 2026 01:50:26 INFO  best valid : OrderedDict([('hit@10', 0.1049), ('ndcg@10', 0.0519), ('mrr@10', 0.0358)])
Wed 25 Feb 2026 01:50:26 INFO  test result: OrderedDict([('hit@10', 0.0826), ('ndcg@10', 0.0403), ('mrr@10', 0.0274)])
Wed 25 Feb 2026 01:50:26 WARNING  command line args [--models timeweaver --datasets amazon-beauty-5core-subset-full --timeweaver-variant base --seeds 42,2023,2024 --device gpu --output results/timeweaver_ablations_all_full.json --skip-if-done] will not be used in RecBole
Wed 25 Feb 2026 01:50:26 INFO  ['F:\\桌面\\recommendation_system\\scripts\\run_grid.py', '--models', 'timeweaver', '--datasets', 'amazon-beauty-5core-subset-full', '--timeweaver-variant', 'base', '--seeds', '42,2023,2024', '--device', 'gpu', '--output', 'results/timeweaver_ablations_all_full.json', '--skip-if-done']
Wed 25 Feb 2026 01:50:26 INFO  
General Hyper Parameters:
gpu_id = 0
use_gpu = True
seed = 2023
state = INFO
reproducibility = True
data_path = data/amazon\amazon-beauty-5core-subset
checkpoint_dir = saved
show_progress = True
save_dataset = False
dataset_save_path = None
save_dataloaders = False
dataloaders_save_path = None
log_wandb = False

Training Hyper Parameters:
epochs = 100
train_batch_size = 256
learner = adam
learning_rate = 0.001
train_neg_sample_args = {'distribution': 'none', 'sample_num': 'none', 'alpha': 'none', 'dynamic': False, 'candidate_num': 0}
eval_step = 1
stopping_step = 10
clip_grad_norm = None
weight_decay = 0.0
loss_decimal_place = 4

Evaluation Hyper Parameters:
eval_args = {'split': {'LS': 'valid_and_test'}, 'order': 'TO', 'group_by': 'user', 'mode': {'valid': 'full', 'test': 'full'}}
repeatable = True
metrics = ['Hit', 'NDCG', 'MRR']
topk = [10]
valid_metric = Hit@10
valid_metric_bigger = True
eval_batch_size = 512
metric_decimal_place = 4

Dataset Hyper Parameters:
field_separator = 	
seq_separator =  
USER_ID_FIELD = user_id
ITEM_ID_FIELD = item_id
RATING_FIELD = rating
TIME_FIELD = timestamp
seq_len = None
LABEL_FIELD = label
threshold = None
NEG_PREFIX = neg_
load_col = {'inter': ['user_id', 'item_id', 'rating', 'timestamp']}
unload_col = None
unused_col = None
additional_feat_suffix = None
rm_dup_inter = None
val_interval = None
filter_inter_by_user_or_item = True
user_inter_num_interval = [0,inf)
item_inter_num_interval = [0,inf)
alias_of_user_id = None
alias_of_item_id = None
alias_of_entity_id = None
alias_of_relation_id = None
preload_weight = None
normalize_field = None
normalize_all = None
ITEM_LIST_LENGTH_FIELD = item_length
LIST_SUFFIX = _list
MAX_ITEM_LIST_LENGTH = 32
POSITION_FIELD = position_id
HEAD_ENTITY_ID_FIELD = head_id
TAIL_ENTITY_ID_FIELD = tail_id
RELATION_ID_FIELD = relation_id
ENTITY_ID_FIELD = entity_id
benchmark_filename = None

Other Hyper Parameters: 
worker = 0
wandb_project = recbole
shuffle = True
require_pow = False
enable_amp = False
enable_scaler = False
transform = None
numerical_features = []
discretization = None
kg_reverse_r = False
entity_kg_num_interval = [0,inf)
relation_kg_num_interval = [0,inf)
MODEL_TYPE = ModelType.SEQUENTIAL
model_name = TimeWeaver
hidden_size = 64
num_layers = 2
hidden_dropout_prob = 0.5
initializer_range = 0.02
time_bucket_size = 1000
ema_decay = 0.5
tcn_kernel_size = -1
ffn_hidden_size = 256
loss_type = CE
early_stop = 10
neg_sampling = None
device = cuda
use_continuous_time = False
use_time_gate = False
use_time_augmentation = False
MODEL_INPUT_TYPE = InputType.POINTWISE
eval_type = EvaluatorType.RANKING
single_spec = True
local_rank = 0
valid_neg_sample_args = {'distribution': 'uniform', 'sample_num': 'none'}
test_neg_sample_args = {'distribution': 'uniform', 'sample_num': 'none'}


Wed 25 Feb 2026 01:50:27 INFO  amazon-beauty-5core-subset
The number of users: 7001
Average actions of users: 15.458
The number of items: 11924
Average actions of items: 9.075400486454752
The number of inters: 108206
The sparsity of the dataset: 99.87038081155896%
Remain Fields: ['user_id', 'item_id', 'rating', 'timestamp']
Wed 25 Feb 2026 01:50:28 INFO  [Training]: train_batch_size = [256] train_neg_sample_args: [{'distribution': 'none', 'sample_num': 'none', 'alpha': 'none', 'dynamic': False, 'candidate_num': 0}]
Wed 25 Feb 2026 01:50:28 INFO  [Evaluation]: eval_batch_size = [512] eval_args: [{'split': {'LS': 'valid_and_test'}, 'order': 'TO', 'group_by': 'user', 'mode': {'valid': 'full', 'test': 'full'}}]
Wed 25 Feb 2026 01:50:28 INFO  TimeWeaver(
  (item_embedding): Embedding(11924, 64, padding_idx=0)
  (time_aug): TimeAwareAugmentation(
    (pos_embedding): Embedding(32, 64)
    (time_embedding): Embedding(1000, 64)
    (layer_norm): LayerNorm((64,), eps=1e-05, elementwise_affine=True)
    (drop): Dropout(p=0.5, inplace=False)
  )
  (context_layers): ModuleList(
    (0-1): 2 x TCNNextBlock(
      (dw): DepthwiseConv1d(
        (conv): Conv1d(64, 64, kernel_size=(11,), stride=(1,), padding=(5,), groups=64)
        (bn): BatchNorm1d(64, eps=1e-05, momentum=0.1, affine=True, track_running_stats=True)
        (drop): Dropout(p=0.5, inplace=False)
      )
      (norm1): LayerNorm((64,), eps=1e-05, elementwise_affine=True)
      (conv_inter): ParallelConvInter(
        (conv1): Conv1d(64, 64, kernel_size=(1,), stride=(1,))
        (conv3): Conv1d(64, 64, kernel_size=(3,), stride=(1,), padding=(1,))
        (proj): Conv1d(64, 64, kernel_size=(1,), stride=(1,))
        (drop): Dropout(p=0.5, inplace=False)
      )
      (norm2): LayerNorm((64,), eps=1e-05, elementwise_affine=True)
      (ffn): Sequential(
        (0): Linear(in_features=64, out_features=256, bias=True)
        (1): GELU(approximate='none')
        (2): Dropout(p=0.5, inplace=False)
        (3): Linear(in_features=256, out_features=64, bias=True)
        (4): Dropout(p=0.5, inplace=False)
      )
      (norm3): LayerNorm((64,), eps=1e-05, elementwise_affine=True)
    )
  )
  (dynamic_layers): ModuleList(
    (0-1): 2 x EMAStream(
      (proj): Linear(in_features=64, out_features=64, bias=True)
    )
  )
  (weavers): ModuleList(
    (0-1): 2 x StreamWeaver(
      (proj): Linear(in_features=128, out_features=64, bias=True)
      (norm): LayerNorm((64,), eps=1e-05, elementwise_affine=True)
    )
  )
  (loss_fct): CrossEntropyLoss()
)
Trainable parameters: 964481.0
Wed 25 Feb 2026 01:50:28 INFO  FLOPs: 4298752.0
Wed 25 Feb 2026 01:50:57 INFO  epoch 0 training [time: 28.84s, train loss: 2931.3772]
Wed 25 Feb 2026 01:50:58 INFO  epoch 0 evaluating [time: 0.25s, valid_score: 0.020300]
Wed 25 Feb 2026 01:50:58 INFO  valid result: 
hit@10 : 0.0203    ndcg@10 : 0.0097    mrr@10 : 0.0066
Wed 25 Feb 2026 01:50:58 INFO  Saving current: saved\TimeWeaver-Feb-25-2026_01-50-28.pth
Wed 25 Feb 2026 01:51:27 INFO  epoch 1 training [time: 29.87s, train loss: 2698.6365]
Wed 25 Feb 2026 01:51:28 INFO  epoch 1 evaluating [time: 0.24s, valid_score: 0.050000]
Wed 25 Feb 2026 01:51:28 INFO  valid result: 
hit@10 : 0.05    ndcg@10 : 0.0251    mrr@10 : 0.0176
Wed 25 Feb 2026 01:51:28 INFO  Saving current: saved\TimeWeaver-Feb-25-2026_01-50-28.pth
Wed 25 Feb 2026 01:51:58 INFO  epoch 2 training [time: 29.91s, train loss: 2545.6872]
Wed 25 Feb 2026 01:51:58 INFO  epoch 2 evaluating [time: 0.22s, valid_score: 0.072300]
Wed 25 Feb 2026 01:51:58 INFO  valid result: 
hit@10 : 0.0723    ndcg@10 : 0.0352    mrr@10 : 0.0242
Wed 25 Feb 2026 01:51:58 INFO  Saving current: saved\TimeWeaver-Feb-25-2026_01-50-28.pth
Wed 25 Feb 2026 01:52:27 INFO  epoch 3 training [time: 29.25s, train loss: 2432.8055]
Wed 25 Feb 2026 01:52:27 INFO  epoch 3 evaluating [time: 0.22s, valid_score: 0.081600]
Wed 25 Feb 2026 01:52:27 INFO  valid result: 
hit@10 : 0.0816    ndcg@10 : 0.0387    mrr@10 : 0.0258
Wed 25 Feb 2026 01:52:27 INFO  Saving current: saved\TimeWeaver-Feb-25-2026_01-50-28.pth
Wed 25 Feb 2026 01:52:58 INFO  epoch 4 training [time: 30.50s, train loss: 2340.0725]
Wed 25 Feb 2026 01:52:58 INFO  epoch 4 evaluating [time: 0.25s, valid_score: 0.095400]
Wed 25 Feb 2026 01:52:58 INFO  valid result: 
hit@10 : 0.0954    ndcg@10 : 0.047    mrr@10 : 0.0322
Wed 25 Feb 2026 01:52:58 INFO  Saving current: saved\TimeWeaver-Feb-25-2026_01-50-28.pth
Wed 25 Feb 2026 01:53:28 INFO  epoch 5 training [time: 29.75s, train loss: 2257.2818]
Wed 25 Feb 2026 01:53:28 INFO  epoch 5 evaluating [time: 0.22s, valid_score: 0.100400]
Wed 25 Feb 2026 01:53:28 INFO  valid result: 
hit@10 : 0.1004    ndcg@10 : 0.0496    mrr@10 : 0.0342
Wed 25 Feb 2026 01:53:28 INFO  Saving current: saved\TimeWeaver-Feb-25-2026_01-50-28.pth
Wed 25 Feb 2026 01:53:58 INFO  epoch 6 training [time: 29.64s, train loss: 2189.8357]
Wed 25 Feb 2026 01:53:58 INFO  epoch 6 evaluating [time: 0.24s, valid_score: 0.098700]
Wed 25 Feb 2026 01:53:58 INFO  valid result: 
hit@10 : 0.0987    ndcg@10 : 0.0512    mrr@10 : 0.0366
Wed 25 Feb 2026 01:54:28 INFO  epoch 7 training [time: 29.56s, train loss: 2134.2676]
Wed 25 Feb 2026 01:54:28 INFO  epoch 7 evaluating [time: 0.22s, valid_score: 0.102700]
Wed 25 Feb 2026 01:54:28 INFO  valid result: 
hit@10 : 0.1027    ndcg@10 : 0.0507    mrr@10 : 0.0347
Wed 25 Feb 2026 01:54:28 INFO  Saving current: saved\TimeWeaver-Feb-25-2026_01-50-28.pth
Wed 25 Feb 2026 01:54:57 INFO  epoch 8 training [time: 29.46s, train loss: 2086.4176]
Wed 25 Feb 2026 01:54:58 INFO  epoch 8 evaluating [time: 0.22s, valid_score: 0.101100]
Wed 25 Feb 2026 01:54:58 INFO  valid result: 
hit@10 : 0.1011    ndcg@10 : 0.0507    mrr@10 : 0.0353
Wed 25 Feb 2026 01:55:28 INFO  epoch 9 training [time: 30.17s, train loss: 2045.6258]
Wed 25 Feb 2026 01:55:28 INFO  epoch 9 evaluating [time: 0.21s, valid_score: 0.102700]
Wed 25 Feb 2026 01:55:28 INFO  valid result: 
hit@10 : 0.1027    ndcg@10 : 0.0505    mrr@10 : 0.0346
Wed 25 Feb 2026 01:55:28 INFO  Saving current: saved\TimeWeaver-Feb-25-2026_01-50-28.pth
Wed 25 Feb 2026 01:55:58 INFO  epoch 10 training [time: 30.04s, train loss: 2010.1727]
Wed 25 Feb 2026 01:55:58 INFO  epoch 10 evaluating [time: 0.22s, valid_score: 0.104900]
Wed 25 Feb 2026 01:55:58 INFO  valid result: 
hit@10 : 0.1049    ndcg@10 : 0.0525    mrr@10 : 0.0364
Wed 25 Feb 2026 01:55:58 INFO  Saving current: saved\TimeWeaver-Feb-25-2026_01-50-28.pth
Wed 25 Feb 2026 01:56:27 INFO  epoch 11 training [time: 29.07s, train loss: 1982.1105]
Wed 25 Feb 2026 01:56:28 INFO  epoch 11 evaluating [time: 0.24s, valid_score: 0.102000]
Wed 25 Feb 2026 01:56:28 INFO  valid result: 
hit@10 : 0.102    ndcg@10 : 0.0518    mrr@10 : 0.0363
Wed 25 Feb 2026 01:56:58 INFO  epoch 12 training [time: 30.69s, train loss: 1956.0213]
Wed 25 Feb 2026 01:56:59 INFO  epoch 12 evaluating [time: 0.23s, valid_score: 0.104900]
Wed 25 Feb 2026 01:56:59 INFO  valid result: 
hit@10 : 0.1049    ndcg@10 : 0.0512    mrr@10 : 0.0348
Wed 25 Feb 2026 01:56:59 INFO  Saving current: saved\TimeWeaver-Feb-25-2026_01-50-28.pth
Wed 25 Feb 2026 01:57:29 INFO  epoch 13 training [time: 30.17s, train loss: 1933.1957]
Wed 25 Feb 2026 01:57:29 INFO  epoch 13 evaluating [time: 0.20s, valid_score: 0.106000]
Wed 25 Feb 2026 01:57:29 INFO  valid result: 
hit@10 : 0.106    ndcg@10 : 0.0531    mrr@10 : 0.0369
Wed 25 Feb 2026 01:57:29 INFO  Saving current: saved\TimeWeaver-Feb-25-2026_01-50-28.pth
Wed 25 Feb 2026 01:57:58 INFO  epoch 14 training [time: 29.37s, train loss: 1911.0821]
Wed 25 Feb 2026 01:57:59 INFO  epoch 14 evaluating [time: 0.24s, valid_score: 0.102400]
Wed 25 Feb 2026 01:57:59 INFO  valid result: 
hit@10 : 0.1024    ndcg@10 : 0.0516    mrr@10 : 0.0361
Wed 25 Feb 2026 01:58:28 INFO  epoch 15 training [time: 29.67s, train loss: 1891.3417]
Wed 25 Feb 2026 01:58:28 INFO  epoch 15 evaluating [time: 0.24s, valid_score: 0.104400]
Wed 25 Feb 2026 01:58:28 INFO  valid result: 
hit@10 : 0.1044    ndcg@10 : 0.0532    mrr@10 : 0.0376
Wed 25 Feb 2026 01:58:57 INFO  epoch 16 training [time: 28.99s, train loss: 1872.3315]
Wed 25 Feb 2026 01:58:58 INFO  epoch 16 evaluating [time: 0.23s, valid_score: 0.103000]
Wed 25 Feb 2026 01:58:58 INFO  valid result: 
hit@10 : 0.103    ndcg@10 : 0.0531    mrr@10 : 0.0379
Wed 25 Feb 2026 01:59:28 INFO  epoch 17 training [time: 30.33s, train loss: 1854.5806]
Wed 25 Feb 2026 01:59:28 INFO  epoch 17 evaluating [time: 0.24s, valid_score: 0.102400]
Wed 25 Feb 2026 01:59:28 INFO  valid result: 
hit@10 : 0.1024    ndcg@10 : 0.0525    mrr@10 : 0.0372
Wed 25 Feb 2026 01:59:58 INFO  epoch 18 training [time: 30.15s, train loss: 1838.0634]
Wed 25 Feb 2026 01:59:59 INFO  epoch 18 evaluating [time: 0.25s, valid_score: 0.103000]
Wed 25 Feb 2026 01:59:59 INFO  valid result: 
hit@10 : 0.103    ndcg@10 : 0.053    mrr@10 : 0.0377
Wed 25 Feb 2026 02:00:28 INFO  epoch 19 training [time: 29.25s, train loss: 1821.0304]
Wed 25 Feb 2026 02:00:28 INFO  epoch 19 evaluating [time: 0.23s, valid_score: 0.104300]
Wed 25 Feb 2026 02:00:28 INFO  valid result: 
hit@10 : 0.1043    ndcg@10 : 0.0542    mrr@10 : 0.0389
Wed 25 Feb 2026 02:00:59 INFO  epoch 20 training [time: 30.50s, train loss: 1809.3432]
Wed 25 Feb 2026 02:00:59 INFO  epoch 20 evaluating [time: 0.22s, valid_score: 0.104700]
Wed 25 Feb 2026 02:00:59 INFO  valid result: 
hit@10 : 0.1047    ndcg@10 : 0.0548    mrr@10 : 0.0395
Wed 25 Feb 2026 02:01:29 INFO  epoch 21 training [time: 30.24s, train loss: 1794.2021]
Wed 25 Feb 2026 02:01:29 INFO  epoch 21 evaluating [time: 0.22s, valid_score: 0.103600]
Wed 25 Feb 2026 02:01:29 INFO  valid result: 
hit@10 : 0.1036    ndcg@10 : 0.0537    mrr@10 : 0.0385
Wed 25 Feb 2026 02:01:59 INFO  epoch 22 training [time: 29.78s, train loss: 1779.3292]
Wed 25 Feb 2026 02:01:59 INFO  epoch 22 evaluating [time: 0.23s, valid_score: 0.104100]
Wed 25 Feb 2026 02:01:59 INFO  valid result: 
hit@10 : 0.1041    ndcg@10 : 0.0551    mrr@10 : 0.0401
Wed 25 Feb 2026 02:02:31 INFO  epoch 23 training [time: 32.06s, train loss: 1768.3406]
Wed 25 Feb 2026 02:02:32 INFO  epoch 23 evaluating [time: 0.22s, valid_score: 0.104000]
Wed 25 Feb 2026 02:02:32 INFO  valid result: 
hit@10 : 0.104    ndcg@10 : 0.0552    mrr@10 : 0.0404
Wed 25 Feb 2026 02:03:01 INFO  epoch 24 training [time: 29.09s, train loss: 1758.2310]
Wed 25 Feb 2026 02:03:01 INFO  epoch 24 evaluating [time: 0.25s, valid_score: 0.103400]
Wed 25 Feb 2026 02:03:01 INFO  valid result: 
hit@10 : 0.1034    ndcg@10 : 0.0546    mrr@10 : 0.0398
Wed 25 Feb 2026 02:03:01 INFO  Finished training, best eval result in epoch 13
Wed 25 Feb 2026 02:03:01 INFO  Loading model structure and parameters from saved\TimeWeaver-Feb-25-2026_01-50-28.pth
Wed 25 Feb 2026 02:03:02 INFO  The running environment of this training is as follows:
+-------------+----------------+
| Environment |     Usage      |
+=============+================+
| CPU         |     4.00 %     |
+-------------+----------------+
| GPU         | 0.29 G/6.00 G  |
+-------------+----------------+
| Memory      | 1.45 G/15.63 G |
+-------------+----------------+
Wed 25 Feb 2026 02:03:02 INFO  best valid : OrderedDict([('hit@10', 0.106), ('ndcg@10', 0.0531), ('mrr@10', 0.0369)])
Wed 25 Feb 2026 02:03:02 INFO  test result: OrderedDict([('hit@10', 0.081), ('ndcg@10', 0.041), ('mrr@10', 0.0289)])
Wed 25 Feb 2026 02:03:02 WARNING  command line args [--models timeweaver --datasets amazon-beauty-5core-subset-full --timeweaver-variant base --seeds 42,2023,2024 --device gpu --output results/timeweaver_ablations_all_full.json --skip-if-done] will not be used in RecBole
Wed 25 Feb 2026 02:03:02 INFO  ['F:\\桌面\\recommendation_system\\scripts\\run_grid.py', '--models', 'timeweaver', '--datasets', 'amazon-beauty-5core-subset-full', '--timeweaver-variant', 'base', '--seeds', '42,2023,2024', '--device', 'gpu', '--output', 'results/timeweaver_ablations_all_full.json', '--skip-if-done']
Wed 25 Feb 2026 02:03:02 INFO  
General Hyper Parameters:
gpu_id = 0
use_gpu = True
seed = 2024
state = INFO
reproducibility = True
data_path = data/amazon\amazon-beauty-5core-subset
checkpoint_dir = saved
show_progress = True
save_dataset = False
dataset_save_path = None
save_dataloaders = False
dataloaders_save_path = None
log_wandb = False

Training Hyper Parameters:
epochs = 100
train_batch_size = 256
learner = adam
learning_rate = 0.001
train_neg_sample_args = {'distribution': 'none', 'sample_num': 'none', 'alpha': 'none', 'dynamic': False, 'candidate_num': 0}
eval_step = 1
stopping_step = 10
clip_grad_norm = None
weight_decay = 0.0
loss_decimal_place = 4

Evaluation Hyper Parameters:
eval_args = {'split': {'LS': 'valid_and_test'}, 'order': 'TO', 'group_by': 'user', 'mode': {'valid': 'full', 'test': 'full'}}
repeatable = True
metrics = ['Hit', 'NDCG', 'MRR']
topk = [10]
valid_metric = Hit@10
valid_metric_bigger = True
eval_batch_size = 512
metric_decimal_place = 4

Dataset Hyper Parameters:
field_separator = 	
seq_separator =  
USER_ID_FIELD = user_id
ITEM_ID_FIELD = item_id
RATING_FIELD = rating
TIME_FIELD = timestamp
seq_len = None
LABEL_FIELD = label
threshold = None
NEG_PREFIX = neg_
load_col = {'inter': ['user_id', 'item_id', 'rating', 'timestamp']}
unload_col = None
unused_col = None
additional_feat_suffix = None
rm_dup_inter = None
val_interval = None
filter_inter_by_user_or_item = True
user_inter_num_interval = [0,inf)
item_inter_num_interval = [0,inf)
alias_of_user_id = None
alias_of_item_id = None
alias_of_entity_id = None
alias_of_relation_id = None
preload_weight = None
normalize_field = None
normalize_all = None
ITEM_LIST_LENGTH_FIELD = item_length
LIST_SUFFIX = _list
MAX_ITEM_LIST_LENGTH = 32
POSITION_FIELD = position_id
HEAD_ENTITY_ID_FIELD = head_id
TAIL_ENTITY_ID_FIELD = tail_id
RELATION_ID_FIELD = relation_id
ENTITY_ID_FIELD = entity_id
benchmark_filename = None

Other Hyper Parameters: 
worker = 0
wandb_project = recbole
shuffle = True
require_pow = False
enable_amp = False
enable_scaler = False
transform = None
numerical_features = []
discretization = None
kg_reverse_r = False
entity_kg_num_interval = [0,inf)
relation_kg_num_interval = [0,inf)
MODEL_TYPE = ModelType.SEQUENTIAL
model_name = TimeWeaver
hidden_size = 64
num_layers = 2
hidden_dropout_prob = 0.5
initializer_range = 0.02
time_bucket_size = 1000
ema_decay = 0.5
tcn_kernel_size = -1
ffn_hidden_size = 256
loss_type = CE
early_stop = 10
neg_sampling = None
device = cuda
use_continuous_time = False
use_time_gate = False
use_time_augmentation = False
MODEL_INPUT_TYPE = InputType.POINTWISE
eval_type = EvaluatorType.RANKING
single_spec = True
local_rank = 0
valid_neg_sample_args = {'distribution': 'uniform', 'sample_num': 'none'}
test_neg_sample_args = {'distribution': 'uniform', 'sample_num': 'none'}


Wed 25 Feb 2026 02:03:03 INFO  amazon-beauty-5core-subset
The number of users: 7001
Average actions of users: 15.458
The number of items: 11924
Average actions of items: 9.075400486454752
The number of inters: 108206
The sparsity of the dataset: 99.87038081155896%
Remain Fields: ['user_id', 'item_id', 'rating', 'timestamp']
Wed 25 Feb 2026 02:03:04 INFO  [Training]: train_batch_size = [256] train_neg_sample_args: [{'distribution': 'none', 'sample_num': 'none', 'alpha': 'none', 'dynamic': False, 'candidate_num': 0}]
Wed 25 Feb 2026 02:03:04 INFO  [Evaluation]: eval_batch_size = [512] eval_args: [{'split': {'LS': 'valid_and_test'}, 'order': 'TO', 'group_by': 'user', 'mode': {'valid': 'full', 'test': 'full'}}]
Wed 25 Feb 2026 02:03:04 INFO  TimeWeaver(
  (item_embedding): Embedding(11924, 64, padding_idx=0)
  (time_aug): TimeAwareAugmentation(
    (pos_embedding): Embedding(32, 64)
    (time_embedding): Embedding(1000, 64)
    (layer_norm): LayerNorm((64,), eps=1e-05, elementwise_affine=True)
    (drop): Dropout(p=0.5, inplace=False)
  )
  (context_layers): ModuleList(
    (0-1): 2 x TCNNextBlock(
      (dw): DepthwiseConv1d(
        (conv): Conv1d(64, 64, kernel_size=(11,), stride=(1,), padding=(5,), groups=64)
        (bn): BatchNorm1d(64, eps=1e-05, momentum=0.1, affine=True, track_running_stats=True)
        (drop): Dropout(p=0.5, inplace=False)
      )
      (norm1): LayerNorm((64,), eps=1e-05, elementwise_affine=True)
      (conv_inter): ParallelConvInter(
        (conv1): Conv1d(64, 64, kernel_size=(1,), stride=(1,))
        (conv3): Conv1d(64, 64, kernel_size=(3,), stride=(1,), padding=(1,))
        (proj): Conv1d(64, 64, kernel_size=(1,), stride=(1,))
        (drop): Dropout(p=0.5, inplace=False)
      )
      (norm2): LayerNorm((64,), eps=1e-05, elementwise_affine=True)
      (ffn): Sequential(
        (0): Linear(in_features=64, out_features=256, bias=True)
        (1): GELU(approximate='none')
        (2): Dropout(p=0.5, inplace=False)
        (3): Linear(in_features=256, out_features=64, bias=True)
        (4): Dropout(p=0.5, inplace=False)
      )
      (norm3): LayerNorm((64,), eps=1e-05, elementwise_affine=True)
    )
  )
  (dynamic_layers): ModuleList(
    (0-1): 2 x EMAStream(
      (proj): Linear(in_features=64, out_features=64, bias=True)
    )
  )
  (weavers): ModuleList(
    (0-1): 2 x StreamWeaver(
      (proj): Linear(in_features=128, out_features=64, bias=True)
      (norm): LayerNorm((64,), eps=1e-05, elementwise_affine=True)
    )
  )
  (loss_fct): CrossEntropyLoss()
)
Trainable parameters: 964481.0
Wed 25 Feb 2026 02:03:04 INFO  FLOPs: 4298752.0
Wed 25 Feb 2026 02:03:35 INFO  epoch 0 training [time: 30.56s, train loss: 2934.3080]
Wed 25 Feb 2026 02:03:35 INFO  epoch 0 evaluating [time: 0.23s, valid_score: 0.016000]
Wed 25 Feb 2026 02:03:35 INFO  valid result: 
hit@10 : 0.016    ndcg@10 : 0.0075    mrr@10 : 0.005
Wed 25 Feb 2026 02:03:35 INFO  Saving current: saved\TimeWeaver-Feb-25-2026_02-03-04.pth
Wed 25 Feb 2026 02:04:05 INFO  epoch 1 training [time: 29.81s, train loss: 2714.9461]
Wed 25 Feb 2026 02:04:05 INFO  epoch 1 evaluating [time: 0.13s, valid_score: 0.043400]
Wed 25 Feb 2026 02:04:05 INFO  valid result: 
hit@10 : 0.0434    ndcg@10 : 0.0201    mrr@10 : 0.0131
Wed 25 Feb 2026 02:04:05 INFO  Saving current: saved\TimeWeaver-Feb-25-2026_02-03-04.pth
Wed 25 Feb 2026 02:04:35 INFO  epoch 2 training [time: 29.66s, train loss: 2558.9620]
Wed 25 Feb 2026 02:04:35 INFO  epoch 2 evaluating [time: 0.23s, valid_score: 0.070300]
Wed 25 Feb 2026 02:04:35 INFO  valid result: 
hit@10 : 0.0703    ndcg@10 : 0.0356    mrr@10 : 0.0252
Wed 25 Feb 2026 02:04:35 INFO  Saving current: saved\TimeWeaver-Feb-25-2026_02-03-04.pth
Wed 25 Feb 2026 02:05:06 INFO  epoch 3 training [time: 30.68s, train loss: 2445.8055]
Wed 25 Feb 2026 02:05:06 INFO  epoch 3 evaluating [time: 0.26s, valid_score: 0.079700]
Wed 25 Feb 2026 02:05:06 INFO  valid result: 
hit@10 : 0.0797    ndcg@10 : 0.0386    mrr@10 : 0.0262
Wed 25 Feb 2026 02:05:06 INFO  Saving current: saved\TimeWeaver-Feb-25-2026_02-03-04.pth
Wed 25 Feb 2026 02:05:36 INFO  epoch 4 training [time: 29.85s, train loss: 2352.1606]
Wed 25 Feb 2026 02:05:36 INFO  epoch 4 evaluating [time: 0.24s, valid_score: 0.089400]
Wed 25 Feb 2026 02:05:36 INFO  valid result: 
hit@10 : 0.0894    ndcg@10 : 0.0449    mrr@10 : 0.0314
Wed 25 Feb 2026 02:05:36 INFO  Saving current: saved\TimeWeaver-Feb-25-2026_02-03-04.pth
Wed 25 Feb 2026 02:06:06 INFO  epoch 5 training [time: 29.81s, train loss: 2269.9983]
Wed 25 Feb 2026 02:06:06 INFO  epoch 5 evaluating [time: 0.25s, valid_score: 0.096000]
Wed 25 Feb 2026 02:06:06 INFO  valid result: 
hit@10 : 0.096    ndcg@10 : 0.0476    mrr@10 : 0.0329
Wed 25 Feb 2026 02:06:06 INFO  Saving current: saved\TimeWeaver-Feb-25-2026_02-03-04.pth
Wed 25 Feb 2026 02:06:36 INFO  epoch 6 training [time: 29.72s, train loss: 2200.3633]
Wed 25 Feb 2026 02:06:36 INFO  epoch 6 evaluating [time: 0.24s, valid_score: 0.100100]
Wed 25 Feb 2026 02:06:36 INFO  valid result: 
hit@10 : 0.1001    ndcg@10 : 0.0496    mrr@10 : 0.0342
Wed 25 Feb 2026 02:06:36 INFO  Saving current: saved\TimeWeaver-Feb-25-2026_02-03-04.pth
Wed 25 Feb 2026 02:07:06 INFO  epoch 7 training [time: 29.64s, train loss: 2143.6875]
Wed 25 Feb 2026 02:07:06 INFO  epoch 7 evaluating [time: 0.23s, valid_score: 0.101300]
Wed 25 Feb 2026 02:07:06 INFO  valid result: 
hit@10 : 0.1013    ndcg@10 : 0.0497    mrr@10 : 0.0339
Wed 25 Feb 2026 02:07:06 INFO  Saving current: saved\TimeWeaver-Feb-25-2026_02-03-04.pth
Wed 25 Feb 2026 02:07:37 INFO  epoch 8 training [time: 30.54s, train loss: 2094.5236]
Wed 25 Feb 2026 02:07:37 INFO  epoch 8 evaluating [time: 0.23s, valid_score: 0.098100]
Wed 25 Feb 2026 02:07:37 INFO  valid result: 
hit@10 : 0.0981    ndcg@10 : 0.0504    mrr@10 : 0.0357
Wed 25 Feb 2026 02:08:06 INFO  epoch 9 training [time: 29.47s, train loss: 2052.2906]
Wed 25 Feb 2026 02:08:06 INFO  epoch 9 evaluating [time: 0.21s, valid_score: 0.101400]
Wed 25 Feb 2026 02:08:06 INFO  valid result: 
hit@10 : 0.1014    ndcg@10 : 0.0501    mrr@10 : 0.0344
Wed 25 Feb 2026 02:08:07 INFO  Saving current: saved\TimeWeaver-Feb-25-2026_02-03-04.pth
Wed 25 Feb 2026 02:08:36 INFO  epoch 10 training [time: 29.76s, train loss: 2020.7491]
Wed 25 Feb 2026 02:08:36 INFO  epoch 10 evaluating [time: 0.22s, valid_score: 0.103300]
Wed 25 Feb 2026 02:08:36 INFO  valid result: 
hit@10 : 0.1033    ndcg@10 : 0.0509    mrr@10 : 0.0349
Wed 25 Feb 2026 02:08:37 INFO  Saving current: saved\TimeWeaver-Feb-25-2026_02-03-04.pth
Wed 25 Feb 2026 02:09:07 INFO  epoch 11 training [time: 30.78s, train loss: 1988.6600]
Wed 25 Feb 2026 02:09:08 INFO  epoch 11 evaluating [time: 0.25s, valid_score: 0.100300]
Wed 25 Feb 2026 02:09:08 INFO  valid result: 
hit@10 : 0.1003    ndcg@10 : 0.0497    mrr@10 : 0.0342
Wed 25 Feb 2026 02:09:38 INFO  epoch 12 training [time: 29.98s, train loss: 1963.2036]
Wed 25 Feb 2026 02:09:38 INFO  epoch 12 evaluating [time: 0.22s, valid_score: 0.099100]
Wed 25 Feb 2026 02:09:38 INFO  valid result: 
hit@10 : 0.0991    ndcg@10 : 0.0498    mrr@10 : 0.0346
Wed 25 Feb 2026 02:10:08 INFO  epoch 13 training [time: 30.07s, train loss: 1940.1953]
Wed 25 Feb 2026 02:10:08 INFO  epoch 13 evaluating [time: 0.23s, valid_score: 0.103000]
Wed 25 Feb 2026 02:10:08 INFO  valid result: 
hit@10 : 0.103    ndcg@10 : 0.0519    mrr@10 : 0.0364
Wed 25 Feb 2026 02:10:37 INFO  epoch 14 training [time: 29.22s, train loss: 1922.1527]
Wed 25 Feb 2026 02:10:37 INFO  epoch 14 evaluating [time: 0.23s, valid_score: 0.101600]
Wed 25 Feb 2026 02:10:37 INFO  valid result: 
hit@10 : 0.1016    ndcg@10 : 0.0503    mrr@10 : 0.0346
Wed 25 Feb 2026 02:11:08 INFO  epoch 15 training [time: 30.13s, train loss: 1899.1902]
Wed 25 Feb 2026 02:11:08 INFO  epoch 15 evaluating [time: 0.22s, valid_score: 0.105000]
Wed 25 Feb 2026 02:11:08 INFO  valid result: 
hit@10 : 0.105    ndcg@10 : 0.0535    mrr@10 : 0.0377
Wed 25 Feb 2026 02:11:08 INFO  Saving current: saved\TimeWeaver-Feb-25-2026_02-03-04.pth
Wed 25 Feb 2026 02:11:38 INFO  epoch 16 training [time: 30.12s, train loss: 1880.1360]
Wed 25 Feb 2026 02:11:38 INFO  epoch 16 evaluating [time: 0.23s, valid_score: 0.104400]
Wed 25 Feb 2026 02:11:38 INFO  valid result: 
hit@10 : 0.1044    ndcg@10 : 0.0515    mrr@10 : 0.0352
Wed 25 Feb 2026 02:12:07 INFO  epoch 17 training [time: 29.15s, train loss: 1861.7740]
Wed 25 Feb 2026 02:12:08 INFO  epoch 17 evaluating [time: 0.23s, valid_score: 0.101400]
Wed 25 Feb 2026 02:12:08 INFO  valid result: 
hit@10 : 0.1014    ndcg@10 : 0.0524    mrr@10 : 0.0375
Wed 25 Feb 2026 02:12:37 INFO  epoch 18 training [time: 29.70s, train loss: 1849.4068]
Wed 25 Feb 2026 02:12:38 INFO  epoch 18 evaluating [time: 0.26s, valid_score: 0.099100]
Wed 25 Feb 2026 02:12:38 INFO  valid result: 
hit@10 : 0.0991    ndcg@10 : 0.0503    mrr@10 : 0.0354
Wed 25 Feb 2026 02:13:08 INFO  epoch 19 training [time: 30.42s, train loss: 1829.7577]
Wed 25 Feb 2026 02:13:08 INFO  epoch 19 evaluating [time: 0.22s, valid_score: 0.100600]
Wed 25 Feb 2026 02:13:08 INFO  valid result: 
hit@10 : 0.1006    ndcg@10 : 0.0515    mrr@10 : 0.0365
Wed 25 Feb 2026 02:13:38 INFO  epoch 20 training [time: 29.47s, train loss: 1818.9156]
Wed 25 Feb 2026 02:13:38 INFO  epoch 20 evaluating [time: 0.23s, valid_score: 0.098700]
Wed 25 Feb 2026 02:13:38 INFO  valid result: 
hit@10 : 0.0987    ndcg@10 : 0.051    mrr@10 : 0.0364
Wed 25 Feb 2026 02:14:08 INFO  epoch 21 training [time: 29.86s, train loss: 1801.6149]
Wed 25 Feb 2026 02:14:08 INFO  epoch 21 evaluating [time: 0.21s, valid_score: 0.101700]
Wed 25 Feb 2026 02:14:08 INFO  valid result: 
hit@10 : 0.1017    ndcg@10 : 0.0517    mrr@10 : 0.0364
Wed 25 Feb 2026 02:14:37 INFO  epoch 22 training [time: 29.10s, train loss: 1788.9057]
Wed 25 Feb 2026 02:14:37 INFO  epoch 22 evaluating [time: 0.24s, valid_score: 0.103100]
Wed 25 Feb 2026 02:14:37 INFO  valid result: 
hit@10 : 0.1031    ndcg@10 : 0.0538    mrr@10 : 0.0388
Wed 25 Feb 2026 02:15:07 INFO  epoch 23 training [time: 29.77s, train loss: 1775.9547]
Wed 25 Feb 2026 02:15:07 INFO  epoch 23 evaluating [time: 0.24s, valid_score: 0.100300]
Wed 25 Feb 2026 02:15:07 INFO  valid result: 
hit@10 : 0.1003    ndcg@10 : 0.0517    mrr@10 : 0.0368
Wed 25 Feb 2026 02:15:37 INFO  epoch 24 training [time: 30.06s, train loss: 1763.3502]
Wed 25 Feb 2026 02:15:38 INFO  epoch 24 evaluating [time: 0.22s, valid_score: 0.098700]
Wed 25 Feb 2026 02:15:38 INFO  valid result: 
hit@10 : 0.0987    ndcg@10 : 0.0512    mrr@10 : 0.0366
Wed 25 Feb 2026 02:16:07 INFO  epoch 25 training [time: 29.53s, train loss: 1752.1284]
Wed 25 Feb 2026 02:16:07 INFO  epoch 25 evaluating [time: 0.24s, valid_score: 0.101300]
Wed 25 Feb 2026 02:16:07 INFO  valid result: 
hit@10 : 0.1013    ndcg@10 : 0.0523    mrr@10 : 0.0373
Wed 25 Feb 2026 02:16:37 INFO  epoch 26 training [time: 30.06s, train loss: 1739.6849]
Wed 25 Feb 2026 02:16:38 INFO  epoch 26 evaluating [time: 0.25s, valid_score: 0.101700]
Wed 25 Feb 2026 02:16:38 INFO  valid result: 
hit@10 : 0.1017    ndcg@10 : 0.0523    mrr@10 : 0.0372
Wed 25 Feb 2026 02:16:38 INFO  Finished training, best eval result in epoch 15
Wed 25 Feb 2026 02:16:38 INFO  Loading model structure and parameters from saved\TimeWeaver-Feb-25-2026_02-03-04.pth
Wed 25 Feb 2026 02:16:39 INFO  The running environment of this training is as follows:
+-------------+----------------+
| Environment |     Usage      |
+=============+================+
| CPU         |    11.80 %     |
+-------------+----------------+
| GPU         | 0.29 G/6.00 G  |
+-------------+----------------+
| Memory      | 1.32 G/15.63 G |
+-------------+----------------+
Wed 25 Feb 2026 02:16:39 INFO  best valid : OrderedDict([('hit@10', 0.105), ('ndcg@10', 0.0535), ('mrr@10', 0.0377)])
Wed 25 Feb 2026 02:16:39 INFO  test result: OrderedDict([('hit@10', 0.0856), ('ndcg@10', 0.0441), ('mrr@10', 0.0315)])
