Thu 12 Feb 2026 10:59:43 INFO  ['F:\\桌面\\recommendation_system\\scripts\\run_grid.py', '--models', 'timeweaver', '--datasets', 'amazon-electronics-5core-subset', '--seeds', '42', '--device', 'gpu', '--timeweaver-variant', 'base', '--tag', 'e0p05_k-1_d0p2_l2_f256_b1000', '--output', 'results/run_grid_timeweaver_tune.json', '--tw-ema-decay', '0.05', '--tw-tcn-kernel', '-1', '--tw-hidden-dropout', '0.2', '--tw-num-layers', '2', '--tw-ffn-hidden', '256', '--tw-time-bucket', '1000']
Thu 12 Feb 2026 10:59:43 INFO  
General Hyper Parameters:
gpu_id = 0
use_gpu = True
seed = 42
state = INFO
reproducibility = True
data_path = data/amazon\amazon-electronics-5core-subset
checkpoint_dir = saved
show_progress = True
save_dataset = False
dataset_save_path = None
save_dataloaders = False
dataloaders_save_path = None
log_wandb = False

Training Hyper Parameters:
epochs = 100
train_batch_size = 256
learner = adam
learning_rate = 0.001
train_neg_sample_args = {'distribution': 'none', 'sample_num': 'none', 'alpha': 'none', 'dynamic': False, 'candidate_num': 0}
eval_step = 1
stopping_step = 10
clip_grad_norm = None
weight_decay = 0.0
loss_decimal_place = 4

Evaluation Hyper Parameters:
eval_args = {'split': {'LS': 'valid_and_test'}, 'order': 'TO', 'group_by': 'user', 'mode': {'valid': 'uni100', 'test': 'uni100'}}
repeatable = True
metrics = ['Hit', 'NDCG', 'MRR']
topk = [10]
valid_metric = MRR@10
valid_metric_bigger = True
eval_batch_size = 512
metric_decimal_place = 4

Dataset Hyper Parameters:
field_separator = 	
seq_separator =  
USER_ID_FIELD = user_id
ITEM_ID_FIELD = item_id
RATING_FIELD = rating
TIME_FIELD = timestamp
seq_len = None
LABEL_FIELD = label
threshold = None
NEG_PREFIX = neg_
load_col = {'inter': ['user_id', 'item_id', 'rating', 'timestamp']}
unload_col = None
unused_col = None
additional_feat_suffix = None
rm_dup_inter = None
val_interval = None
filter_inter_by_user_or_item = True
user_inter_num_interval = [0,inf)
item_inter_num_interval = [0,inf)
alias_of_user_id = None
alias_of_item_id = None
alias_of_entity_id = None
alias_of_relation_id = None
preload_weight = None
normalize_field = None
normalize_all = None
ITEM_LIST_LENGTH_FIELD = item_length
LIST_SUFFIX = _list
MAX_ITEM_LIST_LENGTH = 32
POSITION_FIELD = position_id
HEAD_ENTITY_ID_FIELD = head_id
TAIL_ENTITY_ID_FIELD = tail_id
RELATION_ID_FIELD = relation_id
ENTITY_ID_FIELD = entity_id
benchmark_filename = None

Other Hyper Parameters: 
worker = 0
wandb_project = recbole
shuffle = True
require_pow = False
enable_amp = False
enable_scaler = False
transform = None
numerical_features = []
discretization = None
kg_reverse_r = False
entity_kg_num_interval = [0,inf)
relation_kg_num_interval = [0,inf)
MODEL_TYPE = ModelType.SEQUENTIAL
model_name = TimeWeaver
hidden_size = 64
num_layers = 2
hidden_dropout_prob = 0.2
initializer_range = 0.02
time_bucket_size = 1000
ema_decay = 0.05
tcn_kernel_size = -1
ffn_hidden_size = 256
loss_type = CE
early_stop = 10
neg_sampling = None
device = cuda
use_continuous_time = False
use_time_gate = False
use_time_augmentation = False
MODEL_INPUT_TYPE = InputType.POINTWISE
eval_type = EvaluatorType.RANKING
single_spec = True
local_rank = 0
valid_neg_sample_args = {'distribution': 'uniform', 'sample_num': 100}
test_neg_sample_args = {'distribution': 'uniform', 'sample_num': 100}


Thu 12 Feb 2026 10:59:44 INFO  amazon-electronics-5core-subset
The number of users: 1501
Average actions of users: 108.42733333333334
The number of items: 54722
Average actions of items: 2.9721861808080994
The number of inters: 162641
The sparsity of the dataset: 99.80198988231011%
Remain Fields: ['user_id', 'item_id', 'rating', 'timestamp']
Thu 12 Feb 2026 10:59:46 INFO  [Training]: train_batch_size = [256] train_neg_sample_args: [{'distribution': 'none', 'sample_num': 'none', 'alpha': 'none', 'dynamic': False, 'candidate_num': 0}]
Thu 12 Feb 2026 10:59:46 INFO  [Evaluation]: eval_batch_size = [512] eval_args: [{'split': {'LS': 'valid_and_test'}, 'order': 'TO', 'group_by': 'user', 'mode': {'valid': 'uni100', 'test': 'uni100'}}]
Thu 12 Feb 2026 10:59:46 INFO  TimeWeaver(
  (item_embedding): Embedding(54722, 64, padding_idx=0)
  (time_aug): TimeAwareAugmentation(
    (pos_embedding): Embedding(32, 64)
    (time_embedding): Embedding(1000, 64)
    (layer_norm): LayerNorm((64,), eps=1e-05, elementwise_affine=True)
    (drop): Dropout(p=0.2, inplace=False)
  )
  (context_layers): ModuleList(
    (0-1): 2 x TCNNextBlock(
      (dw): DepthwiseConv1d(
        (conv): Conv1d(64, 64, kernel_size=(11,), stride=(1,), padding=(5,), groups=64)
        (bn): BatchNorm1d(64, eps=1e-05, momentum=0.1, affine=True, track_running_stats=True)
        (drop): Dropout(p=0.2, inplace=False)
      )
      (norm1): LayerNorm((64,), eps=1e-05, elementwise_affine=True)
      (conv_inter): ParallelConvInter(
        (conv1): Conv1d(64, 64, kernel_size=(1,), stride=(1,))
        (conv3): Conv1d(64, 64, kernel_size=(3,), stride=(1,), padding=(1,))
        (proj): Conv1d(64, 64, kernel_size=(1,), stride=(1,))
        (drop): Dropout(p=0.2, inplace=False)
      )
      (norm2): LayerNorm((64,), eps=1e-05, elementwise_affine=True)
      (ffn): Sequential(
        (0): Linear(in_features=64, out_features=256, bias=True)
        (1): GELU(approximate='none')
        (2): Dropout(p=0.2, inplace=False)
        (3): Linear(in_features=256, out_features=64, bias=True)
        (4): Dropout(p=0.2, inplace=False)
      )
      (norm3): LayerNorm((64,), eps=1e-05, elementwise_affine=True)
    )
  )
  (dynamic_layers): ModuleList(
    (0-1): 2 x EMAStream(
      (proj): Linear(in_features=64, out_features=64, bias=True)
    )
  )
  (weavers): ModuleList(
    (0-1): 2 x StreamWeaver(
      (proj): Linear(in_features=128, out_features=64, bias=True)
      (norm): LayerNorm((64,), eps=1e-05, elementwise_affine=True)
    )
  )
  (loss_fct): CrossEntropyLoss()
)
Trainable parameters: 3703553.0
Thu 12 Feb 2026 10:59:46 INFO  FLOPs: 4298752.0
Thu 12 Feb 2026 11:00:46 INFO  epoch 0 training [time: 58.82s, train loss: 6441.6791]
Thu 12 Feb 2026 11:00:49 INFO  epoch 0 evaluating [time: 2.91s, valid_score: 0.222800]
Thu 12 Feb 2026 11:00:49 INFO  valid result: 
hit@10 : 0.3973    ndcg@10 : 0.264    mrr@10 : 0.2228
Thu 12 Feb 2026 11:00:49 INFO  Saving current: saved\TimeWeaver-Feb-12-2026_10-59-46.pth
Thu 12 Feb 2026 11:01:50 INFO  epoch 1 training [time: 60.41s, train loss: 5788.5045]
Thu 12 Feb 2026 11:01:53 INFO  epoch 1 evaluating [time: 3.04s, valid_score: 0.244200]
Thu 12 Feb 2026 11:01:53 INFO  valid result: 
hit@10 : 0.426    ndcg@10 : 0.2874    mrr@10 : 0.2442
Thu 12 Feb 2026 11:01:53 INFO  Saving current: saved\TimeWeaver-Feb-12-2026_10-59-46.pth
Thu 12 Feb 2026 11:02:54 INFO  epoch 2 training [time: 61.18s, train loss: 4990.3520]
Thu 12 Feb 2026 11:02:57 INFO  epoch 2 evaluating [time: 2.87s, valid_score: 0.229500]
Thu 12 Feb 2026 11:02:57 INFO  valid result: 
hit@10 : 0.394    ndcg@10 : 0.2685    mrr@10 : 0.2295
Thu 12 Feb 2026 11:03:56 INFO  epoch 3 training [time: 59.21s, train loss: 4267.2712]
Thu 12 Feb 2026 11:03:59 INFO  epoch 3 evaluating [time: 3.00s, valid_score: 0.224000]
Thu 12 Feb 2026 11:03:59 INFO  valid result: 
hit@10 : 0.3747    ndcg@10 : 0.2594    mrr@10 : 0.224
Thu 12 Feb 2026 11:05:02 INFO  epoch 4 training [time: 62.71s, train loss: 3764.8861]
Thu 12 Feb 2026 11:05:05 INFO  epoch 4 evaluating [time: 3.07s, valid_score: 0.209700]
Thu 12 Feb 2026 11:05:05 INFO  valid result: 
hit@10 : 0.3573    ndcg@10 : 0.2446    mrr@10 : 0.2097
Thu 12 Feb 2026 11:06:08 INFO  epoch 5 training [time: 62.82s, train loss: 3401.8209]
Thu 12 Feb 2026 11:06:11 INFO  epoch 5 evaluating [time: 3.05s, valid_score: 0.202800]
Thu 12 Feb 2026 11:06:11 INFO  valid result: 
hit@10 : 0.348    ndcg@10 : 0.2371    mrr@10 : 0.2028
Thu 12 Feb 2026 11:07:14 INFO  epoch 6 training [time: 62.92s, train loss: 3095.2784]
Thu 12 Feb 2026 11:07:17 INFO  epoch 6 evaluating [time: 2.94s, valid_score: 0.196700]
Thu 12 Feb 2026 11:07:17 INFO  valid result: 
hit@10 : 0.348    ndcg@10 : 0.2321    mrr@10 : 0.1967
Thu 12 Feb 2026 11:08:19 INFO  epoch 7 training [time: 62.16s, train loss: 2829.1360]
Thu 12 Feb 2026 11:08:22 INFO  epoch 7 evaluating [time: 3.02s, valid_score: 0.193200]
Thu 12 Feb 2026 11:08:22 INFO  valid result: 
hit@10 : 0.3293    ndcg@10 : 0.2254    mrr@10 : 0.1932
Thu 12 Feb 2026 11:09:26 INFO  epoch 8 training [time: 63.85s, train loss: 2597.1721]
Thu 12 Feb 2026 11:09:29 INFO  epoch 8 evaluating [time: 3.12s, valid_score: 0.186200]
Thu 12 Feb 2026 11:09:29 INFO  valid result: 
hit@10 : 0.332    ndcg@10 : 0.2206    mrr@10 : 0.1862
Thu 12 Feb 2026 11:10:31 INFO  epoch 9 training [time: 62.28s, train loss: 2399.3802]
Thu 12 Feb 2026 11:10:34 INFO  epoch 9 evaluating [time: 2.92s, valid_score: 0.183000]
Thu 12 Feb 2026 11:10:34 INFO  valid result: 
hit@10 : 0.318    ndcg@10 : 0.2148    mrr@10 : 0.183
Thu 12 Feb 2026 11:11:30 INFO  epoch 10 training [time: 56.37s, train loss: 2231.4074]
Thu 12 Feb 2026 11:11:33 INFO  epoch 10 evaluating [time: 2.79s, valid_score: 0.177600]
Thu 12 Feb 2026 11:11:33 INFO  valid result: 
hit@10 : 0.3227    ndcg@10 : 0.2117    mrr@10 : 0.1776
Thu 12 Feb 2026 11:12:31 INFO  epoch 11 training [time: 57.40s, train loss: 2087.5509]
Thu 12 Feb 2026 11:12:33 INFO  epoch 11 evaluating [time: 2.83s, valid_score: 0.174000]
Thu 12 Feb 2026 11:12:33 INFO  valid result: 
hit@10 : 0.3093    ndcg@10 : 0.2059    mrr@10 : 0.174
Thu 12 Feb 2026 11:13:33 INFO  epoch 12 training [time: 59.46s, train loss: 1960.0436]
Thu 12 Feb 2026 11:13:36 INFO  epoch 12 evaluating [time: 2.81s, valid_score: 0.179400]
Thu 12 Feb 2026 11:13:36 INFO  valid result: 
hit@10 : 0.3207    ndcg@10 : 0.2126    mrr@10 : 0.1794
Thu 12 Feb 2026 11:13:36 INFO  Finished training, best eval result in epoch 1
Thu 12 Feb 2026 11:13:36 INFO  Loading model structure and parameters from saved\TimeWeaver-Feb-12-2026_10-59-46.pth
Thu 12 Feb 2026 11:13:40 INFO  The running environment of this training is as follows:
+-------------+----------------+
| Environment |     Usage      |
+=============+================+
| CPU         |    11.30 %     |
+-------------+----------------+
| GPU         | 0.48 G/6.00 G  |
+-------------+----------------+
| Memory      | 1.64 G/15.63 G |
+-------------+----------------+
Thu 12 Feb 2026 11:13:40 INFO  best valid : OrderedDict([('hit@10', 0.426), ('ndcg@10', 0.2874), ('mrr@10', 0.2442)])
Thu 12 Feb 2026 11:13:40 INFO  test result: OrderedDict([('hit@10', 0.4047), ('ndcg@10', 0.265), ('mrr@10', 0.2216)])
