Mon 16 Feb 2026 15:18:29 INFO  ['scripts/run_grid.py', '--models', 'timeweaver', '--datasets', 'amazon-beauty-5core-subset', '--timeweaver-variant', 'gate_discrete', '--seeds', '42,2023,2024', '--device', 'gpu', '--output', 'results/timeweaver_gate_discrete_beauty.json']
Mon 16 Feb 2026 15:18:29 INFO  
General Hyper Parameters:
gpu_id = 0
use_gpu = True
seed = 42
state = INFO
reproducibility = True
data_path = data/amazon\amazon-beauty-5core-subset
checkpoint_dir = saved
show_progress = True
save_dataset = False
dataset_save_path = None
save_dataloaders = False
dataloaders_save_path = None
log_wandb = False

Training Hyper Parameters:
epochs = 100
train_batch_size = 256
learner = adam
learning_rate = 0.001
train_neg_sample_args = {'distribution': 'none', 'sample_num': 'none', 'alpha': 'none', 'dynamic': False, 'candidate_num': 0}
eval_step = 1
stopping_step = 10
clip_grad_norm = None
weight_decay = 0.0
loss_decimal_place = 4

Evaluation Hyper Parameters:
eval_args = {'split': {'LS': 'valid_and_test'}, 'order': 'TO', 'group_by': 'user', 'mode': {'valid': 'uni100', 'test': 'uni100'}}
repeatable = True
metrics = ['Hit', 'NDCG', 'MRR']
topk = [10]
valid_metric = MRR@10
valid_metric_bigger = True
eval_batch_size = 512
metric_decimal_place = 4

Dataset Hyper Parameters:
field_separator = 	
seq_separator =  
USER_ID_FIELD = user_id
ITEM_ID_FIELD = item_id
RATING_FIELD = rating
TIME_FIELD = timestamp
seq_len = None
LABEL_FIELD = label
threshold = None
NEG_PREFIX = neg_
load_col = {'inter': ['user_id', 'item_id', 'rating', 'timestamp']}
unload_col = None
unused_col = None
additional_feat_suffix = None
rm_dup_inter = None
val_interval = None
filter_inter_by_user_or_item = True
user_inter_num_interval = [0,inf)
item_inter_num_interval = [0,inf)
alias_of_user_id = None
alias_of_item_id = None
alias_of_entity_id = None
alias_of_relation_id = None
preload_weight = None
normalize_field = None
normalize_all = None
ITEM_LIST_LENGTH_FIELD = item_length
LIST_SUFFIX = _list
MAX_ITEM_LIST_LENGTH = 32
POSITION_FIELD = position_id
HEAD_ENTITY_ID_FIELD = head_id
TAIL_ENTITY_ID_FIELD = tail_id
RELATION_ID_FIELD = relation_id
ENTITY_ID_FIELD = entity_id
benchmark_filename = None

Other Hyper Parameters: 
worker = 0
wandb_project = recbole
shuffle = True
require_pow = False
enable_amp = False
enable_scaler = False
transform = None
numerical_features = []
discretization = None
kg_reverse_r = False
entity_kg_num_interval = [0,inf)
relation_kg_num_interval = [0,inf)
MODEL_TYPE = ModelType.SEQUENTIAL
model_name = TimeWeaver
hidden_size = 64
num_layers = 2
hidden_dropout_prob = 0.5
initializer_range = 0.02
time_bucket_size = 1000
ema_decay = 0.2
tcn_kernel_size = 9
ffn_hidden_size = 512
loss_type = CE
early_stop = 10
neg_sampling = None
device = cuda
use_continuous_time = False
use_time_gate = True
use_time_augmentation = False
MODEL_INPUT_TYPE = InputType.POINTWISE
eval_type = EvaluatorType.RANKING
single_spec = True
local_rank = 0
valid_neg_sample_args = {'distribution': 'uniform', 'sample_num': 100}
test_neg_sample_args = {'distribution': 'uniform', 'sample_num': 100}


Mon 16 Feb 2026 15:18:29 INFO  amazon-beauty-5core-subset
The number of users: 7001
Average actions of users: 15.458
The number of items: 11924
Average actions of items: 9.075400486454752
The number of inters: 108206
The sparsity of the dataset: 99.87038081155896%
Remain Fields: ['user_id', 'item_id', 'rating', 'timestamp']
Mon 16 Feb 2026 15:18:31 INFO  [Training]: train_batch_size = [256] train_neg_sample_args: [{'distribution': 'none', 'sample_num': 'none', 'alpha': 'none', 'dynamic': False, 'candidate_num': 0}]
Mon 16 Feb 2026 15:18:31 INFO  [Evaluation]: eval_batch_size = [512] eval_args: [{'split': {'LS': 'valid_and_test'}, 'order': 'TO', 'group_by': 'user', 'mode': {'valid': 'uni100', 'test': 'uni100'}}]
Mon 16 Feb 2026 15:18:31 INFO  TimeWeaver(
  (item_embedding): Embedding(11924, 64, padding_idx=0)
  (time_aug): TimeAwareAugmentation(
    (pos_embedding): Embedding(32, 64)
    (time_embedding): Embedding(1000, 64)
    (time_gate): TimeGate(
      (net): Sequential(
        (0): Linear(in_features=64, out_features=16, bias=True)
        (1): GELU(approximate='none')
        (2): Linear(in_features=16, out_features=64, bias=True)
        (3): Sigmoid()
      )
    )
    (layer_norm): LayerNorm((64,), eps=1e-05, elementwise_affine=True)
    (drop): Dropout(p=0.5, inplace=False)
  )
  (context_layers): ModuleList(
    (0-1): 2 x TCNNextBlock(
      (dw): DepthwiseConv1d(
        (conv): Conv1d(64, 64, kernel_size=(9,), stride=(1,), padding=(4,), groups=64)
        (bn): BatchNorm1d(64, eps=1e-05, momentum=0.1, affine=True, track_running_stats=True)
        (drop): Dropout(p=0.5, inplace=False)
      )
      (norm1): LayerNorm((64,), eps=1e-05, elementwise_affine=True)
      (conv_inter): ParallelConvInter(
        (conv1): Conv1d(64, 64, kernel_size=(1,), stride=(1,))
        (conv3): Conv1d(64, 64, kernel_size=(3,), stride=(1,), padding=(1,))
        (proj): Conv1d(64, 64, kernel_size=(1,), stride=(1,))
        (drop): Dropout(p=0.5, inplace=False)
      )
      (norm2): LayerNorm((64,), eps=1e-05, elementwise_affine=True)
      (ffn): Sequential(
        (0): Linear(in_features=64, out_features=512, bias=True)
        (1): GELU(approximate='none')
        (2): Dropout(p=0.5, inplace=False)
        (3): Linear(in_features=512, out_features=64, bias=True)
        (4): Dropout(p=0.5, inplace=False)
      )
      (norm3): LayerNorm((64,), eps=1e-05, elementwise_affine=True)
    )
  )
  (dynamic_layers): ModuleList(
    (0-1): 2 x EMAStream(
      (proj): Linear(in_features=64, out_features=64, bias=True)
    )
  )
  (weavers): ModuleList(
    (0-1): 2 x StreamWeaver(
      (proj): Linear(in_features=128, out_features=64, bias=True)
      (norm): LayerNorm((64,), eps=1e-05, elementwise_affine=True)
    )
  )
  (loss_fct): CrossEntropyLoss()
)
Trainable parameters: 1032401.0
Mon 16 Feb 2026 15:18:31 INFO  FLOPs: 6453248.0
Mon 16 Feb 2026 15:19:07 INFO  epoch 0 training [time: 34.14s, train loss: 2926.5932]
Mon 16 Feb 2026 15:19:20 INFO  epoch 0 evaluating [time: 13.20s, valid_score: 0.220700]
Mon 16 Feb 2026 15:19:20 INFO  valid result: 
hit@10 : 0.4646    ndcg@10 : 0.2785    mrr@10 : 0.2207
Mon 16 Feb 2026 15:19:20 INFO  Saving current: saved\TimeWeaver-Feb-16-2026_15-18-31.pth
Mon 16 Feb 2026 15:19:58 INFO  epoch 1 training [time: 38.16s, train loss: 2687.4098]
Mon 16 Feb 2026 15:20:13 INFO  epoch 1 evaluating [time: 14.74s, valid_score: 0.290600]
Mon 16 Feb 2026 15:20:13 INFO  valid result: 
hit@10 : 0.5116    ndcg@10 : 0.3433    mrr@10 : 0.2906
Mon 16 Feb 2026 15:20:13 INFO  Saving current: saved\TimeWeaver-Feb-16-2026_15-18-31.pth
Mon 16 Feb 2026 15:20:55 INFO  epoch 2 training [time: 42.03s, train loss: 2536.0578]
Mon 16 Feb 2026 15:21:10 INFO  epoch 2 evaluating [time: 14.90s, valid_score: 0.328900]
Mon 16 Feb 2026 15:21:10 INFO  valid result: 
hit@10 : 0.5364    ndcg@10 : 0.3784    mrr@10 : 0.3289
Mon 16 Feb 2026 15:21:10 INFO  Saving current: saved\TimeWeaver-Feb-16-2026_15-18-31.pth
Mon 16 Feb 2026 15:21:52 INFO  epoch 3 training [time: 41.63s, train loss: 2422.4065]
Mon 16 Feb 2026 15:22:06 INFO  epoch 3 evaluating [time: 14.63s, valid_score: 0.339700]
Mon 16 Feb 2026 15:22:06 INFO  valid result: 
hit@10 : 0.5383    ndcg@10 : 0.387    mrr@10 : 0.3397
Mon 16 Feb 2026 15:22:06 INFO  Saving current: saved\TimeWeaver-Feb-16-2026_15-18-31.pth
Mon 16 Feb 2026 15:22:46 INFO  epoch 4 training [time: 39.49s, train loss: 2329.9513]
Mon 16 Feb 2026 15:22:59 INFO  epoch 4 evaluating [time: 13.49s, valid_score: 0.343900]
Mon 16 Feb 2026 15:22:59 INFO  valid result: 
hit@10 : 0.5369    ndcg@10 : 0.3899    mrr@10 : 0.3439
Mon 16 Feb 2026 15:22:59 INFO  Saving current: saved\TimeWeaver-Feb-16-2026_15-18-31.pth
Mon 16 Feb 2026 15:23:36 INFO  epoch 5 training [time: 36.96s, train loss: 2250.2311]
Mon 16 Feb 2026 15:23:50 INFO  epoch 5 evaluating [time: 13.96s, valid_score: 0.345400]
Mon 16 Feb 2026 15:23:50 INFO  valid result: 
hit@10 : 0.526    ndcg@10 : 0.3885    mrr@10 : 0.3454
Mon 16 Feb 2026 15:23:50 INFO  Saving current: saved\TimeWeaver-Feb-16-2026_15-18-31.pth
Mon 16 Feb 2026 15:24:27 INFO  epoch 6 training [time: 36.60s, train loss: 2181.7058]
Mon 16 Feb 2026 15:24:41 INFO  epoch 6 evaluating [time: 13.70s, valid_score: 0.346200]
Mon 16 Feb 2026 15:24:41 INFO  valid result: 
hit@10 : 0.532    ndcg@10 : 0.3905    mrr@10 : 0.3462
Mon 16 Feb 2026 15:24:41 INFO  Saving current: saved\TimeWeaver-Feb-16-2026_15-18-31.pth
Mon 16 Feb 2026 15:25:17 INFO  epoch 7 training [time: 36.04s, train loss: 2123.6954]
Mon 16 Feb 2026 15:25:30 INFO  epoch 7 evaluating [time: 13.16s, valid_score: 0.344300]
Mon 16 Feb 2026 15:25:30 INFO  valid result: 
hit@10 : 0.5319    ndcg@10 : 0.3889    mrr@10 : 0.3443
Mon 16 Feb 2026 15:26:05 INFO  epoch 8 training [time: 35.44s, train loss: 2078.0725]
Mon 16 Feb 2026 15:26:19 INFO  epoch 8 evaluating [time: 13.24s, valid_score: 0.346300]
Mon 16 Feb 2026 15:26:19 INFO  valid result: 
hit@10 : 0.534    ndcg@10 : 0.3909    mrr@10 : 0.3463
Mon 16 Feb 2026 15:26:19 INFO  Saving current: saved\TimeWeaver-Feb-16-2026_15-18-31.pth
Mon 16 Feb 2026 15:26:54 INFO  epoch 9 training [time: 35.50s, train loss: 2040.0920]
Mon 16 Feb 2026 15:27:07 INFO  epoch 9 evaluating [time: 13.31s, valid_score: 0.346000]
Mon 16 Feb 2026 15:27:07 INFO  valid result: 
hit@10 : 0.5327    ndcg@10 : 0.3905    mrr@10 : 0.346
Mon 16 Feb 2026 15:27:43 INFO  epoch 10 training [time: 35.62s, train loss: 2005.9919]
Mon 16 Feb 2026 15:27:56 INFO  epoch 10 evaluating [time: 13.16s, valid_score: 0.349300]
Mon 16 Feb 2026 15:27:56 INFO  valid result: 
hit@10 : 0.5369    ndcg@10 : 0.3939    mrr@10 : 0.3493
Mon 16 Feb 2026 15:27:56 INFO  Saving current: saved\TimeWeaver-Feb-16-2026_15-18-31.pth
Mon 16 Feb 2026 15:28:32 INFO  epoch 11 training [time: 35.88s, train loss: 1979.6787]
Mon 16 Feb 2026 15:28:46 INFO  epoch 11 evaluating [time: 13.62s, valid_score: 0.349900]
Mon 16 Feb 2026 15:28:46 INFO  valid result: 
hit@10 : 0.5354    ndcg@10 : 0.3941    mrr@10 : 0.3499
Mon 16 Feb 2026 15:28:46 INFO  Saving current: saved\TimeWeaver-Feb-16-2026_15-18-31.pth
Mon 16 Feb 2026 15:29:22 INFO  epoch 12 training [time: 36.24s, train loss: 1954.9772]
Mon 16 Feb 2026 15:29:35 INFO  epoch 12 evaluating [time: 13.18s, valid_score: 0.347900]
Mon 16 Feb 2026 15:29:35 INFO  valid result: 
hit@10 : 0.5386    ndcg@10 : 0.3932    mrr@10 : 0.3479
Mon 16 Feb 2026 15:30:11 INFO  epoch 13 training [time: 35.42s, train loss: 1929.6165]
Mon 16 Feb 2026 15:30:24 INFO  epoch 13 evaluating [time: 13.14s, valid_score: 0.345600]
Mon 16 Feb 2026 15:30:24 INFO  valid result: 
hit@10 : 0.5329    ndcg@10 : 0.3902    mrr@10 : 0.3456
Mon 16 Feb 2026 15:31:00 INFO  epoch 14 training [time: 36.12s, train loss: 1911.1137]
Mon 16 Feb 2026 15:31:13 INFO  epoch 14 evaluating [time: 13.19s, valid_score: 0.342900]
Mon 16 Feb 2026 15:31:13 INFO  valid result: 
hit@10 : 0.5357    ndcg@10 : 0.3888    mrr@10 : 0.3429
Mon 16 Feb 2026 15:31:59 INFO  epoch 15 training [time: 46.41s, train loss: 1892.5429]
Mon 16 Feb 2026 15:32:15 INFO  epoch 15 evaluating [time: 15.89s, valid_score: 0.343500]
Mon 16 Feb 2026 15:32:15 INFO  valid result: 
hit@10 : 0.5316    ndcg@10 : 0.3881    mrr@10 : 0.3435
Mon 16 Feb 2026 15:32:56 INFO  epoch 16 training [time: 40.53s, train loss: 1874.8041]
Mon 16 Feb 2026 15:33:15 INFO  epoch 16 evaluating [time: 18.96s, valid_score: 0.339600]
Mon 16 Feb 2026 15:33:15 INFO  valid result: 
hit@10 : 0.5307    ndcg@10 : 0.3851    mrr@10 : 0.3396
Mon 16 Feb 2026 15:33:53 INFO  epoch 17 training [time: 38.05s, train loss: 1861.0342]
Mon 16 Feb 2026 15:34:06 INFO  epoch 17 evaluating [time: 12.65s, valid_score: 0.342100]
Mon 16 Feb 2026 15:34:06 INFO  valid result: 
hit@10 : 0.5289    ndcg@10 : 0.3867    mrr@10 : 0.3421
Mon 16 Feb 2026 15:34:37 INFO  epoch 18 training [time: 31.45s, train loss: 1842.7188]
Mon 16 Feb 2026 15:34:49 INFO  epoch 18 evaluating [time: 12.38s, valid_score: 0.345100]
Mon 16 Feb 2026 15:34:49 INFO  valid result: 
hit@10 : 0.5311    ndcg@10 : 0.3894    mrr@10 : 0.3451
Mon 16 Feb 2026 15:35:21 INFO  epoch 19 training [time: 31.82s, train loss: 1825.4926]
Mon 16 Feb 2026 15:35:34 INFO  epoch 19 evaluating [time: 12.33s, valid_score: 0.339800]
Mon 16 Feb 2026 15:35:34 INFO  valid result: 
hit@10 : 0.5303    ndcg@10 : 0.385    mrr@10 : 0.3398
Mon 16 Feb 2026 15:36:05 INFO  epoch 20 training [time: 31.00s, train loss: 1812.9499]
Mon 16 Feb 2026 15:36:17 INFO  epoch 20 evaluating [time: 12.34s, valid_score: 0.337600]
Mon 16 Feb 2026 15:36:17 INFO  valid result: 
hit@10 : 0.529    ndcg@10 : 0.3829    mrr@10 : 0.3376
Mon 16 Feb 2026 15:36:50 INFO  epoch 21 training [time: 32.93s, train loss: 1799.0263]
Mon 16 Feb 2026 15:37:03 INFO  epoch 21 evaluating [time: 12.73s, valid_score: 0.339200]
Mon 16 Feb 2026 15:37:03 INFO  valid result: 
hit@10 : 0.5327    ndcg@10 : 0.3852    mrr@10 : 0.3392
Mon 16 Feb 2026 15:37:33 INFO  epoch 22 training [time: 30.68s, train loss: 1785.9537]
Mon 16 Feb 2026 15:37:46 INFO  epoch 22 evaluating [time: 12.48s, valid_score: 0.337300]
Mon 16 Feb 2026 15:37:46 INFO  valid result: 
hit@10 : 0.529    ndcg@10 : 0.3828    mrr@10 : 0.3373
Mon 16 Feb 2026 15:37:46 INFO  Finished training, best eval result in epoch 11
Mon 16 Feb 2026 15:37:46 INFO  Loading model structure and parameters from saved\TimeWeaver-Feb-16-2026_15-18-31.pth
Mon 16 Feb 2026 15:37:59 INFO  The running environment of this training is as follows:
+-------------+----------------+
| Environment |     Usage      |
+=============+================+
| CPU         |     4.10 %     |
+-------------+----------------+
| GPU         | 0.31 G/6.00 G  |
+-------------+----------------+
| Memory      | 1.45 G/15.63 G |
+-------------+----------------+
Mon 16 Feb 2026 15:37:59 INFO  best valid : OrderedDict([('hit@10', 0.5354), ('ndcg@10', 0.3941), ('mrr@10', 0.3499)])
Mon 16 Feb 2026 15:37:59 INFO  test result: OrderedDict([('hit@10', 0.4927), ('ndcg@10', 0.352), ('mrr@10', 0.3082)])
Mon 16 Feb 2026 15:37:59 WARNING  command line args [--models timeweaver --datasets amazon-beauty-5core-subset --timeweaver-variant gate_discrete --seeds 42,2023,2024 --device gpu --output results/timeweaver_gate_discrete_beauty.json] will not be used in RecBole
Mon 16 Feb 2026 15:37:59 INFO  ['scripts/run_grid.py', '--models', 'timeweaver', '--datasets', 'amazon-beauty-5core-subset', '--timeweaver-variant', 'gate_discrete', '--seeds', '42,2023,2024', '--device', 'gpu', '--output', 'results/timeweaver_gate_discrete_beauty.json']
Mon 16 Feb 2026 15:37:59 INFO  
General Hyper Parameters:
gpu_id = 0
use_gpu = True
seed = 2023
state = INFO
reproducibility = True
data_path = data/amazon\amazon-beauty-5core-subset
checkpoint_dir = saved
show_progress = True
save_dataset = False
dataset_save_path = None
save_dataloaders = False
dataloaders_save_path = None
log_wandb = False

Training Hyper Parameters:
epochs = 100
train_batch_size = 256
learner = adam
learning_rate = 0.001
train_neg_sample_args = {'distribution': 'none', 'sample_num': 'none', 'alpha': 'none', 'dynamic': False, 'candidate_num': 0}
eval_step = 1
stopping_step = 10
clip_grad_norm = None
weight_decay = 0.0
loss_decimal_place = 4

Evaluation Hyper Parameters:
eval_args = {'split': {'LS': 'valid_and_test'}, 'order': 'TO', 'group_by': 'user', 'mode': {'valid': 'uni100', 'test': 'uni100'}}
repeatable = True
metrics = ['Hit', 'NDCG', 'MRR']
topk = [10]
valid_metric = MRR@10
valid_metric_bigger = True
eval_batch_size = 512
metric_decimal_place = 4

Dataset Hyper Parameters:
field_separator = 	
seq_separator =  
USER_ID_FIELD = user_id
ITEM_ID_FIELD = item_id
RATING_FIELD = rating
TIME_FIELD = timestamp
seq_len = None
LABEL_FIELD = label
threshold = None
NEG_PREFIX = neg_
load_col = {'inter': ['user_id', 'item_id', 'rating', 'timestamp']}
unload_col = None
unused_col = None
additional_feat_suffix = None
rm_dup_inter = None
val_interval = None
filter_inter_by_user_or_item = True
user_inter_num_interval = [0,inf)
item_inter_num_interval = [0,inf)
alias_of_user_id = None
alias_of_item_id = None
alias_of_entity_id = None
alias_of_relation_id = None
preload_weight = None
normalize_field = None
normalize_all = None
ITEM_LIST_LENGTH_FIELD = item_length
LIST_SUFFIX = _list
MAX_ITEM_LIST_LENGTH = 32
POSITION_FIELD = position_id
HEAD_ENTITY_ID_FIELD = head_id
TAIL_ENTITY_ID_FIELD = tail_id
RELATION_ID_FIELD = relation_id
ENTITY_ID_FIELD = entity_id
benchmark_filename = None

Other Hyper Parameters: 
worker = 0
wandb_project = recbole
shuffle = True
require_pow = False
enable_amp = False
enable_scaler = False
transform = None
numerical_features = []
discretization = None
kg_reverse_r = False
entity_kg_num_interval = [0,inf)
relation_kg_num_interval = [0,inf)
MODEL_TYPE = ModelType.SEQUENTIAL
model_name = TimeWeaver
hidden_size = 64
num_layers = 2
hidden_dropout_prob = 0.5
initializer_range = 0.02
time_bucket_size = 1000
ema_decay = 0.2
tcn_kernel_size = 9
ffn_hidden_size = 512
loss_type = CE
early_stop = 10
neg_sampling = None
device = cuda
use_continuous_time = False
use_time_gate = True
use_time_augmentation = False
MODEL_INPUT_TYPE = InputType.POINTWISE
eval_type = EvaluatorType.RANKING
single_spec = True
local_rank = 0
valid_neg_sample_args = {'distribution': 'uniform', 'sample_num': 100}
test_neg_sample_args = {'distribution': 'uniform', 'sample_num': 100}


Mon 16 Feb 2026 15:38:00 INFO  amazon-beauty-5core-subset
The number of users: 7001
Average actions of users: 15.458
The number of items: 11924
Average actions of items: 9.075400486454752
The number of inters: 108206
The sparsity of the dataset: 99.87038081155896%
Remain Fields: ['user_id', 'item_id', 'rating', 'timestamp']
Mon 16 Feb 2026 15:38:02 INFO  [Training]: train_batch_size = [256] train_neg_sample_args: [{'distribution': 'none', 'sample_num': 'none', 'alpha': 'none', 'dynamic': False, 'candidate_num': 0}]
Mon 16 Feb 2026 15:38:02 INFO  [Evaluation]: eval_batch_size = [512] eval_args: [{'split': {'LS': 'valid_and_test'}, 'order': 'TO', 'group_by': 'user', 'mode': {'valid': 'uni100', 'test': 'uni100'}}]
Mon 16 Feb 2026 15:38:02 INFO  TimeWeaver(
  (item_embedding): Embedding(11924, 64, padding_idx=0)
  (time_aug): TimeAwareAugmentation(
    (pos_embedding): Embedding(32, 64)
    (time_embedding): Embedding(1000, 64)
    (time_gate): TimeGate(
      (net): Sequential(
        (0): Linear(in_features=64, out_features=16, bias=True)
        (1): GELU(approximate='none')
        (2): Linear(in_features=16, out_features=64, bias=True)
        (3): Sigmoid()
      )
    )
    (layer_norm): LayerNorm((64,), eps=1e-05, elementwise_affine=True)
    (drop): Dropout(p=0.5, inplace=False)
  )
  (context_layers): ModuleList(
    (0-1): 2 x TCNNextBlock(
      (dw): DepthwiseConv1d(
        (conv): Conv1d(64, 64, kernel_size=(9,), stride=(1,), padding=(4,), groups=64)
        (bn): BatchNorm1d(64, eps=1e-05, momentum=0.1, affine=True, track_running_stats=True)
        (drop): Dropout(p=0.5, inplace=False)
      )
      (norm1): LayerNorm((64,), eps=1e-05, elementwise_affine=True)
      (conv_inter): ParallelConvInter(
        (conv1): Conv1d(64, 64, kernel_size=(1,), stride=(1,))
        (conv3): Conv1d(64, 64, kernel_size=(3,), stride=(1,), padding=(1,))
        (proj): Conv1d(64, 64, kernel_size=(1,), stride=(1,))
        (drop): Dropout(p=0.5, inplace=False)
      )
      (norm2): LayerNorm((64,), eps=1e-05, elementwise_affine=True)
      (ffn): Sequential(
        (0): Linear(in_features=64, out_features=512, bias=True)
        (1): GELU(approximate='none')
        (2): Dropout(p=0.5, inplace=False)
        (3): Linear(in_features=512, out_features=64, bias=True)
        (4): Dropout(p=0.5, inplace=False)
      )
      (norm3): LayerNorm((64,), eps=1e-05, elementwise_affine=True)
    )
  )
  (dynamic_layers): ModuleList(
    (0-1): 2 x EMAStream(
      (proj): Linear(in_features=64, out_features=64, bias=True)
    )
  )
  (weavers): ModuleList(
    (0-1): 2 x StreamWeaver(
      (proj): Linear(in_features=128, out_features=64, bias=True)
      (norm): LayerNorm((64,), eps=1e-05, elementwise_affine=True)
    )
  )
  (loss_fct): CrossEntropyLoss()
)
Trainable parameters: 1032401.0
Mon 16 Feb 2026 15:38:02 INFO  FLOPs: 6453248.0
Mon 16 Feb 2026 15:38:34 INFO  epoch 0 training [time: 31.97s, train loss: 2924.4151]
Mon 16 Feb 2026 15:38:46 INFO  epoch 0 evaluating [time: 12.53s, valid_score: 0.224500]
Mon 16 Feb 2026 15:38:46 INFO  valid result: 
hit@10 : 0.4687    ndcg@10 : 0.2824    mrr@10 : 0.2245
Mon 16 Feb 2026 15:38:46 INFO  Saving current: saved\TimeWeaver-Feb-16-2026_15-38-02.pth
Mon 16 Feb 2026 15:39:18 INFO  epoch 1 training [time: 31.57s, train loss: 2684.6230]
Mon 16 Feb 2026 15:39:30 INFO  epoch 1 evaluating [time: 12.56s, valid_score: 0.301000]
Mon 16 Feb 2026 15:39:30 INFO  valid result: 
hit@10 : 0.524    ndcg@10 : 0.3541    mrr@10 : 0.301
Mon 16 Feb 2026 15:39:30 INFO  Saving current: saved\TimeWeaver-Feb-16-2026_15-38-02.pth
Mon 16 Feb 2026 15:40:01 INFO  epoch 2 training [time: 31.03s, train loss: 2536.5939]
Mon 16 Feb 2026 15:40:14 INFO  epoch 2 evaluating [time: 12.62s, valid_score: 0.329200]
Mon 16 Feb 2026 15:40:14 INFO  valid result: 
hit@10 : 0.5439    ndcg@10 : 0.3803    mrr@10 : 0.3292
Mon 16 Feb 2026 15:40:14 INFO  Saving current: saved\TimeWeaver-Feb-16-2026_15-38-02.pth
Mon 16 Feb 2026 15:40:47 INFO  epoch 3 training [time: 33.42s, train loss: 2426.7055]
Mon 16 Feb 2026 15:41:00 INFO  epoch 3 evaluating [time: 12.99s, valid_score: 0.343000]
Mon 16 Feb 2026 15:41:00 INFO  valid result: 
hit@10 : 0.547    ndcg@10 : 0.3918    mrr@10 : 0.343
Mon 16 Feb 2026 15:41:00 INFO  Saving current: saved\TimeWeaver-Feb-16-2026_15-38-02.pth
Mon 16 Feb 2026 15:41:32 INFO  epoch 4 training [time: 31.79s, train loss: 2331.8588]
Mon 16 Feb 2026 15:41:45 INFO  epoch 4 evaluating [time: 12.45s, valid_score: 0.350600]
Mon 16 Feb 2026 15:41:45 INFO  valid result: 
hit@10 : 0.5441    ndcg@10 : 0.3969    mrr@10 : 0.3506
Mon 16 Feb 2026 15:41:45 INFO  Saving current: saved\TimeWeaver-Feb-16-2026_15-38-02.pth
Mon 16 Feb 2026 15:42:16 INFO  epoch 5 training [time: 31.62s, train loss: 2249.7085]
Mon 16 Feb 2026 15:42:29 INFO  epoch 5 evaluating [time: 12.46s, valid_score: 0.352700]
Mon 16 Feb 2026 15:42:29 INFO  valid result: 
hit@10 : 0.5419    ndcg@10 : 0.3978    mrr@10 : 0.3527
Mon 16 Feb 2026 15:42:29 INFO  Saving current: saved\TimeWeaver-Feb-16-2026_15-38-02.pth
Mon 16 Feb 2026 15:43:00 INFO  epoch 6 training [time: 31.48s, train loss: 2181.6966]
Mon 16 Feb 2026 15:43:13 INFO  epoch 6 evaluating [time: 12.56s, valid_score: 0.353900]
Mon 16 Feb 2026 15:43:13 INFO  valid result: 
hit@10 : 0.5419    ndcg@10 : 0.3987    mrr@10 : 0.3539
Mon 16 Feb 2026 15:43:13 INFO  Saving current: saved\TimeWeaver-Feb-16-2026_15-38-02.pth
Mon 16 Feb 2026 15:43:45 INFO  epoch 7 training [time: 31.75s, train loss: 2123.3466]
Mon 16 Feb 2026 15:43:57 INFO  epoch 7 evaluating [time: 12.37s, valid_score: 0.354800]
Mon 16 Feb 2026 15:43:57 INFO  valid result: 
hit@10 : 0.5424    ndcg@10 : 0.3995    mrr@10 : 0.3548
Mon 16 Feb 2026 15:43:57 INFO  Saving current: saved\TimeWeaver-Feb-16-2026_15-38-02.pth
Mon 16 Feb 2026 15:44:29 INFO  epoch 8 training [time: 31.84s, train loss: 2076.0925]
Mon 16 Feb 2026 15:44:42 INFO  epoch 8 evaluating [time: 12.88s, valid_score: 0.350900]
Mon 16 Feb 2026 15:44:42 INFO  valid result: 
hit@10 : 0.5324    ndcg@10 : 0.3942    mrr@10 : 0.3509
Mon 16 Feb 2026 15:45:15 INFO  epoch 9 training [time: 33.06s, train loss: 2036.8219]
Mon 16 Feb 2026 15:45:27 INFO  epoch 9 evaluating [time: 12.41s, valid_score: 0.354300]
Mon 16 Feb 2026 15:45:27 INFO  valid result: 
hit@10 : 0.5376    ndcg@10 : 0.398    mrr@10 : 0.3543
Mon 16 Feb 2026 15:45:58 INFO  epoch 10 training [time: 31.10s, train loss: 2003.9914]
Mon 16 Feb 2026 15:46:11 INFO  epoch 10 evaluating [time: 12.77s, valid_score: 0.352000]
Mon 16 Feb 2026 15:46:11 INFO  valid result: 
hit@10 : 0.54    ndcg@10 : 0.3967    mrr@10 : 0.352
Mon 16 Feb 2026 15:46:43 INFO  epoch 11 training [time: 31.55s, train loss: 1977.9389]
Mon 16 Feb 2026 15:46:55 INFO  epoch 11 evaluating [time: 12.59s, valid_score: 0.350200]
Mon 16 Feb 2026 15:46:55 INFO  valid result: 
hit@10 : 0.5353    ndcg@10 : 0.3943    mrr@10 : 0.3502
Mon 16 Feb 2026 15:47:27 INFO  epoch 12 training [time: 31.43s, train loss: 1949.8920]
Mon 16 Feb 2026 15:47:39 INFO  epoch 12 evaluating [time: 12.44s, valid_score: 0.352400]
Mon 16 Feb 2026 15:47:39 INFO  valid result: 
hit@10 : 0.5409    ndcg@10 : 0.3972    mrr@10 : 0.3524
Mon 16 Feb 2026 15:48:10 INFO  epoch 13 training [time: 31.34s, train loss: 1929.9144]
Mon 16 Feb 2026 15:48:23 INFO  epoch 13 evaluating [time: 12.67s, valid_score: 0.350600]
Mon 16 Feb 2026 15:48:23 INFO  valid result: 
hit@10 : 0.5361    ndcg@10 : 0.3947    mrr@10 : 0.3506
Mon 16 Feb 2026 15:48:56 INFO  epoch 14 training [time: 33.09s, train loss: 1907.5602]
Mon 16 Feb 2026 15:49:09 INFO  epoch 14 evaluating [time: 12.93s, valid_score: 0.355400]
Mon 16 Feb 2026 15:49:09 INFO  valid result: 
hit@10 : 0.5396    ndcg@10 : 0.3992    mrr@10 : 0.3554
Mon 16 Feb 2026 15:49:09 INFO  Saving current: saved\TimeWeaver-Feb-16-2026_15-38-02.pth
Mon 16 Feb 2026 15:49:41 INFO  epoch 15 training [time: 31.37s, train loss: 1888.3115]
Mon 16 Feb 2026 15:49:53 INFO  epoch 15 evaluating [time: 12.73s, valid_score: 0.351200]
Mon 16 Feb 2026 15:49:53 INFO  valid result: 
hit@10 : 0.5394    ndcg@10 : 0.3959    mrr@10 : 0.3512
Mon 16 Feb 2026 15:50:25 INFO  epoch 16 training [time: 31.59s, train loss: 1869.9177]
Mon 16 Feb 2026 15:50:37 INFO  epoch 16 evaluating [time: 12.48s, valid_score: 0.347300]
Mon 16 Feb 2026 15:50:37 INFO  valid result: 
hit@10 : 0.5336    ndcg@10 : 0.3917    mrr@10 : 0.3473
Mon 16 Feb 2026 15:51:09 INFO  epoch 17 training [time: 31.65s, train loss: 1853.5304]
Mon 16 Feb 2026 15:51:21 INFO  epoch 17 evaluating [time: 12.44s, valid_score: 0.347600]
Mon 16 Feb 2026 15:51:21 INFO  valid result: 
hit@10 : 0.5369    ndcg@10 : 0.3927    mrr@10 : 0.3476
Mon 16 Feb 2026 15:51:53 INFO  epoch 18 training [time: 31.54s, train loss: 1838.1714]
Mon 16 Feb 2026 15:52:05 INFO  epoch 18 evaluating [time: 12.39s, valid_score: 0.345800]
Mon 16 Feb 2026 15:52:05 INFO  valid result: 
hit@10 : 0.5361    ndcg@10 : 0.3911    mrr@10 : 0.3458
Mon 16 Feb 2026 15:52:38 INFO  epoch 19 training [time: 32.92s, train loss: 1823.1076]
Mon 16 Feb 2026 15:52:51 INFO  epoch 19 evaluating [time: 12.93s, valid_score: 0.350000]
Mon 16 Feb 2026 15:52:51 INFO  valid result: 
hit@10 : 0.5324    ndcg@10 : 0.3935    mrr@10 : 0.35
Mon 16 Feb 2026 15:53:24 INFO  epoch 20 training [time: 32.38s, train loss: 1806.2176]
Mon 16 Feb 2026 15:53:36 INFO  epoch 20 evaluating [time: 12.47s, valid_score: 0.345600]
Mon 16 Feb 2026 15:53:36 INFO  valid result: 
hit@10 : 0.5316    ndcg@10 : 0.3899    mrr@10 : 0.3456
Mon 16 Feb 2026 15:54:08 INFO  epoch 21 training [time: 31.74s, train loss: 1791.5219]
Mon 16 Feb 2026 15:54:20 INFO  epoch 21 evaluating [time: 12.64s, valid_score: 0.343000]
Mon 16 Feb 2026 15:54:20 INFO  valid result: 
hit@10 : 0.5309    ndcg@10 : 0.3877    mrr@10 : 0.343
Mon 16 Feb 2026 15:54:52 INFO  epoch 22 training [time: 31.59s, train loss: 1777.0912]
Mon 16 Feb 2026 15:55:05 INFO  epoch 22 evaluating [time: 12.54s, valid_score: 0.338200]
Mon 16 Feb 2026 15:55:05 INFO  valid result: 
hit@10 : 0.5284    ndcg@10 : 0.3834    mrr@10 : 0.3382
Mon 16 Feb 2026 15:55:36 INFO  epoch 23 training [time: 31.79s, train loss: 1768.4625]
Mon 16 Feb 2026 15:55:49 INFO  epoch 23 evaluating [time: 12.52s, valid_score: 0.340500]
Mon 16 Feb 2026 15:55:49 INFO  valid result: 
hit@10 : 0.5274    ndcg@10 : 0.3849    mrr@10 : 0.3405
Mon 16 Feb 2026 15:56:20 INFO  epoch 24 training [time: 31.41s, train loss: 1753.6298]
Mon 16 Feb 2026 15:56:33 INFO  epoch 24 evaluating [time: 12.83s, valid_score: 0.342600]
Mon 16 Feb 2026 15:56:33 INFO  valid result: 
hit@10 : 0.5226    ndcg@10 : 0.3854    mrr@10 : 0.3426
Mon 16 Feb 2026 15:57:06 INFO  epoch 25 training [time: 32.94s, train loss: 1739.1153]
Mon 16 Feb 2026 15:57:19 INFO  epoch 25 evaluating [time: 12.68s, valid_score: 0.337600]
Mon 16 Feb 2026 15:57:19 INFO  valid result: 
hit@10 : 0.53    ndcg@10 : 0.3833    mrr@10 : 0.3376
Mon 16 Feb 2026 15:57:19 INFO  Finished training, best eval result in epoch 14
Mon 16 Feb 2026 15:57:19 INFO  Loading model structure and parameters from saved\TimeWeaver-Feb-16-2026_15-38-02.pth
Mon 16 Feb 2026 15:57:32 INFO  The running environment of this training is as follows:
+-------------+----------------+
| Environment |     Usage      |
+=============+================+
| CPU         |     5.50 %     |
+-------------+----------------+
| GPU         | 0.31 G/6.00 G  |
+-------------+----------------+
| Memory      | 0.98 G/15.63 G |
+-------------+----------------+
Mon 16 Feb 2026 15:57:32 INFO  best valid : OrderedDict([('hit@10', 0.5396), ('ndcg@10', 0.3992), ('mrr@10', 0.3554)])
Mon 16 Feb 2026 15:57:32 INFO  test result: OrderedDict([('hit@10', 0.4984), ('ndcg@10', 0.3545), ('mrr@10', 0.3095)])
Mon 16 Feb 2026 15:57:32 WARNING  command line args [--models timeweaver --datasets amazon-beauty-5core-subset --timeweaver-variant gate_discrete --seeds 42,2023,2024 --device gpu --output results/timeweaver_gate_discrete_beauty.json] will not be used in RecBole
Mon 16 Feb 2026 15:57:32 INFO  ['scripts/run_grid.py', '--models', 'timeweaver', '--datasets', 'amazon-beauty-5core-subset', '--timeweaver-variant', 'gate_discrete', '--seeds', '42,2023,2024', '--device', 'gpu', '--output', 'results/timeweaver_gate_discrete_beauty.json']
Mon 16 Feb 2026 15:57:32 INFO  
General Hyper Parameters:
gpu_id = 0
use_gpu = True
seed = 2024
state = INFO
reproducibility = True
data_path = data/amazon\amazon-beauty-5core-subset
checkpoint_dir = saved
show_progress = True
save_dataset = False
dataset_save_path = None
save_dataloaders = False
dataloaders_save_path = None
log_wandb = False

Training Hyper Parameters:
epochs = 100
train_batch_size = 256
learner = adam
learning_rate = 0.001
train_neg_sample_args = {'distribution': 'none', 'sample_num': 'none', 'alpha': 'none', 'dynamic': False, 'candidate_num': 0}
eval_step = 1
stopping_step = 10
clip_grad_norm = None
weight_decay = 0.0
loss_decimal_place = 4

Evaluation Hyper Parameters:
eval_args = {'split': {'LS': 'valid_and_test'}, 'order': 'TO', 'group_by': 'user', 'mode': {'valid': 'uni100', 'test': 'uni100'}}
repeatable = True
metrics = ['Hit', 'NDCG', 'MRR']
topk = [10]
valid_metric = MRR@10
valid_metric_bigger = True
eval_batch_size = 512
metric_decimal_place = 4

Dataset Hyper Parameters:
field_separator = 	
seq_separator =  
USER_ID_FIELD = user_id
ITEM_ID_FIELD = item_id
RATING_FIELD = rating
TIME_FIELD = timestamp
seq_len = None
LABEL_FIELD = label
threshold = None
NEG_PREFIX = neg_
load_col = {'inter': ['user_id', 'item_id', 'rating', 'timestamp']}
unload_col = None
unused_col = None
additional_feat_suffix = None
rm_dup_inter = None
val_interval = None
filter_inter_by_user_or_item = True
user_inter_num_interval = [0,inf)
item_inter_num_interval = [0,inf)
alias_of_user_id = None
alias_of_item_id = None
alias_of_entity_id = None
alias_of_relation_id = None
preload_weight = None
normalize_field = None
normalize_all = None
ITEM_LIST_LENGTH_FIELD = item_length
LIST_SUFFIX = _list
MAX_ITEM_LIST_LENGTH = 32
POSITION_FIELD = position_id
HEAD_ENTITY_ID_FIELD = head_id
TAIL_ENTITY_ID_FIELD = tail_id
RELATION_ID_FIELD = relation_id
ENTITY_ID_FIELD = entity_id
benchmark_filename = None

Other Hyper Parameters: 
worker = 0
wandb_project = recbole
shuffle = True
require_pow = False
enable_amp = False
enable_scaler = False
transform = None
numerical_features = []
discretization = None
kg_reverse_r = False
entity_kg_num_interval = [0,inf)
relation_kg_num_interval = [0,inf)
MODEL_TYPE = ModelType.SEQUENTIAL
model_name = TimeWeaver
hidden_size = 64
num_layers = 2
hidden_dropout_prob = 0.5
initializer_range = 0.02
time_bucket_size = 1000
ema_decay = 0.2
tcn_kernel_size = 9
ffn_hidden_size = 512
loss_type = CE
early_stop = 10
neg_sampling = None
device = cuda
use_continuous_time = False
use_time_gate = True
use_time_augmentation = False
MODEL_INPUT_TYPE = InputType.POINTWISE
eval_type = EvaluatorType.RANKING
single_spec = True
local_rank = 0
valid_neg_sample_args = {'distribution': 'uniform', 'sample_num': 100}
test_neg_sample_args = {'distribution': 'uniform', 'sample_num': 100}


Mon 16 Feb 2026 15:57:33 INFO  amazon-beauty-5core-subset
The number of users: 7001
Average actions of users: 15.458
The number of items: 11924
Average actions of items: 9.075400486454752
The number of inters: 108206
The sparsity of the dataset: 99.87038081155896%
Remain Fields: ['user_id', 'item_id', 'rating', 'timestamp']
Mon 16 Feb 2026 15:57:34 INFO  [Training]: train_batch_size = [256] train_neg_sample_args: [{'distribution': 'none', 'sample_num': 'none', 'alpha': 'none', 'dynamic': False, 'candidate_num': 0}]
Mon 16 Feb 2026 15:57:34 INFO  [Evaluation]: eval_batch_size = [512] eval_args: [{'split': {'LS': 'valid_and_test'}, 'order': 'TO', 'group_by': 'user', 'mode': {'valid': 'uni100', 'test': 'uni100'}}]
Mon 16 Feb 2026 15:57:34 INFO  TimeWeaver(
  (item_embedding): Embedding(11924, 64, padding_idx=0)
  (time_aug): TimeAwareAugmentation(
    (pos_embedding): Embedding(32, 64)
    (time_embedding): Embedding(1000, 64)
    (time_gate): TimeGate(
      (net): Sequential(
        (0): Linear(in_features=64, out_features=16, bias=True)
        (1): GELU(approximate='none')
        (2): Linear(in_features=16, out_features=64, bias=True)
        (3): Sigmoid()
      )
    )
    (layer_norm): LayerNorm((64,), eps=1e-05, elementwise_affine=True)
    (drop): Dropout(p=0.5, inplace=False)
  )
  (context_layers): ModuleList(
    (0-1): 2 x TCNNextBlock(
      (dw): DepthwiseConv1d(
        (conv): Conv1d(64, 64, kernel_size=(9,), stride=(1,), padding=(4,), groups=64)
        (bn): BatchNorm1d(64, eps=1e-05, momentum=0.1, affine=True, track_running_stats=True)
        (drop): Dropout(p=0.5, inplace=False)
      )
      (norm1): LayerNorm((64,), eps=1e-05, elementwise_affine=True)
      (conv_inter): ParallelConvInter(
        (conv1): Conv1d(64, 64, kernel_size=(1,), stride=(1,))
        (conv3): Conv1d(64, 64, kernel_size=(3,), stride=(1,), padding=(1,))
        (proj): Conv1d(64, 64, kernel_size=(1,), stride=(1,))
        (drop): Dropout(p=0.5, inplace=False)
      )
      (norm2): LayerNorm((64,), eps=1e-05, elementwise_affine=True)
      (ffn): Sequential(
        (0): Linear(in_features=64, out_features=512, bias=True)
        (1): GELU(approximate='none')
        (2): Dropout(p=0.5, inplace=False)
        (3): Linear(in_features=512, out_features=64, bias=True)
        (4): Dropout(p=0.5, inplace=False)
      )
      (norm3): LayerNorm((64,), eps=1e-05, elementwise_affine=True)
    )
  )
  (dynamic_layers): ModuleList(
    (0-1): 2 x EMAStream(
      (proj): Linear(in_features=64, out_features=64, bias=True)
    )
  )
  (weavers): ModuleList(
    (0-1): 2 x StreamWeaver(
      (proj): Linear(in_features=128, out_features=64, bias=True)
      (norm): LayerNorm((64,), eps=1e-05, elementwise_affine=True)
    )
  )
  (loss_fct): CrossEntropyLoss()
)
Trainable parameters: 1032401.0
Mon 16 Feb 2026 15:57:34 INFO  FLOPs: 6453248.0
Mon 16 Feb 2026 15:58:07 INFO  epoch 0 training [time: 32.33s, train loss: 2929.0369]
Mon 16 Feb 2026 15:58:20 INFO  epoch 0 evaluating [time: 12.78s, valid_score: 0.227300]
Mon 16 Feb 2026 15:58:20 INFO  valid result: 
hit@10 : 0.4697    ndcg@10 : 0.2848    mrr@10 : 0.2273
Mon 16 Feb 2026 15:58:20 INFO  Saving current: saved\TimeWeaver-Feb-16-2026_15-57-34.pth
Mon 16 Feb 2026 15:58:51 INFO  epoch 1 training [time: 31.32s, train loss: 2689.8091]
Mon 16 Feb 2026 15:59:04 INFO  epoch 1 evaluating [time: 12.73s, valid_score: 0.290100]
Mon 16 Feb 2026 15:59:04 INFO  valid result: 
hit@10 : 0.5174    ndcg@10 : 0.3443    mrr@10 : 0.2901
Mon 16 Feb 2026 15:59:04 INFO  Saving current: saved\TimeWeaver-Feb-16-2026_15-57-34.pth
Mon 16 Feb 2026 15:59:35 INFO  epoch 2 training [time: 31.61s, train loss: 2542.8750]
Mon 16 Feb 2026 15:59:48 INFO  epoch 2 evaluating [time: 12.60s, valid_score: 0.323600]
Mon 16 Feb 2026 15:59:48 INFO  valid result: 
hit@10 : 0.532    ndcg@10 : 0.3733    mrr@10 : 0.3236
Mon 16 Feb 2026 15:59:48 INFO  Saving current: saved\TimeWeaver-Feb-16-2026_15-57-34.pth
Mon 16 Feb 2026 16:00:19 INFO  epoch 3 training [time: 31.47s, train loss: 2428.3938]
Mon 16 Feb 2026 16:00:32 INFO  epoch 3 evaluating [time: 12.95s, valid_score: 0.337000]
Mon 16 Feb 2026 16:00:32 INFO  valid result: 
hit@10 : 0.5423    ndcg@10 : 0.3859    mrr@10 : 0.337
Mon 16 Feb 2026 16:00:32 INFO  Saving current: saved\TimeWeaver-Feb-16-2026_15-57-34.pth
Mon 16 Feb 2026 16:01:05 INFO  epoch 4 training [time: 32.97s, train loss: 2332.9689]
Mon 16 Feb 2026 16:01:18 INFO  epoch 4 evaluating [time: 13.01s, valid_score: 0.349100]
Mon 16 Feb 2026 16:01:18 INFO  valid result: 
hit@10 : 0.5436    ndcg@10 : 0.3953    mrr@10 : 0.3491
Mon 16 Feb 2026 16:01:18 INFO  Saving current: saved\TimeWeaver-Feb-16-2026_15-57-34.pth
Mon 16 Feb 2026 16:01:50 INFO  epoch 5 training [time: 31.26s, train loss: 2251.6957]
Mon 16 Feb 2026 16:02:03 INFO  epoch 5 evaluating [time: 12.94s, valid_score: 0.348700]
Mon 16 Feb 2026 16:02:03 INFO  valid result: 
hit@10 : 0.5369    ndcg@10 : 0.3935    mrr@10 : 0.3487
Mon 16 Feb 2026 16:02:34 INFO  epoch 6 training [time: 31.45s, train loss: 2183.6283]
Mon 16 Feb 2026 16:02:47 INFO  epoch 6 evaluating [time: 12.68s, valid_score: 0.345900]
Mon 16 Feb 2026 16:02:47 INFO  valid result: 
hit@10 : 0.5309    ndcg@10 : 0.3898    mrr@10 : 0.3459
Mon 16 Feb 2026 16:03:19 INFO  epoch 7 training [time: 31.95s, train loss: 2127.4032]
Mon 16 Feb 2026 16:03:31 INFO  epoch 7 evaluating [time: 12.75s, valid_score: 0.354600]
Mon 16 Feb 2026 16:03:31 INFO  valid result: 
hit@10 : 0.5291    ndcg@10 : 0.3962    mrr@10 : 0.3546
Mon 16 Feb 2026 16:03:31 INFO  Saving current: saved\TimeWeaver-Feb-16-2026_15-57-34.pth
Mon 16 Feb 2026 16:04:03 INFO  epoch 8 training [time: 31.46s, train loss: 2080.1655]
Mon 16 Feb 2026 16:04:16 INFO  epoch 8 evaluating [time: 12.63s, valid_score: 0.347900]
Mon 16 Feb 2026 16:04:16 INFO  valid result: 
hit@10 : 0.5286    ndcg@10 : 0.3909    mrr@10 : 0.3479
Mon 16 Feb 2026 16:04:49 INFO  epoch 9 training [time: 33.41s, train loss: 2039.7548]
Mon 16 Feb 2026 16:05:02 INFO  epoch 9 evaluating [time: 13.16s, valid_score: 0.346600]
Mon 16 Feb 2026 16:05:02 INFO  valid result: 
hit@10 : 0.5291    ndcg@10 : 0.39    mrr@10 : 0.3466
Mon 16 Feb 2026 16:05:34 INFO  epoch 10 training [time: 31.88s, train loss: 2006.8998]
Mon 16 Feb 2026 16:05:47 INFO  epoch 10 evaluating [time: 12.73s, valid_score: 0.347900]
Mon 16 Feb 2026 16:05:47 INFO  valid result: 
hit@10 : 0.5291    ndcg@10 : 0.391    mrr@10 : 0.3479
Mon 16 Feb 2026 16:06:19 INFO  epoch 11 training [time: 31.95s, train loss: 1979.2226]
Mon 16 Feb 2026 16:06:31 INFO  epoch 11 evaluating [time: 12.67s, valid_score: 0.349600]
Mon 16 Feb 2026 16:06:31 INFO  valid result: 
hit@10 : 0.5341    ndcg@10 : 0.3936    mrr@10 : 0.3496
Mon 16 Feb 2026 16:07:03 INFO  epoch 12 training [time: 31.52s, train loss: 1953.5935]
Mon 16 Feb 2026 16:07:15 INFO  epoch 12 evaluating [time: 12.63s, valid_score: 0.346000]
Mon 16 Feb 2026 16:07:15 INFO  valid result: 
hit@10 : 0.5271    ndcg@10 : 0.3891    mrr@10 : 0.346
Mon 16 Feb 2026 16:07:47 INFO  epoch 13 training [time: 31.77s, train loss: 1929.9519]
Mon 16 Feb 2026 16:08:00 INFO  epoch 13 evaluating [time: 12.52s, valid_score: 0.350700]
Mon 16 Feb 2026 16:08:00 INFO  valid result: 
hit@10 : 0.5347    ndcg@10 : 0.3944    mrr@10 : 0.3507
Mon 16 Feb 2026 16:08:32 INFO  epoch 14 training [time: 32.37s, train loss: 1910.0424]
Mon 16 Feb 2026 16:08:45 INFO  epoch 14 evaluating [time: 12.98s, valid_score: 0.345200]
Mon 16 Feb 2026 16:08:45 INFO  valid result: 
hit@10 : 0.5347    ndcg@10 : 0.3901    mrr@10 : 0.3452
Mon 16 Feb 2026 16:09:18 INFO  epoch 15 training [time: 32.77s, train loss: 1889.6710]
Mon 16 Feb 2026 16:09:30 INFO  epoch 15 evaluating [time: 12.58s, valid_score: 0.344200]
Mon 16 Feb 2026 16:09:30 INFO  valid result: 
hit@10 : 0.5296    ndcg@10 : 0.3883    mrr@10 : 0.3442
Mon 16 Feb 2026 16:10:02 INFO  epoch 16 training [time: 31.64s, train loss: 1872.0359]
Mon 16 Feb 2026 16:10:15 INFO  epoch 16 evaluating [time: 13.03s, valid_score: 0.350900]
Mon 16 Feb 2026 16:10:15 INFO  valid result: 
hit@10 : 0.5323    ndcg@10 : 0.394    mrr@10 : 0.3509
Mon 16 Feb 2026 16:10:47 INFO  epoch 17 training [time: 31.49s, train loss: 1855.3297]
Mon 16 Feb 2026 16:10:59 INFO  epoch 17 evaluating [time: 12.63s, valid_score: 0.345300]
Mon 16 Feb 2026 16:10:59 INFO  valid result: 
hit@10 : 0.5349    ndcg@10 : 0.3903    mrr@10 : 0.3453
Mon 16 Feb 2026 16:11:31 INFO  epoch 18 training [time: 31.95s, train loss: 1838.0858]
Mon 16 Feb 2026 16:11:44 INFO  epoch 18 evaluating [time: 12.65s, valid_score: 0.338800]
Mon 16 Feb 2026 16:11:44 INFO  valid result: 
hit@10 : 0.5337    ndcg@10 : 0.385    mrr@10 : 0.3388
Mon 16 Feb 2026 16:11:44 INFO  Finished training, best eval result in epoch 7
Mon 16 Feb 2026 16:11:44 INFO  Loading model structure and parameters from saved\TimeWeaver-Feb-16-2026_15-57-34.pth
Mon 16 Feb 2026 16:11:57 INFO  The running environment of this training is as follows:
+-------------+----------------+
| Environment |     Usage      |
+=============+================+
| CPU         |     5.80 %     |
+-------------+----------------+
| GPU         | 0.31 G/6.00 G  |
+-------------+----------------+
| Memory      | 0.98 G/15.63 G |
+-------------+----------------+
Mon 16 Feb 2026 16:11:57 INFO  best valid : OrderedDict([('hit@10', 0.5291), ('ndcg@10', 0.3962), ('mrr@10', 0.3546)])
Mon 16 Feb 2026 16:11:57 INFO  test result: OrderedDict([('hit@10', 0.4956), ('ndcg@10', 0.3527), ('mrr@10', 0.3082)])
