Wed 11 Feb 2026 13:46:11 INFO  ['F:\\桌面\\recommendation_system\\scripts\\run_grid.py', '--models', 'timeweaver', '--datasets', 'amazon-beauty-5core-subset', '--seeds', '42', '--device', 'gpu', '--timeweaver-variant', 'base', '--tag', 'e0p05_k7_d0p5_l1_f512_b1000', '--output', 'results/run_grid_timeweaver_tune.json', '--tw-ema-decay', '0.05', '--tw-tcn-kernel', '7', '--tw-hidden-dropout', '0.5', '--tw-num-layers', '1', '--tw-ffn-hidden', '512', '--tw-time-bucket', '1000']
Wed 11 Feb 2026 13:46:11 INFO  
General Hyper Parameters:
gpu_id = 0
use_gpu = True
seed = 42
state = INFO
reproducibility = True
data_path = data/amazon\amazon-beauty-5core-subset
checkpoint_dir = saved
show_progress = True
save_dataset = False
dataset_save_path = None
save_dataloaders = False
dataloaders_save_path = None
log_wandb = False

Training Hyper Parameters:
epochs = 100
train_batch_size = 256
learner = adam
learning_rate = 0.001
train_neg_sample_args = {'distribution': 'none', 'sample_num': 'none', 'alpha': 'none', 'dynamic': False, 'candidate_num': 0}
eval_step = 1
stopping_step = 10
clip_grad_norm = None
weight_decay = 0.0
loss_decimal_place = 4

Evaluation Hyper Parameters:
eval_args = {'split': {'LS': 'valid_and_test'}, 'order': 'TO', 'group_by': 'user', 'mode': {'valid': 'uni100', 'test': 'uni100'}}
repeatable = True
metrics = ['Hit', 'NDCG', 'MRR']
topk = [10]
valid_metric = MRR@10
valid_metric_bigger = True
eval_batch_size = 512
metric_decimal_place = 4

Dataset Hyper Parameters:
field_separator = 	
seq_separator =  
USER_ID_FIELD = user_id
ITEM_ID_FIELD = item_id
RATING_FIELD = rating
TIME_FIELD = timestamp
seq_len = None
LABEL_FIELD = label
threshold = None
NEG_PREFIX = neg_
load_col = {'inter': ['user_id', 'item_id', 'rating', 'timestamp']}
unload_col = None
unused_col = None
additional_feat_suffix = None
rm_dup_inter = None
val_interval = None
filter_inter_by_user_or_item = True
user_inter_num_interval = [0,inf)
item_inter_num_interval = [0,inf)
alias_of_user_id = None
alias_of_item_id = None
alias_of_entity_id = None
alias_of_relation_id = None
preload_weight = None
normalize_field = None
normalize_all = None
ITEM_LIST_LENGTH_FIELD = item_length
LIST_SUFFIX = _list
MAX_ITEM_LIST_LENGTH = 32
POSITION_FIELD = position_id
HEAD_ENTITY_ID_FIELD = head_id
TAIL_ENTITY_ID_FIELD = tail_id
RELATION_ID_FIELD = relation_id
ENTITY_ID_FIELD = entity_id
benchmark_filename = None

Other Hyper Parameters: 
worker = 0
wandb_project = recbole
shuffle = True
require_pow = False
enable_amp = False
enable_scaler = False
transform = None
numerical_features = []
discretization = None
kg_reverse_r = False
entity_kg_num_interval = [0,inf)
relation_kg_num_interval = [0,inf)
MODEL_TYPE = ModelType.SEQUENTIAL
model_name = TimeWeaver
hidden_size = 64
num_layers = 1
hidden_dropout_prob = 0.5
initializer_range = 0.02
time_bucket_size = 1000
ema_decay = 0.05
tcn_kernel_size = 7
ffn_hidden_size = 512
loss_type = CE
early_stop = 10
neg_sampling = None
device = cuda
use_continuous_time = False
use_time_gate = False
use_time_augmentation = False
MODEL_INPUT_TYPE = InputType.POINTWISE
eval_type = EvaluatorType.RANKING
single_spec = True
local_rank = 0
valid_neg_sample_args = {'distribution': 'uniform', 'sample_num': 100}
test_neg_sample_args = {'distribution': 'uniform', 'sample_num': 100}


Wed 11 Feb 2026 13:46:12 INFO  amazon-beauty-5core-subset
The number of users: 7001
Average actions of users: 15.458
The number of items: 11924
Average actions of items: 9.075400486454752
The number of inters: 108206
The sparsity of the dataset: 99.87038081155896%
Remain Fields: ['user_id', 'item_id', 'rating', 'timestamp']
Wed 11 Feb 2026 13:46:13 INFO  [Training]: train_batch_size = [256] train_neg_sample_args: [{'distribution': 'none', 'sample_num': 'none', 'alpha': 'none', 'dynamic': False, 'candidate_num': 0}]
Wed 11 Feb 2026 13:46:13 INFO  [Evaluation]: eval_batch_size = [512] eval_args: [{'split': {'LS': 'valid_and_test'}, 'order': 'TO', 'group_by': 'user', 'mode': {'valid': 'uni100', 'test': 'uni100'}}]
Wed 11 Feb 2026 13:46:14 INFO  TimeWeaver(
  (item_embedding): Embedding(11924, 64, padding_idx=0)
  (time_aug): TimeAwareAugmentation(
    (pos_embedding): Embedding(32, 64)
    (time_embedding): Embedding(1000, 64)
    (layer_norm): LayerNorm((64,), eps=1e-05, elementwise_affine=True)
    (drop): Dropout(p=0.5, inplace=False)
  )
  (context_layers): ModuleList(
    (0): TCNNextBlock(
      (dw): DepthwiseConv1d(
        (conv): Conv1d(64, 64, kernel_size=(7,), stride=(1,), padding=(3,), groups=64)
        (bn): BatchNorm1d(64, eps=1e-05, momentum=0.1, affine=True, track_running_stats=True)
        (drop): Dropout(p=0.5, inplace=False)
      )
      (norm1): LayerNorm((64,), eps=1e-05, elementwise_affine=True)
      (conv_inter): ParallelConvInter(
        (conv1): Conv1d(64, 64, kernel_size=(1,), stride=(1,))
        (conv3): Conv1d(64, 64, kernel_size=(3,), stride=(1,), padding=(1,))
        (proj): Conv1d(64, 64, kernel_size=(1,), stride=(1,))
        (drop): Dropout(p=0.5, inplace=False)
      )
      (norm2): LayerNorm((64,), eps=1e-05, elementwise_affine=True)
      (ffn): Sequential(
        (0): Linear(in_features=64, out_features=512, bias=True)
        (1): GELU(approximate='none')
        (2): Dropout(p=0.5, inplace=False)
        (3): Linear(in_features=512, out_features=64, bias=True)
        (4): Dropout(p=0.5, inplace=False)
      )
      (norm3): LayerNorm((64,), eps=1e-05, elementwise_affine=True)
    )
  )
  (dynamic_layers): ModuleList(
    (0): EMAStream(
      (proj): Linear(in_features=64, out_features=64, bias=True)
    )
  )
  (weavers): ModuleList(
    (0): StreamWeaver(
      (proj): Linear(in_features=128, out_features=64, bias=True)
      (norm): LayerNorm((64,), eps=1e-05, elementwise_affine=True)
    )
  )
  (loss_fct): CrossEntropyLoss()
)
Trainable parameters: 929665.0
Wed 11 Feb 2026 13:46:14 INFO  FLOPs: 3194880.0
Wed 11 Feb 2026 13:46:31 INFO  epoch 0 training [time: 15.76s, train loss: 2942.1078]
Wed 11 Feb 2026 13:46:39 INFO  epoch 0 evaluating [time: 8.18s, valid_score: 0.210800]
Wed 11 Feb 2026 13:46:39 INFO  valid result: 
hit@10 : 0.4511    ndcg@10 : 0.2677    mrr@10 : 0.2108
Wed 11 Feb 2026 13:46:39 INFO  Saving current: saved\TimeWeaver-Feb-11-2026_13-46-14.pth
Wed 11 Feb 2026 13:46:55 INFO  epoch 1 training [time: 16.29s, train loss: 2692.5979]
Wed 11 Feb 2026 13:47:04 INFO  epoch 1 evaluating [time: 8.25s, valid_score: 0.283700]
Wed 11 Feb 2026 13:47:04 INFO  valid result: 
hit@10 : 0.4927    ndcg@10 : 0.3335    mrr@10 : 0.2837
Wed 11 Feb 2026 13:47:04 INFO  Saving current: saved\TimeWeaver-Feb-11-2026_13-46-14.pth
Wed 11 Feb 2026 13:47:21 INFO  epoch 2 training [time: 17.45s, train loss: 2532.9016]
Wed 11 Feb 2026 13:47:30 INFO  epoch 2 evaluating [time: 8.54s, valid_score: 0.326400]
Wed 11 Feb 2026 13:47:30 INFO  valid result: 
hit@10 : 0.5281    ndcg@10 : 0.3746    mrr@10 : 0.3264
Wed 11 Feb 2026 13:47:30 INFO  Saving current: saved\TimeWeaver-Feb-11-2026_13-46-14.pth
Wed 11 Feb 2026 13:47:47 INFO  epoch 3 training [time: 17.26s, train loss: 2414.2242]
Wed 11 Feb 2026 13:47:56 INFO  epoch 3 evaluating [time: 8.77s, valid_score: 0.340100]
Wed 11 Feb 2026 13:47:56 INFO  valid result: 
hit@10 : 0.5361    ndcg@10 : 0.3869    mrr@10 : 0.3401
Wed 11 Feb 2026 13:47:56 INFO  Saving current: saved\TimeWeaver-Feb-11-2026_13-46-14.pth
Wed 11 Feb 2026 13:48:12 INFO  epoch 4 training [time: 16.75s, train loss: 2319.3323]
Wed 11 Feb 2026 13:48:20 INFO  epoch 4 evaluating [time: 8.18s, valid_score: 0.341900]
Wed 11 Feb 2026 13:48:20 INFO  valid result: 
hit@10 : 0.5313    ndcg@10 : 0.3872    mrr@10 : 0.3419
Wed 11 Feb 2026 13:48:21 INFO  Saving current: saved\TimeWeaver-Feb-11-2026_13-46-14.pth
Wed 11 Feb 2026 13:48:37 INFO  epoch 5 training [time: 16.42s, train loss: 2238.9584]
Wed 11 Feb 2026 13:48:46 INFO  epoch 5 evaluating [time: 8.60s, valid_score: 0.346900]
Wed 11 Feb 2026 13:48:46 INFO  valid result: 
hit@10 : 0.5363    ndcg@10 : 0.392    mrr@10 : 0.3469
Wed 11 Feb 2026 13:48:46 INFO  Saving current: saved\TimeWeaver-Feb-11-2026_13-46-14.pth
Wed 11 Feb 2026 13:49:02 INFO  epoch 6 training [time: 16.78s, train loss: 2176.2088]
Wed 11 Feb 2026 13:49:10 INFO  epoch 6 evaluating [time: 8.11s, valid_score: 0.348600]
Wed 11 Feb 2026 13:49:10 INFO  valid result: 
hit@10 : 0.5323    ndcg@10 : 0.3924    mrr@10 : 0.3486
Wed 11 Feb 2026 13:49:10 INFO  Saving current: saved\TimeWeaver-Feb-11-2026_13-46-14.pth
Wed 11 Feb 2026 13:49:27 INFO  epoch 7 training [time: 16.31s, train loss: 2121.2174]
Wed 11 Feb 2026 13:49:35 INFO  epoch 7 evaluating [time: 8.36s, valid_score: 0.350000]
Wed 11 Feb 2026 13:49:35 INFO  valid result: 
hit@10 : 0.5331    ndcg@10 : 0.3937    mrr@10 : 0.35
Wed 11 Feb 2026 13:49:35 INFO  Saving current: saved\TimeWeaver-Feb-11-2026_13-46-14.pth
Wed 11 Feb 2026 13:49:52 INFO  epoch 8 training [time: 16.82s, train loss: 2080.1600]
Wed 11 Feb 2026 13:50:01 INFO  epoch 8 evaluating [time: 8.57s, valid_score: 0.346400]
Wed 11 Feb 2026 13:50:01 INFO  valid result: 
hit@10 : 0.529    ndcg@10 : 0.3899    mrr@10 : 0.3464
Wed 11 Feb 2026 13:50:17 INFO  epoch 9 training [time: 16.92s, train loss: 2045.6981]
Wed 11 Feb 2026 13:50:26 INFO  epoch 9 evaluating [time: 8.39s, valid_score: 0.348400]
Wed 11 Feb 2026 13:50:26 INFO  valid result: 
hit@10 : 0.5337    ndcg@10 : 0.3925    mrr@10 : 0.3484
Wed 11 Feb 2026 13:50:42 INFO  epoch 10 training [time: 16.60s, train loss: 2017.7090]
Wed 11 Feb 2026 13:50:51 INFO  epoch 10 evaluating [time: 8.12s, valid_score: 0.348100]
Wed 11 Feb 2026 13:50:51 INFO  valid result: 
hit@10 : 0.5344    ndcg@10 : 0.3926    mrr@10 : 0.3481
Wed 11 Feb 2026 13:51:07 INFO  epoch 11 training [time: 16.53s, train loss: 1992.8086]
Wed 11 Feb 2026 13:51:16 INFO  epoch 11 evaluating [time: 8.49s, valid_score: 0.353000]
Wed 11 Feb 2026 13:51:16 INFO  valid result: 
hit@10 : 0.5409    ndcg@10 : 0.3977    mrr@10 : 0.353
Wed 11 Feb 2026 13:51:16 INFO  Saving current: saved\TimeWeaver-Feb-11-2026_13-46-14.pth
Wed 11 Feb 2026 13:51:33 INFO  epoch 12 training [time: 17.45s, train loss: 1969.2175]
Wed 11 Feb 2026 13:51:42 INFO  epoch 12 evaluating [time: 8.77s, valid_score: 0.351700]
Wed 11 Feb 2026 13:51:42 INFO  valid result: 
hit@10 : 0.5341    ndcg@10 : 0.3951    mrr@10 : 0.3517
Wed 11 Feb 2026 13:51:59 INFO  epoch 13 training [time: 17.26s, train loss: 1949.4196]
Wed 11 Feb 2026 13:52:08 INFO  epoch 13 evaluating [time: 8.42s, valid_score: 0.345200]
Wed 11 Feb 2026 13:52:08 INFO  valid result: 
hit@10 : 0.5314    ndcg@10 : 0.3896    mrr@10 : 0.3452
Wed 11 Feb 2026 13:52:24 INFO  epoch 14 training [time: 16.48s, train loss: 1931.3464]
Wed 11 Feb 2026 13:52:32 INFO  epoch 14 evaluating [time: 8.11s, valid_score: 0.349300]
Wed 11 Feb 2026 13:52:32 INFO  valid result: 
hit@10 : 0.5307    ndcg@10 : 0.3926    mrr@10 : 0.3493
Wed 11 Feb 2026 13:52:49 INFO  epoch 15 training [time: 16.81s, train loss: 1915.9418]
Wed 11 Feb 2026 13:52:58 INFO  epoch 15 evaluating [time: 8.59s, valid_score: 0.348300]
Wed 11 Feb 2026 13:52:58 INFO  valid result: 
hit@10 : 0.5329    ndcg@10 : 0.3923    mrr@10 : 0.3483
Wed 11 Feb 2026 13:53:14 INFO  epoch 16 training [time: 16.55s, train loss: 1899.8086]
Wed 11 Feb 2026 13:53:22 INFO  epoch 16 evaluating [time: 8.20s, valid_score: 0.346000]
Wed 11 Feb 2026 13:53:22 INFO  valid result: 
hit@10 : 0.5336    ndcg@10 : 0.3907    mrr@10 : 0.346
Wed 11 Feb 2026 13:53:39 INFO  epoch 17 training [time: 16.60s, train loss: 1882.1621]
Wed 11 Feb 2026 13:53:47 INFO  epoch 17 evaluating [time: 8.57s, valid_score: 0.344700]
Wed 11 Feb 2026 13:53:47 INFO  valid result: 
hit@10 : 0.529    ndcg@10 : 0.3886    mrr@10 : 0.3447
Wed 11 Feb 2026 13:54:04 INFO  epoch 18 training [time: 16.88s, train loss: 1871.1852]
Wed 11 Feb 2026 13:54:13 INFO  epoch 18 evaluating [time: 8.57s, valid_score: 0.344600]
Wed 11 Feb 2026 13:54:13 INFO  valid result: 
hit@10 : 0.5331    ndcg@10 : 0.3895    mrr@10 : 0.3446
Wed 11 Feb 2026 13:54:30 INFO  epoch 19 training [time: 17.06s, train loss: 1856.6819]
Wed 11 Feb 2026 13:54:38 INFO  epoch 19 evaluating [time: 8.27s, valid_score: 0.344000]
Wed 11 Feb 2026 13:54:38 INFO  valid result: 
hit@10 : 0.5279    ndcg@10 : 0.3878    mrr@10 : 0.344
Wed 11 Feb 2026 13:54:55 INFO  epoch 20 training [time: 16.51s, train loss: 1843.6478]
Wed 11 Feb 2026 13:55:03 INFO  epoch 20 evaluating [time: 8.19s, valid_score: 0.344000]
Wed 11 Feb 2026 13:55:03 INFO  valid result: 
hit@10 : 0.5331    ndcg@10 : 0.3889    mrr@10 : 0.344
Wed 11 Feb 2026 13:55:20 INFO  epoch 21 training [time: 17.38s, train loss: 1832.8451]
Wed 11 Feb 2026 13:55:29 INFO  epoch 21 evaluating [time: 8.48s, valid_score: 0.342100]
Wed 11 Feb 2026 13:55:29 INFO  valid result: 
hit@10 : 0.5334    ndcg@10 : 0.3876    mrr@10 : 0.3421
Wed 11 Feb 2026 13:55:46 INFO  epoch 22 training [time: 17.23s, train loss: 1818.2883]
Wed 11 Feb 2026 13:55:55 INFO  epoch 22 evaluating [time: 8.81s, valid_score: 0.341900]
Wed 11 Feb 2026 13:55:55 INFO  valid result: 
hit@10 : 0.5311    ndcg@10 : 0.3868    mrr@10 : 0.3419
Wed 11 Feb 2026 13:55:55 INFO  Finished training, best eval result in epoch 11
Wed 11 Feb 2026 13:55:55 INFO  Loading model structure and parameters from saved\TimeWeaver-Feb-11-2026_13-46-14.pth
Wed 11 Feb 2026 13:56:04 INFO  The running environment of this training is as follows:
+-------------+----------------+
| Environment |     Usage      |
+=============+================+
| CPU         |     7.70 %     |
+-------------+----------------+
| GPU         | 0.23 G/6.00 G  |
+-------------+----------------+
| Memory      | 1.43 G/15.63 G |
+-------------+----------------+
Wed 11 Feb 2026 13:56:04 INFO  best valid : OrderedDict([('hit@10', 0.5409), ('ndcg@10', 0.3977), ('mrr@10', 0.353)])
Wed 11 Feb 2026 13:56:04 INFO  test result: OrderedDict([('hit@10', 0.4894), ('ndcg@10', 0.3476), ('mrr@10', 0.3035)])
