Mon 09 Feb 2026 09:10:53 INFO  ['F:\\桌面\\recommendation_system\\scripts\\run_grid.py', '--models', 'timeweaver', '--datasets', 'ml-100k', '--seeds', '42', '--device', 'gpu', '--timeweaver-variant', 'base', '--tag', 'e0p05_k-1_d0p5_l2_f512_b1000', '--output', 'results/run_grid_timeweaver_tune.json', '--tw-ema-decay', '0.05', '--tw-tcn-kernel', '-1', '--tw-hidden-dropout', '0.5', '--tw-num-layers', '2', '--tw-ffn-hidden', '512', '--tw-time-bucket', '1000']
Mon 09 Feb 2026 09:10:53 INFO  
General Hyper Parameters:
gpu_id = 0
use_gpu = True
seed = 42
state = INFO
reproducibility = True
data_path = F:\anaconda3\envs\rec39\Lib\site-packages\recbole\config\../dataset_example/ml-100k
checkpoint_dir = saved
show_progress = True
save_dataset = False
dataset_save_path = None
save_dataloaders = False
dataloaders_save_path = None
log_wandb = False

Training Hyper Parameters:
epochs = 100
train_batch_size = 256
learner = adam
learning_rate = 0.001
train_neg_sample_args = {'distribution': 'none', 'sample_num': 'none', 'alpha': 'none', 'dynamic': False, 'candidate_num': 0}
eval_step = 1
stopping_step = 10
clip_grad_norm = None
weight_decay = 0.0
loss_decimal_place = 4

Evaluation Hyper Parameters:
eval_args = {'split': {'LS': 'valid_and_test'}, 'order': 'TO', 'group_by': 'user', 'mode': {'valid': 'uni100', 'test': 'uni100'}}
repeatable = True
metrics = ['Hit', 'NDCG', 'MRR']
topk = [10]
valid_metric = MRR@10
valid_metric_bigger = True
eval_batch_size = 512
metric_decimal_place = 4

Dataset Hyper Parameters:
field_separator = 	
seq_separator =  
USER_ID_FIELD = user_id
ITEM_ID_FIELD = item_id
RATING_FIELD = rating
TIME_FIELD = timestamp
seq_len = None
LABEL_FIELD = label
threshold = None
NEG_PREFIX = neg_
load_col = {'inter': ['user_id', 'item_id', 'rating', 'timestamp'], 'user': ['user_id', 'age', 'gender', 'occupation', 'zip_code'], 'item': ['item_id', 'movie_title', 'release_year', 'class']}
unload_col = None
unused_col = None
additional_feat_suffix = None
rm_dup_inter = None
val_interval = None
filter_inter_by_user_or_item = True
user_inter_num_interval = None
item_inter_num_interval = None
alias_of_user_id = None
alias_of_item_id = None
alias_of_entity_id = None
alias_of_relation_id = None
preload_weight = None
normalize_field = None
normalize_all = True
ITEM_LIST_LENGTH_FIELD = item_length
LIST_SUFFIX = _list
MAX_ITEM_LIST_LENGTH = 32
POSITION_FIELD = position_id
HEAD_ENTITY_ID_FIELD = head_id
TAIL_ENTITY_ID_FIELD = tail_id
RELATION_ID_FIELD = relation_id
ENTITY_ID_FIELD = entity_id
kg_reverse_r = False
entity_kg_num_interval = None
relation_kg_num_interval = None
benchmark_filename = None

Other Hyper Parameters: 
worker = 0
wandb_project = recbole
shuffle = True
require_pow = False
enable_amp = False
enable_scaler = False
transform = None
numerical_features = []
discretization = None
MODEL_TYPE = ModelType.SEQUENTIAL
model_name = TimeWeaver
hidden_size = 64
num_layers = 2
hidden_dropout_prob = 0.5
initializer_range = 0.02
time_bucket_size = 1000
ema_decay = 0.05
tcn_kernel_size = -1
ffn_hidden_size = 512
loss_type = CE
early_stop = 10
neg_sampling = None
device = cuda
use_continuous_time = False
use_time_gate = False
use_time_augmentation = False
MODEL_INPUT_TYPE = InputType.POINTWISE
eval_type = EvaluatorType.RANKING
single_spec = True
local_rank = 0
valid_neg_sample_args = {'distribution': 'uniform', 'sample_num': 100}
test_neg_sample_args = {'distribution': 'uniform', 'sample_num': 100}


Mon 09 Feb 2026 09:10:53 INFO  ml-100k
The number of users: 944
Average actions of users: 106.04453870625663
The number of items: 1683
Average actions of items: 59.45303210463734
The number of inters: 100000
The sparsity of the dataset: 93.70575143257098%
Remain Fields: ['user_id', 'item_id', 'rating', 'timestamp', 'age', 'gender', 'occupation', 'zip_code', 'movie_title', 'release_year', 'class']
Mon 09 Feb 2026 09:10:54 INFO  [Training]: train_batch_size = [256] train_neg_sample_args: [{'distribution': 'none', 'sample_num': 'none', 'alpha': 'none', 'dynamic': False, 'candidate_num': 0}]
Mon 09 Feb 2026 09:10:54 INFO  [Evaluation]: eval_batch_size = [512] eval_args: [{'split': {'LS': 'valid_and_test'}, 'order': 'TO', 'group_by': 'user', 'mode': {'valid': 'uni100', 'test': 'uni100'}}]
Mon 09 Feb 2026 09:10:54 INFO  TimeWeaver(
  (item_embedding): Embedding(1683, 64, padding_idx=0)
  (time_aug): TimeAwareAugmentation(
    (pos_embedding): Embedding(32, 64)
    (time_embedding): Embedding(1000, 64)
    (layer_norm): LayerNorm((64,), eps=1e-05, elementwise_affine=True)
    (drop): Dropout(p=0.5, inplace=False)
  )
  (context_layers): ModuleList(
    (0-1): 2 x TCNNextBlock(
      (dw): DepthwiseConv1d(
        (conv): Conv1d(64, 64, kernel_size=(11,), stride=(1,), padding=(5,), groups=64)
        (bn): BatchNorm1d(64, eps=1e-05, momentum=0.1, affine=True, track_running_stats=True)
        (drop): Dropout(p=0.5, inplace=False)
      )
      (norm1): LayerNorm((64,), eps=1e-05, elementwise_affine=True)
      (conv_inter): ParallelConvInter(
        (conv1): Conv1d(64, 64, kernel_size=(1,), stride=(1,))
        (conv3): Conv1d(64, 64, kernel_size=(3,), stride=(1,), padding=(1,))
        (proj): Conv1d(64, 64, kernel_size=(1,), stride=(1,))
        (drop): Dropout(p=0.5, inplace=False)
      )
      (norm2): LayerNorm((64,), eps=1e-05, elementwise_affine=True)
      (ffn): Sequential(
        (0): Linear(in_features=64, out_features=512, bias=True)
        (1): GELU(approximate='none')
        (2): Dropout(p=0.5, inplace=False)
        (3): Linear(in_features=512, out_features=64, bias=True)
        (4): Dropout(p=0.5, inplace=False)
      )
      (norm3): LayerNorm((64,), eps=1e-05, elementwise_affine=True)
    )
  )
  (dynamic_layers): ModuleList(
    (0-1): 2 x EMAStream(
      (proj): Linear(in_features=64, out_features=64, bias=True)
    )
  )
  (weavers): ModuleList(
    (0-1): 2 x StreamWeaver(
      (proj): Linear(in_features=128, out_features=64, bias=True)
      (norm): LayerNorm((64,), eps=1e-05, elementwise_affine=True)
    )
  )
  (loss_fct): CrossEntropyLoss()
)
Trainable parameters: 375105.0
Mon 09 Feb 2026 09:10:55 INFO  FLOPs: 6395904.0
Mon 09 Feb 2026 09:11:28 INFO  epoch 0 training [time: 32.69s, train loss: 2453.7153]
Mon 09 Feb 2026 09:11:31 INFO  epoch 0 evaluating [time: 2.26s, valid_score: 0.272500]
Mon 09 Feb 2026 09:11:31 INFO  valid result: 
hit@10 : 0.6585    ndcg@10 : 0.363    mrr@10 : 0.2725
Mon 09 Feb 2026 09:11:31 INFO  Saving current: saved\TimeWeaver-Feb-09-2026_09-10-55.pth
Mon 09 Feb 2026 09:12:03 INFO  epoch 1 training [time: 32.06s, train loss: 2248.8508]
Mon 09 Feb 2026 09:12:05 INFO  epoch 1 evaluating [time: 2.13s, valid_score: 0.309000]
Mon 09 Feb 2026 09:12:05 INFO  valid result: 
hit@10 : 0.685    ndcg@10 : 0.3976    mrr@10 : 0.309
Mon 09 Feb 2026 09:12:05 INFO  Saving current: saved\TimeWeaver-Feb-09-2026_09-10-55.pth
Mon 09 Feb 2026 09:12:36 INFO  epoch 2 training [time: 31.00s, train loss: 2210.6526]
Mon 09 Feb 2026 09:12:38 INFO  epoch 2 evaluating [time: 2.25s, valid_score: 0.328900]
Mon 09 Feb 2026 09:12:38 INFO  valid result: 
hit@10 : 0.6957    ndcg@10 : 0.4151    mrr@10 : 0.3289
Mon 09 Feb 2026 09:12:38 INFO  Saving current: saved\TimeWeaver-Feb-09-2026_09-10-55.pth
Mon 09 Feb 2026 09:13:10 INFO  epoch 3 training [time: 31.41s, train loss: 2188.3951]
Mon 09 Feb 2026 09:13:12 INFO  epoch 3 evaluating [time: 2.10s, valid_score: 0.325800]
Mon 09 Feb 2026 09:13:12 INFO  valid result: 
hit@10 : 0.7169    ndcg@10 : 0.4179    mrr@10 : 0.3258
Mon 09 Feb 2026 09:13:43 INFO  epoch 4 training [time: 31.20s, train loss: 2170.2543]
Mon 09 Feb 2026 09:13:45 INFO  epoch 4 evaluating [time: 2.15s, valid_score: 0.344000]
Mon 09 Feb 2026 09:13:45 INFO  valid result: 
hit@10 : 0.7317    ndcg@10 : 0.4357    mrr@10 : 0.344
Mon 09 Feb 2026 09:13:45 INFO  Saving current: saved\TimeWeaver-Feb-09-2026_09-10-55.pth
Mon 09 Feb 2026 09:14:17 INFO  epoch 5 training [time: 31.50s, train loss: 2156.4203]
Mon 09 Feb 2026 09:14:19 INFO  epoch 5 evaluating [time: 2.19s, valid_score: 0.344500]
Mon 09 Feb 2026 09:14:19 INFO  valid result: 
hit@10 : 0.7211    ndcg@10 : 0.4335    mrr@10 : 0.3445
Mon 09 Feb 2026 09:14:19 INFO  Saving current: saved\TimeWeaver-Feb-09-2026_09-10-55.pth
Mon 09 Feb 2026 09:14:50 INFO  epoch 6 training [time: 31.04s, train loss: 2143.5385]
Mon 09 Feb 2026 09:14:52 INFO  epoch 6 evaluating [time: 2.17s, valid_score: 0.327600]
Mon 09 Feb 2026 09:14:52 INFO  valid result: 
hit@10 : 0.7338    ndcg@10 : 0.4237    mrr@10 : 0.3276
Mon 09 Feb 2026 09:15:25 INFO  epoch 7 training [time: 32.63s, train loss: 2134.0683]
Mon 09 Feb 2026 09:15:27 INFO  epoch 7 evaluating [time: 2.16s, valid_score: 0.343400]
Mon 09 Feb 2026 09:15:27 INFO  valid result: 
hit@10 : 0.737    ndcg@10 : 0.4365    mrr@10 : 0.3434
Mon 09 Feb 2026 09:15:59 INFO  epoch 8 training [time: 32.20s, train loss: 2126.2314]
Mon 09 Feb 2026 09:16:01 INFO  epoch 8 evaluating [time: 2.20s, valid_score: 0.349800]
Mon 09 Feb 2026 09:16:01 INFO  valid result: 
hit@10 : 0.7423    ndcg@10 : 0.4426    mrr@10 : 0.3498
Mon 09 Feb 2026 09:16:01 INFO  Saving current: saved\TimeWeaver-Feb-09-2026_09-10-55.pth
Mon 09 Feb 2026 09:16:32 INFO  epoch 9 training [time: 30.97s, train loss: 2118.2891]
Mon 09 Feb 2026 09:16:34 INFO  epoch 9 evaluating [time: 2.22s, valid_score: 0.346400]
Mon 09 Feb 2026 09:16:34 INFO  valid result: 
hit@10 : 0.7349    ndcg@10 : 0.4385    mrr@10 : 0.3464
Mon 09 Feb 2026 09:17:06 INFO  epoch 10 training [time: 31.59s, train loss: 2111.3328]
Mon 09 Feb 2026 09:17:08 INFO  epoch 10 evaluating [time: 2.12s, valid_score: 0.337200]
Mon 09 Feb 2026 09:17:08 INFO  valid result: 
hit@10 : 0.7317    ndcg@10 : 0.4306    mrr@10 : 0.3372
Mon 09 Feb 2026 09:17:39 INFO  epoch 11 training [time: 31.21s, train loss: 2105.9273]
Mon 09 Feb 2026 09:17:41 INFO  epoch 11 evaluating [time: 2.14s, valid_score: 0.339900]
Mon 09 Feb 2026 09:17:41 INFO  valid result: 
hit@10 : 0.7391    ndcg@10 : 0.4344    mrr@10 : 0.3399
Mon 09 Feb 2026 09:18:13 INFO  epoch 12 training [time: 31.38s, train loss: 2101.6898]
Mon 09 Feb 2026 09:18:15 INFO  epoch 12 evaluating [time: 2.17s, valid_score: 0.345000]
Mon 09 Feb 2026 09:18:15 INFO  valid result: 
hit@10 : 0.7423    ndcg@10 : 0.4387    mrr@10 : 0.345
Mon 09 Feb 2026 09:18:46 INFO  epoch 13 training [time: 31.19s, train loss: 2096.4652]
Mon 09 Feb 2026 09:18:48 INFO  epoch 13 evaluating [time: 2.12s, valid_score: 0.352700]
Mon 09 Feb 2026 09:18:48 INFO  valid result: 
hit@10 : 0.7306    ndcg@10 : 0.4423    mrr@10 : 0.3527
Mon 09 Feb 2026 09:18:48 INFO  Saving current: saved\TimeWeaver-Feb-09-2026_09-10-55.pth
Mon 09 Feb 2026 09:19:21 INFO  epoch 14 training [time: 32.27s, train loss: 2093.1289]
Mon 09 Feb 2026 09:19:23 INFO  epoch 14 evaluating [time: 2.19s, valid_score: 0.346400]
Mon 09 Feb 2026 09:19:23 INFO  valid result: 
hit@10 : 0.7444    ndcg@10 : 0.4399    mrr@10 : 0.3464
Mon 09 Feb 2026 09:19:55 INFO  epoch 15 training [time: 32.27s, train loss: 2087.9571]
Mon 09 Feb 2026 09:19:57 INFO  epoch 15 evaluating [time: 2.19s, valid_score: 0.361500]
Mon 09 Feb 2026 09:19:57 INFO  valid result: 
hit@10 : 0.7381    ndcg@10 : 0.4505    mrr@10 : 0.3615
Mon 09 Feb 2026 09:19:57 INFO  Saving current: saved\TimeWeaver-Feb-09-2026_09-10-55.pth
Mon 09 Feb 2026 09:20:28 INFO  epoch 16 training [time: 30.78s, train loss: 2085.0058]
Mon 09 Feb 2026 09:20:30 INFO  epoch 16 evaluating [time: 2.11s, valid_score: 0.351900]
Mon 09 Feb 2026 09:20:30 INFO  valid result: 
hit@10 : 0.7359    ndcg@10 : 0.4427    mrr@10 : 0.3519
Mon 09 Feb 2026 09:21:02 INFO  epoch 17 training [time: 31.48s, train loss: 2081.7673]
Mon 09 Feb 2026 09:21:04 INFO  epoch 17 evaluating [time: 2.10s, valid_score: 0.335900]
Mon 09 Feb 2026 09:21:04 INFO  valid result: 
hit@10 : 0.7434    ndcg@10 : 0.4324    mrr@10 : 0.3359
Mon 09 Feb 2026 09:21:35 INFO  epoch 18 training [time: 30.96s, train loss: 2079.6254]
Mon 09 Feb 2026 09:21:37 INFO  epoch 18 evaluating [time: 2.14s, valid_score: 0.338900]
Mon 09 Feb 2026 09:21:37 INFO  valid result: 
hit@10 : 0.7391    ndcg@10 : 0.4332    mrr@10 : 0.3389
Mon 09 Feb 2026 09:22:08 INFO  epoch 19 training [time: 31.37s, train loss: 2075.7698]
Mon 09 Feb 2026 09:22:10 INFO  epoch 19 evaluating [time: 2.12s, valid_score: 0.347300]
Mon 09 Feb 2026 09:22:10 INFO  valid result: 
hit@10 : 0.7423    ndcg@10 : 0.4407    mrr@10 : 0.3473
Mon 09 Feb 2026 09:22:41 INFO  epoch 20 training [time: 31.12s, train loss: 2071.9217]
Mon 09 Feb 2026 09:22:44 INFO  epoch 20 evaluating [time: 2.12s, valid_score: 0.355900]
Mon 09 Feb 2026 09:22:44 INFO  valid result: 
hit@10 : 0.7444    ndcg@10 : 0.4479    mrr@10 : 0.3559
Mon 09 Feb 2026 09:23:15 INFO  epoch 21 training [time: 31.73s, train loss: 2070.7942]
Mon 09 Feb 2026 09:23:18 INFO  epoch 21 evaluating [time: 2.21s, valid_score: 0.336500]
Mon 09 Feb 2026 09:23:18 INFO  valid result: 
hit@10 : 0.7381    ndcg@10 : 0.4315    mrr@10 : 0.3365
Mon 09 Feb 2026 09:23:50 INFO  epoch 22 training [time: 32.54s, train loss: 2067.5569]
Mon 09 Feb 2026 09:23:52 INFO  epoch 22 evaluating [time: 2.17s, valid_score: 0.347600]
Mon 09 Feb 2026 09:23:52 INFO  valid result: 
hit@10 : 0.7413    ndcg@10 : 0.4406    mrr@10 : 0.3476
Mon 09 Feb 2026 09:24:23 INFO  epoch 23 training [time: 31.09s, train loss: 2064.6844]
Mon 09 Feb 2026 09:24:25 INFO  epoch 23 evaluating [time: 2.13s, valid_score: 0.337500]
Mon 09 Feb 2026 09:24:25 INFO  valid result: 
hit@10 : 0.737    ndcg@10 : 0.4319    mrr@10 : 0.3375
Mon 09 Feb 2026 09:24:57 INFO  epoch 24 training [time: 31.13s, train loss: 2062.6755]
Mon 09 Feb 2026 09:24:59 INFO  epoch 24 evaluating [time: 2.13s, valid_score: 0.353000]
Mon 09 Feb 2026 09:24:59 INFO  valid result: 
hit@10 : 0.7497    ndcg@10 : 0.4468    mrr@10 : 0.353
Mon 09 Feb 2026 09:25:30 INFO  epoch 25 training [time: 31.06s, train loss: 2060.7992]
Mon 09 Feb 2026 09:25:32 INFO  epoch 25 evaluating [time: 2.14s, valid_score: 0.337700]
Mon 09 Feb 2026 09:25:32 INFO  valid result: 
hit@10 : 0.7179    ndcg@10 : 0.4277    mrr@10 : 0.3377
Mon 09 Feb 2026 09:26:03 INFO  epoch 26 training [time: 31.25s, train loss: 2058.8017]
Mon 09 Feb 2026 09:26:05 INFO  epoch 26 evaluating [time: 2.16s, valid_score: 0.341500]
Mon 09 Feb 2026 09:26:05 INFO  valid result: 
hit@10 : 0.737    ndcg@10 : 0.435    mrr@10 : 0.3415
Mon 09 Feb 2026 09:26:05 INFO  Finished training, best eval result in epoch 15
Mon 09 Feb 2026 09:26:05 INFO  Loading model structure and parameters from saved\TimeWeaver-Feb-09-2026_09-10-55.pth
Mon 09 Feb 2026 09:26:08 INFO  The running environment of this training is as follows:
+-------------+----------------+
| Environment |     Usage      |
+=============+================+
| CPU         |     8.90 %     |
+-------------+----------------+
| GPU         | 0.28 G/6.00 G  |
+-------------+----------------+
| Memory      | 1.53 G/15.63 G |
+-------------+----------------+
Mon 09 Feb 2026 09:26:08 INFO  best valid : OrderedDict([('hit@10', 0.7381), ('ndcg@10', 0.4505), ('mrr@10', 0.3615)])
Mon 09 Feb 2026 09:26:08 INFO  test result: OrderedDict([('hit@10', 0.701), ('ndcg@10', 0.4231), ('mrr@10', 0.337)])
