Mon 09 Feb 2026 12:19:49 INFO  ['F:\\桌面\\recommendation_system\\scripts\\run_grid.py', '--models', 'timeweaver', '--datasets', 'ml-100k', '--seeds', '42', '--device', 'gpu', '--timeweaver-variant', 'base', '--tag', 'e0p05_k7_d0p5_l2_f512_b1000', '--output', 'results/run_grid_timeweaver_tune.json', '--tw-ema-decay', '0.05', '--tw-tcn-kernel', '7', '--tw-hidden-dropout', '0.5', '--tw-num-layers', '2', '--tw-ffn-hidden', '512', '--tw-time-bucket', '1000']
Mon 09 Feb 2026 12:19:49 INFO  
General Hyper Parameters:
gpu_id = 0
use_gpu = True
seed = 42
state = INFO
reproducibility = True
data_path = F:\anaconda3\envs\rec39\Lib\site-packages\recbole\config\../dataset_example/ml-100k
checkpoint_dir = saved
show_progress = True
save_dataset = False
dataset_save_path = None
save_dataloaders = False
dataloaders_save_path = None
log_wandb = False

Training Hyper Parameters:
epochs = 100
train_batch_size = 256
learner = adam
learning_rate = 0.001
train_neg_sample_args = {'distribution': 'none', 'sample_num': 'none', 'alpha': 'none', 'dynamic': False, 'candidate_num': 0}
eval_step = 1
stopping_step = 10
clip_grad_norm = None
weight_decay = 0.0
loss_decimal_place = 4

Evaluation Hyper Parameters:
eval_args = {'split': {'LS': 'valid_and_test'}, 'order': 'TO', 'group_by': 'user', 'mode': {'valid': 'uni100', 'test': 'uni100'}}
repeatable = True
metrics = ['Hit', 'NDCG', 'MRR']
topk = [10]
valid_metric = MRR@10
valid_metric_bigger = True
eval_batch_size = 512
metric_decimal_place = 4

Dataset Hyper Parameters:
field_separator = 	
seq_separator =  
USER_ID_FIELD = user_id
ITEM_ID_FIELD = item_id
RATING_FIELD = rating
TIME_FIELD = timestamp
seq_len = None
LABEL_FIELD = label
threshold = None
NEG_PREFIX = neg_
load_col = {'inter': ['user_id', 'item_id', 'rating', 'timestamp'], 'user': ['user_id', 'age', 'gender', 'occupation', 'zip_code'], 'item': ['item_id', 'movie_title', 'release_year', 'class']}
unload_col = None
unused_col = None
additional_feat_suffix = None
rm_dup_inter = None
val_interval = None
filter_inter_by_user_or_item = True
user_inter_num_interval = None
item_inter_num_interval = None
alias_of_user_id = None
alias_of_item_id = None
alias_of_entity_id = None
alias_of_relation_id = None
preload_weight = None
normalize_field = None
normalize_all = True
ITEM_LIST_LENGTH_FIELD = item_length
LIST_SUFFIX = _list
MAX_ITEM_LIST_LENGTH = 32
POSITION_FIELD = position_id
HEAD_ENTITY_ID_FIELD = head_id
TAIL_ENTITY_ID_FIELD = tail_id
RELATION_ID_FIELD = relation_id
ENTITY_ID_FIELD = entity_id
kg_reverse_r = False
entity_kg_num_interval = None
relation_kg_num_interval = None
benchmark_filename = None

Other Hyper Parameters: 
worker = 0
wandb_project = recbole
shuffle = True
require_pow = False
enable_amp = False
enable_scaler = False
transform = None
numerical_features = []
discretization = None
MODEL_TYPE = ModelType.SEQUENTIAL
model_name = TimeWeaver
hidden_size = 64
num_layers = 2
hidden_dropout_prob = 0.5
initializer_range = 0.02
time_bucket_size = 1000
ema_decay = 0.05
tcn_kernel_size = 7
ffn_hidden_size = 512
loss_type = CE
early_stop = 10
neg_sampling = None
device = cuda
use_continuous_time = False
use_time_gate = False
use_time_augmentation = False
MODEL_INPUT_TYPE = InputType.POINTWISE
eval_type = EvaluatorType.RANKING
single_spec = True
local_rank = 0
valid_neg_sample_args = {'distribution': 'uniform', 'sample_num': 100}
test_neg_sample_args = {'distribution': 'uniform', 'sample_num': 100}


Mon 09 Feb 2026 12:19:50 INFO  ml-100k
The number of users: 944
Average actions of users: 106.04453870625663
The number of items: 1683
Average actions of items: 59.45303210463734
The number of inters: 100000
The sparsity of the dataset: 93.70575143257098%
Remain Fields: ['user_id', 'item_id', 'rating', 'timestamp', 'age', 'gender', 'occupation', 'zip_code', 'movie_title', 'release_year', 'class']
Mon 09 Feb 2026 12:19:51 INFO  [Training]: train_batch_size = [256] train_neg_sample_args: [{'distribution': 'none', 'sample_num': 'none', 'alpha': 'none', 'dynamic': False, 'candidate_num': 0}]
Mon 09 Feb 2026 12:19:51 INFO  [Evaluation]: eval_batch_size = [512] eval_args: [{'split': {'LS': 'valid_and_test'}, 'order': 'TO', 'group_by': 'user', 'mode': {'valid': 'uni100', 'test': 'uni100'}}]
Mon 09 Feb 2026 12:19:51 INFO  TimeWeaver(
  (item_embedding): Embedding(1683, 64, padding_idx=0)
  (time_aug): TimeAwareAugmentation(
    (pos_embedding): Embedding(32, 64)
    (time_embedding): Embedding(1000, 64)
    (layer_norm): LayerNorm((64,), eps=1e-05, elementwise_affine=True)
    (drop): Dropout(p=0.5, inplace=False)
  )
  (context_layers): ModuleList(
    (0-1): 2 x TCNNextBlock(
      (dw): DepthwiseConv1d(
        (conv): Conv1d(64, 64, kernel_size=(7,), stride=(1,), padding=(3,), groups=64)
        (bn): BatchNorm1d(64, eps=1e-05, momentum=0.1, affine=True, track_running_stats=True)
        (drop): Dropout(p=0.5, inplace=False)
      )
      (norm1): LayerNorm((64,), eps=1e-05, elementwise_affine=True)
      (conv_inter): ParallelConvInter(
        (conv1): Conv1d(64, 64, kernel_size=(1,), stride=(1,))
        (conv3): Conv1d(64, 64, kernel_size=(3,), stride=(1,), padding=(1,))
        (proj): Conv1d(64, 64, kernel_size=(1,), stride=(1,))
        (drop): Dropout(p=0.5, inplace=False)
      )
      (norm2): LayerNorm((64,), eps=1e-05, elementwise_affine=True)
      (ffn): Sequential(
        (0): Linear(in_features=64, out_features=512, bias=True)
        (1): GELU(approximate='none')
        (2): Dropout(p=0.5, inplace=False)
        (3): Linear(in_features=512, out_features=64, bias=True)
        (4): Dropout(p=0.5, inplace=False)
      )
      (norm3): LayerNorm((64,), eps=1e-05, elementwise_affine=True)
    )
  )
  (dynamic_layers): ModuleList(
    (0-1): 2 x EMAStream(
      (proj): Linear(in_features=64, out_features=64, bias=True)
    )
  )
  (weavers): ModuleList(
    (0-1): 2 x StreamWeaver(
      (proj): Linear(in_features=128, out_features=64, bias=True)
      (norm): LayerNorm((64,), eps=1e-05, elementwise_affine=True)
    )
  )
  (loss_fct): CrossEntropyLoss()
)
Trainable parameters: 374593.0
Mon 09 Feb 2026 12:19:51 INFO  FLOPs: 6379520.0
Mon 09 Feb 2026 12:20:24 INFO  epoch 0 training [time: 30.93s, train loss: 2462.4173]
Mon 09 Feb 2026 12:20:26 INFO  epoch 0 evaluating [time: 2.16s, valid_score: 0.275200]
Mon 09 Feb 2026 12:20:26 INFO  valid result: 
hit@10 : 0.6607    ndcg@10 : 0.3651    mrr@10 : 0.2752
Mon 09 Feb 2026 12:20:26 INFO  Saving current: saved\TimeWeaver-Feb-09-2026_12-19-51.pth
Mon 09 Feb 2026 12:20:56 INFO  epoch 1 training [time: 30.75s, train loss: 2253.7402]
Mon 09 Feb 2026 12:20:59 INFO  epoch 1 evaluating [time: 2.15s, valid_score: 0.309200]
Mon 09 Feb 2026 12:20:59 INFO  valid result: 
hit@10 : 0.6829    ndcg@10 : 0.397    mrr@10 : 0.3092
Mon 09 Feb 2026 12:20:59 INFO  Saving current: saved\TimeWeaver-Feb-09-2026_12-19-51.pth
Mon 09 Feb 2026 12:21:29 INFO  epoch 2 training [time: 30.65s, train loss: 2210.5362]
Mon 09 Feb 2026 12:21:31 INFO  epoch 2 evaluating [time: 2.12s, valid_score: 0.327100]
Mon 09 Feb 2026 12:21:31 INFO  valid result: 
hit@10 : 0.7179    ndcg@10 : 0.4185    mrr@10 : 0.3271
Mon 09 Feb 2026 12:21:31 INFO  Saving current: saved\TimeWeaver-Feb-09-2026_12-19-51.pth
Mon 09 Feb 2026 12:22:03 INFO  epoch 3 training [time: 31.41s, train loss: 2185.3328]
Mon 09 Feb 2026 12:22:05 INFO  epoch 3 evaluating [time: 2.14s, valid_score: 0.324900]
Mon 09 Feb 2026 12:22:05 INFO  valid result: 
hit@10 : 0.7179    ndcg@10 : 0.4173    mrr@10 : 0.3249
Mon 09 Feb 2026 12:22:37 INFO  epoch 4 training [time: 31.57s, train loss: 2168.7744]
Mon 09 Feb 2026 12:22:39 INFO  epoch 4 evaluating [time: 2.11s, valid_score: 0.343300]
Mon 09 Feb 2026 12:22:39 INFO  valid result: 
hit@10 : 0.7328    ndcg@10 : 0.4352    mrr@10 : 0.3433
Mon 09 Feb 2026 12:22:39 INFO  Saving current: saved\TimeWeaver-Feb-09-2026_12-19-51.pth
Mon 09 Feb 2026 12:23:10 INFO  epoch 5 training [time: 31.13s, train loss: 2155.8355]
Mon 09 Feb 2026 12:23:12 INFO  epoch 5 evaluating [time: 2.18s, valid_score: 0.341900]
Mon 09 Feb 2026 12:23:12 INFO  valid result: 
hit@10 : 0.7126    ndcg@10 : 0.4298    mrr@10 : 0.3419
Mon 09 Feb 2026 12:23:45 INFO  epoch 6 training [time: 32.61s, train loss: 2144.4410]
Mon 09 Feb 2026 12:23:47 INFO  epoch 6 evaluating [time: 2.17s, valid_score: 0.330500]
Mon 09 Feb 2026 12:23:47 INFO  valid result: 
hit@10 : 0.7349    ndcg@10 : 0.426    mrr@10 : 0.3305
Mon 09 Feb 2026 12:24:18 INFO  epoch 7 training [time: 31.43s, train loss: 2135.1885]
Mon 09 Feb 2026 12:24:20 INFO  epoch 7 evaluating [time: 2.11s, valid_score: 0.343200]
Mon 09 Feb 2026 12:24:20 INFO  valid result: 
hit@10 : 0.7328    ndcg@10 : 0.4352    mrr@10 : 0.3432
Mon 09 Feb 2026 12:24:51 INFO  epoch 8 training [time: 30.82s, train loss: 2127.9390]
Mon 09 Feb 2026 12:24:53 INFO  epoch 8 evaluating [time: 2.13s, valid_score: 0.350100]
Mon 09 Feb 2026 12:24:53 INFO  valid result: 
hit@10 : 0.7434    ndcg@10 : 0.4433    mrr@10 : 0.3501
Mon 09 Feb 2026 12:24:53 INFO  Saving current: saved\TimeWeaver-Feb-09-2026_12-19-51.pth
Mon 09 Feb 2026 12:25:24 INFO  epoch 9 training [time: 30.72s, train loss: 2120.0121]
Mon 09 Feb 2026 12:25:26 INFO  epoch 9 evaluating [time: 2.10s, valid_score: 0.348100]
Mon 09 Feb 2026 12:25:26 INFO  valid result: 
hit@10 : 0.7413    ndcg@10 : 0.4409    mrr@10 : 0.3481
Mon 09 Feb 2026 12:25:57 INFO  epoch 10 training [time: 31.20s, train loss: 2113.2975]
Mon 09 Feb 2026 12:25:59 INFO  epoch 10 evaluating [time: 2.17s, valid_score: 0.337700]
Mon 09 Feb 2026 12:25:59 INFO  valid result: 
hit@10 : 0.7349    ndcg@10 : 0.4315    mrr@10 : 0.3377
Mon 09 Feb 2026 12:26:31 INFO  epoch 11 training [time: 31.71s, train loss: 2107.8618]
Mon 09 Feb 2026 12:26:33 INFO  epoch 11 evaluating [time: 2.09s, valid_score: 0.347500]
Mon 09 Feb 2026 12:26:33 INFO  valid result: 
hit@10 : 0.7455    ndcg@10 : 0.4417    mrr@10 : 0.3475
Mon 09 Feb 2026 12:27:04 INFO  epoch 12 training [time: 30.79s, train loss: 2103.4182]
Mon 09 Feb 2026 12:27:06 INFO  epoch 12 evaluating [time: 2.19s, valid_score: 0.348400]
Mon 09 Feb 2026 12:27:06 INFO  valid result: 
hit@10 : 0.7423    ndcg@10 : 0.4416    mrr@10 : 0.3484
Mon 09 Feb 2026 12:27:39 INFO  epoch 13 training [time: 32.80s, train loss: 2098.1850]
Mon 09 Feb 2026 12:27:41 INFO  epoch 13 evaluating [time: 2.21s, valid_score: 0.348500]
Mon 09 Feb 2026 12:27:41 INFO  valid result: 
hit@10 : 0.7306    ndcg@10 : 0.4392    mrr@10 : 0.3485
Mon 09 Feb 2026 12:28:13 INFO  epoch 14 training [time: 31.33s, train loss: 2093.7460]
Mon 09 Feb 2026 12:28:15 INFO  epoch 14 evaluating [time: 2.08s, valid_score: 0.340400]
Mon 09 Feb 2026 12:28:15 INFO  valid result: 
hit@10 : 0.7593    ndcg@10 : 0.4389    mrr@10 : 0.3404
Mon 09 Feb 2026 12:28:46 INFO  epoch 15 training [time: 30.95s, train loss: 2089.8052]
Mon 09 Feb 2026 12:28:48 INFO  epoch 15 evaluating [time: 2.16s, valid_score: 0.361800]
Mon 09 Feb 2026 12:28:48 INFO  valid result: 
hit@10 : 0.7391    ndcg@10 : 0.4512    mrr@10 : 0.3618
Mon 09 Feb 2026 12:28:48 INFO  Saving current: saved\TimeWeaver-Feb-09-2026_12-19-51.pth
Mon 09 Feb 2026 12:29:19 INFO  epoch 16 training [time: 30.83s, train loss: 2086.4627]
Mon 09 Feb 2026 12:29:21 INFO  epoch 16 evaluating [time: 2.11s, valid_score: 0.349200]
Mon 09 Feb 2026 12:29:21 INFO  valid result: 
hit@10 : 0.7253    ndcg@10 : 0.4385    mrr@10 : 0.3492
Mon 09 Feb 2026 12:29:52 INFO  epoch 17 training [time: 31.00s, train loss: 2082.9827]
Mon 09 Feb 2026 12:29:54 INFO  epoch 17 evaluating [time: 2.13s, valid_score: 0.335600]
Mon 09 Feb 2026 12:29:54 INFO  valid result: 
hit@10 : 0.7466    ndcg@10 : 0.4326    mrr@10 : 0.3356
Mon 09 Feb 2026 12:30:25 INFO  epoch 18 training [time: 31.50s, train loss: 2079.8243]
Mon 09 Feb 2026 12:30:28 INFO  epoch 18 evaluating [time: 2.15s, valid_score: 0.350700]
Mon 09 Feb 2026 12:30:28 INFO  valid result: 
hit@10 : 0.7455    ndcg@10 : 0.4437    mrr@10 : 0.3507
Mon 09 Feb 2026 12:30:58 INFO  epoch 19 training [time: 30.63s, train loss: 2077.0166]
Mon 09 Feb 2026 12:31:00 INFO  epoch 19 evaluating [time: 2.12s, valid_score: 0.345100]
Mon 09 Feb 2026 12:31:00 INFO  valid result: 
hit@10 : 0.7466    ndcg@10 : 0.4401    mrr@10 : 0.3451
Mon 09 Feb 2026 12:31:33 INFO  epoch 20 training [time: 33.07s, train loss: 2074.9676]
Mon 09 Feb 2026 12:31:36 INFO  epoch 20 evaluating [time: 2.17s, valid_score: 0.355500]
Mon 09 Feb 2026 12:31:36 INFO  valid result: 
hit@10 : 0.7317    ndcg@10 : 0.4449    mrr@10 : 0.3555
Mon 09 Feb 2026 12:32:07 INFO  epoch 21 training [time: 31.49s, train loss: 2072.2210]
Mon 09 Feb 2026 12:32:09 INFO  epoch 21 evaluating [time: 2.09s, valid_score: 0.346900]
Mon 09 Feb 2026 12:32:09 INFO  valid result: 
hit@10 : 0.7413    ndcg@10 : 0.4403    mrr@10 : 0.3469
Mon 09 Feb 2026 12:32:40 INFO  epoch 22 training [time: 30.84s, train loss: 2068.6874]
Mon 09 Feb 2026 12:32:42 INFO  epoch 22 evaluating [time: 2.15s, valid_score: 0.351600]
Mon 09 Feb 2026 12:32:42 INFO  valid result: 
hit@10 : 0.7444    ndcg@10 : 0.4447    mrr@10 : 0.3516
Mon 09 Feb 2026 12:33:13 INFO  epoch 23 training [time: 30.95s, train loss: 2067.4550]
Mon 09 Feb 2026 12:33:15 INFO  epoch 23 evaluating [time: 2.11s, valid_score: 0.349100]
Mon 09 Feb 2026 12:33:15 INFO  valid result: 
hit@10 : 0.7455    ndcg@10 : 0.4429    mrr@10 : 0.3491
Mon 09 Feb 2026 12:33:46 INFO  epoch 24 training [time: 30.85s, train loss: 2063.6849]
Mon 09 Feb 2026 12:33:48 INFO  epoch 24 evaluating [time: 2.13s, valid_score: 0.362400]
Mon 09 Feb 2026 12:33:48 INFO  valid result: 
hit@10 : 0.7476    ndcg@10 : 0.4534    mrr@10 : 0.3624
Mon 09 Feb 2026 12:33:48 INFO  Saving current: saved\TimeWeaver-Feb-09-2026_12-19-51.pth
Mon 09 Feb 2026 12:34:20 INFO  epoch 25 training [time: 31.58s, train loss: 2062.4663]
Mon 09 Feb 2026 12:34:22 INFO  epoch 25 evaluating [time: 2.14s, valid_score: 0.345500]
Mon 09 Feb 2026 12:34:22 INFO  valid result: 
hit@10 : 0.7296    ndcg@10 : 0.4363    mrr@10 : 0.3455
Mon 09 Feb 2026 12:34:53 INFO  epoch 26 training [time: 30.83s, train loss: 2059.9529]
Mon 09 Feb 2026 12:34:55 INFO  epoch 26 evaluating [time: 2.11s, valid_score: 0.344900]
Mon 09 Feb 2026 12:34:55 INFO  valid result: 
hit@10 : 0.7338    ndcg@10 : 0.4372    mrr@10 : 0.3449
Mon 09 Feb 2026 12:35:27 INFO  epoch 27 training [time: 32.46s, train loss: 2058.7762]
Mon 09 Feb 2026 12:35:29 INFO  epoch 27 evaluating [time: 2.17s, valid_score: 0.331000]
Mon 09 Feb 2026 12:35:29 INFO  valid result: 
hit@10 : 0.7243    ndcg@10 : 0.4248    mrr@10 : 0.331
Mon 09 Feb 2026 12:36:01 INFO  epoch 28 training [time: 31.60s, train loss: 2056.6331]
Mon 09 Feb 2026 12:36:03 INFO  epoch 28 evaluating [time: 2.13s, valid_score: 0.343000]
Mon 09 Feb 2026 12:36:03 INFO  valid result: 
hit@10 : 0.7444    ndcg@10 : 0.438    mrr@10 : 0.343
Mon 09 Feb 2026 12:36:34 INFO  epoch 29 training [time: 30.87s, train loss: 2054.6647]
Mon 09 Feb 2026 12:36:36 INFO  epoch 29 evaluating [time: 2.16s, valid_score: 0.354200]
Mon 09 Feb 2026 12:36:36 INFO  valid result: 
hit@10 : 0.7338    ndcg@10 : 0.4446    mrr@10 : 0.3542
Mon 09 Feb 2026 12:37:07 INFO  epoch 30 training [time: 30.90s, train loss: 2051.4564]
Mon 09 Feb 2026 12:37:09 INFO  epoch 30 evaluating [time: 2.09s, valid_score: 0.352400]
Mon 09 Feb 2026 12:37:09 INFO  valid result: 
hit@10 : 0.7497    ndcg@10 : 0.4464    mrr@10 : 0.3524
Mon 09 Feb 2026 12:37:40 INFO  epoch 31 training [time: 30.80s, train loss: 2050.8191]
Mon 09 Feb 2026 12:37:42 INFO  epoch 31 evaluating [time: 2.17s, valid_score: 0.339200]
Mon 09 Feb 2026 12:37:42 INFO  valid result: 
hit@10 : 0.7444    ndcg@10 : 0.4346    mrr@10 : 0.3392
Mon 09 Feb 2026 12:38:14 INFO  epoch 32 training [time: 31.39s, train loss: 2048.7869]
Mon 09 Feb 2026 12:38:16 INFO  epoch 32 evaluating [time: 2.13s, valid_score: 0.347100]
Mon 09 Feb 2026 12:38:16 INFO  valid result: 
hit@10 : 0.7391    ndcg@10 : 0.4397    mrr@10 : 0.3471
Mon 09 Feb 2026 12:38:47 INFO  epoch 33 training [time: 31.02s, train loss: 2045.7430]
Mon 09 Feb 2026 12:38:49 INFO  epoch 33 evaluating [time: 2.09s, valid_score: 0.345600]
Mon 09 Feb 2026 12:38:49 INFO  valid result: 
hit@10 : 0.7243    ndcg@10 : 0.4355    mrr@10 : 0.3456
Mon 09 Feb 2026 12:39:21 INFO  epoch 34 training [time: 32.06s, train loss: 2045.9114]
Mon 09 Feb 2026 12:39:23 INFO  epoch 34 evaluating [time: 2.19s, valid_score: 0.358100]
Mon 09 Feb 2026 12:39:23 INFO  valid result: 
hit@10 : 0.7529    ndcg@10 : 0.4512    mrr@10 : 0.3581
Mon 09 Feb 2026 12:39:55 INFO  epoch 35 training [time: 31.88s, train loss: 2044.1596]
Mon 09 Feb 2026 12:39:57 INFO  epoch 35 evaluating [time: 2.20s, valid_score: 0.348200]
Mon 09 Feb 2026 12:39:57 INFO  valid result: 
hit@10 : 0.7349    ndcg@10 : 0.4396    mrr@10 : 0.3482
Mon 09 Feb 2026 12:39:57 INFO  Finished training, best eval result in epoch 24
Mon 09 Feb 2026 12:39:57 INFO  Loading model structure and parameters from saved\TimeWeaver-Feb-09-2026_12-19-51.pth
Mon 09 Feb 2026 12:40:00 INFO  The running environment of this training is as follows:
+-------------+----------------+
| Environment |     Usage      |
+=============+================+
| CPU         |     4.40 %     |
+-------------+----------------+
| GPU         | 0.28 G/6.00 G  |
+-------------+----------------+
| Memory      | 1.53 G/15.63 G |
+-------------+----------------+
Mon 09 Feb 2026 12:40:00 INFO  best valid : OrderedDict([('hit@10', 0.7476), ('ndcg@10', 0.4534), ('mrr@10', 0.3624)])
Mon 09 Feb 2026 12:40:00 INFO  test result: OrderedDict([('hit@10', 0.7243), ('ndcg@10', 0.4284), ('mrr@10', 0.3369)])
