Mon 16 Mar 2026 09:28:51 INFO  ['F:\\桌面\\recommendation_system\\scripts\\run_grid.py', '--models', 'timeweaver', '--datasets', 'amazon-sports-5core-longseq-full', '--seeds', '42,2023,2024', '--device', 'gpu', '--timeweaver-variant', 'aug_only', '--output', 'F:\\桌面\\recommendation_system\\results\\param_sweeps\\timeweaver_param_B2_aug_strength_prob.json', '--tag', 'B2_s0.2_p0.15', '--tw-aug-strength', '0.2', '--tw-aug-prob', '0.15']
Mon 16 Mar 2026 09:28:51 INFO  
General Hyper Parameters:
gpu_id = 0
use_gpu = True
seed = 42
state = INFO
reproducibility = True
data_path = data/amazon\amazon-sports-5core-longseq
checkpoint_dir = saved
show_progress = True
save_dataset = False
dataset_save_path = None
save_dataloaders = False
dataloaders_save_path = None
log_wandb = False

Training Hyper Parameters:
epochs = 100
train_batch_size = 256
learner = adam
learning_rate = 0.001
train_neg_sample_args = {'distribution': 'none', 'sample_num': 'none', 'alpha': 'none', 'dynamic': False, 'candidate_num': 0}
eval_step = 1
stopping_step = 10
clip_grad_norm = None
weight_decay = 0.0
loss_decimal_place = 4

Evaluation Hyper Parameters:
eval_args = {'split': {'LS': 'valid_and_test'}, 'order': 'TO', 'group_by': 'user', 'mode': {'valid': 'full', 'test': 'full'}}
repeatable = True
metrics = ['Hit', 'NDCG', 'MRR']
topk = [10]
valid_metric = Hit@10
valid_metric_bigger = True
eval_batch_size = 512
metric_decimal_place = 4

Dataset Hyper Parameters:
field_separator = 	
seq_separator =  
USER_ID_FIELD = user_id
ITEM_ID_FIELD = item_id
RATING_FIELD = rating
TIME_FIELD = timestamp
seq_len = None
LABEL_FIELD = label
threshold = None
NEG_PREFIX = neg_
load_col = {'inter': ['user_id', 'item_id', 'rating', 'timestamp']}
unload_col = None
unused_col = None
additional_feat_suffix = None
rm_dup_inter = None
val_interval = None
filter_inter_by_user_or_item = True
user_inter_num_interval = [0,inf)
item_inter_num_interval = [0,inf)
alias_of_user_id = None
alias_of_item_id = None
alias_of_entity_id = None
alias_of_relation_id = None
preload_weight = None
normalize_field = None
normalize_all = None
ITEM_LIST_LENGTH_FIELD = item_length
LIST_SUFFIX = _list
MAX_ITEM_LIST_LENGTH = 32
POSITION_FIELD = position_id
HEAD_ENTITY_ID_FIELD = head_id
TAIL_ENTITY_ID_FIELD = tail_id
RELATION_ID_FIELD = relation_id
ENTITY_ID_FIELD = entity_id
benchmark_filename = None

Other Hyper Parameters: 
worker = 0
wandb_project = recbole
shuffle = True
require_pow = False
enable_amp = False
enable_scaler = False
transform = None
numerical_features = []
discretization = None
kg_reverse_r = False
entity_kg_num_interval = [0,inf)
relation_kg_num_interval = [0,inf)
MODEL_TYPE = ModelType.SEQUENTIAL
contrastive_weight = 0.03
contrastive_temp = 0.2
model_name = TimeWeaver
hidden_size = 64
num_layers = 2
hidden_dropout_prob = 0.5
initializer_range = 0.02
time_bucket_size = 1000
ema_decay = 0.5
tcn_kernel_size = -1
ffn_hidden_size = 256
loss_type = CE
early_stop = 10
neg_sampling = None
device = cuda
use_continuous_time = False
use_time_gate = False
use_time_augmentation = True
time_aug_strength = 0.2
time_aug_prob = 0.15
MODEL_INPUT_TYPE = InputType.POINTWISE
eval_type = EvaluatorType.RANKING
single_spec = True
local_rank = 0
valid_neg_sample_args = {'distribution': 'uniform', 'sample_num': 'none'}
test_neg_sample_args = {'distribution': 'uniform', 'sample_num': 'none'}


Mon 16 Mar 2026 09:28:51 INFO  amazon-sports-5core-longseq
The number of users: 2181
Average actions of users: 25.74678899082569
The number of items: 14556
Average actions of items: 3.8562693232566128
The number of inters: 56128
The sparsity of the dataset: 99.82320016520806%
Remain Fields: ['user_id', 'item_id', 'rating', 'timestamp']
Mon 16 Mar 2026 09:28:52 INFO  [Training]: train_batch_size = [256] train_neg_sample_args: [{'distribution': 'none', 'sample_num': 'none', 'alpha': 'none', 'dynamic': False, 'candidate_num': 0}]
Mon 16 Mar 2026 09:28:52 INFO  [Evaluation]: eval_batch_size = [512] eval_args: [{'split': {'LS': 'valid_and_test'}, 'order': 'TO', 'group_by': 'user', 'mode': {'valid': 'full', 'test': 'full'}}]
Mon 16 Mar 2026 09:28:52 INFO  TimeWeaver(
  (item_embedding): Embedding(14556, 64, padding_idx=0)
  (time_aug): TimeAwareAugmentation(
    (pos_embedding): Embedding(32, 64)
    (time_embedding): Embedding(1000, 64)
    (layer_norm): LayerNorm((64,), eps=1e-05, elementwise_affine=True)
    (drop): Dropout(p=0.5, inplace=False)
  )
  (context_layers): ModuleList(
    (0-1): 2 x TCNNextBlock(
      (dw): DepthwiseConv1d(
        (conv): Conv1d(64, 64, kernel_size=(11,), stride=(1,), padding=(5,), groups=64)
        (bn): BatchNorm1d(64, eps=1e-05, momentum=0.1, affine=True, track_running_stats=True)
        (drop): Dropout(p=0.5, inplace=False)
      )
      (norm1): LayerNorm((64,), eps=1e-05, elementwise_affine=True)
      (conv_inter): ParallelConvInter(
        (conv1): Conv1d(64, 64, kernel_size=(1,), stride=(1,))
        (conv3): Conv1d(64, 64, kernel_size=(3,), stride=(1,), padding=(1,))
        (proj): Conv1d(64, 64, kernel_size=(1,), stride=(1,))
        (drop): Dropout(p=0.5, inplace=False)
      )
      (norm2): LayerNorm((64,), eps=1e-05, elementwise_affine=True)
      (ffn): Sequential(
        (0): Linear(in_features=64, out_features=256, bias=True)
        (1): GELU(approximate='none')
        (2): Dropout(p=0.5, inplace=False)
        (3): Linear(in_features=256, out_features=64, bias=True)
        (4): Dropout(p=0.5, inplace=False)
      )
      (norm3): LayerNorm((64,), eps=1e-05, elementwise_affine=True)
    )
  )
  (dynamic_layers): ModuleList(
    (0-1): 2 x EMAStream(
      (proj): Linear(in_features=64, out_features=64, bias=True)
    )
  )
  (weavers): ModuleList(
    (0-1): 2 x StreamWeaver(
      (proj): Linear(in_features=128, out_features=64, bias=True)
      (norm): LayerNorm((64,), eps=1e-05, elementwise_affine=True)
    )
  )
  (loss_fct): CrossEntropyLoss()
)
Trainable parameters: 1132929.0
Mon 16 Mar 2026 09:28:52 INFO  FLOPs: 4298752.0
Mon 16 Mar 2026 09:29:09 INFO  epoch 0 training [time: 15.16s, train loss: 1809.4322]
Mon 16 Mar 2026 09:29:09 INFO  epoch 0 evaluating [time: 0.10s, valid_score: 0.012400]
Mon 16 Mar 2026 09:29:09 INFO  valid result: 
hit@10 : 0.0124    ndcg@10 : 0.0063    mrr@10 : 0.0046
Mon 16 Mar 2026 09:29:09 INFO  Saving current: saved\TimeWeaver-Mar-16-2026_09-28-52.pth
Mon 16 Mar 2026 09:29:25 INFO  epoch 1 training [time: 16.08s, train loss: 1735.6456]
Mon 16 Mar 2026 09:29:25 INFO  epoch 1 evaluating [time: 0.09s, valid_score: 0.015100]
Mon 16 Mar 2026 09:29:25 INFO  valid result: 
hit@10 : 0.0151    ndcg@10 : 0.0072    mrr@10 : 0.0049
Mon 16 Mar 2026 09:29:25 INFO  Saving current: saved\TimeWeaver-Mar-16-2026_09-28-52.pth
Mon 16 Mar 2026 09:29:41 INFO  epoch 2 training [time: 16.12s, train loss: 1671.3945]
Mon 16 Mar 2026 09:29:41 INFO  epoch 2 evaluating [time: 0.08s, valid_score: 0.029400]
Mon 16 Mar 2026 09:29:41 INFO  valid result: 
hit@10 : 0.0294    ndcg@10 : 0.0134    mrr@10 : 0.0087
Mon 16 Mar 2026 09:29:41 INFO  Saving current: saved\TimeWeaver-Mar-16-2026_09-28-52.pth
Mon 16 Mar 2026 09:29:58 INFO  epoch 3 training [time: 16.30s, train loss: 1594.9921]
Mon 16 Mar 2026 09:29:58 INFO  epoch 3 evaluating [time: 0.09s, valid_score: 0.026600]
Mon 16 Mar 2026 09:29:58 INFO  valid result: 
hit@10 : 0.0266    ndcg@10 : 0.0131    mrr@10 : 0.009
Mon 16 Mar 2026 09:30:14 INFO  epoch 4 training [time: 16.15s, train loss: 1520.7400]
Mon 16 Mar 2026 09:30:14 INFO  epoch 4 evaluating [time: 0.09s, valid_score: 0.026100]
Mon 16 Mar 2026 09:30:14 INFO  valid result: 
hit@10 : 0.0261    ndcg@10 : 0.0124    mrr@10 : 0.0082
Mon 16 Mar 2026 09:30:35 INFO  epoch 5 training [time: 20.64s, train loss: 1447.2433]
Mon 16 Mar 2026 09:30:35 INFO  epoch 5 evaluating [time: 0.09s, valid_score: 0.028400]
Mon 16 Mar 2026 09:30:35 INFO  valid result: 
hit@10 : 0.0284    ndcg@10 : 0.0131    mrr@10 : 0.0084
Mon 16 Mar 2026 09:31:03 INFO  epoch 6 training [time: 28.64s, train loss: 1378.8617]
Mon 16 Mar 2026 09:31:03 INFO  epoch 6 evaluating [time: 0.08s, valid_score: 0.030700]
Mon 16 Mar 2026 09:31:03 INFO  valid result: 
hit@10 : 0.0307    ndcg@10 : 0.0132    mrr@10 : 0.0079
Mon 16 Mar 2026 09:31:04 INFO  Saving current: saved\TimeWeaver-Mar-16-2026_09-28-52.pth
Mon 16 Mar 2026 09:31:37 INFO  epoch 7 training [time: 33.21s, train loss: 1311.6669]
Mon 16 Mar 2026 09:31:37 INFO  epoch 7 evaluating [time: 0.09s, valid_score: 0.029400]
Mon 16 Mar 2026 09:31:37 INFO  valid result: 
hit@10 : 0.0294    ndcg@10 : 0.0131    mrr@10 : 0.0082
Mon 16 Mar 2026 09:32:09 INFO  epoch 8 training [time: 32.24s, train loss: 1252.3747]
Mon 16 Mar 2026 09:32:09 INFO  epoch 8 evaluating [time: 0.08s, valid_score: 0.033000]
Mon 16 Mar 2026 09:32:09 INFO  valid result: 
hit@10 : 0.033    ndcg@10 : 0.0148    mrr@10 : 0.0093
Mon 16 Mar 2026 09:32:09 INFO  Saving current: saved\TimeWeaver-Mar-16-2026_09-28-52.pth
Mon 16 Mar 2026 09:32:41 INFO  epoch 9 training [time: 31.65s, train loss: 1200.6329]
Mon 16 Mar 2026 09:32:41 INFO  epoch 9 evaluating [time: 0.08s, valid_score: 0.033500]
Mon 16 Mar 2026 09:32:41 INFO  valid result: 
hit@10 : 0.0335    ndcg@10 : 0.0145    mrr@10 : 0.0088
Mon 16 Mar 2026 09:32:41 INFO  Saving current: saved\TimeWeaver-Mar-16-2026_09-28-52.pth
Mon 16 Mar 2026 09:33:11 INFO  epoch 10 training [time: 30.54s, train loss: 1154.3961]
Mon 16 Mar 2026 09:33:12 INFO  epoch 10 evaluating [time: 0.07s, valid_score: 0.031200]
Mon 16 Mar 2026 09:33:12 INFO  valid result: 
hit@10 : 0.0312    ndcg@10 : 0.0143    mrr@10 : 0.0091
Mon 16 Mar 2026 09:33:44 INFO  epoch 11 training [time: 32.92s, train loss: 1112.0236]
Mon 16 Mar 2026 09:33:45 INFO  epoch 11 evaluating [time: 0.08s, valid_score: 0.032100]
Mon 16 Mar 2026 09:33:45 INFO  valid result: 
hit@10 : 0.0321    ndcg@10 : 0.0142    mrr@10 : 0.0088
Mon 16 Mar 2026 09:34:15 INFO  epoch 12 training [time: 30.72s, train loss: 1080.1472]
Mon 16 Mar 2026 09:34:15 INFO  epoch 12 evaluating [time: 0.08s, valid_score: 0.030700]
Mon 16 Mar 2026 09:34:15 INFO  valid result: 
hit@10 : 0.0307    ndcg@10 : 0.0135    mrr@10 : 0.0083
Mon 16 Mar 2026 09:34:46 INFO  epoch 13 training [time: 31.12s, train loss: 1049.8789]
Mon 16 Mar 2026 09:34:47 INFO  epoch 13 evaluating [time: 0.07s, valid_score: 0.033000]
Mon 16 Mar 2026 09:34:47 INFO  valid result: 
hit@10 : 0.033    ndcg@10 : 0.0142    mrr@10 : 0.0085
Mon 16 Mar 2026 09:35:18 INFO  epoch 14 training [time: 31.24s, train loss: 1019.6091]
Mon 16 Mar 2026 09:35:18 INFO  epoch 14 evaluating [time: 0.09s, valid_score: 0.031200]
Mon 16 Mar 2026 09:35:18 INFO  valid result: 
hit@10 : 0.0312    ndcg@10 : 0.0136    mrr@10 : 0.0083
Mon 16 Mar 2026 09:35:52 INFO  epoch 15 training [time: 33.82s, train loss: 996.1150]
Mon 16 Mar 2026 09:35:52 INFO  epoch 15 evaluating [time: 0.08s, valid_score: 0.028000]
Mon 16 Mar 2026 09:35:52 INFO  valid result: 
hit@10 : 0.028    ndcg@10 : 0.0126    mrr@10 : 0.008
Mon 16 Mar 2026 09:36:23 INFO  epoch 16 training [time: 31.64s, train loss: 973.4718]
Mon 16 Mar 2026 09:36:24 INFO  epoch 16 evaluating [time: 0.07s, valid_score: 0.023900]
Mon 16 Mar 2026 09:36:24 INFO  valid result: 
hit@10 : 0.0239    ndcg@10 : 0.0106    mrr@10 : 0.0066
Mon 16 Mar 2026 09:36:55 INFO  epoch 17 training [time: 31.48s, train loss: 949.8782]
Mon 16 Mar 2026 09:36:55 INFO  epoch 17 evaluating [time: 0.08s, valid_score: 0.026100]
Mon 16 Mar 2026 09:36:55 INFO  valid result: 
hit@10 : 0.0261    ndcg@10 : 0.0119    mrr@10 : 0.0076
Mon 16 Mar 2026 09:37:27 INFO  epoch 18 training [time: 32.10s, train loss: 931.7012]
Mon 16 Mar 2026 09:37:27 INFO  epoch 18 evaluating [time: 0.09s, valid_score: 0.024800]
Mon 16 Mar 2026 09:37:27 INFO  valid result: 
hit@10 : 0.0248    ndcg@10 : 0.0107    mrr@10 : 0.0065
Mon 16 Mar 2026 09:37:59 INFO  epoch 19 training [time: 31.74s, train loss: 911.5136]
Mon 16 Mar 2026 09:37:59 INFO  epoch 19 evaluating [time: 0.08s, valid_score: 0.028000]
Mon 16 Mar 2026 09:37:59 INFO  valid result: 
hit@10 : 0.028    ndcg@10 : 0.0126    mrr@10 : 0.008
Mon 16 Mar 2026 09:38:30 INFO  epoch 20 training [time: 30.96s, train loss: 893.2488]
Mon 16 Mar 2026 09:38:30 INFO  epoch 20 evaluating [time: 0.08s, valid_score: 0.025200]
Mon 16 Mar 2026 09:38:30 INFO  valid result: 
hit@10 : 0.0252    ndcg@10 : 0.0112    mrr@10 : 0.007
Mon 16 Mar 2026 09:38:30 INFO  Finished training, best eval result in epoch 9
Mon 16 Mar 2026 09:38:30 INFO  Loading model structure and parameters from saved\TimeWeaver-Mar-16-2026_09-28-52.pth
Mon 16 Mar 2026 09:38:31 INFO  The running environment of this training is as follows:
+-------------+----------------+
| Environment |     Usage      |
+=============+================+
| CPU         |     3.30 %     |
+-------------+----------------+
| GPU         | 0.33 G/6.00 G  |
+-------------+----------------+
| Memory      | 1.57 G/15.63 G |
+-------------+----------------+
Mon 16 Mar 2026 09:38:31 INFO  best valid : OrderedDict([('hit@10', 0.0335), ('ndcg@10', 0.0145), ('mrr@10', 0.0088)])
Mon 16 Mar 2026 09:38:31 INFO  test result: OrderedDict([('hit@10', 0.0248), ('ndcg@10', 0.0129), ('mrr@10', 0.0093)])
Mon 16 Mar 2026 09:38:31 WARNING  command line args [--models timeweaver --datasets amazon-sports-5core-longseq-full --seeds 42,2023,2024 --device gpu --timeweaver-variant aug_only --output F:\桌面\recommendation_system\results\param_sweeps\timeweaver_param_B2_aug_strength_prob.json --tag B2_s0.2_p0.15 --tw-aug-strength 0.2 --tw-aug-prob 0.15] will not be used in RecBole
Mon 16 Mar 2026 09:38:31 INFO  ['F:\\桌面\\recommendation_system\\scripts\\run_grid.py', '--models', 'timeweaver', '--datasets', 'amazon-sports-5core-longseq-full', '--seeds', '42,2023,2024', '--device', 'gpu', '--timeweaver-variant', 'aug_only', '--output', 'F:\\桌面\\recommendation_system\\results\\param_sweeps\\timeweaver_param_B2_aug_strength_prob.json', '--tag', 'B2_s0.2_p0.15', '--tw-aug-strength', '0.2', '--tw-aug-prob', '0.15']
Mon 16 Mar 2026 09:38:31 INFO  
General Hyper Parameters:
gpu_id = 0
use_gpu = True
seed = 2023
state = INFO
reproducibility = True
data_path = data/amazon\amazon-sports-5core-longseq
checkpoint_dir = saved
show_progress = True
save_dataset = False
dataset_save_path = None
save_dataloaders = False
dataloaders_save_path = None
log_wandb = False

Training Hyper Parameters:
epochs = 100
train_batch_size = 256
learner = adam
learning_rate = 0.001
train_neg_sample_args = {'distribution': 'none', 'sample_num': 'none', 'alpha': 'none', 'dynamic': False, 'candidate_num': 0}
eval_step = 1
stopping_step = 10
clip_grad_norm = None
weight_decay = 0.0
loss_decimal_place = 4

Evaluation Hyper Parameters:
eval_args = {'split': {'LS': 'valid_and_test'}, 'order': 'TO', 'group_by': 'user', 'mode': {'valid': 'full', 'test': 'full'}}
repeatable = True
metrics = ['Hit', 'NDCG', 'MRR']
topk = [10]
valid_metric = Hit@10
valid_metric_bigger = True
eval_batch_size = 512
metric_decimal_place = 4

Dataset Hyper Parameters:
field_separator = 	
seq_separator =  
USER_ID_FIELD = user_id
ITEM_ID_FIELD = item_id
RATING_FIELD = rating
TIME_FIELD = timestamp
seq_len = None
LABEL_FIELD = label
threshold = None
NEG_PREFIX = neg_
load_col = {'inter': ['user_id', 'item_id', 'rating', 'timestamp']}
unload_col = None
unused_col = None
additional_feat_suffix = None
rm_dup_inter = None
val_interval = None
filter_inter_by_user_or_item = True
user_inter_num_interval = [0,inf)
item_inter_num_interval = [0,inf)
alias_of_user_id = None
alias_of_item_id = None
alias_of_entity_id = None
alias_of_relation_id = None
preload_weight = None
normalize_field = None
normalize_all = None
ITEM_LIST_LENGTH_FIELD = item_length
LIST_SUFFIX = _list
MAX_ITEM_LIST_LENGTH = 32
POSITION_FIELD = position_id
HEAD_ENTITY_ID_FIELD = head_id
TAIL_ENTITY_ID_FIELD = tail_id
RELATION_ID_FIELD = relation_id
ENTITY_ID_FIELD = entity_id
benchmark_filename = None

Other Hyper Parameters: 
worker = 0
wandb_project = recbole
shuffle = True
require_pow = False
enable_amp = False
enable_scaler = False
transform = None
numerical_features = []
discretization = None
kg_reverse_r = False
entity_kg_num_interval = [0,inf)
relation_kg_num_interval = [0,inf)
MODEL_TYPE = ModelType.SEQUENTIAL
contrastive_weight = 0.03
contrastive_temp = 0.2
model_name = TimeWeaver
hidden_size = 64
num_layers = 2
hidden_dropout_prob = 0.5
initializer_range = 0.02
time_bucket_size = 1000
ema_decay = 0.5
tcn_kernel_size = -1
ffn_hidden_size = 256
loss_type = CE
early_stop = 10
neg_sampling = None
device = cuda
use_continuous_time = False
use_time_gate = False
use_time_augmentation = True
time_aug_strength = 0.2
time_aug_prob = 0.15
MODEL_INPUT_TYPE = InputType.POINTWISE
eval_type = EvaluatorType.RANKING
single_spec = True
local_rank = 0
valid_neg_sample_args = {'distribution': 'uniform', 'sample_num': 'none'}
test_neg_sample_args = {'distribution': 'uniform', 'sample_num': 'none'}


Mon 16 Mar 2026 09:38:32 INFO  amazon-sports-5core-longseq
The number of users: 2181
Average actions of users: 25.74678899082569
The number of items: 14556
Average actions of items: 3.8562693232566128
The number of inters: 56128
The sparsity of the dataset: 99.82320016520806%
Remain Fields: ['user_id', 'item_id', 'rating', 'timestamp']
Mon 16 Mar 2026 09:38:32 INFO  [Training]: train_batch_size = [256] train_neg_sample_args: [{'distribution': 'none', 'sample_num': 'none', 'alpha': 'none', 'dynamic': False, 'candidate_num': 0}]
Mon 16 Mar 2026 09:38:32 INFO  [Evaluation]: eval_batch_size = [512] eval_args: [{'split': {'LS': 'valid_and_test'}, 'order': 'TO', 'group_by': 'user', 'mode': {'valid': 'full', 'test': 'full'}}]
Mon 16 Mar 2026 09:38:32 INFO  TimeWeaver(
  (item_embedding): Embedding(14556, 64, padding_idx=0)
  (time_aug): TimeAwareAugmentation(
    (pos_embedding): Embedding(32, 64)
    (time_embedding): Embedding(1000, 64)
    (layer_norm): LayerNorm((64,), eps=1e-05, elementwise_affine=True)
    (drop): Dropout(p=0.5, inplace=False)
  )
  (context_layers): ModuleList(
    (0-1): 2 x TCNNextBlock(
      (dw): DepthwiseConv1d(
        (conv): Conv1d(64, 64, kernel_size=(11,), stride=(1,), padding=(5,), groups=64)
        (bn): BatchNorm1d(64, eps=1e-05, momentum=0.1, affine=True, track_running_stats=True)
        (drop): Dropout(p=0.5, inplace=False)
      )
      (norm1): LayerNorm((64,), eps=1e-05, elementwise_affine=True)
      (conv_inter): ParallelConvInter(
        (conv1): Conv1d(64, 64, kernel_size=(1,), stride=(1,))
        (conv3): Conv1d(64, 64, kernel_size=(3,), stride=(1,), padding=(1,))
        (proj): Conv1d(64, 64, kernel_size=(1,), stride=(1,))
        (drop): Dropout(p=0.5, inplace=False)
      )
      (norm2): LayerNorm((64,), eps=1e-05, elementwise_affine=True)
      (ffn): Sequential(
        (0): Linear(in_features=64, out_features=256, bias=True)
        (1): GELU(approximate='none')
        (2): Dropout(p=0.5, inplace=False)
        (3): Linear(in_features=256, out_features=64, bias=True)
        (4): Dropout(p=0.5, inplace=False)
      )
      (norm3): LayerNorm((64,), eps=1e-05, elementwise_affine=True)
    )
  )
  (dynamic_layers): ModuleList(
    (0-1): 2 x EMAStream(
      (proj): Linear(in_features=64, out_features=64, bias=True)
    )
  )
  (weavers): ModuleList(
    (0-1): 2 x StreamWeaver(
      (proj): Linear(in_features=128, out_features=64, bias=True)
      (norm): LayerNorm((64,), eps=1e-05, elementwise_affine=True)
    )
  )
  (loss_fct): CrossEntropyLoss()
)
Trainable parameters: 1132929.0
Mon 16 Mar 2026 09:38:32 INFO  FLOPs: 4298752.0
Mon 16 Mar 2026 09:38:48 INFO  epoch 0 training [time: 15.95s, train loss: 1810.2932]
Mon 16 Mar 2026 09:38:49 INFO  epoch 0 evaluating [time: 0.08s, valid_score: 0.011500]
Mon 16 Mar 2026 09:38:49 INFO  valid result: 
hit@10 : 0.0115    ndcg@10 : 0.0061    mrr@10 : 0.0044
Mon 16 Mar 2026 09:38:49 INFO  Saving current: saved\TimeWeaver-Mar-16-2026_09-38-32.pth
Mon 16 Mar 2026 09:39:04 INFO  epoch 1 training [time: 15.86s, train loss: 1735.3626]
Mon 16 Mar 2026 09:39:04 INFO  epoch 1 evaluating [time: 0.08s, valid_score: 0.013800]
Mon 16 Mar 2026 09:39:04 INFO  valid result: 
hit@10 : 0.0138    ndcg@10 : 0.0073    mrr@10 : 0.0054
Mon 16 Mar 2026 09:39:05 INFO  Saving current: saved\TimeWeaver-Mar-16-2026_09-38-32.pth
Mon 16 Mar 2026 09:39:21 INFO  epoch 2 training [time: 16.43s, train loss: 1672.5438]
Mon 16 Mar 2026 09:39:21 INFO  epoch 2 evaluating [time: 0.09s, valid_score: 0.027500]
Mon 16 Mar 2026 09:39:21 INFO  valid result: 
hit@10 : 0.0275    ndcg@10 : 0.0132    mrr@10 : 0.009
Mon 16 Mar 2026 09:39:21 INFO  Saving current: saved\TimeWeaver-Mar-16-2026_09-38-32.pth
Mon 16 Mar 2026 09:39:38 INFO  epoch 3 training [time: 16.96s, train loss: 1598.5518]
Mon 16 Mar 2026 09:39:38 INFO  epoch 3 evaluating [time: 0.10s, valid_score: 0.025200]
Mon 16 Mar 2026 09:39:38 INFO  valid result: 
hit@10 : 0.0252    ndcg@10 : 0.0126    mrr@10 : 0.0087
Mon 16 Mar 2026 09:39:55 INFO  epoch 4 training [time: 17.21s, train loss: 1523.7081]
Mon 16 Mar 2026 09:39:55 INFO  epoch 4 evaluating [time: 0.09s, valid_score: 0.026100]
Mon 16 Mar 2026 09:39:55 INFO  valid result: 
hit@10 : 0.0261    ndcg@10 : 0.0131    mrr@10 : 0.0092
Mon 16 Mar 2026 09:40:16 INFO  epoch 5 training [time: 20.75s, train loss: 1450.4420]
Mon 16 Mar 2026 09:40:16 INFO  epoch 5 evaluating [time: 0.08s, valid_score: 0.028000]
Mon 16 Mar 2026 09:40:16 INFO  valid result: 
hit@10 : 0.028    ndcg@10 : 0.0124    mrr@10 : 0.0077
Mon 16 Mar 2026 09:40:16 INFO  Saving current: saved\TimeWeaver-Mar-16-2026_09-38-32.pth
Mon 16 Mar 2026 09:40:45 INFO  epoch 6 training [time: 29.04s, train loss: 1379.5298]
Mon 16 Mar 2026 09:40:45 INFO  epoch 6 evaluating [time: 0.07s, valid_score: 0.026600]
Mon 16 Mar 2026 09:40:45 INFO  valid result: 
hit@10 : 0.0266    ndcg@10 : 0.0123    mrr@10 : 0.0079
Mon 16 Mar 2026 09:41:17 INFO  epoch 7 training [time: 31.15s, train loss: 1311.8197]
Mon 16 Mar 2026 09:41:17 INFO  epoch 7 evaluating [time: 0.08s, valid_score: 0.031200]
Mon 16 Mar 2026 09:41:17 INFO  valid result: 
hit@10 : 0.0312    ndcg@10 : 0.0138    mrr@10 : 0.0084
Mon 16 Mar 2026 09:41:17 INFO  Saving current: saved\TimeWeaver-Mar-16-2026_09-38-32.pth
Mon 16 Mar 2026 09:41:50 INFO  epoch 8 training [time: 32.91s, train loss: 1252.0368]
Mon 16 Mar 2026 09:41:50 INFO  epoch 8 evaluating [time: 0.08s, valid_score: 0.031200]
Mon 16 Mar 2026 09:41:50 INFO  valid result: 
hit@10 : 0.0312    ndcg@10 : 0.0134    mrr@10 : 0.0081
Mon 16 Mar 2026 09:41:50 INFO  Saving current: saved\TimeWeaver-Mar-16-2026_09-38-32.pth
Mon 16 Mar 2026 09:42:21 INFO  epoch 9 training [time: 31.75s, train loss: 1198.9551]
Mon 16 Mar 2026 09:42:22 INFO  epoch 9 evaluating [time: 0.09s, valid_score: 0.033500]
Mon 16 Mar 2026 09:42:22 INFO  valid result: 
hit@10 : 0.0335    ndcg@10 : 0.0139    mrr@10 : 0.0081
Mon 16 Mar 2026 09:42:22 INFO  Saving current: saved\TimeWeaver-Mar-16-2026_09-38-32.pth
Mon 16 Mar 2026 09:42:53 INFO  epoch 10 training [time: 31.66s, train loss: 1154.2332]
Mon 16 Mar 2026 09:42:53 INFO  epoch 10 evaluating [time: 0.07s, valid_score: 0.030700]
Mon 16 Mar 2026 09:42:53 INFO  valid result: 
hit@10 : 0.0307    ndcg@10 : 0.0135    mrr@10 : 0.0082
Mon 16 Mar 2026 09:43:26 INFO  epoch 11 training [time: 32.75s, train loss: 1114.8191]
Mon 16 Mar 2026 09:43:26 INFO  epoch 11 evaluating [time: 0.09s, valid_score: 0.029400]
Mon 16 Mar 2026 09:43:26 INFO  valid result: 
hit@10 : 0.0294    ndcg@10 : 0.0128    mrr@10 : 0.0077
Mon 16 Mar 2026 09:44:00 INFO  epoch 12 training [time: 33.66s, train loss: 1079.2367]
Mon 16 Mar 2026 09:44:00 INFO  epoch 12 evaluating [time: 0.09s, valid_score: 0.029800]
Mon 16 Mar 2026 09:44:00 INFO  valid result: 
hit@10 : 0.0298    ndcg@10 : 0.0129    mrr@10 : 0.0078
Mon 16 Mar 2026 09:44:32 INFO  epoch 13 training [time: 32.00s, train loss: 1052.3614]
Mon 16 Mar 2026 09:44:32 INFO  epoch 13 evaluating [time: 0.08s, valid_score: 0.030300]
Mon 16 Mar 2026 09:44:32 INFO  valid result: 
hit@10 : 0.0303    ndcg@10 : 0.0126    mrr@10 : 0.0073
Mon 16 Mar 2026 09:45:03 INFO  epoch 14 training [time: 31.42s, train loss: 1024.8270]
Mon 16 Mar 2026 09:45:03 INFO  epoch 14 evaluating [time: 0.08s, valid_score: 0.028000]
Mon 16 Mar 2026 09:45:03 INFO  valid result: 
hit@10 : 0.028    ndcg@10 : 0.0124    mrr@10 : 0.0077
Mon 16 Mar 2026 09:45:36 INFO  epoch 15 training [time: 32.85s, train loss: 999.7768]
Mon 16 Mar 2026 09:45:36 INFO  epoch 15 evaluating [time: 0.08s, valid_score: 0.029800]
Mon 16 Mar 2026 09:45:36 INFO  valid result: 
hit@10 : 0.0298    ndcg@10 : 0.0129    mrr@10 : 0.0078
Mon 16 Mar 2026 09:46:08 INFO  epoch 16 training [time: 31.99s, train loss: 974.7320]
Mon 16 Mar 2026 09:46:08 INFO  epoch 16 evaluating [time: 0.08s, valid_score: 0.029400]
Mon 16 Mar 2026 09:46:08 INFO  valid result: 
hit@10 : 0.0294    ndcg@10 : 0.0126    mrr@10 : 0.0075
Mon 16 Mar 2026 09:46:40 INFO  epoch 17 training [time: 31.31s, train loss: 955.4911]
Mon 16 Mar 2026 09:46:40 INFO  epoch 17 evaluating [time: 0.08s, valid_score: 0.026100]
Mon 16 Mar 2026 09:46:40 INFO  valid result: 
hit@10 : 0.0261    ndcg@10 : 0.0112    mrr@10 : 0.0066
Mon 16 Mar 2026 09:47:11 INFO  epoch 18 training [time: 31.40s, train loss: 934.4114]
Mon 16 Mar 2026 09:47:11 INFO  epoch 18 evaluating [time: 0.08s, valid_score: 0.026600]
Mon 16 Mar 2026 09:47:11 INFO  valid result: 
hit@10 : 0.0266    ndcg@10 : 0.012    mrr@10 : 0.0076
Mon 16 Mar 2026 09:47:46 INFO  epoch 19 training [time: 34.88s, train loss: 912.1760]
Mon 16 Mar 2026 09:47:46 INFO  epoch 19 evaluating [time: 0.08s, valid_score: 0.027500]
Mon 16 Mar 2026 09:47:46 INFO  valid result: 
hit@10 : 0.0275    ndcg@10 : 0.0116    mrr@10 : 0.0068
Mon 16 Mar 2026 09:48:18 INFO  epoch 20 training [time: 31.91s, train loss: 897.1036]
Mon 16 Mar 2026 09:48:18 INFO  epoch 20 evaluating [time: 0.09s, valid_score: 0.024300]
Mon 16 Mar 2026 09:48:18 INFO  valid result: 
hit@10 : 0.0243    ndcg@10 : 0.0105    mrr@10 : 0.0063
Mon 16 Mar 2026 09:48:18 INFO  Finished training, best eval result in epoch 9
Mon 16 Mar 2026 09:48:18 INFO  Loading model structure and parameters from saved\TimeWeaver-Mar-16-2026_09-38-32.pth
Mon 16 Mar 2026 09:48:19 INFO  The running environment of this training is as follows:
+-------------+----------------+
| Environment |     Usage      |
+=============+================+
| CPU         |     5.80 %     |
+-------------+----------------+
| GPU         | 0.33 G/6.00 G  |
+-------------+----------------+
| Memory      | 1.59 G/15.63 G |
+-------------+----------------+
Mon 16 Mar 2026 09:48:19 INFO  best valid : OrderedDict([('hit@10', 0.0335), ('ndcg@10', 0.0139), ('mrr@10', 0.0081)])
Mon 16 Mar 2026 09:48:19 INFO  test result: OrderedDict([('hit@10', 0.0257), ('ndcg@10', 0.0126), ('mrr@10', 0.0086)])
Mon 16 Mar 2026 09:48:19 WARNING  command line args [--models timeweaver --datasets amazon-sports-5core-longseq-full --seeds 42,2023,2024 --device gpu --timeweaver-variant aug_only --output F:\桌面\recommendation_system\results\param_sweeps\timeweaver_param_B2_aug_strength_prob.json --tag B2_s0.2_p0.15 --tw-aug-strength 0.2 --tw-aug-prob 0.15] will not be used in RecBole
Mon 16 Mar 2026 09:48:20 INFO  ['F:\\桌面\\recommendation_system\\scripts\\run_grid.py', '--models', 'timeweaver', '--datasets', 'amazon-sports-5core-longseq-full', '--seeds', '42,2023,2024', '--device', 'gpu', '--timeweaver-variant', 'aug_only', '--output', 'F:\\桌面\\recommendation_system\\results\\param_sweeps\\timeweaver_param_B2_aug_strength_prob.json', '--tag', 'B2_s0.2_p0.15', '--tw-aug-strength', '0.2', '--tw-aug-prob', '0.15']
Mon 16 Mar 2026 09:48:20 INFO  
General Hyper Parameters:
gpu_id = 0
use_gpu = True
seed = 2024
state = INFO
reproducibility = True
data_path = data/amazon\amazon-sports-5core-longseq
checkpoint_dir = saved
show_progress = True
save_dataset = False
dataset_save_path = None
save_dataloaders = False
dataloaders_save_path = None
log_wandb = False

Training Hyper Parameters:
epochs = 100
train_batch_size = 256
learner = adam
learning_rate = 0.001
train_neg_sample_args = {'distribution': 'none', 'sample_num': 'none', 'alpha': 'none', 'dynamic': False, 'candidate_num': 0}
eval_step = 1
stopping_step = 10
clip_grad_norm = None
weight_decay = 0.0
loss_decimal_place = 4

Evaluation Hyper Parameters:
eval_args = {'split': {'LS': 'valid_and_test'}, 'order': 'TO', 'group_by': 'user', 'mode': {'valid': 'full', 'test': 'full'}}
repeatable = True
metrics = ['Hit', 'NDCG', 'MRR']
topk = [10]
valid_metric = Hit@10
valid_metric_bigger = True
eval_batch_size = 512
metric_decimal_place = 4

Dataset Hyper Parameters:
field_separator = 	
seq_separator =  
USER_ID_FIELD = user_id
ITEM_ID_FIELD = item_id
RATING_FIELD = rating
TIME_FIELD = timestamp
seq_len = None
LABEL_FIELD = label
threshold = None
NEG_PREFIX = neg_
load_col = {'inter': ['user_id', 'item_id', 'rating', 'timestamp']}
unload_col = None
unused_col = None
additional_feat_suffix = None
rm_dup_inter = None
val_interval = None
filter_inter_by_user_or_item = True
user_inter_num_interval = [0,inf)
item_inter_num_interval = [0,inf)
alias_of_user_id = None
alias_of_item_id = None
alias_of_entity_id = None
alias_of_relation_id = None
preload_weight = None
normalize_field = None
normalize_all = None
ITEM_LIST_LENGTH_FIELD = item_length
LIST_SUFFIX = _list
MAX_ITEM_LIST_LENGTH = 32
POSITION_FIELD = position_id
HEAD_ENTITY_ID_FIELD = head_id
TAIL_ENTITY_ID_FIELD = tail_id
RELATION_ID_FIELD = relation_id
ENTITY_ID_FIELD = entity_id
benchmark_filename = None

Other Hyper Parameters: 
worker = 0
wandb_project = recbole
shuffle = True
require_pow = False
enable_amp = False
enable_scaler = False
transform = None
numerical_features = []
discretization = None
kg_reverse_r = False
entity_kg_num_interval = [0,inf)
relation_kg_num_interval = [0,inf)
MODEL_TYPE = ModelType.SEQUENTIAL
contrastive_weight = 0.03
contrastive_temp = 0.2
model_name = TimeWeaver
hidden_size = 64
num_layers = 2
hidden_dropout_prob = 0.5
initializer_range = 0.02
time_bucket_size = 1000
ema_decay = 0.5
tcn_kernel_size = -1
ffn_hidden_size = 256
loss_type = CE
early_stop = 10
neg_sampling = None
device = cuda
use_continuous_time = False
use_time_gate = False
use_time_augmentation = True
time_aug_strength = 0.2
time_aug_prob = 0.15
MODEL_INPUT_TYPE = InputType.POINTWISE
eval_type = EvaluatorType.RANKING
single_spec = True
local_rank = 0
valid_neg_sample_args = {'distribution': 'uniform', 'sample_num': 'none'}
test_neg_sample_args = {'distribution': 'uniform', 'sample_num': 'none'}


Mon 16 Mar 2026 09:48:20 INFO  amazon-sports-5core-longseq
The number of users: 2181
Average actions of users: 25.74678899082569
The number of items: 14556
Average actions of items: 3.8562693232566128
The number of inters: 56128
The sparsity of the dataset: 99.82320016520806%
Remain Fields: ['user_id', 'item_id', 'rating', 'timestamp']
Mon 16 Mar 2026 09:48:21 INFO  [Training]: train_batch_size = [256] train_neg_sample_args: [{'distribution': 'none', 'sample_num': 'none', 'alpha': 'none', 'dynamic': False, 'candidate_num': 0}]
Mon 16 Mar 2026 09:48:21 INFO  [Evaluation]: eval_batch_size = [512] eval_args: [{'split': {'LS': 'valid_and_test'}, 'order': 'TO', 'group_by': 'user', 'mode': {'valid': 'full', 'test': 'full'}}]
Mon 16 Mar 2026 09:48:21 INFO  TimeWeaver(
  (item_embedding): Embedding(14556, 64, padding_idx=0)
  (time_aug): TimeAwareAugmentation(
    (pos_embedding): Embedding(32, 64)
    (time_embedding): Embedding(1000, 64)
    (layer_norm): LayerNorm((64,), eps=1e-05, elementwise_affine=True)
    (drop): Dropout(p=0.5, inplace=False)
  )
  (context_layers): ModuleList(
    (0-1): 2 x TCNNextBlock(
      (dw): DepthwiseConv1d(
        (conv): Conv1d(64, 64, kernel_size=(11,), stride=(1,), padding=(5,), groups=64)
        (bn): BatchNorm1d(64, eps=1e-05, momentum=0.1, affine=True, track_running_stats=True)
        (drop): Dropout(p=0.5, inplace=False)
      )
      (norm1): LayerNorm((64,), eps=1e-05, elementwise_affine=True)
      (conv_inter): ParallelConvInter(
        (conv1): Conv1d(64, 64, kernel_size=(1,), stride=(1,))
        (conv3): Conv1d(64, 64, kernel_size=(3,), stride=(1,), padding=(1,))
        (proj): Conv1d(64, 64, kernel_size=(1,), stride=(1,))
        (drop): Dropout(p=0.5, inplace=False)
      )
      (norm2): LayerNorm((64,), eps=1e-05, elementwise_affine=True)
      (ffn): Sequential(
        (0): Linear(in_features=64, out_features=256, bias=True)
        (1): GELU(approximate='none')
        (2): Dropout(p=0.5, inplace=False)
        (3): Linear(in_features=256, out_features=64, bias=True)
        (4): Dropout(p=0.5, inplace=False)
      )
      (norm3): LayerNorm((64,), eps=1e-05, elementwise_affine=True)
    )
  )
  (dynamic_layers): ModuleList(
    (0-1): 2 x EMAStream(
      (proj): Linear(in_features=64, out_features=64, bias=True)
    )
  )
  (weavers): ModuleList(
    (0-1): 2 x StreamWeaver(
      (proj): Linear(in_features=128, out_features=64, bias=True)
      (norm): LayerNorm((64,), eps=1e-05, elementwise_affine=True)
    )
  )
  (loss_fct): CrossEntropyLoss()
)
Trainable parameters: 1132929.0
Mon 16 Mar 2026 09:48:21 INFO  FLOPs: 4298752.0
Mon 16 Mar 2026 09:48:36 INFO  epoch 0 training [time: 15.61s, train loss: 1809.7610]
Mon 16 Mar 2026 09:48:36 INFO  epoch 0 evaluating [time: 0.08s, valid_score: 0.011500]
Mon 16 Mar 2026 09:48:36 INFO  valid result: 
hit@10 : 0.0115    ndcg@10 : 0.0063    mrr@10 : 0.0047
Mon 16 Mar 2026 09:48:36 INFO  Saving current: saved\TimeWeaver-Mar-16-2026_09-48-21.pth
Mon 16 Mar 2026 09:48:53 INFO  epoch 1 training [time: 16.21s, train loss: 1735.7294]
Mon 16 Mar 2026 09:48:53 INFO  epoch 1 evaluating [time: 0.09s, valid_score: 0.017000]
Mon 16 Mar 2026 09:48:53 INFO  valid result: 
hit@10 : 0.017    ndcg@10 : 0.0078    mrr@10 : 0.005
Mon 16 Mar 2026 09:48:53 INFO  Saving current: saved\TimeWeaver-Mar-16-2026_09-48-21.pth
Mon 16 Mar 2026 09:49:09 INFO  epoch 2 training [time: 16.46s, train loss: 1674.0062]
Mon 16 Mar 2026 09:49:09 INFO  epoch 2 evaluating [time: 0.08s, valid_score: 0.026600]
Mon 16 Mar 2026 09:49:09 INFO  valid result: 
hit@10 : 0.0266    ndcg@10 : 0.0129    mrr@10 : 0.0087
Mon 16 Mar 2026 09:49:09 INFO  Saving current: saved\TimeWeaver-Mar-16-2026_09-48-21.pth
Mon 16 Mar 2026 09:49:26 INFO  epoch 3 training [time: 16.29s, train loss: 1599.1303]
Mon 16 Mar 2026 09:49:26 INFO  epoch 3 evaluating [time: 0.08s, valid_score: 0.026600]
Mon 16 Mar 2026 09:49:26 INFO  valid result: 
hit@10 : 0.0266    ndcg@10 : 0.0124    mrr@10 : 0.0082
Mon 16 Mar 2026 09:49:26 INFO  Saving current: saved\TimeWeaver-Mar-16-2026_09-48-21.pth
Mon 16 Mar 2026 09:49:42 INFO  epoch 4 training [time: 16.27s, train loss: 1523.0991]
Mon 16 Mar 2026 09:49:42 INFO  epoch 4 evaluating [time: 0.08s, valid_score: 0.028400]
Mon 16 Mar 2026 09:49:42 INFO  valid result: 
hit@10 : 0.0284    ndcg@10 : 0.0126    mrr@10 : 0.0079
Mon 16 Mar 2026 09:49:42 INFO  Saving current: saved\TimeWeaver-Mar-16-2026_09-48-21.pth
Mon 16 Mar 2026 09:50:02 INFO  epoch 5 training [time: 20.30s, train loss: 1448.1641]
Mon 16 Mar 2026 09:50:02 INFO  epoch 5 evaluating [time: 0.07s, valid_score: 0.031200]
Mon 16 Mar 2026 09:50:02 INFO  valid result: 
hit@10 : 0.0312    ndcg@10 : 0.0135    mrr@10 : 0.0082
Mon 16 Mar 2026 09:50:02 INFO  Saving current: saved\TimeWeaver-Mar-16-2026_09-48-21.pth
Mon 16 Mar 2026 09:50:32 INFO  epoch 6 training [time: 29.20s, train loss: 1376.4733]
Mon 16 Mar 2026 09:50:32 INFO  epoch 6 evaluating [time: 0.08s, valid_score: 0.029400]
Mon 16 Mar 2026 09:50:32 INFO  valid result: 
hit@10 : 0.0294    ndcg@10 : 0.0135    mrr@10 : 0.0087
Mon 16 Mar 2026 09:51:03 INFO  epoch 7 training [time: 31.06s, train loss: 1310.0332]
Mon 16 Mar 2026 09:51:03 INFO  epoch 7 evaluating [time: 0.07s, valid_score: 0.031200]
Mon 16 Mar 2026 09:51:03 INFO  valid result: 
hit@10 : 0.0312    ndcg@10 : 0.0129    mrr@10 : 0.0074
Mon 16 Mar 2026 09:51:03 INFO  Saving current: saved\TimeWeaver-Mar-16-2026_09-48-21.pth
Mon 16 Mar 2026 09:51:36 INFO  epoch 8 training [time: 33.43s, train loss: 1251.8092]
Mon 16 Mar 2026 09:51:36 INFO  epoch 8 evaluating [time: 0.10s, valid_score: 0.034400]
Mon 16 Mar 2026 09:51:36 INFO  valid result: 
hit@10 : 0.0344    ndcg@10 : 0.0148    mrr@10 : 0.0089
Mon 16 Mar 2026 09:51:36 INFO  Saving current: saved\TimeWeaver-Mar-16-2026_09-48-21.pth
Mon 16 Mar 2026 09:52:09 INFO  epoch 9 training [time: 32.44s, train loss: 1198.1611]
Mon 16 Mar 2026 09:52:09 INFO  epoch 9 evaluating [time: 0.09s, valid_score: 0.028900]
Mon 16 Mar 2026 09:52:09 INFO  valid result: 
hit@10 : 0.0289    ndcg@10 : 0.0127    mrr@10 : 0.0077
Mon 16 Mar 2026 09:52:40 INFO  epoch 10 training [time: 31.33s, train loss: 1155.1584]
Mon 16 Mar 2026 09:52:40 INFO  epoch 10 evaluating [time: 0.08s, valid_score: 0.030700]
Mon 16 Mar 2026 09:52:40 INFO  valid result: 
hit@10 : 0.0307    ndcg@10 : 0.0135    mrr@10 : 0.0083
Mon 16 Mar 2026 09:53:11 INFO  epoch 11 training [time: 30.66s, train loss: 1115.7804]
Mon 16 Mar 2026 09:53:11 INFO  epoch 11 evaluating [time: 0.08s, valid_score: 0.034900]
Mon 16 Mar 2026 09:53:11 INFO  valid result: 
hit@10 : 0.0349    ndcg@10 : 0.0151    mrr@10 : 0.0091
Mon 16 Mar 2026 09:53:11 INFO  Saving current: saved\TimeWeaver-Mar-16-2026_09-48-21.pth
Mon 16 Mar 2026 09:53:44 INFO  epoch 12 training [time: 33.10s, train loss: 1082.9778]
Mon 16 Mar 2026 09:53:44 INFO  epoch 12 evaluating [time: 0.08s, valid_score: 0.033000]
Mon 16 Mar 2026 09:53:44 INFO  valid result: 
hit@10 : 0.033    ndcg@10 : 0.0145    mrr@10 : 0.0088
Mon 16 Mar 2026 09:54:15 INFO  epoch 13 training [time: 30.64s, train loss: 1053.2657]
Mon 16 Mar 2026 09:54:15 INFO  epoch 13 evaluating [time: 0.07s, valid_score: 0.033900]
Mon 16 Mar 2026 09:54:15 INFO  valid result: 
hit@10 : 0.0339    ndcg@10 : 0.0151    mrr@10 : 0.0094
Mon 16 Mar 2026 09:54:46 INFO  epoch 14 training [time: 31.24s, train loss: 1029.3127]
Mon 16 Mar 2026 09:54:46 INFO  epoch 14 evaluating [time: 0.07s, valid_score: 0.034400]
Mon 16 Mar 2026 09:54:46 INFO  valid result: 
hit@10 : 0.0344    ndcg@10 : 0.0149    mrr@10 : 0.009
Mon 16 Mar 2026 09:55:18 INFO  epoch 15 training [time: 31.31s, train loss: 1003.9076]
Mon 16 Mar 2026 09:55:18 INFO  epoch 15 evaluating [time: 0.10s, valid_score: 0.033000]
Mon 16 Mar 2026 09:55:18 INFO  valid result: 
hit@10 : 0.033    ndcg@10 : 0.0151    mrr@10 : 0.0097
Mon 16 Mar 2026 09:55:52 INFO  epoch 16 training [time: 34.19s, train loss: 983.6885]
Mon 16 Mar 2026 09:55:52 INFO  epoch 16 evaluating [time: 0.09s, valid_score: 0.033500]
Mon 16 Mar 2026 09:55:52 INFO  valid result: 
hit@10 : 0.0335    ndcg@10 : 0.0152    mrr@10 : 0.0096
Mon 16 Mar 2026 09:56:24 INFO  epoch 17 training [time: 31.56s, train loss: 959.7156]
Mon 16 Mar 2026 09:56:24 INFO  epoch 17 evaluating [time: 0.09s, valid_score: 0.034400]
Mon 16 Mar 2026 09:56:24 INFO  valid result: 
hit@10 : 0.0344    ndcg@10 : 0.0152    mrr@10 : 0.0094
Mon 16 Mar 2026 09:56:55 INFO  epoch 18 training [time: 31.34s, train loss: 940.3646]
Mon 16 Mar 2026 09:56:55 INFO  epoch 18 evaluating [time: 0.07s, valid_score: 0.029800]
Mon 16 Mar 2026 09:56:55 INFO  valid result: 
hit@10 : 0.0298    ndcg@10 : 0.014    mrr@10 : 0.0092
Mon 16 Mar 2026 09:57:27 INFO  epoch 19 training [time: 32.02s, train loss: 922.3555]
Mon 16 Mar 2026 09:57:27 INFO  epoch 19 evaluating [time: 0.09s, valid_score: 0.031200]
Mon 16 Mar 2026 09:57:27 INFO  valid result: 
hit@10 : 0.0312    ndcg@10 : 0.0147    mrr@10 : 0.0097
Mon 16 Mar 2026 09:57:59 INFO  epoch 20 training [time: 32.03s, train loss: 906.4585]
Mon 16 Mar 2026 09:57:59 INFO  epoch 20 evaluating [time: 0.09s, valid_score: 0.030300]
Mon 16 Mar 2026 09:57:59 INFO  valid result: 
hit@10 : 0.0303    ndcg@10 : 0.0143    mrr@10 : 0.0095
Mon 16 Mar 2026 09:58:31 INFO  epoch 21 training [time: 31.75s, train loss: 887.3376]
Mon 16 Mar 2026 09:58:31 INFO  epoch 21 evaluating [time: 0.09s, valid_score: 0.030300]
Mon 16 Mar 2026 09:58:31 INFO  valid result: 
hit@10 : 0.0303    ndcg@10 : 0.0133    mrr@10 : 0.0082
Mon 16 Mar 2026 09:59:05 INFO  epoch 22 training [time: 33.42s, train loss: 873.1609]
Mon 16 Mar 2026 09:59:05 INFO  epoch 22 evaluating [time: 0.09s, valid_score: 0.028400]
Mon 16 Mar 2026 09:59:05 INFO  valid result: 
hit@10 : 0.0284    ndcg@10 : 0.0134    mrr@10 : 0.0089
Mon 16 Mar 2026 09:59:05 INFO  Finished training, best eval result in epoch 11
Mon 16 Mar 2026 09:59:05 INFO  Loading model structure and parameters from saved\TimeWeaver-Mar-16-2026_09-48-21.pth
Mon 16 Mar 2026 09:59:06 INFO  The running environment of this training is as follows:
+-------------+----------------+
| Environment |     Usage      |
+=============+================+
| CPU         |     3.80 %     |
+-------------+----------------+
| GPU         | 0.33 G/6.00 G  |
+-------------+----------------+
| Memory      | 1.58 G/15.63 G |
+-------------+----------------+
Mon 16 Mar 2026 09:59:06 INFO  best valid : OrderedDict([('hit@10', 0.0349), ('ndcg@10', 0.0151), ('mrr@10', 0.0091)])
Mon 16 Mar 2026 09:59:06 INFO  test result: OrderedDict([('hit@10', 0.0252), ('ndcg@10', 0.0111), ('mrr@10', 0.0068)])
