Mon 09 Feb 2026 19:08:32 INFO  ['F:\\桌面\\recommendation_system\\scripts\\run_grid.py', '--models', 'timeweaver', '--datasets', 'ml-100k', '--seeds', '42', '--device', 'gpu', '--timeweaver-variant', 'base', '--tag', 'e0p1_k9_d0p2_l2_f256_b1000', '--output', 'results/run_grid_timeweaver_tune.json', '--tw-ema-decay', '0.1', '--tw-tcn-kernel', '9', '--tw-hidden-dropout', '0.2', '--tw-num-layers', '2', '--tw-ffn-hidden', '256', '--tw-time-bucket', '1000']
Mon 09 Feb 2026 19:08:32 INFO  
General Hyper Parameters:
gpu_id = 0
use_gpu = True
seed = 42
state = INFO
reproducibility = True
data_path = F:\anaconda3\envs\rec39\Lib\site-packages\recbole\config\../dataset_example/ml-100k
checkpoint_dir = saved
show_progress = True
save_dataset = False
dataset_save_path = None
save_dataloaders = False
dataloaders_save_path = None
log_wandb = False

Training Hyper Parameters:
epochs = 100
train_batch_size = 256
learner = adam
learning_rate = 0.001
train_neg_sample_args = {'distribution': 'none', 'sample_num': 'none', 'alpha': 'none', 'dynamic': False, 'candidate_num': 0}
eval_step = 1
stopping_step = 10
clip_grad_norm = None
weight_decay = 0.0
loss_decimal_place = 4

Evaluation Hyper Parameters:
eval_args = {'split': {'LS': 'valid_and_test'}, 'order': 'TO', 'group_by': 'user', 'mode': {'valid': 'uni100', 'test': 'uni100'}}
repeatable = True
metrics = ['Hit', 'NDCG', 'MRR']
topk = [10]
valid_metric = MRR@10
valid_metric_bigger = True
eval_batch_size = 512
metric_decimal_place = 4

Dataset Hyper Parameters:
field_separator = 	
seq_separator =  
USER_ID_FIELD = user_id
ITEM_ID_FIELD = item_id
RATING_FIELD = rating
TIME_FIELD = timestamp
seq_len = None
LABEL_FIELD = label
threshold = None
NEG_PREFIX = neg_
load_col = {'inter': ['user_id', 'item_id', 'rating', 'timestamp'], 'user': ['user_id', 'age', 'gender', 'occupation', 'zip_code'], 'item': ['item_id', 'movie_title', 'release_year', 'class']}
unload_col = None
unused_col = None
additional_feat_suffix = None
rm_dup_inter = None
val_interval = None
filter_inter_by_user_or_item = True
user_inter_num_interval = None
item_inter_num_interval = None
alias_of_user_id = None
alias_of_item_id = None
alias_of_entity_id = None
alias_of_relation_id = None
preload_weight = None
normalize_field = None
normalize_all = True
ITEM_LIST_LENGTH_FIELD = item_length
LIST_SUFFIX = _list
MAX_ITEM_LIST_LENGTH = 32
POSITION_FIELD = position_id
HEAD_ENTITY_ID_FIELD = head_id
TAIL_ENTITY_ID_FIELD = tail_id
RELATION_ID_FIELD = relation_id
ENTITY_ID_FIELD = entity_id
kg_reverse_r = False
entity_kg_num_interval = None
relation_kg_num_interval = None
benchmark_filename = None

Other Hyper Parameters: 
worker = 0
wandb_project = recbole
shuffle = True
require_pow = False
enable_amp = False
enable_scaler = False
transform = None
numerical_features = []
discretization = None
MODEL_TYPE = ModelType.SEQUENTIAL
model_name = TimeWeaver
hidden_size = 64
num_layers = 2
hidden_dropout_prob = 0.2
initializer_range = 0.02
time_bucket_size = 1000
ema_decay = 0.1
tcn_kernel_size = 9
ffn_hidden_size = 256
loss_type = CE
early_stop = 10
neg_sampling = None
device = cuda
use_continuous_time = False
use_time_gate = False
use_time_augmentation = False
MODEL_INPUT_TYPE = InputType.POINTWISE
eval_type = EvaluatorType.RANKING
single_spec = True
local_rank = 0
valid_neg_sample_args = {'distribution': 'uniform', 'sample_num': 100}
test_neg_sample_args = {'distribution': 'uniform', 'sample_num': 100}


Mon 09 Feb 2026 19:08:33 INFO  ml-100k
The number of users: 944
Average actions of users: 106.04453870625663
The number of items: 1683
Average actions of items: 59.45303210463734
The number of inters: 100000
The sparsity of the dataset: 93.70575143257098%
Remain Fields: ['user_id', 'item_id', 'rating', 'timestamp', 'age', 'gender', 'occupation', 'zip_code', 'movie_title', 'release_year', 'class']
Mon 09 Feb 2026 19:08:34 INFO  [Training]: train_batch_size = [256] train_neg_sample_args: [{'distribution': 'none', 'sample_num': 'none', 'alpha': 'none', 'dynamic': False, 'candidate_num': 0}]
Mon 09 Feb 2026 19:08:34 INFO  [Evaluation]: eval_batch_size = [512] eval_args: [{'split': {'LS': 'valid_and_test'}, 'order': 'TO', 'group_by': 'user', 'mode': {'valid': 'uni100', 'test': 'uni100'}}]
Mon 09 Feb 2026 19:08:34 INFO  TimeWeaver(
  (item_embedding): Embedding(1683, 64, padding_idx=0)
  (time_aug): TimeAwareAugmentation(
    (pos_embedding): Embedding(32, 64)
    (time_embedding): Embedding(1000, 64)
    (layer_norm): LayerNorm((64,), eps=1e-05, elementwise_affine=True)
    (drop): Dropout(p=0.2, inplace=False)
  )
  (context_layers): ModuleList(
    (0-1): 2 x TCNNextBlock(
      (dw): DepthwiseConv1d(
        (conv): Conv1d(64, 64, kernel_size=(9,), stride=(1,), padding=(4,), groups=64)
        (bn): BatchNorm1d(64, eps=1e-05, momentum=0.1, affine=True, track_running_stats=True)
        (drop): Dropout(p=0.2, inplace=False)
      )
      (norm1): LayerNorm((64,), eps=1e-05, elementwise_affine=True)
      (conv_inter): ParallelConvInter(
        (conv1): Conv1d(64, 64, kernel_size=(1,), stride=(1,))
        (conv3): Conv1d(64, 64, kernel_size=(3,), stride=(1,), padding=(1,))
        (proj): Conv1d(64, 64, kernel_size=(1,), stride=(1,))
        (drop): Dropout(p=0.2, inplace=False)
      )
      (norm2): LayerNorm((64,), eps=1e-05, elementwise_affine=True)
      (ffn): Sequential(
        (0): Linear(in_features=64, out_features=256, bias=True)
        (1): GELU(approximate='none')
        (2): Dropout(p=0.2, inplace=False)
        (3): Linear(in_features=256, out_features=64, bias=True)
        (4): Dropout(p=0.2, inplace=False)
      )
      (norm3): LayerNorm((64,), eps=1e-05, elementwise_affine=True)
    )
  )
  (dynamic_layers): ModuleList(
    (0-1): 2 x EMAStream(
      (proj): Linear(in_features=64, out_features=64, bias=True)
    )
  )
  (weavers): ModuleList(
    (0-1): 2 x StreamWeaver(
      (proj): Linear(in_features=128, out_features=64, bias=True)
      (norm): LayerNorm((64,), eps=1e-05, elementwise_affine=True)
    )
  )
  (loss_fct): CrossEntropyLoss()
)
Trainable parameters: 308801.0
Mon 09 Feb 2026 19:08:34 INFO  FLOPs: 4290560.0
Mon 09 Feb 2026 19:09:06 INFO  epoch 0 training [time: 30.81s, train loss: 2422.7234]
Mon 09 Feb 2026 19:09:08 INFO  epoch 0 evaluating [time: 2.07s, valid_score: 0.280600]
Mon 09 Feb 2026 19:09:08 INFO  valid result: 
hit@10 : 0.667    ndcg@10 : 0.3713    mrr@10 : 0.2806
Mon 09 Feb 2026 19:09:08 INFO  Saving current: saved\TimeWeaver-Feb-09-2026_19-08-34.pth
Mon 09 Feb 2026 19:09:39 INFO  epoch 1 training [time: 30.77s, train loss: 2221.5344]
Mon 09 Feb 2026 19:09:41 INFO  epoch 1 evaluating [time: 2.09s, valid_score: 0.329000]
Mon 09 Feb 2026 19:09:41 INFO  valid result: 
hit@10 : 0.7041    ndcg@10 : 0.4174    mrr@10 : 0.329
Mon 09 Feb 2026 19:09:41 INFO  Saving current: saved\TimeWeaver-Feb-09-2026_19-08-34.pth
Mon 09 Feb 2026 19:10:13 INFO  epoch 2 training [time: 31.50s, train loss: 2178.3809]
Mon 09 Feb 2026 19:10:15 INFO  epoch 2 evaluating [time: 2.08s, valid_score: 0.336200]
Mon 09 Feb 2026 19:10:15 INFO  valid result: 
hit@10 : 0.7179    ndcg@10 : 0.4263    mrr@10 : 0.3362
Mon 09 Feb 2026 19:10:15 INFO  Saving current: saved\TimeWeaver-Feb-09-2026_19-08-34.pth
Mon 09 Feb 2026 19:10:46 INFO  epoch 3 training [time: 31.14s, train loss: 2148.9797]
Mon 09 Feb 2026 19:10:48 INFO  epoch 3 evaluating [time: 2.00s, valid_score: 0.338900]
Mon 09 Feb 2026 19:10:48 INFO  valid result: 
hit@10 : 0.7264    ndcg@10 : 0.4306    mrr@10 : 0.3389
Mon 09 Feb 2026 19:10:48 INFO  Saving current: saved\TimeWeaver-Feb-09-2026_19-08-34.pth
Mon 09 Feb 2026 19:11:20 INFO  epoch 4 training [time: 31.85s, train loss: 2125.4607]
Mon 09 Feb 2026 19:11:22 INFO  epoch 4 evaluating [time: 2.08s, valid_score: 0.361100]
Mon 09 Feb 2026 19:11:22 INFO  valid result: 
hit@10 : 0.7413    ndcg@10 : 0.4505    mrr@10 : 0.3611
Mon 09 Feb 2026 19:11:22 INFO  Saving current: saved\TimeWeaver-Feb-09-2026_19-08-34.pth
Mon 09 Feb 2026 19:11:54 INFO  epoch 5 training [time: 32.40s, train loss: 2107.6964]
Mon 09 Feb 2026 19:11:56 INFO  epoch 5 evaluating [time: 2.12s, valid_score: 0.348700]
Mon 09 Feb 2026 19:11:56 INFO  valid result: 
hit@10 : 0.7306    ndcg@10 : 0.4393    mrr@10 : 0.3487
Mon 09 Feb 2026 19:12:27 INFO  epoch 6 training [time: 30.86s, train loss: 2091.5026]
Mon 09 Feb 2026 19:12:29 INFO  epoch 6 evaluating [time: 2.01s, valid_score: 0.335300]
Mon 09 Feb 2026 19:12:29 INFO  valid result: 
hit@10 : 0.737    ndcg@10 : 0.4304    mrr@10 : 0.3353
Mon 09 Feb 2026 19:13:01 INFO  epoch 7 training [time: 31.29s, train loss: 2077.7949]
Mon 09 Feb 2026 19:13:03 INFO  epoch 7 evaluating [time: 2.05s, valid_score: 0.350900]
Mon 09 Feb 2026 19:13:03 INFO  valid result: 
hit@10 : 0.7338    ndcg@10 : 0.4419    mrr@10 : 0.3509
Mon 09 Feb 2026 19:13:33 INFO  epoch 8 training [time: 30.81s, train loss: 2066.5940]
Mon 09 Feb 2026 19:13:36 INFO  epoch 8 evaluating [time: 2.07s, valid_score: 0.359900]
Mon 09 Feb 2026 19:13:36 INFO  valid result: 
hit@10 : 0.7275    ndcg@10 : 0.4473    mrr@10 : 0.3599
Mon 09 Feb 2026 19:14:07 INFO  epoch 9 training [time: 31.62s, train loss: 2056.7521]
Mon 09 Feb 2026 19:14:09 INFO  epoch 9 evaluating [time: 2.06s, valid_score: 0.356400]
Mon 09 Feb 2026 19:14:09 INFO  valid result: 
hit@10 : 0.7402    ndcg@10 : 0.4469    mrr@10 : 0.3564
Mon 09 Feb 2026 19:14:41 INFO  epoch 10 training [time: 31.37s, train loss: 2047.8339]
Mon 09 Feb 2026 19:14:43 INFO  epoch 10 evaluating [time: 2.06s, valid_score: 0.340100]
Mon 09 Feb 2026 19:14:43 INFO  valid result: 
hit@10 : 0.7328    ndcg@10 : 0.4329    mrr@10 : 0.3401
Mon 09 Feb 2026 19:15:14 INFO  epoch 11 training [time: 31.65s, train loss: 2038.6206]
Mon 09 Feb 2026 19:15:16 INFO  epoch 11 evaluating [time: 2.11s, valid_score: 0.351500]
Mon 09 Feb 2026 19:15:16 INFO  valid result: 
hit@10 : 0.7402    ndcg@10 : 0.4435    mrr@10 : 0.3515
Mon 09 Feb 2026 19:15:49 INFO  epoch 12 training [time: 32.35s, train loss: 2031.6212]
Mon 09 Feb 2026 19:15:51 INFO  epoch 12 evaluating [time: 2.15s, valid_score: 0.346600]
Mon 09 Feb 2026 19:15:51 INFO  valid result: 
hit@10 : 0.7211    ndcg@10 : 0.4355    mrr@10 : 0.3466
Mon 09 Feb 2026 19:16:22 INFO  epoch 13 training [time: 31.16s, train loss: 2023.3961]
Mon 09 Feb 2026 19:16:24 INFO  epoch 13 evaluating [time: 2.04s, valid_score: 0.354700]
Mon 09 Feb 2026 19:16:24 INFO  valid result: 
hit@10 : 0.7275    ndcg@10 : 0.4431    mrr@10 : 0.3547
Mon 09 Feb 2026 19:16:55 INFO  epoch 14 training [time: 31.17s, train loss: 2018.0464]
Mon 09 Feb 2026 19:16:57 INFO  epoch 14 evaluating [time: 2.08s, valid_score: 0.338000]
Mon 09 Feb 2026 19:16:57 INFO  valid result: 
hit@10 : 0.7105    ndcg@10 : 0.4262    mrr@10 : 0.338
Mon 09 Feb 2026 19:17:28 INFO  epoch 15 training [time: 30.79s, train loss: 2011.4058]
Mon 09 Feb 2026 19:17:30 INFO  epoch 15 evaluating [time: 2.06s, valid_score: 0.361200]
Mon 09 Feb 2026 19:17:30 INFO  valid result: 
hit@10 : 0.7264    ndcg@10 : 0.4476    mrr@10 : 0.3612
Mon 09 Feb 2026 19:17:30 INFO  Saving current: saved\TimeWeaver-Feb-09-2026_19-08-34.pth
Mon 09 Feb 2026 19:18:02 INFO  epoch 16 training [time: 31.50s, train loss: 2005.5754]
Mon 09 Feb 2026 19:18:04 INFO  epoch 16 evaluating [time: 2.08s, valid_score: 0.342400]
Mon 09 Feb 2026 19:18:04 INFO  valid result: 
hit@10 : 0.7094    ndcg@10 : 0.4297    mrr@10 : 0.3424
Mon 09 Feb 2026 19:18:35 INFO  epoch 17 training [time: 31.42s, train loss: 1999.8618]
Mon 09 Feb 2026 19:18:37 INFO  epoch 17 evaluating [time: 2.02s, valid_score: 0.338100]
Mon 09 Feb 2026 19:18:37 INFO  valid result: 
hit@10 : 0.7211    ndcg@10 : 0.4286    mrr@10 : 0.3381
Mon 09 Feb 2026 19:19:09 INFO  epoch 18 training [time: 31.26s, train loss: 1994.6262]
Mon 09 Feb 2026 19:19:11 INFO  epoch 18 evaluating [time: 2.08s, valid_score: 0.334700]
Mon 09 Feb 2026 19:19:11 INFO  valid result: 
hit@10 : 0.7116    ndcg@10 : 0.4234    mrr@10 : 0.3347
Mon 09 Feb 2026 19:19:43 INFO  epoch 19 training [time: 32.55s, train loss: 1991.2160]
Mon 09 Feb 2026 19:19:45 INFO  epoch 19 evaluating [time: 2.11s, valid_score: 0.344100]
Mon 09 Feb 2026 19:19:45 INFO  valid result: 
hit@10 : 0.7306    ndcg@10 : 0.4357    mrr@10 : 0.3441
Mon 09 Feb 2026 19:20:16 INFO  epoch 20 training [time: 31.20s, train loss: 1986.2230]
Mon 09 Feb 2026 19:20:18 INFO  epoch 20 evaluating [time: 2.01s, valid_score: 0.337400]
Mon 09 Feb 2026 19:20:18 INFO  valid result: 
hit@10 : 0.7169    ndcg@10 : 0.4274    mrr@10 : 0.3374
Mon 09 Feb 2026 19:20:49 INFO  epoch 21 training [time: 30.90s, train loss: 1982.1903]
Mon 09 Feb 2026 19:20:51 INFO  epoch 21 evaluating [time: 2.07s, valid_score: 0.338700]
Mon 09 Feb 2026 19:20:51 INFO  valid result: 
hit@10 : 0.7137    ndcg@10 : 0.4275    mrr@10 : 0.3387
Mon 09 Feb 2026 19:21:22 INFO  epoch 22 training [time: 30.88s, train loss: 1976.0360]
Mon 09 Feb 2026 19:21:24 INFO  epoch 22 evaluating [time: 2.01s, valid_score: 0.340100]
Mon 09 Feb 2026 19:21:24 INFO  valid result: 
hit@10 : 0.7137    ndcg@10 : 0.4289    mrr@10 : 0.3401
Mon 09 Feb 2026 19:21:56 INFO  epoch 23 training [time: 31.16s, train loss: 1972.6008]
Mon 09 Feb 2026 19:21:58 INFO  epoch 23 evaluating [time: 2.08s, valid_score: 0.330600]
Mon 09 Feb 2026 19:21:58 INFO  valid result: 
hit@10 : 0.6988    ndcg@10 : 0.418    mrr@10 : 0.3306
Mon 09 Feb 2026 19:22:29 INFO  epoch 24 training [time: 31.22s, train loss: 1968.1872]
Mon 09 Feb 2026 19:22:31 INFO  epoch 24 evaluating [time: 2.08s, valid_score: 0.343800]
Mon 09 Feb 2026 19:22:31 INFO  valid result: 
hit@10 : 0.7285    ndcg@10 : 0.435    mrr@10 : 0.3438
Mon 09 Feb 2026 19:23:02 INFO  epoch 25 training [time: 30.67s, train loss: 1963.6057]
Mon 09 Feb 2026 19:23:04 INFO  epoch 25 evaluating [time: 2.09s, valid_score: 0.335800]
Mon 09 Feb 2026 19:23:04 INFO  valid result: 
hit@10 : 0.7073    ndcg@10 : 0.4233    mrr@10 : 0.3358
Mon 09 Feb 2026 19:23:37 INFO  epoch 26 training [time: 32.87s, train loss: 1960.9914]
Mon 09 Feb 2026 19:23:39 INFO  epoch 26 evaluating [time: 2.11s, valid_score: 0.333000]
Mon 09 Feb 2026 19:23:39 INFO  valid result: 
hit@10 : 0.7158    ndcg@10 : 0.4237    mrr@10 : 0.333
Mon 09 Feb 2026 19:23:39 INFO  Finished training, best eval result in epoch 15
Mon 09 Feb 2026 19:23:39 INFO  Loading model structure and parameters from saved\TimeWeaver-Feb-09-2026_19-08-34.pth
Mon 09 Feb 2026 19:23:42 INFO  The running environment of this training is as follows:
+-------------+----------------+
| Environment |     Usage      |
+=============+================+
| CPU         |     2.60 %     |
+-------------+----------------+
| GPU         | 0.16 G/6.00 G  |
+-------------+----------------+
| Memory      | 1.44 G/15.63 G |
+-------------+----------------+
Mon 09 Feb 2026 19:23:42 INFO  best valid : OrderedDict([('hit@10', 0.7264), ('ndcg@10', 0.4476), ('mrr@10', 0.3612)])
Mon 09 Feb 2026 19:23:42 INFO  test result: OrderedDict([('hit@10', 0.7063), ('ndcg@10', 0.4178), ('mrr@10', 0.3287)])
