Tue 03 Feb 2026 12:51:38 INFO  ['scripts/run_grid.py', '--models', 'timeweaver', '--datasets', 'ml-100k', '--device', 'gpu', '--timeweaver-variant', 'aug']
Tue 03 Feb 2026 12:51:38 INFO  
General Hyper Parameters:
gpu_id = 0
use_gpu = True
seed = 42
state = INFO
reproducibility = True
data_path = F:\anaconda3\envs\rec39\Lib\site-packages\recbole\config\../dataset_example/ml-100k
checkpoint_dir = saved
show_progress = True
save_dataset = False
dataset_save_path = None
save_dataloaders = False
dataloaders_save_path = None
log_wandb = False

Training Hyper Parameters:
epochs = 100
train_batch_size = 256
learner = adam
learning_rate = 0.001
train_neg_sample_args = {'distribution': 'none', 'sample_num': 'none', 'alpha': 'none', 'dynamic': False, 'candidate_num': 0}
eval_step = 1
stopping_step = 10
clip_grad_norm = None
weight_decay = 0.0
loss_decimal_place = 4

Evaluation Hyper Parameters:
eval_args = {'split': {'LS': 'valid_and_test'}, 'order': 'TO', 'group_by': 'user', 'mode': {'valid': 'uni100', 'test': 'uni100'}}
repeatable = True
metrics = ['Hit', 'NDCG', 'MRR']
topk = [10]
valid_metric = MRR@10
valid_metric_bigger = True
eval_batch_size = 512
metric_decimal_place = 4

Dataset Hyper Parameters:
field_separator = 	
seq_separator =  
USER_ID_FIELD = user_id
ITEM_ID_FIELD = item_id
RATING_FIELD = rating
TIME_FIELD = timestamp
seq_len = None
LABEL_FIELD = label
threshold = None
NEG_PREFIX = neg_
load_col = {'inter': ['user_id', 'item_id', 'rating', 'timestamp'], 'user': ['user_id', 'age', 'gender', 'occupation', 'zip_code'], 'item': ['item_id', 'movie_title', 'release_year', 'class']}
unload_col = None
unused_col = None
additional_feat_suffix = None
rm_dup_inter = None
val_interval = None
filter_inter_by_user_or_item = True
user_inter_num_interval = None
item_inter_num_interval = None
alias_of_user_id = None
alias_of_item_id = None
alias_of_entity_id = None
alias_of_relation_id = None
preload_weight = None
normalize_field = None
normalize_all = True
ITEM_LIST_LENGTH_FIELD = item_length
LIST_SUFFIX = _list
MAX_ITEM_LIST_LENGTH = 32
POSITION_FIELD = position_id
HEAD_ENTITY_ID_FIELD = head_id
TAIL_ENTITY_ID_FIELD = tail_id
RELATION_ID_FIELD = relation_id
ENTITY_ID_FIELD = entity_id
kg_reverse_r = False
entity_kg_num_interval = None
relation_kg_num_interval = None
benchmark_filename = None

Other Hyper Parameters: 
worker = 0
wandb_project = recbole
shuffle = True
require_pow = False
enable_amp = False
enable_scaler = False
transform = None
numerical_features = []
discretization = None
MODEL_TYPE = ModelType.SEQUENTIAL
model_name = TimeWeaver
hidden_size = 64
num_layers = 2
hidden_dropout_prob = 0.5
initializer_range = 0.02
time_bucket_size = 1000
ema_decay = 0.1
tcn_kernel_size = -1
ffn_hidden_size = 256
loss_type = CE
early_stop = 10
neg_sampling = None
device = cuda
use_continuous_time = True
use_time_gate = True
use_time_augmentation = True
MODEL_INPUT_TYPE = InputType.POINTWISE
eval_type = EvaluatorType.RANKING
single_spec = True
local_rank = 0
valid_neg_sample_args = {'distribution': 'uniform', 'sample_num': 100}
test_neg_sample_args = {'distribution': 'uniform', 'sample_num': 100}


Tue 03 Feb 2026 12:51:38 INFO  ml-100k
The number of users: 944
Average actions of users: 106.04453870625663
The number of items: 1683
Average actions of items: 59.45303210463734
The number of inters: 100000
The sparsity of the dataset: 93.70575143257098%
Remain Fields: ['user_id', 'item_id', 'rating', 'timestamp', 'age', 'gender', 'occupation', 'zip_code', 'movie_title', 'release_year', 'class']
Tue 03 Feb 2026 12:51:40 INFO  [Training]: train_batch_size = [256] train_neg_sample_args: [{'distribution': 'none', 'sample_num': 'none', 'alpha': 'none', 'dynamic': False, 'candidate_num': 0}]
Tue 03 Feb 2026 12:51:40 INFO  [Evaluation]: eval_batch_size = [512] eval_args: [{'split': {'LS': 'valid_and_test'}, 'order': 'TO', 'group_by': 'user', 'mode': {'valid': 'uni100', 'test': 'uni100'}}]
Tue 03 Feb 2026 12:51:40 INFO  TimeWeaver(
  (item_embedding): Embedding(1683, 64, padding_idx=0)
  (time_aug): TimeAwareAugmentation(
    (pos_embedding): Embedding(32, 64)
    (time_embedder): ContinuousTimeEmbedding(
      (time2vec): Time2Vec()
    )
    (time_gate): TimeGate(
      (net): Sequential(
        (0): Linear(in_features=64, out_features=16, bias=True)
        (1): GELU(approximate='none')
        (2): Linear(in_features=16, out_features=64, bias=True)
        (3): Sigmoid()
      )
    )
    (layer_norm): LayerNorm((64,), eps=1e-05, elementwise_affine=True)
    (drop): Dropout(p=0.5, inplace=False)
  )
  (context_layers): ModuleList(
    (0-1): 2 x TCNNextBlock(
      (dw): DepthwiseConv1d(
        (conv): Conv1d(64, 64, kernel_size=(11,), stride=(1,), padding=(5,), groups=64)
        (bn): BatchNorm1d(64, eps=1e-05, momentum=0.1, affine=True, track_running_stats=True)
        (drop): Dropout(p=0.5, inplace=False)
      )
      (norm1): LayerNorm((64,), eps=1e-05, elementwise_affine=True)
      (conv_inter): ParallelConvInter(
        (conv1): Conv1d(64, 64, kernel_size=(1,), stride=(1,))
        (conv3): Conv1d(64, 64, kernel_size=(3,), stride=(1,), padding=(1,))
        (proj): Conv1d(64, 64, kernel_size=(1,), stride=(1,))
        (drop): Dropout(p=0.5, inplace=False)
      )
      (norm2): LayerNorm((64,), eps=1e-05, elementwise_affine=True)
      (ffn): Sequential(
        (0): Linear(in_features=64, out_features=256, bias=True)
        (1): GELU(approximate='none')
        (2): Dropout(p=0.5, inplace=False)
        (3): Linear(in_features=256, out_features=64, bias=True)
        (4): Dropout(p=0.5, inplace=False)
      )
      (norm3): LayerNorm((64,), eps=1e-05, elementwise_affine=True)
    )
  )
  (dynamic_layers): ModuleList(
    (0-1): 2 x EMAStream(
      (proj): Linear(in_features=64, out_features=64, bias=True)
    )
  )
  (weavers): ModuleList(
    (0-1): 2 x StreamWeaver(
      (proj): Linear(in_features=128, out_features=64, bias=True)
      (norm): LayerNorm((64,), eps=1e-05, elementwise_affine=True)
    )
  )
  (loss_fct): CrossEntropyLoss()
)
Trainable parameters: 247313.0
Tue 03 Feb 2026 12:51:40 INFO  FLOPs: 4362240.0
Tue 03 Feb 2026 12:53:08 INFO  epoch 0 training [time: 87.13s, train loss: 2563.3731]
Tue 03 Feb 2026 12:53:11 INFO  epoch 0 evaluating [time: 2.51s, valid_score: 0.285300]
Tue 03 Feb 2026 12:53:11 INFO  valid result: 
hit@10 : 0.6766    ndcg@10 : 0.3771    mrr@10 : 0.2853
Tue 03 Feb 2026 12:53:11 INFO  Saving current: saved\TimeWeaver-Feb-03-2026_12-51-40.pth
Tue 03 Feb 2026 12:54:33 INFO  epoch 1 training [time: 81.89s, train loss: 2355.7112]
Tue 03 Feb 2026 12:54:35 INFO  epoch 1 evaluating [time: 2.40s, valid_score: 0.319400]
Tue 03 Feb 2026 12:54:35 INFO  valid result: 
hit@10 : 0.7073    ndcg@10 : 0.4107    mrr@10 : 0.3194
Tue 03 Feb 2026 12:54:35 INFO  Saving current: saved\TimeWeaver-Feb-03-2026_12-51-40.pth
Tue 03 Feb 2026 12:55:59 INFO  epoch 2 training [time: 84.13s, train loss: 2310.8736]
Tue 03 Feb 2026 12:56:02 INFO  epoch 2 evaluating [time: 2.42s, valid_score: 0.325500]
Tue 03 Feb 2026 12:56:02 INFO  valid result: 
hit@10 : 0.7126    ndcg@10 : 0.4166    mrr@10 : 0.3255
Tue 03 Feb 2026 12:56:02 INFO  Saving current: saved\TimeWeaver-Feb-03-2026_12-51-40.pth
Tue 03 Feb 2026 12:57:24 INFO  epoch 3 training [time: 82.55s, train loss: 2284.8710]
Tue 03 Feb 2026 12:57:27 INFO  epoch 3 evaluating [time: 2.47s, valid_score: 0.321100]
Tue 03 Feb 2026 12:57:27 INFO  valid result: 
hit@10 : 0.7116    ndcg@10 : 0.4132    mrr@10 : 0.3211
Tue 03 Feb 2026 12:58:50 INFO  epoch 4 training [time: 83.13s, train loss: 2265.3295]
Tue 03 Feb 2026 12:58:52 INFO  epoch 4 evaluating [time: 2.41s, valid_score: 0.338500]
Tue 03 Feb 2026 12:58:52 INFO  valid result: 
hit@10 : 0.7285    ndcg@10 : 0.4305    mrr@10 : 0.3385
Tue 03 Feb 2026 12:58:52 INFO  Saving current: saved\TimeWeaver-Feb-03-2026_12-51-40.pth
Tue 03 Feb 2026 13:00:14 INFO  epoch 5 training [time: 81.07s, train loss: 2251.0935]
Tue 03 Feb 2026 13:00:16 INFO  epoch 5 evaluating [time: 2.16s, valid_score: 0.334300]
Tue 03 Feb 2026 13:00:16 INFO  valid result: 
hit@10 : 0.7232    ndcg@10 : 0.4263    mrr@10 : 0.3343
Tue 03 Feb 2026 13:01:36 INFO  epoch 6 training [time: 80.77s, train loss: 2239.4748]
Tue 03 Feb 2026 13:01:39 INFO  epoch 6 evaluating [time: 2.31s, valid_score: 0.332700]
Tue 03 Feb 2026 13:01:39 INFO  valid result: 
hit@10 : 0.7317    ndcg@10 : 0.4269    mrr@10 : 0.3327
Tue 03 Feb 2026 13:03:04 INFO  epoch 7 training [time: 85.48s, train loss: 2228.6111]
Tue 03 Feb 2026 13:03:07 INFO  epoch 7 evaluating [time: 2.79s, valid_score: 0.342900]
Tue 03 Feb 2026 13:03:07 INFO  valid result: 
hit@10 : 0.7306    ndcg@10 : 0.4348    mrr@10 : 0.3429
Tue 03 Feb 2026 13:03:07 INFO  Saving current: saved\TimeWeaver-Feb-03-2026_12-51-40.pth
Tue 03 Feb 2026 13:04:30 INFO  epoch 8 training [time: 82.50s, train loss: 2220.1527]
Tue 03 Feb 2026 13:04:32 INFO  epoch 8 evaluating [time: 2.27s, valid_score: 0.348800]
Tue 03 Feb 2026 13:04:32 INFO  valid result: 
hit@10 : 0.72    ndcg@10 : 0.4373    mrr@10 : 0.3488
Tue 03 Feb 2026 13:04:32 INFO  Saving current: saved\TimeWeaver-Feb-03-2026_12-51-40.pth
Tue 03 Feb 2026 13:05:51 INFO  epoch 9 training [time: 78.99s, train loss: 2212.6884]
Tue 03 Feb 2026 13:05:53 INFO  epoch 9 evaluating [time: 2.11s, valid_score: 0.353700]
Tue 03 Feb 2026 13:05:53 INFO  valid result: 
hit@10 : 0.7359    ndcg@10 : 0.4438    mrr@10 : 0.3537
Tue 03 Feb 2026 13:05:53 INFO  Saving current: saved\TimeWeaver-Feb-03-2026_12-51-40.pth
Tue 03 Feb 2026 13:07:13 INFO  epoch 10 training [time: 79.71s, train loss: 2205.4005]
Tue 03 Feb 2026 13:07:15 INFO  epoch 10 evaluating [time: 2.31s, valid_score: 0.343700]
Tue 03 Feb 2026 13:07:15 INFO  valid result: 
hit@10 : 0.7222    ndcg@10 : 0.4334    mrr@10 : 0.3437
Tue 03 Feb 2026 13:08:35 INFO  epoch 11 training [time: 80.04s, train loss: 2199.3642]
Tue 03 Feb 2026 13:08:37 INFO  epoch 11 evaluating [time: 2.26s, valid_score: 0.343700]
Tue 03 Feb 2026 13:08:37 INFO  valid result: 
hit@10 : 0.7317    ndcg@10 : 0.4354    mrr@10 : 0.3437
Tue 03 Feb 2026 13:09:58 INFO  epoch 12 training [time: 80.49s, train loss: 2194.3390]
Tue 03 Feb 2026 13:10:00 INFO  epoch 12 evaluating [time: 2.46s, valid_score: 0.344300]
Tue 03 Feb 2026 13:10:00 INFO  valid result: 
hit@10 : 0.7275    ndcg@10 : 0.435    mrr@10 : 0.3443
Tue 03 Feb 2026 13:11:26 INFO  epoch 13 training [time: 85.96s, train loss: 2189.4244]
Tue 03 Feb 2026 13:11:29 INFO  epoch 13 evaluating [time: 2.35s, valid_score: 0.359300]
Tue 03 Feb 2026 13:11:29 INFO  valid result: 
hit@10 : 0.7169    ndcg@10 : 0.4439    mrr@10 : 0.3593
Tue 03 Feb 2026 13:11:29 INFO  Saving current: saved\TimeWeaver-Feb-03-2026_12-51-40.pth
Tue 03 Feb 2026 13:12:53 INFO  epoch 14 training [time: 84.66s, train loss: 2184.6165]
Tue 03 Feb 2026 13:12:56 INFO  epoch 14 evaluating [time: 2.33s, valid_score: 0.355800]
Tue 03 Feb 2026 13:12:56 INFO  valid result: 
hit@10 : 0.7317    ndcg@10 : 0.4444    mrr@10 : 0.3558
Tue 03 Feb 2026 13:14:18 INFO  epoch 15 training [time: 82.88s, train loss: 2180.6069]
Tue 03 Feb 2026 13:14:21 INFO  epoch 15 evaluating [time: 2.47s, valid_score: 0.356900]
Tue 03 Feb 2026 13:14:21 INFO  valid result: 
hit@10 : 0.7423    ndcg@10 : 0.448    mrr@10 : 0.3569
Tue 03 Feb 2026 13:15:45 INFO  epoch 16 training [time: 84.08s, train loss: 2176.6220]
Tue 03 Feb 2026 13:15:47 INFO  epoch 16 evaluating [time: 2.37s, valid_score: 0.354300]
Tue 03 Feb 2026 13:15:47 INFO  valid result: 
hit@10 : 0.7328    ndcg@10 : 0.4436    mrr@10 : 0.3543
Tue 03 Feb 2026 13:17:08 INFO  epoch 17 training [time: 80.68s, train loss: 2172.9570]
Tue 03 Feb 2026 13:17:10 INFO  epoch 17 evaluating [time: 2.31s, valid_score: 0.352900]
Tue 03 Feb 2026 13:17:10 INFO  valid result: 
hit@10 : 0.7497    ndcg@10 : 0.4465    mrr@10 : 0.3529
Tue 03 Feb 2026 13:18:33 INFO  epoch 18 training [time: 82.13s, train loss: 2169.1036]
Tue 03 Feb 2026 13:18:35 INFO  epoch 18 evaluating [time: 2.41s, valid_score: 0.354000]
Tue 03 Feb 2026 13:18:35 INFO  valid result: 
hit@10 : 0.7349    ndcg@10 : 0.4437    mrr@10 : 0.354
Tue 03 Feb 2026 13:19:52 INFO  epoch 19 training [time: 77.43s, train loss: 2166.1099]
Tue 03 Feb 2026 13:19:54 INFO  epoch 19 evaluating [time: 2.07s, valid_score: 0.347400]
Tue 03 Feb 2026 13:19:54 INFO  valid result: 
hit@10 : 0.7296    ndcg@10 : 0.4382    mrr@10 : 0.3474
Tue 03 Feb 2026 13:21:06 INFO  epoch 20 training [time: 72.01s, train loss: 2161.8408]
Tue 03 Feb 2026 13:21:09 INFO  epoch 20 evaluating [time: 2.09s, valid_score: 0.349300]
Tue 03 Feb 2026 13:21:09 INFO  valid result: 
hit@10 : 0.7381    ndcg@10 : 0.4414    mrr@10 : 0.3493
Tue 03 Feb 2026 13:22:22 INFO  epoch 21 training [time: 73.49s, train loss: 2160.0919]
Tue 03 Feb 2026 13:22:24 INFO  epoch 21 evaluating [time: 2.15s, valid_score: 0.346800]
Tue 03 Feb 2026 13:22:24 INFO  valid result: 
hit@10 : 0.7306    ndcg@10 : 0.4375    mrr@10 : 0.3468
Tue 03 Feb 2026 13:23:38 INFO  epoch 22 training [time: 73.52s, train loss: 2156.3187]
Tue 03 Feb 2026 13:23:40 INFO  epoch 22 evaluating [time: 2.12s, valid_score: 0.347300]
Tue 03 Feb 2026 13:23:40 INFO  valid result: 
hit@10 : 0.7434    ndcg@10 : 0.4411    mrr@10 : 0.3473
Tue 03 Feb 2026 13:24:53 INFO  epoch 23 training [time: 72.82s, train loss: 2154.9695]
Tue 03 Feb 2026 13:24:55 INFO  epoch 23 evaluating [time: 2.08s, valid_score: 0.344200]
Tue 03 Feb 2026 13:24:55 INFO  valid result: 
hit@10 : 0.7338    ndcg@10 : 0.4364    mrr@10 : 0.3442
Tue 03 Feb 2026 13:26:08 INFO  epoch 24 training [time: 73.29s, train loss: 2151.4365]
Tue 03 Feb 2026 13:26:10 INFO  epoch 24 evaluating [time: 2.18s, valid_score: 0.352300]
Tue 03 Feb 2026 13:26:10 INFO  valid result: 
hit@10 : 0.7466    ndcg@10 : 0.4453    mrr@10 : 0.3523
Tue 03 Feb 2026 13:26:10 INFO  Finished training, best eval result in epoch 13
Tue 03 Feb 2026 13:26:10 INFO  Loading model structure and parameters from saved\TimeWeaver-Feb-03-2026_12-51-40.pth
Tue 03 Feb 2026 13:26:13 INFO  The running environment of this training is as follows:
+-------------+----------------+
| Environment |     Usage      |
+=============+================+
| CPU         |     3.80 %     |
+-------------+----------------+
| GPU         | 0.29 G/6.00 G  |
+-------------+----------------+
| Memory      | 0.65 G/15.63 G |
+-------------+----------------+
Tue 03 Feb 2026 13:26:13 INFO  best valid : OrderedDict([('hit@10', 0.7169), ('ndcg@10', 0.4439), ('mrr@10', 0.3593)])
Tue 03 Feb 2026 13:26:13 INFO  test result: OrderedDict([('hit@10', 0.7073), ('ndcg@10', 0.4037), ('mrr@10', 0.3101)])
Tue 03 Feb 2026 13:26:13 WARNING  command line args [--models timeweaver --datasets ml-100k --device gpu --timeweaver-variant aug] will not be used in RecBole
Tue 03 Feb 2026 13:26:13 INFO  ['scripts/run_grid.py', '--models', 'timeweaver', '--datasets', 'ml-100k', '--device', 'gpu', '--timeweaver-variant', 'aug']
Tue 03 Feb 2026 13:26:13 INFO  
General Hyper Parameters:
gpu_id = 0
use_gpu = True
seed = 2023
state = INFO
reproducibility = True
data_path = F:\anaconda3\envs\rec39\Lib\site-packages\recbole\config\../dataset_example/ml-100k
checkpoint_dir = saved
show_progress = True
save_dataset = False
dataset_save_path = None
save_dataloaders = False
dataloaders_save_path = None
log_wandb = False

Training Hyper Parameters:
epochs = 100
train_batch_size = 256
learner = adam
learning_rate = 0.001
train_neg_sample_args = {'distribution': 'none', 'sample_num': 'none', 'alpha': 'none', 'dynamic': False, 'candidate_num': 0}
eval_step = 1
stopping_step = 10
clip_grad_norm = None
weight_decay = 0.0
loss_decimal_place = 4

Evaluation Hyper Parameters:
eval_args = {'split': {'LS': 'valid_and_test'}, 'order': 'TO', 'group_by': 'user', 'mode': {'valid': 'uni100', 'test': 'uni100'}}
repeatable = True
metrics = ['Hit', 'NDCG', 'MRR']
topk = [10]
valid_metric = MRR@10
valid_metric_bigger = True
eval_batch_size = 512
metric_decimal_place = 4

Dataset Hyper Parameters:
field_separator = 	
seq_separator =  
USER_ID_FIELD = user_id
ITEM_ID_FIELD = item_id
RATING_FIELD = rating
TIME_FIELD = timestamp
seq_len = None
LABEL_FIELD = label
threshold = None
NEG_PREFIX = neg_
load_col = {'inter': ['user_id', 'item_id', 'rating', 'timestamp'], 'user': ['user_id', 'age', 'gender', 'occupation', 'zip_code'], 'item': ['item_id', 'movie_title', 'release_year', 'class']}
unload_col = None
unused_col = None
additional_feat_suffix = None
rm_dup_inter = None
val_interval = None
filter_inter_by_user_or_item = True
user_inter_num_interval = None
item_inter_num_interval = None
alias_of_user_id = None
alias_of_item_id = None
alias_of_entity_id = None
alias_of_relation_id = None
preload_weight = None
normalize_field = None
normalize_all = True
ITEM_LIST_LENGTH_FIELD = item_length
LIST_SUFFIX = _list
MAX_ITEM_LIST_LENGTH = 32
POSITION_FIELD = position_id
HEAD_ENTITY_ID_FIELD = head_id
TAIL_ENTITY_ID_FIELD = tail_id
RELATION_ID_FIELD = relation_id
ENTITY_ID_FIELD = entity_id
kg_reverse_r = False
entity_kg_num_interval = None
relation_kg_num_interval = None
benchmark_filename = None

Other Hyper Parameters: 
worker = 0
wandb_project = recbole
shuffle = True
require_pow = False
enable_amp = False
enable_scaler = False
transform = None
numerical_features = []
discretization = None
MODEL_TYPE = ModelType.SEQUENTIAL
model_name = TimeWeaver
hidden_size = 64
num_layers = 2
hidden_dropout_prob = 0.5
initializer_range = 0.02
time_bucket_size = 1000
ema_decay = 0.1
tcn_kernel_size = -1
ffn_hidden_size = 256
loss_type = CE
early_stop = 10
neg_sampling = None
device = cuda
use_continuous_time = True
use_time_gate = True
use_time_augmentation = True
MODEL_INPUT_TYPE = InputType.POINTWISE
eval_type = EvaluatorType.RANKING
single_spec = True
local_rank = 0
valid_neg_sample_args = {'distribution': 'uniform', 'sample_num': 100}
test_neg_sample_args = {'distribution': 'uniform', 'sample_num': 100}


Tue 03 Feb 2026 13:26:14 INFO  ml-100k
The number of users: 944
Average actions of users: 106.04453870625663
The number of items: 1683
Average actions of items: 59.45303210463734
The number of inters: 100000
The sparsity of the dataset: 93.70575143257098%
Remain Fields: ['user_id', 'item_id', 'rating', 'timestamp', 'age', 'gender', 'occupation', 'zip_code', 'movie_title', 'release_year', 'class']
Tue 03 Feb 2026 13:26:15 INFO  [Training]: train_batch_size = [256] train_neg_sample_args: [{'distribution': 'none', 'sample_num': 'none', 'alpha': 'none', 'dynamic': False, 'candidate_num': 0}]
Tue 03 Feb 2026 13:26:15 INFO  [Evaluation]: eval_batch_size = [512] eval_args: [{'split': {'LS': 'valid_and_test'}, 'order': 'TO', 'group_by': 'user', 'mode': {'valid': 'uni100', 'test': 'uni100'}}]
Tue 03 Feb 2026 13:26:15 INFO  TimeWeaver(
  (item_embedding): Embedding(1683, 64, padding_idx=0)
  (time_aug): TimeAwareAugmentation(
    (pos_embedding): Embedding(32, 64)
    (time_embedder): ContinuousTimeEmbedding(
      (time2vec): Time2Vec()
    )
    (time_gate): TimeGate(
      (net): Sequential(
        (0): Linear(in_features=64, out_features=16, bias=True)
        (1): GELU(approximate='none')
        (2): Linear(in_features=16, out_features=64, bias=True)
        (3): Sigmoid()
      )
    )
    (layer_norm): LayerNorm((64,), eps=1e-05, elementwise_affine=True)
    (drop): Dropout(p=0.5, inplace=False)
  )
  (context_layers): ModuleList(
    (0-1): 2 x TCNNextBlock(
      (dw): DepthwiseConv1d(
        (conv): Conv1d(64, 64, kernel_size=(11,), stride=(1,), padding=(5,), groups=64)
        (bn): BatchNorm1d(64, eps=1e-05, momentum=0.1, affine=True, track_running_stats=True)
        (drop): Dropout(p=0.5, inplace=False)
      )
      (norm1): LayerNorm((64,), eps=1e-05, elementwise_affine=True)
      (conv_inter): ParallelConvInter(
        (conv1): Conv1d(64, 64, kernel_size=(1,), stride=(1,))
        (conv3): Conv1d(64, 64, kernel_size=(3,), stride=(1,), padding=(1,))
        (proj): Conv1d(64, 64, kernel_size=(1,), stride=(1,))
        (drop): Dropout(p=0.5, inplace=False)
      )
      (norm2): LayerNorm((64,), eps=1e-05, elementwise_affine=True)
      (ffn): Sequential(
        (0): Linear(in_features=64, out_features=256, bias=True)
        (1): GELU(approximate='none')
        (2): Dropout(p=0.5, inplace=False)
        (3): Linear(in_features=256, out_features=64, bias=True)
        (4): Dropout(p=0.5, inplace=False)
      )
      (norm3): LayerNorm((64,), eps=1e-05, elementwise_affine=True)
    )
  )
  (dynamic_layers): ModuleList(
    (0-1): 2 x EMAStream(
      (proj): Linear(in_features=64, out_features=64, bias=True)
    )
  )
  (weavers): ModuleList(
    (0-1): 2 x StreamWeaver(
      (proj): Linear(in_features=128, out_features=64, bias=True)
      (norm): LayerNorm((64,), eps=1e-05, elementwise_affine=True)
    )
  )
  (loss_fct): CrossEntropyLoss()
)
Trainable parameters: 247313.0
Tue 03 Feb 2026 13:26:15 INFO  FLOPs: 4362240.0
Tue 03 Feb 2026 13:27:30 INFO  epoch 0 training [time: 75.14s, train loss: 2565.5919]
Tue 03 Feb 2026 13:27:32 INFO  epoch 0 evaluating [time: 2.12s, valid_score: 0.286400]
Tue 03 Feb 2026 13:27:32 INFO  valid result: 
hit@10 : 0.6596    ndcg@10 : 0.3741    mrr@10 : 0.2864
Tue 03 Feb 2026 13:27:32 INFO  Saving current: saved\TimeWeaver-Feb-03-2026_13-26-15.pth
Tue 03 Feb 2026 13:28:45 INFO  epoch 1 training [time: 72.89s, train loss: 2354.5002]
Tue 03 Feb 2026 13:28:47 INFO  epoch 1 evaluating [time: 2.19s, valid_score: 0.303100]
Tue 03 Feb 2026 13:28:47 INFO  valid result: 
hit@10 : 0.7137    ndcg@10 : 0.3999    mrr@10 : 0.3031
Tue 03 Feb 2026 13:28:47 INFO  Saving current: saved\TimeWeaver-Feb-03-2026_13-26-15.pth
Tue 03 Feb 2026 13:30:01 INFO  epoch 2 training [time: 73.23s, train loss: 2310.9013]
Tue 03 Feb 2026 13:30:03 INFO  epoch 2 evaluating [time: 2.20s, valid_score: 0.322600]
Tue 03 Feb 2026 13:30:03 INFO  valid result: 
hit@10 : 0.7158    ndcg@10 : 0.4157    mrr@10 : 0.3226
Tue 03 Feb 2026 13:30:03 INFO  Saving current: saved\TimeWeaver-Feb-03-2026_13-26-15.pth
Tue 03 Feb 2026 13:31:16 INFO  epoch 3 training [time: 73.03s, train loss: 2282.2202]
Tue 03 Feb 2026 13:31:18 INFO  epoch 3 evaluating [time: 2.08s, valid_score: 0.327700]
Tue 03 Feb 2026 13:31:18 INFO  valid result: 
hit@10 : 0.7116    ndcg@10 : 0.4181    mrr@10 : 0.3277
Tue 03 Feb 2026 13:31:18 INFO  Saving current: saved\TimeWeaver-Feb-03-2026_13-26-15.pth
Tue 03 Feb 2026 13:32:31 INFO  epoch 4 training [time: 72.90s, train loss: 2262.8150]
Tue 03 Feb 2026 13:32:33 INFO  epoch 4 evaluating [time: 2.20s, valid_score: 0.337200]
Tue 03 Feb 2026 13:32:33 INFO  valid result: 
hit@10 : 0.7285    ndcg@10 : 0.4297    mrr@10 : 0.3372
Tue 03 Feb 2026 13:32:33 INFO  Saving current: saved\TimeWeaver-Feb-03-2026_13-26-15.pth
Tue 03 Feb 2026 13:33:46 INFO  epoch 5 training [time: 73.29s, train loss: 2248.0060]
Tue 03 Feb 2026 13:33:49 INFO  epoch 5 evaluating [time: 2.18s, valid_score: 0.347700]
Tue 03 Feb 2026 13:33:49 INFO  valid result: 
hit@10 : 0.7413    ndcg@10 : 0.4404    mrr@10 : 0.3477
Tue 03 Feb 2026 13:33:49 INFO  Saving current: saved\TimeWeaver-Feb-03-2026_13-26-15.pth
Tue 03 Feb 2026 13:35:02 INFO  epoch 6 training [time: 73.05s, train loss: 2235.9098]
Tue 03 Feb 2026 13:35:04 INFO  epoch 6 evaluating [time: 2.23s, valid_score: 0.345000]
Tue 03 Feb 2026 13:35:04 INFO  valid result: 
hit@10 : 0.7211    ndcg@10 : 0.4336    mrr@10 : 0.345
Tue 03 Feb 2026 13:36:18 INFO  epoch 7 training [time: 74.32s, train loss: 2226.0798]
Tue 03 Feb 2026 13:36:20 INFO  epoch 7 evaluating [time: 2.13s, valid_score: 0.333100]
Tue 03 Feb 2026 13:36:20 INFO  valid result: 
hit@10 : 0.7275    ndcg@10 : 0.4262    mrr@10 : 0.3331
Tue 03 Feb 2026 13:37:34 INFO  epoch 8 training [time: 73.25s, train loss: 2217.1030]
Tue 03 Feb 2026 13:37:36 INFO  epoch 8 evaluating [time: 2.22s, valid_score: 0.340300]
Tue 03 Feb 2026 13:37:36 INFO  valid result: 
hit@10 : 0.7413    ndcg@10 : 0.4349    mrr@10 : 0.3403
Tue 03 Feb 2026 13:38:49 INFO  epoch 9 training [time: 73.23s, train loss: 2210.6705]
Tue 03 Feb 2026 13:38:51 INFO  epoch 9 evaluating [time: 2.10s, valid_score: 0.338500]
Tue 03 Feb 2026 13:38:51 INFO  valid result: 
hit@10 : 0.7328    ndcg@10 : 0.4319    mrr@10 : 0.3385
Tue 03 Feb 2026 13:40:06 INFO  epoch 10 training [time: 75.08s, train loss: 2202.6847]
Tue 03 Feb 2026 13:40:08 INFO  epoch 10 evaluating [time: 2.16s, valid_score: 0.340800]
Tue 03 Feb 2026 13:40:08 INFO  valid result: 
hit@10 : 0.7222    ndcg@10 : 0.4311    mrr@10 : 0.3408
Tue 03 Feb 2026 13:41:21 INFO  epoch 11 training [time: 73.03s, train loss: 2197.2042]
Tue 03 Feb 2026 13:41:24 INFO  epoch 11 evaluating [time: 2.14s, valid_score: 0.345900]
Tue 03 Feb 2026 13:41:24 INFO  valid result: 
hit@10 : 0.7497    ndcg@10 : 0.441    mrr@10 : 0.3459
Tue 03 Feb 2026 13:42:38 INFO  epoch 12 training [time: 74.10s, train loss: 2191.0206]
Tue 03 Feb 2026 13:42:40 INFO  epoch 12 evaluating [time: 2.06s, valid_score: 0.350800]
Tue 03 Feb 2026 13:42:40 INFO  valid result: 
hit@10 : 0.7285    ndcg@10 : 0.4403    mrr@10 : 0.3508
Tue 03 Feb 2026 13:42:40 INFO  Saving current: saved\TimeWeaver-Feb-03-2026_13-26-15.pth
Tue 03 Feb 2026 13:43:55 INFO  epoch 13 training [time: 75.01s, train loss: 2184.9627]
Tue 03 Feb 2026 13:43:57 INFO  epoch 13 evaluating [time: 2.24s, valid_score: 0.339000]
Tue 03 Feb 2026 13:43:57 INFO  valid result: 
hit@10 : 0.7444    ndcg@10 : 0.4345    mrr@10 : 0.339
Tue 03 Feb 2026 13:45:10 INFO  epoch 14 training [time: 72.99s, train loss: 2181.5774]
Tue 03 Feb 2026 13:45:12 INFO  epoch 14 evaluating [time: 2.06s, valid_score: 0.352800]
Tue 03 Feb 2026 13:45:12 INFO  valid result: 
hit@10 : 0.7306    ndcg@10 : 0.4419    mrr@10 : 0.3528
Tue 03 Feb 2026 13:45:12 INFO  Saving current: saved\TimeWeaver-Feb-03-2026_13-26-15.pth
Tue 03 Feb 2026 13:46:26 INFO  epoch 15 training [time: 73.67s, train loss: 2176.0505]
Tue 03 Feb 2026 13:46:28 INFO  epoch 15 evaluating [time: 2.18s, valid_score: 0.346200]
Tue 03 Feb 2026 13:46:28 INFO  valid result: 
hit@10 : 0.7253    ndcg@10 : 0.4361    mrr@10 : 0.3462
Tue 03 Feb 2026 13:47:43 INFO  epoch 16 training [time: 74.59s, train loss: 2172.2595]
Tue 03 Feb 2026 13:47:45 INFO  epoch 16 evaluating [time: 2.22s, valid_score: 0.343700]
Tue 03 Feb 2026 13:47:45 INFO  valid result: 
hit@10 : 0.7285    ndcg@10 : 0.4349    mrr@10 : 0.3437
Tue 03 Feb 2026 13:48:58 INFO  epoch 17 training [time: 72.98s, train loss: 2167.7310]
Tue 03 Feb 2026 13:49:00 INFO  epoch 17 evaluating [time: 2.17s, valid_score: 0.351300]
Tue 03 Feb 2026 13:49:00 INFO  valid result: 
hit@10 : 0.7359    ndcg@10 : 0.4425    mrr@10 : 0.3513
Tue 03 Feb 2026 13:50:14 INFO  epoch 18 training [time: 73.80s, train loss: 2164.1524]
Tue 03 Feb 2026 13:50:16 INFO  epoch 18 evaluating [time: 2.22s, valid_score: 0.356000]
Tue 03 Feb 2026 13:50:16 INFO  valid result: 
hit@10 : 0.7391    ndcg@10 : 0.4467    mrr@10 : 0.356
Tue 03 Feb 2026 13:50:16 INFO  Saving current: saved\TimeWeaver-Feb-03-2026_13-26-15.pth
Tue 03 Feb 2026 13:51:30 INFO  epoch 19 training [time: 74.16s, train loss: 2160.3496]
Tue 03 Feb 2026 13:51:32 INFO  epoch 19 evaluating [time: 2.13s, valid_score: 0.342400]
Tue 03 Feb 2026 13:51:32 INFO  valid result: 
hit@10 : 0.7296    ndcg@10 : 0.4342    mrr@10 : 0.3424
Tue 03 Feb 2026 13:52:46 INFO  epoch 20 training [time: 73.45s, train loss: 2157.4025]
Tue 03 Feb 2026 13:52:48 INFO  epoch 20 evaluating [time: 2.11s, valid_score: 0.348500]
Tue 03 Feb 2026 13:52:48 INFO  valid result: 
hit@10 : 0.7413    ndcg@10 : 0.4414    mrr@10 : 0.3485
Tue 03 Feb 2026 13:54:01 INFO  epoch 21 training [time: 73.24s, train loss: 2154.5848]
Tue 03 Feb 2026 13:54:03 INFO  epoch 21 evaluating [time: 2.08s, valid_score: 0.346600]
Tue 03 Feb 2026 13:54:03 INFO  valid result: 
hit@10 : 0.737    ndcg@10 : 0.4387    mrr@10 : 0.3466
Tue 03 Feb 2026 13:55:17 INFO  epoch 22 training [time: 73.90s, train loss: 2151.1059]
Tue 03 Feb 2026 13:55:19 INFO  epoch 22 evaluating [time: 2.11s, valid_score: 0.353400]
Tue 03 Feb 2026 13:55:19 INFO  valid result: 
hit@10 : 0.7317    ndcg@10 : 0.443    mrr@10 : 0.3534
Tue 03 Feb 2026 13:56:32 INFO  epoch 23 training [time: 73.03s, train loss: 2148.7669]
Tue 03 Feb 2026 13:56:34 INFO  epoch 23 evaluating [time: 2.24s, valid_score: 0.367900]
Tue 03 Feb 2026 13:56:34 INFO  valid result: 
hit@10 : 0.7413    ndcg@10 : 0.4562    mrr@10 : 0.3679
Tue 03 Feb 2026 13:56:34 INFO  Saving current: saved\TimeWeaver-Feb-03-2026_13-26-15.pth
Tue 03 Feb 2026 13:57:48 INFO  epoch 24 training [time: 73.93s, train loss: 2145.9388]
Tue 03 Feb 2026 13:57:51 INFO  epoch 24 evaluating [time: 2.12s, valid_score: 0.353700]
Tue 03 Feb 2026 13:57:51 INFO  valid result: 
hit@10 : 0.7381    ndcg@10 : 0.4446    mrr@10 : 0.3537
Tue 03 Feb 2026 13:59:04 INFO  epoch 25 training [time: 73.35s, train loss: 2143.5080]
Tue 03 Feb 2026 13:59:06 INFO  epoch 25 evaluating [time: 2.19s, valid_score: 0.359300]
Tue 03 Feb 2026 13:59:06 INFO  valid result: 
hit@10 : 0.737    ndcg@10 : 0.4487    mrr@10 : 0.3593
Tue 03 Feb 2026 14:00:20 INFO  epoch 26 training [time: 74.31s, train loss: 2140.6229]
Tue 03 Feb 2026 14:00:23 INFO  epoch 26 evaluating [time: 2.13s, valid_score: 0.345700]
Tue 03 Feb 2026 14:00:23 INFO  valid result: 
hit@10 : 0.7328    ndcg@10 : 0.4376    mrr@10 : 0.3457
Tue 03 Feb 2026 14:01:36 INFO  epoch 27 training [time: 73.35s, train loss: 2138.1534]
Tue 03 Feb 2026 14:01:38 INFO  epoch 27 evaluating [time: 2.18s, valid_score: 0.348800]
Tue 03 Feb 2026 14:01:38 INFO  valid result: 
hit@10 : 0.7243    ndcg@10 : 0.438    mrr@10 : 0.3488
Tue 03 Feb 2026 14:02:52 INFO  epoch 28 training [time: 73.85s, train loss: 2137.0325]
Tue 03 Feb 2026 14:02:54 INFO  epoch 28 evaluating [time: 2.04s, valid_score: 0.351100]
Tue 03 Feb 2026 14:02:54 INFO  valid result: 
hit@10 : 0.7275    ndcg@10 : 0.4401    mrr@10 : 0.3511
Tue 03 Feb 2026 14:04:09 INFO  epoch 29 training [time: 74.60s, train loss: 2134.1823]
Tue 03 Feb 2026 14:04:11 INFO  epoch 29 evaluating [time: 2.11s, valid_score: 0.345800]
Tue 03 Feb 2026 14:04:11 INFO  valid result: 
hit@10 : 0.7232    ndcg@10 : 0.4351    mrr@10 : 0.3458
Tue 03 Feb 2026 14:05:23 INFO  epoch 30 training [time: 72.54s, train loss: 2132.7407]
Tue 03 Feb 2026 14:05:25 INFO  epoch 30 evaluating [time: 2.22s, valid_score: 0.347100]
Tue 03 Feb 2026 14:05:25 INFO  valid result: 
hit@10 : 0.7275    ndcg@10 : 0.437    mrr@10 : 0.3471
Tue 03 Feb 2026 14:06:39 INFO  epoch 31 training [time: 73.96s, train loss: 2129.7575]
Tue 03 Feb 2026 14:06:41 INFO  epoch 31 evaluating [time: 2.10s, valid_score: 0.350200]
Tue 03 Feb 2026 14:06:41 INFO  valid result: 
hit@10 : 0.7338    ndcg@10 : 0.4411    mrr@10 : 0.3502
Tue 03 Feb 2026 14:07:57 INFO  epoch 32 training [time: 75.08s, train loss: 2127.5426]
Tue 03 Feb 2026 14:07:59 INFO  epoch 32 evaluating [time: 2.24s, valid_score: 0.363500]
Tue 03 Feb 2026 14:07:59 INFO  valid result: 
hit@10 : 0.7359    ndcg@10 : 0.4515    mrr@10 : 0.3635
Tue 03 Feb 2026 14:09:12 INFO  epoch 33 training [time: 72.85s, train loss: 2126.2420]
Tue 03 Feb 2026 14:09:14 INFO  epoch 33 evaluating [time: 2.15s, valid_score: 0.352300]
Tue 03 Feb 2026 14:09:14 INFO  valid result: 
hit@10 : 0.7359    ndcg@10 : 0.4429    mrr@10 : 0.3523
Tue 03 Feb 2026 14:10:28 INFO  epoch 34 training [time: 73.94s, train loss: 2124.9043]
Tue 03 Feb 2026 14:10:30 INFO  epoch 34 evaluating [time: 2.08s, valid_score: 0.355600]
Tue 03 Feb 2026 14:10:30 INFO  valid result: 
hit@10 : 0.7253    ndcg@10 : 0.4428    mrr@10 : 0.3556
Tue 03 Feb 2026 14:10:30 INFO  Finished training, best eval result in epoch 23
Tue 03 Feb 2026 14:10:30 INFO  Loading model structure and parameters from saved\TimeWeaver-Feb-03-2026_13-26-15.pth
Tue 03 Feb 2026 14:10:33 INFO  The running environment of this training is as follows:
+-------------+----------------+
| Environment |     Usage      |
+=============+================+
| CPU         |     3.30 %     |
+-------------+----------------+
| GPU         | 0.29 G/6.00 G  |
+-------------+----------------+
| Memory      | 0.65 G/15.63 G |
+-------------+----------------+
Tue 03 Feb 2026 14:10:33 INFO  best valid : OrderedDict([('hit@10', 0.7413), ('ndcg@10', 0.4562), ('mrr@10', 0.3679)])
Tue 03 Feb 2026 14:10:33 INFO  test result: OrderedDict([('hit@10', 0.701), ('ndcg@10', 0.4168), ('mrr@10', 0.3288)])
Tue 03 Feb 2026 14:10:33 WARNING  command line args [--models timeweaver --datasets ml-100k --device gpu --timeweaver-variant aug] will not be used in RecBole
Tue 03 Feb 2026 14:10:33 INFO  ['scripts/run_grid.py', '--models', 'timeweaver', '--datasets', 'ml-100k', '--device', 'gpu', '--timeweaver-variant', 'aug']
Tue 03 Feb 2026 14:10:33 INFO  
General Hyper Parameters:
gpu_id = 0
use_gpu = True
seed = 2024
state = INFO
reproducibility = True
data_path = F:\anaconda3\envs\rec39\Lib\site-packages\recbole\config\../dataset_example/ml-100k
checkpoint_dir = saved
show_progress = True
save_dataset = False
dataset_save_path = None
save_dataloaders = False
dataloaders_save_path = None
log_wandb = False

Training Hyper Parameters:
epochs = 100
train_batch_size = 256
learner = adam
learning_rate = 0.001
train_neg_sample_args = {'distribution': 'none', 'sample_num': 'none', 'alpha': 'none', 'dynamic': False, 'candidate_num': 0}
eval_step = 1
stopping_step = 10
clip_grad_norm = None
weight_decay = 0.0
loss_decimal_place = 4

Evaluation Hyper Parameters:
eval_args = {'split': {'LS': 'valid_and_test'}, 'order': 'TO', 'group_by': 'user', 'mode': {'valid': 'uni100', 'test': 'uni100'}}
repeatable = True
metrics = ['Hit', 'NDCG', 'MRR']
topk = [10]
valid_metric = MRR@10
valid_metric_bigger = True
eval_batch_size = 512
metric_decimal_place = 4

Dataset Hyper Parameters:
field_separator = 	
seq_separator =  
USER_ID_FIELD = user_id
ITEM_ID_FIELD = item_id
RATING_FIELD = rating
TIME_FIELD = timestamp
seq_len = None
LABEL_FIELD = label
threshold = None
NEG_PREFIX = neg_
load_col = {'inter': ['user_id', 'item_id', 'rating', 'timestamp'], 'user': ['user_id', 'age', 'gender', 'occupation', 'zip_code'], 'item': ['item_id', 'movie_title', 'release_year', 'class']}
unload_col = None
unused_col = None
additional_feat_suffix = None
rm_dup_inter = None
val_interval = None
filter_inter_by_user_or_item = True
user_inter_num_interval = None
item_inter_num_interval = None
alias_of_user_id = None
alias_of_item_id = None
alias_of_entity_id = None
alias_of_relation_id = None
preload_weight = None
normalize_field = None
normalize_all = True
ITEM_LIST_LENGTH_FIELD = item_length
LIST_SUFFIX = _list
MAX_ITEM_LIST_LENGTH = 32
POSITION_FIELD = position_id
HEAD_ENTITY_ID_FIELD = head_id
TAIL_ENTITY_ID_FIELD = tail_id
RELATION_ID_FIELD = relation_id
ENTITY_ID_FIELD = entity_id
kg_reverse_r = False
entity_kg_num_interval = None
relation_kg_num_interval = None
benchmark_filename = None

Other Hyper Parameters: 
worker = 0
wandb_project = recbole
shuffle = True
require_pow = False
enable_amp = False
enable_scaler = False
transform = None
numerical_features = []
discretization = None
MODEL_TYPE = ModelType.SEQUENTIAL
model_name = TimeWeaver
hidden_size = 64
num_layers = 2
hidden_dropout_prob = 0.5
initializer_range = 0.02
time_bucket_size = 1000
ema_decay = 0.1
tcn_kernel_size = -1
ffn_hidden_size = 256
loss_type = CE
early_stop = 10
neg_sampling = None
device = cuda
use_continuous_time = True
use_time_gate = True
use_time_augmentation = True
MODEL_INPUT_TYPE = InputType.POINTWISE
eval_type = EvaluatorType.RANKING
single_spec = True
local_rank = 0
valid_neg_sample_args = {'distribution': 'uniform', 'sample_num': 100}
test_neg_sample_args = {'distribution': 'uniform', 'sample_num': 100}


Tue 03 Feb 2026 14:10:33 INFO  ml-100k
The number of users: 944
Average actions of users: 106.04453870625663
The number of items: 1683
Average actions of items: 59.45303210463734
The number of inters: 100000
The sparsity of the dataset: 93.70575143257098%
Remain Fields: ['user_id', 'item_id', 'rating', 'timestamp', 'age', 'gender', 'occupation', 'zip_code', 'movie_title', 'release_year', 'class']
Tue 03 Feb 2026 14:10:35 INFO  [Training]: train_batch_size = [256] train_neg_sample_args: [{'distribution': 'none', 'sample_num': 'none', 'alpha': 'none', 'dynamic': False, 'candidate_num': 0}]
Tue 03 Feb 2026 14:10:35 INFO  [Evaluation]: eval_batch_size = [512] eval_args: [{'split': {'LS': 'valid_and_test'}, 'order': 'TO', 'group_by': 'user', 'mode': {'valid': 'uni100', 'test': 'uni100'}}]
Tue 03 Feb 2026 14:10:35 INFO  TimeWeaver(
  (item_embedding): Embedding(1683, 64, padding_idx=0)
  (time_aug): TimeAwareAugmentation(
    (pos_embedding): Embedding(32, 64)
    (time_embedder): ContinuousTimeEmbedding(
      (time2vec): Time2Vec()
    )
    (time_gate): TimeGate(
      (net): Sequential(
        (0): Linear(in_features=64, out_features=16, bias=True)
        (1): GELU(approximate='none')
        (2): Linear(in_features=16, out_features=64, bias=True)
        (3): Sigmoid()
      )
    )
    (layer_norm): LayerNorm((64,), eps=1e-05, elementwise_affine=True)
    (drop): Dropout(p=0.5, inplace=False)
  )
  (context_layers): ModuleList(
    (0-1): 2 x TCNNextBlock(
      (dw): DepthwiseConv1d(
        (conv): Conv1d(64, 64, kernel_size=(11,), stride=(1,), padding=(5,), groups=64)
        (bn): BatchNorm1d(64, eps=1e-05, momentum=0.1, affine=True, track_running_stats=True)
        (drop): Dropout(p=0.5, inplace=False)
      )
      (norm1): LayerNorm((64,), eps=1e-05, elementwise_affine=True)
      (conv_inter): ParallelConvInter(
        (conv1): Conv1d(64, 64, kernel_size=(1,), stride=(1,))
        (conv3): Conv1d(64, 64, kernel_size=(3,), stride=(1,), padding=(1,))
        (proj): Conv1d(64, 64, kernel_size=(1,), stride=(1,))
        (drop): Dropout(p=0.5, inplace=False)
      )
      (norm2): LayerNorm((64,), eps=1e-05, elementwise_affine=True)
      (ffn): Sequential(
        (0): Linear(in_features=64, out_features=256, bias=True)
        (1): GELU(approximate='none')
        (2): Dropout(p=0.5, inplace=False)
        (3): Linear(in_features=256, out_features=64, bias=True)
        (4): Dropout(p=0.5, inplace=False)
      )
      (norm3): LayerNorm((64,), eps=1e-05, elementwise_affine=True)
    )
  )
  (dynamic_layers): ModuleList(
    (0-1): 2 x EMAStream(
      (proj): Linear(in_features=64, out_features=64, bias=True)
    )
  )
  (weavers): ModuleList(
    (0-1): 2 x StreamWeaver(
      (proj): Linear(in_features=128, out_features=64, bias=True)
      (norm): LayerNorm((64,), eps=1e-05, elementwise_affine=True)
    )
  )
  (loss_fct): CrossEntropyLoss()
)
Trainable parameters: 247313.0
Tue 03 Feb 2026 14:10:35 INFO  FLOPs: 4362240.0
Tue 03 Feb 2026 14:11:51 INFO  epoch 0 training [time: 76.71s, train loss: 2565.8202]
Tue 03 Feb 2026 14:11:54 INFO  epoch 0 evaluating [time: 2.26s, valid_score: 0.285500]
Tue 03 Feb 2026 14:11:54 INFO  valid result: 
hit@10 : 0.6797    ndcg@10 : 0.3781    mrr@10 : 0.2855
Tue 03 Feb 2026 14:11:54 INFO  Saving current: saved\TimeWeaver-Feb-03-2026_14-10-35.pth
Tue 03 Feb 2026 14:13:06 INFO  epoch 1 training [time: 72.87s, train loss: 2352.1465]
Tue 03 Feb 2026 14:13:09 INFO  epoch 1 evaluating [time: 2.16s, valid_score: 0.321800]
Tue 03 Feb 2026 14:13:09 INFO  valid result: 
hit@10 : 0.7105    ndcg@10 : 0.4133    mrr@10 : 0.3218
Tue 03 Feb 2026 14:13:09 INFO  Saving current: saved\TimeWeaver-Feb-03-2026_14-10-35.pth
Tue 03 Feb 2026 14:14:23 INFO  epoch 2 training [time: 73.96s, train loss: 2309.3984]
Tue 03 Feb 2026 14:14:25 INFO  epoch 2 evaluating [time: 2.21s, valid_score: 0.326900]
Tue 03 Feb 2026 14:14:25 INFO  valid result: 
hit@10 : 0.7169    ndcg@10 : 0.4187    mrr@10 : 0.3269
Tue 03 Feb 2026 14:14:25 INFO  Saving current: saved\TimeWeaver-Feb-03-2026_14-10-35.pth
Tue 03 Feb 2026 14:15:39 INFO  epoch 3 training [time: 74.60s, train loss: 2285.1547]
Tue 03 Feb 2026 14:15:42 INFO  epoch 3 evaluating [time: 2.29s, valid_score: 0.334600]
Tue 03 Feb 2026 14:15:42 INFO  valid result: 
hit@10 : 0.7222    ndcg@10 : 0.4262    mrr@10 : 0.3346
Tue 03 Feb 2026 14:15:42 INFO  Saving current: saved\TimeWeaver-Feb-03-2026_14-10-35.pth
Tue 03 Feb 2026 14:16:55 INFO  epoch 4 training [time: 73.24s, train loss: 2264.6058]
Tue 03 Feb 2026 14:16:57 INFO  epoch 4 evaluating [time: 2.22s, valid_score: 0.331900]
Tue 03 Feb 2026 14:16:57 INFO  valid result: 
hit@10 : 0.7296    ndcg@10 : 0.426    mrr@10 : 0.3319
Tue 03 Feb 2026 14:18:11 INFO  epoch 5 training [time: 73.74s, train loss: 2250.3219]
Tue 03 Feb 2026 14:18:13 INFO  epoch 5 evaluating [time: 2.22s, valid_score: 0.343700]
Tue 03 Feb 2026 14:18:13 INFO  valid result: 
hit@10 : 0.7285    ndcg@10 : 0.4347    mrr@10 : 0.3437
Tue 03 Feb 2026 14:18:13 INFO  Saving current: saved\TimeWeaver-Feb-03-2026_14-10-35.pth
Tue 03 Feb 2026 14:19:28 INFO  epoch 6 training [time: 74.49s, train loss: 2237.9439]
Tue 03 Feb 2026 14:19:30 INFO  epoch 6 evaluating [time: 2.22s, valid_score: 0.358000]
Tue 03 Feb 2026 14:19:30 INFO  valid result: 
hit@10 : 0.7285    ndcg@10 : 0.4456    mrr@10 : 0.358
Tue 03 Feb 2026 14:19:30 INFO  Saving current: saved\TimeWeaver-Feb-03-2026_14-10-35.pth
Tue 03 Feb 2026 14:20:44 INFO  epoch 7 training [time: 73.77s, train loss: 2227.5569]
Tue 03 Feb 2026 14:20:46 INFO  epoch 7 evaluating [time: 2.21s, valid_score: 0.343100]
Tue 03 Feb 2026 14:20:46 INFO  valid result: 
hit@10 : 0.7253    ndcg@10 : 0.4336    mrr@10 : 0.3431
Tue 03 Feb 2026 14:22:00 INFO  epoch 8 training [time: 73.79s, train loss: 2218.2378]
Tue 03 Feb 2026 14:22:02 INFO  epoch 8 evaluating [time: 2.26s, valid_score: 0.340400]
Tue 03 Feb 2026 14:22:02 INFO  valid result: 
hit@10 : 0.7275    ndcg@10 : 0.432    mrr@10 : 0.3404
Tue 03 Feb 2026 14:23:15 INFO  epoch 9 training [time: 73.49s, train loss: 2210.5126]
Tue 03 Feb 2026 14:23:18 INFO  epoch 9 evaluating [time: 2.20s, valid_score: 0.339900]
Tue 03 Feb 2026 14:23:18 INFO  valid result: 
hit@10 : 0.7285    ndcg@10 : 0.4319    mrr@10 : 0.3399
Tue 03 Feb 2026 14:24:31 INFO  epoch 10 training [time: 73.37s, train loss: 2203.7407]
Tue 03 Feb 2026 14:24:33 INFO  epoch 10 evaluating [time: 2.22s, valid_score: 0.354200]
Tue 03 Feb 2026 14:24:33 INFO  valid result: 
hit@10 : 0.7243    ndcg@10 : 0.4421    mrr@10 : 0.3542
Tue 03 Feb 2026 14:25:47 INFO  epoch 11 training [time: 73.51s, train loss: 2198.4334]
Tue 03 Feb 2026 14:25:49 INFO  epoch 11 evaluating [time: 2.21s, valid_score: 0.352500]
Tue 03 Feb 2026 14:25:49 INFO  valid result: 
hit@10 : 0.7413    ndcg@10 : 0.4447    mrr@10 : 0.3525
Tue 03 Feb 2026 14:27:03 INFO  epoch 12 training [time: 73.69s, train loss: 2191.7605]
Tue 03 Feb 2026 14:27:05 INFO  epoch 12 evaluating [time: 2.13s, valid_score: 0.352700]
Tue 03 Feb 2026 14:27:05 INFO  valid result: 
hit@10 : 0.737    ndcg@10 : 0.4438    mrr@10 : 0.3527
Tue 03 Feb 2026 14:28:19 INFO  epoch 13 training [time: 74.25s, train loss: 2186.7977]
Tue 03 Feb 2026 14:28:21 INFO  epoch 13 evaluating [time: 2.14s, valid_score: 0.344600]
Tue 03 Feb 2026 14:28:21 INFO  valid result: 
hit@10 : 0.7328    ndcg@10 : 0.4361    mrr@10 : 0.3446
Tue 03 Feb 2026 14:29:34 INFO  epoch 14 training [time: 73.15s, train loss: 2181.5420]
Tue 03 Feb 2026 14:29:37 INFO  epoch 14 evaluating [time: 2.23s, valid_score: 0.354000]
Tue 03 Feb 2026 14:29:37 INFO  valid result: 
hit@10 : 0.7275    ndcg@10 : 0.4426    mrr@10 : 0.354
Tue 03 Feb 2026 14:30:50 INFO  epoch 15 training [time: 73.55s, train loss: 2176.9143]
Tue 03 Feb 2026 14:30:52 INFO  epoch 15 evaluating [time: 2.14s, valid_score: 0.347600]
Tue 03 Feb 2026 14:30:52 INFO  valid result: 
hit@10 : 0.7423    ndcg@10 : 0.4408    mrr@10 : 0.3476
Tue 03 Feb 2026 14:32:07 INFO  epoch 16 training [time: 74.96s, train loss: 2172.8142]
Tue 03 Feb 2026 14:32:09 INFO  epoch 16 evaluating [time: 2.12s, valid_score: 0.351300]
Tue 03 Feb 2026 14:32:09 INFO  valid result: 
hit@10 : 0.7413    ndcg@10 : 0.4432    mrr@10 : 0.3513
Tue 03 Feb 2026 14:33:23 INFO  epoch 17 training [time: 73.48s, train loss: 2169.0819]
Tue 03 Feb 2026 14:33:25 INFO  epoch 17 evaluating [time: 2.27s, valid_score: 0.347800]
Tue 03 Feb 2026 14:33:25 INFO  valid result: 
hit@10 : 0.737    ndcg@10 : 0.4398    mrr@10 : 0.3478
Tue 03 Feb 2026 14:33:25 INFO  Finished training, best eval result in epoch 6
Tue 03 Feb 2026 14:33:25 INFO  Loading model structure and parameters from saved\TimeWeaver-Feb-03-2026_14-10-35.pth
Tue 03 Feb 2026 14:33:28 INFO  The running environment of this training is as follows:
+-------------+----------------+
| Environment |     Usage      |
+=============+================+
| CPU         |     8.50 %     |
+-------------+----------------+
| GPU         | 0.29 G/6.00 G  |
+-------------+----------------+
| Memory      | 0.65 G/15.63 G |
+-------------+----------------+
Tue 03 Feb 2026 14:33:28 INFO  best valid : OrderedDict([('hit@10', 0.7285), ('ndcg@10', 0.4456), ('mrr@10', 0.358)])
Tue 03 Feb 2026 14:33:28 INFO  test result: OrderedDict([('hit@10', 0.6914), ('ndcg@10', 0.4055), ('mrr@10', 0.3172)])
