Wed 11 Feb 2026 12:01:16 INFO  ['F:\\桌面\\recommendation_system\\scripts\\run_grid.py', '--models', 'timeweaver', '--datasets', 'amazon-beauty-5core-subset', '--seeds', '42', '--device', 'gpu', '--timeweaver-variant', 'base', '--tag', 'e0p05_k5_d0p2_l2_f512_b1000', '--output', 'results/run_grid_timeweaver_tune.json', '--tw-ema-decay', '0.05', '--tw-tcn-kernel', '5', '--tw-hidden-dropout', '0.2', '--tw-num-layers', '2', '--tw-ffn-hidden', '512', '--tw-time-bucket', '1000']
Wed 11 Feb 2026 12:01:16 INFO  
General Hyper Parameters:
gpu_id = 0
use_gpu = True
seed = 42
state = INFO
reproducibility = True
data_path = data/amazon\amazon-beauty-5core-subset
checkpoint_dir = saved
show_progress = True
save_dataset = False
dataset_save_path = None
save_dataloaders = False
dataloaders_save_path = None
log_wandb = False

Training Hyper Parameters:
epochs = 100
train_batch_size = 256
learner = adam
learning_rate = 0.001
train_neg_sample_args = {'distribution': 'none', 'sample_num': 'none', 'alpha': 'none', 'dynamic': False, 'candidate_num': 0}
eval_step = 1
stopping_step = 10
clip_grad_norm = None
weight_decay = 0.0
loss_decimal_place = 4

Evaluation Hyper Parameters:
eval_args = {'split': {'LS': 'valid_and_test'}, 'order': 'TO', 'group_by': 'user', 'mode': {'valid': 'uni100', 'test': 'uni100'}}
repeatable = True
metrics = ['Hit', 'NDCG', 'MRR']
topk = [10]
valid_metric = MRR@10
valid_metric_bigger = True
eval_batch_size = 512
metric_decimal_place = 4

Dataset Hyper Parameters:
field_separator = 	
seq_separator =  
USER_ID_FIELD = user_id
ITEM_ID_FIELD = item_id
RATING_FIELD = rating
TIME_FIELD = timestamp
seq_len = None
LABEL_FIELD = label
threshold = None
NEG_PREFIX = neg_
load_col = {'inter': ['user_id', 'item_id', 'rating', 'timestamp']}
unload_col = None
unused_col = None
additional_feat_suffix = None
rm_dup_inter = None
val_interval = None
filter_inter_by_user_or_item = True
user_inter_num_interval = [0,inf)
item_inter_num_interval = [0,inf)
alias_of_user_id = None
alias_of_item_id = None
alias_of_entity_id = None
alias_of_relation_id = None
preload_weight = None
normalize_field = None
normalize_all = None
ITEM_LIST_LENGTH_FIELD = item_length
LIST_SUFFIX = _list
MAX_ITEM_LIST_LENGTH = 32
POSITION_FIELD = position_id
HEAD_ENTITY_ID_FIELD = head_id
TAIL_ENTITY_ID_FIELD = tail_id
RELATION_ID_FIELD = relation_id
ENTITY_ID_FIELD = entity_id
benchmark_filename = None

Other Hyper Parameters: 
worker = 0
wandb_project = recbole
shuffle = True
require_pow = False
enable_amp = False
enable_scaler = False
transform = None
numerical_features = []
discretization = None
kg_reverse_r = False
entity_kg_num_interval = [0,inf)
relation_kg_num_interval = [0,inf)
MODEL_TYPE = ModelType.SEQUENTIAL
model_name = TimeWeaver
hidden_size = 64
num_layers = 2
hidden_dropout_prob = 0.2
initializer_range = 0.02
time_bucket_size = 1000
ema_decay = 0.05
tcn_kernel_size = 5
ffn_hidden_size = 512
loss_type = CE
early_stop = 10
neg_sampling = None
device = cuda
use_continuous_time = False
use_time_gate = False
use_time_augmentation = False
MODEL_INPUT_TYPE = InputType.POINTWISE
eval_type = EvaluatorType.RANKING
single_spec = True
local_rank = 0
valid_neg_sample_args = {'distribution': 'uniform', 'sample_num': 100}
test_neg_sample_args = {'distribution': 'uniform', 'sample_num': 100}


Wed 11 Feb 2026 12:01:17 INFO  amazon-beauty-5core-subset
The number of users: 7001
Average actions of users: 15.458
The number of items: 11924
Average actions of items: 9.075400486454752
The number of inters: 108206
The sparsity of the dataset: 99.87038081155896%
Remain Fields: ['user_id', 'item_id', 'rating', 'timestamp']
Wed 11 Feb 2026 12:01:18 INFO  [Training]: train_batch_size = [256] train_neg_sample_args: [{'distribution': 'none', 'sample_num': 'none', 'alpha': 'none', 'dynamic': False, 'candidate_num': 0}]
Wed 11 Feb 2026 12:01:18 INFO  [Evaluation]: eval_batch_size = [512] eval_args: [{'split': {'LS': 'valid_and_test'}, 'order': 'TO', 'group_by': 'user', 'mode': {'valid': 'uni100', 'test': 'uni100'}}]
Wed 11 Feb 2026 12:01:19 INFO  TimeWeaver(
  (item_embedding): Embedding(11924, 64, padding_idx=0)
  (time_aug): TimeAwareAugmentation(
    (pos_embedding): Embedding(32, 64)
    (time_embedding): Embedding(1000, 64)
    (layer_norm): LayerNorm((64,), eps=1e-05, elementwise_affine=True)
    (drop): Dropout(p=0.2, inplace=False)
  )
  (context_layers): ModuleList(
    (0-1): 2 x TCNNextBlock(
      (dw): DepthwiseConv1d(
        (conv): Conv1d(64, 64, kernel_size=(5,), stride=(1,), padding=(2,), groups=64)
        (bn): BatchNorm1d(64, eps=1e-05, momentum=0.1, affine=True, track_running_stats=True)
        (drop): Dropout(p=0.2, inplace=False)
      )
      (norm1): LayerNorm((64,), eps=1e-05, elementwise_affine=True)
      (conv_inter): ParallelConvInter(
        (conv1): Conv1d(64, 64, kernel_size=(1,), stride=(1,))
        (conv3): Conv1d(64, 64, kernel_size=(3,), stride=(1,), padding=(1,))
        (proj): Conv1d(64, 64, kernel_size=(1,), stride=(1,))
        (drop): Dropout(p=0.2, inplace=False)
      )
      (norm2): LayerNorm((64,), eps=1e-05, elementwise_affine=True)
      (ffn): Sequential(
        (0): Linear(in_features=64, out_features=512, bias=True)
        (1): GELU(approximate='none')
        (2): Dropout(p=0.2, inplace=False)
        (3): Linear(in_features=512, out_features=64, bias=True)
        (4): Dropout(p=0.2, inplace=False)
      )
      (norm3): LayerNorm((64,), eps=1e-05, elementwise_affine=True)
    )
  )
  (dynamic_layers): ModuleList(
    (0-1): 2 x EMAStream(
      (proj): Linear(in_features=64, out_features=64, bias=True)
    )
  )
  (weavers): ModuleList(
    (0-1): 2 x StreamWeaver(
      (proj): Linear(in_features=128, out_features=64, bias=True)
      (norm): LayerNorm((64,), eps=1e-05, elementwise_affine=True)
    )
  )
  (loss_fct): CrossEntropyLoss()
)
Trainable parameters: 1029761.0
Wed 11 Feb 2026 12:01:19 INFO  FLOPs: 6371328.0
Wed 11 Feb 2026 12:01:48 INFO  epoch 0 training [time: 28.01s, train loss: 2913.1156]
Wed 11 Feb 2026 12:02:00 INFO  epoch 0 evaluating [time: 12.09s, valid_score: 0.241500]
Wed 11 Feb 2026 12:02:00 INFO  valid result: 
hit@10 : 0.4721    ndcg@10 : 0.2962    mrr@10 : 0.2415
Wed 11 Feb 2026 12:02:00 INFO  Saving current: saved\TimeWeaver-Feb-11-2026_12-01-19.pth
Wed 11 Feb 2026 12:02:29 INFO  epoch 1 training [time: 28.45s, train loss: 2604.5960]
Wed 11 Feb 2026 12:02:40 INFO  epoch 1 evaluating [time: 11.76s, valid_score: 0.314000]
Wed 11 Feb 2026 12:02:40 INFO  valid result: 
hit@10 : 0.5189    ndcg@10 : 0.363    mrr@10 : 0.314
Wed 11 Feb 2026 12:02:40 INFO  Saving current: saved\TimeWeaver-Feb-11-2026_12-01-19.pth
Wed 11 Feb 2026 12:03:09 INFO  epoch 2 training [time: 28.35s, train loss: 2393.0774]
Wed 11 Feb 2026 12:03:21 INFO  epoch 2 evaluating [time: 11.98s, valid_score: 0.339500]
Wed 11 Feb 2026 12:03:21 INFO  valid result: 
hit@10 : 0.5301    ndcg@10 : 0.385    mrr@10 : 0.3395
Wed 11 Feb 2026 12:03:21 INFO  Saving current: saved\TimeWeaver-Feb-11-2026_12-01-19.pth
Wed 11 Feb 2026 12:03:50 INFO  epoch 3 training [time: 29.32s, train loss: 2221.0988]
Wed 11 Feb 2026 12:04:02 INFO  epoch 3 evaluating [time: 12.18s, valid_score: 0.342600]
Wed 11 Feb 2026 12:04:02 INFO  valid result: 
hit@10 : 0.5289    ndcg@10 : 0.387    mrr@10 : 0.3426
Wed 11 Feb 2026 12:04:02 INFO  Saving current: saved\TimeWeaver-Feb-11-2026_12-01-19.pth
Wed 11 Feb 2026 12:04:30 INFO  epoch 4 training [time: 27.74s, train loss: 2082.6017]
Wed 11 Feb 2026 12:04:42 INFO  epoch 4 evaluating [time: 12.01s, valid_score: 0.340500]
Wed 11 Feb 2026 12:04:42 INFO  valid result: 
hit@10 : 0.5254    ndcg@10 : 0.3846    mrr@10 : 0.3405
Wed 11 Feb 2026 12:05:11 INFO  epoch 5 training [time: 28.50s, train loss: 1979.7207]
Wed 11 Feb 2026 12:05:22 INFO  epoch 5 evaluating [time: 11.67s, valid_score: 0.336300]
Wed 11 Feb 2026 12:05:22 INFO  valid result: 
hit@10 : 0.514    ndcg@10 : 0.3787    mrr@10 : 0.3363
Wed 11 Feb 2026 12:05:51 INFO  epoch 6 training [time: 28.43s, train loss: 1903.7380]
Wed 11 Feb 2026 12:06:03 INFO  epoch 6 evaluating [time: 12.16s, valid_score: 0.339100]
Wed 11 Feb 2026 12:06:03 INFO  valid result: 
hit@10 : 0.5161    ndcg@10 : 0.3813    mrr@10 : 0.3391
Wed 11 Feb 2026 12:06:31 INFO  epoch 7 training [time: 28.62s, train loss: 1839.9879]
Wed 11 Feb 2026 12:06:43 INFO  epoch 7 evaluating [time: 11.88s, valid_score: 0.330800]
Wed 11 Feb 2026 12:06:43 INFO  valid result: 
hit@10 : 0.5109    ndcg@10 : 0.3737    mrr@10 : 0.3308
Wed 11 Feb 2026 12:07:12 INFO  epoch 8 training [time: 28.89s, train loss: 1787.4247]
Wed 11 Feb 2026 12:07:24 INFO  epoch 8 evaluating [time: 12.06s, valid_score: 0.330300]
Wed 11 Feb 2026 12:07:24 INFO  valid result: 
hit@10 : 0.5053    ndcg@10 : 0.3718    mrr@10 : 0.3303
Wed 11 Feb 2026 12:07:54 INFO  epoch 9 training [time: 29.45s, train loss: 1740.1053]
Wed 11 Feb 2026 12:08:06 INFO  epoch 9 evaluating [time: 12.15s, valid_score: 0.324500]
Wed 11 Feb 2026 12:08:06 INFO  valid result: 
hit@10 : 0.504    ndcg@10 : 0.3671    mrr@10 : 0.3245
Wed 11 Feb 2026 12:08:34 INFO  epoch 10 training [time: 27.78s, train loss: 1696.4994]
Wed 11 Feb 2026 12:08:46 INFO  epoch 10 evaluating [time: 12.21s, valid_score: 0.318600]
Wed 11 Feb 2026 12:08:46 INFO  valid result: 
hit@10 : 0.4984    ndcg@10 : 0.3614    mrr@10 : 0.3186
Wed 11 Feb 2026 12:09:14 INFO  epoch 11 training [time: 28.32s, train loss: 1655.8661]
Wed 11 Feb 2026 12:09:26 INFO  epoch 11 evaluating [time: 11.83s, valid_score: 0.321900]
Wed 11 Feb 2026 12:09:26 INFO  valid result: 
hit@10 : 0.4974    ndcg@10 : 0.3637    mrr@10 : 0.3219
Wed 11 Feb 2026 12:09:55 INFO  epoch 12 training [time: 28.75s, train loss: 1617.0443]
Wed 11 Feb 2026 12:10:07 INFO  epoch 12 evaluating [time: 12.67s, valid_score: 0.319000]
Wed 11 Feb 2026 12:10:07 INFO  valid result: 
hit@10 : 0.4963    ndcg@10 : 0.3611    mrr@10 : 0.319
Wed 11 Feb 2026 12:10:35 INFO  epoch 13 training [time: 27.83s, train loss: 1582.2660]
Wed 11 Feb 2026 12:10:47 INFO  epoch 13 evaluating [time: 11.66s, valid_score: 0.313400]
Wed 11 Feb 2026 12:10:47 INFO  valid result: 
hit@10 : 0.4863    ndcg@10 : 0.3545    mrr@10 : 0.3134
Wed 11 Feb 2026 12:11:15 INFO  epoch 14 training [time: 28.27s, train loss: 1549.7225]
Wed 11 Feb 2026 12:11:27 INFO  epoch 14 evaluating [time: 11.97s, valid_score: 0.311200]
Wed 11 Feb 2026 12:11:27 INFO  valid result: 
hit@10 : 0.4876    ndcg@10 : 0.3531    mrr@10 : 0.3112
Wed 11 Feb 2026 12:11:27 INFO  Finished training, best eval result in epoch 3
Wed 11 Feb 2026 12:11:27 INFO  Loading model structure and parameters from saved\TimeWeaver-Feb-11-2026_12-01-19.pth
Wed 11 Feb 2026 12:11:40 INFO  The running environment of this training is as follows:
+-------------+----------------+
| Environment |     Usage      |
+=============+================+
| CPU         |     5.10 %     |
+-------------+----------------+
| GPU         | 0.31 G/6.00 G  |
+-------------+----------------+
| Memory      | 1.44 G/15.63 G |
+-------------+----------------+
Wed 11 Feb 2026 12:11:40 INFO  best valid : OrderedDict([('hit@10', 0.5289), ('ndcg@10', 0.387), ('mrr@10', 0.3426)])
Wed 11 Feb 2026 12:11:40 INFO  test result: OrderedDict([('hit@10', 0.4841), ('ndcg@10', 0.3422), ('mrr@10', 0.298)])
