Wed 11 Feb 2026 21:03:27 INFO  ['F:\\桌面\\recommendation_system\\scripts\\run_grid.py', '--models', 'timeweaver', '--datasets', 'amazon-beauty-5core-subset', '--seeds', '42', '--device', 'gpu', '--timeweaver-variant', 'base', '--tag', 'e0p1_k9_d0p5_l2_f256_b1000', '--output', 'results/run_grid_timeweaver_tune.json', '--tw-ema-decay', '0.1', '--tw-tcn-kernel', '9', '--tw-hidden-dropout', '0.5', '--tw-num-layers', '2', '--tw-ffn-hidden', '256', '--tw-time-bucket', '1000']
Wed 11 Feb 2026 21:03:27 INFO  
General Hyper Parameters:
gpu_id = 0
use_gpu = True
seed = 42
state = INFO
reproducibility = True
data_path = data/amazon\amazon-beauty-5core-subset
checkpoint_dir = saved
show_progress = True
save_dataset = False
dataset_save_path = None
save_dataloaders = False
dataloaders_save_path = None
log_wandb = False

Training Hyper Parameters:
epochs = 100
train_batch_size = 256
learner = adam
learning_rate = 0.001
train_neg_sample_args = {'distribution': 'none', 'sample_num': 'none', 'alpha': 'none', 'dynamic': False, 'candidate_num': 0}
eval_step = 1
stopping_step = 10
clip_grad_norm = None
weight_decay = 0.0
loss_decimal_place = 4

Evaluation Hyper Parameters:
eval_args = {'split': {'LS': 'valid_and_test'}, 'order': 'TO', 'group_by': 'user', 'mode': {'valid': 'uni100', 'test': 'uni100'}}
repeatable = True
metrics = ['Hit', 'NDCG', 'MRR']
topk = [10]
valid_metric = MRR@10
valid_metric_bigger = True
eval_batch_size = 512
metric_decimal_place = 4

Dataset Hyper Parameters:
field_separator = 	
seq_separator =  
USER_ID_FIELD = user_id
ITEM_ID_FIELD = item_id
RATING_FIELD = rating
TIME_FIELD = timestamp
seq_len = None
LABEL_FIELD = label
threshold = None
NEG_PREFIX = neg_
load_col = {'inter': ['user_id', 'item_id', 'rating', 'timestamp']}
unload_col = None
unused_col = None
additional_feat_suffix = None
rm_dup_inter = None
val_interval = None
filter_inter_by_user_or_item = True
user_inter_num_interval = [0,inf)
item_inter_num_interval = [0,inf)
alias_of_user_id = None
alias_of_item_id = None
alias_of_entity_id = None
alias_of_relation_id = None
preload_weight = None
normalize_field = None
normalize_all = None
ITEM_LIST_LENGTH_FIELD = item_length
LIST_SUFFIX = _list
MAX_ITEM_LIST_LENGTH = 32
POSITION_FIELD = position_id
HEAD_ENTITY_ID_FIELD = head_id
TAIL_ENTITY_ID_FIELD = tail_id
RELATION_ID_FIELD = relation_id
ENTITY_ID_FIELD = entity_id
benchmark_filename = None

Other Hyper Parameters: 
worker = 0
wandb_project = recbole
shuffle = True
require_pow = False
enable_amp = False
enable_scaler = False
transform = None
numerical_features = []
discretization = None
kg_reverse_r = False
entity_kg_num_interval = [0,inf)
relation_kg_num_interval = [0,inf)
MODEL_TYPE = ModelType.SEQUENTIAL
model_name = TimeWeaver
hidden_size = 64
num_layers = 2
hidden_dropout_prob = 0.5
initializer_range = 0.02
time_bucket_size = 1000
ema_decay = 0.1
tcn_kernel_size = 9
ffn_hidden_size = 256
loss_type = CE
early_stop = 10
neg_sampling = None
device = cuda
use_continuous_time = False
use_time_gate = False
use_time_augmentation = False
MODEL_INPUT_TYPE = InputType.POINTWISE
eval_type = EvaluatorType.RANKING
single_spec = True
local_rank = 0
valid_neg_sample_args = {'distribution': 'uniform', 'sample_num': 100}
test_neg_sample_args = {'distribution': 'uniform', 'sample_num': 100}


Wed 11 Feb 2026 21:03:27 INFO  amazon-beauty-5core-subset
The number of users: 7001
Average actions of users: 15.458
The number of items: 11924
Average actions of items: 9.075400486454752
The number of inters: 108206
The sparsity of the dataset: 99.87038081155896%
Remain Fields: ['user_id', 'item_id', 'rating', 'timestamp']
Wed 11 Feb 2026 21:03:29 INFO  [Training]: train_batch_size = [256] train_neg_sample_args: [{'distribution': 'none', 'sample_num': 'none', 'alpha': 'none', 'dynamic': False, 'candidate_num': 0}]
Wed 11 Feb 2026 21:03:29 INFO  [Evaluation]: eval_batch_size = [512] eval_args: [{'split': {'LS': 'valid_and_test'}, 'order': 'TO', 'group_by': 'user', 'mode': {'valid': 'uni100', 'test': 'uni100'}}]
Wed 11 Feb 2026 21:03:29 INFO  TimeWeaver(
  (item_embedding): Embedding(11924, 64, padding_idx=0)
  (time_aug): TimeAwareAugmentation(
    (pos_embedding): Embedding(32, 64)
    (time_embedding): Embedding(1000, 64)
    (layer_norm): LayerNorm((64,), eps=1e-05, elementwise_affine=True)
    (drop): Dropout(p=0.5, inplace=False)
  )
  (context_layers): ModuleList(
    (0-1): 2 x TCNNextBlock(
      (dw): DepthwiseConv1d(
        (conv): Conv1d(64, 64, kernel_size=(9,), stride=(1,), padding=(4,), groups=64)
        (bn): BatchNorm1d(64, eps=1e-05, momentum=0.1, affine=True, track_running_stats=True)
        (drop): Dropout(p=0.5, inplace=False)
      )
      (norm1): LayerNorm((64,), eps=1e-05, elementwise_affine=True)
      (conv_inter): ParallelConvInter(
        (conv1): Conv1d(64, 64, kernel_size=(1,), stride=(1,))
        (conv3): Conv1d(64, 64, kernel_size=(3,), stride=(1,), padding=(1,))
        (proj): Conv1d(64, 64, kernel_size=(1,), stride=(1,))
        (drop): Dropout(p=0.5, inplace=False)
      )
      (norm2): LayerNorm((64,), eps=1e-05, elementwise_affine=True)
      (ffn): Sequential(
        (0): Linear(in_features=64, out_features=256, bias=True)
        (1): GELU(approximate='none')
        (2): Dropout(p=0.5, inplace=False)
        (3): Linear(in_features=256, out_features=64, bias=True)
        (4): Dropout(p=0.5, inplace=False)
      )
      (norm3): LayerNorm((64,), eps=1e-05, elementwise_affine=True)
    )
  )
  (dynamic_layers): ModuleList(
    (0-1): 2 x EMAStream(
      (proj): Linear(in_features=64, out_features=64, bias=True)
    )
  )
  (weavers): ModuleList(
    (0-1): 2 x StreamWeaver(
      (proj): Linear(in_features=128, out_features=64, bias=True)
      (norm): LayerNorm((64,), eps=1e-05, elementwise_affine=True)
    )
  )
  (loss_fct): CrossEntropyLoss()
)
Trainable parameters: 964225.0
Wed 11 Feb 2026 21:03:30 INFO  FLOPs: 4290560.0
Wed 11 Feb 2026 21:04:03 INFO  epoch 0 training [time: 32.41s, train loss: 2930.4581]
Wed 11 Feb 2026 21:04:16 INFO  epoch 0 evaluating [time: 12.44s, valid_score: 0.221600]
Wed 11 Feb 2026 21:04:16 INFO  valid result: 
hit@10 : 0.4636    ndcg@10 : 0.279    mrr@10 : 0.2216
Wed 11 Feb 2026 21:04:16 INFO  Saving current: saved\TimeWeaver-Feb-11-2026_21-03-30.pth
Wed 11 Feb 2026 21:04:51 INFO  epoch 1 training [time: 35.38s, train loss: 2692.6151]
Wed 11 Feb 2026 21:05:04 INFO  epoch 1 evaluating [time: 12.52s, valid_score: 0.287600]
Wed 11 Feb 2026 21:05:04 INFO  valid result: 
hit@10 : 0.5081    ndcg@10 : 0.3402    mrr@10 : 0.2876
Wed 11 Feb 2026 21:05:04 INFO  Saving current: saved\TimeWeaver-Feb-11-2026_21-03-30.pth
Wed 11 Feb 2026 21:05:38 INFO  epoch 2 training [time: 34.19s, train loss: 2535.4778]
Wed 11 Feb 2026 21:05:50 INFO  epoch 2 evaluating [time: 12.13s, valid_score: 0.326500]
Wed 11 Feb 2026 21:05:50 INFO  valid result: 
hit@10 : 0.5397    ndcg@10 : 0.3774    mrr@10 : 0.3265
Wed 11 Feb 2026 21:05:50 INFO  Saving current: saved\TimeWeaver-Feb-11-2026_21-03-30.pth
Wed 11 Feb 2026 21:06:24 INFO  epoch 3 training [time: 33.40s, train loss: 2416.6758]
Wed 11 Feb 2026 21:06:35 INFO  epoch 3 evaluating [time: 11.70s, valid_score: 0.340900]
Wed 11 Feb 2026 21:06:35 INFO  valid result: 
hit@10 : 0.5383    ndcg@10 : 0.3881    mrr@10 : 0.3409
Wed 11 Feb 2026 21:06:35 INFO  Saving current: saved\TimeWeaver-Feb-11-2026_21-03-30.pth
Wed 11 Feb 2026 21:07:09 INFO  epoch 4 training [time: 33.97s, train loss: 2320.3101]
Wed 11 Feb 2026 21:07:21 INFO  epoch 4 evaluating [time: 12.02s, valid_score: 0.348300]
Wed 11 Feb 2026 21:07:21 INFO  valid result: 
hit@10 : 0.5396    ndcg@10 : 0.394    mrr@10 : 0.3483
Wed 11 Feb 2026 21:07:21 INFO  Saving current: saved\TimeWeaver-Feb-11-2026_21-03-30.pth
Wed 11 Feb 2026 21:07:54 INFO  epoch 5 training [time: 32.78s, train loss: 2239.1328]
Wed 11 Feb 2026 21:08:06 INFO  epoch 5 evaluating [time: 11.95s, valid_score: 0.348700]
Wed 11 Feb 2026 21:08:06 INFO  valid result: 
hit@10 : 0.5373    ndcg@10 : 0.3936    mrr@10 : 0.3487
Wed 11 Feb 2026 21:08:06 INFO  Saving current: saved\TimeWeaver-Feb-11-2026_21-03-30.pth
Wed 11 Feb 2026 21:08:37 INFO  epoch 6 training [time: 31.43s, train loss: 2171.7121]
Wed 11 Feb 2026 21:08:49 INFO  epoch 6 evaluating [time: 11.83s, valid_score: 0.349600]
Wed 11 Feb 2026 21:08:49 INFO  valid result: 
hit@10 : 0.5381    ndcg@10 : 0.3948    mrr@10 : 0.3496
Wed 11 Feb 2026 21:08:49 INFO  Saving current: saved\TimeWeaver-Feb-11-2026_21-03-30.pth
Wed 11 Feb 2026 21:09:21 INFO  epoch 7 training [time: 31.65s, train loss: 2114.1422]
Wed 11 Feb 2026 21:09:34 INFO  epoch 7 evaluating [time: 13.24s, valid_score: 0.351700]
Wed 11 Feb 2026 21:09:34 INFO  valid result: 
hit@10 : 0.5374    ndcg@10 : 0.3959    mrr@10 : 0.3517
Wed 11 Feb 2026 21:09:34 INFO  Saving current: saved\TimeWeaver-Feb-11-2026_21-03-30.pth
Wed 11 Feb 2026 21:10:13 INFO  epoch 8 training [time: 38.56s, train loss: 2067.8389]
Wed 11 Feb 2026 21:10:27 INFO  epoch 8 evaluating [time: 14.23s, valid_score: 0.352200]
Wed 11 Feb 2026 21:10:27 INFO  valid result: 
hit@10 : 0.5423    ndcg@10 : 0.3973    mrr@10 : 0.3522
Wed 11 Feb 2026 21:10:27 INFO  Saving current: saved\TimeWeaver-Feb-11-2026_21-03-30.pth
Wed 11 Feb 2026 21:11:07 INFO  epoch 9 training [time: 39.42s, train loss: 2027.9802]
Wed 11 Feb 2026 21:11:20 INFO  epoch 9 evaluating [time: 13.95s, valid_score: 0.349900]
Wed 11 Feb 2026 21:11:20 INFO  valid result: 
hit@10 : 0.5376    ndcg@10 : 0.3946    mrr@10 : 0.3499
Wed 11 Feb 2026 21:12:00 INFO  epoch 10 training [time: 39.39s, train loss: 1994.0802]
Wed 11 Feb 2026 21:12:13 INFO  epoch 10 evaluating [time: 13.11s, valid_score: 0.351100]
Wed 11 Feb 2026 21:12:13 INFO  valid result: 
hit@10 : 0.5367    ndcg@10 : 0.3954    mrr@10 : 0.3511
Wed 11 Feb 2026 21:12:50 INFO  epoch 11 training [time: 37.42s, train loss: 1968.8030]
Wed 11 Feb 2026 21:13:04 INFO  epoch 11 evaluating [time: 13.58s, valid_score: 0.355700]
Wed 11 Feb 2026 21:13:04 INFO  valid result: 
hit@10 : 0.5413    ndcg@10 : 0.3999    mrr@10 : 0.3557
Wed 11 Feb 2026 21:13:04 INFO  Saving current: saved\TimeWeaver-Feb-11-2026_21-03-30.pth
Wed 11 Feb 2026 21:13:40 INFO  epoch 12 training [time: 36.41s, train loss: 1943.8288]
Wed 11 Feb 2026 21:13:53 INFO  epoch 12 evaluating [time: 12.85s, valid_score: 0.350900]
Wed 11 Feb 2026 21:13:53 INFO  valid result: 
hit@10 : 0.5419    ndcg@10 : 0.3963    mrr@10 : 0.3509
Wed 11 Feb 2026 21:14:27 INFO  epoch 13 training [time: 34.19s, train loss: 1918.2021]
Wed 11 Feb 2026 21:14:40 INFO  epoch 13 evaluating [time: 12.10s, valid_score: 0.348300]
Wed 11 Feb 2026 21:14:40 INFO  valid result: 
hit@10 : 0.5387    ndcg@10 : 0.3937    mrr@10 : 0.3483
Wed 11 Feb 2026 21:15:14 INFO  epoch 14 training [time: 34.70s, train loss: 1899.8880]
Wed 11 Feb 2026 21:15:27 INFO  epoch 14 evaluating [time: 12.44s, valid_score: 0.348900]
Wed 11 Feb 2026 21:15:27 INFO  valid result: 
hit@10 : 0.5399    ndcg@10 : 0.3943    mrr@10 : 0.3489
Wed 11 Feb 2026 21:16:01 INFO  epoch 15 training [time: 34.03s, train loss: 1881.3935]
Wed 11 Feb 2026 21:16:14 INFO  epoch 15 evaluating [time: 12.79s, valid_score: 0.346900]
Wed 11 Feb 2026 21:16:14 INFO  valid result: 
hit@10 : 0.538    ndcg@10 : 0.3924    mrr@10 : 0.3469
Wed 11 Feb 2026 21:16:47 INFO  epoch 16 training [time: 33.02s, train loss: 1863.6123]
Wed 11 Feb 2026 21:16:59 INFO  epoch 16 evaluating [time: 12.87s, valid_score: 0.344600]
Wed 11 Feb 2026 21:16:59 INFO  valid result: 
hit@10 : 0.5373    ndcg@10 : 0.3905    mrr@10 : 0.3446
Wed 11 Feb 2026 21:17:35 INFO  epoch 17 training [time: 35.52s, train loss: 1848.9322]
Wed 11 Feb 2026 21:17:47 INFO  epoch 17 evaluating [time: 12.52s, valid_score: 0.347200]
Wed 11 Feb 2026 21:17:47 INFO  valid result: 
hit@10 : 0.5336    ndcg@10 : 0.3916    mrr@10 : 0.3472
Wed 11 Feb 2026 21:18:23 INFO  epoch 18 training [time: 35.97s, train loss: 1832.0094]
Wed 11 Feb 2026 21:18:37 INFO  epoch 18 evaluating [time: 13.35s, valid_score: 0.345100]
Wed 11 Feb 2026 21:18:37 INFO  valid result: 
hit@10 : 0.5321    ndcg@10 : 0.3897    mrr@10 : 0.3451
Wed 11 Feb 2026 21:19:14 INFO  epoch 19 training [time: 37.03s, train loss: 1816.6612]
Wed 11 Feb 2026 21:19:26 INFO  epoch 19 evaluating [time: 12.39s, valid_score: 0.341200]
Wed 11 Feb 2026 21:19:26 INFO  valid result: 
hit@10 : 0.5357    ndcg@10 : 0.3875    mrr@10 : 0.3412
Wed 11 Feb 2026 21:20:02 INFO  epoch 20 training [time: 35.67s, train loss: 1800.2119]
Wed 11 Feb 2026 21:20:15 INFO  epoch 20 evaluating [time: 13.47s, valid_score: 0.343400]
Wed 11 Feb 2026 21:20:15 INFO  valid result: 
hit@10 : 0.53    ndcg@10 : 0.3878    mrr@10 : 0.3434
Wed 11 Feb 2026 21:20:52 INFO  epoch 21 training [time: 36.37s, train loss: 1788.4538]
Wed 11 Feb 2026 21:21:04 INFO  epoch 21 evaluating [time: 12.03s, valid_score: 0.343000]
Wed 11 Feb 2026 21:21:04 INFO  valid result: 
hit@10 : 0.536    ndcg@10 : 0.3889    mrr@10 : 0.343
Wed 11 Feb 2026 21:21:37 INFO  epoch 22 training [time: 33.45s, train loss: 1775.4348]
Wed 11 Feb 2026 21:21:50 INFO  epoch 22 evaluating [time: 12.91s, valid_score: 0.342800]
Wed 11 Feb 2026 21:21:50 INFO  valid result: 
hit@10 : 0.5324    ndcg@10 : 0.3879    mrr@10 : 0.3428
Wed 11 Feb 2026 21:21:50 INFO  Finished training, best eval result in epoch 11
Wed 11 Feb 2026 21:21:50 INFO  Loading model structure and parameters from saved\TimeWeaver-Feb-11-2026_21-03-30.pth
Wed 11 Feb 2026 21:22:04 INFO  The running environment of this training is as follows:
+-------------+----------------+
| Environment |     Usage      |
+=============+================+
| CPU         |     6.80 %     |
+-------------+----------------+
| GPU         | 0.22 G/6.00 G  |
+-------------+----------------+
| Memory      | 1.44 G/15.63 G |
+-------------+----------------+
Wed 11 Feb 2026 21:22:04 INFO  best valid : OrderedDict([('hit@10', 0.5413), ('ndcg@10', 0.3999), ('mrr@10', 0.3557)])
Wed 11 Feb 2026 21:22:04 INFO  test result: OrderedDict([('hit@10', 0.4979), ('ndcg@10', 0.3556), ('mrr@10', 0.3114)])
