Wed 11 Feb 2026 10:26:47 INFO  ['F:\\桌面\\recommendation_system\\scripts\\run_grid.py', '--models', 'timeweaver', '--datasets', 'amazon-beauty-5core-subset', '--seeds', '42', '--device', 'gpu', '--timeweaver-variant', 'base', '--tag', 'e0p05_k-1_d0p2_l2_f256_b1000', '--output', 'results/run_grid_timeweaver_tune.json', '--tw-ema-decay', '0.05', '--tw-tcn-kernel', '-1', '--tw-hidden-dropout', '0.2', '--tw-num-layers', '2', '--tw-ffn-hidden', '256', '--tw-time-bucket', '1000']
Wed 11 Feb 2026 10:26:47 INFO  
General Hyper Parameters:
gpu_id = 0
use_gpu = True
seed = 42
state = INFO
reproducibility = True
data_path = data/amazon\amazon-beauty-5core-subset
checkpoint_dir = saved
show_progress = True
save_dataset = False
dataset_save_path = None
save_dataloaders = False
dataloaders_save_path = None
log_wandb = False

Training Hyper Parameters:
epochs = 100
train_batch_size = 256
learner = adam
learning_rate = 0.001
train_neg_sample_args = {'distribution': 'none', 'sample_num': 'none', 'alpha': 'none', 'dynamic': False, 'candidate_num': 0}
eval_step = 1
stopping_step = 10
clip_grad_norm = None
weight_decay = 0.0
loss_decimal_place = 4

Evaluation Hyper Parameters:
eval_args = {'split': {'LS': 'valid_and_test'}, 'order': 'TO', 'group_by': 'user', 'mode': {'valid': 'uni100', 'test': 'uni100'}}
repeatable = True
metrics = ['Hit', 'NDCG', 'MRR']
topk = [10]
valid_metric = MRR@10
valid_metric_bigger = True
eval_batch_size = 512
metric_decimal_place = 4

Dataset Hyper Parameters:
field_separator = 	
seq_separator =  
USER_ID_FIELD = user_id
ITEM_ID_FIELD = item_id
RATING_FIELD = rating
TIME_FIELD = timestamp
seq_len = None
LABEL_FIELD = label
threshold = None
NEG_PREFIX = neg_
load_col = {'inter': ['user_id', 'item_id', 'rating', 'timestamp']}
unload_col = None
unused_col = None
additional_feat_suffix = None
rm_dup_inter = None
val_interval = None
filter_inter_by_user_or_item = True
user_inter_num_interval = [0,inf)
item_inter_num_interval = [0,inf)
alias_of_user_id = None
alias_of_item_id = None
alias_of_entity_id = None
alias_of_relation_id = None
preload_weight = None
normalize_field = None
normalize_all = None
ITEM_LIST_LENGTH_FIELD = item_length
LIST_SUFFIX = _list
MAX_ITEM_LIST_LENGTH = 32
POSITION_FIELD = position_id
HEAD_ENTITY_ID_FIELD = head_id
TAIL_ENTITY_ID_FIELD = tail_id
RELATION_ID_FIELD = relation_id
ENTITY_ID_FIELD = entity_id
benchmark_filename = None

Other Hyper Parameters: 
worker = 0
wandb_project = recbole
shuffle = True
require_pow = False
enable_amp = False
enable_scaler = False
transform = None
numerical_features = []
discretization = None
kg_reverse_r = False
entity_kg_num_interval = [0,inf)
relation_kg_num_interval = [0,inf)
MODEL_TYPE = ModelType.SEQUENTIAL
model_name = TimeWeaver
hidden_size = 64
num_layers = 2
hidden_dropout_prob = 0.2
initializer_range = 0.02
time_bucket_size = 1000
ema_decay = 0.05
tcn_kernel_size = -1
ffn_hidden_size = 256
loss_type = CE
early_stop = 10
neg_sampling = None
device = cuda
use_continuous_time = False
use_time_gate = False
use_time_augmentation = False
MODEL_INPUT_TYPE = InputType.POINTWISE
eval_type = EvaluatorType.RANKING
single_spec = True
local_rank = 0
valid_neg_sample_args = {'distribution': 'uniform', 'sample_num': 100}
test_neg_sample_args = {'distribution': 'uniform', 'sample_num': 100}


Wed 11 Feb 2026 10:26:47 INFO  amazon-beauty-5core-subset
The number of users: 7001
Average actions of users: 15.458
The number of items: 11924
Average actions of items: 9.075400486454752
The number of inters: 108206
The sparsity of the dataset: 99.87038081155896%
Remain Fields: ['user_id', 'item_id', 'rating', 'timestamp']
Wed 11 Feb 2026 10:26:49 INFO  [Training]: train_batch_size = [256] train_neg_sample_args: [{'distribution': 'none', 'sample_num': 'none', 'alpha': 'none', 'dynamic': False, 'candidate_num': 0}]
Wed 11 Feb 2026 10:26:49 INFO  [Evaluation]: eval_batch_size = [512] eval_args: [{'split': {'LS': 'valid_and_test'}, 'order': 'TO', 'group_by': 'user', 'mode': {'valid': 'uni100', 'test': 'uni100'}}]
Wed 11 Feb 2026 10:26:49 INFO  TimeWeaver(
  (item_embedding): Embedding(11924, 64, padding_idx=0)
  (time_aug): TimeAwareAugmentation(
    (pos_embedding): Embedding(32, 64)
    (time_embedding): Embedding(1000, 64)
    (layer_norm): LayerNorm((64,), eps=1e-05, elementwise_affine=True)
    (drop): Dropout(p=0.2, inplace=False)
  )
  (context_layers): ModuleList(
    (0-1): 2 x TCNNextBlock(
      (dw): DepthwiseConv1d(
        (conv): Conv1d(64, 64, kernel_size=(11,), stride=(1,), padding=(5,), groups=64)
        (bn): BatchNorm1d(64, eps=1e-05, momentum=0.1, affine=True, track_running_stats=True)
        (drop): Dropout(p=0.2, inplace=False)
      )
      (norm1): LayerNorm((64,), eps=1e-05, elementwise_affine=True)
      (conv_inter): ParallelConvInter(
        (conv1): Conv1d(64, 64, kernel_size=(1,), stride=(1,))
        (conv3): Conv1d(64, 64, kernel_size=(3,), stride=(1,), padding=(1,))
        (proj): Conv1d(64, 64, kernel_size=(1,), stride=(1,))
        (drop): Dropout(p=0.2, inplace=False)
      )
      (norm2): LayerNorm((64,), eps=1e-05, elementwise_affine=True)
      (ffn): Sequential(
        (0): Linear(in_features=64, out_features=256, bias=True)
        (1): GELU(approximate='none')
        (2): Dropout(p=0.2, inplace=False)
        (3): Linear(in_features=256, out_features=64, bias=True)
        (4): Dropout(p=0.2, inplace=False)
      )
      (norm3): LayerNorm((64,), eps=1e-05, elementwise_affine=True)
    )
  )
  (dynamic_layers): ModuleList(
    (0-1): 2 x EMAStream(
      (proj): Linear(in_features=64, out_features=64, bias=True)
    )
  )
  (weavers): ModuleList(
    (0-1): 2 x StreamWeaver(
      (proj): Linear(in_features=128, out_features=64, bias=True)
      (norm): LayerNorm((64,), eps=1e-05, elementwise_affine=True)
    )
  )
  (loss_fct): CrossEntropyLoss()
)
Trainable parameters: 964481.0
Wed 11 Feb 2026 10:26:49 INFO  FLOPs: 4298752.0
Wed 11 Feb 2026 10:27:19 INFO  epoch 0 training [time: 28.91s, train loss: 2914.8176]
Wed 11 Feb 2026 10:27:30 INFO  epoch 0 evaluating [time: 11.09s, valid_score: 0.237300]
Wed 11 Feb 2026 10:27:30 INFO  valid result: 
hit@10 : 0.4683    ndcg@10 : 0.2922    mrr@10 : 0.2373
Wed 11 Feb 2026 10:27:30 INFO  Saving current: saved\TimeWeaver-Feb-11-2026_10-26-49.pth
Wed 11 Feb 2026 10:27:59 INFO  epoch 1 training [time: 28.88s, train loss: 2616.4512]
Wed 11 Feb 2026 10:28:10 INFO  epoch 1 evaluating [time: 10.96s, valid_score: 0.315700]
Wed 11 Feb 2026 10:28:10 INFO  valid result: 
hit@10 : 0.5141    ndcg@10 : 0.3631    mrr@10 : 0.3157
Wed 11 Feb 2026 10:28:10 INFO  Saving current: saved\TimeWeaver-Feb-11-2026_10-26-49.pth
Wed 11 Feb 2026 10:28:38 INFO  epoch 2 training [time: 27.64s, train loss: 2397.0281]
Wed 11 Feb 2026 10:28:49 INFO  epoch 2 evaluating [time: 11.18s, valid_score: 0.340000]
Wed 11 Feb 2026 10:28:49 INFO  valid result: 
hit@10 : 0.5317    ndcg@10 : 0.3858    mrr@10 : 0.34
Wed 11 Feb 2026 10:28:49 INFO  Saving current: saved\TimeWeaver-Feb-11-2026_10-26-49.pth
Wed 11 Feb 2026 10:29:17 INFO  epoch 3 training [time: 28.19s, train loss: 2221.5307]
Wed 11 Feb 2026 10:29:28 INFO  epoch 3 evaluating [time: 10.78s, valid_score: 0.341800]
Wed 11 Feb 2026 10:29:28 INFO  valid result: 
hit@10 : 0.5274    ndcg@10 : 0.386    mrr@10 : 0.3418
Wed 11 Feb 2026 10:29:28 INFO  Saving current: saved\TimeWeaver-Feb-11-2026_10-26-49.pth
Wed 11 Feb 2026 10:29:56 INFO  epoch 4 training [time: 28.27s, train loss: 2081.6583]
Wed 11 Feb 2026 10:30:07 INFO  epoch 4 evaluating [time: 11.07s, valid_score: 0.336900]
Wed 11 Feb 2026 10:30:07 INFO  valid result: 
hit@10 : 0.5167    ndcg@10 : 0.3798    mrr@10 : 0.3369
Wed 11 Feb 2026 10:30:36 INFO  epoch 5 training [time: 28.28s, train loss: 1977.5668]
Wed 11 Feb 2026 10:30:46 INFO  epoch 5 evaluating [time: 10.71s, valid_score: 0.334400]
Wed 11 Feb 2026 10:30:46 INFO  valid result: 
hit@10 : 0.5111    ndcg@10 : 0.3765    mrr@10 : 0.3344
Wed 11 Feb 2026 10:31:15 INFO  epoch 6 training [time: 28.66s, train loss: 1901.0140]
Wed 11 Feb 2026 10:31:26 INFO  epoch 6 evaluating [time: 11.03s, valid_score: 0.336400]
Wed 11 Feb 2026 10:31:26 INFO  valid result: 
hit@10 : 0.5199    ndcg@10 : 0.3801    mrr@10 : 0.3364
Wed 11 Feb 2026 10:31:55 INFO  epoch 7 training [time: 29.23s, train loss: 1837.6107]
Wed 11 Feb 2026 10:32:06 INFO  epoch 7 evaluating [time: 11.11s, valid_score: 0.332300]
Wed 11 Feb 2026 10:32:06 INFO  valid result: 
hit@10 : 0.5109    ndcg@10 : 0.3748    mrr@10 : 0.3323
Wed 11 Feb 2026 10:32:34 INFO  epoch 8 training [time: 27.75s, train loss: 1786.6777]
Wed 11 Feb 2026 10:32:45 INFO  epoch 8 evaluating [time: 11.25s, valid_score: 0.329100]
Wed 11 Feb 2026 10:32:45 INFO  valid result: 
hit@10 : 0.5094    ndcg@10 : 0.3719    mrr@10 : 0.3291
Wed 11 Feb 2026 10:33:14 INFO  epoch 9 training [time: 28.28s, train loss: 1736.5142]
Wed 11 Feb 2026 10:33:25 INFO  epoch 9 evaluating [time: 10.85s, valid_score: 0.324700]
Wed 11 Feb 2026 10:33:25 INFO  valid result: 
hit@10 : 0.5031    ndcg@10 : 0.3672    mrr@10 : 0.3247
Wed 11 Feb 2026 10:33:53 INFO  epoch 10 training [time: 28.20s, train loss: 1694.1284]
Wed 11 Feb 2026 10:34:04 INFO  epoch 10 evaluating [time: 11.17s, valid_score: 0.317800]
Wed 11 Feb 2026 10:34:04 INFO  valid result: 
hit@10 : 0.5021    ndcg@10 : 0.3617    mrr@10 : 0.3178
Wed 11 Feb 2026 10:34:32 INFO  epoch 11 training [time: 28.51s, train loss: 1655.8467]
Wed 11 Feb 2026 10:34:43 INFO  epoch 11 evaluating [time: 10.77s, valid_score: 0.321900]
Wed 11 Feb 2026 10:34:43 INFO  valid result: 
hit@10 : 0.498    ndcg@10 : 0.3637    mrr@10 : 0.3219
Wed 11 Feb 2026 10:35:12 INFO  epoch 12 training [time: 28.32s, train loss: 1619.7097]
Wed 11 Feb 2026 10:35:23 INFO  epoch 12 evaluating [time: 11.06s, valid_score: 0.317600]
Wed 11 Feb 2026 10:35:23 INFO  valid result: 
hit@10 : 0.4977    ndcg@10 : 0.3603    mrr@10 : 0.3176
Wed 11 Feb 2026 10:35:52 INFO  epoch 13 training [time: 29.32s, train loss: 1586.4385]
Wed 11 Feb 2026 10:36:03 INFO  epoch 13 evaluating [time: 11.25s, valid_score: 0.314200]
Wed 11 Feb 2026 10:36:03 INFO  valid result: 
hit@10 : 0.4976    ndcg@10 : 0.3576    mrr@10 : 0.3142
Wed 11 Feb 2026 10:36:31 INFO  epoch 14 training [time: 27.76s, train loss: 1553.1166]
Wed 11 Feb 2026 10:36:42 INFO  epoch 14 evaluating [time: 11.22s, valid_score: 0.313100]
Wed 11 Feb 2026 10:36:42 INFO  valid result: 
hit@10 : 0.4946    ndcg@10 : 0.3562    mrr@10 : 0.3131
Wed 11 Feb 2026 10:36:42 INFO  Finished training, best eval result in epoch 3
Wed 11 Feb 2026 10:36:42 INFO  Loading model structure and parameters from saved\TimeWeaver-Feb-11-2026_10-26-49.pth
Wed 11 Feb 2026 10:36:54 INFO  The running environment of this training is as follows:
+-------------+----------------+
| Environment |     Usage      |
+=============+================+
| CPU         |     2.90 %     |
+-------------+----------------+
| GPU         | 0.22 G/6.00 G  |
+-------------+----------------+
| Memory      | 1.44 G/15.63 G |
+-------------+----------------+
Wed 11 Feb 2026 10:36:54 INFO  best valid : OrderedDict([('hit@10', 0.5274), ('ndcg@10', 0.386), ('mrr@10', 0.3418)])
Wed 11 Feb 2026 10:36:54 INFO  test result: OrderedDict([('hit@10', 0.492), ('ndcg@10', 0.3494), ('mrr@10', 0.3047)])
