Thu 12 Feb 2026 02:58:44 INFO  ['F:\\桌面\\recommendation_system\\scripts\\run_grid.py', '--models', 'timeweaver', '--datasets', 'amazon-beauty-5core-subset', '--seeds', '42', '--device', 'gpu', '--timeweaver-variant', 'base', '--tag', 'e0p2_k9_d0p5_l2_f512_b1000', '--output', 'results/run_grid_timeweaver_tune.json', '--tw-ema-decay', '0.2', '--tw-tcn-kernel', '9', '--tw-hidden-dropout', '0.5', '--tw-num-layers', '2', '--tw-ffn-hidden', '512', '--tw-time-bucket', '1000']
Thu 12 Feb 2026 02:58:44 INFO  
General Hyper Parameters:
gpu_id = 0
use_gpu = True
seed = 42
state = INFO
reproducibility = True
data_path = data/amazon\amazon-beauty-5core-subset
checkpoint_dir = saved
show_progress = True
save_dataset = False
dataset_save_path = None
save_dataloaders = False
dataloaders_save_path = None
log_wandb = False

Training Hyper Parameters:
epochs = 100
train_batch_size = 256
learner = adam
learning_rate = 0.001
train_neg_sample_args = {'distribution': 'none', 'sample_num': 'none', 'alpha': 'none', 'dynamic': False, 'candidate_num': 0}
eval_step = 1
stopping_step = 10
clip_grad_norm = None
weight_decay = 0.0
loss_decimal_place = 4

Evaluation Hyper Parameters:
eval_args = {'split': {'LS': 'valid_and_test'}, 'order': 'TO', 'group_by': 'user', 'mode': {'valid': 'uni100', 'test': 'uni100'}}
repeatable = True
metrics = ['Hit', 'NDCG', 'MRR']
topk = [10]
valid_metric = MRR@10
valid_metric_bigger = True
eval_batch_size = 512
metric_decimal_place = 4

Dataset Hyper Parameters:
field_separator = 	
seq_separator =  
USER_ID_FIELD = user_id
ITEM_ID_FIELD = item_id
RATING_FIELD = rating
TIME_FIELD = timestamp
seq_len = None
LABEL_FIELD = label
threshold = None
NEG_PREFIX = neg_
load_col = {'inter': ['user_id', 'item_id', 'rating', 'timestamp']}
unload_col = None
unused_col = None
additional_feat_suffix = None
rm_dup_inter = None
val_interval = None
filter_inter_by_user_or_item = True
user_inter_num_interval = [0,inf)
item_inter_num_interval = [0,inf)
alias_of_user_id = None
alias_of_item_id = None
alias_of_entity_id = None
alias_of_relation_id = None
preload_weight = None
normalize_field = None
normalize_all = None
ITEM_LIST_LENGTH_FIELD = item_length
LIST_SUFFIX = _list
MAX_ITEM_LIST_LENGTH = 32
POSITION_FIELD = position_id
HEAD_ENTITY_ID_FIELD = head_id
TAIL_ENTITY_ID_FIELD = tail_id
RELATION_ID_FIELD = relation_id
ENTITY_ID_FIELD = entity_id
benchmark_filename = None

Other Hyper Parameters: 
worker = 0
wandb_project = recbole
shuffle = True
require_pow = False
enable_amp = False
enable_scaler = False
transform = None
numerical_features = []
discretization = None
kg_reverse_r = False
entity_kg_num_interval = [0,inf)
relation_kg_num_interval = [0,inf)
MODEL_TYPE = ModelType.SEQUENTIAL
model_name = TimeWeaver
hidden_size = 64
num_layers = 2
hidden_dropout_prob = 0.5
initializer_range = 0.02
time_bucket_size = 1000
ema_decay = 0.2
tcn_kernel_size = 9
ffn_hidden_size = 512
loss_type = CE
early_stop = 10
neg_sampling = None
device = cuda
use_continuous_time = False
use_time_gate = False
use_time_augmentation = False
MODEL_INPUT_TYPE = InputType.POINTWISE
eval_type = EvaluatorType.RANKING
single_spec = True
local_rank = 0
valid_neg_sample_args = {'distribution': 'uniform', 'sample_num': 100}
test_neg_sample_args = {'distribution': 'uniform', 'sample_num': 100}


Thu 12 Feb 2026 02:58:45 INFO  amazon-beauty-5core-subset
The number of users: 7001
Average actions of users: 15.458
The number of items: 11924
Average actions of items: 9.075400486454752
The number of inters: 108206
The sparsity of the dataset: 99.87038081155896%
Remain Fields: ['user_id', 'item_id', 'rating', 'timestamp']
Thu 12 Feb 2026 02:58:46 INFO  [Training]: train_batch_size = [256] train_neg_sample_args: [{'distribution': 'none', 'sample_num': 'none', 'alpha': 'none', 'dynamic': False, 'candidate_num': 0}]
Thu 12 Feb 2026 02:58:46 INFO  [Evaluation]: eval_batch_size = [512] eval_args: [{'split': {'LS': 'valid_and_test'}, 'order': 'TO', 'group_by': 'user', 'mode': {'valid': 'uni100', 'test': 'uni100'}}]
Thu 12 Feb 2026 02:58:47 INFO  TimeWeaver(
  (item_embedding): Embedding(11924, 64, padding_idx=0)
  (time_aug): TimeAwareAugmentation(
    (pos_embedding): Embedding(32, 64)
    (time_embedding): Embedding(1000, 64)
    (layer_norm): LayerNorm((64,), eps=1e-05, elementwise_affine=True)
    (drop): Dropout(p=0.5, inplace=False)
  )
  (context_layers): ModuleList(
    (0-1): 2 x TCNNextBlock(
      (dw): DepthwiseConv1d(
        (conv): Conv1d(64, 64, kernel_size=(9,), stride=(1,), padding=(4,), groups=64)
        (bn): BatchNorm1d(64, eps=1e-05, momentum=0.1, affine=True, track_running_stats=True)
        (drop): Dropout(p=0.5, inplace=False)
      )
      (norm1): LayerNorm((64,), eps=1e-05, elementwise_affine=True)
      (conv_inter): ParallelConvInter(
        (conv1): Conv1d(64, 64, kernel_size=(1,), stride=(1,))
        (conv3): Conv1d(64, 64, kernel_size=(3,), stride=(1,), padding=(1,))
        (proj): Conv1d(64, 64, kernel_size=(1,), stride=(1,))
        (drop): Dropout(p=0.5, inplace=False)
      )
      (norm2): LayerNorm((64,), eps=1e-05, elementwise_affine=True)
      (ffn): Sequential(
        (0): Linear(in_features=64, out_features=512, bias=True)
        (1): GELU(approximate='none')
        (2): Dropout(p=0.5, inplace=False)
        (3): Linear(in_features=512, out_features=64, bias=True)
        (4): Dropout(p=0.5, inplace=False)
      )
      (norm3): LayerNorm((64,), eps=1e-05, elementwise_affine=True)
    )
  )
  (dynamic_layers): ModuleList(
    (0-1): 2 x EMAStream(
      (proj): Linear(in_features=64, out_features=64, bias=True)
    )
  )
  (weavers): ModuleList(
    (0-1): 2 x StreamWeaver(
      (proj): Linear(in_features=128, out_features=64, bias=True)
      (norm): LayerNorm((64,), eps=1e-05, elementwise_affine=True)
    )
  )
  (loss_fct): CrossEntropyLoss()
)
Trainable parameters: 1030273.0
Thu 12 Feb 2026 02:58:47 INFO  FLOPs: 6387712.0
Thu 12 Feb 2026 02:59:17 INFO  epoch 0 training [time: 28.93s, train loss: 2927.9342]
Thu 12 Feb 2026 02:59:29 INFO  epoch 0 evaluating [time: 12.29s, valid_score: 0.222100]
Thu 12 Feb 2026 02:59:29 INFO  valid result: 
hit@10 : 0.465    ndcg@10 : 0.2798    mrr@10 : 0.2221
Thu 12 Feb 2026 02:59:29 INFO  Saving current: saved\TimeWeaver-Feb-12-2026_02-58-47.pth
Thu 12 Feb 2026 02:59:59 INFO  epoch 1 training [time: 29.34s, train loss: 2692.1343]
Thu 12 Feb 2026 03:00:11 INFO  epoch 1 evaluating [time: 12.05s, valid_score: 0.289200]
Thu 12 Feb 2026 03:00:11 INFO  valid result: 
hit@10 : 0.5037    ndcg@10 : 0.3404    mrr@10 : 0.2892
Thu 12 Feb 2026 03:00:11 INFO  Saving current: saved\TimeWeaver-Feb-12-2026_02-58-47.pth
Thu 12 Feb 2026 03:00:39 INFO  epoch 2 training [time: 28.28s, train loss: 2538.0336]
Thu 12 Feb 2026 03:00:51 INFO  epoch 2 evaluating [time: 12.00s, valid_score: 0.332700]
Thu 12 Feb 2026 03:00:51 INFO  valid result: 
hit@10 : 0.5416    ndcg@10 : 0.3827    mrr@10 : 0.3327
Thu 12 Feb 2026 03:00:51 INFO  Saving current: saved\TimeWeaver-Feb-12-2026_02-58-47.pth
Thu 12 Feb 2026 03:01:19 INFO  epoch 3 training [time: 28.55s, train loss: 2420.5124]
Thu 12 Feb 2026 03:01:31 INFO  epoch 3 evaluating [time: 11.88s, valid_score: 0.344200]
Thu 12 Feb 2026 03:01:31 INFO  valid result: 
hit@10 : 0.5433    ndcg@10 : 0.3917    mrr@10 : 0.3442
Thu 12 Feb 2026 03:01:31 INFO  Saving current: saved\TimeWeaver-Feb-12-2026_02-58-47.pth
Thu 12 Feb 2026 03:02:01 INFO  epoch 4 training [time: 29.35s, train loss: 2325.5044]
Thu 12 Feb 2026 03:02:13 INFO  epoch 4 evaluating [time: 12.14s, valid_score: 0.348800]
Thu 12 Feb 2026 03:02:13 INFO  valid result: 
hit@10 : 0.5451    ndcg@10 : 0.3957    mrr@10 : 0.3488
Thu 12 Feb 2026 03:02:13 INFO  Saving current: saved\TimeWeaver-Feb-12-2026_02-58-47.pth
Thu 12 Feb 2026 03:02:42 INFO  epoch 5 training [time: 28.78s, train loss: 2243.4427]
Thu 12 Feb 2026 03:02:54 INFO  epoch 5 evaluating [time: 11.87s, valid_score: 0.351300]
Thu 12 Feb 2026 03:02:54 INFO  valid result: 
hit@10 : 0.542    ndcg@10 : 0.3967    mrr@10 : 0.3513
Thu 12 Feb 2026 03:02:54 INFO  Saving current: saved\TimeWeaver-Feb-12-2026_02-58-47.pth
Thu 12 Feb 2026 03:03:23 INFO  epoch 6 training [time: 29.34s, train loss: 2177.1458]
Thu 12 Feb 2026 03:03:35 INFO  epoch 6 evaluating [time: 12.17s, valid_score: 0.356200]
Thu 12 Feb 2026 03:03:35 INFO  valid result: 
hit@10 : 0.5471    ndcg@10 : 0.4017    mrr@10 : 0.3562
Thu 12 Feb 2026 03:03:35 INFO  Saving current: saved\TimeWeaver-Feb-12-2026_02-58-47.pth
Thu 12 Feb 2026 03:04:04 INFO  epoch 7 training [time: 28.88s, train loss: 2121.4223]
Thu 12 Feb 2026 03:04:16 INFO  epoch 7 evaluating [time: 11.86s, valid_score: 0.348500]
Thu 12 Feb 2026 03:04:16 INFO  valid result: 
hit@10 : 0.5419    ndcg@10 : 0.3946    mrr@10 : 0.3485
Thu 12 Feb 2026 03:04:45 INFO  epoch 8 training [time: 28.84s, train loss: 2073.3350]
Thu 12 Feb 2026 03:04:57 INFO  epoch 8 evaluating [time: 12.10s, valid_score: 0.352700]
Thu 12 Feb 2026 03:04:57 INFO  valid result: 
hit@10 : 0.541    ndcg@10 : 0.3975    mrr@10 : 0.3527
Thu 12 Feb 2026 03:05:25 INFO  epoch 9 training [time: 28.37s, train loss: 2036.6436]
Thu 12 Feb 2026 03:05:37 INFO  epoch 9 evaluating [time: 11.95s, valid_score: 0.350700]
Thu 12 Feb 2026 03:05:37 INFO  valid result: 
hit@10 : 0.5439    ndcg@10 : 0.3968    mrr@10 : 0.3507
Thu 12 Feb 2026 03:06:06 INFO  epoch 10 training [time: 28.80s, train loss: 2003.4578]
Thu 12 Feb 2026 03:06:18 INFO  epoch 10 evaluating [time: 12.06s, valid_score: 0.349200]
Thu 12 Feb 2026 03:06:18 INFO  valid result: 
hit@10 : 0.5426    ndcg@10 : 0.3954    mrr@10 : 0.3492
Thu 12 Feb 2026 03:06:46 INFO  epoch 11 training [time: 28.46s, train loss: 1975.4787]
Thu 12 Feb 2026 03:06:58 INFO  epoch 11 evaluating [time: 11.83s, valid_score: 0.356000]
Thu 12 Feb 2026 03:06:58 INFO  valid result: 
hit@10 : 0.5464    ndcg@10 : 0.4014    mrr@10 : 0.356
Thu 12 Feb 2026 03:07:28 INFO  epoch 12 training [time: 29.57s, train loss: 1949.1245]
Thu 12 Feb 2026 03:07:40 INFO  epoch 12 evaluating [time: 12.20s, valid_score: 0.349500]
Thu 12 Feb 2026 03:07:40 INFO  valid result: 
hit@10 : 0.5389    ndcg@10 : 0.3946    mrr@10 : 0.3495
Thu 12 Feb 2026 03:08:09 INFO  epoch 13 training [time: 29.00s, train loss: 1925.5778]
Thu 12 Feb 2026 03:08:21 INFO  epoch 13 evaluating [time: 11.83s, valid_score: 0.345500]
Thu 12 Feb 2026 03:08:21 INFO  valid result: 
hit@10 : 0.5371    ndcg@10 : 0.3912    mrr@10 : 0.3455
Thu 12 Feb 2026 03:08:49 INFO  epoch 14 training [time: 28.33s, train loss: 1905.1479]
Thu 12 Feb 2026 03:09:01 INFO  epoch 14 evaluating [time: 12.09s, valid_score: 0.347800]
Thu 12 Feb 2026 03:09:01 INFO  valid result: 
hit@10 : 0.5397    ndcg@10 : 0.3935    mrr@10 : 0.3478
Thu 12 Feb 2026 03:09:30 INFO  epoch 15 training [time: 28.54s, train loss: 1885.8913]
Thu 12 Feb 2026 03:09:42 INFO  epoch 15 evaluating [time: 12.00s, valid_score: 0.343200]
Thu 12 Feb 2026 03:09:42 INFO  valid result: 
hit@10 : 0.5326    ndcg@10 : 0.3884    mrr@10 : 0.3432
Thu 12 Feb 2026 03:10:11 INFO  epoch 16 training [time: 28.92s, train loss: 1867.9686]
Thu 12 Feb 2026 03:10:23 INFO  epoch 16 evaluating [time: 12.08s, valid_score: 0.342000]
Thu 12 Feb 2026 03:10:23 INFO  valid result: 
hit@10 : 0.5374    ndcg@10 : 0.3885    mrr@10 : 0.342
Thu 12 Feb 2026 03:10:52 INFO  epoch 17 training [time: 28.74s, train loss: 1851.7444]
Thu 12 Feb 2026 03:11:04 INFO  epoch 17 evaluating [time: 11.86s, valid_score: 0.340200]
Thu 12 Feb 2026 03:11:04 INFO  valid result: 
hit@10 : 0.5363    ndcg@10 : 0.3868    mrr@10 : 0.3402
Thu 12 Feb 2026 03:11:04 INFO  Finished training, best eval result in epoch 6
Thu 12 Feb 2026 03:11:04 INFO  Loading model structure and parameters from saved\TimeWeaver-Feb-12-2026_02-58-47.pth
Thu 12 Feb 2026 03:11:17 INFO  The running environment of this training is as follows:
+-------------+----------------+
| Environment |     Usage      |
+=============+================+
| CPU         |     3.00 %     |
+-------------+----------------+
| GPU         | 0.31 G/6.00 G  |
+-------------+----------------+
| Memory      | 1.54 G/15.63 G |
+-------------+----------------+
Thu 12 Feb 2026 03:11:17 INFO  best valid : OrderedDict([('hit@10', 0.5471), ('ndcg@10', 0.4017), ('mrr@10', 0.3562)])
Thu 12 Feb 2026 03:11:17 INFO  test result: OrderedDict([('hit@10', 0.5083), ('ndcg@10', 0.3625), ('mrr@10', 0.3168)])
