Sat 14 Mar 2026 16:19:15 INFO  ['F:\\桌面\\recommendation_system\\scripts\\run_grid.py', '--models', 'timeweaver', '--datasets', 'amazon-sports-5core-longseq-full', '--seeds', '42,2023,2024', '--device', 'gpu', '--timeweaver-variant', 'aug_only', '--output', 'F:\\桌面\\recommendation_system\\results\\param_sweeps\\timeweaver_param_A_contrastive.json', '--tag', 'A_w0.05_t0.1', '--skip-if-done', '--tw-contrastive-weight', '0.05', '--tw-contrastive-temp', '0.1']
Sat 14 Mar 2026 16:19:15 INFO  
General Hyper Parameters:
gpu_id = 0
use_gpu = True
seed = 42
state = INFO
reproducibility = True
data_path = data/amazon\amazon-sports-5core-longseq
checkpoint_dir = saved
show_progress = True
save_dataset = False
dataset_save_path = None
save_dataloaders = False
dataloaders_save_path = None
log_wandb = False

Training Hyper Parameters:
epochs = 100
train_batch_size = 256
learner = adam
learning_rate = 0.001
train_neg_sample_args = {'distribution': 'none', 'sample_num': 'none', 'alpha': 'none', 'dynamic': False, 'candidate_num': 0}
eval_step = 1
stopping_step = 10
clip_grad_norm = None
weight_decay = 0.0
loss_decimal_place = 4

Evaluation Hyper Parameters:
eval_args = {'split': {'LS': 'valid_and_test'}, 'order': 'TO', 'group_by': 'user', 'mode': {'valid': 'full', 'test': 'full'}}
repeatable = True
metrics = ['Hit', 'NDCG', 'MRR']
topk = [10]
valid_metric = Hit@10
valid_metric_bigger = True
eval_batch_size = 512
metric_decimal_place = 4

Dataset Hyper Parameters:
field_separator = 	
seq_separator =  
USER_ID_FIELD = user_id
ITEM_ID_FIELD = item_id
RATING_FIELD = rating
TIME_FIELD = timestamp
seq_len = None
LABEL_FIELD = label
threshold = None
NEG_PREFIX = neg_
load_col = {'inter': ['user_id', 'item_id', 'rating', 'timestamp']}
unload_col = None
unused_col = None
additional_feat_suffix = None
rm_dup_inter = None
val_interval = None
filter_inter_by_user_or_item = True
user_inter_num_interval = [0,inf)
item_inter_num_interval = [0,inf)
alias_of_user_id = None
alias_of_item_id = None
alias_of_entity_id = None
alias_of_relation_id = None
preload_weight = None
normalize_field = None
normalize_all = None
ITEM_LIST_LENGTH_FIELD = item_length
LIST_SUFFIX = _list
MAX_ITEM_LIST_LENGTH = 32
POSITION_FIELD = position_id
HEAD_ENTITY_ID_FIELD = head_id
TAIL_ENTITY_ID_FIELD = tail_id
RELATION_ID_FIELD = relation_id
ENTITY_ID_FIELD = entity_id
benchmark_filename = None

Other Hyper Parameters: 
worker = 0
wandb_project = recbole
shuffle = True
require_pow = False
enable_amp = False
enable_scaler = False
transform = None
numerical_features = []
discretization = None
kg_reverse_r = False
entity_kg_num_interval = [0,inf)
relation_kg_num_interval = [0,inf)
MODEL_TYPE = ModelType.SEQUENTIAL
model_name = TimeWeaver
hidden_size = 64
num_layers = 2
hidden_dropout_prob = 0.5
initializer_range = 0.02
time_bucket_size = 1000
ema_decay = 0.5
tcn_kernel_size = -1
ffn_hidden_size = 256
loss_type = CE
early_stop = 10
neg_sampling = None
device = cuda
use_continuous_time = False
use_time_gate = False
use_time_augmentation = True
contrastive_weight = 0.05
contrastive_temp = 0.1
MODEL_INPUT_TYPE = InputType.POINTWISE
eval_type = EvaluatorType.RANKING
single_spec = True
local_rank = 0
valid_neg_sample_args = {'distribution': 'uniform', 'sample_num': 'none'}
test_neg_sample_args = {'distribution': 'uniform', 'sample_num': 'none'}


Sat 14 Mar 2026 16:19:16 INFO  amazon-sports-5core-longseq
The number of users: 2181
Average actions of users: 25.74678899082569
The number of items: 14556
Average actions of items: 3.8562693232566128
The number of inters: 56128
The sparsity of the dataset: 99.82320016520806%
Remain Fields: ['user_id', 'item_id', 'rating', 'timestamp']
Sat 14 Mar 2026 16:19:17 INFO  [Training]: train_batch_size = [256] train_neg_sample_args: [{'distribution': 'none', 'sample_num': 'none', 'alpha': 'none', 'dynamic': False, 'candidate_num': 0}]
Sat 14 Mar 2026 16:19:17 INFO  [Evaluation]: eval_batch_size = [512] eval_args: [{'split': {'LS': 'valid_and_test'}, 'order': 'TO', 'group_by': 'user', 'mode': {'valid': 'full', 'test': 'full'}}]
Sat 14 Mar 2026 16:19:17 INFO  TimeWeaver(
  (item_embedding): Embedding(14556, 64, padding_idx=0)
  (time_aug): TimeAwareAugmentation(
    (pos_embedding): Embedding(32, 64)
    (time_embedding): Embedding(1000, 64)
    (layer_norm): LayerNorm((64,), eps=1e-05, elementwise_affine=True)
    (drop): Dropout(p=0.5, inplace=False)
  )
  (context_layers): ModuleList(
    (0-1): 2 x TCNNextBlock(
      (dw): DepthwiseConv1d(
        (conv): Conv1d(64, 64, kernel_size=(11,), stride=(1,), padding=(5,), groups=64)
        (bn): BatchNorm1d(64, eps=1e-05, momentum=0.1, affine=True, track_running_stats=True)
        (drop): Dropout(p=0.5, inplace=False)
      )
      (norm1): LayerNorm((64,), eps=1e-05, elementwise_affine=True)
      (conv_inter): ParallelConvInter(
        (conv1): Conv1d(64, 64, kernel_size=(1,), stride=(1,))
        (conv3): Conv1d(64, 64, kernel_size=(3,), stride=(1,), padding=(1,))
        (proj): Conv1d(64, 64, kernel_size=(1,), stride=(1,))
        (drop): Dropout(p=0.5, inplace=False)
      )
      (norm2): LayerNorm((64,), eps=1e-05, elementwise_affine=True)
      (ffn): Sequential(
        (0): Linear(in_features=64, out_features=256, bias=True)
        (1): GELU(approximate='none')
        (2): Dropout(p=0.5, inplace=False)
        (3): Linear(in_features=256, out_features=64, bias=True)
        (4): Dropout(p=0.5, inplace=False)
      )
      (norm3): LayerNorm((64,), eps=1e-05, elementwise_affine=True)
    )
  )
  (dynamic_layers): ModuleList(
    (0-1): 2 x EMAStream(
      (proj): Linear(in_features=64, out_features=64, bias=True)
    )
  )
  (weavers): ModuleList(
    (0-1): 2 x StreamWeaver(
      (proj): Linear(in_features=128, out_features=64, bias=True)
      (norm): LayerNorm((64,), eps=1e-05, elementwise_affine=True)
    )
  )
  (loss_fct): CrossEntropyLoss()
)
Trainable parameters: 1132929.0
Sat 14 Mar 2026 16:19:18 INFO  FLOPs: 4298752.0
Sat 14 Mar 2026 16:19:38 INFO  epoch 0 training [time: 19.07s, train loss: 1809.4322]
Sat 14 Mar 2026 16:19:38 INFO  epoch 0 evaluating [time: 0.09s, valid_score: 0.012400]
Sat 14 Mar 2026 16:19:38 INFO  valid result: 
hit@10 : 0.0124    ndcg@10 : 0.0063    mrr@10 : 0.0046
Sat 14 Mar 2026 16:19:38 INFO  Saving current: saved\TimeWeaver-Mar-14-2026_16-19-18.pth
Sat 14 Mar 2026 16:19:57 INFO  epoch 1 training [time: 19.02s, train loss: 1735.6456]
Sat 14 Mar 2026 16:19:57 INFO  epoch 1 evaluating [time: 0.06s, valid_score: 0.015100]
Sat 14 Mar 2026 16:19:57 INFO  valid result: 
hit@10 : 0.0151    ndcg@10 : 0.0072    mrr@10 : 0.0049
Sat 14 Mar 2026 16:19:58 INFO  Saving current: saved\TimeWeaver-Mar-14-2026_16-19-18.pth
Sat 14 Mar 2026 16:20:17 INFO  epoch 2 training [time: 19.48s, train loss: 1671.3945]
Sat 14 Mar 2026 16:20:17 INFO  epoch 2 evaluating [time: 0.07s, valid_score: 0.029400]
Sat 14 Mar 2026 16:20:17 INFO  valid result: 
hit@10 : 0.0294    ndcg@10 : 0.0134    mrr@10 : 0.0087
Sat 14 Mar 2026 16:20:17 INFO  Saving current: saved\TimeWeaver-Mar-14-2026_16-19-18.pth
Sat 14 Mar 2026 16:20:37 INFO  epoch 3 training [time: 19.81s, train loss: 1594.9921]
Sat 14 Mar 2026 16:20:37 INFO  epoch 3 evaluating [time: 0.10s, valid_score: 0.026600]
Sat 14 Mar 2026 16:20:37 INFO  valid result: 
hit@10 : 0.0266    ndcg@10 : 0.0131    mrr@10 : 0.009
Sat 14 Mar 2026 16:20:55 INFO  epoch 4 training [time: 17.60s, train loss: 1520.7400]
Sat 14 Mar 2026 16:20:55 INFO  epoch 4 evaluating [time: 0.08s, valid_score: 0.026100]
Sat 14 Mar 2026 16:20:55 INFO  valid result: 
hit@10 : 0.0261    ndcg@10 : 0.0124    mrr@10 : 0.0082
Sat 14 Mar 2026 16:21:18 INFO  epoch 5 training [time: 23.13s, train loss: 1447.1261]
Sat 14 Mar 2026 16:21:18 INFO  epoch 5 evaluating [time: 0.10s, valid_score: 0.028400]
Sat 14 Mar 2026 16:21:18 INFO  valid result: 
hit@10 : 0.0284    ndcg@10 : 0.0131    mrr@10 : 0.0084
Sat 14 Mar 2026 16:21:52 INFO  epoch 6 training [time: 33.62s, train loss: 1378.2494]
Sat 14 Mar 2026 16:21:52 INFO  epoch 6 evaluating [time: 0.08s, valid_score: 0.029800]
Sat 14 Mar 2026 16:21:52 INFO  valid result: 
hit@10 : 0.0298    ndcg@10 : 0.0129    mrr@10 : 0.0077
Sat 14 Mar 2026 16:21:52 INFO  Saving current: saved\TimeWeaver-Mar-14-2026_16-19-18.pth
Sat 14 Mar 2026 16:22:27 INFO  epoch 7 training [time: 35.71s, train loss: 1310.5770]
Sat 14 Mar 2026 16:22:27 INFO  epoch 7 evaluating [time: 0.10s, valid_score: 0.029400]
Sat 14 Mar 2026 16:22:27 INFO  valid result: 
hit@10 : 0.0294    ndcg@10 : 0.0131    mrr@10 : 0.0081
Sat 14 Mar 2026 16:23:04 INFO  epoch 8 training [time: 36.13s, train loss: 1250.8438]
Sat 14 Mar 2026 16:23:04 INFO  epoch 8 evaluating [time: 0.08s, valid_score: 0.033000]
Sat 14 Mar 2026 16:23:04 INFO  valid result: 
hit@10 : 0.033    ndcg@10 : 0.0148    mrr@10 : 0.0093
Sat 14 Mar 2026 16:23:04 INFO  Saving current: saved\TimeWeaver-Mar-14-2026_16-19-18.pth
Sat 14 Mar 2026 16:23:40 INFO  epoch 9 training [time: 36.04s, train loss: 1198.6807]
Sat 14 Mar 2026 16:23:40 INFO  epoch 9 evaluating [time: 0.10s, valid_score: 0.033000]
Sat 14 Mar 2026 16:23:40 INFO  valid result: 
hit@10 : 0.033    ndcg@10 : 0.0143    mrr@10 : 0.0087
Sat 14 Mar 2026 16:23:40 INFO  Saving current: saved\TimeWeaver-Mar-14-2026_16-19-18.pth
Sat 14 Mar 2026 16:24:18 INFO  epoch 10 training [time: 38.60s, train loss: 1152.1606]
Sat 14 Mar 2026 16:24:19 INFO  epoch 10 evaluating [time: 0.09s, valid_score: 0.030700]
Sat 14 Mar 2026 16:24:19 INFO  valid result: 
hit@10 : 0.0307    ndcg@10 : 0.0141    mrr@10 : 0.009
Sat 14 Mar 2026 16:24:56 INFO  epoch 11 training [time: 37.57s, train loss: 1109.3442]
Sat 14 Mar 2026 16:24:56 INFO  epoch 11 evaluating [time: 0.10s, valid_score: 0.031700]
Sat 14 Mar 2026 16:24:56 INFO  valid result: 
hit@10 : 0.0317    ndcg@10 : 0.0142    mrr@10 : 0.0089
Sat 14 Mar 2026 16:25:33 INFO  epoch 12 training [time: 37.19s, train loss: 1077.2498]
Sat 14 Mar 2026 16:25:33 INFO  epoch 12 evaluating [time: 0.09s, valid_score: 0.031200]
Sat 14 Mar 2026 16:25:33 INFO  valid result: 
hit@10 : 0.0312    ndcg@10 : 0.0136    mrr@10 : 0.0083
Sat 14 Mar 2026 16:26:10 INFO  epoch 13 training [time: 36.73s, train loss: 1046.6803]
Sat 14 Mar 2026 16:26:10 INFO  epoch 13 evaluating [time: 0.09s, valid_score: 0.033000]
Sat 14 Mar 2026 16:26:10 INFO  valid result: 
hit@10 : 0.033    ndcg@10 : 0.0142    mrr@10 : 0.0085
Sat 14 Mar 2026 16:26:10 INFO  Saving current: saved\TimeWeaver-Mar-14-2026_16-19-18.pth
Sat 14 Mar 2026 16:26:48 INFO  epoch 14 training [time: 37.57s, train loss: 1016.1953]
Sat 14 Mar 2026 16:26:48 INFO  epoch 14 evaluating [time: 0.10s, valid_score: 0.030700]
Sat 14 Mar 2026 16:26:48 INFO  valid result: 
hit@10 : 0.0307    ndcg@10 : 0.0134    mrr@10 : 0.0081
Sat 14 Mar 2026 16:27:24 INFO  epoch 15 training [time: 36.09s, train loss: 992.5570]
Sat 14 Mar 2026 16:27:24 INFO  epoch 15 evaluating [time: 0.10s, valid_score: 0.028400]
Sat 14 Mar 2026 16:27:24 INFO  valid result: 
hit@10 : 0.0284    ndcg@10 : 0.0127    mrr@10 : 0.008
Sat 14 Mar 2026 16:28:02 INFO  epoch 16 training [time: 37.63s, train loss: 969.8069]
Sat 14 Mar 2026 16:28:02 INFO  epoch 16 evaluating [time: 0.10s, valid_score: 0.023900]
Sat 14 Mar 2026 16:28:02 INFO  valid result: 
hit@10 : 0.0239    ndcg@10 : 0.0106    mrr@10 : 0.0066
Sat 14 Mar 2026 16:28:41 INFO  epoch 17 training [time: 39.53s, train loss: 946.1297]
Sat 14 Mar 2026 16:28:42 INFO  epoch 17 evaluating [time: 0.10s, valid_score: 0.026600]
Sat 14 Mar 2026 16:28:42 INFO  valid result: 
hit@10 : 0.0266    ndcg@10 : 0.012    mrr@10 : 0.0076
Sat 14 Mar 2026 16:29:19 INFO  epoch 18 training [time: 37.15s, train loss: 927.9859]
Sat 14 Mar 2026 16:29:19 INFO  epoch 18 evaluating [time: 0.11s, valid_score: 0.025700]
Sat 14 Mar 2026 16:29:19 INFO  valid result: 
hit@10 : 0.0257    ndcg@10 : 0.011    mrr@10 : 0.0066
Sat 14 Mar 2026 16:29:56 INFO  epoch 19 training [time: 37.44s, train loss: 907.6905]
Sat 14 Mar 2026 16:29:56 INFO  epoch 19 evaluating [time: 0.10s, valid_score: 0.027500]
Sat 14 Mar 2026 16:29:56 INFO  valid result: 
hit@10 : 0.0275    ndcg@10 : 0.0124    mrr@10 : 0.0079
Sat 14 Mar 2026 16:30:33 INFO  epoch 20 training [time: 36.82s, train loss: 889.4467]
Sat 14 Mar 2026 16:30:33 INFO  epoch 20 evaluating [time: 0.10s, valid_score: 0.025200]
Sat 14 Mar 2026 16:30:33 INFO  valid result: 
hit@10 : 0.0252    ndcg@10 : 0.0113    mrr@10 : 0.0071
Sat 14 Mar 2026 16:31:10 INFO  epoch 21 training [time: 36.88s, train loss: 873.5602]
Sat 14 Mar 2026 16:31:10 INFO  epoch 21 evaluating [time: 0.10s, valid_score: 0.023900]
Sat 14 Mar 2026 16:31:10 INFO  valid result: 
hit@10 : 0.0239    ndcg@10 : 0.0108    mrr@10 : 0.0069
Sat 14 Mar 2026 16:31:48 INFO  epoch 22 training [time: 37.51s, train loss: 854.9057]
Sat 14 Mar 2026 16:31:48 INFO  epoch 22 evaluating [time: 0.11s, valid_score: 0.022900]
Sat 14 Mar 2026 16:31:48 INFO  valid result: 
hit@10 : 0.0229    ndcg@10 : 0.0113    mrr@10 : 0.0079
Sat 14 Mar 2026 16:32:26 INFO  epoch 23 training [time: 38.42s, train loss: 840.5571]
Sat 14 Mar 2026 16:32:26 INFO  epoch 23 evaluating [time: 0.09s, valid_score: 0.022900]
Sat 14 Mar 2026 16:32:26 INFO  valid result: 
hit@10 : 0.0229    ndcg@10 : 0.0111    mrr@10 : 0.0076
Sat 14 Mar 2026 16:33:03 INFO  epoch 24 training [time: 36.39s, train loss: 828.4240]
Sat 14 Mar 2026 16:33:03 INFO  epoch 24 evaluating [time: 0.08s, valid_score: 0.023900]
Sat 14 Mar 2026 16:33:03 INFO  valid result: 
hit@10 : 0.0239    ndcg@10 : 0.0116    mrr@10 : 0.0079
Sat 14 Mar 2026 16:33:03 INFO  Finished training, best eval result in epoch 13
Sat 14 Mar 2026 16:33:03 INFO  Loading model structure and parameters from saved\TimeWeaver-Mar-14-2026_16-19-18.pth
Sat 14 Mar 2026 16:33:04 INFO  The running environment of this training is as follows:
+-------------+----------------+
| Environment |     Usage      |
+=============+================+
| CPU         |     7.30 %     |
+-------------+----------------+
| GPU         | 0.33 G/6.00 G  |
+-------------+----------------+
| Memory      | 1.51 G/15.63 G |
+-------------+----------------+
Sat 14 Mar 2026 16:33:04 INFO  best valid : OrderedDict([('hit@10', 0.033), ('ndcg@10', 0.0142), ('mrr@10', 0.0085)])
Sat 14 Mar 2026 16:33:04 INFO  test result: OrderedDict([('hit@10', 0.022), ('ndcg@10', 0.0102), ('mrr@10', 0.0066)])
Sat 14 Mar 2026 16:33:04 WARNING  command line args [--models timeweaver --datasets amazon-sports-5core-longseq-full --seeds 42,2023,2024 --device gpu --timeweaver-variant aug_only --output F:\桌面\recommendation_system\results\param_sweeps\timeweaver_param_A_contrastive.json --tag A_w0.05_t0.1 --skip-if-done --tw-contrastive-weight 0.05 --tw-contrastive-temp 0.1] will not be used in RecBole
Sat 14 Mar 2026 16:33:04 INFO  ['F:\\桌面\\recommendation_system\\scripts\\run_grid.py', '--models', 'timeweaver', '--datasets', 'amazon-sports-5core-longseq-full', '--seeds', '42,2023,2024', '--device', 'gpu', '--timeweaver-variant', 'aug_only', '--output', 'F:\\桌面\\recommendation_system\\results\\param_sweeps\\timeweaver_param_A_contrastive.json', '--tag', 'A_w0.05_t0.1', '--skip-if-done', '--tw-contrastive-weight', '0.05', '--tw-contrastive-temp', '0.1']
Sat 14 Mar 2026 16:33:04 INFO  
General Hyper Parameters:
gpu_id = 0
use_gpu = True
seed = 2023
state = INFO
reproducibility = True
data_path = data/amazon\amazon-sports-5core-longseq
checkpoint_dir = saved
show_progress = True
save_dataset = False
dataset_save_path = None
save_dataloaders = False
dataloaders_save_path = None
log_wandb = False

Training Hyper Parameters:
epochs = 100
train_batch_size = 256
learner = adam
learning_rate = 0.001
train_neg_sample_args = {'distribution': 'none', 'sample_num': 'none', 'alpha': 'none', 'dynamic': False, 'candidate_num': 0}
eval_step = 1
stopping_step = 10
clip_grad_norm = None
weight_decay = 0.0
loss_decimal_place = 4

Evaluation Hyper Parameters:
eval_args = {'split': {'LS': 'valid_and_test'}, 'order': 'TO', 'group_by': 'user', 'mode': {'valid': 'full', 'test': 'full'}}
repeatable = True
metrics = ['Hit', 'NDCG', 'MRR']
topk = [10]
valid_metric = Hit@10
valid_metric_bigger = True
eval_batch_size = 512
metric_decimal_place = 4

Dataset Hyper Parameters:
field_separator = 	
seq_separator =  
USER_ID_FIELD = user_id
ITEM_ID_FIELD = item_id
RATING_FIELD = rating
TIME_FIELD = timestamp
seq_len = None
LABEL_FIELD = label
threshold = None
NEG_PREFIX = neg_
load_col = {'inter': ['user_id', 'item_id', 'rating', 'timestamp']}
unload_col = None
unused_col = None
additional_feat_suffix = None
rm_dup_inter = None
val_interval = None
filter_inter_by_user_or_item = True
user_inter_num_interval = [0,inf)
item_inter_num_interval = [0,inf)
alias_of_user_id = None
alias_of_item_id = None
alias_of_entity_id = None
alias_of_relation_id = None
preload_weight = None
normalize_field = None
normalize_all = None
ITEM_LIST_LENGTH_FIELD = item_length
LIST_SUFFIX = _list
MAX_ITEM_LIST_LENGTH = 32
POSITION_FIELD = position_id
HEAD_ENTITY_ID_FIELD = head_id
TAIL_ENTITY_ID_FIELD = tail_id
RELATION_ID_FIELD = relation_id
ENTITY_ID_FIELD = entity_id
benchmark_filename = None

Other Hyper Parameters: 
worker = 0
wandb_project = recbole
shuffle = True
require_pow = False
enable_amp = False
enable_scaler = False
transform = None
numerical_features = []
discretization = None
kg_reverse_r = False
entity_kg_num_interval = [0,inf)
relation_kg_num_interval = [0,inf)
MODEL_TYPE = ModelType.SEQUENTIAL
model_name = TimeWeaver
hidden_size = 64
num_layers = 2
hidden_dropout_prob = 0.5
initializer_range = 0.02
time_bucket_size = 1000
ema_decay = 0.5
tcn_kernel_size = -1
ffn_hidden_size = 256
loss_type = CE
early_stop = 10
neg_sampling = None
device = cuda
use_continuous_time = False
use_time_gate = False
use_time_augmentation = True
contrastive_weight = 0.05
contrastive_temp = 0.1
MODEL_INPUT_TYPE = InputType.POINTWISE
eval_type = EvaluatorType.RANKING
single_spec = True
local_rank = 0
valid_neg_sample_args = {'distribution': 'uniform', 'sample_num': 'none'}
test_neg_sample_args = {'distribution': 'uniform', 'sample_num': 'none'}


Sat 14 Mar 2026 16:33:04 INFO  amazon-sports-5core-longseq
The number of users: 2181
Average actions of users: 25.74678899082569
The number of items: 14556
Average actions of items: 3.8562693232566128
The number of inters: 56128
The sparsity of the dataset: 99.82320016520806%
Remain Fields: ['user_id', 'item_id', 'rating', 'timestamp']
Sat 14 Mar 2026 16:33:05 INFO  [Training]: train_batch_size = [256] train_neg_sample_args: [{'distribution': 'none', 'sample_num': 'none', 'alpha': 'none', 'dynamic': False, 'candidate_num': 0}]
Sat 14 Mar 2026 16:33:05 INFO  [Evaluation]: eval_batch_size = [512] eval_args: [{'split': {'LS': 'valid_and_test'}, 'order': 'TO', 'group_by': 'user', 'mode': {'valid': 'full', 'test': 'full'}}]
Sat 14 Mar 2026 16:33:05 INFO  TimeWeaver(
  (item_embedding): Embedding(14556, 64, padding_idx=0)
  (time_aug): TimeAwareAugmentation(
    (pos_embedding): Embedding(32, 64)
    (time_embedding): Embedding(1000, 64)
    (layer_norm): LayerNorm((64,), eps=1e-05, elementwise_affine=True)
    (drop): Dropout(p=0.5, inplace=False)
  )
  (context_layers): ModuleList(
    (0-1): 2 x TCNNextBlock(
      (dw): DepthwiseConv1d(
        (conv): Conv1d(64, 64, kernel_size=(11,), stride=(1,), padding=(5,), groups=64)
        (bn): BatchNorm1d(64, eps=1e-05, momentum=0.1, affine=True, track_running_stats=True)
        (drop): Dropout(p=0.5, inplace=False)
      )
      (norm1): LayerNorm((64,), eps=1e-05, elementwise_affine=True)
      (conv_inter): ParallelConvInter(
        (conv1): Conv1d(64, 64, kernel_size=(1,), stride=(1,))
        (conv3): Conv1d(64, 64, kernel_size=(3,), stride=(1,), padding=(1,))
        (proj): Conv1d(64, 64, kernel_size=(1,), stride=(1,))
        (drop): Dropout(p=0.5, inplace=False)
      )
      (norm2): LayerNorm((64,), eps=1e-05, elementwise_affine=True)
      (ffn): Sequential(
        (0): Linear(in_features=64, out_features=256, bias=True)
        (1): GELU(approximate='none')
        (2): Dropout(p=0.5, inplace=False)
        (3): Linear(in_features=256, out_features=64, bias=True)
        (4): Dropout(p=0.5, inplace=False)
      )
      (norm3): LayerNorm((64,), eps=1e-05, elementwise_affine=True)
    )
  )
  (dynamic_layers): ModuleList(
    (0-1): 2 x EMAStream(
      (proj): Linear(in_features=64, out_features=64, bias=True)
    )
  )
  (weavers): ModuleList(
    (0-1): 2 x StreamWeaver(
      (proj): Linear(in_features=128, out_features=64, bias=True)
      (norm): LayerNorm((64,), eps=1e-05, elementwise_affine=True)
    )
  )
  (loss_fct): CrossEntropyLoss()
)
Trainable parameters: 1132929.0
Sat 14 Mar 2026 16:33:05 INFO  FLOPs: 4298752.0
Sat 14 Mar 2026 16:33:24 INFO  epoch 0 training [time: 18.10s, train loss: 1810.2932]
Sat 14 Mar 2026 16:33:24 INFO  epoch 0 evaluating [time: 0.10s, valid_score: 0.011500]
Sat 14 Mar 2026 16:33:24 INFO  valid result: 
hit@10 : 0.0115    ndcg@10 : 0.0061    mrr@10 : 0.0044
Sat 14 Mar 2026 16:33:24 INFO  Saving current: saved\TimeWeaver-Mar-14-2026_16-33-05.pth
Sat 14 Mar 2026 16:33:42 INFO  epoch 1 training [time: 18.47s, train loss: 1735.3626]
Sat 14 Mar 2026 16:33:42 INFO  epoch 1 evaluating [time: 0.09s, valid_score: 0.013800]
Sat 14 Mar 2026 16:33:42 INFO  valid result: 
hit@10 : 0.0138    ndcg@10 : 0.0073    mrr@10 : 0.0054
Sat 14 Mar 2026 16:33:42 INFO  Saving current: saved\TimeWeaver-Mar-14-2026_16-33-05.pth
Sat 14 Mar 2026 16:34:00 INFO  epoch 2 training [time: 18.01s, train loss: 1672.5438]
Sat 14 Mar 2026 16:34:00 INFO  epoch 2 evaluating [time: 0.09s, valid_score: 0.027500]
Sat 14 Mar 2026 16:34:00 INFO  valid result: 
hit@10 : 0.0275    ndcg@10 : 0.0132    mrr@10 : 0.009
Sat 14 Mar 2026 16:34:00 INFO  Saving current: saved\TimeWeaver-Mar-14-2026_16-33-05.pth
Sat 14 Mar 2026 16:34:19 INFO  epoch 3 training [time: 18.13s, train loss: 1598.5518]
Sat 14 Mar 2026 16:34:19 INFO  epoch 3 evaluating [time: 0.09s, valid_score: 0.025200]
Sat 14 Mar 2026 16:34:19 INFO  valid result: 
hit@10 : 0.0252    ndcg@10 : 0.0126    mrr@10 : 0.0087
Sat 14 Mar 2026 16:34:37 INFO  epoch 4 training [time: 18.28s, train loss: 1523.7081]
Sat 14 Mar 2026 16:34:37 INFO  epoch 4 evaluating [time: 0.09s, valid_score: 0.026100]
Sat 14 Mar 2026 16:34:37 INFO  valid result: 
hit@10 : 0.0261    ndcg@10 : 0.0131    mrr@10 : 0.0092
Sat 14 Mar 2026 16:34:59 INFO  epoch 5 training [time: 22.32s, train loss: 1450.3207]
Sat 14 Mar 2026 16:34:59 INFO  epoch 5 evaluating [time: 0.08s, valid_score: 0.028000]
Sat 14 Mar 2026 16:34:59 INFO  valid result: 
hit@10 : 0.028    ndcg@10 : 0.0124    mrr@10 : 0.0077
Sat 14 Mar 2026 16:34:59 INFO  Saving current: saved\TimeWeaver-Mar-14-2026_16-33-05.pth
Sat 14 Mar 2026 16:35:33 INFO  epoch 6 training [time: 33.29s, train loss: 1378.8649]
Sat 14 Mar 2026 16:35:33 INFO  epoch 6 evaluating [time: 0.11s, valid_score: 0.026100]
Sat 14 Mar 2026 16:35:33 INFO  valid result: 
hit@10 : 0.0261    ndcg@10 : 0.0122    mrr@10 : 0.0079
Sat 14 Mar 2026 16:36:10 INFO  epoch 7 training [time: 37.66s, train loss: 1310.6997]
Sat 14 Mar 2026 16:36:11 INFO  epoch 7 evaluating [time: 0.09s, valid_score: 0.031200]
Sat 14 Mar 2026 16:36:11 INFO  valid result: 
hit@10 : 0.0312    ndcg@10 : 0.0139    mrr@10 : 0.0086
Sat 14 Mar 2026 16:36:11 INFO  Saving current: saved\TimeWeaver-Mar-14-2026_16-33-05.pth
Sat 14 Mar 2026 16:36:48 INFO  epoch 8 training [time: 37.54s, train loss: 1250.3903]
Sat 14 Mar 2026 16:36:48 INFO  epoch 8 evaluating [time: 0.09s, valid_score: 0.031200]
Sat 14 Mar 2026 16:36:48 INFO  valid result: 
hit@10 : 0.0312    ndcg@10 : 0.0133    mrr@10 : 0.0079
Sat 14 Mar 2026 16:36:48 INFO  Saving current: saved\TimeWeaver-Mar-14-2026_16-33-05.pth
Sat 14 Mar 2026 16:37:24 INFO  epoch 9 training [time: 36.06s, train loss: 1196.9542]
Sat 14 Mar 2026 16:37:24 INFO  epoch 9 evaluating [time: 0.10s, valid_score: 0.034400]
Sat 14 Mar 2026 16:37:24 INFO  valid result: 
hit@10 : 0.0344    ndcg@10 : 0.0142    mrr@10 : 0.0082
Sat 14 Mar 2026 16:37:24 INFO  Saving current: saved\TimeWeaver-Mar-14-2026_16-33-05.pth
Sat 14 Mar 2026 16:38:01 INFO  epoch 10 training [time: 36.69s, train loss: 1151.9197]
Sat 14 Mar 2026 16:38:01 INFO  epoch 10 evaluating [time: 0.08s, valid_score: 0.030300]
Sat 14 Mar 2026 16:38:01 INFO  valid result: 
hit@10 : 0.0303    ndcg@10 : 0.0133    mrr@10 : 0.0081
Sat 14 Mar 2026 16:38:37 INFO  epoch 11 training [time: 36.25s, train loss: 1112.2934]
Sat 14 Mar 2026 16:38:38 INFO  epoch 11 evaluating [time: 0.09s, valid_score: 0.030300]
Sat 14 Mar 2026 16:38:38 INFO  valid result: 
hit@10 : 0.0303    ndcg@10 : 0.013    mrr@10 : 0.0078
Sat 14 Mar 2026 16:39:18 INFO  epoch 12 training [time: 40.37s, train loss: 1076.2665]
Sat 14 Mar 2026 16:39:18 INFO  epoch 12 evaluating [time: 0.10s, valid_score: 0.029800]
Sat 14 Mar 2026 16:39:18 INFO  valid result: 
hit@10 : 0.0298    ndcg@10 : 0.0129    mrr@10 : 0.0078
Sat 14 Mar 2026 16:39:57 INFO  epoch 13 training [time: 38.64s, train loss: 1049.1165]
Sat 14 Mar 2026 16:39:57 INFO  epoch 13 evaluating [time: 0.11s, valid_score: 0.030300]
Sat 14 Mar 2026 16:39:57 INFO  valid result: 
hit@10 : 0.0303    ndcg@10 : 0.0127    mrr@10 : 0.0073
Sat 14 Mar 2026 16:40:35 INFO  epoch 14 training [time: 38.56s, train loss: 1021.4024]
Sat 14 Mar 2026 16:40:35 INFO  epoch 14 evaluating [time: 0.09s, valid_score: 0.028000]
Sat 14 Mar 2026 16:40:35 INFO  valid result: 
hit@10 : 0.028    ndcg@10 : 0.0125    mrr@10 : 0.0078
Sat 14 Mar 2026 16:41:14 INFO  epoch 15 training [time: 38.20s, train loss: 996.1665]
Sat 14 Mar 2026 16:41:14 INFO  epoch 15 evaluating [time: 0.10s, valid_score: 0.029400]
Sat 14 Mar 2026 16:41:14 INFO  valid result: 
hit@10 : 0.0294    ndcg@10 : 0.0128    mrr@10 : 0.0078
Sat 14 Mar 2026 16:41:52 INFO  epoch 16 training [time: 37.98s, train loss: 971.0354]
Sat 14 Mar 2026 16:41:52 INFO  epoch 16 evaluating [time: 0.09s, valid_score: 0.029400]
Sat 14 Mar 2026 16:41:52 INFO  valid result: 
hit@10 : 0.0294    ndcg@10 : 0.0127    mrr@10 : 0.0076
Sat 14 Mar 2026 16:42:30 INFO  epoch 17 training [time: 38.51s, train loss: 951.7507]
Sat 14 Mar 2026 16:42:30 INFO  epoch 17 evaluating [time: 0.10s, valid_score: 0.026100]
Sat 14 Mar 2026 16:42:30 INFO  valid result: 
hit@10 : 0.0261    ndcg@10 : 0.0113    mrr@10 : 0.0067
Sat 14 Mar 2026 16:43:09 INFO  epoch 18 training [time: 39.04s, train loss: 930.5440]
Sat 14 Mar 2026 16:43:10 INFO  epoch 18 evaluating [time: 0.09s, valid_score: 0.027500]
Sat 14 Mar 2026 16:43:10 INFO  valid result: 
hit@10 : 0.0275    ndcg@10 : 0.0123    mrr@10 : 0.0077
Sat 14 Mar 2026 16:43:50 INFO  epoch 19 training [time: 40.18s, train loss: 908.3867]
Sat 14 Mar 2026 16:43:50 INFO  epoch 19 evaluating [time: 0.10s, valid_score: 0.027500]
Sat 14 Mar 2026 16:43:50 INFO  valid result: 
hit@10 : 0.0275    ndcg@10 : 0.0115    mrr@10 : 0.0066
Sat 14 Mar 2026 16:44:30 INFO  epoch 20 training [time: 39.83s, train loss: 893.2628]
Sat 14 Mar 2026 16:44:30 INFO  epoch 20 evaluating [time: 0.09s, valid_score: 0.024300]
Sat 14 Mar 2026 16:44:30 INFO  valid result: 
hit@10 : 0.0243    ndcg@10 : 0.0105    mrr@10 : 0.0063
Sat 14 Mar 2026 16:44:30 INFO  Finished training, best eval result in epoch 9
Sat 14 Mar 2026 16:44:30 INFO  Loading model structure and parameters from saved\TimeWeaver-Mar-14-2026_16-33-05.pth
Sat 14 Mar 2026 16:44:31 INFO  The running environment of this training is as follows:
+-------------+----------------+
| Environment |     Usage      |
+=============+================+
| CPU         |     7.70 %     |
+-------------+----------------+
| GPU         | 0.33 G/6.00 G  |
+-------------+----------------+
| Memory      | 0.88 G/15.63 G |
+-------------+----------------+
Sat 14 Mar 2026 16:44:31 INFO  best valid : OrderedDict([('hit@10', 0.0344), ('ndcg@10', 0.0142), ('mrr@10', 0.0082)])
Sat 14 Mar 2026 16:44:31 INFO  test result: OrderedDict([('hit@10', 0.0257), ('ndcg@10', 0.0126), ('mrr@10', 0.0086)])
Sat 14 Mar 2026 16:44:31 WARNING  command line args [--models timeweaver --datasets amazon-sports-5core-longseq-full --seeds 42,2023,2024 --device gpu --timeweaver-variant aug_only --output F:\桌面\recommendation_system\results\param_sweeps\timeweaver_param_A_contrastive.json --tag A_w0.05_t0.1 --skip-if-done --tw-contrastive-weight 0.05 --tw-contrastive-temp 0.1] will not be used in RecBole
Sat 14 Mar 2026 16:44:31 INFO  ['F:\\桌面\\recommendation_system\\scripts\\run_grid.py', '--models', 'timeweaver', '--datasets', 'amazon-sports-5core-longseq-full', '--seeds', '42,2023,2024', '--device', 'gpu', '--timeweaver-variant', 'aug_only', '--output', 'F:\\桌面\\recommendation_system\\results\\param_sweeps\\timeweaver_param_A_contrastive.json', '--tag', 'A_w0.05_t0.1', '--skip-if-done', '--tw-contrastive-weight', '0.05', '--tw-contrastive-temp', '0.1']
Sat 14 Mar 2026 16:44:31 INFO  
General Hyper Parameters:
gpu_id = 0
use_gpu = True
seed = 2024
state = INFO
reproducibility = True
data_path = data/amazon\amazon-sports-5core-longseq
checkpoint_dir = saved
show_progress = True
save_dataset = False
dataset_save_path = None
save_dataloaders = False
dataloaders_save_path = None
log_wandb = False

Training Hyper Parameters:
epochs = 100
train_batch_size = 256
learner = adam
learning_rate = 0.001
train_neg_sample_args = {'distribution': 'none', 'sample_num': 'none', 'alpha': 'none', 'dynamic': False, 'candidate_num': 0}
eval_step = 1
stopping_step = 10
clip_grad_norm = None
weight_decay = 0.0
loss_decimal_place = 4

Evaluation Hyper Parameters:
eval_args = {'split': {'LS': 'valid_and_test'}, 'order': 'TO', 'group_by': 'user', 'mode': {'valid': 'full', 'test': 'full'}}
repeatable = True
metrics = ['Hit', 'NDCG', 'MRR']
topk = [10]
valid_metric = Hit@10
valid_metric_bigger = True
eval_batch_size = 512
metric_decimal_place = 4

Dataset Hyper Parameters:
field_separator = 	
seq_separator =  
USER_ID_FIELD = user_id
ITEM_ID_FIELD = item_id
RATING_FIELD = rating
TIME_FIELD = timestamp
seq_len = None
LABEL_FIELD = label
threshold = None
NEG_PREFIX = neg_
load_col = {'inter': ['user_id', 'item_id', 'rating', 'timestamp']}
unload_col = None
unused_col = None
additional_feat_suffix = None
rm_dup_inter = None
val_interval = None
filter_inter_by_user_or_item = True
user_inter_num_interval = [0,inf)
item_inter_num_interval = [0,inf)
alias_of_user_id = None
alias_of_item_id = None
alias_of_entity_id = None
alias_of_relation_id = None
preload_weight = None
normalize_field = None
normalize_all = None
ITEM_LIST_LENGTH_FIELD = item_length
LIST_SUFFIX = _list
MAX_ITEM_LIST_LENGTH = 32
POSITION_FIELD = position_id
HEAD_ENTITY_ID_FIELD = head_id
TAIL_ENTITY_ID_FIELD = tail_id
RELATION_ID_FIELD = relation_id
ENTITY_ID_FIELD = entity_id
benchmark_filename = None

Other Hyper Parameters: 
worker = 0
wandb_project = recbole
shuffle = True
require_pow = False
enable_amp = False
enable_scaler = False
transform = None
numerical_features = []
discretization = None
kg_reverse_r = False
entity_kg_num_interval = [0,inf)
relation_kg_num_interval = [0,inf)
MODEL_TYPE = ModelType.SEQUENTIAL
model_name = TimeWeaver
hidden_size = 64
num_layers = 2
hidden_dropout_prob = 0.5
initializer_range = 0.02
time_bucket_size = 1000
ema_decay = 0.5
tcn_kernel_size = -1
ffn_hidden_size = 256
loss_type = CE
early_stop = 10
neg_sampling = None
device = cuda
use_continuous_time = False
use_time_gate = False
use_time_augmentation = True
contrastive_weight = 0.05
contrastive_temp = 0.1
MODEL_INPUT_TYPE = InputType.POINTWISE
eval_type = EvaluatorType.RANKING
single_spec = True
local_rank = 0
valid_neg_sample_args = {'distribution': 'uniform', 'sample_num': 'none'}
test_neg_sample_args = {'distribution': 'uniform', 'sample_num': 'none'}


Sat 14 Mar 2026 16:44:31 INFO  amazon-sports-5core-longseq
The number of users: 2181
Average actions of users: 25.74678899082569
The number of items: 14556
Average actions of items: 3.8562693232566128
The number of inters: 56128
The sparsity of the dataset: 99.82320016520806%
Remain Fields: ['user_id', 'item_id', 'rating', 'timestamp']
Sat 14 Mar 2026 16:44:32 INFO  [Training]: train_batch_size = [256] train_neg_sample_args: [{'distribution': 'none', 'sample_num': 'none', 'alpha': 'none', 'dynamic': False, 'candidate_num': 0}]
Sat 14 Mar 2026 16:44:32 INFO  [Evaluation]: eval_batch_size = [512] eval_args: [{'split': {'LS': 'valid_and_test'}, 'order': 'TO', 'group_by': 'user', 'mode': {'valid': 'full', 'test': 'full'}}]
Sat 14 Mar 2026 16:44:32 INFO  TimeWeaver(
  (item_embedding): Embedding(14556, 64, padding_idx=0)
  (time_aug): TimeAwareAugmentation(
    (pos_embedding): Embedding(32, 64)
    (time_embedding): Embedding(1000, 64)
    (layer_norm): LayerNorm((64,), eps=1e-05, elementwise_affine=True)
    (drop): Dropout(p=0.5, inplace=False)
  )
  (context_layers): ModuleList(
    (0-1): 2 x TCNNextBlock(
      (dw): DepthwiseConv1d(
        (conv): Conv1d(64, 64, kernel_size=(11,), stride=(1,), padding=(5,), groups=64)
        (bn): BatchNorm1d(64, eps=1e-05, momentum=0.1, affine=True, track_running_stats=True)
        (drop): Dropout(p=0.5, inplace=False)
      )
      (norm1): LayerNorm((64,), eps=1e-05, elementwise_affine=True)
      (conv_inter): ParallelConvInter(
        (conv1): Conv1d(64, 64, kernel_size=(1,), stride=(1,))
        (conv3): Conv1d(64, 64, kernel_size=(3,), stride=(1,), padding=(1,))
        (proj): Conv1d(64, 64, kernel_size=(1,), stride=(1,))
        (drop): Dropout(p=0.5, inplace=False)
      )
      (norm2): LayerNorm((64,), eps=1e-05, elementwise_affine=True)
      (ffn): Sequential(
        (0): Linear(in_features=64, out_features=256, bias=True)
        (1): GELU(approximate='none')
        (2): Dropout(p=0.5, inplace=False)
        (3): Linear(in_features=256, out_features=64, bias=True)
        (4): Dropout(p=0.5, inplace=False)
      )
      (norm3): LayerNorm((64,), eps=1e-05, elementwise_affine=True)
    )
  )
  (dynamic_layers): ModuleList(
    (0-1): 2 x EMAStream(
      (proj): Linear(in_features=64, out_features=64, bias=True)
    )
  )
  (weavers): ModuleList(
    (0-1): 2 x StreamWeaver(
      (proj): Linear(in_features=128, out_features=64, bias=True)
      (norm): LayerNorm((64,), eps=1e-05, elementwise_affine=True)
    )
  )
  (loss_fct): CrossEntropyLoss()
)
Trainable parameters: 1132929.0
Sat 14 Mar 2026 16:44:32 INFO  FLOPs: 4298752.0
Sat 14 Mar 2026 16:44:51 INFO  epoch 0 training [time: 19.12s, train loss: 1809.7610]
Sat 14 Mar 2026 16:44:52 INFO  epoch 0 evaluating [time: 0.10s, valid_score: 0.011500]
Sat 14 Mar 2026 16:44:52 INFO  valid result: 
hit@10 : 0.0115    ndcg@10 : 0.0063    mrr@10 : 0.0047
Sat 14 Mar 2026 16:44:52 INFO  Saving current: saved\TimeWeaver-Mar-14-2026_16-44-32.pth
Sat 14 Mar 2026 16:45:11 INFO  epoch 1 training [time: 19.39s, train loss: 1735.7294]
Sat 14 Mar 2026 16:45:11 INFO  epoch 1 evaluating [time: 0.10s, valid_score: 0.017000]
Sat 14 Mar 2026 16:45:11 INFO  valid result: 
hit@10 : 0.017    ndcg@10 : 0.0078    mrr@10 : 0.005
Sat 14 Mar 2026 16:45:11 INFO  Saving current: saved\TimeWeaver-Mar-14-2026_16-44-32.pth
Sat 14 Mar 2026 16:45:31 INFO  epoch 2 training [time: 19.42s, train loss: 1674.0062]
Sat 14 Mar 2026 16:45:31 INFO  epoch 2 evaluating [time: 0.10s, valid_score: 0.026600]
Sat 14 Mar 2026 16:45:31 INFO  valid result: 
hit@10 : 0.0266    ndcg@10 : 0.0129    mrr@10 : 0.0087
Sat 14 Mar 2026 16:45:31 INFO  Saving current: saved\TimeWeaver-Mar-14-2026_16-44-32.pth
Sat 14 Mar 2026 16:45:51 INFO  epoch 3 training [time: 20.44s, train loss: 1599.1303]
Sat 14 Mar 2026 16:45:51 INFO  epoch 3 evaluating [time: 0.10s, valid_score: 0.026600]
Sat 14 Mar 2026 16:45:51 INFO  valid result: 
hit@10 : 0.0266    ndcg@10 : 0.0124    mrr@10 : 0.0082
Sat 14 Mar 2026 16:45:51 INFO  Saving current: saved\TimeWeaver-Mar-14-2026_16-44-32.pth
Sat 14 Mar 2026 16:46:12 INFO  epoch 4 training [time: 21.15s, train loss: 1523.0991]
Sat 14 Mar 2026 16:46:13 INFO  epoch 4 evaluating [time: 0.08s, valid_score: 0.028400]
Sat 14 Mar 2026 16:46:13 INFO  valid result: 
hit@10 : 0.0284    ndcg@10 : 0.0126    mrr@10 : 0.0079
Sat 14 Mar 2026 16:46:13 INFO  Saving current: saved\TimeWeaver-Mar-14-2026_16-44-32.pth
Sat 14 Mar 2026 16:46:37 INFO  epoch 5 training [time: 24.92s, train loss: 1448.0583]
Sat 14 Mar 2026 16:46:38 INFO  epoch 5 evaluating [time: 0.10s, valid_score: 0.031200]
Sat 14 Mar 2026 16:46:38 INFO  valid result: 
hit@10 : 0.0312    ndcg@10 : 0.0135    mrr@10 : 0.0082
Sat 14 Mar 2026 16:46:38 INFO  Saving current: saved\TimeWeaver-Mar-14-2026_16-44-32.pth
Sat 14 Mar 2026 16:47:13 INFO  epoch 6 training [time: 35.19s, train loss: 1375.9124]
Sat 14 Mar 2026 16:47:13 INFO  epoch 6 evaluating [time: 0.10s, valid_score: 0.029400]
Sat 14 Mar 2026 16:47:13 INFO  valid result: 
hit@10 : 0.0294    ndcg@10 : 0.0135    mrr@10 : 0.0087
Sat 14 Mar 2026 16:47:52 INFO  epoch 7 training [time: 39.21s, train loss: 1308.9494]
Sat 14 Mar 2026 16:47:52 INFO  epoch 7 evaluating [time: 0.10s, valid_score: 0.031200]
Sat 14 Mar 2026 16:47:52 INFO  valid result: 
hit@10 : 0.0312    ndcg@10 : 0.0129    mrr@10 : 0.0074
Sat 14 Mar 2026 16:47:52 INFO  Saving current: saved\TimeWeaver-Mar-14-2026_16-44-32.pth
Sat 14 Mar 2026 16:48:32 INFO  epoch 8 training [time: 39.71s, train loss: 1250.2448]
Sat 14 Mar 2026 16:48:32 INFO  epoch 8 evaluating [time: 0.09s, valid_score: 0.034400]
Sat 14 Mar 2026 16:48:32 INFO  valid result: 
hit@10 : 0.0344    ndcg@10 : 0.0148    mrr@10 : 0.0089
Sat 14 Mar 2026 16:48:32 INFO  Saving current: saved\TimeWeaver-Mar-14-2026_16-44-32.pth
Sat 14 Mar 2026 16:49:11 INFO  epoch 9 training [time: 39.33s, train loss: 1196.2516]
Sat 14 Mar 2026 16:49:11 INFO  epoch 9 evaluating [time: 0.09s, valid_score: 0.028400]
Sat 14 Mar 2026 16:49:11 INFO  valid result: 
hit@10 : 0.0284    ndcg@10 : 0.0124    mrr@10 : 0.0076
Sat 14 Mar 2026 16:49:50 INFO  epoch 10 training [time: 39.02s, train loss: 1152.9357]
Sat 14 Mar 2026 16:49:51 INFO  epoch 10 evaluating [time: 0.10s, valid_score: 0.030700]
Sat 14 Mar 2026 16:49:51 INFO  valid result: 
hit@10 : 0.0307    ndcg@10 : 0.0135    mrr@10 : 0.0083
Sat 14 Mar 2026 16:50:29 INFO  epoch 11 training [time: 38.54s, train loss: 1113.1487]
Sat 14 Mar 2026 16:50:29 INFO  epoch 11 evaluating [time: 0.10s, valid_score: 0.034900]
Sat 14 Mar 2026 16:50:29 INFO  valid result: 
hit@10 : 0.0349    ndcg@10 : 0.0153    mrr@10 : 0.0093
Sat 14 Mar 2026 16:50:29 INFO  Saving current: saved\TimeWeaver-Mar-14-2026_16-44-32.pth
Sat 14 Mar 2026 16:51:08 INFO  epoch 12 training [time: 38.26s, train loss: 1080.1126]
Sat 14 Mar 2026 16:51:08 INFO  epoch 12 evaluating [time: 0.10s, valid_score: 0.032600]
Sat 14 Mar 2026 16:51:08 INFO  valid result: 
hit@10 : 0.0326    ndcg@10 : 0.0143    mrr@10 : 0.0088
Sat 14 Mar 2026 16:51:46 INFO  epoch 13 training [time: 38.49s, train loss: 1050.0957]
Sat 14 Mar 2026 16:51:46 INFO  epoch 13 evaluating [time: 0.10s, valid_score: 0.033500]
Sat 14 Mar 2026 16:51:46 INFO  valid result: 
hit@10 : 0.0335    ndcg@10 : 0.0149    mrr@10 : 0.0093
Sat 14 Mar 2026 16:52:27 INFO  epoch 14 training [time: 40.64s, train loss: 1025.9547]
Sat 14 Mar 2026 16:52:27 INFO  epoch 14 evaluating [time: 0.11s, valid_score: 0.033900]
Sat 14 Mar 2026 16:52:27 INFO  valid result: 
hit@10 : 0.0339    ndcg@10 : 0.015    mrr@10 : 0.0092
Sat 14 Mar 2026 16:53:06 INFO  epoch 15 training [time: 39.29s, train loss: 1000.3115]
Sat 14 Mar 2026 16:53:06 INFO  epoch 15 evaluating [time: 0.10s, valid_score: 0.033500]
Sat 14 Mar 2026 16:53:06 INFO  valid result: 
hit@10 : 0.0335    ndcg@10 : 0.0153    mrr@10 : 0.0098
Sat 14 Mar 2026 16:53:46 INFO  epoch 16 training [time: 39.17s, train loss: 980.0754]
Sat 14 Mar 2026 16:53:46 INFO  epoch 16 evaluating [time: 0.10s, valid_score: 0.033500]
Sat 14 Mar 2026 16:53:46 INFO  valid result: 
hit@10 : 0.0335    ndcg@10 : 0.0151    mrr@10 : 0.0096
Sat 14 Mar 2026 16:54:25 INFO  epoch 17 training [time: 39.24s, train loss: 956.0028]
Sat 14 Mar 2026 16:54:25 INFO  epoch 17 evaluating [time: 0.09s, valid_score: 0.033000]
Sat 14 Mar 2026 16:54:25 INFO  valid result: 
hit@10 : 0.033    ndcg@10 : 0.0148    mrr@10 : 0.0093
Sat 14 Mar 2026 16:55:05 INFO  epoch 18 training [time: 39.98s, train loss: 936.4843]
Sat 14 Mar 2026 16:55:05 INFO  epoch 18 evaluating [time: 0.11s, valid_score: 0.028900]
Sat 14 Mar 2026 16:55:05 INFO  valid result: 
hit@10 : 0.0289    ndcg@10 : 0.0138    mrr@10 : 0.0091
Sat 14 Mar 2026 16:55:44 INFO  epoch 19 training [time: 39.43s, train loss: 918.4470]
Sat 14 Mar 2026 16:55:45 INFO  epoch 19 evaluating [time: 0.10s, valid_score: 0.030300]
Sat 14 Mar 2026 16:55:45 INFO  valid result: 
hit@10 : 0.0303    ndcg@10 : 0.0144    mrr@10 : 0.0096
Sat 14 Mar 2026 16:56:24 INFO  epoch 20 training [time: 39.05s, train loss: 902.4704]
Sat 14 Mar 2026 16:56:24 INFO  epoch 20 evaluating [time: 0.10s, valid_score: 0.029800]
Sat 14 Mar 2026 16:56:24 INFO  valid result: 
hit@10 : 0.0298    ndcg@10 : 0.0142    mrr@10 : 0.0095
Sat 14 Mar 2026 16:57:03 INFO  epoch 21 training [time: 38.76s, train loss: 883.4070]
Sat 14 Mar 2026 16:57:03 INFO  epoch 21 evaluating [time: 0.10s, valid_score: 0.030700]
Sat 14 Mar 2026 16:57:03 INFO  valid result: 
hit@10 : 0.0307    ndcg@10 : 0.0133    mrr@10 : 0.0081
Sat 14 Mar 2026 16:57:42 INFO  epoch 22 training [time: 38.99s, train loss: 869.1360]
Sat 14 Mar 2026 16:57:42 INFO  epoch 22 evaluating [time: 0.10s, valid_score: 0.028900]
Sat 14 Mar 2026 16:57:42 INFO  valid result: 
hit@10 : 0.0289    ndcg@10 : 0.0135    mrr@10 : 0.0088
Sat 14 Mar 2026 16:57:42 INFO  Finished training, best eval result in epoch 11
Sat 14 Mar 2026 16:57:42 INFO  Loading model structure and parameters from saved\TimeWeaver-Mar-14-2026_16-44-32.pth
Sat 14 Mar 2026 16:57:43 INFO  The running environment of this training is as follows:
+-------------+----------------+
| Environment |     Usage      |
+=============+================+
| CPU         |    12.50 %     |
+-------------+----------------+
| GPU         | 0.33 G/6.00 G  |
+-------------+----------------+
| Memory      | 0.62 G/15.63 G |
+-------------+----------------+
Sat 14 Mar 2026 16:57:43 INFO  best valid : OrderedDict([('hit@10', 0.0349), ('ndcg@10', 0.0153), ('mrr@10', 0.0093)])
Sat 14 Mar 2026 16:57:43 INFO  test result: OrderedDict([('hit@10', 0.0252), ('ndcg@10', 0.011), ('mrr@10', 0.0067)])
