Tue 17 Mar 2026 17:19:59 INFO  ['F:\\桌面\\recommendation_system\\scripts\\run_grid.py', '--models', 'timeweaver', '--datasets', 'amazon-sports-5core-longseq-full', '--seeds', '42,2023,2024', '--device', 'gpu', '--timeweaver-variant', 'aug_only', '--output', 'F:\\桌面\\recommendation_system\\results\\param_sweeps\\timeweaver_param_B1_warmup_ramp.json', '--tag', 'B1_warm1000_ramp4000', '--skip-if-done', '--tw-time-aug-warmup', '1000', '--tw-time-aug-ramp', '4000']
Tue 17 Mar 2026 17:19:59 INFO  
General Hyper Parameters:
gpu_id = 0
use_gpu = True
seed = 42
state = INFO
reproducibility = True
data_path = data/amazon\amazon-sports-5core-longseq
checkpoint_dir = saved
show_progress = True
save_dataset = False
dataset_save_path = None
save_dataloaders = False
dataloaders_save_path = None
log_wandb = False

Training Hyper Parameters:
epochs = 100
train_batch_size = 256
learner = adam
learning_rate = 0.001
train_neg_sample_args = {'distribution': 'none', 'sample_num': 'none', 'alpha': 'none', 'dynamic': False, 'candidate_num': 0}
eval_step = 1
stopping_step = 10
clip_grad_norm = None
weight_decay = 0.0
loss_decimal_place = 4

Evaluation Hyper Parameters:
eval_args = {'split': {'LS': 'valid_and_test'}, 'order': 'TO', 'group_by': 'user', 'mode': {'valid': 'full', 'test': 'full'}}
repeatable = True
metrics = ['Hit', 'NDCG', 'MRR']
topk = [10]
valid_metric = Hit@10
valid_metric_bigger = True
eval_batch_size = 512
metric_decimal_place = 4

Dataset Hyper Parameters:
field_separator = 	
seq_separator =  
USER_ID_FIELD = user_id
ITEM_ID_FIELD = item_id
RATING_FIELD = rating
TIME_FIELD = timestamp
seq_len = None
LABEL_FIELD = label
threshold = None
NEG_PREFIX = neg_
load_col = {'inter': ['user_id', 'item_id', 'rating', 'timestamp']}
unload_col = None
unused_col = None
additional_feat_suffix = None
rm_dup_inter = None
val_interval = None
filter_inter_by_user_or_item = True
user_inter_num_interval = [0,inf)
item_inter_num_interval = [0,inf)
alias_of_user_id = None
alias_of_item_id = None
alias_of_entity_id = None
alias_of_relation_id = None
preload_weight = None
normalize_field = None
normalize_all = None
ITEM_LIST_LENGTH_FIELD = item_length
LIST_SUFFIX = _list
MAX_ITEM_LIST_LENGTH = 32
POSITION_FIELD = position_id
HEAD_ENTITY_ID_FIELD = head_id
TAIL_ENTITY_ID_FIELD = tail_id
RELATION_ID_FIELD = relation_id
ENTITY_ID_FIELD = entity_id
benchmark_filename = None

Other Hyper Parameters: 
worker = 0
wandb_project = recbole
shuffle = True
require_pow = False
enable_amp = False
enable_scaler = False
transform = None
numerical_features = []
discretization = None
kg_reverse_r = False
entity_kg_num_interval = [0,inf)
relation_kg_num_interval = [0,inf)
MODEL_TYPE = ModelType.SEQUENTIAL
contrastive_weight = 0.03
contrastive_temp = 0.2
time_aug_prob = 0.15
time_aug_strength = 0.05
model_name = TimeWeaver
hidden_size = 64
num_layers = 2
hidden_dropout_prob = 0.5
initializer_range = 0.02
time_bucket_size = 1000
ema_decay = 0.5
tcn_kernel_size = -1
ffn_hidden_size = 256
loss_type = CE
early_stop = 10
neg_sampling = None
device = cuda
use_continuous_time = False
use_time_gate = False
use_time_augmentation = True
time_aug_warmup_steps = 1000
time_aug_ramp_steps = 4000
MODEL_INPUT_TYPE = InputType.POINTWISE
eval_type = EvaluatorType.RANKING
single_spec = True
local_rank = 0
valid_neg_sample_args = {'distribution': 'uniform', 'sample_num': 'none'}
test_neg_sample_args = {'distribution': 'uniform', 'sample_num': 'none'}


Tue 17 Mar 2026 17:20:00 INFO  amazon-sports-5core-longseq
The number of users: 2181
Average actions of users: 25.74678899082569
The number of items: 14556
Average actions of items: 3.8562693232566128
The number of inters: 56128
The sparsity of the dataset: 99.82320016520806%
Remain Fields: ['user_id', 'item_id', 'rating', 'timestamp']
Tue 17 Mar 2026 17:20:00 INFO  [Training]: train_batch_size = [256] train_neg_sample_args: [{'distribution': 'none', 'sample_num': 'none', 'alpha': 'none', 'dynamic': False, 'candidate_num': 0}]
Tue 17 Mar 2026 17:20:00 INFO  [Evaluation]: eval_batch_size = [512] eval_args: [{'split': {'LS': 'valid_and_test'}, 'order': 'TO', 'group_by': 'user', 'mode': {'valid': 'full', 'test': 'full'}}]
Tue 17 Mar 2026 17:20:01 INFO  TimeWeaver(
  (item_embedding): Embedding(14556, 64, padding_idx=0)
  (time_aug): TimeAwareAugmentation(
    (pos_embedding): Embedding(32, 64)
    (time_embedding): Embedding(1000, 64)
    (layer_norm): LayerNorm((64,), eps=1e-05, elementwise_affine=True)
    (drop): Dropout(p=0.5, inplace=False)
  )
  (context_layers): ModuleList(
    (0-1): 2 x TCNNextBlock(
      (dw): DepthwiseConv1d(
        (conv): Conv1d(64, 64, kernel_size=(11,), stride=(1,), padding=(5,), groups=64)
        (bn): BatchNorm1d(64, eps=1e-05, momentum=0.1, affine=True, track_running_stats=True)
        (drop): Dropout(p=0.5, inplace=False)
      )
      (norm1): LayerNorm((64,), eps=1e-05, elementwise_affine=True)
      (conv_inter): ParallelConvInter(
        (conv1): Conv1d(64, 64, kernel_size=(1,), stride=(1,))
        (conv3): Conv1d(64, 64, kernel_size=(3,), stride=(1,), padding=(1,))
        (proj): Conv1d(64, 64, kernel_size=(1,), stride=(1,))
        (drop): Dropout(p=0.5, inplace=False)
      )
      (norm2): LayerNorm((64,), eps=1e-05, elementwise_affine=True)
      (ffn): Sequential(
        (0): Linear(in_features=64, out_features=256, bias=True)
        (1): GELU(approximate='none')
        (2): Dropout(p=0.5, inplace=False)
        (3): Linear(in_features=256, out_features=64, bias=True)
        (4): Dropout(p=0.5, inplace=False)
      )
      (norm3): LayerNorm((64,), eps=1e-05, elementwise_affine=True)
    )
  )
  (dynamic_layers): ModuleList(
    (0-1): 2 x EMAStream(
      (proj): Linear(in_features=64, out_features=64, bias=True)
    )
  )
  (weavers): ModuleList(
    (0-1): 2 x StreamWeaver(
      (proj): Linear(in_features=128, out_features=64, bias=True)
      (norm): LayerNorm((64,), eps=1e-05, elementwise_affine=True)
    )
  )
  (loss_fct): CrossEntropyLoss()
)
Trainable parameters: 1132929.0
Tue 17 Mar 2026 17:20:01 INFO  FLOPs: 4298752.0
Tue 17 Mar 2026 17:20:19 INFO  epoch 0 training [time: 16.85s, train loss: 1809.4322]
Tue 17 Mar 2026 17:20:19 INFO  epoch 0 evaluating [time: 0.10s, valid_score: 0.012400]
Tue 17 Mar 2026 17:20:19 INFO  valid result: 
hit@10 : 0.0124    ndcg@10 : 0.0063    mrr@10 : 0.0046
Tue 17 Mar 2026 17:20:19 INFO  Saving current: saved\TimeWeaver-Mar-17-2026_17-20-01.pth
Tue 17 Mar 2026 17:20:36 INFO  epoch 1 training [time: 16.82s, train loss: 1735.6456]
Tue 17 Mar 2026 17:20:36 INFO  epoch 1 evaluating [time: 0.08s, valid_score: 0.015100]
Tue 17 Mar 2026 17:20:36 INFO  valid result: 
hit@10 : 0.0151    ndcg@10 : 0.0072    mrr@10 : 0.0049
Tue 17 Mar 2026 17:20:36 INFO  Saving current: saved\TimeWeaver-Mar-17-2026_17-20-01.pth
Tue 17 Mar 2026 17:20:53 INFO  epoch 2 training [time: 17.12s, train loss: 1671.3945]
Tue 17 Mar 2026 17:20:53 INFO  epoch 2 evaluating [time: 0.09s, valid_score: 0.029400]
Tue 17 Mar 2026 17:20:53 INFO  valid result: 
hit@10 : 0.0294    ndcg@10 : 0.0134    mrr@10 : 0.0087
Tue 17 Mar 2026 17:20:53 INFO  Saving current: saved\TimeWeaver-Mar-17-2026_17-20-01.pth
Tue 17 Mar 2026 17:21:11 INFO  epoch 3 training [time: 17.48s, train loss: 1594.9921]
Tue 17 Mar 2026 17:21:11 INFO  epoch 3 evaluating [time: 0.08s, valid_score: 0.026600]
Tue 17 Mar 2026 17:21:11 INFO  valid result: 
hit@10 : 0.0266    ndcg@10 : 0.0131    mrr@10 : 0.009
Tue 17 Mar 2026 17:21:28 INFO  epoch 4 training [time: 17.04s, train loss: 1520.7400]
Tue 17 Mar 2026 17:21:28 INFO  epoch 4 evaluating [time: 0.09s, valid_score: 0.026100]
Tue 17 Mar 2026 17:21:28 INFO  valid result: 
hit@10 : 0.0261    ndcg@10 : 0.0124    mrr@10 : 0.0082
Tue 17 Mar 2026 17:21:47 INFO  epoch 5 training [time: 18.99s, train loss: 1447.0449]
Tue 17 Mar 2026 17:21:47 INFO  epoch 5 evaluating [time: 0.08s, valid_score: 0.028000]
Tue 17 Mar 2026 17:21:47 INFO  valid result: 
hit@10 : 0.028    ndcg@10 : 0.0128    mrr@10 : 0.0082
Tue 17 Mar 2026 17:22:14 INFO  epoch 6 training [time: 27.15s, train loss: 1377.2748]
Tue 17 Mar 2026 17:22:14 INFO  epoch 6 evaluating [time: 0.09s, valid_score: 0.028400]
Tue 17 Mar 2026 17:22:14 INFO  valid result: 
hit@10 : 0.0284    ndcg@10 : 0.0123    mrr@10 : 0.0075
Tue 17 Mar 2026 17:22:46 INFO  epoch 7 training [time: 31.73s, train loss: 1310.6755]
Tue 17 Mar 2026 17:22:46 INFO  epoch 7 evaluating [time: 0.09s, valid_score: 0.026100]
Tue 17 Mar 2026 17:22:46 INFO  valid result: 
hit@10 : 0.0261    ndcg@10 : 0.0129    mrr@10 : 0.0087
Tue 17 Mar 2026 17:23:19 INFO  epoch 8 training [time: 32.64s, train loss: 1250.8795]
Tue 17 Mar 2026 17:23:19 INFO  epoch 8 evaluating [time: 0.08s, valid_score: 0.035300]
Tue 17 Mar 2026 17:23:19 INFO  valid result: 
hit@10 : 0.0353    ndcg@10 : 0.0155    mrr@10 : 0.0096
Tue 17 Mar 2026 17:23:19 INFO  Saving current: saved\TimeWeaver-Mar-17-2026_17-20-01.pth
Tue 17 Mar 2026 17:23:55 INFO  epoch 9 training [time: 36.49s, train loss: 1198.4440]
Tue 17 Mar 2026 17:23:55 INFO  epoch 9 evaluating [time: 0.10s, valid_score: 0.032600]
Tue 17 Mar 2026 17:23:55 INFO  valid result: 
hit@10 : 0.0326    ndcg@10 : 0.0145    mrr@10 : 0.0089
Tue 17 Mar 2026 17:24:31 INFO  epoch 10 training [time: 35.95s, train loss: 1152.3819]
Tue 17 Mar 2026 17:24:31 INFO  epoch 10 evaluating [time: 0.08s, valid_score: 0.029800]
Tue 17 Mar 2026 17:24:31 INFO  valid result: 
hit@10 : 0.0298    ndcg@10 : 0.0138    mrr@10 : 0.0089
Tue 17 Mar 2026 17:25:07 INFO  epoch 11 training [time: 35.17s, train loss: 1112.7155]
Tue 17 Mar 2026 17:25:07 INFO  epoch 11 evaluating [time: 0.09s, valid_score: 0.030700]
Tue 17 Mar 2026 17:25:07 INFO  valid result: 
hit@10 : 0.0307    ndcg@10 : 0.0143    mrr@10 : 0.0092
Tue 17 Mar 2026 17:25:41 INFO  epoch 12 training [time: 34.65s, train loss: 1079.3574]
Tue 17 Mar 2026 17:25:41 INFO  epoch 12 evaluating [time: 0.08s, valid_score: 0.030300]
Tue 17 Mar 2026 17:25:41 INFO  valid result: 
hit@10 : 0.0303    ndcg@10 : 0.0136    mrr@10 : 0.0085
Tue 17 Mar 2026 17:26:17 INFO  epoch 13 training [time: 35.16s, train loss: 1046.9220]
Tue 17 Mar 2026 17:26:17 INFO  epoch 13 evaluating [time: 0.08s, valid_score: 0.032100]
Tue 17 Mar 2026 17:26:17 INFO  valid result: 
hit@10 : 0.0321    ndcg@10 : 0.0138    mrr@10 : 0.0083
Tue 17 Mar 2026 17:26:52 INFO  epoch 14 training [time: 34.96s, train loss: 1020.0919]
Tue 17 Mar 2026 17:26:52 INFO  epoch 14 evaluating [time: 0.08s, valid_score: 0.030300]
Tue 17 Mar 2026 17:26:52 INFO  valid result: 
hit@10 : 0.0303    ndcg@10 : 0.0139    mrr@10 : 0.0089
Tue 17 Mar 2026 17:27:27 INFO  epoch 15 training [time: 34.84s, train loss: 993.4170]
Tue 17 Mar 2026 17:27:27 INFO  epoch 15 evaluating [time: 0.08s, valid_score: 0.028000]
Tue 17 Mar 2026 17:27:27 INFO  valid result: 
hit@10 : 0.028    ndcg@10 : 0.0122    mrr@10 : 0.0075
Tue 17 Mar 2026 17:28:04 INFO  epoch 16 training [time: 37.45s, train loss: 971.2990]
Tue 17 Mar 2026 17:28:04 INFO  epoch 16 evaluating [time: 0.09s, valid_score: 0.025700]
Tue 17 Mar 2026 17:28:04 INFO  valid result: 
hit@10 : 0.0257    ndcg@10 : 0.0114    mrr@10 : 0.007
Tue 17 Mar 2026 17:28:40 INFO  epoch 17 training [time: 35.75s, train loss: 950.4600]
Tue 17 Mar 2026 17:28:40 INFO  epoch 17 evaluating [time: 0.08s, valid_score: 0.027500]
Tue 17 Mar 2026 17:28:40 INFO  valid result: 
hit@10 : 0.0275    ndcg@10 : 0.0124    mrr@10 : 0.0078
Tue 17 Mar 2026 17:29:16 INFO  epoch 18 training [time: 36.18s, train loss: 929.7257]
Tue 17 Mar 2026 17:29:16 INFO  epoch 18 evaluating [time: 0.09s, valid_score: 0.027100]
Tue 17 Mar 2026 17:29:16 INFO  valid result: 
hit@10 : 0.0271    ndcg@10 : 0.0117    mrr@10 : 0.007
Tue 17 Mar 2026 17:29:50 INFO  epoch 19 training [time: 33.71s, train loss: 910.5397]
Tue 17 Mar 2026 17:29:50 INFO  epoch 19 evaluating [time: 0.08s, valid_score: 0.025700]
Tue 17 Mar 2026 17:29:50 INFO  valid result: 
hit@10 : 0.0257    ndcg@10 : 0.0117    mrr@10 : 0.0075
Tue 17 Mar 2026 17:29:50 INFO  Finished training, best eval result in epoch 8
Tue 17 Mar 2026 17:29:50 INFO  Loading model structure and parameters from saved\TimeWeaver-Mar-17-2026_17-20-01.pth
Tue 17 Mar 2026 17:29:51 INFO  The running environment of this training is as follows:
+-------------+----------------+
| Environment |     Usage      |
+=============+================+
| CPU         |     5.60 %     |
+-------------+----------------+
| GPU         | 0.33 G/6.00 G  |
+-------------+----------------+
| Memory      | 1.57 G/15.63 G |
+-------------+----------------+
Tue 17 Mar 2026 17:29:51 INFO  best valid : OrderedDict([('hit@10', 0.0353), ('ndcg@10', 0.0155), ('mrr@10', 0.0096)])
Tue 17 Mar 2026 17:29:51 INFO  test result: OrderedDict([('hit@10', 0.0229), ('ndcg@10', 0.0113), ('mrr@10', 0.0078)])
Tue 17 Mar 2026 17:29:51 WARNING  command line args [--models timeweaver --datasets amazon-sports-5core-longseq-full --seeds 42,2023,2024 --device gpu --timeweaver-variant aug_only --output F:\桌面\recommendation_system\results\param_sweeps\timeweaver_param_B1_warmup_ramp.json --tag B1_warm1000_ramp4000 --skip-if-done --tw-time-aug-warmup 1000 --tw-time-aug-ramp 4000] will not be used in RecBole
Tue 17 Mar 2026 17:29:51 INFO  ['F:\\桌面\\recommendation_system\\scripts\\run_grid.py', '--models', 'timeweaver', '--datasets', 'amazon-sports-5core-longseq-full', '--seeds', '42,2023,2024', '--device', 'gpu', '--timeweaver-variant', 'aug_only', '--output', 'F:\\桌面\\recommendation_system\\results\\param_sweeps\\timeweaver_param_B1_warmup_ramp.json', '--tag', 'B1_warm1000_ramp4000', '--skip-if-done', '--tw-time-aug-warmup', '1000', '--tw-time-aug-ramp', '4000']
Tue 17 Mar 2026 17:29:51 INFO  
General Hyper Parameters:
gpu_id = 0
use_gpu = True
seed = 2023
state = INFO
reproducibility = True
data_path = data/amazon\amazon-sports-5core-longseq
checkpoint_dir = saved
show_progress = True
save_dataset = False
dataset_save_path = None
save_dataloaders = False
dataloaders_save_path = None
log_wandb = False

Training Hyper Parameters:
epochs = 100
train_batch_size = 256
learner = adam
learning_rate = 0.001
train_neg_sample_args = {'distribution': 'none', 'sample_num': 'none', 'alpha': 'none', 'dynamic': False, 'candidate_num': 0}
eval_step = 1
stopping_step = 10
clip_grad_norm = None
weight_decay = 0.0
loss_decimal_place = 4

Evaluation Hyper Parameters:
eval_args = {'split': {'LS': 'valid_and_test'}, 'order': 'TO', 'group_by': 'user', 'mode': {'valid': 'full', 'test': 'full'}}
repeatable = True
metrics = ['Hit', 'NDCG', 'MRR']
topk = [10]
valid_metric = Hit@10
valid_metric_bigger = True
eval_batch_size = 512
metric_decimal_place = 4

Dataset Hyper Parameters:
field_separator = 	
seq_separator =  
USER_ID_FIELD = user_id
ITEM_ID_FIELD = item_id
RATING_FIELD = rating
TIME_FIELD = timestamp
seq_len = None
LABEL_FIELD = label
threshold = None
NEG_PREFIX = neg_
load_col = {'inter': ['user_id', 'item_id', 'rating', 'timestamp']}
unload_col = None
unused_col = None
additional_feat_suffix = None
rm_dup_inter = None
val_interval = None
filter_inter_by_user_or_item = True
user_inter_num_interval = [0,inf)
item_inter_num_interval = [0,inf)
alias_of_user_id = None
alias_of_item_id = None
alias_of_entity_id = None
alias_of_relation_id = None
preload_weight = None
normalize_field = None
normalize_all = None
ITEM_LIST_LENGTH_FIELD = item_length
LIST_SUFFIX = _list
MAX_ITEM_LIST_LENGTH = 32
POSITION_FIELD = position_id
HEAD_ENTITY_ID_FIELD = head_id
TAIL_ENTITY_ID_FIELD = tail_id
RELATION_ID_FIELD = relation_id
ENTITY_ID_FIELD = entity_id
benchmark_filename = None

Other Hyper Parameters: 
worker = 0
wandb_project = recbole
shuffle = True
require_pow = False
enable_amp = False
enable_scaler = False
transform = None
numerical_features = []
discretization = None
kg_reverse_r = False
entity_kg_num_interval = [0,inf)
relation_kg_num_interval = [0,inf)
MODEL_TYPE = ModelType.SEQUENTIAL
contrastive_weight = 0.03
contrastive_temp = 0.2
time_aug_prob = 0.15
time_aug_strength = 0.05
model_name = TimeWeaver
hidden_size = 64
num_layers = 2
hidden_dropout_prob = 0.5
initializer_range = 0.02
time_bucket_size = 1000
ema_decay = 0.5
tcn_kernel_size = -1
ffn_hidden_size = 256
loss_type = CE
early_stop = 10
neg_sampling = None
device = cuda
use_continuous_time = False
use_time_gate = False
use_time_augmentation = True
time_aug_warmup_steps = 1000
time_aug_ramp_steps = 4000
MODEL_INPUT_TYPE = InputType.POINTWISE
eval_type = EvaluatorType.RANKING
single_spec = True
local_rank = 0
valid_neg_sample_args = {'distribution': 'uniform', 'sample_num': 'none'}
test_neg_sample_args = {'distribution': 'uniform', 'sample_num': 'none'}


Tue 17 Mar 2026 17:29:51 INFO  amazon-sports-5core-longseq
The number of users: 2181
Average actions of users: 25.74678899082569
The number of items: 14556
Average actions of items: 3.8562693232566128
The number of inters: 56128
The sparsity of the dataset: 99.82320016520806%
Remain Fields: ['user_id', 'item_id', 'rating', 'timestamp']
Tue 17 Mar 2026 17:29:52 INFO  [Training]: train_batch_size = [256] train_neg_sample_args: [{'distribution': 'none', 'sample_num': 'none', 'alpha': 'none', 'dynamic': False, 'candidate_num': 0}]
Tue 17 Mar 2026 17:29:52 INFO  [Evaluation]: eval_batch_size = [512] eval_args: [{'split': {'LS': 'valid_and_test'}, 'order': 'TO', 'group_by': 'user', 'mode': {'valid': 'full', 'test': 'full'}}]
Tue 17 Mar 2026 17:29:52 INFO  TimeWeaver(
  (item_embedding): Embedding(14556, 64, padding_idx=0)
  (time_aug): TimeAwareAugmentation(
    (pos_embedding): Embedding(32, 64)
    (time_embedding): Embedding(1000, 64)
    (layer_norm): LayerNorm((64,), eps=1e-05, elementwise_affine=True)
    (drop): Dropout(p=0.5, inplace=False)
  )
  (context_layers): ModuleList(
    (0-1): 2 x TCNNextBlock(
      (dw): DepthwiseConv1d(
        (conv): Conv1d(64, 64, kernel_size=(11,), stride=(1,), padding=(5,), groups=64)
        (bn): BatchNorm1d(64, eps=1e-05, momentum=0.1, affine=True, track_running_stats=True)
        (drop): Dropout(p=0.5, inplace=False)
      )
      (norm1): LayerNorm((64,), eps=1e-05, elementwise_affine=True)
      (conv_inter): ParallelConvInter(
        (conv1): Conv1d(64, 64, kernel_size=(1,), stride=(1,))
        (conv3): Conv1d(64, 64, kernel_size=(3,), stride=(1,), padding=(1,))
        (proj): Conv1d(64, 64, kernel_size=(1,), stride=(1,))
        (drop): Dropout(p=0.5, inplace=False)
      )
      (norm2): LayerNorm((64,), eps=1e-05, elementwise_affine=True)
      (ffn): Sequential(
        (0): Linear(in_features=64, out_features=256, bias=True)
        (1): GELU(approximate='none')
        (2): Dropout(p=0.5, inplace=False)
        (3): Linear(in_features=256, out_features=64, bias=True)
        (4): Dropout(p=0.5, inplace=False)
      )
      (norm3): LayerNorm((64,), eps=1e-05, elementwise_affine=True)
    )
  )
  (dynamic_layers): ModuleList(
    (0-1): 2 x EMAStream(
      (proj): Linear(in_features=64, out_features=64, bias=True)
    )
  )
  (weavers): ModuleList(
    (0-1): 2 x StreamWeaver(
      (proj): Linear(in_features=128, out_features=64, bias=True)
      (norm): LayerNorm((64,), eps=1e-05, elementwise_affine=True)
    )
  )
  (loss_fct): CrossEntropyLoss()
)
Trainable parameters: 1132929.0
Tue 17 Mar 2026 17:29:52 INFO  FLOPs: 4298752.0
Tue 17 Mar 2026 17:30:09 INFO  epoch 0 training [time: 16.95s, train loss: 1810.2932]
Tue 17 Mar 2026 17:30:09 INFO  epoch 0 evaluating [time: 0.08s, valid_score: 0.011500]
Tue 17 Mar 2026 17:30:09 INFO  valid result: 
hit@10 : 0.0115    ndcg@10 : 0.0061    mrr@10 : 0.0044
Tue 17 Mar 2026 17:30:09 INFO  Saving current: saved\TimeWeaver-Mar-17-2026_17-29-52.pth
Tue 17 Mar 2026 17:30:27 INFO  epoch 1 training [time: 17.38s, train loss: 1735.3626]
Tue 17 Mar 2026 17:30:27 INFO  epoch 1 evaluating [time: 0.08s, valid_score: 0.013800]
Tue 17 Mar 2026 17:30:27 INFO  valid result: 
hit@10 : 0.0138    ndcg@10 : 0.0073    mrr@10 : 0.0054
Tue 17 Mar 2026 17:30:27 INFO  Saving current: saved\TimeWeaver-Mar-17-2026_17-29-52.pth
Tue 17 Mar 2026 17:30:45 INFO  epoch 2 training [time: 17.54s, train loss: 1672.5438]
Tue 17 Mar 2026 17:30:45 INFO  epoch 2 evaluating [time: 0.09s, valid_score: 0.027500]
Tue 17 Mar 2026 17:30:45 INFO  valid result: 
hit@10 : 0.0275    ndcg@10 : 0.0132    mrr@10 : 0.009
Tue 17 Mar 2026 17:30:45 INFO  Saving current: saved\TimeWeaver-Mar-17-2026_17-29-52.pth
Tue 17 Mar 2026 17:31:02 INFO  epoch 3 training [time: 17.00s, train loss: 1598.5518]
Tue 17 Mar 2026 17:31:02 INFO  epoch 3 evaluating [time: 0.08s, valid_score: 0.025200]
Tue 17 Mar 2026 17:31:02 INFO  valid result: 
hit@10 : 0.0252    ndcg@10 : 0.0126    mrr@10 : 0.0087
Tue 17 Mar 2026 17:31:19 INFO  epoch 4 training [time: 16.97s, train loss: 1523.7081]
Tue 17 Mar 2026 17:31:19 INFO  epoch 4 evaluating [time: 0.08s, valid_score: 0.026100]
Tue 17 Mar 2026 17:31:19 INFO  valid result: 
hit@10 : 0.0261    ndcg@10 : 0.0131    mrr@10 : 0.0092
Tue 17 Mar 2026 17:31:38 INFO  epoch 5 training [time: 19.40s, train loss: 1450.9043]
Tue 17 Mar 2026 17:31:38 INFO  epoch 5 evaluating [time: 0.08s, valid_score: 0.028000]
Tue 17 Mar 2026 17:31:38 INFO  valid result: 
hit@10 : 0.028    ndcg@10 : 0.0131    mrr@10 : 0.0086
Tue 17 Mar 2026 17:31:38 INFO  Saving current: saved\TimeWeaver-Mar-17-2026_17-29-52.pth
Tue 17 Mar 2026 17:32:04 INFO  epoch 6 training [time: 25.50s, train loss: 1379.3640]
Tue 17 Mar 2026 17:32:04 INFO  epoch 6 evaluating [time: 0.08s, valid_score: 0.029800]
Tue 17 Mar 2026 17:32:04 INFO  valid result: 
hit@10 : 0.0298    ndcg@10 : 0.0133    mrr@10 : 0.0083
Tue 17 Mar 2026 17:32:04 INFO  Saving current: saved\TimeWeaver-Mar-17-2026_17-29-52.pth
Tue 17 Mar 2026 17:32:34 INFO  epoch 7 training [time: 29.68s, train loss: 1311.1420]
Tue 17 Mar 2026 17:32:34 INFO  epoch 7 evaluating [time: 0.08s, valid_score: 0.028900]
Tue 17 Mar 2026 17:32:34 INFO  valid result: 
hit@10 : 0.0289    ndcg@10 : 0.0128    mrr@10 : 0.0079
Tue 17 Mar 2026 17:33:06 INFO  epoch 8 training [time: 32.53s, train loss: 1252.4161]
Tue 17 Mar 2026 17:33:06 INFO  epoch 8 evaluating [time: 0.09s, valid_score: 0.033000]
Tue 17 Mar 2026 17:33:06 INFO  valid result: 
hit@10 : 0.033    ndcg@10 : 0.014    mrr@10 : 0.0083
Tue 17 Mar 2026 17:33:06 INFO  Saving current: saved\TimeWeaver-Mar-17-2026_17-29-52.pth
Tue 17 Mar 2026 17:33:40 INFO  epoch 9 training [time: 33.56s, train loss: 1198.3876]
Tue 17 Mar 2026 17:33:40 INFO  epoch 9 evaluating [time: 0.08s, valid_score: 0.033500]
Tue 17 Mar 2026 17:33:40 INFO  valid result: 
hit@10 : 0.0335    ndcg@10 : 0.0145    mrr@10 : 0.0087
Tue 17 Mar 2026 17:33:40 INFO  Saving current: saved\TimeWeaver-Mar-17-2026_17-29-52.pth
Tue 17 Mar 2026 17:34:15 INFO  epoch 10 training [time: 34.55s, train loss: 1151.7539]
Tue 17 Mar 2026 17:34:15 INFO  epoch 10 evaluating [time: 0.08s, valid_score: 0.035300]
Tue 17 Mar 2026 17:34:15 INFO  valid result: 
hit@10 : 0.0353    ndcg@10 : 0.0154    mrr@10 : 0.0094
Tue 17 Mar 2026 17:34:15 INFO  Saving current: saved\TimeWeaver-Mar-17-2026_17-29-52.pth
Tue 17 Mar 2026 17:34:49 INFO  epoch 11 training [time: 34.69s, train loss: 1113.2299]
Tue 17 Mar 2026 17:34:49 INFO  epoch 11 evaluating [time: 0.08s, valid_score: 0.035300]
Tue 17 Mar 2026 17:34:49 INFO  valid result: 
hit@10 : 0.0353    ndcg@10 : 0.0158    mrr@10 : 0.0098
Tue 17 Mar 2026 17:34:49 INFO  Saving current: saved\TimeWeaver-Mar-17-2026_17-29-52.pth
Tue 17 Mar 2026 17:35:23 INFO  epoch 12 training [time: 33.59s, train loss: 1079.2458]
Tue 17 Mar 2026 17:35:23 INFO  epoch 12 evaluating [time: 0.10s, valid_score: 0.033900]
Tue 17 Mar 2026 17:35:23 INFO  valid result: 
hit@10 : 0.0339    ndcg@10 : 0.0153    mrr@10 : 0.0096
Tue 17 Mar 2026 17:35:59 INFO  epoch 13 training [time: 35.87s, train loss: 1049.7851]
Tue 17 Mar 2026 17:35:59 INFO  epoch 13 evaluating [time: 0.09s, valid_score: 0.035300]
Tue 17 Mar 2026 17:35:59 INFO  valid result: 
hit@10 : 0.0353    ndcg@10 : 0.0148    mrr@10 : 0.0087
Tue 17 Mar 2026 17:35:59 INFO  Saving current: saved\TimeWeaver-Mar-17-2026_17-29-52.pth
Tue 17 Mar 2026 17:36:34 INFO  epoch 14 training [time: 34.89s, train loss: 1022.2904]
Tue 17 Mar 2026 17:36:34 INFO  epoch 14 evaluating [time: 0.08s, valid_score: 0.029800]
Tue 17 Mar 2026 17:36:34 INFO  valid result: 
hit@10 : 0.0298    ndcg@10 : 0.0137    mrr@10 : 0.0087
Tue 17 Mar 2026 17:37:09 INFO  epoch 15 training [time: 34.50s, train loss: 997.3398]
Tue 17 Mar 2026 17:37:09 INFO  epoch 15 evaluating [time: 0.08s, valid_score: 0.033500]
Tue 17 Mar 2026 17:37:09 INFO  valid result: 
hit@10 : 0.0335    ndcg@10 : 0.0139    mrr@10 : 0.008
Tue 17 Mar 2026 17:37:43 INFO  epoch 16 training [time: 33.89s, train loss: 974.0851]
Tue 17 Mar 2026 17:37:43 INFO  epoch 16 evaluating [time: 0.08s, valid_score: 0.030300]
Tue 17 Mar 2026 17:37:43 INFO  valid result: 
hit@10 : 0.0303    ndcg@10 : 0.0127    mrr@10 : 0.0074
Tue 17 Mar 2026 17:38:17 INFO  epoch 17 training [time: 34.52s, train loss: 952.8493]
Tue 17 Mar 2026 17:38:17 INFO  epoch 17 evaluating [time: 0.08s, valid_score: 0.027500]
Tue 17 Mar 2026 17:38:17 INFO  valid result: 
hit@10 : 0.0275    ndcg@10 : 0.0124    mrr@10 : 0.0079
Tue 17 Mar 2026 17:38:53 INFO  epoch 18 training [time: 35.31s, train loss: 933.4205]
Tue 17 Mar 2026 17:38:53 INFO  epoch 18 evaluating [time: 0.08s, valid_score: 0.025200]
Tue 17 Mar 2026 17:38:53 INFO  valid result: 
hit@10 : 0.0252    ndcg@10 : 0.0111    mrr@10 : 0.0069
Tue 17 Mar 2026 17:39:27 INFO  epoch 19 training [time: 34.41s, train loss: 912.7273]
Tue 17 Mar 2026 17:39:27 INFO  epoch 19 evaluating [time: 0.08s, valid_score: 0.027500]
Tue 17 Mar 2026 17:39:27 INFO  valid result: 
hit@10 : 0.0275    ndcg@10 : 0.0127    mrr@10 : 0.0082
Tue 17 Mar 2026 17:40:03 INFO  epoch 20 training [time: 35.77s, train loss: 897.0614]
Tue 17 Mar 2026 17:40:03 INFO  epoch 20 evaluating [time: 0.09s, valid_score: 0.027100]
Tue 17 Mar 2026 17:40:03 INFO  valid result: 
hit@10 : 0.0271    ndcg@10 : 0.0118    mrr@10 : 0.0072
Tue 17 Mar 2026 17:40:38 INFO  epoch 21 training [time: 34.54s, train loss: 880.4217]
Tue 17 Mar 2026 17:40:38 INFO  epoch 21 evaluating [time: 0.10s, valid_score: 0.025700]
Tue 17 Mar 2026 17:40:38 INFO  valid result: 
hit@10 : 0.0257    ndcg@10 : 0.0109    mrr@10 : 0.0064
Tue 17 Mar 2026 17:41:12 INFO  epoch 22 training [time: 34.20s, train loss: 863.3684]
Tue 17 Mar 2026 17:41:12 INFO  epoch 22 evaluating [time: 0.08s, valid_score: 0.024800]
Tue 17 Mar 2026 17:41:12 INFO  valid result: 
hit@10 : 0.0248    ndcg@10 : 0.0112    mrr@10 : 0.007
Tue 17 Mar 2026 17:41:46 INFO  epoch 23 training [time: 33.87s, train loss: 851.5398]
Tue 17 Mar 2026 17:41:46 INFO  epoch 23 evaluating [time: 0.08s, valid_score: 0.027100]
Tue 17 Mar 2026 17:41:46 INFO  valid result: 
hit@10 : 0.0271    ndcg@10 : 0.012    mrr@10 : 0.0074
Tue 17 Mar 2026 17:42:21 INFO  epoch 24 training [time: 35.44s, train loss: 835.9176]
Tue 17 Mar 2026 17:42:21 INFO  epoch 24 evaluating [time: 0.09s, valid_score: 0.028400]
Tue 17 Mar 2026 17:42:21 INFO  valid result: 
hit@10 : 0.0284    ndcg@10 : 0.0126    mrr@10 : 0.0078
Tue 17 Mar 2026 17:42:21 INFO  Finished training, best eval result in epoch 13
Tue 17 Mar 2026 17:42:21 INFO  Loading model structure and parameters from saved\TimeWeaver-Mar-17-2026_17-29-52.pth
Tue 17 Mar 2026 17:42:23 INFO  The running environment of this training is as follows:
+-------------+----------------+
| Environment |     Usage      |
+=============+================+
| CPU         |     5.00 %     |
+-------------+----------------+
| GPU         | 0.33 G/6.00 G  |
+-------------+----------------+
| Memory      | 1.58 G/15.63 G |
+-------------+----------------+
Tue 17 Mar 2026 17:42:23 INFO  best valid : OrderedDict([('hit@10', 0.0353), ('ndcg@10', 0.0148), ('mrr@10', 0.0087)])
Tue 17 Mar 2026 17:42:23 INFO  test result: OrderedDict([('hit@10', 0.0252), ('ndcg@10', 0.0114), ('mrr@10', 0.0073)])
Tue 17 Mar 2026 17:42:23 WARNING  command line args [--models timeweaver --datasets amazon-sports-5core-longseq-full --seeds 42,2023,2024 --device gpu --timeweaver-variant aug_only --output F:\桌面\recommendation_system\results\param_sweeps\timeweaver_param_B1_warmup_ramp.json --tag B1_warm1000_ramp4000 --skip-if-done --tw-time-aug-warmup 1000 --tw-time-aug-ramp 4000] will not be used in RecBole
Tue 17 Mar 2026 17:42:23 INFO  ['F:\\桌面\\recommendation_system\\scripts\\run_grid.py', '--models', 'timeweaver', '--datasets', 'amazon-sports-5core-longseq-full', '--seeds', '42,2023,2024', '--device', 'gpu', '--timeweaver-variant', 'aug_only', '--output', 'F:\\桌面\\recommendation_system\\results\\param_sweeps\\timeweaver_param_B1_warmup_ramp.json', '--tag', 'B1_warm1000_ramp4000', '--skip-if-done', '--tw-time-aug-warmup', '1000', '--tw-time-aug-ramp', '4000']
Tue 17 Mar 2026 17:42:23 INFO  
General Hyper Parameters:
gpu_id = 0
use_gpu = True
seed = 2024
state = INFO
reproducibility = True
data_path = data/amazon\amazon-sports-5core-longseq
checkpoint_dir = saved
show_progress = True
save_dataset = False
dataset_save_path = None
save_dataloaders = False
dataloaders_save_path = None
log_wandb = False

Training Hyper Parameters:
epochs = 100
train_batch_size = 256
learner = adam
learning_rate = 0.001
train_neg_sample_args = {'distribution': 'none', 'sample_num': 'none', 'alpha': 'none', 'dynamic': False, 'candidate_num': 0}
eval_step = 1
stopping_step = 10
clip_grad_norm = None
weight_decay = 0.0
loss_decimal_place = 4

Evaluation Hyper Parameters:
eval_args = {'split': {'LS': 'valid_and_test'}, 'order': 'TO', 'group_by': 'user', 'mode': {'valid': 'full', 'test': 'full'}}
repeatable = True
metrics = ['Hit', 'NDCG', 'MRR']
topk = [10]
valid_metric = Hit@10
valid_metric_bigger = True
eval_batch_size = 512
metric_decimal_place = 4

Dataset Hyper Parameters:
field_separator = 	
seq_separator =  
USER_ID_FIELD = user_id
ITEM_ID_FIELD = item_id
RATING_FIELD = rating
TIME_FIELD = timestamp
seq_len = None
LABEL_FIELD = label
threshold = None
NEG_PREFIX = neg_
load_col = {'inter': ['user_id', 'item_id', 'rating', 'timestamp']}
unload_col = None
unused_col = None
additional_feat_suffix = None
rm_dup_inter = None
val_interval = None
filter_inter_by_user_or_item = True
user_inter_num_interval = [0,inf)
item_inter_num_interval = [0,inf)
alias_of_user_id = None
alias_of_item_id = None
alias_of_entity_id = None
alias_of_relation_id = None
preload_weight = None
normalize_field = None
normalize_all = None
ITEM_LIST_LENGTH_FIELD = item_length
LIST_SUFFIX = _list
MAX_ITEM_LIST_LENGTH = 32
POSITION_FIELD = position_id
HEAD_ENTITY_ID_FIELD = head_id
TAIL_ENTITY_ID_FIELD = tail_id
RELATION_ID_FIELD = relation_id
ENTITY_ID_FIELD = entity_id
benchmark_filename = None

Other Hyper Parameters: 
worker = 0
wandb_project = recbole
shuffle = True
require_pow = False
enable_amp = False
enable_scaler = False
transform = None
numerical_features = []
discretization = None
kg_reverse_r = False
entity_kg_num_interval = [0,inf)
relation_kg_num_interval = [0,inf)
MODEL_TYPE = ModelType.SEQUENTIAL
contrastive_weight = 0.03
contrastive_temp = 0.2
time_aug_prob = 0.15
time_aug_strength = 0.05
model_name = TimeWeaver
hidden_size = 64
num_layers = 2
hidden_dropout_prob = 0.5
initializer_range = 0.02
time_bucket_size = 1000
ema_decay = 0.5
tcn_kernel_size = -1
ffn_hidden_size = 256
loss_type = CE
early_stop = 10
neg_sampling = None
device = cuda
use_continuous_time = False
use_time_gate = False
use_time_augmentation = True
time_aug_warmup_steps = 1000
time_aug_ramp_steps = 4000
MODEL_INPUT_TYPE = InputType.POINTWISE
eval_type = EvaluatorType.RANKING
single_spec = True
local_rank = 0
valid_neg_sample_args = {'distribution': 'uniform', 'sample_num': 'none'}
test_neg_sample_args = {'distribution': 'uniform', 'sample_num': 'none'}


Tue 17 Mar 2026 17:42:23 INFO  amazon-sports-5core-longseq
The number of users: 2181
Average actions of users: 25.74678899082569
The number of items: 14556
Average actions of items: 3.8562693232566128
The number of inters: 56128
The sparsity of the dataset: 99.82320016520806%
Remain Fields: ['user_id', 'item_id', 'rating', 'timestamp']
Tue 17 Mar 2026 17:42:24 INFO  [Training]: train_batch_size = [256] train_neg_sample_args: [{'distribution': 'none', 'sample_num': 'none', 'alpha': 'none', 'dynamic': False, 'candidate_num': 0}]
Tue 17 Mar 2026 17:42:24 INFO  [Evaluation]: eval_batch_size = [512] eval_args: [{'split': {'LS': 'valid_and_test'}, 'order': 'TO', 'group_by': 'user', 'mode': {'valid': 'full', 'test': 'full'}}]
Tue 17 Mar 2026 17:42:24 INFO  TimeWeaver(
  (item_embedding): Embedding(14556, 64, padding_idx=0)
  (time_aug): TimeAwareAugmentation(
    (pos_embedding): Embedding(32, 64)
    (time_embedding): Embedding(1000, 64)
    (layer_norm): LayerNorm((64,), eps=1e-05, elementwise_affine=True)
    (drop): Dropout(p=0.5, inplace=False)
  )
  (context_layers): ModuleList(
    (0-1): 2 x TCNNextBlock(
      (dw): DepthwiseConv1d(
        (conv): Conv1d(64, 64, kernel_size=(11,), stride=(1,), padding=(5,), groups=64)
        (bn): BatchNorm1d(64, eps=1e-05, momentum=0.1, affine=True, track_running_stats=True)
        (drop): Dropout(p=0.5, inplace=False)
      )
      (norm1): LayerNorm((64,), eps=1e-05, elementwise_affine=True)
      (conv_inter): ParallelConvInter(
        (conv1): Conv1d(64, 64, kernel_size=(1,), stride=(1,))
        (conv3): Conv1d(64, 64, kernel_size=(3,), stride=(1,), padding=(1,))
        (proj): Conv1d(64, 64, kernel_size=(1,), stride=(1,))
        (drop): Dropout(p=0.5, inplace=False)
      )
      (norm2): LayerNorm((64,), eps=1e-05, elementwise_affine=True)
      (ffn): Sequential(
        (0): Linear(in_features=64, out_features=256, bias=True)
        (1): GELU(approximate='none')
        (2): Dropout(p=0.5, inplace=False)
        (3): Linear(in_features=256, out_features=64, bias=True)
        (4): Dropout(p=0.5, inplace=False)
      )
      (norm3): LayerNorm((64,), eps=1e-05, elementwise_affine=True)
    )
  )
  (dynamic_layers): ModuleList(
    (0-1): 2 x EMAStream(
      (proj): Linear(in_features=64, out_features=64, bias=True)
    )
  )
  (weavers): ModuleList(
    (0-1): 2 x StreamWeaver(
      (proj): Linear(in_features=128, out_features=64, bias=True)
      (norm): LayerNorm((64,), eps=1e-05, elementwise_affine=True)
    )
  )
  (loss_fct): CrossEntropyLoss()
)
Trainable parameters: 1132929.0
Tue 17 Mar 2026 17:42:24 INFO  FLOPs: 4298752.0
Tue 17 Mar 2026 17:42:41 INFO  epoch 0 training [time: 17.20s, train loss: 1809.7610]
Tue 17 Mar 2026 17:42:41 INFO  epoch 0 evaluating [time: 0.09s, valid_score: 0.011500]
Tue 17 Mar 2026 17:42:41 INFO  valid result: 
hit@10 : 0.0115    ndcg@10 : 0.0063    mrr@10 : 0.0047
Tue 17 Mar 2026 17:42:41 INFO  Saving current: saved\TimeWeaver-Mar-17-2026_17-42-24.pth
Tue 17 Mar 2026 17:42:58 INFO  epoch 1 training [time: 17.17s, train loss: 1735.7294]
Tue 17 Mar 2026 17:42:58 INFO  epoch 1 evaluating [time: 0.08s, valid_score: 0.017000]
Tue 17 Mar 2026 17:42:58 INFO  valid result: 
hit@10 : 0.017    ndcg@10 : 0.0078    mrr@10 : 0.005
Tue 17 Mar 2026 17:42:59 INFO  Saving current: saved\TimeWeaver-Mar-17-2026_17-42-24.pth
Tue 17 Mar 2026 17:43:16 INFO  epoch 2 training [time: 17.09s, train loss: 1674.0062]
Tue 17 Mar 2026 17:43:16 INFO  epoch 2 evaluating [time: 0.08s, valid_score: 0.026600]
Tue 17 Mar 2026 17:43:16 INFO  valid result: 
hit@10 : 0.0266    ndcg@10 : 0.0129    mrr@10 : 0.0087
Tue 17 Mar 2026 17:43:16 INFO  Saving current: saved\TimeWeaver-Mar-17-2026_17-42-24.pth
Tue 17 Mar 2026 17:43:34 INFO  epoch 3 training [time: 18.10s, train loss: 1599.1303]
Tue 17 Mar 2026 17:43:34 INFO  epoch 3 evaluating [time: 0.09s, valid_score: 0.026600]
Tue 17 Mar 2026 17:43:34 INFO  valid result: 
hit@10 : 0.0266    ndcg@10 : 0.0124    mrr@10 : 0.0082
Tue 17 Mar 2026 17:43:34 INFO  Saving current: saved\TimeWeaver-Mar-17-2026_17-42-24.pth
Tue 17 Mar 2026 17:43:52 INFO  epoch 4 training [time: 18.19s, train loss: 1523.0991]
Tue 17 Mar 2026 17:43:52 INFO  epoch 4 evaluating [time: 0.09s, valid_score: 0.028400]
Tue 17 Mar 2026 17:43:52 INFO  valid result: 
hit@10 : 0.0284    ndcg@10 : 0.0126    mrr@10 : 0.0079
Tue 17 Mar 2026 17:43:52 INFO  Saving current: saved\TimeWeaver-Mar-17-2026_17-42-24.pth
Tue 17 Mar 2026 17:44:12 INFO  epoch 5 training [time: 19.34s, train loss: 1448.4613]
Tue 17 Mar 2026 17:44:12 INFO  epoch 5 evaluating [time: 0.08s, valid_score: 0.028000]
Tue 17 Mar 2026 17:44:12 INFO  valid result: 
hit@10 : 0.028    ndcg@10 : 0.0135    mrr@10 : 0.009
Tue 17 Mar 2026 17:44:38 INFO  epoch 6 training [time: 25.98s, train loss: 1376.4125]
Tue 17 Mar 2026 17:44:38 INFO  epoch 6 evaluating [time: 0.08s, valid_score: 0.030300]
Tue 17 Mar 2026 17:44:38 INFO  valid result: 
hit@10 : 0.0303    ndcg@10 : 0.014    mrr@10 : 0.0091
Tue 17 Mar 2026 17:44:38 INFO  Saving current: saved\TimeWeaver-Mar-17-2026_17-42-24.pth
Tue 17 Mar 2026 17:45:09 INFO  epoch 7 training [time: 30.77s, train loss: 1308.9995]
Tue 17 Mar 2026 17:45:09 INFO  epoch 7 evaluating [time: 0.08s, valid_score: 0.029400]
Tue 17 Mar 2026 17:45:09 INFO  valid result: 
hit@10 : 0.0294    ndcg@10 : 0.0119    mrr@10 : 0.0068
Tue 17 Mar 2026 17:45:42 INFO  epoch 8 training [time: 33.60s, train loss: 1248.9138]
Tue 17 Mar 2026 17:45:42 INFO  epoch 8 evaluating [time: 0.09s, valid_score: 0.032600]
Tue 17 Mar 2026 17:45:42 INFO  valid result: 
hit@10 : 0.0326    ndcg@10 : 0.0139    mrr@10 : 0.0083
Tue 17 Mar 2026 17:45:42 INFO  Saving current: saved\TimeWeaver-Mar-17-2026_17-42-24.pth
Tue 17 Mar 2026 17:46:17 INFO  epoch 9 training [time: 34.71s, train loss: 1197.7300]
Tue 17 Mar 2026 17:46:17 INFO  epoch 9 evaluating [time: 0.09s, valid_score: 0.033000]
Tue 17 Mar 2026 17:46:17 INFO  valid result: 
hit@10 : 0.033    ndcg@10 : 0.0143    mrr@10 : 0.0086
Tue 17 Mar 2026 17:46:17 INFO  Saving current: saved\TimeWeaver-Mar-17-2026_17-42-24.pth
Tue 17 Mar 2026 17:46:52 INFO  epoch 10 training [time: 35.01s, train loss: 1152.1044]
Tue 17 Mar 2026 17:46:52 INFO  epoch 10 evaluating [time: 0.08s, valid_score: 0.034900]
Tue 17 Mar 2026 17:46:52 INFO  valid result: 
hit@10 : 0.0349    ndcg@10 : 0.0147    mrr@10 : 0.0087
Tue 17 Mar 2026 17:46:52 INFO  Saving current: saved\TimeWeaver-Mar-17-2026_17-42-24.pth
Tue 17 Mar 2026 17:47:27 INFO  epoch 11 training [time: 35.02s, train loss: 1113.4011]
Tue 17 Mar 2026 17:47:27 INFO  epoch 11 evaluating [time: 0.09s, valid_score: 0.037200]
Tue 17 Mar 2026 17:47:27 INFO  valid result: 
hit@10 : 0.0372    ndcg@10 : 0.0161    mrr@10 : 0.0098
Tue 17 Mar 2026 17:47:27 INFO  Saving current: saved\TimeWeaver-Mar-17-2026_17-42-24.pth
Tue 17 Mar 2026 17:48:04 INFO  epoch 12 training [time: 36.57s, train loss: 1082.8219]
Tue 17 Mar 2026 17:48:04 INFO  epoch 12 evaluating [time: 0.09s, valid_score: 0.033000]
Tue 17 Mar 2026 17:48:04 INFO  valid result: 
hit@10 : 0.033    ndcg@10 : 0.0139    mrr@10 : 0.0081
Tue 17 Mar 2026 17:48:39 INFO  epoch 13 training [time: 34.60s, train loss: 1054.2888]
Tue 17 Mar 2026 17:48:39 INFO  epoch 13 evaluating [time: 0.07s, valid_score: 0.030700]
Tue 17 Mar 2026 17:48:39 INFO  valid result: 
hit@10 : 0.0307    ndcg@10 : 0.0134    mrr@10 : 0.0081
Tue 17 Mar 2026 17:49:14 INFO  epoch 14 training [time: 34.86s, train loss: 1025.8258]
Tue 17 Mar 2026 17:49:14 INFO  epoch 14 evaluating [time: 0.09s, valid_score: 0.033900]
Tue 17 Mar 2026 17:49:14 INFO  valid result: 
hit@10 : 0.0339    ndcg@10 : 0.0145    mrr@10 : 0.0086
Tue 17 Mar 2026 17:49:48 INFO  epoch 15 training [time: 34.64s, train loss: 1003.6167]
Tue 17 Mar 2026 17:49:48 INFO  epoch 15 evaluating [time: 0.08s, valid_score: 0.030700]
Tue 17 Mar 2026 17:49:48 INFO  valid result: 
hit@10 : 0.0307    ndcg@10 : 0.0136    mrr@10 : 0.0084
Tue 17 Mar 2026 17:50:24 INFO  epoch 16 training [time: 35.54s, train loss: 978.7602]
Tue 17 Mar 2026 17:50:24 INFO  epoch 16 evaluating [time: 0.09s, valid_score: 0.031200]
Tue 17 Mar 2026 17:50:24 INFO  valid result: 
hit@10 : 0.0312    ndcg@10 : 0.0135    mrr@10 : 0.0082
Tue 17 Mar 2026 17:50:59 INFO  epoch 17 training [time: 34.94s, train loss: 957.6164]
Tue 17 Mar 2026 17:50:59 INFO  epoch 17 evaluating [time: 0.09s, valid_score: 0.030300]
Tue 17 Mar 2026 17:50:59 INFO  valid result: 
hit@10 : 0.0303    ndcg@10 : 0.0131    mrr@10 : 0.0079
Tue 17 Mar 2026 17:51:35 INFO  epoch 18 training [time: 35.75s, train loss: 939.4879]
Tue 17 Mar 2026 17:51:35 INFO  epoch 18 evaluating [time: 0.09s, valid_score: 0.032600]
Tue 17 Mar 2026 17:51:35 INFO  valid result: 
hit@10 : 0.0326    ndcg@10 : 0.0141    mrr@10 : 0.0085
Tue 17 Mar 2026 17:52:11 INFO  epoch 19 training [time: 36.11s, train loss: 920.0495]
Tue 17 Mar 2026 17:52:11 INFO  epoch 19 evaluating [time: 0.09s, valid_score: 0.030300]
Tue 17 Mar 2026 17:52:11 INFO  valid result: 
hit@10 : 0.0303    ndcg@10 : 0.0132    mrr@10 : 0.008
Tue 17 Mar 2026 17:52:45 INFO  epoch 20 training [time: 34.20s, train loss: 902.3467]
Tue 17 Mar 2026 17:52:45 INFO  epoch 20 evaluating [time: 0.08s, valid_score: 0.027500]
Tue 17 Mar 2026 17:52:45 INFO  valid result: 
hit@10 : 0.0275    ndcg@10 : 0.0131    mrr@10 : 0.0088
Tue 17 Mar 2026 17:53:21 INFO  epoch 21 training [time: 35.15s, train loss: 886.6066]
Tue 17 Mar 2026 17:53:21 INFO  epoch 21 evaluating [time: 0.08s, valid_score: 0.028400]
Tue 17 Mar 2026 17:53:21 INFO  valid result: 
hit@10 : 0.0284    ndcg@10 : 0.013    mrr@10 : 0.0084
Tue 17 Mar 2026 17:53:56 INFO  epoch 22 training [time: 35.03s, train loss: 869.7611]
Tue 17 Mar 2026 17:53:56 INFO  epoch 22 evaluating [time: 0.09s, valid_score: 0.028000]
Tue 17 Mar 2026 17:53:56 INFO  valid result: 
hit@10 : 0.028    ndcg@10 : 0.0131    mrr@10 : 0.0086
Tue 17 Mar 2026 17:53:56 INFO  Finished training, best eval result in epoch 11
Tue 17 Mar 2026 17:53:56 INFO  Loading model structure and parameters from saved\TimeWeaver-Mar-17-2026_17-42-24.pth
Tue 17 Mar 2026 17:53:57 INFO  The running environment of this training is as follows:
+-------------+----------------+
| Environment |     Usage      |
+=============+================+
| CPU         |     5.00 %     |
+-------------+----------------+
| GPU         | 0.33 G/6.00 G  |
+-------------+----------------+
| Memory      | 1.58 G/15.63 G |
+-------------+----------------+
Tue 17 Mar 2026 17:53:57 INFO  best valid : OrderedDict([('hit@10', 0.0372), ('ndcg@10', 0.0161), ('mrr@10', 0.0098)])
Tue 17 Mar 2026 17:53:57 INFO  test result: OrderedDict([('hit@10', 0.0225), ('ndcg@10', 0.0104), ('mrr@10', 0.0068)])
