Mon 09 Feb 2026 22:53:44 INFO  ['F:\\桌面\\recommendation_system\\scripts\\run_grid.py', '--models', 'timeweaver', '--datasets', 'ml-100k', '--seeds', '42', '--device', 'gpu', '--timeweaver-variant', 'base', '--tag', 'e0p2_k5_d0p5_l1_f512_b1000', '--output', 'results/run_grid_timeweaver_tune.json', '--tw-ema-decay', '0.2', '--tw-tcn-kernel', '5', '--tw-hidden-dropout', '0.5', '--tw-num-layers', '1', '--tw-ffn-hidden', '512', '--tw-time-bucket', '1000']
Mon 09 Feb 2026 22:53:44 INFO  
General Hyper Parameters:
gpu_id = 0
use_gpu = True
seed = 42
state = INFO
reproducibility = True
data_path = F:\anaconda3\envs\rec39\Lib\site-packages\recbole\config\../dataset_example/ml-100k
checkpoint_dir = saved
show_progress = True
save_dataset = False
dataset_save_path = None
save_dataloaders = False
dataloaders_save_path = None
log_wandb = False

Training Hyper Parameters:
epochs = 100
train_batch_size = 256
learner = adam
learning_rate = 0.001
train_neg_sample_args = {'distribution': 'none', 'sample_num': 'none', 'alpha': 'none', 'dynamic': False, 'candidate_num': 0}
eval_step = 1
stopping_step = 10
clip_grad_norm = None
weight_decay = 0.0
loss_decimal_place = 4

Evaluation Hyper Parameters:
eval_args = {'split': {'LS': 'valid_and_test'}, 'order': 'TO', 'group_by': 'user', 'mode': {'valid': 'uni100', 'test': 'uni100'}}
repeatable = True
metrics = ['Hit', 'NDCG', 'MRR']
topk = [10]
valid_metric = MRR@10
valid_metric_bigger = True
eval_batch_size = 512
metric_decimal_place = 4

Dataset Hyper Parameters:
field_separator = 	
seq_separator =  
USER_ID_FIELD = user_id
ITEM_ID_FIELD = item_id
RATING_FIELD = rating
TIME_FIELD = timestamp
seq_len = None
LABEL_FIELD = label
threshold = None
NEG_PREFIX = neg_
load_col = {'inter': ['user_id', 'item_id', 'rating', 'timestamp'], 'user': ['user_id', 'age', 'gender', 'occupation', 'zip_code'], 'item': ['item_id', 'movie_title', 'release_year', 'class']}
unload_col = None
unused_col = None
additional_feat_suffix = None
rm_dup_inter = None
val_interval = None
filter_inter_by_user_or_item = True
user_inter_num_interval = None
item_inter_num_interval = None
alias_of_user_id = None
alias_of_item_id = None
alias_of_entity_id = None
alias_of_relation_id = None
preload_weight = None
normalize_field = None
normalize_all = True
ITEM_LIST_LENGTH_FIELD = item_length
LIST_SUFFIX = _list
MAX_ITEM_LIST_LENGTH = 32
POSITION_FIELD = position_id
HEAD_ENTITY_ID_FIELD = head_id
TAIL_ENTITY_ID_FIELD = tail_id
RELATION_ID_FIELD = relation_id
ENTITY_ID_FIELD = entity_id
kg_reverse_r = False
entity_kg_num_interval = None
relation_kg_num_interval = None
benchmark_filename = None

Other Hyper Parameters: 
worker = 0
wandb_project = recbole
shuffle = True
require_pow = False
enable_amp = False
enable_scaler = False
transform = None
numerical_features = []
discretization = None
MODEL_TYPE = ModelType.SEQUENTIAL
model_name = TimeWeaver
hidden_size = 64
num_layers = 1
hidden_dropout_prob = 0.5
initializer_range = 0.02
time_bucket_size = 1000
ema_decay = 0.2
tcn_kernel_size = 5
ffn_hidden_size = 512
loss_type = CE
early_stop = 10
neg_sampling = None
device = cuda
use_continuous_time = False
use_time_gate = False
use_time_augmentation = False
MODEL_INPUT_TYPE = InputType.POINTWISE
eval_type = EvaluatorType.RANKING
single_spec = True
local_rank = 0
valid_neg_sample_args = {'distribution': 'uniform', 'sample_num': 100}
test_neg_sample_args = {'distribution': 'uniform', 'sample_num': 100}


Mon 09 Feb 2026 22:53:44 INFO  ml-100k
The number of users: 944
Average actions of users: 106.04453870625663
The number of items: 1683
Average actions of items: 59.45303210463734
The number of inters: 100000
The sparsity of the dataset: 93.70575143257098%
Remain Fields: ['user_id', 'item_id', 'rating', 'timestamp', 'age', 'gender', 'occupation', 'zip_code', 'movie_title', 'release_year', 'class']
Mon 09 Feb 2026 22:53:46 INFO  [Training]: train_batch_size = [256] train_neg_sample_args: [{'distribution': 'none', 'sample_num': 'none', 'alpha': 'none', 'dynamic': False, 'candidate_num': 0}]
Mon 09 Feb 2026 22:53:46 INFO  [Evaluation]: eval_batch_size = [512] eval_args: [{'split': {'LS': 'valid_and_test'}, 'order': 'TO', 'group_by': 'user', 'mode': {'valid': 'uni100', 'test': 'uni100'}}]
Mon 09 Feb 2026 22:53:46 INFO  TimeWeaver(
  (item_embedding): Embedding(1683, 64, padding_idx=0)
  (time_aug): TimeAwareAugmentation(
    (pos_embedding): Embedding(32, 64)
    (time_embedding): Embedding(1000, 64)
    (layer_norm): LayerNorm((64,), eps=1e-05, elementwise_affine=True)
    (drop): Dropout(p=0.5, inplace=False)
  )
  (context_layers): ModuleList(
    (0): TCNNextBlock(
      (dw): DepthwiseConv1d(
        (conv): Conv1d(64, 64, kernel_size=(5,), stride=(1,), padding=(2,), groups=64)
        (bn): BatchNorm1d(64, eps=1e-05, momentum=0.1, affine=True, track_running_stats=True)
        (drop): Dropout(p=0.5, inplace=False)
      )
      (norm1): LayerNorm((64,), eps=1e-05, elementwise_affine=True)
      (conv_inter): ParallelConvInter(
        (conv1): Conv1d(64, 64, kernel_size=(1,), stride=(1,))
        (conv3): Conv1d(64, 64, kernel_size=(3,), stride=(1,), padding=(1,))
        (proj): Conv1d(64, 64, kernel_size=(1,), stride=(1,))
        (drop): Dropout(p=0.5, inplace=False)
      )
      (norm2): LayerNorm((64,), eps=1e-05, elementwise_affine=True)
      (ffn): Sequential(
        (0): Linear(in_features=64, out_features=512, bias=True)
        (1): GELU(approximate='none')
        (2): Dropout(p=0.5, inplace=False)
        (3): Linear(in_features=512, out_features=64, bias=True)
        (4): Dropout(p=0.5, inplace=False)
      )
      (norm3): LayerNorm((64,), eps=1e-05, elementwise_affine=True)
    )
  )
  (dynamic_layers): ModuleList(
    (0): EMAStream(
      (proj): Linear(in_features=64, out_features=64, bias=True)
    )
  )
  (weavers): ModuleList(
    (0): StreamWeaver(
      (proj): Linear(in_features=128, out_features=64, bias=True)
      (norm): LayerNorm((64,), eps=1e-05, elementwise_affine=True)
    )
  )
  (loss_fct): CrossEntropyLoss()
)
Trainable parameters: 274113.0
Mon 09 Feb 2026 22:53:46 INFO  FLOPs: 3190784.0
Mon 09 Feb 2026 22:54:06 INFO  epoch 0 training [time: 18.72s, train loss: 2453.2449]
Mon 09 Feb 2026 22:54:08 INFO  epoch 0 evaluating [time: 1.87s, valid_score: 0.272800]
Mon 09 Feb 2026 22:54:08 INFO  valid result: 
hit@10 : 0.6373    ndcg@10 : 0.3583    mrr@10 : 0.2728
Mon 09 Feb 2026 22:54:08 INFO  Saving current: saved\TimeWeaver-Feb-09-2026_22-53-46.pth
Mon 09 Feb 2026 22:54:27 INFO  epoch 1 training [time: 19.22s, train loss: 2256.3924]
Mon 09 Feb 2026 22:54:29 INFO  epoch 1 evaluating [time: 1.82s, valid_score: 0.312000]
Mon 09 Feb 2026 22:54:29 INFO  valid result: 
hit@10 : 0.6797    ndcg@10 : 0.3987    mrr@10 : 0.312
Mon 09 Feb 2026 22:54:29 INFO  Saving current: saved\TimeWeaver-Feb-09-2026_22-53-46.pth
Mon 09 Feb 2026 22:54:48 INFO  epoch 2 training [time: 18.88s, train loss: 2219.7578]
Mon 09 Feb 2026 22:54:49 INFO  epoch 2 evaluating [time: 1.76s, valid_score: 0.335600]
Mon 09 Feb 2026 22:54:49 INFO  valid result: 
hit@10 : 0.6988    ndcg@10 : 0.4211    mrr@10 : 0.3356
Mon 09 Feb 2026 22:54:49 INFO  Saving current: saved\TimeWeaver-Feb-09-2026_22-53-46.pth
Mon 09 Feb 2026 22:55:09 INFO  epoch 3 training [time: 19.25s, train loss: 2196.8600]
Mon 09 Feb 2026 22:55:11 INFO  epoch 3 evaluating [time: 1.82s, valid_score: 0.328200]
Mon 09 Feb 2026 22:55:11 INFO  valid result: 
hit@10 : 0.7116    ndcg@10 : 0.419    mrr@10 : 0.3282
Mon 09 Feb 2026 22:55:30 INFO  epoch 4 training [time: 19.72s, train loss: 2182.1225]
Mon 09 Feb 2026 22:55:32 INFO  epoch 4 evaluating [time: 1.86s, valid_score: 0.346900]
Mon 09 Feb 2026 22:55:32 INFO  valid result: 
hit@10 : 0.7253    ndcg@10 : 0.4363    mrr@10 : 0.3469
Mon 09 Feb 2026 22:55:32 INFO  Saving current: saved\TimeWeaver-Feb-09-2026_22-53-46.pth
Mon 09 Feb 2026 22:55:52 INFO  epoch 5 training [time: 19.60s, train loss: 2172.5043]
Mon 09 Feb 2026 22:55:54 INFO  epoch 5 evaluating [time: 1.88s, valid_score: 0.337100]
Mon 09 Feb 2026 22:55:54 INFO  valid result: 
hit@10 : 0.7169    ndcg@10 : 0.4273    mrr@10 : 0.3371
Mon 09 Feb 2026 22:56:13 INFO  epoch 6 training [time: 19.17s, train loss: 2162.9168]
Mon 09 Feb 2026 22:56:14 INFO  epoch 6 evaluating [time: 1.74s, valid_score: 0.333300]
Mon 09 Feb 2026 22:56:14 INFO  valid result: 
hit@10 : 0.7306    ndcg@10 : 0.4271    mrr@10 : 0.3333
Mon 09 Feb 2026 22:56:33 INFO  epoch 7 training [time: 18.70s, train loss: 2155.6808]
Mon 09 Feb 2026 22:56:35 INFO  epoch 7 evaluating [time: 1.84s, valid_score: 0.340800]
Mon 09 Feb 2026 22:56:35 INFO  valid result: 
hit@10 : 0.7317    ndcg@10 : 0.4334    mrr@10 : 0.3408
Mon 09 Feb 2026 22:56:54 INFO  epoch 8 training [time: 19.31s, train loss: 2150.6653]
Mon 09 Feb 2026 22:56:56 INFO  epoch 8 evaluating [time: 1.88s, valid_score: 0.350100]
Mon 09 Feb 2026 22:56:56 INFO  valid result: 
hit@10 : 0.72    ndcg@10 : 0.4379    mrr@10 : 0.3501
Mon 09 Feb 2026 22:56:56 INFO  Saving current: saved\TimeWeaver-Feb-09-2026_22-53-46.pth
Mon 09 Feb 2026 22:57:15 INFO  epoch 9 training [time: 18.99s, train loss: 2144.1520]
Mon 09 Feb 2026 22:57:17 INFO  epoch 9 evaluating [time: 1.75s, valid_score: 0.349900]
Mon 09 Feb 2026 22:57:17 INFO  valid result: 
hit@10 : 0.7349    ndcg@10 : 0.4409    mrr@10 : 0.3499
Mon 09 Feb 2026 22:57:36 INFO  epoch 10 training [time: 18.97s, train loss: 2140.2144]
Mon 09 Feb 2026 22:57:38 INFO  epoch 10 evaluating [time: 1.79s, valid_score: 0.342700]
Mon 09 Feb 2026 22:57:38 INFO  valid result: 
hit@10 : 0.7296    ndcg@10 : 0.4342    mrr@10 : 0.3427
Mon 09 Feb 2026 22:57:57 INFO  epoch 11 training [time: 19.14s, train loss: 2135.3807]
Mon 09 Feb 2026 22:57:59 INFO  epoch 11 evaluating [time: 1.76s, valid_score: 0.356800]
Mon 09 Feb 2026 22:57:59 INFO  valid result: 
hit@10 : 0.7391    ndcg@10 : 0.4474    mrr@10 : 0.3568
Mon 09 Feb 2026 22:57:59 INFO  Saving current: saved\TimeWeaver-Feb-09-2026_22-53-46.pth
Mon 09 Feb 2026 22:58:18 INFO  epoch 12 training [time: 19.11s, train loss: 2132.5621]
Mon 09 Feb 2026 22:58:20 INFO  epoch 12 evaluating [time: 1.82s, valid_score: 0.350700]
Mon 09 Feb 2026 22:58:20 INFO  valid result: 
hit@10 : 0.7338    ndcg@10 : 0.4414    mrr@10 : 0.3507
Mon 09 Feb 2026 22:58:39 INFO  epoch 13 training [time: 19.05s, train loss: 2129.5791]
Mon 09 Feb 2026 22:58:40 INFO  epoch 13 evaluating [time: 1.78s, valid_score: 0.355300]
Mon 09 Feb 2026 22:58:40 INFO  valid result: 
hit@10 : 0.7285    ndcg@10 : 0.4437    mrr@10 : 0.3553
Mon 09 Feb 2026 22:58:59 INFO  epoch 14 training [time: 18.92s, train loss: 2126.1888]
Mon 09 Feb 2026 22:59:01 INFO  epoch 14 evaluating [time: 1.75s, valid_score: 0.347000]
Mon 09 Feb 2026 22:59:01 INFO  valid result: 
hit@10 : 0.7381    ndcg@10 : 0.4398    mrr@10 : 0.347
Mon 09 Feb 2026 22:59:21 INFO  epoch 15 training [time: 19.88s, train loss: 2123.4553]
Mon 09 Feb 2026 22:59:23 INFO  epoch 15 evaluating [time: 1.83s, valid_score: 0.363200]
Mon 09 Feb 2026 22:59:23 INFO  valid result: 
hit@10 : 0.7328    ndcg@10 : 0.4508    mrr@10 : 0.3632
Mon 09 Feb 2026 22:59:23 INFO  Saving current: saved\TimeWeaver-Feb-09-2026_22-53-46.pth
Mon 09 Feb 2026 22:59:43 INFO  epoch 16 training [time: 19.69s, train loss: 2120.7998]
Mon 09 Feb 2026 22:59:45 INFO  epoch 16 evaluating [time: 1.99s, valid_score: 0.350700]
Mon 09 Feb 2026 22:59:45 INFO  valid result: 
hit@10 : 0.7359    ndcg@10 : 0.4419    mrr@10 : 0.3507
Mon 09 Feb 2026 23:00:04 INFO  epoch 17 training [time: 19.40s, train loss: 2117.6510]
Mon 09 Feb 2026 23:00:06 INFO  epoch 17 evaluating [time: 1.76s, valid_score: 0.347100]
Mon 09 Feb 2026 23:00:06 INFO  valid result: 
hit@10 : 0.7402    ndcg@10 : 0.4404    mrr@10 : 0.3471
Mon 09 Feb 2026 23:00:24 INFO  epoch 18 training [time: 18.61s, train loss: 2114.9943]
Mon 09 Feb 2026 23:00:26 INFO  epoch 18 evaluating [time: 1.80s, valid_score: 0.351000]
Mon 09 Feb 2026 23:00:26 INFO  valid result: 
hit@10 : 0.7381    ndcg@10 : 0.4424    mrr@10 : 0.351
Mon 09 Feb 2026 23:00:45 INFO  epoch 19 training [time: 19.11s, train loss: 2113.6846]
Mon 09 Feb 2026 23:00:47 INFO  epoch 19 evaluating [time: 1.83s, valid_score: 0.359000]
Mon 09 Feb 2026 23:00:47 INFO  valid result: 
hit@10 : 0.7349    ndcg@10 : 0.4481    mrr@10 : 0.359
Mon 09 Feb 2026 23:01:06 INFO  epoch 20 training [time: 19.26s, train loss: 2111.3579]
Mon 09 Feb 2026 23:01:08 INFO  epoch 20 evaluating [time: 1.77s, valid_score: 0.353700]
Mon 09 Feb 2026 23:01:08 INFO  valid result: 
hit@10 : 0.7455    ndcg@10 : 0.4464    mrr@10 : 0.3537
Mon 09 Feb 2026 23:01:27 INFO  epoch 21 training [time: 18.74s, train loss: 2109.8334]
Mon 09 Feb 2026 23:01:29 INFO  epoch 21 evaluating [time: 1.73s, valid_score: 0.351600]
Mon 09 Feb 2026 23:01:29 INFO  valid result: 
hit@10 : 0.7434    ndcg@10 : 0.4444    mrr@10 : 0.3516
Mon 09 Feb 2026 23:01:48 INFO  epoch 22 training [time: 19.12s, train loss: 2107.5199]
Mon 09 Feb 2026 23:01:50 INFO  epoch 22 evaluating [time: 1.88s, valid_score: 0.357500]
Mon 09 Feb 2026 23:01:50 INFO  valid result: 
hit@10 : 0.7402    ndcg@10 : 0.4482    mrr@10 : 0.3575
Mon 09 Feb 2026 23:02:09 INFO  epoch 23 training [time: 19.21s, train loss: 2104.6399]
Mon 09 Feb 2026 23:02:11 INFO  epoch 23 evaluating [time: 1.86s, valid_score: 0.352100]
Mon 09 Feb 2026 23:02:11 INFO  valid result: 
hit@10 : 0.7317    ndcg@10 : 0.4422    mrr@10 : 0.3521
Mon 09 Feb 2026 23:02:30 INFO  epoch 24 training [time: 19.15s, train loss: 2103.5155]
Mon 09 Feb 2026 23:02:32 INFO  epoch 24 evaluating [time: 1.82s, valid_score: 0.366500]
Mon 09 Feb 2026 23:02:32 INFO  valid result: 
hit@10 : 0.7455    ndcg@10 : 0.456    mrr@10 : 0.3665
Mon 09 Feb 2026 23:02:32 INFO  Saving current: saved\TimeWeaver-Feb-09-2026_22-53-46.pth
Mon 09 Feb 2026 23:02:50 INFO  epoch 25 training [time: 18.65s, train loss: 2101.8978]
Mon 09 Feb 2026 23:02:52 INFO  epoch 25 evaluating [time: 1.75s, valid_score: 0.351500]
Mon 09 Feb 2026 23:02:52 INFO  valid result: 
hit@10 : 0.7243    ndcg@10 : 0.4396    mrr@10 : 0.3515
Mon 09 Feb 2026 23:03:11 INFO  epoch 26 training [time: 19.22s, train loss: 2100.5701]
Mon 09 Feb 2026 23:03:13 INFO  epoch 26 evaluating [time: 1.82s, valid_score: 0.347500]
Mon 09 Feb 2026 23:03:13 INFO  valid result: 
hit@10 : 0.7317    ndcg@10 : 0.4389    mrr@10 : 0.3475
Mon 09 Feb 2026 23:03:33 INFO  epoch 27 training [time: 19.94s, train loss: 2099.2395]
Mon 09 Feb 2026 23:03:35 INFO  epoch 27 evaluating [time: 1.86s, valid_score: 0.343100]
Mon 09 Feb 2026 23:03:35 INFO  valid result: 
hit@10 : 0.7328    ndcg@10 : 0.4357    mrr@10 : 0.3431
Mon 09 Feb 2026 23:03:54 INFO  epoch 28 training [time: 19.61s, train loss: 2097.2230]
Mon 09 Feb 2026 23:03:56 INFO  epoch 28 evaluating [time: 1.88s, valid_score: 0.358200]
Mon 09 Feb 2026 23:03:56 INFO  valid result: 
hit@10 : 0.737    ndcg@10 : 0.4477    mrr@10 : 0.3582
Mon 09 Feb 2026 23:04:15 INFO  epoch 29 training [time: 18.88s, train loss: 2095.2615]
Mon 09 Feb 2026 23:04:17 INFO  epoch 29 evaluating [time: 1.77s, valid_score: 0.346200]
Mon 09 Feb 2026 23:04:17 INFO  valid result: 
hit@10 : 0.7306    ndcg@10 : 0.4373    mrr@10 : 0.3462
Mon 09 Feb 2026 23:04:36 INFO  epoch 30 training [time: 18.64s, train loss: 2093.3820]
Mon 09 Feb 2026 23:04:37 INFO  epoch 30 evaluating [time: 1.85s, valid_score: 0.358600]
Mon 09 Feb 2026 23:04:37 INFO  valid result: 
hit@10 : 0.7455    ndcg@10 : 0.4497    mrr@10 : 0.3586
Mon 09 Feb 2026 23:04:57 INFO  epoch 31 training [time: 19.24s, train loss: 2091.8185]
Mon 09 Feb 2026 23:04:59 INFO  epoch 31 evaluating [time: 1.86s, valid_score: 0.345600]
Mon 09 Feb 2026 23:04:59 INFO  valid result: 
hit@10 : 0.7306    ndcg@10 : 0.4367    mrr@10 : 0.3456
Mon 09 Feb 2026 23:05:17 INFO  epoch 32 training [time: 18.81s, train loss: 2091.0580]
Mon 09 Feb 2026 23:05:19 INFO  epoch 32 evaluating [time: 1.78s, valid_score: 0.358800]
Mon 09 Feb 2026 23:05:19 INFO  valid result: 
hit@10 : 0.737    ndcg@10 : 0.4481    mrr@10 : 0.3588
Mon 09 Feb 2026 23:05:38 INFO  epoch 33 training [time: 18.83s, train loss: 2088.6404]
Mon 09 Feb 2026 23:05:40 INFO  epoch 33 evaluating [time: 1.82s, valid_score: 0.347200]
Mon 09 Feb 2026 23:05:40 INFO  valid result: 
hit@10 : 0.7306    ndcg@10 : 0.4379    mrr@10 : 0.3472
Mon 09 Feb 2026 23:05:59 INFO  epoch 34 training [time: 19.35s, train loss: 2089.2033]
Mon 09 Feb 2026 23:06:01 INFO  epoch 34 evaluating [time: 1.80s, valid_score: 0.354700]
Mon 09 Feb 2026 23:06:01 INFO  valid result: 
hit@10 : 0.7391    ndcg@10 : 0.4457    mrr@10 : 0.3547
Mon 09 Feb 2026 23:06:20 INFO  epoch 35 training [time: 19.19s, train loss: 2086.4562]
Mon 09 Feb 2026 23:06:22 INFO  epoch 35 evaluating [time: 1.79s, valid_score: 0.349200]
Mon 09 Feb 2026 23:06:22 INFO  valid result: 
hit@10 : 0.7243    ndcg@10 : 0.438    mrr@10 : 0.3492
Mon 09 Feb 2026 23:06:22 INFO  Finished training, best eval result in epoch 24
Mon 09 Feb 2026 23:06:22 INFO  Loading model structure and parameters from saved\TimeWeaver-Feb-09-2026_22-53-46.pth
Mon 09 Feb 2026 23:06:25 INFO  The running environment of this training is as follows:
+-------------+----------------+
| Environment |     Usage      |
+=============+================+
| CPU         |     4.60 %     |
+-------------+----------------+
| GPU         | 0.21 G/6.00 G  |
+-------------+----------------+
| Memory      | 1.42 G/15.63 G |
+-------------+----------------+
Mon 09 Feb 2026 23:06:25 INFO  best valid : OrderedDict([('hit@10', 0.7455), ('ndcg@10', 0.456), ('mrr@10', 0.3665)])
Mon 09 Feb 2026 23:06:25 INFO  test result: OrderedDict([('hit@10', 0.7137), ('ndcg@10', 0.4279), ('mrr@10', 0.3399)])
