Thu 19 Feb 2026 09:11:44 INFO  ['F:\\桌面\\recommendation_system\\scripts\\run_grid.py', '--models', 'timeweaver', '--datasets', 'amazon-electronics-5core-subset', '--timeweaver-variant', 'base', '--seeds', '42,2023,2024', '--device', 'gpu', '--output', 'results/timeweaver_ablations_elc.json']
Thu 19 Feb 2026 09:11:44 INFO  
General Hyper Parameters:
gpu_id = 0
use_gpu = True
seed = 42
state = INFO
reproducibility = True
data_path = data/amazon\amazon-electronics-5core-subset
checkpoint_dir = saved
show_progress = True
save_dataset = False
dataset_save_path = None
save_dataloaders = False
dataloaders_save_path = None
log_wandb = False

Training Hyper Parameters:
epochs = 100
train_batch_size = 256
learner = adam
learning_rate = 0.001
train_neg_sample_args = {'distribution': 'none', 'sample_num': 'none', 'alpha': 'none', 'dynamic': False, 'candidate_num': 0}
eval_step = 1
stopping_step = 10
clip_grad_norm = None
weight_decay = 0.0
loss_decimal_place = 4

Evaluation Hyper Parameters:
eval_args = {'split': {'LS': 'valid_and_test'}, 'order': 'TO', 'group_by': 'user', 'mode': {'valid': 'uni100', 'test': 'uni100'}}
repeatable = True
metrics = ['Hit', 'NDCG', 'MRR']
topk = [10]
valid_metric = Hit@10
valid_metric_bigger = True
eval_batch_size = 512
metric_decimal_place = 4

Dataset Hyper Parameters:
field_separator = 	
seq_separator =  
USER_ID_FIELD = user_id
ITEM_ID_FIELD = item_id
RATING_FIELD = rating
TIME_FIELD = timestamp
seq_len = None
LABEL_FIELD = label
threshold = None
NEG_PREFIX = neg_
load_col = {'inter': ['user_id', 'item_id', 'rating', 'timestamp']}
unload_col = None
unused_col = None
additional_feat_suffix = None
rm_dup_inter = None
val_interval = None
filter_inter_by_user_or_item = True
user_inter_num_interval = [0,inf)
item_inter_num_interval = [0,inf)
alias_of_user_id = None
alias_of_item_id = None
alias_of_entity_id = None
alias_of_relation_id = None
preload_weight = None
normalize_field = None
normalize_all = None
ITEM_LIST_LENGTH_FIELD = item_length
LIST_SUFFIX = _list
MAX_ITEM_LIST_LENGTH = 32
POSITION_FIELD = position_id
HEAD_ENTITY_ID_FIELD = head_id
TAIL_ENTITY_ID_FIELD = tail_id
RELATION_ID_FIELD = relation_id
ENTITY_ID_FIELD = entity_id
benchmark_filename = None

Other Hyper Parameters: 
worker = 0
wandb_project = recbole
shuffle = True
require_pow = False
enable_amp = False
enable_scaler = False
transform = None
numerical_features = []
discretization = None
kg_reverse_r = False
entity_kg_num_interval = [0,inf)
relation_kg_num_interval = [0,inf)
MODEL_TYPE = ModelType.SEQUENTIAL
model_name = TimeWeaver
hidden_size = 64
num_layers = 2
hidden_dropout_prob = 0.5
initializer_range = 0.02
time_bucket_size = 1000
ema_decay = 0.5
tcn_kernel_size = -1
ffn_hidden_size = 256
loss_type = CE
early_stop = 10
neg_sampling = None
device = cuda
use_continuous_time = False
use_time_gate = False
use_time_augmentation = False
MODEL_INPUT_TYPE = InputType.POINTWISE
eval_type = EvaluatorType.RANKING
single_spec = True
local_rank = 0
valid_neg_sample_args = {'distribution': 'uniform', 'sample_num': 100}
test_neg_sample_args = {'distribution': 'uniform', 'sample_num': 100}


Thu 19 Feb 2026 09:11:45 INFO  amazon-electronics-5core-subset
The number of users: 1501
Average actions of users: 108.42733333333334
The number of items: 54722
Average actions of items: 2.9721861808080994
The number of inters: 162641
The sparsity of the dataset: 99.80198988231011%
Remain Fields: ['user_id', 'item_id', 'rating', 'timestamp']
Thu 19 Feb 2026 09:11:47 INFO  [Training]: train_batch_size = [256] train_neg_sample_args: [{'distribution': 'none', 'sample_num': 'none', 'alpha': 'none', 'dynamic': False, 'candidate_num': 0}]
Thu 19 Feb 2026 09:11:47 INFO  [Evaluation]: eval_batch_size = [512] eval_args: [{'split': {'LS': 'valid_and_test'}, 'order': 'TO', 'group_by': 'user', 'mode': {'valid': 'uni100', 'test': 'uni100'}}]
Thu 19 Feb 2026 09:11:47 INFO  TimeWeaver(
  (item_embedding): Embedding(54722, 64, padding_idx=0)
  (time_aug): TimeAwareAugmentation(
    (pos_embedding): Embedding(32, 64)
    (time_embedding): Embedding(1000, 64)
    (layer_norm): LayerNorm((64,), eps=1e-05, elementwise_affine=True)
    (drop): Dropout(p=0.5, inplace=False)
  )
  (context_layers): ModuleList(
    (0-1): 2 x TCNNextBlock(
      (dw): DepthwiseConv1d(
        (conv): Conv1d(64, 64, kernel_size=(11,), stride=(1,), padding=(5,), groups=64)
        (bn): BatchNorm1d(64, eps=1e-05, momentum=0.1, affine=True, track_running_stats=True)
        (drop): Dropout(p=0.5, inplace=False)
      )
      (norm1): LayerNorm((64,), eps=1e-05, elementwise_affine=True)
      (conv_inter): ParallelConvInter(
        (conv1): Conv1d(64, 64, kernel_size=(1,), stride=(1,))
        (conv3): Conv1d(64, 64, kernel_size=(3,), stride=(1,), padding=(1,))
        (proj): Conv1d(64, 64, kernel_size=(1,), stride=(1,))
        (drop): Dropout(p=0.5, inplace=False)
      )
      (norm2): LayerNorm((64,), eps=1e-05, elementwise_affine=True)
      (ffn): Sequential(
        (0): Linear(in_features=64, out_features=256, bias=True)
        (1): GELU(approximate='none')
        (2): Dropout(p=0.5, inplace=False)
        (3): Linear(in_features=256, out_features=64, bias=True)
        (4): Dropout(p=0.5, inplace=False)
      )
      (norm3): LayerNorm((64,), eps=1e-05, elementwise_affine=True)
    )
  )
  (dynamic_layers): ModuleList(
    (0-1): 2 x EMAStream(
      (proj): Linear(in_features=64, out_features=64, bias=True)
    )
  )
  (weavers): ModuleList(
    (0-1): 2 x StreamWeaver(
      (proj): Linear(in_features=128, out_features=64, bias=True)
      (norm): LayerNorm((64,), eps=1e-05, elementwise_affine=True)
    )
  )
  (loss_fct): CrossEntropyLoss()
)
Trainable parameters: 3703553.0
Thu 19 Feb 2026 09:11:48 INFO  FLOPs: 4298752.0
Thu 19 Feb 2026 09:12:42 INFO  epoch 0 training [time: 53.10s, train loss: 6514.2069]
Thu 19 Feb 2026 09:12:45 INFO  epoch 0 evaluating [time: 2.77s, valid_score: 0.364000]
Thu 19 Feb 2026 09:12:45 INFO  valid result: 
hit@10 : 0.364    ndcg@10 : 0.2327    mrr@10 : 0.1922
Thu 19 Feb 2026 09:12:45 INFO  Saving current: saved\TimeWeaver-Feb-19-2026_09-11-48.pth
Thu 19 Feb 2026 09:13:38 INFO  epoch 1 training [time: 52.34s, train loss: 6096.3977]
Thu 19 Feb 2026 09:13:40 INFO  epoch 1 evaluating [time: 2.59s, valid_score: 0.419300]
Thu 19 Feb 2026 09:13:40 INFO  valid result: 
hit@10 : 0.4193    ndcg@10 : 0.2691    mrr@10 : 0.2226
Thu 19 Feb 2026 09:13:40 INFO  Saving current: saved\TimeWeaver-Feb-19-2026_09-11-48.pth
Thu 19 Feb 2026 09:14:32 INFO  epoch 2 training [time: 52.10s, train loss: 5676.7289]
Thu 19 Feb 2026 09:14:35 INFO  epoch 2 evaluating [time: 2.60s, valid_score: 0.396000]
Thu 19 Feb 2026 09:14:35 INFO  valid result: 
hit@10 : 0.396    ndcg@10 : 0.2627    mrr@10 : 0.2211
Thu 19 Feb 2026 09:15:27 INFO  epoch 3 training [time: 51.70s, train loss: 5233.1403]
Thu 19 Feb 2026 09:15:29 INFO  epoch 3 evaluating [time: 2.60s, valid_score: 0.385300]
Thu 19 Feb 2026 09:15:29 INFO  valid result: 
hit@10 : 0.3853    ndcg@10 : 0.2615    mrr@10 : 0.223
Thu 19 Feb 2026 09:16:21 INFO  epoch 4 training [time: 51.48s, train loss: 4809.8702]
Thu 19 Feb 2026 09:16:24 INFO  epoch 4 evaluating [time: 2.89s, valid_score: 0.390700]
Thu 19 Feb 2026 09:16:24 INFO  valid result: 
hit@10 : 0.3907    ndcg@10 : 0.2576    mrr@10 : 0.2167
Thu 19 Feb 2026 09:17:18 INFO  epoch 5 training [time: 54.28s, train loss: 4446.6556]
Thu 19 Feb 2026 09:17:20 INFO  epoch 5 evaluating [time: 2.63s, valid_score: 0.388700]
Thu 19 Feb 2026 09:17:20 INFO  valid result: 
hit@10 : 0.3887    ndcg@10 : 0.2611    mrr@10 : 0.2218
Thu 19 Feb 2026 09:18:12 INFO  epoch 6 training [time: 51.86s, train loss: 4163.7543]
Thu 19 Feb 2026 09:18:15 INFO  epoch 6 evaluating [time: 2.69s, valid_score: 0.392000]
Thu 19 Feb 2026 09:18:15 INFO  valid result: 
hit@10 : 0.392    ndcg@10 : 0.2637    mrr@10 : 0.2244
Thu 19 Feb 2026 09:19:07 INFO  epoch 7 training [time: 52.14s, train loss: 3951.0414]
Thu 19 Feb 2026 09:19:10 INFO  epoch 7 evaluating [time: 2.59s, valid_score: 0.387300]
Thu 19 Feb 2026 09:19:10 INFO  valid result: 
hit@10 : 0.3873    ndcg@10 : 0.2701    mrr@10 : 0.2338
Thu 19 Feb 2026 09:20:02 INFO  epoch 8 training [time: 51.98s, train loss: 3782.5592]
Thu 19 Feb 2026 09:20:04 INFO  epoch 8 evaluating [time: 2.54s, valid_score: 0.366000]
Thu 19 Feb 2026 09:20:04 INFO  valid result: 
hit@10 : 0.366    ndcg@10 : 0.2527    mrr@10 : 0.2179
Thu 19 Feb 2026 09:20:58 INFO  epoch 9 training [time: 53.79s, train loss: 3633.9820]
Thu 19 Feb 2026 09:21:01 INFO  epoch 9 evaluating [time: 2.73s, valid_score: 0.382000]
Thu 19 Feb 2026 09:21:01 INFO  valid result: 
hit@10 : 0.382    ndcg@10 : 0.2591    mrr@10 : 0.2209
Thu 19 Feb 2026 09:21:53 INFO  epoch 10 training [time: 52.49s, train loss: 3515.9698]
Thu 19 Feb 2026 09:21:56 INFO  epoch 10 evaluating [time: 2.63s, valid_score: 0.372000]
Thu 19 Feb 2026 09:21:56 INFO  valid result: 
hit@10 : 0.372    ndcg@10 : 0.2528    mrr@10 : 0.216
Thu 19 Feb 2026 09:22:48 INFO  epoch 11 training [time: 52.35s, train loss: 3410.0509]
Thu 19 Feb 2026 09:22:51 INFO  epoch 11 evaluating [time: 2.57s, valid_score: 0.377300]
Thu 19 Feb 2026 09:22:51 INFO  valid result: 
hit@10 : 0.3773    ndcg@10 : 0.2501    mrr@10 : 0.2105
Thu 19 Feb 2026 09:23:43 INFO  epoch 12 training [time: 52.33s, train loss: 3311.3301]
Thu 19 Feb 2026 09:23:46 INFO  epoch 12 evaluating [time: 2.59s, valid_score: 0.380000]
Thu 19 Feb 2026 09:23:46 INFO  valid result: 
hit@10 : 0.38    ndcg@10 : 0.2589    mrr@10 : 0.2214
Thu 19 Feb 2026 09:23:46 INFO  Finished training, best eval result in epoch 1
Thu 19 Feb 2026 09:23:46 INFO  Loading model structure and parameters from saved\TimeWeaver-Feb-19-2026_09-11-48.pth
Thu 19 Feb 2026 09:23:49 INFO  The running environment of this training is as follows:
+-------------+----------------+
| Environment |     Usage      |
+=============+================+
| CPU         |     5.50 %     |
+-------------+----------------+
| GPU         | 0.48 G/6.00 G  |
+-------------+----------------+
| Memory      | 1.54 G/15.63 G |
+-------------+----------------+
Thu 19 Feb 2026 09:23:49 INFO  best valid : OrderedDict([('hit@10', 0.4193), ('ndcg@10', 0.2691), ('mrr@10', 0.2226)])
Thu 19 Feb 2026 09:23:49 INFO  test result: OrderedDict([('hit@10', 0.354), ('ndcg@10', 0.2221), ('mrr@10', 0.1813)])
Thu 19 Feb 2026 09:23:49 WARNING  command line args [--models timeweaver --datasets amazon-electronics-5core-subset --timeweaver-variant base --seeds 42,2023,2024 --device gpu --output results/timeweaver_ablations_elc.json] will not be used in RecBole
Thu 19 Feb 2026 09:23:49 INFO  ['F:\\桌面\\recommendation_system\\scripts\\run_grid.py', '--models', 'timeweaver', '--datasets', 'amazon-electronics-5core-subset', '--timeweaver-variant', 'base', '--seeds', '42,2023,2024', '--device', 'gpu', '--output', 'results/timeweaver_ablations_elc.json']
Thu 19 Feb 2026 09:23:49 INFO  
General Hyper Parameters:
gpu_id = 0
use_gpu = True
seed = 2023
state = INFO
reproducibility = True
data_path = data/amazon\amazon-electronics-5core-subset
checkpoint_dir = saved
show_progress = True
save_dataset = False
dataset_save_path = None
save_dataloaders = False
dataloaders_save_path = None
log_wandb = False

Training Hyper Parameters:
epochs = 100
train_batch_size = 256
learner = adam
learning_rate = 0.001
train_neg_sample_args = {'distribution': 'none', 'sample_num': 'none', 'alpha': 'none', 'dynamic': False, 'candidate_num': 0}
eval_step = 1
stopping_step = 10
clip_grad_norm = None
weight_decay = 0.0
loss_decimal_place = 4

Evaluation Hyper Parameters:
eval_args = {'split': {'LS': 'valid_and_test'}, 'order': 'TO', 'group_by': 'user', 'mode': {'valid': 'uni100', 'test': 'uni100'}}
repeatable = True
metrics = ['Hit', 'NDCG', 'MRR']
topk = [10]
valid_metric = Hit@10
valid_metric_bigger = True
eval_batch_size = 512
metric_decimal_place = 4

Dataset Hyper Parameters:
field_separator = 	
seq_separator =  
USER_ID_FIELD = user_id
ITEM_ID_FIELD = item_id
RATING_FIELD = rating
TIME_FIELD = timestamp
seq_len = None
LABEL_FIELD = label
threshold = None
NEG_PREFIX = neg_
load_col = {'inter': ['user_id', 'item_id', 'rating', 'timestamp']}
unload_col = None
unused_col = None
additional_feat_suffix = None
rm_dup_inter = None
val_interval = None
filter_inter_by_user_or_item = True
user_inter_num_interval = [0,inf)
item_inter_num_interval = [0,inf)
alias_of_user_id = None
alias_of_item_id = None
alias_of_entity_id = None
alias_of_relation_id = None
preload_weight = None
normalize_field = None
normalize_all = None
ITEM_LIST_LENGTH_FIELD = item_length
LIST_SUFFIX = _list
MAX_ITEM_LIST_LENGTH = 32
POSITION_FIELD = position_id
HEAD_ENTITY_ID_FIELD = head_id
TAIL_ENTITY_ID_FIELD = tail_id
RELATION_ID_FIELD = relation_id
ENTITY_ID_FIELD = entity_id
benchmark_filename = None

Other Hyper Parameters: 
worker = 0
wandb_project = recbole
shuffle = True
require_pow = False
enable_amp = False
enable_scaler = False
transform = None
numerical_features = []
discretization = None
kg_reverse_r = False
entity_kg_num_interval = [0,inf)
relation_kg_num_interval = [0,inf)
MODEL_TYPE = ModelType.SEQUENTIAL
model_name = TimeWeaver
hidden_size = 64
num_layers = 2
hidden_dropout_prob = 0.5
initializer_range = 0.02
time_bucket_size = 1000
ema_decay = 0.5
tcn_kernel_size = -1
ffn_hidden_size = 256
loss_type = CE
early_stop = 10
neg_sampling = None
device = cuda
use_continuous_time = False
use_time_gate = False
use_time_augmentation = False
MODEL_INPUT_TYPE = InputType.POINTWISE
eval_type = EvaluatorType.RANKING
single_spec = True
local_rank = 0
valid_neg_sample_args = {'distribution': 'uniform', 'sample_num': 100}
test_neg_sample_args = {'distribution': 'uniform', 'sample_num': 100}


Thu 19 Feb 2026 09:23:50 INFO  amazon-electronics-5core-subset
The number of users: 1501
Average actions of users: 108.42733333333334
The number of items: 54722
Average actions of items: 2.9721861808080994
The number of inters: 162641
The sparsity of the dataset: 99.80198988231011%
Remain Fields: ['user_id', 'item_id', 'rating', 'timestamp']
Thu 19 Feb 2026 09:23:52 INFO  [Training]: train_batch_size = [256] train_neg_sample_args: [{'distribution': 'none', 'sample_num': 'none', 'alpha': 'none', 'dynamic': False, 'candidate_num': 0}]
Thu 19 Feb 2026 09:23:52 INFO  [Evaluation]: eval_batch_size = [512] eval_args: [{'split': {'LS': 'valid_and_test'}, 'order': 'TO', 'group_by': 'user', 'mode': {'valid': 'uni100', 'test': 'uni100'}}]
Thu 19 Feb 2026 09:23:53 INFO  TimeWeaver(
  (item_embedding): Embedding(54722, 64, padding_idx=0)
  (time_aug): TimeAwareAugmentation(
    (pos_embedding): Embedding(32, 64)
    (time_embedding): Embedding(1000, 64)
    (layer_norm): LayerNorm((64,), eps=1e-05, elementwise_affine=True)
    (drop): Dropout(p=0.5, inplace=False)
  )
  (context_layers): ModuleList(
    (0-1): 2 x TCNNextBlock(
      (dw): DepthwiseConv1d(
        (conv): Conv1d(64, 64, kernel_size=(11,), stride=(1,), padding=(5,), groups=64)
        (bn): BatchNorm1d(64, eps=1e-05, momentum=0.1, affine=True, track_running_stats=True)
        (drop): Dropout(p=0.5, inplace=False)
      )
      (norm1): LayerNorm((64,), eps=1e-05, elementwise_affine=True)
      (conv_inter): ParallelConvInter(
        (conv1): Conv1d(64, 64, kernel_size=(1,), stride=(1,))
        (conv3): Conv1d(64, 64, kernel_size=(3,), stride=(1,), padding=(1,))
        (proj): Conv1d(64, 64, kernel_size=(1,), stride=(1,))
        (drop): Dropout(p=0.5, inplace=False)
      )
      (norm2): LayerNorm((64,), eps=1e-05, elementwise_affine=True)
      (ffn): Sequential(
        (0): Linear(in_features=64, out_features=256, bias=True)
        (1): GELU(approximate='none')
        (2): Dropout(p=0.5, inplace=False)
        (3): Linear(in_features=256, out_features=64, bias=True)
        (4): Dropout(p=0.5, inplace=False)
      )
      (norm3): LayerNorm((64,), eps=1e-05, elementwise_affine=True)
    )
  )
  (dynamic_layers): ModuleList(
    (0-1): 2 x EMAStream(
      (proj): Linear(in_features=64, out_features=64, bias=True)
    )
  )
  (weavers): ModuleList(
    (0-1): 2 x StreamWeaver(
      (proj): Linear(in_features=128, out_features=64, bias=True)
      (norm): LayerNorm((64,), eps=1e-05, elementwise_affine=True)
    )
  )
  (loss_fct): CrossEntropyLoss()
)
Trainable parameters: 3703553.0
Thu 19 Feb 2026 09:23:53 INFO  FLOPs: 4298752.0
Thu 19 Feb 2026 09:24:47 INFO  epoch 0 training [time: 54.25s, train loss: 6503.6797]
Thu 19 Feb 2026 09:24:50 INFO  epoch 0 evaluating [time: 2.88s, valid_score: 0.373300]
Thu 19 Feb 2026 09:24:50 INFO  valid result: 
hit@10 : 0.3733    ndcg@10 : 0.2266    mrr@10 : 0.1817
Thu 19 Feb 2026 09:24:50 INFO  Saving current: saved\TimeWeaver-Feb-19-2026_09-23-53.pth
Thu 19 Feb 2026 09:25:43 INFO  epoch 1 training [time: 52.94s, train loss: 6077.3273]
Thu 19 Feb 2026 09:25:45 INFO  epoch 1 evaluating [time: 2.64s, valid_score: 0.402700]
Thu 19 Feb 2026 09:25:45 INFO  valid result: 
hit@10 : 0.4027    ndcg@10 : 0.2573    mrr@10 : 0.2124
Thu 19 Feb 2026 09:25:45 INFO  Saving current: saved\TimeWeaver-Feb-19-2026_09-23-53.pth
Thu 19 Feb 2026 09:26:38 INFO  epoch 2 training [time: 52.71s, train loss: 5660.6182]
Thu 19 Feb 2026 09:26:41 INFO  epoch 2 evaluating [time: 2.70s, valid_score: 0.408000]
Thu 19 Feb 2026 09:26:41 INFO  valid result: 
hit@10 : 0.408    ndcg@10 : 0.2776    mrr@10 : 0.2371
Thu 19 Feb 2026 09:26:41 INFO  Saving current: saved\TimeWeaver-Feb-19-2026_09-23-53.pth
Thu 19 Feb 2026 09:27:33 INFO  epoch 3 training [time: 52.47s, train loss: 5218.7395]
Thu 19 Feb 2026 09:27:36 INFO  epoch 3 evaluating [time: 2.66s, valid_score: 0.402000]
Thu 19 Feb 2026 09:27:36 INFO  valid result: 
hit@10 : 0.402    ndcg@10 : 0.2696    mrr@10 : 0.2287
Thu 19 Feb 2026 09:28:28 INFO  epoch 4 training [time: 52.20s, train loss: 4803.6250]
Thu 19 Feb 2026 09:28:31 INFO  epoch 4 evaluating [time: 2.70s, valid_score: 0.398000]
Thu 19 Feb 2026 09:28:31 INFO  valid result: 
hit@10 : 0.398    ndcg@10 : 0.2704    mrr@10 : 0.2308
Thu 19 Feb 2026 09:29:25 INFO  epoch 5 training [time: 54.04s, train loss: 4443.8833]
Thu 19 Feb 2026 09:29:27 INFO  epoch 5 evaluating [time: 2.59s, valid_score: 0.391300]
Thu 19 Feb 2026 09:29:27 INFO  valid result: 
hit@10 : 0.3913    ndcg@10 : 0.2642    mrr@10 : 0.2249
Thu 19 Feb 2026 09:30:20 INFO  epoch 6 training [time: 52.55s, train loss: 4165.5106]
Thu 19 Feb 2026 09:30:23 INFO  epoch 6 evaluating [time: 2.66s, valid_score: 0.375300]
Thu 19 Feb 2026 09:30:23 INFO  valid result: 
hit@10 : 0.3753    ndcg@10 : 0.2538    mrr@10 : 0.2164
Thu 19 Feb 2026 09:31:15 INFO  epoch 7 training [time: 52.65s, train loss: 3951.5565]
Thu 19 Feb 2026 09:31:18 INFO  epoch 7 evaluating [time: 2.60s, valid_score: 0.381300]
Thu 19 Feb 2026 09:31:18 INFO  valid result: 
hit@10 : 0.3813    ndcg@10 : 0.2612    mrr@10 : 0.2241
Thu 19 Feb 2026 09:32:10 INFO  epoch 8 training [time: 52.04s, train loss: 3778.9792]
Thu 19 Feb 2026 09:32:13 INFO  epoch 8 evaluating [time: 2.63s, valid_score: 0.361300]
Thu 19 Feb 2026 09:32:13 INFO  valid result: 
hit@10 : 0.3613    ndcg@10 : 0.2476    mrr@10 : 0.2124
Thu 19 Feb 2026 09:33:07 INFO  epoch 9 training [time: 54.60s, train loss: 3640.4559]
Thu 19 Feb 2026 09:33:10 INFO  epoch 9 evaluating [time: 2.76s, valid_score: 0.364000]
Thu 19 Feb 2026 09:33:10 INFO  valid result: 
hit@10 : 0.364    ndcg@10 : 0.2475    mrr@10 : 0.2115
Thu 19 Feb 2026 09:34:02 INFO  epoch 10 training [time: 52.03s, train loss: 3512.7020]
Thu 19 Feb 2026 09:34:05 INFO  epoch 10 evaluating [time: 2.77s, valid_score: 0.362700]
Thu 19 Feb 2026 09:34:05 INFO  valid result: 
hit@10 : 0.3627    ndcg@10 : 0.2424    mrr@10 : 0.2051
Thu 19 Feb 2026 09:34:57 INFO  epoch 11 training [time: 52.18s, train loss: 3404.6370]
Thu 19 Feb 2026 09:35:00 INFO  epoch 11 evaluating [time: 2.66s, valid_score: 0.380700]
Thu 19 Feb 2026 09:35:00 INFO  valid result: 
hit@10 : 0.3807    ndcg@10 : 0.2527    mrr@10 : 0.2137
Thu 19 Feb 2026 09:35:52 INFO  epoch 12 training [time: 52.02s, train loss: 3303.1655]
Thu 19 Feb 2026 09:35:54 INFO  epoch 12 evaluating [time: 2.59s, valid_score: 0.368000]
Thu 19 Feb 2026 09:35:54 INFO  valid result: 
hit@10 : 0.368    ndcg@10 : 0.2495    mrr@10 : 0.213
Thu 19 Feb 2026 09:36:47 INFO  epoch 13 training [time: 53.23s, train loss: 3209.2023]
Thu 19 Feb 2026 09:36:50 INFO  epoch 13 evaluating [time: 2.80s, valid_score: 0.350700]
Thu 19 Feb 2026 09:36:50 INFO  valid result: 
hit@10 : 0.3507    ndcg@10 : 0.2356    mrr@10 : 0.2002
Thu 19 Feb 2026 09:36:50 INFO  Finished training, best eval result in epoch 2
Thu 19 Feb 2026 09:36:50 INFO  Loading model structure and parameters from saved\TimeWeaver-Feb-19-2026_09-23-53.pth
Thu 19 Feb 2026 09:36:54 INFO  The running environment of this training is as follows:
+-------------+----------------+
| Environment |     Usage      |
+=============+================+
| CPU         |     7.70 %     |
+-------------+----------------+
| GPU         | 0.48 G/6.00 G  |
+-------------+----------------+
| Memory      | 1.57 G/15.63 G |
+-------------+----------------+
Thu 19 Feb 2026 09:36:54 INFO  best valid : OrderedDict([('hit@10', 0.408), ('ndcg@10', 0.2776), ('mrr@10', 0.2371)])
Thu 19 Feb 2026 09:36:54 INFO  test result: OrderedDict([('hit@10', 0.36), ('ndcg@10', 0.2362), ('mrr@10', 0.198)])
Thu 19 Feb 2026 09:36:54 WARNING  command line args [--models timeweaver --datasets amazon-electronics-5core-subset --timeweaver-variant base --seeds 42,2023,2024 --device gpu --output results/timeweaver_ablations_elc.json] will not be used in RecBole
Thu 19 Feb 2026 09:36:54 INFO  ['F:\\桌面\\recommendation_system\\scripts\\run_grid.py', '--models', 'timeweaver', '--datasets', 'amazon-electronics-5core-subset', '--timeweaver-variant', 'base', '--seeds', '42,2023,2024', '--device', 'gpu', '--output', 'results/timeweaver_ablations_elc.json']
Thu 19 Feb 2026 09:36:54 INFO  
General Hyper Parameters:
gpu_id = 0
use_gpu = True
seed = 2024
state = INFO
reproducibility = True
data_path = data/amazon\amazon-electronics-5core-subset
checkpoint_dir = saved
show_progress = True
save_dataset = False
dataset_save_path = None
save_dataloaders = False
dataloaders_save_path = None
log_wandb = False

Training Hyper Parameters:
epochs = 100
train_batch_size = 256
learner = adam
learning_rate = 0.001
train_neg_sample_args = {'distribution': 'none', 'sample_num': 'none', 'alpha': 'none', 'dynamic': False, 'candidate_num': 0}
eval_step = 1
stopping_step = 10
clip_grad_norm = None
weight_decay = 0.0
loss_decimal_place = 4

Evaluation Hyper Parameters:
eval_args = {'split': {'LS': 'valid_and_test'}, 'order': 'TO', 'group_by': 'user', 'mode': {'valid': 'uni100', 'test': 'uni100'}}
repeatable = True
metrics = ['Hit', 'NDCG', 'MRR']
topk = [10]
valid_metric = Hit@10
valid_metric_bigger = True
eval_batch_size = 512
metric_decimal_place = 4

Dataset Hyper Parameters:
field_separator = 	
seq_separator =  
USER_ID_FIELD = user_id
ITEM_ID_FIELD = item_id
RATING_FIELD = rating
TIME_FIELD = timestamp
seq_len = None
LABEL_FIELD = label
threshold = None
NEG_PREFIX = neg_
load_col = {'inter': ['user_id', 'item_id', 'rating', 'timestamp']}
unload_col = None
unused_col = None
additional_feat_suffix = None
rm_dup_inter = None
val_interval = None
filter_inter_by_user_or_item = True
user_inter_num_interval = [0,inf)
item_inter_num_interval = [0,inf)
alias_of_user_id = None
alias_of_item_id = None
alias_of_entity_id = None
alias_of_relation_id = None
preload_weight = None
normalize_field = None
normalize_all = None
ITEM_LIST_LENGTH_FIELD = item_length
LIST_SUFFIX = _list
MAX_ITEM_LIST_LENGTH = 32
POSITION_FIELD = position_id
HEAD_ENTITY_ID_FIELD = head_id
TAIL_ENTITY_ID_FIELD = tail_id
RELATION_ID_FIELD = relation_id
ENTITY_ID_FIELD = entity_id
benchmark_filename = None

Other Hyper Parameters: 
worker = 0
wandb_project = recbole
shuffle = True
require_pow = False
enable_amp = False
enable_scaler = False
transform = None
numerical_features = []
discretization = None
kg_reverse_r = False
entity_kg_num_interval = [0,inf)
relation_kg_num_interval = [0,inf)
MODEL_TYPE = ModelType.SEQUENTIAL
model_name = TimeWeaver
hidden_size = 64
num_layers = 2
hidden_dropout_prob = 0.5
initializer_range = 0.02
time_bucket_size = 1000
ema_decay = 0.5
tcn_kernel_size = -1
ffn_hidden_size = 256
loss_type = CE
early_stop = 10
neg_sampling = None
device = cuda
use_continuous_time = False
use_time_gate = False
use_time_augmentation = False
MODEL_INPUT_TYPE = InputType.POINTWISE
eval_type = EvaluatorType.RANKING
single_spec = True
local_rank = 0
valid_neg_sample_args = {'distribution': 'uniform', 'sample_num': 100}
test_neg_sample_args = {'distribution': 'uniform', 'sample_num': 100}


Thu 19 Feb 2026 09:36:55 INFO  amazon-electronics-5core-subset
The number of users: 1501
Average actions of users: 108.42733333333334
The number of items: 54722
Average actions of items: 2.9721861808080994
The number of inters: 162641
The sparsity of the dataset: 99.80198988231011%
Remain Fields: ['user_id', 'item_id', 'rating', 'timestamp']
Thu 19 Feb 2026 09:36:57 INFO  [Training]: train_batch_size = [256] train_neg_sample_args: [{'distribution': 'none', 'sample_num': 'none', 'alpha': 'none', 'dynamic': False, 'candidate_num': 0}]
Thu 19 Feb 2026 09:36:57 INFO  [Evaluation]: eval_batch_size = [512] eval_args: [{'split': {'LS': 'valid_and_test'}, 'order': 'TO', 'group_by': 'user', 'mode': {'valid': 'uni100', 'test': 'uni100'}}]
Thu 19 Feb 2026 09:36:57 INFO  TimeWeaver(
  (item_embedding): Embedding(54722, 64, padding_idx=0)
  (time_aug): TimeAwareAugmentation(
    (pos_embedding): Embedding(32, 64)
    (time_embedding): Embedding(1000, 64)
    (layer_norm): LayerNorm((64,), eps=1e-05, elementwise_affine=True)
    (drop): Dropout(p=0.5, inplace=False)
  )
  (context_layers): ModuleList(
    (0-1): 2 x TCNNextBlock(
      (dw): DepthwiseConv1d(
        (conv): Conv1d(64, 64, kernel_size=(11,), stride=(1,), padding=(5,), groups=64)
        (bn): BatchNorm1d(64, eps=1e-05, momentum=0.1, affine=True, track_running_stats=True)
        (drop): Dropout(p=0.5, inplace=False)
      )
      (norm1): LayerNorm((64,), eps=1e-05, elementwise_affine=True)
      (conv_inter): ParallelConvInter(
        (conv1): Conv1d(64, 64, kernel_size=(1,), stride=(1,))
        (conv3): Conv1d(64, 64, kernel_size=(3,), stride=(1,), padding=(1,))
        (proj): Conv1d(64, 64, kernel_size=(1,), stride=(1,))
        (drop): Dropout(p=0.5, inplace=False)
      )
      (norm2): LayerNorm((64,), eps=1e-05, elementwise_affine=True)
      (ffn): Sequential(
        (0): Linear(in_features=64, out_features=256, bias=True)
        (1): GELU(approximate='none')
        (2): Dropout(p=0.5, inplace=False)
        (3): Linear(in_features=256, out_features=64, bias=True)
        (4): Dropout(p=0.5, inplace=False)
      )
      (norm3): LayerNorm((64,), eps=1e-05, elementwise_affine=True)
    )
  )
  (dynamic_layers): ModuleList(
    (0-1): 2 x EMAStream(
      (proj): Linear(in_features=64, out_features=64, bias=True)
    )
  )
  (weavers): ModuleList(
    (0-1): 2 x StreamWeaver(
      (proj): Linear(in_features=128, out_features=64, bias=True)
      (norm): LayerNorm((64,), eps=1e-05, elementwise_affine=True)
    )
  )
  (loss_fct): CrossEntropyLoss()
)
Trainable parameters: 3703553.0
Thu 19 Feb 2026 09:36:57 INFO  FLOPs: 4298752.0
Thu 19 Feb 2026 09:37:50 INFO  epoch 0 training [time: 53.12s, train loss: 6507.8255]
Thu 19 Feb 2026 09:37:53 INFO  epoch 0 evaluating [time: 2.79s, valid_score: 0.379300]
Thu 19 Feb 2026 09:37:53 INFO  valid result: 
hit@10 : 0.3793    ndcg@10 : 0.2298    mrr@10 : 0.1837
Thu 19 Feb 2026 09:37:53 INFO  Saving current: saved\TimeWeaver-Feb-19-2026_09-36-57.pth
Thu 19 Feb 2026 09:38:45 INFO  epoch 1 training [time: 52.31s, train loss: 6091.3766]
Thu 19 Feb 2026 09:38:48 INFO  epoch 1 evaluating [time: 2.73s, valid_score: 0.411300]
Thu 19 Feb 2026 09:38:48 INFO  valid result: 
hit@10 : 0.4113    ndcg@10 : 0.2609    mrr@10 : 0.2146
Thu 19 Feb 2026 09:38:48 INFO  Saving current: saved\TimeWeaver-Feb-19-2026_09-36-57.pth
Thu 19 Feb 2026 09:39:41 INFO  epoch 2 training [time: 52.80s, train loss: 5676.8068]
Thu 19 Feb 2026 09:39:44 INFO  epoch 2 evaluating [time: 2.71s, valid_score: 0.403300]
Thu 19 Feb 2026 09:39:44 INFO  valid result: 
hit@10 : 0.4033    ndcg@10 : 0.2688    mrr@10 : 0.2271
Thu 19 Feb 2026 09:40:36 INFO  epoch 3 training [time: 52.48s, train loss: 5234.2011]
Thu 19 Feb 2026 09:40:39 INFO  epoch 3 evaluating [time: 2.83s, valid_score: 0.380000]
Thu 19 Feb 2026 09:40:39 INFO  valid result: 
hit@10 : 0.38    ndcg@10 : 0.2507    mrr@10 : 0.2107
Thu 19 Feb 2026 09:41:33 INFO  epoch 4 training [time: 53.67s, train loss: 4805.2177]
Thu 19 Feb 2026 09:41:35 INFO  epoch 4 evaluating [time: 2.61s, valid_score: 0.394000]
Thu 19 Feb 2026 09:41:35 INFO  valid result: 
hit@10 : 0.394    ndcg@10 : 0.262    mrr@10 : 0.2211
Thu 19 Feb 2026 09:42:27 INFO  epoch 5 training [time: 52.29s, train loss: 4446.7902]
Thu 19 Feb 2026 09:42:30 INFO  epoch 5 evaluating [time: 2.67s, valid_score: 0.386700]
Thu 19 Feb 2026 09:42:30 INFO  valid result: 
hit@10 : 0.3867    ndcg@10 : 0.2584    mrr@10 : 0.2188
Thu 19 Feb 2026 09:43:22 INFO  epoch 6 training [time: 52.25s, train loss: 4162.2702]
Thu 19 Feb 2026 09:43:25 INFO  epoch 6 evaluating [time: 2.70s, valid_score: 0.386000]
Thu 19 Feb 2026 09:43:25 INFO  valid result: 
hit@10 : 0.386    ndcg@10 : 0.2594    mrr@10 : 0.2203
Thu 19 Feb 2026 09:44:17 INFO  epoch 7 training [time: 51.96s, train loss: 3949.9902]
Thu 19 Feb 2026 09:44:20 INFO  epoch 7 evaluating [time: 2.80s, valid_score: 0.389300]
Thu 19 Feb 2026 09:44:20 INFO  valid result: 
hit@10 : 0.3893    ndcg@10 : 0.2604    mrr@10 : 0.2205
Thu 19 Feb 2026 09:45:15 INFO  epoch 8 training [time: 54.88s, train loss: 3776.5215]
Thu 19 Feb 2026 09:45:17 INFO  epoch 8 evaluating [time: 2.74s, valid_score: 0.395300]
Thu 19 Feb 2026 09:45:17 INFO  valid result: 
hit@10 : 0.3953    ndcg@10 : 0.2614    mrr@10 : 0.2199
Thu 19 Feb 2026 09:46:10 INFO  epoch 9 training [time: 52.08s, train loss: 3636.7990]
Thu 19 Feb 2026 09:46:12 INFO  epoch 9 evaluating [time: 2.83s, valid_score: 0.400000]
Thu 19 Feb 2026 09:46:12 INFO  valid result: 
hit@10 : 0.4    ndcg@10 : 0.2633    mrr@10 : 0.2214
Thu 19 Feb 2026 09:47:05 INFO  epoch 10 training [time: 52.29s, train loss: 3516.5672]
Thu 19 Feb 2026 09:47:07 INFO  epoch 10 evaluating [time: 2.74s, valid_score: 0.390000]
Thu 19 Feb 2026 09:47:07 INFO  valid result: 
hit@10 : 0.39    ndcg@10 : 0.2628    mrr@10 : 0.2232
Thu 19 Feb 2026 09:47:59 INFO  epoch 11 training [time: 52.05s, train loss: 3409.5393]
Thu 19 Feb 2026 09:48:02 INFO  epoch 11 evaluating [time: 2.65s, valid_score: 0.391300]
Thu 19 Feb 2026 09:48:02 INFO  valid result: 
hit@10 : 0.3913    ndcg@10 : 0.2635    mrr@10 : 0.2238
Thu 19 Feb 2026 09:48:55 INFO  epoch 12 training [time: 53.07s, train loss: 3308.5062]
Thu 19 Feb 2026 09:48:58 INFO  epoch 12 evaluating [time: 2.82s, valid_score: 0.375300]
Thu 19 Feb 2026 09:48:58 INFO  valid result: 
hit@10 : 0.3753    ndcg@10 : 0.2555    mrr@10 : 0.2183
Thu 19 Feb 2026 09:48:58 INFO  Finished training, best eval result in epoch 1
Thu 19 Feb 2026 09:48:58 INFO  Loading model structure and parameters from saved\TimeWeaver-Feb-19-2026_09-36-57.pth
Thu 19 Feb 2026 09:49:02 INFO  The running environment of this training is as follows:
+-------------+----------------+
| Environment |     Usage      |
+=============+================+
| CPU         |     5.20 %     |
+-------------+----------------+
| GPU         | 0.48 G/6.00 G  |
+-------------+----------------+
| Memory      | 1.57 G/15.63 G |
+-------------+----------------+
Thu 19 Feb 2026 09:49:02 INFO  best valid : OrderedDict([('hit@10', 0.4113), ('ndcg@10', 0.2609), ('mrr@10', 0.2146)])
Thu 19 Feb 2026 09:49:02 INFO  test result: OrderedDict([('hit@10', 0.3453), ('ndcg@10', 0.2134), ('mrr@10', 0.1727)])
