Thu 12 Feb 2026 22:07:32 INFO  ['F:\\桌面\\recommendation_system\\scripts\\run_grid.py', '--models', 'timeweaver', '--datasets', 'amazon-electronics-5core-subset', '--seeds', '42', '--device', 'gpu', '--timeweaver-variant', 'base', '--tag', 'e0p2_k-1_d0p2_l2_f256_b1000', '--output', 'results/run_grid_timeweaver_tune.json', '--tw-ema-decay', '0.2', '--tw-tcn-kernel', '-1', '--tw-hidden-dropout', '0.2', '--tw-num-layers', '2', '--tw-ffn-hidden', '256', '--tw-time-bucket', '1000']
Thu 12 Feb 2026 22:07:32 INFO  
General Hyper Parameters:
gpu_id = 0
use_gpu = True
seed = 42
state = INFO
reproducibility = True
data_path = data/amazon\amazon-electronics-5core-subset
checkpoint_dir = saved
show_progress = True
save_dataset = False
dataset_save_path = None
save_dataloaders = False
dataloaders_save_path = None
log_wandb = False

Training Hyper Parameters:
epochs = 100
train_batch_size = 256
learner = adam
learning_rate = 0.001
train_neg_sample_args = {'distribution': 'none', 'sample_num': 'none', 'alpha': 'none', 'dynamic': False, 'candidate_num': 0}
eval_step = 1
stopping_step = 10
clip_grad_norm = None
weight_decay = 0.0
loss_decimal_place = 4

Evaluation Hyper Parameters:
eval_args = {'split': {'LS': 'valid_and_test'}, 'order': 'TO', 'group_by': 'user', 'mode': {'valid': 'uni100', 'test': 'uni100'}}
repeatable = True
metrics = ['Hit', 'NDCG', 'MRR']
topk = [10]
valid_metric = MRR@10
valid_metric_bigger = True
eval_batch_size = 512
metric_decimal_place = 4

Dataset Hyper Parameters:
field_separator = 	
seq_separator =  
USER_ID_FIELD = user_id
ITEM_ID_FIELD = item_id
RATING_FIELD = rating
TIME_FIELD = timestamp
seq_len = None
LABEL_FIELD = label
threshold = None
NEG_PREFIX = neg_
load_col = {'inter': ['user_id', 'item_id', 'rating', 'timestamp']}
unload_col = None
unused_col = None
additional_feat_suffix = None
rm_dup_inter = None
val_interval = None
filter_inter_by_user_or_item = True
user_inter_num_interval = [0,inf)
item_inter_num_interval = [0,inf)
alias_of_user_id = None
alias_of_item_id = None
alias_of_entity_id = None
alias_of_relation_id = None
preload_weight = None
normalize_field = None
normalize_all = None
ITEM_LIST_LENGTH_FIELD = item_length
LIST_SUFFIX = _list
MAX_ITEM_LIST_LENGTH = 32
POSITION_FIELD = position_id
HEAD_ENTITY_ID_FIELD = head_id
TAIL_ENTITY_ID_FIELD = tail_id
RELATION_ID_FIELD = relation_id
ENTITY_ID_FIELD = entity_id
benchmark_filename = None

Other Hyper Parameters: 
worker = 0
wandb_project = recbole
shuffle = True
require_pow = False
enable_amp = False
enable_scaler = False
transform = None
numerical_features = []
discretization = None
kg_reverse_r = False
entity_kg_num_interval = [0,inf)
relation_kg_num_interval = [0,inf)
MODEL_TYPE = ModelType.SEQUENTIAL
model_name = TimeWeaver
hidden_size = 64
num_layers = 2
hidden_dropout_prob = 0.2
initializer_range = 0.02
time_bucket_size = 1000
ema_decay = 0.2
tcn_kernel_size = -1
ffn_hidden_size = 256
loss_type = CE
early_stop = 10
neg_sampling = None
device = cuda
use_continuous_time = False
use_time_gate = False
use_time_augmentation = False
MODEL_INPUT_TYPE = InputType.POINTWISE
eval_type = EvaluatorType.RANKING
single_spec = True
local_rank = 0
valid_neg_sample_args = {'distribution': 'uniform', 'sample_num': 100}
test_neg_sample_args = {'distribution': 'uniform', 'sample_num': 100}


Thu 12 Feb 2026 22:07:32 INFO  amazon-electronics-5core-subset
The number of users: 1501
Average actions of users: 108.42733333333334
The number of items: 54722
Average actions of items: 2.9721861808080994
The number of inters: 162641
The sparsity of the dataset: 99.80198988231011%
Remain Fields: ['user_id', 'item_id', 'rating', 'timestamp']
Thu 12 Feb 2026 22:07:34 INFO  [Training]: train_batch_size = [256] train_neg_sample_args: [{'distribution': 'none', 'sample_num': 'none', 'alpha': 'none', 'dynamic': False, 'candidate_num': 0}]
Thu 12 Feb 2026 22:07:34 INFO  [Evaluation]: eval_batch_size = [512] eval_args: [{'split': {'LS': 'valid_and_test'}, 'order': 'TO', 'group_by': 'user', 'mode': {'valid': 'uni100', 'test': 'uni100'}}]
Thu 12 Feb 2026 22:07:35 INFO  TimeWeaver(
  (item_embedding): Embedding(54722, 64, padding_idx=0)
  (time_aug): TimeAwareAugmentation(
    (pos_embedding): Embedding(32, 64)
    (time_embedding): Embedding(1000, 64)
    (layer_norm): LayerNorm((64,), eps=1e-05, elementwise_affine=True)
    (drop): Dropout(p=0.2, inplace=False)
  )
  (context_layers): ModuleList(
    (0-1): 2 x TCNNextBlock(
      (dw): DepthwiseConv1d(
        (conv): Conv1d(64, 64, kernel_size=(11,), stride=(1,), padding=(5,), groups=64)
        (bn): BatchNorm1d(64, eps=1e-05, momentum=0.1, affine=True, track_running_stats=True)
        (drop): Dropout(p=0.2, inplace=False)
      )
      (norm1): LayerNorm((64,), eps=1e-05, elementwise_affine=True)
      (conv_inter): ParallelConvInter(
        (conv1): Conv1d(64, 64, kernel_size=(1,), stride=(1,))
        (conv3): Conv1d(64, 64, kernel_size=(3,), stride=(1,), padding=(1,))
        (proj): Conv1d(64, 64, kernel_size=(1,), stride=(1,))
        (drop): Dropout(p=0.2, inplace=False)
      )
      (norm2): LayerNorm((64,), eps=1e-05, elementwise_affine=True)
      (ffn): Sequential(
        (0): Linear(in_features=64, out_features=256, bias=True)
        (1): GELU(approximate='none')
        (2): Dropout(p=0.2, inplace=False)
        (3): Linear(in_features=256, out_features=64, bias=True)
        (4): Dropout(p=0.2, inplace=False)
      )
      (norm3): LayerNorm((64,), eps=1e-05, elementwise_affine=True)
    )
  )
  (dynamic_layers): ModuleList(
    (0-1): 2 x EMAStream(
      (proj): Linear(in_features=64, out_features=64, bias=True)
    )
  )
  (weavers): ModuleList(
    (0-1): 2 x StreamWeaver(
      (proj): Linear(in_features=128, out_features=64, bias=True)
      (norm): LayerNorm((64,), eps=1e-05, elementwise_affine=True)
    )
  )
  (loss_fct): CrossEntropyLoss()
)
Trainable parameters: 3703553.0
Thu 12 Feb 2026 22:07:35 INFO  FLOPs: 4298752.0
Thu 12 Feb 2026 22:08:24 INFO  epoch 0 training [time: 48.56s, train loss: 6445.9961]
Thu 12 Feb 2026 22:08:27 INFO  epoch 0 evaluating [time: 2.61s, valid_score: 0.226900]
Thu 12 Feb 2026 22:08:27 INFO  valid result: 
hit@10 : 0.4127    ndcg@10 : 0.2709    mrr@10 : 0.2269
Thu 12 Feb 2026 22:08:27 INFO  Saving current: saved\TimeWeaver-Feb-12-2026_22-07-35.pth
Thu 12 Feb 2026 22:09:16 INFO  epoch 1 training [time: 48.73s, train loss: 5779.2067]
Thu 12 Feb 2026 22:09:18 INFO  epoch 1 evaluating [time: 2.56s, valid_score: 0.239400]
Thu 12 Feb 2026 22:09:18 INFO  valid result: 
hit@10 : 0.4087    ndcg@10 : 0.2799    mrr@10 : 0.2394
Thu 12 Feb 2026 22:09:18 INFO  Saving current: saved\TimeWeaver-Feb-12-2026_22-07-35.pth
Thu 12 Feb 2026 22:10:08 INFO  epoch 2 training [time: 49.46s, train loss: 4975.2277]
Thu 12 Feb 2026 22:10:11 INFO  epoch 2 evaluating [time: 2.69s, valid_score: 0.231000]
Thu 12 Feb 2026 22:10:11 INFO  valid result: 
hit@10 : 0.3873    ndcg@10 : 0.2682    mrr@10 : 0.231
Thu 12 Feb 2026 22:11:02 INFO  epoch 3 training [time: 51.22s, train loss: 4251.0384]
Thu 12 Feb 2026 22:11:04 INFO  epoch 3 evaluating [time: 2.52s, valid_score: 0.223200]
Thu 12 Feb 2026 22:11:04 INFO  valid result: 
hit@10 : 0.3807    ndcg@10 : 0.2603    mrr@10 : 0.2232
Thu 12 Feb 2026 22:11:53 INFO  epoch 4 training [time: 48.20s, train loss: 3752.3759]
Thu 12 Feb 2026 22:11:55 INFO  epoch 4 evaluating [time: 2.58s, valid_score: 0.208900]
Thu 12 Feb 2026 22:11:55 INFO  valid result: 
hit@10 : 0.3633    ndcg@10 : 0.2453    mrr@10 : 0.2089
Thu 12 Feb 2026 22:12:44 INFO  epoch 5 training [time: 48.78s, train loss: 3389.5796]
Thu 12 Feb 2026 22:12:47 INFO  epoch 5 evaluating [time: 2.59s, valid_score: 0.206500]
Thu 12 Feb 2026 22:12:47 INFO  valid result: 
hit@10 : 0.3413    ndcg@10 : 0.2384    mrr@10 : 0.2065
Thu 12 Feb 2026 22:13:35 INFO  epoch 6 training [time: 48.82s, train loss: 3082.0762]
Thu 12 Feb 2026 22:13:38 INFO  epoch 6 evaluating [time: 2.51s, valid_score: 0.215500]
Thu 12 Feb 2026 22:13:38 INFO  valid result: 
hit@10 : 0.3587    ndcg@10 : 0.2491    mrr@10 : 0.2155
Thu 12 Feb 2026 22:14:29 INFO  epoch 7 training [time: 51.06s, train loss: 2808.6559]
Thu 12 Feb 2026 22:14:32 INFO  epoch 7 evaluating [time: 2.67s, valid_score: 0.200600]
Thu 12 Feb 2026 22:14:32 INFO  valid result: 
hit@10 : 0.336    ndcg@10 : 0.2324    mrr@10 : 0.2006
Thu 12 Feb 2026 22:15:21 INFO  epoch 8 training [time: 49.05s, train loss: 2571.9432]
Thu 12 Feb 2026 22:15:23 INFO  epoch 8 evaluating [time: 2.51s, valid_score: 0.194300]
Thu 12 Feb 2026 22:15:23 INFO  valid result: 
hit@10 : 0.338    ndcg@10 : 0.2283    mrr@10 : 0.1943
Thu 12 Feb 2026 22:16:12 INFO  epoch 9 training [time: 48.35s, train loss: 2363.1530]
Thu 12 Feb 2026 22:16:14 INFO  epoch 9 evaluating [time: 2.53s, valid_score: 0.193400]
Thu 12 Feb 2026 22:16:14 INFO  valid result: 
hit@10 : 0.326    ndcg@10 : 0.2248    mrr@10 : 0.1934
Thu 12 Feb 2026 22:17:03 INFO  epoch 10 training [time: 48.89s, train loss: 2192.6952]
Thu 12 Feb 2026 22:17:06 INFO  epoch 10 evaluating [time: 2.63s, valid_score: 0.195500]
Thu 12 Feb 2026 22:17:06 INFO  valid result: 
hit@10 : 0.3333    ndcg@10 : 0.2281    mrr@10 : 0.1955
Thu 12 Feb 2026 22:17:54 INFO  epoch 11 training [time: 48.52s, train loss: 2039.2849]
Thu 12 Feb 2026 22:17:57 INFO  epoch 11 evaluating [time: 2.48s, valid_score: 0.182400]
Thu 12 Feb 2026 22:17:57 INFO  valid result: 
hit@10 : 0.326    ndcg@10 : 0.2163    mrr@10 : 0.1824
Thu 12 Feb 2026 22:18:48 INFO  epoch 12 training [time: 51.65s, train loss: 1909.5858]
Thu 12 Feb 2026 22:18:51 INFO  epoch 12 evaluating [time: 2.62s, valid_score: 0.189100]
Thu 12 Feb 2026 22:18:51 INFO  valid result: 
hit@10 : 0.318    ndcg@10 : 0.2197    mrr@10 : 0.1891
Thu 12 Feb 2026 22:18:51 INFO  Finished training, best eval result in epoch 1
Thu 12 Feb 2026 22:18:51 INFO  Loading model structure and parameters from saved\TimeWeaver-Feb-12-2026_22-07-35.pth
Thu 12 Feb 2026 22:18:54 INFO  The running environment of this training is as follows:
+-------------+----------------+
| Environment |     Usage      |
+=============+================+
| CPU         |     4.40 %     |
+-------------+----------------+
| GPU         | 0.48 G/6.00 G  |
+-------------+----------------+
| Memory      | 1.54 G/15.63 G |
+-------------+----------------+
Thu 12 Feb 2026 22:18:54 INFO  best valid : OrderedDict([('hit@10', 0.4087), ('ndcg@10', 0.2799), ('mrr@10', 0.2394)])
Thu 12 Feb 2026 22:18:54 INFO  test result: OrderedDict([('hit@10', 0.3813), ('ndcg@10', 0.2469), ('mrr@10', 0.2055)])
