Thu 12 Feb 2026 20:25:49 INFO  ['F:\\桌面\\recommendation_system\\scripts\\run_grid.py', '--models', 'timeweaver', '--datasets', 'amazon-electronics-5core-subset', '--seeds', '42', '--device', 'gpu', '--timeweaver-variant', 'base', '--tag', 'e0p1_k9_d0p2_l1_f256_b1000', '--output', 'results/run_grid_timeweaver_tune.json', '--tw-ema-decay', '0.1', '--tw-tcn-kernel', '9', '--tw-hidden-dropout', '0.2', '--tw-num-layers', '1', '--tw-ffn-hidden', '256', '--tw-time-bucket', '1000']
Thu 12 Feb 2026 20:25:49 INFO  
General Hyper Parameters:
gpu_id = 0
use_gpu = True
seed = 42
state = INFO
reproducibility = True
data_path = data/amazon\amazon-electronics-5core-subset
checkpoint_dir = saved
show_progress = True
save_dataset = False
dataset_save_path = None
save_dataloaders = False
dataloaders_save_path = None
log_wandb = False

Training Hyper Parameters:
epochs = 100
train_batch_size = 256
learner = adam
learning_rate = 0.001
train_neg_sample_args = {'distribution': 'none', 'sample_num': 'none', 'alpha': 'none', 'dynamic': False, 'candidate_num': 0}
eval_step = 1
stopping_step = 10
clip_grad_norm = None
weight_decay = 0.0
loss_decimal_place = 4

Evaluation Hyper Parameters:
eval_args = {'split': {'LS': 'valid_and_test'}, 'order': 'TO', 'group_by': 'user', 'mode': {'valid': 'uni100', 'test': 'uni100'}}
repeatable = True
metrics = ['Hit', 'NDCG', 'MRR']
topk = [10]
valid_metric = MRR@10
valid_metric_bigger = True
eval_batch_size = 512
metric_decimal_place = 4

Dataset Hyper Parameters:
field_separator = 	
seq_separator =  
USER_ID_FIELD = user_id
ITEM_ID_FIELD = item_id
RATING_FIELD = rating
TIME_FIELD = timestamp
seq_len = None
LABEL_FIELD = label
threshold = None
NEG_PREFIX = neg_
load_col = {'inter': ['user_id', 'item_id', 'rating', 'timestamp']}
unload_col = None
unused_col = None
additional_feat_suffix = None
rm_dup_inter = None
val_interval = None
filter_inter_by_user_or_item = True
user_inter_num_interval = [0,inf)
item_inter_num_interval = [0,inf)
alias_of_user_id = None
alias_of_item_id = None
alias_of_entity_id = None
alias_of_relation_id = None
preload_weight = None
normalize_field = None
normalize_all = None
ITEM_LIST_LENGTH_FIELD = item_length
LIST_SUFFIX = _list
MAX_ITEM_LIST_LENGTH = 32
POSITION_FIELD = position_id
HEAD_ENTITY_ID_FIELD = head_id
TAIL_ENTITY_ID_FIELD = tail_id
RELATION_ID_FIELD = relation_id
ENTITY_ID_FIELD = entity_id
benchmark_filename = None

Other Hyper Parameters: 
worker = 0
wandb_project = recbole
shuffle = True
require_pow = False
enable_amp = False
enable_scaler = False
transform = None
numerical_features = []
discretization = None
kg_reverse_r = False
entity_kg_num_interval = [0,inf)
relation_kg_num_interval = [0,inf)
MODEL_TYPE = ModelType.SEQUENTIAL
model_name = TimeWeaver
hidden_size = 64
num_layers = 1
hidden_dropout_prob = 0.2
initializer_range = 0.02
time_bucket_size = 1000
ema_decay = 0.1
tcn_kernel_size = 9
ffn_hidden_size = 256
loss_type = CE
early_stop = 10
neg_sampling = None
device = cuda
use_continuous_time = False
use_time_gate = False
use_time_augmentation = False
MODEL_INPUT_TYPE = InputType.POINTWISE
eval_type = EvaluatorType.RANKING
single_spec = True
local_rank = 0
valid_neg_sample_args = {'distribution': 'uniform', 'sample_num': 100}
test_neg_sample_args = {'distribution': 'uniform', 'sample_num': 100}


Thu 12 Feb 2026 20:25:49 INFO  amazon-electronics-5core-subset
The number of users: 1501
Average actions of users: 108.42733333333334
The number of items: 54722
Average actions of items: 2.9721861808080994
The number of inters: 162641
The sparsity of the dataset: 99.80198988231011%
Remain Fields: ['user_id', 'item_id', 'rating', 'timestamp']
Thu 12 Feb 2026 20:25:52 INFO  [Training]: train_batch_size = [256] train_neg_sample_args: [{'distribution': 'none', 'sample_num': 'none', 'alpha': 'none', 'dynamic': False, 'candidate_num': 0}]
Thu 12 Feb 2026 20:25:52 INFO  [Evaluation]: eval_batch_size = [512] eval_args: [{'split': {'LS': 'valid_and_test'}, 'order': 'TO', 'group_by': 'user', 'mode': {'valid': 'uni100', 'test': 'uni100'}}]
Thu 12 Feb 2026 20:25:52 INFO  TimeWeaver(
  (item_embedding): Embedding(54722, 64, padding_idx=0)
  (time_aug): TimeAwareAugmentation(
    (pos_embedding): Embedding(32, 64)
    (time_embedding): Embedding(1000, 64)
    (layer_norm): LayerNorm((64,), eps=1e-05, elementwise_affine=True)
    (drop): Dropout(p=0.2, inplace=False)
  )
  (context_layers): ModuleList(
    (0): TCNNextBlock(
      (dw): DepthwiseConv1d(
        (conv): Conv1d(64, 64, kernel_size=(9,), stride=(1,), padding=(4,), groups=64)
        (bn): BatchNorm1d(64, eps=1e-05, momentum=0.1, affine=True, track_running_stats=True)
        (drop): Dropout(p=0.2, inplace=False)
      )
      (norm1): LayerNorm((64,), eps=1e-05, elementwise_affine=True)
      (conv_inter): ParallelConvInter(
        (conv1): Conv1d(64, 64, kernel_size=(1,), stride=(1,))
        (conv3): Conv1d(64, 64, kernel_size=(3,), stride=(1,), padding=(1,))
        (proj): Conv1d(64, 64, kernel_size=(1,), stride=(1,))
        (drop): Dropout(p=0.2, inplace=False)
      )
      (norm2): LayerNorm((64,), eps=1e-05, elementwise_affine=True)
      (ffn): Sequential(
        (0): Linear(in_features=64, out_features=256, bias=True)
        (1): GELU(approximate='none')
        (2): Dropout(p=0.2, inplace=False)
        (3): Linear(in_features=256, out_features=64, bias=True)
        (4): Dropout(p=0.2, inplace=False)
      )
      (norm3): LayerNorm((64,), eps=1e-05, elementwise_affine=True)
    )
  )
  (dynamic_layers): ModuleList(
    (0): EMAStream(
      (proj): Linear(in_features=64, out_features=64, bias=True)
    )
  )
  (weavers): ModuleList(
    (0): StreamWeaver(
      (proj): Linear(in_features=128, out_features=64, bias=True)
      (norm): LayerNorm((64,), eps=1e-05, elementwise_affine=True)
    )
  )
  (loss_fct): CrossEntropyLoss()
)
Trainable parameters: 3635841.0
Thu 12 Feb 2026 20:25:52 INFO  FLOPs: 2150400.0
Thu 12 Feb 2026 20:26:25 INFO  epoch 0 training [time: 31.51s, train loss: 6467.4443]
Thu 12 Feb 2026 20:26:27 INFO  epoch 0 evaluating [time: 2.13s, valid_score: 0.218100]
Thu 12 Feb 2026 20:26:27 INFO  valid result: 
hit@10 : 0.406    ndcg@10 : 0.2624    mrr@10 : 0.2181
Thu 12 Feb 2026 20:26:27 INFO  Saving current: saved\TimeWeaver-Feb-12-2026_20-25-52.pth
Thu 12 Feb 2026 20:26:58 INFO  epoch 1 training [time: 31.44s, train loss: 5809.3388]
Thu 12 Feb 2026 20:27:00 INFO  epoch 1 evaluating [time: 1.95s, valid_score: 0.227300]
Thu 12 Feb 2026 20:27:00 INFO  valid result: 
hit@10 : 0.4107    ndcg@10 : 0.2707    mrr@10 : 0.2273
Thu 12 Feb 2026 20:27:00 INFO  Saving current: saved\TimeWeaver-Feb-12-2026_20-25-52.pth
Thu 12 Feb 2026 20:27:30 INFO  epoch 2 training [time: 29.66s, train loss: 5008.5012]
Thu 12 Feb 2026 20:27:32 INFO  epoch 2 evaluating [time: 2.02s, valid_score: 0.207000]
Thu 12 Feb 2026 20:27:32 INFO  valid result: 
hit@10 : 0.3627    ndcg@10 : 0.2437    mrr@10 : 0.207
Thu 12 Feb 2026 20:28:03 INFO  epoch 3 training [time: 31.12s, train loss: 4290.0864]
Thu 12 Feb 2026 20:28:05 INFO  epoch 3 evaluating [time: 1.96s, valid_score: 0.205700]
Thu 12 Feb 2026 20:28:05 INFO  valid result: 
hit@10 : 0.3547    ndcg@10 : 0.2407    mrr@10 : 0.2057
Thu 12 Feb 2026 20:28:35 INFO  epoch 4 training [time: 30.22s, train loss: 3813.7928]
Thu 12 Feb 2026 20:28:37 INFO  epoch 4 evaluating [time: 1.98s, valid_score: 0.198400]
Thu 12 Feb 2026 20:28:37 INFO  valid result: 
hit@10 : 0.348    ndcg@10 : 0.2335    mrr@10 : 0.1984
Thu 12 Feb 2026 20:29:08 INFO  epoch 5 training [time: 30.15s, train loss: 3474.3823]
Thu 12 Feb 2026 20:29:10 INFO  epoch 5 evaluating [time: 2.03s, valid_score: 0.202500]
Thu 12 Feb 2026 20:29:10 INFO  valid result: 
hit@10 : 0.358    ndcg@10 : 0.2389    mrr@10 : 0.2025
Thu 12 Feb 2026 20:29:39 INFO  epoch 6 training [time: 29.92s, train loss: 3191.9951]
Thu 12 Feb 2026 20:29:41 INFO  epoch 6 evaluating [time: 1.93s, valid_score: 0.197800]
Thu 12 Feb 2026 20:29:41 INFO  valid result: 
hit@10 : 0.3593    ndcg@10 : 0.2355    mrr@10 : 0.1978
Thu 12 Feb 2026 20:30:12 INFO  epoch 7 training [time: 30.75s, train loss: 2941.9645]
Thu 12 Feb 2026 20:30:14 INFO  epoch 7 evaluating [time: 2.09s, valid_score: 0.188400]
Thu 12 Feb 2026 20:30:14 INFO  valid result: 
hit@10 : 0.344    ndcg@10 : 0.2248    mrr@10 : 0.1884
Thu 12 Feb 2026 20:30:46 INFO  epoch 8 training [time: 31.83s, train loss: 2716.2512]
Thu 12 Feb 2026 20:30:48 INFO  epoch 8 evaluating [time: 2.08s, valid_score: 0.173300]
Thu 12 Feb 2026 20:30:48 INFO  valid result: 
hit@10 : 0.3247    ndcg@10 : 0.2088    mrr@10 : 0.1733
Thu 12 Feb 2026 20:31:18 INFO  epoch 9 training [time: 30.18s, train loss: 2521.2162]
Thu 12 Feb 2026 20:31:20 INFO  epoch 9 evaluating [time: 1.93s, valid_score: 0.183800]
Thu 12 Feb 2026 20:31:20 INFO  valid result: 
hit@10 : 0.3293    ndcg@10 : 0.2181    mrr@10 : 0.1838
Thu 12 Feb 2026 20:31:50 INFO  epoch 10 training [time: 29.99s, train loss: 2345.2030]
Thu 12 Feb 2026 20:31:52 INFO  epoch 10 evaluating [time: 2.04s, valid_score: 0.166200]
Thu 12 Feb 2026 20:31:52 INFO  valid result: 
hit@10 : 0.3173    ndcg@10 : 0.2018    mrr@10 : 0.1662
Thu 12 Feb 2026 20:32:22 INFO  epoch 11 training [time: 30.12s, train loss: 2198.6645]
Thu 12 Feb 2026 20:32:24 INFO  epoch 11 evaluating [time: 1.95s, valid_score: 0.170300]
Thu 12 Feb 2026 20:32:24 INFO  valid result: 
hit@10 : 0.3187    ndcg@10 : 0.2052    mrr@10 : 0.1703
Thu 12 Feb 2026 20:32:55 INFO  epoch 12 training [time: 30.37s, train loss: 2069.7421]
Thu 12 Feb 2026 20:32:57 INFO  epoch 12 evaluating [time: 2.00s, valid_score: 0.179700]
Thu 12 Feb 2026 20:32:57 INFO  valid result: 
hit@10 : 0.3253    ndcg@10 : 0.2138    mrr@10 : 0.1797
Thu 12 Feb 2026 20:32:57 INFO  Finished training, best eval result in epoch 1
Thu 12 Feb 2026 20:32:57 INFO  Loading model structure and parameters from saved\TimeWeaver-Feb-12-2026_20-25-52.pth
Thu 12 Feb 2026 20:33:00 INFO  The running environment of this training is as follows:
+-------------+----------------+
| Environment |     Usage      |
+=============+================+
| CPU         |     3.80 %     |
+-------------+----------------+
| GPU         | 0.42 G/6.00 G  |
+-------------+----------------+
| Memory      | 1.60 G/15.63 G |
+-------------+----------------+
Thu 12 Feb 2026 20:33:00 INFO  best valid : OrderedDict([('hit@10', 0.4107), ('ndcg@10', 0.2707), ('mrr@10', 0.2273)])
Thu 12 Feb 2026 20:33:00 INFO  test result: OrderedDict([('hit@10', 0.3587), ('ndcg@10', 0.2313), ('mrr@10', 0.1922)])
