Thu 19 Feb 2026 01:04:04 INFO  ['F:\\桌面\\recommendation_system\\scripts\\run_grid.py', '--models', 'timeweaver', '--datasets', 'amazon-beauty-5core-subset', '--timeweaver-variant', 'aug_only', '--seeds', '42,2023,2024', '--device', 'gpu', '--output', 'results/timeweaver_ablations_beauty.json']
Thu 19 Feb 2026 01:04:04 INFO  
General Hyper Parameters:
gpu_id = 0
use_gpu = True
seed = 42
state = INFO
reproducibility = True
data_path = data/amazon\amazon-beauty-5core-subset
checkpoint_dir = saved
show_progress = True
save_dataset = False
dataset_save_path = None
save_dataloaders = False
dataloaders_save_path = None
log_wandb = False

Training Hyper Parameters:
epochs = 100
train_batch_size = 256
learner = adam
learning_rate = 0.001
train_neg_sample_args = {'distribution': 'none', 'sample_num': 'none', 'alpha': 'none', 'dynamic': False, 'candidate_num': 0}
eval_step = 1
stopping_step = 10
clip_grad_norm = None
weight_decay = 0.0
loss_decimal_place = 4

Evaluation Hyper Parameters:
eval_args = {'split': {'LS': 'valid_and_test'}, 'order': 'TO', 'group_by': 'user', 'mode': {'valid': 'uni100', 'test': 'uni100'}}
repeatable = True
metrics = ['Hit', 'NDCG', 'MRR']
topk = [10]
valid_metric = Hit@10
valid_metric_bigger = True
eval_batch_size = 512
metric_decimal_place = 4

Dataset Hyper Parameters:
field_separator = 	
seq_separator =  
USER_ID_FIELD = user_id
ITEM_ID_FIELD = item_id
RATING_FIELD = rating
TIME_FIELD = timestamp
seq_len = None
LABEL_FIELD = label
threshold = None
NEG_PREFIX = neg_
load_col = {'inter': ['user_id', 'item_id', 'rating', 'timestamp']}
unload_col = None
unused_col = None
additional_feat_suffix = None
rm_dup_inter = None
val_interval = None
filter_inter_by_user_or_item = True
user_inter_num_interval = [0,inf)
item_inter_num_interval = [0,inf)
alias_of_user_id = None
alias_of_item_id = None
alias_of_entity_id = None
alias_of_relation_id = None
preload_weight = None
normalize_field = None
normalize_all = None
ITEM_LIST_LENGTH_FIELD = item_length
LIST_SUFFIX = _list
MAX_ITEM_LIST_LENGTH = 32
POSITION_FIELD = position_id
HEAD_ENTITY_ID_FIELD = head_id
TAIL_ENTITY_ID_FIELD = tail_id
RELATION_ID_FIELD = relation_id
ENTITY_ID_FIELD = entity_id
benchmark_filename = None

Other Hyper Parameters: 
worker = 0
wandb_project = recbole
shuffle = True
require_pow = False
enable_amp = False
enable_scaler = False
transform = None
numerical_features = []
discretization = None
kg_reverse_r = False
entity_kg_num_interval = [0,inf)
relation_kg_num_interval = [0,inf)
MODEL_TYPE = ModelType.SEQUENTIAL
model_name = TimeWeaver
hidden_size = 64
num_layers = 2
hidden_dropout_prob = 0.5
initializer_range = 0.02
time_bucket_size = 1000
ema_decay = 0.5
tcn_kernel_size = -1
ffn_hidden_size = 256
loss_type = CE
early_stop = 10
neg_sampling = None
device = cuda
use_continuous_time = False
use_time_gate = False
use_time_augmentation = True
MODEL_INPUT_TYPE = InputType.POINTWISE
eval_type = EvaluatorType.RANKING
single_spec = True
local_rank = 0
valid_neg_sample_args = {'distribution': 'uniform', 'sample_num': 100}
test_neg_sample_args = {'distribution': 'uniform', 'sample_num': 100}


Thu 19 Feb 2026 01:04:04 INFO  amazon-beauty-5core-subset
The number of users: 7001
Average actions of users: 15.458
The number of items: 11924
Average actions of items: 9.075400486454752
The number of inters: 108206
The sparsity of the dataset: 99.87038081155896%
Remain Fields: ['user_id', 'item_id', 'rating', 'timestamp']
Thu 19 Feb 2026 01:04:06 INFO  [Training]: train_batch_size = [256] train_neg_sample_args: [{'distribution': 'none', 'sample_num': 'none', 'alpha': 'none', 'dynamic': False, 'candidate_num': 0}]
Thu 19 Feb 2026 01:04:06 INFO  [Evaluation]: eval_batch_size = [512] eval_args: [{'split': {'LS': 'valid_and_test'}, 'order': 'TO', 'group_by': 'user', 'mode': {'valid': 'uni100', 'test': 'uni100'}}]
Thu 19 Feb 2026 01:04:06 INFO  TimeWeaver(
  (item_embedding): Embedding(11924, 64, padding_idx=0)
  (time_aug): TimeAwareAugmentation(
    (pos_embedding): Embedding(32, 64)
    (time_embedding): Embedding(1000, 64)
    (layer_norm): LayerNorm((64,), eps=1e-05, elementwise_affine=True)
    (drop): Dropout(p=0.5, inplace=False)
  )
  (context_layers): ModuleList(
    (0-1): 2 x TCNNextBlock(
      (dw): DepthwiseConv1d(
        (conv): Conv1d(64, 64, kernel_size=(11,), stride=(1,), padding=(5,), groups=64)
        (bn): BatchNorm1d(64, eps=1e-05, momentum=0.1, affine=True, track_running_stats=True)
        (drop): Dropout(p=0.5, inplace=False)
      )
      (norm1): LayerNorm((64,), eps=1e-05, elementwise_affine=True)
      (conv_inter): ParallelConvInter(
        (conv1): Conv1d(64, 64, kernel_size=(1,), stride=(1,))
        (conv3): Conv1d(64, 64, kernel_size=(3,), stride=(1,), padding=(1,))
        (proj): Conv1d(64, 64, kernel_size=(1,), stride=(1,))
        (drop): Dropout(p=0.5, inplace=False)
      )
      (norm2): LayerNorm((64,), eps=1e-05, elementwise_affine=True)
      (ffn): Sequential(
        (0): Linear(in_features=64, out_features=256, bias=True)
        (1): GELU(approximate='none')
        (2): Dropout(p=0.5, inplace=False)
        (3): Linear(in_features=256, out_features=64, bias=True)
        (4): Dropout(p=0.5, inplace=False)
      )
      (norm3): LayerNorm((64,), eps=1e-05, elementwise_affine=True)
    )
  )
  (dynamic_layers): ModuleList(
    (0-1): 2 x EMAStream(
      (proj): Linear(in_features=64, out_features=64, bias=True)
    )
  )
  (weavers): ModuleList(
    (0-1): 2 x StreamWeaver(
      (proj): Linear(in_features=128, out_features=64, bias=True)
      (norm): LayerNorm((64,), eps=1e-05, elementwise_affine=True)
    )
  )
  (loss_fct): CrossEntropyLoss()
)
Trainable parameters: 964481.0
Thu 19 Feb 2026 01:04:06 INFO  FLOPs: 4298752.0
Thu 19 Feb 2026 01:04:36 INFO  epoch 0 training [time: 28.74s, train loss: 2936.2302]
Thu 19 Feb 2026 01:04:48 INFO  epoch 0 evaluating [time: 11.52s, valid_score: 0.462700]
Thu 19 Feb 2026 01:04:48 INFO  valid result: 
hit@10 : 0.4627    ndcg@10 : 0.2768    mrr@10 : 0.219
Thu 19 Feb 2026 01:04:48 INFO  Saving current: saved\TimeWeaver-Feb-19-2026_01-04-06.pth
Thu 19 Feb 2026 01:05:18 INFO  epoch 1 training [time: 29.65s, train loss: 2708.9912]
Thu 19 Feb 2026 01:05:29 INFO  epoch 1 evaluating [time: 10.97s, valid_score: 0.501600]
Thu 19 Feb 2026 01:05:29 INFO  valid result: 
hit@10 : 0.5016    ndcg@10 : 0.3381    mrr@10 : 0.2869
Thu 19 Feb 2026 01:05:29 INFO  Saving current: saved\TimeWeaver-Feb-19-2026_01-04-06.pth
Thu 19 Feb 2026 01:05:57 INFO  epoch 2 training [time: 28.44s, train loss: 2563.2542]
Thu 19 Feb 2026 01:06:09 INFO  epoch 2 evaluating [time: 11.54s, valid_score: 0.535100]
Thu 19 Feb 2026 01:06:09 INFO  valid result: 
hit@10 : 0.5351    ndcg@10 : 0.3752    mrr@10 : 0.3249
Thu 19 Feb 2026 01:06:09 INFO  Saving current: saved\TimeWeaver-Feb-19-2026_01-04-06.pth
Thu 19 Feb 2026 01:06:51 INFO  epoch 3 training [time: 42.23s, train loss: 2446.5548]
Thu 19 Feb 2026 01:07:02 INFO  epoch 3 evaluating [time: 11.10s, valid_score: 0.539300]
Thu 19 Feb 2026 01:07:02 INFO  valid result: 
hit@10 : 0.5393    ndcg@10 : 0.3865    mrr@10 : 0.3386
Thu 19 Feb 2026 01:07:02 INFO  Saving current: saved\TimeWeaver-Feb-19-2026_01-04-06.pth
Thu 19 Feb 2026 01:07:58 INFO  epoch 4 training [time: 56.16s, train loss: 2354.6939]
Thu 19 Feb 2026 01:08:09 INFO  epoch 4 evaluating [time: 11.00s, valid_score: 0.539700]
Thu 19 Feb 2026 01:08:09 INFO  valid result: 
hit@10 : 0.5397    ndcg@10 : 0.3906    mrr@10 : 0.344
Thu 19 Feb 2026 01:08:09 INFO  Saving current: saved\TimeWeaver-Feb-19-2026_01-04-06.pth
Thu 19 Feb 2026 01:09:10 INFO  epoch 5 training [time: 61.08s, train loss: 2275.7251]
Thu 19 Feb 2026 01:09:22 INFO  epoch 5 evaluating [time: 11.25s, valid_score: 0.539100]
Thu 19 Feb 2026 01:09:22 INFO  valid result: 
hit@10 : 0.5391    ndcg@10 : 0.3929    mrr@10 : 0.3473
Thu 19 Feb 2026 01:10:20 INFO  epoch 6 training [time: 58.12s, train loss: 2206.9949]
Thu 19 Feb 2026 01:10:31 INFO  epoch 6 evaluating [time: 10.92s, valid_score: 0.537700]
Thu 19 Feb 2026 01:10:31 INFO  valid result: 
hit@10 : 0.5377    ndcg@10 : 0.3945    mrr@10 : 0.3496
Thu 19 Feb 2026 01:11:29 INFO  epoch 7 training [time: 58.33s, train loss: 2152.8866]
Thu 19 Feb 2026 01:11:40 INFO  epoch 7 evaluating [time: 11.14s, valid_score: 0.533100]
Thu 19 Feb 2026 01:11:40 INFO  valid result: 
hit@10 : 0.5331    ndcg@10 : 0.3925    mrr@10 : 0.3484
Thu 19 Feb 2026 01:12:39 INFO  epoch 8 training [time: 58.72s, train loss: 2106.5958]
Thu 19 Feb 2026 01:12:50 INFO  epoch 8 evaluating [time: 11.49s, valid_score: 0.531700]
Thu 19 Feb 2026 01:12:50 INFO  valid result: 
hit@10 : 0.5317    ndcg@10 : 0.3912    mrr@10 : 0.3472
Thu 19 Feb 2026 01:13:49 INFO  epoch 9 training [time: 58.43s, train loss: 2063.7277]
Thu 19 Feb 2026 01:14:00 INFO  epoch 9 evaluating [time: 11.34s, valid_score: 0.531000]
Thu 19 Feb 2026 01:14:00 INFO  valid result: 
hit@10 : 0.531    ndcg@10 : 0.3886    mrr@10 : 0.3441
Thu 19 Feb 2026 01:14:58 INFO  epoch 10 training [time: 58.06s, train loss: 2032.7734]
Thu 19 Feb 2026 01:15:09 INFO  epoch 10 evaluating [time: 11.00s, valid_score: 0.535100]
Thu 19 Feb 2026 01:15:09 INFO  valid result: 
hit@10 : 0.5351    ndcg@10 : 0.3928    mrr@10 : 0.3482
Thu 19 Feb 2026 01:16:07 INFO  epoch 11 training [time: 57.64s, train loss: 2001.3296]
Thu 19 Feb 2026 01:16:18 INFO  epoch 11 evaluating [time: 10.89s, valid_score: 0.533900]
Thu 19 Feb 2026 01:16:18 INFO  valid result: 
hit@10 : 0.5339    ndcg@10 : 0.3935    mrr@10 : 0.3496
Thu 19 Feb 2026 01:17:18 INFO  epoch 12 training [time: 60.04s, train loss: 1973.8788]
Thu 19 Feb 2026 01:17:29 INFO  epoch 12 evaluating [time: 10.87s, valid_score: 0.534700]
Thu 19 Feb 2026 01:17:29 INFO  valid result: 
hit@10 : 0.5347    ndcg@10 : 0.3918    mrr@10 : 0.3472
Thu 19 Feb 2026 01:18:25 INFO  epoch 13 training [time: 56.51s, train loss: 1951.8067]
Thu 19 Feb 2026 01:18:36 INFO  epoch 13 evaluating [time: 10.91s, valid_score: 0.532600]
Thu 19 Feb 2026 01:18:36 INFO  valid result: 
hit@10 : 0.5326    ndcg@10 : 0.3897    mrr@10 : 0.3449
Thu 19 Feb 2026 01:19:33 INFO  epoch 14 training [time: 57.15s, train loss: 1928.8050]
Thu 19 Feb 2026 01:19:44 INFO  epoch 14 evaluating [time: 10.99s, valid_score: 0.532600]
Thu 19 Feb 2026 01:19:44 INFO  valid result: 
hit@10 : 0.5326    ndcg@10 : 0.388    mrr@10 : 0.3428
Thu 19 Feb 2026 01:20:42 INFO  epoch 15 training [time: 58.00s, train loss: 1910.6310]
Thu 19 Feb 2026 01:20:53 INFO  epoch 15 evaluating [time: 11.34s, valid_score: 0.532300]
Thu 19 Feb 2026 01:20:53 INFO  valid result: 
hit@10 : 0.5323    ndcg@10 : 0.3892    mrr@10 : 0.3446
Thu 19 Feb 2026 01:20:53 INFO  Finished training, best eval result in epoch 4
Thu 19 Feb 2026 01:20:53 INFO  Loading model structure and parameters from saved\TimeWeaver-Feb-19-2026_01-04-06.pth
Thu 19 Feb 2026 01:21:06 INFO  The running environment of this training is as follows:
+-------------+----------------+
| Environment |     Usage      |
+=============+================+
| CPU         |     6.70 %     |
+-------------+----------------+
| GPU         | 0.30 G/6.00 G  |
+-------------+----------------+
| Memory      | 1.63 G/15.63 G |
+-------------+----------------+
Thu 19 Feb 2026 01:21:06 INFO  best valid : OrderedDict([('hit@10', 0.5397), ('ndcg@10', 0.3906), ('mrr@10', 0.344)])
Thu 19 Feb 2026 01:21:06 INFO  test result: OrderedDict([('hit@10', 0.4966), ('ndcg@10', 0.3458), ('mrr@10', 0.2987)])
Thu 19 Feb 2026 01:21:06 WARNING  command line args [--models timeweaver --datasets amazon-beauty-5core-subset --timeweaver-variant aug_only --seeds 42,2023,2024 --device gpu --output results/timeweaver_ablations_beauty.json] will not be used in RecBole
Thu 19 Feb 2026 01:21:06 INFO  ['F:\\桌面\\recommendation_system\\scripts\\run_grid.py', '--models', 'timeweaver', '--datasets', 'amazon-beauty-5core-subset', '--timeweaver-variant', 'aug_only', '--seeds', '42,2023,2024', '--device', 'gpu', '--output', 'results/timeweaver_ablations_beauty.json']
Thu 19 Feb 2026 01:21:06 INFO  
General Hyper Parameters:
gpu_id = 0
use_gpu = True
seed = 2023
state = INFO
reproducibility = True
data_path = data/amazon\amazon-beauty-5core-subset
checkpoint_dir = saved
show_progress = True
save_dataset = False
dataset_save_path = None
save_dataloaders = False
dataloaders_save_path = None
log_wandb = False

Training Hyper Parameters:
epochs = 100
train_batch_size = 256
learner = adam
learning_rate = 0.001
train_neg_sample_args = {'distribution': 'none', 'sample_num': 'none', 'alpha': 'none', 'dynamic': False, 'candidate_num': 0}
eval_step = 1
stopping_step = 10
clip_grad_norm = None
weight_decay = 0.0
loss_decimal_place = 4

Evaluation Hyper Parameters:
eval_args = {'split': {'LS': 'valid_and_test'}, 'order': 'TO', 'group_by': 'user', 'mode': {'valid': 'uni100', 'test': 'uni100'}}
repeatable = True
metrics = ['Hit', 'NDCG', 'MRR']
topk = [10]
valid_metric = Hit@10
valid_metric_bigger = True
eval_batch_size = 512
metric_decimal_place = 4

Dataset Hyper Parameters:
field_separator = 	
seq_separator =  
USER_ID_FIELD = user_id
ITEM_ID_FIELD = item_id
RATING_FIELD = rating
TIME_FIELD = timestamp
seq_len = None
LABEL_FIELD = label
threshold = None
NEG_PREFIX = neg_
load_col = {'inter': ['user_id', 'item_id', 'rating', 'timestamp']}
unload_col = None
unused_col = None
additional_feat_suffix = None
rm_dup_inter = None
val_interval = None
filter_inter_by_user_or_item = True
user_inter_num_interval = [0,inf)
item_inter_num_interval = [0,inf)
alias_of_user_id = None
alias_of_item_id = None
alias_of_entity_id = None
alias_of_relation_id = None
preload_weight = None
normalize_field = None
normalize_all = None
ITEM_LIST_LENGTH_FIELD = item_length
LIST_SUFFIX = _list
MAX_ITEM_LIST_LENGTH = 32
POSITION_FIELD = position_id
HEAD_ENTITY_ID_FIELD = head_id
TAIL_ENTITY_ID_FIELD = tail_id
RELATION_ID_FIELD = relation_id
ENTITY_ID_FIELD = entity_id
benchmark_filename = None

Other Hyper Parameters: 
worker = 0
wandb_project = recbole
shuffle = True
require_pow = False
enable_amp = False
enable_scaler = False
transform = None
numerical_features = []
discretization = None
kg_reverse_r = False
entity_kg_num_interval = [0,inf)
relation_kg_num_interval = [0,inf)
MODEL_TYPE = ModelType.SEQUENTIAL
model_name = TimeWeaver
hidden_size = 64
num_layers = 2
hidden_dropout_prob = 0.5
initializer_range = 0.02
time_bucket_size = 1000
ema_decay = 0.5
tcn_kernel_size = -1
ffn_hidden_size = 256
loss_type = CE
early_stop = 10
neg_sampling = None
device = cuda
use_continuous_time = False
use_time_gate = False
use_time_augmentation = True
MODEL_INPUT_TYPE = InputType.POINTWISE
eval_type = EvaluatorType.RANKING
single_spec = True
local_rank = 0
valid_neg_sample_args = {'distribution': 'uniform', 'sample_num': 100}
test_neg_sample_args = {'distribution': 'uniform', 'sample_num': 100}


Thu 19 Feb 2026 01:21:06 INFO  amazon-beauty-5core-subset
The number of users: 7001
Average actions of users: 15.458
The number of items: 11924
Average actions of items: 9.075400486454752
The number of inters: 108206
The sparsity of the dataset: 99.87038081155896%
Remain Fields: ['user_id', 'item_id', 'rating', 'timestamp']
Thu 19 Feb 2026 01:21:08 INFO  [Training]: train_batch_size = [256] train_neg_sample_args: [{'distribution': 'none', 'sample_num': 'none', 'alpha': 'none', 'dynamic': False, 'candidate_num': 0}]
Thu 19 Feb 2026 01:21:08 INFO  [Evaluation]: eval_batch_size = [512] eval_args: [{'split': {'LS': 'valid_and_test'}, 'order': 'TO', 'group_by': 'user', 'mode': {'valid': 'uni100', 'test': 'uni100'}}]
Thu 19 Feb 2026 01:21:08 INFO  TimeWeaver(
  (item_embedding): Embedding(11924, 64, padding_idx=0)
  (time_aug): TimeAwareAugmentation(
    (pos_embedding): Embedding(32, 64)
    (time_embedding): Embedding(1000, 64)
    (layer_norm): LayerNorm((64,), eps=1e-05, elementwise_affine=True)
    (drop): Dropout(p=0.5, inplace=False)
  )
  (context_layers): ModuleList(
    (0-1): 2 x TCNNextBlock(
      (dw): DepthwiseConv1d(
        (conv): Conv1d(64, 64, kernel_size=(11,), stride=(1,), padding=(5,), groups=64)
        (bn): BatchNorm1d(64, eps=1e-05, momentum=0.1, affine=True, track_running_stats=True)
        (drop): Dropout(p=0.5, inplace=False)
      )
      (norm1): LayerNorm((64,), eps=1e-05, elementwise_affine=True)
      (conv_inter): ParallelConvInter(
        (conv1): Conv1d(64, 64, kernel_size=(1,), stride=(1,))
        (conv3): Conv1d(64, 64, kernel_size=(3,), stride=(1,), padding=(1,))
        (proj): Conv1d(64, 64, kernel_size=(1,), stride=(1,))
        (drop): Dropout(p=0.5, inplace=False)
      )
      (norm2): LayerNorm((64,), eps=1e-05, elementwise_affine=True)
      (ffn): Sequential(
        (0): Linear(in_features=64, out_features=256, bias=True)
        (1): GELU(approximate='none')
        (2): Dropout(p=0.5, inplace=False)
        (3): Linear(in_features=256, out_features=64, bias=True)
        (4): Dropout(p=0.5, inplace=False)
      )
      (norm3): LayerNorm((64,), eps=1e-05, elementwise_affine=True)
    )
  )
  (dynamic_layers): ModuleList(
    (0-1): 2 x EMAStream(
      (proj): Linear(in_features=64, out_features=64, bias=True)
    )
  )
  (weavers): ModuleList(
    (0-1): 2 x StreamWeaver(
      (proj): Linear(in_features=128, out_features=64, bias=True)
      (norm): LayerNorm((64,), eps=1e-05, elementwise_affine=True)
    )
  )
  (loss_fct): CrossEntropyLoss()
)
Trainable parameters: 964481.0
Thu 19 Feb 2026 01:21:08 INFO  FLOPs: 4298752.0
Thu 19 Feb 2026 01:21:37 INFO  epoch 0 training [time: 28.91s, train loss: 2931.3772]
Thu 19 Feb 2026 01:21:48 INFO  epoch 0 evaluating [time: 11.14s, valid_score: 0.455700]
Thu 19 Feb 2026 01:21:48 INFO  valid result: 
hit@10 : 0.4557    ndcg@10 : 0.2761    mrr@10 : 0.2202
Thu 19 Feb 2026 01:21:48 INFO  Saving current: saved\TimeWeaver-Feb-19-2026_01-21-08.pth
Thu 19 Feb 2026 01:22:17 INFO  epoch 1 training [time: 28.48s, train loss: 2698.6365]
Thu 19 Feb 2026 01:22:28 INFO  epoch 1 evaluating [time: 11.12s, valid_score: 0.510400]
Thu 19 Feb 2026 01:22:28 INFO  valid result: 
hit@10 : 0.5104    ndcg@10 : 0.3476    mrr@10 : 0.2966
Thu 19 Feb 2026 01:22:28 INFO  Saving current: saved\TimeWeaver-Feb-19-2026_01-21-08.pth
Thu 19 Feb 2026 01:22:56 INFO  epoch 2 training [time: 28.14s, train loss: 2545.6044]
Thu 19 Feb 2026 01:23:07 INFO  epoch 2 evaluating [time: 11.12s, valid_score: 0.540900]
Thu 19 Feb 2026 01:23:07 INFO  valid result: 
hit@10 : 0.5409    ndcg@10 : 0.381    mrr@10 : 0.331
Thu 19 Feb 2026 01:23:07 INFO  Saving current: saved\TimeWeaver-Feb-19-2026_01-21-08.pth
Thu 19 Feb 2026 01:23:50 INFO  epoch 3 training [time: 43.30s, train loss: 2433.9254]
Thu 19 Feb 2026 01:24:01 INFO  epoch 3 evaluating [time: 11.03s, valid_score: 0.540300]
Thu 19 Feb 2026 01:24:01 INFO  valid result: 
hit@10 : 0.5403    ndcg@10 : 0.3897    mrr@10 : 0.3424
Thu 19 Feb 2026 01:25:00 INFO  epoch 4 training [time: 58.58s, train loss: 2344.1482]
Thu 19 Feb 2026 01:25:11 INFO  epoch 4 evaluating [time: 11.54s, valid_score: 0.538300]
Thu 19 Feb 2026 01:25:11 INFO  valid result: 
hit@10 : 0.5383    ndcg@10 : 0.3927    mrr@10 : 0.3471
Thu 19 Feb 2026 01:26:08 INFO  epoch 5 training [time: 56.89s, train loss: 2265.2686]
Thu 19 Feb 2026 01:26:20 INFO  epoch 5 evaluating [time: 11.41s, valid_score: 0.539600]
Thu 19 Feb 2026 01:26:20 INFO  valid result: 
hit@10 : 0.5396    ndcg@10 : 0.3967    mrr@10 : 0.3521
Thu 19 Feb 2026 01:27:17 INFO  epoch 6 training [time: 57.65s, train loss: 2199.0957]
Thu 19 Feb 2026 01:27:29 INFO  epoch 6 evaluating [time: 11.23s, valid_score: 0.535900]
Thu 19 Feb 2026 01:27:29 INFO  valid result: 
hit@10 : 0.5359    ndcg@10 : 0.3956    mrr@10 : 0.3517
Thu 19 Feb 2026 01:28:26 INFO  epoch 7 training [time: 57.90s, train loss: 2144.1192]
Thu 19 Feb 2026 01:28:38 INFO  epoch 7 evaluating [time: 11.52s, valid_score: 0.539000]
Thu 19 Feb 2026 01:28:38 INFO  valid result: 
hit@10 : 0.539    ndcg@10 : 0.3956    mrr@10 : 0.3507
Thu 19 Feb 2026 01:29:37 INFO  epoch 8 training [time: 58.83s, train loss: 2098.2133]
Thu 19 Feb 2026 01:29:48 INFO  epoch 8 evaluating [time: 11.25s, valid_score: 0.536000]
Thu 19 Feb 2026 01:29:48 INFO  valid result: 
hit@10 : 0.536    ndcg@10 : 0.3957    mrr@10 : 0.3518
Thu 19 Feb 2026 01:30:45 INFO  epoch 9 training [time: 56.90s, train loss: 2059.1451]
Thu 19 Feb 2026 01:30:56 INFO  epoch 9 evaluating [time: 11.13s, valid_score: 0.538700]
Thu 19 Feb 2026 01:30:56 INFO  valid result: 
hit@10 : 0.5387    ndcg@10 : 0.3984    mrr@10 : 0.3546
Thu 19 Feb 2026 01:31:54 INFO  epoch 10 training [time: 58.03s, train loss: 2023.8713]
Thu 19 Feb 2026 01:32:05 INFO  epoch 10 evaluating [time: 11.11s, valid_score: 0.534700]
Thu 19 Feb 2026 01:32:05 INFO  valid result: 
hit@10 : 0.5347    ndcg@10 : 0.3951    mrr@10 : 0.3515
Thu 19 Feb 2026 01:33:05 INFO  epoch 11 training [time: 59.59s, train loss: 1993.3488]
Thu 19 Feb 2026 01:33:16 INFO  epoch 11 evaluating [time: 11.57s, valid_score: 0.532300]
Thu 19 Feb 2026 01:33:16 INFO  valid result: 
hit@10 : 0.5323    ndcg@10 : 0.3924    mrr@10 : 0.3486
Thu 19 Feb 2026 01:34:13 INFO  epoch 12 training [time: 56.82s, train loss: 1969.3020]
Thu 19 Feb 2026 01:34:24 INFO  epoch 12 evaluating [time: 11.20s, valid_score: 0.540300]
Thu 19 Feb 2026 01:34:24 INFO  valid result: 
hit@10 : 0.5403    ndcg@10 : 0.3958    mrr@10 : 0.3507
Thu 19 Feb 2026 01:35:22 INFO  epoch 13 training [time: 57.53s, train loss: 1944.9174]
Thu 19 Feb 2026 01:35:33 INFO  epoch 13 evaluating [time: 11.22s, valid_score: 0.533000]
Thu 19 Feb 2026 01:35:33 INFO  valid result: 
hit@10 : 0.533    ndcg@10 : 0.3915    mrr@10 : 0.3474
Thu 19 Feb 2026 01:35:33 INFO  Finished training, best eval result in epoch 2
Thu 19 Feb 2026 01:35:33 INFO  Loading model structure and parameters from saved\TimeWeaver-Feb-19-2026_01-21-08.pth
Thu 19 Feb 2026 01:35:45 INFO  The running environment of this training is as follows:
+-------------+----------------+
| Environment |     Usage      |
+=============+================+
| CPU         |     7.00 %     |
+-------------+----------------+
| GPU         | 0.30 G/6.00 G  |
+-------------+----------------+
| Memory      | 1.63 G/15.63 G |
+-------------+----------------+
Thu 19 Feb 2026 01:35:45 INFO  best valid : OrderedDict([('hit@10', 0.5409), ('ndcg@10', 0.381), ('mrr@10', 0.331)])
Thu 19 Feb 2026 01:35:45 INFO  test result: OrderedDict([('hit@10', 0.4959), ('ndcg@10', 0.3351), ('mrr@10', 0.285)])
Thu 19 Feb 2026 01:35:45 WARNING  command line args [--models timeweaver --datasets amazon-beauty-5core-subset --timeweaver-variant aug_only --seeds 42,2023,2024 --device gpu --output results/timeweaver_ablations_beauty.json] will not be used in RecBole
Thu 19 Feb 2026 01:35:45 INFO  ['F:\\桌面\\recommendation_system\\scripts\\run_grid.py', '--models', 'timeweaver', '--datasets', 'amazon-beauty-5core-subset', '--timeweaver-variant', 'aug_only', '--seeds', '42,2023,2024', '--device', 'gpu', '--output', 'results/timeweaver_ablations_beauty.json']
Thu 19 Feb 2026 01:35:45 INFO  
General Hyper Parameters:
gpu_id = 0
use_gpu = True
seed = 2024
state = INFO
reproducibility = True
data_path = data/amazon\amazon-beauty-5core-subset
checkpoint_dir = saved
show_progress = True
save_dataset = False
dataset_save_path = None
save_dataloaders = False
dataloaders_save_path = None
log_wandb = False

Training Hyper Parameters:
epochs = 100
train_batch_size = 256
learner = adam
learning_rate = 0.001
train_neg_sample_args = {'distribution': 'none', 'sample_num': 'none', 'alpha': 'none', 'dynamic': False, 'candidate_num': 0}
eval_step = 1
stopping_step = 10
clip_grad_norm = None
weight_decay = 0.0
loss_decimal_place = 4

Evaluation Hyper Parameters:
eval_args = {'split': {'LS': 'valid_and_test'}, 'order': 'TO', 'group_by': 'user', 'mode': {'valid': 'uni100', 'test': 'uni100'}}
repeatable = True
metrics = ['Hit', 'NDCG', 'MRR']
topk = [10]
valid_metric = Hit@10
valid_metric_bigger = True
eval_batch_size = 512
metric_decimal_place = 4

Dataset Hyper Parameters:
field_separator = 	
seq_separator =  
USER_ID_FIELD = user_id
ITEM_ID_FIELD = item_id
RATING_FIELD = rating
TIME_FIELD = timestamp
seq_len = None
LABEL_FIELD = label
threshold = None
NEG_PREFIX = neg_
load_col = {'inter': ['user_id', 'item_id', 'rating', 'timestamp']}
unload_col = None
unused_col = None
additional_feat_suffix = None
rm_dup_inter = None
val_interval = None
filter_inter_by_user_or_item = True
user_inter_num_interval = [0,inf)
item_inter_num_interval = [0,inf)
alias_of_user_id = None
alias_of_item_id = None
alias_of_entity_id = None
alias_of_relation_id = None
preload_weight = None
normalize_field = None
normalize_all = None
ITEM_LIST_LENGTH_FIELD = item_length
LIST_SUFFIX = _list
MAX_ITEM_LIST_LENGTH = 32
POSITION_FIELD = position_id
HEAD_ENTITY_ID_FIELD = head_id
TAIL_ENTITY_ID_FIELD = tail_id
RELATION_ID_FIELD = relation_id
ENTITY_ID_FIELD = entity_id
benchmark_filename = None

Other Hyper Parameters: 
worker = 0
wandb_project = recbole
shuffle = True
require_pow = False
enable_amp = False
enable_scaler = False
transform = None
numerical_features = []
discretization = None
kg_reverse_r = False
entity_kg_num_interval = [0,inf)
relation_kg_num_interval = [0,inf)
MODEL_TYPE = ModelType.SEQUENTIAL
model_name = TimeWeaver
hidden_size = 64
num_layers = 2
hidden_dropout_prob = 0.5
initializer_range = 0.02
time_bucket_size = 1000
ema_decay = 0.5
tcn_kernel_size = -1
ffn_hidden_size = 256
loss_type = CE
early_stop = 10
neg_sampling = None
device = cuda
use_continuous_time = False
use_time_gate = False
use_time_augmentation = True
MODEL_INPUT_TYPE = InputType.POINTWISE
eval_type = EvaluatorType.RANKING
single_spec = True
local_rank = 0
valid_neg_sample_args = {'distribution': 'uniform', 'sample_num': 100}
test_neg_sample_args = {'distribution': 'uniform', 'sample_num': 100}


Thu 19 Feb 2026 01:35:46 INFO  amazon-beauty-5core-subset
The number of users: 7001
Average actions of users: 15.458
The number of items: 11924
Average actions of items: 9.075400486454752
The number of inters: 108206
The sparsity of the dataset: 99.87038081155896%
Remain Fields: ['user_id', 'item_id', 'rating', 'timestamp']
Thu 19 Feb 2026 01:35:48 INFO  [Training]: train_batch_size = [256] train_neg_sample_args: [{'distribution': 'none', 'sample_num': 'none', 'alpha': 'none', 'dynamic': False, 'candidate_num': 0}]
Thu 19 Feb 2026 01:35:48 INFO  [Evaluation]: eval_batch_size = [512] eval_args: [{'split': {'LS': 'valid_and_test'}, 'order': 'TO', 'group_by': 'user', 'mode': {'valid': 'uni100', 'test': 'uni100'}}]
Thu 19 Feb 2026 01:35:48 INFO  TimeWeaver(
  (item_embedding): Embedding(11924, 64, padding_idx=0)
  (time_aug): TimeAwareAugmentation(
    (pos_embedding): Embedding(32, 64)
    (time_embedding): Embedding(1000, 64)
    (layer_norm): LayerNorm((64,), eps=1e-05, elementwise_affine=True)
    (drop): Dropout(p=0.5, inplace=False)
  )
  (context_layers): ModuleList(
    (0-1): 2 x TCNNextBlock(
      (dw): DepthwiseConv1d(
        (conv): Conv1d(64, 64, kernel_size=(11,), stride=(1,), padding=(5,), groups=64)
        (bn): BatchNorm1d(64, eps=1e-05, momentum=0.1, affine=True, track_running_stats=True)
        (drop): Dropout(p=0.5, inplace=False)
      )
      (norm1): LayerNorm((64,), eps=1e-05, elementwise_affine=True)
      (conv_inter): ParallelConvInter(
        (conv1): Conv1d(64, 64, kernel_size=(1,), stride=(1,))
        (conv3): Conv1d(64, 64, kernel_size=(3,), stride=(1,), padding=(1,))
        (proj): Conv1d(64, 64, kernel_size=(1,), stride=(1,))
        (drop): Dropout(p=0.5, inplace=False)
      )
      (norm2): LayerNorm((64,), eps=1e-05, elementwise_affine=True)
      (ffn): Sequential(
        (0): Linear(in_features=64, out_features=256, bias=True)
        (1): GELU(approximate='none')
        (2): Dropout(p=0.5, inplace=False)
        (3): Linear(in_features=256, out_features=64, bias=True)
        (4): Dropout(p=0.5, inplace=False)
      )
      (norm3): LayerNorm((64,), eps=1e-05, elementwise_affine=True)
    )
  )
  (dynamic_layers): ModuleList(
    (0-1): 2 x EMAStream(
      (proj): Linear(in_features=64, out_features=64, bias=True)
    )
  )
  (weavers): ModuleList(
    (0-1): 2 x StreamWeaver(
      (proj): Linear(in_features=128, out_features=64, bias=True)
      (norm): LayerNorm((64,), eps=1e-05, elementwise_affine=True)
    )
  )
  (loss_fct): CrossEntropyLoss()
)
Trainable parameters: 964481.0
Thu 19 Feb 2026 01:35:48 INFO  FLOPs: 4298752.0
Thu 19 Feb 2026 01:36:16 INFO  epoch 0 training [time: 28.67s, train loss: 2934.3080]
Thu 19 Feb 2026 01:36:28 INFO  epoch 0 evaluating [time: 11.75s, valid_score: 0.464100]
Thu 19 Feb 2026 01:36:28 INFO  valid result: 
hit@10 : 0.4641    ndcg@10 : 0.2744    mrr@10 : 0.2156
Thu 19 Feb 2026 01:36:28 INFO  Saving current: saved\TimeWeaver-Feb-19-2026_01-35-48.pth
Thu 19 Feb 2026 01:36:58 INFO  epoch 1 training [time: 29.62s, train loss: 2714.9461]
Thu 19 Feb 2026 01:37:10 INFO  epoch 1 evaluating [time: 11.82s, valid_score: 0.514600]
Thu 19 Feb 2026 01:37:10 INFO  valid result: 
hit@10 : 0.5146    ndcg@10 : 0.342    mrr@10 : 0.2882
Thu 19 Feb 2026 01:37:10 INFO  Saving current: saved\TimeWeaver-Feb-19-2026_01-35-48.pth
Thu 19 Feb 2026 01:37:38 INFO  epoch 2 training [time: 28.67s, train loss: 2559.1625]
Thu 19 Feb 2026 01:37:50 INFO  epoch 2 evaluating [time: 11.40s, valid_score: 0.536100]
Thu 19 Feb 2026 01:37:50 INFO  valid result: 
hit@10 : 0.5361    ndcg@10 : 0.3757    mrr@10 : 0.3254
Thu 19 Feb 2026 01:37:50 INFO  Saving current: saved\TimeWeaver-Feb-19-2026_01-35-48.pth
Thu 19 Feb 2026 01:38:34 INFO  epoch 3 training [time: 43.95s, train loss: 2448.3687]
Thu 19 Feb 2026 01:38:45 INFO  epoch 3 evaluating [time: 11.36s, valid_score: 0.544900]
Thu 19 Feb 2026 01:38:45 INFO  valid result: 
hit@10 : 0.5449    ndcg@10 : 0.39    mrr@10 : 0.3414
Thu 19 Feb 2026 01:38:45 INFO  Saving current: saved\TimeWeaver-Feb-19-2026_01-35-48.pth
Thu 19 Feb 2026 01:39:43 INFO  epoch 4 training [time: 57.60s, train loss: 2358.4015]
Thu 19 Feb 2026 01:39:54 INFO  epoch 4 evaluating [time: 11.22s, valid_score: 0.536400]
Thu 19 Feb 2026 01:39:54 INFO  valid result: 
hit@10 : 0.5364    ndcg@10 : 0.3935    mrr@10 : 0.3486
Thu 19 Feb 2026 01:40:53 INFO  epoch 5 training [time: 59.10s, train loss: 2278.0036]
Thu 19 Feb 2026 01:41:05 INFO  epoch 5 evaluating [time: 11.86s, valid_score: 0.543100]
Thu 19 Feb 2026 01:41:05 INFO  valid result: 
hit@10 : 0.5431    ndcg@10 : 0.3956    mrr@10 : 0.3494
Thu 19 Feb 2026 01:42:03 INFO  epoch 6 training [time: 58.10s, train loss: 2212.7063]
Thu 19 Feb 2026 01:42:15 INFO  epoch 6 evaluating [time: 11.77s, valid_score: 0.540300]
Thu 19 Feb 2026 01:42:15 INFO  valid result: 
hit@10 : 0.5403    ndcg@10 : 0.3949    mrr@10 : 0.3495
Thu 19 Feb 2026 01:43:12 INFO  epoch 7 training [time: 57.03s, train loss: 2152.5598]
Thu 19 Feb 2026 01:43:23 INFO  epoch 7 evaluating [time: 11.38s, valid_score: 0.539000]
Thu 19 Feb 2026 01:43:23 INFO  valid result: 
hit@10 : 0.539    ndcg@10 : 0.3975    mrr@10 : 0.3532
Thu 19 Feb 2026 01:44:21 INFO  epoch 8 training [time: 57.59s, train loss: 2104.7142]
Thu 19 Feb 2026 01:44:32 INFO  epoch 8 evaluating [time: 11.63s, valid_score: 0.537600]
Thu 19 Feb 2026 01:44:32 INFO  valid result: 
hit@10 : 0.5376    ndcg@10 : 0.3976    mrr@10 : 0.3539
Thu 19 Feb 2026 01:45:33 INFO  epoch 9 training [time: 60.12s, train loss: 2066.8424]
Thu 19 Feb 2026 01:45:44 INFO  epoch 9 evaluating [time: 11.15s, valid_score: 0.536000]
Thu 19 Feb 2026 01:45:44 INFO  valid result: 
hit@10 : 0.536    ndcg@10 : 0.395    mrr@10 : 0.3509
Thu 19 Feb 2026 01:46:42 INFO  epoch 10 training [time: 58.46s, train loss: 2030.7091]
Thu 19 Feb 2026 01:46:53 INFO  epoch 10 evaluating [time: 11.30s, valid_score: 0.536600]
Thu 19 Feb 2026 01:46:53 INFO  valid result: 
hit@10 : 0.5366    ndcg@10 : 0.3927    mrr@10 : 0.3477
Thu 19 Feb 2026 01:47:53 INFO  epoch 11 training [time: 59.61s, train loss: 2000.5550]
Thu 19 Feb 2026 01:48:04 INFO  epoch 11 evaluating [time: 11.14s, valid_score: 0.541600]
Thu 19 Feb 2026 01:48:04 INFO  valid result: 
hit@10 : 0.5416    ndcg@10 : 0.3968    mrr@10 : 0.3517
Thu 19 Feb 2026 01:49:06 INFO  epoch 12 training [time: 61.54s, train loss: 1974.9497]
Thu 19 Feb 2026 01:49:19 INFO  epoch 12 evaluating [time: 13.28s, valid_score: 0.538300]
Thu 19 Feb 2026 01:49:19 INFO  valid result: 
hit@10 : 0.5383    ndcg@10 : 0.3932    mrr@10 : 0.3481
Thu 19 Feb 2026 01:50:17 INFO  epoch 13 training [time: 58.33s, train loss: 1952.3345]
Thu 19 Feb 2026 01:50:29 INFO  epoch 13 evaluating [time: 11.39s, valid_score: 0.537600]
Thu 19 Feb 2026 01:50:29 INFO  valid result: 
hit@10 : 0.5376    ndcg@10 : 0.394    mrr@10 : 0.3492
Thu 19 Feb 2026 01:51:26 INFO  epoch 14 training [time: 57.21s, train loss: 1928.6450]
Thu 19 Feb 2026 01:51:37 INFO  epoch 14 evaluating [time: 11.27s, valid_score: 0.535300]
Thu 19 Feb 2026 01:51:37 INFO  valid result: 
hit@10 : 0.5353    ndcg@10 : 0.3922    mrr@10 : 0.3474
Thu 19 Feb 2026 01:51:37 INFO  Finished training, best eval result in epoch 3
Thu 19 Feb 2026 01:51:37 INFO  Loading model structure and parameters from saved\TimeWeaver-Feb-19-2026_01-35-48.pth
Thu 19 Feb 2026 01:51:50 INFO  The running environment of this training is as follows:
+-------------+----------------+
| Environment |     Usage      |
+=============+================+
| CPU         |     4.50 %     |
+-------------+----------------+
| GPU         | 0.30 G/6.00 G  |
+-------------+----------------+
| Memory      | 1.65 G/15.63 G |
+-------------+----------------+
Thu 19 Feb 2026 01:51:50 INFO  best valid : OrderedDict([('hit@10', 0.5449), ('ndcg@10', 0.39), ('mrr@10', 0.3414)])
Thu 19 Feb 2026 01:51:50 INFO  test result: OrderedDict([('hit@10', 0.5023), ('ndcg@10', 0.3424), ('mrr@10', 0.2926)])
