Thu 12 Feb 2026 12:52:20 INFO  ['F:\\桌面\\recommendation_system\\scripts\\run_grid.py', '--models', 'timeweaver', '--datasets', 'amazon-electronics-5core-subset', '--seeds', '42', '--device', 'gpu', '--timeweaver-variant', 'base', '--tag', 'e0p05_k5_d0p5_l1_f512_b1000', '--output', 'results/run_grid_timeweaver_tune.json', '--tw-ema-decay', '0.05', '--tw-tcn-kernel', '5', '--tw-hidden-dropout', '0.5', '--tw-num-layers', '1', '--tw-ffn-hidden', '512', '--tw-time-bucket', '1000']
Thu 12 Feb 2026 12:52:20 INFO  
General Hyper Parameters:
gpu_id = 0
use_gpu = True
seed = 42
state = INFO
reproducibility = True
data_path = data/amazon\amazon-electronics-5core-subset
checkpoint_dir = saved
show_progress = True
save_dataset = False
dataset_save_path = None
save_dataloaders = False
dataloaders_save_path = None
log_wandb = False

Training Hyper Parameters:
epochs = 100
train_batch_size = 256
learner = adam
learning_rate = 0.001
train_neg_sample_args = {'distribution': 'none', 'sample_num': 'none', 'alpha': 'none', 'dynamic': False, 'candidate_num': 0}
eval_step = 1
stopping_step = 10
clip_grad_norm = None
weight_decay = 0.0
loss_decimal_place = 4

Evaluation Hyper Parameters:
eval_args = {'split': {'LS': 'valid_and_test'}, 'order': 'TO', 'group_by': 'user', 'mode': {'valid': 'uni100', 'test': 'uni100'}}
repeatable = True
metrics = ['Hit', 'NDCG', 'MRR']
topk = [10]
valid_metric = MRR@10
valid_metric_bigger = True
eval_batch_size = 512
metric_decimal_place = 4

Dataset Hyper Parameters:
field_separator = 	
seq_separator =  
USER_ID_FIELD = user_id
ITEM_ID_FIELD = item_id
RATING_FIELD = rating
TIME_FIELD = timestamp
seq_len = None
LABEL_FIELD = label
threshold = None
NEG_PREFIX = neg_
load_col = {'inter': ['user_id', 'item_id', 'rating', 'timestamp']}
unload_col = None
unused_col = None
additional_feat_suffix = None
rm_dup_inter = None
val_interval = None
filter_inter_by_user_or_item = True
user_inter_num_interval = [0,inf)
item_inter_num_interval = [0,inf)
alias_of_user_id = None
alias_of_item_id = None
alias_of_entity_id = None
alias_of_relation_id = None
preload_weight = None
normalize_field = None
normalize_all = None
ITEM_LIST_LENGTH_FIELD = item_length
LIST_SUFFIX = _list
MAX_ITEM_LIST_LENGTH = 32
POSITION_FIELD = position_id
HEAD_ENTITY_ID_FIELD = head_id
TAIL_ENTITY_ID_FIELD = tail_id
RELATION_ID_FIELD = relation_id
ENTITY_ID_FIELD = entity_id
benchmark_filename = None

Other Hyper Parameters: 
worker = 0
wandb_project = recbole
shuffle = True
require_pow = False
enable_amp = False
enable_scaler = False
transform = None
numerical_features = []
discretization = None
kg_reverse_r = False
entity_kg_num_interval = [0,inf)
relation_kg_num_interval = [0,inf)
MODEL_TYPE = ModelType.SEQUENTIAL
model_name = TimeWeaver
hidden_size = 64
num_layers = 1
hidden_dropout_prob = 0.5
initializer_range = 0.02
time_bucket_size = 1000
ema_decay = 0.05
tcn_kernel_size = 5
ffn_hidden_size = 512
loss_type = CE
early_stop = 10
neg_sampling = None
device = cuda
use_continuous_time = False
use_time_gate = False
use_time_augmentation = False
MODEL_INPUT_TYPE = InputType.POINTWISE
eval_type = EvaluatorType.RANKING
single_spec = True
local_rank = 0
valid_neg_sample_args = {'distribution': 'uniform', 'sample_num': 100}
test_neg_sample_args = {'distribution': 'uniform', 'sample_num': 100}


Thu 12 Feb 2026 12:52:21 INFO  amazon-electronics-5core-subset
The number of users: 1501
Average actions of users: 108.42733333333334
The number of items: 54722
Average actions of items: 2.9721861808080994
The number of inters: 162641
The sparsity of the dataset: 99.80198988231011%
Remain Fields: ['user_id', 'item_id', 'rating', 'timestamp']
Thu 12 Feb 2026 12:52:23 INFO  [Training]: train_batch_size = [256] train_neg_sample_args: [{'distribution': 'none', 'sample_num': 'none', 'alpha': 'none', 'dynamic': False, 'candidate_num': 0}]
Thu 12 Feb 2026 12:52:23 INFO  [Evaluation]: eval_batch_size = [512] eval_args: [{'split': {'LS': 'valid_and_test'}, 'order': 'TO', 'group_by': 'user', 'mode': {'valid': 'uni100', 'test': 'uni100'}}]
Thu 12 Feb 2026 12:52:23 INFO  TimeWeaver(
  (item_embedding): Embedding(54722, 64, padding_idx=0)
  (time_aug): TimeAwareAugmentation(
    (pos_embedding): Embedding(32, 64)
    (time_embedding): Embedding(1000, 64)
    (layer_norm): LayerNorm((64,), eps=1e-05, elementwise_affine=True)
    (drop): Dropout(p=0.5, inplace=False)
  )
  (context_layers): ModuleList(
    (0): TCNNextBlock(
      (dw): DepthwiseConv1d(
        (conv): Conv1d(64, 64, kernel_size=(5,), stride=(1,), padding=(2,), groups=64)
        (bn): BatchNorm1d(64, eps=1e-05, momentum=0.1, affine=True, track_running_stats=True)
        (drop): Dropout(p=0.5, inplace=False)
      )
      (norm1): LayerNorm((64,), eps=1e-05, elementwise_affine=True)
      (conv_inter): ParallelConvInter(
        (conv1): Conv1d(64, 64, kernel_size=(1,), stride=(1,))
        (conv3): Conv1d(64, 64, kernel_size=(3,), stride=(1,), padding=(1,))
        (proj): Conv1d(64, 64, kernel_size=(1,), stride=(1,))
        (drop): Dropout(p=0.5, inplace=False)
      )
      (norm2): LayerNorm((64,), eps=1e-05, elementwise_affine=True)
      (ffn): Sequential(
        (0): Linear(in_features=64, out_features=512, bias=True)
        (1): GELU(approximate='none')
        (2): Dropout(p=0.5, inplace=False)
        (3): Linear(in_features=512, out_features=64, bias=True)
        (4): Dropout(p=0.5, inplace=False)
      )
      (norm3): LayerNorm((64,), eps=1e-05, elementwise_affine=True)
    )
  )
  (dynamic_layers): ModuleList(
    (0): EMAStream(
      (proj): Linear(in_features=64, out_features=64, bias=True)
    )
  )
  (weavers): ModuleList(
    (0): StreamWeaver(
      (proj): Linear(in_features=128, out_features=64, bias=True)
      (norm): LayerNorm((64,), eps=1e-05, elementwise_affine=True)
    )
  )
  (loss_fct): CrossEntropyLoss()
)
Trainable parameters: 3668609.0
Thu 12 Feb 2026 12:52:23 INFO  FLOPs: 3190784.0
Thu 12 Feb 2026 12:52:55 INFO  epoch 0 training [time: 30.35s, train loss: 6508.1425]
Thu 12 Feb 2026 12:52:57 INFO  epoch 0 evaluating [time: 2.08s, valid_score: 0.193800]
Thu 12 Feb 2026 12:52:57 INFO  valid result: 
hit@10 : 0.372    ndcg@10 : 0.2357    mrr@10 : 0.1938
Thu 12 Feb 2026 12:52:57 INFO  Saving current: saved\TimeWeaver-Feb-12-2026_12-52-23.pth
Thu 12 Feb 2026 12:53:27 INFO  epoch 1 training [time: 30.30s, train loss: 6098.6782]
Thu 12 Feb 2026 12:53:29 INFO  epoch 1 evaluating [time: 1.98s, valid_score: 0.237900]
Thu 12 Feb 2026 12:53:29 INFO  valid result: 
hit@10 : 0.428    ndcg@10 : 0.2829    mrr@10 : 0.2379
Thu 12 Feb 2026 12:53:29 INFO  Saving current: saved\TimeWeaver-Feb-12-2026_12-52-23.pth
Thu 12 Feb 2026 12:53:59 INFO  epoch 2 training [time: 30.00s, train loss: 5671.5985]
Thu 12 Feb 2026 12:54:02 INFO  epoch 2 evaluating [time: 2.17s, valid_score: 0.232500]
Thu 12 Feb 2026 12:54:02 INFO  valid result: 
hit@10 : 0.4133    ndcg@10 : 0.2757    mrr@10 : 0.2325
Thu 12 Feb 2026 12:54:34 INFO  epoch 3 training [time: 32.41s, train loss: 5222.9219]
Thu 12 Feb 2026 12:54:36 INFO  epoch 3 evaluating [time: 2.11s, valid_score: 0.220300]
Thu 12 Feb 2026 12:54:36 INFO  valid result: 
hit@10 : 0.396    ndcg@10 : 0.262    mrr@10 : 0.2203
Thu 12 Feb 2026 12:55:11 INFO  epoch 4 training [time: 34.58s, train loss: 4808.1795]
Thu 12 Feb 2026 12:55:13 INFO  epoch 4 evaluating [time: 2.43s, valid_score: 0.215800]
Thu 12 Feb 2026 12:55:13 INFO  valid result: 
hit@10 : 0.3887    ndcg@10 : 0.2564    mrr@10 : 0.2158
Thu 12 Feb 2026 12:55:50 INFO  epoch 5 training [time: 36.54s, train loss: 4463.5961]
Thu 12 Feb 2026 12:55:52 INFO  epoch 5 evaluating [time: 2.42s, valid_score: 0.215000]
Thu 12 Feb 2026 12:55:52 INFO  valid result: 
hit@10 : 0.3733    ndcg@10 : 0.2524    mrr@10 : 0.215
Thu 12 Feb 2026 12:56:27 INFO  epoch 6 training [time: 34.77s, train loss: 4198.0508]
Thu 12 Feb 2026 12:56:29 INFO  epoch 6 evaluating [time: 2.27s, valid_score: 0.205800]
Thu 12 Feb 2026 12:56:29 INFO  valid result: 
hit@10 : 0.3647    ndcg@10 : 0.2434    mrr@10 : 0.2058
Thu 12 Feb 2026 12:57:04 INFO  epoch 7 training [time: 34.85s, train loss: 3987.9424]
Thu 12 Feb 2026 12:57:06 INFO  epoch 7 evaluating [time: 2.20s, valid_score: 0.216700]
Thu 12 Feb 2026 12:57:06 INFO  valid result: 
hit@10 : 0.3733    ndcg@10 : 0.2537    mrr@10 : 0.2167
Thu 12 Feb 2026 12:57:40 INFO  epoch 8 training [time: 33.59s, train loss: 3826.0757]
Thu 12 Feb 2026 12:57:42 INFO  epoch 8 evaluating [time: 2.23s, valid_score: 0.210900]
Thu 12 Feb 2026 12:57:42 INFO  valid result: 
hit@10 : 0.3733    ndcg@10 : 0.2491    mrr@10 : 0.2109
Thu 12 Feb 2026 12:58:17 INFO  epoch 9 training [time: 34.91s, train loss: 3684.7972]
Thu 12 Feb 2026 12:58:19 INFO  epoch 9 evaluating [time: 2.34s, valid_score: 0.209000]
Thu 12 Feb 2026 12:58:19 INFO  valid result: 
hit@10 : 0.3813    ndcg@10 : 0.2497    mrr@10 : 0.209
Thu 12 Feb 2026 12:58:53 INFO  epoch 10 training [time: 34.14s, train loss: 3564.3954]
Thu 12 Feb 2026 12:58:56 INFO  epoch 10 evaluating [time: 2.22s, valid_score: 0.211500]
Thu 12 Feb 2026 12:58:56 INFO  valid result: 
hit@10 : 0.384    ndcg@10 : 0.2522    mrr@10 : 0.2115
Thu 12 Feb 2026 12:59:29 INFO  epoch 11 training [time: 33.16s, train loss: 3464.0239]
Thu 12 Feb 2026 12:59:31 INFO  epoch 11 evaluating [time: 2.21s, valid_score: 0.211700]
Thu 12 Feb 2026 12:59:31 INFO  valid result: 
hit@10 : 0.3793    ndcg@10 : 0.2513    mrr@10 : 0.2117
Thu 12 Feb 2026 13:00:05 INFO  epoch 12 training [time: 34.09s, train loss: 3368.2947]
Thu 12 Feb 2026 13:00:07 INFO  epoch 12 evaluating [time: 2.46s, valid_score: 0.217800]
Thu 12 Feb 2026 13:00:07 INFO  valid result: 
hit@10 : 0.3827    ndcg@10 : 0.2568    mrr@10 : 0.2178
Thu 12 Feb 2026 13:00:07 INFO  Finished training, best eval result in epoch 1
Thu 12 Feb 2026 13:00:08 INFO  Loading model structure and parameters from saved\TimeWeaver-Feb-12-2026_12-52-23.pth
Thu 12 Feb 2026 13:00:11 INFO  The running environment of this training is as follows:
+-------------+----------------+
| Environment |     Usage      |
+=============+================+
| CPU         |    12.60 %     |
+-------------+----------------+
| GPU         | 0.44 G/6.00 G  |
+-------------+----------------+
| Memory      | 1.65 G/15.63 G |
+-------------+----------------+
Thu 12 Feb 2026 13:00:11 INFO  best valid : OrderedDict([('hit@10', 0.428), ('ndcg@10', 0.2829), ('mrr@10', 0.2379)])
Thu 12 Feb 2026 13:00:11 INFO  test result: OrderedDict([('hit@10', 0.3733), ('ndcg@10', 0.2354), ('mrr@10', 0.1929)])
