Thu 19 Feb 2026 11:14:27 INFO  ['F:\\桌面\\recommendation_system\\scripts\\run_grid.py', '--models', 'timeweaver', '--datasets', 'amazon-electronics-5core-subset', '--timeweaver-variant', 'gate', '--seeds', '42,2023,2024', '--device', 'gpu', '--output', 'results/timeweaver_ablations_elc.json']
Thu 19 Feb 2026 11:14:27 INFO  
General Hyper Parameters:
gpu_id = 0
use_gpu = True
seed = 42
state = INFO
reproducibility = True
data_path = data/amazon\amazon-electronics-5core-subset
checkpoint_dir = saved
show_progress = True
save_dataset = False
dataset_save_path = None
save_dataloaders = False
dataloaders_save_path = None
log_wandb = False

Training Hyper Parameters:
epochs = 100
train_batch_size = 256
learner = adam
learning_rate = 0.001
train_neg_sample_args = {'distribution': 'none', 'sample_num': 'none', 'alpha': 'none', 'dynamic': False, 'candidate_num': 0}
eval_step = 1
stopping_step = 10
clip_grad_norm = None
weight_decay = 0.0
loss_decimal_place = 4

Evaluation Hyper Parameters:
eval_args = {'split': {'LS': 'valid_and_test'}, 'order': 'TO', 'group_by': 'user', 'mode': {'valid': 'uni100', 'test': 'uni100'}}
repeatable = True
metrics = ['Hit', 'NDCG', 'MRR']
topk = [10]
valid_metric = Hit@10
valid_metric_bigger = True
eval_batch_size = 512
metric_decimal_place = 4

Dataset Hyper Parameters:
field_separator = 	
seq_separator =  
USER_ID_FIELD = user_id
ITEM_ID_FIELD = item_id
RATING_FIELD = rating
TIME_FIELD = timestamp
seq_len = None
LABEL_FIELD = label
threshold = None
NEG_PREFIX = neg_
load_col = {'inter': ['user_id', 'item_id', 'rating', 'timestamp']}
unload_col = None
unused_col = None
additional_feat_suffix = None
rm_dup_inter = None
val_interval = None
filter_inter_by_user_or_item = True
user_inter_num_interval = [0,inf)
item_inter_num_interval = [0,inf)
alias_of_user_id = None
alias_of_item_id = None
alias_of_entity_id = None
alias_of_relation_id = None
preload_weight = None
normalize_field = None
normalize_all = None
ITEM_LIST_LENGTH_FIELD = item_length
LIST_SUFFIX = _list
MAX_ITEM_LIST_LENGTH = 32
POSITION_FIELD = position_id
HEAD_ENTITY_ID_FIELD = head_id
TAIL_ENTITY_ID_FIELD = tail_id
RELATION_ID_FIELD = relation_id
ENTITY_ID_FIELD = entity_id
benchmark_filename = None

Other Hyper Parameters: 
worker = 0
wandb_project = recbole
shuffle = True
require_pow = False
enable_amp = False
enable_scaler = False
transform = None
numerical_features = []
discretization = None
kg_reverse_r = False
entity_kg_num_interval = [0,inf)
relation_kg_num_interval = [0,inf)
MODEL_TYPE = ModelType.SEQUENTIAL
model_name = TimeWeaver
hidden_size = 64
num_layers = 2
hidden_dropout_prob = 0.5
initializer_range = 0.02
time_bucket_size = 1000
ema_decay = 0.5
tcn_kernel_size = -1
ffn_hidden_size = 256
loss_type = CE
early_stop = 10
neg_sampling = None
device = cuda
use_continuous_time = True
use_time_gate = True
use_time_augmentation = False
MODEL_INPUT_TYPE = InputType.POINTWISE
eval_type = EvaluatorType.RANKING
single_spec = True
local_rank = 0
valid_neg_sample_args = {'distribution': 'uniform', 'sample_num': 100}
test_neg_sample_args = {'distribution': 'uniform', 'sample_num': 100}


Thu 19 Feb 2026 11:14:27 INFO  amazon-electronics-5core-subset
The number of users: 1501
Average actions of users: 108.42733333333334
The number of items: 54722
Average actions of items: 2.9721861808080994
The number of inters: 162641
The sparsity of the dataset: 99.80198988231011%
Remain Fields: ['user_id', 'item_id', 'rating', 'timestamp']
Thu 19 Feb 2026 11:14:30 INFO  [Training]: train_batch_size = [256] train_neg_sample_args: [{'distribution': 'none', 'sample_num': 'none', 'alpha': 'none', 'dynamic': False, 'candidate_num': 0}]
Thu 19 Feb 2026 11:14:30 INFO  [Evaluation]: eval_batch_size = [512] eval_args: [{'split': {'LS': 'valid_and_test'}, 'order': 'TO', 'group_by': 'user', 'mode': {'valid': 'uni100', 'test': 'uni100'}}]
Thu 19 Feb 2026 11:14:30 INFO  TimeWeaver(
  (item_embedding): Embedding(54722, 64, padding_idx=0)
  (time_aug): TimeAwareAugmentation(
    (pos_embedding): Embedding(32, 64)
    (time_embedder): ContinuousTimeEmbedding(
      (time2vec): Time2Vec()
    )
    (time_gate): TimeGate(
      (net): Sequential(
        (0): Linear(in_features=128, out_features=16, bias=True)
        (1): GELU(approximate='none')
        (2): Linear(in_features=16, out_features=64, bias=True)
        (3): Sigmoid()
      )
    )
    (layer_norm): LayerNorm((64,), eps=1e-05, elementwise_affine=True)
    (drop): Dropout(p=0.5, inplace=False)
  )
  (context_layers): ModuleList(
    (0-1): 2 x TCNNextBlock(
      (dw): DepthwiseConv1d(
        (conv): Conv1d(64, 64, kernel_size=(11,), stride=(1,), padding=(5,), groups=64)
        (bn): BatchNorm1d(64, eps=1e-05, momentum=0.1, affine=True, track_running_stats=True)
        (drop): Dropout(p=0.5, inplace=False)
      )
      (norm1): LayerNorm((64,), eps=1e-05, elementwise_affine=True)
      (conv_inter): ParallelConvInter(
        (conv1): Conv1d(64, 64, kernel_size=(1,), stride=(1,))
        (conv3): Conv1d(64, 64, kernel_size=(3,), stride=(1,), padding=(1,))
        (proj): Conv1d(64, 64, kernel_size=(1,), stride=(1,))
        (drop): Dropout(p=0.5, inplace=False)
      )
      (norm2): LayerNorm((64,), eps=1e-05, elementwise_affine=True)
      (ffn): Sequential(
        (0): Linear(in_features=64, out_features=256, bias=True)
        (1): GELU(approximate='none')
        (2): Dropout(p=0.5, inplace=False)
        (3): Linear(in_features=256, out_features=64, bias=True)
        (4): Dropout(p=0.5, inplace=False)
      )
      (norm3): LayerNorm((64,), eps=1e-05, elementwise_affine=True)
    )
  )
  (dynamic_layers): ModuleList(
    (0-1): 2 x EMAStream(
      (proj): Linear(in_features=64, out_features=64, bias=True)
    )
  )
  (weavers): ModuleList(
    (0-1): 2 x StreamWeaver(
      (proj): Linear(in_features=128, out_features=64, bias=True)
      (norm): LayerNorm((64,), eps=1e-05, elementwise_affine=True)
    )
  )
  (loss_fct): CrossEntropyLoss()
)
Trainable parameters: 3642834.0
Thu 19 Feb 2026 11:14:30 INFO  FLOPs: 4395008.0
Thu 19 Feb 2026 11:15:35 INFO  epoch 0 training [time: 63.77s, train loss: 6558.6118]
Thu 19 Feb 2026 11:15:38 INFO  epoch 0 evaluating [time: 2.87s, valid_score: 0.316700]
Thu 19 Feb 2026 11:15:38 INFO  valid result: 
hit@10 : 0.3167    ndcg@10 : 0.1923    mrr@10 : 0.1541
Thu 19 Feb 2026 11:15:38 INFO  Saving current: saved\TimeWeaver-Feb-19-2026_11-14-30.pth
Thu 19 Feb 2026 11:16:43 INFO  epoch 1 training [time: 64.85s, train loss: 6177.4093]
Thu 19 Feb 2026 11:16:46 INFO  epoch 1 evaluating [time: 2.98s, valid_score: 0.418700]
Thu 19 Feb 2026 11:16:46 INFO  valid result: 
hit@10 : 0.4187    ndcg@10 : 0.2807    mrr@10 : 0.2373
Thu 19 Feb 2026 11:16:46 INFO  Saving current: saved\TimeWeaver-Feb-19-2026_11-14-30.pth
Thu 19 Feb 2026 11:17:51 INFO  epoch 2 training [time: 64.61s, train loss: 5765.8410]
Thu 19 Feb 2026 11:17:54 INFO  epoch 2 evaluating [time: 2.91s, valid_score: 0.447300]
Thu 19 Feb 2026 11:17:54 INFO  valid result: 
hit@10 : 0.4473    ndcg@10 : 0.3059    mrr@10 : 0.2619
Thu 19 Feb 2026 11:17:54 INFO  Saving current: saved\TimeWeaver-Feb-19-2026_11-14-30.pth
Thu 19 Feb 2026 11:18:58 INFO  epoch 3 training [time: 64.05s, train loss: 5339.8823]
Thu 19 Feb 2026 11:19:01 INFO  epoch 3 evaluating [time: 2.84s, valid_score: 0.441300]
Thu 19 Feb 2026 11:19:01 INFO  valid result: 
hit@10 : 0.4413    ndcg@10 : 0.3018    mrr@10 : 0.2583
Thu 19 Feb 2026 11:20:05 INFO  epoch 4 training [time: 63.94s, train loss: 4917.7609]
Thu 19 Feb 2026 11:20:08 INFO  epoch 4 evaluating [time: 2.84s, valid_score: 0.430000]
Thu 19 Feb 2026 11:20:08 INFO  valid result: 
hit@10 : 0.43    ndcg@10 : 0.2894    mrr@10 : 0.2458
Thu 19 Feb 2026 11:21:13 INFO  epoch 5 training [time: 65.31s, train loss: 4542.9151]
Thu 19 Feb 2026 11:21:16 INFO  epoch 5 evaluating [time: 2.96s, valid_score: 0.417300]
Thu 19 Feb 2026 11:21:16 INFO  valid result: 
hit@10 : 0.4173    ndcg@10 : 0.29    mrr@10 : 0.2501
Thu 19 Feb 2026 11:22:20 INFO  epoch 6 training [time: 63.98s, train loss: 4231.8839]
Thu 19 Feb 2026 11:22:23 INFO  epoch 6 evaluating [time: 2.78s, valid_score: 0.402000]
Thu 19 Feb 2026 11:22:23 INFO  valid result: 
hit@10 : 0.402    ndcg@10 : 0.2785    mrr@10 : 0.2398
Thu 19 Feb 2026 11:23:27 INFO  epoch 7 training [time: 64.06s, train loss: 3985.2449]
Thu 19 Feb 2026 11:23:30 INFO  epoch 7 evaluating [time: 2.85s, valid_score: 0.406700]
Thu 19 Feb 2026 11:23:30 INFO  valid result: 
hit@10 : 0.4067    ndcg@10 : 0.2807    mrr@10 : 0.2418
Thu 19 Feb 2026 11:24:34 INFO  epoch 8 training [time: 64.03s, train loss: 3789.6008]
Thu 19 Feb 2026 11:24:36 INFO  epoch 8 evaluating [time: 2.93s, valid_score: 0.407300]
Thu 19 Feb 2026 11:24:36 INFO  valid result: 
hit@10 : 0.4073    ndcg@10 : 0.277    mrr@10 : 0.2367
Thu 19 Feb 2026 11:25:42 INFO  epoch 9 training [time: 65.09s, train loss: 3620.7470]
Thu 19 Feb 2026 11:25:44 INFO  epoch 9 evaluating [time: 2.76s, valid_score: 0.392000]
Thu 19 Feb 2026 11:25:44 INFO  valid result: 
hit@10 : 0.392    ndcg@10 : 0.2674    mrr@10 : 0.229
Thu 19 Feb 2026 11:26:48 INFO  epoch 10 training [time: 64.17s, train loss: 3483.2116]
Thu 19 Feb 2026 11:26:51 INFO  epoch 10 evaluating [time: 2.84s, valid_score: 0.388700]
Thu 19 Feb 2026 11:26:51 INFO  valid result: 
hit@10 : 0.3887    ndcg@10 : 0.2689    mrr@10 : 0.2313
Thu 19 Feb 2026 11:27:56 INFO  epoch 11 training [time: 64.20s, train loss: 3359.8669]
Thu 19 Feb 2026 11:27:58 INFO  epoch 11 evaluating [time: 2.82s, valid_score: 0.389300]
Thu 19 Feb 2026 11:27:58 INFO  valid result: 
hit@10 : 0.3893    ndcg@10 : 0.2605    mrr@10 : 0.2208
Thu 19 Feb 2026 11:29:03 INFO  epoch 12 training [time: 65.04s, train loss: 3249.0163]
Thu 19 Feb 2026 11:29:06 INFO  epoch 12 evaluating [time: 2.98s, valid_score: 0.383300]
Thu 19 Feb 2026 11:29:06 INFO  valid result: 
hit@10 : 0.3833    ndcg@10 : 0.2646    mrr@10 : 0.228
Thu 19 Feb 2026 11:30:11 INFO  epoch 13 training [time: 64.26s, train loss: 3147.2891]
Thu 19 Feb 2026 11:30:14 INFO  epoch 13 evaluating [time: 2.88s, valid_score: 0.378700]
Thu 19 Feb 2026 11:30:14 INFO  valid result: 
hit@10 : 0.3787    ndcg@10 : 0.2589    mrr@10 : 0.2219
Thu 19 Feb 2026 11:30:14 INFO  Finished training, best eval result in epoch 2
Thu 19 Feb 2026 11:30:14 INFO  Loading model structure and parameters from saved\TimeWeaver-Feb-19-2026_11-14-30.pth
Thu 19 Feb 2026 11:30:17 INFO  The running environment of this training is as follows:
+-------------+----------------+
| Environment |     Usage      |
+=============+================+
| CPU         |     6.30 %     |
+-------------+----------------+
| GPU         | 0.49 G/6.00 G  |
+-------------+----------------+
| Memory      | 1.55 G/15.63 G |
+-------------+----------------+
Thu 19 Feb 2026 11:30:17 INFO  best valid : OrderedDict([('hit@10', 0.4473), ('ndcg@10', 0.3059), ('mrr@10', 0.2619)])
Thu 19 Feb 2026 11:30:17 INFO  test result: OrderedDict([('hit@10', 0.38), ('ndcg@10', 0.2462), ('mrr@10', 0.2052)])
Thu 19 Feb 2026 11:30:17 WARNING  command line args [--models timeweaver --datasets amazon-electronics-5core-subset --timeweaver-variant gate --seeds 42,2023,2024 --device gpu --output results/timeweaver_ablations_elc.json] will not be used in RecBole
Thu 19 Feb 2026 11:30:17 INFO  ['F:\\桌面\\recommendation_system\\scripts\\run_grid.py', '--models', 'timeweaver', '--datasets', 'amazon-electronics-5core-subset', '--timeweaver-variant', 'gate', '--seeds', '42,2023,2024', '--device', 'gpu', '--output', 'results/timeweaver_ablations_elc.json']
Thu 19 Feb 2026 11:30:17 INFO  
General Hyper Parameters:
gpu_id = 0
use_gpu = True
seed = 2023
state = INFO
reproducibility = True
data_path = data/amazon\amazon-electronics-5core-subset
checkpoint_dir = saved
show_progress = True
save_dataset = False
dataset_save_path = None
save_dataloaders = False
dataloaders_save_path = None
log_wandb = False

Training Hyper Parameters:
epochs = 100
train_batch_size = 256
learner = adam
learning_rate = 0.001
train_neg_sample_args = {'distribution': 'none', 'sample_num': 'none', 'alpha': 'none', 'dynamic': False, 'candidate_num': 0}
eval_step = 1
stopping_step = 10
clip_grad_norm = None
weight_decay = 0.0
loss_decimal_place = 4

Evaluation Hyper Parameters:
eval_args = {'split': {'LS': 'valid_and_test'}, 'order': 'TO', 'group_by': 'user', 'mode': {'valid': 'uni100', 'test': 'uni100'}}
repeatable = True
metrics = ['Hit', 'NDCG', 'MRR']
topk = [10]
valid_metric = Hit@10
valid_metric_bigger = True
eval_batch_size = 512
metric_decimal_place = 4

Dataset Hyper Parameters:
field_separator = 	
seq_separator =  
USER_ID_FIELD = user_id
ITEM_ID_FIELD = item_id
RATING_FIELD = rating
TIME_FIELD = timestamp
seq_len = None
LABEL_FIELD = label
threshold = None
NEG_PREFIX = neg_
load_col = {'inter': ['user_id', 'item_id', 'rating', 'timestamp']}
unload_col = None
unused_col = None
additional_feat_suffix = None
rm_dup_inter = None
val_interval = None
filter_inter_by_user_or_item = True
user_inter_num_interval = [0,inf)
item_inter_num_interval = [0,inf)
alias_of_user_id = None
alias_of_item_id = None
alias_of_entity_id = None
alias_of_relation_id = None
preload_weight = None
normalize_field = None
normalize_all = None
ITEM_LIST_LENGTH_FIELD = item_length
LIST_SUFFIX = _list
MAX_ITEM_LIST_LENGTH = 32
POSITION_FIELD = position_id
HEAD_ENTITY_ID_FIELD = head_id
TAIL_ENTITY_ID_FIELD = tail_id
RELATION_ID_FIELD = relation_id
ENTITY_ID_FIELD = entity_id
benchmark_filename = None

Other Hyper Parameters: 
worker = 0
wandb_project = recbole
shuffle = True
require_pow = False
enable_amp = False
enable_scaler = False
transform = None
numerical_features = []
discretization = None
kg_reverse_r = False
entity_kg_num_interval = [0,inf)
relation_kg_num_interval = [0,inf)
MODEL_TYPE = ModelType.SEQUENTIAL
model_name = TimeWeaver
hidden_size = 64
num_layers = 2
hidden_dropout_prob = 0.5
initializer_range = 0.02
time_bucket_size = 1000
ema_decay = 0.5
tcn_kernel_size = -1
ffn_hidden_size = 256
loss_type = CE
early_stop = 10
neg_sampling = None
device = cuda
use_continuous_time = True
use_time_gate = True
use_time_augmentation = False
MODEL_INPUT_TYPE = InputType.POINTWISE
eval_type = EvaluatorType.RANKING
single_spec = True
local_rank = 0
valid_neg_sample_args = {'distribution': 'uniform', 'sample_num': 100}
test_neg_sample_args = {'distribution': 'uniform', 'sample_num': 100}


Thu 19 Feb 2026 11:30:18 INFO  amazon-electronics-5core-subset
The number of users: 1501
Average actions of users: 108.42733333333334
The number of items: 54722
Average actions of items: 2.9721861808080994
The number of inters: 162641
The sparsity of the dataset: 99.80198988231011%
Remain Fields: ['user_id', 'item_id', 'rating', 'timestamp']
Thu 19 Feb 2026 11:30:20 INFO  [Training]: train_batch_size = [256] train_neg_sample_args: [{'distribution': 'none', 'sample_num': 'none', 'alpha': 'none', 'dynamic': False, 'candidate_num': 0}]
Thu 19 Feb 2026 11:30:20 INFO  [Evaluation]: eval_batch_size = [512] eval_args: [{'split': {'LS': 'valid_and_test'}, 'order': 'TO', 'group_by': 'user', 'mode': {'valid': 'uni100', 'test': 'uni100'}}]
Thu 19 Feb 2026 11:30:20 INFO  TimeWeaver(
  (item_embedding): Embedding(54722, 64, padding_idx=0)
  (time_aug): TimeAwareAugmentation(
    (pos_embedding): Embedding(32, 64)
    (time_embedder): ContinuousTimeEmbedding(
      (time2vec): Time2Vec()
    )
    (time_gate): TimeGate(
      (net): Sequential(
        (0): Linear(in_features=128, out_features=16, bias=True)
        (1): GELU(approximate='none')
        (2): Linear(in_features=16, out_features=64, bias=True)
        (3): Sigmoid()
      )
    )
    (layer_norm): LayerNorm((64,), eps=1e-05, elementwise_affine=True)
    (drop): Dropout(p=0.5, inplace=False)
  )
  (context_layers): ModuleList(
    (0-1): 2 x TCNNextBlock(
      (dw): DepthwiseConv1d(
        (conv): Conv1d(64, 64, kernel_size=(11,), stride=(1,), padding=(5,), groups=64)
        (bn): BatchNorm1d(64, eps=1e-05, momentum=0.1, affine=True, track_running_stats=True)
        (drop): Dropout(p=0.5, inplace=False)
      )
      (norm1): LayerNorm((64,), eps=1e-05, elementwise_affine=True)
      (conv_inter): ParallelConvInter(
        (conv1): Conv1d(64, 64, kernel_size=(1,), stride=(1,))
        (conv3): Conv1d(64, 64, kernel_size=(3,), stride=(1,), padding=(1,))
        (proj): Conv1d(64, 64, kernel_size=(1,), stride=(1,))
        (drop): Dropout(p=0.5, inplace=False)
      )
      (norm2): LayerNorm((64,), eps=1e-05, elementwise_affine=True)
      (ffn): Sequential(
        (0): Linear(in_features=64, out_features=256, bias=True)
        (1): GELU(approximate='none')
        (2): Dropout(p=0.5, inplace=False)
        (3): Linear(in_features=256, out_features=64, bias=True)
        (4): Dropout(p=0.5, inplace=False)
      )
      (norm3): LayerNorm((64,), eps=1e-05, elementwise_affine=True)
    )
  )
  (dynamic_layers): ModuleList(
    (0-1): 2 x EMAStream(
      (proj): Linear(in_features=64, out_features=64, bias=True)
    )
  )
  (weavers): ModuleList(
    (0-1): 2 x StreamWeaver(
      (proj): Linear(in_features=128, out_features=64, bias=True)
      (norm): LayerNorm((64,), eps=1e-05, elementwise_affine=True)
    )
  )
  (loss_fct): CrossEntropyLoss()
)
Trainable parameters: 3642834.0
Thu 19 Feb 2026 11:30:20 INFO  FLOPs: 4395008.0
Thu 19 Feb 2026 11:31:26 INFO  epoch 0 training [time: 65.25s, train loss: 6572.8873]
Thu 19 Feb 2026 11:31:28 INFO  epoch 0 evaluating [time: 2.82s, valid_score: 0.336000]
Thu 19 Feb 2026 11:31:28 INFO  valid result: 
hit@10 : 0.336    ndcg@10 : 0.1879    mrr@10 : 0.1429
Thu 19 Feb 2026 11:31:28 INFO  Saving current: saved\TimeWeaver-Feb-19-2026_11-30-20.pth
Thu 19 Feb 2026 11:32:33 INFO  epoch 1 training [time: 64.38s, train loss: 6283.9158]
Thu 19 Feb 2026 11:32:36 INFO  epoch 1 evaluating [time: 3.08s, valid_score: 0.414000]
Thu 19 Feb 2026 11:32:36 INFO  valid result: 
hit@10 : 0.414    ndcg@10 : 0.2607    mrr@10 : 0.2134
Thu 19 Feb 2026 11:32:36 INFO  Saving current: saved\TimeWeaver-Feb-19-2026_11-30-20.pth
Thu 19 Feb 2026 11:33:41 INFO  epoch 2 training [time: 65.32s, train loss: 5918.8761]
Thu 19 Feb 2026 11:33:44 INFO  epoch 2 evaluating [time: 2.85s, valid_score: 0.430000]
Thu 19 Feb 2026 11:33:44 INFO  valid result: 
hit@10 : 0.43    ndcg@10 : 0.2872    mrr@10 : 0.2427
Thu 19 Feb 2026 11:33:44 INFO  Saving current: saved\TimeWeaver-Feb-19-2026_11-30-20.pth
Thu 19 Feb 2026 11:34:49 INFO  epoch 3 training [time: 64.39s, train loss: 5507.1637]
Thu 19 Feb 2026 11:34:52 INFO  epoch 3 evaluating [time: 2.89s, valid_score: 0.448700]
Thu 19 Feb 2026 11:34:52 INFO  valid result: 
hit@10 : 0.4487    ndcg@10 : 0.3028    mrr@10 : 0.2578
Thu 19 Feb 2026 11:34:52 INFO  Saving current: saved\TimeWeaver-Feb-19-2026_11-30-20.pth
Thu 19 Feb 2026 11:35:56 INFO  epoch 4 training [time: 64.06s, train loss: 5077.5313]
Thu 19 Feb 2026 11:35:58 INFO  epoch 4 evaluating [time: 2.85s, valid_score: 0.442000]
Thu 19 Feb 2026 11:35:58 INFO  valid result: 
hit@10 : 0.442    ndcg@10 : 0.2967    mrr@10 : 0.2515
Thu 19 Feb 2026 11:37:03 INFO  epoch 5 training [time: 64.70s, train loss: 4678.0066]
Thu 19 Feb 2026 11:37:06 INFO  epoch 5 evaluating [time: 3.07s, valid_score: 0.414700]
Thu 19 Feb 2026 11:37:06 INFO  valid result: 
hit@10 : 0.4147    ndcg@10 : 0.2833    mrr@10 : 0.2426
Thu 19 Feb 2026 11:38:10 INFO  epoch 6 training [time: 64.20s, train loss: 4333.2696]
Thu 19 Feb 2026 11:38:13 INFO  epoch 6 evaluating [time: 2.96s, valid_score: 0.401300]
Thu 19 Feb 2026 11:38:13 INFO  valid result: 
hit@10 : 0.4013    ndcg@10 : 0.2754    mrr@10 : 0.2362
Thu 19 Feb 2026 11:39:18 INFO  epoch 7 training [time: 64.18s, train loss: 4056.5969]
Thu 19 Feb 2026 11:39:20 INFO  epoch 7 evaluating [time: 2.89s, valid_score: 0.400700]
Thu 19 Feb 2026 11:39:20 INFO  valid result: 
hit@10 : 0.4007    ndcg@10 : 0.2761    mrr@10 : 0.2376
Thu 19 Feb 2026 11:40:25 INFO  epoch 8 training [time: 64.12s, train loss: 3827.9195]
Thu 19 Feb 2026 11:40:28 INFO  epoch 8 evaluating [time: 2.96s, valid_score: 0.395300]
Thu 19 Feb 2026 11:40:28 INFO  valid result: 
hit@10 : 0.3953    ndcg@10 : 0.2764    mrr@10 : 0.2394
Thu 19 Feb 2026 11:41:33 INFO  epoch 9 training [time: 65.09s, train loss: 3638.3887]
Thu 19 Feb 2026 11:41:36 INFO  epoch 9 evaluating [time: 2.85s, valid_score: 0.392000]
Thu 19 Feb 2026 11:41:36 INFO  valid result: 
hit@10 : 0.392    ndcg@10 : 0.2706    mrr@10 : 0.2331
Thu 19 Feb 2026 11:42:40 INFO  epoch 10 training [time: 64.32s, train loss: 3476.8722]
Thu 19 Feb 2026 11:42:43 INFO  epoch 10 evaluating [time: 2.93s, valid_score: 0.381300]
Thu 19 Feb 2026 11:42:43 INFO  valid result: 
hit@10 : 0.3813    ndcg@10 : 0.2549    mrr@10 : 0.216
Thu 19 Feb 2026 11:43:47 INFO  epoch 11 training [time: 64.34s, train loss: 3336.7773]
Thu 19 Feb 2026 11:43:50 INFO  epoch 11 evaluating [time: 2.84s, valid_score: 0.391300]
Thu 19 Feb 2026 11:43:50 INFO  valid result: 
hit@10 : 0.3913    ndcg@10 : 0.2698    mrr@10 : 0.2323
Thu 19 Feb 2026 11:44:55 INFO  epoch 12 training [time: 64.79s, train loss: 3210.0069]
Thu 19 Feb 2026 11:44:58 INFO  epoch 12 evaluating [time: 3.02s, valid_score: 0.392000]
Thu 19 Feb 2026 11:44:58 INFO  valid result: 
hit@10 : 0.392    ndcg@10 : 0.2655    mrr@10 : 0.2264
Thu 19 Feb 2026 11:46:02 INFO  epoch 13 training [time: 64.01s, train loss: 3091.2898]
Thu 19 Feb 2026 11:46:05 INFO  epoch 13 evaluating [time: 3.01s, valid_score: 0.374000]
Thu 19 Feb 2026 11:46:05 INFO  valid result: 
hit@10 : 0.374    ndcg@10 : 0.2554    mrr@10 : 0.219
Thu 19 Feb 2026 11:47:08 INFO  epoch 14 training [time: 63.50s, train loss: 2989.7374]
Thu 19 Feb 2026 11:47:11 INFO  epoch 14 evaluating [time: 2.88s, valid_score: 0.383300]
Thu 19 Feb 2026 11:47:11 INFO  valid result: 
hit@10 : 0.3833    ndcg@10 : 0.2583    mrr@10 : 0.2198
Thu 19 Feb 2026 11:47:11 INFO  Finished training, best eval result in epoch 3
Thu 19 Feb 2026 11:47:11 INFO  Loading model structure and parameters from saved\TimeWeaver-Feb-19-2026_11-30-20.pth
Thu 19 Feb 2026 11:47:15 INFO  The running environment of this training is as follows:
+-------------+----------------+
| Environment |     Usage      |
+=============+================+
| CPU         |     6.90 %     |
+-------------+----------------+
| GPU         | 0.49 G/6.00 G  |
+-------------+----------------+
| Memory      | 1.59 G/15.63 G |
+-------------+----------------+
Thu 19 Feb 2026 11:47:15 INFO  best valid : OrderedDict([('hit@10', 0.4487), ('ndcg@10', 0.3028), ('mrr@10', 0.2578)])
Thu 19 Feb 2026 11:47:15 INFO  test result: OrderedDict([('hit@10', 0.368), ('ndcg@10', 0.2465), ('mrr@10', 0.2089)])
Thu 19 Feb 2026 11:47:15 WARNING  command line args [--models timeweaver --datasets amazon-electronics-5core-subset --timeweaver-variant gate --seeds 42,2023,2024 --device gpu --output results/timeweaver_ablations_elc.json] will not be used in RecBole
Thu 19 Feb 2026 11:47:15 INFO  ['F:\\桌面\\recommendation_system\\scripts\\run_grid.py', '--models', 'timeweaver', '--datasets', 'amazon-electronics-5core-subset', '--timeweaver-variant', 'gate', '--seeds', '42,2023,2024', '--device', 'gpu', '--output', 'results/timeweaver_ablations_elc.json']
Thu 19 Feb 2026 11:47:15 INFO  
General Hyper Parameters:
gpu_id = 0
use_gpu = True
seed = 2024
state = INFO
reproducibility = True
data_path = data/amazon\amazon-electronics-5core-subset
checkpoint_dir = saved
show_progress = True
save_dataset = False
dataset_save_path = None
save_dataloaders = False
dataloaders_save_path = None
log_wandb = False

Training Hyper Parameters:
epochs = 100
train_batch_size = 256
learner = adam
learning_rate = 0.001
train_neg_sample_args = {'distribution': 'none', 'sample_num': 'none', 'alpha': 'none', 'dynamic': False, 'candidate_num': 0}
eval_step = 1
stopping_step = 10
clip_grad_norm = None
weight_decay = 0.0
loss_decimal_place = 4

Evaluation Hyper Parameters:
eval_args = {'split': {'LS': 'valid_and_test'}, 'order': 'TO', 'group_by': 'user', 'mode': {'valid': 'uni100', 'test': 'uni100'}}
repeatable = True
metrics = ['Hit', 'NDCG', 'MRR']
topk = [10]
valid_metric = Hit@10
valid_metric_bigger = True
eval_batch_size = 512
metric_decimal_place = 4

Dataset Hyper Parameters:
field_separator = 	
seq_separator =  
USER_ID_FIELD = user_id
ITEM_ID_FIELD = item_id
RATING_FIELD = rating
TIME_FIELD = timestamp
seq_len = None
LABEL_FIELD = label
threshold = None
NEG_PREFIX = neg_
load_col = {'inter': ['user_id', 'item_id', 'rating', 'timestamp']}
unload_col = None
unused_col = None
additional_feat_suffix = None
rm_dup_inter = None
val_interval = None
filter_inter_by_user_or_item = True
user_inter_num_interval = [0,inf)
item_inter_num_interval = [0,inf)
alias_of_user_id = None
alias_of_item_id = None
alias_of_entity_id = None
alias_of_relation_id = None
preload_weight = None
normalize_field = None
normalize_all = None
ITEM_LIST_LENGTH_FIELD = item_length
LIST_SUFFIX = _list
MAX_ITEM_LIST_LENGTH = 32
POSITION_FIELD = position_id
HEAD_ENTITY_ID_FIELD = head_id
TAIL_ENTITY_ID_FIELD = tail_id
RELATION_ID_FIELD = relation_id
ENTITY_ID_FIELD = entity_id
benchmark_filename = None

Other Hyper Parameters: 
worker = 0
wandb_project = recbole
shuffle = True
require_pow = False
enable_amp = False
enable_scaler = False
transform = None
numerical_features = []
discretization = None
kg_reverse_r = False
entity_kg_num_interval = [0,inf)
relation_kg_num_interval = [0,inf)
MODEL_TYPE = ModelType.SEQUENTIAL
model_name = TimeWeaver
hidden_size = 64
num_layers = 2
hidden_dropout_prob = 0.5
initializer_range = 0.02
time_bucket_size = 1000
ema_decay = 0.5
tcn_kernel_size = -1
ffn_hidden_size = 256
loss_type = CE
early_stop = 10
neg_sampling = None
device = cuda
use_continuous_time = True
use_time_gate = True
use_time_augmentation = False
MODEL_INPUT_TYPE = InputType.POINTWISE
eval_type = EvaluatorType.RANKING
single_spec = True
local_rank = 0
valid_neg_sample_args = {'distribution': 'uniform', 'sample_num': 100}
test_neg_sample_args = {'distribution': 'uniform', 'sample_num': 100}


Thu 19 Feb 2026 11:47:16 INFO  amazon-electronics-5core-subset
The number of users: 1501
Average actions of users: 108.42733333333334
The number of items: 54722
Average actions of items: 2.9721861808080994
The number of inters: 162641
The sparsity of the dataset: 99.80198988231011%
Remain Fields: ['user_id', 'item_id', 'rating', 'timestamp']
Thu 19 Feb 2026 11:47:18 INFO  [Training]: train_batch_size = [256] train_neg_sample_args: [{'distribution': 'none', 'sample_num': 'none', 'alpha': 'none', 'dynamic': False, 'candidate_num': 0}]
Thu 19 Feb 2026 11:47:18 INFO  [Evaluation]: eval_batch_size = [512] eval_args: [{'split': {'LS': 'valid_and_test'}, 'order': 'TO', 'group_by': 'user', 'mode': {'valid': 'uni100', 'test': 'uni100'}}]
Thu 19 Feb 2026 11:47:18 INFO  TimeWeaver(
  (item_embedding): Embedding(54722, 64, padding_idx=0)
  (time_aug): TimeAwareAugmentation(
    (pos_embedding): Embedding(32, 64)
    (time_embedder): ContinuousTimeEmbedding(
      (time2vec): Time2Vec()
    )
    (time_gate): TimeGate(
      (net): Sequential(
        (0): Linear(in_features=128, out_features=16, bias=True)
        (1): GELU(approximate='none')
        (2): Linear(in_features=16, out_features=64, bias=True)
        (3): Sigmoid()
      )
    )
    (layer_norm): LayerNorm((64,), eps=1e-05, elementwise_affine=True)
    (drop): Dropout(p=0.5, inplace=False)
  )
  (context_layers): ModuleList(
    (0-1): 2 x TCNNextBlock(
      (dw): DepthwiseConv1d(
        (conv): Conv1d(64, 64, kernel_size=(11,), stride=(1,), padding=(5,), groups=64)
        (bn): BatchNorm1d(64, eps=1e-05, momentum=0.1, affine=True, track_running_stats=True)
        (drop): Dropout(p=0.5, inplace=False)
      )
      (norm1): LayerNorm((64,), eps=1e-05, elementwise_affine=True)
      (conv_inter): ParallelConvInter(
        (conv1): Conv1d(64, 64, kernel_size=(1,), stride=(1,))
        (conv3): Conv1d(64, 64, kernel_size=(3,), stride=(1,), padding=(1,))
        (proj): Conv1d(64, 64, kernel_size=(1,), stride=(1,))
        (drop): Dropout(p=0.5, inplace=False)
      )
      (norm2): LayerNorm((64,), eps=1e-05, elementwise_affine=True)
      (ffn): Sequential(
        (0): Linear(in_features=64, out_features=256, bias=True)
        (1): GELU(approximate='none')
        (2): Dropout(p=0.5, inplace=False)
        (3): Linear(in_features=256, out_features=64, bias=True)
        (4): Dropout(p=0.5, inplace=False)
      )
      (norm3): LayerNorm((64,), eps=1e-05, elementwise_affine=True)
    )
  )
  (dynamic_layers): ModuleList(
    (0-1): 2 x EMAStream(
      (proj): Linear(in_features=64, out_features=64, bias=True)
    )
  )
  (weavers): ModuleList(
    (0-1): 2 x StreamWeaver(
      (proj): Linear(in_features=128, out_features=64, bias=True)
      (norm): LayerNorm((64,), eps=1e-05, elementwise_affine=True)
    )
  )
  (loss_fct): CrossEntropyLoss()
)
Trainable parameters: 3642834.0
Thu 19 Feb 2026 11:47:18 INFO  FLOPs: 4395008.0
Thu 19 Feb 2026 11:48:24 INFO  epoch 0 training [time: 65.64s, train loss: 6566.9531]
Thu 19 Feb 2026 11:48:27 INFO  epoch 0 evaluating [time: 3.00s, valid_score: 0.332700]
Thu 19 Feb 2026 11:48:27 INFO  valid result: 
hit@10 : 0.3327    ndcg@10 : 0.1896    mrr@10 : 0.1462
Thu 19 Feb 2026 11:48:27 INFO  Saving current: saved\TimeWeaver-Feb-19-2026_11-47-18.pth
Thu 19 Feb 2026 11:49:33 INFO  epoch 1 training [time: 65.82s, train loss: 6229.5770]
Thu 19 Feb 2026 11:49:35 INFO  epoch 1 evaluating [time: 2.89s, valid_score: 0.408700]
Thu 19 Feb 2026 11:49:35 INFO  valid result: 
hit@10 : 0.4087    ndcg@10 : 0.2661    mrr@10 : 0.2217
Thu 19 Feb 2026 11:49:35 INFO  Saving current: saved\TimeWeaver-Feb-19-2026_11-47-18.pth
Thu 19 Feb 2026 11:50:40 INFO  epoch 2 training [time: 64.85s, train loss: 5827.3596]
Thu 19 Feb 2026 11:50:43 INFO  epoch 2 evaluating [time: 2.93s, valid_score: 0.432000]
Thu 19 Feb 2026 11:50:43 INFO  valid result: 
hit@10 : 0.432    ndcg@10 : 0.2838    mrr@10 : 0.2378
Thu 19 Feb 2026 11:50:43 INFO  Saving current: saved\TimeWeaver-Feb-19-2026_11-47-18.pth
Thu 19 Feb 2026 11:51:48 INFO  epoch 3 training [time: 64.99s, train loss: 5400.7055]
Thu 19 Feb 2026 11:51:51 INFO  epoch 3 evaluating [time: 2.89s, valid_score: 0.412700]
Thu 19 Feb 2026 11:51:51 INFO  valid result: 
hit@10 : 0.4127    ndcg@10 : 0.2778    mrr@10 : 0.2358
Thu 19 Feb 2026 11:52:57 INFO  epoch 4 training [time: 65.97s, train loss: 4979.2737]
Thu 19 Feb 2026 11:53:00 INFO  epoch 4 evaluating [time: 3.04s, valid_score: 0.420000]
Thu 19 Feb 2026 11:53:00 INFO  valid result: 
hit@10 : 0.42    ndcg@10 : 0.293    mrr@10 : 0.2537
Thu 19 Feb 2026 11:54:05 INFO  epoch 5 training [time: 64.84s, train loss: 4597.3591]
Thu 19 Feb 2026 11:54:08 INFO  epoch 5 evaluating [time: 3.08s, valid_score: 0.398700]
Thu 19 Feb 2026 11:54:08 INFO  valid result: 
hit@10 : 0.3987    ndcg@10 : 0.2723    mrr@10 : 0.2332
Thu 19 Feb 2026 11:55:13 INFO  epoch 6 training [time: 64.64s, train loss: 4271.1496]
Thu 19 Feb 2026 11:55:16 INFO  epoch 6 evaluating [time: 2.91s, valid_score: 0.398700]
Thu 19 Feb 2026 11:55:16 INFO  valid result: 
hit@10 : 0.3987    ndcg@10 : 0.2743    mrr@10 : 0.2357
Thu 19 Feb 2026 11:56:20 INFO  epoch 7 training [time: 64.49s, train loss: 4011.7633]
Thu 19 Feb 2026 11:56:23 INFO  epoch 7 evaluating [time: 3.09s, valid_score: 0.408700]
Thu 19 Feb 2026 11:56:23 INFO  valid result: 
hit@10 : 0.4087    ndcg@10 : 0.2747    mrr@10 : 0.2335
Thu 19 Feb 2026 11:57:29 INFO  epoch 8 training [time: 66.17s, train loss: 3804.5733]
Thu 19 Feb 2026 11:57:32 INFO  epoch 8 evaluating [time: 2.93s, valid_score: 0.398000]
Thu 19 Feb 2026 11:57:32 INFO  valid result: 
hit@10 : 0.398    ndcg@10 : 0.2684    mrr@10 : 0.2283
Thu 19 Feb 2026 11:58:37 INFO  epoch 9 training [time: 64.54s, train loss: 3626.0565]
Thu 19 Feb 2026 11:58:40 INFO  epoch 9 evaluating [time: 2.88s, valid_score: 0.393300]
Thu 19 Feb 2026 11:58:40 INFO  valid result: 
hit@10 : 0.3933    ndcg@10 : 0.2665    mrr@10 : 0.2274
Thu 19 Feb 2026 11:59:45 INFO  epoch 10 training [time: 64.92s, train loss: 3482.7397]
Thu 19 Feb 2026 11:59:48 INFO  epoch 10 evaluating [time: 2.94s, valid_score: 0.384000]
Thu 19 Feb 2026 11:59:48 INFO  valid result: 
hit@10 : 0.384    ndcg@10 : 0.2602    mrr@10 : 0.2214
Thu 19 Feb 2026 12:00:53 INFO  epoch 11 training [time: 65.31s, train loss: 3347.0122]
Thu 19 Feb 2026 12:00:56 INFO  epoch 11 evaluating [time: 3.21s, valid_score: 0.381300]
Thu 19 Feb 2026 12:00:56 INFO  valid result: 
hit@10 : 0.3813    ndcg@10 : 0.2578    mrr@10 : 0.2196
Thu 19 Feb 2026 12:02:01 INFO  epoch 12 training [time: 65.28s, train loss: 3232.5382]
Thu 19 Feb 2026 12:02:04 INFO  epoch 12 evaluating [time: 3.02s, valid_score: 0.385300]
Thu 19 Feb 2026 12:02:04 INFO  valid result: 
hit@10 : 0.3853    ndcg@10 : 0.2604    mrr@10 : 0.2216
Thu 19 Feb 2026 12:03:09 INFO  epoch 13 training [time: 64.88s, train loss: 3126.1568]
Thu 19 Feb 2026 12:03:12 INFO  epoch 13 evaluating [time: 2.90s, valid_score: 0.394000]
Thu 19 Feb 2026 12:03:12 INFO  valid result: 
hit@10 : 0.394    ndcg@10 : 0.2652    mrr@10 : 0.2251
Thu 19 Feb 2026 12:03:12 INFO  Finished training, best eval result in epoch 2
Thu 19 Feb 2026 12:03:12 INFO  Loading model structure and parameters from saved\TimeWeaver-Feb-19-2026_11-47-18.pth
Thu 19 Feb 2026 12:03:16 INFO  The running environment of this training is as follows:
+-------------+----------------+
| Environment |     Usage      |
+=============+================+
| CPU         |     6.80 %     |
+-------------+----------------+
| GPU         | 0.49 G/6.00 G  |
+-------------+----------------+
| Memory      | 1.59 G/15.63 G |
+-------------+----------------+
Thu 19 Feb 2026 12:03:16 INFO  best valid : OrderedDict([('hit@10', 0.432), ('ndcg@10', 0.2838), ('mrr@10', 0.2378)])
Thu 19 Feb 2026 12:03:16 INFO  test result: OrderedDict([('hit@10', 0.366), ('ndcg@10', 0.2368), ('mrr@10', 0.1968)])
