Thu 19 Feb 2026 01:51:54 INFO  ['F:\\桌面\\recommendation_system\\scripts\\run_grid.py', '--models', 'timeweaver', '--datasets', 'amazon-beauty-5core-subset', '--timeweaver-variant', 'aug', '--seeds', '42,2023,2024', '--device', 'gpu', '--output', 'results/timeweaver_ablations_beauty.json']
Thu 19 Feb 2026 01:51:54 INFO  
General Hyper Parameters:
gpu_id = 0
use_gpu = True
seed = 42
state = INFO
reproducibility = True
data_path = data/amazon\amazon-beauty-5core-subset
checkpoint_dir = saved
show_progress = True
save_dataset = False
dataset_save_path = None
save_dataloaders = False
dataloaders_save_path = None
log_wandb = False

Training Hyper Parameters:
epochs = 100
train_batch_size = 256
learner = adam
learning_rate = 0.001
train_neg_sample_args = {'distribution': 'none', 'sample_num': 'none', 'alpha': 'none', 'dynamic': False, 'candidate_num': 0}
eval_step = 1
stopping_step = 10
clip_grad_norm = None
weight_decay = 0.0
loss_decimal_place = 4

Evaluation Hyper Parameters:
eval_args = {'split': {'LS': 'valid_and_test'}, 'order': 'TO', 'group_by': 'user', 'mode': {'valid': 'uni100', 'test': 'uni100'}}
repeatable = True
metrics = ['Hit', 'NDCG', 'MRR']
topk = [10]
valid_metric = Hit@10
valid_metric_bigger = True
eval_batch_size = 512
metric_decimal_place = 4

Dataset Hyper Parameters:
field_separator = 	
seq_separator =  
USER_ID_FIELD = user_id
ITEM_ID_FIELD = item_id
RATING_FIELD = rating
TIME_FIELD = timestamp
seq_len = None
LABEL_FIELD = label
threshold = None
NEG_PREFIX = neg_
load_col = {'inter': ['user_id', 'item_id', 'rating', 'timestamp']}
unload_col = None
unused_col = None
additional_feat_suffix = None
rm_dup_inter = None
val_interval = None
filter_inter_by_user_or_item = True
user_inter_num_interval = [0,inf)
item_inter_num_interval = [0,inf)
alias_of_user_id = None
alias_of_item_id = None
alias_of_entity_id = None
alias_of_relation_id = None
preload_weight = None
normalize_field = None
normalize_all = None
ITEM_LIST_LENGTH_FIELD = item_length
LIST_SUFFIX = _list
MAX_ITEM_LIST_LENGTH = 32
POSITION_FIELD = position_id
HEAD_ENTITY_ID_FIELD = head_id
TAIL_ENTITY_ID_FIELD = tail_id
RELATION_ID_FIELD = relation_id
ENTITY_ID_FIELD = entity_id
benchmark_filename = None

Other Hyper Parameters: 
worker = 0
wandb_project = recbole
shuffle = True
require_pow = False
enable_amp = False
enable_scaler = False
transform = None
numerical_features = []
discretization = None
kg_reverse_r = False
entity_kg_num_interval = [0,inf)
relation_kg_num_interval = [0,inf)
MODEL_TYPE = ModelType.SEQUENTIAL
model_name = TimeWeaver
hidden_size = 64
num_layers = 2
hidden_dropout_prob = 0.5
initializer_range = 0.02
time_bucket_size = 1000
ema_decay = 0.5
tcn_kernel_size = -1
ffn_hidden_size = 256
loss_type = CE
early_stop = 10
neg_sampling = None
device = cuda
use_continuous_time = True
use_time_gate = True
use_time_augmentation = True
MODEL_INPUT_TYPE = InputType.POINTWISE
eval_type = EvaluatorType.RANKING
single_spec = True
local_rank = 0
valid_neg_sample_args = {'distribution': 'uniform', 'sample_num': 100}
test_neg_sample_args = {'distribution': 'uniform', 'sample_num': 100}


Thu 19 Feb 2026 01:51:54 INFO  amazon-beauty-5core-subset
The number of users: 7001
Average actions of users: 15.458
The number of items: 11924
Average actions of items: 9.075400486454752
The number of inters: 108206
The sparsity of the dataset: 99.87038081155896%
Remain Fields: ['user_id', 'item_id', 'rating', 'timestamp']
Thu 19 Feb 2026 01:51:56 INFO  [Training]: train_batch_size = [256] train_neg_sample_args: [{'distribution': 'none', 'sample_num': 'none', 'alpha': 'none', 'dynamic': False, 'candidate_num': 0}]
Thu 19 Feb 2026 01:51:56 INFO  [Evaluation]: eval_batch_size = [512] eval_args: [{'split': {'LS': 'valid_and_test'}, 'order': 'TO', 'group_by': 'user', 'mode': {'valid': 'uni100', 'test': 'uni100'}}]
Thu 19 Feb 2026 01:51:56 INFO  TimeWeaver(
  (item_embedding): Embedding(11924, 64, padding_idx=0)
  (time_aug): TimeAwareAugmentation(
    (pos_embedding): Embedding(32, 64)
    (time_embedder): ContinuousTimeEmbedding(
      (time2vec): Time2Vec()
    )
    (time_gate): TimeGate(
      (net): Sequential(
        (0): Linear(in_features=128, out_features=16, bias=True)
        (1): GELU(approximate='none')
        (2): Linear(in_features=16, out_features=64, bias=True)
        (3): Sigmoid()
      )
    )
    (layer_norm): LayerNorm((64,), eps=1e-05, elementwise_affine=True)
    (drop): Dropout(p=0.5, inplace=False)
  )
  (context_layers): ModuleList(
    (0-1): 2 x TCNNextBlock(
      (dw): DepthwiseConv1d(
        (conv): Conv1d(64, 64, kernel_size=(11,), stride=(1,), padding=(5,), groups=64)
        (bn): BatchNorm1d(64, eps=1e-05, momentum=0.1, affine=True, track_running_stats=True)
        (drop): Dropout(p=0.5, inplace=False)
      )
      (norm1): LayerNorm((64,), eps=1e-05, elementwise_affine=True)
      (conv_inter): ParallelConvInter(
        (conv1): Conv1d(64, 64, kernel_size=(1,), stride=(1,))
        (conv3): Conv1d(64, 64, kernel_size=(3,), stride=(1,), padding=(1,))
        (proj): Conv1d(64, 64, kernel_size=(1,), stride=(1,))
        (drop): Dropout(p=0.5, inplace=False)
      )
      (norm2): LayerNorm((64,), eps=1e-05, elementwise_affine=True)
      (ffn): Sequential(
        (0): Linear(in_features=64, out_features=256, bias=True)
        (1): GELU(approximate='none')
        (2): Dropout(p=0.5, inplace=False)
        (3): Linear(in_features=256, out_features=64, bias=True)
        (4): Dropout(p=0.5, inplace=False)
      )
      (norm3): LayerNorm((64,), eps=1e-05, elementwise_affine=True)
    )
  )
  (dynamic_layers): ModuleList(
    (0-1): 2 x EMAStream(
      (proj): Linear(in_features=64, out_features=64, bias=True)
    )
  )
  (weavers): ModuleList(
    (0-1): 2 x StreamWeaver(
      (proj): Linear(in_features=128, out_features=64, bias=True)
      (norm): LayerNorm((64,), eps=1e-05, elementwise_affine=True)
    )
  )
  (loss_fct): CrossEntropyLoss()
)
Trainable parameters: 903762.0
Thu 19 Feb 2026 01:51:57 INFO  FLOPs: 4395008.0
Thu 19 Feb 2026 01:52:31 INFO  epoch 0 training [time: 33.35s, train loss: 2952.2859]
Thu 19 Feb 2026 01:52:44 INFO  epoch 0 evaluating [time: 12.24s, valid_score: 0.447700]
Thu 19 Feb 2026 01:52:44 INFO  valid result: 
hit@10 : 0.4477    ndcg@10 : 0.262    mrr@10 : 0.2044
Thu 19 Feb 2026 01:52:44 INFO  Saving current: saved\TimeWeaver-Feb-19-2026_01-51-57.pth
Thu 19 Feb 2026 01:53:18 INFO  epoch 1 training [time: 34.33s, train loss: 2713.0673]
Thu 19 Feb 2026 01:53:30 INFO  epoch 1 evaluating [time: 11.88s, valid_score: 0.516400]
Thu 19 Feb 2026 01:53:30 INFO  valid result: 
hit@10 : 0.5164    ndcg@10 : 0.3434    mrr@10 : 0.2891
Thu 19 Feb 2026 01:53:30 INFO  Saving current: saved\TimeWeaver-Feb-19-2026_01-51-57.pth
Thu 19 Feb 2026 01:54:03 INFO  epoch 2 training [time: 33.43s, train loss: 2580.1327]
Thu 19 Feb 2026 01:54:16 INFO  epoch 2 evaluating [time: 12.15s, valid_score: 0.542600]
Thu 19 Feb 2026 01:54:16 INFO  valid result: 
hit@10 : 0.5426    ndcg@10 : 0.3761    mrr@10 : 0.3239
Thu 19 Feb 2026 01:54:16 INFO  Saving current: saved\TimeWeaver-Feb-19-2026_01-51-57.pth
Thu 19 Feb 2026 01:55:05 INFO  epoch 3 training [time: 49.72s, train loss: 2484.2584]
Thu 19 Feb 2026 01:55:17 INFO  epoch 3 evaluating [time: 11.84s, valid_score: 0.546600]
Thu 19 Feb 2026 01:55:17 INFO  valid result: 
hit@10 : 0.5466    ndcg@10 : 0.3889    mrr@10 : 0.3395
Thu 19 Feb 2026 01:55:17 INFO  Saving current: saved\TimeWeaver-Feb-19-2026_01-51-57.pth
Thu 19 Feb 2026 01:56:24 INFO  epoch 4 training [time: 66.82s, train loss: 2398.3699]
Thu 19 Feb 2026 01:56:36 INFO  epoch 4 evaluating [time: 12.09s, valid_score: 0.541600]
Thu 19 Feb 2026 01:56:36 INFO  valid result: 
hit@10 : 0.5416    ndcg@10 : 0.3911    mrr@10 : 0.3439
Thu 19 Feb 2026 01:57:46 INFO  epoch 5 training [time: 70.44s, train loss: 2321.3463]
Thu 19 Feb 2026 01:57:59 INFO  epoch 5 evaluating [time: 12.17s, valid_score: 0.537900]
Thu 19 Feb 2026 01:57:59 INFO  valid result: 
hit@10 : 0.5379    ndcg@10 : 0.3935    mrr@10 : 0.3484
Thu 19 Feb 2026 01:59:09 INFO  epoch 6 training [time: 70.34s, train loss: 2249.0405]
Thu 19 Feb 2026 01:59:21 INFO  epoch 6 evaluating [time: 11.91s, valid_score: 0.545000]
Thu 19 Feb 2026 01:59:21 INFO  valid result: 
hit@10 : 0.545    ndcg@10 : 0.3967    mrr@10 : 0.3502
Thu 19 Feb 2026 02:00:31 INFO  epoch 7 training [time: 70.13s, train loss: 2186.4338]
Thu 19 Feb 2026 02:00:43 INFO  epoch 7 evaluating [time: 12.16s, valid_score: 0.543000]
Thu 19 Feb 2026 02:00:43 INFO  valid result: 
hit@10 : 0.543    ndcg@10 : 0.3974    mrr@10 : 0.3518
Thu 19 Feb 2026 02:01:53 INFO  epoch 8 training [time: 70.03s, train loss: 2134.3094]
Thu 19 Feb 2026 02:02:05 INFO  epoch 8 evaluating [time: 12.07s, valid_score: 0.540100]
Thu 19 Feb 2026 02:02:05 INFO  valid result: 
hit@10 : 0.5401    ndcg@10 : 0.4    mrr@10 : 0.3561
Thu 19 Feb 2026 02:03:15 INFO  epoch 9 training [time: 69.65s, train loss: 2088.5199]
Thu 19 Feb 2026 02:03:27 INFO  epoch 9 evaluating [time: 11.79s, valid_score: 0.541600]
Thu 19 Feb 2026 02:03:27 INFO  valid result: 
hit@10 : 0.5416    ndcg@10 : 0.397    mrr@10 : 0.3518
Thu 19 Feb 2026 02:04:37 INFO  epoch 10 training [time: 69.91s, train loss: 2050.0493]
Thu 19 Feb 2026 02:04:49 INFO  epoch 10 evaluating [time: 12.24s, valid_score: 0.546100]
Thu 19 Feb 2026 02:04:49 INFO  valid result: 
hit@10 : 0.5461    ndcg@10 : 0.3964    mrr@10 : 0.3496
Thu 19 Feb 2026 02:05:59 INFO  epoch 11 training [time: 70.01s, train loss: 2013.9651]
Thu 19 Feb 2026 02:06:11 INFO  epoch 11 evaluating [time: 12.15s, valid_score: 0.546400]
Thu 19 Feb 2026 02:06:11 INFO  valid result: 
hit@10 : 0.5464    ndcg@10 : 0.4033    mrr@10 : 0.3587
Thu 19 Feb 2026 02:07:21 INFO  epoch 12 training [time: 70.37s, train loss: 1984.8301]
Thu 19 Feb 2026 02:07:33 INFO  epoch 12 evaluating [time: 11.82s, valid_score: 0.548300]
Thu 19 Feb 2026 02:07:33 INFO  valid result: 
hit@10 : 0.5483    ndcg@10 : 0.4005    mrr@10 : 0.3545
Thu 19 Feb 2026 02:07:33 INFO  Saving current: saved\TimeWeaver-Feb-19-2026_01-51-57.pth
Thu 19 Feb 2026 02:08:44 INFO  epoch 13 training [time: 70.48s, train loss: 1957.7581]
Thu 19 Feb 2026 02:08:56 INFO  epoch 13 evaluating [time: 12.49s, valid_score: 0.541700]
Thu 19 Feb 2026 02:08:56 INFO  valid result: 
hit@10 : 0.5417    ndcg@10 : 0.3932    mrr@10 : 0.3468
Thu 19 Feb 2026 02:10:06 INFO  epoch 14 training [time: 69.84s, train loss: 1931.2545]
Thu 19 Feb 2026 02:10:18 INFO  epoch 14 evaluating [time: 11.99s, valid_score: 0.542700]
Thu 19 Feb 2026 02:10:18 INFO  valid result: 
hit@10 : 0.5427    ndcg@10 : 0.3943    mrr@10 : 0.3481
Thu 19 Feb 2026 02:11:28 INFO  epoch 15 training [time: 69.98s, train loss: 1908.9253]
Thu 19 Feb 2026 02:11:40 INFO  epoch 15 evaluating [time: 11.82s, valid_score: 0.536900]
Thu 19 Feb 2026 02:11:40 INFO  valid result: 
hit@10 : 0.5369    ndcg@10 : 0.392    mrr@10 : 0.3466
Thu 19 Feb 2026 02:12:50 INFO  epoch 16 training [time: 70.54s, train loss: 1889.6043]
Thu 19 Feb 2026 02:13:03 INFO  epoch 16 evaluating [time: 12.34s, valid_score: 0.538300]
Thu 19 Feb 2026 02:13:03 INFO  valid result: 
hit@10 : 0.5383    ndcg@10 : 0.391    mrr@10 : 0.345
Thu 19 Feb 2026 02:14:13 INFO  epoch 17 training [time: 70.35s, train loss: 1867.7361]
Thu 19 Feb 2026 02:14:25 INFO  epoch 17 evaluating [time: 11.90s, valid_score: 0.538300]
Thu 19 Feb 2026 02:14:25 INFO  valid result: 
hit@10 : 0.5383    ndcg@10 : 0.3917    mrr@10 : 0.3458
Thu 19 Feb 2026 02:15:35 INFO  epoch 18 training [time: 70.03s, train loss: 1851.3479]
Thu 19 Feb 2026 02:15:47 INFO  epoch 18 evaluating [time: 11.79s, valid_score: 0.537700]
Thu 19 Feb 2026 02:15:47 INFO  valid result: 
hit@10 : 0.5377    ndcg@10 : 0.3926    mrr@10 : 0.3472
Thu 19 Feb 2026 02:16:57 INFO  epoch 19 training [time: 70.37s, train loss: 1833.0485]
Thu 19 Feb 2026 02:17:10 INFO  epoch 19 evaluating [time: 12.36s, valid_score: 0.537600]
Thu 19 Feb 2026 02:17:10 INFO  valid result: 
hit@10 : 0.5376    ndcg@10 : 0.3927    mrr@10 : 0.3474
Thu 19 Feb 2026 02:18:19 INFO  epoch 20 training [time: 69.88s, train loss: 1815.2906]
Thu 19 Feb 2026 02:18:31 INFO  epoch 20 evaluating [time: 11.78s, valid_score: 0.535000]
Thu 19 Feb 2026 02:18:31 INFO  valid result: 
hit@10 : 0.535    ndcg@10 : 0.3876    mrr@10 : 0.3415
Thu 19 Feb 2026 02:19:41 INFO  epoch 21 training [time: 70.05s, train loss: 1799.7655]
Thu 19 Feb 2026 02:19:53 INFO  epoch 21 evaluating [time: 11.77s, valid_score: 0.540100]
Thu 19 Feb 2026 02:19:53 INFO  valid result: 
hit@10 : 0.5401    ndcg@10 : 0.3917    mrr@10 : 0.3454
Thu 19 Feb 2026 02:21:04 INFO  epoch 22 training [time: 70.59s, train loss: 1782.8828]
Thu 19 Feb 2026 02:21:16 INFO  epoch 22 evaluating [time: 12.28s, valid_score: 0.535600]
Thu 19 Feb 2026 02:21:16 INFO  valid result: 
hit@10 : 0.5356    ndcg@10 : 0.3898    mrr@10 : 0.3443
Thu 19 Feb 2026 02:22:25 INFO  epoch 23 training [time: 69.25s, train loss: 1766.4115]
Thu 19 Feb 2026 02:22:37 INFO  epoch 23 evaluating [time: 11.75s, valid_score: 0.539900]
Thu 19 Feb 2026 02:22:37 INFO  valid result: 
hit@10 : 0.5399    ndcg@10 : 0.3893    mrr@10 : 0.3423
Thu 19 Feb 2026 02:22:37 INFO  Finished training, best eval result in epoch 12
Thu 19 Feb 2026 02:22:37 INFO  Loading model structure and parameters from saved\TimeWeaver-Feb-19-2026_01-51-57.pth
Thu 19 Feb 2026 02:22:50 INFO  The running environment of this training is as follows:
+-------------+----------------+
| Environment |     Usage      |
+=============+================+
| CPU         |     6.50 %     |
+-------------+----------------+
| GPU         | 0.31 G/6.00 G  |
+-------------+----------------+
| Memory      | 1.65 G/15.63 G |
+-------------+----------------+
Thu 19 Feb 2026 02:22:50 INFO  best valid : OrderedDict([('hit@10', 0.5483), ('ndcg@10', 0.4005), ('mrr@10', 0.3545)])
Thu 19 Feb 2026 02:22:50 INFO  test result: OrderedDict([('hit@10', 0.5013), ('ndcg@10', 0.3535), ('mrr@10', 0.3074)])
Thu 19 Feb 2026 02:22:50 WARNING  command line args [--models timeweaver --datasets amazon-beauty-5core-subset --timeweaver-variant aug --seeds 42,2023,2024 --device gpu --output results/timeweaver_ablations_beauty.json] will not be used in RecBole
Thu 19 Feb 2026 02:22:50 INFO  ['F:\\桌面\\recommendation_system\\scripts\\run_grid.py', '--models', 'timeweaver', '--datasets', 'amazon-beauty-5core-subset', '--timeweaver-variant', 'aug', '--seeds', '42,2023,2024', '--device', 'gpu', '--output', 'results/timeweaver_ablations_beauty.json']
Thu 19 Feb 2026 02:22:50 INFO  
General Hyper Parameters:
gpu_id = 0
use_gpu = True
seed = 2023
state = INFO
reproducibility = True
data_path = data/amazon\amazon-beauty-5core-subset
checkpoint_dir = saved
show_progress = True
save_dataset = False
dataset_save_path = None
save_dataloaders = False
dataloaders_save_path = None
log_wandb = False

Training Hyper Parameters:
epochs = 100
train_batch_size = 256
learner = adam
learning_rate = 0.001
train_neg_sample_args = {'distribution': 'none', 'sample_num': 'none', 'alpha': 'none', 'dynamic': False, 'candidate_num': 0}
eval_step = 1
stopping_step = 10
clip_grad_norm = None
weight_decay = 0.0
loss_decimal_place = 4

Evaluation Hyper Parameters:
eval_args = {'split': {'LS': 'valid_and_test'}, 'order': 'TO', 'group_by': 'user', 'mode': {'valid': 'uni100', 'test': 'uni100'}}
repeatable = True
metrics = ['Hit', 'NDCG', 'MRR']
topk = [10]
valid_metric = Hit@10
valid_metric_bigger = True
eval_batch_size = 512
metric_decimal_place = 4

Dataset Hyper Parameters:
field_separator = 	
seq_separator =  
USER_ID_FIELD = user_id
ITEM_ID_FIELD = item_id
RATING_FIELD = rating
TIME_FIELD = timestamp
seq_len = None
LABEL_FIELD = label
threshold = None
NEG_PREFIX = neg_
load_col = {'inter': ['user_id', 'item_id', 'rating', 'timestamp']}
unload_col = None
unused_col = None
additional_feat_suffix = None
rm_dup_inter = None
val_interval = None
filter_inter_by_user_or_item = True
user_inter_num_interval = [0,inf)
item_inter_num_interval = [0,inf)
alias_of_user_id = None
alias_of_item_id = None
alias_of_entity_id = None
alias_of_relation_id = None
preload_weight = None
normalize_field = None
normalize_all = None
ITEM_LIST_LENGTH_FIELD = item_length
LIST_SUFFIX = _list
MAX_ITEM_LIST_LENGTH = 32
POSITION_FIELD = position_id
HEAD_ENTITY_ID_FIELD = head_id
TAIL_ENTITY_ID_FIELD = tail_id
RELATION_ID_FIELD = relation_id
ENTITY_ID_FIELD = entity_id
benchmark_filename = None

Other Hyper Parameters: 
worker = 0
wandb_project = recbole
shuffle = True
require_pow = False
enable_amp = False
enable_scaler = False
transform = None
numerical_features = []
discretization = None
kg_reverse_r = False
entity_kg_num_interval = [0,inf)
relation_kg_num_interval = [0,inf)
MODEL_TYPE = ModelType.SEQUENTIAL
model_name = TimeWeaver
hidden_size = 64
num_layers = 2
hidden_dropout_prob = 0.5
initializer_range = 0.02
time_bucket_size = 1000
ema_decay = 0.5
tcn_kernel_size = -1
ffn_hidden_size = 256
loss_type = CE
early_stop = 10
neg_sampling = None
device = cuda
use_continuous_time = True
use_time_gate = True
use_time_augmentation = True
MODEL_INPUT_TYPE = InputType.POINTWISE
eval_type = EvaluatorType.RANKING
single_spec = True
local_rank = 0
valid_neg_sample_args = {'distribution': 'uniform', 'sample_num': 100}
test_neg_sample_args = {'distribution': 'uniform', 'sample_num': 100}


Thu 19 Feb 2026 02:22:50 INFO  amazon-beauty-5core-subset
The number of users: 7001
Average actions of users: 15.458
The number of items: 11924
Average actions of items: 9.075400486454752
The number of inters: 108206
The sparsity of the dataset: 99.87038081155896%
Remain Fields: ['user_id', 'item_id', 'rating', 'timestamp']
Thu 19 Feb 2026 02:22:52 INFO  [Training]: train_batch_size = [256] train_neg_sample_args: [{'distribution': 'none', 'sample_num': 'none', 'alpha': 'none', 'dynamic': False, 'candidate_num': 0}]
Thu 19 Feb 2026 02:22:52 INFO  [Evaluation]: eval_batch_size = [512] eval_args: [{'split': {'LS': 'valid_and_test'}, 'order': 'TO', 'group_by': 'user', 'mode': {'valid': 'uni100', 'test': 'uni100'}}]
Thu 19 Feb 2026 02:22:52 INFO  TimeWeaver(
  (item_embedding): Embedding(11924, 64, padding_idx=0)
  (time_aug): TimeAwareAugmentation(
    (pos_embedding): Embedding(32, 64)
    (time_embedder): ContinuousTimeEmbedding(
      (time2vec): Time2Vec()
    )
    (time_gate): TimeGate(
      (net): Sequential(
        (0): Linear(in_features=128, out_features=16, bias=True)
        (1): GELU(approximate='none')
        (2): Linear(in_features=16, out_features=64, bias=True)
        (3): Sigmoid()
      )
    )
    (layer_norm): LayerNorm((64,), eps=1e-05, elementwise_affine=True)
    (drop): Dropout(p=0.5, inplace=False)
  )
  (context_layers): ModuleList(
    (0-1): 2 x TCNNextBlock(
      (dw): DepthwiseConv1d(
        (conv): Conv1d(64, 64, kernel_size=(11,), stride=(1,), padding=(5,), groups=64)
        (bn): BatchNorm1d(64, eps=1e-05, momentum=0.1, affine=True, track_running_stats=True)
        (drop): Dropout(p=0.5, inplace=False)
      )
      (norm1): LayerNorm((64,), eps=1e-05, elementwise_affine=True)
      (conv_inter): ParallelConvInter(
        (conv1): Conv1d(64, 64, kernel_size=(1,), stride=(1,))
        (conv3): Conv1d(64, 64, kernel_size=(3,), stride=(1,), padding=(1,))
        (proj): Conv1d(64, 64, kernel_size=(1,), stride=(1,))
        (drop): Dropout(p=0.5, inplace=False)
      )
      (norm2): LayerNorm((64,), eps=1e-05, elementwise_affine=True)
      (ffn): Sequential(
        (0): Linear(in_features=64, out_features=256, bias=True)
        (1): GELU(approximate='none')
        (2): Dropout(p=0.5, inplace=False)
        (3): Linear(in_features=256, out_features=64, bias=True)
        (4): Dropout(p=0.5, inplace=False)
      )
      (norm3): LayerNorm((64,), eps=1e-05, elementwise_affine=True)
    )
  )
  (dynamic_layers): ModuleList(
    (0-1): 2 x EMAStream(
      (proj): Linear(in_features=64, out_features=64, bias=True)
    )
  )
  (weavers): ModuleList(
    (0-1): 2 x StreamWeaver(
      (proj): Linear(in_features=128, out_features=64, bias=True)
      (norm): LayerNorm((64,), eps=1e-05, elementwise_affine=True)
    )
  )
  (loss_fct): CrossEntropyLoss()
)
Trainable parameters: 903762.0
Thu 19 Feb 2026 02:22:52 INFO  FLOPs: 4395008.0
Thu 19 Feb 2026 02:23:28 INFO  epoch 0 training [time: 35.38s, train loss: 2950.8411]
Thu 19 Feb 2026 02:23:40 INFO  epoch 0 evaluating [time: 12.08s, valid_score: 0.448600]
Thu 19 Feb 2026 02:23:40 INFO  valid result: 
hit@10 : 0.4486    ndcg@10 : 0.2623    mrr@10 : 0.2045
Thu 19 Feb 2026 02:23:40 INFO  Saving current: saved\TimeWeaver-Feb-19-2026_02-22-52.pth
Thu 19 Feb 2026 02:24:13 INFO  epoch 1 training [time: 33.63s, train loss: 2709.1634]
Thu 19 Feb 2026 02:24:26 INFO  epoch 1 evaluating [time: 12.29s, valid_score: 0.513400]
Thu 19 Feb 2026 02:24:26 INFO  valid result: 
hit@10 : 0.5134    ndcg@10 : 0.3439    mrr@10 : 0.2908
Thu 19 Feb 2026 02:24:26 INFO  Saving current: saved\TimeWeaver-Feb-19-2026_02-22-52.pth
Thu 19 Feb 2026 02:25:01 INFO  epoch 2 training [time: 35.63s, train loss: 2580.9281]
Thu 19 Feb 2026 02:25:14 INFO  epoch 2 evaluating [time: 12.56s, valid_score: 0.538400]
Thu 19 Feb 2026 02:25:14 INFO  valid result: 
hit@10 : 0.5384    ndcg@10 : 0.3747    mrr@10 : 0.3233
Thu 19 Feb 2026 02:25:14 INFO  Saving current: saved\TimeWeaver-Feb-19-2026_02-22-52.pth
Thu 19 Feb 2026 02:26:04 INFO  epoch 3 training [time: 50.34s, train loss: 2486.6086]
Thu 19 Feb 2026 02:26:16 INFO  epoch 3 evaluating [time: 12.29s, valid_score: 0.546600]
Thu 19 Feb 2026 02:26:16 INFO  valid result: 
hit@10 : 0.5466    ndcg@10 : 0.3862    mrr@10 : 0.3359
Thu 19 Feb 2026 02:26:16 INFO  Saving current: saved\TimeWeaver-Feb-19-2026_02-22-52.pth
Thu 19 Feb 2026 02:27:24 INFO  epoch 4 training [time: 68.02s, train loss: 2401.3898]
Thu 19 Feb 2026 02:27:37 INFO  epoch 4 evaluating [time: 12.05s, valid_score: 0.543400]
Thu 19 Feb 2026 02:27:37 INFO  valid result: 
hit@10 : 0.5434    ndcg@10 : 0.3908    mrr@10 : 0.3431
Thu 19 Feb 2026 02:28:46 INFO  epoch 5 training [time: 69.97s, train loss: 2323.1277]
Thu 19 Feb 2026 02:28:59 INFO  epoch 5 evaluating [time: 12.53s, valid_score: 0.539600]
Thu 19 Feb 2026 02:28:59 INFO  valid result: 
hit@10 : 0.5396    ndcg@10 : 0.3899    mrr@10 : 0.343
Thu 19 Feb 2026 02:30:09 INFO  epoch 6 training [time: 70.25s, train loss: 2252.5456]
Thu 19 Feb 2026 02:30:21 INFO  epoch 6 evaluating [time: 12.09s, valid_score: 0.539400]
Thu 19 Feb 2026 02:30:21 INFO  valid result: 
hit@10 : 0.5394    ndcg@10 : 0.3928    mrr@10 : 0.3468
Thu 19 Feb 2026 02:31:32 INFO  epoch 7 training [time: 70.46s, train loss: 2189.8516]
Thu 19 Feb 2026 02:31:44 INFO  epoch 7 evaluating [time: 12.02s, valid_score: 0.541300]
Thu 19 Feb 2026 02:31:44 INFO  valid result: 
hit@10 : 0.5413    ndcg@10 : 0.3954    mrr@10 : 0.3497
Thu 19 Feb 2026 02:32:54 INFO  epoch 8 training [time: 70.49s, train loss: 2135.7852]
Thu 19 Feb 2026 02:33:07 INFO  epoch 8 evaluating [time: 12.58s, valid_score: 0.535700]
Thu 19 Feb 2026 02:33:07 INFO  valid result: 
hit@10 : 0.5357    ndcg@10 : 0.3922    mrr@10 : 0.3474
Thu 19 Feb 2026 02:34:17 INFO  epoch 9 training [time: 70.32s, train loss: 2088.9822]
Thu 19 Feb 2026 02:34:29 INFO  epoch 9 evaluating [time: 11.93s, valid_score: 0.537300]
Thu 19 Feb 2026 02:34:29 INFO  valid result: 
hit@10 : 0.5373    ndcg@10 : 0.3928    mrr@10 : 0.3478
Thu 19 Feb 2026 02:35:39 INFO  epoch 10 training [time: 70.04s, train loss: 2049.8103]
Thu 19 Feb 2026 02:35:51 INFO  epoch 10 evaluating [time: 11.94s, valid_score: 0.533000]
Thu 19 Feb 2026 02:35:51 INFO  valid result: 
hit@10 : 0.533    ndcg@10 : 0.3905    mrr@10 : 0.3459
Thu 19 Feb 2026 02:37:02 INFO  epoch 11 training [time: 70.47s, train loss: 2015.5036]
Thu 19 Feb 2026 02:37:14 INFO  epoch 11 evaluating [time: 12.61s, valid_score: 0.536400]
Thu 19 Feb 2026 02:37:14 INFO  valid result: 
hit@10 : 0.5364    ndcg@10 : 0.3938    mrr@10 : 0.3494
Thu 19 Feb 2026 02:38:23 INFO  epoch 12 training [time: 69.11s, train loss: 1985.8402]
Thu 19 Feb 2026 02:38:35 INFO  epoch 12 evaluating [time: 12.00s, valid_score: 0.538000]
Thu 19 Feb 2026 02:38:35 INFO  valid result: 
hit@10 : 0.538    ndcg@10 : 0.3944    mrr@10 : 0.3495
Thu 19 Feb 2026 02:39:45 INFO  epoch 13 training [time: 69.93s, train loss: 1958.2986]
Thu 19 Feb 2026 02:39:57 INFO  epoch 13 evaluating [time: 11.86s, valid_score: 0.541900]
Thu 19 Feb 2026 02:39:57 INFO  valid result: 
hit@10 : 0.5419    ndcg@10 : 0.3955    mrr@10 : 0.3499
Thu 19 Feb 2026 02:41:08 INFO  epoch 14 training [time: 71.03s, train loss: 1935.4547]
Thu 19 Feb 2026 02:41:21 INFO  epoch 14 evaluating [time: 12.32s, valid_score: 0.540900]
Thu 19 Feb 2026 02:41:21 INFO  valid result: 
hit@10 : 0.5409    ndcg@10 : 0.3942    mrr@10 : 0.3485
Thu 19 Feb 2026 02:41:21 INFO  Finished training, best eval result in epoch 3
Thu 19 Feb 2026 02:41:21 INFO  Loading model structure and parameters from saved\TimeWeaver-Feb-19-2026_02-22-52.pth
Thu 19 Feb 2026 02:41:33 INFO  The running environment of this training is as follows:
+-------------+----------------+
| Environment |     Usage      |
+=============+================+
| CPU         |     6.20 %     |
+-------------+----------------+
| GPU         | 0.31 G/6.00 G  |
+-------------+----------------+
| Memory      | 1.65 G/15.63 G |
+-------------+----------------+
Thu 19 Feb 2026 02:41:33 INFO  best valid : OrderedDict([('hit@10', 0.5466), ('ndcg@10', 0.3862), ('mrr@10', 0.3359)])
Thu 19 Feb 2026 02:41:33 INFO  test result: OrderedDict([('hit@10', 0.5033), ('ndcg@10', 0.339), ('mrr@10', 0.2876)])
Thu 19 Feb 2026 02:41:33 WARNING  command line args [--models timeweaver --datasets amazon-beauty-5core-subset --timeweaver-variant aug --seeds 42,2023,2024 --device gpu --output results/timeweaver_ablations_beauty.json] will not be used in RecBole
Thu 19 Feb 2026 02:41:33 INFO  ['F:\\桌面\\recommendation_system\\scripts\\run_grid.py', '--models', 'timeweaver', '--datasets', 'amazon-beauty-5core-subset', '--timeweaver-variant', 'aug', '--seeds', '42,2023,2024', '--device', 'gpu', '--output', 'results/timeweaver_ablations_beauty.json']
Thu 19 Feb 2026 02:41:33 INFO  
General Hyper Parameters:
gpu_id = 0
use_gpu = True
seed = 2024
state = INFO
reproducibility = True
data_path = data/amazon\amazon-beauty-5core-subset
checkpoint_dir = saved
show_progress = True
save_dataset = False
dataset_save_path = None
save_dataloaders = False
dataloaders_save_path = None
log_wandb = False

Training Hyper Parameters:
epochs = 100
train_batch_size = 256
learner = adam
learning_rate = 0.001
train_neg_sample_args = {'distribution': 'none', 'sample_num': 'none', 'alpha': 'none', 'dynamic': False, 'candidate_num': 0}
eval_step = 1
stopping_step = 10
clip_grad_norm = None
weight_decay = 0.0
loss_decimal_place = 4

Evaluation Hyper Parameters:
eval_args = {'split': {'LS': 'valid_and_test'}, 'order': 'TO', 'group_by': 'user', 'mode': {'valid': 'uni100', 'test': 'uni100'}}
repeatable = True
metrics = ['Hit', 'NDCG', 'MRR']
topk = [10]
valid_metric = Hit@10
valid_metric_bigger = True
eval_batch_size = 512
metric_decimal_place = 4

Dataset Hyper Parameters:
field_separator = 	
seq_separator =  
USER_ID_FIELD = user_id
ITEM_ID_FIELD = item_id
RATING_FIELD = rating
TIME_FIELD = timestamp
seq_len = None
LABEL_FIELD = label
threshold = None
NEG_PREFIX = neg_
load_col = {'inter': ['user_id', 'item_id', 'rating', 'timestamp']}
unload_col = None
unused_col = None
additional_feat_suffix = None
rm_dup_inter = None
val_interval = None
filter_inter_by_user_or_item = True
user_inter_num_interval = [0,inf)
item_inter_num_interval = [0,inf)
alias_of_user_id = None
alias_of_item_id = None
alias_of_entity_id = None
alias_of_relation_id = None
preload_weight = None
normalize_field = None
normalize_all = None
ITEM_LIST_LENGTH_FIELD = item_length
LIST_SUFFIX = _list
MAX_ITEM_LIST_LENGTH = 32
POSITION_FIELD = position_id
HEAD_ENTITY_ID_FIELD = head_id
TAIL_ENTITY_ID_FIELD = tail_id
RELATION_ID_FIELD = relation_id
ENTITY_ID_FIELD = entity_id
benchmark_filename = None

Other Hyper Parameters: 
worker = 0
wandb_project = recbole
shuffle = True
require_pow = False
enable_amp = False
enable_scaler = False
transform = None
numerical_features = []
discretization = None
kg_reverse_r = False
entity_kg_num_interval = [0,inf)
relation_kg_num_interval = [0,inf)
MODEL_TYPE = ModelType.SEQUENTIAL
model_name = TimeWeaver
hidden_size = 64
num_layers = 2
hidden_dropout_prob = 0.5
initializer_range = 0.02
time_bucket_size = 1000
ema_decay = 0.5
tcn_kernel_size = -1
ffn_hidden_size = 256
loss_type = CE
early_stop = 10
neg_sampling = None
device = cuda
use_continuous_time = True
use_time_gate = True
use_time_augmentation = True
MODEL_INPUT_TYPE = InputType.POINTWISE
eval_type = EvaluatorType.RANKING
single_spec = True
local_rank = 0
valid_neg_sample_args = {'distribution': 'uniform', 'sample_num': 100}
test_neg_sample_args = {'distribution': 'uniform', 'sample_num': 100}


Thu 19 Feb 2026 02:41:34 INFO  amazon-beauty-5core-subset
The number of users: 7001
Average actions of users: 15.458
The number of items: 11924
Average actions of items: 9.075400486454752
The number of inters: 108206
The sparsity of the dataset: 99.87038081155896%
Remain Fields: ['user_id', 'item_id', 'rating', 'timestamp']
Thu 19 Feb 2026 02:41:36 INFO  [Training]: train_batch_size = [256] train_neg_sample_args: [{'distribution': 'none', 'sample_num': 'none', 'alpha': 'none', 'dynamic': False, 'candidate_num': 0}]
Thu 19 Feb 2026 02:41:36 INFO  [Evaluation]: eval_batch_size = [512] eval_args: [{'split': {'LS': 'valid_and_test'}, 'order': 'TO', 'group_by': 'user', 'mode': {'valid': 'uni100', 'test': 'uni100'}}]
Thu 19 Feb 2026 02:41:36 INFO  TimeWeaver(
  (item_embedding): Embedding(11924, 64, padding_idx=0)
  (time_aug): TimeAwareAugmentation(
    (pos_embedding): Embedding(32, 64)
    (time_embedder): ContinuousTimeEmbedding(
      (time2vec): Time2Vec()
    )
    (time_gate): TimeGate(
      (net): Sequential(
        (0): Linear(in_features=128, out_features=16, bias=True)
        (1): GELU(approximate='none')
        (2): Linear(in_features=16, out_features=64, bias=True)
        (3): Sigmoid()
      )
    )
    (layer_norm): LayerNorm((64,), eps=1e-05, elementwise_affine=True)
    (drop): Dropout(p=0.5, inplace=False)
  )
  (context_layers): ModuleList(
    (0-1): 2 x TCNNextBlock(
      (dw): DepthwiseConv1d(
        (conv): Conv1d(64, 64, kernel_size=(11,), stride=(1,), padding=(5,), groups=64)
        (bn): BatchNorm1d(64, eps=1e-05, momentum=0.1, affine=True, track_running_stats=True)
        (drop): Dropout(p=0.5, inplace=False)
      )
      (norm1): LayerNorm((64,), eps=1e-05, elementwise_affine=True)
      (conv_inter): ParallelConvInter(
        (conv1): Conv1d(64, 64, kernel_size=(1,), stride=(1,))
        (conv3): Conv1d(64, 64, kernel_size=(3,), stride=(1,), padding=(1,))
        (proj): Conv1d(64, 64, kernel_size=(1,), stride=(1,))
        (drop): Dropout(p=0.5, inplace=False)
      )
      (norm2): LayerNorm((64,), eps=1e-05, elementwise_affine=True)
      (ffn): Sequential(
        (0): Linear(in_features=64, out_features=256, bias=True)
        (1): GELU(approximate='none')
        (2): Dropout(p=0.5, inplace=False)
        (3): Linear(in_features=256, out_features=64, bias=True)
        (4): Dropout(p=0.5, inplace=False)
      )
      (norm3): LayerNorm((64,), eps=1e-05, elementwise_affine=True)
    )
  )
  (dynamic_layers): ModuleList(
    (0-1): 2 x EMAStream(
      (proj): Linear(in_features=64, out_features=64, bias=True)
    )
  )
  (weavers): ModuleList(
    (0-1): 2 x StreamWeaver(
      (proj): Linear(in_features=128, out_features=64, bias=True)
      (norm): LayerNorm((64,), eps=1e-05, elementwise_affine=True)
    )
  )
  (loss_fct): CrossEntropyLoss()
)
Trainable parameters: 903762.0
Thu 19 Feb 2026 02:41:36 INFO  FLOPs: 4395008.0
Thu 19 Feb 2026 02:42:11 INFO  epoch 0 training [time: 35.40s, train loss: 2949.0569]
Thu 19 Feb 2026 02:42:23 INFO  epoch 0 evaluating [time: 12.37s, valid_score: 0.459300]
Thu 19 Feb 2026 02:42:23 INFO  valid result: 
hit@10 : 0.4593    ndcg@10 : 0.2711    mrr@10 : 0.2128
Thu 19 Feb 2026 02:42:24 INFO  Saving current: saved\TimeWeaver-Feb-19-2026_02-41-36.pth
Thu 19 Feb 2026 02:42:58 INFO  epoch 1 training [time: 34.00s, train loss: 2703.9635]
Thu 19 Feb 2026 02:43:10 INFO  epoch 1 evaluating [time: 12.24s, valid_score: 0.515600]
Thu 19 Feb 2026 02:43:10 INFO  valid result: 
hit@10 : 0.5156    ndcg@10 : 0.3433    mrr@10 : 0.2894
Thu 19 Feb 2026 02:43:10 INFO  Saving current: saved\TimeWeaver-Feb-19-2026_02-41-36.pth
Thu 19 Feb 2026 02:43:44 INFO  epoch 2 training [time: 34.41s, train loss: 2576.5605]
Thu 19 Feb 2026 02:43:56 INFO  epoch 2 evaluating [time: 12.27s, valid_score: 0.542100]
Thu 19 Feb 2026 02:43:56 INFO  valid result: 
hit@10 : 0.5421    ndcg@10 : 0.3726    mrr@10 : 0.3196
Thu 19 Feb 2026 02:43:56 INFO  Saving current: saved\TimeWeaver-Feb-19-2026_02-41-36.pth
Thu 19 Feb 2026 02:44:50 INFO  epoch 3 training [time: 53.06s, train loss: 2481.1119]
Thu 19 Feb 2026 02:45:02 INFO  epoch 3 evaluating [time: 12.79s, valid_score: 0.539900]
Thu 19 Feb 2026 02:45:02 INFO  valid result: 
hit@10 : 0.5399    ndcg@10 : 0.3826    mrr@10 : 0.3332
Thu 19 Feb 2026 02:46:11 INFO  epoch 4 training [time: 68.33s, train loss: 2394.5134]
Thu 19 Feb 2026 02:46:23 INFO  epoch 4 evaluating [time: 12.25s, valid_score: 0.539300]
Thu 19 Feb 2026 02:46:23 INFO  valid result: 
hit@10 : 0.5393    ndcg@10 : 0.3904    mrr@10 : 0.3437
Thu 19 Feb 2026 02:47:32 INFO  epoch 5 training [time: 69.29s, train loss: 2314.6319]
Thu 19 Feb 2026 02:47:44 INFO  epoch 5 evaluating [time: 12.23s, valid_score: 0.538300]
Thu 19 Feb 2026 02:47:44 INFO  valid result: 
hit@10 : 0.5383    ndcg@10 : 0.3902    mrr@10 : 0.3438
Thu 19 Feb 2026 02:48:55 INFO  epoch 6 training [time: 70.28s, train loss: 2244.0073]
Thu 19 Feb 2026 02:49:08 INFO  epoch 6 evaluating [time: 12.79s, valid_score: 0.536300]
Thu 19 Feb 2026 02:49:08 INFO  valid result: 
hit@10 : 0.5363    ndcg@10 : 0.3907    mrr@10 : 0.3452
Thu 19 Feb 2026 02:50:17 INFO  epoch 7 training [time: 69.68s, train loss: 2181.2229]
Thu 19 Feb 2026 02:50:29 INFO  epoch 7 evaluating [time: 12.13s, valid_score: 0.538300]
Thu 19 Feb 2026 02:50:29 INFO  valid result: 
hit@10 : 0.5383    ndcg@10 : 0.3941    mrr@10 : 0.349
Thu 19 Feb 2026 02:51:39 INFO  epoch 8 training [time: 69.90s, train loss: 2129.2874]
Thu 19 Feb 2026 02:51:51 INFO  epoch 8 evaluating [time: 12.09s, valid_score: 0.539000]
Thu 19 Feb 2026 02:51:51 INFO  valid result: 
hit@10 : 0.539    ndcg@10 : 0.3947    mrr@10 : 0.3497
Thu 19 Feb 2026 02:53:02 INFO  epoch 9 training [time: 70.62s, train loss: 2085.1801]
Thu 19 Feb 2026 02:53:15 INFO  epoch 9 evaluating [time: 12.75s, valid_score: 0.536400]
Thu 19 Feb 2026 02:53:15 INFO  valid result: 
hit@10 : 0.5364    ndcg@10 : 0.3928    mrr@10 : 0.348
Thu 19 Feb 2026 02:54:24 INFO  epoch 10 training [time: 69.33s, train loss: 2047.4136]
Thu 19 Feb 2026 02:54:36 INFO  epoch 10 evaluating [time: 12.11s, valid_score: 0.534300]
Thu 19 Feb 2026 02:54:36 INFO  valid result: 
hit@10 : 0.5343    ndcg@10 : 0.3906    mrr@10 : 0.3458
Thu 19 Feb 2026 02:55:46 INFO  epoch 11 training [time: 69.99s, train loss: 2013.9828]
Thu 19 Feb 2026 02:55:58 INFO  epoch 11 evaluating [time: 12.07s, valid_score: 0.537900]
Thu 19 Feb 2026 02:55:58 INFO  valid result: 
hit@10 : 0.5379    ndcg@10 : 0.3943    mrr@10 : 0.3494
Thu 19 Feb 2026 02:57:09 INFO  epoch 12 training [time: 70.93s, train loss: 1983.8221]
Thu 19 Feb 2026 02:57:22 INFO  epoch 12 evaluating [time: 12.45s, valid_score: 0.541300]
Thu 19 Feb 2026 02:57:22 INFO  valid result: 
hit@10 : 0.5413    ndcg@10 : 0.3961    mrr@10 : 0.3508
Thu 19 Feb 2026 02:58:31 INFO  epoch 13 training [time: 69.51s, train loss: 1958.4698]
Thu 19 Feb 2026 02:58:43 INFO  epoch 13 evaluating [time: 12.08s, valid_score: 0.543700]
Thu 19 Feb 2026 02:58:43 INFO  valid result: 
hit@10 : 0.5437    ndcg@10 : 0.3969    mrr@10 : 0.351
Thu 19 Feb 2026 02:58:43 INFO  Saving current: saved\TimeWeaver-Feb-19-2026_02-41-36.pth
Thu 19 Feb 2026 02:59:53 INFO  epoch 14 training [time: 69.65s, train loss: 1936.5088]
Thu 19 Feb 2026 03:00:05 INFO  epoch 14 evaluating [time: 12.19s, valid_score: 0.543300]
Thu 19 Feb 2026 03:00:05 INFO  valid result: 
hit@10 : 0.5433    ndcg@10 : 0.394    mrr@10 : 0.3474
Thu 19 Feb 2026 03:01:16 INFO  epoch 15 training [time: 70.84s, train loss: 1913.9158]
Thu 19 Feb 2026 03:01:28 INFO  epoch 15 evaluating [time: 12.08s, valid_score: 0.541300]
Thu 19 Feb 2026 03:01:28 INFO  valid result: 
hit@10 : 0.5413    ndcg@10 : 0.3911    mrr@10 : 0.3443
Thu 19 Feb 2026 03:02:37 INFO  epoch 16 training [time: 69.46s, train loss: 1893.9299]
Thu 19 Feb 2026 03:02:49 INFO  epoch 16 evaluating [time: 12.07s, valid_score: 0.543700]
Thu 19 Feb 2026 03:02:49 INFO  valid result: 
hit@10 : 0.5437    ndcg@10 : 0.3945    mrr@10 : 0.3482
Thu 19 Feb 2026 03:02:50 INFO  Saving current: saved\TimeWeaver-Feb-19-2026_02-41-36.pth
Thu 19 Feb 2026 03:03:59 INFO  epoch 17 training [time: 69.63s, train loss: 1876.8689]
Thu 19 Feb 2026 03:04:11 INFO  epoch 17 evaluating [time: 12.09s, valid_score: 0.542300]
Thu 19 Feb 2026 03:04:11 INFO  valid result: 
hit@10 : 0.5423    ndcg@10 : 0.3929    mrr@10 : 0.3462
Thu 19 Feb 2026 03:05:23 INFO  epoch 18 training [time: 71.38s, train loss: 1858.9740]
Thu 19 Feb 2026 03:05:35 INFO  epoch 18 evaluating [time: 12.09s, valid_score: 0.542300]
Thu 19 Feb 2026 03:05:35 INFO  valid result: 
hit@10 : 0.5423    ndcg@10 : 0.3922    mrr@10 : 0.3453
Thu 19 Feb 2026 03:06:44 INFO  epoch 19 training [time: 69.50s, train loss: 1841.2445]
Thu 19 Feb 2026 03:06:56 INFO  epoch 19 evaluating [time: 12.21s, valid_score: 0.539700]
Thu 19 Feb 2026 03:06:56 INFO  valid result: 
hit@10 : 0.5397    ndcg@10 : 0.3907    mrr@10 : 0.3443
Thu 19 Feb 2026 03:08:06 INFO  epoch 20 training [time: 69.83s, train loss: 1825.7998]
Thu 19 Feb 2026 03:08:18 INFO  epoch 20 evaluating [time: 12.19s, valid_score: 0.540300]
Thu 19 Feb 2026 03:08:18 INFO  valid result: 
hit@10 : 0.5403    ndcg@10 : 0.3927    mrr@10 : 0.3466
Thu 19 Feb 2026 03:09:30 INFO  epoch 21 training [time: 71.60s, train loss: 1810.3664]
Thu 19 Feb 2026 03:09:42 INFO  epoch 21 evaluating [time: 12.02s, valid_score: 0.541400]
Thu 19 Feb 2026 03:09:42 INFO  valid result: 
hit@10 : 0.5414    ndcg@10 : 0.3923    mrr@10 : 0.346
Thu 19 Feb 2026 03:10:52 INFO  epoch 22 training [time: 69.88s, train loss: 1795.2603]
Thu 19 Feb 2026 03:11:04 INFO  epoch 22 evaluating [time: 12.16s, valid_score: 0.540600]
Thu 19 Feb 2026 03:11:04 INFO  valid result: 
hit@10 : 0.5406    ndcg@10 : 0.3932    mrr@10 : 0.3472
Thu 19 Feb 2026 03:12:14 INFO  epoch 23 training [time: 69.86s, train loss: 1780.0290]
Thu 19 Feb 2026 03:12:26 INFO  epoch 23 evaluating [time: 12.38s, valid_score: 0.544400]
Thu 19 Feb 2026 03:12:26 INFO  valid result: 
hit@10 : 0.5444    ndcg@10 : 0.3928    mrr@10 : 0.3456
Thu 19 Feb 2026 03:12:26 INFO  Saving current: saved\TimeWeaver-Feb-19-2026_02-41-36.pth
Thu 19 Feb 2026 03:13:38 INFO  epoch 24 training [time: 71.38s, train loss: 1766.2911]
Thu 19 Feb 2026 03:13:50 INFO  epoch 24 evaluating [time: 12.22s, valid_score: 0.542400]
Thu 19 Feb 2026 03:13:50 INFO  valid result: 
hit@10 : 0.5424    ndcg@10 : 0.3889    mrr@10 : 0.3412
Thu 19 Feb 2026 03:15:00 INFO  epoch 25 training [time: 70.06s, train loss: 1748.7507]
Thu 19 Feb 2026 03:15:12 INFO  epoch 25 evaluating [time: 12.23s, valid_score: 0.535600]
Thu 19 Feb 2026 03:15:12 INFO  valid result: 
hit@10 : 0.5356    ndcg@10 : 0.3852    mrr@10 : 0.3384
Thu 19 Feb 2026 03:16:22 INFO  epoch 26 training [time: 69.32s, train loss: 1737.5721]
Thu 19 Feb 2026 03:16:34 INFO  epoch 26 evaluating [time: 12.37s, valid_score: 0.536100]
Thu 19 Feb 2026 03:16:34 INFO  valid result: 
hit@10 : 0.5361    ndcg@10 : 0.3851    mrr@10 : 0.3382
Thu 19 Feb 2026 03:17:45 INFO  epoch 27 training [time: 70.67s, train loss: 1724.0863]
Thu 19 Feb 2026 03:17:57 INFO  epoch 27 evaluating [time: 12.60s, valid_score: 0.537300]
Thu 19 Feb 2026 03:17:57 INFO  valid result: 
hit@10 : 0.5373    ndcg@10 : 0.3861    mrr@10 : 0.3389
Thu 19 Feb 2026 03:19:07 INFO  epoch 28 training [time: 69.92s, train loss: 1709.9747]
Thu 19 Feb 2026 03:19:19 INFO  epoch 28 evaluating [time: 12.17s, valid_score: 0.537700]
Thu 19 Feb 2026 03:19:19 INFO  valid result: 
hit@10 : 0.5377    ndcg@10 : 0.3867    mrr@10 : 0.3399
Thu 19 Feb 2026 03:20:29 INFO  epoch 29 training [time: 69.93s, train loss: 1698.8953]
Thu 19 Feb 2026 03:20:42 INFO  epoch 29 evaluating [time: 12.50s, valid_score: 0.538700]
Thu 19 Feb 2026 03:20:42 INFO  valid result: 
hit@10 : 0.5387    ndcg@10 : 0.389    mrr@10 : 0.3426
Thu 19 Feb 2026 03:21:52 INFO  epoch 30 training [time: 70.29s, train loss: 1686.4080]
Thu 19 Feb 2026 03:22:05 INFO  epoch 30 evaluating [time: 12.50s, valid_score: 0.534900]
Thu 19 Feb 2026 03:22:05 INFO  valid result: 
hit@10 : 0.5349    ndcg@10 : 0.3857    mrr@10 : 0.3393
Thu 19 Feb 2026 03:23:14 INFO  epoch 31 training [time: 69.84s, train loss: 1673.5639]
Thu 19 Feb 2026 03:23:27 INFO  epoch 31 evaluating [time: 12.17s, valid_score: 0.534700]
Thu 19 Feb 2026 03:23:27 INFO  valid result: 
hit@10 : 0.5347    ndcg@10 : 0.3854    mrr@10 : 0.3389
Thu 19 Feb 2026 03:24:37 INFO  epoch 32 training [time: 70.22s, train loss: 1665.1386]
Thu 19 Feb 2026 03:24:50 INFO  epoch 32 evaluating [time: 12.81s, valid_score: 0.529100]
Thu 19 Feb 2026 03:24:50 INFO  valid result: 
hit@10 : 0.5291    ndcg@10 : 0.3822    mrr@10 : 0.3364
Thu 19 Feb 2026 03:26:00 INFO  epoch 33 training [time: 70.19s, train loss: 1652.4811]
Thu 19 Feb 2026 03:26:12 INFO  epoch 33 evaluating [time: 12.49s, valid_score: 0.531000]
Thu 19 Feb 2026 03:26:12 INFO  valid result: 
hit@10 : 0.531    ndcg@10 : 0.3832    mrr@10 : 0.3371
Thu 19 Feb 2026 03:27:22 INFO  epoch 34 training [time: 69.58s, train loss: 1641.6939]
Thu 19 Feb 2026 03:27:34 INFO  epoch 34 evaluating [time: 12.13s, valid_score: 0.531900]
Thu 19 Feb 2026 03:27:34 INFO  valid result: 
hit@10 : 0.5319    ndcg@10 : 0.3797    mrr@10 : 0.3325
Thu 19 Feb 2026 03:27:34 INFO  Finished training, best eval result in epoch 23
Thu 19 Feb 2026 03:27:34 INFO  Loading model structure and parameters from saved\TimeWeaver-Feb-19-2026_02-41-36.pth
Thu 19 Feb 2026 03:27:47 INFO  The running environment of this training is as follows:
+-------------+----------------+
| Environment |     Usage      |
+=============+================+
| CPU         |     5.10 %     |
+-------------+----------------+
| GPU         | 0.31 G/6.00 G  |
+-------------+----------------+
| Memory      | 1.65 G/15.63 G |
+-------------+----------------+
Thu 19 Feb 2026 03:27:47 INFO  best valid : OrderedDict([('hit@10', 0.5444), ('ndcg@10', 0.3928), ('mrr@10', 0.3456)])
Thu 19 Feb 2026 03:27:47 INFO  test result: OrderedDict([('hit@10', 0.4879), ('ndcg@10', 0.3435), ('mrr@10', 0.2986)])
