Wed 18 Mar 2026 15:45:34 INFO  ['F:\\桌面\\recommendation_system\\scripts\\run_grid.py', '--models', 'timeweaver', '--datasets', 'amazon-sports-5core-longseq-full', '--timeweaver-variant', 'aug', '--seeds', '42,2023,2024', '--device', 'gpu', '--output', 'results/timeweaver_sportslong_aug_vs_augonly_full.json', '--skip-if-done']
Wed 18 Mar 2026 15:45:34 INFO  
General Hyper Parameters:
gpu_id = 0
use_gpu = True
seed = 42
state = INFO
reproducibility = True
data_path = data/amazon\amazon-sports-5core-longseq
checkpoint_dir = saved
show_progress = True
save_dataset = False
dataset_save_path = None
save_dataloaders = False
dataloaders_save_path = None
log_wandb = False

Training Hyper Parameters:
epochs = 100
train_batch_size = 256
learner = adam
learning_rate = 0.001
train_neg_sample_args = {'distribution': 'none', 'sample_num': 'none', 'alpha': 'none', 'dynamic': False, 'candidate_num': 0}
eval_step = 1
stopping_step = 10
clip_grad_norm = None
weight_decay = 0.0
loss_decimal_place = 4

Evaluation Hyper Parameters:
eval_args = {'split': {'LS': 'valid_and_test'}, 'order': 'TO', 'group_by': 'user', 'mode': {'valid': 'full', 'test': 'full'}}
repeatable = True
metrics = ['Hit', 'NDCG', 'MRR']
topk = [10]
valid_metric = Hit@10
valid_metric_bigger = True
eval_batch_size = 512
metric_decimal_place = 4

Dataset Hyper Parameters:
field_separator = 	
seq_separator =  
USER_ID_FIELD = user_id
ITEM_ID_FIELD = item_id
RATING_FIELD = rating
TIME_FIELD = timestamp
seq_len = None
LABEL_FIELD = label
threshold = None
NEG_PREFIX = neg_
load_col = {'inter': ['user_id', 'item_id', 'rating', 'timestamp']}
unload_col = None
unused_col = None
additional_feat_suffix = None
rm_dup_inter = None
val_interval = None
filter_inter_by_user_or_item = True
user_inter_num_interval = [0,inf)
item_inter_num_interval = [0,inf)
alias_of_user_id = None
alias_of_item_id = None
alias_of_entity_id = None
alias_of_relation_id = None
preload_weight = None
normalize_field = None
normalize_all = None
ITEM_LIST_LENGTH_FIELD = item_length
LIST_SUFFIX = _list
MAX_ITEM_LIST_LENGTH = 32
POSITION_FIELD = position_id
HEAD_ENTITY_ID_FIELD = head_id
TAIL_ENTITY_ID_FIELD = tail_id
RELATION_ID_FIELD = relation_id
ENTITY_ID_FIELD = entity_id
benchmark_filename = None

Other Hyper Parameters: 
worker = 0
wandb_project = recbole
shuffle = True
require_pow = False
enable_amp = False
enable_scaler = False
transform = None
numerical_features = []
discretization = None
kg_reverse_r = False
entity_kg_num_interval = [0,inf)
relation_kg_num_interval = [0,inf)
MODEL_TYPE = ModelType.SEQUENTIAL
contrastive_weight = 0.03
contrastive_temp = 0.2
time_aug_prob = 0.15
time_aug_strength = 0.05
time_aug_warmup_steps = 0
time_aug_ramp_steps = 2000
model_name = TimeWeaver
hidden_size = 64
num_layers = 2
hidden_dropout_prob = 0.5
initializer_range = 0.02
time_bucket_size = 1000
ema_decay = 0.5
tcn_kernel_size = -1
ffn_hidden_size = 256
loss_type = CE
early_stop = 10
neg_sampling = None
device = cuda
use_continuous_time = True
use_time_gate = True
use_time_augmentation = True
MODEL_INPUT_TYPE = InputType.POINTWISE
eval_type = EvaluatorType.RANKING
single_spec = True
local_rank = 0
valid_neg_sample_args = {'distribution': 'uniform', 'sample_num': 'none'}
test_neg_sample_args = {'distribution': 'uniform', 'sample_num': 'none'}


Wed 18 Mar 2026 15:45:34 INFO  amazon-sports-5core-longseq
The number of users: 2181
Average actions of users: 25.74678899082569
The number of items: 14556
Average actions of items: 3.8562693232566128
The number of inters: 56128
The sparsity of the dataset: 99.82320016520806%
Remain Fields: ['user_id', 'item_id', 'rating', 'timestamp']
Wed 18 Mar 2026 15:45:36 INFO  [Training]: train_batch_size = [256] train_neg_sample_args: [{'distribution': 'none', 'sample_num': 'none', 'alpha': 'none', 'dynamic': False, 'candidate_num': 0}]
Wed 18 Mar 2026 15:45:36 INFO  [Evaluation]: eval_batch_size = [512] eval_args: [{'split': {'LS': 'valid_and_test'}, 'order': 'TO', 'group_by': 'user', 'mode': {'valid': 'full', 'test': 'full'}}]
Wed 18 Mar 2026 15:45:36 INFO  TimeWeaver(
  (item_embedding): Embedding(14556, 64, padding_idx=0)
  (time_aug): TimeAwareAugmentation(
    (pos_embedding): Embedding(32, 64)
    (time_embedder): ContinuousTimeEmbedding(
      (time2vec): Time2Vec()
    )
    (time_gate): TimeGate(
      (net): Sequential(
        (0): Linear(in_features=128, out_features=16, bias=True)
        (1): GELU(approximate='none')
        (2): Linear(in_features=16, out_features=64, bias=True)
        (3): Sigmoid()
      )
    )
    (layer_norm): LayerNorm((64,), eps=1e-05, elementwise_affine=True)
    (drop): Dropout(p=0.5, inplace=False)
  )
  (context_layers): ModuleList(
    (0-1): 2 x TCNNextBlock(
      (dw): DepthwiseConv1d(
        (conv): Conv1d(64, 64, kernel_size=(11,), stride=(1,), padding=(5,), groups=64)
        (bn): BatchNorm1d(64, eps=1e-05, momentum=0.1, affine=True, track_running_stats=True)
        (drop): Dropout(p=0.5, inplace=False)
      )
      (norm1): LayerNorm((64,), eps=1e-05, elementwise_affine=True)
      (conv_inter): ParallelConvInter(
        (conv1): Conv1d(64, 64, kernel_size=(1,), stride=(1,))
        (conv3): Conv1d(64, 64, kernel_size=(3,), stride=(1,), padding=(1,))
        (proj): Conv1d(64, 64, kernel_size=(1,), stride=(1,))
        (drop): Dropout(p=0.5, inplace=False)
      )
      (norm2): LayerNorm((64,), eps=1e-05, elementwise_affine=True)
      (ffn): Sequential(
        (0): Linear(in_features=64, out_features=256, bias=True)
        (1): GELU(approximate='none')
        (2): Dropout(p=0.5, inplace=False)
        (3): Linear(in_features=256, out_features=64, bias=True)
        (4): Dropout(p=0.5, inplace=False)
      )
      (norm3): LayerNorm((64,), eps=1e-05, elementwise_affine=True)
    )
  )
  (dynamic_layers): ModuleList(
    (0-1): 2 x EMAStream(
      (proj): Linear(in_features=64, out_features=64, bias=True)
    )
  )
  (weavers): ModuleList(
    (0-1): 2 x StreamWeaver(
      (proj): Linear(in_features=128, out_features=64, bias=True)
      (norm): LayerNorm((64,), eps=1e-05, elementwise_affine=True)
    )
  )
  (loss_fct): CrossEntropyLoss()
)
Trainable parameters: 1072210.0
Wed 18 Mar 2026 15:45:36 INFO  FLOPs: 4395008.0
Wed 18 Mar 2026 15:46:05 INFO  epoch 0 training [time: 27.15s, train loss: 1814.8557]
Wed 18 Mar 2026 15:46:05 INFO  epoch 0 evaluating [time: 0.10s, valid_score: 0.012800]
Wed 18 Mar 2026 15:46:05 INFO  valid result: 
hit@10 : 0.0128    ndcg@10 : 0.0066    mrr@10 : 0.0047
Wed 18 Mar 2026 15:46:05 INFO  Saving current: saved\TimeWeaver-Mar-18-2026_15-45-36.pth
Wed 18 Mar 2026 15:46:43 INFO  epoch 1 training [time: 38.02s, train loss: 1749.2748]
Wed 18 Mar 2026 15:46:43 INFO  epoch 1 evaluating [time: 0.11s, valid_score: 0.015100]
Wed 18 Mar 2026 15:46:43 INFO  valid result: 
hit@10 : 0.0151    ndcg@10 : 0.0066    mrr@10 : 0.0041
Wed 18 Mar 2026 15:46:43 INFO  Saving current: saved\TimeWeaver-Mar-18-2026_15-45-36.pth
Wed 18 Mar 2026 15:47:23 INFO  epoch 2 training [time: 40.14s, train loss: 1698.3015]
Wed 18 Mar 2026 15:47:23 INFO  epoch 2 evaluating [time: 0.10s, valid_score: 0.017900]
Wed 18 Mar 2026 15:47:23 INFO  valid result: 
hit@10 : 0.0179    ndcg@10 : 0.0094    mrr@10 : 0.0068
Wed 18 Mar 2026 15:47:23 INFO  Saving current: saved\TimeWeaver-Mar-18-2026_15-45-36.pth
Wed 18 Mar 2026 15:48:05 INFO  epoch 3 training [time: 41.50s, train loss: 1631.2470]
Wed 18 Mar 2026 15:48:05 INFO  epoch 3 evaluating [time: 0.10s, valid_score: 0.021100]
Wed 18 Mar 2026 15:48:05 INFO  valid result: 
hit@10 : 0.0211    ndcg@10 : 0.0111    mrr@10 : 0.008
Wed 18 Mar 2026 15:48:05 INFO  Saving current: saved\TimeWeaver-Mar-18-2026_15-45-36.pth
Wed 18 Mar 2026 15:48:46 INFO  epoch 4 training [time: 41.43s, train loss: 1565.1188]
Wed 18 Mar 2026 15:48:47 INFO  epoch 4 evaluating [time: 0.10s, valid_score: 0.022500]
Wed 18 Mar 2026 15:48:47 INFO  valid result: 
hit@10 : 0.0225    ndcg@10 : 0.0105    mrr@10 : 0.0068
Wed 18 Mar 2026 15:48:47 INFO  Saving current: saved\TimeWeaver-Mar-18-2026_15-45-36.pth
Wed 18 Mar 2026 15:49:29 INFO  epoch 5 training [time: 42.69s, train loss: 1499.3531]
Wed 18 Mar 2026 15:49:29 INFO  epoch 5 evaluating [time: 0.10s, valid_score: 0.026100]
Wed 18 Mar 2026 15:49:29 INFO  valid result: 
hit@10 : 0.0261    ndcg@10 : 0.0129    mrr@10 : 0.009
Wed 18 Mar 2026 15:49:29 INFO  Saving current: saved\TimeWeaver-Mar-18-2026_15-45-36.pth
Wed 18 Mar 2026 15:50:10 INFO  epoch 6 training [time: 40.98s, train loss: 1432.0772]
Wed 18 Mar 2026 15:50:10 INFO  epoch 6 evaluating [time: 0.10s, valid_score: 0.022900]
Wed 18 Mar 2026 15:50:10 INFO  valid result: 
hit@10 : 0.0229    ndcg@10 : 0.0101    mrr@10 : 0.0062
Wed 18 Mar 2026 15:50:51 INFO  epoch 7 training [time: 40.48s, train loss: 1365.4034]
Wed 18 Mar 2026 15:50:51 INFO  epoch 7 evaluating [time: 0.09s, valid_score: 0.025200]
Wed 18 Mar 2026 15:50:51 INFO  valid result: 
hit@10 : 0.0252    ndcg@10 : 0.0118    mrr@10 : 0.0078
Wed 18 Mar 2026 15:51:33 INFO  epoch 8 training [time: 41.81s, train loss: 1301.6440]
Wed 18 Mar 2026 15:51:33 INFO  epoch 8 evaluating [time: 0.09s, valid_score: 0.029800]
Wed 18 Mar 2026 15:51:33 INFO  valid result: 
hit@10 : 0.0298    ndcg@10 : 0.0133    mrr@10 : 0.0083
Wed 18 Mar 2026 15:51:33 INFO  Saving current: saved\TimeWeaver-Mar-18-2026_15-45-36.pth
Wed 18 Mar 2026 15:52:15 INFO  epoch 9 training [time: 42.31s, train loss: 1243.2312]
Wed 18 Mar 2026 15:52:15 INFO  epoch 9 evaluating [time: 0.10s, valid_score: 0.028400]
Wed 18 Mar 2026 15:52:15 INFO  valid result: 
hit@10 : 0.0284    ndcg@10 : 0.0117    mrr@10 : 0.0067
Wed 18 Mar 2026 15:52:56 INFO  epoch 10 training [time: 40.76s, train loss: 1192.8734]
Wed 18 Mar 2026 15:52:56 INFO  epoch 10 evaluating [time: 0.09s, valid_score: 0.024800]
Wed 18 Mar 2026 15:52:56 INFO  valid result: 
hit@10 : 0.0248    ndcg@10 : 0.0104    mrr@10 : 0.0061
Wed 18 Mar 2026 15:53:38 INFO  epoch 11 training [time: 41.40s, train loss: 1145.2240]
Wed 18 Mar 2026 15:53:38 INFO  epoch 11 evaluating [time: 0.09s, valid_score: 0.028400]
Wed 18 Mar 2026 15:53:38 INFO  valid result: 
hit@10 : 0.0284    ndcg@10 : 0.0117    mrr@10 : 0.0067
Wed 18 Mar 2026 15:54:19 INFO  epoch 12 training [time: 41.04s, train loss: 1106.3889]
Wed 18 Mar 2026 15:54:19 INFO  epoch 12 evaluating [time: 0.09s, valid_score: 0.024300]
Wed 18 Mar 2026 15:54:19 INFO  valid result: 
hit@10 : 0.0243    ndcg@10 : 0.0107    mrr@10 : 0.0065
Wed 18 Mar 2026 15:55:00 INFO  epoch 13 training [time: 40.66s, train loss: 1070.3641]
Wed 18 Mar 2026 15:55:00 INFO  epoch 13 evaluating [time: 0.10s, valid_score: 0.026100]
Wed 18 Mar 2026 15:55:00 INFO  valid result: 
hit@10 : 0.0261    ndcg@10 : 0.0109    mrr@10 : 0.0063
Wed 18 Mar 2026 15:55:42 INFO  epoch 14 training [time: 42.67s, train loss: 1037.9735]
Wed 18 Mar 2026 15:55:42 INFO  epoch 14 evaluating [time: 0.10s, valid_score: 0.029400]
Wed 18 Mar 2026 15:55:42 INFO  valid result: 
hit@10 : 0.0294    ndcg@10 : 0.012    mrr@10 : 0.0068
Wed 18 Mar 2026 15:56:24 INFO  epoch 15 training [time: 41.61s, train loss: 1008.5048]
Wed 18 Mar 2026 15:56:24 INFO  epoch 15 evaluating [time: 0.09s, valid_score: 0.023900]
Wed 18 Mar 2026 15:56:24 INFO  valid result: 
hit@10 : 0.0239    ndcg@10 : 0.0101    mrr@10 : 0.0059
Wed 18 Mar 2026 15:57:05 INFO  epoch 16 training [time: 41.02s, train loss: 980.8220]
Wed 18 Mar 2026 15:57:05 INFO  epoch 16 evaluating [time: 0.09s, valid_score: 0.024800]
Wed 18 Mar 2026 15:57:05 INFO  valid result: 
hit@10 : 0.0248    ndcg@10 : 0.0104    mrr@10 : 0.006
Wed 18 Mar 2026 15:57:46 INFO  epoch 17 training [time: 40.89s, train loss: 959.1890]
Wed 18 Mar 2026 15:57:46 INFO  epoch 17 evaluating [time: 0.09s, valid_score: 0.024800]
Wed 18 Mar 2026 15:57:46 INFO  valid result: 
hit@10 : 0.0248    ndcg@10 : 0.0106    mrr@10 : 0.0063
Wed 18 Mar 2026 15:58:26 INFO  epoch 18 training [time: 40.25s, train loss: 936.3639]
Wed 18 Mar 2026 15:58:27 INFO  epoch 18 evaluating [time: 0.10s, valid_score: 0.025200]
Wed 18 Mar 2026 15:58:27 INFO  valid result: 
hit@10 : 0.0252    ndcg@10 : 0.0108    mrr@10 : 0.0065
Wed 18 Mar 2026 15:59:08 INFO  epoch 19 training [time: 41.07s, train loss: 915.0631]
Wed 18 Mar 2026 15:59:08 INFO  epoch 19 evaluating [time: 0.10s, valid_score: 0.023900]
Wed 18 Mar 2026 15:59:08 INFO  valid result: 
hit@10 : 0.0239    ndcg@10 : 0.0102    mrr@10 : 0.006
Wed 18 Mar 2026 15:59:08 INFO  Finished training, best eval result in epoch 8
Wed 18 Mar 2026 15:59:08 INFO  Loading model structure and parameters from saved\TimeWeaver-Mar-18-2026_15-45-36.pth
Wed 18 Mar 2026 15:59:09 INFO  The running environment of this training is as follows:
+-------------+----------------+
| Environment |     Usage      |
+=============+================+
| CPU         |     2.80 %     |
+-------------+----------------+
| GPU         | 0.44 G/6.00 G  |
+-------------+----------------+
| Memory      | 1.72 G/15.63 G |
+-------------+----------------+
Wed 18 Mar 2026 15:59:09 INFO  best valid : OrderedDict([('hit@10', 0.0298), ('ndcg@10', 0.0133), ('mrr@10', 0.0083)])
Wed 18 Mar 2026 15:59:09 INFO  test result: OrderedDict([('hit@10', 0.017), ('ndcg@10', 0.0084), ('mrr@10', 0.0059)])
Wed 18 Mar 2026 15:59:09 WARNING  command line args [--models timeweaver --datasets amazon-sports-5core-longseq-full --timeweaver-variant aug --seeds 42,2023,2024 --device gpu --output results/timeweaver_sportslong_aug_vs_augonly_full.json --skip-if-done] will not be used in RecBole
Wed 18 Mar 2026 15:59:09 INFO  ['F:\\桌面\\recommendation_system\\scripts\\run_grid.py', '--models', 'timeweaver', '--datasets', 'amazon-sports-5core-longseq-full', '--timeweaver-variant', 'aug', '--seeds', '42,2023,2024', '--device', 'gpu', '--output', 'results/timeweaver_sportslong_aug_vs_augonly_full.json', '--skip-if-done']
Wed 18 Mar 2026 15:59:09 INFO  
General Hyper Parameters:
gpu_id = 0
use_gpu = True
seed = 2023
state = INFO
reproducibility = True
data_path = data/amazon\amazon-sports-5core-longseq
checkpoint_dir = saved
show_progress = True
save_dataset = False
dataset_save_path = None
save_dataloaders = False
dataloaders_save_path = None
log_wandb = False

Training Hyper Parameters:
epochs = 100
train_batch_size = 256
learner = adam
learning_rate = 0.001
train_neg_sample_args = {'distribution': 'none', 'sample_num': 'none', 'alpha': 'none', 'dynamic': False, 'candidate_num': 0}
eval_step = 1
stopping_step = 10
clip_grad_norm = None
weight_decay = 0.0
loss_decimal_place = 4

Evaluation Hyper Parameters:
eval_args = {'split': {'LS': 'valid_and_test'}, 'order': 'TO', 'group_by': 'user', 'mode': {'valid': 'full', 'test': 'full'}}
repeatable = True
metrics = ['Hit', 'NDCG', 'MRR']
topk = [10]
valid_metric = Hit@10
valid_metric_bigger = True
eval_batch_size = 512
metric_decimal_place = 4

Dataset Hyper Parameters:
field_separator = 	
seq_separator =  
USER_ID_FIELD = user_id
ITEM_ID_FIELD = item_id
RATING_FIELD = rating
TIME_FIELD = timestamp
seq_len = None
LABEL_FIELD = label
threshold = None
NEG_PREFIX = neg_
load_col = {'inter': ['user_id', 'item_id', 'rating', 'timestamp']}
unload_col = None
unused_col = None
additional_feat_suffix = None
rm_dup_inter = None
val_interval = None
filter_inter_by_user_or_item = True
user_inter_num_interval = [0,inf)
item_inter_num_interval = [0,inf)
alias_of_user_id = None
alias_of_item_id = None
alias_of_entity_id = None
alias_of_relation_id = None
preload_weight = None
normalize_field = None
normalize_all = None
ITEM_LIST_LENGTH_FIELD = item_length
LIST_SUFFIX = _list
MAX_ITEM_LIST_LENGTH = 32
POSITION_FIELD = position_id
HEAD_ENTITY_ID_FIELD = head_id
TAIL_ENTITY_ID_FIELD = tail_id
RELATION_ID_FIELD = relation_id
ENTITY_ID_FIELD = entity_id
benchmark_filename = None

Other Hyper Parameters: 
worker = 0
wandb_project = recbole
shuffle = True
require_pow = False
enable_amp = False
enable_scaler = False
transform = None
numerical_features = []
discretization = None
kg_reverse_r = False
entity_kg_num_interval = [0,inf)
relation_kg_num_interval = [0,inf)
MODEL_TYPE = ModelType.SEQUENTIAL
contrastive_weight = 0.03
contrastive_temp = 0.2
time_aug_prob = 0.15
time_aug_strength = 0.05
time_aug_warmup_steps = 0
time_aug_ramp_steps = 2000
model_name = TimeWeaver
hidden_size = 64
num_layers = 2
hidden_dropout_prob = 0.5
initializer_range = 0.02
time_bucket_size = 1000
ema_decay = 0.5
tcn_kernel_size = -1
ffn_hidden_size = 256
loss_type = CE
early_stop = 10
neg_sampling = None
device = cuda
use_continuous_time = True
use_time_gate = True
use_time_augmentation = True
MODEL_INPUT_TYPE = InputType.POINTWISE
eval_type = EvaluatorType.RANKING
single_spec = True
local_rank = 0
valid_neg_sample_args = {'distribution': 'uniform', 'sample_num': 'none'}
test_neg_sample_args = {'distribution': 'uniform', 'sample_num': 'none'}


Wed 18 Mar 2026 15:59:09 INFO  amazon-sports-5core-longseq
The number of users: 2181
Average actions of users: 25.74678899082569
The number of items: 14556
Average actions of items: 3.8562693232566128
The number of inters: 56128
The sparsity of the dataset: 99.82320016520806%
Remain Fields: ['user_id', 'item_id', 'rating', 'timestamp']
Wed 18 Mar 2026 15:59:10 INFO  [Training]: train_batch_size = [256] train_neg_sample_args: [{'distribution': 'none', 'sample_num': 'none', 'alpha': 'none', 'dynamic': False, 'candidate_num': 0}]
Wed 18 Mar 2026 15:59:10 INFO  [Evaluation]: eval_batch_size = [512] eval_args: [{'split': {'LS': 'valid_and_test'}, 'order': 'TO', 'group_by': 'user', 'mode': {'valid': 'full', 'test': 'full'}}]
Wed 18 Mar 2026 15:59:10 INFO  TimeWeaver(
  (item_embedding): Embedding(14556, 64, padding_idx=0)
  (time_aug): TimeAwareAugmentation(
    (pos_embedding): Embedding(32, 64)
    (time_embedder): ContinuousTimeEmbedding(
      (time2vec): Time2Vec()
    )
    (time_gate): TimeGate(
      (net): Sequential(
        (0): Linear(in_features=128, out_features=16, bias=True)
        (1): GELU(approximate='none')
        (2): Linear(in_features=16, out_features=64, bias=True)
        (3): Sigmoid()
      )
    )
    (layer_norm): LayerNorm((64,), eps=1e-05, elementwise_affine=True)
    (drop): Dropout(p=0.5, inplace=False)
  )
  (context_layers): ModuleList(
    (0-1): 2 x TCNNextBlock(
      (dw): DepthwiseConv1d(
        (conv): Conv1d(64, 64, kernel_size=(11,), stride=(1,), padding=(5,), groups=64)
        (bn): BatchNorm1d(64, eps=1e-05, momentum=0.1, affine=True, track_running_stats=True)
        (drop): Dropout(p=0.5, inplace=False)
      )
      (norm1): LayerNorm((64,), eps=1e-05, elementwise_affine=True)
      (conv_inter): ParallelConvInter(
        (conv1): Conv1d(64, 64, kernel_size=(1,), stride=(1,))
        (conv3): Conv1d(64, 64, kernel_size=(3,), stride=(1,), padding=(1,))
        (proj): Conv1d(64, 64, kernel_size=(1,), stride=(1,))
        (drop): Dropout(p=0.5, inplace=False)
      )
      (norm2): LayerNorm((64,), eps=1e-05, elementwise_affine=True)
      (ffn): Sequential(
        (0): Linear(in_features=64, out_features=256, bias=True)
        (1): GELU(approximate='none')
        (2): Dropout(p=0.5, inplace=False)
        (3): Linear(in_features=256, out_features=64, bias=True)
        (4): Dropout(p=0.5, inplace=False)
      )
      (norm3): LayerNorm((64,), eps=1e-05, elementwise_affine=True)
    )
  )
  (dynamic_layers): ModuleList(
    (0-1): 2 x EMAStream(
      (proj): Linear(in_features=64, out_features=64, bias=True)
    )
  )
  (weavers): ModuleList(
    (0-1): 2 x StreamWeaver(
      (proj): Linear(in_features=128, out_features=64, bias=True)
      (norm): LayerNorm((64,), eps=1e-05, elementwise_affine=True)
    )
  )
  (loss_fct): CrossEntropyLoss()
)
Trainable parameters: 1072210.0
Wed 18 Mar 2026 15:59:10 INFO  FLOPs: 4395008.0
Wed 18 Mar 2026 15:59:38 INFO  epoch 0 training [time: 27.74s, train loss: 1815.3979]
Wed 18 Mar 2026 15:59:38 INFO  epoch 0 evaluating [time: 0.09s, valid_score: 0.012800]
Wed 18 Mar 2026 15:59:38 INFO  valid result: 
hit@10 : 0.0128    ndcg@10 : 0.0066    mrr@10 : 0.0047
Wed 18 Mar 2026 15:59:38 INFO  Saving current: saved\TimeWeaver-Mar-18-2026_15-59-10.pth
Wed 18 Mar 2026 16:00:20 INFO  epoch 1 training [time: 41.52s, train loss: 1752.4686]
Wed 18 Mar 2026 16:00:20 INFO  epoch 1 evaluating [time: 0.10s, valid_score: 0.013300]
Wed 18 Mar 2026 16:00:20 INFO  valid result: 
hit@10 : 0.0133    ndcg@10 : 0.0058    mrr@10 : 0.0036
Wed 18 Mar 2026 16:00:20 INFO  Saving current: saved\TimeWeaver-Mar-18-2026_15-59-10.pth
Wed 18 Mar 2026 16:01:01 INFO  epoch 2 training [time: 41.70s, train loss: 1704.1275]
Wed 18 Mar 2026 16:01:01 INFO  epoch 2 evaluating [time: 0.10s, valid_score: 0.017000]
Wed 18 Mar 2026 16:01:01 INFO  valid result: 
hit@10 : 0.017    ndcg@10 : 0.0074    mrr@10 : 0.0045
Wed 18 Mar 2026 16:01:01 INFO  Saving current: saved\TimeWeaver-Mar-18-2026_15-59-10.pth
Wed 18 Mar 2026 16:01:42 INFO  epoch 3 training [time: 40.65s, train loss: 1637.5648]
Wed 18 Mar 2026 16:01:42 INFO  epoch 3 evaluating [time: 0.11s, valid_score: 0.023900]
Wed 18 Mar 2026 16:01:42 INFO  valid result: 
hit@10 : 0.0239    ndcg@10 : 0.0116    mrr@10 : 0.0079
Wed 18 Mar 2026 16:01:42 INFO  Saving current: saved\TimeWeaver-Mar-18-2026_15-59-10.pth
Wed 18 Mar 2026 16:02:23 INFO  epoch 4 training [time: 40.40s, train loss: 1569.9139]
Wed 18 Mar 2026 16:02:23 INFO  epoch 4 evaluating [time: 0.10s, valid_score: 0.025700]
Wed 18 Mar 2026 16:02:23 INFO  valid result: 
hit@10 : 0.0257    ndcg@10 : 0.0134    mrr@10 : 0.0097
Wed 18 Mar 2026 16:02:23 INFO  Saving current: saved\TimeWeaver-Mar-18-2026_15-59-10.pth
Wed 18 Mar 2026 16:03:04 INFO  epoch 5 training [time: 41.55s, train loss: 1501.4011]
Wed 18 Mar 2026 16:03:04 INFO  epoch 5 evaluating [time: 0.10s, valid_score: 0.025200]
Wed 18 Mar 2026 16:03:04 INFO  valid result: 
hit@10 : 0.0252    ndcg@10 : 0.0116    mrr@10 : 0.0075
Wed 18 Mar 2026 16:03:49 INFO  epoch 6 training [time: 44.04s, train loss: 1435.2632]
Wed 18 Mar 2026 16:03:49 INFO  epoch 6 evaluating [time: 0.11s, valid_score: 0.023900]
Wed 18 Mar 2026 16:03:49 INFO  valid result: 
hit@10 : 0.0239    ndcg@10 : 0.0116    mrr@10 : 0.0079
Wed 18 Mar 2026 16:04:30 INFO  epoch 7 training [time: 41.35s, train loss: 1370.6275]
Wed 18 Mar 2026 16:04:30 INFO  epoch 7 evaluating [time: 0.10s, valid_score: 0.029800]
Wed 18 Mar 2026 16:04:30 INFO  valid result: 
hit@10 : 0.0298    ndcg@10 : 0.013    mrr@10 : 0.008
Wed 18 Mar 2026 16:04:30 INFO  Saving current: saved\TimeWeaver-Mar-18-2026_15-59-10.pth
Wed 18 Mar 2026 16:05:11 INFO  epoch 8 training [time: 41.10s, train loss: 1308.4361]
Wed 18 Mar 2026 16:05:11 INFO  epoch 8 evaluating [time: 0.10s, valid_score: 0.025700]
Wed 18 Mar 2026 16:05:11 INFO  valid result: 
hit@10 : 0.0257    ndcg@10 : 0.011    mrr@10 : 0.0066
Wed 18 Mar 2026 16:05:53 INFO  epoch 9 training [time: 41.57s, train loss: 1249.7911]
Wed 18 Mar 2026 16:05:53 INFO  epoch 9 evaluating [time: 0.11s, valid_score: 0.031700]
Wed 18 Mar 2026 16:05:53 INFO  valid result: 
hit@10 : 0.0317    ndcg@10 : 0.0134    mrr@10 : 0.0079
Wed 18 Mar 2026 16:05:53 INFO  Saving current: saved\TimeWeaver-Mar-18-2026_15-59-10.pth
Wed 18 Mar 2026 16:06:35 INFO  epoch 10 training [time: 41.64s, train loss: 1196.0976]
Wed 18 Mar 2026 16:06:35 INFO  epoch 10 evaluating [time: 0.10s, valid_score: 0.031200]
Wed 18 Mar 2026 16:06:35 INFO  valid result: 
hit@10 : 0.0312    ndcg@10 : 0.0139    mrr@10 : 0.0088
Wed 18 Mar 2026 16:07:16 INFO  epoch 11 training [time: 41.41s, train loss: 1149.7942]
Wed 18 Mar 2026 16:07:16 INFO  epoch 11 evaluating [time: 0.09s, valid_score: 0.030300]
Wed 18 Mar 2026 16:07:16 INFO  valid result: 
hit@10 : 0.0303    ndcg@10 : 0.0144    mrr@10 : 0.0096
Wed 18 Mar 2026 16:07:58 INFO  epoch 12 training [time: 42.25s, train loss: 1110.6162]
Wed 18 Mar 2026 16:07:59 INFO  epoch 12 evaluating [time: 0.11s, valid_score: 0.034900]
Wed 18 Mar 2026 16:07:59 INFO  valid result: 
hit@10 : 0.0349    ndcg@10 : 0.0153    mrr@10 : 0.0093
Wed 18 Mar 2026 16:07:59 INFO  Saving current: saved\TimeWeaver-Mar-18-2026_15-59-10.pth
Wed 18 Mar 2026 16:08:39 INFO  epoch 13 training [time: 40.87s, train loss: 1073.4598]
Wed 18 Mar 2026 16:08:40 INFO  epoch 13 evaluating [time: 0.10s, valid_score: 0.035800]
Wed 18 Mar 2026 16:08:40 INFO  valid result: 
hit@10 : 0.0358    ndcg@10 : 0.015    mrr@10 : 0.0087
Wed 18 Mar 2026 16:08:40 INFO  Saving current: saved\TimeWeaver-Mar-18-2026_15-59-10.pth
Wed 18 Mar 2026 16:09:20 INFO  epoch 14 training [time: 40.79s, train loss: 1038.6458]
Wed 18 Mar 2026 16:09:21 INFO  epoch 14 evaluating [time: 0.10s, valid_score: 0.032600]
Wed 18 Mar 2026 16:09:21 INFO  valid result: 
hit@10 : 0.0326    ndcg@10 : 0.0144    mrr@10 : 0.0089
Wed 18 Mar 2026 16:10:01 INFO  epoch 15 training [time: 40.93s, train loss: 1008.9241]
Wed 18 Mar 2026 16:10:02 INFO  epoch 15 evaluating [time: 0.10s, valid_score: 0.036200]
Wed 18 Mar 2026 16:10:02 INFO  valid result: 
hit@10 : 0.0362    ndcg@10 : 0.0153    mrr@10 : 0.009
Wed 18 Mar 2026 16:10:02 INFO  Saving current: saved\TimeWeaver-Mar-18-2026_15-59-10.pth
Wed 18 Mar 2026 16:10:43 INFO  epoch 16 training [time: 41.29s, train loss: 983.5379]
Wed 18 Mar 2026 16:10:43 INFO  epoch 16 evaluating [time: 0.10s, valid_score: 0.031200]
Wed 18 Mar 2026 16:10:43 INFO  valid result: 
hit@10 : 0.0312    ndcg@10 : 0.0146    mrr@10 : 0.0095
Wed 18 Mar 2026 16:11:24 INFO  epoch 17 training [time: 40.75s, train loss: 957.8945]
Wed 18 Mar 2026 16:11:24 INFO  epoch 17 evaluating [time: 0.10s, valid_score: 0.032100]
Wed 18 Mar 2026 16:11:24 INFO  valid result: 
hit@10 : 0.0321    ndcg@10 : 0.0138    mrr@10 : 0.0084
Wed 18 Mar 2026 16:12:05 INFO  epoch 18 training [time: 41.07s, train loss: 933.2677]
Wed 18 Mar 2026 16:12:05 INFO  epoch 18 evaluating [time: 0.11s, valid_score: 0.032600]
Wed 18 Mar 2026 16:12:05 INFO  valid result: 
hit@10 : 0.0326    ndcg@10 : 0.0146    mrr@10 : 0.0091
Wed 18 Mar 2026 16:12:46 INFO  epoch 19 training [time: 40.72s, train loss: 915.8951]
Wed 18 Mar 2026 16:12:46 INFO  epoch 19 evaluating [time: 0.10s, valid_score: 0.032100]
Wed 18 Mar 2026 16:12:46 INFO  valid result: 
hit@10 : 0.0321    ndcg@10 : 0.0146    mrr@10 : 0.0093
Wed 18 Mar 2026 16:13:26 INFO  epoch 20 training [time: 40.30s, train loss: 890.8447]
Wed 18 Mar 2026 16:13:26 INFO  epoch 20 evaluating [time: 0.10s, valid_score: 0.029800]
Wed 18 Mar 2026 16:13:26 INFO  valid result: 
hit@10 : 0.0298    ndcg@10 : 0.0133    mrr@10 : 0.0082
Wed 18 Mar 2026 16:14:08 INFO  epoch 21 training [time: 41.84s, train loss: 874.4831]
Wed 18 Mar 2026 16:14:08 INFO  epoch 21 evaluating [time: 0.10s, valid_score: 0.026600]
Wed 18 Mar 2026 16:14:08 INFO  valid result: 
hit@10 : 0.0266    ndcg@10 : 0.012    mrr@10 : 0.0076
Wed 18 Mar 2026 16:14:49 INFO  epoch 22 training [time: 40.66s, train loss: 857.9680]
Wed 18 Mar 2026 16:14:49 INFO  epoch 22 evaluating [time: 0.10s, valid_score: 0.030300]
Wed 18 Mar 2026 16:14:49 INFO  valid result: 
hit@10 : 0.0303    ndcg@10 : 0.0135    mrr@10 : 0.0084
Wed 18 Mar 2026 16:15:30 INFO  epoch 23 training [time: 40.86s, train loss: 841.2418]
Wed 18 Mar 2026 16:15:30 INFO  epoch 23 evaluating [time: 0.11s, valid_score: 0.028900]
Wed 18 Mar 2026 16:15:30 INFO  valid result: 
hit@10 : 0.0289    ndcg@10 : 0.0135    mrr@10 : 0.0089
Wed 18 Mar 2026 16:16:11 INFO  epoch 24 training [time: 41.13s, train loss: 823.5622]
Wed 18 Mar 2026 16:16:11 INFO  epoch 24 evaluating [time: 0.11s, valid_score: 0.027500]
Wed 18 Mar 2026 16:16:11 INFO  valid result: 
hit@10 : 0.0275    ndcg@10 : 0.0127    mrr@10 : 0.0082
Wed 18 Mar 2026 16:16:53 INFO  epoch 25 training [time: 41.43s, train loss: 812.0298]
Wed 18 Mar 2026 16:16:53 INFO  epoch 25 evaluating [time: 0.10s, valid_score: 0.026100]
Wed 18 Mar 2026 16:16:53 INFO  valid result: 
hit@10 : 0.0261    ndcg@10 : 0.0121    mrr@10 : 0.0079
Wed 18 Mar 2026 16:17:34 INFO  epoch 26 training [time: 40.94s, train loss: 796.9319]
Wed 18 Mar 2026 16:17:34 INFO  epoch 26 evaluating [time: 0.10s, valid_score: 0.024800]
Wed 18 Mar 2026 16:17:34 INFO  valid result: 
hit@10 : 0.0248    ndcg@10 : 0.0115    mrr@10 : 0.0075
Wed 18 Mar 2026 16:17:34 INFO  Finished training, best eval result in epoch 15
Wed 18 Mar 2026 16:17:34 INFO  Loading model structure and parameters from saved\TimeWeaver-Mar-18-2026_15-59-10.pth
Wed 18 Mar 2026 16:17:35 INFO  The running environment of this training is as follows:
+-------------+----------------+
| Environment |     Usage      |
+=============+================+
| CPU         |     4.20 %     |
+-------------+----------------+
| GPU         | 0.44 G/6.00 G  |
+-------------+----------------+
| Memory      | 1.08 G/15.63 G |
+-------------+----------------+
Wed 18 Mar 2026 16:17:35 INFO  best valid : OrderedDict([('hit@10', 0.0362), ('ndcg@10', 0.0153), ('mrr@10', 0.009)])
Wed 18 Mar 2026 16:17:35 INFO  test result: OrderedDict([('hit@10', 0.0225), ('ndcg@10', 0.0097), ('mrr@10', 0.0059)])
Wed 18 Mar 2026 16:17:35 WARNING  command line args [--models timeweaver --datasets amazon-sports-5core-longseq-full --timeweaver-variant aug --seeds 42,2023,2024 --device gpu --output results/timeweaver_sportslong_aug_vs_augonly_full.json --skip-if-done] will not be used in RecBole
Wed 18 Mar 2026 16:17:35 INFO  ['F:\\桌面\\recommendation_system\\scripts\\run_grid.py', '--models', 'timeweaver', '--datasets', 'amazon-sports-5core-longseq-full', '--timeweaver-variant', 'aug', '--seeds', '42,2023,2024', '--device', 'gpu', '--output', 'results/timeweaver_sportslong_aug_vs_augonly_full.json', '--skip-if-done']
Wed 18 Mar 2026 16:17:35 INFO  
General Hyper Parameters:
gpu_id = 0
use_gpu = True
seed = 2024
state = INFO
reproducibility = True
data_path = data/amazon\amazon-sports-5core-longseq
checkpoint_dir = saved
show_progress = True
save_dataset = False
dataset_save_path = None
save_dataloaders = False
dataloaders_save_path = None
log_wandb = False

Training Hyper Parameters:
epochs = 100
train_batch_size = 256
learner = adam
learning_rate = 0.001
train_neg_sample_args = {'distribution': 'none', 'sample_num': 'none', 'alpha': 'none', 'dynamic': False, 'candidate_num': 0}
eval_step = 1
stopping_step = 10
clip_grad_norm = None
weight_decay = 0.0
loss_decimal_place = 4

Evaluation Hyper Parameters:
eval_args = {'split': {'LS': 'valid_and_test'}, 'order': 'TO', 'group_by': 'user', 'mode': {'valid': 'full', 'test': 'full'}}
repeatable = True
metrics = ['Hit', 'NDCG', 'MRR']
topk = [10]
valid_metric = Hit@10
valid_metric_bigger = True
eval_batch_size = 512
metric_decimal_place = 4

Dataset Hyper Parameters:
field_separator = 	
seq_separator =  
USER_ID_FIELD = user_id
ITEM_ID_FIELD = item_id
RATING_FIELD = rating
TIME_FIELD = timestamp
seq_len = None
LABEL_FIELD = label
threshold = None
NEG_PREFIX = neg_
load_col = {'inter': ['user_id', 'item_id', 'rating', 'timestamp']}
unload_col = None
unused_col = None
additional_feat_suffix = None
rm_dup_inter = None
val_interval = None
filter_inter_by_user_or_item = True
user_inter_num_interval = [0,inf)
item_inter_num_interval = [0,inf)
alias_of_user_id = None
alias_of_item_id = None
alias_of_entity_id = None
alias_of_relation_id = None
preload_weight = None
normalize_field = None
normalize_all = None
ITEM_LIST_LENGTH_FIELD = item_length
LIST_SUFFIX = _list
MAX_ITEM_LIST_LENGTH = 32
POSITION_FIELD = position_id
HEAD_ENTITY_ID_FIELD = head_id
TAIL_ENTITY_ID_FIELD = tail_id
RELATION_ID_FIELD = relation_id
ENTITY_ID_FIELD = entity_id
benchmark_filename = None

Other Hyper Parameters: 
worker = 0
wandb_project = recbole
shuffle = True
require_pow = False
enable_amp = False
enable_scaler = False
transform = None
numerical_features = []
discretization = None
kg_reverse_r = False
entity_kg_num_interval = [0,inf)
relation_kg_num_interval = [0,inf)
MODEL_TYPE = ModelType.SEQUENTIAL
contrastive_weight = 0.03
contrastive_temp = 0.2
time_aug_prob = 0.15
time_aug_strength = 0.05
time_aug_warmup_steps = 0
time_aug_ramp_steps = 2000
model_name = TimeWeaver
hidden_size = 64
num_layers = 2
hidden_dropout_prob = 0.5
initializer_range = 0.02
time_bucket_size = 1000
ema_decay = 0.5
tcn_kernel_size = -1
ffn_hidden_size = 256
loss_type = CE
early_stop = 10
neg_sampling = None
device = cuda
use_continuous_time = True
use_time_gate = True
use_time_augmentation = True
MODEL_INPUT_TYPE = InputType.POINTWISE
eval_type = EvaluatorType.RANKING
single_spec = True
local_rank = 0
valid_neg_sample_args = {'distribution': 'uniform', 'sample_num': 'none'}
test_neg_sample_args = {'distribution': 'uniform', 'sample_num': 'none'}


Wed 18 Mar 2026 16:17:35 INFO  amazon-sports-5core-longseq
The number of users: 2181
Average actions of users: 25.74678899082569
The number of items: 14556
Average actions of items: 3.8562693232566128
The number of inters: 56128
The sparsity of the dataset: 99.82320016520806%
Remain Fields: ['user_id', 'item_id', 'rating', 'timestamp']
Wed 18 Mar 2026 16:17:36 INFO  [Training]: train_batch_size = [256] train_neg_sample_args: [{'distribution': 'none', 'sample_num': 'none', 'alpha': 'none', 'dynamic': False, 'candidate_num': 0}]
Wed 18 Mar 2026 16:17:36 INFO  [Evaluation]: eval_batch_size = [512] eval_args: [{'split': {'LS': 'valid_and_test'}, 'order': 'TO', 'group_by': 'user', 'mode': {'valid': 'full', 'test': 'full'}}]
Wed 18 Mar 2026 16:17:36 INFO  TimeWeaver(
  (item_embedding): Embedding(14556, 64, padding_idx=0)
  (time_aug): TimeAwareAugmentation(
    (pos_embedding): Embedding(32, 64)
    (time_embedder): ContinuousTimeEmbedding(
      (time2vec): Time2Vec()
    )
    (time_gate): TimeGate(
      (net): Sequential(
        (0): Linear(in_features=128, out_features=16, bias=True)
        (1): GELU(approximate='none')
        (2): Linear(in_features=16, out_features=64, bias=True)
        (3): Sigmoid()
      )
    )
    (layer_norm): LayerNorm((64,), eps=1e-05, elementwise_affine=True)
    (drop): Dropout(p=0.5, inplace=False)
  )
  (context_layers): ModuleList(
    (0-1): 2 x TCNNextBlock(
      (dw): DepthwiseConv1d(
        (conv): Conv1d(64, 64, kernel_size=(11,), stride=(1,), padding=(5,), groups=64)
        (bn): BatchNorm1d(64, eps=1e-05, momentum=0.1, affine=True, track_running_stats=True)
        (drop): Dropout(p=0.5, inplace=False)
      )
      (norm1): LayerNorm((64,), eps=1e-05, elementwise_affine=True)
      (conv_inter): ParallelConvInter(
        (conv1): Conv1d(64, 64, kernel_size=(1,), stride=(1,))
        (conv3): Conv1d(64, 64, kernel_size=(3,), stride=(1,), padding=(1,))
        (proj): Conv1d(64, 64, kernel_size=(1,), stride=(1,))
        (drop): Dropout(p=0.5, inplace=False)
      )
      (norm2): LayerNorm((64,), eps=1e-05, elementwise_affine=True)
      (ffn): Sequential(
        (0): Linear(in_features=64, out_features=256, bias=True)
        (1): GELU(approximate='none')
        (2): Dropout(p=0.5, inplace=False)
        (3): Linear(in_features=256, out_features=64, bias=True)
        (4): Dropout(p=0.5, inplace=False)
      )
      (norm3): LayerNorm((64,), eps=1e-05, elementwise_affine=True)
    )
  )
  (dynamic_layers): ModuleList(
    (0-1): 2 x EMAStream(
      (proj): Linear(in_features=64, out_features=64, bias=True)
    )
  )
  (weavers): ModuleList(
    (0-1): 2 x StreamWeaver(
      (proj): Linear(in_features=128, out_features=64, bias=True)
      (norm): LayerNorm((64,), eps=1e-05, elementwise_affine=True)
    )
  )
  (loss_fct): CrossEntropyLoss()
)
Trainable parameters: 1072210.0
Wed 18 Mar 2026 16:17:36 INFO  FLOPs: 4395008.0
Wed 18 Mar 2026 16:18:02 INFO  epoch 0 training [time: 26.01s, train loss: 1816.8111]
Wed 18 Mar 2026 16:18:02 INFO  epoch 0 evaluating [time: 0.09s, valid_score: 0.011500]
Wed 18 Mar 2026 16:18:02 INFO  valid result: 
hit@10 : 0.0115    ndcg@10 : 0.0063    mrr@10 : 0.0048
Wed 18 Mar 2026 16:18:02 INFO  Saving current: saved\TimeWeaver-Mar-18-2026_16-17-36.pth
Wed 18 Mar 2026 16:18:40 INFO  epoch 1 training [time: 38.24s, train loss: 1756.2070]
Wed 18 Mar 2026 16:18:41 INFO  epoch 1 evaluating [time: 0.11s, valid_score: 0.013800]
Wed 18 Mar 2026 16:18:41 INFO  valid result: 
hit@10 : 0.0138    ndcg@10 : 0.0064    mrr@10 : 0.0042
Wed 18 Mar 2026 16:18:41 INFO  Saving current: saved\TimeWeaver-Mar-18-2026_16-17-36.pth
Wed 18 Mar 2026 16:19:23 INFO  epoch 2 training [time: 42.53s, train loss: 1713.0819]
Wed 18 Mar 2026 16:19:23 INFO  epoch 2 evaluating [time: 0.11s, valid_score: 0.017400]
Wed 18 Mar 2026 16:19:23 INFO  valid result: 
hit@10 : 0.0174    ndcg@10 : 0.0086    mrr@10 : 0.0059
Wed 18 Mar 2026 16:19:23 INFO  Saving current: saved\TimeWeaver-Mar-18-2026_16-17-36.pth
Wed 18 Mar 2026 16:20:06 INFO  epoch 3 training [time: 42.46s, train loss: 1647.2226]
Wed 18 Mar 2026 16:20:06 INFO  epoch 3 evaluating [time: 0.10s, valid_score: 0.023400]
Wed 18 Mar 2026 16:20:06 INFO  valid result: 
hit@10 : 0.0234    ndcg@10 : 0.0114    mrr@10 : 0.0079
Wed 18 Mar 2026 16:20:06 INFO  Saving current: saved\TimeWeaver-Mar-18-2026_16-17-36.pth
Wed 18 Mar 2026 16:20:47 INFO  epoch 4 training [time: 40.61s, train loss: 1578.5354]
Wed 18 Mar 2026 16:20:47 INFO  epoch 4 evaluating [time: 0.10s, valid_score: 0.024300]
Wed 18 Mar 2026 16:20:47 INFO  valid result: 
hit@10 : 0.0243    ndcg@10 : 0.0117    mrr@10 : 0.0077
Wed 18 Mar 2026 16:20:47 INFO  Saving current: saved\TimeWeaver-Mar-18-2026_16-17-36.pth
Wed 18 Mar 2026 16:21:26 INFO  epoch 5 training [time: 39.53s, train loss: 1510.0078]
Wed 18 Mar 2026 16:21:26 INFO  epoch 5 evaluating [time: 0.10s, valid_score: 0.026600]
Wed 18 Mar 2026 16:21:26 INFO  valid result: 
hit@10 : 0.0266    ndcg@10 : 0.0132    mrr@10 : 0.0091
Wed 18 Mar 2026 16:21:26 INFO  Saving current: saved\TimeWeaver-Mar-18-2026_16-17-36.pth
Wed 18 Mar 2026 16:22:06 INFO  epoch 6 training [time: 39.99s, train loss: 1446.0413]
Wed 18 Mar 2026 16:22:06 INFO  epoch 6 evaluating [time: 0.09s, valid_score: 0.026100]
Wed 18 Mar 2026 16:22:06 INFO  valid result: 
hit@10 : 0.0261    ndcg@10 : 0.0125    mrr@10 : 0.0083
Wed 18 Mar 2026 16:22:47 INFO  epoch 7 training [time: 40.16s, train loss: 1380.8182]
Wed 18 Mar 2026 16:22:47 INFO  epoch 7 evaluating [time: 0.10s, valid_score: 0.024800]
Wed 18 Mar 2026 16:22:47 INFO  valid result: 
hit@10 : 0.0248    ndcg@10 : 0.0115    mrr@10 : 0.0074
Wed 18 Mar 2026 16:23:28 INFO  epoch 8 training [time: 41.04s, train loss: 1320.1022]
Wed 18 Mar 2026 16:23:28 INFO  epoch 8 evaluating [time: 0.11s, valid_score: 0.028000]
Wed 18 Mar 2026 16:23:28 INFO  valid result: 
hit@10 : 0.028    ndcg@10 : 0.0134    mrr@10 : 0.009
Wed 18 Mar 2026 16:23:28 INFO  Saving current: saved\TimeWeaver-Mar-18-2026_16-17-36.pth
Wed 18 Mar 2026 16:24:09 INFO  epoch 9 training [time: 41.32s, train loss: 1262.6367]
Wed 18 Mar 2026 16:24:09 INFO  epoch 9 evaluating [time: 0.10s, valid_score: 0.026600]
Wed 18 Mar 2026 16:24:09 INFO  valid result: 
hit@10 : 0.0266    ndcg@10 : 0.0117    mrr@10 : 0.0072
Wed 18 Mar 2026 16:24:50 INFO  epoch 10 training [time: 40.35s, train loss: 1207.4020]
Wed 18 Mar 2026 16:24:50 INFO  epoch 10 evaluating [time: 0.09s, valid_score: 0.029400]
Wed 18 Mar 2026 16:24:50 INFO  valid result: 
hit@10 : 0.0294    ndcg@10 : 0.013    mrr@10 : 0.0081
Wed 18 Mar 2026 16:24:50 INFO  Saving current: saved\TimeWeaver-Mar-18-2026_16-17-36.pth
Wed 18 Mar 2026 16:25:30 INFO  epoch 11 training [time: 40.67s, train loss: 1158.9191]
Wed 18 Mar 2026 16:25:31 INFO  epoch 11 evaluating [time: 0.10s, valid_score: 0.030300]
Wed 18 Mar 2026 16:25:31 INFO  valid result: 
hit@10 : 0.0303    ndcg@10 : 0.0132    mrr@10 : 0.0081
Wed 18 Mar 2026 16:25:31 INFO  Saving current: saved\TimeWeaver-Mar-18-2026_16-17-36.pth
Wed 18 Mar 2026 16:26:12 INFO  epoch 12 training [time: 41.76s, train loss: 1118.1507]
Wed 18 Mar 2026 16:26:12 INFO  epoch 12 evaluating [time: 0.10s, valid_score: 0.028000]
Wed 18 Mar 2026 16:26:12 INFO  valid result: 
hit@10 : 0.028    ndcg@10 : 0.012    mrr@10 : 0.0072
Wed 18 Mar 2026 16:26:54 INFO  epoch 13 training [time: 41.86s, train loss: 1076.6183]
Wed 18 Mar 2026 16:26:54 INFO  epoch 13 evaluating [time: 0.10s, valid_score: 0.027100]
Wed 18 Mar 2026 16:26:54 INFO  valid result: 
hit@10 : 0.0271    ndcg@10 : 0.0119    mrr@10 : 0.0073
Wed 18 Mar 2026 16:27:36 INFO  epoch 14 training [time: 41.55s, train loss: 1044.7717]
Wed 18 Mar 2026 16:27:36 INFO  epoch 14 evaluating [time: 0.09s, valid_score: 0.027500]
Wed 18 Mar 2026 16:27:36 INFO  valid result: 
hit@10 : 0.0275    ndcg@10 : 0.0129    mrr@10 : 0.0084
Wed 18 Mar 2026 16:28:18 INFO  epoch 15 training [time: 42.01s, train loss: 1013.7513]
Wed 18 Mar 2026 16:28:18 INFO  epoch 15 evaluating [time: 0.09s, valid_score: 0.024800]
Wed 18 Mar 2026 16:28:18 INFO  valid result: 
hit@10 : 0.0248    ndcg@10 : 0.011    mrr@10 : 0.0069
Wed 18 Mar 2026 16:28:59 INFO  epoch 16 training [time: 40.69s, train loss: 987.2036]
Wed 18 Mar 2026 16:28:59 INFO  epoch 16 evaluating [time: 0.10s, valid_score: 0.024800]
Wed 18 Mar 2026 16:28:59 INFO  valid result: 
hit@10 : 0.0248    ndcg@10 : 0.0105    mrr@10 : 0.0063
Wed 18 Mar 2026 16:29:40 INFO  epoch 17 training [time: 41.02s, train loss: 961.5385]
Wed 18 Mar 2026 16:29:40 INFO  epoch 17 evaluating [time: 0.09s, valid_score: 0.025200]
Wed 18 Mar 2026 16:29:40 INFO  valid result: 
hit@10 : 0.0252    ndcg@10 : 0.0108    mrr@10 : 0.0064
Wed 18 Mar 2026 16:30:21 INFO  epoch 18 training [time: 41.17s, train loss: 934.7700]
Wed 18 Mar 2026 16:30:21 INFO  epoch 18 evaluating [time: 0.10s, valid_score: 0.028000]
Wed 18 Mar 2026 16:30:21 INFO  valid result: 
hit@10 : 0.028    ndcg@10 : 0.0116    mrr@10 : 0.0067
Wed 18 Mar 2026 16:31:03 INFO  epoch 19 training [time: 41.26s, train loss: 915.7100]
Wed 18 Mar 2026 16:31:03 INFO  epoch 19 evaluating [time: 0.11s, valid_score: 0.025200]
Wed 18 Mar 2026 16:31:03 INFO  valid result: 
hit@10 : 0.0252    ndcg@10 : 0.0111    mrr@10 : 0.0069
Wed 18 Mar 2026 16:31:45 INFO  epoch 20 training [time: 42.57s, train loss: 895.1141]
Wed 18 Mar 2026 16:31:45 INFO  epoch 20 evaluating [time: 0.10s, valid_score: 0.022900]
Wed 18 Mar 2026 16:31:45 INFO  valid result: 
hit@10 : 0.0229    ndcg@10 : 0.0097    mrr@10 : 0.0057
Wed 18 Mar 2026 16:32:27 INFO  epoch 21 training [time: 41.75s, train loss: 876.4042]
Wed 18 Mar 2026 16:32:27 INFO  epoch 21 evaluating [time: 0.11s, valid_score: 0.022900]
Wed 18 Mar 2026 16:32:27 INFO  valid result: 
hit@10 : 0.0229    ndcg@10 : 0.0093    mrr@10 : 0.0053
Wed 18 Mar 2026 16:33:07 INFO  epoch 22 training [time: 39.99s, train loss: 858.1127]
Wed 18 Mar 2026 16:33:07 INFO  epoch 22 evaluating [time: 0.10s, valid_score: 0.024800]
Wed 18 Mar 2026 16:33:07 INFO  valid result: 
hit@10 : 0.0248    ndcg@10 : 0.0104    mrr@10 : 0.0063
Wed 18 Mar 2026 16:33:07 INFO  Finished training, best eval result in epoch 11
Wed 18 Mar 2026 16:33:07 INFO  Loading model structure and parameters from saved\TimeWeaver-Mar-18-2026_16-17-36.pth
Wed 18 Mar 2026 16:33:08 INFO  The running environment of this training is as follows:
+-------------+----------------+
| Environment |     Usage      |
+=============+================+
| CPU         |     5.50 %     |
+-------------+----------------+
| GPU         | 0.44 G/6.00 G  |
+-------------+----------------+
| Memory      | 0.69 G/15.63 G |
+-------------+----------------+
Wed 18 Mar 2026 16:33:08 INFO  best valid : OrderedDict([('hit@10', 0.0303), ('ndcg@10', 0.0132), ('mrr@10', 0.0081)])
Wed 18 Mar 2026 16:33:08 INFO  test result: OrderedDict([('hit@10', 0.022), ('ndcg@10', 0.01), ('mrr@10', 0.0065)])
