Thu 19 Feb 2026 09:49:06 INFO  ['F:\\桌面\\recommendation_system\\scripts\\run_grid.py', '--models', 'timeweaver', '--datasets', 'amazon-electronics-5core-subset', '--timeweaver-variant', 'cont', '--seeds', '42,2023,2024', '--device', 'gpu', '--output', 'results/timeweaver_ablations_elc.json']
Thu 19 Feb 2026 09:49:06 INFO  
General Hyper Parameters:
gpu_id = 0
use_gpu = True
seed = 42
state = INFO
reproducibility = True
data_path = data/amazon\amazon-electronics-5core-subset
checkpoint_dir = saved
show_progress = True
save_dataset = False
dataset_save_path = None
save_dataloaders = False
dataloaders_save_path = None
log_wandb = False

Training Hyper Parameters:
epochs = 100
train_batch_size = 256
learner = adam
learning_rate = 0.001
train_neg_sample_args = {'distribution': 'none', 'sample_num': 'none', 'alpha': 'none', 'dynamic': False, 'candidate_num': 0}
eval_step = 1
stopping_step = 10
clip_grad_norm = None
weight_decay = 0.0
loss_decimal_place = 4

Evaluation Hyper Parameters:
eval_args = {'split': {'LS': 'valid_and_test'}, 'order': 'TO', 'group_by': 'user', 'mode': {'valid': 'uni100', 'test': 'uni100'}}
repeatable = True
metrics = ['Hit', 'NDCG', 'MRR']
topk = [10]
valid_metric = Hit@10
valid_metric_bigger = True
eval_batch_size = 512
metric_decimal_place = 4

Dataset Hyper Parameters:
field_separator = 	
seq_separator =  
USER_ID_FIELD = user_id
ITEM_ID_FIELD = item_id
RATING_FIELD = rating
TIME_FIELD = timestamp
seq_len = None
LABEL_FIELD = label
threshold = None
NEG_PREFIX = neg_
load_col = {'inter': ['user_id', 'item_id', 'rating', 'timestamp']}
unload_col = None
unused_col = None
additional_feat_suffix = None
rm_dup_inter = None
val_interval = None
filter_inter_by_user_or_item = True
user_inter_num_interval = [0,inf)
item_inter_num_interval = [0,inf)
alias_of_user_id = None
alias_of_item_id = None
alias_of_entity_id = None
alias_of_relation_id = None
preload_weight = None
normalize_field = None
normalize_all = None
ITEM_LIST_LENGTH_FIELD = item_length
LIST_SUFFIX = _list
MAX_ITEM_LIST_LENGTH = 32
POSITION_FIELD = position_id
HEAD_ENTITY_ID_FIELD = head_id
TAIL_ENTITY_ID_FIELD = tail_id
RELATION_ID_FIELD = relation_id
ENTITY_ID_FIELD = entity_id
benchmark_filename = None

Other Hyper Parameters: 
worker = 0
wandb_project = recbole
shuffle = True
require_pow = False
enable_amp = False
enable_scaler = False
transform = None
numerical_features = []
discretization = None
kg_reverse_r = False
entity_kg_num_interval = [0,inf)
relation_kg_num_interval = [0,inf)
MODEL_TYPE = ModelType.SEQUENTIAL
model_name = TimeWeaver
hidden_size = 64
num_layers = 2
hidden_dropout_prob = 0.5
initializer_range = 0.02
time_bucket_size = 1000
ema_decay = 0.5
tcn_kernel_size = -1
ffn_hidden_size = 256
loss_type = CE
early_stop = 10
neg_sampling = None
device = cuda
use_continuous_time = True
use_time_gate = False
use_time_augmentation = False
MODEL_INPUT_TYPE = InputType.POINTWISE
eval_type = EvaluatorType.RANKING
single_spec = True
local_rank = 0
valid_neg_sample_args = {'distribution': 'uniform', 'sample_num': 100}
test_neg_sample_args = {'distribution': 'uniform', 'sample_num': 100}


Thu 19 Feb 2026 09:49:07 INFO  amazon-electronics-5core-subset
The number of users: 1501
Average actions of users: 108.42733333333334
The number of items: 54722
Average actions of items: 2.9721861808080994
The number of inters: 162641
The sparsity of the dataset: 99.80198988231011%
Remain Fields: ['user_id', 'item_id', 'rating', 'timestamp']
Thu 19 Feb 2026 09:49:10 INFO  [Training]: train_batch_size = [256] train_neg_sample_args: [{'distribution': 'none', 'sample_num': 'none', 'alpha': 'none', 'dynamic': False, 'candidate_num': 0}]
Thu 19 Feb 2026 09:49:10 INFO  [Evaluation]: eval_batch_size = [512] eval_args: [{'split': {'LS': 'valid_and_test'}, 'order': 'TO', 'group_by': 'user', 'mode': {'valid': 'uni100', 'test': 'uni100'}}]
Thu 19 Feb 2026 09:49:10 INFO  TimeWeaver(
  (item_embedding): Embedding(54722, 64, padding_idx=0)
  (time_aug): TimeAwareAugmentation(
    (pos_embedding): Embedding(32, 64)
    (time_embedder): ContinuousTimeEmbedding(
      (time2vec): Time2Vec()
    )
    (layer_norm): LayerNorm((64,), eps=1e-05, elementwise_affine=True)
    (drop): Dropout(p=0.5, inplace=False)
  )
  (context_layers): ModuleList(
    (0-1): 2 x TCNNextBlock(
      (dw): DepthwiseConv1d(
        (conv): Conv1d(64, 64, kernel_size=(11,), stride=(1,), padding=(5,), groups=64)
        (bn): BatchNorm1d(64, eps=1e-05, momentum=0.1, affine=True, track_running_stats=True)
        (drop): Dropout(p=0.5, inplace=False)
      )
      (norm1): LayerNorm((64,), eps=1e-05, elementwise_affine=True)
      (conv_inter): ParallelConvInter(
        (conv1): Conv1d(64, 64, kernel_size=(1,), stride=(1,))
        (conv3): Conv1d(64, 64, kernel_size=(3,), stride=(1,), padding=(1,))
        (proj): Conv1d(64, 64, kernel_size=(1,), stride=(1,))
        (drop): Dropout(p=0.5, inplace=False)
      )
      (norm2): LayerNorm((64,), eps=1e-05, elementwise_affine=True)
      (ffn): Sequential(
        (0): Linear(in_features=64, out_features=256, bias=True)
        (1): GELU(approximate='none')
        (2): Dropout(p=0.5, inplace=False)
        (3): Linear(in_features=256, out_features=64, bias=True)
        (4): Dropout(p=0.5, inplace=False)
      )
      (norm3): LayerNorm((64,), eps=1e-05, elementwise_affine=True)
    )
  )
  (dynamic_layers): ModuleList(
    (0-1): 2 x EMAStream(
      (proj): Linear(in_features=64, out_features=64, bias=True)
    )
  )
  (weavers): ModuleList(
    (0-1): 2 x StreamWeaver(
      (proj): Linear(in_features=128, out_features=64, bias=True)
      (norm): LayerNorm((64,), eps=1e-05, elementwise_affine=True)
    )
  )
  (loss_fct): CrossEntropyLoss()
)
Trainable parameters: 3639681.0
Thu 19 Feb 2026 09:49:10 INFO  FLOPs: 4296704.0
Thu 19 Feb 2026 09:50:06 INFO  epoch 0 training [time: 54.13s, train loss: 6518.9682]
Thu 19 Feb 2026 09:50:09 INFO  epoch 0 evaluating [time: 2.83s, valid_score: 0.342700]
Thu 19 Feb 2026 09:50:09 INFO  valid result: 
hit@10 : 0.3427    ndcg@10 : 0.2151    mrr@10 : 0.1754
Thu 19 Feb 2026 09:50:09 INFO  Saving current: saved\TimeWeaver-Feb-19-2026_09-49-10.pth
Thu 19 Feb 2026 09:51:02 INFO  epoch 1 training [time: 53.85s, train loss: 6117.0387]
Thu 19 Feb 2026 09:51:05 INFO  epoch 1 evaluating [time: 2.67s, valid_score: 0.412000]
Thu 19 Feb 2026 09:51:05 INFO  valid result: 
hit@10 : 0.412    ndcg@10 : 0.2613    mrr@10 : 0.2147
Thu 19 Feb 2026 09:51:05 INFO  Saving current: saved\TimeWeaver-Feb-19-2026_09-49-10.pth
Thu 19 Feb 2026 09:52:00 INFO  epoch 2 training [time: 54.90s, train loss: 5705.4632]
Thu 19 Feb 2026 09:52:03 INFO  epoch 2 evaluating [time: 2.69s, valid_score: 0.399300]
Thu 19 Feb 2026 09:52:03 INFO  valid result: 
hit@10 : 0.3993    ndcg@10 : 0.2639    mrr@10 : 0.2217
Thu 19 Feb 2026 09:52:59 INFO  epoch 3 training [time: 56.27s, train loss: 5263.3082]
Thu 19 Feb 2026 09:53:02 INFO  epoch 3 evaluating [time: 2.81s, valid_score: 0.386000]
Thu 19 Feb 2026 09:53:02 INFO  valid result: 
hit@10 : 0.386    ndcg@10 : 0.2601    mrr@10 : 0.2208
Thu 19 Feb 2026 09:53:57 INFO  epoch 4 training [time: 55.17s, train loss: 4837.7151]
Thu 19 Feb 2026 09:54:00 INFO  epoch 4 evaluating [time: 2.78s, valid_score: 0.387300]
Thu 19 Feb 2026 09:54:00 INFO  valid result: 
hit@10 : 0.3873    ndcg@10 : 0.2598    mrr@10 : 0.2203
Thu 19 Feb 2026 09:54:54 INFO  epoch 5 training [time: 54.48s, train loss: 4476.4545]
Thu 19 Feb 2026 09:54:57 INFO  epoch 5 evaluating [time: 2.64s, valid_score: 0.379300]
Thu 19 Feb 2026 09:54:57 INFO  valid result: 
hit@10 : 0.3793    ndcg@10 : 0.2621    mrr@10 : 0.2257
Thu 19 Feb 2026 09:55:52 INFO  epoch 6 training [time: 55.09s, train loss: 4182.9057]
Thu 19 Feb 2026 09:55:55 INFO  epoch 6 evaluating [time: 2.60s, valid_score: 0.371300]
Thu 19 Feb 2026 09:55:55 INFO  valid result: 
hit@10 : 0.3713    ndcg@10 : 0.2581    mrr@10 : 0.2234
Thu 19 Feb 2026 09:56:50 INFO  epoch 7 training [time: 55.32s, train loss: 3957.1867]
Thu 19 Feb 2026 09:56:53 INFO  epoch 7 evaluating [time: 2.83s, valid_score: 0.370700]
Thu 19 Feb 2026 09:56:53 INFO  valid result: 
hit@10 : 0.3707    ndcg@10 : 0.2611    mrr@10 : 0.2273
Thu 19 Feb 2026 09:57:48 INFO  epoch 8 training [time: 55.36s, train loss: 3783.4791]
Thu 19 Feb 2026 09:57:51 INFO  epoch 8 evaluating [time: 2.82s, valid_score: 0.362000]
Thu 19 Feb 2026 09:57:51 INFO  valid result: 
hit@10 : 0.362    ndcg@10 : 0.249    mrr@10 : 0.214
Thu 19 Feb 2026 09:58:46 INFO  epoch 9 training [time: 54.63s, train loss: 3636.9590]
Thu 19 Feb 2026 09:58:48 INFO  epoch 9 evaluating [time: 2.66s, valid_score: 0.366700]
Thu 19 Feb 2026 09:58:48 INFO  valid result: 
hit@10 : 0.3667    ndcg@10 : 0.2497    mrr@10 : 0.2137
Thu 19 Feb 2026 09:59:43 INFO  epoch 10 training [time: 55.25s, train loss: 3508.8939]
Thu 19 Feb 2026 09:59:46 INFO  epoch 10 evaluating [time: 2.65s, valid_score: 0.373300]
Thu 19 Feb 2026 09:59:46 INFO  valid result: 
hit@10 : 0.3733    ndcg@10 : 0.253    mrr@10 : 0.2157
Thu 19 Feb 2026 10:00:42 INFO  epoch 11 training [time: 56.12s, train loss: 3391.9495]
Thu 19 Feb 2026 10:00:45 INFO  epoch 11 evaluating [time: 2.89s, valid_score: 0.368000]
Thu 19 Feb 2026 10:00:45 INFO  valid result: 
hit@10 : 0.368    ndcg@10 : 0.2542    mrr@10 : 0.2188
Thu 19 Feb 2026 10:01:42 INFO  epoch 12 training [time: 56.52s, train loss: 3288.8473]
Thu 19 Feb 2026 10:01:44 INFO  epoch 12 evaluating [time: 2.63s, valid_score: 0.377300]
Thu 19 Feb 2026 10:01:44 INFO  valid result: 
hit@10 : 0.3773    ndcg@10 : 0.2625    mrr@10 : 0.227
Thu 19 Feb 2026 10:01:44 INFO  Finished training, best eval result in epoch 1
Thu 19 Feb 2026 10:01:44 INFO  Loading model structure and parameters from saved\TimeWeaver-Feb-19-2026_09-49-10.pth
Thu 19 Feb 2026 10:01:48 INFO  The running environment of this training is as follows:
+-------------+----------------+
| Environment |     Usage      |
+=============+================+
| CPU         |     5.00 %     |
+-------------+----------------+
| GPU         | 0.48 G/6.00 G  |
+-------------+----------------+
| Memory      | 1.63 G/15.63 G |
+-------------+----------------+
Thu 19 Feb 2026 10:01:48 INFO  best valid : OrderedDict([('hit@10', 0.412), ('ndcg@10', 0.2613), ('mrr@10', 0.2147)])
Thu 19 Feb 2026 10:01:48 INFO  test result: OrderedDict([('hit@10', 0.3407), ('ndcg@10', 0.2057), ('mrr@10', 0.164)])
Thu 19 Feb 2026 10:01:48 WARNING  command line args [--models timeweaver --datasets amazon-electronics-5core-subset --timeweaver-variant cont --seeds 42,2023,2024 --device gpu --output results/timeweaver_ablations_elc.json] will not be used in RecBole
Thu 19 Feb 2026 10:01:48 INFO  ['F:\\桌面\\recommendation_system\\scripts\\run_grid.py', '--models', 'timeweaver', '--datasets', 'amazon-electronics-5core-subset', '--timeweaver-variant', 'cont', '--seeds', '42,2023,2024', '--device', 'gpu', '--output', 'results/timeweaver_ablations_elc.json']
Thu 19 Feb 2026 10:01:48 INFO  
General Hyper Parameters:
gpu_id = 0
use_gpu = True
seed = 2023
state = INFO
reproducibility = True
data_path = data/amazon\amazon-electronics-5core-subset
checkpoint_dir = saved
show_progress = True
save_dataset = False
dataset_save_path = None
save_dataloaders = False
dataloaders_save_path = None
log_wandb = False

Training Hyper Parameters:
epochs = 100
train_batch_size = 256
learner = adam
learning_rate = 0.001
train_neg_sample_args = {'distribution': 'none', 'sample_num': 'none', 'alpha': 'none', 'dynamic': False, 'candidate_num': 0}
eval_step = 1
stopping_step = 10
clip_grad_norm = None
weight_decay = 0.0
loss_decimal_place = 4

Evaluation Hyper Parameters:
eval_args = {'split': {'LS': 'valid_and_test'}, 'order': 'TO', 'group_by': 'user', 'mode': {'valid': 'uni100', 'test': 'uni100'}}
repeatable = True
metrics = ['Hit', 'NDCG', 'MRR']
topk = [10]
valid_metric = Hit@10
valid_metric_bigger = True
eval_batch_size = 512
metric_decimal_place = 4

Dataset Hyper Parameters:
field_separator = 	
seq_separator =  
USER_ID_FIELD = user_id
ITEM_ID_FIELD = item_id
RATING_FIELD = rating
TIME_FIELD = timestamp
seq_len = None
LABEL_FIELD = label
threshold = None
NEG_PREFIX = neg_
load_col = {'inter': ['user_id', 'item_id', 'rating', 'timestamp']}
unload_col = None
unused_col = None
additional_feat_suffix = None
rm_dup_inter = None
val_interval = None
filter_inter_by_user_or_item = True
user_inter_num_interval = [0,inf)
item_inter_num_interval = [0,inf)
alias_of_user_id = None
alias_of_item_id = None
alias_of_entity_id = None
alias_of_relation_id = None
preload_weight = None
normalize_field = None
normalize_all = None
ITEM_LIST_LENGTH_FIELD = item_length
LIST_SUFFIX = _list
MAX_ITEM_LIST_LENGTH = 32
POSITION_FIELD = position_id
HEAD_ENTITY_ID_FIELD = head_id
TAIL_ENTITY_ID_FIELD = tail_id
RELATION_ID_FIELD = relation_id
ENTITY_ID_FIELD = entity_id
benchmark_filename = None

Other Hyper Parameters: 
worker = 0
wandb_project = recbole
shuffle = True
require_pow = False
enable_amp = False
enable_scaler = False
transform = None
numerical_features = []
discretization = None
kg_reverse_r = False
entity_kg_num_interval = [0,inf)
relation_kg_num_interval = [0,inf)
MODEL_TYPE = ModelType.SEQUENTIAL
model_name = TimeWeaver
hidden_size = 64
num_layers = 2
hidden_dropout_prob = 0.5
initializer_range = 0.02
time_bucket_size = 1000
ema_decay = 0.5
tcn_kernel_size = -1
ffn_hidden_size = 256
loss_type = CE
early_stop = 10
neg_sampling = None
device = cuda
use_continuous_time = True
use_time_gate = False
use_time_augmentation = False
MODEL_INPUT_TYPE = InputType.POINTWISE
eval_type = EvaluatorType.RANKING
single_spec = True
local_rank = 0
valid_neg_sample_args = {'distribution': 'uniform', 'sample_num': 100}
test_neg_sample_args = {'distribution': 'uniform', 'sample_num': 100}


Thu 19 Feb 2026 10:01:49 INFO  amazon-electronics-5core-subset
The number of users: 1501
Average actions of users: 108.42733333333334
The number of items: 54722
Average actions of items: 2.9721861808080994
The number of inters: 162641
The sparsity of the dataset: 99.80198988231011%
Remain Fields: ['user_id', 'item_id', 'rating', 'timestamp']
Thu 19 Feb 2026 10:01:51 INFO  [Training]: train_batch_size = [256] train_neg_sample_args: [{'distribution': 'none', 'sample_num': 'none', 'alpha': 'none', 'dynamic': False, 'candidate_num': 0}]
Thu 19 Feb 2026 10:01:51 INFO  [Evaluation]: eval_batch_size = [512] eval_args: [{'split': {'LS': 'valid_and_test'}, 'order': 'TO', 'group_by': 'user', 'mode': {'valid': 'uni100', 'test': 'uni100'}}]
Thu 19 Feb 2026 10:01:51 INFO  TimeWeaver(
  (item_embedding): Embedding(54722, 64, padding_idx=0)
  (time_aug): TimeAwareAugmentation(
    (pos_embedding): Embedding(32, 64)
    (time_embedder): ContinuousTimeEmbedding(
      (time2vec): Time2Vec()
    )
    (layer_norm): LayerNorm((64,), eps=1e-05, elementwise_affine=True)
    (drop): Dropout(p=0.5, inplace=False)
  )
  (context_layers): ModuleList(
    (0-1): 2 x TCNNextBlock(
      (dw): DepthwiseConv1d(
        (conv): Conv1d(64, 64, kernel_size=(11,), stride=(1,), padding=(5,), groups=64)
        (bn): BatchNorm1d(64, eps=1e-05, momentum=0.1, affine=True, track_running_stats=True)
        (drop): Dropout(p=0.5, inplace=False)
      )
      (norm1): LayerNorm((64,), eps=1e-05, elementwise_affine=True)
      (conv_inter): ParallelConvInter(
        (conv1): Conv1d(64, 64, kernel_size=(1,), stride=(1,))
        (conv3): Conv1d(64, 64, kernel_size=(3,), stride=(1,), padding=(1,))
        (proj): Conv1d(64, 64, kernel_size=(1,), stride=(1,))
        (drop): Dropout(p=0.5, inplace=False)
      )
      (norm2): LayerNorm((64,), eps=1e-05, elementwise_affine=True)
      (ffn): Sequential(
        (0): Linear(in_features=64, out_features=256, bias=True)
        (1): GELU(approximate='none')
        (2): Dropout(p=0.5, inplace=False)
        (3): Linear(in_features=256, out_features=64, bias=True)
        (4): Dropout(p=0.5, inplace=False)
      )
      (norm3): LayerNorm((64,), eps=1e-05, elementwise_affine=True)
    )
  )
  (dynamic_layers): ModuleList(
    (0-1): 2 x EMAStream(
      (proj): Linear(in_features=64, out_features=64, bias=True)
    )
  )
  (weavers): ModuleList(
    (0-1): 2 x StreamWeaver(
      (proj): Linear(in_features=128, out_features=64, bias=True)
      (norm): LayerNorm((64,), eps=1e-05, elementwise_affine=True)
    )
  )
  (loss_fct): CrossEntropyLoss()
)
Trainable parameters: 3639681.0
Thu 19 Feb 2026 10:01:51 INFO  FLOPs: 4296704.0
Thu 19 Feb 2026 10:02:48 INFO  epoch 0 training [time: 57.20s, train loss: 6523.4557]
Thu 19 Feb 2026 10:02:51 INFO  epoch 0 evaluating [time: 2.72s, valid_score: 0.366700]
Thu 19 Feb 2026 10:02:51 INFO  valid result: 
hit@10 : 0.3667    ndcg@10 : 0.2216    mrr@10 : 0.1766
Thu 19 Feb 2026 10:02:51 INFO  Saving current: saved\TimeWeaver-Feb-19-2026_10-01-51.pth
Thu 19 Feb 2026 10:03:47 INFO  epoch 1 training [time: 55.74s, train loss: 6145.8340]
Thu 19 Feb 2026 10:03:50 INFO  epoch 1 evaluating [time: 2.73s, valid_score: 0.422000]
Thu 19 Feb 2026 10:03:50 INFO  valid result: 
hit@10 : 0.422    ndcg@10 : 0.2706    mrr@10 : 0.2238
Thu 19 Feb 2026 10:03:50 INFO  Saving current: saved\TimeWeaver-Feb-19-2026_10-01-51.pth
Thu 19 Feb 2026 10:04:47 INFO  epoch 2 training [time: 56.90s, train loss: 5741.6145]
Thu 19 Feb 2026 10:04:49 INFO  epoch 2 evaluating [time: 2.83s, valid_score: 0.420700]
Thu 19 Feb 2026 10:04:49 INFO  valid result: 
hit@10 : 0.4207    ndcg@10 : 0.2743    mrr@10 : 0.2288
Thu 19 Feb 2026 10:05:45 INFO  epoch 3 training [time: 55.99s, train loss: 5303.5935]
Thu 19 Feb 2026 10:05:48 INFO  epoch 3 evaluating [time: 2.73s, valid_score: 0.412000]
Thu 19 Feb 2026 10:05:48 INFO  valid result: 
hit@10 : 0.412    ndcg@10 : 0.2842    mrr@10 : 0.2443
Thu 19 Feb 2026 10:06:44 INFO  epoch 4 training [time: 55.79s, train loss: 4881.0204]
Thu 19 Feb 2026 10:06:47 INFO  epoch 4 evaluating [time: 2.70s, valid_score: 0.403300]
Thu 19 Feb 2026 10:06:47 INFO  valid result: 
hit@10 : 0.4033    ndcg@10 : 0.2694    mrr@10 : 0.2278
Thu 19 Feb 2026 10:07:43 INFO  epoch 5 training [time: 55.93s, train loss: 4508.1815]
Thu 19 Feb 2026 10:07:45 INFO  epoch 5 evaluating [time: 2.76s, valid_score: 0.393300]
Thu 19 Feb 2026 10:07:45 INFO  valid result: 
hit@10 : 0.3933    ndcg@10 : 0.273    mrr@10 : 0.2356
Thu 19 Feb 2026 10:08:42 INFO  epoch 6 training [time: 56.25s, train loss: 4210.7680]
Thu 19 Feb 2026 10:08:44 INFO  epoch 6 evaluating [time: 2.84s, valid_score: 0.389300]
Thu 19 Feb 2026 10:08:44 INFO  valid result: 
hit@10 : 0.3893    ndcg@10 : 0.2603    mrr@10 : 0.2205
Thu 19 Feb 2026 10:09:40 INFO  epoch 7 training [time: 55.77s, train loss: 3975.4681]
Thu 19 Feb 2026 10:09:43 INFO  epoch 7 evaluating [time: 2.75s, valid_score: 0.394000]
Thu 19 Feb 2026 10:09:43 INFO  valid result: 
hit@10 : 0.394    ndcg@10 : 0.2692    mrr@10 : 0.2311
Thu 19 Feb 2026 10:10:39 INFO  epoch 8 training [time: 55.83s, train loss: 3787.8216]
Thu 19 Feb 2026 10:10:42 INFO  epoch 8 evaluating [time: 2.70s, valid_score: 0.386000]
Thu 19 Feb 2026 10:10:42 INFO  valid result: 
hit@10 : 0.386    ndcg@10 : 0.256    mrr@10 : 0.216
Thu 19 Feb 2026 10:11:37 INFO  epoch 9 training [time: 55.48s, train loss: 3634.8560]
Thu 19 Feb 2026 10:11:40 INFO  epoch 9 evaluating [time: 2.75s, valid_score: 0.384700]
Thu 19 Feb 2026 10:11:40 INFO  valid result: 
hit@10 : 0.3847    ndcg@10 : 0.2579    mrr@10 : 0.219
Thu 19 Feb 2026 10:12:36 INFO  epoch 10 training [time: 56.02s, train loss: 3497.0847]
Thu 19 Feb 2026 10:12:39 INFO  epoch 10 evaluating [time: 2.84s, valid_score: 0.370000]
Thu 19 Feb 2026 10:12:39 INFO  valid result: 
hit@10 : 0.37    ndcg@10 : 0.252    mrr@10 : 0.2154
Thu 19 Feb 2026 10:13:36 INFO  epoch 11 training [time: 56.99s, train loss: 3378.4917]
Thu 19 Feb 2026 10:13:38 INFO  epoch 11 evaluating [time: 2.72s, valid_score: 0.379300]
Thu 19 Feb 2026 10:13:38 INFO  valid result: 
hit@10 : 0.3793    ndcg@10 : 0.2606    mrr@10 : 0.224
Thu 19 Feb 2026 10:14:34 INFO  epoch 12 training [time: 55.82s, train loss: 3269.4988]
Thu 19 Feb 2026 10:14:37 INFO  epoch 12 evaluating [time: 2.73s, valid_score: 0.381300]
Thu 19 Feb 2026 10:14:37 INFO  valid result: 
hit@10 : 0.3813    ndcg@10 : 0.2546    mrr@10 : 0.2155
Thu 19 Feb 2026 10:14:37 INFO  Finished training, best eval result in epoch 1
Thu 19 Feb 2026 10:14:37 INFO  Loading model structure and parameters from saved\TimeWeaver-Feb-19-2026_10-01-51.pth
Thu 19 Feb 2026 10:14:40 INFO  The running environment of this training is as follows:
+-------------+----------------+
| Environment |     Usage      |
+=============+================+
| CPU         |     8.60 %     |
+-------------+----------------+
| GPU         | 0.48 G/6.00 G  |
+-------------+----------------+
| Memory      | 1.56 G/15.63 G |
+-------------+----------------+
Thu 19 Feb 2026 10:14:40 INFO  best valid : OrderedDict([('hit@10', 0.422), ('ndcg@10', 0.2706), ('mrr@10', 0.2238)])
Thu 19 Feb 2026 10:14:40 INFO  test result: OrderedDict([('hit@10', 0.3553), ('ndcg@10', 0.2162), ('mrr@10', 0.1735)])
Thu 19 Feb 2026 10:14:41 WARNING  command line args [--models timeweaver --datasets amazon-electronics-5core-subset --timeweaver-variant cont --seeds 42,2023,2024 --device gpu --output results/timeweaver_ablations_elc.json] will not be used in RecBole
Thu 19 Feb 2026 10:14:41 INFO  ['F:\\桌面\\recommendation_system\\scripts\\run_grid.py', '--models', 'timeweaver', '--datasets', 'amazon-electronics-5core-subset', '--timeweaver-variant', 'cont', '--seeds', '42,2023,2024', '--device', 'gpu', '--output', 'results/timeweaver_ablations_elc.json']
Thu 19 Feb 2026 10:14:41 INFO  
General Hyper Parameters:
gpu_id = 0
use_gpu = True
seed = 2024
state = INFO
reproducibility = True
data_path = data/amazon\amazon-electronics-5core-subset
checkpoint_dir = saved
show_progress = True
save_dataset = False
dataset_save_path = None
save_dataloaders = False
dataloaders_save_path = None
log_wandb = False

Training Hyper Parameters:
epochs = 100
train_batch_size = 256
learner = adam
learning_rate = 0.001
train_neg_sample_args = {'distribution': 'none', 'sample_num': 'none', 'alpha': 'none', 'dynamic': False, 'candidate_num': 0}
eval_step = 1
stopping_step = 10
clip_grad_norm = None
weight_decay = 0.0
loss_decimal_place = 4

Evaluation Hyper Parameters:
eval_args = {'split': {'LS': 'valid_and_test'}, 'order': 'TO', 'group_by': 'user', 'mode': {'valid': 'uni100', 'test': 'uni100'}}
repeatable = True
metrics = ['Hit', 'NDCG', 'MRR']
topk = [10]
valid_metric = Hit@10
valid_metric_bigger = True
eval_batch_size = 512
metric_decimal_place = 4

Dataset Hyper Parameters:
field_separator = 	
seq_separator =  
USER_ID_FIELD = user_id
ITEM_ID_FIELD = item_id
RATING_FIELD = rating
TIME_FIELD = timestamp
seq_len = None
LABEL_FIELD = label
threshold = None
NEG_PREFIX = neg_
load_col = {'inter': ['user_id', 'item_id', 'rating', 'timestamp']}
unload_col = None
unused_col = None
additional_feat_suffix = None
rm_dup_inter = None
val_interval = None
filter_inter_by_user_or_item = True
user_inter_num_interval = [0,inf)
item_inter_num_interval = [0,inf)
alias_of_user_id = None
alias_of_item_id = None
alias_of_entity_id = None
alias_of_relation_id = None
preload_weight = None
normalize_field = None
normalize_all = None
ITEM_LIST_LENGTH_FIELD = item_length
LIST_SUFFIX = _list
MAX_ITEM_LIST_LENGTH = 32
POSITION_FIELD = position_id
HEAD_ENTITY_ID_FIELD = head_id
TAIL_ENTITY_ID_FIELD = tail_id
RELATION_ID_FIELD = relation_id
ENTITY_ID_FIELD = entity_id
benchmark_filename = None

Other Hyper Parameters: 
worker = 0
wandb_project = recbole
shuffle = True
require_pow = False
enable_amp = False
enable_scaler = False
transform = None
numerical_features = []
discretization = None
kg_reverse_r = False
entity_kg_num_interval = [0,inf)
relation_kg_num_interval = [0,inf)
MODEL_TYPE = ModelType.SEQUENTIAL
model_name = TimeWeaver
hidden_size = 64
num_layers = 2
hidden_dropout_prob = 0.5
initializer_range = 0.02
time_bucket_size = 1000
ema_decay = 0.5
tcn_kernel_size = -1
ffn_hidden_size = 256
loss_type = CE
early_stop = 10
neg_sampling = None
device = cuda
use_continuous_time = True
use_time_gate = False
use_time_augmentation = False
MODEL_INPUT_TYPE = InputType.POINTWISE
eval_type = EvaluatorType.RANKING
single_spec = True
local_rank = 0
valid_neg_sample_args = {'distribution': 'uniform', 'sample_num': 100}
test_neg_sample_args = {'distribution': 'uniform', 'sample_num': 100}


Thu 19 Feb 2026 10:14:41 INFO  amazon-electronics-5core-subset
The number of users: 1501
Average actions of users: 108.42733333333334
The number of items: 54722
Average actions of items: 2.9721861808080994
The number of inters: 162641
The sparsity of the dataset: 99.80198988231011%
Remain Fields: ['user_id', 'item_id', 'rating', 'timestamp']
Thu 19 Feb 2026 10:14:44 INFO  [Training]: train_batch_size = [256] train_neg_sample_args: [{'distribution': 'none', 'sample_num': 'none', 'alpha': 'none', 'dynamic': False, 'candidate_num': 0}]
Thu 19 Feb 2026 10:14:44 INFO  [Evaluation]: eval_batch_size = [512] eval_args: [{'split': {'LS': 'valid_and_test'}, 'order': 'TO', 'group_by': 'user', 'mode': {'valid': 'uni100', 'test': 'uni100'}}]
Thu 19 Feb 2026 10:14:44 INFO  TimeWeaver(
  (item_embedding): Embedding(54722, 64, padding_idx=0)
  (time_aug): TimeAwareAugmentation(
    (pos_embedding): Embedding(32, 64)
    (time_embedder): ContinuousTimeEmbedding(
      (time2vec): Time2Vec()
    )
    (layer_norm): LayerNorm((64,), eps=1e-05, elementwise_affine=True)
    (drop): Dropout(p=0.5, inplace=False)
  )
  (context_layers): ModuleList(
    (0-1): 2 x TCNNextBlock(
      (dw): DepthwiseConv1d(
        (conv): Conv1d(64, 64, kernel_size=(11,), stride=(1,), padding=(5,), groups=64)
        (bn): BatchNorm1d(64, eps=1e-05, momentum=0.1, affine=True, track_running_stats=True)
        (drop): Dropout(p=0.5, inplace=False)
      )
      (norm1): LayerNorm((64,), eps=1e-05, elementwise_affine=True)
      (conv_inter): ParallelConvInter(
        (conv1): Conv1d(64, 64, kernel_size=(1,), stride=(1,))
        (conv3): Conv1d(64, 64, kernel_size=(3,), stride=(1,), padding=(1,))
        (proj): Conv1d(64, 64, kernel_size=(1,), stride=(1,))
        (drop): Dropout(p=0.5, inplace=False)
      )
      (norm2): LayerNorm((64,), eps=1e-05, elementwise_affine=True)
      (ffn): Sequential(
        (0): Linear(in_features=64, out_features=256, bias=True)
        (1): GELU(approximate='none')
        (2): Dropout(p=0.5, inplace=False)
        (3): Linear(in_features=256, out_features=64, bias=True)
        (4): Dropout(p=0.5, inplace=False)
      )
      (norm3): LayerNorm((64,), eps=1e-05, elementwise_affine=True)
    )
  )
  (dynamic_layers): ModuleList(
    (0-1): 2 x EMAStream(
      (proj): Linear(in_features=64, out_features=64, bias=True)
    )
  )
  (weavers): ModuleList(
    (0-1): 2 x StreamWeaver(
      (proj): Linear(in_features=128, out_features=64, bias=True)
      (norm): LayerNorm((64,), eps=1e-05, elementwise_affine=True)
    )
  )
  (loss_fct): CrossEntropyLoss()
)
Trainable parameters: 3639681.0
Thu 19 Feb 2026 10:14:44 INFO  FLOPs: 4296704.0
Thu 19 Feb 2026 10:15:41 INFO  epoch 0 training [time: 56.94s, train loss: 6525.3665]
Thu 19 Feb 2026 10:15:43 INFO  epoch 0 evaluating [time: 2.77s, valid_score: 0.366000]
Thu 19 Feb 2026 10:15:43 INFO  valid result: 
hit@10 : 0.366    ndcg@10 : 0.2177    mrr@10 : 0.1723
Thu 19 Feb 2026 10:15:43 INFO  Saving current: saved\TimeWeaver-Feb-19-2026_10-14-44.pth
Thu 19 Feb 2026 10:16:39 INFO  epoch 1 training [time: 55.99s, train loss: 6144.7131]
Thu 19 Feb 2026 10:16:42 INFO  epoch 1 evaluating [time: 2.85s, valid_score: 0.409300]
Thu 19 Feb 2026 10:16:42 INFO  valid result: 
hit@10 : 0.4093    ndcg@10 : 0.2624    mrr@10 : 0.2167
Thu 19 Feb 2026 10:16:42 INFO  Saving current: saved\TimeWeaver-Feb-19-2026_10-14-44.pth
Thu 19 Feb 2026 10:17:39 INFO  epoch 2 training [time: 56.94s, train loss: 5743.6895]
Thu 19 Feb 2026 10:17:42 INFO  epoch 2 evaluating [time: 2.71s, valid_score: 0.409300]
Thu 19 Feb 2026 10:17:42 INFO  valid result: 
hit@10 : 0.4093    ndcg@10 : 0.2681    mrr@10 : 0.2243
Thu 19 Feb 2026 10:17:42 INFO  Saving current: saved\TimeWeaver-Feb-19-2026_10-14-44.pth
Thu 19 Feb 2026 10:18:38 INFO  epoch 3 training [time: 56.15s, train loss: 5316.6313]
Thu 19 Feb 2026 10:18:41 INFO  epoch 3 evaluating [time: 2.81s, valid_score: 0.384000]
Thu 19 Feb 2026 10:18:41 INFO  valid result: 
hit@10 : 0.384    ndcg@10 : 0.2532    mrr@10 : 0.2125
Thu 19 Feb 2026 10:19:36 INFO  epoch 4 training [time: 55.52s, train loss: 4896.8427]
Thu 19 Feb 2026 10:19:39 INFO  epoch 4 evaluating [time: 2.69s, valid_score: 0.397300]
Thu 19 Feb 2026 10:19:39 INFO  valid result: 
hit@10 : 0.3973    ndcg@10 : 0.2673    mrr@10 : 0.2269
Thu 19 Feb 2026 10:20:35 INFO  epoch 5 training [time: 56.20s, train loss: 4524.3336]
Thu 19 Feb 2026 10:20:38 INFO  epoch 5 evaluating [time: 2.88s, valid_score: 0.387300]
Thu 19 Feb 2026 10:20:38 INFO  valid result: 
hit@10 : 0.3873    ndcg@10 : 0.2651    mrr@10 : 0.2271
Thu 19 Feb 2026 10:21:35 INFO  epoch 6 training [time: 57.29s, train loss: 4220.6333]
Thu 19 Feb 2026 10:21:38 INFO  epoch 6 evaluating [time: 2.75s, valid_score: 0.396000]
Thu 19 Feb 2026 10:21:38 INFO  valid result: 
hit@10 : 0.396    ndcg@10 : 0.2738    mrr@10 : 0.236
Thu 19 Feb 2026 10:22:34 INFO  epoch 7 training [time: 56.24s, train loss: 3990.8594]
Thu 19 Feb 2026 10:22:37 INFO  epoch 7 evaluating [time: 2.73s, valid_score: 0.388000]
Thu 19 Feb 2026 10:22:37 INFO  valid result: 
hit@10 : 0.388    ndcg@10 : 0.2619    mrr@10 : 0.2227
Thu 19 Feb 2026 10:23:33 INFO  epoch 8 training [time: 55.73s, train loss: 3807.4975]
Thu 19 Feb 2026 10:23:36 INFO  epoch 8 evaluating [time: 2.71s, valid_score: 0.392700]
Thu 19 Feb 2026 10:23:36 INFO  valid result: 
hit@10 : 0.3927    ndcg@10 : 0.2633    mrr@10 : 0.2234
Thu 19 Feb 2026 10:24:31 INFO  epoch 9 training [time: 55.79s, train loss: 3653.0824]
Thu 19 Feb 2026 10:24:34 INFO  epoch 9 evaluating [time: 2.86s, valid_score: 0.376000]
Thu 19 Feb 2026 10:24:34 INFO  valid result: 
hit@10 : 0.376    ndcg@10 : 0.2534    mrr@10 : 0.2158
Thu 19 Feb 2026 10:25:32 INFO  epoch 10 training [time: 57.81s, train loss: 3520.1081]
Thu 19 Feb 2026 10:25:35 INFO  epoch 10 evaluating [time: 2.68s, valid_score: 0.390000]
Thu 19 Feb 2026 10:25:35 INFO  valid result: 
hit@10 : 0.39    ndcg@10 : 0.2608    mrr@10 : 0.2208
Thu 19 Feb 2026 10:26:31 INFO  epoch 11 training [time: 56.15s, train loss: 3402.3391]
Thu 19 Feb 2026 10:26:34 INFO  epoch 11 evaluating [time: 2.79s, valid_score: 0.386700]
Thu 19 Feb 2026 10:26:34 INFO  valid result: 
hit@10 : 0.3867    ndcg@10 : 0.2627    mrr@10 : 0.2247
Thu 19 Feb 2026 10:27:30 INFO  epoch 12 training [time: 55.80s, train loss: 3295.5709]
Thu 19 Feb 2026 10:27:32 INFO  epoch 12 evaluating [time: 2.76s, valid_score: 0.371300]
Thu 19 Feb 2026 10:27:32 INFO  valid result: 
hit@10 : 0.3713    ndcg@10 : 0.2488    mrr@10 : 0.211
Thu 19 Feb 2026 10:28:29 INFO  epoch 13 training [time: 56.28s, train loss: 3195.2659]
Thu 19 Feb 2026 10:28:31 INFO  epoch 13 evaluating [time: 2.81s, valid_score: 0.395300]
Thu 19 Feb 2026 10:28:31 INFO  valid result: 
hit@10 : 0.3953    ndcg@10 : 0.2691    mrr@10 : 0.2301
Thu 19 Feb 2026 10:28:31 INFO  Finished training, best eval result in epoch 2
Thu 19 Feb 2026 10:28:31 INFO  Loading model structure and parameters from saved\TimeWeaver-Feb-19-2026_10-14-44.pth
Thu 19 Feb 2026 10:28:35 INFO  The running environment of this training is as follows:
+-------------+----------------+
| Environment |     Usage      |
+=============+================+
| CPU         |    12.30 %     |
+-------------+----------------+
| GPU         | 0.48 G/6.00 G  |
+-------------+----------------+
| Memory      | 1.56 G/15.63 G |
+-------------+----------------+
Thu 19 Feb 2026 10:28:35 INFO  best valid : OrderedDict([('hit@10', 0.4093), ('ndcg@10', 0.2681), ('mrr@10', 0.2243)])
Thu 19 Feb 2026 10:28:35 INFO  test result: OrderedDict([('hit@10', 0.362), ('ndcg@10', 0.2311), ('mrr@10', 0.1911)])
