Thu 05 Feb 2026 17:49:01 INFO  ['scripts\\run_grid.py', '--models', 'tvrec', '--datasets', 'amazon-electronics-5core-subset', '--seeds', '42,2023,2024', '--device', 'gpu']
Thu 05 Feb 2026 17:49:01 INFO  
General Hyper Parameters:
gpu_id = 0
use_gpu = True
seed = 42
state = INFO
reproducibility = True
data_path = data/amazon\amazon-electronics-5core-subset
checkpoint_dir = saved
show_progress = True
save_dataset = False
dataset_save_path = None
save_dataloaders = False
dataloaders_save_path = None
log_wandb = False

Training Hyper Parameters:
epochs = 100
train_batch_size = 256
learner = adam
learning_rate = 0.0005
train_neg_sample_args = {'distribution': 'none', 'sample_num': 'none', 'alpha': 'none', 'dynamic': False, 'candidate_num': 0}
eval_step = 1
stopping_step = 10
clip_grad_norm = None
weight_decay = 0.0
loss_decimal_place = 4

Evaluation Hyper Parameters:
eval_args = {'split': {'LS': 'valid_and_test'}, 'order': 'TO', 'group_by': 'user', 'mode': {'valid': 'uni100', 'test': 'uni100'}}
repeatable = True
metrics = ['Hit', 'NDCG', 'MRR']
topk = [10]
valid_metric = MRR@10
valid_metric_bigger = True
eval_batch_size = 512
metric_decimal_place = 4

Dataset Hyper Parameters:
field_separator = 	
seq_separator =  
USER_ID_FIELD = user_id
ITEM_ID_FIELD = item_id
RATING_FIELD = rating
TIME_FIELD = timestamp
seq_len = None
LABEL_FIELD = label
threshold = None
NEG_PREFIX = neg_
load_col = {'inter': ['user_id', 'item_id', 'rating', 'timestamp']}
unload_col = None
unused_col = None
additional_feat_suffix = None
rm_dup_inter = None
val_interval = None
filter_inter_by_user_or_item = True
user_inter_num_interval = [0,inf)
item_inter_num_interval = [0,inf)
alias_of_user_id = None
alias_of_item_id = None
alias_of_entity_id = None
alias_of_relation_id = None
preload_weight = None
normalize_field = None
normalize_all = None
ITEM_LIST_LENGTH_FIELD = item_length
LIST_SUFFIX = _list
MAX_ITEM_LIST_LENGTH = 32
POSITION_FIELD = position_id
HEAD_ENTITY_ID_FIELD = head_id
TAIL_ENTITY_ID_FIELD = tail_id
RELATION_ID_FIELD = relation_id
ENTITY_ID_FIELD = entity_id
benchmark_filename = None

Other Hyper Parameters: 
worker = 0
wandb_project = recbole
shuffle = True
require_pow = False
enable_amp = False
enable_scaler = False
transform = None
numerical_features = []
discretization = None
kg_reverse_r = False
entity_kg_num_interval = [0,inf)
relation_kg_num_interval = [0,inf)
MODEL_TYPE = ModelType.SEQUENTIAL
model_name = TVRec
hidden_size = 64
num_hidden_layers = 2
hidden_dropout_prob = 0.5
hidden_act = gelu
initializer_range = 0.02
m = 32
poly_order = -1
reg_weight = 0.0
loss_type = CE
early_stop = 10
neg_sampling = None
device = cuda
MODEL_INPUT_TYPE = InputType.POINTWISE
eval_type = EvaluatorType.RANKING
single_spec = True
local_rank = 0
valid_neg_sample_args = {'distribution': 'uniform', 'sample_num': 100}
test_neg_sample_args = {'distribution': 'uniform', 'sample_num': 100}


Thu 05 Feb 2026 17:49:02 INFO  amazon-electronics-5core-subset
The number of users: 1501
Average actions of users: 108.42733333333334
The number of items: 54722
Average actions of items: 2.9721861808080994
The number of inters: 162641
The sparsity of the dataset: 99.80198988231011%
Remain Fields: ['user_id', 'item_id', 'rating', 'timestamp']
Thu 05 Feb 2026 17:49:04 INFO  [Training]: train_batch_size = [256] train_neg_sample_args: [{'distribution': 'none', 'sample_num': 'none', 'alpha': 'none', 'dynamic': False, 'candidate_num': 0}]
Thu 05 Feb 2026 17:49:04 INFO  [Evaluation]: eval_batch_size = [512] eval_args: [{'split': {'LS': 'valid_and_test'}, 'order': 'TO', 'group_by': 'user', 'mode': {'valid': 'uni100', 'test': 'uni100'}}]
Thu 05 Feb 2026 17:49:05 INFO  TVRec(
  (item_embeddings): Embedding(54722, 64, padding_idx=0)
  (layer_norm): TVLayerNorm()
  (dropout): Dropout(p=0.5, inplace=False)
  (blocks): ModuleList(
    (0-1): 2 x TVRecBlock(
      (layer): TVRecLayer(
        (out_dropout): Dropout(p=0.5, inplace=False)
        (layer_norm): TVLayerNorm()
      )
      (feed_forward): TVFeedForward(
        (dense_1): Linear(in_features=64, out_features=256, bias=True)
        (dense_2): Linear(in_features=256, out_features=64, bias=True)
        (layer_norm): TVLayerNorm()
        (dropout): Dropout(p=0.5, inplace=False)
      )
    )
  )
  (loss_fct): CrossEntropyLoss()
)
Trainable parameters: 3577280
Thu 05 Feb 2026 17:49:05 INFO  FLOPs: 2099264.0
Thu 05 Feb 2026 17:50:08 INFO  epoch 0 training [time: 60.99s, train loss: 6539.6452]
Thu 05 Feb 2026 17:50:10 INFO  epoch 0 evaluating [time: 2.45s, valid_score: 0.155300]
Thu 05 Feb 2026 17:50:10 INFO  valid result: 
hit@10 : 0.3133    ndcg@10 : 0.1926    mrr@10 : 0.1553
Thu 05 Feb 2026 17:50:10 INFO  Saving current: saved\TVRec-Feb-05-2026_17-49-05.pth
Thu 05 Feb 2026 17:51:12 INFO  epoch 1 training [time: 61.85s, train loss: 6151.0268]
Thu 05 Feb 2026 17:51:14 INFO  epoch 1 evaluating [time: 2.37s, valid_score: 0.235000]
Thu 05 Feb 2026 17:51:14 INFO  valid result: 
hit@10 : 0.4213    ndcg@10 : 0.2793    mrr@10 : 0.235
Thu 05 Feb 2026 17:51:14 INFO  Saving current: saved\TVRec-Feb-05-2026_17-49-05.pth
Thu 05 Feb 2026 17:52:17 INFO  epoch 2 training [time: 62.40s, train loss: 5744.0079]
Thu 05 Feb 2026 17:52:19 INFO  epoch 2 evaluating [time: 2.26s, valid_score: 0.258100]
Thu 05 Feb 2026 17:52:19 INFO  valid result: 
hit@10 : 0.4387    ndcg@10 : 0.3009    mrr@10 : 0.2581
Thu 05 Feb 2026 17:52:19 INFO  Saving current: saved\TVRec-Feb-05-2026_17-49-05.pth
Thu 05 Feb 2026 17:53:20 INFO  epoch 3 training [time: 60.94s, train loss: 5338.6168]
Thu 05 Feb 2026 17:53:22 INFO  epoch 3 evaluating [time: 2.32s, valid_score: 0.266500]
Thu 05 Feb 2026 17:53:22 INFO  valid result: 
hit@10 : 0.44    ndcg@10 : 0.3078    mrr@10 : 0.2665
Thu 05 Feb 2026 17:53:22 INFO  Saving current: saved\TVRec-Feb-05-2026_17-49-05.pth
Thu 05 Feb 2026 17:54:24 INFO  epoch 4 training [time: 61.70s, train loss: 4949.2320]
Thu 05 Feb 2026 17:54:26 INFO  epoch 4 evaluating [time: 2.31s, valid_score: 0.266600]
Thu 05 Feb 2026 17:54:26 INFO  valid result: 
hit@10 : 0.444    ndcg@10 : 0.3087    mrr@10 : 0.2666
Thu 05 Feb 2026 17:54:26 INFO  Saving current: saved\TVRec-Feb-05-2026_17-49-05.pth
Thu 05 Feb 2026 17:55:29 INFO  epoch 5 training [time: 62.26s, train loss: 4590.4989]
Thu 05 Feb 2026 17:55:31 INFO  epoch 5 evaluating [time: 2.39s, valid_score: 0.260000]
Thu 05 Feb 2026 17:55:31 INFO  valid result: 
hit@10 : 0.44    ndcg@10 : 0.3028    mrr@10 : 0.26
Thu 05 Feb 2026 17:56:33 INFO  epoch 6 training [time: 62.04s, train loss: 4280.6904]
Thu 05 Feb 2026 17:56:36 INFO  epoch 6 evaluating [time: 2.49s, valid_score: 0.259800]
Thu 05 Feb 2026 17:56:36 INFO  valid result: 
hit@10 : 0.4413    ndcg@10 : 0.3029    mrr@10 : 0.2598
Thu 05 Feb 2026 17:57:37 INFO  epoch 7 training [time: 61.59s, train loss: 4031.1299]
Thu 05 Feb 2026 17:57:40 INFO  epoch 7 evaluating [time: 2.34s, valid_score: 0.256800]
Thu 05 Feb 2026 17:57:40 INFO  valid result: 
hit@10 : 0.426    ndcg@10 : 0.2968    mrr@10 : 0.2568
Thu 05 Feb 2026 17:58:42 INFO  epoch 8 training [time: 62.22s, train loss: 3845.8831]
Thu 05 Feb 2026 17:58:44 INFO  epoch 8 evaluating [time: 2.26s, valid_score: 0.251700]
Thu 05 Feb 2026 17:58:44 INFO  valid result: 
hit@10 : 0.422    ndcg@10 : 0.2923    mrr@10 : 0.2517
Thu 05 Feb 2026 17:59:47 INFO  epoch 9 training [time: 62.87s, train loss: 3719.4812]
Thu 05 Feb 2026 17:59:49 INFO  epoch 9 evaluating [time: 2.47s, valid_score: 0.248200]
Thu 05 Feb 2026 17:59:49 INFO  valid result: 
hit@10 : 0.422    ndcg@10 : 0.2892    mrr@10 : 0.2482
Thu 05 Feb 2026 18:00:52 INFO  epoch 10 training [time: 62.39s, train loss: 3625.9411]
Thu 05 Feb 2026 18:00:54 INFO  epoch 10 evaluating [time: 2.36s, valid_score: 0.245600]
Thu 05 Feb 2026 18:00:54 INFO  valid result: 
hit@10 : 0.4153    ndcg@10 : 0.2858    mrr@10 : 0.2456
Thu 05 Feb 2026 18:01:56 INFO  epoch 11 training [time: 61.54s, train loss: 3566.2636]
Thu 05 Feb 2026 18:01:58 INFO  epoch 11 evaluating [time: 2.41s, valid_score: 0.246100]
Thu 05 Feb 2026 18:01:58 INFO  valid result: 
hit@10 : 0.426    ndcg@10 : 0.2889    mrr@10 : 0.2461
Thu 05 Feb 2026 18:03:00 INFO  epoch 12 training [time: 62.05s, train loss: 3518.1170]
Thu 05 Feb 2026 18:03:02 INFO  epoch 12 evaluating [time: 2.38s, valid_score: 0.256500]
Thu 05 Feb 2026 18:03:02 INFO  valid result: 
hit@10 : 0.418    ndcg@10 : 0.2951    mrr@10 : 0.2565
Thu 05 Feb 2026 18:04:06 INFO  epoch 13 training [time: 63.18s, train loss: 3479.3209]
Thu 05 Feb 2026 18:04:08 INFO  epoch 13 evaluating [time: 2.25s, valid_score: 0.245600]
Thu 05 Feb 2026 18:04:08 INFO  valid result: 
hit@10 : 0.422    ndcg@10 : 0.2875    mrr@10 : 0.2456
Thu 05 Feb 2026 18:05:09 INFO  epoch 14 training [time: 61.32s, train loss: 3446.6769]
Thu 05 Feb 2026 18:05:12 INFO  epoch 14 evaluating [time: 2.26s, valid_score: 0.254300]
Thu 05 Feb 2026 18:05:12 INFO  valid result: 
hit@10 : 0.4273    ndcg@10 : 0.2954    mrr@10 : 0.2543
Thu 05 Feb 2026 18:06:13 INFO  epoch 15 training [time: 61.65s, train loss: 3419.3026]
Thu 05 Feb 2026 18:06:16 INFO  epoch 15 evaluating [time: 2.39s, valid_score: 0.255200]
Thu 05 Feb 2026 18:06:16 INFO  valid result: 
hit@10 : 0.432    ndcg@10 : 0.2972    mrr@10 : 0.2552
Thu 05 Feb 2026 18:06:16 INFO  Finished training, best eval result in epoch 4
Thu 05 Feb 2026 18:06:16 INFO  Loading model structure and parameters from saved\TVRec-Feb-05-2026_17-49-05.pth
Thu 05 Feb 2026 18:06:19 INFO  The running environment of this training is as follows:
+-------------+----------------+
| Environment |     Usage      |
+=============+================+
| CPU         |     3.70 %     |
+-------------+----------------+
| GPU         | 0.39 G/6.00 G  |
+-------------+----------------+
| Memory      | 1.49 G/15.63 G |
+-------------+----------------+
Thu 05 Feb 2026 18:06:19 INFO  best valid : OrderedDict([('hit@10', 0.444), ('ndcg@10', 0.3087), ('mrr@10', 0.2666)])
Thu 05 Feb 2026 18:06:19 INFO  test result: OrderedDict([('hit@10', 0.4007), ('ndcg@10', 0.2682), ('mrr@10', 0.2268)])
Thu 05 Feb 2026 18:06:19 WARNING  command line args [--models tvrec --datasets amazon-electronics-5core-subset --seeds 42,2023,2024 --device gpu] will not be used in RecBole
Thu 05 Feb 2026 18:06:19 INFO  ['scripts\\run_grid.py', '--models', 'tvrec', '--datasets', 'amazon-electronics-5core-subset', '--seeds', '42,2023,2024', '--device', 'gpu']
Thu 05 Feb 2026 18:06:19 INFO  
General Hyper Parameters:
gpu_id = 0
use_gpu = True
seed = 2023
state = INFO
reproducibility = True
data_path = data/amazon\amazon-electronics-5core-subset
checkpoint_dir = saved
show_progress = True
save_dataset = False
dataset_save_path = None
save_dataloaders = False
dataloaders_save_path = None
log_wandb = False

Training Hyper Parameters:
epochs = 100
train_batch_size = 256
learner = adam
learning_rate = 0.0005
train_neg_sample_args = {'distribution': 'none', 'sample_num': 'none', 'alpha': 'none', 'dynamic': False, 'candidate_num': 0}
eval_step = 1
stopping_step = 10
clip_grad_norm = None
weight_decay = 0.0
loss_decimal_place = 4

Evaluation Hyper Parameters:
eval_args = {'split': {'LS': 'valid_and_test'}, 'order': 'TO', 'group_by': 'user', 'mode': {'valid': 'uni100', 'test': 'uni100'}}
repeatable = True
metrics = ['Hit', 'NDCG', 'MRR']
topk = [10]
valid_metric = MRR@10
valid_metric_bigger = True
eval_batch_size = 512
metric_decimal_place = 4

Dataset Hyper Parameters:
field_separator = 	
seq_separator =  
USER_ID_FIELD = user_id
ITEM_ID_FIELD = item_id
RATING_FIELD = rating
TIME_FIELD = timestamp
seq_len = None
LABEL_FIELD = label
threshold = None
NEG_PREFIX = neg_
load_col = {'inter': ['user_id', 'item_id', 'rating', 'timestamp']}
unload_col = None
unused_col = None
additional_feat_suffix = None
rm_dup_inter = None
val_interval = None
filter_inter_by_user_or_item = True
user_inter_num_interval = [0,inf)
item_inter_num_interval = [0,inf)
alias_of_user_id = None
alias_of_item_id = None
alias_of_entity_id = None
alias_of_relation_id = None
preload_weight = None
normalize_field = None
normalize_all = None
ITEM_LIST_LENGTH_FIELD = item_length
LIST_SUFFIX = _list
MAX_ITEM_LIST_LENGTH = 32
POSITION_FIELD = position_id
HEAD_ENTITY_ID_FIELD = head_id
TAIL_ENTITY_ID_FIELD = tail_id
RELATION_ID_FIELD = relation_id
ENTITY_ID_FIELD = entity_id
benchmark_filename = None

Other Hyper Parameters: 
worker = 0
wandb_project = recbole
shuffle = True
require_pow = False
enable_amp = False
enable_scaler = False
transform = None
numerical_features = []
discretization = None
kg_reverse_r = False
entity_kg_num_interval = [0,inf)
relation_kg_num_interval = [0,inf)
MODEL_TYPE = ModelType.SEQUENTIAL
model_name = TVRec
hidden_size = 64
num_hidden_layers = 2
hidden_dropout_prob = 0.5
hidden_act = gelu
initializer_range = 0.02
m = 32
poly_order = -1
reg_weight = 0.0
loss_type = CE
early_stop = 10
neg_sampling = None
device = cuda
MODEL_INPUT_TYPE = InputType.POINTWISE
eval_type = EvaluatorType.RANKING
single_spec = True
local_rank = 0
valid_neg_sample_args = {'distribution': 'uniform', 'sample_num': 100}
test_neg_sample_args = {'distribution': 'uniform', 'sample_num': 100}


Thu 05 Feb 2026 18:06:19 INFO  amazon-electronics-5core-subset
The number of users: 1501
Average actions of users: 108.42733333333334
The number of items: 54722
Average actions of items: 2.9721861808080994
The number of inters: 162641
The sparsity of the dataset: 99.80198988231011%
Remain Fields: ['user_id', 'item_id', 'rating', 'timestamp']
Thu 05 Feb 2026 18:06:22 INFO  [Training]: train_batch_size = [256] train_neg_sample_args: [{'distribution': 'none', 'sample_num': 'none', 'alpha': 'none', 'dynamic': False, 'candidate_num': 0}]
Thu 05 Feb 2026 18:06:22 INFO  [Evaluation]: eval_batch_size = [512] eval_args: [{'split': {'LS': 'valid_and_test'}, 'order': 'TO', 'group_by': 'user', 'mode': {'valid': 'uni100', 'test': 'uni100'}}]
Thu 05 Feb 2026 18:06:22 INFO  TVRec(
  (item_embeddings): Embedding(54722, 64, padding_idx=0)
  (layer_norm): TVLayerNorm()
  (dropout): Dropout(p=0.5, inplace=False)
  (blocks): ModuleList(
    (0-1): 2 x TVRecBlock(
      (layer): TVRecLayer(
        (out_dropout): Dropout(p=0.5, inplace=False)
        (layer_norm): TVLayerNorm()
      )
      (feed_forward): TVFeedForward(
        (dense_1): Linear(in_features=64, out_features=256, bias=True)
        (dense_2): Linear(in_features=256, out_features=64, bias=True)
        (layer_norm): TVLayerNorm()
        (dropout): Dropout(p=0.5, inplace=False)
      )
    )
  )
  (loss_fct): CrossEntropyLoss()
)
Trainable parameters: 3577280
Thu 05 Feb 2026 18:06:22 INFO  FLOPs: 2099264.0
Thu 05 Feb 2026 18:07:26 INFO  epoch 0 training [time: 63.87s, train loss: 6542.5768]
Thu 05 Feb 2026 18:07:28 INFO  epoch 0 evaluating [time: 2.37s, valid_score: 0.161300]
Thu 05 Feb 2026 18:07:28 INFO  valid result: 
hit@10 : 0.3367    ndcg@10 : 0.2027    mrr@10 : 0.1613
Thu 05 Feb 2026 18:07:28 INFO  Saving current: saved\TVRec-Feb-05-2026_18-06-22.pth
Thu 05 Feb 2026 18:08:31 INFO  epoch 1 training [time: 62.91s, train loss: 6160.4864]
Thu 05 Feb 2026 18:08:34 INFO  epoch 1 evaluating [time: 2.42s, valid_score: 0.237100]
Thu 05 Feb 2026 18:08:34 INFO  valid result: 
hit@10 : 0.4233    ndcg@10 : 0.2813    mrr@10 : 0.2371
Thu 05 Feb 2026 18:08:34 INFO  Saving current: saved\TVRec-Feb-05-2026_18-06-22.pth
Thu 05 Feb 2026 18:09:35 INFO  epoch 2 training [time: 61.80s, train loss: 5766.1149]
Thu 05 Feb 2026 18:09:38 INFO  epoch 2 evaluating [time: 2.36s, valid_score: 0.264800]
Thu 05 Feb 2026 18:09:38 INFO  valid result: 
hit@10 : 0.4453    ndcg@10 : 0.3076    mrr@10 : 0.2648
Thu 05 Feb 2026 18:09:38 INFO  Saving current: saved\TVRec-Feb-05-2026_18-06-22.pth
Thu 05 Feb 2026 18:10:41 INFO  epoch 3 training [time: 62.89s, train loss: 5363.2708]
Thu 05 Feb 2026 18:10:43 INFO  epoch 3 evaluating [time: 2.31s, valid_score: 0.270100]
Thu 05 Feb 2026 18:10:43 INFO  valid result: 
hit@10 : 0.454    ndcg@10 : 0.3137    mrr@10 : 0.2701
Thu 05 Feb 2026 18:10:43 INFO  Saving current: saved\TVRec-Feb-05-2026_18-06-22.pth
Thu 05 Feb 2026 18:11:46 INFO  epoch 4 training [time: 63.29s, train loss: 4977.3709]
Thu 05 Feb 2026 18:11:49 INFO  epoch 4 evaluating [time: 2.43s, valid_score: 0.266800]
Thu 05 Feb 2026 18:11:49 INFO  valid result: 
hit@10 : 0.4573    ndcg@10 : 0.3121    mrr@10 : 0.2668
Thu 05 Feb 2026 18:12:51 INFO  epoch 5 training [time: 62.59s, train loss: 4615.6953]
Thu 05 Feb 2026 18:12:54 INFO  epoch 5 evaluating [time: 2.36s, valid_score: 0.271300]
Thu 05 Feb 2026 18:12:54 INFO  valid result: 
hit@10 : 0.4473    ndcg@10 : 0.3129    mrr@10 : 0.2713
Thu 05 Feb 2026 18:12:54 INFO  Saving current: saved\TVRec-Feb-05-2026_18-06-22.pth
Thu 05 Feb 2026 18:13:55 INFO  epoch 6 training [time: 61.45s, train loss: 4305.1801]
Thu 05 Feb 2026 18:13:58 INFO  epoch 6 evaluating [time: 2.42s, valid_score: 0.262700]
Thu 05 Feb 2026 18:13:58 INFO  valid result: 
hit@10 : 0.4427    ndcg@10 : 0.3053    mrr@10 : 0.2627
Thu 05 Feb 2026 18:15:00 INFO  epoch 7 training [time: 62.48s, train loss: 4048.8643]
Thu 05 Feb 2026 18:15:03 INFO  epoch 7 evaluating [time: 2.47s, valid_score: 0.257900]
Thu 05 Feb 2026 18:15:03 INFO  valid result: 
hit@10 : 0.4347    ndcg@10 : 0.2997    mrr@10 : 0.2579
Thu 05 Feb 2026 18:16:07 INFO  epoch 8 training [time: 64.33s, train loss: 3860.3480]
Thu 05 Feb 2026 18:16:09 INFO  epoch 8 evaluating [time: 2.36s, valid_score: 0.252400]
Thu 05 Feb 2026 18:16:09 INFO  valid result: 
hit@10 : 0.4247    ndcg@10 : 0.293    mrr@10 : 0.2524
Thu 05 Feb 2026 18:17:12 INFO  epoch 9 training [time: 62.54s, train loss: 3726.3481]
Thu 05 Feb 2026 18:17:14 INFO  epoch 9 evaluating [time: 2.31s, valid_score: 0.250500]
Thu 05 Feb 2026 18:17:14 INFO  valid result: 
hit@10 : 0.4193    ndcg@10 : 0.2902    mrr@10 : 0.2505
Thu 05 Feb 2026 18:18:18 INFO  epoch 10 training [time: 63.39s, train loss: 3634.5846]
Thu 05 Feb 2026 18:18:20 INFO  epoch 10 evaluating [time: 2.38s, valid_score: 0.250100]
Thu 05 Feb 2026 18:18:20 INFO  valid result: 
hit@10 : 0.4313    ndcg@10 : 0.2927    mrr@10 : 0.2501
Thu 05 Feb 2026 18:19:24 INFO  epoch 11 training [time: 63.75s, train loss: 3567.1981]
Thu 05 Feb 2026 18:19:26 INFO  epoch 11 evaluating [time: 2.44s, valid_score: 0.248800]
Thu 05 Feb 2026 18:19:26 INFO  valid result: 
hit@10 : 0.4187    ndcg@10 : 0.289    mrr@10 : 0.2488
Thu 05 Feb 2026 18:20:30 INFO  epoch 12 training [time: 63.61s, train loss: 3515.3732]
Thu 05 Feb 2026 18:20:32 INFO  epoch 12 evaluating [time: 2.44s, valid_score: 0.242400]
Thu 05 Feb 2026 18:20:32 INFO  valid result: 
hit@10 : 0.424    ndcg@10 : 0.285    mrr@10 : 0.2424
Thu 05 Feb 2026 18:21:35 INFO  epoch 13 training [time: 62.90s, train loss: 3475.1011]
Thu 05 Feb 2026 18:21:37 INFO  epoch 13 evaluating [time: 2.40s, valid_score: 0.244600]
Thu 05 Feb 2026 18:21:37 INFO  valid result: 
hit@10 : 0.424    ndcg@10 : 0.2869    mrr@10 : 0.2446
Thu 05 Feb 2026 18:22:41 INFO  epoch 14 training [time: 63.81s, train loss: 3438.9164]
Thu 05 Feb 2026 18:22:44 INFO  epoch 14 evaluating [time: 2.35s, valid_score: 0.250500]
Thu 05 Feb 2026 18:22:44 INFO  valid result: 
hit@10 : 0.4227    ndcg@10 : 0.2909    mrr@10 : 0.2505
Thu 05 Feb 2026 18:23:48 INFO  epoch 15 training [time: 64.32s, train loss: 3410.4877]
Thu 05 Feb 2026 18:23:50 INFO  epoch 15 evaluating [time: 2.43s, valid_score: 0.252500]
Thu 05 Feb 2026 18:23:50 INFO  valid result: 
hit@10 : 0.432    ndcg@10 : 0.2947    mrr@10 : 0.2525
Thu 05 Feb 2026 18:24:53 INFO  epoch 16 training [time: 63.01s, train loss: 3382.8270]
Thu 05 Feb 2026 18:24:56 INFO  epoch 16 evaluating [time: 2.49s, valid_score: 0.256200]
Thu 05 Feb 2026 18:24:56 INFO  valid result: 
hit@10 : 0.4247    ndcg@10 : 0.296    mrr@10 : 0.2562
Thu 05 Feb 2026 18:24:56 INFO  Finished training, best eval result in epoch 5
Thu 05 Feb 2026 18:24:56 INFO  Loading model structure and parameters from saved\TVRec-Feb-05-2026_18-06-22.pth
Thu 05 Feb 2026 18:24:59 INFO  The running environment of this training is as follows:
+-------------+----------------+
| Environment |     Usage      |
+=============+================+
| CPU         |     5.00 %     |
+-------------+----------------+
| GPU         | 0.39 G/6.00 G  |
+-------------+----------------+
| Memory      | 1.55 G/15.63 G |
+-------------+----------------+
Thu 05 Feb 2026 18:24:59 INFO  best valid : OrderedDict([('hit@10', 0.4473), ('ndcg@10', 0.3129), ('mrr@10', 0.2713)])
Thu 05 Feb 2026 18:24:59 INFO  test result: OrderedDict([('hit@10', 0.396), ('ndcg@10', 0.2652), ('mrr@10', 0.2246)])
Thu 05 Feb 2026 18:24:59 WARNING  command line args [--models tvrec --datasets amazon-electronics-5core-subset --seeds 42,2023,2024 --device gpu] will not be used in RecBole
Thu 05 Feb 2026 18:24:59 INFO  ['scripts\\run_grid.py', '--models', 'tvrec', '--datasets', 'amazon-electronics-5core-subset', '--seeds', '42,2023,2024', '--device', 'gpu']
Thu 05 Feb 2026 18:24:59 INFO  
General Hyper Parameters:
gpu_id = 0
use_gpu = True
seed = 2024
state = INFO
reproducibility = True
data_path = data/amazon\amazon-electronics-5core-subset
checkpoint_dir = saved
show_progress = True
save_dataset = False
dataset_save_path = None
save_dataloaders = False
dataloaders_save_path = None
log_wandb = False

Training Hyper Parameters:
epochs = 100
train_batch_size = 256
learner = adam
learning_rate = 0.0005
train_neg_sample_args = {'distribution': 'none', 'sample_num': 'none', 'alpha': 'none', 'dynamic': False, 'candidate_num': 0}
eval_step = 1
stopping_step = 10
clip_grad_norm = None
weight_decay = 0.0
loss_decimal_place = 4

Evaluation Hyper Parameters:
eval_args = {'split': {'LS': 'valid_and_test'}, 'order': 'TO', 'group_by': 'user', 'mode': {'valid': 'uni100', 'test': 'uni100'}}
repeatable = True
metrics = ['Hit', 'NDCG', 'MRR']
topk = [10]
valid_metric = MRR@10
valid_metric_bigger = True
eval_batch_size = 512
metric_decimal_place = 4

Dataset Hyper Parameters:
field_separator = 	
seq_separator =  
USER_ID_FIELD = user_id
ITEM_ID_FIELD = item_id
RATING_FIELD = rating
TIME_FIELD = timestamp
seq_len = None
LABEL_FIELD = label
threshold = None
NEG_PREFIX = neg_
load_col = {'inter': ['user_id', 'item_id', 'rating', 'timestamp']}
unload_col = None
unused_col = None
additional_feat_suffix = None
rm_dup_inter = None
val_interval = None
filter_inter_by_user_or_item = True
user_inter_num_interval = [0,inf)
item_inter_num_interval = [0,inf)
alias_of_user_id = None
alias_of_item_id = None
alias_of_entity_id = None
alias_of_relation_id = None
preload_weight = None
normalize_field = None
normalize_all = None
ITEM_LIST_LENGTH_FIELD = item_length
LIST_SUFFIX = _list
MAX_ITEM_LIST_LENGTH = 32
POSITION_FIELD = position_id
HEAD_ENTITY_ID_FIELD = head_id
TAIL_ENTITY_ID_FIELD = tail_id
RELATION_ID_FIELD = relation_id
ENTITY_ID_FIELD = entity_id
benchmark_filename = None

Other Hyper Parameters: 
worker = 0
wandb_project = recbole
shuffle = True
require_pow = False
enable_amp = False
enable_scaler = False
transform = None
numerical_features = []
discretization = None
kg_reverse_r = False
entity_kg_num_interval = [0,inf)
relation_kg_num_interval = [0,inf)
MODEL_TYPE = ModelType.SEQUENTIAL
model_name = TVRec
hidden_size = 64
num_hidden_layers = 2
hidden_dropout_prob = 0.5
hidden_act = gelu
initializer_range = 0.02
m = 32
poly_order = -1
reg_weight = 0.0
loss_type = CE
early_stop = 10
neg_sampling = None
device = cuda
MODEL_INPUT_TYPE = InputType.POINTWISE
eval_type = EvaluatorType.RANKING
single_spec = True
local_rank = 0
valid_neg_sample_args = {'distribution': 'uniform', 'sample_num': 100}
test_neg_sample_args = {'distribution': 'uniform', 'sample_num': 100}


Thu 05 Feb 2026 18:25:00 INFO  amazon-electronics-5core-subset
The number of users: 1501
Average actions of users: 108.42733333333334
The number of items: 54722
Average actions of items: 2.9721861808080994
The number of inters: 162641
The sparsity of the dataset: 99.80198988231011%
Remain Fields: ['user_id', 'item_id', 'rating', 'timestamp']
Thu 05 Feb 2026 18:25:02 INFO  [Training]: train_batch_size = [256] train_neg_sample_args: [{'distribution': 'none', 'sample_num': 'none', 'alpha': 'none', 'dynamic': False, 'candidate_num': 0}]
Thu 05 Feb 2026 18:25:02 INFO  [Evaluation]: eval_batch_size = [512] eval_args: [{'split': {'LS': 'valid_and_test'}, 'order': 'TO', 'group_by': 'user', 'mode': {'valid': 'uni100', 'test': 'uni100'}}]
Thu 05 Feb 2026 18:25:02 INFO  TVRec(
  (item_embeddings): Embedding(54722, 64, padding_idx=0)
  (layer_norm): TVLayerNorm()
  (dropout): Dropout(p=0.5, inplace=False)
  (blocks): ModuleList(
    (0-1): 2 x TVRecBlock(
      (layer): TVRecLayer(
        (out_dropout): Dropout(p=0.5, inplace=False)
        (layer_norm): TVLayerNorm()
      )
      (feed_forward): TVFeedForward(
        (dense_1): Linear(in_features=64, out_features=256, bias=True)
        (dense_2): Linear(in_features=256, out_features=64, bias=True)
        (layer_norm): TVLayerNorm()
        (dropout): Dropout(p=0.5, inplace=False)
      )
    )
  )
  (loss_fct): CrossEntropyLoss()
)
Trainable parameters: 3577280
Thu 05 Feb 2026 18:25:02 INFO  FLOPs: 2099264.0
Thu 05 Feb 2026 18:26:07 INFO  epoch 0 training [time: 64.78s, train loss: 6545.9704]
Thu 05 Feb 2026 18:26:10 INFO  epoch 0 evaluating [time: 2.49s, valid_score: 0.139300]
Thu 05 Feb 2026 18:26:10 INFO  valid result: 
hit@10 : 0.3127    ndcg@10 : 0.18    mrr@10 : 0.1393
Thu 05 Feb 2026 18:26:10 INFO  Saving current: saved\TVRec-Feb-05-2026_18-25-02.pth
Thu 05 Feb 2026 18:27:13 INFO  epoch 1 training [time: 63.70s, train loss: 6170.8274]
Thu 05 Feb 2026 18:27:16 INFO  epoch 1 evaluating [time: 2.54s, valid_score: 0.218400]
Thu 05 Feb 2026 18:27:16 INFO  valid result: 
hit@10 : 0.398    ndcg@10 : 0.2609    mrr@10 : 0.2184
Thu 05 Feb 2026 18:27:16 INFO  Saving current: saved\TVRec-Feb-05-2026_18-25-02.pth
Thu 05 Feb 2026 18:28:20 INFO  epoch 2 training [time: 64.28s, train loss: 5776.3035]
Thu 05 Feb 2026 18:28:23 INFO  epoch 2 evaluating [time: 2.36s, valid_score: 0.256200]
Thu 05 Feb 2026 18:28:23 INFO  valid result: 
hit@10 : 0.4273    ndcg@10 : 0.2966    mrr@10 : 0.2562
Thu 05 Feb 2026 18:28:23 INFO  Saving current: saved\TVRec-Feb-05-2026_18-25-02.pth
Thu 05 Feb 2026 18:29:26 INFO  epoch 3 training [time: 63.01s, train loss: 5367.7176]
Thu 05 Feb 2026 18:29:28 INFO  epoch 3 evaluating [time: 2.33s, valid_score: 0.257100]
Thu 05 Feb 2026 18:29:28 INFO  valid result: 
hit@10 : 0.4293    ndcg@10 : 0.2981    mrr@10 : 0.2571
Thu 05 Feb 2026 18:29:28 INFO  Saving current: saved\TVRec-Feb-05-2026_18-25-02.pth
Thu 05 Feb 2026 18:30:32 INFO  epoch 4 training [time: 63.84s, train loss: 4975.9211]
Thu 05 Feb 2026 18:30:34 INFO  epoch 4 evaluating [time: 2.41s, valid_score: 0.264900]
Thu 05 Feb 2026 18:30:34 INFO  valid result: 
hit@10 : 0.4373    ndcg@10 : 0.3058    mrr@10 : 0.2649
Thu 05 Feb 2026 18:30:34 INFO  Saving current: saved\TVRec-Feb-05-2026_18-25-02.pth
Thu 05 Feb 2026 18:31:38 INFO  epoch 5 training [time: 64.08s, train loss: 4616.1650]
Thu 05 Feb 2026 18:31:41 INFO  epoch 5 evaluating [time: 2.45s, valid_score: 0.267600]
Thu 05 Feb 2026 18:31:41 INFO  valid result: 
hit@10 : 0.442    ndcg@10 : 0.3086    mrr@10 : 0.2676
Thu 05 Feb 2026 18:31:41 INFO  Saving current: saved\TVRec-Feb-05-2026_18-25-02.pth
Thu 05 Feb 2026 18:32:44 INFO  epoch 6 training [time: 63.54s, train loss: 4303.0515]
Thu 05 Feb 2026 18:32:47 INFO  epoch 6 evaluating [time: 2.56s, valid_score: 0.261400]
Thu 05 Feb 2026 18:32:47 INFO  valid result: 
hit@10 : 0.4273    ndcg@10 : 0.3008    mrr@10 : 0.2614
Thu 05 Feb 2026 18:33:50 INFO  epoch 7 training [time: 63.20s, train loss: 4047.0790]
Thu 05 Feb 2026 18:33:53 INFO  epoch 7 evaluating [time: 2.53s, valid_score: 0.255800]
Thu 05 Feb 2026 18:33:53 INFO  valid result: 
hit@10 : 0.424    ndcg@10 : 0.2955    mrr@10 : 0.2558
Thu 05 Feb 2026 18:34:56 INFO  epoch 8 training [time: 63.51s, train loss: 3859.8807]
Thu 05 Feb 2026 18:34:59 INFO  epoch 8 evaluating [time: 2.33s, valid_score: 0.260000]
Thu 05 Feb 2026 18:34:59 INFO  valid result: 
hit@10 : 0.426    ndcg@10 : 0.2992    mrr@10 : 0.26
Thu 05 Feb 2026 18:36:03 INFO  epoch 9 training [time: 64.90s, train loss: 3724.8408]
Thu 05 Feb 2026 18:36:06 INFO  epoch 9 evaluating [time: 2.34s, valid_score: 0.252400]
Thu 05 Feb 2026 18:36:06 INFO  valid result: 
hit@10 : 0.4267    ndcg@10 : 0.2935    mrr@10 : 0.2524
Thu 05 Feb 2026 18:37:09 INFO  epoch 10 training [time: 62.86s, train loss: 3631.0769]
Thu 05 Feb 2026 18:37:11 INFO  epoch 10 evaluating [time: 2.34s, valid_score: 0.249500]
Thu 05 Feb 2026 18:37:11 INFO  valid result: 
hit@10 : 0.4213    ndcg@10 : 0.2901    mrr@10 : 0.2495
Thu 05 Feb 2026 18:38:14 INFO  epoch 11 training [time: 63.36s, train loss: 3569.7904]
Thu 05 Feb 2026 18:38:17 INFO  epoch 11 evaluating [time: 2.48s, valid_score: 0.248700]
Thu 05 Feb 2026 18:38:17 INFO  valid result: 
hit@10 : 0.4313    ndcg@10 : 0.2919    mrr@10 : 0.2487
Thu 05 Feb 2026 18:39:21 INFO  epoch 12 training [time: 63.87s, train loss: 3517.2077]
Thu 05 Feb 2026 18:39:23 INFO  epoch 12 evaluating [time: 2.58s, valid_score: 0.250200]
Thu 05 Feb 2026 18:39:23 INFO  valid result: 
hit@10 : 0.4187    ndcg@10 : 0.29    mrr@10 : 0.2502
Thu 05 Feb 2026 18:40:27 INFO  epoch 13 training [time: 63.59s, train loss: 3476.9482]
Thu 05 Feb 2026 18:40:29 INFO  epoch 13 evaluating [time: 2.43s, valid_score: 0.244100]
Thu 05 Feb 2026 18:40:29 INFO  valid result: 
hit@10 : 0.4267    ndcg@10 : 0.2873    mrr@10 : 0.2441
Thu 05 Feb 2026 18:41:32 INFO  epoch 14 training [time: 63.05s, train loss: 3445.3776]
Thu 05 Feb 2026 18:41:35 INFO  epoch 14 evaluating [time: 2.45s, valid_score: 0.258300]
Thu 05 Feb 2026 18:41:35 INFO  valid result: 
hit@10 : 0.4267    ndcg@10 : 0.2981    mrr@10 : 0.2583
Thu 05 Feb 2026 18:42:39 INFO  epoch 15 training [time: 63.87s, train loss: 3415.7056]
Thu 05 Feb 2026 18:42:41 INFO  epoch 15 evaluating [time: 2.35s, valid_score: 0.250000]
Thu 05 Feb 2026 18:42:41 INFO  valid result: 
hit@10 : 0.4153    ndcg@10 : 0.2889    mrr@10 : 0.25
Thu 05 Feb 2026 18:43:46 INFO  epoch 16 training [time: 64.49s, train loss: 3389.5753]
Thu 05 Feb 2026 18:43:48 INFO  epoch 16 evaluating [time: 2.51s, valid_score: 0.256800]
Thu 05 Feb 2026 18:43:48 INFO  valid result: 
hit@10 : 0.4273    ndcg@10 : 0.2971    mrr@10 : 0.2568
Thu 05 Feb 2026 18:43:48 INFO  Finished training, best eval result in epoch 5
Thu 05 Feb 2026 18:43:48 INFO  Loading model structure and parameters from saved\TVRec-Feb-05-2026_18-25-02.pth
Thu 05 Feb 2026 18:43:51 INFO  The running environment of this training is as follows:
+-------------+----------------+
| Environment |     Usage      |
+=============+================+
| CPU         |     3.20 %     |
+-------------+----------------+
| GPU         | 0.39 G/6.00 G  |
+-------------+----------------+
| Memory      | 1.56 G/15.63 G |
+-------------+----------------+
Thu 05 Feb 2026 18:43:51 INFO  best valid : OrderedDict([('hit@10', 0.442), ('ndcg@10', 0.3086), ('mrr@10', 0.2676)])
Thu 05 Feb 2026 18:43:51 INFO  test result: OrderedDict([('hit@10', 0.384), ('ndcg@10', 0.2656), ('mrr@10', 0.2289)])
