Mon 26 Jan 2026 20:16:45 INFO  ['scripts/run_recbole_bmlp.py']
Mon 26 Jan 2026 20:16:45 INFO  
General Hyper Parameters:
gpu_id = 0
use_gpu = True
seed = 2022
state = INFO
reproducibility = True
data_path = data/movielens\ml-100k-bmlp
checkpoint_dir = saved
show_progress = True
save_dataset = False
dataset_save_path = None
save_dataloaders = False
dataloaders_save_path = None
log_wandb = False

Training Hyper Parameters:
epochs = 100
train_batch_size = 256
learner = adam
learning_rate = 0.001
train_neg_sample_args = {'distribution': 'uniform', 'sample_num': 1, 'alpha': 1.0, 'dynamic': False, 'candidate_num': 0}
eval_step = 1
stopping_step = 10
clip_grad_norm = None
weight_decay = 0.0
loss_decimal_place = 4

Evaluation Hyper Parameters:
eval_args = {'split': {'LS': 'valid_and_test'}, 'order': 'TO', 'group_by': 'user', 'mode': {'valid': 'uni100', 'test': 'uni100'}}
repeatable = True
metrics = ['Hit', 'NDCG', 'MRR']
topk = [10]
valid_metric = MRR@10
valid_metric_bigger = True
eval_batch_size = 512
metric_decimal_place = 4

Dataset Hyper Parameters:
field_separator = 	
seq_separator =  
USER_ID_FIELD = user_id
ITEM_ID_FIELD = item_id
RATING_FIELD = rating
TIME_FIELD = timestamp
seq_len = None
LABEL_FIELD = label
threshold = None
NEG_PREFIX = neg_
load_col = {'inter': ['user_id', 'item_id', 'rating', 'timestamp', 'behavior_type']}
unload_col = None
unused_col = None
additional_feat_suffix = None
rm_dup_inter = None
val_interval = None
filter_inter_by_user_or_item = True
user_inter_num_interval = [0,inf)
item_inter_num_interval = [0,inf)
alias_of_user_id = None
alias_of_item_id = None
alias_of_entity_id = None
alias_of_relation_id = None
preload_weight = None
normalize_field = None
normalize_all = None
ITEM_LIST_LENGTH_FIELD = item_length
LIST_SUFFIX = _list
MAX_ITEM_LIST_LENGTH = 30
POSITION_FIELD = position_id
HEAD_ENTITY_ID_FIELD = head_id
TAIL_ENTITY_ID_FIELD = tail_id
RELATION_ID_FIELD = relation_id
ENTITY_ID_FIELD = entity_id
benchmark_filename = None

Other Hyper Parameters: 
worker = 0
wandb_project = recbole
shuffle = True
require_pow = False
enable_amp = False
enable_scaler = False
transform = None
numerical_features = []
discretization = None
kg_reverse_r = False
entity_kg_num_interval = [0,inf)
relation_kg_num_interval = [0,inf)
MODEL_TYPE = ModelType.SEQUENTIAL
BEHAVIOR_FIELD = behavior_type
model_name = BMLP
hidden_size = 64
num_blocks = 2
scb_hidden_size = 64
fcb_hidden_size = 64
fcb_num_heads = 2
pip_max_len = 10
purchase_behavior = 1
hidden_act = gelu
hidden_dropout_prob = 0.2
initializer_range = 0.02
loss_type = BPR
early_stop = 10
neg_sampling = None
MODEL_INPUT_TYPE = InputType.PAIRWISE
eval_type = EvaluatorType.RANKING
single_spec = True
local_rank = 0
device = cuda
valid_neg_sample_args = {'distribution': 'uniform', 'sample_num': 100}
test_neg_sample_args = {'distribution': 'uniform', 'sample_num': 100}


Mon 26 Jan 2026 20:16:46 INFO  ml-100k-bmlp
The number of users: 943
Average actions of users: 103.52123142250531
The number of items: 1175
Average actions of items: 83.06388415672913
The number of inters: 97517
The sparsity of the dataset: 91.19902529275062%
Remain Fields: ['user_id', 'item_id', 'rating', 'timestamp', 'behavior_type']
Mon 26 Jan 2026 20:16:48 INFO  [Training]: train_batch_size = [256] train_neg_sample_args: [{'distribution': 'uniform', 'sample_num': 1, 'alpha': 1.0, 'dynamic': False, 'candidate_num': 0}]
Mon 26 Jan 2026 20:16:48 INFO  [Evaluation]: eval_batch_size = [512] eval_args: [{'split': {'LS': 'valid_and_test'}, 'order': 'TO', 'group_by': 'user', 'mode': {'valid': 'uni100', 'test': 'uni100'}}]
Mon 26 Jan 2026 20:16:48 INFO  BMLP(
  (item_embedding): Embedding(1175, 64, padding_idx=0)
  (behavior_embedding): Embedding(3, 64, padding_idx=0)
  (trans_embedding): Embedding(9, 64)
  (hip_blocks): ModuleList(
    (0-1): 2 x BMLPBlock(
      (norm1): LayerNorm()
      (norm2): LayerNorm()
      (scb): SCB(
        (fc1): Linear(in_features=30, out_features=64, bias=True)
        (fc2): Linear(in_features=64, out_features=30, bias=True)
        (act): GELU(approximate='none')
      )
      (fcb): FCB(
        (head_fc1): ModuleList(
          (0-1): 2 x Linear(in_features=64, out_features=64, bias=True)
        )
        (head_fc2): ModuleList(
          (0-1): 2 x Linear(in_features=64, out_features=64, bias=True)
        )
        (out): Linear(in_features=128, out_features=128, bias=True)
      )
      (dropout): Dropout(p=0.2, inplace=False)
    )
  )
  (pip_blocks): ModuleList(
    (0-1): 2 x BMLPBlock(
      (norm1): LayerNorm()
      (norm2): LayerNorm()
      (scb): SCB(
        (fc1): Linear(in_features=10, out_features=64, bias=True)
        (fc2): Linear(in_features=64, out_features=10, bias=True)
        (act): GELU(approximate='none')
      )
      (fcb): FCB(
        (head_fc1): ModuleList(
          (0-1): 2 x Linear(in_features=64, out_features=64, bias=True)
        )
        (head_fc2): ModuleList(
          (0-1): 2 x Linear(in_features=64, out_features=64, bias=True)
        )
        (out): Linear(in_features=128, out_features=128, bias=True)
      )
      (dropout): Dropout(p=0.2, inplace=False)
    )
  )
  (attn_fc1): Linear(in_features=128, out_features=128, bias=True)
  (attn_fc2): Linear(in_features=128, out_features=1, bias=True)
  (fuse_gate_g): Linear(in_features=128, out_features=128, bias=True)
  (fuse_gate_l): Linear(in_features=128, out_features=128, bias=True)
  (output_proj): Linear(in_features=128, out_features=64, bias=True)
  (layer_norm): LayerNorm()
  (loss_fct): BPRLoss()
)
Trainable parameters: 279249
Mon 26 Jan 2026 20:16:49 INFO  FLOPs: 3491264.0
Mon 26 Jan 2026 20:19:25 INFO  epoch 0 training [time: 154.50s, train loss: 184.0138]
Mon 26 Jan 2026 20:20:43 INFO  epoch 0 evaluating [time: 77.82s, valid_score: 0.163700]
Mon 26 Jan 2026 20:20:43 INFO  valid result: 
hit@10 : 0.4597    ndcg@10 : 0.2322    mrr@10 : 0.1637
Mon 26 Jan 2026 20:20:43 INFO  Saving current: saved\BMLP-Jan-26-2026_20-16-49.pth
Mon 26 Jan 2026 20:23:02 INFO  epoch 1 training [time: 138.77s, train loss: 120.9045]
Mon 26 Jan 2026 20:24:13 INFO  epoch 1 evaluating [time: 71.86s, valid_score: 0.203400]
Mon 26 Jan 2026 20:24:13 INFO  valid result: 
hit@10 : 0.5552    ndcg@10 : 0.2851    mrr@10 : 0.2034
Mon 26 Jan 2026 20:24:13 INFO  Saving current: saved\BMLP-Jan-26-2026_20-16-49.pth
Mon 26 Jan 2026 20:26:31 INFO  epoch 2 training [time: 137.95s, train loss: 104.0145]
Mon 26 Jan 2026 20:27:38 INFO  epoch 2 evaluating [time: 66.81s, valid_score: 0.210800]
Mon 26 Jan 2026 20:27:38 INFO  valid result: 
hit@10 : 0.5732    ndcg@10 : 0.2954    mrr@10 : 0.2108
Mon 26 Jan 2026 20:27:38 INFO  Saving current: saved\BMLP-Jan-26-2026_20-16-49.pth
Mon 26 Jan 2026 20:29:58 INFO  epoch 3 training [time: 140.12s, train loss: 98.0610]
Mon 26 Jan 2026 20:31:06 INFO  epoch 3 evaluating [time: 67.51s, valid_score: 0.236600]
Mon 26 Jan 2026 20:31:06 INFO  valid result: 
hit@10 : 0.5945    ndcg@10 : 0.3204    mrr@10 : 0.2366
Mon 26 Jan 2026 20:31:06 INFO  Saving current: saved\BMLP-Jan-26-2026_20-16-49.pth
Mon 26 Jan 2026 20:33:25 INFO  epoch 4 training [time: 139.12s, train loss: 94.6057]
Mon 26 Jan 2026 20:34:40 INFO  epoch 4 evaluating [time: 75.12s, valid_score: 0.230800]
Mon 26 Jan 2026 20:34:40 INFO  valid result: 
hit@10 : 0.6168    ndcg@10 : 0.3209    mrr@10 : 0.2308
Mon 26 Jan 2026 20:37:04 INFO  epoch 5 training [time: 144.05s, train loss: 91.9078]
Mon 26 Jan 2026 20:38:12 INFO  epoch 5 evaluating [time: 68.00s, valid_score: 0.241000]
Mon 26 Jan 2026 20:38:12 INFO  valid result: 
hit@10 : 0.6093    ndcg@10 : 0.3271    mrr@10 : 0.241
Mon 26 Jan 2026 20:38:12 INFO  Saving current: saved\BMLP-Jan-26-2026_20-16-49.pth
Mon 26 Jan 2026 20:40:31 INFO  epoch 6 training [time: 138.58s, train loss: 88.3186]
Mon 26 Jan 2026 20:41:39 INFO  epoch 6 evaluating [time: 68.06s, valid_score: 0.243500]
Mon 26 Jan 2026 20:41:39 INFO  valid result: 
hit@10 : 0.6295    ndcg@10 : 0.334    mrr@10 : 0.2435
Mon 26 Jan 2026 20:41:39 INFO  Saving current: saved\BMLP-Jan-26-2026_20-16-49.pth
Mon 26 Jan 2026 20:44:02 INFO  epoch 7 training [time: 143.32s, train loss: 86.4791]
Mon 26 Jan 2026 20:45:10 INFO  epoch 7 evaluating [time: 67.75s, valid_score: 0.247100]
Mon 26 Jan 2026 20:45:10 INFO  valid result: 
hit@10 : 0.6146    ndcg@10 : 0.3329    mrr@10 : 0.2471
Mon 26 Jan 2026 20:45:10 INFO  Saving current: saved\BMLP-Jan-26-2026_20-16-49.pth
Mon 26 Jan 2026 20:47:28 INFO  epoch 8 training [time: 138.13s, train loss: 85.7700]
Mon 26 Jan 2026 20:48:40 INFO  epoch 8 evaluating [time: 71.61s, valid_score: 0.241600]
Mon 26 Jan 2026 20:48:40 INFO  valid result: 
hit@10 : 0.6083    ndcg@10 : 0.3278    mrr@10 : 0.2416
Mon 26 Jan 2026 20:50:58 INFO  epoch 9 training [time: 138.15s, train loss: 82.0695]
Mon 26 Jan 2026 20:52:08 INFO  epoch 9 evaluating [time: 70.44s, valid_score: 0.259800]
Mon 26 Jan 2026 20:52:08 INFO  valid result: 
hit@10 : 0.62    ndcg@10 : 0.3441    mrr@10 : 0.2598
Mon 26 Jan 2026 20:52:08 INFO  Saving current: saved\BMLP-Jan-26-2026_20-16-49.pth
Mon 26 Jan 2026 20:54:26 INFO  epoch 10 training [time: 137.56s, train loss: 80.6166]
Mon 26 Jan 2026 20:55:34 INFO  epoch 10 evaluating [time: 67.63s, valid_score: 0.258900]
Mon 26 Jan 2026 20:55:34 INFO  valid result: 
hit@10 : 0.6316    ndcg@10 : 0.3462    mrr@10 : 0.2589
Mon 26 Jan 2026 20:57:55 INFO  epoch 11 training [time: 141.84s, train loss: 78.8287]
Mon 26 Jan 2026 20:59:02 INFO  epoch 11 evaluating [time: 67.12s, valid_score: 0.250500]
Mon 26 Jan 2026 20:59:02 INFO  valid result: 
hit@10 : 0.6465    ndcg@10 : 0.3432    mrr@10 : 0.2505
Mon 26 Jan 2026 21:01:24 INFO  epoch 12 training [time: 141.52s, train loss: 76.8576]
Mon 26 Jan 2026 21:02:33 INFO  epoch 12 evaluating [time: 68.68s, valid_score: 0.253600]
Mon 26 Jan 2026 21:02:33 INFO  valid result: 
hit@10 : 0.6454    ndcg@10 : 0.3455    mrr@10 : 0.2536
Mon 26 Jan 2026 21:04:53 INFO  epoch 13 training [time: 140.45s, train loss: 75.2408]
Mon 26 Jan 2026 21:06:01 INFO  epoch 13 evaluating [time: 68.13s, valid_score: 0.259600]
Mon 26 Jan 2026 21:06:01 INFO  valid result: 
hit@10 : 0.6423    ndcg@10 : 0.3495    mrr@10 : 0.2596
Mon 26 Jan 2026 21:08:24 INFO  epoch 14 training [time: 142.56s, train loss: 73.4932]
Mon 26 Jan 2026 21:09:34 INFO  epoch 14 evaluating [time: 69.88s, valid_score: 0.258200]
Mon 26 Jan 2026 21:09:34 INFO  valid result: 
hit@10 : 0.6486    ndcg@10 : 0.3498    mrr@10 : 0.2582
Mon 26 Jan 2026 21:11:56 INFO  epoch 15 training [time: 142.57s, train loss: 71.4015]
Mon 26 Jan 2026 21:13:07 INFO  epoch 15 evaluating [time: 70.42s, valid_score: 0.269500]
Mon 26 Jan 2026 21:13:07 INFO  valid result: 
hit@10 : 0.6401    ndcg@10 : 0.3562    mrr@10 : 0.2695
Mon 26 Jan 2026 21:13:07 INFO  Saving current: saved\BMLP-Jan-26-2026_20-16-49.pth
Mon 26 Jan 2026 21:15:32 INFO  epoch 16 training [time: 145.34s, train loss: 70.8312]
Mon 26 Jan 2026 21:16:43 INFO  epoch 16 evaluating [time: 70.84s, valid_score: 0.267900]
Mon 26 Jan 2026 21:16:43 INFO  valid result: 
hit@10 : 0.6359    ndcg@10 : 0.3539    mrr@10 : 0.2679
Mon 26 Jan 2026 21:19:05 INFO  epoch 17 training [time: 141.66s, train loss: 69.9639]
Mon 26 Jan 2026 21:20:14 INFO  epoch 17 evaluating [time: 69.78s, valid_score: 0.262600]
Mon 26 Jan 2026 21:20:14 INFO  valid result: 
hit@10 : 0.6476    ndcg@10 : 0.3533    mrr@10 : 0.2626
Mon 26 Jan 2026 21:22:41 INFO  epoch 18 training [time: 146.54s, train loss: 68.1771]
Mon 26 Jan 2026 21:23:49 INFO  epoch 18 evaluating [time: 67.62s, valid_score: 0.258900]
Mon 26 Jan 2026 21:23:49 INFO  valid result: 
hit@10 : 0.6316    ndcg@10 : 0.3467    mrr@10 : 0.2589
Mon 26 Jan 2026 21:26:11 INFO  epoch 19 training [time: 142.86s, train loss: 67.3600]
Mon 26 Jan 2026 21:27:19 INFO  epoch 19 evaluating [time: 68.07s, valid_score: 0.257500]
Mon 26 Jan 2026 21:27:19 INFO  valid result: 
hit@10 : 0.6423    ndcg@10 : 0.3479    mrr@10 : 0.2575
Mon 26 Jan 2026 21:29:46 INFO  epoch 20 training [time: 146.24s, train loss: 65.1894]
Mon 26 Jan 2026 21:30:56 INFO  epoch 20 evaluating [time: 70.46s, valid_score: 0.265000]
Mon 26 Jan 2026 21:30:56 INFO  valid result: 
hit@10 : 0.6369    ndcg@10 : 0.3523    mrr@10 : 0.265
Mon 26 Jan 2026 21:33:25 INFO  epoch 21 training [time: 148.35s, train loss: 64.8339]
Mon 26 Jan 2026 21:34:41 INFO  epoch 21 evaluating [time: 76.13s, valid_score: 0.257700]
Mon 26 Jan 2026 21:34:41 INFO  valid result: 
hit@10 : 0.6465    ndcg@10 : 0.3488    mrr@10 : 0.2577
Mon 26 Jan 2026 21:37:04 INFO  epoch 22 training [time: 143.08s, train loss: 63.1577]
Mon 26 Jan 2026 21:38:15 INFO  epoch 22 evaluating [time: 71.73s, valid_score: 0.256300]
Mon 26 Jan 2026 21:38:15 INFO  valid result: 
hit@10 : 0.6338    ndcg@10 : 0.3447    mrr@10 : 0.2563
Mon 26 Jan 2026 21:40:46 INFO  epoch 23 training [time: 150.71s, train loss: 63.1935]
Mon 26 Jan 2026 21:42:00 INFO  epoch 23 evaluating [time: 73.98s, valid_score: 0.255200]
Mon 26 Jan 2026 21:42:00 INFO  valid result: 
hit@10 : 0.6412    ndcg@10 : 0.3457    mrr@10 : 0.2552
Mon 26 Jan 2026 21:44:27 INFO  epoch 24 training [time: 147.17s, train loss: 62.5968]
Mon 26 Jan 2026 21:45:38 INFO  epoch 24 evaluating [time: 70.44s, valid_score: 0.253000]
Mon 26 Jan 2026 21:45:38 INFO  valid result: 
hit@10 : 0.62    ndcg@10 : 0.3389    mrr@10 : 0.253
Mon 26 Jan 2026 21:48:05 INFO  epoch 25 training [time: 147.09s, train loss: 60.8821]
Mon 26 Jan 2026 21:49:16 INFO  epoch 25 evaluating [time: 70.98s, valid_score: 0.250300]
Mon 26 Jan 2026 21:49:16 INFO  valid result: 
hit@10 : 0.6338    ndcg@10 : 0.34    mrr@10 : 0.2503
Mon 26 Jan 2026 21:51:41 INFO  epoch 26 training [time: 144.91s, train loss: 60.3380]
Mon 26 Jan 2026 21:52:49 INFO  epoch 26 evaluating [time: 68.72s, valid_score: 0.260200]
Mon 26 Jan 2026 21:52:49 INFO  valid result: 
hit@10 : 0.6242    ndcg@10 : 0.3454    mrr@10 : 0.2602
Mon 26 Jan 2026 21:52:49 INFO  Finished training, best eval result in epoch 15
Mon 26 Jan 2026 21:52:50 INFO  Loading model structure and parameters from saved\BMLP-Jan-26-2026_20-16-49.pth
Mon 26 Jan 2026 21:54:01 INFO  The running environment of this training is as follows:
+-------------+----------------+
| Environment |     Usage      |
+=============+================+
| CPU         |    12.20 %     |
+-------------+----------------+
| GPU         | 0.21 G/6.00 G  |
+-------------+----------------+
| Memory      | 0.26 G/15.63 G |
+-------------+----------------+
Mon 26 Jan 2026 21:54:01 INFO  best valid : OrderedDict([('hit@10', 0.6401), ('ndcg@10', 0.3562), ('mrr@10', 0.2695)])
Mon 26 Jan 2026 21:54:01 INFO  test result: OrderedDict([('hit@10', 0.621), ('ndcg@10', 0.3471), ('mrr@10', 0.2632)])
