Fri 13 Feb 2026 20:39:34 INFO  ['-c']
Fri 13 Feb 2026 20:39:34 INFO  
General Hyper Parameters:
gpu_id = 0
use_gpu = True
seed = 42
state = INFO
reproducibility = True
data_path = data/amazon\amazon-beauty-5core-subset
checkpoint_dir = saved
show_progress = True
save_dataset = False
dataset_save_path = None
save_dataloaders = False
dataloaders_save_path = None
log_wandb = False

Training Hyper Parameters:
epochs = 1
train_batch_size = 256
learner = adam
learning_rate = 0.001
train_neg_sample_args = {'distribution': 'none', 'sample_num': 'none', 'alpha': 'none', 'dynamic': False, 'candidate_num': 0}
eval_step = 1
stopping_step = 10
clip_grad_norm = None
weight_decay = 0.0
loss_decimal_place = 4

Evaluation Hyper Parameters:
eval_args = {'split': {'LS': 'valid_and_test'}, 'order': 'TO', 'group_by': 'user', 'mode': {'valid': 'uni100', 'test': 'uni100'}}
repeatable = True
metrics = ['Hit', 'NDCG', 'MRR']
topk = [10]
valid_metric = MRR@10
valid_metric_bigger = True
eval_batch_size = 512
metric_decimal_place = 4

Dataset Hyper Parameters:
field_separator = 	
seq_separator =  
USER_ID_FIELD = user_id
ITEM_ID_FIELD = item_id
RATING_FIELD = rating
TIME_FIELD = timestamp
seq_len = None
LABEL_FIELD = label
threshold = None
NEG_PREFIX = neg_
load_col = {'inter': ['user_id', 'item_id', 'rating', 'timestamp']}
unload_col = None
unused_col = None
additional_feat_suffix = None
rm_dup_inter = None
val_interval = None
filter_inter_by_user_or_item = True
user_inter_num_interval = [0,inf)
item_inter_num_interval = [0,inf)
alias_of_user_id = None
alias_of_item_id = None
alias_of_entity_id = None
alias_of_relation_id = None
preload_weight = None
normalize_field = None
normalize_all = None
ITEM_LIST_LENGTH_FIELD = item_length
LIST_SUFFIX = _list
MAX_ITEM_LIST_LENGTH = 32
POSITION_FIELD = position_id
HEAD_ENTITY_ID_FIELD = head_id
TAIL_ENTITY_ID_FIELD = tail_id
RELATION_ID_FIELD = relation_id
ENTITY_ID_FIELD = entity_id
benchmark_filename = None

Other Hyper Parameters: 
worker = 0
wandb_project = recbole
shuffle = True
require_pow = False
enable_amp = False
enable_scaler = False
transform = None
numerical_features = []
discretization = None
kg_reverse_r = False
entity_kg_num_interval = [0,inf)
relation_kg_num_interval = [0,inf)
MODEL_TYPE = ModelType.SEQUENTIAL
model_name = IDEAGRU
embedding_size = 64
hidden_size = 128
num_layers = 1
dropout_prob = 0.3
loss_type = CE
num_subseq = 3
num_env = 4
temp = 0.1
fake_ratio = 0.0
var_hyper = 1.0
alpha = 0.1
early_stop = 10
neg_sampling = None
device = cuda
MODEL_INPUT_TYPE = InputType.POINTWISE
eval_type = EvaluatorType.RANKING
single_spec = True
local_rank = 0
valid_neg_sample_args = {'distribution': 'uniform', 'sample_num': 100}
test_neg_sample_args = {'distribution': 'uniform', 'sample_num': 100}


Fri 13 Feb 2026 20:39:35 INFO  amazon-beauty-5core-subset
The number of users: 7001
Average actions of users: 15.458
The number of items: 11924
Average actions of items: 9.075400486454752
The number of inters: 108206
The sparsity of the dataset: 99.87038081155896%
Remain Fields: ['user_id', 'item_id', 'rating', 'timestamp']
Fri 13 Feb 2026 20:39:37 INFO  [Training]: train_batch_size = [256] train_neg_sample_args: [{'distribution': 'none', 'sample_num': 'none', 'alpha': 'none', 'dynamic': False, 'candidate_num': 0}]
Fri 13 Feb 2026 20:39:37 INFO  [Evaluation]: eval_batch_size = [512] eval_args: [{'split': {'LS': 'valid_and_test'}, 'order': 'TO', 'group_by': 'user', 'mode': {'valid': 'uni100', 'test': 'uni100'}}]
Fri 13 Feb 2026 20:39:37 INFO  IDEAGRU(
  (item_embedding): Embedding(11924, 64, padding_idx=0)
  (emb_dropout): Dropout(p=0.3, inplace=False)
  (gru_layers): GRU(64, 128, bias=False, batch_first=True)
  (dense): Linear(in_features=128, out_features=64, bias=True)
  (loss_fct): CrossEntropyLoss()
  (env): EnvGenerator(
    (linear_in): ModuleList(
      (0-2): 3 x Linear(in_features=32, out_features=128, bias=True)
    )
    (linear_out): ModuleList(
      (0-2): 3 x Linear(in_features=128, out_features=32, bias=True)
    )
    (activate): ReLU()
  )
)
Trainable parameters: 870176
Fri 13 Feb 2026 20:39:37 INFO  FLOPs: 2652224.0
Fri 13 Feb 2026 20:40:04 INFO  epoch 0 training [time: 24.85s, train loss: 3203.7067]
Fri 13 Feb 2026 20:40:10 INFO  epoch 0 evaluating [time: 6.70s, valid_score: 0.057700]
Fri 13 Feb 2026 20:40:10 INFO  valid result: 
hit@10 : 0.1647    ndcg@10 : 0.0823    mrr@10 : 0.0577
Fri 13 Feb 2026 20:40:10 INFO  Saving current: saved\IDEAGRU-Feb-13-2026_20-39-37.pth
Fri 13 Feb 2026 20:40:10 INFO  Loading model structure and parameters from saved\IDEAGRU-Feb-13-2026_20-39-37.pth
Fri 13 Feb 2026 20:40:18 INFO  The running environment of this training is as follows:
+-------------+----------------+
| Environment |     Usage      |
+=============+================+
| CPU         |     9.80 %     |
+-------------+----------------+
| GPU         | 0.49 G/6.00 G  |
+-------------+----------------+
| Memory      | 1.52 G/15.63 G |
+-------------+----------------+
Fri 13 Feb 2026 20:40:18 INFO  best valid : OrderedDict([('hit@10', 0.1647), ('ndcg@10', 0.0823), ('mrr@10', 0.0577)])
Fri 13 Feb 2026 20:40:18 INFO  test result: OrderedDict([('hit@10', 0.1501), ('ndcg@10', 0.075), ('mrr@10', 0.0524)])
