Mon 26 Jan 2026 18:29:52 INFO  ['scripts/run_recbole_mlm4rec.py']
Mon 26 Jan 2026 18:29:52 INFO  
General Hyper Parameters:
gpu_id = 0
use_gpu = True
seed = 2022
state = INFO
reproducibility = True
data_path = F:\anaconda3\envs\rec39\Lib\site-packages\recbole\config\../dataset_example/ml-100k
checkpoint_dir = saved
show_progress = True
save_dataset = False
dataset_save_path = None
save_dataloaders = False
dataloaders_save_path = None
log_wandb = False

Training Hyper Parameters:
epochs = 100
train_batch_size = 256
learner = adam
learning_rate = 0.001
train_neg_sample_args = {'distribution': 'uniform', 'sample_num': 1, 'alpha': 1.0, 'dynamic': False, 'candidate_num': 0}
eval_step = 1
stopping_step = 10
clip_grad_norm = None
weight_decay = 0.0
loss_decimal_place = 4

Evaluation Hyper Parameters:
eval_args = {'split': {'LS': 'valid_and_test'}, 'order': 'TO', 'group_by': 'user', 'mode': {'valid': 'uni100', 'test': 'uni100'}}
repeatable = True
metrics = ['Hit', 'NDCG', 'MRR']
topk = [10]
valid_metric = MRR@10
valid_metric_bigger = True
eval_batch_size = 512
metric_decimal_place = 4

Dataset Hyper Parameters:
field_separator = 	
seq_separator =  
USER_ID_FIELD = user_id
ITEM_ID_FIELD = item_id
RATING_FIELD = rating
TIME_FIELD = timestamp
seq_len = None
LABEL_FIELD = label
threshold = None
NEG_PREFIX = neg_
load_col = {'inter': ['user_id', 'item_id', 'rating', 'timestamp'], 'user': ['user_id', 'age', 'gender', 'occupation', 'zip_code'], 'item': ['item_id', 'movie_title', 'release_year', 'class']}
unload_col = None
unused_col = None
additional_feat_suffix = None
rm_dup_inter = None
val_interval = None
filter_inter_by_user_or_item = True
user_inter_num_interval = None
item_inter_num_interval = None
alias_of_user_id = None
alias_of_item_id = None
alias_of_entity_id = None
alias_of_relation_id = None
preload_weight = None
normalize_field = None
normalize_all = True
ITEM_LIST_LENGTH_FIELD = item_length
LIST_SUFFIX = _list
MAX_ITEM_LIST_LENGTH = 30
POSITION_FIELD = position_id
HEAD_ENTITY_ID_FIELD = head_id
TAIL_ENTITY_ID_FIELD = tail_id
RELATION_ID_FIELD = relation_id
ENTITY_ID_FIELD = entity_id
kg_reverse_r = False
entity_kg_num_interval = None
relation_kg_num_interval = None
benchmark_filename = None

Other Hyper Parameters: 
worker = 0
wandb_project = recbole
shuffle = True
require_pow = False
enable_amp = False
enable_scaler = False
transform = None
numerical_features = []
discretization = None
MODEL_TYPE = ModelType.SEQUENTIAL
model_name = MLM4Rec
hidden_size = 64
num_hidden_layers = 2
num_attention_heads = 2
hidden_act = gelu
attention_probs_dropout_prob = 0.5
hidden_dropout_prob = 0.5
initializer_range = 0.02
kernel = 3
cmlp_type = 1
merge_type = weightavg
loss_type = BPR
early_stop = 10
neg_sampling = None
MODEL_INPUT_TYPE = InputType.PAIRWISE
eval_type = EvaluatorType.RANKING
single_spec = True
local_rank = 0
device = cuda
valid_neg_sample_args = {'distribution': 'uniform', 'sample_num': 100}
test_neg_sample_args = {'distribution': 'uniform', 'sample_num': 100}


Mon 26 Jan 2026 18:29:53 INFO  ml-100k
The number of users: 944
Average actions of users: 106.04453870625663
The number of items: 1683
Average actions of items: 59.45303210463734
The number of inters: 100000
The sparsity of the dataset: 93.70575143257098%
Remain Fields: ['user_id', 'item_id', 'rating', 'timestamp', 'age', 'gender', 'occupation', 'zip_code', 'movie_title', 'release_year', 'class']
Mon 26 Jan 2026 18:29:54 INFO  [Training]: train_batch_size = [256] train_neg_sample_args: [{'distribution': 'uniform', 'sample_num': 1, 'alpha': 1.0, 'dynamic': False, 'candidate_num': 0}]
Mon 26 Jan 2026 18:29:54 INFO  [Evaluation]: eval_batch_size = [512] eval_args: [{'split': {'LS': 'valid_and_test'}, 'order': 'TO', 'group_by': 'user', 'mode': {'valid': 'uni100', 'test': 'uni100'}}]
Mon 26 Jan 2026 18:29:55 INFO  MLM4Rec(
  (item_embedding): Embedding(1683, 64, padding_idx=0)
  (item_embeddings): Embedding(1683, 64, padding_idx=0)
  (position_embedding): Embedding(30, 64)
  (layer_norm): LayerNorm()
  (dropout): Dropout(p=0.5, inplace=False)
  (item_encoder): Encoder(
    (layer): ModuleList(
      (0-1): 2 x Layer(
        (attenpool): AttentionPooling(
          (att_fc1): Linear(in_features=64, out_features=64, bias=True)
          (att_fc2): Linear(in_features=64, out_features=1, bias=True)
        )
        (attention): MLPMixer(
          (layer_norm): LayerNorm((64,), eps=1e-05, elementwise_affine=True)
          (token_mixer): PreNormResidual(
            (fn): Sequential(
              (0): Conv1d(30, 120, kernel_size=(1,), stride=(1,))
              (1): GELU(approximate='none')
              (2): Dropout(p=0.5, inplace=False)
              (3): Conv1d(120, 30, kernel_size=(1,), stride=(1,))
              (4): Dropout(p=0.5, inplace=False)
            )
            (norm): LayerNorm((64,), eps=1e-05, elementwise_affine=True)
          )
          (channel_mixer): PreNormResidual(
            (fn): Sequential(
              (0): Linear(in_features=64, out_features=256, bias=True)
              (1): GELU(approximate='none')
              (2): Dropout(p=0.5, inplace=False)
              (3): Linear(in_features=256, out_features=64, bias=True)
              (4): Dropout(p=0.5, inplace=False)
            )
            (norm): LayerNorm((64,), eps=1e-05, elementwise_affine=True)
          )
        )
        (filterlayer): CMLPEncoder(
          (layers): CMLPBlock(
            (proj_in): Linear(in_features=64, out_features=256, bias=True)
            (proj_out): Linear(in_features=128, out_features=64, bias=True)
            (act_in): GELU(approximate='none')
            (act_out): Identity()
            (pre_norm): LayerNorm((64,), eps=1e-05, elementwise_affine=True)
            (dropout): Dropout(p=0.5, inplace=False)
            (cgu): ConvGatingUnit(
              (norm): LayerNorm((128,), eps=1e-05, elementwise_affine=True)
              (dropout): Dropout(p=0.5, inplace=False)
              (conv1): Conv1d(128, 128, kernel_size=(3,), stride=(1,), padding=(1,), groups=128)
              (conv2): Conv1d(128, 128, kernel_size=(5,), stride=(1,), padding=(2,), groups=128)
              (act): GELU(approximate='none')
              (conv_act): SiLU()
            )
          )
          (norm): LayerNorm((64,), eps=1e-05, elementwise_affine=True)
        )
        (w_att): Linear(in_features=64, out_features=1, bias=True)
        (w_mlp): Linear(in_features=64, out_features=1, bias=True)
        (w_merge): Linear(in_features=128, out_features=64, bias=True)
        (intermediate): Intermediate(
          (dense_1): Linear(in_features=64, out_features=256, bias=True)
          (dense_2): Linear(in_features=256, out_features=64, bias=True)
          (layer_norm): LayerNorm()
          (dropout): Dropout(p=0.5, inplace=False)
        )
      )
    )
  )
  (loss_fct): BPRLoss()
)
Trainable parameters: 336434
Mon 26 Jan 2026 18:29:55 INFO  FLOPs: 9857600.0
Mon 26 Jan 2026 18:31:28 INFO  epoch 0 training [time: 91.47s, train loss: 160.4528]
Mon 26 Jan 2026 18:31:33 INFO  epoch 0 evaluating [time: 4.28s, valid_score: 0.211600]
Mon 26 Jan 2026 18:31:33 INFO  valid result: 
hit@10 : 0.5398    ndcg@10 : 0.2885    mrr@10 : 0.2116
Mon 26 Jan 2026 18:31:33 INFO  Saving current: saved\MLM4Rec-Jan-26-2026_18-29-55.pth
Mon 26 Jan 2026 18:33:03 INFO  epoch 1 training [time: 89.83s, train loss: 100.7436]
Mon 26 Jan 2026 18:33:06 INFO  epoch 1 evaluating [time: 3.79s, valid_score: 0.260600]
Mon 26 Jan 2026 18:33:06 INFO  valid result: 
hit@10 : 0.6458    ndcg@10 : 0.3508    mrr@10 : 0.2606
Mon 26 Jan 2026 18:33:06 INFO  Saving current: saved\MLM4Rec-Jan-26-2026_18-29-55.pth
Mon 26 Jan 2026 18:34:32 INFO  epoch 2 training [time: 85.11s, train loss: 87.0180]
Mon 26 Jan 2026 18:34:35 INFO  epoch 2 evaluating [time: 3.81s, valid_score: 0.270300]
Mon 26 Jan 2026 18:34:35 INFO  valid result: 
hit@10 : 0.6702    ndcg@10 : 0.3641    mrr@10 : 0.2703
Mon 26 Jan 2026 18:34:35 INFO  Saving current: saved\MLM4Rec-Jan-26-2026_18-29-55.pth
Mon 26 Jan 2026 18:36:13 INFO  epoch 3 training [time: 97.36s, train loss: 82.3109]
Mon 26 Jan 2026 18:36:18 INFO  epoch 3 evaluating [time: 4.91s, valid_score: 0.269900]
Mon 26 Jan 2026 18:36:18 INFO  valid result: 
hit@10 : 0.6819    ndcg@10 : 0.3664    mrr@10 : 0.2699
Mon 26 Jan 2026 18:37:54 INFO  epoch 4 training [time: 96.05s, train loss: 78.6850]
Mon 26 Jan 2026 18:37:58 INFO  epoch 4 evaluating [time: 4.10s, valid_score: 0.279600]
Mon 26 Jan 2026 18:37:58 INFO  valid result: 
hit@10 : 0.7105    ndcg@10 : 0.3808    mrr@10 : 0.2796
Mon 26 Jan 2026 18:37:58 INFO  Saving current: saved\MLM4Rec-Jan-26-2026_18-29-55.pth
Mon 26 Jan 2026 18:39:33 INFO  epoch 5 training [time: 95.12s, train loss: 76.1812]
Mon 26 Jan 2026 18:39:37 INFO  epoch 5 evaluating [time: 4.00s, valid_score: 0.275500]
Mon 26 Jan 2026 18:39:37 INFO  valid result: 
hit@10 : 0.701    ndcg@10 : 0.3752    mrr@10 : 0.2755
Mon 26 Jan 2026 18:41:11 INFO  epoch 6 training [time: 94.26s, train loss: 75.3638]
Mon 26 Jan 2026 18:41:15 INFO  epoch 6 evaluating [time: 3.92s, valid_score: 0.288000]
Mon 26 Jan 2026 18:41:15 INFO  valid result: 
hit@10 : 0.6882    ndcg@10 : 0.3823    mrr@10 : 0.288
Mon 26 Jan 2026 18:41:15 INFO  Saving current: saved\MLM4Rec-Jan-26-2026_18-29-55.pth
Mon 26 Jan 2026 18:42:48 INFO  epoch 7 training [time: 93.08s, train loss: 73.0133]
Mon 26 Jan 2026 18:42:52 INFO  epoch 7 evaluating [time: 3.99s, valid_score: 0.287100]
Mon 26 Jan 2026 18:42:52 INFO  valid result: 
hit@10 : 0.7137    ndcg@10 : 0.3869    mrr@10 : 0.2871
Mon 26 Jan 2026 18:44:27 INFO  epoch 8 training [time: 95.06s, train loss: 71.6554]
Mon 26 Jan 2026 18:44:31 INFO  epoch 8 evaluating [time: 4.00s, valid_score: 0.293800]
Mon 26 Jan 2026 18:44:31 INFO  valid result: 
hit@10 : 0.7105    ndcg@10 : 0.392    mrr@10 : 0.2938
Mon 26 Jan 2026 18:44:31 INFO  Saving current: saved\MLM4Rec-Jan-26-2026_18-29-55.pth
Mon 26 Jan 2026 18:46:06 INFO  epoch 9 training [time: 95.16s, train loss: 69.5633]
Mon 26 Jan 2026 18:46:11 INFO  epoch 9 evaluating [time: 4.03s, valid_score: 0.299400]
Mon 26 Jan 2026 18:46:11 INFO  valid result: 
hit@10 : 0.7275    ndcg@10 : 0.3999    mrr@10 : 0.2994
Mon 26 Jan 2026 18:46:11 INFO  Saving current: saved\MLM4Rec-Jan-26-2026_18-29-55.pth
Mon 26 Jan 2026 18:47:46 INFO  epoch 10 training [time: 95.66s, train loss: 69.2049]
Mon 26 Jan 2026 18:47:50 INFO  epoch 10 evaluating [time: 4.08s, valid_score: 0.304900]
Mon 26 Jan 2026 18:47:50 INFO  valid result: 
hit@10 : 0.7169    ndcg@10 : 0.4017    mrr@10 : 0.3049
Mon 26 Jan 2026 18:47:50 INFO  Saving current: saved\MLM4Rec-Jan-26-2026_18-29-55.pth
Mon 26 Jan 2026 18:49:26 INFO  epoch 11 training [time: 95.81s, train loss: 69.2283]
Mon 26 Jan 2026 18:49:30 INFO  epoch 11 evaluating [time: 4.08s, valid_score: 0.308600]
Mon 26 Jan 2026 18:49:30 INFO  valid result: 
hit@10 : 0.7264    ndcg@10 : 0.4069    mrr@10 : 0.3086
Mon 26 Jan 2026 18:49:30 INFO  Saving current: saved\MLM4Rec-Jan-26-2026_18-29-55.pth
Mon 26 Jan 2026 18:51:15 INFO  epoch 12 training [time: 104.99s, train loss: 66.8783]
Mon 26 Jan 2026 18:51:20 INFO  epoch 12 evaluating [time: 5.09s, valid_score: 0.303800]
Mon 26 Jan 2026 18:51:20 INFO  valid result: 
hit@10 : 0.7264    ndcg@10 : 0.4026    mrr@10 : 0.3038
Mon 26 Jan 2026 18:53:18 INFO  epoch 13 training [time: 118.16s, train loss: 66.9433]
Mon 26 Jan 2026 18:53:24 INFO  epoch 13 evaluating [time: 5.04s, valid_score: 0.300800]
Mon 26 Jan 2026 18:53:24 INFO  valid result: 
hit@10 : 0.7158    ndcg@10 : 0.3986    mrr@10 : 0.3008
Mon 26 Jan 2026 18:54:58 INFO  epoch 14 training [time: 94.28s, train loss: 65.5972]
Mon 26 Jan 2026 18:55:02 INFO  epoch 14 evaluating [time: 4.04s, valid_score: 0.315200]
Mon 26 Jan 2026 18:55:02 INFO  valid result: 
hit@10 : 0.7285    ndcg@10 : 0.4127    mrr@10 : 0.3152
Mon 26 Jan 2026 18:55:02 INFO  Saving current: saved\MLM4Rec-Jan-26-2026_18-29-55.pth
Mon 26 Jan 2026 18:56:47 INFO  epoch 15 training [time: 105.23s, train loss: 65.0148]
Mon 26 Jan 2026 18:56:51 INFO  epoch 15 evaluating [time: 4.18s, valid_score: 0.314900]
Mon 26 Jan 2026 18:56:51 INFO  valid result: 
hit@10 : 0.7105    ndcg@10 : 0.4082    mrr@10 : 0.3149
Mon 26 Jan 2026 18:58:32 INFO  epoch 16 training [time: 101.07s, train loss: 65.3597]
Mon 26 Jan 2026 18:58:36 INFO  epoch 16 evaluating [time: 3.99s, valid_score: 0.316600]
Mon 26 Jan 2026 18:58:36 INFO  valid result: 
hit@10 : 0.7328    ndcg@10 : 0.4147    mrr@10 : 0.3166
Mon 26 Jan 2026 18:58:36 INFO  Saving current: saved\MLM4Rec-Jan-26-2026_18-29-55.pth
Mon 26 Jan 2026 19:00:11 INFO  epoch 17 training [time: 94.63s, train loss: 64.4352]
Mon 26 Jan 2026 19:00:15 INFO  epoch 17 evaluating [time: 4.16s, valid_score: 0.318500]
Mon 26 Jan 2026 19:00:15 INFO  valid result: 
hit@10 : 0.7275    ndcg@10 : 0.4146    mrr@10 : 0.3185
Mon 26 Jan 2026 19:00:15 INFO  Saving current: saved\MLM4Rec-Jan-26-2026_18-29-55.pth
Mon 26 Jan 2026 19:01:51 INFO  epoch 18 training [time: 96.04s, train loss: 63.2844]
Mon 26 Jan 2026 19:01:55 INFO  epoch 18 evaluating [time: 3.99s, valid_score: 0.323300]
Mon 26 Jan 2026 19:01:55 INFO  valid result: 
hit@10 : 0.7264    ndcg@10 : 0.4187    mrr@10 : 0.3233
Mon 26 Jan 2026 19:01:55 INFO  Saving current: saved\MLM4Rec-Jan-26-2026_18-29-55.pth
Mon 26 Jan 2026 19:03:37 INFO  epoch 19 training [time: 101.56s, train loss: 63.2529]
Mon 26 Jan 2026 19:03:41 INFO  epoch 19 evaluating [time: 4.04s, valid_score: 0.311000]
Mon 26 Jan 2026 19:03:41 INFO  valid result: 
hit@10 : 0.7232    ndcg@10 : 0.4087    mrr@10 : 0.311
Mon 26 Jan 2026 19:05:16 INFO  epoch 20 training [time: 94.95s, train loss: 62.6375]
Mon 26 Jan 2026 19:05:20 INFO  epoch 20 evaluating [time: 3.88s, valid_score: 0.318500]
Mon 26 Jan 2026 19:05:20 INFO  valid result: 
hit@10 : 0.7381    ndcg@10 : 0.4175    mrr@10 : 0.3185
Mon 26 Jan 2026 19:06:50 INFO  epoch 21 training [time: 90.77s, train loss: 62.1109]
Mon 26 Jan 2026 19:06:54 INFO  epoch 21 evaluating [time: 3.88s, valid_score: 0.326700]
Mon 26 Jan 2026 19:06:54 INFO  valid result: 
hit@10 : 0.7349    ndcg@10 : 0.4231    mrr@10 : 0.3267
Mon 26 Jan 2026 19:06:54 INFO  Saving current: saved\MLM4Rec-Jan-26-2026_18-29-55.pth
Mon 26 Jan 2026 19:08:28 INFO  epoch 22 training [time: 93.41s, train loss: 61.6719]
Mon 26 Jan 2026 19:08:32 INFO  epoch 22 evaluating [time: 3.94s, valid_score: 0.327700]
Mon 26 Jan 2026 19:08:32 INFO  valid result: 
hit@10 : 0.7222    ndcg@10 : 0.4213    mrr@10 : 0.3277
Mon 26 Jan 2026 19:08:32 INFO  Saving current: saved\MLM4Rec-Jan-26-2026_18-29-55.pth
Mon 26 Jan 2026 19:10:08 INFO  epoch 23 training [time: 95.80s, train loss: 61.4837]
Mon 26 Jan 2026 19:10:12 INFO  epoch 23 evaluating [time: 4.03s, valid_score: 0.328000]
Mon 26 Jan 2026 19:10:12 INFO  valid result: 
hit@10 : 0.7487    ndcg@10 : 0.4273    mrr@10 : 0.328
Mon 26 Jan 2026 19:10:12 INFO  Saving current: saved\MLM4Rec-Jan-26-2026_18-29-55.pth
Mon 26 Jan 2026 19:11:45 INFO  epoch 24 training [time: 93.50s, train loss: 61.6101]
Mon 26 Jan 2026 19:11:49 INFO  epoch 24 evaluating [time: 4.03s, valid_score: 0.314400]
Mon 26 Jan 2026 19:11:49 INFO  valid result: 
hit@10 : 0.7338    ndcg@10 : 0.4136    mrr@10 : 0.3144
Mon 26 Jan 2026 19:13:23 INFO  epoch 25 training [time: 94.06s, train loss: 61.0624]
Mon 26 Jan 2026 19:13:27 INFO  epoch 25 evaluating [time: 4.11s, valid_score: 0.326600]
Mon 26 Jan 2026 19:13:27 INFO  valid result: 
hit@10 : 0.7359    ndcg@10 : 0.4234    mrr@10 : 0.3266
Mon 26 Jan 2026 19:15:02 INFO  epoch 26 training [time: 95.12s, train loss: 60.9521]
Mon 26 Jan 2026 19:15:07 INFO  epoch 26 evaluating [time: 4.10s, valid_score: 0.329000]
Mon 26 Jan 2026 19:15:07 INFO  valid result: 
hit@10 : 0.7413    ndcg@10 : 0.427    mrr@10 : 0.329
Mon 26 Jan 2026 19:15:07 INFO  Saving current: saved\MLM4Rec-Jan-26-2026_18-29-55.pth
Mon 26 Jan 2026 19:16:42 INFO  epoch 27 training [time: 95.61s, train loss: 60.7381]
Mon 26 Jan 2026 19:16:46 INFO  epoch 27 evaluating [time: 4.03s, valid_score: 0.347300]
Mon 26 Jan 2026 19:16:46 INFO  valid result: 
hit@10 : 0.7603    ndcg@10 : 0.4445    mrr@10 : 0.3473
Mon 26 Jan 2026 19:16:46 INFO  Saving current: saved\MLM4Rec-Jan-26-2026_18-29-55.pth
Mon 26 Jan 2026 19:18:29 INFO  epoch 28 training [time: 102.91s, train loss: 59.5496]
Mon 26 Jan 2026 19:18:34 INFO  epoch 28 evaluating [time: 4.98s, valid_score: 0.326200]
Mon 26 Jan 2026 19:18:34 INFO  valid result: 
hit@10 : 0.7232    ndcg@10 : 0.4203    mrr@10 : 0.3262
Mon 26 Jan 2026 19:20:30 INFO  epoch 29 training [time: 115.54s, train loss: 59.9097]
Mon 26 Jan 2026 19:20:35 INFO  epoch 29 evaluating [time: 5.14s, valid_score: 0.321000]
Mon 26 Jan 2026 19:20:35 INFO  valid result: 
hit@10 : 0.7349    ndcg@10 : 0.4185    mrr@10 : 0.321
Mon 26 Jan 2026 19:22:25 INFO  epoch 30 training [time: 110.13s, train loss: 58.6637]
Mon 26 Jan 2026 19:22:29 INFO  epoch 30 evaluating [time: 4.16s, valid_score: 0.322400]
Mon 26 Jan 2026 19:22:29 INFO  valid result: 
hit@10 : 0.7338    ndcg@10 : 0.4194    mrr@10 : 0.3224
Mon 26 Jan 2026 19:24:10 INFO  epoch 31 training [time: 100.58s, train loss: 59.2295]
Mon 26 Jan 2026 19:24:14 INFO  epoch 31 evaluating [time: 4.32s, valid_score: 0.321500]
Mon 26 Jan 2026 19:24:14 INFO  valid result: 
hit@10 : 0.7296    ndcg@10 : 0.4178    mrr@10 : 0.3215
Mon 26 Jan 2026 19:25:56 INFO  epoch 32 training [time: 102.29s, train loss: 58.7725]
Mon 26 Jan 2026 19:26:01 INFO  epoch 32 evaluating [time: 4.34s, valid_score: 0.325000]
Mon 26 Jan 2026 19:26:01 INFO  valid result: 
hit@10 : 0.7328    ndcg@10 : 0.4217    mrr@10 : 0.325
Mon 26 Jan 2026 19:27:44 INFO  epoch 33 training [time: 103.01s, train loss: 59.0902]
Mon 26 Jan 2026 19:27:48 INFO  epoch 33 evaluating [time: 4.31s, valid_score: 0.330300]
Mon 26 Jan 2026 19:27:48 INFO  valid result: 
hit@10 : 0.7222    ndcg@10 : 0.4231    mrr@10 : 0.3303
Mon 26 Jan 2026 19:29:36 INFO  epoch 34 training [time: 108.24s, train loss: 58.0738]
Mon 26 Jan 2026 19:29:41 INFO  epoch 34 evaluating [time: 4.41s, valid_score: 0.325000]
Mon 26 Jan 2026 19:29:41 INFO  valid result: 
hit@10 : 0.7328    ndcg@10 : 0.4212    mrr@10 : 0.325
Mon 26 Jan 2026 19:31:20 INFO  epoch 35 training [time: 99.85s, train loss: 58.8951]
Mon 26 Jan 2026 19:31:25 INFO  epoch 35 evaluating [time: 4.10s, valid_score: 0.330800]
Mon 26 Jan 2026 19:31:25 INFO  valid result: 
hit@10 : 0.7264    ndcg@10 : 0.4243    mrr@10 : 0.3308
Mon 26 Jan 2026 19:33:13 INFO  epoch 36 training [time: 108.87s, train loss: 58.5661]
Mon 26 Jan 2026 19:33:18 INFO  epoch 36 evaluating [time: 4.94s, valid_score: 0.330600]
Mon 26 Jan 2026 19:33:18 INFO  valid result: 
hit@10 : 0.7423    ndcg@10 : 0.428    mrr@10 : 0.3306
Mon 26 Jan 2026 19:35:09 INFO  epoch 37 training [time: 110.17s, train loss: 58.0058]
Mon 26 Jan 2026 19:35:13 INFO  epoch 37 evaluating [time: 4.36s, valid_score: 0.330800]
Mon 26 Jan 2026 19:35:13 INFO  valid result: 
hit@10 : 0.7444    ndcg@10 : 0.4281    mrr@10 : 0.3308
Mon 26 Jan 2026 19:36:54 INFO  epoch 38 training [time: 100.91s, train loss: 57.5358]
Mon 26 Jan 2026 19:36:58 INFO  epoch 38 evaluating [time: 4.29s, valid_score: 0.338800]
Mon 26 Jan 2026 19:36:58 INFO  valid result: 
hit@10 : 0.7328    ndcg@10 : 0.4322    mrr@10 : 0.3388
Mon 26 Jan 2026 19:36:58 INFO  Finished training, best eval result in epoch 27
Mon 26 Jan 2026 19:36:58 INFO  Loading model structure and parameters from saved\MLM4Rec-Jan-26-2026_18-29-55.pth
Mon 26 Jan 2026 19:37:04 INFO  The running environment of this training is as follows:
+-------------+----------------+
| Environment |     Usage      |
+=============+================+
| CPU         |    13.90 %     |
+-------------+----------------+
| GPU         | 0.46 G/6.00 G  |
+-------------+----------------+
| Memory      | 0.55 G/15.63 G |
+-------------+----------------+
Mon 26 Jan 2026 19:37:04 INFO  best valid : OrderedDict([('hit@10', 0.7603), ('ndcg@10', 0.4445), ('mrr@10', 0.3473)])
Mon 26 Jan 2026 19:37:04 INFO  test result: OrderedDict([('hit@10', 0.6893), ('ndcg@10', 0.3921), ('mrr@10', 0.3006)])
