Tue 27 Jan 2026 19:50:14 INFO  ['scripts/run_recbole_mlm4rec.py']
Tue 27 Jan 2026 19:50:14 INFO  
General Hyper Parameters:
gpu_id = 0
use_gpu = True
seed = 2022
state = INFO
reproducibility = True
data_path = F:\anaconda3\envs\rec39\Lib\site-packages\recbole\config\../dataset_example/ml-100k
checkpoint_dir = saved
show_progress = True
save_dataset = False
dataset_save_path = None
save_dataloaders = False
dataloaders_save_path = None
log_wandb = False

Training Hyper Parameters:
epochs = 100
train_batch_size = 256
learner = adam
learning_rate = 0.001
train_neg_sample_args = {'distribution': 'uniform', 'sample_num': 1, 'alpha': 1.0, 'dynamic': False, 'candidate_num': 0}
eval_step = 1
stopping_step = 10
clip_grad_norm = None
weight_decay = 0.0
loss_decimal_place = 4

Evaluation Hyper Parameters:
eval_args = {'split': {'LS': 'valid_and_test'}, 'order': 'TO', 'group_by': 'user', 'mode': {'valid': 'uni100', 'test': 'uni100'}}
repeatable = True
metrics = ['Hit', 'NDCG', 'MRR']
topk = [10]
valid_metric = MRR@10
valid_metric_bigger = True
eval_batch_size = 512
metric_decimal_place = 4

Dataset Hyper Parameters:
field_separator = 	
seq_separator =  
USER_ID_FIELD = user_id
ITEM_ID_FIELD = item_id
RATING_FIELD = rating
TIME_FIELD = timestamp
seq_len = None
LABEL_FIELD = label
threshold = None
NEG_PREFIX = neg_
load_col = {'inter': ['user_id', 'item_id', 'rating', 'timestamp'], 'user': ['user_id', 'age', 'gender', 'occupation', 'zip_code'], 'item': ['item_id', 'movie_title', 'release_year', 'class']}
unload_col = None
unused_col = None
additional_feat_suffix = None
rm_dup_inter = None
val_interval = None
filter_inter_by_user_or_item = True
user_inter_num_interval = None
item_inter_num_interval = None
alias_of_user_id = None
alias_of_item_id = None
alias_of_entity_id = None
alias_of_relation_id = None
preload_weight = None
normalize_field = None
normalize_all = True
ITEM_LIST_LENGTH_FIELD = item_length
LIST_SUFFIX = _list
MAX_ITEM_LIST_LENGTH = 32
POSITION_FIELD = position_id
HEAD_ENTITY_ID_FIELD = head_id
TAIL_ENTITY_ID_FIELD = tail_id
RELATION_ID_FIELD = relation_id
ENTITY_ID_FIELD = entity_id
kg_reverse_r = False
entity_kg_num_interval = None
relation_kg_num_interval = None
benchmark_filename = None

Other Hyper Parameters: 
worker = 0
wandb_project = recbole
shuffle = True
require_pow = False
enable_amp = False
enable_scaler = False
transform = None
numerical_features = []
discretization = None
MODEL_TYPE = ModelType.SEQUENTIAL
model_name = MLM4Rec
hidden_size = 64
num_hidden_layers = 2
num_attention_heads = 2
hidden_act = gelu
attention_probs_dropout_prob = 0.5
hidden_dropout_prob = 0.5
initializer_range = 0.02
local_hidden_size = 128
kernel_sizes = [3, 5, 7, 9]
kernel = 3
cmlp_type = 1
merge_type = weightavg
loss_type = BPR
early_stop = 10
neg_sampling = None
MODEL_INPUT_TYPE = InputType.PAIRWISE
eval_type = EvaluatorType.RANKING
single_spec = True
local_rank = 0
device = cuda
valid_neg_sample_args = {'distribution': 'uniform', 'sample_num': 100}
test_neg_sample_args = {'distribution': 'uniform', 'sample_num': 100}


Tue 27 Jan 2026 19:50:14 INFO  ml-100k
The number of users: 944
Average actions of users: 106.04453870625663
The number of items: 1683
Average actions of items: 59.45303210463734
The number of inters: 100000
The sparsity of the dataset: 93.70575143257098%
Remain Fields: ['user_id', 'item_id', 'rating', 'timestamp', 'age', 'gender', 'occupation', 'zip_code', 'movie_title', 'release_year', 'class']
Tue 27 Jan 2026 19:50:16 INFO  [Training]: train_batch_size = [256] train_neg_sample_args: [{'distribution': 'uniform', 'sample_num': 1, 'alpha': 1.0, 'dynamic': False, 'candidate_num': 0}]
Tue 27 Jan 2026 19:50:16 INFO  [Evaluation]: eval_batch_size = [512] eval_args: [{'split': {'LS': 'valid_and_test'}, 'order': 'TO', 'group_by': 'user', 'mode': {'valid': 'uni100', 'test': 'uni100'}}]
Tue 27 Jan 2026 19:50:16 INFO  MLM4Rec(
  (item_embedding): Embedding(1683, 64, padding_idx=0)
  (dropout): Dropout(p=0.5, inplace=False)
  (global_encoder): GlobalEncoder(
    (layers): ModuleList(
      (0-1): 2 x ModuleList(
        (0): SequenceMixer(
          (norm): LayerNorm((64,), eps=1e-05, elementwise_affine=True)
          (fc1): Linear(in_features=32, out_features=32, bias=True)
          (fc2): Linear(in_features=32, out_features=32, bias=True)
          (act): GELU(approximate='none')
          (drop): Dropout(p=0.5, inplace=False)
        )
        (1): ChannelMixer(
          (norm): LayerNorm((64,), eps=1e-05, elementwise_affine=True)
          (fc1): Linear(in_features=64, out_features=64, bias=True)
          (fc2): Linear(in_features=64, out_features=64, bias=True)
          (act): GELU(approximate='none')
          (drop): Dropout(p=0.5, inplace=False)
        )
      )
    )
  )
  (local_encoder): LocalEncoder(
    (layers): ModuleList(
      (0-1): 2 x LocalEncoderBlock(
        (norm): LayerNorm((64,), eps=1e-05, elementwise_affine=True)
        (proj_in): Linear(in_features=64, out_features=128, bias=True)
        (proj_out): Linear(in_features=64, out_features=64, bias=True)
        (act): GELU(approximate='none')
        (drop): Dropout(p=0.5, inplace=False)
        (cle): MultiGranularityCLE(
          (norm): LayerNorm((64,), eps=1e-05, elementwise_affine=True)
          (convs): ModuleList(
            (0): Conv1d(64, 64, kernel_size=(3,), stride=(1,), padding=(1,), groups=64)
            (1): Conv1d(64, 64, kernel_size=(5,), stride=(1,), padding=(2,), groups=64)
            (2): Conv1d(64, 64, kernel_size=(7,), stride=(1,), padding=(3,), groups=64)
            (3): Conv1d(64, 64, kernel_size=(9,), stride=(1,), padding=(4,), groups=64)
          )
          (act): SiLU()
        )
      )
    )
  )
  (afl): AdaptiveFusion(
    (att_fc): Linear(in_features=64, out_features=1, bias=True)
    (wg): Linear(in_features=64, out_features=1, bias=True)
    (wl): Linear(in_features=64, out_features=1, bias=True)
  )
  (pred_fc1): Linear(in_features=64, out_features=64, bias=True)
  (pred_fc2): Linear(in_features=64, out_features=1683, bias=True)
  (pred_act): GELU(approximate='none')
  (loss_fct): BPRLoss()
)
Trainable parameters: 271894
Tue 27 Jan 2026 19:50:16 INFO  FLOPs: 1710272.0
Tue 27 Jan 2026 19:51:03 INFO  epoch 0 training [time: 44.96s, train loss: 154.4714]
Tue 27 Jan 2026 19:51:05 INFO  epoch 0 evaluating [time: 2.33s, valid_score: 0.210200]
Tue 27 Jan 2026 19:51:05 INFO  valid result: 
hit@10 : 0.5398    ndcg@10 : 0.2877    mrr@10 : 0.2102
Tue 27 Jan 2026 19:51:05 INFO  Saving current: saved\MLM4Rec-Jan-27-2026_19-50-16.pth
Tue 27 Jan 2026 19:51:51 INFO  epoch 1 training [time: 45.96s, train loss: 100.0730]
Tue 27 Jan 2026 19:51:53 INFO  epoch 1 evaluating [time: 2.30s, valid_score: 0.253400]
Tue 27 Jan 2026 19:51:53 INFO  valid result: 
hit@10 : 0.6352    ndcg@10 : 0.3428    mrr@10 : 0.2534
Tue 27 Jan 2026 19:51:54 INFO  Saving current: saved\MLM4Rec-Jan-27-2026_19-50-16.pth
Tue 27 Jan 2026 19:52:40 INFO  epoch 2 training [time: 46.75s, train loss: 89.8334]
Tue 27 Jan 2026 19:52:42 INFO  epoch 2 evaluating [time: 2.15s, valid_score: 0.265400]
Tue 27 Jan 2026 19:52:42 INFO  valid result: 
hit@10 : 0.6437    ndcg@10 : 0.3542    mrr@10 : 0.2654
Tue 27 Jan 2026 19:52:42 INFO  Saving current: saved\MLM4Rec-Jan-27-2026_19-50-16.pth
Tue 27 Jan 2026 19:53:26 INFO  epoch 3 training [time: 43.38s, train loss: 86.2620]
Tue 27 Jan 2026 19:53:28 INFO  epoch 3 evaluating [time: 2.07s, valid_score: 0.259300]
Tue 27 Jan 2026 19:53:28 INFO  valid result: 
hit@10 : 0.6638    ndcg@10 : 0.3542    mrr@10 : 0.2593
Tue 27 Jan 2026 19:54:12 INFO  epoch 4 training [time: 43.77s, train loss: 83.8530]
Tue 27 Jan 2026 19:54:14 INFO  epoch 4 evaluating [time: 2.16s, valid_score: 0.272000]
Tue 27 Jan 2026 19:54:14 INFO  valid result: 
hit@10 : 0.6681    ndcg@10 : 0.3652    mrr@10 : 0.272
Tue 27 Jan 2026 19:54:14 INFO  Saving current: saved\MLM4Rec-Jan-27-2026_19-50-16.pth
Tue 27 Jan 2026 19:54:58 INFO  epoch 5 training [time: 44.21s, train loss: 82.6481]
Tue 27 Jan 2026 19:55:00 INFO  epoch 5 evaluating [time: 2.14s, valid_score: 0.265300]
Tue 27 Jan 2026 19:55:00 INFO  valid result: 
hit@10 : 0.6638    ndcg@10 : 0.3587    mrr@10 : 0.2653
Tue 27 Jan 2026 19:55:45 INFO  epoch 6 training [time: 44.39s, train loss: 81.7504]
Tue 27 Jan 2026 19:55:47 INFO  epoch 6 evaluating [time: 2.29s, valid_score: 0.274200]
Tue 27 Jan 2026 19:55:47 INFO  valid result: 
hit@10 : 0.6766    ndcg@10 : 0.3687    mrr@10 : 0.2742
Tue 27 Jan 2026 19:55:47 INFO  Saving current: saved\MLM4Rec-Jan-27-2026_19-50-16.pth
Tue 27 Jan 2026 19:56:34 INFO  epoch 7 training [time: 46.64s, train loss: 79.6520]
Tue 27 Jan 2026 19:56:36 INFO  epoch 7 evaluating [time: 2.23s, valid_score: 0.267400]
Tue 27 Jan 2026 19:56:36 INFO  valid result: 
hit@10 : 0.6914    ndcg@10 : 0.367    mrr@10 : 0.2674
Tue 27 Jan 2026 19:57:19 INFO  epoch 8 training [time: 43.09s, train loss: 78.3434]
Tue 27 Jan 2026 19:57:21 INFO  epoch 8 evaluating [time: 2.16s, valid_score: 0.274800]
Tue 27 Jan 2026 19:57:21 INFO  valid result: 
hit@10 : 0.684    ndcg@10 : 0.3708    mrr@10 : 0.2748
Tue 27 Jan 2026 19:57:21 INFO  Saving current: saved\MLM4Rec-Jan-27-2026_19-50-16.pth
Tue 27 Jan 2026 19:58:07 INFO  epoch 9 training [time: 45.93s, train loss: 76.7579]
Tue 27 Jan 2026 19:58:09 INFO  epoch 9 evaluating [time: 2.25s, valid_score: 0.297800]
Tue 27 Jan 2026 19:58:09 INFO  valid result: 
hit@10 : 0.7073    ndcg@10 : 0.3938    mrr@10 : 0.2978
Tue 27 Jan 2026 19:58:09 INFO  Saving current: saved\MLM4Rec-Jan-27-2026_19-50-16.pth
Tue 27 Jan 2026 19:58:56 INFO  epoch 10 training [time: 46.36s, train loss: 75.7186]
Tue 27 Jan 2026 19:58:58 INFO  epoch 10 evaluating [time: 2.14s, valid_score: 0.288600]
Tue 27 Jan 2026 19:58:58 INFO  valid result: 
hit@10 : 0.6935    ndcg@10 : 0.3835    mrr@10 : 0.2886
Tue 27 Jan 2026 19:59:44 INFO  epoch 11 training [time: 46.30s, train loss: 76.1992]
Tue 27 Jan 2026 19:59:46 INFO  epoch 11 evaluating [time: 2.30s, valid_score: 0.304000]
Tue 27 Jan 2026 19:59:46 INFO  valid result: 
hit@10 : 0.6988    ndcg@10 : 0.3974    mrr@10 : 0.304
Tue 27 Jan 2026 19:59:46 INFO  Saving current: saved\MLM4Rec-Jan-27-2026_19-50-16.pth
Tue 27 Jan 2026 20:00:34 INFO  epoch 12 training [time: 47.37s, train loss: 74.6858]
Tue 27 Jan 2026 20:00:36 INFO  epoch 12 evaluating [time: 2.27s, valid_score: 0.302900]
Tue 27 Jan 2026 20:00:36 INFO  valid result: 
hit@10 : 0.7126    ndcg@10 : 0.3985    mrr@10 : 0.3029
Tue 27 Jan 2026 20:01:21 INFO  epoch 13 training [time: 45.11s, train loss: 73.9548]
Tue 27 Jan 2026 20:01:23 INFO  epoch 13 evaluating [time: 2.21s, valid_score: 0.297900]
Tue 27 Jan 2026 20:01:23 INFO  valid result: 
hit@10 : 0.7041    ndcg@10 : 0.3938    mrr@10 : 0.2979
Tue 27 Jan 2026 20:02:09 INFO  epoch 14 training [time: 45.33s, train loss: 73.0864]
Tue 27 Jan 2026 20:02:11 INFO  epoch 14 evaluating [time: 2.21s, valid_score: 0.307600]
Tue 27 Jan 2026 20:02:11 INFO  valid result: 
hit@10 : 0.7126    ndcg@10 : 0.4032    mrr@10 : 0.3076
Tue 27 Jan 2026 20:02:11 INFO  Saving current: saved\MLM4Rec-Jan-27-2026_19-50-16.pth
Tue 27 Jan 2026 20:02:57 INFO  epoch 15 training [time: 46.09s, train loss: 72.0429]
Tue 27 Jan 2026 20:02:59 INFO  epoch 15 evaluating [time: 2.19s, valid_score: 0.308000]
Tue 27 Jan 2026 20:02:59 INFO  valid result: 
hit@10 : 0.6893    ndcg@10 : 0.3979    mrr@10 : 0.308
Tue 27 Jan 2026 20:02:59 INFO  Saving current: saved\MLM4Rec-Jan-27-2026_19-50-16.pth
Tue 27 Jan 2026 20:03:45 INFO  epoch 16 training [time: 46.32s, train loss: 72.0462]
Tue 27 Jan 2026 20:03:48 INFO  epoch 16 evaluating [time: 2.27s, valid_score: 0.306700]
Tue 27 Jan 2026 20:03:48 INFO  valid result: 
hit@10 : 0.7137    ndcg@10 : 0.4024    mrr@10 : 0.3067
Tue 27 Jan 2026 20:04:35 INFO  epoch 17 training [time: 46.88s, train loss: 70.7632]
Tue 27 Jan 2026 20:04:37 INFO  epoch 17 evaluating [time: 2.51s, valid_score: 0.320400]
Tue 27 Jan 2026 20:04:37 INFO  valid result: 
hit@10 : 0.7137    ndcg@10 : 0.413    mrr@10 : 0.3204
Tue 27 Jan 2026 20:04:37 INFO  Saving current: saved\MLM4Rec-Jan-27-2026_19-50-16.pth
Tue 27 Jan 2026 20:05:23 INFO  epoch 18 training [time: 45.52s, train loss: 70.3343]
Tue 27 Jan 2026 20:05:25 INFO  epoch 18 evaluating [time: 2.19s, valid_score: 0.314200]
Tue 27 Jan 2026 20:05:25 INFO  valid result: 
hit@10 : 0.7137    ndcg@10 : 0.4089    mrr@10 : 0.3142
Tue 27 Jan 2026 20:06:10 INFO  epoch 19 training [time: 45.14s, train loss: 70.1718]
Tue 27 Jan 2026 20:06:12 INFO  epoch 19 evaluating [time: 2.20s, valid_score: 0.322400]
Tue 27 Jan 2026 20:06:12 INFO  valid result: 
hit@10 : 0.7158    ndcg@10 : 0.4153    mrr@10 : 0.3224
Tue 27 Jan 2026 20:06:12 INFO  Saving current: saved\MLM4Rec-Jan-27-2026_19-50-16.pth
Tue 27 Jan 2026 20:06:58 INFO  epoch 20 training [time: 45.66s, train loss: 68.8239]
Tue 27 Jan 2026 20:07:00 INFO  epoch 20 evaluating [time: 2.25s, valid_score: 0.310500]
Tue 27 Jan 2026 20:07:00 INFO  valid result: 
hit@10 : 0.7105    ndcg@10 : 0.405    mrr@10 : 0.3105
Tue 27 Jan 2026 20:07:46 INFO  epoch 21 training [time: 46.23s, train loss: 68.9546]
Tue 27 Jan 2026 20:07:49 INFO  epoch 21 evaluating [time: 2.24s, valid_score: 0.322100]
Tue 27 Jan 2026 20:07:49 INFO  valid result: 
hit@10 : 0.7126    ndcg@10 : 0.4143    mrr@10 : 0.3221
Tue 27 Jan 2026 20:08:35 INFO  epoch 22 training [time: 46.66s, train loss: 68.6195]
Tue 27 Jan 2026 20:08:38 INFO  epoch 22 evaluating [time: 2.38s, valid_score: 0.330500]
Tue 27 Jan 2026 20:08:38 INFO  valid result: 
hit@10 : 0.702    ndcg@10 : 0.4183    mrr@10 : 0.3305
Tue 27 Jan 2026 20:08:38 INFO  Saving current: saved\MLM4Rec-Jan-27-2026_19-50-16.pth
Tue 27 Jan 2026 20:09:24 INFO  epoch 23 training [time: 46.39s, train loss: 67.5077]
Tue 27 Jan 2026 20:09:26 INFO  epoch 23 evaluating [time: 2.19s, valid_score: 0.321300]
Tue 27 Jan 2026 20:09:26 INFO  valid result: 
hit@10 : 0.7253    ndcg@10 : 0.4165    mrr@10 : 0.3213
Tue 27 Jan 2026 20:10:11 INFO  epoch 24 training [time: 44.43s, train loss: 68.5980]
Tue 27 Jan 2026 20:10:13 INFO  epoch 24 evaluating [time: 2.14s, valid_score: 0.312500]
Tue 27 Jan 2026 20:10:13 INFO  valid result: 
hit@10 : 0.7169    ndcg@10 : 0.4079    mrr@10 : 0.3125
Tue 27 Jan 2026 20:10:57 INFO  epoch 25 training [time: 43.74s, train loss: 67.7316]
Tue 27 Jan 2026 20:10:59 INFO  epoch 25 evaluating [time: 2.16s, valid_score: 0.325200]
Tue 27 Jan 2026 20:10:59 INFO  valid result: 
hit@10 : 0.72    ndcg@10 : 0.4182    mrr@10 : 0.3252
Tue 27 Jan 2026 20:11:44 INFO  epoch 26 training [time: 45.22s, train loss: 67.5154]
Tue 27 Jan 2026 20:11:46 INFO  epoch 26 evaluating [time: 2.34s, valid_score: 0.323100]
Tue 27 Jan 2026 20:11:46 INFO  valid result: 
hit@10 : 0.7222    ndcg@10 : 0.4174    mrr@10 : 0.3231
Tue 27 Jan 2026 20:12:33 INFO  epoch 27 training [time: 46.90s, train loss: 67.1072]
Tue 27 Jan 2026 20:12:35 INFO  epoch 27 evaluating [time: 2.29s, valid_score: 0.332200]
Tue 27 Jan 2026 20:12:35 INFO  valid result: 
hit@10 : 0.7296    ndcg@10 : 0.4258    mrr@10 : 0.3322
Tue 27 Jan 2026 20:12:36 INFO  Saving current: saved\MLM4Rec-Jan-27-2026_19-50-16.pth
Tue 27 Jan 2026 20:13:19 INFO  epoch 28 training [time: 43.95s, train loss: 65.7168]
Tue 27 Jan 2026 20:13:22 INFO  epoch 28 evaluating [time: 2.16s, valid_score: 0.330700]
Tue 27 Jan 2026 20:13:22 INFO  valid result: 
hit@10 : 0.7147    ndcg@10 : 0.4214    mrr@10 : 0.3307
Tue 27 Jan 2026 20:14:06 INFO  epoch 29 training [time: 44.37s, train loss: 66.5375]
Tue 27 Jan 2026 20:14:08 INFO  epoch 29 evaluating [time: 2.21s, valid_score: 0.326300]
Tue 27 Jan 2026 20:14:08 INFO  valid result: 
hit@10 : 0.7169    ndcg@10 : 0.4185    mrr@10 : 0.3263
Tue 27 Jan 2026 20:14:56 INFO  epoch 30 training [time: 47.74s, train loss: 65.5727]
Tue 27 Jan 2026 20:14:58 INFO  epoch 30 evaluating [time: 2.27s, valid_score: 0.319300]
Tue 27 Jan 2026 20:14:58 INFO  valid result: 
hit@10 : 0.72    ndcg@10 : 0.4141    mrr@10 : 0.3193
Tue 27 Jan 2026 20:15:45 INFO  epoch 31 training [time: 46.88s, train loss: 64.9771]
Tue 27 Jan 2026 20:15:48 INFO  epoch 31 evaluating [time: 2.42s, valid_score: 0.318300]
Tue 27 Jan 2026 20:15:48 INFO  valid result: 
hit@10 : 0.7306    ndcg@10 : 0.4151    mrr@10 : 0.3183
Tue 27 Jan 2026 20:16:34 INFO  epoch 32 training [time: 46.96s, train loss: 65.3072]
Tue 27 Jan 2026 20:16:37 INFO  epoch 32 evaluating [time: 2.33s, valid_score: 0.309500]
Tue 27 Jan 2026 20:16:37 INFO  valid result: 
hit@10 : 0.7179    ndcg@10 : 0.4063    mrr@10 : 0.3095
Tue 27 Jan 2026 20:17:23 INFO  epoch 33 training [time: 46.24s, train loss: 65.8007]
Tue 27 Jan 2026 20:17:25 INFO  epoch 33 evaluating [time: 2.22s, valid_score: 0.319800]
Tue 27 Jan 2026 20:17:25 INFO  valid result: 
hit@10 : 0.72    ndcg@10 : 0.4145    mrr@10 : 0.3198
Tue 27 Jan 2026 20:18:11 INFO  epoch 34 training [time: 45.79s, train loss: 64.6284]
Tue 27 Jan 2026 20:18:13 INFO  epoch 34 evaluating [time: 2.30s, valid_score: 0.326800]
Tue 27 Jan 2026 20:18:13 INFO  valid result: 
hit@10 : 0.7296    ndcg@10 : 0.4219    mrr@10 : 0.3268
Tue 27 Jan 2026 20:18:59 INFO  epoch 35 training [time: 45.97s, train loss: 65.5888]
Tue 27 Jan 2026 20:19:02 INFO  epoch 35 evaluating [time: 2.28s, valid_score: 0.333300]
Tue 27 Jan 2026 20:19:02 INFO  valid result: 
hit@10 : 0.7147    ndcg@10 : 0.4236    mrr@10 : 0.3333
Tue 27 Jan 2026 20:19:02 INFO  Saving current: saved\MLM4Rec-Jan-27-2026_19-50-16.pth
Tue 27 Jan 2026 20:19:48 INFO  epoch 36 training [time: 46.28s, train loss: 65.0143]
Tue 27 Jan 2026 20:19:50 INFO  epoch 36 evaluating [time: 2.45s, valid_score: 0.329400]
Tue 27 Jan 2026 20:19:50 INFO  valid result: 
hit@10 : 0.7476    ndcg@10 : 0.4279    mrr@10 : 0.3294
Tue 27 Jan 2026 20:20:38 INFO  epoch 37 training [time: 47.53s, train loss: 64.8497]
Tue 27 Jan 2026 20:20:40 INFO  epoch 37 evaluating [time: 2.44s, valid_score: 0.322800]
Tue 27 Jan 2026 20:20:40 INFO  valid result: 
hit@10 : 0.7338    ndcg@10 : 0.4198    mrr@10 : 0.3228
Tue 27 Jan 2026 20:21:27 INFO  epoch 38 training [time: 46.42s, train loss: 64.5108]
Tue 27 Jan 2026 20:21:29 INFO  epoch 38 evaluating [time: 2.34s, valid_score: 0.325300]
Tue 27 Jan 2026 20:21:29 INFO  valid result: 
hit@10 : 0.7137    ndcg@10 : 0.4173    mrr@10 : 0.3253
Tue 27 Jan 2026 20:22:19 INFO  epoch 39 training [time: 50.15s, train loss: 63.5307]
Tue 27 Jan 2026 20:22:22 INFO  epoch 39 evaluating [time: 2.46s, valid_score: 0.328500]
Tue 27 Jan 2026 20:22:22 INFO  valid result: 
hit@10 : 0.7317    ndcg@10 : 0.4239    mrr@10 : 0.3285
Tue 27 Jan 2026 20:23:11 INFO  epoch 40 training [time: 49.14s, train loss: 62.8950]
Tue 27 Jan 2026 20:23:13 INFO  epoch 40 evaluating [time: 2.32s, valid_score: 0.328000]
Tue 27 Jan 2026 20:23:13 INFO  valid result: 
hit@10 : 0.7508    ndcg@10 : 0.4276    mrr@10 : 0.328
Tue 27 Jan 2026 20:24:03 INFO  epoch 41 training [time: 49.60s, train loss: 64.2308]
Tue 27 Jan 2026 20:24:05 INFO  epoch 41 evaluating [time: 2.45s, valid_score: 0.322100]
Tue 27 Jan 2026 20:24:05 INFO  valid result: 
hit@10 : 0.7338    ndcg@10 : 0.4193    mrr@10 : 0.3221
Tue 27 Jan 2026 20:24:51 INFO  epoch 42 training [time: 45.87s, train loss: 62.8471]
Tue 27 Jan 2026 20:24:53 INFO  epoch 42 evaluating [time: 2.24s, valid_score: 0.319700]
Tue 27 Jan 2026 20:24:53 INFO  valid result: 
hit@10 : 0.7264    ndcg@10 : 0.4154    mrr@10 : 0.3197
Tue 27 Jan 2026 20:25:38 INFO  epoch 43 training [time: 44.93s, train loss: 62.8479]
Tue 27 Jan 2026 20:25:41 INFO  epoch 43 evaluating [time: 2.26s, valid_score: 0.326500]
Tue 27 Jan 2026 20:25:41 INFO  valid result: 
hit@10 : 0.7306    ndcg@10 : 0.4221    mrr@10 : 0.3265
Tue 27 Jan 2026 20:26:24 INFO  epoch 44 training [time: 43.68s, train loss: 63.2853]
Tue 27 Jan 2026 20:26:26 INFO  epoch 44 evaluating [time: 2.15s, valid_score: 0.325100]
Tue 27 Jan 2026 20:26:26 INFO  valid result: 
hit@10 : 0.7296    ndcg@10 : 0.4206    mrr@10 : 0.3251
Tue 27 Jan 2026 20:27:12 INFO  epoch 45 training [time: 45.12s, train loss: 63.0419]
Tue 27 Jan 2026 20:27:14 INFO  epoch 45 evaluating [time: 2.27s, valid_score: 0.317500]
Tue 27 Jan 2026 20:27:14 INFO  valid result: 
hit@10 : 0.72    ndcg@10 : 0.4127    mrr@10 : 0.3175
Tue 27 Jan 2026 20:28:01 INFO  epoch 46 training [time: 47.52s, train loss: 62.7658]
Tue 27 Jan 2026 20:28:04 INFO  epoch 46 evaluating [time: 2.37s, valid_score: 0.322500]
Tue 27 Jan 2026 20:28:04 INFO  valid result: 
hit@10 : 0.7253    ndcg@10 : 0.4173    mrr@10 : 0.3225
Tue 27 Jan 2026 20:28:04 INFO  Finished training, best eval result in epoch 35
Tue 27 Jan 2026 20:28:04 INFO  Loading model structure and parameters from saved\MLM4Rec-Jan-27-2026_19-50-16.pth
Tue 27 Jan 2026 20:28:07 INFO  The running environment of this training is as follows:
+-------------+----------------+
| Environment |     Usage      |
+=============+================+
| CPU         |    14.00 %     |
+-------------+----------------+
| GPU         | 0.15 G/6.00 G  |
+-------------+----------------+
| Memory      | 0.56 G/15.63 G |
+-------------+----------------+
Tue 27 Jan 2026 20:28:07 INFO  best valid : OrderedDict([('hit@10', 0.7147), ('ndcg@10', 0.4236), ('mrr@10', 0.3333)])
Tue 27 Jan 2026 20:28:07 INFO  test result: OrderedDict([('hit@10', 0.6819), ('ndcg@10', 0.3957), ('mrr@10', 0.3076)])
