Fri 30 Jan 2026 13:12:58 INFO  ['scripts/run_grid.py', '--models', 'mlm4rec', '--datasets', 'ml-100k']
Fri 30 Jan 2026 13:12:58 INFO  
General Hyper Parameters:
gpu_id = 0
use_gpu = True
seed = 42
state = INFO
reproducibility = True
data_path = F:\anaconda3\envs\rec39\Lib\site-packages\recbole\config\../dataset_example/ml-100k
checkpoint_dir = saved
show_progress = True
save_dataset = False
dataset_save_path = None
save_dataloaders = False
dataloaders_save_path = None
log_wandb = False

Training Hyper Parameters:
epochs = 100
train_batch_size = 256
learner = adam
learning_rate = 0.001
train_neg_sample_args = {'distribution': 'uniform', 'sample_num': 1, 'alpha': 1.0, 'dynamic': False, 'candidate_num': 0}
eval_step = 1
stopping_step = 10
clip_grad_norm = None
weight_decay = 0.0
loss_decimal_place = 4

Evaluation Hyper Parameters:
eval_args = {'split': {'LS': 'valid_and_test'}, 'order': 'TO', 'group_by': 'user', 'mode': {'valid': 'uni100', 'test': 'uni100'}}
repeatable = True
metrics = ['Hit', 'NDCG', 'MRR']
topk = [10]
valid_metric = MRR@10
valid_metric_bigger = True
eval_batch_size = 512
metric_decimal_place = 4

Dataset Hyper Parameters:
field_separator = 	
seq_separator =  
USER_ID_FIELD = user_id
ITEM_ID_FIELD = item_id
RATING_FIELD = rating
TIME_FIELD = timestamp
seq_len = None
LABEL_FIELD = label
threshold = None
NEG_PREFIX = neg_
load_col = {'inter': ['user_id', 'item_id', 'rating', 'timestamp'], 'user': ['user_id', 'age', 'gender', 'occupation', 'zip_code'], 'item': ['item_id', 'movie_title', 'release_year', 'class']}
unload_col = None
unused_col = None
additional_feat_suffix = None
rm_dup_inter = None
val_interval = None
filter_inter_by_user_or_item = True
user_inter_num_interval = None
item_inter_num_interval = None
alias_of_user_id = None
alias_of_item_id = None
alias_of_entity_id = None
alias_of_relation_id = None
preload_weight = None
normalize_field = None
normalize_all = True
ITEM_LIST_LENGTH_FIELD = item_length
LIST_SUFFIX = _list
MAX_ITEM_LIST_LENGTH = 32
POSITION_FIELD = position_id
HEAD_ENTITY_ID_FIELD = head_id
TAIL_ENTITY_ID_FIELD = tail_id
RELATION_ID_FIELD = relation_id
ENTITY_ID_FIELD = entity_id
kg_reverse_r = False
entity_kg_num_interval = None
relation_kg_num_interval = None
benchmark_filename = None

Other Hyper Parameters: 
worker = 0
wandb_project = recbole
shuffle = True
require_pow = False
enable_amp = False
enable_scaler = False
transform = None
numerical_features = []
discretization = None
MODEL_TYPE = ModelType.SEQUENTIAL
model_name = MLM4Rec
hidden_size = 64
num_hidden_layers = 2
num_attention_heads = 2
hidden_act = gelu
attention_probs_dropout_prob = 0.5
hidden_dropout_prob = 0.5
initializer_range = 0.02
local_hidden_size = 128
kernel_sizes = [3, 5, 7, 9]
kernel = 3
cmlp_type = 1
merge_type = weightavg
loss_type = BPR
early_stop = 10
neg_sampling = None
device = cuda
MODEL_INPUT_TYPE = InputType.PAIRWISE
eval_type = EvaluatorType.RANKING
single_spec = True
local_rank = 0
valid_neg_sample_args = {'distribution': 'uniform', 'sample_num': 100}
test_neg_sample_args = {'distribution': 'uniform', 'sample_num': 100}


Fri 30 Jan 2026 13:12:58 INFO  ml-100k
The number of users: 944
Average actions of users: 106.04453870625663
The number of items: 1683
Average actions of items: 59.45303210463734
The number of inters: 100000
The sparsity of the dataset: 93.70575143257098%
Remain Fields: ['user_id', 'item_id', 'rating', 'timestamp', 'age', 'gender', 'occupation', 'zip_code', 'movie_title', 'release_year', 'class']
Fri 30 Jan 2026 13:12:59 INFO  [Training]: train_batch_size = [256] train_neg_sample_args: [{'distribution': 'uniform', 'sample_num': 1, 'alpha': 1.0, 'dynamic': False, 'candidate_num': 0}]
Fri 30 Jan 2026 13:12:59 INFO  [Evaluation]: eval_batch_size = [512] eval_args: [{'split': {'LS': 'valid_and_test'}, 'order': 'TO', 'group_by': 'user', 'mode': {'valid': 'uni100', 'test': 'uni100'}}]
Fri 30 Jan 2026 13:13:00 INFO  MLM4Rec(
  (item_embedding): Embedding(1683, 64, padding_idx=0)
  (dropout): Dropout(p=0.5, inplace=False)
  (global_encoder): GlobalEncoder(
    (layers): ModuleList(
      (0-1): 2 x ModuleList(
        (0): SequenceMixer(
          (norm): LayerNorm((64,), eps=1e-05, elementwise_affine=True)
          (fc1): Linear(in_features=32, out_features=32, bias=True)
          (fc2): Linear(in_features=32, out_features=32, bias=True)
          (act): GELU(approximate='none')
          (drop): Dropout(p=0.5, inplace=False)
        )
        (1): ChannelMixer(
          (norm): LayerNorm((64,), eps=1e-05, elementwise_affine=True)
          (fc1): Linear(in_features=64, out_features=64, bias=True)
          (fc2): Linear(in_features=64, out_features=64, bias=True)
          (act): GELU(approximate='none')
          (drop): Dropout(p=0.5, inplace=False)
        )
      )
    )
  )
  (local_encoder): LocalEncoder(
    (layers): ModuleList(
      (0-1): 2 x LocalEncoderBlock(
        (norm): LayerNorm((64,), eps=1e-05, elementwise_affine=True)
        (proj_in): Linear(in_features=64, out_features=128, bias=True)
        (proj_out): Linear(in_features=64, out_features=64, bias=True)
        (act): GELU(approximate='none')
        (drop): Dropout(p=0.5, inplace=False)
        (cle): MultiGranularityCLE(
          (norm): LayerNorm((64,), eps=1e-05, elementwise_affine=True)
          (convs): ModuleList(
            (0): Conv1d(64, 64, kernel_size=(3,), stride=(1,), padding=(1,), groups=64)
            (1): Conv1d(64, 64, kernel_size=(5,), stride=(1,), padding=(2,), groups=64)
            (2): Conv1d(64, 64, kernel_size=(7,), stride=(1,), padding=(3,), groups=64)
            (3): Conv1d(64, 64, kernel_size=(9,), stride=(1,), padding=(4,), groups=64)
          )
          (act): SiLU()
        )
      )
    )
  )
  (afl): AdaptiveFusion(
    (att_fc): Linear(in_features=64, out_features=1, bias=True)
    (wg): Linear(in_features=64, out_features=1, bias=True)
    (wl): Linear(in_features=64, out_features=1, bias=True)
  )
  (pred_fc1): Linear(in_features=64, out_features=64, bias=True)
  (pred_fc2): Linear(in_features=64, out_features=1683, bias=True)
  (pred_act): GELU(approximate='none')
  (loss_fct): BPRLoss()
)
Trainable parameters: 271894
Fri 30 Jan 2026 13:13:00 INFO  FLOPs: 1710272.0
Fri 30 Jan 2026 13:14:16 INFO  epoch 0 training [time: 74.29s, train loss: 154.0463]
Fri 30 Jan 2026 13:14:17 INFO  epoch 0 evaluating [time: 1.94s, valid_score: 0.236600]
Fri 30 Jan 2026 13:14:17 INFO  valid result: 
hit@10 : 0.5854    ndcg@10 : 0.3181    mrr@10 : 0.2366
Fri 30 Jan 2026 13:14:17 INFO  Saving current: saved\MLM4Rec-Jan-30-2026_13-13-00.pth
Fri 30 Jan 2026 13:16:12 INFO  epoch 1 training [time: 114.76s, train loss: 98.1483]
Fri 30 Jan 2026 13:16:17 INFO  epoch 1 evaluating [time: 5.12s, valid_score: 0.247100]
Fri 30 Jan 2026 13:16:17 INFO  valid result: 
hit@10 : 0.632    ndcg@10 : 0.3371    mrr@10 : 0.2471
Fri 30 Jan 2026 13:16:17 INFO  Saving current: saved\MLM4Rec-Jan-30-2026_13-13-00.pth
Fri 30 Jan 2026 13:17:51 INFO  epoch 2 training [time: 93.73s, train loss: 90.0946]
Fri 30 Jan 2026 13:17:53 INFO  epoch 2 evaluating [time: 1.85s, valid_score: 0.265600]
Fri 30 Jan 2026 13:17:53 INFO  valid result: 
hit@10 : 0.6617    ndcg@10 : 0.3584    mrr@10 : 0.2656
Fri 30 Jan 2026 13:17:53 INFO  Saving current: saved\MLM4Rec-Jan-30-2026_13-13-00.pth
