Wed 11 Mar 2026 08:48:10 INFO  ['scripts/run_grid.py', '--models', 'lrurec', '--datasets', 'amazon-sports-5core-longseq-full', '--seeds', '42,2023,2024', '--device', 'gpu', '--output', 'results/recbole_sportslong_full.json']
Wed 11 Mar 2026 08:48:10 INFO  
General Hyper Parameters:
gpu_id = 0
use_gpu = True
seed = 42
state = INFO
reproducibility = True
data_path = data/amazon\amazon-sports-5core-longseq
checkpoint_dir = saved
show_progress = True
save_dataset = False
dataset_save_path = None
save_dataloaders = False
dataloaders_save_path = None
log_wandb = False

Training Hyper Parameters:
epochs = 100
train_batch_size = 256
learner = adam
learning_rate = 0.001
train_neg_sample_args = {'distribution': 'none', 'sample_num': 'none', 'alpha': 'none', 'dynamic': False, 'candidate_num': 0}
eval_step = 1
stopping_step = 10
clip_grad_norm = None
weight_decay = 0.0
loss_decimal_place = 4

Evaluation Hyper Parameters:
eval_args = {'split': {'LS': 'valid_and_test'}, 'order': 'TO', 'group_by': 'user', 'mode': {'valid': 'full', 'test': 'full'}}
repeatable = True
metrics = ['Hit', 'NDCG', 'MRR']
topk = [10]
valid_metric = MRR@10
valid_metric_bigger = True
eval_batch_size = 512
metric_decimal_place = 4

Dataset Hyper Parameters:
field_separator = 	
seq_separator =  
USER_ID_FIELD = user_id
ITEM_ID_FIELD = item_id
RATING_FIELD = rating
TIME_FIELD = timestamp
seq_len = None
LABEL_FIELD = label
threshold = None
NEG_PREFIX = neg_
load_col = {'inter': ['user_id', 'item_id', 'rating', 'timestamp']}
unload_col = None
unused_col = None
additional_feat_suffix = None
rm_dup_inter = None
val_interval = None
filter_inter_by_user_or_item = True
user_inter_num_interval = [0,inf)
item_inter_num_interval = [0,inf)
alias_of_user_id = None
alias_of_item_id = None
alias_of_entity_id = None
alias_of_relation_id = None
preload_weight = None
normalize_field = None
normalize_all = None
ITEM_LIST_LENGTH_FIELD = item_length
LIST_SUFFIX = _list
MAX_ITEM_LIST_LENGTH = 32
POSITION_FIELD = position_id
HEAD_ENTITY_ID_FIELD = head_id
TAIL_ENTITY_ID_FIELD = tail_id
RELATION_ID_FIELD = relation_id
ENTITY_ID_FIELD = entity_id
benchmark_filename = None

Other Hyper Parameters: 
worker = 0
wandb_project = recbole
shuffle = True
require_pow = False
enable_amp = False
enable_scaler = False
transform = None
numerical_features = []
discretization = None
kg_reverse_r = False
entity_kg_num_interval = [0,inf)
relation_kg_num_interval = [0,inf)
MODEL_TYPE = ModelType.SEQUENTIAL
model_name = LRURec
hidden_size = 64
num_layers = 2
hidden_dropout_prob = 0.5
initializer_range = 0.02
ffn_hidden_size = 256
loss_type = CE
early_stop = 10
neg_sampling = None
device = cuda
MODEL_INPUT_TYPE = InputType.POINTWISE
eval_type = EvaluatorType.RANKING
single_spec = True
local_rank = 0
valid_neg_sample_args = {'distribution': 'uniform', 'sample_num': 'none'}
test_neg_sample_args = {'distribution': 'uniform', 'sample_num': 'none'}


Wed 11 Mar 2026 08:48:10 INFO  amazon-sports-5core-longseq
The number of users: 2181
Average actions of users: 25.74678899082569
The number of items: 14556
Average actions of items: 3.8562693232566128
The number of inters: 56128
The sparsity of the dataset: 99.82320016520806%
Remain Fields: ['user_id', 'item_id', 'rating', 'timestamp']
Wed 11 Mar 2026 08:48:11 INFO  [Training]: train_batch_size = [256] train_neg_sample_args: [{'distribution': 'none', 'sample_num': 'none', 'alpha': 'none', 'dynamic': False, 'candidate_num': 0}]
Wed 11 Mar 2026 08:48:11 INFO  [Evaluation]: eval_batch_size = [512] eval_args: [{'split': {'LS': 'valid_and_test'}, 'order': 'TO', 'group_by': 'user', 'mode': {'valid': 'full', 'test': 'full'}}]
Wed 11 Mar 2026 08:48:11 INFO  LRURec(
  (item_embedding): Embedding(14556, 64, padding_idx=0)
  (pos_embedding): Embedding(32, 64)
  (dropout): Dropout(p=0.5, inplace=False)
  (layer_norm): LayerNorm((64,), eps=1e-05, elementwise_affine=True)
  (layers): ModuleList(
    (0-1): 2 x LRUBlock(
      (dropout): Dropout(p=0.5, inplace=False)
      (norm1): LayerNorm((64,), eps=1e-05, elementwise_affine=True)
      (norm2): LayerNorm((64,), eps=1e-05, elementwise_affine=True)
      (ffn): Sequential(
        (0): Linear(in_features=64, out_features=256, bias=True)
        (1): GELU(approximate='none')
        (2): Dropout(p=0.5, inplace=False)
        (3): Linear(in_features=256, out_features=64, bias=True)
        (4): Dropout(p=0.5, inplace=False)
      )
    )
  )
  (loss_fct): CrossEntropyLoss()
)
Trainable parameters: 1041792
Wed 11 Mar 2026 08:48:12 INFO  FLOPs: 2121728.0
Wed 11 Mar 2026 08:51:09 INFO  epoch 0 training [time: 175.02s, train loss: 1816.1942]
Wed 11 Mar 2026 08:51:09 INFO  epoch 0 evaluating [time: 0.14s, valid_score: 0.005000]
Wed 11 Mar 2026 08:51:09 INFO  valid result: 
hit@10 : 0.0142    ndcg@10 : 0.0071    mrr@10 : 0.005
Wed 11 Mar 2026 08:51:09 INFO  Saving current: saved\LRURec-Mar-11-2026_08-48-12.pth
Wed 11 Mar 2026 08:54:46 INFO  epoch 1 training [time: 216.85s, train loss: 1751.4567]
Wed 11 Mar 2026 08:54:46 INFO  epoch 1 evaluating [time: 0.19s, valid_score: 0.004300]
Wed 11 Mar 2026 08:54:46 INFO  valid result: 
hit@10 : 0.0106    ndcg@10 : 0.0058    mrr@10 : 0.0043
Wed 11 Mar 2026 08:58:31 INFO  epoch 2 training [time: 225.13s, train loss: 1713.1932]
Wed 11 Mar 2026 08:58:31 INFO  epoch 2 evaluating [time: 0.16s, valid_score: 0.005800]
Wed 11 Mar 2026 08:58:31 INFO  valid result: 
hit@10 : 0.0188    ndcg@10 : 0.0088    mrr@10 : 0.0058
Wed 11 Mar 2026 08:58:31 INFO  Saving current: saved\LRURec-Mar-11-2026_08-48-12.pth
Wed 11 Mar 2026 09:01:30 INFO  epoch 3 training [time: 178.85s, train loss: 1657.0973]
Wed 11 Mar 2026 09:01:30 INFO  epoch 3 evaluating [time: 0.12s, valid_score: 0.007500]
Wed 11 Mar 2026 09:01:30 INFO  valid result: 
hit@10 : 0.0197    ndcg@10 : 0.0104    mrr@10 : 0.0075
Wed 11 Mar 2026 09:01:30 INFO  Saving current: saved\LRURec-Mar-11-2026_08-48-12.pth
Wed 11 Mar 2026 09:04:31 INFO  epoch 4 training [time: 180.93s, train loss: 1599.7655]
Wed 11 Mar 2026 09:04:31 INFO  epoch 4 evaluating [time: 0.20s, valid_score: 0.007100]
Wed 11 Mar 2026 09:04:31 INFO  valid result: 
hit@10 : 0.0202    ndcg@10 : 0.0101    mrr@10 : 0.0071
Wed 11 Mar 2026 09:07:24 INFO  epoch 5 training [time: 172.83s, train loss: 1544.0891]
Wed 11 Mar 2026 09:07:24 INFO  epoch 5 evaluating [time: 0.18s, valid_score: 0.009300]
Wed 11 Mar 2026 09:07:24 INFO  valid result: 
hit@10 : 0.0248    ndcg@10 : 0.0129    mrr@10 : 0.0093
Wed 11 Mar 2026 09:07:24 INFO  Saving current: saved\LRURec-Mar-11-2026_08-48-12.pth
Wed 11 Mar 2026 09:10:21 INFO  epoch 6 training [time: 177.03s, train loss: 1488.1400]
Wed 11 Mar 2026 09:10:22 INFO  epoch 6 evaluating [time: 0.20s, valid_score: 0.006700]
Wed 11 Mar 2026 09:10:22 INFO  valid result: 
hit@10 : 0.0202    ndcg@10 : 0.0098    mrr@10 : 0.0067
Wed 11 Mar 2026 09:13:19 INFO  epoch 7 training [time: 177.74s, train loss: 1430.5353]
Wed 11 Mar 2026 09:13:20 INFO  epoch 7 evaluating [time: 0.20s, valid_score: 0.005800]
Wed 11 Mar 2026 09:13:20 INFO  valid result: 
hit@10 : 0.0197    ndcg@10 : 0.009    mrr@10 : 0.0058
Wed 11 Mar 2026 09:16:15 INFO  epoch 8 training [time: 175.55s, train loss: 1375.6026]
Wed 11 Mar 2026 09:16:15 INFO  epoch 8 evaluating [time: 0.14s, valid_score: 0.007200]
Wed 11 Mar 2026 09:16:15 INFO  valid result: 
hit@10 : 0.0248    ndcg@10 : 0.0112    mrr@10 : 0.0072
Wed 11 Mar 2026 09:19:09 INFO  epoch 9 training [time: 173.37s, train loss: 1321.4899]
Wed 11 Mar 2026 09:19:09 INFO  epoch 9 evaluating [time: 0.18s, valid_score: 0.007900]
Wed 11 Mar 2026 09:19:09 INFO  valid result: 
hit@10 : 0.0252    ndcg@10 : 0.0119    mrr@10 : 0.0079
Wed 11 Mar 2026 09:22:06 INFO  epoch 10 training [time: 177.50s, train loss: 1271.4968]
Wed 11 Mar 2026 09:22:07 INFO  epoch 10 evaluating [time: 0.20s, valid_score: 0.007200]
Wed 11 Mar 2026 09:22:07 INFO  valid result: 
hit@10 : 0.0234    ndcg@10 : 0.0109    mrr@10 : 0.0072
Wed 11 Mar 2026 09:25:01 INFO  epoch 11 training [time: 174.53s, train loss: 1226.6494]
Wed 11 Mar 2026 09:25:01 INFO  epoch 11 evaluating [time: 0.17s, valid_score: 0.006500]
Wed 11 Mar 2026 09:25:01 INFO  valid result: 
hit@10 : 0.0229    ndcg@10 : 0.0103    mrr@10 : 0.0065
Wed 11 Mar 2026 09:27:54 INFO  epoch 12 training [time: 172.39s, train loss: 1185.6027]
Wed 11 Mar 2026 09:27:54 INFO  epoch 12 evaluating [time: 0.17s, valid_score: 0.006600]
Wed 11 Mar 2026 09:27:54 INFO  valid result: 
hit@10 : 0.0225    ndcg@10 : 0.0103    mrr@10 : 0.0066
Wed 11 Mar 2026 09:30:49 INFO  epoch 13 training [time: 175.50s, train loss: 1150.6538]
Wed 11 Mar 2026 09:30:50 INFO  epoch 13 evaluating [time: 0.19s, valid_score: 0.007400]
Wed 11 Mar 2026 09:30:50 INFO  valid result: 
hit@10 : 0.0275    ndcg@10 : 0.0121    mrr@10 : 0.0074
Wed 11 Mar 2026 09:33:47 INFO  epoch 14 training [time: 177.59s, train loss: 1119.0691]
Wed 11 Mar 2026 09:33:47 INFO  epoch 14 evaluating [time: 0.10s, valid_score: 0.008100]
Wed 11 Mar 2026 09:33:47 INFO  valid result: 
hit@10 : 0.0284    ndcg@10 : 0.0129    mrr@10 : 0.0081
Wed 11 Mar 2026 09:36:42 INFO  epoch 15 training [time: 174.81s, train loss: 1091.3011]
Wed 11 Mar 2026 09:36:42 INFO  epoch 15 evaluating [time: 0.11s, valid_score: 0.008300]
Wed 11 Mar 2026 09:36:42 INFO  valid result: 
hit@10 : 0.0294    ndcg@10 : 0.0132    mrr@10 : 0.0083
Wed 11 Mar 2026 09:39:34 INFO  epoch 16 training [time: 172.28s, train loss: 1069.5916]
Wed 11 Mar 2026 09:39:35 INFO  epoch 16 evaluating [time: 0.18s, valid_score: 0.007400]
Wed 11 Mar 2026 09:39:35 INFO  valid result: 
hit@10 : 0.0239    ndcg@10 : 0.0113    mrr@10 : 0.0074
Wed 11 Mar 2026 09:39:35 INFO  Finished training, best eval result in epoch 5
Wed 11 Mar 2026 09:39:35 INFO  Loading model structure and parameters from saved\LRURec-Mar-11-2026_08-48-12.pth
Wed 11 Mar 2026 09:39:36 INFO  The running environment of this training is as follows:
+-------------+----------------+
| Environment |     Usage      |
+=============+================+
| CPU         |     9.00 %     |
+-------------+----------------+
| GPU         | 0.29 G/6.00 G  |
+-------------+----------------+
| Memory      | 0.67 G/15.63 G |
+-------------+----------------+
Wed 11 Mar 2026 09:39:36 INFO  best valid : OrderedDict([('hit@10', 0.0248), ('ndcg@10', 0.0129), ('mrr@10', 0.0093)])
Wed 11 Mar 2026 09:39:36 INFO  test result: OrderedDict([('hit@10', 0.0142), ('ndcg@10', 0.0073), ('mrr@10', 0.0052)])
Wed 11 Mar 2026 09:39:36 WARNING  command line args [--models lrurec --datasets amazon-sports-5core-longseq-full --seeds 42,2023,2024 --device gpu --output results/recbole_sportslong_full.json] will not be used in RecBole
Wed 11 Mar 2026 09:39:36 INFO  ['scripts/run_grid.py', '--models', 'lrurec', '--datasets', 'amazon-sports-5core-longseq-full', '--seeds', '42,2023,2024', '--device', 'gpu', '--output', 'results/recbole_sportslong_full.json']
Wed 11 Mar 2026 09:39:36 INFO  
General Hyper Parameters:
gpu_id = 0
use_gpu = True
seed = 2023
state = INFO
reproducibility = True
data_path = data/amazon\amazon-sports-5core-longseq
checkpoint_dir = saved
show_progress = True
save_dataset = False
dataset_save_path = None
save_dataloaders = False
dataloaders_save_path = None
log_wandb = False

Training Hyper Parameters:
epochs = 100
train_batch_size = 256
learner = adam
learning_rate = 0.001
train_neg_sample_args = {'distribution': 'none', 'sample_num': 'none', 'alpha': 'none', 'dynamic': False, 'candidate_num': 0}
eval_step = 1
stopping_step = 10
clip_grad_norm = None
weight_decay = 0.0
loss_decimal_place = 4

Evaluation Hyper Parameters:
eval_args = {'split': {'LS': 'valid_and_test'}, 'order': 'TO', 'group_by': 'user', 'mode': {'valid': 'full', 'test': 'full'}}
repeatable = True
metrics = ['Hit', 'NDCG', 'MRR']
topk = [10]
valid_metric = MRR@10
valid_metric_bigger = True
eval_batch_size = 512
metric_decimal_place = 4

Dataset Hyper Parameters:
field_separator = 	
seq_separator =  
USER_ID_FIELD = user_id
ITEM_ID_FIELD = item_id
RATING_FIELD = rating
TIME_FIELD = timestamp
seq_len = None
LABEL_FIELD = label
threshold = None
NEG_PREFIX = neg_
load_col = {'inter': ['user_id', 'item_id', 'rating', 'timestamp']}
unload_col = None
unused_col = None
additional_feat_suffix = None
rm_dup_inter = None
val_interval = None
filter_inter_by_user_or_item = True
user_inter_num_interval = [0,inf)
item_inter_num_interval = [0,inf)
alias_of_user_id = None
alias_of_item_id = None
alias_of_entity_id = None
alias_of_relation_id = None
preload_weight = None
normalize_field = None
normalize_all = None
ITEM_LIST_LENGTH_FIELD = item_length
LIST_SUFFIX = _list
MAX_ITEM_LIST_LENGTH = 32
POSITION_FIELD = position_id
HEAD_ENTITY_ID_FIELD = head_id
TAIL_ENTITY_ID_FIELD = tail_id
RELATION_ID_FIELD = relation_id
ENTITY_ID_FIELD = entity_id
benchmark_filename = None

Other Hyper Parameters: 
worker = 0
wandb_project = recbole
shuffle = True
require_pow = False
enable_amp = False
enable_scaler = False
transform = None
numerical_features = []
discretization = None
kg_reverse_r = False
entity_kg_num_interval = [0,inf)
relation_kg_num_interval = [0,inf)
MODEL_TYPE = ModelType.SEQUENTIAL
model_name = LRURec
hidden_size = 64
num_layers = 2
hidden_dropout_prob = 0.5
initializer_range = 0.02
ffn_hidden_size = 256
loss_type = CE
early_stop = 10
neg_sampling = None
device = cuda
MODEL_INPUT_TYPE = InputType.POINTWISE
eval_type = EvaluatorType.RANKING
single_spec = True
local_rank = 0
valid_neg_sample_args = {'distribution': 'uniform', 'sample_num': 'none'}
test_neg_sample_args = {'distribution': 'uniform', 'sample_num': 'none'}


Wed 11 Mar 2026 09:39:36 INFO  amazon-sports-5core-longseq
The number of users: 2181
Average actions of users: 25.74678899082569
The number of items: 14556
Average actions of items: 3.8562693232566128
The number of inters: 56128
The sparsity of the dataset: 99.82320016520806%
Remain Fields: ['user_id', 'item_id', 'rating', 'timestamp']
Wed 11 Mar 2026 09:39:37 INFO  [Training]: train_batch_size = [256] train_neg_sample_args: [{'distribution': 'none', 'sample_num': 'none', 'alpha': 'none', 'dynamic': False, 'candidate_num': 0}]
Wed 11 Mar 2026 09:39:37 INFO  [Evaluation]: eval_batch_size = [512] eval_args: [{'split': {'LS': 'valid_and_test'}, 'order': 'TO', 'group_by': 'user', 'mode': {'valid': 'full', 'test': 'full'}}]
Wed 11 Mar 2026 09:39:37 INFO  LRURec(
  (item_embedding): Embedding(14556, 64, padding_idx=0)
  (pos_embedding): Embedding(32, 64)
  (dropout): Dropout(p=0.5, inplace=False)
  (layer_norm): LayerNorm((64,), eps=1e-05, elementwise_affine=True)
  (layers): ModuleList(
    (0-1): 2 x LRUBlock(
      (dropout): Dropout(p=0.5, inplace=False)
      (norm1): LayerNorm((64,), eps=1e-05, elementwise_affine=True)
      (norm2): LayerNorm((64,), eps=1e-05, elementwise_affine=True)
      (ffn): Sequential(
        (0): Linear(in_features=64, out_features=256, bias=True)
        (1): GELU(approximate='none')
        (2): Dropout(p=0.5, inplace=False)
        (3): Linear(in_features=256, out_features=64, bias=True)
        (4): Dropout(p=0.5, inplace=False)
      )
    )
  )
  (loss_fct): CrossEntropyLoss()
)
Trainable parameters: 1041792
Wed 11 Mar 2026 09:39:37 INFO  FLOPs: 2121728.0
Wed 11 Mar 2026 09:42:34 INFO  epoch 0 training [time: 176.89s, train loss: 1818.1147]
Wed 11 Mar 2026 09:42:34 INFO  epoch 0 evaluating [time: 0.18s, valid_score: 0.004300]
Wed 11 Mar 2026 09:42:34 INFO  valid result: 
hit@10 : 0.0115    ndcg@10 : 0.006    mrr@10 : 0.0043
Wed 11 Mar 2026 09:42:34 INFO  Saving current: saved\LRURec-Mar-11-2026_09-39-37.pth
Wed 11 Mar 2026 09:45:31 INFO  epoch 1 training [time: 176.76s, train loss: 1752.1185]
Wed 11 Mar 2026 09:45:31 INFO  epoch 1 evaluating [time: 0.20s, valid_score: 0.003900]
Wed 11 Mar 2026 09:45:31 INFO  valid result: 
hit@10 : 0.0142    ndcg@10 : 0.0063    mrr@10 : 0.0039
Wed 11 Mar 2026 09:48:26 INFO  epoch 2 training [time: 174.74s, train loss: 1715.3115]
Wed 11 Mar 2026 09:48:26 INFO  epoch 2 evaluating [time: 0.15s, valid_score: 0.005800]
Wed 11 Mar 2026 09:48:26 INFO  valid result: 
hit@10 : 0.0188    ndcg@10 : 0.0088    mrr@10 : 0.0058
Wed 11 Mar 2026 09:48:26 INFO  Saving current: saved\LRURec-Mar-11-2026_09-39-37.pth
Wed 11 Mar 2026 09:51:17 INFO  epoch 3 training [time: 171.44s, train loss: 1660.0409]
Wed 11 Mar 2026 09:51:18 INFO  epoch 3 evaluating [time: 0.11s, valid_score: 0.007400]
Wed 11 Mar 2026 09:51:18 INFO  valid result: 
hit@10 : 0.0229    ndcg@10 : 0.0109    mrr@10 : 0.0074
Wed 11 Mar 2026 09:51:18 INFO  Saving current: saved\LRURec-Mar-11-2026_09-39-37.pth
Wed 11 Mar 2026 09:54:14 INFO  epoch 4 training [time: 176.26s, train loss: 1600.8583]
Wed 11 Mar 2026 09:54:14 INFO  epoch 4 evaluating [time: 0.11s, valid_score: 0.006900]
Wed 11 Mar 2026 09:54:14 INFO  valid result: 
hit@10 : 0.0229    ndcg@10 : 0.0106    mrr@10 : 0.0069
Wed 11 Mar 2026 09:57:08 INFO  epoch 5 training [time: 174.08s, train loss: 1544.1533]
Wed 11 Mar 2026 09:57:08 INFO  epoch 5 evaluating [time: 0.17s, valid_score: 0.007000]
Wed 11 Mar 2026 09:57:08 INFO  valid result: 
hit@10 : 0.0216    ndcg@10 : 0.0103    mrr@10 : 0.007
Wed 11 Mar 2026 10:00:03 INFO  epoch 6 training [time: 174.37s, train loss: 1486.9557]
Wed 11 Mar 2026 10:00:03 INFO  epoch 6 evaluating [time: 0.20s, valid_score: 0.007400]
Wed 11 Mar 2026 10:00:03 INFO  valid result: 
hit@10 : 0.0234    ndcg@10 : 0.0111    mrr@10 : 0.0074
Wed 11 Mar 2026 10:00:03 INFO  Saving current: saved\LRURec-Mar-11-2026_09-39-37.pth
Wed 11 Mar 2026 10:02:58 INFO  epoch 7 training [time: 175.45s, train loss: 1429.0971]
Wed 11 Mar 2026 10:02:58 INFO  epoch 7 evaluating [time: 0.11s, valid_score: 0.007800]
Wed 11 Mar 2026 10:02:58 INFO  valid result: 
hit@10 : 0.0266    ndcg@10 : 0.0122    mrr@10 : 0.0078
Wed 11 Mar 2026 10:02:58 INFO  Saving current: saved\LRURec-Mar-11-2026_09-39-37.pth
Wed 11 Mar 2026 10:05:56 INFO  epoch 8 training [time: 177.91s, train loss: 1373.0107]
Wed 11 Mar 2026 10:05:56 INFO  epoch 8 evaluating [time: 0.18s, valid_score: 0.007800]
Wed 11 Mar 2026 10:05:56 INFO  valid result: 
hit@10 : 0.028    ndcg@10 : 0.0125    mrr@10 : 0.0078
Wed 11 Mar 2026 10:05:56 INFO  Saving current: saved\LRURec-Mar-11-2026_09-39-37.pth
Wed 11 Mar 2026 10:08:53 INFO  epoch 9 training [time: 176.49s, train loss: 1320.2052]
Wed 11 Mar 2026 10:08:53 INFO  epoch 9 evaluating [time: 0.17s, valid_score: 0.008500]
Wed 11 Mar 2026 10:08:53 INFO  valid result: 
hit@10 : 0.0326    ndcg@10 : 0.0141    mrr@10 : 0.0085
Wed 11 Mar 2026 10:08:53 INFO  Saving current: saved\LRURec-Mar-11-2026_09-39-37.pth
Wed 11 Mar 2026 10:11:48 INFO  epoch 10 training [time: 174.56s, train loss: 1272.0344]
Wed 11 Mar 2026 10:11:48 INFO  epoch 10 evaluating [time: 0.22s, valid_score: 0.009300]
Wed 11 Mar 2026 10:11:48 INFO  valid result: 
hit@10 : 0.0317    ndcg@10 : 0.0145    mrr@10 : 0.0093
Wed 11 Mar 2026 10:11:48 INFO  Saving current: saved\LRURec-Mar-11-2026_09-39-37.pth
Wed 11 Mar 2026 10:14:45 INFO  epoch 11 training [time: 177.06s, train loss: 1227.2698]
Wed 11 Mar 2026 10:14:45 INFO  epoch 11 evaluating [time: 0.14s, valid_score: 0.009100]
Wed 11 Mar 2026 10:14:45 INFO  valid result: 
hit@10 : 0.0335    ndcg@10 : 0.0147    mrr@10 : 0.0091
Wed 11 Mar 2026 10:17:42 INFO  epoch 12 training [time: 176.58s, train loss: 1188.3045]
Wed 11 Mar 2026 10:17:42 INFO  epoch 12 evaluating [time: 0.15s, valid_score: 0.008600]
Wed 11 Mar 2026 10:17:42 INFO  valid result: 
hit@10 : 0.033    ndcg@10 : 0.0143    mrr@10 : 0.0086
Wed 11 Mar 2026 10:20:38 INFO  epoch 13 training [time: 175.99s, train loss: 1151.6656]
Wed 11 Mar 2026 10:20:38 INFO  epoch 13 evaluating [time: 0.11s, valid_score: 0.009300]
Wed 11 Mar 2026 10:20:38 INFO  valid result: 
hit@10 : 0.0321    ndcg@10 : 0.0146    mrr@10 : 0.0093
Wed 11 Mar 2026 10:20:38 INFO  Saving current: saved\LRURec-Mar-11-2026_09-39-37.pth
Wed 11 Mar 2026 10:23:30 INFO  epoch 14 training [time: 172.27s, train loss: 1121.9147]
Wed 11 Mar 2026 10:23:30 INFO  epoch 14 evaluating [time: 0.17s, valid_score: 0.008600]
Wed 11 Mar 2026 10:23:30 INFO  valid result: 
hit@10 : 0.0317    ndcg@10 : 0.014    mrr@10 : 0.0086
Wed 11 Mar 2026 10:26:29 INFO  epoch 15 training [time: 178.37s, train loss: 1094.1345]
Wed 11 Mar 2026 10:26:29 INFO  epoch 15 evaluating [time: 0.18s, valid_score: 0.008900]
Wed 11 Mar 2026 10:26:29 INFO  valid result: 
hit@10 : 0.033    ndcg@10 : 0.0144    mrr@10 : 0.0089
Wed 11 Mar 2026 10:29:26 INFO  epoch 16 training [time: 177.32s, train loss: 1073.3160]
Wed 11 Mar 2026 10:29:27 INFO  epoch 16 evaluating [time: 0.21s, valid_score: 0.008900]
Wed 11 Mar 2026 10:29:27 INFO  valid result: 
hit@10 : 0.0317    ndcg@10 : 0.0142    mrr@10 : 0.0089
Wed 11 Mar 2026 10:32:22 INFO  epoch 17 training [time: 175.70s, train loss: 1054.3584]
Wed 11 Mar 2026 10:32:22 INFO  epoch 17 evaluating [time: 0.17s, valid_score: 0.008200]
Wed 11 Mar 2026 10:32:22 INFO  valid result: 
hit@10 : 0.0317    ndcg@10 : 0.0136    mrr@10 : 0.0082
Wed 11 Mar 2026 10:35:15 INFO  epoch 18 training [time: 172.94s, train loss: 1035.0040]
Wed 11 Mar 2026 10:35:15 INFO  epoch 18 evaluating [time: 0.11s, valid_score: 0.008800]
Wed 11 Mar 2026 10:35:15 INFO  valid result: 
hit@10 : 0.0312    ndcg@10 : 0.014    mrr@10 : 0.0088
Wed 11 Mar 2026 10:38:13 INFO  epoch 19 training [time: 177.80s, train loss: 1017.2779]
Wed 11 Mar 2026 10:38:13 INFO  epoch 19 evaluating [time: 0.18s, valid_score: 0.008200]
Wed 11 Mar 2026 10:38:13 INFO  valid result: 
hit@10 : 0.028    ndcg@10 : 0.0128    mrr@10 : 0.0082
Wed 11 Mar 2026 10:41:10 INFO  epoch 20 training [time: 176.41s, train loss: 1004.0337]
Wed 11 Mar 2026 10:41:10 INFO  epoch 20 evaluating [time: 0.12s, valid_score: 0.008000]
Wed 11 Mar 2026 10:41:10 INFO  valid result: 
hit@10 : 0.033    ndcg@10 : 0.0138    mrr@10 : 0.008
Wed 11 Mar 2026 10:44:05 INFO  epoch 21 training [time: 175.45s, train loss: 989.1012]
Wed 11 Mar 2026 10:44:06 INFO  epoch 21 evaluating [time: 0.17s, valid_score: 0.009000]
Wed 11 Mar 2026 10:44:06 INFO  valid result: 
hit@10 : 0.033    ndcg@10 : 0.0145    mrr@10 : 0.009
Wed 11 Mar 2026 10:47:01 INFO  epoch 22 training [time: 175.31s, train loss: 976.1004]
Wed 11 Mar 2026 10:47:01 INFO  epoch 22 evaluating [time: 0.17s, valid_score: 0.008500]
Wed 11 Mar 2026 10:47:01 INFO  valid result: 
hit@10 : 0.0298    ndcg@10 : 0.0134    mrr@10 : 0.0085
Wed 11 Mar 2026 10:50:00 INFO  epoch 23 training [time: 179.04s, train loss: 965.6870]
Wed 11 Mar 2026 10:50:00 INFO  epoch 23 evaluating [time: 0.13s, valid_score: 0.009100]
Wed 11 Mar 2026 10:50:00 INFO  valid result: 
hit@10 : 0.0321    ndcg@10 : 0.0144    mrr@10 : 0.0091
Wed 11 Mar 2026 10:52:58 INFO  epoch 24 training [time: 177.31s, train loss: 956.0728]
Wed 11 Mar 2026 10:52:58 INFO  epoch 24 evaluating [time: 0.20s, valid_score: 0.008000]
Wed 11 Mar 2026 10:52:58 INFO  valid result: 
hit@10 : 0.028    ndcg@10 : 0.0126    mrr@10 : 0.008
Wed 11 Mar 2026 10:52:58 INFO  Finished training, best eval result in epoch 13
Wed 11 Mar 2026 10:52:58 INFO  Loading model structure and parameters from saved\LRURec-Mar-11-2026_09-39-37.pth
Wed 11 Mar 2026 10:52:59 INFO  The running environment of this training is as follows:
+-------------+----------------+
| Environment |     Usage      |
+=============+================+
| CPU         |     7.10 %     |
+-------------+----------------+
| GPU         | 0.29 G/6.00 G  |
+-------------+----------------+
| Memory      | 0.71 G/15.63 G |
+-------------+----------------+
Wed 11 Mar 2026 10:52:59 INFO  best valid : OrderedDict([('hit@10', 0.0321), ('ndcg@10', 0.0146), ('mrr@10', 0.0093)])
Wed 11 Mar 2026 10:52:59 INFO  test result: OrderedDict([('hit@10', 0.0252), ('ndcg@10', 0.0117), ('mrr@10', 0.0076)])
Wed 11 Mar 2026 10:52:59 WARNING  command line args [--models lrurec --datasets amazon-sports-5core-longseq-full --seeds 42,2023,2024 --device gpu --output results/recbole_sportslong_full.json] will not be used in RecBole
Wed 11 Mar 2026 10:52:59 INFO  ['scripts/run_grid.py', '--models', 'lrurec', '--datasets', 'amazon-sports-5core-longseq-full', '--seeds', '42,2023,2024', '--device', 'gpu', '--output', 'results/recbole_sportslong_full.json']
Wed 11 Mar 2026 10:52:59 INFO  
General Hyper Parameters:
gpu_id = 0
use_gpu = True
seed = 2024
state = INFO
reproducibility = True
data_path = data/amazon\amazon-sports-5core-longseq
checkpoint_dir = saved
show_progress = True
save_dataset = False
dataset_save_path = None
save_dataloaders = False
dataloaders_save_path = None
log_wandb = False

Training Hyper Parameters:
epochs = 100
train_batch_size = 256
learner = adam
learning_rate = 0.001
train_neg_sample_args = {'distribution': 'none', 'sample_num': 'none', 'alpha': 'none', 'dynamic': False, 'candidate_num': 0}
eval_step = 1
stopping_step = 10
clip_grad_norm = None
weight_decay = 0.0
loss_decimal_place = 4

Evaluation Hyper Parameters:
eval_args = {'split': {'LS': 'valid_and_test'}, 'order': 'TO', 'group_by': 'user', 'mode': {'valid': 'full', 'test': 'full'}}
repeatable = True
metrics = ['Hit', 'NDCG', 'MRR']
topk = [10]
valid_metric = MRR@10
valid_metric_bigger = True
eval_batch_size = 512
metric_decimal_place = 4

Dataset Hyper Parameters:
field_separator = 	
seq_separator =  
USER_ID_FIELD = user_id
ITEM_ID_FIELD = item_id
RATING_FIELD = rating
TIME_FIELD = timestamp
seq_len = None
LABEL_FIELD = label
threshold = None
NEG_PREFIX = neg_
load_col = {'inter': ['user_id', 'item_id', 'rating', 'timestamp']}
unload_col = None
unused_col = None
additional_feat_suffix = None
rm_dup_inter = None
val_interval = None
filter_inter_by_user_or_item = True
user_inter_num_interval = [0,inf)
item_inter_num_interval = [0,inf)
alias_of_user_id = None
alias_of_item_id = None
alias_of_entity_id = None
alias_of_relation_id = None
preload_weight = None
normalize_field = None
normalize_all = None
ITEM_LIST_LENGTH_FIELD = item_length
LIST_SUFFIX = _list
MAX_ITEM_LIST_LENGTH = 32
POSITION_FIELD = position_id
HEAD_ENTITY_ID_FIELD = head_id
TAIL_ENTITY_ID_FIELD = tail_id
RELATION_ID_FIELD = relation_id
ENTITY_ID_FIELD = entity_id
benchmark_filename = None

Other Hyper Parameters: 
worker = 0
wandb_project = recbole
shuffle = True
require_pow = False
enable_amp = False
enable_scaler = False
transform = None
numerical_features = []
discretization = None
kg_reverse_r = False
entity_kg_num_interval = [0,inf)
relation_kg_num_interval = [0,inf)
MODEL_TYPE = ModelType.SEQUENTIAL
model_name = LRURec
hidden_size = 64
num_layers = 2
hidden_dropout_prob = 0.5
initializer_range = 0.02
ffn_hidden_size = 256
loss_type = CE
early_stop = 10
neg_sampling = None
device = cuda
MODEL_INPUT_TYPE = InputType.POINTWISE
eval_type = EvaluatorType.RANKING
single_spec = True
local_rank = 0
valid_neg_sample_args = {'distribution': 'uniform', 'sample_num': 'none'}
test_neg_sample_args = {'distribution': 'uniform', 'sample_num': 'none'}


Wed 11 Mar 2026 10:52:59 INFO  amazon-sports-5core-longseq
The number of users: 2181
Average actions of users: 25.74678899082569
The number of items: 14556
Average actions of items: 3.8562693232566128
The number of inters: 56128
The sparsity of the dataset: 99.82320016520806%
Remain Fields: ['user_id', 'item_id', 'rating', 'timestamp']
Wed 11 Mar 2026 10:53:00 INFO  [Training]: train_batch_size = [256] train_neg_sample_args: [{'distribution': 'none', 'sample_num': 'none', 'alpha': 'none', 'dynamic': False, 'candidate_num': 0}]
Wed 11 Mar 2026 10:53:00 INFO  [Evaluation]: eval_batch_size = [512] eval_args: [{'split': {'LS': 'valid_and_test'}, 'order': 'TO', 'group_by': 'user', 'mode': {'valid': 'full', 'test': 'full'}}]
Wed 11 Mar 2026 10:53:00 INFO  LRURec(
  (item_embedding): Embedding(14556, 64, padding_idx=0)
  (pos_embedding): Embedding(32, 64)
  (dropout): Dropout(p=0.5, inplace=False)
  (layer_norm): LayerNorm((64,), eps=1e-05, elementwise_affine=True)
  (layers): ModuleList(
    (0-1): 2 x LRUBlock(
      (dropout): Dropout(p=0.5, inplace=False)
      (norm1): LayerNorm((64,), eps=1e-05, elementwise_affine=True)
      (norm2): LayerNorm((64,), eps=1e-05, elementwise_affine=True)
      (ffn): Sequential(
        (0): Linear(in_features=64, out_features=256, bias=True)
        (1): GELU(approximate='none')
        (2): Dropout(p=0.5, inplace=False)
        (3): Linear(in_features=256, out_features=64, bias=True)
        (4): Dropout(p=0.5, inplace=False)
      )
    )
  )
  (loss_fct): CrossEntropyLoss()
)
Trainable parameters: 1041792
Wed 11 Mar 2026 10:53:00 INFO  FLOPs: 2121728.0
Wed 11 Mar 2026 10:55:54 INFO  epoch 0 training [time: 174.07s, train loss: 1818.2067]
Wed 11 Mar 2026 10:55:55 INFO  epoch 0 evaluating [time: 0.22s, valid_score: 0.004800]
Wed 11 Mar 2026 10:55:55 INFO  valid result: 
hit@10 : 0.0115    ndcg@10 : 0.0063    mrr@10 : 0.0048
Wed 11 Mar 2026 10:55:55 INFO  Saving current: saved\LRURec-Mar-11-2026_10-53-00.pth
Wed 11 Mar 2026 10:58:50 INFO  epoch 1 training [time: 175.26s, train loss: 1751.2600]
Wed 11 Mar 2026 10:58:50 INFO  epoch 1 evaluating [time: 0.19s, valid_score: 0.004700]
Wed 11 Mar 2026 10:58:50 INFO  valid result: 
hit@10 : 0.0128    ndcg@10 : 0.0065    mrr@10 : 0.0047
Wed 11 Mar 2026 11:01:48 INFO  epoch 2 training [time: 177.60s, train loss: 1711.5539]
Wed 11 Mar 2026 11:01:48 INFO  epoch 2 evaluating [time: 0.19s, valid_score: 0.005900]
Wed 11 Mar 2026 11:01:48 INFO  valid result: 
hit@10 : 0.0188    ndcg@10 : 0.0089    mrr@10 : 0.0059
Wed 11 Mar 2026 11:01:48 INFO  Saving current: saved\LRURec-Mar-11-2026_10-53-00.pth
Wed 11 Mar 2026 11:04:44 INFO  epoch 3 training [time: 176.03s, train loss: 1657.0773]
Wed 11 Mar 2026 11:04:44 INFO  epoch 3 evaluating [time: 0.12s, valid_score: 0.007600]
Wed 11 Mar 2026 11:04:44 INFO  valid result: 
hit@10 : 0.0234    ndcg@10 : 0.0113    mrr@10 : 0.0076
Wed 11 Mar 2026 11:04:44 INFO  Saving current: saved\LRURec-Mar-11-2026_10-53-00.pth
Wed 11 Mar 2026 11:07:36 INFO  epoch 4 training [time: 171.96s, train loss: 1599.6023]
Wed 11 Mar 2026 11:07:36 INFO  epoch 4 evaluating [time: 0.11s, valid_score: 0.007300]
Wed 11 Mar 2026 11:07:36 INFO  valid result: 
hit@10 : 0.0225    ndcg@10 : 0.0108    mrr@10 : 0.0073
Wed 11 Mar 2026 11:10:33 INFO  epoch 5 training [time: 177.30s, train loss: 1542.9250]
Wed 11 Mar 2026 11:10:34 INFO  epoch 5 evaluating [time: 0.14s, valid_score: 0.008300]
Wed 11 Mar 2026 11:10:34 INFO  valid result: 
hit@10 : 0.0243    ndcg@10 : 0.012    mrr@10 : 0.0083
Wed 11 Mar 2026 11:10:34 INFO  Saving current: saved\LRURec-Mar-11-2026_10-53-00.pth
Wed 11 Mar 2026 11:13:31 INFO  epoch 6 training [time: 177.19s, train loss: 1484.2418]
Wed 11 Mar 2026 11:13:31 INFO  epoch 6 evaluating [time: 0.22s, valid_score: 0.007800]
Wed 11 Mar 2026 11:13:31 INFO  valid result: 
hit@10 : 0.0248    ndcg@10 : 0.0118    mrr@10 : 0.0078
Wed 11 Mar 2026 11:16:30 INFO  epoch 7 training [time: 179.40s, train loss: 1426.0839]
Wed 11 Mar 2026 11:16:31 INFO  epoch 7 evaluating [time: 0.19s, valid_score: 0.007600]
Wed 11 Mar 2026 11:16:31 INFO  valid result: 
hit@10 : 0.0261    ndcg@10 : 0.0119    mrr@10 : 0.0076
Wed 11 Mar 2026 11:19:27 INFO  epoch 8 training [time: 175.97s, train loss: 1368.3084]
Wed 11 Mar 2026 11:19:27 INFO  epoch 8 evaluating [time: 0.18s, valid_score: 0.007200]
Wed 11 Mar 2026 11:19:27 INFO  valid result: 
hit@10 : 0.0257    ndcg@10 : 0.0115    mrr@10 : 0.0072
Wed 11 Mar 2026 11:22:26 INFO  epoch 9 training [time: 179.22s, train loss: 1313.1819]
Wed 11 Mar 2026 11:22:26 INFO  epoch 9 evaluating [time: 0.11s, valid_score: 0.007000]
Wed 11 Mar 2026 11:22:26 INFO  valid result: 
hit@10 : 0.0243    ndcg@10 : 0.011    mrr@10 : 0.007
Wed 11 Mar 2026 11:25:25 INFO  epoch 10 training [time: 179.34s, train loss: 1264.5116]
Wed 11 Mar 2026 11:25:26 INFO  epoch 10 evaluating [time: 0.16s, valid_score: 0.007400]
Wed 11 Mar 2026 11:25:26 INFO  valid result: 
hit@10 : 0.0266    ndcg@10 : 0.0118    mrr@10 : 0.0074
Wed 11 Mar 2026 11:28:24 INFO  epoch 11 training [time: 178.24s, train loss: 1218.2119]
Wed 11 Mar 2026 11:28:24 INFO  epoch 11 evaluating [time: 0.13s, valid_score: 0.008200]
Wed 11 Mar 2026 11:28:24 INFO  valid result: 
hit@10 : 0.0275    ndcg@10 : 0.0127    mrr@10 : 0.0082
Wed 11 Mar 2026 11:32:12 INFO  epoch 12 training [time: 227.73s, train loss: 1180.5375]
Wed 11 Mar 2026 11:32:12 INFO  epoch 12 evaluating [time: 0.18s, valid_score: 0.006700]
Wed 11 Mar 2026 11:32:12 INFO  valid result: 
hit@10 : 0.0252    ndcg@10 : 0.011    mrr@10 : 0.0067
Wed 11 Mar 2026 11:35:20 INFO  epoch 13 training [time: 188.39s, train loss: 1147.7086]
Wed 11 Mar 2026 11:35:20 INFO  epoch 13 evaluating [time: 0.22s, valid_score: 0.006900]
Wed 11 Mar 2026 11:35:20 INFO  valid result: 
hit@10 : 0.0229    ndcg@10 : 0.0107    mrr@10 : 0.0069
Wed 11 Mar 2026 11:38:28 INFO  epoch 14 training [time: 187.79s, train loss: 1116.7133]
Wed 11 Mar 2026 11:38:28 INFO  epoch 14 evaluating [time: 0.16s, valid_score: 0.007500]
Wed 11 Mar 2026 11:38:28 INFO  valid result: 
hit@10 : 0.0275    ndcg@10 : 0.0121    mrr@10 : 0.0075
Wed 11 Mar 2026 11:41:38 INFO  epoch 15 training [time: 189.74s, train loss: 1089.0250]
Wed 11 Mar 2026 11:41:38 INFO  epoch 15 evaluating [time: 0.17s, valid_score: 0.007700]
Wed 11 Mar 2026 11:41:38 INFO  valid result: 
hit@10 : 0.0257    ndcg@10 : 0.0119    mrr@10 : 0.0077
Wed 11 Mar 2026 11:44:47 INFO  epoch 16 training [time: 188.75s, train loss: 1069.1110]
Wed 11 Mar 2026 11:44:47 INFO  epoch 16 evaluating [time: 0.19s, valid_score: 0.007700]
Wed 11 Mar 2026 11:44:47 INFO  valid result: 
hit@10 : 0.0248    ndcg@10 : 0.0118    mrr@10 : 0.0077
Wed 11 Mar 2026 11:44:47 INFO  Finished training, best eval result in epoch 5
Wed 11 Mar 2026 11:44:47 INFO  Loading model structure and parameters from saved\LRURec-Mar-11-2026_10-53-00.pth
Wed 11 Mar 2026 11:44:48 INFO  The running environment of this training is as follows:
+-------------+----------------+
| Environment |     Usage      |
+=============+================+
| CPU         |    10.30 %     |
+-------------+----------------+
| GPU         | 0.29 G/6.00 G  |
+-------------+----------------+
| Memory      | 0.71 G/15.63 G |
+-------------+----------------+
Wed 11 Mar 2026 11:44:48 INFO  best valid : OrderedDict([('hit@10', 0.0243), ('ndcg@10', 0.012), ('mrr@10', 0.0083)])
Wed 11 Mar 2026 11:44:48 INFO  test result: OrderedDict([('hit@10', 0.0138), ('ndcg@10', 0.0068), ('mrr@10', 0.0047)])
